
Gurobi 10.0.1 (win64) logging started Mon May  1 22:22:34 2023

Set parameter LogFile to value "logFiles/N-1L-C/N-1L-14U-23F-23V-240D-charterout.log"
Gurobi Optimizer version 10.0.1 build v10.0.1rc0 (win64)

CPU model: Intel(R) Core(TM) i7-10700 CPU @ 2.90GHz, instruction set [SSE2|AVX|AVX2]
Thread count: 8 physical cores, 16 logical processors, using up to 16 threads

Optimize a model with 282372 rows, 2241105 columns and 24005679 nonzeros
Model fingerprint: 0x4c9beab3
Variable types: 6588 continuous, 2234517 integer (2234517 binary)
Coefficient statistics:
  Matrix range     [1e+00, 2e+05]
  Objective range  [4e+01, 3e+07]
  Bounds range     [1e+00, 1e+00]
  RHS range        [1e+00, 3e+06]
Presolve removed 102949 rows and 54067 columns (presolve time = 5s) ...
Presolve removed 103318 rows and 54826 columns (presolve time = 10s) ...
Presolve removed 114896 rows and 151751 columns (presolve time = 15s) ...
Presolve removed 195409 rows and 154747 columns (presolve time = 20s) ...
Presolve removed 195460 rows and 154827 columns (presolve time = 25s) ...
Presolve removed 195630 rows and 155033 columns (presolve time = 30s) ...
Presolve removed 196148 rows and 155549 columns (presolve time = 35s) ...
Presolve removed 198594 rows and 158291 columns (presolve time = 40s) ...
Presolve removed 198594 rows and 158364 columns (presolve time = 45s) ...
Presolve removed 199247 rows and 158788 columns (presolve time = 50s) ...
Presolve removed 199064 rows and 158605 columns
Presolve time: 53.74s

Explored 0 nodes (0 simplex iterations) in 60.20 seconds (132.67 work units)
Thread count was 1 (of 16 available processors)

Solution count 0

Time limit reached
Best objective -, best bound -, gap -
IIS computation: initial model status unknown, solving to determine model status
Presolve removed 102949 rows and 54068 columns (presolve time = 5s) ...
Presolve removed 103318 rows and 54827 columns (presolve time = 10s) ...
Presolve removed 114978 rows and 153078 columns (presolve time = 15s) ...
Presolve removed 196794 rows and 156183 columns (presolve time = 20s) ...
Presolve removed 196819 rows and 156506 columns (presolve time = 25s) ...
Presolve removed 196963 rows and 156659 columns (presolve time = 30s) ...
Presolve removed 197233 rows and 156945 columns (presolve time = 35s) ...
Presolve removed 199814 rows and 159913 columns (presolve time = 40s) ...
Presolve removed 200436 rows and 160310 columns (presolve time = 45s) ...
Presolve removed 200437 rows and 160311 columns (presolve time = 50s) ...
Presolve removed 200245 rows and 160119 columns
Presolve time: 52.72s

Explored 0 nodes (0 simplex iterations) in 60.21 seconds (128.96 work units)
Thread count was 1 (of 16 available processors)

Solution count 0

Time limit reached
Best objective -, best bound -, gap -
IIS runtime: 60.30 seconds (128.96 work units)
