
Gurobi 10.0.1 (linux64) logging started Wed May 10 04:07:09 2023

Set parameter LogFile to value "logFiles/A-2L-C/A-2L-6U-8F-15V-120D-charterout.log"
Gurobi Optimizer version 10.0.1 build v10.0.1rc0 (linux64)

CPU model: Intel(R) Xeon(R) Gold 5115 CPU @ 2.40GHz, instruction set [SSE2|AVX|AVX2|AVX512]
Thread count: 20 physical cores, 40 logical processors, using up to 20 threads

Optimize a model with 42695 rows, 341871 columns and 3103670 nonzeros
Model fingerprint: 0xfbb568ca
Variable types: 1044 continuous, 340827 integer (340827 binary)
Coefficient statistics:
  Matrix range     [1e+00, 2e+05]
  Objective range  [4e+01, 3e+07]
  Bounds range     [1e+00, 1e+00]
  RHS range        [1e+00, 3e+06]
Presolve removed 30577 rows and 50893 columns (presolve time = 5s) ...
Presolve removed 30545 rows and 50861 columns
Presolve time: 8.66s
Presolved: 12150 rows, 291010 columns, 1442974 nonzeros
Variable types: 1051 continuous, 289959 integer (289946 binary)
Deterministic concurrent LP optimizer: primal simplex, dual simplex, and barrier
Showing barrier log only...

Root barrier log...

Ordering time: 1.34s

Barrier statistics:
 AA' NZ     : 7.218e+05
 Factor NZ  : 3.736e+06 (roughly 150 MB of memory)
 Factor Ops : 2.991e+09 (less than 1 second per iteration)
 Threads    : 17

                  Objective                Residual
Iter       Primal          Dual         Primal    Dual     Compl     Time
   0  -1.59633349e+16  1.10830377e+12  2.11e+09 4.17e+05  1.48e+11    13s
   1  -3.39587018e+15  1.76496737e+12  4.51e+08 4.43e+05  3.18e+10    13s
   2  -2.77559417e+14  1.82562979e+12  3.73e+07 1.51e-09  2.69e+09    13s
   3  -5.74801139e+12  9.80714325e+11  7.73e+05 1.86e-09  5.73e+07    13s
   4  -9.56323670e+11  3.84121047e+11  1.28e+05 1.40e-09  1.01e+07    13s
   5  -4.36547496e+11  3.24999098e+11  5.87e+04 1.22e-09  4.86e+06    13s
   6  -9.26069468e+10  2.19622956e+11  1.25e+04 4.89e-09  1.27e+06    13s
   7  -7.25436767e+10  1.49214354e+11  9.84e+03 8.61e-09  9.15e+05    13s
   8  -2.20965251e+10  1.26058508e+11  3.08e+03 1.20e-08  4.16e+05    14s
   9  -1.29172485e+10  3.13179504e+10  1.86e+03 7.45e-09  1.45e+05    14s
  10  -3.73168114e+09  1.11563057e+10  6.34e+02 5.59e-09  4.59e+04    14s
  11   2.65664704e+08  4.14393502e+09  1.05e+02 1.98e-09  9.79e+03    14s
  12   5.47742724e+08  3.19744952e+09  6.94e+01 2.79e-09  6.62e+03    14s
  13   8.00814843e+08  2.39513512e+09  3.80e+01 7.39e-09  3.89e+03    14s
  14   8.40995479e+08  2.33164358e+09  3.31e+01 7.93e-09  3.56e+03    14s
  15   9.00937275e+08  2.13134269e+09  2.59e+01 7.04e-09  2.90e+03    15s
  16   9.15034770e+08  2.01281899e+09  2.42e+01 8.27e-09  2.63e+03    15s
  17   9.77717131e+08  1.70191831e+09  1.67e+01 8.27e-09  1.75e+03    15s
  18   1.02335144e+09  1.60196766e+09  1.18e+01 1.09e-08  1.35e+03    15s
  19   1.05162660e+09  1.54209800e+09  9.07e+00 1.02e-08  1.11e+03    15s
  20   1.07806807e+09  1.42368185e+09  6.39e+00 8.79e-09  7.68e+02    15s
  21   1.10410860e+09  1.31768991e+09  3.51e+00 9.20e-09  4.53e+02    16s
  22   1.12214754e+09  1.26225055e+09  2.00e+00 9.31e-09  2.82e+02    16s
  23   1.12330162e+09  1.23817862e+09  1.84e+00 1.20e-08  2.31e+02    16s
  24   1.12652305e+09  1.23392228e+09  1.60e+00 1.12e-08  2.13e+02    16s
  25   1.13289990e+09  1.21757574e+09  1.11e+00 1.16e-08  1.62e+02    16s
  26   1.13702634e+09  1.19045775e+09  8.00e-01 1.19e-08  9.94e+01    16s
  27   1.13980709e+09  1.18820381e+09  6.46e-01 1.30e-08  8.90e+01    16s
  28   1.14580529e+09  1.17436195e+09  2.32e-01 9.31e-09  5.05e+01    17s
  29   1.14930138e+09  1.17058633e+09  1.26e-01 1.38e-08  3.72e+01    17s
  30   1.14981425e+09  1.16675597e+09  1.14e-01 9.68e-09  2.96e+01    17s
  31   1.15159292e+09  1.16550681e+09  7.74e-02 1.17e-08  2.42e+01    17s
  32   1.15202263e+09  1.16421919e+09  6.94e-02 1.40e-08  2.12e+01    17s
  33   1.15264196e+09  1.16358325e+09  5.92e-02 1.76e-08  1.90e+01    17s
  34   1.15471606e+09  1.16218701e+09  2.80e-02 1.43e-08  1.29e+01    17s
  35   1.15577747e+09  1.16039887e+09  1.76e-02 1.12e-08  8.01e+00    18s
  36   1.15642667e+09  1.15996940e+09  1.19e-02 1.49e-08  6.13e+00    18s
  37   1.15717270e+09  1.15930056e+09  5.95e-03 1.12e-08  3.68e+00    18s
  38   1.15743358e+09  1.15880253e+09  3.94e-03 7.78e-09  2.37e+00    18s
  39   1.15756423e+09  1.15837288e+09  3.01e-03 8.97e-09  1.41e+00    18s
  40   1.15773048e+09  1.15827861e+09  1.83e-03 1.02e-08  9.52e-01    18s
  41   1.15781123e+09  1.15822903e+09  1.29e-03 1.25e-08  7.25e-01    18s
  42   1.15789635e+09  1.15813265e+09  7.08e-04 1.46e-08  4.10e-01    18s
  43   1.15796460e+09  1.15808185e+09  2.62e-04 1.28e-08  2.03e-01    19s
  44   1.15796740e+09  1.15807311e+09  2.44e-04 1.38e-08  1.83e-01    19s
  45   1.15798478e+09  1.15804877e+09  1.32e-04 9.66e-09  1.11e-01    19s
  46   1.15800355e+09  1.15803260e+09  1.60e-05 1.27e-08  5.01e-02    19s
  47   1.15800585e+09  1.15801275e+09  5.57e-06 1.61e-08  1.19e-02    19s
  48   1.15800675e+09  1.15800894e+09  1.68e-06 2.24e-08  3.79e-03    19s
  49   1.15800699e+09  1.15800869e+09  8.54e-07 3.82e-08  2.95e-03    19s
  50   1.15800713e+09  1.15800731e+09  3.81e-07 1.42e-08  3.31e-04    20s
  51   1.15800724e+09  1.15800725e+09  8.21e-08 1.50e-08  2.66e-05    20s
  52   1.15800724e+09  1.15800724e+09  4.41e-09 1.72e-08  1.42e-06    20s
  53   1.15800724e+09  1.15800724e+09  6.62e-09 1.62e-08  1.72e-09    20s

Barrier solved model in 53 iterations and 20.02 seconds (20.01 work units)
Optimal objective 1.15800724e+09


Root crossover log...

    8960 DPushes remaining with DInf 0.0000000e+00                20s
       0 DPushes remaining with DInf 0.0000000e+00                20s

    1051 PPushes remaining with PInf 3.5735364e-06                20s
       0 PPushes remaining with PInf 0.0000000e+00                20s

  Push phase complete: Pinf 0.0000000e+00, Dinf 1.4111400e+04     20s


Root simplex log...

Iteration    Objective       Primal Inf.    Dual Inf.      Time
   10012    1.1580072e+09   0.000000e+00   1.411140e+04     20s
   10017    1.1580072e+09   0.000000e+00   0.000000e+00     20s
Concurrent spin time: 0.00s

Solved with barrier
   10018    1.1580072e+09   0.000000e+00   0.000000e+00     20s
Extra simplex iterations after uncrush: 1

Root relaxation: objective 1.158007e+09, 10018 iterations, 10.72 seconds (7.82 work units)

    Nodes    |    Current Node    |     Objective Bounds      |     Work
 Expl Unexpl |  Obj  Depth IntInf | Incumbent    BestBd   Gap | It/Node Time

     0     0 1.1580e+09    0  191          - 1.1580e+09      -     -   21s
     0     0 1.1578e+09    0  194          - 1.1578e+09      -     -   40s
     0     0 1.1577e+09    0  199          - 1.1577e+09      -     -   47s
     0     0 1.1567e+09    0  180          - 1.1567e+09      -     -   54s
     0     0 1.1567e+09    0  180          - 1.1567e+09      -     -   55s
     0     0 1.1567e+09    0  169          - 1.1567e+09      -     -   58s
     0     0 1.1567e+09    0  191          - 1.1567e+09      -     -   61s
     0     0 1.1567e+09    0  173          - 1.1567e+09      -     -   62s
     0     0 1.1567e+09    0  215          - 1.1567e+09      -     -   65s
     0     0 1.1567e+09    0  225          - 1.1567e+09      -     -   67s
     0     0 1.1567e+09    0  167          - 1.1567e+09      -     -   70s
     0     0 1.1567e+09    0  177          - 1.1567e+09      -     -   71s
     0     0 1.1567e+09    0  209          - 1.1567e+09      -     -   74s
     0     0 1.1567e+09    0  208          - 1.1567e+09      -     -   75s
     0     0 1.1567e+09    0  203          - 1.1567e+09      -     -   76s
     0     0 1.1567e+09    0  203          - 1.1567e+09      -     -   77s
     0     0 1.1567e+09    0  212          - 1.1567e+09      -     -   79s
     0     0 1.1567e+09    0  212          - 1.1567e+09      -     -   80s
     0     0 1.1567e+09    0  208          - 1.1567e+09      -     -   82s
     0     0 1.1567e+09    0  204          - 1.1567e+09      -     -   86s
H    0     0                    1.139027e+09 1.1567e+09  1.55%     -  110s
H    0     0                    1.141829e+09 1.1567e+09  1.30%     -  121s
H    0     0                    1.141842e+09 1.1567e+09  1.30%     -  125s
H    0     2                    1.142557e+09 1.1567e+09  1.24%     -  163s
     0     2 1.1567e+09    0  200 1.1426e+09 1.1567e+09  1.24%     -  163s
     1     4 1.1567e+09    1  202 1.1426e+09 1.1567e+09  1.24%  8323  168s
     3     8 1.1567e+09    2  210 1.1426e+09 1.1567e+09  1.24%  2898  175s
     7    16 1.1567e+09    3  248 1.1426e+09 1.1567e+09  1.24%  1679  184s
    15    32 1.1567e+09    4  244 1.1426e+09 1.1567e+09  1.24%  1130  199s
H   31    52                    1.147042e+09 1.1567e+09  0.84%   984  363s
H   32    52                    1.147270e+09 1.1567e+09  0.82%   964  364s
H   34    52                    1.147421e+09 1.1567e+09  0.81%   973  365s
H   43    52                    1.147439e+09 1.1567e+09  0.81%   918  365s
H   47    52                    1.148403e+09 1.1567e+09  0.72%   879  366s
H   51    72                    1.148437e+09 1.1567e+09  0.72%   896  499s
H   52    72                    1.149678e+09 1.1567e+09  0.61%   881  500s
    71    92 1.1567e+09    6  236 1.1497e+09 1.1567e+09  0.61%   792  511s
    91   112 1.1567e+09    7  226 1.1497e+09 1.1567e+09  0.61%   731  520s
   111   140 1.1567e+09    7  209 1.1497e+09 1.1567e+09  0.61%   666  534s
   139   220 1.1567e+09    8  207 1.1497e+09 1.1567e+09  0.61%   606  574s
   219   375 1.1565e+09   10  173 1.1497e+09 1.1567e+09  0.61%   688  634s
   384   547 1.1565e+09   13  149 1.1497e+09 1.1567e+09  0.61%   639  687s
   587   703 1.1564e+09   18  139 1.1497e+09 1.1567e+09  0.61%   517  730s
   788   889 1.1565e+09   24  161 1.1497e+09 1.1567e+09  0.61%   453  773s
  1024  1113 1.1565e+09   29  145 1.1497e+09 1.1567e+09  0.61%   398  809s
  1277  1339 1.1565e+09   44  139 1.1497e+09 1.1567e+09  0.61%   359  851s
  1526  1597 1.1565e+09   55  140 1.1497e+09 1.1567e+09  0.61%   333  885s
  1784  1854 1.1564e+09   63  132 1.1497e+09 1.1567e+09  0.61%   312  921s
  2043  2192 1.1564e+09   77  132 1.1497e+09 1.1567e+09  0.61%   295  957s
  2383  2564 1.1564e+09  103  129 1.1497e+09 1.1567e+09  0.61%   272  990s
  2769  3012 1.1564e+09  118  128 1.1497e+09 1.1567e+09  0.61%   251 1024s
H 3227  3031                    1.149693e+09 1.1567e+09  0.61%   230 1179s
H 3228  3029                    1.149734e+09 1.1567e+09  0.61%   230 1179s
H 3232  3023                    1.149936e+09 1.1567e+09  0.59%   230 1180s
H 3241  3021                    1.150237e+09 1.1567e+09  0.56%   230 1181s
  3247  3482 1.1564e+09  156  123 1.1502e+09 1.1567e+09  0.56%   229 1216s
  3739  3897 1.1563e+09  166  144 1.1502e+09 1.1567e+09  0.56%   213 1252s
  4195  4432 1.1563e+09  185  115 1.1502e+09 1.1567e+09  0.56%   202 1285s
H 4731  5010                    1.150244e+09 1.1567e+09  0.56%   188 1319s
  5311  5657 1.1563e+09  233  101 1.1502e+09 1.1567e+09  0.56%   174 1353s
  5961  6208 1.1563e+09  258  126 1.1502e+09 1.1567e+09  0.56%   162 1386s
  6512  6764 1.1563e+09  275  125 1.1502e+09 1.1567e+09  0.56%   155 1422s
  7068  7454 1.1563e+09  288  126 1.1502e+09 1.1567e+09  0.56%   149 1458s
  7765  8228 1.1563e+09  304  124 1.1502e+09 1.1567e+09  0.56%   142 1494s
  8541  9013 1.1563e+09  322  132 1.1502e+09 1.1567e+09  0.56%   134 1530s
  9356  9850 1.1562e+09  337  135 1.1502e+09 1.1567e+09  0.56%   126 1568s
 10220 10793 1.1562e+09  352  120 1.1502e+09 1.1567e+09  0.56%   119 1606s
 11189 11758 1.1562e+09  375  117 1.1502e+09 1.1567e+09  0.56%   112 1645s
 12177 11759 1.1564e+09   53  204 1.1502e+09 1.1567e+09  0.56%   107 6897s
H12178 11172                    1.150263e+09 1.1567e+09  0.56%   107 6931s
 12179 11172 1.1564e+09  203  197 1.1503e+09 1.1567e+09  0.56%   107 6935s
 12180 11173 1.1543e+09 1165  206 1.1503e+09 1.1567e+09  0.56%   107 6998s
H12180 10614                    1.150266e+09 1.1567e+09  0.56%   107 7005s
 12182 10615 1.1557e+09  168  228 1.1503e+09 1.1567e+09  0.56%   107 7015s
 12184 10617 1.1561e+09  567  227 1.1503e+09 1.1567e+09  0.56%   107 7020s
 12185 10617 1.1559e+09  182  228 1.1503e+09 1.1567e+09  0.56%   107 7025s
 12186 10618 1.1558e+09 1168  212 1.1503e+09 1.1567e+09  0.56%   107 7060s
 12187 10619 1.1560e+09   57  275 1.1503e+09 1.1566e+09  0.55%   107 7070s
 12189 10620 1.1562e+09  518  285 1.1503e+09 1.1566e+09  0.55%   107 7079s
 12190 10621 1.1558e+09  483  260 1.1503e+09 1.1566e+09  0.55%   107 7083s
 12191 10621 1.1554e+09  595  246 1.1503e+09 1.1566e+09  0.55%   107 7086s
 12192 10622 1.1554e+09  683  253 1.1503e+09 1.1566e+09  0.55%   107 7092s
 12193 10623 1.1562e+09  420  245 1.1503e+09 1.1566e+09  0.55%   107 7133s
 12194 10623 1.1558e+09  117  230 1.1503e+09 1.1566e+09  0.55%   107 7137s
 12195 10624 1.1562e+09  251  231 1.1503e+09 1.1566e+09  0.55%   107 7142s
 12196 10625 1.1550e+09  537  231 1.1503e+09 1.1566e+09  0.55%   107 7145s
 12198 10626 1.1554e+09   10  241 1.1503e+09 1.1566e+09  0.55%   107 7155s
 12199 10627 1.1564e+09   74  235 1.1503e+09 1.1566e+09  0.55%   107 7170s
 12201 10628 1.1560e+09  630  234 1.1503e+09 1.1566e+09  0.55%   107 7178s
 12202 10629 1.1559e+09   86  236 1.1503e+09 1.1566e+09  0.55%   107 7181s
 12204 10630 1.1561e+09  541  262 1.1503e+09 1.1566e+09  0.55%   107 7190s
 12205 10631 1.1565e+09   35  225 1.1503e+09 1.1566e+09  0.55%   107 7212s
 12206 10631 1.1564e+09   54  259 1.1503e+09 1.1566e+09  0.55%   107 7216s
 12208 10633 1.1557e+09  168  258 1.1503e+09 1.1566e+09  0.55%   107 7223s
 12209 10633 1.1556e+09  263  249 1.1503e+09 1.1566e+09  0.55%   107 7249s
 12210 10634 1.1556e+09  183  264 1.1503e+09 1.1566e+09  0.55%   107 7252s
 12211 10635 1.1562e+09  589  242 1.1503e+09 1.1566e+09  0.55%   107 7269s
 12212 10635 1.1561e+09  547  256 1.1503e+09 1.1566e+09  0.55%   107 7272s
 12213 10636 1.1563e+09  388  257 1.1503e+09 1.1566e+09  0.55%   107 7278s
 12214 10637 1.1554e+09  887  263 1.1503e+09 1.1566e+09  0.55%   106 7281s
 12216 10638 1.1556e+09  441  292 1.1503e+09 1.1566e+09  0.55%   106 7285s
 12218 10639 1.1558e+09  195  255 1.1503e+09 1.1566e+09  0.55%   106 7295s
 12220 10641 1.1559e+09  185  271 1.1503e+09 1.1566e+09  0.55%   106 7303s
 12223 10644 1.1555e+09  710  204 1.1503e+09 1.1566e+09  0.55%   122 7307s
H12224 10112                    1.150266e+09 1.1566e+09  0.55%   122 7340s
H12225  9607                    1.150272e+09 1.1566e+09  0.55%   122 7357s
 12226  9608 1.1559e+09  217  200 1.1503e+09 1.1566e+09  0.55%   122 7406s
H12226  9127                    1.150295e+09 1.1566e+09  0.55%   122 7420s
 12228  9128 1.1564e+09  137  213 1.1503e+09 1.1566e+09  0.55%   122 7426s
 12229  9129 1.1563e+09  114  241 1.1503e+09 1.1566e+09  0.55%   122 7432s
 12230  9130 1.1561e+09  699  243 1.1503e+09 1.1566e+09  0.55%   122 7438s
 12231  9130 1.1555e+09   60  236 1.1503e+09 1.1566e+09  0.55%   122 7445s
 12232  9131 1.1563e+09  293  238 1.1503e+09 1.1566e+09  0.55%   122 7451s
 12233  9132 1.1561e+09  564  239 1.1503e+09 1.1566e+09  0.55%   122 7456s
 12234  9132 1.1514e+09  255  253 1.1503e+09 1.1566e+09  0.55%   122 7503s
 12235  9133 1.1560e+09   79  261 1.1503e+09 1.1566e+09  0.55%   122 7510s
 12236  9134 1.1562e+09  702  243 1.1503e+09 1.1566e+09  0.55%   122 7539s
H12236  8677                    1.150342e+09 1.1566e+09  0.54%   122 7541s
 12238  8678 1.1544e+09  489  246 1.1503e+09 1.1566e+09  0.54%   122 7552s
 12239  8679 1.1552e+09  139  257 1.1503e+09 1.1566e+09  0.54%   122 7558s
 12240  8679 1.1559e+09  445  270 1.1503e+09 1.1566e+09  0.54%   122 7565s
 12241  8680 1.1564e+09  210  272 1.1503e+09 1.1566e+09  0.54%   122 7570s
 12242  8681 1.1564e+09   70  264 1.1503e+09 1.1566e+09  0.54%   122 7609s
 12243  8681 1.1558e+09 1031  261 1.1503e+09 1.1566e+09  0.54%   122 7612s
 12244  8682 1.1555e+09  156  266 1.1503e+09 1.1566e+09  0.54%   122 7619s
 12245  8683 1.1563e+09  150  257 1.1503e+09 1.1566e+09  0.54%   122 7623s
 12246  8683 1.1557e+09  143  268 1.1503e+09 1.1566e+09  0.54%   122 7629s
 12247  8684 1.1558e+09  152  275 1.1503e+09 1.1566e+09  0.54%   122 7634s
 12248  8685 1.1546e+09   42  276 1.1503e+09 1.1566e+09  0.54%   122 7640s
 12250  8686 1.1555e+09  917  277 1.1503e+09 1.1566e+09  0.54%   122 7652s
 12251  8687 1.1546e+09 1049  276 1.1503e+09 1.1566e+09  0.54%   122 7670s
 12252  8687 1.1562e+09  365  276 1.1503e+09 1.1566e+09  0.54%   122 7743s
 12253  8691 1.1566e+09   30  278 1.1503e+09 1.1566e+09  0.54%   138 7762s
 12255  8694 1.1566e+09   31  282 1.1503e+09 1.1566e+09  0.54%   138 7791s
 12259  8701 1.1566e+09   32  271 1.1503e+09 1.1566e+09  0.54%   139 7817s
 12267  8714 1.1566e+09   33  294 1.1503e+09 1.1566e+09  0.54%   140 7846s
H12283  8294                    1.150372e+09 1.1566e+09  0.54%   142 8008s
H12285  7880                    1.150399e+09 1.1566e+09  0.54%   142 8009s
H12289  7487                    1.150454e+09 1.1566e+09  0.53%   142 8009s
H12290  7114                    1.150470e+09 1.1566e+09  0.53%   143 8010s
H12296  6758                    1.150747e+09 1.1566e+09  0.51%   143 8010s
 12303  6775 1.1566e+09   35  278 1.1507e+09 1.1566e+09  0.51%   144 8031s
 12323  6789 1.1566e+09   35  228 1.1507e+09 1.1566e+09  0.51%   146 8054s
 12343  6802 1.1566e+09   36  275 1.1507e+09 1.1566e+09  0.51%   148 8093s
H12348  6463                    1.150747e+09 1.1566e+09  0.51%   148 8093s
 12363  6483 1.1565e+09   36  220 1.1507e+09 1.1566e+09  0.51%   149 8114s
 12388  6500 1.1566e+09   37  276 1.1507e+09 1.1566e+09  0.51%   150 8133s
 12413  6520 1.1565e+09   37  228 1.1507e+09 1.1566e+09  0.51%   151 8161s
 12441  6538 1.1566e+09   38  260 1.1507e+09 1.1566e+09  0.51%   153 8184s
 12469  6553 1.1566e+09   39  270 1.1507e+09 1.1566e+09  0.51%   154 8200s
 12493  6572 1.1565e+09   39  245 1.1507e+09 1.1566e+09  0.51%   156 8224s
 12520  6585 1.1564e+09   40  271 1.1507e+09 1.1566e+09  0.51%   158 8254s
 12542  6608 1.1561e+09   40  273 1.1507e+09 1.1566e+09  0.51%   160 8281s
 12572  6632 1.1564e+09   41  277 1.1507e+09 1.1566e+09  0.51%   162 8303s
 12606  6652 1.1559e+09   41  239 1.1507e+09 1.1566e+09  0.51%   163 8329s
 12642  6672 1.1564e+09   42  270 1.1507e+09 1.1566e+09  0.51%   165 8352s
 12677  6691 1.1564e+09   42  235 1.1507e+09 1.1566e+09  0.51%   167 8375s
 12712  6722 1.1564e+09   43  277 1.1507e+09 1.1566e+09  0.51%   168 8404s
 12760  6749 1.1564e+09   44  281 1.1507e+09 1.1566e+09  0.51%   170 8427s
 12809  6778 1.1564e+09   45  256 1.1507e+09 1.1566e+09  0.51%   170 8461s
 12860  6808 1.1564e+09   46  256 1.1507e+09 1.1566e+09  0.51%   172 8490s
 12912  6834 1.1564e+09   47  281 1.1507e+09 1.1566e+09  0.51%   173 8514s
 12956  6871 1.1564e+09   47  243 1.1507e+09 1.1566e+09  0.51%   175 8541s
 13007  6874 1.1564e+09   48  267 1.1507e+09 1.1566e+09  0.51%   177 8702s
H13009  6553                    1.150747e+09 1.1566e+09  0.51%   177 8703s
H13010  6250                    1.150752e+09 1.1566e+09  0.50%   177 8704s
 13027  6306 1.1564e+09   48  213 1.1508e+09 1.1566e+09  0.50%   177 8732s
 13089  6340 1.1559e+09   49  195 1.1508e+09 1.1566e+09  0.50%   178 8764s
 13144  6391 1.1564e+09   50  227 1.1508e+09 1.1566e+09  0.50%   180 8796s
 13216  6439 1.1559e+09   51  207 1.1508e+09 1.1566e+09  0.50%   181 8822s
 13297  6492 1.1564e+09   53  247 1.1508e+09 1.1566e+09  0.50%   182 8852s
 13380  6576 1.1562e+09   54  215 1.1508e+09 1.1566e+09  0.50%   182 8883s
 13498  6652 1.1557e+09   56  231 1.1508e+09 1.1566e+09  0.50%   184 8912s
 13622  6729 1.1561e+09   57  212 1.1508e+09 1.1566e+09  0.50%   185 8943s
 13753  6828 1.1563e+09   59  227 1.1508e+09 1.1566e+09  0.50%   187 8972s
 13909  6923 1.1563e+09   60  239 1.1508e+09 1.1566e+09  0.50%   188 9003s
 14070  6934 1.1563e+09   61  209 1.1508e+09 1.1566e+09  0.50%   189 9041s
 14150  7062 1.1563e+09   63  255 1.1508e+09 1.1566e+09  0.50%   189 9080s
 14321  7179 1.1563e+09   65  208 1.1508e+09 1.1566e+09  0.50%   191 9112s
 14509  7311 1.1563e+09   67  202 1.1508e+09 1.1566e+09  0.50%   191 9147s
 14726  7431 1.1563e+09   69  200 1.1508e+09 1.1566e+09  0.50%   192 9191s
 14942  7462 1.1563e+09   71  212 1.1508e+09 1.1566e+09  0.50%   192 9225s
H15073  7149                    1.150777e+09 1.1566e+09  0.50%   193 9369s
 15093  7409 1.1563e+09   73  200 1.1508e+09 1.1566e+09  0.50%   193 9409s
 15388  7610 1.1561e+09   74  201 1.1508e+09 1.1566e+09  0.50%   193 9446s
 15712  7745 1.1563e+09   76  205 1.1508e+09 1.1566e+09  0.50%   192 9581s
H15845  7427                    1.150777e+09 1.1566e+09  0.50%   193 9581s
 15977  7820 1.1558e+09   79  164 1.1508e+09 1.1566e+09  0.50%   192 9621s
 16425  8124 1.1558e+09   82  155 1.1508e+09 1.1566e+09  0.50%   191 9664s
 16914  8365 1.1563e+09   84  219 1.1508e+09 1.1566e+09  0.50%   190 9702s
 17328  8754 1.1563e+09   87  198 1.1508e+09 1.1566e+09  0.50%   189 9749s
 17876  9138 1.1563e+09   90  201 1.1508e+09 1.1566e+09  0.50%   188 9790s
 18444  9588 1.1557e+09   92  197 1.1508e+09 1.1566e+09  0.50%   186 9831s
 19094  9844 1.1563e+09   95  189 1.1508e+09 1.1566e+09  0.50%   184 9876s
 19593 10213 1.1563e+09   97  184 1.1508e+09 1.1566e+09  0.50%   183 9917s
 20162 10701 1.1563e+09  100  195 1.1508e+09 1.1566e+09  0.50%   181 9960s
 20882 11303 1.1563e+09  103  167 1.1508e+09 1.1566e+09  0.50%   179 10004s
 21783 11809 1.1563e+09  108  181 1.1508e+09 1.1566e+09  0.50%   175 10050s
 22649 12303 1.1563e+09  112  172 1.1508e+09 1.1566e+09  0.50%   172 10097s
 23463 12940 1.1563e+09  117  155 1.1508e+09 1.1566e+09  0.50%   170 10149s
 24422 13669 1.1563e+09  120  150 1.1508e+09 1.1566e+09  0.50%   168 10248s
 25561 13414 1.1561e+09  126  136 1.1508e+09 1.1566e+09  0.50%   166 10474s
H25567 13152                    1.150777e+09 1.1566e+09  0.50%   166 10474s
 25698 13381 1.1562e+09  130  148 1.1508e+09 1.1566e+09  0.50%   166 10528s
H25720 13126                    1.150779e+09 1.1566e+09  0.50%   166 10528s
H26048 12926                    1.150779e+09 1.1566e+09  0.50%   165 10529s
 26061 13687 1.1562e+09  130  146 1.1508e+09 1.1566e+09  0.50%   165 10592s
 27031 14378 1.1562e+09  136  151 1.1508e+09 1.1566e+09  0.50%   163 10643s
 27871 14984 1.1562e+09  143  134 1.1508e+09 1.1566e+09  0.50%   161 10699s
H27890 14984                    1.150783e+09 1.1566e+09  0.50%   161 10699s
 28638 15625 1.1561e+09  152  127 1.1508e+09 1.1566e+09  0.50%   159 10752s
H28648 15625                    1.150783e+09 1.1566e+09  0.50%   159 10752s
H28660 15623                    1.150797e+09 1.1566e+09  0.50%   160 10753s
 29378 16398 1.1561e+09  157  146 1.1508e+09 1.1566e+09  0.50%   158 10800s

Cutting planes:
  Gomory: 3
  Cover: 17
  Implied bound: 21
  Projected implied bound: 1
  Clique: 2
  MIR: 42
  Flow cover: 108
  RLT: 9
  Relax-and-lift: 37

Explored 30237 nodes (4810031 simplex iterations) in 10800.15 seconds (11896.70 work units)
Thread count was 20 (of 40 available processors)

Solution count 10: 1.1508e+09 1.15078e+09 1.15078e+09 ... 1.15075e+09

Time limit reached
Best objective 1.150797254995e+09, best bound 1.156562791415e+09, gap 0.5010%
