
Gurobi 10.0.0 (win64) logging started Mon Mar 13 21:36:53 2023

Set parameter LogFile to value "logFiles/N-1L-120D/N-1L-7U-30F-23V-120D-b-charterout.log"
Gurobi Optimizer version 10.0.0 build v10.0.0rc2 (win64)

CPU model: Intel(R) Core(TM) i5-10210U CPU @ 1.60GHz, instruction set [SSE2|AVX|AVX2]
Thread count: 4 physical cores, 8 logical processors, using up to 8 threads

Optimize a model with 61380 rows, 461159 columns and 4590985 nonzeros
Model fingerprint: 0xce8da73b
Variable types: 992 continuous, 460167 integer (460167 binary)
Coefficient statistics:
  Matrix range     [1e+00, 2e+05]
  Objective range  [4e+01, 2e+07]
  Bounds range     [1e+00, 1e+00]
  RHS range        [1e+00, 2e+06]
Presolve removed 28635 rows and 77784 columns (presolve time = 5s) ...
Presolve removed 47910 rows and 95956 columns (presolve time = 10s) ...
Presolve removed 47896 rows and 95942 columns
Presolve time: 10.79s
Presolved: 13484 rows, 365217 columns, 2547912 nonzeros
Variable types: 1006 continuous, 364211 integer (364211 binary)
Deterministic concurrent LP optimizer: primal simplex, dual simplex, and barrier
Showing barrier log only...

Root barrier log...

Ordering time: 1.16s

Barrier statistics:
 AA' NZ     : 8.499e+05
 Factor NZ  : 2.200e+06 (roughly 170 MB of memory)
 Factor Ops : 1.116e+09 (less than 1 second per iteration)
 Threads    : 1

                  Objective                Residual
Iter       Primal          Dual         Primal    Dual     Compl     Time
   0  -1.52648799e+16  4.53717777e+13  2.80e+09 6.35e+05  1.66e+11    17s
   1  -3.85596177e+15  4.17740552e+13  7.11e+08 5.54e+05  4.22e+10    17s
   2  -6.71808930e+14  2.95132663e+13  1.25e+08 3.56e+03  7.53e+09    18s
   3  -9.28082049e+12  1.58412378e+13  1.73e+06 1.86e-09  1.25e+08    18s
   4  -1.18296238e+12  3.80275686e+12  2.20e+05 1.86e-09  1.81e+07    19s
   5  -1.98909770e+11  9.46680850e+11  3.71e+04 1.86e-08  3.44e+06    19s
   6  -1.32296628e+11  8.58270393e+11  2.47e+04 1.49e-08  2.58e+06    20s
   7  -1.23189691e+11  8.31468927e+11  2.30e+04 1.68e-08  2.44e+06    20s
   8  -6.56355539e+10  6.21339271e+11  1.23e+04 1.02e-08  1.52e+06    21s
   9  -2.74118677e+10  3.46875814e+11  5.28e+03 4.66e-09  7.28e+05    21s
  10  -7.80899327e+09  8.92641446e+10  1.65e+03 3.15e-08  1.84e+05    22s
  11  -6.96515749e+08  2.79786233e+10  3.38e+02 4.51e-09  4.70e+04    22s
  12   5.16718590e+08  1.68636410e+10  1.17e+02 3.90e-09  2.48e+04    23s
  13   7.67142976e+08  1.11299780e+10  7.20e+01 6.42e-09  1.58e+04    23s
  14   9.39927715e+08  8.38392752e+09  4.16e+01 8.76e-09  1.12e+04    24s
  15   1.03304563e+09  6.27388625e+09  2.53e+01 1.12e-08  7.86e+03    25s
  16   1.08807379e+09  5.59220845e+09  1.55e+01 1.21e-08  6.60e+03    25s
  17   1.11653714e+09  3.92544924e+09  1.04e+01 8.54e-09  4.16e+03    25s
  18   1.12609083e+09  2.82390694e+09  8.71e+00 7.26e-09  2.59e+03    26s
  19   1.13250000e+09  2.12077888e+09  7.57e+00 7.31e-09  1.57e+03    27s
  20   1.14386380e+09  1.75936902e+09  5.55e+00 5.82e-09  9.82e+02    27s
  21   1.15513476e+09  1.54824474e+09  3.48e+00 4.53e-09  6.08e+02    28s
  22   1.16012573e+09  1.43337709e+09  2.69e+00 4.65e-09  4.15e+02    29s
  23   1.16600183e+09  1.39294209e+09  1.79e+00 4.38e-09  3.34e+02    29s
  24   1.16903251e+09  1.30729346e+09  1.36e+00 3.05e-09  2.00e+02    30s
  25   1.17087956e+09  1.25957289e+09  1.14e+00 2.46e-09  1.26e+02    30s
  26   1.17221279e+09  1.25042775e+09  9.97e-01 2.34e-09  1.10e+02    31s
  27   1.17541951e+09  1.23191718e+09  6.43e-01 2.23e-09  7.85e+01    32s
  28   1.17717311e+09  1.22395194e+09  4.91e-01 2.21e-09  6.46e+01    32s
  29   1.17915949e+09  1.21431132e+09  3.54e-01 2.21e-09  4.82e+01    33s
  30   1.17993650e+09  1.21258448e+09  3.13e-01 2.30e-09  4.47e+01    34s
  31   1.18092935e+09  1.20819240e+09  2.67e-01 2.46e-09  3.72e+01    34s
  32   1.18141135e+09  1.20750781e+09  2.52e-01 2.36e-09  3.56e+01    35s
  33   1.18183797e+09  1.20484183e+09  2.37e-01 2.71e-09  3.13e+01    36s
  34   1.18330279e+09  1.20381316e+09  1.86e-01 3.04e-09  2.79e+01    37s
  35   1.18426188e+09  1.20178172e+09  1.58e-01 3.06e-09  2.38e+01    37s
  36   1.18476222e+09  1.19958064e+09  1.43e-01 3.01e-09  2.01e+01    38s
  37   1.18588417e+09  1.19816973e+09  1.15e-01 2.27e-09  1.66e+01    39s
  38   1.18671244e+09  1.19725351e+09  9.91e-02 2.69e-09  1.43e+01    39s
  39   1.18776137e+09  1.19610986e+09  7.93e-02 2.14e-09  1.13e+01    40s
  40   1.18845345e+09  1.19528649e+09  6.74e-02 1.95e-09  9.23e+00    41s
  41   1.18894258e+09  1.19497568e+09  5.91e-02 2.08e-09  8.15e+00    41s
  42   1.18946119e+09  1.19461946e+09  4.97e-02 2.06e-09  6.96e+00    42s
  43   1.18987213e+09  1.19438295e+09  4.27e-02 2.50e-09  6.09e+00    42s
  44   1.19014601e+09  1.19416406e+09  3.84e-02 2.13e-09  5.42e+00    43s
  45   1.19046853e+09  1.19387234e+09  3.31e-02 2.18e-09  4.59e+00    44s
  46   1.19081713e+09  1.19366977e+09  2.76e-02 2.44e-09  3.85e+00    44s
  47   1.19134943e+09  1.19354891e+09  1.93e-02 2.45e-09  2.97e+00    45s
  48   1.19155483e+09  1.19345475e+09  1.61e-02 2.67e-09  2.57e+00    46s
  49   1.19174568e+09  1.19325830e+09  1.32e-02 2.07e-09  2.04e+00    46s
  50   1.19196102e+09  1.19311454e+09  9.93e-03 2.04e-09  1.56e+00    47s
  51   1.19216258e+09  1.19308395e+09  6.85e-03 2.54e-09  1.25e+00    48s
  52   1.19228044e+09  1.19292664e+09  5.03e-03 1.67e-09  8.75e-01    49s
  53   1.19245757e+09  1.19286518e+09  2.46e-03 1.84e-09  5.53e-01    49s
  54   1.19257629e+09  1.19277695e+09  7.75e-04 1.74e-09  2.73e-01    50s
  55   1.19260021e+09  1.19267867e+09  4.62e-04 1.63e-09  1.07e-01    51s
  56   1.19261653e+09  1.19265138e+09  2.52e-04 1.64e-09  4.72e-02    51s
  57   1.19262878e+09  1.19264543e+09  1.06e-04 1.38e-09  2.26e-02    52s
  58   1.19263474e+09  1.19263899e+09  3.57e-05 1.73e-09  5.74e-03    52s
  59   1.19263735e+09  1.19263837e+09  6.73e-06 1.53e-09  1.39e-03    53s
  60   1.19263800e+09  1.19263812e+09  5.08e-07 1.50e-09  1.62e-04    53s
  61   1.19263802e+09  1.19263803e+09  1.29e-08 1.70e-09  2.14e-06    54s
  62   1.19263802e+09  1.19263802e+09  6.82e-09 1.50e-09  6.61e-10    55s

Barrier solved model in 62 iterations and 54.81 seconds (36.40 work units)
Optimal objective 1.19263802e+09


Root crossover log...

   10620 DPushes remaining with DInf 0.0000000e+00                55s
    1546 DPushes remaining with DInf 0.0000000e+00                55s
       0 DPushes remaining with DInf 0.0000000e+00                56s

     992 PPushes remaining with PInf 0.0000000e+00                56s
       0 PPushes remaining with PInf 0.0000000e+00                56s

  Push phase complete: Pinf 0.0000000e+00, Dinf 7.1664999e-08     56s


Root simplex log...

Iteration    Objective       Primal Inf.    Dual Inf.      Time
   11608    1.1926380e+09   0.000000e+00   0.000000e+00     56s
Concurrent spin time: 0.02s

Solved with barrier
   11608    1.1926380e+09   0.000000e+00   0.000000e+00     56s

Root relaxation: objective 1.192638e+09, 11608 iterations, 43.40 seconds (16.25 work units)

    Nodes    |    Current Node    |     Objective Bounds      |     Work
 Expl Unexpl |  Obj  Depth IntInf | Incumbent    BestBd   Gap | It/Node Time

     0     0 1.1926e+09    0  446          - 1.1926e+09      -     -   58s
H    0     0                    1.180053e+09 1.1926e+09  1.07%     -   83s
H    0     0                    1.180075e+09 1.1926e+09  1.06%     -  117s
     0     0 1.1926e+09    0  473 1.1801e+09 1.1926e+09  1.06%     -  124s
H    0     0                    1.180092e+09 1.1926e+09  1.06%     -  203s

Cutting planes:
  Cover: 1
  Implied bound: 1
  MIR: 2
  Flow cover: 7
  Zero half: 2
  RLT: 2

Explored 1 nodes (13008 simplex iterations) in 203.65 seconds (149.02 work units)
Thread count was 8 (of 8 available processors)

Solution count 3: 1.18009e+09 1.18007e+09 1.18005e+09 

Solve interrupted
Best objective 1.180092211170e+09, best bound 1.192636134725e+09, gap 1.0630%
