
Gurobi 10.0.1 (linux64) logging started Fri May 26 08:42:55 2023

Set parameter LogFile to value "logFiles/A-2L-E/A-2L-6U-51F-15V-365D/basic-05-26-2023, 08-42-H80-P60-O10.log"
Gurobi Optimizer version 10.0.1 build v10.0.1rc0 (linux64)

CPU model: Intel(R) Xeon(R) Gold 5115 CPU @ 2.40GHz, instruction set [SSE2|AVX|AVX2|AVX512]
Thread count: 20 physical cores, 40 logical processors, using up to 20 threads

Optimize a model with 61952 rows, 535756 columns and 2414593 nonzeros
Model fingerprint: 0xd3472406
Variable types: 260825 continuous, 274931 integer (274931 binary)
Coefficient statistics:
  Matrix range     [1e+00, 2e+05]
  Objective range  [4e+01, 4e+07]
  Bounds range     [1e+00, 1e+00]
  RHS range        [1e+00, 3e+06]
Presolve removed 45654 rows and 21875 columns (presolve time = 5s) ...
Presolve removed 45626 rows and 21847 columns
Presolve time: 8.16s
Presolved: 16326 rows, 513909 columns, 2149420 nonzeros
Variable types: 249684 continuous, 264225 integer (264213 binary)
Deterministic concurrent LP optimizer: primal simplex, dual simplex, and barrier
Showing barrier log only...

Root barrier log...

Ordering time: 0.71s

Barrier statistics:
 AA' NZ     : 1.145e+06
 Factor NZ  : 8.787e+06 (roughly 300 MB of memory)
 Factor Ops : 1.724e+10 (less than 1 second per iteration)
 Threads    : 17

                  Objective                Residual
Iter       Primal          Dual         Primal    Dual     Compl     Time
   0  -3.25907801e+16  5.34031191e+13  1.77e+09 1.62e+07  4.07e+12    13s
   1  -8.18395537e+15  6.63865782e+13  4.45e+08 1.55e+07  1.03e+12    13s
   2  -1.74976057e+15  6.79697236e+13  1.00e+08 8.64e+06  2.34e+11    13s
   3  -3.01436760e+14  5.66331023e+13  1.82e+07 4.48e-08  4.37e+10    14s
   4  -1.35871325e+13  3.37215410e+13  8.19e+05 5.45e-08  2.00e+09    14s
   5  -1.96889091e+12  1.63011164e+13  1.18e+05 4.48e-08  3.07e+08    14s
   6  -1.84855419e+11  1.37788779e+13  1.14e+04 3.97e-08  4.13e+07    14s
   7  -1.55739854e+11  8.80887764e+12  9.70e+03 2.98e-08  3.04e+07    15s
   8  -1.20907772e+11  8.22204273e+12  7.61e+03 3.22e-08  2.49e+07    15s
   9  -7.02140898e+10  5.49235918e+12  4.57e+03 2.98e-08  1.47e+07    15s
  10  -5.73641401e+10  4.22527199e+12  3.84e+03 3.36e-08  1.15e+07    15s
  11  -2.11608486e+10  1.72179783e+12  1.60e+03 3.82e-08  4.38e+06    15s
  12  -3.29646033e+09  5.74246536e+11  4.62e+02 4.98e-08  1.24e+06    16s
  13   1.94408189e+09  3.00199832e+11  1.38e+02 4.90e-08  4.80e+05    16s
  14   3.45175831e+09  1.95482637e+11  4.70e+01 6.29e-08  2.50e+05    16s
  15   3.66655587e+09  1.37153986e+11  3.39e+01 6.27e-08  1.76e+05    16s
  16   3.83115263e+09  1.06734472e+11  2.39e+01 8.95e-08  1.32e+05    17s
  17   3.95080984e+09  7.63344537e+10  1.65e+01 1.00e-07  9.34e+04    17s
  18   3.99739119e+09  5.99180626e+10  1.37e+01 1.13e-07  7.37e+04    17s
  19   4.11628329e+09  4.75531218e+10  6.52e+00 1.74e-07  5.15e+04    17s
  20   4.12608245e+09  3.60331618e+10  5.96e+00 1.83e-07  3.96e+04    18s
  21   4.14421157e+09  2.26115510e+10  4.94e+00 2.62e-07  2.50e+04    18s
  22   4.19069259e+09  1.90307702e+10  3.34e+00 2.35e-07  1.92e+04    18s
  23   4.25391082e+09  1.25411691e+10  1.34e+00 2.58e-07  9.75e+03    19s
  24   4.30857577e+09  9.79817979e+09  4.32e-01 2.56e-07  5.80e+03    19s
  25   4.33574846e+09  7.78431113e+09  2.77e-01 2.56e-07  3.59e+03    19s
  26   4.35409375e+09  6.83930878e+09  1.99e-01 2.43e-07  2.56e+03    19s
  27   4.35686744e+09  6.30713816e+09  1.88e-01 2.45e-07  2.02e+03    20s
  28   4.36343279e+09  6.19287173e+09  1.69e-01 3.57e-07  1.89e+03    20s
  29   4.38505587e+09  5.72659414e+09  1.12e-01 3.22e-07  1.37e+03    20s
  30   4.39890176e+09  5.43911906e+09  9.32e-02 3.01e-07  1.06e+03    20s
  31   4.42503050e+09  5.09723372e+09  4.82e-02 2.48e-07  6.77e+02    21s
  32   4.44082518e+09  4.92171072e+09  3.22e-02 3.53e-07  4.83e+02    21s
  33   4.45440629e+09  4.82632938e+09  2.44e-02 4.89e-07  3.73e+02    21s
  34   4.45701006e+09  4.78119892e+09  2.25e-02 4.82e-07  3.25e+02    22s
  35   4.45882581e+09  4.77072698e+09  2.14e-02 5.42e-07  3.13e+02    22s
  36   4.46902288e+09  4.71314820e+09  1.55e-02 5.59e-07  2.44e+02    22s
  37   4.47190302e+09  4.64636621e+09  1.38e-02 4.73e-07  1.76e+02    22s
  38   4.47948286e+09  4.63404584e+09  9.48e-03 5.07e-07  1.54e+02    23s
  39   4.48722985e+09  4.57945298e+09  6.14e-03 4.14e-07  9.23e+01    23s
  40   4.49049747e+09  4.56094020e+09  4.92e-03 3.54e-07  7.07e+01    23s
  41   4.49547350e+09  4.54877489e+09  3.28e-03 4.05e-07  5.33e+01    24s
  42   4.50036718e+09  4.54113325e+09  2.03e-03 4.80e-07  4.05e+01    24s
  43   4.50135812e+09  4.53543383e+09  1.84e-03 5.53e-07  3.39e+01    24s
  44   4.50310222e+09  4.53066927e+09  1.50e-03 5.37e-07  2.75e+01    24s
  45   4.50593690e+09  4.52564074e+09  9.36e-04 5.39e-07  1.96e+01    25s
  46   4.50778263e+09  4.52154431e+09  6.46e-04 4.67e-07  1.37e+01    25s
  47   4.50890011e+09  4.51914784e+09  4.97e-04 4.91e-07  1.02e+01    25s
  48   4.50975929e+09  4.51752972e+09  3.94e-04 4.87e-07  7.74e+00    26s
  49   4.51051135e+09  4.51672287e+09  3.09e-04 5.29e-07  6.19e+00    26s
  50   4.51145451e+09  4.51631312e+09  2.09e-04 5.26e-07  4.83e+00    26s
  51   4.51186946e+09  4.51569503e+09  1.69e-04 5.59e-07  3.80e+00    27s
  52   4.51250577e+09  4.51514709e+09  1.08e-04 6.73e-07  2.62e+00    27s
  53   4.51301408e+09  4.51477926e+09  6.24e-05 5.25e-07  1.75e+00    27s
  54   4.51325990e+09  4.51445533e+09  4.24e-05 4.28e-07  1.18e+00    28s
  55   4.51356044e+09  4.51428339e+09  1.89e-05 5.61e-07  7.13e-01    28s
  56   4.51363239e+09  4.51416988e+09  1.34e-05 5.24e-07  5.30e-01    28s
  57   4.51365347e+09  4.51411994e+09  1.19e-05 5.36e-07  4.60e-01    29s
  58   4.51373395e+09  4.51402501e+09  6.20e-06 5.42e-07  2.87e-01    29s
  59   4.51377222e+09  4.51393671e+09  3.68e-06 5.42e-07  1.62e-01    29s
  60   4.51380975e+09  4.51389773e+09  1.25e-06 5.36e-07  8.64e-02    30s
  61   4.51381339e+09  4.51387689e+09  1.02e-06 5.24e-07  6.24e-02    30s
  62   4.51382115e+09  4.51385506e+09  5.97e-07 5.45e-07  3.33e-02    30s
  63   4.51382318e+09  4.51385407e+09  6.10e-07 6.05e-07  3.03e-02    30s
  64   4.51382745e+09  4.51383822e+09  4.83e-07 5.09e-07  1.06e-02    31s
  65   4.51382929e+09  4.51383189e+09  2.93e-07 5.17e-07  2.57e-03    31s
  66   4.51382989e+09  4.51383087e+09  1.50e-06 6.22e-07  9.62e-04    31s
  67   4.51383004e+09  4.51383068e+09  4.47e-07 5.39e-07  6.27e-04    32s
  68   4.51383013e+09  4.51383021e+09  1.43e-06 5.57e-07  7.91e-05    32s
  69   4.51383014e+09  4.51383015e+09  1.24e-07 7.76e-07  6.52e-06    32s
  70   4.51383015e+09  4.51383015e+09  2.19e-08 4.91e-07  9.37e-09    32s

Barrier solved model in 70 iterations and 32.49 seconds (30.23 work units)
Optimal objective 4.51383015e+09


Root crossover log...

   12941 DPushes remaining with DInf 0.0000000e+00                33s
       0 DPushes remaining with DInf 0.0000000e+00                33s

    1342 PPushes remaining with PInf 1.8370852e-04                33s
       0 PPushes remaining with PInf 0.0000000e+00                33s

  Push phase complete: Pinf 0.0000000e+00, Dinf 2.8573422e+01     33s


Root simplex log...

Iteration    Objective       Primal Inf.    Dual Inf.      Time
   14284    4.5138301e+09   0.000000e+00   2.857342e+01     33s
   14289    4.5138301e+09   0.000000e+00   0.000000e+00     33s
Concurrent spin time: 0.02s

Solved with barrier
   14289    4.5138301e+09   0.000000e+00   0.000000e+00     33s

Root relaxation: objective 4.513830e+09, 14289 iterations, 23.58 seconds (18.30 work units)
Total elapsed time = 35.31s

    Nodes    |    Current Node    |     Objective Bounds      |     Work
 Expl Unexpl |  Obj  Depth IntInf | Incumbent    BestBd   Gap | It/Node Time

     0     0 4.5138e+09    0  267          - 4.5138e+09      -     -   36s
H    0     0                    4.471635e+09 4.5138e+09  0.94%     -   51s

Explored 1 nodes (33661 simplex iterations) in 52.03 seconds (44.02 work units)
Thread count was 20 (of 40 available processors)

Solution count 1: 4.47164e+09 

Optimal solution found (tolerance 1.00e-02)
Best objective 4.471635434848e+09, best bound 4.513830145440e+09, gap 0.9436%
Gurobi Optimizer version 10.0.1 build v10.0.1rc0 (linux64)

CPU model: Intel(R) Xeon(R) Gold 5115 CPU @ 2.40GHz, instruction set [SSE2|AVX|AVX2|AVX512]
Thread count: 20 physical cores, 40 logical processors, using up to 20 threads

Optimize a model with 107046 rows, 962561 columns and 5171178 nonzeros
Model fingerprint: 0x73c69256
Variable types: 321603 continuous, 640958 integer (640958 binary)
Coefficient statistics:
  Matrix range     [1e+00, 2e+05]
  Objective range  [4e+01, 4e+07]
  Bounds range     [3e-15, 3e+05]
  RHS range        [1e+00, 5e+06]
Presolve removed 90872 rows and 713612 columns (presolve time = 5s) ...
Presolve removed 92752 rows and 759836 columns (presolve time = 10s) ...
Presolve removed 92717 rows and 759801 columns
Presolve time: 11.49s
Presolved: 14329 rows, 202760 columns, 839399 nonzeros
Variable types: 101390 continuous, 101370 integer (101353 binary)
Deterministic concurrent LP optimizer: primal simplex, dual simplex, and barrier
Showing barrier log only...

Root barrier log...

Ordering time: 0.29s

Barrier statistics:
 AA' NZ     : 4.753e+05
 Factor NZ  : 2.834e+06 (roughly 100 MB of memory)
 Factor Ops : 2.834e+09 (less than 1 second per iteration)
 Threads    : 17

                  Objective                Residual
Iter       Primal          Dual         Primal    Dual     Compl     Time
   0  -8.46283962e+15  2.64733148e+13  4.75e+08 2.39e+06  7.40e+11    14s
   1  -1.49785630e+15  2.80438236e+13  8.44e+07 1.45e+06  1.32e+11    14s
   2  -4.47134373e+14  1.69263425e+13  2.52e+07 2.07e+03  3.96e+10    15s
   3  -6.13820363e+12  9.26700914e+12  3.46e+05 1.66e+01  5.67e+08    15s
   4  -1.43157662e+12  1.91719758e+12  8.08e+04 1.49e-08  1.32e+08    15s
   5  -4.13980507e+11  1.19014866e+12  2.34e+04 1.12e-08  4.00e+07    15s
   6  -1.11384648e+11  9.43706847e+11  6.36e+03 9.43e-09  1.22e+07    15s
   7  -3.45912995e+10  7.58205841e+11  2.05e+03 8.50e-09  4.91e+06    15s
   8  -1.31900039e+10  4.24721826e+11  8.47e+02 1.02e-08  2.15e+06    15s
   9  -5.00884143e+09  1.52850199e+11  3.89e+02 1.15e-08  7.95e+05    15s
  10  -2.60891084e+08  8.26489859e+10  1.26e+02 1.22e-08  3.31e+05    15s
  11   1.24059035e+09  4.59395259e+10  4.56e+01 1.46e-08  1.55e+05    15s
  12   1.80771602e+09  1.76688039e+10  1.57e+01 1.90e-08  5.46e+04    15s
  13   1.95805379e+09  1.42991967e+10  8.74e+00 2.31e-08  3.94e+04    16s
  14   1.97961064e+09  1.35593132e+10  7.78e+00 2.87e-08  3.67e+04    16s
  15   2.00403288e+09  1.02114540e+10  6.73e+00 3.75e-08  2.82e+04    16s
  16   2.04369271e+09  8.92110976e+09  5.67e+00 5.05e-08  2.39e+04    16s
  17   2.06637357e+09  7.43385867e+09  4.80e+00 4.80e-08  1.93e+04    16s
  18   2.16063871e+09  5.45425749e+09  2.32e+00 4.63e-08  1.10e+04    16s
  19   2.19622371e+09  4.43286384e+09  1.76e+00 3.42e-08  7.49e+03    16s
  20   2.23267222e+09  4.02351143e+09  1.10e+00 3.17e-08  5.55e+03    16s
  21   2.26625626e+09  3.26237213e+09  5.49e-01 2.96e-08  2.89e+03    16s
  22   2.29229689e+09  2.95502838e+09  2.59e-01 2.11e-08  1.81e+03    16s
  23   2.30309460e+09  2.61281525e+09  1.62e-01 1.34e-08  8.24e+02    16s
  24   2.31108548e+09  2.51433283e+09  1.21e-01 8.21e-09  5.34e+02    17s
  25   2.31948225e+09  2.47385519e+09  7.32e-02 7.33e-09  3.99e+02    17s
  26   2.32462806e+09  2.43443544e+09  5.35e-02 6.52e-09  2.82e+02    17s
  27   2.32734402e+09  2.42812803e+09  4.45e-02 5.56e-09  2.58e+02    17s
  28   2.33109597e+09  2.40729387e+09  3.57e-02 3.73e-09  1.95e+02    17s
  29   2.33332043e+09  2.38589983e+09  3.04e-02 3.93e-09  1.34e+02    17s
  30   2.33518670e+09  2.37343251e+09  2.61e-02 6.05e-09  9.73e+01    17s
  31   2.33971848e+09  2.36501678e+09  1.53e-02 3.96e-09  6.41e+01    17s
  32   2.34258587e+09  2.36082400e+09  9.97e-03 8.38e-09  4.61e+01    17s
  33   2.34408472e+09  2.35798432e+09  7.33e-03 4.42e-09  3.51e+01    17s
  34   2.34587909e+09  2.35606486e+09  4.54e-03 3.73e-09  2.57e+01    18s
  35   2.34649643e+09  2.35499118e+09  3.72e-03 3.73e-09  2.14e+01    18s
  36   2.34689837e+09  2.35400846e+09  3.22e-03 4.89e-09  1.79e+01    18s
  37   2.34810024e+09  2.35274755e+09  1.77e-03 7.22e-09  1.17e+01    18s
  38   2.34878722e+09  2.35225093e+09  1.14e-03 3.73e-09  8.71e+00    18s
  39   2.34911990e+09  2.35194940e+09  8.79e-04 4.07e-09  7.12e+00    18s
  40   2.34962599e+09  2.35132485e+09  5.05e-04 6.87e-09  4.27e+00    18s
  41   2.34988925e+09  2.35104662e+09  3.35e-04 3.96e-09  2.91e+00    18s
  42   2.34997079e+09  2.35094612e+09  2.88e-04 5.12e-09  2.45e+00    18s
  43   2.35019065e+09  2.35074428e+09  1.61e-04 5.24e-09  1.39e+00    19s
  44   2.35033798e+09  2.35068799e+09  8.22e-05 7.45e-09  8.80e-01    19s
  45   2.35038006e+09  2.35063788e+09  6.05e-05 6.05e-09  6.48e-01    19s
  46   2.35038359e+09  2.35062390e+09  5.87e-05 6.69e-09  6.04e-01    19s
  47   2.35039154e+09  2.35061344e+09  5.49e-05 6.17e-09  5.58e-01    19s
  48   2.35044853e+09  2.35056763e+09  2.69e-05 3.73e-09  2.99e-01    19s
  49   2.35048367e+09  2.35052418e+09  1.02e-05 5.82e-09  1.02e-01    19s
  50   2.35050097e+09  2.35051395e+09  2.52e-06 5.47e-09  3.26e-02    19s
  51   2.35050696e+09  2.35050902e+09  2.24e-07 6.64e-09  5.18e-03    19s
  52   2.35050758e+09  2.35050784e+09  2.06e-08 5.36e-09  6.49e-04    20s
  53   2.35050764e+09  2.35050769e+09  3.46e-09 6.29e-09  1.32e-04    20s
  54   2.35050765e+09  2.35050766e+09  1.34e-10 7.45e-09  2.24e-06    20s
  55   2.35050765e+09  2.35050765e+09  2.18e-10 7.33e-09  4.41e-10    20s

Barrier solved model in 55 iterations and 19.89 seconds (23.15 work units)
Optimal objective 2.35050765e+09


Root crossover log...

    5745 DPushes remaining with DInf 0.0000000e+00                20s
       0 DPushes remaining with DInf 0.0000000e+00                20s

     685 PPushes remaining with PInf 0.0000000e+00                20s
       0 PPushes remaining with PInf 0.0000000e+00                20s

  Push phase complete: Pinf 0.0000000e+00, Dinf 1.5093149e+03     20s


Root simplex log...

Iteration    Objective       Primal Inf.    Dual Inf.      Time
    6432    2.3505077e+09   0.000000e+00   1.509315e+03     20s
    6444    2.3505077e+09   0.000000e+00   0.000000e+00     20s
Concurrent spin time: 0.00s

Solved with barrier
    6444    2.3505077e+09   0.000000e+00   0.000000e+00     20s

Root relaxation: objective 2.350508e+09, 6444 iterations, 7.13 seconds (5.12 work units)

    Nodes    |    Current Node    |     Objective Bounds      |     Work
 Expl Unexpl |  Obj  Depth IntInf | Incumbent    BestBd   Gap | It/Node Time

     0     0 2.3505e+09    0  231          - 2.3505e+09      -     -   21s
H    0     0                    2.209396e+09 2.3505e+09  6.39%     -   23s
     0     0 2.3503e+09    0  231 2.2094e+09 2.3503e+09  6.38%     -   34s
H    0     0                    2.228537e+09 2.3503e+09  5.47%     -   40s
     0     0 2.3503e+09    0  214 2.2285e+09 2.3503e+09  5.46%     -   46s
     0     0 2.3503e+09    0  225 2.2285e+09 2.3503e+09  5.46%     -   47s
H    0     0                    2.245957e+09 2.3503e+09  4.64%     -   53s
     0     0 2.3503e+09    0  219 2.2460e+09 2.3503e+09  4.64%     -   53s
H    0     0                    2.263704e+09 2.3503e+09  3.82%     -   62s
     0     0 2.3503e+09    0  235 2.2637e+09 2.3503e+09  3.82%     -   65s
     0     0 2.3503e+09    0  240 2.2637e+09 2.3503e+09  3.82%     -   66s
     0     0 2.3502e+09    0  226 2.2637e+09 2.3502e+09  3.82%     -   70s
H    0     0                    2.264178e+09 2.3502e+09  3.80%     -   76s
     0     0 2.3502e+09    0  214 2.2642e+09 2.3502e+09  3.80%     -   79s
     0     0 2.3502e+09    0  219 2.2642e+09 2.3502e+09  3.80%     -   79s
     0     0 2.3502e+09    0  224 2.2642e+09 2.3502e+09  3.80%     -   80s
     0     0 2.3502e+09    0  221 2.2642e+09 2.3502e+09  3.80%     -   83s
     0     0 2.3502e+09    0  220 2.2642e+09 2.3502e+09  3.80%     -   86s
     0     0 2.3502e+09    0  240 2.2642e+09 2.3502e+09  3.80%     -   88s
     0     0 2.3502e+09    0  243 2.2642e+09 2.3502e+09  3.80%     -   90s
     0     0 2.3502e+09    0  245 2.2642e+09 2.3502e+09  3.80%     -   90s
     0     0 2.3502e+09    0  233 2.2642e+09 2.3502e+09  3.80%     -   94s
     0     0 2.3502e+09    0  241 2.2642e+09 2.3502e+09  3.80%     -   97s
     0     0 2.3502e+09    0  246 2.2642e+09 2.3502e+09  3.80%     -   97s
     0     0 2.3502e+09    0  226 2.2642e+09 2.3502e+09  3.80%     -  100s
     0     0 2.3502e+09    0  234 2.2642e+09 2.3502e+09  3.80%     -  102s
     0     0 2.3502e+09    0  231 2.2642e+09 2.3502e+09  3.80%     -  104s
     0     0 2.3502e+09    0  239 2.2642e+09 2.3502e+09  3.80%     -  105s
     0     0 2.3502e+09    0  233 2.2642e+09 2.3502e+09  3.80%     -  107s
     0     0 2.3502e+09    0  240 2.2642e+09 2.3502e+09  3.80%     -  109s
     0     0 2.3502e+09    0  235 2.2642e+09 2.3502e+09  3.80%     -  111s
     0     0 2.3502e+09    0  223 2.2642e+09 2.3502e+09  3.80%     -  115s
H    0     0                    2.338731e+09 2.3502e+09  0.49%     -  158s

Cutting planes:
  Cover: 15
  Implied bound: 4
  Clique: 1
  MIR: 43
  Flow cover: 40
  GUB cover: 2
  Network: 1
  RLT: 12
  Relax-and-lift: 9

Explored 1 nodes (19835 simplex iterations) in 158.96 seconds (153.86 work units)
Thread count was 20 (of 40 available processors)

Solution count 6: 2.33873e+09 2.26418e+09 2.2637e+09 ... 2.2094e+09

Optimal solution found (tolerance 1.00e-02)
Best objective 2.338730660096e+09, best bound 2.350166273965e+09, gap 0.4890%
Gurobi Optimizer version 10.0.1 build v10.0.1rc0 (linux64)

CPU model: Intel(R) Xeon(R) Gold 5115 CPU @ 2.40GHz, instruction set [SSE2|AVX|AVX2|AVX512]
Thread count: 20 physical cores, 40 logical processors, using up to 20 threads

Optimize a model with 146848 rows, 1415899 columns and 8030972 nonzeros
Model fingerprint: 0x42cca413
Variable types: 355003 continuous, 1060896 integer (1060896 binary)
Coefficient statistics:
  Matrix range     [1e+00, 2e+05]
  Objective range  [4e+01, 4e+07]
  Bounds range     [4e-12, 3e+05]
  RHS range        [1e+00, 6e+06]
Presolve removed 131315 rows and 1177370 columns (presolve time = 5s) ...
Presolve removed 133358 rows and 1230167 columns (presolve time = 10s) ...
Presolve removed 133334 rows and 1230340 columns
Presolve time: 13.28s
Presolved: 13514 rows, 185559 columns, 747822 nonzeros
Variable types: 95557 continuous, 90002 integer (89988 binary)
Deterministic concurrent LP optimizer: primal simplex, dual simplex, and barrier
Showing barrier log only...

Root barrier log...

Ordering time: 0.25s

Barrier statistics:
 AA' NZ     : 4.252e+05
 Factor NZ  : 2.273e+06 (roughly 100 MB of memory)
 Factor Ops : 1.957e+09 (less than 1 second per iteration)
 Threads    : 17

                  Objective                Residual
Iter       Primal          Dual         Primal    Dual     Compl     Time
   0  -3.64854448e+15  3.51604183e+13  3.15e+08 3.64e+06  8.74e+11    16s
   1  -8.44000966e+14  3.45575304e+13  7.36e+07 6.71e+06  2.06e+11    16s
   2  -2.52823568e+14  3.00312284e+13  2.22e+07 2.08e+06  6.31e+10    16s
   3  -5.29260092e+13  2.30502198e+13  4.65e+06 1.55e+04  1.36e+10    16s
   4  -3.07463951e+12  1.26479364e+13  2.70e+05 4.12e+02  8.20e+08    16s
   5  -4.61551047e+11  4.17944789e+12  4.07e+04 1.67e+01  1.29e+08    16s
   6  -9.29801408e+10  2.40959850e+12  8.36e+03 1.87e-08  3.01e+07    16s
   7  -4.20367969e+10  1.75076622e+12  3.91e+03 1.69e-08  1.52e+07    16s
   8  -1.21367573e+10  1.50265313e+12  1.30e+03 2.05e-08  7.52e+06    17s
   9  -1.28140184e+09  1.13163916e+12  3.57e+02 1.86e-08  4.00e+06    17s
  10  -5.07878993e+08  2.60840891e+11  2.90e+02 2.17e-08  1.24e+06    17s
  11   2.04443391e+09  1.36418760e+11  6.95e+01 2.75e-08  4.92e+05    17s
  12   2.55152673e+09  5.73164485e+10  2.93e+01 2.97e-08  2.01e+05    17s
  13   2.70185024e+09  3.16025906e+10  1.75e+01 6.04e-08  1.10e+05    17s
  14   2.74395310e+09  2.74733080e+10  1.42e+01 6.58e-08  9.38e+04    17s
  15   2.78173110e+09  2.34044563e+10  1.11e+01 7.79e-08  7.78e+04    17s
  16   2.82476101e+09  1.60399206e+10  7.03e+00 1.03e-07  5.13e+04    17s
  17   2.87125783e+09  1.04514838e+10  4.26e+00 6.95e-08  3.03e+04    17s
  18   2.94499430e+09  7.90343496e+09  1.73e+00 7.22e-08  1.74e+04    17s
  19   2.96282887e+09  5.55234391e+09  1.44e+00 5.97e-08  9.53e+03    17s
  20   3.01491871e+09  5.19956247e+09  6.98e-01 5.56e-08  7.14e+03    18s
  21   3.03632251e+09  4.11662843e+09  4.72e-01 3.66e-08  3.47e+03    18s
  22   3.06453040e+09  3.74008598e+09  2.66e-01 2.78e-08  2.08e+03    18s
  23   3.08460923e+09  3.43764107e+09  1.18e-01 1.71e-08  1.04e+03    18s
  24   3.09313399e+09  3.36529285e+09  8.95e-02 1.57e-08  7.92e+02    18s
  25   3.09872297e+09  3.34787862e+09  7.61e-02 1.73e-08  7.22e+02    18s
  26   3.09786853e+09  3.32603650e+09  7.49e-02 1.60e-08  6.61e+02    18s
  27   3.10732054e+09  3.31911044e+09  4.98e-02 1.63e-08  6.08e+02    18s
  28   3.11450978e+09  3.24266943e+09  2.84e-02 9.37e-09  3.64e+02    18s
  29   3.11788536e+09  3.20803107e+09  2.19e-02 7.57e-09  2.56e+02    18s
  30   3.12306428e+09  3.18638998e+09  1.37e-02 7.39e-09  1.79e+02    18s
  31   3.12697243e+09  3.17381643e+09  9.04e-03 8.03e-09  1.32e+02    18s
  32   3.12929340e+09  3.16897298e+09  6.54e-03 9.43e-09  1.12e+02    19s
  33   3.13013280e+09  3.16495617e+09  5.74e-03 1.09e-08  9.81e+01    19s
  34   3.13102082e+09  3.15955179e+09  4.97e-03 8.50e-09  8.03e+01    19s
  35   3.13199159e+09  3.15273168e+09  4.23e-03 8.15e-09  5.84e+01    19s
  36   3.13244999e+09  3.14995214e+09  3.88e-03 6.52e-09  4.93e+01    19s
  37   3.13505514e+09  3.14638473e+09  1.99e-03 7.22e-09  3.19e+01    19s
  38   3.13530597e+09  3.14567264e+09  1.87e-03 6.29e-09  2.91e+01    19s
  39   3.13666128e+09  3.14467285e+09  1.28e-03 5.82e-09  2.25e+01    19s
  40   3.13684528e+09  3.14442211e+09  1.20e-03 5.36e-09  2.13e+01    19s
  41   3.13784506e+09  3.14350468e+09  8.00e-04 6.29e-09  1.59e+01    19s
  42   3.13829277e+09  3.14269604e+09  6.30e-04 6.64e-09  1.24e+01    20s
  43   3.13879856e+09  3.14196472e+09  4.60e-04 1.63e-09  8.90e+00    20s
  44   3.13917007e+09  3.14178182e+09  3.44e-04 5.12e-09  7.34e+00    20s
  45   3.13927984e+09  3.14149910e+09  3.10e-04 1.75e-09  6.23e+00    20s
  46   3.13958898e+09  3.14134785e+09  2.17e-04 3.26e-09  4.94e+00    20s
  47   3.13975740e+09  3.14098581e+09  1.68e-04 3.96e-09  3.45e+00    20s
  48   3.13994114e+09  3.14083970e+09  1.16e-04 5.36e-09  2.52e+00    20s
  49   3.14011885e+09  3.14061935e+09  6.85e-05 6.40e-09  1.41e+00    20s
  50   3.14029262e+09  3.14046657e+09  2.40e-05 5.36e-09  4.89e-01    20s
  51   3.14031353e+09  3.14041426e+09  1.89e-05 4.31e-09  2.83e-01    21s
  52   3.14032802e+09  3.14041365e+09  1.55e-05 5.24e-09  2.41e-01    21s
  53   3.14034211e+09  3.14041043e+09  1.22e-05 3.61e-09  1.92e-01    21s
  54   3.14037301e+09  3.14040361e+09  5.00e-06 3.38e-09  8.60e-02    21s
  55   3.14038549e+09  3.14039889e+09  2.24e-06 5.01e-09  3.77e-02    21s
  56   3.14039015e+09  3.14039824e+09  1.23e-06 4.19e-09  2.27e-02    21s
  57   3.14039422e+09  3.14039709e+09  4.11e-07 4.54e-09  8.06e-03    21s
  58   3.14039603e+09  3.14039676e+09  2.24e-07 5.24e-09  2.04e-03    21s
  59   3.14039628e+09  3.14039639e+09  6.13e-08 5.59e-09  3.05e-04    21s
  60   3.14039638e+09  3.14039638e+09  1.70e-09 7.22e-09  8.47e-06    21s
  61   3.14039638e+09  3.14039638e+09  3.42e-10 8.91e-09  4.64e-10    22s

Barrier solved model in 61 iterations and 21.51 seconds (23.49 work units)
Optimal objective 3.14039638e+09


Root crossover log...

    4918 DPushes remaining with DInf 0.0000000e+00                22s
       0 DPushes remaining with DInf 0.0000000e+00                22s

     586 PPushes remaining with PInf 0.0000000e+00                22s
       0 PPushes remaining with PInf 0.0000000e+00                22s

  Push phase complete: Pinf 0.0000000e+00, Dinf 9.4027493e-09     22s


Root simplex log...

Iteration    Objective       Primal Inf.    Dual Inf.      Time
    5497    3.1403964e+09   0.000000e+00   0.000000e+00     22s
Concurrent spin time: 0.04s

Solved with barrier
    5497    3.1403964e+09   0.000000e+00   0.000000e+00     22s

Root relaxation: objective 3.140396e+09, 5497 iterations, 6.86 seconds (4.69 work units)

    Nodes    |    Current Node    |     Objective Bounds      |     Work
 Expl Unexpl |  Obj  Depth IntInf | Incumbent    BestBd   Gap | It/Node Time

     0     0 3.1404e+09    0  174          - 3.1404e+09      -     -   22s
     0     0 3.1400e+09    0  212          - 3.1400e+09      -     -   31s
     0     0 3.1396e+09    0  216          - 3.1396e+09      -     -   35s
     0     0 3.1396e+09    0  200          - 3.1396e+09      -     -   36s
     0     0 3.1391e+09    0  207          - 3.1391e+09      -     -   40s
H    0     0                    3.086494e+09 3.1391e+09  1.70%     -   46s
     0     0 3.1387e+09    0  236 3.0865e+09 3.1387e+09  1.69%     -   49s
     0     0 3.1387e+09    0  239 3.0865e+09 3.1387e+09  1.69%     -   50s
     0     0 3.1387e+09    0  235 3.0865e+09 3.1387e+09  1.69%     -   54s
H    0     0                    3.086566e+09 3.1387e+09  1.69%     -   58s
     0     0 3.1387e+09    0  242 3.0866e+09 3.1387e+09  1.69%     -   59s
     0     0 3.1387e+09    0  247 3.0866e+09 3.1387e+09  1.69%     -   59s
     0     0 3.1387e+09    0  226 3.0866e+09 3.1387e+09  1.69%     -   62s
H    0     0                    3.086614e+09 3.1387e+09  1.69%     -   66s
     0     0 3.1387e+09    0  243 3.0866e+09 3.1387e+09  1.69%     -   68s
     0     0 3.1387e+09    0  240 3.0866e+09 3.1387e+09  1.69%     -   68s
     0     0 3.1387e+09    0  252 3.0866e+09 3.1387e+09  1.69%     -   70s
     0     0 3.1387e+09    0  264 3.0866e+09 3.1387e+09  1.69%     -   73s
     0     0 3.1387e+09    0  250 3.0866e+09 3.1387e+09  1.69%     -   75s
H    0     0                    3.087080e+09 3.1387e+09  1.67%     -   79s
     0     0 3.1387e+09    0  240 3.0871e+09 3.1387e+09  1.67%     -   80s
     0     0 3.1387e+09    0  245 3.0871e+09 3.1387e+09  1.67%     -   80s
H    0     0                    3.095582e+09 3.1387e+09  1.39%     -   82s
     0     0 3.1387e+09    0  253 3.0956e+09 3.1387e+09  1.39%     -   83s
     0     0 3.1387e+09    0  238 3.0956e+09 3.1387e+09  1.39%     -   85s
H    0     0                    3.096394e+09 3.1387e+09  1.37%     -  100s
     0     2 3.1387e+09    0  231 3.0964e+09 3.1387e+09  1.37%     -  101s
     3     8 3.1385e+09    2  221 3.0964e+09 3.1385e+09  1.36%   636  107s
     7    16 3.1385e+09    3  225 3.0964e+09 3.1385e+09  1.36%   685  111s
    15    32 3.1385e+09    4  237 3.0964e+09 3.1385e+09  1.36%   639  117s
    31    52 3.1385e+09    5  246 3.0964e+09 3.1385e+09  1.36%   805  125s
H   33    52                    3.098221e+09 3.1385e+09  1.30%   780  126s
H   34    52                    3.098342e+09 3.1385e+09  1.30%   777  126s
H   38    52                    3.111027e+09 3.1385e+09  0.88%   742  126s

Cutting planes:
  Cover: 62
  Implied bound: 80
  Clique: 3
  MIR: 86
  Flow cover: 117
  Network: 67
  RLT: 8
  Relax-and-lift: 30

Explored 51 nodes (56879 simplex iterations) in 127.14 seconds (125.05 work units)
Thread count was 20 (of 40 available processors)

Solution count 9: 3.11103e+09 3.09834e+09 3.09822e+09 ... 3.08649e+09

Optimal solution found (tolerance 1.00e-02)
Best objective 3.111026655099e+09, best bound 3.138508332448e+09, gap 0.8834%
Gurobi Optimizer version 10.0.1 build v10.0.1rc0 (linux64)

CPU model: Intel(R) Xeon(R) Gold 5115 CPU @ 2.40GHz, instruction set [SSE2|AVX|AVX2|AVX512]
Thread count: 20 physical cores, 40 logical processors, using up to 20 threads

Optimize a model with 179174 rows, 1651656 columns and 11365260 nonzeros
Model fingerprint: 0x1744427f
Variable types: 151252 continuous, 1500404 integer (1500404 binary)
Coefficient statistics:
  Matrix range     [1e+00, 2e+05]
  Objective range  [4e+01, 4e+07]
  Bounds range     [4e-12, 3e+05]
  RHS range        [1e+00, 8e+06]
Presolve removed 105222 rows and 1090915 columns
Presolve time: 1.07s

Explored 0 nodes (0 simplex iterations) in 2.04 seconds (1.12 work units)
Thread count was 1 (of 40 available processors)

Solution count 0

Model is infeasible or unbounded
Best objective -, best bound -, gap -
IIS computation: initial model status unknown, solving to determine model status
Presolve removed 167548 rows and 1533193 columns (presolve time = 5s) ...
Presolve removed 167517 rows and 1533162 columns
Presolve time: 6.13s
Presolved: 11657 rows, 118494 columns, 511195 nonzeros
Variable types: 43483 continuous, 75011 integer (74988 binary)
Deterministic concurrent LP optimizer: primal simplex, dual simplex, and barrier
Showing barrier log only...

Root barrier log...

Ordering time: 0.10s

Barrier statistics:
 AA' NZ     : 2.524e+05
 Factor NZ  : 1.130e+06 (roughly 50 MB of memory)
 Factor Ops : 6.358e+08 (less than 1 second per iteration)
 Threads    : 17

                  Objective                Residual
Iter       Primal          Dual         Primal    Dual     Compl     Time
   0  -0.00000000e+00  1.45437169e+05  2.41e+08 0.00e+00  4.34e+03     8s
   1  -0.00000000e+00  1.64017382e+05  6.00e+07 2.92e-02  1.09e+03     8s
   2  -0.00000000e+00  1.14977193e+05  3.40e+06 1.11e-16  6.30e+01     9s
   3  -0.00000000e+00  5.01968768e+04  9.41e+04 7.19e-07  1.96e+00     9s
   4  -0.00000000e+00  8.18694347e+03  3.36e+04 1.05e-07  5.24e-01     9s
   5  -0.00000000e+00  5.81714349e+03  1.34e+04 2.48e-08  1.93e-01     9s
   6  -0.00000000e+00  3.00767304e+03  3.01e+03 9.51e-09  4.14e-02     9s
   7  -0.00000000e+00  2.02328976e+03  1.54e+03 7.24e-09  2.08e-02     9s
   8  -0.00000000e+00  1.62535369e+03  3.09e+02 6.22e-09  9.78e-03     9s
   9  -0.00000000e+00  7.43066469e+02  1.12e+02 5.23e-10  4.14e-03     9s
  10  -0.00000000e+00  3.04885017e+02  4.04e+01 5.52e-17  1.65e-03     9s
  11  -0.00000000e+00  1.59981609e+02  1.77e+01 9.33e-10  8.53e-04     9s
  12  -0.00000000e+00  8.70080187e+01  1.05e+01 3.77e-09  4.75e-04     9s
  13  -0.00000000e+00  8.07347823e+01  7.91e+00 4.67e-09  4.33e-04     9s
  14  -0.00000000e+00  6.28253008e+01  6.43e+00 6.65e-09  3.42e-04     9s
  15  -0.00000000e+00  5.56698889e+01  5.39e+00 1.19e-08  3.07e-04     9s
  16  -0.00000000e+00  4.31238836e+01  3.52e+00 2.18e-08  2.37e-04     9s
  17  -0.00000000e+00  2.78577106e+01  1.97e+00 3.60e-08  1.52e-04     9s
  18  -0.00000000e+00  1.75434041e+01  8.32e-01 3.17e-08  9.12e-05     9s
  19  -0.00000000e+00  6.26717744e+00  3.43e-01 2.74e-08  3.19e-05     9s
  20  -0.00000000e+00  3.07358764e+00  3.70e-02 1.99e-08  1.49e-05    10s
  21  -0.00000000e+00  6.31650476e-01  4.48e-06 6.63e-09  3.04e-06    10s
  22  -0.00000000e+00  3.11451126e-06  1.10e-10 1.38e-13  1.54e-11    10s
  23  -0.00000000e+00  3.11452240e-12  2.45e-11 1.38e-19  1.54e-17    10s

Barrier solved model in 23 iterations and 9.64 seconds (8.74 work units)
Optimal objective -0.00000000e+00

  Building initial crossover basis                                10s

Root crossover log...

    1880 DPushes remaining with DInf 0.0000000e+00                13s

      56 PPushes remaining with PInf 0.0000000e+00                13s
       0 PPushes remaining with PInf 0.0000000e+00                13s

  Push phase complete: Pinf 0.0000000e+00, Dinf 0.0000000e+00     13s


Root simplex log...

Iteration    Objective       Primal Inf.    Dual Inf.      Time
      59   -0.0000000e+00   0.000000e+00   0.000000e+00     13s
Concurrent spin time: 1.06s (can be avoided by choosing Method=3)

Solved with barrier
      59   -0.0000000e+00   0.000000e+00   0.000000e+00     13s

Root relaxation: objective -0.000000e+00, 59 iterations, 5.44 seconds (4.21 work units)
Total elapsed time = 15.82s

    Nodes    |    Current Node    |     Objective Bounds      |     Work
 Expl Unexpl |  Obj  Depth IntInf | Incumbent    BestBd   Gap | It/Node Time

     0     0   -0.00000    0   13          -   -0.00000      -     -   20s
H    0     0                      -0.0000000   -0.00000  0.00%     -   23s
     0     0   -0.00000    0   13   -0.00000   -0.00000  0.00%     -   23s

Explored 1 nodes (85702 simplex iterations) in 24.18 seconds (21.54 work units)
Thread count was 20 (of 40 available processors)

Solution count 1: -0 
No other solutions better than -0

Optimal solution found (tolerance 1.00e-02)
Best objective -0.000000000000e+00, best bound -0.000000000000e+00, gap 0.0000%
IIS runtime: 24.26 seconds (21.54 work units)
