
Gurobi 10.0.1 (linux64) logging started Sat May 20 13:07:27 2023

Set parameter LogFile to value "logFiles/A-2L-E/A-2L-6U-51F-15V-365D/basic-05-20-2023, 13-07-H90-P90-O7.log"
Gurobi Optimizer version 10.0.1 build v10.0.1rc0 (linux64)

CPU model: Intel(R) Xeon(R) Gold 5115 CPU @ 2.40GHz, instruction set [SSE2|AVX|AVX2|AVX512]
Thread count: 20 physical cores, 40 logical processors, using up to 20 threads

Optimize a model with 79029 rows, 739087 columns and 3775064 nonzeros
Model fingerprint: 0x492639f9
Variable types: 429132 continuous, 309955 integer (309955 binary)
Coefficient statistics:
  Matrix range     [1e+00, 2e+05]
  Objective range  [4e+01, 4e+07]
  Bounds range     [1e+00, 1e+00]
  RHS range        [1e+00, 3e+06]
Presolve removed 56422 rows and 24459 columns (presolve time = 5s) ...
Presolve removed 57077 rows and 24467 columns (presolve time = 10s) ...
Presolve removed 57078 rows and 24468 columns (presolve time = 15s) ...
Presolve removed 57078 rows and 24468 columns (presolve time = 20s) ...
Presolve removed 57043 rows and 24433 columns
Presolve time: 20.64s
Presolved: 21986 rows, 714654 columns, 3320440 nonzeros
Variable types: 417000 continuous, 297654 integer (297637 binary)
Deterministic concurrent LP optimizer: primal simplex, dual simplex, and barrier
Showing barrier log only...

Root barrier log...

Ordering time: 2.45s

Barrier statistics:
 AA' NZ     : 1.669e+06
 Factor NZ  : 1.320e+07 (roughly 400 MB of memory)
 Factor Ops : 2.679e+10 (less than 1 second per iteration)
 Threads    : 17

                  Objective                Residual
Iter       Primal          Dual         Primal    Dual     Compl     Time
   0  -5.78985553e+16  7.32112445e+13  2.52e+09 1.61e+07  5.19e+12    33s
   1  -1.62068135e+16  9.00765616e+13  7.07e+08 1.51e+07  1.47e+12    33s
   2  -6.41251163e+15  9.43529391e+13  2.82e+08 9.35e+06  5.92e+11    34s
   3  -1.23599075e+15  8.50080962e+13  5.68e+07 8.94e-08  1.21e+11    35s
   4  -1.95967418e+13  6.36451735e+13  9.00e+05 6.95e-08  1.96e+09    35s
   5  -3.91380154e+12  2.50067758e+13  1.79e+05 4.97e-08  4.00e+08    36s
   6  -6.82750426e+11  1.46511560e+13  3.14e+04 3.22e-08  7.64e+07    36s
   7  -4.01105710e+11  1.11091870e+13  1.86e+04 3.48e-08  4.53e+07    37s
   8  -1.79312446e+11  8.88093344e+12  8.41e+03 3.35e-08  2.25e+07    38s
   9  -1.67140475e+11  6.34121017e+12  7.85e+03 2.51e-07  1.85e+07    38s
  10  -8.94570507e+10  3.86641521e+12  4.30e+03 2.87e-07  9.72e+06    39s
  11  -2.46893513e+10  1.77095353e+12  1.27e+03 5.96e-08  3.08e+06    40s
  12  -5.91585146e+09  8.01453391e+11  3.93e+02 1.96e-07  1.07e+06    41s
  13  -1.60346685e+09  5.18697032e+11  1.92e+02 4.33e-07  5.98e+05    41s
  14   2.38335934e+08  3.91278378e+11  1.10e+02 2.44e-07  4.02e+05    42s
  15   1.71856657e+09  2.37708912e+11  4.60e+01 2.30e-07  2.16e+05    43s
  16   2.19404655e+09  1.52631782e+11  2.73e+01 1.25e-07  1.31e+05    43s
  17   2.40378731e+09  1.06989091e+11  1.47e+01 1.80e-07  8.74e+04    44s
  18   2.52427427e+09  7.08557156e+10  7.94e+00 2.27e-07  5.58e+04    45s
  19   2.55821313e+09  5.84692381e+10  6.07e+00 2.57e-07  4.53e+04    45s
  20   2.56713139e+09  5.42502570e+10  5.59e+00 2.86e-07  4.19e+04    46s
  21   2.57784114e+09  3.73008642e+10  5.02e+00 4.40e-07  2.97e+04    47s
  22   2.60672131e+09  2.56373267e+10  3.48e+00 5.39e-07  2.00e+04    47s
  23   2.61542946e+09  2.54049931e+10  2.97e+00 7.12e-07  1.93e+04    48s
  24   2.62862110e+09  1.86942108e+10  2.29e+00 5.36e-07  1.36e+04    49s
  25   2.64761922e+09  1.57986908e+10  1.96e+00 5.34e-07  1.11e+04    50s
  26   2.67069635e+09  1.39395450e+10  1.63e+00 5.83e-07  9.37e+03    50s
  27   2.68177250e+09  1.26641045e+10  1.39e+00 6.28e-07  8.20e+03    51s
  28   2.74570134e+09  1.02265591e+10  6.43e-01 6.16e-07  5.73e+03    52s
  29   2.77142295e+09  7.55547399e+09  4.64e-01 6.01e-07  3.64e+03    53s
  30   2.77814355e+09  7.12283447e+09  3.99e-01 6.07e-07  3.28e+03    54s
  31   2.80266412e+09  5.89508514e+09  2.61e-01 6.48e-07  2.30e+03    54s
  32   2.82603100e+09  5.32928958e+09  1.73e-01 5.13e-07  1.83e+03    55s
  33   2.84112257e+09  4.68395982e+09  1.29e-01 6.32e-07  1.34e+03    56s
  34   2.85579842e+09  4.18293235e+09  1.11e-01 5.36e-07  9.72e+02    57s
  35   2.89235227e+09  3.74270646e+09  8.16e-02 5.96e-07  6.24e+02    57s
  36   2.91860799e+09  3.56134255e+09  6.54e-02 6.74e-07  4.72e+02    58s
  37   2.95402534e+09  3.38691685e+09  4.52e-02 6.38e-07  3.18e+02    59s
  38   2.97560516e+09  3.31944970e+09  3.39e-02 6.56e-07  2.52e+02    60s
  39   2.98849392e+09  3.25674148e+09  2.70e-02 6.11e-07  1.96e+02    60s
  40   3.00223911e+09  3.20095515e+09  2.11e-02 5.41e-07  1.46e+02    61s
  41   3.00487484e+09  3.18379844e+09  1.99e-02 7.15e-07  1.31e+02    62s
  42   3.01548734e+09  3.14186556e+09  1.53e-02 6.19e-07  9.31e+01    63s
  43   3.02338115e+09  3.11905574e+09  1.19e-02 6.17e-07  7.05e+01    63s
  44   3.03242283e+09  3.09513022e+09  7.95e-03 4.77e-07  4.63e+01    64s
  45   3.03660333e+09  3.08608573e+09  6.38e-03 6.33e-07  3.65e+01    65s
  46   3.03980609e+09  3.08087153e+09  5.33e-03 6.57e-07  3.03e+01    66s
  47   3.04361843e+09  3.07311656e+09  4.07e-03 6.38e-07  2.18e+01    67s
  48   3.04422387e+09  3.07144478e+09  3.87e-03 6.75e-07  2.02e+01    67s
  49   3.04655727e+09  3.06947047e+09  3.16e-03 6.35e-07  1.70e+01    68s
  50   3.04836786e+09  3.06650761e+09  2.64e-03 6.94e-07  1.35e+01    69s
  51   3.04980400e+09  3.06534930e+09  2.26e-03 6.56e-07  1.15e+01    70s
  52   3.05143557e+09  3.06403656e+09  1.82e-03 6.35e-07  9.33e+00    70s
  53   3.05247246e+09  3.06337186e+09  1.55e-03 6.71e-07  8.06e+00    71s
  54   3.05329130e+09  3.06242219e+09  1.34e-03 6.93e-07  6.77e+00    72s
  55   3.05374757e+09  3.06225072e+09  1.22e-03 6.85e-07  6.29e+00    73s
  56   3.05491288e+09  3.06162934e+09  9.28e-04 7.31e-07  4.96e+00    73s
  57   3.05568913e+09  3.06127569e+09  7.47e-04 6.66e-07  4.12e+00    74s
  58   3.05632594e+09  3.06086019e+09  5.94e-04 7.33e-07  3.34e+00    75s
  59   3.05681686e+09  3.06041354e+09  4.78e-04 5.96e-07  2.65e+00    76s
  60   3.05714858e+09  3.06021845e+09  4.04e-04 6.65e-07  2.26e+00    76s
  61   3.05763967e+09  3.05997060e+09  2.91e-04 6.64e-07  1.71e+00    77s
  62   3.05789061e+09  3.05969636e+09  2.36e-04 5.82e-07  1.33e+00    78s
  63   3.05808131e+09  3.05955402e+09  1.95e-04 6.23e-07  1.09e+00    79s
  64   3.05819911e+09  3.05951049e+09  1.69e-04 7.08e-07  9.65e-01    80s
  65   3.05826025e+09  3.05946118e+09  1.56e-04 7.23e-07  8.84e-01    80s
  66   3.05834602e+09  3.05936981e+09  1.37e-04 6.73e-07  7.55e-01    81s
  67   3.05845597e+09  3.05931960e+09  1.13e-04 7.15e-07  6.36e-01    82s
  68   3.05865578e+09  3.05921022e+09  6.90e-05 6.93e-07  4.08e-01    83s
  69   3.05875017e+09  3.05912219e+09  4.95e-05 5.36e-07  2.74e-01    84s
  70   3.05889701e+09  3.05906891e+09  1.97e-05 5.07e-07  1.26e-01    85s
  71   3.05894495e+09  3.05902017e+09  1.48e-05 5.34e-07  5.53e-02    86s
  72   3.05896123e+09  3.05900462e+09  9.69e-06 6.21e-07  3.21e-02    87s
  73   3.05897302e+09  3.05899864e+09  6.82e-06 5.37e-07  1.89e-02    87s
  74   3.05898212e+09  3.05899561e+09  3.49e-06 4.77e-07  9.92e-03    88s
  75   3.05898751e+09  3.05899213e+09  2.15e-06 4.57e-07  3.41e-03    89s
  76   3.05898977e+09  3.05899139e+09  8.29e-07 4.85e-07  1.18e-03    89s
  77   3.05899013e+09  3.05899108e+09  1.13e-06 5.66e-07  6.91e-04    90s
  78   3.05899015e+09  3.05899074e+09  1.05e-06 5.07e-07  4.35e-04    91s
  79   3.05899047e+09  3.05899059e+09  2.00e-06 5.34e-07  8.99e-05    91s
  80   3.05899051e+09  3.05899056e+09  1.81e-07 4.64e-07  3.79e-05    92s
  81   3.05899051e+09  3.05899052e+09  9.71e-08 5.40e-07  9.44e-06    93s
  82   3.05899051e+09  3.05899051e+09  4.08e-07 5.30e-07  2.84e-08    94s
  83   3.05899051e+09  3.05899051e+09  6.30e-08 4.77e-07  3.91e-11    94s

Barrier solved model in 83 iterations and 94.22 seconds (52.68 work units)
Optimal objective 3.05899051e+09


Root crossover log...

   17752 DPushes remaining with DInf 0.0000000e+00                94s
       0 DPushes remaining with DInf 0.0000000e+00                96s

    2043 PPushes remaining with PInf 0.0000000e+00                96s
       0 PPushes remaining with PInf 0.0000000e+00                96s

  Push phase complete: Pinf 0.0000000e+00, Dinf 1.2780282e+01     96s


Root simplex log...

Iteration    Objective       Primal Inf.    Dual Inf.      Time
   19780    3.0589905e+09   0.000000e+00   1.278028e+01     96s
   19785    3.0589905e+09   0.000000e+00   0.000000e+00     96s
Concurrent spin time: 29.29s (can be avoided by choosing Method=3)

Solved with barrier
   19785    3.0589905e+09   0.000000e+00   0.000000e+00    126s

Root relaxation: objective 3.058991e+09, 19785 iterations, 101.15 seconds (34.42 work units)
Total elapsed time = 130.04s

    Nodes    |    Current Node    |     Objective Bounds      |     Work
 Expl Unexpl |  Obj  Depth IntInf | Incumbent    BestBd   Gap | It/Node Time

     0     0 3.0590e+09    0  396          - 3.0590e+09      -     -  133s
     0     0 3.0590e+09    0  364          - 3.0590e+09      -     -  248s
     0     0 3.0590e+09    0  343          - 3.0590e+09      -     -  301s
     0     0 3.0589e+09    0  338          - 3.0589e+09      -     -  365s
     0     0 3.0589e+09    0  347          - 3.0589e+09      -     -  411s
     0     0 3.0589e+09    0  348          - 3.0589e+09      -     -  468s
     0     0 3.0589e+09    0  357          - 3.0589e+09      -     -  539s
     0     0 3.0589e+09    0  357          - 3.0589e+09      -     -  563s
     0     0 3.0589e+09    0  380          - 3.0589e+09      -     -  613s
     0     0 3.0589e+09    0  378          - 3.0589e+09      -     -  653s
     0     0 3.0589e+09    0  382          - 3.0589e+09      -     -  715s
     0     0 3.0589e+09    0  396          - 3.0589e+09      -     -  731s
     0     0 3.0589e+09    0  404          - 3.0589e+09      -     -  786s
     0     0 3.0589e+09    0  363          - 3.0589e+09      -     -  895s
     0     2 3.0589e+09    0  351          - 3.0589e+09      -     - 1225s
     1     4 3.0589e+09    1  357          - 3.0589e+09      - 11998 1368s
     3     8 3.0589e+09    2  369          - 3.0589e+09      -  7396 1439s
     7    16 3.0589e+09    3  375          - 3.0589e+09      -  4173 1566s
    15    32 3.0589e+09    4  379          - 3.0589e+09      -  3123 1761s
    31    52 3.0589e+09    5  399          - 3.0589e+09      -  3112 1978s
    51    72 3.0589e+09    6  378          - 3.0589e+09      -  2600 2061s
    71    92 3.0589e+09    7  389          - 3.0589e+09      -  2170 2150s
    91   112 3.0589e+09    8  377          - 3.0589e+09      -  1849 2311s
H  106   112                    3.017783e+09 3.0589e+09  1.36%  1681 2312s
   111   132 3.0589e+09    9  370 3.0178e+09 3.0589e+09  1.36%  1668 2490s
   131   154 3.0589e+09   10  380 3.0178e+09 3.0589e+09  1.36%  1535 2711s
   153   176 3.0589e+09   11  379 3.0178e+09 3.0589e+09  1.36%  1492 2843s
H  175   196                    3.018027e+09 3.0589e+09  1.36%  1465 3463s
H  176   196                    3.021140e+09 3.0589e+09  1.25%  1464 3465s
H  176   196                    3.024014e+09 3.0589e+09  1.15%  1464 3467s
H  178   196                    3.024215e+09 3.0589e+09  1.15%  1472 3469s
H  181   196                    3.026985e+09 3.0589e+09  1.06%  1464 3471s
H  188   196                    3.027121e+09 3.0589e+09  1.05%  1445 3474s
   195   222 3.0589e+09   12  382 3.0271e+09 3.0589e+09  1.05%  1516 3677s
H  221   247                    3.032819e+09 3.0589e+09  0.86%  1461 4085s
H  225   247                    3.032838e+09 3.0589e+09  0.86%  1448 4088s
H  231   247                    3.033175e+09 3.0589e+09  0.85%  1473 4091s
H  236   247                    3.036301e+09 3.0589e+09  0.75%  1471 4095s
   246   313 3.0589e+09   14  373 3.0363e+09 3.0589e+09  0.75%  1452 4457s
H  312   333                    3.041571e+09 3.0589e+09  0.57%  1315 10637s
H  313   333                    3.041790e+09 3.0589e+09  0.56%  1313 10639s
H  316   333                    3.042030e+09 3.0589e+09  0.56%  1320 10640s
   332   351 3.0589e+09   18  370 3.0420e+09 3.0589e+09  0.56%  1306 10801s

Cutting planes:
  Cover: 40
  Implied bound: 57
  Clique: 1
  MIR: 65
  StrongCG: 2
  Flow cover: 61
  GUB cover: 4
  RLT: 19
  Relax-and-lift: 31

Explored 350 nodes (532114 simplex iterations) in 10801.57 seconds (5701.60 work units)
Thread count was 20 (of 40 available processors)

Solution count 10: 3.04203e+09 3.04179e+09 3.04157e+09 ... 3.02421e+09

Time limit reached
Best objective 3.042029737710e+09, best bound 3.058928229312e+09, gap 0.5555%
Gurobi Optimizer version 10.0.1 build v10.0.1rc0 (linux64)

CPU model: Intel(R) Xeon(R) Gold 5115 CPU @ 2.40GHz, instruction set [SSE2|AVX|AVX2|AVX512]
Thread count: 20 physical cores, 40 logical processors, using up to 20 threads

Optimize a model with 131234 rows, 1235645 columns and 7218006 nonzeros
Model fingerprint: 0x98ff4cd3
Variable types: 490128 continuous, 745517 integer (745517 binary)
Coefficient statistics:
  Matrix range     [1e+00, 2e+05]
  Objective range  [4e+01, 4e+07]
  Bounds range     [6e-15, 3e+05]
  RHS range        [1e+00, 5e+06]
Presolve removed 99881 rows and 603769 columns (presolve time = 5s) ...
Presolve removed 105738 rows and 661701 columns (presolve time = 10s) ...
Presolve removed 105955 rows and 667785 columns (presolve time = 15s) ...
Presolve removed 106073 rows and 670293 columns (presolve time = 20s) ...
Presolve removed 106038 rows and 670258 columns
Presolve time: 20.55s
Presolved: 25196 rows, 565387 columns, 2595528 nonzeros
Variable types: 328752 continuous, 236635 integer (236620 binary)
Deterministic concurrent LP optimizer: primal simplex, dual simplex, and barrier
Showing barrier log only...

Root barrier log...

Ordering time: 4.55s

Barrier statistics:
 AA' NZ     : 1.372e+06
 Factor NZ  : 8.981e+06 (roughly 300 MB of memory)
 Factor Ops : 1.274e+10 (less than 1 second per iteration)
 Threads    : 17

                  Objective                Residual
Iter       Primal          Dual         Primal    Dual     Compl     Time
   0  -2.02858110e+16  5.79451931e+13  9.93e+08 3.41e+06  1.09e+12    31s
   1  -4.68332957e+15  5.25302901e+13  2.30e+08 5.62e+06  2.53e+11    31s
   2  -1.20262193e+15  3.72564090e+13  5.94e+07 4.19e+05  6.66e+10    31s
   3  -1.57823495e+13  2.75072866e+13  7.79e+05 1.25e+03  9.00e+08    32s
   4  -2.11040488e+12  6.96011083e+12  1.04e+05 2.24e-08  1.24e+08    32s
   5  -5.91224705e+11  3.55797218e+12  2.92e+04 2.17e+01  3.57e+07    32s
   6  -2.11494157e+11  2.17554355e+12  1.05e+04 1.86e-08  1.31e+07    32s
   7  -6.69228236e+10  1.44994674e+12  3.39e+03 1.50e-08  4.62e+06    33s
   8  -2.44898076e+10  6.15358490e+11  1.32e+03 1.78e-08  1.68e+06    33s
   9  -1.00127908e+10  3.24734441e+11  6.10e+02 3.10e-08  7.63e+05    33s
  10  -1.38989708e+09  1.68967408e+11  1.89e+02 5.11e-08  2.86e+05    34s
  11   4.37224664e+08  1.05823978e+11  1.02e+02 4.48e-08  1.64e+05    34s
  12   1.31949657e+09  7.70814070e+10  5.95e+01 4.16e-08  1.08e+05    34s
  13   1.83352542e+09  6.20747791e+10  3.51e+01 4.67e-08  7.71e+04    34s
  14   2.18432714e+09  3.47984164e+10  1.85e+01 5.32e-08  4.14e+04    35s
  15   2.28712938e+09  2.37866932e+10  1.37e+01 5.03e-08  2.83e+04    35s
  16   2.37679092e+09  1.69641767e+10  9.65e+00 4.88e-08  1.96e+04    35s
  17   2.45879522e+09  1.48105316e+10  6.07e+00 5.67e-08  1.52e+04    35s
  18   2.49208412e+09  1.22634436e+10  4.68e+00 7.29e-08  1.20e+04    36s
  19   2.54412236e+09  9.63911882e+09  2.99e+00 6.60e-08  8.45e+03    36s
  20   2.58235273e+09  7.27291028e+09  1.88e+00 5.91e-08  5.34e+03    36s
  21   2.62326768e+09  5.64782074e+09  9.79e-01 5.42e-08  3.19e+03    37s
  22   2.65287231e+09  4.67820659e+09  7.16e-01 4.47e-08  2.08e+03    37s
  23   2.67174736e+09  4.38957164e+09  5.76e-01 3.75e-08  1.72e+03    37s
  24   2.67591125e+09  4.27233882e+09  5.42e-01 3.98e-08  1.59e+03    37s
  25   2.68881735e+09  4.03781425e+09  4.64e-01 3.05e-08  1.33e+03    38s
  26   2.71709105e+09  3.66743955e+09  3.26e-01 2.55e-08  9.13e+02    38s
  27   2.74010456e+09  3.34926517e+09  2.60e-01 1.83e-08  5.81e+02    38s
  28   2.75139785e+09  3.23840325e+09  2.25e-01 1.63e-08  4.61e+02    39s
  29   2.76908321e+09  3.16187564e+09  1.83e-01 1.51e-08  3.69e+02    39s
  30   2.77455027e+09  3.06723735e+09  1.67e-01 1.28e-08  2.74e+02    39s
  31   2.78906424e+09  3.02106251e+09  1.31e-01 1.16e-08  2.16e+02    40s
  32   2.79247029e+09  2.98398785e+09  1.23e-01 1.25e-08  1.78e+02    40s
  33   2.80285683e+09  2.96348654e+09  9.78e-02 1.16e-08  1.48e+02    40s
  34   2.80551233e+09  2.94412824e+09  9.09e-02 1.16e-08  1.27e+02    41s
  35   2.81006659e+09  2.93440163e+09  7.95e-02 1.11e-08  1.14e+02    41s
  36   2.81424551e+09  2.92552830e+09  7.01e-02 8.73e-09  1.02e+02    41s
  37   2.81858980e+09  2.91587342e+09  6.03e-02 8.38e-09  8.86e+01    42s
  38   2.82229419e+09  2.90544568e+09  5.18e-02 8.03e-09  7.55e+01    42s
  39   2.82329538e+09  2.89944116e+09  4.92e-02 7.68e-09  6.90e+01    42s
  40   2.82488387e+09  2.89458390e+09  4.54e-02 7.10e-09  6.31e+01    43s
  41   2.82743008e+09  2.88547748e+09  3.99e-02 8.15e-09  5.24e+01    43s
  42   2.83166753e+09  2.88119255e+09  3.09e-02 6.52e-09  4.46e+01    43s
  43   2.83375024e+09  2.87392155e+09  2.74e-02 6.52e-09  3.61e+01    44s
  44   2.83525177e+09  2.87183138e+09  2.46e-02 6.64e-09  3.29e+01    44s
  45   2.83712724e+09  2.86839155e+09  2.11e-02 6.75e-09  2.80e+01    44s
  46   2.83955243e+09  2.86624967e+09  1.69e-02 6.40e-09  2.39e+01    45s
  47   2.84256670e+09  2.86329900e+09  1.19e-02 5.94e-09  1.85e+01    45s
  48   2.84401827e+09  2.86130976e+09  9.95e-03 6.98e-09  1.54e+01    45s
  49   2.84442194e+09  2.85925325e+09  9.45e-03 7.57e-09  1.32e+01    46s
  50   2.84610964e+09  2.85789927e+09  7.32e-03 6.75e-09  1.05e+01    46s
  51   2.84640487e+09  2.85712465e+09  6.86e-03 6.87e-09  9.54e+00    46s
  52   2.84689508e+09  2.85675837e+09  6.31e-03 6.87e-09  8.78e+00    47s
  53   2.84827288e+09  2.85614248e+09  4.73e-03 5.12e-09  7.00e+00    47s
  54   2.84897754e+09  2.85557472e+09  4.02e-03 5.82e-09  5.87e+00    47s
  55   2.84933152e+09  2.85537889e+09  3.66e-03 8.38e-09  5.38e+00    48s
  56   2.85031304e+09  2.85498841e+09  2.67e-03 6.75e-09  4.15e+00    48s
  57   2.85049833e+09  2.85477394e+09  2.50e-03 8.38e-09  3.80e+00    48s
  58   2.85113231e+09  2.85463069e+09  1.93e-03 8.03e-09  3.11e+00    49s
  59   2.85143633e+09  2.85448307e+09  1.67e-03 8.03e-09  2.71e+00    49s
  60   2.85167644e+09  2.85437726e+09  1.48e-03 7.80e-09  2.40e+00    49s
  61   2.85202841e+09  2.85427325e+09  1.18e-03 7.57e-09  1.99e+00    50s
  62   2.85219780e+09  2.85412374e+09  1.04e-03 7.80e-09  1.71e+00    50s
  63   2.85249993e+09  2.85404445e+09  8.00e-04 6.17e-09  1.37e+00    50s
  64   2.85264618e+09  2.85400820e+09  6.88e-04 4.89e-09  1.21e+00    51s
  65   2.85278924e+09  2.85392514e+09  5.80e-04 5.36e-09  1.01e+00    51s
  66   2.85290520e+09  2.85389216e+09  4.94e-04 7.45e-09  8.76e-01    51s
  67   2.85310564e+09  2.85382526e+09  3.51e-04 6.17e-09  6.39e-01    52s
  68   2.85316210e+09  2.85376570e+09  3.10e-04 5.47e-09  5.36e-01    52s
  69   2.85324183e+09  2.85374299e+09  2.53e-04 6.05e-09  4.45e-01    52s
  70   2.85333211e+09  2.85370616e+09  1.91e-04 6.05e-09  3.32e-01    53s
  71   2.85338297e+09  2.85367877e+09  1.56e-04 5.24e-09  2.63e-01    53s
  72   2.85339847e+09  2.85367630e+09  1.45e-04 6.05e-09  2.47e-01    53s
  73   2.85347564e+09  2.85365375e+09  9.24e-05 6.75e-09  1.58e-01    54s
  74   2.85352208e+09  2.85364043e+09  6.07e-05 6.34e-09  1.05e-01    54s
  75   2.85356554e+09  2.85363141e+09  3.07e-05 5.94e-09  5.85e-02    54s
  76   2.85357296e+09  2.85362025e+09  2.58e-05 5.01e-09  4.20e-02    55s
  77   2.85360181e+09  2.85361544e+09  7.01e-06 6.05e-09  1.21e-02    55s
  78   2.85360836e+09  2.85361425e+09  2.74e-06 7.45e-09  5.22e-03    55s
  79   2.85361010e+09  2.85361381e+09  1.70e-06 5.70e-09  3.29e-03    55s
  80   2.85361252e+09  2.85361316e+09  7.54e-07 7.45e-09  5.73e-04    56s
  81   2.85361279e+09  2.85361307e+09  2.94e-07 7.45e-09  2.43e-04    56s
  82   2.85361295e+09  2.85361300e+09  1.90e-08 7.45e-09  4.08e-05    56s
  83   2.85361296e+09  2.85361299e+09  1.14e-08 7.45e-09  2.27e-05    57s
  84   2.85361296e+09  2.85361298e+09  5.06e-09 9.31e-09  1.05e-05    57s
  85   2.85361297e+09  2.85361297e+09  3.47e-09 7.45e-09  1.26e-06    57s
  86   2.85361297e+09  2.85361297e+09  4.66e-08 7.45e-09  4.03e-08    58s
  87   2.85361297e+09  2.85361297e+09  9.62e-11 5.70e-09  4.57e-11    58s

Barrier solved model in 87 iterations and 58.22 seconds (58.48 work units)
Optimal objective 2.85361297e+09


Root crossover log...

   15015 DPushes remaining with DInf 0.0000000e+00                58s
       0 DPushes remaining with DInf 0.0000000e+00                59s

     618 PPushes remaining with PInf 0.0000000e+00                59s
       0 PPushes remaining with PInf 0.0000000e+00                59s

  Push phase complete: Pinf 0.0000000e+00, Dinf 1.0942315e+01     59s


Root simplex log...

Iteration    Objective       Primal Inf.    Dual Inf.      Time
   15284    2.8536130e+09   0.000000e+00   1.094232e+01     59s
   15285    2.8536130e+09   0.000000e+00   0.000000e+00     59s
Concurrent spin time: 0.01s

Solved with barrier
   15297    2.8536130e+09   0.000000e+00   0.000000e+00     60s
Extra simplex iterations after uncrush: 12

Root relaxation: objective 2.853613e+09, 15297 iterations, 36.48 seconds (28.49 work units)
Total elapsed time = 60.45s

    Nodes    |    Current Node    |     Objective Bounds      |     Work
 Expl Unexpl |  Obj  Depth IntInf | Incumbent    BestBd   Gap | It/Node Time

     0     0 2.8536e+09    0  415          - 2.8536e+09      -     -   63s
     0     0 2.8535e+09    0  400          - 2.8535e+09      -     -  137s
     0     0 2.8534e+09    0  412          - 2.8534e+09      -     -  166s
     0     0 2.8534e+09    0  417          - 2.8534e+09      -     -  180s
     0     0 2.8534e+09    0  407          - 2.8534e+09      -     -  210s
     0     0 2.8534e+09    0  415          - 2.8534e+09      -     -  220s
     0     0 2.8533e+09    0  425          - 2.8533e+09      -     -  268s
     0     0 2.8533e+09    0  420          - 2.8533e+09      -     -  305s
     0     0 2.8533e+09    0  423          - 2.8533e+09      -     -  308s
     0     0 2.8533e+09    0  463          - 2.8533e+09      -     -  339s
     0     0 2.8533e+09    0  452          - 2.8533e+09      -     -  351s
     0     0 2.8525e+09    0  415          - 2.8525e+09      -     -  464s
     0     0 2.8524e+09    0  414          - 2.8524e+09      -     -  485s
     0     0 2.8524e+09    0  420          - 2.8524e+09      -     -  488s
     0     0 2.8524e+09    0  416          - 2.8524e+09      -     -  490s
     0     0 2.8516e+09    0  426          - 2.8516e+09      -     -  543s
     0     0 2.8516e+09    0  448          - 2.8516e+09      -     -  573s
     0     0 2.8516e+09    0  445          - 2.8516e+09      -     -  574s
     0     0 2.8510e+09    0  419          - 2.8510e+09      -     -  641s
     0     0 2.8510e+09    0  429          - 2.8510e+09      -     -  668s
     0     0 2.8510e+09    0  432          - 2.8510e+09      -     -  669s
     0     0 2.8510e+09    0  442          - 2.8510e+09      -     -  699s
     0     0 2.8510e+09    0  450          - 2.8510e+09      -     -  719s
     0     0 2.8510e+09    0  455          - 2.8510e+09      -     -  724s
     0     0 2.8510e+09    0  455          - 2.8510e+09      -     -  734s
     0     0 2.8510e+09    0  454          - 2.8510e+09      -     -  739s
     0     0 2.8510e+09    0  454          - 2.8510e+09      -     -  752s
     0     0 2.8510e+09    0  455          - 2.8510e+09      -     -  755s
     0     0 2.8510e+09    0  452          - 2.8510e+09      -     -  761s
     0     2 2.8510e+09    0  445          - 2.8510e+09      -     - 1057s
     1     4 2.8510e+09    1  435          - 2.8510e+09      -  4111 1168s
     3     8 2.8510e+09    2  440          - 2.8510e+09      -  4109 1233s
     7    16 2.8510e+09    3  427          - 2.8510e+09      -  3014 1477s
    15    32 2.8510e+09    4  426          - 2.8510e+09      -  4538 1966s
    31    52 2.8510e+09    5  416          - 2.8510e+09      -  9078 4655s
    51    72 2.8510e+09    6  376          - 2.8510e+09      - 46261 5029s
H   59    72                    2.730021e+09 2.8510e+09  4.43% 40290 5031s
    71    92 2.8510e+09    7  401 2.7300e+09 2.8510e+09  4.43% 34009 5282s
H   80    92                    2.750316e+09 2.8510e+09  3.66% 30540 5283s
    91   112 2.8510e+09    8  387 2.7503e+09 2.8510e+09  3.66% 27157 5635s
   111   139 2.8510e+09    8  405 2.7503e+09 2.8510e+09  3.66% 22784 6136s
   138   162 2.8510e+09    9  403 2.7503e+09 2.8510e+09  3.66% 18886 6414s
H  141   162                    2.770723e+09 2.8510e+09  2.90% 18499 6416s
   161   188 2.8510e+09   11  410 2.7707e+09 2.8510e+09  2.90% 16484 6763s
   187   208 2.8510e+09   13  393 2.7707e+09 2.8510e+09  2.90% 14550 10801s
H  204   208                    2.782101e+09 2.8510e+09  2.48% 13503 10803s
H  205   208                    2.792122e+09 2.8510e+09  2.11% 13442 10805s

Cutting planes:
  Cover: 64
  Implied bound: 37
  Clique: 19
  MIR: 46
  Flow cover: 51
  GUB cover: 6
  Network: 145
  RLT: 13
  Relax-and-lift: 38

Explored 207 nodes (2839446 simplex iterations) in 10805.61 seconds (7195.80 work units)
Thread count was 20 (of 40 available processors)

Solution count 5: 2.79212e+09 2.7821e+09 2.77072e+09 ... 2.73002e+09

Time limit reached
Best objective 2.792122408116e+09, best bound 2.851031889955e+09, gap 2.1098%
Gurobi Optimizer version 10.0.1 build v10.0.1rc0 (linux64)

CPU model: Intel(R) Xeon(R) Gold 5115 CPU @ 2.40GHz, instruction set [SSE2|AVX|AVX2|AVX512]
Thread count: 20 physical cores, 40 logical processors, using up to 20 threads

Optimize a model with 178532 rows, 1639804 columns and 12006118 nonzeros
Model fingerprint: 0x0b65552e
Variable types: 413318 continuous, 1226486 integer (1226486 binary)
Coefficient statistics:
  Matrix range     [1e+00, 2e+05]
  Objective range  [4e+01, 4e+07]
  Bounds range     [1e-08, 3e+05]
  RHS range        [1e+00, 8e+06]
Presolve removed 147117 rows and 998808 columns (presolve time = 5s) ...
Presolve removed 153738 rows and 1095306 columns (presolve time = 10s) ...
Presolve removed 153861 rows and 1099111 columns (presolve time = 15s) ...
Presolve removed 153910 rows and 1099316 columns (presolve time = 20s) ...
Presolve removed 153910 rows and 1099316 columns (presolve time = 25s) ...
Presolve removed 154356 rows and 1112314 columns
Presolve time: 29.17s
Presolved: 24176 rows, 527490 columns, 2467664 nonzeros
Variable types: 281020 continuous, 246470 integer (246455 binary)
Deterministic concurrent LP optimizer: primal simplex, dual simplex, and barrier
Showing barrier log only...

Root barrier log...

Ordering time: 4.60s

Barrier statistics:
 AA' NZ     : 1.306e+06
 Factor NZ  : 7.810e+06 (roughly 300 MB of memory)
 Factor Ops : 1.020e+10 (less than 1 second per iteration)
 Threads    : 17

                  Objective                Residual
Iter       Primal          Dual         Primal    Dual     Compl     Time
   0  -2.51063383e+16  3.77410102e+12  1.03e+09 8.83e+04  8.56e+10    40s
   1  -1.03878440e+16  3.50474812e+12  4.31e+08 3.84e+05  3.62e+10    40s
   2  -2.99713575e+15  3.01610977e+12  1.25e+08 1.55e+05  1.07e+10    40s
   3  -4.18775284e+14  2.01175384e+12  1.74e+07 2.50e-09  1.53e+09    40s
   4  -5.37522385e+13  1.48986676e+12  2.24e+06 3.38e-09  1.98e+08    41s
   5  -2.12380460e+13  6.13042426e+11  8.83e+05 2.64e-09  8.16e+07    41s
   6  -3.14913048e+12  4.03742674e+11  1.31e+05 5.30e-09  1.24e+07    41s
   7  -2.63044879e+12  2.83226933e+11  1.09e+05 5.06e-09  1.03e+07    41s
   8  -6.49578844e+11  1.93213608e+11  2.71e+04 1.28e-09  2.69e+06    42s
   9  -3.72946335e+11  1.62764526e+11  1.56e+04 1.40e-09  1.57e+06    42s
  10  -9.94695492e+10  1.15066262e+11  4.25e+03 1.40e-09  4.74e+05    42s
  11  -1.85780185e+10  5.57701493e+10  9.01e+02 1.28e-09  1.20e+05    42s
  12  -3.67164721e+09  2.10219471e+10  2.86e+02 1.37e-09  3.61e+04    43s
  13  -2.67658821e+08  1.50491980e+10  1.48e+02 1.43e-09  2.07e+04    43s
  14   1.81428564e+09  1.16201521e+10  6.37e+01 7.48e-09  1.19e+04    43s
  15   2.12999686e+09  9.63436623e+09  5.13e+01 5.62e-09  9.16e+03    43s
  16   2.38820317e+09  8.04922028e+09  4.13e+01 4.57e-09  6.99e+03    44s
  17   2.47647740e+09  7.35439540e+09  3.80e+01 4.92e-09  6.11e+03    44s
  18   2.59564720e+09  6.95670458e+09  3.38e+01 5.03e-09  5.44e+03    44s
  19   2.73534007e+09  6.26160603e+09  2.83e+01 3.58e-09  4.43e+03    44s
  20   2.89577806e+09  5.48981332e+09  2.24e+01 3.29e-09  3.31e+03    45s
  21   3.00290914e+09  5.22681040e+09  1.85e+01 3.99e-09  2.81e+03    45s
  22   3.09824100e+09  4.77141712e+09  1.49e+01 4.66e-09  2.15e+03    46s
  23   3.22198339e+09  4.48472234e+09  1.03e+01 5.12e-09  1.58e+03    46s
  24   3.30190220e+09  4.28637363e+09  7.31e+00 4.66e-09  1.21e+03    46s
  25   3.38004802e+09  4.08349074e+09  4.24e+00 4.66e-09  8.35e+02    46s
  26   3.41178496e+09  3.92544619e+09  3.00e+00 4.07e-09  6.05e+02    47s
  27   3.41894614e+09  3.77915701e+09  2.71e+00 5.59e-09  4.35e+02    47s
  28   3.44587230e+09  3.70463371e+09  1.58e+00 4.42e-09  2.95e+02    47s
  29   3.46454918e+09  3.62902459e+09  7.76e-01 4.54e-09  1.75e+02    48s
  30   3.47192290e+09  3.58056011e+09  4.74e-01 4.42e-09  1.10e+02    48s
  31   3.47491062e+09  3.54662256e+09  3.66e-01 4.42e-09  6.99e+01    49s
  32   3.47854311e+09  3.53426573e+09  2.48e-01 4.42e-09  5.32e+01    49s
  33   3.47989604e+09  3.51816557e+09  2.06e-01 4.42e-09  3.54e+01    49s
  34   3.48105839e+09  3.51665657e+09  1.77e-01 3.84e-09  3.29e+01    49s
  35   3.48131382e+09  3.50805334e+09  1.70e-01 2.39e-09  2.40e+01    50s
  36   3.48169121e+09  3.50656998e+09  1.61e-01 3.84e-09  2.22e+01    50s
  37   3.48253441e+09  3.50522189e+09  1.43e-01 4.42e-09  2.02e+01    51s
  38   3.48456925e+09  3.50153093e+09  1.03e-01 3.49e-09  1.50e+01    51s
  39   3.48608569e+09  3.49946872e+09  7.69e-02 3.73e-09  1.18e+01    51s
  40   3.48719935e+09  3.49746241e+09  6.27e-02 2.21e-09  8.95e+00    52s
  41   3.48805155e+09  3.49703728e+09  5.17e-02 4.07e-09  7.87e+00    52s
  42   3.48922403e+09  3.49637216e+09  3.75e-02 3.84e-09  6.29e+00    52s
  43   3.48951315e+09  3.49595816e+09  3.45e-02 2.91e-09  5.66e+00    53s
  44   3.49013920e+09  3.49546333e+09  2.80e-02 1.98e-09  4.67e+00    53s
  45   3.49047311e+09  3.49510910e+09  2.50e-02 2.15e-09  4.06e+00    53s
  46   3.49082430e+09  3.49486733e+09  2.20e-02 2.33e-09  3.53e+00    54s
  47   3.49127462e+09  3.49470829e+09  1.82e-02 2.91e-09  3.01e+00    54s
  48   3.49158564e+09  3.49445694e+09  1.57e-02 2.91e-09  2.51e+00    55s
  49   3.49190090e+09  3.49424944e+09  1.33e-02 1.98e-09  2.04e+00    55s
  50   3.49220487e+09  3.49417819e+09  1.09e-02 1.98e-09  1.72e+00    55s
  51   3.49239590e+09  3.49408864e+09  9.55e-03 2.04e-09  1.47e+00    56s
  52   3.49251527e+09  3.49402780e+09  8.67e-03 2.44e-09  1.31e+00    56s
  53   3.49276358e+09  3.49396032e+09  6.87e-03 2.04e-09  1.04e+00    57s
  54   3.49287354e+09  3.49389588e+09  6.08e-03 1.80e-09  8.84e-01    57s
  55   3.49305680e+09  3.49385875e+09  4.74e-03 1.90e-09  6.93e-01    58s
  56   3.49314704e+09  3.49380962e+09  4.09e-03 1.86e-09  5.70e-01    58s
  57   3.49333249e+09  3.49378371e+09  2.75e-03 1.63e-09  3.89e-01    59s
  58   3.49345977e+09  3.49377121e+09  1.84e-03 1.63e-09  2.69e-01    59s
  59   3.49356455e+09  3.49375389e+09  1.10e-03 2.21e-09  1.64e-01    60s
  60   3.49360488e+09  3.49374299e+09  8.16e-04 2.56e-09  1.19e-01    60s
  61   3.49365093e+09  3.49373934e+09  4.88e-04 3.49e-09  7.69e-02    61s
  62   3.49367134e+09  3.49373682e+09  3.48e-04 3.84e-09  5.72e-02    61s
  63   3.49368834e+09  3.49373301e+09  2.33e-04 2.56e-09  3.91e-02    61s
  64   3.49370808e+09  3.49372969e+09  1.00e-04 1.86e-09  1.91e-02    61s
  65   3.49371369e+09  3.49372689e+09  6.36e-05 2.79e-09  1.16e-02    62s
  66   3.49371966e+09  3.49372491e+09  2.50e-05 3.73e-09  4.63e-03    62s
  67   3.49372213e+09  3.49372433e+09  9.48e-06 1.86e-09  1.95e-03    62s
  68   3.49372303e+09  3.49372381e+09  3.93e-06 2.79e-09  6.80e-04    62s
  69   3.49372367e+09  3.49372374e+09  1.01e-06 3.73e-09  7.22e-05    63s
  70   3.49372369e+09  3.49372370e+09  2.32e-08 3.14e-09  1.25e-06    63s
  71   3.49372370e+09  3.49372370e+09  1.28e-09 4.42e-09  1.11e-10    63s

Barrier solved model in 71 iterations and 63.29 seconds (68.88 work units)
Optimal objective 3.49372370e+09


Root crossover log...

   14143 DPushes remaining with DInf 0.0000000e+00                63s
       0 DPushes remaining with DInf 0.0000000e+00                64s

     707 PPushes remaining with PInf 0.0000000e+00                64s
       0 PPushes remaining with PInf 0.0000000e+00                64s

  Push phase complete: Pinf 0.0000000e+00, Dinf 2.3239133e-01     64s


Root simplex log...

Iteration    Objective       Primal Inf.    Dual Inf.      Time
   14365    3.4937237e+09   0.000000e+00   2.323913e-01     64s
   14369    3.4937237e+09   0.000000e+00   0.000000e+00     65s
Concurrent spin time: 0.01s

Solved with barrier
   14369    3.4937237e+09   0.000000e+00   0.000000e+00     65s

Root relaxation: objective 3.493724e+09, 14369 iterations, 32.52 seconds (21.94 work units)
Total elapsed time = 65.42s

    Nodes    |    Current Node    |     Objective Bounds      |     Work
 Expl Unexpl |  Obj  Depth IntInf | Incumbent    BestBd   Gap | It/Node Time

     0     0 3.4937e+09    0  335          - 3.4937e+09      -     -   67s
     0     0 3.4928e+09    0  319          - 3.4928e+09      -     -  120s
     0     0 3.4924e+09    0  280          - 3.4924e+09      -     -  165s
     0     0 3.4924e+09    0  285          - 3.4924e+09      -     -  171s
     0     0 3.4924e+09    0  289          - 3.4924e+09      -     -  216s
     0     0 3.4924e+09    0  288          - 3.4924e+09      -     -  239s
     0     0 3.4924e+09    0  293          - 3.4924e+09      -     -  248s
     0     0 3.4924e+09    0  282          - 3.4924e+09      -     -  276s
     0     0 3.4924e+09    0  282          - 3.4924e+09      -     -  287s
     0     0 3.4924e+09    0  276          - 3.4924e+09      -     -  288s
     0     0 3.4924e+09    0  315          - 3.4924e+09      -     -  336s
     0     0 3.4924e+09    0  312          - 3.4924e+09      -     -  358s
     0     0 3.4924e+09    0  293          - 3.4924e+09      -     -  429s
     0     0 3.4924e+09    0  302          - 3.4924e+09      -     -  448s
     0     0 3.4924e+09    0  305          - 3.4924e+09      -     -  449s
     0     0 3.4924e+09    0  299          - 3.4924e+09      -     -  460s
     0     0 3.4924e+09    0  297          - 3.4924e+09      -     -  467s
     0     0 3.4924e+09    0  303          - 3.4924e+09      -     -  500s
     0     0 3.4924e+09    0  315          - 3.4924e+09      -     -  514s
     0     0 3.4924e+09    0  311          - 3.4924e+09      -     -  546s
     0     0 3.4924e+09    0  311          - 3.4924e+09      -     -  557s
     0     0 3.4924e+09    0  321          - 3.4924e+09      -     -  569s
     0     0 3.4924e+09    0  303          - 3.4924e+09      -     -  583s
     0     0 3.4924e+09    0  315          - 3.4924e+09      -     -  590s
     0     0 3.4924e+09    0  306          - 3.4924e+09      -     -  597s
     0     2 3.4924e+09    0  305          - 3.4924e+09      -     -  785s
     1     4 3.4924e+09    1  306          - 3.4924e+09      -  2183  919s
     3     8 3.4924e+09    2  307          - 3.4924e+09      -  2698 1084s
     7    16 3.4924e+09    3  292          - 3.4924e+09      -  2547 1247s
    15    32 3.4924e+09    4  299          - 3.4924e+09      -  2134 1566s
    31    52 3.4924e+09    5  303          - 3.4924e+09      -  2490 1758s
    51    72 3.4923e+09    6  309          - 3.4924e+09      -  2421 1945s
    71    92 3.4924e+09    6  266          - 3.4924e+09      -  2494 2199s
    91   112 3.4923e+09    7  251          - 3.4924e+09      -  2596 2380s
   111   133 3.4923e+09    7  281          - 3.4923e+09      -  2491 2543s
   132   154 3.4923e+09    8  233          - 3.4923e+09      -  2475 2721s
   153   176 3.4923e+09    8  244          - 3.4923e+09      -  2436 2903s
   175   199 3.4923e+09    9  247          - 3.4923e+09      -  2431 3034s
   198   222 3.4923e+09   10  251          - 3.4923e+09      -  2356 3166s
   221   245 3.4923e+09   11  238          - 3.4923e+09      -  2303 3275s
   244   269 3.4923e+09   12  236          - 3.4923e+09      -  2283 3495s
   268   295 3.4923e+09   12  263          - 3.4923e+09      -  2237 3702s
   294   322 3.4923e+09   13  267          - 3.4923e+09      -  2190 3958s
   321   354 3.4923e+09   14  262          - 3.4923e+09      -  2156 4200s
   353   384 3.4923e+09   16  266          - 3.4923e+09      -  2075 4408s
   383   420 3.4923e+09   17  222          - 3.4923e+09      -  2060 4598s
   419   480 3.4923e+09   18  260          - 3.4923e+09      -  2022 5119s
   479   548 3.4923e+09   21  255          - 3.4923e+09      -  2001 5547s
H  515   548                    3.402712e+09 3.4923e+09  2.63%  1963 5548s
H  547   619                    3.402712e+09 3.4923e+09  2.63%  1963 5815s
H  561   619                    3.407312e+09 3.4923e+09  2.50%  1932 5816s
H  563   619                    3.414902e+09 3.4923e+09  2.27%  1930 5818s
H  569   619                    3.415835e+09 3.4923e+09  2.24%  1943 5820s
H  582   619                    3.420240e+09 3.4923e+09  2.11%  1919 5822s
   618   767 3.4914e+09   30  255 3.4202e+09 3.4923e+09  2.11%  1873 6334s
H  766   790                    3.451278e+09 3.4923e+09  1.19%  1674 7546s
H  767   790                    3.452482e+09 3.4923e+09  1.15%  1672 7547s
H  768   790                    3.452951e+09 3.4923e+09  1.14%  1670 7548s
H  770   790                    3.465411e+09 3.4923e+09  0.78%  1668 7549s
   789   947 3.4891e+09   32  237 3.4654e+09 3.4923e+09  0.78%  1657 8154s
   946  1087 3.4923e+09   36  259 3.4654e+09 3.4923e+09  0.78%  1529 8806s
H 1071  1087                    3.466114e+09 3.4923e+09  0.76%  1443 8808s
  1086  1202 3.4923e+09   45  274 3.4661e+09 3.4923e+09  0.76%  1439 9195s
H 1093  1202                    3.466238e+09 3.4923e+09  0.75%  1435 9196s
H 1094  1202                    3.466485e+09 3.4923e+09  0.75%  1435 9197s
H 1127  1202                    3.466491e+09 3.4923e+09  0.75%  1431 9199s
  1201  1421 3.4923e+09   51  244 3.4665e+09 3.4923e+09  0.75%  1376 9983s
H 1211  1421                    3.466491e+09 3.4923e+09  0.75%  1371 9985s
  1420  1703 3.4923e+09   60  257 3.4665e+09 3.4923e+09  0.75%  1288 10606s
H 1591  1703                    3.466565e+09 3.4923e+09  0.74%  1216 10608s
H 1610  1703                    3.466608e+09 3.4923e+09  0.74%  1212 10609s
  1730  1831 3.4923e+09   69  286 3.4666e+09 3.4923e+09  0.74%  1171 10800s

Cutting planes:
  Cover: 23
  Implied bound: 38
  Clique: 5
  MIR: 51
  StrongCG: 1
  Flow cover: 43
  GUB cover: 3
  Zero half: 1
  Network: 31
  RLT: 12
  Relax-and-lift: 15

Explored 1866 nodes (2145942 simplex iterations) in 10800.52 seconds (4468.76 work units)
Thread count was 20 (of 40 available processors)

Solution count 10: 3.46661e+09 3.46657e+09 3.46649e+09 ... 3.45248e+09

Time limit reached
Best objective 3.466607819176e+09, best bound 3.492348992585e+09, gap 0.7425%
Gurobi Optimizer version 10.0.1 build v10.0.1rc0 (linux64)

CPU model: Intel(R) Xeon(R) Gold 5115 CPU @ 2.40GHz, instruction set [SSE2|AVX|AVX2|AVX512]
Thread count: 20 physical cores, 40 logical processors, using up to 20 threads

Optimize a model with 180379 rows, 1646149 columns and 11840018 nonzeros
Model fingerprint: 0xe92abe8f
Variable types: 24678 continuous, 1621471 integer (1621471 binary)
Coefficient statistics:
  Matrix range     [1e+00, 2e+05]
  Objective range  [4e+01, 4e+07]
  Bounds range     [2e-15, 3e+05]
  RHS range        [1e+00, 8e+06]
Presolve removed 168410 rows and 1516890 columns (presolve time = 5s) ...
Presolve removed 168390 rows and 1516870 columns
Presolve time: 7.10s
Presolved: 11989 rows, 129279 columns, 613812 nonzeros
Variable types: 3741 continuous, 125538 integer (125510 binary)
Deterministic concurrent LP optimizer: primal simplex, dual simplex, and barrier
Showing barrier log only...

Root barrier log...

Ordering time: 0.45s

Barrier statistics:
 AA' NZ     : 2.864e+05
 Factor NZ  : 1.305e+06 (roughly 60 MB of memory)
 Factor Ops : 6.834e+08 (less than 1 second per iteration)
 Threads    : 17

                  Objective                Residual
Iter       Primal          Dual         Primal    Dual     Compl     Time
   0  -2.58503546e+15  1.27653023e+12  3.65e+08 1.43e+05  4.89e+10    10s
   1  -4.84337701e+14  1.23762819e+12  6.91e+07 3.86e+05  9.30e+09    10s
   2  -4.91986883e+13  9.10150978e+11  7.16e+06 9.48e+03  9.72e+08    10s
   3  -1.93862100e+13  5.44333419e+11  2.82e+06 4.76e+01  3.85e+08    10s
   4  -4.19225620e+12  3.75250376e+11  6.09e+05 3.95e+00  8.43e+07    10s
   5  -6.74936826e+11  1.69807558e+11  9.83e+04 1.16e-09  1.40e+07    10s
   6  -4.23727269e+11  1.10914283e+11  6.19e+04 1.05e-09  8.83e+06    10s
   7  -3.36410594e+11  7.92638114e+10  4.92e+04 9.31e-10  7.02e+06    10s
   8  -1.45255142e+11  5.93185570e+10  2.15e+04 9.31e-10  3.13e+06    10s
   9  -5.04265570e+10  4.48832779e+10  7.75e+03 9.90e-10  1.17e+06    10s
  10  -1.14666479e+10  3.53740402e+10  2.12e+03 8.15e-10  3.90e+05    10s
  11  -2.83706615e+09  1.89335039e+10  8.82e+02 8.15e-10  1.55e+05    11s
  12   1.20862941e+09  1.00071913e+10  3.07e+02 9.31e-10  5.45e+04    11s
  13   2.35759437e+09  7.67292420e+09  1.47e+02 9.60e-10  3.00e+04    11s
  14   2.55295277e+09  5.91446198e+09  1.21e+02 1.92e-09  2.02e+04    11s
  15   2.87380604e+09  5.27489429e+09  7.79e+01 1.80e-09  1.39e+04    11s
  16   2.93971627e+09  5.01963642e+09  6.81e+01 1.78e-09  1.20e+04    11s
  17   3.14340286e+09  4.70339882e+09  4.15e+01 2.07e-09  8.42e+03    11s
  18   3.28764614e+09  4.33061361e+09  2.36e+01 1.69e-09  5.42e+03    11s
  19   3.31484489e+09  4.26756791e+09  2.04e+01 2.10e-09  4.89e+03    11s
  20   3.33223841e+09  4.12288018e+09  1.78e+01 1.51e-09  4.10e+03    11s
  21   3.35304086e+09  4.08574319e+09  1.54e+01 1.89e-09  3.75e+03    11s
  22   3.37672264e+09  4.04518895e+09  1.31e+01 2.21e-09  3.37e+03    11s
  23   3.40781430e+09  3.80485016e+09  9.58e+00 2.09e-09  2.12e+03    11s
  24   3.44772105e+09  3.70260869e+09  4.18e+00 2.10e-09  1.27e+03    11s
  25   3.46318405e+09  3.63174619e+09  1.87e+00 1.99e-09  7.90e+02    11s
  26   3.47014224e+09  3.57024705e+09  7.39e-01 2.15e-09  4.38e+02    11s
  27   3.47428290e+09  3.53074792e+09  1.63e-01 1.43e-09  2.33e+02    11s
  28   3.47502375e+09  3.50540741e+09  9.18e-02 1.05e-09  1.24e+02    12s
  29   3.47573884e+09  3.50010995e+09  5.14e-02 1.05e-09  9.88e+01    12s
  30   3.47605153e+09  3.49278913e+09  3.96e-02 1.01e-09  6.76e+01    12s
  31   3.47646524e+09  3.48926753e+09  2.86e-02 8.73e-10  5.16e+01    12s
  32   3.47662417e+09  3.48512336e+09  2.49e-02 1.40e-09  3.42e+01    12s
  33   3.47707586e+09  3.48415956e+09  1.91e-02 1.16e-09  2.85e+01    12s
  34   3.47735841e+09  3.48300941e+09  1.61e-02 1.40e-09  2.27e+01    12s
  35   3.47763934e+09  3.48223469e+09  1.37e-02 1.16e-09  1.84e+01    12s
  36   3.47788298e+09  3.48190055e+09  1.15e-02 1.63e-09  1.61e+01    12s
  37   3.47818138e+09  3.48152138e+09  9.12e-03 1.86e-09  1.34e+01    12s
  38   3.47837563e+09  3.48119044e+09  7.68e-03 1.16e-09  1.13e+01    12s
  39   3.47854264e+09  3.48082850e+09  6.55e-03 1.16e-09  9.16e+00    12s
  40   3.47887783e+09  3.48063263e+09  4.46e-03 9.31e-10  7.04e+00    12s
  41   3.47902212e+09  3.48040928e+09  3.65e-03 9.31e-10  5.56e+00    12s
  42   3.47923758e+09  3.48038511e+09  2.50e-03 1.05e-09  4.61e+00    12s
  43   3.47935131e+09  3.48022393e+09  2.02e-03 9.44e-10  3.50e+00    12s
  44   3.47959709e+09  3.48006162e+09  1.00e-03 1.16e-09  1.86e+00    12s
  45   3.47964073e+09  3.47997421e+09  8.34e-04 9.31e-10  1.34e+00    13s
  46   3.47967561e+09  3.47994309e+09  7.01e-04 9.31e-10  1.07e+00    13s
  47   3.47972097e+09  3.47993048e+09  5.38e-04 8.15e-10  8.40e-01    13s
  48   3.47978971e+09  3.47992050e+09  2.69e-04 9.31e-10  5.25e-01    13s
  49   3.47980980e+09  3.47989512e+09  1.93e-04 1.05e-09  3.42e-01    13s
  50   3.47983042e+09  3.47988885e+09  1.16e-04 1.28e-09  2.35e-01    13s
  51   3.47983957e+09  3.47988773e+09  8.38e-05 1.28e-09  1.94e-01    13s
  52   3.47984739e+09  3.47988071e+09  5.48e-05 1.05e-09  1.34e-01    13s
  53   3.47985531e+09  3.47987445e+09  2.62e-05 1.28e-09  7.70e-02    13s
  54   3.47986060e+09  3.47986896e+09  9.24e-06 1.16e-09  3.36e-02    13s
  55   3.47986270e+09  3.47986636e+09  2.69e-06 9.31e-10  1.48e-02    13s
  56   3.47986348e+09  3.47986419e+09  4.98e-07 1.05e-09  2.86e-03    13s
  57   3.47986366e+09  3.47986380e+09  5.85e-08 1.05e-09  5.66e-04    13s
  58   3.47986368e+09  3.47986368e+09  3.70e-09 1.63e-09  8.82e-06    13s
  59   3.47986368e+09  3.47986368e+09  7.01e-09 1.40e-09  4.07e-08    13s
  60   3.47986368e+09  3.47986368e+09  9.21e-10 1.40e-09  9.27e-11    13s

Barrier solved model in 60 iterations and 13.36 seconds (12.14 work units)
Optimal objective 3.47986368e+09


Root crossover log...

    3934 DPushes remaining with DInf 0.0000000e+00                13s
       0 DPushes remaining with DInf 0.0000000e+00                13s

     211 PPushes remaining with PInf 0.0000000e+00                13s
       0 PPushes remaining with PInf 0.0000000e+00                13s

  Push phase complete: Pinf 0.0000000e+00, Dinf 2.8757301e+00     13s


Root simplex log...

Iteration    Objective       Primal Inf.    Dual Inf.      Time
    4138    3.4798637e+09   0.000000e+00   2.875730e+00     13s
    4141    3.4798637e+09   0.000000e+00   0.000000e+00     14s
Concurrent spin time: 0.00s

Solved with barrier
    4141    3.4798637e+09   0.000000e+00   0.000000e+00     14s

Root relaxation: objective 3.479864e+09, 4141 iterations, 4.69 seconds (3.29 work units)

    Nodes    |    Current Node    |     Objective Bounds      |     Work
 Expl Unexpl |  Obj  Depth IntInf | Incumbent    BestBd   Gap | It/Node Time

     0     0 3.4799e+09    0  258          - 3.4799e+09      -     -   14s
H    0     0                    3.413427e+09 3.4799e+09  1.95%     -   31s
H    0     0                    3.417002e+09 3.4799e+09  1.84%     -   49s
     0     0 3.4795e+09    0  286 3.4170e+09 3.4795e+09  1.83%     -   59s
     0     0 3.4794e+09    0  270 3.4170e+09 3.4794e+09  1.83%     -   99s
     0     0 3.4794e+09    0  263 3.4170e+09 3.4794e+09  1.83%     -  101s
     0     0 3.4794e+09    0  266 3.4170e+09 3.4794e+09  1.83%     -  102s
     0     0 3.4775e+09    0  279 3.4170e+09 3.4775e+09  1.77%     -  109s
     0     0 3.4773e+09    0  276 3.4170e+09 3.4773e+09  1.76%     -  111s
     0     0 3.4773e+09    0  265 3.4170e+09 3.4773e+09  1.76%     -  111s
     0     0 3.4773e+09    0  267 3.4170e+09 3.4773e+09  1.76%     -  113s
     0     0 3.4772e+09    0  271 3.4170e+09 3.4772e+09  1.76%     -  113s
     0     0 3.4772e+09    0  272 3.4170e+09 3.4772e+09  1.76%     -  114s
     0     0 3.4763e+09    0  271 3.4170e+09 3.4763e+09  1.74%     -  119s
     0     0 3.4761e+09    0  249 3.4170e+09 3.4761e+09  1.73%     -  122s
     0     0 3.4761e+09    0  260 3.4170e+09 3.4761e+09  1.73%     -  123s
     0     0 3.4761e+09    0  291 3.4170e+09 3.4761e+09  1.73%     -  128s
     0     0 3.4761e+09    0  292 3.4170e+09 3.4761e+09  1.73%     -  132s
     0     0 3.4761e+09    0  286 3.4170e+09 3.4761e+09  1.73%     -  132s
     0     0 3.4761e+09    0  277 3.4170e+09 3.4761e+09  1.73%     -  141s
H    0     0                    3.417055e+09 3.4761e+09  1.73%     -  143s
     0     0 3.4761e+09    0  269 3.4171e+09 3.4761e+09  1.73%     -  146s
     0     0 3.4761e+09    0  285 3.4171e+09 3.4761e+09  1.73%     -  147s
     0     0 3.4761e+09    0  285 3.4171e+09 3.4761e+09  1.73%     -  148s
     0     0 3.4760e+09    0  278 3.4171e+09 3.4760e+09  1.73%     -  151s
     0     0 3.4760e+09    0  289 3.4171e+09 3.4760e+09  1.73%     -  153s
     0     0 3.4760e+09    0  293 3.4171e+09 3.4760e+09  1.73%     -  153s
H    0     0                    3.418566e+09 3.4760e+09  1.68%     -  156s
     0     0 3.4760e+09    0  293 3.4186e+09 3.4760e+09  1.68%     -  156s
     0     0 3.4760e+09    0  293 3.4186e+09 3.4760e+09  1.68%     -  157s
     0     0 3.4760e+09    0  274 3.4186e+09 3.4760e+09  1.68%     -  159s
     0     0 3.4760e+09    0  284 3.4186e+09 3.4760e+09  1.68%     -  160s
     0     0 3.4760e+09    0  280 3.4186e+09 3.4760e+09  1.68%     -  162s
     0     0 3.4760e+09    0  276 3.4186e+09 3.4760e+09  1.68%     -  163s
H    0     0                    3.447499e+09 3.4760e+09  0.83%     -  175s
     0     2 3.4760e+09    0  276 3.4475e+09 3.4760e+09  0.83%     -  176s
     7    16 3.4760e+09    3  281 3.4475e+09 3.4760e+09  0.83%   503  183s
    15    32 3.4760e+09    4  279 3.4475e+09 3.4760e+09  0.83%   625  188s
H   31    52                    3.449772e+09 3.4760e+09  0.76%   884  247s
H   32    52                    3.452643e+09 3.4760e+09  0.68%   869  248s
H   45    52                    3.453493e+09 3.4760e+09  0.65%   792  248s
    51    72 3.4760e+09    6  309 3.4535e+09 3.4760e+09  0.65%   860  267s
    71    92 3.4760e+09    7  309 3.4535e+09 3.4760e+09  0.65%   733  271s
   111   144 3.4760e+09    9  296 3.4535e+09 3.4760e+09  0.65%   557  277s
   143   171 3.4760e+09   10  293 3.4535e+09 3.4760e+09  0.65%   470  281s
   170   198 3.4760e+09   12  279 3.4535e+09 3.4760e+09  0.65%   440  286s
   197   227 3.4760e+09   13  280 3.4535e+09 3.4760e+09  0.65%   412  292s
   226   256 3.4760e+09   14  267 3.4535e+09 3.4760e+09  0.65%   386  298s
   255   283 3.4760e+09   15  286 3.4535e+09 3.4760e+09  0.65%   365  302s
   282   316 3.4760e+09   16  287 3.4535e+09 3.4760e+09  0.65%   351  306s
   317   347 3.4760e+09   18  281 3.4535e+09 3.4760e+09  0.65%   331  310s
   354   378 3.4760e+09   19  288 3.4535e+09 3.4760e+09  0.65%   316  315s
   440   462 3.4760e+09   21  289 3.4535e+09 3.4760e+09  0.65%   290  322s
   487   553 3.4760e+09   22  292 3.4535e+09 3.4760e+09  0.65%   277  328s
   579   664 3.4760e+09   25  278 3.4535e+09 3.4760e+09  0.65%   262  336s
   690   813 3.4760e+09   29  279 3.4535e+09 3.4760e+09  0.65%   242  347s
   841   976 3.4760e+09   36  255 3.4535e+09 3.4760e+09  0.65%   222  362s
  1004  1179 3.4760e+09   39  254 3.4535e+09 3.4760e+09  0.65%   212  375s
  1209  1442 3.4760e+09   46  250 3.4535e+09 3.4760e+09  0.65%   195  395s
  1473  1717 3.4760e+09   52  248 3.4535e+09 3.4760e+09  0.65%   180  413s
  1757  2021 3.4742e+09   55  243 3.4535e+09 3.4760e+09  0.65%   171  432s
  2063  2337 3.4760e+09   57  258 3.4535e+09 3.4760e+09  0.65%   162  453s
  2397  2687 3.4760e+09   61  282 3.4535e+09 3.4760e+09  0.65%   156  481s
  2751  3152 3.4760e+09   67  281 3.4535e+09 3.4760e+09  0.65%   151  503s
  3216  3700 3.4760e+09   81  292 3.4535e+09 3.4760e+09  0.65%   143  528s
  3780  4246 3.4760e+09   86  305 3.4535e+09 3.4760e+09  0.65%   133  557s
H 4341  4532                    3.454125e+09 3.4760e+09  0.63%   126  585s
H 4350  4531                    3.454183e+09 3.4760e+09  0.63%   126  585s
H 4394  4526                    3.454279e+09 3.4760e+09  0.63%   127  585s
H 4409  4507                    3.454486e+09 3.4760e+09  0.62%   127  586s
  4689  5329 3.4759e+09   99  258 3.4545e+09 3.4760e+09  0.62%   123  620s
  5511  6134 3.4759e+09  112  267 3.4545e+09 3.4760e+09  0.62%   114  652s
H 6182  6134                    3.454491e+09 3.4760e+09  0.62%   109  653s
  6321  7257 3.4759e+09  128  268 3.4545e+09 3.4760e+09  0.62%   107  683s
  7456  8428 3.4759e+09  142  262 3.4545e+09 3.4760e+09  0.62%  99.2  715s
H 7817  8428                    3.454507e+09 3.4760e+09  0.62%  98.4  715s
  8660  9329 3.4759e+09  162  265 3.4545e+09 3.4760e+09  0.62%  93.1  853s
H 8675  9317                    3.454993e+09 3.4760e+09  0.61%  93.2  853s
H 8690  9317                    3.455007e+09 3.4760e+09  0.61%  93.3  854s
H 8761  9317                    3.455119e+09 3.4760e+09  0.60%  93.9  854s
H 8816  9316                    3.455215e+09 3.4760e+09  0.60%  93.6  854s
H 8861  9313                    3.455336e+09 3.4760e+09  0.60%  93.4  854s
H 8928  9288                    3.455543e+09 3.4760e+09  0.59%  92.9  855s
H 9562 10727                    3.455603e+09 3.4760e+09  0.59%  89.5  899s
H 9807 10695                    3.455688e+09 3.4760e+09  0.59%  90.1  899s
H10275 10692                    3.455910e+09 3.4760e+09  0.58%  88.1  900s
H11035 11923                    3.457178e+09 3.4760e+09  0.54%  84.2  939s
H11160 11210                    3.462178e+09 3.4760e+09  0.40%  84.8  939s
 12374 11012 3.4696e+09   70  276 3.4622e+09 3.4760e+09  0.40%  80.2 1904s
 12376 11013 3.4695e+09  313  261 3.4622e+09 3.4760e+09  0.40%  80.2 1924s
 12377 11014 3.4741e+09  288  272 3.4622e+09 3.4760e+09  0.40%  80.2 1962s
 12378 11015 3.4665e+09  604  273 3.4622e+09 3.4760e+09  0.40%  80.2 1971s
 12379 11015 3.4701e+09  597  269 3.4622e+09 3.4760e+09  0.40%  80.2 1977s
 12380 11016 3.4759e+09   74  273 3.4622e+09 3.4760e+09  0.40%  80.2 1984s
 12381 11017 3.4741e+09  241  271 3.4622e+09 3.4759e+09  0.40%  80.2 1988s
 12382 11017 3.4701e+09  445  286 3.4622e+09 3.4759e+09  0.40%  80.1 1992s
 12384 11019 3.4665e+09  513  298 3.4622e+09 3.4759e+09  0.40%  80.1 1999s
 12385 11019 3.4682e+09  587  298 3.4622e+09 3.4759e+09  0.40%  80.1 2004s
 12386 11020 3.4682e+09  732  257 3.4622e+09 3.4759e+09  0.40%  80.1 2037s
 12387 11021 3.4665e+09  786  282 3.4622e+09 3.4759e+09  0.40%  80.1 2040s
 12388 11021 3.4694e+09  721  280 3.4622e+09 3.4759e+09  0.40%  80.1 2046s
 12390 11023 3.4741e+09  155  322 3.4622e+09 3.4759e+09  0.40%  80.1 2051s
 12391 11023 3.4696e+09   90  322 3.4622e+09 3.4759e+09  0.40%  80.1 2055s
 12392 11024 3.4694e+09  840  286 3.4622e+09 3.4759e+09  0.40%  80.1 2069s
 12393 11025 3.4739e+09  637  312 3.4622e+09 3.4759e+09  0.40%  80.1 2072s
 12394 11025 3.4702e+09  314  301 3.4622e+09 3.4759e+09  0.39%  80.1 2075s
 12396 11027 3.4741e+09  223  336 3.4622e+09 3.4758e+09  0.39%  80.1 2085s
 12398 11028 3.4700e+09  696  328 3.4622e+09 3.4758e+09  0.39%  80.0 2090s
 12399 11029 3.4694e+09  316  312 3.4622e+09 3.4758e+09  0.39%  80.0 2096s
 12400 11029 3.4743e+09    9  312 3.4622e+09 3.4758e+09  0.39%  80.0 2100s
 12402 11031 3.4701e+09  639  312 3.4622e+09 3.4758e+09  0.39%  80.0 2110s
 12403 11031 3.4703e+09  206  322 3.4622e+09 3.4758e+09  0.39%  80.0 2117s
 12404 11032 3.4722e+09  285  317 3.4622e+09 3.4758e+09  0.39%  80.0 2153s
 12405 11033 3.4683e+09  305  334 3.4622e+09 3.4758e+09  0.39%  80.0 2171s
 12407 11034 3.4742e+09   34  332 3.4622e+09 3.4758e+09  0.39%  80.0 2177s
 12408 11035 3.4741e+09  151  324 3.4622e+09 3.4758e+09  0.39%  80.0 2180s
 12410 11036 3.4695e+09  440  358 3.4622e+09 3.4758e+09  0.39%  80.0 2186s
 12412 11037 3.4697e+09  159  364 3.4622e+09 3.4758e+09  0.39%  80.0 2193s
 12413 11038 3.4742e+09   82  323 3.4622e+09 3.4758e+09  0.39%  79.9 2264s
 12414 11039 3.4694e+09  656  326 3.4622e+09 3.4758e+09  0.39%  79.9 2265s
 12417 11041 3.4665e+09  875  336 3.4622e+09 3.4758e+09  0.39%  79.9 2272s
 12418 11041 3.4665e+09  694  300 3.4622e+09 3.4757e+09  0.39%  79.9 2321s
 12419 11042 3.4696e+09  172  303 3.4622e+09 3.4757e+09  0.39%  79.9 2327s
 12421 11043 3.4661e+09  953  315 3.4622e+09 3.4757e+09  0.39%  79.9 2333s
 12422 11044 3.4741e+09  210  320 3.4622e+09 3.4757e+09  0.39%  79.9 2336s
 12423 11045 3.4696e+09   62  316 3.4622e+09 3.4757e+09  0.39%  79.9 2340s
 12424 11045 3.4742e+09    7  318 3.4622e+09 3.4756e+09  0.39%  79.9 2350s
 12427 11047 3.4695e+09  575  324 3.4622e+09 3.4756e+09  0.39%  79.9 2356s
 12429 11049 3.4741e+09  201  330 3.4622e+09 3.4756e+09  0.39%  79.8 2362s
 12430 11049 3.4721e+09  370  329 3.4622e+09 3.4756e+09  0.39%  79.8 2373s
 12431 11050 3.4666e+09  390  335 3.4622e+09 3.4756e+09  0.39%  79.8 2375s
 12433 11051 3.4683e+09  352  351 3.4622e+09 3.4756e+09  0.39%  79.8 2382s
 12434 11052 3.4681e+09  841  336 3.4622e+09 3.4756e+09  0.39%  79.8 2390s
 12437 11054 3.4729e+09  398  333 3.4622e+09 3.4756e+09  0.39%  79.8 2396s
 12438 11055 3.4696e+09  169  342 3.4622e+09 3.4756e+09  0.39%  79.8 2401s
 12439 11055 3.4740e+09  168  327 3.4622e+09 3.4756e+09  0.39%  79.8 2409s
 12440 11056 3.4722e+09  217  338 3.4622e+09 3.4756e+09  0.39%  79.8 2411s
 12441 11057 3.4721e+09  596  340 3.4622e+09 3.4756e+09  0.39%  79.8 2415s
 12442 11057 3.4741e+09  248  349 3.4622e+09 3.4756e+09  0.39%  79.8 2423s
 12443 11058 3.4729e+09  376  366 3.4622e+09 3.4756e+09  0.39%  79.8 2425s
 12445 11059 3.4684e+09  125  364 3.4622e+09 3.4756e+09  0.39%  79.7 2431s
 12446 11060 3.4742e+09  149  349 3.4622e+09 3.4756e+09  0.39%  79.7 2440s
 12448 11061 3.4682e+09  752  350 3.4622e+09 3.4756e+09  0.39%  79.7 2446s
 12449 11062 3.4756e+09   92  341 3.4622e+09 3.4756e+09  0.39%  79.7 2453s
 12451 11063 3.4697e+09  207  354 3.4622e+09 3.4756e+09  0.39%  79.7 2460s
 12452 11064 3.4740e+09  417  349 3.4622e+09 3.4756e+09  0.39%  79.7 2466s
 12455 11067 3.4665e+09  497  276 3.4622e+09 3.4756e+09  0.39%  84.2 2472s
 12457 11068 3.4741e+09  131  252 3.4622e+09 3.4756e+09  0.39%  84.2 2514s
 12458 11069 3.4730e+09  329  263 3.4622e+09 3.4756e+09  0.39%  84.2 2557s
 12459 11070 3.4683e+09   35  257 3.4622e+09 3.4756e+09  0.39%  84.2 2575s
 12460 11070 3.4696e+09  168  247 3.4622e+09 3.4756e+09  0.39%  84.2 2582s
 12461 11071 3.4741e+09   76  261 3.4622e+09 3.4756e+09  0.39%  84.2 2586s
 12462 11072 3.4695e+09   79  278 3.4622e+09 3.4756e+09  0.39%  84.2 2591s
 12463 11072 3.4695e+09  557  292 3.4622e+09 3.4756e+09  0.39%  84.1 2601s
 12464 11073 3.4722e+09  346  273 3.4622e+09 3.4756e+09  0.39%  84.1 2610s
 12465 11074 3.4702e+09  236  288 3.4622e+09 3.4756e+09  0.39%  84.1 2626s
 12466 11074 3.4722e+09  205  278 3.4622e+09 3.4756e+09  0.39%  84.1 2633s
 12467 11075 3.4666e+09  381  293 3.4622e+09 3.4756e+09  0.39%  84.1 2655s
 12468 11076 3.4722e+09  354  303 3.4622e+09 3.4756e+09  0.39%  84.1 2663s
 12469 11076 3.4741e+09   67  320 3.4622e+09 3.4756e+09  0.39%  84.1 2670s
 12470 11077 3.4721e+09  285  308 3.4622e+09 3.4756e+09  0.39%  84.1 2682s
 12471 11078 3.4694e+09  660  327 3.4622e+09 3.4756e+09  0.39%  84.1 2691s
 12472 11078 3.4683e+09  258  340 3.4622e+09 3.4756e+09  0.39%  84.1 2695s
 12474 11080 3.4696e+09   70  345 3.4622e+09 3.4756e+09  0.39%  84.1 2707s
 12475 11080 3.4713e+09  237  328 3.4622e+09 3.4756e+09  0.39%  84.1 2733s
 12476 11081 3.4695e+09  313  347 3.4622e+09 3.4756e+09  0.39%  84.1 2738s
 12477 11082 3.4741e+09  288  355 3.4622e+09 3.4756e+09  0.39%  84.1 2741s
 12478 11082 3.4665e+09  604  367 3.4622e+09 3.4756e+09  0.39%  84.0 2750s
 12479 11083 3.4701e+09  597  337 3.4622e+09 3.4756e+09  0.39%  84.0 2773s
 12480 11084 3.4756e+09   74  341 3.4622e+09 3.4756e+09  0.39%  84.0 2775s
 12483 11086 3.4739e+09  554  344 3.4622e+09 3.4756e+09  0.39%  84.0 2780s
 12484 11086 3.4665e+09  513  350 3.4622e+09 3.4756e+09  0.39%  84.0 2786s
 12485 11087 3.4682e+09  587  330 3.4622e+09 3.4755e+09  0.38%  84.0 2823s
 12486 11088 3.4682e+09  732  347 3.4622e+09 3.4755e+09  0.38%  84.0 2836s
 12487 11088 3.4665e+09  786  329 3.4622e+09 3.4755e+09  0.38%  84.0 2868s
 12488 11089 3.4694e+09  721  340 3.4622e+09 3.4755e+09  0.38%  84.0 2878s
 12489 11090 3.4666e+09  329  335 3.4622e+09 3.4755e+09  0.38%  84.0 2899s
 12490 11090 3.4741e+09  155  346 3.4622e+09 3.4755e+09  0.38%  84.0 2901s
 12492 11092 3.4694e+09  840  313 3.4622e+09 3.4754e+09  0.38%  84.0 2979s
 12493 11092 3.4739e+09  637  325 3.4622e+09 3.4754e+09  0.38%  83.9 2988s
 12494 11093 3.4702e+09  314  354 3.4622e+09 3.4754e+09  0.38%  83.9 3029s
 12495 11094 3.4754e+09   58  363 3.4622e+09 3.4754e+09  0.38%  83.9 3037s
 12496 11094 3.4741e+09  223  360 3.4622e+09 3.4754e+09  0.38%  83.9 3052s
 12497 11095 3.4739e+09  461  356 3.4622e+09 3.4754e+09  0.38%  83.9 3055s
 12498 11096 3.4700e+09  696  365 3.4622e+09 3.4754e+09  0.38%  83.9 3064s
 12499 11096 3.4694e+09  316  341 3.4622e+09 3.4754e+09  0.38%  83.9 3078s
 12500 11097 3.4743e+09    9  354 3.4622e+09 3.4754e+09  0.38%  83.9 3087s
 12501 11098 3.4714e+09   13  379 3.4622e+09 3.4754e+09  0.38%  83.9 3096s
 12502 11098 3.4701e+09  639  373 3.4622e+09 3.4754e+09  0.38%  83.9 3114s
 12503 11099 3.4703e+09  206  383 3.4622e+09 3.4754e+09  0.38%  83.9 3123s
 12504 11100 3.4722e+09  285  373 3.4622e+09 3.4754e+09  0.38%  83.9 3140s
 12506 11101 3.4742e+09   74  384 3.4622e+09 3.4754e+09  0.38%  83.9 3147s
 12507 11102 3.4742e+09   34  394 3.4622e+09 3.4754e+09  0.38%  83.9 3156s
 12508 11102 3.4741e+09  151  369 3.4622e+09 3.4754e+09  0.38%  83.8 3180s
 12510 11104 3.4695e+09  440  406 3.4622e+09 3.4754e+09  0.38%  83.8 3187s
 12511 11104 3.4739e+09  413  407 3.4622e+09 3.4754e+09  0.38%  83.8 3191s
 12512 11105 3.4697e+09  159  394 3.4622e+09 3.4753e+09  0.38%  83.8 3197s
 12513 11106 3.4742e+09   82  378 3.4622e+09 3.4753e+09  0.38%  83.8 3200s
 12515 11107 3.4701e+09  536  382 3.4622e+09 3.4753e+09  0.38%  83.8 3209s
 12516 11108 3.4742e+09   97  359 3.4622e+09 3.4752e+09  0.38%  83.8 3220s
 12518 11109 3.4665e+09  694  381 3.4622e+09 3.4752e+09  0.38%  83.8 3225s
 12519 11110 3.4696e+09  172  349 3.4622e+09 3.4752e+09  0.38%  83.8 3235s
 12520 11110 3.4666e+09  354  346 3.4622e+09 3.4752e+09  0.38%  83.8 3240s
 12521 11111 3.4661e+09  953  353 3.4622e+09 3.4752e+09  0.38%  83.8 3247s
 12523 11112 3.4696e+09   62  380 3.4622e+09 3.4752e+09  0.38%  83.7 3254s
 12524 11113 3.4742e+09    7  414 3.4622e+09 3.4752e+09  0.38%  83.7 3255s
 12527 11115 3.4695e+09  575  428 3.4622e+09 3.4752e+09  0.38%  83.7 3260s
 12528 11116 3.4722e+09  374  316 3.4622e+09 3.4748e+09  0.36%  83.7 3297s
 12530 11117 3.4721e+09  370  348 3.4622e+09 3.4748e+09  0.36%  83.7 3300s
 12532 11118 3.4695e+09  516  333 3.4622e+09 3.4748e+09  0.36%  83.7 3306s
 12534 11120 3.4681e+09  841  339 3.4622e+09 3.4747e+09  0.36%  83.7 3314s
 12535 11120 3.4740e+09  293  342 3.4622e+09 3.4747e+09  0.36%  83.7 3315s
 12537 11122 3.4729e+09  398  357 3.4622e+09 3.4747e+09  0.36%  83.7 3327s
 12538 11122 3.4696e+09  169  340 3.4622e+09 3.4747e+09  0.36%  83.6 3332s
 12539 11123 3.4740e+09  168  333 3.4622e+09 3.4747e+09  0.36%  83.6 3338s
 12542 11126 3.4741e+09  248  276 3.4622e+09 3.4747e+09  0.36%  88.5 3348s
 12544 11127 3.4684e+09  141  256 3.4622e+09 3.4747e+09  0.36%  88.5 3391s
 12545 11128 3.4684e+09  125  244 3.4622e+09 3.4747e+09  0.36%  88.4 3434s
 12546 11129 3.4742e+09  149  259 3.4622e+09 3.4747e+09  0.36%  88.4 3442s
 12547 11129 3.4713e+09  255  264 3.4622e+09 3.4747e+09  0.36%  88.4 3445s
 12548 11130 3.4682e+09  752  260 3.4622e+09 3.4747e+09  0.36%  88.4 3450s
 12550 11131 3.4742e+09   87  260 3.4622e+09 3.4747e+09  0.36%  88.4 3458s
 12551 11132 3.4697e+09  207  255 3.4622e+09 3.4747e+09  0.36%  88.4 3465s
 12552 11133 3.4740e+09  417  273 3.4622e+09 3.4747e+09  0.36%  88.4 3481s
 12553 11133 3.4666e+09  255  307 3.4622e+09 3.4747e+09  0.36%  88.4 3508s
 12554 11134 3.4739e+09  470  302 3.4622e+09 3.4747e+09  0.36%  88.4 3519s
 12555 11135 3.4665e+09  497  323 3.4622e+09 3.4747e+09  0.36%  88.4 3521s
 12556 11135 3.4729e+09  532  312 3.4622e+09 3.4747e+09  0.36%  88.4 3534s
 12557 11136 3.4741e+09  131  319 3.4622e+09 3.4747e+09  0.36%  88.4 3540s
 12558 11137 3.4730e+09  329  318 3.4622e+09 3.4747e+09  0.36%  88.4 3547s
 12559 11137 3.4683e+09   35  323 3.4622e+09 3.4747e+09  0.36%  88.3 3555s
 12561 11139 3.4741e+09   76  354 3.4622e+09 3.4747e+09  0.36%  88.3 3562s
 12562 11139 3.4695e+09   79  352 3.4622e+09 3.4747e+09  0.36%  88.3 3566s
 12563 11140 3.4695e+09  557  360 3.4622e+09 3.4747e+09  0.36%  88.3 3572s
 12564 11141 3.4722e+09  346  345 3.4622e+09 3.4747e+09  0.36%  88.3 3600s
 12566 11142 3.4722e+09  205  351 3.4622e+09 3.4747e+09  0.36%  88.3 3606s
 12567 11143 3.4666e+09  381  360 3.4622e+09 3.4747e+09  0.36%  88.3 3614s
 12568 11143 3.4722e+09  354  351 3.4622e+09 3.4747e+09  0.36%  88.3 3658s
 12569 11144 3.4741e+09   67  360 3.4622e+09 3.4747e+09  0.36%  88.3 3665s
 12570 11145 3.4721e+09  285  361 3.4622e+09 3.4747e+09  0.36%  88.3 3671s
 12571 11145 3.4694e+09  660  366 3.4622e+09 3.4747e+09  0.36%  88.3 3720s
 12574 11147 3.4696e+09   70  384 3.4622e+09 3.4747e+09  0.36%  88.2 3728s
 12575 11148 3.4713e+09  237  382 3.4622e+09 3.4747e+09  0.36%  88.2 3764s
 12576 11149 3.4695e+09  313  393 3.4622e+09 3.4747e+09  0.36%  88.2 3767s
 12577 11149 3.4741e+09  288  373 3.4622e+09 3.4747e+09  0.36%  88.2 3773s
 12578 11150 3.4665e+09  604  382 3.4622e+09 3.4747e+09  0.36%  88.2 3775s
 12582 11153 3.4701e+09  445  384 3.4622e+09 3.4747e+09  0.36%  88.2 3780s
 12584 11154 3.4665e+09  513  388 3.4622e+09 3.4747e+09  0.36%  88.2 3802s
 12586 11155 3.4682e+09  732  385 3.4622e+09 3.4747e+09  0.36%  88.2 3812s
 12587 11156 3.4665e+09  786  390 3.4622e+09 3.4747e+09  0.36%  88.2 3824s
 12588 11157 3.4694e+09  721  386 3.4622e+09 3.4747e+09  0.36%  88.1 3826s
 12590 11158 3.4741e+09  155  389 3.4622e+09 3.4747e+09  0.36%  88.1 3832s
 12591 11159 3.4696e+09   90  389 3.4622e+09 3.4747e+09  0.36%  88.1 3844s
 12592 11159 3.4694e+09  840  381 3.4622e+09 3.4747e+09  0.36%  88.1 3851s
 12593 11160 3.4739e+09  637  362 3.4622e+09 3.4747e+09  0.36%  88.1 3862s
 12594 11161 3.4702e+09  314  383 3.4622e+09 3.4747e+09  0.36%  88.1 3866s
 12595 11161 3.4747e+09   58  370 3.4622e+09 3.4747e+09  0.36%  88.1 3872s
 12596 11162 3.4741e+09  223  347 3.4622e+09 3.4747e+09  0.36%  88.1 3875s
 12599 11164 3.4694e+09  316  358 3.4622e+09 3.4747e+09  0.36%  88.1 3880s
 12601 11165 3.4714e+09   13  363 3.4622e+09 3.4747e+09  0.36%  88.1 3916s
 12602 11166 3.4701e+09  639  380 3.4622e+09 3.4747e+09  0.36%  88.0 3920s
 12603 11167 3.4703e+09  206  359 3.4622e+09 3.4747e+09  0.36%  88.0 3932s
 12604 11167 3.4722e+09  285  349 3.4622e+09 3.4747e+09  0.36%  88.0 3935s
 12605 11168 3.4683e+09  305  378 3.4622e+09 3.4747e+09  0.36%  88.0 3942s
 12606 11169 3.4742e+09   74  360 3.4622e+09 3.4747e+09  0.36%  88.0 3989s
 12607 11169 3.4742e+09   34  376 3.4622e+09 3.4747e+09  0.36%  88.0 3994s
 12608 11170 3.4741e+09  151  368 3.4622e+09 3.4747e+09  0.36%  88.0 4004s
 12609 11171 3.4741e+09  278  378 3.4622e+09 3.4747e+09  0.36%  88.0 4006s
 12610 11171 3.4695e+09  440  385 3.4622e+09 3.4747e+09  0.36%  88.0 4010s
 12611 11172 3.4739e+09  413  368 3.4622e+09 3.4746e+09  0.36%  88.0 4019s
 12612 11173 3.4697e+09  159  389 3.4622e+09 3.4746e+09  0.36%  88.0 4021s
 12615 11175 3.4701e+09  536  402 3.4622e+09 3.4746e+09  0.36%  88.0 4026s
 12616 11175 3.4742e+09   97  407 3.4622e+09 3.4746e+09  0.36%  87.9 4038s
 12617 11176 3.4665e+09  875  401 3.4622e+09 3.4746e+09  0.36%  87.9 4041s
 12618 11177 3.4665e+09  694  406 3.4622e+09 3.4746e+09  0.36%  87.9 4046s
 12619 11177 3.4696e+09  172  391 3.4622e+09 3.4746e+09  0.36%  87.9 4058s
 12620 11178 3.4666e+09  354  408 3.4622e+09 3.4746e+09  0.36%  87.9 4061s
 12621 11179 3.4661e+09  953  395 3.4622e+09 3.4746e+09  0.36%  87.9 4066s
 12622 11179 3.4741e+09  210  396 3.4622e+09 3.4746e+09  0.36%  87.9 4100s
 12624 11181 3.4742e+09    7  398 3.4622e+09 3.4746e+09  0.36%  87.9 4110s
 12627 11183 3.4695e+09  575  396 3.4622e+09 3.4746e+09  0.36%  87.9 4144s
 12628 11183 3.4722e+09  374  401 3.4622e+09 3.4746e+09  0.36%  87.9 4145s
 12630 11185 3.4721e+09  370  397 3.4622e+09 3.4746e+09  0.36%  87.9 4153s
 12631 11185 3.4666e+09  390  410 3.4622e+09 3.4746e+09  0.36%  87.8 4155s
 12633 11187 3.4683e+09  352  394 3.4622e+09 3.4746e+09  0.36%  87.8 4162s
 12635 11188 3.4740e+09  293  405 3.4622e+09 3.4746e+09  0.36%  87.8 4166s
 12636 11189 3.4741e+09  152  397 3.4622e+09 3.4745e+09  0.36%  87.8 4172s
 12638 11190 3.4696e+09  169  410 3.4622e+09 3.4745e+09  0.36%  87.8 4175s
 12639 11191 3.4740e+09  168  405 3.4622e+09 3.4745e+09  0.36%  87.8 4180s
 12642 11193 3.4741e+09  248  395 3.4622e+09 3.4745e+09  0.36%  87.8 4190s
 12645 11195 3.4684e+09  125  384 3.4622e+09 3.4745e+09  0.36%  87.7 4199s
 12646 11195 3.4742e+09  149  384 3.4622e+09 3.4745e+09  0.36%  87.7 4201s
 12648 11197 3.4682e+09  752  421 3.4622e+09 3.4745e+09  0.36%  87.7 4207s
 12650 11198 3.4742e+09   87  416 3.4622e+09 3.4745e+09  0.36%  87.7 4210s
 12652 11199 3.4740e+09  417  415 3.4622e+09 3.4745e+09  0.36%  87.7 4218s
 12654 11201 3.4739e+09  470  419 3.4622e+09 3.4745e+09  0.36%  87.7 4221s
 12655 11201 3.4665e+09  497  393 3.4622e+09 3.4744e+09  0.35%  87.7 4225s
 12658 11203 3.4730e+09  329  392 3.4622e+09 3.4744e+09  0.35%  87.7 4233s
 12660 11205 3.4696e+09  168  420 3.4622e+09 3.4744e+09  0.35%  87.6 4235s
 12663 11207 3.4695e+09  557  300 3.4622e+09 3.4737e+09  0.33%  87.6 4247s
 12664 11207 3.4722e+09  346  332 3.4622e+09 3.4737e+09  0.33%  87.6 4250s
 12667 11209 3.4666e+09  381  351 3.4622e+09 3.4737e+09  0.33%  87.6 4255s
 12670 11211 3.4721e+09  285  363 3.4622e+09 3.4737e+09  0.33%  87.6 4262s
 12672 11213 3.4683e+09  258  360 3.4622e+09 3.4737e+09  0.33%  87.6 4265s
 12673 11213 3.4664e+09  955  357 3.4622e+09 3.4737e+09  0.33%  87.6 4270s
 12676 11215 3.4695e+09  313  358 3.4622e+09 3.4737e+09  0.33%  87.5 4278s
 12677 11216 3.4737e+09  288  354 3.4622e+09 3.4737e+09  0.33%  87.5 4280s
 12681 11220 3.4737e+09  241  276 3.4622e+09 3.4737e+09  0.33%  94.2 4285s
 12683 11221 3.4737e+09  554  262 3.4622e+09 3.4737e+09  0.33%  94.2 4307s
 12684 11222 3.4665e+09  513  242 3.4622e+09 3.4737e+09  0.33%  94.2 4331s
 12685 11223 3.4682e+09  587  266 3.4622e+09 3.4737e+09  0.33%  94.2 4337s
 12686 11223 3.4682e+09  732  244 3.4622e+09 3.4737e+09  0.33%  94.2 4344s
 12687 11224 3.4665e+09  786  250 3.4622e+09 3.4737e+09  0.33%  94.2 4348s
 12688 11225 3.4694e+09  721  220 3.4622e+09 3.4737e+09  0.33%  94.2 4352s
 12689 11225 3.4666e+09  329  240 3.4622e+09 3.4737e+09  0.33%  94.2 4357s
 12690 11226 3.4737e+09  155  250 3.4622e+09 3.4737e+09  0.33%  94.2 4362s
 12691 11227 3.4696e+09   90  263 3.4622e+09 3.4737e+09  0.33%  94.2 4370s
 12693 11228 3.4737e+09  637  282 3.4622e+09 3.4737e+09  0.33%  94.1 4376s
 12694 11229 3.4702e+09  314  289 3.4622e+09 3.4737e+09  0.33%  94.1 4383s
 12695 11229 3.4737e+09   58  286 3.4622e+09 3.4737e+09  0.33%  94.1 4385s
 12696 11230 3.4737e+09  223  282 3.4622e+09 3.4737e+09  0.33%  94.1 4391s
 12698 11231 3.4700e+09  696  306 3.4622e+09 3.4737e+09  0.33%  94.1 4395s
 12700 11233 3.4737e+09    9  318 3.4622e+09 3.4737e+09  0.33%  94.1 4402s
 12703 11235 3.4703e+09  206  336 3.4622e+09 3.4737e+09  0.33%  94.1 4406s
 12705 11236 3.4683e+09  305  339 3.4622e+09 3.4737e+09  0.33%  94.1 4412s
 12706 11237 3.4737e+09   74  328 3.4622e+09 3.4737e+09  0.33%  94.0 4434s
 12707 11237 3.4737e+09   34  319 3.4622e+09 3.4737e+09  0.33%  94.0 4439s
 12708 11238 3.4737e+09  151  325 3.4622e+09 3.4737e+09  0.33%  94.0 4440s
 12710 11239 3.4695e+09  440  324 3.4622e+09 3.4737e+09  0.33%  94.0 4450s
 12711 11240 3.4737e+09  413  329 3.4622e+09 3.4737e+09  0.33%  94.0 4455s
 12712 11241 3.4697e+09  159  341 3.4622e+09 3.4737e+09  0.33%  94.0 4460s
 12714 11242 3.4694e+09  656  337 3.4622e+09 3.4736e+09  0.33%  94.0 4533s
 12715 11243 3.4701e+09  536  330 3.4622e+09 3.4736e+09  0.33%  94.0 4540s
 12717 11244 3.4665e+09  875  321 3.4622e+09 3.4736e+09  0.33%  94.0 4576s
 12719 11245 3.4696e+09  172  333 3.4622e+09 3.4736e+09  0.33%  94.0 4587s
 12721 11247 3.4661e+09  953  330 3.4622e+09 3.4736e+09  0.33%  93.9 4591s
 12724 11249 3.4736e+09    7  354 3.4622e+09 3.4736e+09  0.33%  93.9 4597s
 12725 11249 3.4736e+09   25  347 3.4622e+09 3.4736e+09  0.33%  93.9 4603s
 12726 11250 3.4697e+09  217  343 3.4622e+09 3.4736e+09  0.33%  93.9 4606s
 12729 11252 3.4736e+09  201  366 3.4622e+09 3.4736e+09  0.33%  93.9 4612s
 12730 11253 3.4721e+09  370  349 3.4622e+09 3.4736e+09  0.33%  93.9 4624s
 12731 11253 3.4666e+09  390  356 3.4622e+09 3.4736e+09  0.33%  93.9 4629s
 12732 11254 3.4695e+09  516  363 3.4622e+09 3.4736e+09  0.33%  93.9 4642s
 12733 11255 3.4683e+09  352  349 3.4622e+09 3.4736e+09  0.33%  93.8 4646s
 12734 11255 3.4681e+09  841  353 3.4622e+09 3.4736e+09  0.33%  93.8 4653s
 12735 11256 3.4736e+09  293  348 3.4622e+09 3.4736e+09  0.33%  93.8 4670s
 12736 11257 3.4736e+09  152  348 3.4622e+09 3.4736e+09  0.33%  93.8 4717s
 12737 11260 3.4736e+09   50  346 3.4622e+09 3.4736e+09  0.33%  97.7 4739s
 12739 11264 3.4736e+09   51  353 3.4622e+09 3.4736e+09  0.33%  97.8 4747s
 12743 11270 3.4736e+09   52  344 3.4622e+09 3.4736e+09  0.33%  98.0 4757s
 12751 11284 3.4736e+09   53  356 3.4622e+09 3.4736e+09  0.33%  98.4 4786s
 12767 11298 3.4736e+09   54  351 3.4622e+09 3.4736e+09  0.33%   100 4850s
 12787 11312 3.4736e+09   55  336 3.4622e+09 3.4736e+09  0.33%   104 4865s
 12807 11325 3.4734e+09   55  343 3.4622e+09 3.4736e+09  0.33%   105 4886s
 12827 11338 3.4735e+09   56  326 3.4622e+09 3.4736e+09  0.33%   106 4936s
 12847 11361 3.4736e+09   56  345 3.4622e+09 3.4736e+09  0.33%   107 4955s
 12876 11382 3.4736e+09   57  342 3.4622e+09 3.4736e+09  0.33%   108 4980s
 12911 11397 3.4736e+09   58  341 3.4622e+09 3.4736e+09  0.33%   109 4995s
 12942 11412 3.4736e+09   59  338 3.4622e+09 3.4736e+09  0.33%   110 5013s
 12974 11428 3.4736e+09   60  337 3.4622e+09 3.4736e+09  0.33%   111 5026s
 13006 11448 3.4735e+09   61  353 3.4622e+09 3.4736e+09  0.33%   111 5039s
 13038 11467 3.4735e+09   61  332 3.4622e+09 3.4736e+09  0.33%   112 5054s
 13072 11484 3.4735e+09   62  356 3.4622e+09 3.4736e+09  0.33%   113 5073s
 13104 11507 3.4715e+09   62  318 3.4622e+09 3.4736e+09  0.33%   114 5090s
 13142 11524 3.4735e+09   63  366 3.4622e+09 3.4736e+09  0.33%   115 5108s
 13178 11550 3.4719e+09   64  351 3.4622e+09 3.4736e+09  0.33%   116 5126s
 13221 11583 3.4735e+09   64  338 3.4622e+09 3.4736e+09  0.33%   117 5161s
 13272 11608 3.4735e+09   65  354 3.4622e+09 3.4736e+09  0.33%   119 5186s
 13318 11646 3.4735e+09   66  338 3.4622e+09 3.4736e+09  0.33%   121 5217s
 13375 11698 3.4711e+09   66  342 3.4622e+09 3.4736e+09  0.33%   123 5244s
 13458 11743 3.4735e+09   67  336 3.4622e+09 3.4736e+09  0.33%   124 5273s
 13547 11796 3.4735e+09   68  322 3.4622e+09 3.4736e+09  0.33%   125 5304s
 13650 11834 3.4735e+09   69  333 3.4622e+09 3.4736e+09  0.33%   127 5331s
 13729 11922 3.4735e+09   70  332 3.4622e+09 3.4736e+09  0.33%   128 5362s
 13857 11990 3.4735e+09   71  330 3.4622e+09 3.4736e+09  0.33%   130 5408s
 13990 12058 3.4735e+09   72  324 3.4622e+09 3.4736e+09  0.33%   132 5454s
 14109 12123 3.4735e+09   73  322 3.4622e+09 3.4736e+09  0.33%   133 5505s
 14223 12308 3.4735e+09   74  321 3.4622e+09 3.4736e+09  0.33%   135 5573s
 14452 12437 3.4714e+09   75  290 3.4622e+09 3.4736e+09  0.33%   137 5639s
 14660 12626 3.4735e+09   78  346 3.4622e+09 3.4736e+09  0.33%   139 5709s
 14933 12763 3.4735e+09   79  349 3.4622e+09 3.4736e+09  0.33%   141 5775s
 15165 12979 3.4712e+09   80  312 3.4622e+09 3.4736e+09  0.33%   144 5875s
 15462 13450 3.4735e+09   83  335 3.4622e+09 3.4736e+09  0.33%   146 5950s
 16043 13872 3.4735e+09   85  355 3.4622e+09 3.4736e+09  0.33%   147 6008s
 16722 14647 3.4735e+09   87  330 3.4622e+09 3.4736e+09  0.33%   148 6070s
 17749 15484 3.4735e+09   90  326 3.4622e+09 3.4736e+09  0.33%   148 6135s
 18968 16504 3.4735e+09   92  340 3.4622e+09 3.4736e+09  0.33%   146 6265s
 20413 17788 3.4718e+09   94  279 3.4622e+09 3.4736e+09  0.33%   143 6374s
 22211 18824 3.4734e+09   97  368 3.4622e+09 3.4736e+09  0.33%   139 6475s
 23887 19309 3.4734e+09  100  359 3.4622e+09 3.4736e+09  0.33%   136 6613s
 25031 19258 3.4695e+09  103  340 3.4622e+09 3.4736e+09  0.33%   135 6765s
 25387 21151 3.4734e+09  106  343 3.4622e+09 3.4736e+09  0.33%   137 7225s
 27523 20915 3.4733e+09  120  333 3.4622e+09 3.4736e+09  0.33%   139 7566s
 28016 23335 3.4733e+09  125  315 3.4622e+09 3.4736e+09  0.33%   140 7840s
 30650 24675 3.4733e+09  140  314 3.4622e+09 3.4736e+09  0.33%   136 8013s
 32899 26987 3.4731e+09  150  307 3.4622e+09 3.4736e+09  0.33%   132 8129s
 36020 29502 3.4731e+09  159  305 3.4622e+09 3.4736e+09  0.33%   126 8248s
 39645 31801 3.4730e+09  166  290 3.4622e+09 3.4736e+09  0.33%   120 8306s
 43269 33854 3.4731e+09  171  302 3.4622e+09 3.4736e+09  0.33%   114 8361s
 46640 35744 3.4731e+09  177  303 3.4622e+09 3.4736e+09  0.33%   109 8409s

Cutting planes:
  Gomory: 5
  Cover: 41
  Implied bound: 20
  Projected implied bound: 7
  Clique: 6
  MIR: 145
  StrongCG: 1
  Flow cover: 108
  GUB cover: 2
  Zero half: 1
  Network: 19
  RLT: 7
  Relax-and-lift: 99

Explored 49811 nodes (5249758 simplex iterations) in 10802.19 seconds (7435.47 work units)
Thread count was 20 (of 40 available processors)

Solution count 10: 3.46218e+09 3.45718e+09 3.45591e+09 ... 3.45501e+09

Time limit reached
Best objective 3.462178363958e+09, best bound 3.473590864263e+09, gap 0.3296%
