
Gurobi 10.0.1 (linux64) logging started Mon May 22 11:22:45 2023

Set parameter LogFile to value "logFiles/A-2L-E/A-2L-6U-51F-15V-365D/basic-05-22-2023, 11-22-H90-P70-O7.log"
Gurobi Optimizer version 10.0.1 build v10.0.1rc0 (linux64)

CPU model: Intel(R) Xeon(R) Gold 5115 CPU @ 2.40GHz, instruction set [SSE2|AVX|AVX2|AVX512]
Thread count: 20 physical cores, 40 logical processors, using up to 20 threads

Optimize a model with 70461 rows, 634766 columns and 3324141 nonzeros
Model fingerprint: 0xa4b0169b
Variable types: 324811 continuous, 309955 integer (309955 binary)
Coefficient statistics:
  Matrix range     [1e+00, 2e+05]
  Objective range  [4e+01, 4e+07]
  Bounds range     [1e+00, 1e+00]
  RHS range        [1e+00, 3e+06]
Presolve removed 51312 rows and 25466 columns (presolve time = 5s) ...
Presolve removed 51322 rows and 25643 columns (presolve time = 10s) ...
Presolve removed 51287 rows and 25608 columns
Presolve time: 13.60s
Presolved: 19174 rows, 609158 columns, 2873070 nonzeros
Variable types: 311504 continuous, 297654 integer (297637 binary)
Deterministic concurrent LP optimizer: primal simplex, dual simplex, and barrier
Showing barrier log only...

Root barrier log...

Ordering time: 1.66s

Barrier statistics:
 AA' NZ     : 1.425e+06
 Factor NZ  : 1.092e+07 (roughly 340 MB of memory)
 Factor Ops : 2.152e+10 (less than 1 second per iteration)
 Threads    : 17

                  Objective                Residual
Iter       Primal          Dual         Primal    Dual     Compl     Time
   0  -4.97875808e+16  6.14331898e+13  2.52e+09 1.57e+07  5.16e+12    21s
   1  -1.45343371e+16  7.86500297e+13  7.37e+08 1.50e+07  1.52e+12    22s
   2  -6.40092996e+15  8.28856640e+13  3.27e+08 8.78e+06  6.82e+11    22s
   3  -8.69371804e+14  7.25364421e+13  4.78e+07 7.95e-08  1.02e+11    23s
   4  -2.34512765e+13  5.22571039e+13  1.29e+06 6.95e-08  2.79e+09    23s
   5  -5.06393403e+12  1.96269142e+13  2.77e+05 1.09e-07  6.11e+08    23s
   6  -6.46455033e+11  1.36797554e+13  3.56e+04 5.96e-08  8.73e+07    24s
   7  -4.63537693e+11  1.06223444e+13  2.56e+04 3.97e-08  6.19e+07    24s
   8  -1.55636855e+11  8.79179109e+12  8.82e+03 2.61e-08  2.48e+07    24s
   9  -1.09442123e+11  6.36288757e+12  6.27e+03 1.34e-07  1.69e+07    25s
  10  -5.23226067e+10  4.10492277e+12  3.14e+03 2.16e-07  8.68e+06    25s
  11  -1.13353112e+10  1.81949855e+12  8.92e+02 9.54e-07  2.81e+06    26s
  12  -4.38293514e+09  9.56401798e+11  4.77e+02 9.54e-07  1.42e+06    26s
  13   4.72520696e+08  5.74443619e+11  1.94e+02 7.15e-07  7.16e+05    26s
  14   2.30355545e+09  3.91094621e+11  9.14e+01 4.77e-07  4.31e+05    27s
  15   3.21498374e+09  2.09114587e+11  4.10e+01 3.58e-07  2.18e+05    27s
  16   3.60113981e+09  1.50310176e+11  1.96e+01 2.38e-07  1.44e+05    27s
  17   3.72043442e+09  1.14403541e+11  1.31e+01 1.79e-07  1.07e+05    28s
  18   3.81983067e+09  7.54449192e+10  7.68e+00 2.11e-07  6.83e+04    28s
  19   3.85063346e+09  4.38303822e+10  6.07e+00 2.69e-07  4.06e+04    28s
  20   3.86813371e+09  3.90878754e+10  5.22e+00 3.05e-07  3.56e+04    29s
  21   3.88055561e+09  2.75143376e+10  4.66e+00 2.78e-07  2.53e+04    29s
  22   3.92125953e+09  2.16358512e+10  2.93e+00 2.86e-07  1.82e+04    30s
  23   3.96380844e+09  1.73396189e+10  1.35e+00 4.44e-07  1.26e+04    30s
  24   3.99792060e+09  1.44331681e+10  7.57e-01 3.87e-07  9.39e+03    30s
  25   4.05758970e+09  1.09954603e+10  4.07e-01 3.87e-07  6.06e+03    31s
  26   4.08568711e+09  9.79356009e+09  3.27e-01 4.01e-07  4.96e+03    31s
  27   4.09638788e+09  8.08333641e+09  2.88e-01 4.02e-07  3.48e+03    32s
  28   4.12071145e+09  7.75379838e+09  1.79e-01 5.51e-07  3.11e+03    32s
  29   4.14679780e+09  6.46051521e+09  1.20e-01 5.07e-07  1.97e+03    32s
  30   4.20327432e+09  5.77244682e+09  7.84e-02 4.62e-07  1.33e+03    33s
  31   4.22635029e+09  5.53053556e+09  6.26e-02 5.07e-07  1.10e+03    33s
  32   4.25590576e+09  5.37248476e+09  4.47e-02 6.61e-07  9.39e+02    34s
  33   4.28162413e+09  5.07896464e+09  3.41e-02 6.18e-07  6.70e+02    34s
  34   4.30179096e+09  4.91499632e+09  2.36e-02 5.67e-07  5.14e+02    35s
  35   4.31142123e+09  4.78742656e+09  2.01e-02 5.90e-07  4.00e+02    35s
  36   4.32430739e+09  4.62956634e+09  1.49e-02 5.36e-07  2.57e+02    36s
  37   4.32918379e+09  4.59426524e+09  1.32e-02 6.53e-07  2.23e+02    36s
  38   4.33863859e+09  4.52663527e+09  9.35e-03 5.23e-07  1.58e+02    36s
  39   4.34521623e+09  4.47731071e+09  6.73e-03 4.66e-07  1.11e+02    37s
  40   4.35073238e+09  4.44298793e+09  4.85e-03 5.18e-07  7.77e+01    37s
  41   4.35182119e+09  4.42941650e+09  4.41e-03 5.93e-07  6.55e+01    38s
  42   4.35656028e+09  4.41571088e+09  2.89e-03 4.71e-07  4.98e+01    38s
  43   4.36131245e+09  4.40202354e+09  1.64e-03 5.05e-07  3.41e+01    39s
  44   4.36328407e+09  4.39451772e+09  1.29e-03 5.20e-07  2.62e+01    39s
  45   4.36575756e+09  4.39211891e+09  8.60e-04 5.67e-07  2.20e+01    40s
  46   4.36763488e+09  4.38693763e+09  6.19e-04 5.99e-07  1.61e+01    40s
  47   4.36843937e+09  4.38324223e+09  5.30e-04 5.96e-07  1.24e+01    40s
  48   4.36879274e+09  4.38203314e+09  4.93e-04 5.96e-07  1.11e+01    41s
  49   4.37029819e+09  4.38087061e+09  3.42e-04 6.49e-07  8.83e+00    41s
  50   4.37074446e+09  4.37941213e+09  3.07e-04 5.96e-07  7.25e+00    42s
  51   4.37169693e+09  4.37885447e+09  2.28e-04 6.56e-07  5.98e+00    42s
  52   4.37235080e+09  4.37807531e+09  1.80e-04 6.26e-07  4.78e+00    43s
  53   4.37318259e+09  4.37713969e+09  1.20e-04 5.36e-07  3.31e+00    43s
  54   4.37361736e+09  4.37637864e+09  9.04e-05 4.77e-07  2.31e+00    44s
  55   4.37394716e+09  4.37618447e+09  6.94e-05 5.22e-07  1.87e+00    44s
  56   4.37402463e+09  4.37605420e+09  6.48e-05 6.11e-07  1.70e+00    45s
  57   4.37443327e+09  4.37575978e+09  3.97e-05 5.09e-07  1.11e+00    45s
  58   4.37465611e+09  4.37549014e+09  2.61e-05 4.29e-07  6.98e-01    46s
  59   4.37474612e+09  4.37536604e+09  2.07e-05 5.35e-07  5.20e-01    46s
  60   4.37480433e+09  4.37533296e+09  1.72e-05 5.65e-07  4.43e-01    47s
  61   4.37494581e+09  4.37527423e+09  8.46e-06 6.09e-07  2.74e-01    47s
  62   4.37498236e+09  4.37521988e+09  6.33e-06 5.02e-07  1.99e-01    47s
  63   4.37504686e+09  4.37518783e+09  2.62e-06 5.46e-07  1.17e-01    48s
  64   4.37505680e+09  4.37513974e+09  2.08e-06 8.11e-07  6.95e-02    48s
  65   4.37507808e+09  4.37511999e+09  2.36e-06 7.82e-07  3.51e-02    49s
  66   4.37508669e+09  4.37510922e+09  1.26e-06 9.93e-07  1.88e-02    49s
  67   4.37509278e+09  4.37510251e+09  4.84e-07 9.09e-07  8.13e-03    50s
  68   4.37509541e+09  4.37509761e+09  1.65e-06 8.68e-07  1.87e-03    50s
  69   4.37509697e+09  4.37509723e+09  8.33e-07 6.99e-07  2.15e-04    50s
  70   4.37509710e+09  4.37509710e+09  3.53e-07 7.83e-07  3.46e-06    51s
  71   4.37509710e+09  4.37509710e+09  8.22e-08 9.54e-07  1.84e-10    51s

Barrier solved model in 71 iterations and 50.98 seconds (41.16 work units)
Optimal objective 4.37509710e+09


Root crossover log...

   15407 DPushes remaining with DInf 0.0000000e+00                51s
       0 DPushes remaining with DInf 0.0000000e+00                52s

    1383 PPushes remaining with PInf 0.0000000e+00                52s
       0 PPushes remaining with PInf 0.0000000e+00                52s

  Push phase complete: Pinf 0.0000000e+00, Dinf 2.4203992e+03     52s


Root simplex log...

Iteration    Objective       Primal Inf.    Dual Inf.      Time
   16753    4.3750971e+09   0.000000e+00   2.420399e+03     52s
   16758    4.3750971e+09   0.000000e+00   0.000000e+00     52s
Concurrent spin time: 1.75s

Solved with barrier
   16758    4.3750971e+09   0.000000e+00   0.000000e+00     54s

Root relaxation: objective 4.375097e+09, 16758 iterations, 37.70 seconds (24.94 work units)
Total elapsed time = 55.30s

    Nodes    |    Current Node    |     Objective Bounds      |     Work
 Expl Unexpl |  Obj  Depth IntInf | Incumbent    BestBd   Gap | It/Node Time

     0     0 4.3751e+09    0  290          - 4.3751e+09      -     -   58s
     0     0 4.3751e+09    0  275          - 4.3751e+09      -     -  127s
     0     0 4.3751e+09    0  266          - 4.3751e+09      -     -  159s
     0     0 4.3751e+09    0  268          - 4.3751e+09      -     -  162s
     0     0 4.3751e+09    0  294          - 4.3751e+09      -     -  191s
     0     0 4.3751e+09    0  295          - 4.3751e+09      -     -  204s
     0     0 4.3751e+09    0  262          - 4.3751e+09      -     -  230s
     0     0 4.3751e+09    0  274          - 4.3751e+09      -     -  243s
     0     0 4.3751e+09    0  276          - 4.3751e+09      -     -  260s
     0     0 4.3751e+09    0  277          - 4.3751e+09      -     -  266s
     0     0 4.3751e+09    0  274          - 4.3751e+09      -     -  279s
     0     0 4.3751e+09    0  286          - 4.3751e+09      -     -  295s
     0     0 4.3751e+09    0  248          - 4.3751e+09      -     -  312s
     0     0 4.3751e+09    0  256          - 4.3751e+09      -     -  326s
     0     0 4.3751e+09    0  267          - 4.3751e+09      -     -  334s
     0     0 4.3751e+09    0  262          - 4.3751e+09      -     -  365s
     0     2 4.3751e+09    0  262          - 4.3751e+09      -     -  529s
     1     4 4.3751e+09    1  262          - 4.3751e+09      -  9589  575s
     3     8 4.3751e+09    2  257          - 4.3751e+09      -  4116  614s
     7    16 4.3751e+09    3  280          - 4.3751e+09      -  2585  676s
    15    32 4.3751e+09    4  268          - 4.3751e+09      -  1951  774s
    31    52 4.3751e+09    5  287          - 4.3751e+09      -  2193  836s
    51    72 4.3751e+09    6  273          - 4.3751e+09      -  1876  897s
    71    92 4.3751e+09    7  273          - 4.3751e+09      -  1779  955s
    91   112 4.3751e+09    7  260          - 4.3751e+09      -  1859 1018s
   111   135 4.3751e+09    8  274          - 4.3751e+09      -  1761 1084s
   134   156 4.3751e+09    8  227          - 4.3751e+09      -  1822 1145s
   155   199 4.3751e+09    9  276          - 4.3751e+09      -  1743 1238s
   198   274 4.3751e+09   10  266          - 4.3751e+09      -  1705 1435s
   273   444 4.3751e+09   12  245          - 4.3751e+09      -  1797 1826s
   443   905 4.3750e+09   19  220          - 4.3751e+09      -  1578 2613s
   904  1894 4.3750e+09   40  236          - 4.3751e+09      -  1328 4254s
H 1240  1894                    4.319628e+09 4.3751e+09  1.28%  1177 4255s
H 1783  1894                    4.347805e+09 4.3751e+09  0.63%  1063 4257s

Cutting planes:
  Learned: 1
  Cover: 54
  Implied bound: 46
  Clique: 6
  MIR: 52
  StrongCG: 1
  Flow cover: 60
  GUB cover: 2
  Zero half: 1
  Network: 8
  RLT: 7
  Relax-and-lift: 10

Explored 1897 nodes (2056991 simplex iterations) in 4257.17 seconds (3537.43 work units)
Thread count was 20 (of 40 available processors)

Solution count 2: 4.34781e+09 4.31963e+09 

Optimal solution found (tolerance 1.00e-02)
Best objective 4.347805215991e+09, best bound 4.375056784436e+09, gap 0.6268%
Gurobi Optimizer version 10.0.1 build v10.0.1rc0 (linux64)

CPU model: Intel(R) Xeon(R) Gold 5115 CPU @ 2.40GHz, instruction set [SSE2|AVX|AVX2|AVX512]
Thread count: 20 physical cores, 40 logical processors, using up to 20 threads

Optimize a model with 121250 rows, 1121403 columns and 6713917 nonzeros
Model fingerprint: 0x319c3e8c
Variable types: 375886 continuous, 745517 integer (745517 binary)
Coefficient statistics:
  Matrix range     [1e+00, 2e+05]
  Objective range  [4e+01, 4e+07]
  Bounds range     [2e-12, 3e+05]
  RHS range        [1e+00, 5e+06]
Presolve removed 100550 rows and 724866 columns (presolve time = 5s) ...
Presolve removed 101178 rows and 744069 columns (presolve time = 10s) ...
Presolve removed 101751 rows and 759133 columns (presolve time = 15s) ...
Presolve removed 101716 rows and 759098 columns
Presolve time: 16.97s
Presolved: 19534 rows, 362305 columns, 1671470 nonzeros
Variable types: 181380 continuous, 180925 integer (180911 binary)
Deterministic concurrent LP optimizer: primal simplex, dual simplex, and barrier
Showing barrier log only...

Root barrier log...

Ordering time: 0.76s

Barrier statistics:
 AA' NZ     : 8.765e+05
 Factor NZ  : 6.285e+06 (roughly 200 MB of memory)
 Factor Ops : 9.083e+09 (less than 1 second per iteration)
 Threads    : 17

                  Objective                Residual
Iter       Primal          Dual         Primal    Dual     Compl     Time
   0  -1.62263140e+16  1.89782052e+13  9.19e+08 2.20e+06  7.65e+11    22s
   1  -5.88930520e+15  1.95583391e+13  3.35e+08 3.03e+06  2.82e+11    22s
   2  -1.06622727e+15  1.65886393e+13  6.11e+07 7.63e+05  5.18e+10    22s
   3  -5.72766117e+13  1.11134638e+13  3.28e+06 1.31e-08  2.83e+09    22s
   4  -2.75744150e+12  4.93119216e+12  1.58e+05 1.61e-08  1.42e+08    23s
   5  -1.24622540e+12  2.88817655e+12  7.13e+04 9.55e-09  6.52e+07    23s
   6  -2.79782204e+11  1.61359170e+12  1.61e+04 1.12e-08  1.60e+07    23s
   7  -1.83024559e+11  9.66671676e+11  1.05e+04 1.04e-08  9.81e+06    23s
   8  -3.92362592e+10  5.29511521e+11  2.36e+03 9.78e-09  2.44e+06    23s
   9  -1.48133956e+10  1.98996074e+11  9.69e+02 1.49e-08  8.75e+05    24s
  10  -8.12797275e+09  9.28331722e+10  5.90e+02 7.97e-08  4.60e+05    24s
  11  -3.26283865e+09  6.36584589e+10  3.16e+02 5.96e-08  2.58e+05    24s
  12  -7.78140726e+08  4.51961978e+10  1.76e+02 5.96e-08  1.54e+05    24s
  13   6.69655593e+08  3.41698183e+10  9.60e+01 5.96e-08  9.51e+04    24s
  14   1.38428347e+09  2.07360845e+10  5.77e+01 4.47e-08  5.56e+04    25s
  15   1.87393350e+09  1.49975033e+10  3.13e+01 3.73e-08  3.37e+04    25s
  16   2.10079432e+09  1.10101369e+10  1.94e+01 2.98e-08  2.20e+04    25s
  17   2.21081682e+09  8.81810055e+09  1.37e+01 3.13e-08  1.60e+04    25s
  18   2.31506944e+09  6.90074794e+09  8.36e+00 3.10e-08  1.07e+04    25s
  19   2.34345453e+09  6.34531825e+09  7.17e+00 3.54e-08  9.34e+03    26s
  20   2.35188703e+09  6.24728431e+09  6.81e+00 4.52e-08  9.02e+03    26s
  21   2.36885930e+09  5.68130990e+09  6.07e+00 4.28e-08  7.83e+03    26s
  22   2.38126982e+09  5.40477887e+09  5.48e+00 5.24e-08  7.07e+03    26s
  23   2.42149896e+09  4.53196614e+09  4.00e+00 3.74e-08  4.93e+03    27s
  24   2.43992597e+09  4.01778042e+09  3.28e+00 3.82e-08  3.71e+03    27s
  25   2.45121234e+09  3.73190802e+09  2.97e+00 3.44e-08  3.04e+03    27s
  26   2.45944703e+09  3.65574387e+09  2.67e+00 3.29e-08  2.77e+03    27s
  27   2.47510186e+09  3.46193228e+09  2.15e+00 2.89e-08  2.19e+03    28s
  28   2.50024383e+09  3.32043821e+09  1.55e+00 3.20e-08  1.68e+03    28s
  29   2.51172930e+09  3.05597236e+09  1.32e+00 2.02e-08  1.12e+03    28s
  30   2.53583115e+09  2.91887600e+09  8.11e-01 1.58e-08  7.17e+02    28s
  31   2.53896107e+09  2.85944429e+09  7.43e-01 1.46e-08  5.93e+02    29s
  32   2.54683127e+09  2.76274926e+09  5.95e-01 9.78e-09  3.88e+02    29s
  33   2.55297512e+09  2.70466772e+09  4.89e-01 7.48e-09  2.64e+02    29s
  34   2.55859852e+09  2.69149122e+09  3.95e-01 7.45e-09  2.23e+02    30s
  35   2.56526765e+09  2.67076127e+09  2.99e-01 5.70e-09  1.71e+02    30s
  36   2.56851119e+09  2.64275706e+09  2.56e-01 7.45e-09  1.17e+02    30s
  37   2.57351845e+09  2.63207528e+09  1.97e-01 7.57e-09  9.01e+01    30s
  38   2.57755628e+09  2.62343494e+09  1.60e-01 8.03e-09  6.93e+01    30s
  39   2.57902309e+09  2.61600953e+09  1.47e-01 7.45e-09  5.53e+01    31s
  40   2.58069484e+09  2.61440051e+09  1.31e-01 5.82e-09  5.00e+01    31s
  41   2.58226487e+09  2.61209338e+09  1.17e-01 8.85e-09  4.39e+01    31s
  42   2.58515509e+09  2.60971843e+09  9.05e-02 6.29e-09  3.57e+01    31s
  43   2.58777869e+09  2.60658717e+09  6.96e-02 8.38e-09  2.70e+01    32s
  44   2.58918200e+09  2.60469707e+09  5.97e-02 9.31e-09  2.21e+01    32s
  45   2.59017153e+09  2.60421029e+09  5.26e-02 7.68e-09  2.00e+01    32s
  46   2.59090419e+09  2.60356310e+09  4.75e-02 7.45e-09  1.80e+01    32s
  47   2.59137948e+09  2.60278823e+09  4.41e-02 1.00e-08  1.61e+01    33s
  48   2.59263741e+09  2.60230982e+09  3.59e-02 7.68e-09  1.36e+01    33s
  49   2.59315865e+09  2.60199487e+09  3.28e-02 8.03e-09  1.24e+01    33s
  50   2.59353381e+09  2.60151493e+09  3.05e-02 8.03e-09  1.12e+01    33s
  51   2.59413746e+09  2.60117108e+09  2.71e-02 1.12e-08  9.86e+00    34s
  52   2.59435246e+09  2.60102797e+09  2.58e-02 1.49e-08  9.35e+00    34s
  53   2.59464258e+09  2.60083996e+09  2.41e-02 1.12e-08  8.68e+00    34s
  54   2.59503530e+09  2.60064602e+09  2.18e-02 1.12e-08  7.84e+00    34s
  55   2.59580750e+09  2.60047014e+09  1.74e-02 1.12e-08  6.51e+00    35s
  56   2.59653988e+09  2.60033865e+09  1.33e-02 8.15e-09  5.30e+00    35s
  57   2.59669913e+09  2.60015997e+09  1.26e-02 8.27e-09  4.82e+00    35s
  58   2.59698614e+09  2.60006214e+09  1.11e-02 7.68e-09  4.28e+00    35s
  59   2.59721662e+09  2.59999039e+09  1.00e-02 1.12e-08  3.86e+00    36s
  60   2.59774044e+09  2.59988849e+09  7.45e-03 1.13e-08  2.99e+00    36s
  61   2.59795433e+09  2.59980036e+09  6.46e-03 7.10e-09  2.57e+00    36s
  62   2.59817015e+09  2.59974346e+09  5.47e-03 9.66e-09  2.19e+00    36s
  63   2.59836312e+09  2.59970099e+09  4.58e-03 7.39e-09  1.86e+00    37s
  64   2.59849488e+09  2.59966446e+09  3.99e-03 8.38e-09  1.62e+00    37s
  65   2.59864551e+09  2.59963143e+09  3.33e-03 9.78e-09  1.37e+00    37s
  66   2.59885803e+09  2.59956343e+09  2.43e-03 4.89e-09  9.80e-01    37s
  67   2.59890504e+09  2.59955682e+09  2.23e-03 6.87e-09  9.05e-01    38s
  68   2.59897251e+09  2.59953951e+09  1.96e-03 4.22e-09  7.87e-01    38s
  69   2.59912857e+09  2.59952875e+09  1.30e-03 6.64e-09  5.56e-01    38s
  70   2.59925376e+09  2.59949851e+09  7.61e-04 8.85e-09  3.40e-01    38s
  71   2.59932517e+09  2.59947200e+09  4.67e-04 6.05e-09  2.04e-01    39s
  72   2.59939259e+09  2.59945505e+09  1.84e-04 5.59e-09  8.68e-02    39s
  73   2.59942507e+09  2.59944603e+09  5.13e-05 7.45e-09  2.91e-02    39s
  74   2.59943282e+09  2.59944220e+09  2.12e-05 7.57e-09  1.30e-02    39s
  75   2.59943597e+09  2.59943935e+09  9.45e-06 7.45e-09  4.70e-03    39s
  76   2.59943677e+09  2.59943919e+09  6.63e-06 6.29e-09  3.37e-03    40s
  77   2.59943857e+09  2.59943880e+09  1.18e-06 7.45e-09  3.28e-04    40s
  78   2.59943873e+09  2.59943876e+09  8.04e-08 7.57e-09  3.08e-05    40s
  79   2.59943874e+09  2.59943874e+09  2.44e-08 7.57e-09  1.50e-06    40s
  80   2.59943874e+09  2.59943874e+09  1.23e-08 7.68e-09  2.65e-09    41s

Barrier solved model in 80 iterations and 40.81 seconds (42.42 work units)
Optimal objective 2.59943874e+09


Root crossover log...

    9825 DPushes remaining with DInf 0.0000000e+00                41s
       0 DPushes remaining with DInf 0.0000000e+00                41s

     814 PPushes remaining with PInf 2.7201992e-06                41s
       0 PPushes remaining with PInf 0.0000000e+00                41s

  Push phase complete: Pinf 0.0000000e+00, Dinf 8.7483890e+01     41s


Root simplex log...

Iteration    Objective       Primal Inf.    Dual Inf.      Time
   10604    2.5994387e+09   0.000000e+00   8.748389e+01     41s
   10607    2.5994387e+09   0.000000e+00   0.000000e+00     41s
Concurrent spin time: 0.01s

Solved with barrier
   10613    2.5994387e+09   0.000000e+00   0.000000e+00     42s
Extra simplex iterations after uncrush: 6

Root relaxation: objective 2.599439e+09, 10613 iterations, 22.47 seconds (15.36 work units)

    Nodes    |    Current Node    |     Objective Bounds      |     Work
 Expl Unexpl |  Obj  Depth IntInf | Incumbent    BestBd   Gap | It/Node Time

     0     0 2.5994e+09    0  292          - 2.5994e+09      -     -   43s
     0     0 2.5993e+09    0  297          - 2.5993e+09      -     -   59s
     0     0 2.5993e+09    0  297          - 2.5993e+09      -     -   66s
     0     0 2.5990e+09    0  278          - 2.5990e+09      -     -   81s
     0     0 2.5990e+09    0  279          - 2.5990e+09      -     -   92s
     0     0 2.5990e+09    0  278          - 2.5990e+09      -     -   93s
     0     0 2.5990e+09    0  314          - 2.5990e+09      -     -  102s
     0     0 2.5990e+09    0  295          - 2.5990e+09      -     -  110s
     0     0 2.5990e+09    0  321          - 2.5990e+09      -     -  114s
     0     0 2.5990e+09    0  322          - 2.5990e+09      -     -  115s
     0     0 2.5990e+09    0  314          - 2.5990e+09      -     -  124s
     0     0 2.5989e+09    0  298          - 2.5989e+09      -     -  131s
     0     0 2.5989e+09    0  304          - 2.5989e+09      -     -  133s
     0     0 2.5989e+09    0  283          - 2.5989e+09      -     -  143s
     0     0 2.5989e+09    0  298          - 2.5989e+09      -     -  149s
     0     0 2.5989e+09    0  289          - 2.5989e+09      -     -  152s
     0     0 2.5989e+09    0  289          - 2.5989e+09      -     -  162s
     0     2 2.5989e+09    0  289          - 2.5989e+09      -     -  232s
     1     4 2.5989e+09    1  287          - 2.5989e+09      -  1562  257s
     3     8 2.5989e+09    2  282          - 2.5989e+09      -  1731  290s
     7    16 2.5989e+09    3  279          - 2.5989e+09      -  1722  330s
    15    32 2.5989e+09    4  303          - 2.5989e+09      -  1667  400s
    31    52 2.5989e+09    5  274          - 2.5989e+09      -  1935  457s
    51    72 2.5989e+09    6  286          - 2.5989e+09      -  1655  495s
    71    92 2.5989e+09    7  292          - 2.5989e+09      -  1545  531s
    91   112 2.5989e+09    8  279          - 2.5989e+09      -  1464  586s
   111   132 2.5989e+09    9  276          - 2.5989e+09      -  1425  634s
   131   152 2.5989e+09   10  280          - 2.5989e+09      -  1354  678s
   151   172 2.5989e+09   11  282          - 2.5989e+09      -  1296  727s
   171   192 2.5989e+09   12  287          - 2.5989e+09      -  1247  772s
   191   212 2.5989e+09   13  276          - 2.5989e+09      -  1199  829s
   211   234 2.5989e+09   14  274          - 2.5989e+09      -  1153  887s
   233   258 2.5989e+09   14  257          - 2.5989e+09      -  1139  951s
   257   281 2.5989e+09   15  245          - 2.5989e+09      -  1113 1045s
   280   309 2.5989e+09   15  280          - 2.5989e+09      -  1116 1104s
   308   333 2.5989e+09   16  261          - 2.5989e+09      -  1084 1149s
   332   361 2.5989e+09   17  244          - 2.5989e+09      -  1056 1209s
   360   391 2.5989e+09   19  210          - 2.5989e+09      -  1040 1286s
   390   426 2.5989e+09   21  238          - 2.5989e+09      -  1014 1359s
   425   493 2.5989e+09   23  240          - 2.5989e+09      -   990 1497s
H  455   493                    2.423871e+09 2.5989e+09  7.22%   964 1498s
   492   546 2.5989e+09   27  233 2.4239e+09 2.5989e+09  7.22%   958 1787s
H  501   546                    2.461757e+09 2.5989e+09  5.57%   952 1788s
   545   679 2.5971e+09   29  240 2.4618e+09 2.5989e+09  5.57%   946 1969s
H  678   699                    2.514232e+09 2.5989e+09  3.37%   874 2541s
H  679   699                    2.557393e+09 2.5989e+09  1.62%   874 2542s
   698   857 2.5989e+09   34  218 2.5574e+09 2.5989e+09  1.62%   871 2767s
   856  1065 2.5989e+09   46  220 2.5574e+09 2.5989e+09  1.62%   817 3049s
H  873  1065                    2.557825e+09 2.5989e+09  1.61%   805 3050s
H 1064  1170                    2.557953e+09 2.5989e+09  1.60%   746 3308s
H 1092  1170                    2.558977e+09 2.5989e+09  1.56%   739 3309s
H 1118  1170                    2.559913e+09 2.5989e+09  1.52%   730 3310s
  1169  1416 2.5989e+09   70  215 2.5599e+09 2.5989e+09  1.52%   721 3782s
H 1289  1416                    2.583318e+09 2.5989e+09  0.60%   697 3783s

Cutting planes:
  Cover: 45
  Implied bound: 24
  Clique: 10
  MIR: 36
  Flow cover: 46
  GUB cover: 3
  Network: 69
  RLT: 11
  Relax-and-lift: 31

Explored 1426 nodes (990302 simplex iterations) in 3783.59 seconds (2140.95 work units)
Thread count was 20 (of 40 available processors)

Solution count 9: 2.58332e+09 2.55991e+09 2.55898e+09 ... 2.42387e+09

Optimal solution found (tolerance 1.00e-02)
Best objective 2.583318174533e+09, best bound 2.598930348679e+09, gap 0.6043%
Gurobi Optimizer version 10.0.1 build v10.0.1rc0 (linux64)

CPU model: Intel(R) Xeon(R) Gold 5115 CPU @ 2.40GHz, instruction set [SSE2|AVX|AVX2|AVX512]
Thread count: 20 physical cores, 40 logical processors, using up to 20 threads

Optimize a model with 178532 rows, 1639804 columns and 12006118 nonzeros
Model fingerprint: 0xe6a1d55c
Variable types: 413318 continuous, 1226486 integer (1226486 binary)
Coefficient statistics:
  Matrix range     [1e+00, 2e+05]
  Objective range  [4e+01, 4e+07]
  Bounds range     [2e-14, 3e+05]
  RHS range        [1e+00, 8e+06]
Presolve removed 144232 rows and 1047984 columns (presolve time = 5s) ...
Presolve removed 148522 rows and 1081189 columns (presolve time = 10s) ...
Presolve removed 156097 rows and 1192922 columns (presolve time = 15s) ...
Presolve removed 156319 rows and 1194826 columns (presolve time = 20s) ...
Presolve removed 156319 rows and 1194826 columns (presolve time = 25s) ...
Presolve removed 157779 rows and 1233348 columns (presolve time = 30s) ...
Presolve removed 157736 rows and 1233305 columns
Presolve time: 30.98s
Presolved: 20796 rows, 406499 columns, 1884078 nonzeros
Variable types: 215149 continuous, 191350 integer (191335 binary)
Deterministic concurrent LP optimizer: primal simplex, dual simplex, and barrier
Showing barrier log only...

Root barrier log...

Ordering time: 0.98s

Barrier statistics:
 AA' NZ     : 1.002e+06
 Factor NZ  : 6.911e+06 (roughly 220 MB of memory)
 Factor Ops : 1.046e+10 (less than 1 second per iteration)
 Threads    : 17

                  Objective                Residual
Iter       Primal          Dual         Primal    Dual     Compl     Time
   0  -2.02385756e+16  2.59903898e+12  8.21e+08 1.16e+05  9.10e+10    38s
   1  -5.21184516e+15  2.76173574e+12  2.14e+08 4.25e+05  2.40e+10    39s
   2  -1.61965606e+15  2.38956393e+12  6.70e+07 1.10e+05  7.70e+09    39s
   3  -7.84832213e+13  1.64862948e+12  3.24e+06 2.79e-09  3.84e+08    39s
   4  -1.46772311e+13  7.78807590e+11  6.06e+05 1.86e-09  7.24e+07    39s
   5  -4.73115965e+12  4.84399415e+11  1.95e+05 2.33e-09  2.36e+07    39s
   6  -3.40207863e+12  2.83104490e+11  1.40e+05 1.75e-09  1.71e+07    39s
   7  -6.46534315e+11  1.82317534e+11  2.68e+04 1.05e-09  3.45e+06    40s
   8  -2.91065414e+11  1.40185099e+11  1.21e+04 1.05e-09  1.60e+06    40s
   9  -7.86288192e+10  9.12192403e+10  3.37e+03 1.40e-09  4.84e+05    40s
  10  -3.17348677e+10  5.02626351e+10  1.44e+03 1.16e-09  2.00e+05    41s
  11  -1.30420204e+10  2.81824614e+10  6.68e+02 1.28e-09  9.09e+04    41s
  12  -3.20370661e+09  1.48405994e+10  2.64e+02 2.10e-09  3.62e+04    41s
  13  -8.06028214e+08  8.56808749e+09  1.67e+02 3.73e-09  1.97e+04    41s
  14   3.48578136e+08  7.84611793e+09  1.22e+02 3.73e-09  1.51e+04    42s
  15   6.96652378e+08  7.65439566e+09  1.08e+02 2.68e-09  1.38e+04    42s
  16   7.54309638e+08  7.45134415e+09  1.06e+02 3.73e-09  1.33e+04    42s
  17   1.17790012e+09  7.06207341e+09  9.01e+01 3.73e-09  1.15e+04    42s
  18   1.37186867e+09  6.38577275e+09  8.24e+01 3.73e-09  9.99e+03    42s
  19   2.31036350e+09  5.71562511e+09  4.62e+01 3.96e-09  6.28e+03    43s
  20   2.53494496e+09  5.00343747e+09  3.78e+01 3.67e-09  4.73e+03    43s
  21   2.69724367e+09  4.68587325e+09  3.15e+01 3.38e-09  3.80e+03    43s
  22   3.05737840e+09  4.27314853e+09  1.71e+01 3.29e-09  2.25e+03    44s
  23   3.30629325e+09  3.92229845e+09  7.20e+00 4.42e-09  1.10e+03    44s
  24   3.35390494e+09  3.80439851e+09  5.28e+00 5.01e-09  8.08e+02    44s
  25   3.37055807e+09  3.76816157e+09  4.56e+00 5.36e-09  7.11e+02    44s
  26   3.37844715e+09  3.75778787e+09  4.20e+00 5.44e-09  6.72e+02    45s
  27   3.39613526e+09  3.74253869e+09  3.39e+00 5.82e-09  5.91e+02    45s
  28   3.40522452e+09  3.70787853e+09  2.95e+00 6.17e-09  5.16e+02    45s
  29   3.43095829e+09  3.63613373e+09  1.66e+00 5.15e-09  3.27e+02    45s
  30   3.43675006e+09  3.57597709e+09  1.37e+00 3.73e-09  2.21e+02    45s
  31   3.44792436e+09  3.55332857e+09  8.32e-01 4.31e-09  1.55e+02    46s
  32   3.45186064e+09  3.52363799e+09  6.49e-01 3.41e-09  1.01e+02    46s
  33   3.45326388e+09  3.51080241e+09  5.88e-01 2.79e-09  7.88e+01    46s
  34   3.45889323e+09  3.49098995e+09  3.50e-01 3.03e-09  4.05e+01    47s
  35   3.46107024e+09  3.48655107e+09  2.69e-01 2.44e-09  3.12e+01    47s
  36   3.46116896e+09  3.48549276e+09  2.65e-01 2.97e-09  2.96e+01    47s
  37   3.46124327e+09  3.48480433e+09  2.63e-01 2.85e-09  2.85e+01    48s
  38   3.46175380e+09  3.48393422e+09  2.46e-01 3.20e-09  2.67e+01    48s
  39   3.46399407e+09  3.47843877e+09  1.73e-01 3.03e-09  1.65e+01    49s
  40   3.46556159e+09  3.47637752e+09  1.28e-01 2.44e-09  1.20e+01    50s
  41   3.46667107e+09  3.47519150e+09  9.82e-02 2.21e-09  9.39e+00    50s
  42   3.46672201e+09  3.47482609e+09  9.70e-02 2.68e-09  8.85e+00    50s
  43   3.46790354e+09  3.47411094e+09  6.85e-02 2.44e-09  6.79e+00    51s
  44   3.46880435e+09  3.47373618e+09  4.91e-02 2.44e-09  5.44e+00    52s
  45   3.46909949e+09  3.47339198e+09  4.36e-02 2.56e-09  4.70e+00    52s
  46   3.46958137e+09  3.47317865e+09  3.49e-02 2.82e-09  3.95e+00    53s
  47   3.46980311e+09  3.47288825e+09  3.15e-02 2.68e-09  3.35e+00    53s
  48   3.47003146e+09  3.47279358e+09  2.81e-02 3.14e-09  3.00e+00    54s
  49   3.47047655e+09  3.47266174e+09  2.13e-02 2.85e-09  2.39e+00    54s
  50   3.47052166e+09  3.47259649e+09  2.07e-02 3.14e-09  2.25e+00    54s
  51   3.47088319e+09  3.47248893e+09  1.57e-02 2.74e-09  1.75e+00    55s
  52   3.47107137e+09  3.47241155e+09  1.32e-02 2.76e-09  1.46e+00    55s
  53   3.47123354e+09  3.47238693e+09  1.11e-02 3.09e-09  1.26e+00    56s
  54   3.47136621e+09  3.47235751e+09  9.47e-03 3.17e-09  1.08e+00    56s
  55   3.47150491e+09  3.47231124e+09  7.74e-03 2.79e-09  8.78e-01    57s
  56   3.47160659e+09  3.47228614e+09  6.48e-03 2.79e-09  7.41e-01    57s
  57   3.47175368e+09  3.47225626e+09  4.71e-03 2.65e-09  5.49e-01    57s
  58   3.47191043e+09  3.47222598e+09  2.87e-03 2.74e-09  3.46e-01    58s
  59   3.47191586e+09  3.47222393e+09  2.81e-03 3.23e-09  3.38e-01    58s
  60   3.47197344e+09  3.47221126e+09  2.14e-03 2.78e-09  2.61e-01    59s
  61   3.47201546e+09  3.47219839e+09  1.65e-03 2.68e-09  2.01e-01    59s
  62   3.47204926e+09  3.47218561e+09  1.26e-03 2.21e-09  1.49e-01    60s
  63   3.47207838e+09  3.47218272e+09  9.30e-04 2.56e-09  1.15e-01    60s
  64   3.47209896e+09  3.47217746e+09  6.92e-04 2.79e-09  8.63e-02    60s
  65   3.47212110e+09  3.47216966e+09  4.42e-04 2.07e-09  5.32e-02    61s
  66   3.47212501e+09  3.47216632e+09  3.98e-04 2.33e-09  4.49e-02    61s
  67   3.47214879e+09  3.47216416e+09  1.30e-04 2.15e-09  1.70e-02    62s
  68   3.47215945e+09  3.47216110e+09  8.69e-06 2.10e-09  1.90e-03    62s
  69   3.47216012e+09  3.47216070e+09  3.50e-06 1.92e-09  6.64e-04    62s
  70   3.47216037e+09  3.47216069e+09  1.52e-06 2.21e-09  3.78e-04    63s
  71   3.47216053e+09  3.47216063e+09  2.74e-07 2.10e-09  1.17e-04    63s
  72   3.47216057e+09  3.47216059e+09  2.78e-08 1.86e-09  2.78e-05    63s
  73   3.47216057e+09  3.47216059e+09  5.81e-09 1.86e-09  1.79e-05    64s
  74   3.47216057e+09  3.47216057e+09  2.57e-09 2.33e-09  2.32e-06    64s
  75   3.47216057e+09  3.47216057e+09  1.28e-09 1.63e-09  5.84e-07    65s
  76   3.47216057e+09  3.47216057e+09  5.77e-10 2.10e-09  2.11e-07    65s
  77   3.47216057e+09  3.47216057e+09  4.29e-10 2.21e-09  7.10e-08    66s
  78   3.47216057e+09  3.47216057e+09  4.86e-10 2.41e-09  2.75e-09    66s

Barrier solved model in 78 iterations and 66.32 seconds (55.87 work units)
Optimal objective 3.47216057e+09


Root crossover log...

   10849 DPushes remaining with DInf 0.0000000e+00                66s
       0 DPushes remaining with DInf 0.0000000e+00                67s

     965 PPushes remaining with PInf 2.0569487e-04                67s
       0 PPushes remaining with PInf 0.0000000e+00                67s

  Push phase complete: Pinf 0.0000000e+00, Dinf 2.5283169e+02     67s


Root simplex log...

Iteration    Objective       Primal Inf.    Dual Inf.      Time
   11640    3.4721606e+09   0.000000e+00   2.528317e+02     67s
   11644    3.4721606e+09   0.000000e+00   0.000000e+00     68s
Concurrent spin time: 1.71s

Solved with barrier
   11644    3.4721606e+09   0.000000e+00   0.000000e+00     70s

Root relaxation: objective 3.472161e+09, 11644 iterations, 34.33 seconds (17.05 work units)
Total elapsed time = 70.30s

    Nodes    |    Current Node    |     Objective Bounds      |     Work
 Expl Unexpl |  Obj  Depth IntInf | Incumbent    BestBd   Gap | It/Node Time

     0     0 3.4722e+09    0  248          - 3.4722e+09      -     -   72s
     0     0 3.4721e+09    0  305          - 3.4721e+09      -     -  122s
     0     0 3.4721e+09    0  295          - 3.4721e+09      -     -  184s
     0     0 3.4721e+09    0  295          - 3.4721e+09      -     -  185s
     0     0 3.4721e+09    0  312          - 3.4721e+09      -     -  218s
     0     0 3.4721e+09    0  302          - 3.4721e+09      -     -  232s
     0     0 3.4721e+09    0  314          - 3.4721e+09      -     -  234s
     0     0 3.4721e+09    0  291          - 3.4721e+09      -     -  265s
     0     0 3.4721e+09    0  290          - 3.4721e+09      -     -  282s
     0     0 3.4721e+09    0  265          - 3.4721e+09      -     -  302s
     0     0 3.4721e+09    0  266          - 3.4721e+09      -     -  311s
     0     0 3.4721e+09    0  287          - 3.4721e+09      -     -  331s
     0     0 3.4721e+09    0  290          - 3.4721e+09      -     -  338s
     0     0 3.4721e+09    0  286          - 3.4721e+09      -     -  383s
     0     0 3.4721e+09    0  283          - 3.4721e+09      -     -  400s
     0     0 3.4721e+09    0  277          - 3.4721e+09      -     -  429s
     0     0 3.4721e+09    0  262          - 3.4721e+09      -     -  446s
     0     2 3.4721e+09    0  262          - 3.4721e+09      -     -  526s
     1     4 3.4721e+09    1  283          - 3.4721e+09      -  1676  536s
     3     8 3.4721e+09    2  288          - 3.4721e+09      -  1032  557s
     7    16 3.4721e+09    3  284          - 3.4721e+09      -   959  595s
    15    32 3.4721e+09    4  273          - 3.4721e+09      -  1272  652s
    31    52 3.4721e+09    5  276          - 3.4721e+09      -  1990  700s
    51    72 3.4721e+09    6  280          - 3.4721e+09      -  1614  735s
    71    92 3.4721e+09    7  275          - 3.4721e+09      -  1512  770s
    91   112 3.4721e+09    8  273          - 3.4721e+09      -  1414  832s
H  106   112                    3.373516e+09 3.4721e+09  2.92%  1401  832s
   111   132 3.4721e+09    9  288 3.3735e+09 3.4721e+09  2.92%  1410  883s
H  113   132                    3.388886e+09 3.4721e+09  2.46%  1397  884s
   131   153 3.4721e+09   10  290 3.3889e+09 3.4721e+09  2.46%  1360  929s
   152   173 3.4721e+09   11  284 3.3889e+09 3.4721e+09  2.46%  1308  965s
H  172   193                    3.423102e+09 3.4721e+09  1.43%  1269 1369s
H  173   193                    3.437858e+09 3.4721e+09  1.00%  1263 1370s
H  176   193                    3.444177e+09 3.4721e+09  0.81%  1265 1371s
H  177   193                    3.447355e+09 3.4721e+09  0.72%  1261 1371s
H  184   193                    3.451302e+09 3.4721e+09  0.60%  1240 1372s
H  191   193                    3.454896e+09 3.4721e+09  0.50%  1223 1373s

Cutting planes:
  Learned: 1
  Cover: 21
  Implied bound: 22
  Clique: 4
  MIR: 36
  StrongCG: 2
  Flow cover: 41
  GUB cover: 4
  Network: 44
  RLT: 12
  Relax-and-lift: 7

Explored 192 nodes (269085 simplex iterations) in 1373.89 seconds (1221.04 work units)
Thread count was 20 (of 40 available processors)

Solution count 8: 3.4549e+09 3.4513e+09 3.44735e+09 ... 3.37352e+09

Optimal solution found (tolerance 1.00e-02)
Best objective 3.454895799815e+09, best bound 3.472101005847e+09, gap 0.4980%
Gurobi Optimizer version 10.0.1 build v10.0.1rc0 (linux64)

CPU model: Intel(R) Xeon(R) Gold 5115 CPU @ 2.40GHz, instruction set [SSE2|AVX|AVX2|AVX512]
Thread count: 20 physical cores, 40 logical processors, using up to 20 threads

Optimize a model with 180379 rows, 1646149 columns and 11840018 nonzeros
Model fingerprint: 0xb6639c5f
Variable types: 24678 continuous, 1621471 integer (1621471 binary)
Coefficient statistics:
  Matrix range     [1e+00, 2e+05]
  Objective range  [4e+01, 4e+07]
  Bounds range     [2e-12, 3e+05]
  RHS range        [1e+00, 8e+06]
Presolve removed 168694 rows and 1537017 columns (presolve time = 5s) ...
Presolve removed 168666 rows and 1536989 columns
Presolve time: 6.85s
Presolved: 11713 rows, 109160 columns, 501992 nonzeros
Variable types: 3981 continuous, 105179 integer (105139 binary)
Deterministic concurrent LP optimizer: primal simplex, dual simplex, and barrier
Showing barrier log only...

Root barrier log...

Ordering time: 0.13s

Barrier statistics:
 AA' NZ     : 2.405e+05
 Factor NZ  : 1.333e+06 (roughly 50 MB of memory)
 Factor Ops : 9.561e+08 (less than 1 second per iteration)
 Threads    : 17

                  Objective                Residual
Iter       Primal          Dual         Primal    Dual     Compl     Time
   0  -1.98201629e+15  1.12029241e+12  2.38e+08 1.60e+05  4.69e+10     9s
   1  -4.05815431e+14  1.19954125e+12  4.91e+07 4.20e+05  9.77e+09     9s
   2  -4.52065428e+13  9.32453597e+11  5.61e+06 1.45e+04  1.13e+09     9s
   3  -5.40276615e+12  5.57744610e+11  6.71e+05 6.72e+01  1.37e+08     9s
   4  -1.16820264e+12  2.68243927e+11  1.45e+05 1.16e+01  3.03e+07     9s
   5  -3.90509237e+11  1.56043637e+11  4.87e+04 1.79e+00  1.05e+07    10s
   6  -2.81433277e+11  1.17580308e+11  3.52e+04 1.05e-09  7.56e+06    10s
   7  -1.59611110e+11  9.43969775e+10  2.01e+04 1.05e-09  4.43e+06    10s
   8  -7.88176076e+10  6.79888943e+10  1.01e+04 1.05e-09  2.28e+06    10s
   9  -1.38370656e+10  4.31069947e+10  2.10e+03 1.05e-09  5.67e+05    10s
  10  -2.74509200e+09  2.57974844e+10  7.37e+02 8.15e-10  2.24e+05    10s
  11   1.46697048e+09  1.25683643e+10  2.26e+02 1.43e-09  7.49e+04    10s
  12   2.35649602e+09  8.22477071e+09  1.22e+02 3.20e-09  3.88e+04    10s
  13   2.95101349e+09  6.02371527e+09  5.19e+01 4.02e-09  1.91e+04    10s
  14   3.07833220e+09  5.08343181e+09  3.78e+01 3.38e-09  1.28e+04    10s
  15   3.19176623e+09  4.85438467e+09  2.56e+01 3.38e-09  1.02e+04    10s
  16   3.25691742e+09  4.43578770e+09  1.90e+01 2.97e-09  7.37e+03    10s
  17   3.30829035e+09  4.40462732e+09  1.44e+01 4.19e-03  6.57e+03    10s
  18   3.35524508e+09  4.14602466e+09  1.03e+01 1.68e-04  4.80e+03    10s
  19   3.38883195e+09  4.01718514e+09  7.47e+00 6.71e-04  3.76e+03    10s
  20   3.39823411e+09  3.77528436e+09  6.06e+00 3.38e-09  2.46e+03    10s
  21   3.42916849e+09  3.69809783e+09  2.84e+00 4.54e-09  1.60e+03    10s
  22   3.44132902e+09  3.63108446e+09  1.16e+00 3.61e-09  1.04e+03    10s
  23   3.44569111e+09  3.56858912e+09  5.31e-01 2.68e-09  6.39e+02    10s
  24   3.44889510e+09  3.50092332e+09  9.62e-02 2.33e-09  2.56e+02    11s
  25   3.44987961e+09  3.47878303e+09  3.74e-02 1.62e-09  1.41e+02    11s
  26   3.45016925e+09  3.47429149e+09  2.97e-02 1.44e-09  1.17e+02    11s
  27   3.45060788e+09  3.46934380e+09  2.04e-02 1.45e-09  9.09e+01    11s
  28   3.45097217e+09  3.46189759e+09  1.48e-02 1.28e-09  5.29e+01    11s
  29   3.45140025e+09  3.46037122e+09  1.09e-02 1.28e-09  4.34e+01    11s
  30   3.45191675e+09  3.45842045e+09  7.42e-03 1.28e-09  3.15e+01    11s
  31   3.45239184e+09  3.45710186e+09  4.72e-03 1.40e-09  2.28e+01    11s
  32   3.45272583e+09  3.45606071e+09  3.51e-03 1.05e-09  1.61e+01    11s
  33   3.45300963e+09  3.45536373e+09  2.66e-03 1.28e-09  1.14e+01    11s
  34   3.45318480e+09  3.45502177e+09  2.18e-03 1.16e-09  8.87e+00    11s
  35   3.45351183e+09  3.45477020e+09  1.31e-03 1.05e-09  6.08e+00    11s
  36   3.45364782e+09  3.45460309e+09  9.77e-04 1.28e-09  4.62e+00    11s
  37   3.45383791e+09  3.45451221e+09  5.48e-04 1.05e-09  3.26e+00    11s
  38   3.45391837e+09  3.45436508e+09  3.75e-04 1.05e-09  2.16e+00    11s
  39   3.45399429e+09  3.45427761e+09  2.19e-04 1.05e-09  1.37e+00    11s
  40   3.45400852e+09  3.45423084e+09  1.90e-04 1.63e-09  1.07e+00    11s
  41   3.45404578e+09  3.45420416e+09  1.17e-04 1.28e-09  7.66e-01    12s
  42   3.45406792e+09  3.45417367e+09  7.44e-05 1.28e-09  5.11e-01    12s
  43   3.45408303e+09  3.45414511e+09  4.72e-05 1.16e-09  3.00e-01    12s
  44   3.45409734e+09  3.45412336e+09  2.24e-05 1.28e-09  1.26e-01    12s
  45   3.45410678e+09  3.45411346e+09  5.91e-06 1.16e-09  3.23e-02    12s
  46   3.45410934e+09  3.45411217e+09  2.27e-06 1.05e-09  1.37e-02    12s
  47   3.45411068e+09  3.45411151e+09  3.20e-07 9.31e-10  4.00e-03    12s
  48   3.45411093e+09  3.45411096e+09  2.23e-07 1.40e-09  1.82e-04    12s
  49   3.45411095e+09  3.45411095e+09  3.76e-08 1.51e-09  2.34e-05    12s
  50   3.45411095e+09  3.45411095e+09  5.31e-10 1.63e-09  2.59e-07    12s
  51   3.45411095e+09  3.45411095e+09  1.38e-09 1.63e-09  1.18e-10    12s

Barrier solved model in 51 iterations and 12.09 seconds (8.45 work units)
Optimal objective 3.45411095e+09


Root crossover log...

    3165 DPushes remaining with DInf 0.0000000e+00                12s
       0 DPushes remaining with DInf 2.8776703e-06                12s

     354 PPushes remaining with PInf 0.0000000e+00                12s
       0 PPushes remaining with PInf 0.0000000e+00                12s

  Push phase complete: Pinf 0.0000000e+00, Dinf 5.5041816e-02     12s


Root simplex log...

Iteration    Objective       Primal Inf.    Dual Inf.      Time
    3521    3.4541110e+09   0.000000e+00   5.504180e-02     12s
    3523    3.4541110e+09   0.000000e+00   0.000000e+00     12s
Concurrent spin time: 0.00s

Solved with barrier
    3523    3.4541110e+09   0.000000e+00   0.000000e+00     12s

Root relaxation: objective 3.454111e+09, 3523 iterations, 3.66 seconds (2.32 work units)

    Nodes    |    Current Node    |     Objective Bounds      |     Work
 Expl Unexpl |  Obj  Depth IntInf | Incumbent    BestBd   Gap | It/Node Time

     0     0 3.4541e+09    0  231          - 3.4541e+09      -     -   13s
     0     0 3.4539e+09    0  240          - 3.4539e+09      -     -   25s
H    0     0                    3.418859e+09 3.4539e+09  1.03%     -   48s
H    0     0                    3.426358e+09 3.4539e+09  0.80%     -   65s

Cutting planes:
  Cover: 1
  Implied bound: 16
  Clique: 1
  MIR: 19
  Flow cover: 21
  GUB cover: 1
  RLT: 10
  Relax-and-lift: 7

Explored 1 nodes (5260 simplex iterations) in 65.42 seconds (34.98 work units)
Thread count was 20 (of 40 available processors)

Solution count 2: 3.42636e+09 3.41886e+09 

Optimal solution found (tolerance 1.00e-02)
Best objective 3.426358175890e+09, best bound 3.453906302181e+09, gap 0.8040%
