
Gurobi 10.0.1 (linux64) logging started Sat May 20 13:14:09 2023

Set parameter LogFile to value "logFiles/A-2L-E/A-2L-6U-51F-15V-365D/basic-05-20-2023, 13-14-H90-P110-O7.log"
Gurobi Optimizer version 10.0.1 build v10.0.1rc0 (linux64)

CPU model: Intel(R) Xeon(R) Gold 5115 CPU @ 2.40GHz, instruction set [SSE2|AVX|AVX2|AVX512]
Thread count: 20 physical cores, 40 logical processors, using up to 20 threads

Optimize a model with 87518 rows, 844137 columns and 4631584 nonzeros
Model fingerprint: 0x4265fa0a
Variable types: 534182 continuous, 309955 integer (309955 binary)
Coefficient statistics:
  Matrix range     [1e+00, 2e+05]
  Objective range  [4e+01, 4e+07]
  Bounds range     [1e+00, 1e+00]
  RHS range        [1e+00, 4e+06]
Presolve removed 61682 rows and 23471 columns (presolve time = 5s) ...
Presolve removed 62462 rows and 24074 columns (presolve time = 10s) ...
Presolve removed 62469 rows and 24084 columns (presolve time = 15s) ...
Presolve removed 62469 rows and 24090 columns (presolve time = 20s) ...
Presolve removed 62469 rows and 24090 columns (presolve time = 26s) ...
Presolve removed 62428 rows and 24049 columns
Presolve time: 26.16s
Presolved: 25090 rows, 820088 columns, 3869461 nonzeros
Variable types: 522434 continuous, 297654 integer (297637 binary)
Deterministic concurrent LP optimizer: primal simplex, dual simplex, and barrier
Showing barrier log only...

Root barrier log...

Ordering time: 2.53s

Barrier statistics:
 AA' NZ     : 1.950e+06
 Factor NZ  : 1.603e+07 (roughly 500 MB of memory)
 Factor Ops : 3.531e+10 (less than 1 second per iteration)
 Threads    : 17

                  Objective                Residual
Iter       Primal          Dual         Primal    Dual     Compl     Time
   0  -6.50768166e+16  7.02492510e+13  2.41e+09 1.45e+07  4.50e+12    39s
   1  -1.85674304e+16  8.53484380e+13  6.88e+08 1.38e+07  1.30e+12    40s
   2  -6.45429565e+15  9.04867710e+13  2.41e+08 9.18e+06  4.59e+11    41s
   3  -1.49972312e+15  7.93069396e+13  5.78e+07 1.76e+05  1.12e+11    42s
   4  -3.31126453e+14  5.84450064e+13  1.28e+07 5.41e+03  2.49e+10    42s
   5  -3.98454173e+13  4.14559816e+13  1.53e+06 4.73e-08  3.11e+09    43s
   6  -2.19449902e+13  3.19446260e+13  8.41e+05 3.74e-08  1.72e+09    43s
   7  -2.48266098e+12  2.39913793e+13  9.52e+04 2.99e-08  2.07e+08    44s
   8  -1.07876595e+12  1.80943758e+13  4.15e+04 2.62e-08  9.37e+07    45s
   9  -4.86226684e+11  1.20301806e+13  1.88e+04 2.62e-08  4.34e+07    45s
  10  -2.77960119e+11  9.20521286e+12  1.08e+04 2.98e-08  2.53e+07    46s
  11  -2.37384696e+11  6.96750690e+12  9.29e+03 4.93e-02  2.01e+07    47s
  12  -9.79832009e+10  5.58180582e+12  3.97e+03 2.98e-08  9.91e+06    48s
  13  -3.19464097e+10  2.66940881e+12  1.38e+03 3.35e-08  3.61e+06    49s
  14  -1.28995579e+10  1.29875842e+12  6.32e+02 3.55e-08  1.61e+06    50s
  15  -2.49389127e+09  6.43568071e+11  2.25e+02 5.52e-08  6.62e+05    51s
  16   1.71596180e+08  4.16881605e+11  1.22e+02 5.01e-08  3.95e+05    51s
  17   1.78414657e+09  3.14630220e+11  6.19e+01 6.68e-08  2.61e+05    52s
  18   2.66937153e+09  2.22996474e+11  2.87e+01 8.23e-08  1.67e+05    53s
  19   2.94126890e+09  1.35408045e+11  1.86e+01 1.34e-07  1.02e+05    54s
  20   3.20640552e+09  9.04724383e+10  8.46e+00 1.83e-07  6.30e+04    55s
  21   3.26173868e+09  7.19665172e+10  6.43e+00 2.74e-07  4.95e+04    55s
  22   3.27615890e+09  6.31529848e+10  5.92e+00 2.51e-07  4.36e+04    56s
  23   3.28991822e+09  4.90590228e+10  5.43e+00 3.86e-07  3.46e+04    57s
  24   3.30998714e+09  3.27463590e+10  4.74e+00 3.85e-07  2.38e+04    58s
  25   3.37894935e+09  2.56944925e+10  2.52e+00 3.97e-07  1.68e+04    59s
  26   3.40327219e+09  2.23123631e+10  1.85e+00 4.95e-07  1.37e+04    60s
  27   3.45222938e+09  1.76286006e+10  1.04e+00 5.32e-07  9.76e+03    61s
  28   3.50087295e+09  1.07920043e+10  4.47e-01 4.57e-07  4.82e+03    62s
  29   3.51256322e+09  7.75377984e+09  3.86e-01 4.13e-07  2.85e+03    63s
  30   3.53969567e+09  7.27884370e+09  2.57e-01 5.69e-07  2.44e+03    63s
  31   3.54681557e+09  6.80753662e+09  2.38e-01 5.20e-07  2.13e+03    64s
  32   3.55561826e+09  6.02381611e+09  2.10e-01 6.08e-07  1.62e+03    65s
  33   3.56770081e+09  5.48555928e+09  1.71e-01 5.71e-07  1.25e+03    65s
  34   3.58865086e+09  5.00992075e+09  1.31e-01 6.20e-07  9.26e+02    66s
  35   3.59917928e+09  4.73070185e+09  1.07e-01 5.38e-07  7.35e+02    67s
  36   3.60947767e+09  4.66935421e+09  8.49e-02 6.98e-07  6.82e+02    68s
  37   3.62424954e+09  4.34571722e+09  4.89e-02 5.44e-07  4.59e+02    69s
  38   3.63533122e+09  4.24234665e+09  3.72e-02 6.08e-07  3.84e+02    70s
  39   3.63840090e+09  4.14390711e+09  3.23e-02 5.99e-07  3.20e+02    71s
  40   3.64531403e+09  4.03281869e+09  2.57e-02 6.49e-07  2.45e+02    72s
  41   3.65027382e+09  3.95345121e+09  2.20e-02 5.73e-07  1.92e+02    73s
  42   3.65921316e+09  3.89912988e+09  1.64e-02 5.87e-07  1.52e+02    74s
  43   3.66579034e+09  3.82988126e+09  1.29e-02 5.32e-07  1.04e+02    75s
  44   3.67217143e+09  3.81490727e+09  9.67e-03 5.78e-07  9.03e+01    76s
  45   3.67752430e+09  3.76833852e+09  7.19e-03 5.20e-07  5.78e+01    77s
  46   3.68279323e+09  3.74749708e+09  5.08e-03 4.87e-07  4.12e+01    78s
  47   3.68463294e+09  3.73744701e+09  4.49e-03 6.77e-07  3.37e+01    79s
  48   3.69021648e+09  3.73058195e+09  2.67e-03 6.28e-07  2.55e+01    80s
  49   3.69326728e+09  3.72288020e+09  1.91e-03 7.33e-07  1.87e+01    81s
  50   3.69556910e+09  3.72089951e+09  1.40e-03 7.48e-07  1.59e+01    82s
  51   3.69757999e+09  3.71663096e+09  1.01e-03 6.65e-07  1.20e+01    83s
  52   3.69787787e+09  3.71463224e+09  9.60e-04 5.37e-07  1.05e+01    83s
  53   3.69946171e+09  3.71334694e+09  6.90e-04 6.18e-07  8.70e+00    84s
  54   3.69998595e+09  3.71268292e+09  6.11e-04 8.24e-07  7.95e+00    85s
  55   3.70077669e+09  3.71192018e+09  4.96e-04 7.32e-07  6.96e+00    86s
  56   3.70135974e+09  3.71117834e+09  4.15e-04 8.28e-07  6.13e+00    87s
  57   3.70213154e+09  3.70974692e+09  3.18e-04 7.60e-07  4.75e+00    88s
  58   3.70276008e+09  3.70915142e+09  2.45e-04 6.62e-07  3.98e+00    89s
  59   3.70295364e+09  3.70832558e+09  2.24e-04 6.77e-07  3.35e+00    90s
  60   3.70358019e+09  3.70777160e+09  1.57e-04 6.38e-07  2.61e+00    91s
  61   3.70371911e+09  3.70735763e+09  1.43e-04 6.95e-07  2.27e+00    92s
  62   3.70412900e+09  3.70684619e+09  1.03e-04 6.33e-07  1.69e+00    93s
  63   3.70419840e+09  3.70643522e+09  9.69e-05 6.35e-07  1.40e+00    94s
  64   3.70463011e+09  3.70632191e+09  5.81e-05 7.72e-07  1.05e+00    96s
  65   3.70476093e+09  3.70606868e+09  4.70e-05 7.71e-07  8.15e-01    97s
  66   3.70486502e+09  3.70590825e+09  3.83e-05 6.68e-07  6.50e-01    98s
  67   3.70504379e+09  3.70576070e+09  2.41e-05 7.10e-07  4.46e-01    99s
  68   3.70504585e+09  3.70573818e+09  2.40e-05 6.42e-07  4.31e-01   100s
  69   3.70517329e+09  3.70563142e+09  1.39e-05 6.25e-07  2.85e-01   102s
  70   3.70523806e+09  3.70553429e+09  9.00e-06 6.16e-07  1.84e-01   103s
  71   3.70531653e+09  3.70544659e+09  3.19e-06 5.25e-07  8.06e-02   104s
  72   3.70534908e+09  3.70539907e+09  1.75e-06 6.83e-07  3.09e-02   105s
  73   3.70535818e+09  3.70538669e+09  2.23e-06 7.97e-07  1.75e-02   106s
  74   3.70536141e+09  3.70537310e+09  9.31e-07 9.86e-07  7.18e-03   107s
  75   3.70536250e+09  3.70536755e+09  8.06e-07 8.24e-07  3.10e-03   109s
  76   3.70536282e+09  3.70536500e+09  4.67e-07 7.25e-07  1.35e-03   110s
  77   3.70536330e+09  3.70536369e+09  2.66e-06 7.62e-07  2.46e-04   111s
  78   3.70536338e+09  3.70536367e+09  6.39e-07 1.12e-06  1.76e-04   112s
  79   3.70536339e+09  3.70536345e+09  4.71e-07 7.20e-07  3.69e-05   113s
  80   3.70536339e+09  3.70536340e+09  1.97e-07 8.49e-07  5.27e-06   114s
  81   3.70536340e+09  3.70536340e+09  2.20e-06 7.71e-07  1.40e-06   115s
  82   3.70536340e+09  3.70536340e+09  9.01e-08 1.03e-06  2.50e-08   116s
  83   3.70536340e+09  3.70536340e+09  1.28e-08 9.54e-07  3.64e-11   117s

Barrier solved model in 83 iterations and 117.26 seconds (62.64 work units)
Optimal objective 3.70536340e+09


Root crossover log...

   20910 DPushes remaining with DInf 0.0000000e+00               118s
       0 DPushes remaining with DInf 0.0000000e+00               120s

    1321 PPushes remaining with PInf 4.3060762e-05               120s
       0 PPushes remaining with PInf 0.0000000e+00               120s

  Push phase complete: Pinf 0.0000000e+00, Dinf 1.2850918e-07    120s


Root simplex log...

Iteration    Objective       Primal Inf.    Dual Inf.      Time
   22211    3.7053634e+09   0.000000e+00   0.000000e+00    120s
Concurrent spin time: 5.59s

Solved with barrier
   22222    3.7053634e+09   0.000000e+00   0.000000e+00    127s
Extra simplex iterations after uncrush: 11

Root relaxation: objective 3.705363e+09, 22222 iterations, 95.49 seconds (40.05 work units)

    Nodes    |    Current Node    |     Objective Bounds      |     Work
 Expl Unexpl |  Obj  Depth IntInf | Incumbent    BestBd   Gap | It/Node Time

     0     0 3.7054e+09    0  311          - 3.7054e+09      -     -  131s
     0     0 3.7053e+09    0  310          - 3.7053e+09      -     -  250s
     0     0 3.7053e+09    0  295          - 3.7053e+09      -     -  304s
     0     0 3.7053e+09    0  296          - 3.7053e+09      -     -  324s
     0     0 3.7053e+09    0  299          - 3.7053e+09      -     -  414s
     0     0 3.7053e+09    0  295          - 3.7053e+09      -     -  433s
     0     0 3.7053e+09    0  304          - 3.7053e+09      -     -  480s
     0     0 3.7053e+09    0  310          - 3.7053e+09      -     -  515s
     0     0 3.7053e+09    0  310          - 3.7053e+09      -     -  536s
     0     0 3.7053e+09    0  316          - 3.7053e+09      -     -  554s
     0     0 3.7053e+09    0  313          - 3.7053e+09      -     -  575s
     0     0 3.7053e+09    0  311          - 3.7053e+09      -     -  585s
     0     0 3.7053e+09    0  315          - 3.7053e+09      -     -  598s
     0     0 3.7053e+09    0  311          - 3.7053e+09      -     -  649s
     0     2 3.7053e+09    0  308          - 3.7053e+09      -     - 1028s
     1     4 3.7053e+09    1  281          - 3.7053e+09      - 12382 1131s
     3     8 3.7053e+09    2  282          - 3.7053e+09      -  4814 1234s
     7    16 3.7053e+09    3  290          - 3.7053e+09      -  2823 1359s
    15    32 3.7053e+09    4  286          - 3.7053e+09      -  2336 1715s
    31    52 3.7053e+09    5  282          - 3.7053e+09      -  2790 1917s
    51    72 3.7053e+09    6  282          - 3.7053e+09      -  2222 2068s
    71    92 3.7053e+09    6  292          - 3.7053e+09      -  2045 2226s
    91   112 3.7053e+09    7  278          - 3.7053e+09      -  1979 2365s
   111   135 3.7053e+09    7  293          - 3.7053e+09      -  1940 2567s
   134   159 3.7053e+09    8  295          - 3.7053e+09      -  1801 2732s
   158   183 3.7053e+09    8  296          - 3.7053e+09      -  1780 2851s
   182   206 3.7053e+09    9  283          - 3.7053e+09      -  1706 3188s
   205   236 3.7053e+09    9  260          - 3.7053e+09      -  1765 3378s
   235   264 3.7053e+09   10  289          - 3.7053e+09      -  1696 3523s
   263   311 3.7053e+09   10  269          - 3.7053e+09      -  1619 3928s
   310   367 3.7053e+09   11  268          - 3.7053e+09      -  1580 4430s
   366   459 3.7053e+09   14  259          - 3.7053e+09      -  1654 5206s
   458   611 3.7053e+09   16  254          - 3.7053e+09      -  1633 6695s
   612   879 3.7053e+09   24  267          - 3.7053e+09      -  1556 8149s
   882  1240 3.7053e+09   45  261          - 3.7053e+09      -  1454 9622s
  1253  1703 3.7053e+09   54  262          - 3.7053e+09      -  1405 10800s
H 1535  1703                    3.643415e+09 3.7053e+09  1.70%  1361 10801s

Cutting planes:
  Learned: 1
  Cover: 28
  Implied bound: 24
  Clique: 1
  MIR: 39
  StrongCG: 1
  Flow cover: 52
  GUB cover: 2
  Network: 3
  RLT: 17
  Relax-and-lift: 9

Explored 1716 nodes (2425878 simplex iterations) in 10801.90 seconds (5520.11 work units)
Thread count was 20 (of 40 available processors)

Solution count 1: 3.64342e+09 

Time limit reached
Best objective 3.643415211252e+09, best bound 3.705317565548e+09, gap 1.6990%
Gurobi Optimizer version 10.0.1 build v10.0.1rc0 (linux64)

CPU model: Intel(R) Xeon(R) Gold 5115 CPU @ 2.40GHz, instruction set [SSE2|AVX|AVX2|AVX512]
Thread count: 20 physical cores, 40 logical processors, using up to 20 threads

Optimize a model with 141232 rows, 1349448 columns and 8363558 nonzeros
Model fingerprint: 0xdae0dc9d
Variable types: 603931 continuous, 745517 integer (745517 binary)
Coefficient statistics:
  Matrix range     [1e+00, 2e+05]
  Objective range  [4e+01, 4e+07]
  Bounds range     [1e+00, 3e+05]
  RHS range        [1e+00, 6e+06]
Presolve removed 105816 rows and 782727 columns (presolve time = 5s) ...
Presolve removed 118517 rows and 896765 columns (presolve time = 10s) ...
Presolve removed 118762 rows and 898086 columns (presolve time = 15s) ...
Presolve removed 121850 rows and 999338 columns (presolve time = 20s) ...
Presolve removed 121810 rows and 999298 columns
Presolve time: 24.43s
Presolved: 19422 rows, 350150 columns, 1574350 nonzeros
Variable types: 224572 continuous, 125578 integer (125563 binary)
Deterministic concurrent LP optimizer: primal simplex, dual simplex, and barrier
Showing barrier log only...

Root barrier log...

Ordering time: 0.80s

Barrier statistics:
 AA' NZ     : 8.507e+05
 Factor NZ  : 5.639e+06 (roughly 200 MB of memory)
 Factor Ops : 6.894e+09 (less than 1 second per iteration)
 Threads    : 17

                  Objective                Residual
Iter       Primal          Dual         Primal    Dual     Compl     Time
   0  -1.36532095e+16  2.74128454e+13  5.02e+08 2.16e+06  5.70e+11    30s
   1  -5.83338680e+15  2.54949864e+13  2.15e+08 3.05e+06  2.46e+11    30s
   2  -8.27291168e+14  1.88228759e+13  3.05e+07 3.01e+05  3.61e+10    30s
   3  -4.20590897e+13  1.13089146e+13  1.55e+06 1.24e-08  1.86e+09    30s
   4  -5.16808931e+12  3.62731529e+12  1.91e+05 1.32e-08  2.35e+08    30s
   5  -7.88165831e+11  1.86061312e+12  2.91e+04 1.11e-08  3.76e+07    31s
   6  -2.38388630e+11  1.27428490e+12  8.86e+03 9.90e-09  1.21e+07    31s
   7  -1.15230001e+11  9.22868864e+11  4.33e+03 9.55e-09  6.04e+06    31s
   8  -7.49697989e+10  5.10779639e+11  2.85e+03 2.42e-08  3.48e+06    31s
   9  -3.04992664e+10  2.92485301e+11  1.21e+03 8.86e-08  1.48e+06    31s
  10  -1.45402589e+10  1.54402975e+11  6.26e+02 1.02e-07  7.17e+05    32s
  11  -3.94123411e+09  6.51170226e+10  2.38e+02 6.24e-08  2.65e+05    32s
  12   2.27865714e+08  4.12619453e+10  8.80e+01 4.76e-08  1.19e+05    32s
  13   1.41040964e+09  2.48658501e+10  4.77e+01 4.06e-08  6.55e+04    32s
  14   1.84217686e+09  1.67249946e+10  3.29e+01 2.58e-08  4.34e+04    32s
  15   2.22832596e+09  1.15840874e+10  1.98e+01 2.74e-08  2.69e+04    32s
  16   2.29566485e+09  9.67535049e+09  1.77e+01 2.99e-08  2.24e+04    33s
  17   2.45593373e+09  8.97930581e+09  1.23e+01 3.35e-08  1.76e+04    33s
  18   2.54025792e+09  8.14162302e+09  9.58e+00 3.86e-08  1.46e+04    33s
  19   2.57969496e+09  7.23100198e+09  8.62e+00 3.60e-08  1.28e+04    33s
  20   2.59855868e+09  7.04325619e+09  7.92e+00 4.40e-08  1.20e+04    33s
  21   2.66171377e+09  6.25746790e+09  5.91e+00 4.47e-08  9.46e+03    34s
  22   2.71759735e+09  5.71343040e+09  4.32e+00 4.47e-08  7.45e+03    34s
  23   2.75331695e+09  5.18257048e+09  3.32e+00 4.91e-08  5.89e+03    34s
  24   2.77886982e+09  4.69767864e+09  2.79e+00 4.56e-08  4.74e+03    34s
  25   2.79654658e+09  4.33207765e+09  2.33e+00 4.16e-08  3.79e+03    35s
  26   2.83343801e+09  4.10627112e+09  1.56e+00 4.13e-08  2.82e+03    35s
  27   2.84189671e+09  3.95438530e+09  1.43e+00 4.62e-08  2.46e+03    35s
  28   2.84621610e+09  3.87415038e+09  1.36e+00 4.73e-08  2.26e+03    35s
  29   2.86816835e+09  3.72162162e+09  1.01e+00 3.89e-08  1.75e+03    36s
  30   2.88102172e+09  3.51393708e+09  8.11e-01 2.97e-08  1.27e+03    36s
  31   2.89495167e+09  3.33069197e+09  5.76e-01 2.67e-08  8.30e+02    36s
  32   2.90843137e+09  3.19483116e+09  3.46e-01 1.60e-08  5.04e+02    36s
  33   2.92266333e+09  3.13095433e+09  1.52e-01 1.61e-08  3.32e+02    37s
  34   2.92449804e+09  3.08530464e+09  1.37e-01 1.12e-08  2.53e+02    37s
  35   2.92918031e+09  3.07056089e+09  1.02e-01 9.55e-09  2.18e+02    37s
  36   2.92982599e+09  3.05638056e+09  9.73e-02 9.43e-09  1.94e+02    37s
  37   2.93115389e+09  3.03563801e+09  8.86e-02 8.67e-09  1.59e+02    37s
  38   2.93537954e+09  3.00358705e+09  6.47e-02 5.82e-09  1.02e+02    37s
  39   2.93739375e+09  2.99630513e+09  5.40e-02 5.56e-09  8.76e+01    38s
  40   2.93835583e+09  2.99017170e+09  4.92e-02 5.01e-09  7.67e+01    38s
  41   2.94128771e+09  2.97863032e+09  3.57e-02 4.28e-09  5.47e+01    38s
  42   2.94290401e+09  2.97530306e+09  2.90e-02 3.90e-09  4.72e+01    38s
  43   2.94520043e+09  2.97240620e+09  2.05e-02 3.84e-09  3.95e+01    38s
  44   2.94683708e+09  2.96737177e+09  1.55e-02 3.78e-09  2.97e+01    39s
  45   2.94865357e+09  2.96348346e+09  1.09e-02 3.73e-09  2.14e+01    39s
  46   2.94968883e+09  2.96092333e+09  8.80e-03 3.00e-09  1.61e+01    39s
  47   2.95023730e+09  2.95971953e+09  7.74e-03 2.85e-09  1.36e+01    39s
  48   2.95148112e+09  2.95899140e+09  5.75e-03 2.68e-09  1.08e+01    40s
  49   2.95216927e+09  2.95868737e+09  4.60e-03 2.91e-09  9.35e+00    40s
  50   2.95266756e+09  2.95833417e+09  3.89e-03 3.26e-09  8.13e+00    40s
  51   2.95287182e+09  2.95773464e+09  3.60e-03 2.56e-09  6.97e+00    40s
  52   2.95329247e+09  2.95748261e+09  3.04e-03 3.73e-09  6.00e+00    41s
  53   2.95364674e+09  2.95726517e+09  2.65e-03 2.79e-09  5.18e+00    41s
  54   2.95390426e+09  2.95703755e+09  2.34e-03 3.73e-09  4.49e+00    41s
  55   2.95456692e+09  2.95679540e+09  1.57e-03 2.73e-09  3.19e+00    41s
  56   2.95484659e+09  2.95661193e+09  1.28e-03 3.23e-09  2.53e+00    42s
  57   2.95517177e+09  2.95650562e+09  9.49e-04 3.73e-09  1.91e+00    42s
  58   2.95544111e+09  2.95642862e+09  6.79e-04 2.44e-09  1.41e+00    42s
  59   2.95553680e+09  2.95638794e+09  5.87e-04 3.73e-09  1.22e+00    42s
  60   2.95581447e+09  2.95631362e+09  3.24e-04 3.73e-09  7.15e-01    42s
  61   2.95590074e+09  2.95628453e+09  2.46e-04 5.59e-09  5.50e-01    43s
  62   2.95599811e+09  2.95622968e+09  1.57e-04 3.73e-09  3.32e-01    43s
  63   2.95608444e+09  2.95620749e+09  8.05e-05 3.73e-09  1.76e-01    43s
  64   2.95614514e+09  2.95618877e+09  2.68e-05 3.73e-09  6.25e-02    43s
  65   2.95617100e+09  2.95618077e+09  5.40e-06 3.73e-09  1.40e-02    44s
  66   2.95617529e+09  2.95617990e+09  1.96e-06 3.73e-09  6.62e-03    44s
  67   2.95617703e+09  2.95617845e+09  6.78e-07 3.73e-09  2.03e-03    44s
  68   2.95617792e+09  2.95617812e+09  5.56e-08 3.73e-09  2.90e-04    44s
  69   2.95617798e+09  2.95617800e+09  1.47e-08 3.73e-09  3.50e-05    44s
  70   2.95617800e+09  2.95617800e+09  3.53e-09 3.73e-09  4.97e-07    45s
  71   2.95617800e+09  2.95617800e+09  1.01e-10 3.73e-09  5.63e-11    45s

Barrier solved model in 71 iterations and 44.99 seconds (43.04 work units)
Optimal objective 2.95617800e+09


Root crossover log...

    9294 DPushes remaining with DInf 0.0000000e+00                45s
       0 DPushes remaining with DInf 0.0000000e+00                45s

    1051 PPushes remaining with PInf 0.0000000e+00                45s
       0 PPushes remaining with PInf 0.0000000e+00                45s

  Push phase complete: Pinf 0.0000000e+00, Dinf 2.2711547e+04     45s


Root simplex log...

Iteration    Objective       Primal Inf.    Dual Inf.      Time
   10339    2.9561780e+09   0.000000e+00   2.271155e+04     45s
   10359    2.9561780e+09   0.000000e+00   0.000000e+00     46s
Concurrent spin time: 0.01s

Solved with barrier
   10365    2.9561780e+09   0.000000e+00   0.000000e+00     46s
Extra simplex iterations after uncrush: 6

Root relaxation: objective 2.956178e+09, 10365 iterations, 18.64 seconds (12.71 work units)

    Nodes    |    Current Node    |     Objective Bounds      |     Work
 Expl Unexpl |  Obj  Depth IntInf | Incumbent    BestBd   Gap | It/Node Time

     0     0 2.9562e+09    0  227          - 2.9562e+09      -     -   47s
     0     0 2.9559e+09    0  220          - 2.9559e+09      -     -   68s
     0     0 2.9559e+09    0  230          - 2.9559e+09      -     -   80s
     0     0 2.9559e+09    0  239          - 2.9559e+09      -     -   82s
     0     0 2.9559e+09    0  234          - 2.9559e+09      -     -   88s
     0     0 2.9559e+09    0  240          - 2.9559e+09      -     -   92s
     0     0 2.9557e+09    0  221          - 2.9557e+09      -     -  102s
     0     0 2.9557e+09    0  210          - 2.9557e+09      -     -  107s
     0     0 2.9556e+09    0  216          - 2.9556e+09      -     -  112s
     0     0 2.9556e+09    0  224          - 2.9556e+09      -     -  115s
     0     0 2.9556e+09    0  223          - 2.9556e+09      -     -  121s
     0     0 2.9556e+09    0  227          - 2.9556e+09      -     -  124s
     0     0 2.9556e+09    0  232          - 2.9556e+09      -     -  127s
     0     0 2.9556e+09    0  235          - 2.9556e+09      -     -  128s
     0     0 2.9556e+09    0  238          - 2.9556e+09      -     -  131s
     0     0 2.9556e+09    0  242          - 2.9556e+09      -     -  132s
     0     0 2.9556e+09    0  242          - 2.9556e+09      -     -  134s
     0     0 2.9556e+09    0  230          - 2.9556e+09      -     -  139s
     0     2 2.9556e+09    0  223          - 2.9556e+09      -     -  194s
     1     4 2.9556e+09    1  212          - 2.9556e+09      -   654  203s
     3     8 2.9556e+09    2  204          - 2.9556e+09      -   435  218s
     7    16 2.9556e+09    3  184          - 2.9556e+09      -   587  235s
    15    32 2.9556e+09    4  196          - 2.9556e+09      -   636  264s
    21    32 2.9550e+09    4  214          - 2.9556e+09      -   620  265s
    31    52 2.9556e+09    5  189          - 2.9556e+09      -   922  287s
    51    71 2.9556e+09    6  184          - 2.9556e+09      -   837  313s
    71    91 2.9556e+09    7  184          - 2.9556e+09      -   853  336s
    91   111 2.9556e+09    7  212          - 2.9556e+09      -   849  367s
   111   131 2.9555e+09    8  179          - 2.9556e+09      -   948  392s
   131   151 2.9544e+09    9  180          - 2.9556e+09      -   964  416s
   151   171 2.9553e+09    9  182          - 2.9556e+09      -   943  446s
   171   191 2.9552e+09   10  179          - 2.9556e+09      -   932  477s
   191   214 2.9552e+09   11  186          - 2.9556e+09      -   934  508s
   214   236 2.9552e+09   12  183          - 2.9556e+09      -   888  531s
   236   263 2.9547e+09   13  175          - 2.9556e+09      -   851  563s
   263   288 2.9551e+09   13  189          - 2.9556e+09      -   818  592s
   289   314 2.9551e+09   14  201          - 2.9556e+09      -   803  629s
   315   337 2.9551e+09   15  188          - 2.9556e+09      -   801  669s
H  320   337                    2.810228e+09 2.9556e+09  5.17%   805  670s
H  322   337                    2.817285e+09 2.9556e+09  4.91%   804  670s
   340   361 2.9551e+09   16  207 2.8173e+09 2.9556e+09  4.91%   799  713s
H  345   361                    2.850961e+09 2.9556e+09  3.67%   795  713s
   364   388 2.9551e+09   17  188 2.8510e+09 2.9556e+09  3.67%   800  754s
   391   413 2.9551e+09   18  191 2.8510e+09 2.9556e+09  3.67%   807  790s
H  405   413                    2.851358e+09 2.9556e+09  3.66%   800  790s
   416   453 2.9551e+09   19  184 2.8514e+09 2.9556e+09  3.66%   803  824s
H  456   473                    2.856519e+09 2.9556e+09  3.47%   785 1400s
H  456   473                    2.906955e+09 2.9556e+09  1.67%   785 1401s
H  458   473                    2.928200e+09 2.9556e+09  0.94%   786 1401s
   476   509 2.9551e+09   21  206 2.9282e+09 2.9556e+09  0.94%   785 1467s
   512   559 2.9551e+09   23  200 2.9282e+09 2.9556e+09  0.94%   789 1534s
   562   604 2.9550e+09   26  186 2.9282e+09 2.9556e+09  0.94%   775 1666s
   607   660 2.9550e+09   28  201 2.9282e+09 2.9556e+09  0.94%   765 1724s
   664   726 2.9550e+09   31  169 2.9282e+09 2.9556e+09  0.94%   746 1799s
   730   797 2.9550e+09   32  163 2.9282e+09 2.9556e+09  0.94%   729 1857s
   802   856 2.9544e+09   33  171 2.9282e+09 2.9556e+09  0.94%   705 1932s
   861   921 2.9549e+09   34  174 2.9282e+09 2.9556e+09  0.94%   704 2003s
   928   978 2.9549e+09   35  169 2.9282e+09 2.9556e+09  0.94%   703 2073s
   990  1060 2.9545e+09   36  201 2.9282e+09 2.9556e+09  0.94%   701 2165s
H 1072  1080                    2.933160e+09 2.9556e+09  0.77%   687 2375s
H 1073  1080                    2.933257e+09 2.9556e+09  0.76%   687 2376s
H 1085  1080                    2.937372e+09 2.9556e+09  0.62%   687 2377s
  1092  1167 2.9543e+09   39  180 2.9374e+09 2.9556e+09  0.62%   687 2444s
  1194  1233 2.9543e+09   41  181 2.9374e+09 2.9556e+09  0.62%   671 2507s
  1292  1343 2.9543e+09   45  181 2.9374e+09 2.9556e+09  0.62%   660 2563s
  1412  1468 2.9543e+09   51  162 2.9374e+09 2.9556e+09  0.62%   637 2620s
  1537  1611 2.9543e+09   54  177 2.9374e+09 2.9556e+09  0.62%   620 2675s
  1682  1767 2.9543e+09   60  146 2.9374e+09 2.9556e+09  0.62%   602 2738s
  1839  1924 2.9543e+09   64  133 2.9374e+09 2.9556e+09  0.62%   583 2807s
  2014  2119 2.9542e+09   72  151 2.9374e+09 2.9556e+09  0.62%   560 2882s
  2225  2139 2.9542e+09   81  110 2.9374e+09 2.9556e+09  0.62%   533 3188s
H 2226  2134                    2.938523e+09 2.9556e+09  0.58%   533 3189s
H 2227  2134                    2.938559e+09 2.9556e+09  0.58%   533 3190s
H 2239  2134                    2.939064e+09 2.9556e+09  0.56%   532 3190s
  2245  2324 2.9542e+09   82  112 2.9391e+09 2.9556e+09  0.56%   532 3272s
  2467  2536 2.9542e+09   90  117 2.9391e+09 2.9556e+09  0.56%   507 3357s
  2684  2788 2.9542e+09  100  113 2.9391e+09 2.9556e+09  0.56%   488 3430s
  2941  3027 2.9542e+09  109  105 2.9391e+09 2.9556e+09  0.56%   466 3498s
  3203  3271 2.9542e+09  119  115 2.9391e+09 2.9556e+09  0.56%   448 3566s
  3449  3545 2.9541e+09  130  107 2.9391e+09 2.9556e+09  0.56%   435 3619s
  3757  3854 2.9542e+09  138  130 2.9391e+09 2.9556e+09  0.56%   416 3673s
  4070  4195 2.9542e+09  153  113 2.9391e+09 2.9556e+09  0.56%   399 3733s
  4420  4555 2.9542e+09  165  128 2.9391e+09 2.9556e+09  0.56%   383 3790s
H 4797  4575                    2.939064e+09 2.9556e+09  0.56%   367 4792s
H 4798  4575                    2.939197e+09 2.9556e+09  0.56%   367 4792s
H 4801  4508                    2.940534e+09 2.9556e+09  0.51%   367 4793s
H 4809  4506                    2.940684e+09 2.9556e+09  0.51%   367 4794s
  4817  4935 2.9541e+09  178  116 2.9407e+09 2.9556e+09  0.51%   367 4879s
  5277  5350 2.9541e+09  189  121 2.9407e+09 2.9556e+09  0.51%   348 4963s
  5716  5835 2.9541e+09  203  116 2.9407e+09 2.9556e+09  0.51%   334 5096s
  6239  6339 2.9541e+09  216  114 2.9407e+09 2.9556e+09  0.51%   317 5216s
  6759  6905 2.9541e+09  240  123 2.9407e+09 2.9556e+09  0.51%   302 5314s
H 7346  6925                    2.940688e+09 2.9556e+09  0.51%   287 5858s
H 7347  6825                    2.941267e+09 2.9556e+09  0.49%   287 5859s
H 7348  6825                    2.941286e+09 2.9556e+09  0.49%   287 5860s
H 7349  6750                    2.941419e+09 2.9556e+09  0.48%   287 5860s
H 7351  6715                    2.942084e+09 2.9556e+09  0.46%   287 5861s
  7366  7130 infeasible  277      2.9421e+09 2.9556e+09  0.46%   288 5984s
  7869  7512 2.9541e+09  313  100 2.9421e+09 2.9556e+09  0.46%   279 6095s
  8269  7957 2.9541e+09  346  106 2.9421e+09 2.9556e+09  0.46%   276 6254s
  8734  8357 2.9541e+09  383  101 2.9421e+09 2.9556e+09  0.46%   270 6446s
  9140  8802 2.9541e+09  410  103 2.9421e+09 2.9556e+09  0.46%   268 6655s
  9596  9264 2.9540e+09  443   86 2.9421e+09 2.9556e+09  0.46%   265 6844s
 10066  9828 2.9540e+09  473   94 2.9421e+09 2.9556e+09  0.46%   263 7040s
 10638 10500 2.9540e+09  495   94 2.9421e+09 2.9556e+09  0.46%   258 7225s
 11352 11190 2.9540e+09  528   93 2.9421e+09 2.9556e+09  0.46%   251 7451s
H12082 11149                    2.942178e+09 2.9556e+09  0.46%   245 7720s

Cutting planes:
  Cover: 72
  Implied bound: 74
  Clique: 5
  MIR: 51
  Flow cover: 92
  GUB cover: 1
  Network: 46
  RLT: 19
  Relax-and-lift: 28

Explored 12082 nodes (2984085 simplex iterations) in 10800.35 seconds (5969.15 work units)
Thread count was 20 (of 40 available processors)

Solution count 10: 2.94218e+09 2.94208e+09 2.94142e+09 ... 2.93906e+09

Time limit reached
Best objective 2.942177649340e+09, best bound 2.955609674069e+09, gap 0.4565%
Gurobi Optimizer version 10.0.1 build v10.0.1rc0 (linux64)

CPU model: Intel(R) Xeon(R) Gold 5115 CPU @ 2.40GHz, instruction set [SSE2|AVX|AVX2|AVX512]
Thread count: 20 physical cores, 40 logical processors, using up to 20 threads

Optimize a model with 178534 rows, 1639808 columns and 12006176 nonzeros
Model fingerprint: 0x97f40055
Variable types: 413322 continuous, 1226486 integer (1226486 binary)
Coefficient statistics:
  Matrix range     [1e+00, 2e+05]
  Objective range  [4e+01, 4e+07]
  Bounds range     [1e+00, 3e+05]
  RHS range        [1e+00, 8e+06]
Presolve removed 145525 rows and 1089641 columns (presolve time = 6s) ...
Presolve removed 159016 rows and 1293703 columns (presolve time = 10s) ...
Presolve removed 159244 rows and 1298384 columns (presolve time = 15s) ...
Presolve removed 160787 rows and 1333503 columns (presolve time = 20s) ...
Presolve removed 160747 rows and 1333463 columns
Presolve time: 23.93s
Presolved: 17787 rows, 306345 columns, 1424399 nonzeros
Variable types: 168161 continuous, 138184 integer (138170 binary)
Deterministic concurrent LP optimizer: primal simplex, dual simplex, and barrier
Showing barrier log only...

Root barrier log...

Ordering time: 0.61s

Barrier statistics:
 AA' NZ     : 7.608e+05
 Factor NZ  : 4.690e+06 (roughly 160 MB of memory)
 Factor Ops : 5.698e+09 (less than 1 second per iteration)
 Threads    : 17

                  Objective                Residual
Iter       Primal          Dual         Primal    Dual     Compl     Time
   0  -1.23378198e+16  3.56333871e+12  5.13e+08 8.83e+04  8.14e+10    30s
   1  -2.65121730e+15  3.27117077e+12  1.11e+08 3.92e+05  1.77e+10    30s
   2  -5.51953288e+14  1.88089354e+12  2.33e+07 1.32e+04  3.77e+09    30s
   3  -1.25674119e+13  1.24058294e+12  5.30e+05 1.89e+02  8.81e+07    30s
   4  -7.77854015e+11  3.07119273e+11  3.28e+04 1.22e+01  5.88e+06    30s
   5  -3.37701392e+11  1.77178279e+11  1.43e+04 3.17e+00  2.62e+06    30s
   6  -9.72320423e+10  1.16689706e+11  4.20e+03 1.16e-09  8.46e+05    31s
   7  -4.27125980e+10  6.57073461e+10  1.92e+03 1.28e-09  3.74e+05    31s
   8  -2.15270918e+10  3.61174522e+10  1.03e+03 1.22e-09  1.87e+05    31s
   9  -7.47873627e+09  1.73165263e+10  4.47e+02 1.28e-09  7.48e+04    31s
  10  -7.98459708e+08  1.00370645e+10  1.71e+02 1.80e-09  2.97e+04    31s
  11   1.80593661e+09  7.54376492e+09  6.54e+01 2.60e-09  1.39e+04    31s
  12   2.12121648e+09  6.40148718e+09  5.31e+01 3.63e-09  1.06e+04    32s
  13   2.32133681e+09  5.98113718e+09  4.55e+01 3.49e-09  9.07e+03    32s
  14   2.53028921e+09  5.59185334e+09  3.77e+01 4.66e-09  7.57e+03    32s
  15   2.61887072e+09  5.36204073e+09  3.43e+01 3.84e-09  6.83e+03    32s
  16   2.78734402e+09  4.78046375e+09  2.77e+01 5.50e-09  5.17e+03    32s
  17   2.98875073e+09  4.25237319e+09  1.98e+01 4.73e-09  3.45e+03    32s
  18   3.19815537e+09  3.98690561e+09  1.15e+01 5.24e-09  2.14e+03    33s
  19   3.26555118e+09  3.84409137e+09  8.80e+00 5.65e-09  1.60e+03    33s
  20   3.31897702e+09  3.75624695e+09  6.53e+00 1.11e-08  1.21e+03    33s
  21   3.34376371e+09  3.72492132e+09  5.45e+00 9.08e-09  1.04e+03    33s
  22   3.37960399e+09  3.69404034e+09  3.73e+00 9.43e-09  7.99e+02    33s
  23   3.40634575e+09  3.63422607e+09  2.43e+00 7.10e-09  5.51e+02    33s
  24   3.43688552e+09  3.56367615e+09  9.43e-01 5.36e-09  2.67e+02    34s
  25   3.45071136e+09  3.52758179e+09  3.06e-01 5.36e-09  1.41e+02    34s
  26   3.45381739e+09  3.51416848e+09  1.85e-01 5.53e-09  1.06e+02    34s
  27   3.45535498e+09  3.50971979e+09  1.35e-01 4.83e-09  9.39e+01    34s
  28   3.45727605e+09  3.48372808e+09  7.31e-02 3.14e-09  4.41e+01    34s
  29   3.45782112e+09  3.47505879e+09  6.16e-02 2.56e-09  2.82e+01    34s
  30   3.45869760e+09  3.47035683e+09  4.64e-02 2.74e-09  1.87e+01    34s
  31   3.45945496e+09  3.46824814e+09  3.60e-02 2.10e-09  1.40e+01    35s
  32   3.45977521e+09  3.46760375e+09  3.22e-02 2.58e-09  1.25e+01    35s
  33   3.46041406e+09  3.46680525e+09  2.43e-02 2.79e-09  1.02e+01    35s
  34   3.46079071e+09  3.46625222e+09  2.03e-02 2.62e-09  8.69e+00    35s
  35   3.46147472e+09  3.46510618e+09  1.43e-02 2.56e-09  5.74e+00    35s
  36   3.46182335e+09  3.46450258e+09  1.13e-02 2.21e-09  4.21e+00    35s
  37   3.46209927e+09  3.46431663e+09  9.10e-03 2.21e-09  3.49e+00    36s
  38   3.46248261e+09  3.46413733e+09  6.38e-03 2.44e-09  2.61e+00    36s
  39   3.46276149e+09  3.46402429e+09  4.62e-03 2.88e-09  2.00e+00    36s
  40   3.46302276e+09  3.46391234e+09  3.02e-03 2.44e-09  1.41e+00    36s
  41   3.46314563e+09  3.46384377e+09  2.35e-03 2.44e-09  1.11e+00    36s
  42   3.46319994e+09  3.46380360e+09  2.06e-03 2.44e-09  9.57e-01    37s
  43   3.46338576e+09  3.46375568e+09  1.08e-03 2.56e-09  5.90e-01    37s
  44   3.46344930e+09  3.46371024e+09  7.89e-04 2.21e-09  4.15e-01    37s
  45   3.46352038e+09  3.46368743e+09  4.72e-04 2.18e-09  2.67e-01    37s
  46   3.46354389e+09  3.46366961e+09  3.68e-04 2.15e-09  2.00e-01    38s
  47   3.46357039e+09  3.46366306e+09  2.56e-04 3.06e-09  1.48e-01    38s
  48   3.46359355e+09  3.46364902e+09  1.59e-04 1.75e-09  8.85e-02    38s
  49   3.46360844e+09  3.46364203e+09  9.51e-05 1.98e-09  5.36e-02    39s
  50   3.46362060e+09  3.46363703e+09  4.41e-05 1.75e-09  2.63e-02    39s
  51   3.46362307e+09  3.46363547e+09  3.43e-05 1.98e-09  1.98e-02    39s
  52   3.46362601e+09  3.46363460e+09  2.20e-05 2.04e-09  1.38e-02    40s
  53   3.46362911e+09  3.46363323e+09  9.52e-06 2.68e-09  6.61e-03    40s
  54   3.46363006e+09  3.46363248e+09  5.86e-06 1.95e-09  3.88e-03    40s
  55   3.46363072e+09  3.46363201e+09  3.19e-06 1.75e-09  2.06e-03    40s
  56   3.46363139e+09  3.46363176e+09  7.65e-07 2.01e-09  6.01e-04    41s
  57   3.46363156e+09  3.46363165e+09  1.73e-07 1.75e-09  1.43e-04    41s
  58   3.46363159e+09  3.46363162e+09  8.85e-08 1.98e-09  5.89e-05    41s
  59   3.46363161e+09  3.46363161e+09  1.08e-08 2.44e-09  8.10e-06    41s
  60   3.46363161e+09  3.46363161e+09  6.50e-09 4.19e-09  1.47e-06    42s
  61   3.46363161e+09  3.46363161e+09  2.99e-08 1.98e-09  4.98e-07    42s
  62   3.46363161e+09  3.46363161e+09  9.63e-09 2.79e-09  3.24e-08    43s
  63   3.46363161e+09  3.46363161e+09  1.86e-09 2.21e-09  1.34e-10    43s

Barrier solved model in 63 iterations and 42.87 seconds (46.51 work units)
Optimal objective 3.46363161e+09


Root crossover log...

    8046 DPushes remaining with DInf 0.0000000e+00                43s
       0 DPushes remaining with DInf 0.0000000e+00                44s

     861 PPushes remaining with PInf 0.0000000e+00                44s
       0 PPushes remaining with PInf 0.0000000e+00                44s

  Push phase complete: Pinf 0.0000000e+00, Dinf 2.2607907e-08     44s


Root simplex log...

Iteration    Objective       Primal Inf.    Dual Inf.      Time
    8779    3.4636316e+09   0.000000e+00   0.000000e+00     44s
Concurrent spin time: 2.37s (can be avoided by choosing Method=3)

Solved with barrier
    8779    3.4636316e+09   0.000000e+00   0.000000e+00     46s

Root relaxation: objective 3.463632e+09, 8779 iterations, 18.91 seconds (9.44 work units)

    Nodes    |    Current Node    |     Objective Bounds      |     Work
 Expl Unexpl |  Obj  Depth IntInf | Incumbent    BestBd   Gap | It/Node Time

     0     0 3.4636e+09    0  203          - 3.4636e+09      -     -   49s
     0     0 3.4636e+09    0  193          - 3.4636e+09      -     -   72s
     0     0 3.4636e+09    0  193          - 3.4636e+09      -     -   79s
     0     0 3.4636e+09    0  189          - 3.4636e+09      -     -   86s
     0     0 3.4636e+09    0  193          - 3.4636e+09      -     -   92s
     0     0 3.4636e+09    0  197          - 3.4636e+09      -     -   98s
     0     0 3.4636e+09    0  201          - 3.4636e+09      -     -  104s
     0     0 3.4636e+09    0  203          - 3.4636e+09      -     -  113s
     0     0 3.4636e+09    0  201          - 3.4636e+09      -     -  118s
     0     0 3.4636e+09    0  176          - 3.4636e+09      -     -  124s
     0     0 3.4636e+09    0  176          - 3.4636e+09      -     -  126s
     0     0 3.4636e+09    0  187          - 3.4636e+09      -     -  130s
     0     0 3.4636e+09    0  192          - 3.4636e+09      -     -  132s
     0     0 3.4636e+09    0  198          - 3.4636e+09      -     -  135s
     0     0 3.4636e+09    0  181          - 3.4636e+09      -     -  147s
H    0     0                    3.364984e+09 3.4636e+09  2.93%     -  167s
H    0     0                    3.377651e+09 3.4636e+09  2.55%     -  178s
H    0     0                    3.377984e+09 3.4636e+09  2.54%     -  197s
     0     2 3.4636e+09    0  176 3.3780e+09 3.4636e+09  2.54%     -  207s
     1     4 3.4636e+09    1  167 3.3780e+09 3.4636e+09  2.54%  1411  235s
     3     8 3.4636e+09    2  152 3.3780e+09 3.4636e+09  2.54%   881  258s
     7    16 3.4636e+09    3  172 3.3780e+09 3.4636e+09  2.54%   716  282s
    15    32 3.4636e+09    4  182 3.3780e+09 3.4636e+09  2.54%   596  345s
    31    52 3.4636e+09    5  181 3.3780e+09 3.4636e+09  2.54%   744  413s
H   32    52                    3.390874e+09 3.4636e+09  2.15%   721  415s
    51    72 3.4636e+09    6  171 3.3909e+09 3.4636e+09  2.15%   672  490s
H   55    72                    3.430760e+09 3.4636e+09  0.96%   646  491s
H   58    72                    3.452033e+09 3.4636e+09  0.34%   649  492s
    71    92 3.4622e+09    7  173 3.4520e+09 3.4636e+09  0.34%   621  532s
H   91   112                    3.452047e+09 3.4636e+09  0.34%   592 1316s
H   92   112                    3.452480e+09 3.4636e+09  0.32%   592 1317s
H   93   112                    3.454702e+09 3.4636e+09  0.26%   593 1318s
H   94   112                    3.456258e+09 3.4636e+09  0.21%   587 1320s
   111   132 3.4636e+09    8  196 3.4563e+09 3.4636e+09  0.21%   576 1371s
   131   152 3.4636e+09    9  183 3.4563e+09 3.4636e+09  0.21%   560 1426s
   151   175 3.4636e+09   10  189 3.4563e+09 3.4636e+09  0.21%   535 1514s
   174   199 3.4636e+09   10  144 3.4563e+09 3.4636e+09  0.21%   538 1578s
   199   223 3.4636e+09   11  146 3.4563e+09 3.4636e+09  0.21%   536 2572s
H  224   223                    3.456272e+09 3.4636e+09  0.21%   512 2572s
   225   257 3.4636e+09   11  157 3.4563e+09 3.4636e+09  0.21%   514 2603s
   261   298 3.4636e+09   12  150 3.4563e+09 3.4636e+09  0.21%   495 2646s
   303   324 3.4636e+09   14  145 3.4563e+09 3.4636e+09  0.21%   479 2799s
   329   372 3.4636e+09   14  134 3.4563e+09 3.4636e+09  0.21%   477 2860s
   377   419 3.4636e+09   15  123 3.4563e+09 3.4636e+09  0.21%   468 2908s
   425   476 3.4636e+09   16  119 3.4563e+09 3.4636e+09  0.21%   466 2952s
   482   528 3.4622e+09   17  129 3.4563e+09 3.4636e+09  0.21%   453 3009s
   537   593 3.4636e+09   18  122 3.4563e+09 3.4636e+09  0.21%   448 3050s
   606   629 3.4623e+09   18  119 3.4563e+09 3.4636e+09  0.21%   424 3129s
   643   699 3.4636e+09   19  125 3.4563e+09 3.4636e+09  0.21%   443 3213s
   722   769 3.4622e+09   21  139 3.4563e+09 3.4636e+09  0.21%   424 3278s
   803   840 3.4636e+09   22  132 3.4563e+09 3.4636e+09  0.21%   409 3333s
   887   923 3.4636e+09   25  127 3.4563e+09 3.4636e+09  0.21%   395 3386s
   982  1018 3.4636e+09   26  122 3.4563e+09 3.4636e+09  0.21%   383 3463s
  1087  1135 3.4636e+09   27  121 3.4563e+09 3.4636e+09  0.21%   364 3536s
  1216  1252 3.4623e+09   29  120 3.4563e+09 3.4636e+09  0.21%   344 3584s
H 1351  1272                    3.456575e+09 3.4636e+09  0.20%   325 4332s
H 1359  1272                    3.456605e+09 3.4636e+09  0.20%   325 4333s
H 1369  1272                    3.456787e+09 3.4636e+09  0.20%   323 4334s
  1371  1386 3.4636e+09   31  140 3.4568e+09 3.4636e+09  0.20%   324 4399s
  1493  1487 3.4636e+09   34  128 3.4568e+09 3.4636e+09  0.20%   313 4466s
  1616  1607 3.4636e+09   37  123 3.4568e+09 3.4636e+09  0.20%   304 4528s
  1750  1738 3.4636e+09   41  128 3.4568e+09 3.4636e+09  0.20%   297 4599s
  1890  1885 3.4636e+09   42  131 3.4568e+09 3.4636e+09  0.20%   287 4687s
  2053  2084 3.4623e+09   43  130 3.4568e+09 3.4636e+09  0.20%   281 4781s
  2255  2301 3.4636e+09   47  125 3.4568e+09 3.4636e+09  0.20%   272 4876s
  2476  2478 3.4636e+09   53  137 3.4568e+09 3.4636e+09  0.20%   264 4937s
  2681  2737 3.4636e+09   55  130 3.4568e+09 3.4636e+09  0.20%   257 4993s
  2953  2849 3.4636e+09   58  118 3.4568e+09 3.4636e+09  0.20%   253 5371s
  3085  3071 3.4636e+09   64  120 3.4568e+09 3.4636e+09  0.20%   255 5512s
  3315  3433 3.4636e+09   73  127 3.4568e+09 3.4636e+09  0.20%   255 5653s
  3690  3773 3.4636e+09   78  134 3.4568e+09 3.4636e+09  0.20%   245 5782s
  4108  4088 3.4636e+09   87  134 3.4568e+09 3.4636e+09  0.20%   236 5941s
  4473  4459 3.4636e+09   95  139 3.4568e+09 3.4636e+09  0.20%   233 6170s
  4846  4897 3.4636e+09  100  111 3.4568e+09 3.4636e+09  0.20%   230 6313s
  5324  5351 3.4636e+09  105  132 3.4568e+09 3.4636e+09  0.20%   220 6503s
  5856  5370 3.4636e+09  122  132 3.4568e+09 3.4636e+09  0.20%   215 8947s
H 5857  5336                    3.457053e+09 3.4636e+09  0.19%   215 8948s
  5877  5841 3.4636e+09  123  137 3.4571e+09 3.4636e+09  0.19%   215 9154s
  6400  6232 3.4636e+09  135  121 3.4571e+09 3.4636e+09  0.19%   214 9309s
  6820  6745 3.4636e+09  148  128 3.4571e+09 3.4636e+09  0.19%   217 9494s
  7350  7435 3.4636e+09  162  130 3.4571e+09 3.4636e+09  0.19%   218 9718s
  8048  7454 3.4636e+09  187  140 3.4571e+09 3.4636e+09  0.19%   213 10307s
H 8051  6800                    3.457835e+09 3.4636e+09  0.17%   213 10307s
H 8056  6631                    3.458192e+09 3.4636e+09  0.16%   213 10308s
H 8064  6551                    3.458570e+09 3.4636e+09  0.15%   214 10309s
  8068  7376 3.4636e+09  188  142 3.4586e+09 3.4636e+09  0.15%   214 10402s
  8949  8468 3.4636e+09  215  139 3.4586e+09 3.4636e+09  0.15%   208 10501s
 10059  9656 3.4636e+09  245  127 3.4586e+09 3.4636e+09  0.15%   202 10607s
 11335 11002 3.4636e+09  286  102 3.4586e+09 3.4636e+09  0.15%   193 10732s

Cutting planes:
  Learned: 1
  Cover: 61
  Implied bound: 114
  Clique: 6
  MIR: 36
  StrongCG: 1
  Flow cover: 67
  GUB cover: 3
  Mod-K: 1
  Network: 21
  RLT: 16
  Relax-and-lift: 6

Explored 12757 nodes (2478757 simplex iterations) in 10800.57 seconds (5081.19 work units)
Thread count was 20 (of 40 available processors)

Solution count 10: 3.45857e+09 3.45819e+09 3.45784e+09 ... 3.4547e+09

Time limit reached
Best objective 3.458570310940e+09, best bound 3.463627884832e+09, gap 0.1462%
Gurobi Optimizer version 10.0.1 build v10.0.1rc0 (linux64)

CPU model: Intel(R) Xeon(R) Gold 5115 CPU @ 2.40GHz, instruction set [SSE2|AVX|AVX2|AVX512]
Thread count: 20 physical cores, 40 logical processors, using up to 20 threads

Optimize a model with 178354 rows, 1645204 columns and 11840018 nonzeros
Model fingerprint: 0x2067977d
Variable types: 24448 continuous, 1620756 integer (1620756 binary)
Coefficient statistics:
  Matrix range     [1e+00, 2e+05]
  Objective range  [4e+01, 4e+07]
  Bounds range     [1e+00, 3e+05]
  RHS range        [1e+00, 8e+06]
Presolve removed 165912 rows and 1551632 columns (presolve time = 5s) ...
Presolve removed 167185 rows and 1552282 columns (presolve time = 10s) ...
Presolve removed 167161 rows and 1552258 columns
Presolve time: 10.44s
Presolved: 11193 rows, 92946 columns, 439686 nonzeros
Variable types: 3988 continuous, 88958 integer (88930 binary)
Deterministic concurrent LP optimizer: primal and dual simplex
Showing first log only...


Root simplex log...

Iteration    Objective       Primal Inf.    Dual Inf.      Time
       0    2.7311110e+09   1.498572e+05   4.711531e+13     14s
   18260    2.7310777e+09   1.439760e+00   1.785566e+10     15s
   22916    3.2354752e+09   0.000000e+00   7.137799e+10     16s
   58191    3.4544176e+09   0.000000e+00   6.730235e+09     20s
   94686    3.4572120e+09   0.000000e+00   6.367283e+10     25s
  136550    3.4580310e+09   8.612895e+02   0.000000e+00     30s
  136687    3.4580303e+09   0.000000e+00   0.000000e+00     31s
Concurrent spin time: 4.82s

Solved with primal simplex
  136687    3.4580303e+09   0.000000e+00   0.000000e+00     35s

Root relaxation: objective 3.458030e+09, 136687 iterations, 22.55 seconds (11.11 work units)

    Nodes    |    Current Node    |     Objective Bounds      |     Work
 Expl Unexpl |  Obj  Depth IntInf | Incumbent    BestBd   Gap | It/Node Time

     0     0 3.4580e+09    0  233          - 3.4580e+09      -     -   36s
     0     0 3.4577e+09    0  224          - 3.4577e+09      -     -   68s
     0     0 3.4574e+09    0  222          - 3.4574e+09      -     -   78s
     0     0 3.4573e+09    0  216          - 3.4573e+09      -     -   79s
     0     0 3.4573e+09    0  221          - 3.4573e+09      -     -   80s
     0     0 3.4573e+09    0  226          - 3.4573e+09      -     -   80s
     0     0 3.4546e+09    0  222          - 3.4546e+09      -     -   88s
     0     0 3.4544e+09    0  217          - 3.4544e+09      -     -   90s
     0     0 3.4544e+09    0  241          - 3.4544e+09      -     -   91s
     0     0 3.4544e+09    0  238          - 3.4544e+09      -     -   93s
     0     0 3.4544e+09    0  239          - 3.4544e+09      -     -   95s
     0     0 3.4543e+09    0  219          - 3.4543e+09      -     -  100s
     0     0 3.4543e+09    0  228          - 3.4543e+09      -     -  103s
     0     0 3.4543e+09    0  227          - 3.4543e+09      -     -  103s
     0     0 3.4543e+09    0  210          - 3.4543e+09      -     -  105s
     0     0 3.4543e+09    0  211          - 3.4543e+09      -     -  107s
     0     0 3.4543e+09    0  200          - 3.4543e+09      -     -  110s
     0     0 3.4543e+09    0  215          - 3.4543e+09      -     -  113s
     0     0 3.4543e+09    0  215          - 3.4543e+09      -     -  114s
     0     0 3.4543e+09    0  212          - 3.4543e+09      -     -  116s
     0     0 3.4543e+09    0  223          - 3.4543e+09      -     -  118s
     0     0 3.4543e+09    0  219          - 3.4543e+09      -     -  118s
     0     0 3.4543e+09    0  223          - 3.4543e+09      -     -  121s
     0     0 3.4543e+09    0  220          - 3.4543e+09      -     -  122s
     0     0 3.4543e+09    0  212          - 3.4543e+09      -     -  124s
H    0     0                    3.160188e+09 3.4543e+09  9.31%     -  124s
     0     0 3.4543e+09    0  208 3.1602e+09 3.4543e+09  9.31%     -  128s
H    0     0                    3.436961e+09 3.4542e+09  0.50%     -  168s
     0     2 3.4542e+09    0  205 3.4370e+09 3.4542e+09  0.50%     -  170s
     3     8 3.4542e+09    2  213 3.4370e+09 3.4542e+09  0.50%   592  176s
     7    16 3.4542e+09    3  202 3.4370e+09 3.4542e+09  0.50%   446  181s
    15    32 3.4542e+09    4  206 3.4370e+09 3.4542e+09  0.50%   388  187s
H   31    52                    3.437922e+09 3.4542e+09  0.47%   374  204s
H   32    52                    3.438406e+09 3.4542e+09  0.46%   371  204s
H   35    52                    3.438863e+09 3.4542e+09  0.45%   371  204s
H   36    52                    3.438874e+09 3.4542e+09  0.45%   373  204s
H   47    52                    3.438906e+09 3.4542e+09  0.45%   354  205s
    51    72 3.4542e+09    6  211 3.4389e+09 3.4542e+09  0.45%   386  257s
    71    92 3.4542e+09    7  223 3.4389e+09 3.4542e+09  0.45%   307  262s
    91   112 3.4542e+09    8  229 3.4389e+09 3.4542e+09  0.45%   283  267s
   111   135 3.4542e+09    9  225 3.4389e+09 3.4542e+09  0.45%   255  273s
   134   158 3.4542e+09   10  223 3.4389e+09 3.4542e+09  0.45%   238  279s
   157   219 3.4542e+09   11  234 3.4389e+09 3.4542e+09  0.45%   234  291s
   222   346 3.4542e+09   13  225 3.4389e+09 3.4542e+09  0.45%   217  312s
   361   365 3.4542e+09   18  216 3.4389e+09 3.4542e+09  0.45%   188  406s
H  364   365                    3.440150e+09 3.4542e+09  0.41%   188  406s
H  369   365                    3.440712e+09 3.4542e+09  0.39%   187  407s
   381   615 3.4542e+09   19  225 3.4407e+09 3.4542e+09  0.39%   187  477s
H  461   615                    3.440889e+09 3.4542e+09  0.39%   182  477s
   646  1582 3.4542e+09   29  230 3.4409e+09 3.4542e+09  0.39%   168  524s
  1691  3275 3.4542e+09   74  204 3.4409e+09 3.4542e+09  0.39%   121  577s
  3525  5480 3.4542e+09  140  188 3.4409e+09 3.4542e+09  0.39%  97.9  626s
H 3701  5480                    3.440891e+09 3.4542e+09  0.39%  97.9  626s
H 4859  5473                    3.440933e+09 3.4542e+09  0.39%  88.0  626s
  5730  7641 3.4542e+09  194  188 3.4409e+09 3.4542e+09  0.39%  83.8  661s
H 6061  7627                    3.440998e+09 3.4542e+09  0.38%  82.6  661s
H 7129  7581                    3.441307e+09 3.4542e+09  0.38%  78.1  661s
H 7900 10175                    3.441320e+09 3.4542e+09  0.38%  74.8  696s
H 9985 10175                    3.441335e+09 3.4542e+09  0.38%  66.2  696s
 10516 13014 3.4541e+09  395  148 3.4413e+09 3.4542e+09  0.38%  65.1  727s
 13366 13015 3.4500e+09  428  208 3.4413e+09 3.4542e+09  0.38%  57.1  889s
H13367 12365                    3.441453e+09 3.4542e+09  0.37%  57.1  912s
H13367 11746                    3.441798e+09 3.4542e+09  0.36%  57.1  920s
 13368 11746 3.4542e+09   86  227 3.4418e+09 3.4542e+09  0.36%  57.1  929s
 13369 11747 3.4541e+09  138  184 3.4418e+09 3.4542e+09  0.36%  57.1  970s
 13371 11748 3.4525e+09  332  209 3.4418e+09 3.4542e+09  0.36%  57.1  977s
 13373 11750 3.4541e+09  565  210 3.4418e+09 3.4542e+09  0.36%  57.1  981s
 13376 11752 3.4507e+09  322  242 3.4418e+09 3.4542e+09  0.36%  57.1  988s
 13377 11752 3.4523e+09  429  196 3.4418e+09 3.4529e+09  0.32%  57.1  998s
 13379 11754 3.4529e+09  272  210 3.4418e+09 3.4529e+09  0.32%  57.1 1000s
 13381 11755 3.4529e+09  231  216 3.4418e+09 3.4529e+09  0.32%  57.1 1006s
 13382 11756 3.4511e+09  542  215 3.4418e+09 3.4529e+09  0.32%  57.1 1021s
 13384 11757 3.4524e+09  347  218 3.4418e+09 3.4529e+09  0.32%  57.0 1039s
 13385 11758 3.4524e+09  395  199 3.4418e+09 3.4529e+09  0.32%  57.0 1040s
 13387 11759 3.4529e+09  133  208 3.4418e+09 3.4529e+09  0.32%  57.0 1047s
 13389 11760 3.4503e+09  949  228 3.4418e+09 3.4529e+09  0.32%  57.0 1051s
 13390 11761 3.4529e+09  184  233 3.4418e+09 3.4529e+09  0.32%  57.0 1055s
 13395 11764 3.4525e+09  212  240 3.4418e+09 3.4529e+09  0.32%  57.0 1062s
 13396 11765 3.4504e+09  602  228 3.4418e+09 3.4529e+09  0.32%  57.0 1067s
 13398 11766 3.4529e+09  341  246 3.4418e+09 3.4529e+09  0.32%  57.0 1070s
 13400 11768 3.4529e+09  169  233 3.4418e+09 3.4529e+09  0.32%  57.0 1079s
 13401 11768 3.4501e+09 1136  246 3.4418e+09 3.4529e+09  0.32%  57.0 1083s
 13402 11769 3.4529e+09  142  243 3.4418e+09 3.4529e+09  0.32%  57.0 1089s
 13403 11770 3.4499e+09  296  256 3.4418e+09 3.4529e+09  0.32%  57.0 1093s
 13404 11770 3.4529e+09  505  260 3.4418e+09 3.4529e+09  0.32%  57.0 1102s
 13406 11772 3.4506e+09  451  269 3.4418e+09 3.4529e+09  0.32%  57.0 1106s
 13408 11773 3.4522e+09  404  256 3.4418e+09 3.4529e+09  0.32%  56.9 1111s
 13409 11774 3.4529e+09  150  252 3.4418e+09 3.4529e+09  0.32%  56.9 1116s
 13411 11775 3.4505e+09  530  268 3.4418e+09 3.4529e+09  0.32%  56.9 1121s
 13414 11778 3.4529e+09  373  208 3.4418e+09 3.4529e+09  0.32%  62.1 1125s
 13416 11779 3.4529e+09   26  226 3.4418e+09 3.4529e+09  0.32%  62.1 1170s
 13417 11780 3.4502e+09 1162  224 3.4418e+09 3.4529e+09  0.32%  62.1 1241s
H13417 11190                    3.441839e+09 3.4529e+09  0.32%  62.1 1247s
H13417 10631                    3.441855e+09 3.4529e+09  0.32%  62.1 1247s
 13419 10632 3.4499e+09 1131  196 3.4419e+09 3.4529e+09  0.32%  62.1 1252s
 13420 10633 3.4527e+09  378  183 3.4419e+09 3.4529e+09  0.32%  62.1 1255s
 13423 10635 3.4529e+09  263  236 3.4419e+09 3.4529e+09  0.32%  62.0 1260s
 13427 10638 3.4518e+09  502  260 3.4419e+09 3.4529e+09  0.32%  62.0 1265s
 13429 10639 3.4524e+09  290  266 3.4419e+09 3.4529e+09  0.32%  62.0 1270s
 13431 10640 3.4529e+09  321  270 3.4419e+09 3.4529e+09  0.32%  62.0 1278s
H13431 10108                    3.441972e+09 3.4529e+09  0.32%  62.0 1279s
 13433 10110 3.4529e+09  495  277 3.4420e+09 3.4529e+09  0.32%  62.0 1281s
 13435 10111 3.4517e+09  488  283 3.4420e+09 3.4529e+09  0.32%  62.0 1293s
 13436 10112 3.4529e+09   75  263 3.4420e+09 3.4529e+09  0.32%  62.0 1297s
 13438 10113 3.4501e+09  278  278 3.4420e+09 3.4529e+09  0.32%  62.0 1300s
 13440 10114 3.4529e+09   39  260 3.4420e+09 3.4529e+09  0.32%  62.0 1310s
 13441 10115 3.4529e+09   80  252 3.4420e+09 3.4529e+09  0.32%  62.0 1318s
H13441  9608                    3.442009e+09 3.4529e+09  0.32%  62.0 1347s
 13443  9609 3.4529e+09   14  269 3.4420e+09 3.4529e+09  0.32%  61.9 1352s
 13444  9610 3.4529e+09  427  258 3.4420e+09 3.4529e+09  0.32%  61.9 1361s
 13446  9611 3.4529e+09  297  275 3.4420e+09 3.4529e+09  0.32%  61.9 1365s
 13448  9613 3.4529e+09  562  268 3.4420e+09 3.4529e+09  0.32%  61.9 1383s
 13450  9614 3.4529e+09  453  286 3.4420e+09 3.4529e+09  0.32%  61.9 1387s
 13451  9615 3.4529e+09  112  289 3.4420e+09 3.4529e+09  0.32%  61.9 1391s
 13453  9616 3.4503e+09 1011  277 3.4420e+09 3.4529e+09  0.32%  61.9 1399s
 13454  9617 3.4508e+09   35  277 3.4420e+09 3.4529e+09  0.32%  61.9 1427s
 13455  9617 3.4529e+09  804  277 3.4420e+09 3.4529e+09  0.32%  61.9 1467s
 13456  9621 3.4529e+09   23  279 3.4420e+09 3.4529e+09  0.32%  67.1 1473s
 13458  9624 3.4529e+09   24  278 3.4420e+09 3.4529e+09  0.32%  67.2 1481s
 13462  9631 3.4529e+09   25  269 3.4420e+09 3.4529e+09  0.32%  67.3 1490s
 13470  9644 3.4529e+09   26  275 3.4420e+09 3.4529e+09  0.32%  67.6 1502s
H13486  9178                    3.442010e+09 3.4529e+09  0.32%  68.1 1557s
H13488  8719                    3.442014e+09 3.4529e+09  0.32%  68.2 1558s
H13493  8284                    3.442027e+09 3.4529e+09  0.31%  68.3 1558s
 13506  8299 3.4529e+09   28  287 3.4420e+09 3.4529e+09  0.31%  68.9 1565s
 13526  8313 3.4501e+09   28  214 3.4420e+09 3.4529e+09  0.31%  69.1 1571s
 13546  8326 3.4529e+09   29  287 3.4420e+09 3.4529e+09  0.31%  69.5 1595s
 13566  8347 3.4500e+09   29  212 3.4420e+09 3.4529e+09  0.31%  69.8 1601s
 13594  8364 3.4529e+09   30  279 3.4420e+09 3.4529e+09  0.31%  70.2 1606s
 13622  8378 3.4528e+09   30  236 3.4420e+09 3.4529e+09  0.31%  70.4 1612s
 13646  8393 3.4529e+09   31  283 3.4420e+09 3.4529e+09  0.31%  70.6 1617s
 13671  8408 3.4501e+09   31  226 3.4420e+09 3.4529e+09  0.31%  70.8 1624s
 13697  8429 3.4529e+09   32  282 3.4420e+09 3.4529e+09  0.31%  71.3 1628s
 13726  8442 3.4500e+09   32  217 3.4420e+09 3.4529e+09  0.31%  71.6 1632s
 13752  8461 3.4529e+09   33  289 3.4420e+09 3.4529e+09  0.31%  71.8 1636s
 13784  8499 3.4500e+09   33  210 3.4420e+09 3.4529e+09  0.31%  72.1 1644s
 13835  8546 3.4529e+09   34  275 3.4420e+09 3.4529e+09  0.31%  72.5 1658s
 13906  8570 3.4528e+09   35  239 3.4420e+09 3.4529e+09  0.31%  73.2 1675s
 13954  8618 3.4499e+09   35  217 3.4420e+09 3.4529e+09  0.31%  74.8 1692s
 14021  8689 3.4528e+09   36  249 3.4420e+09 3.4529e+09  0.31%  75.4 1711s
 14129  8744 3.4528e+09   37  264 3.4420e+09 3.4529e+09  0.31%  76.0 1730s
 14238  8810 3.4528e+09   38  234 3.4420e+09 3.4529e+09  0.31%  76.5 1752s
 14352  8928 3.4528e+09   40  205 3.4420e+09 3.4529e+09  0.31%  76.9 1780s
 14508  9106 3.4528e+09   42  202 3.4420e+09 3.4529e+09  0.31%  77.8 1813s
 14767  9527 3.4528e+09   44  217 3.4420e+09 3.4529e+09  0.31%  78.5 1854s
 15281 10233 3.4528e+09   49  211 3.4420e+09 3.4529e+09  0.31%  79.6 1905s
H15297  9814                    3.442032e+09 3.4529e+09  0.31%  79.9 1905s
 16188  9739 3.4528e+09   57  218 3.4420e+09 3.4529e+09  0.31%  81.1 1966s
H16190  9346                    3.442043e+09 3.4529e+09  0.31%  81.1 1966s
H16292  8940                    3.442101e+09 3.4529e+09  0.31%  81.0 1966s
 16420 10247 3.4528e+09   57  235 3.4421e+09 3.4529e+09  0.31%  80.9 2029s
 17843 11629 3.4528e+09   67  238 3.4421e+09 3.4529e+09  0.31%  82.2 2114s
 19746 13563 3.4528e+09   73  223 3.4421e+09 3.4529e+09  0.31%  81.7 2199s
 22457 13920 3.4528e+09   85  227 3.4421e+09 3.4529e+09  0.31%  79.2 2323s
H23181 13317                    3.442159e+09 3.4529e+09  0.31%  79.1 2324s
 23839 14022 3.4528e+09   94  196 3.4422e+09 3.4529e+09  0.31%  78.7 2388s
 24770 14877 3.4528e+09  100  207 3.4422e+09 3.4529e+09  0.31%  79.2 2443s
H25833 14183                    3.442165e+09 3.4529e+09  0.31%  78.6 2443s
 25935 18957 3.4528e+09  107  202 3.4422e+09 3.4529e+09  0.31%  78.7 2569s
 30755 19471 3.4528e+09  121  204 3.4422e+09 3.4529e+09  0.31%  73.1 2606s
H31294 18972                    3.442165e+09 3.4529e+09  0.31%  72.7 2606s
 32885 20721 3.4528e+09  125  228 3.4422e+09 3.4529e+09  0.31%  70.3 2642s
 34775 23062 3.4527e+09  128  197 3.4422e+09 3.4529e+09  0.31%  68.1 2679s
 37198 25107 3.4528e+09  132  222 3.4422e+09 3.4529e+09  0.31%  65.4 2783s
H37778 25087                    3.442275e+09 3.4529e+09  0.31%  65.3 2783s
 39307 27753 3.4528e+09  137  229 3.4423e+09 3.4529e+09  0.31%  63.5 2827s
H42156 27791                    3.442281e+09 3.4529e+09  0.31%  61.3 2887s
H42178 27791                    3.442283e+09 3.4529e+09  0.31%  61.4 2888s
H42180 27790                    3.442286e+09 3.4529e+09  0.31%  61.4 2888s
 42194 28572 3.4527e+09  143  192 3.4423e+09 3.4529e+09  0.31%  61.5 2918s
 43102 29554 3.4528e+09  149  202 3.4423e+09 3.4529e+09  0.31%  61.4 2951s
 44188 30958 3.4528e+09  154  210 3.4423e+09 3.4529e+09  0.31%  61.3 2983s
 45688 33840 3.4528e+09  160  213 3.4423e+09 3.4529e+09  0.31%  60.9 3025s
 48708 37174 3.4528e+09  167  205 3.4423e+09 3.4529e+09  0.31%  60.4 3085s
 52171 37175 3.4492e+09  684  208 3.4423e+09 3.4529e+09  0.31%  59.4 3954s
 52173 37176 3.4471e+09 1222  224 3.4423e+09 3.4529e+09  0.31%  59.4 4004s
 52174 37177 3.4485e+09   65  199 3.4423e+09 3.4529e+09  0.31%  59.4 4071s
 52176 37178 3.4496e+09 1534  228 3.4423e+09 3.4529e+09  0.31%  59.4 4081s
 52178 37180 3.4437e+09  168  201 3.4423e+09 3.4529e+09  0.31%  59.4 4087s
 52180 37181 3.4525e+09  442  230 3.4423e+09 3.4529e+09  0.31%  59.4 4096s
 52182 37182 3.4524e+09  831  239 3.4423e+09 3.4528e+09  0.31%  59.4 4102s
 52184 37184 3.4499e+09 1441  230 3.4423e+09 3.4528e+09  0.31%  59.4 4105s
 52186 37185 3.4481e+09  633  259 3.4423e+09 3.4528e+09  0.30%  59.4 4112s
 52187 37186 3.4498e+09  108  261 3.4423e+09 3.4528e+09  0.30%  59.4 4118s
 52188 37186 3.4488e+09 1525  226 3.4423e+09 3.4528e+09  0.30%  59.4 4122s
 52189 37187 3.4479e+09 1857  240 3.4423e+09 3.4528e+09  0.30%  59.4 4125s
 52191 37188 3.4497e+09  360  274 3.4423e+09 3.4527e+09  0.30%  59.4 4130s
 52193 37190 3.4504e+09  452  278 3.4423e+09 3.4527e+09  0.30%  59.4 4137s
H52193 35330                    3.442286e+09 3.4527e+09  0.30%  59.4 4175s
 52196 35332 3.4497e+09  660  288 3.4423e+09 3.4527e+09  0.30%  59.4 4187s
 52197 35332 3.4435e+09  294  280 3.4423e+09 3.4527e+09  0.30%  59.4 4218s
 52198 35333 3.4432e+09   37  257 3.4423e+09 3.4527e+09  0.30%  59.4 4242s
 52200 35334 3.4502e+09 1048  284 3.4423e+09 3.4527e+09  0.30%  59.4 4245s
 52201 35335 3.4496e+09 1511  287 3.4423e+09 3.4527e+09  0.30%  59.4 4268s
 52202 35336 3.4524e+09 1021  275 3.4423e+09 3.4527e+09  0.30%  59.4 4300s
 52203 35336 3.4504e+09  245  257 3.4423e+09 3.4527e+09  0.30%  59.4 4315s
 52204 35337 3.4526e+09  513  256 3.4423e+09 3.4527e+09  0.30%  59.4 4332s
 52205 35338 3.4435e+09  328  271 3.4423e+09 3.4527e+09  0.30%  59.4 4345s
 52206 35338 3.4488e+09 1352  267 3.4423e+09 3.4527e+09  0.30%  59.4 4364s
 52207 35339 3.4499e+09  100  281 3.4423e+09 3.4527e+09  0.30%  59.4 4387s
 52208 35340 3.4493e+09  308  274 3.4423e+09 3.4527e+09  0.30%  59.4 4438s
 52209 35340 3.4483e+09 2161  283 3.4423e+09 3.4527e+09  0.30%  59.4 4457s
 52210 35341 3.4525e+09  511  276 3.4423e+09 3.4527e+09  0.30%  59.4 4489s
 52211 35342 3.4481e+09  543  282 3.4423e+09 3.4527e+09  0.30%  59.4 4504s
 52212 35342 3.4515e+09  627  273 3.4423e+09 3.4527e+09  0.30%  59.4 4537s
 52213 35343 3.4502e+09 1909  279 3.4423e+09 3.4527e+09  0.30%  59.4 4566s
 52214 35344 3.4471e+09 2349  267 3.4423e+09 3.4527e+09  0.30%  59.4 4603s
 52215 35344 3.4485e+09 1948  269 3.4423e+09 3.4527e+09  0.30%  59.4 4627s
 52216 35345 3.4503e+09  160  280 3.4423e+09 3.4527e+09  0.30%  59.4 4680s
 52217 35346 3.4492e+09  635  276 3.4423e+09 3.4527e+09  0.30%  59.4 4706s
 52218 35346 3.4500e+09   93  269 3.4423e+09 3.4527e+09  0.30%  59.4 4752s
 52219 35347 3.4481e+09  894  296 3.4423e+09 3.4527e+09  0.30%  59.4 4772s
 52220 35348 3.4493e+09  426  314 3.4423e+09 3.4527e+09  0.30%  59.4 4792s
 52221 35348 3.4473e+09 1538  314 3.4423e+09 3.4527e+09  0.30%  59.4 4819s
H52221 33579                    3.442286e+09 3.4527e+09  0.30%  59.4 4843s
H52221 31900                    3.442286e+09 3.4527e+09  0.30%  59.4 4859s
 52223 31902 3.4468e+09  994  304 3.4423e+09 3.4527e+09  0.30%  59.4 4869s
 52224 31902 3.4503e+09  336  304 3.4423e+09 3.4527e+09  0.30%  59.4 4886s
 52225 31903 3.4506e+09 1619  307 3.4423e+09 3.4527e+09  0.30%  59.4 4908s
 52226 31904 3.4463e+09 1883  308 3.4423e+09 3.4527e+09  0.30%  59.4 4939s
 52227 31904 3.4467e+09  875  311 3.4423e+09 3.4527e+09  0.30%  59.4 4950s
 52228 31905 3.4482e+09 2308  305 3.4423e+09 3.4527e+09  0.30%  59.4 4982s
 52229 31906 3.4527e+09  169  326 3.4423e+09 3.4527e+09  0.30%  59.4 4993s
 52230 31906 3.4496e+09 1519  315 3.4423e+09 3.4527e+09  0.30%  59.4 5008s
 52231 31907 3.4491e+09  957  328 3.4423e+09 3.4527e+09  0.30%  59.4 5020s
 52232 31908 3.4476e+09   32  319 3.4423e+09 3.4527e+09  0.30%  59.4 5033s
 52233 31908 3.4450e+09 2165  320 3.4423e+09 3.4527e+09  0.30%  59.4 5044s
 52234 31909 3.4527e+09  186  318 3.4423e+09 3.4527e+09  0.30%  59.4 5060s
 52235 31910 3.4463e+09 1294  331 3.4423e+09 3.4527e+09  0.30%  59.4 5070s
 52236 31910 3.4514e+09 1102  322 3.4423e+09 3.4527e+09  0.30%  59.4 5082s
 52237 31911 3.4496e+09  103  324 3.4423e+09 3.4527e+09  0.30%  59.4 5095s
 52238 31912 3.4497e+09  309  315 3.4423e+09 3.4527e+09  0.30%  59.4 5109s
 52239 31912 3.4485e+09 1889  329 3.4423e+09 3.4527e+09  0.30%  59.4 5119s
 52240 31913 3.4487e+09 1612  329 3.4423e+09 3.4527e+09  0.30%  59.4 5138s
 52241 31914 3.4505e+09  415  331 3.4423e+09 3.4527e+09  0.30%  59.4 5165s
 52242 31914 3.4515e+09  526  322 3.4423e+09 3.4527e+09  0.30%  59.4 5212s
 52243 31915 3.4474e+09  748  329 3.4423e+09 3.4527e+09  0.30%  59.4 5235s
 52244 31916 3.4527e+09   84  327 3.4423e+09 3.4527e+09  0.30%  59.4 5301s
 52245 31916 3.4492e+09  886  332 3.4423e+09 3.4527e+09  0.30%  59.4 5324s
 52246 31917 3.4500e+09   37  320 3.4423e+09 3.4527e+09  0.30%  59.4 5356s
 52247 31918 3.4504e+09  281  323 3.4423e+09 3.4527e+09  0.30%  59.4 5378s
 52248 31918 3.4477e+09   34  306 3.4423e+09 3.4527e+09  0.30%  59.4 5404s
 52249 31919 3.4465e+09 2176  318 3.4423e+09 3.4527e+09  0.30%  59.4 5429s
 52250 31920 3.4477e+09 1106  302 3.4423e+09 3.4527e+09  0.30%  59.4 5476s
H52250 30322                    3.442288e+09 3.4527e+09  0.30%  59.4 5477s
 52251 30322 3.4527e+09   46  310 3.4423e+09 3.4527e+09  0.30%  59.4 5503s
 52252 30323 3.4492e+09  588  299 3.4423e+09 3.4527e+09  0.30%  59.3 5555s
 52253 30324 3.4496e+09  252  304 3.4423e+09 3.4527e+09  0.30%  59.3 5579s
 52254 30324 3.4480e+09  959  304 3.4423e+09 3.4527e+09  0.30%  59.3 5602s
 52257 30328 3.4459e+09  913  208 3.4423e+09 3.4527e+09  0.30%  61.0 5605s
 52259 30329 3.4524e+09  949  222 3.4423e+09 3.4527e+09  0.30%  61.0 5668s
 52260 30330 3.4497e+09  410  193 3.4423e+09 3.4527e+09  0.30%  61.0 5734s
 52261 30331 3.4518e+09   61  203 3.4423e+09 3.4527e+09  0.30%  61.0 5744s
 52262 30331 3.4439e+09  192  191 3.4423e+09 3.4527e+09  0.30%  61.0 5750s
 52264 30333 3.4494e+09   92  209 3.4423e+09 3.4527e+09  0.30%  60.9 5760s
 52266 30334 3.4468e+09  786  187 3.4423e+09 3.4527e+09  0.30%  60.9 5791s
 52268 30335 3.4496e+09 1558  202 3.4423e+09 3.4527e+09  0.30%  60.9 5795s
 52269 30336 3.4491e+09 1078  202 3.4423e+09 3.4527e+09  0.30%  60.9 5813s
 52270 30337 3.4508e+09 1215  207 3.4423e+09 3.4527e+09  0.30%  60.9 5844s
 52271 30337 3.4492e+09  684  224 3.4423e+09 3.4527e+09  0.30%  60.9 5846s
 52273 30339 3.4471e+09 1222  228 3.4423e+09 3.4527e+09  0.30%  60.9 5850s
 52278 30342 3.4437e+09  168  229 3.4423e+09 3.4527e+09  0.30%  60.9 5872s
 52279 30343 3.4487e+09 1539  212 3.4423e+09 3.4527e+09  0.30%  60.9 5905s
 52280 30343 3.4525e+09  442  212 3.4423e+09 3.4527e+09  0.30%  60.9 5919s
 52281 30344 3.4496e+09  759  262 3.4423e+09 3.4527e+09  0.30%  60.9 5923s
 52282 30345 3.4524e+09  831  267 3.4423e+09 3.4527e+09  0.30%  60.9 5925s
 52284 30346 3.4499e+09 1441  281 3.4423e+09 3.4527e+09  0.30%  60.9 5938s
 52285 30347 3.4493e+09  264  274 3.4423e+09 3.4527e+09  0.30%  60.9 5949s
 52286 30347 3.4481e+09  633  286 3.4423e+09 3.4527e+09  0.30%  60.9 5973s
 52287 30348 3.4498e+09  108  269 3.4423e+09 3.4527e+09  0.30%  60.9 6013s
 52288 30349 3.4488e+09 1525  303 3.4423e+09 3.4527e+09  0.30%  60.9 6033s
 52289 30349 3.4479e+09 1857  302 3.4423e+09 3.4527e+09  0.30%  60.9 6053s
 52290 30350 3.4447e+09 2371  296 3.4423e+09 3.4527e+09  0.30%  60.9 6065s
 52291 30351 3.4497e+09  360  288 3.4423e+09 3.4527e+09  0.30%  60.9 6079s
 52292 30351 3.4504e+09  643  275 3.4423e+09 3.4527e+09  0.30%  60.9 6080s
 52293 30352 3.4504e+09  452  284 3.4423e+09 3.4527e+09  0.30%  60.9 6092s
 52294 30353 3.4527e+09  274  272 3.4423e+09 3.4527e+09  0.30%  60.9 6145s
 52295 30353 3.4520e+09 1710  286 3.4423e+09 3.4527e+09  0.30%  60.9 6157s
 52296 30354 3.4497e+09  660  287 3.4423e+09 3.4527e+09  0.30%  60.9 6170s
 52297 30355 3.4435e+09  294  293 3.4423e+09 3.4527e+09  0.30%  60.9 6181s
 52298 30355 3.4432e+09   37  289 3.4423e+09 3.4527e+09  0.30%  60.9 6191s
 52299 30356 3.4495e+09  230  282 3.4423e+09 3.4527e+09  0.30%  60.9 6200s
 52300 30357 3.4502e+09 1048  276 3.4423e+09 3.4527e+09  0.30%  60.9 6211s
 52302 30358 3.4524e+09 1021  286 3.4423e+09 3.4527e+09  0.30%  60.9 6222s
 52303 30359 3.4504e+09  245  282 3.4423e+09 3.4527e+09  0.30%  60.9 6237s
 52305 30360 3.4435e+09  328  260 3.4423e+09 3.4526e+09  0.30%  60.9 6253s
 52306 30361 3.4488e+09 1352  258 3.4423e+09 3.4526e+09  0.30%  60.9 6270s
 52307 30361 3.4499e+09  100  259 3.4423e+09 3.4526e+09  0.30%  60.9 6285s
 52308 30362 3.4493e+09  308  265 3.4423e+09 3.4526e+09  0.30%  60.9 6311s
 52310 30363 3.4525e+09  511  305 3.4423e+09 3.4526e+09  0.30%  60.9 6315s
 52312 30365 3.4515e+09  627  264 3.4423e+09 3.4526e+09  0.30%  60.9 6321s
 52313 30365 3.4502e+09 1909  268 3.4423e+09 3.4526e+09  0.30%  60.9 6342s
 52314 30366 3.4471e+09 2349  252 3.4423e+09 3.4526e+09  0.30%  60.9 6385s
 52315 30367 3.4485e+09 1948  256 3.4423e+09 3.4526e+09  0.30%  60.9 6394s
 52316 30367 3.4503e+09  160  255 3.4423e+09 3.4526e+09  0.30%  60.9 6407s
H52317 28848                    3.442288e+09 3.4526e+09  0.30%  60.9 6417s
 52319 28849 3.4481e+09  894  235 3.4423e+09 3.4526e+09  0.30%  60.9 6441s
 52322 28851 3.4494e+09 1081  257 3.4423e+09 3.4526e+09  0.30%  60.9 6452s
 52323 28852 3.4468e+09  994  287 3.4423e+09 3.4526e+09  0.30%  60.9 6481s
 52324 28853 3.4503e+09  336  288 3.4423e+09 3.4526e+09  0.30%  60.9 6491s
H52324 27409                    3.442289e+09 3.4526e+09  0.30%  60.9 6504s
 52326 27410 3.4463e+09 1883  235 3.4423e+09 3.4526e+09  0.30%  60.9 6505s
 52327 27411 3.4467e+09  875  233 3.4423e+09 3.4526e+09  0.30%  60.9 6514s
 52328 27411 3.4482e+09 2308  232 3.4423e+09 3.4526e+09  0.30%  60.9 6527s
 52329 27412 3.4526e+09  169  243 3.4423e+09 3.4526e+09  0.30%  60.9 6535s
 52330 27413 3.4496e+09 1519  240 3.4423e+09 3.4526e+09  0.30%  60.9 6558s
 52331 27413 3.4491e+09  957  249 3.4423e+09 3.4526e+09  0.30%  60.9 6568s
 52332 27414 3.4476e+09   32  240 3.4423e+09 3.4526e+09  0.30%  60.9 6586s
 52334 27415 3.4526e+09  186  278 3.4423e+09 3.4526e+09  0.30%  60.9 6602s
 52335 27416 3.4463e+09 1294  265 3.4423e+09 3.4526e+09  0.30%  60.9 6622s
 52336 27417 3.4514e+09 1102  271 3.4423e+09 3.4526e+09  0.30%  60.9 6639s
 52337 27417 3.4496e+09  103  266 3.4423e+09 3.4526e+09  0.30%  60.9 6688s
 52338 27418 3.4497e+09  309  271 3.4423e+09 3.4526e+09  0.30%  60.9 6705s
 52339 27419 3.4485e+09 1889  268 3.4423e+09 3.4526e+09  0.30%  60.9 6727s
 52340 27419 3.4487e+09 1612  266 3.4423e+09 3.4526e+09  0.30%  60.9 6741s
 52341 27420 3.4505e+09  415  263 3.4423e+09 3.4526e+09  0.30%  60.9 6757s
 52342 27421 3.4515e+09  526  265 3.4423e+09 3.4526e+09  0.30%  60.9 6767s
 52343 27421 3.4474e+09  748  261 3.4423e+09 3.4526e+09  0.30%  60.9 6775s
 52344 27422 3.4526e+09   84  249 3.4423e+09 3.4526e+09  0.30%  60.9 6786s
 52345 27423 3.4492e+09  886  243 3.4423e+09 3.4526e+09  0.30%  60.9 6811s
 52346 27423 3.4500e+09   37  244 3.4423e+09 3.4526e+09  0.30%  60.9 6820s
H52346 26051                    3.442289e+09 3.4526e+09  0.30%  60.9 6833s
 52349 26053 3.4465e+09 2176  287 3.4423e+09 3.4526e+09  0.30%  60.8 6844s
 52350 26054 3.4477e+09 1106  281 3.4423e+09 3.4526e+09  0.30%  60.8 6866s
 52351 26055 3.4526e+09   46  282 3.4423e+09 3.4526e+09  0.30%  60.8 6883s
 52352 26055 3.4492e+09  588  279 3.4423e+09 3.4526e+09  0.30%  60.8 6921s
 52353 26056 3.4496e+09  252  287 3.4423e+09 3.4526e+09  0.30%  60.8 6934s
 52354 26057 3.4480e+09  959  264 3.4423e+09 3.4526e+09  0.30%  60.8 6949s
 52355 26057 3.4526e+09  432  296 3.4423e+09 3.4526e+09  0.30%  60.8 6963s
 52356 26058 3.4488e+09 1968  285 3.4423e+09 3.4526e+09  0.30%  60.8 6980s
 52357 26059 3.4459e+09  913  285 3.4423e+09 3.4526e+09  0.30%  60.8 6989s
 52358 26059 3.4514e+09  762  286 3.4423e+09 3.4526e+09  0.30%  60.8 7008s
 52359 26060 3.4524e+09  949  300 3.4423e+09 3.4526e+09  0.30%  60.8 7018s
 52360 26061 3.4497e+09  410  287 3.4423e+09 3.4526e+09  0.30%  60.8 7035s
 52361 26061 3.4518e+09   61  312 3.4423e+09 3.4526e+09  0.30%  60.8 7051s
 52362 26062 3.4439e+09  192  310 3.4423e+09 3.4526e+09  0.30%  60.8 7074s
 52363 26063 3.4525e+09   93  312 3.4423e+09 3.4526e+09  0.30%  60.8 7086s
 52364 26063 3.4494e+09   92  300 3.4423e+09 3.4526e+09  0.30%  60.8 7099s
 52365 26064 3.4481e+09  855  289 3.4423e+09 3.4526e+09  0.30%  60.8 7110s
 52366 26065 3.4468e+09  786  282 3.4423e+09 3.4526e+09  0.30%  60.8 7138s
 52367 26065 3.4477e+09  362  315 3.4423e+09 3.4526e+09  0.30%  60.8 7154s
 52368 26066 3.4496e+09 1558  311 3.4423e+09 3.4526e+09  0.30%  60.8 7167s
 52369 26067 3.4491e+09 1078  315 3.4423e+09 3.4526e+09  0.30%  60.8 7177s
 52370 26067 3.4508e+09 1215  316 3.4423e+09 3.4526e+09  0.30%  60.8 7194s
 52371 26068 3.4492e+09  684  326 3.4423e+09 3.4526e+09  0.30%  60.8 7204s
 52372 26069 3.4522e+09 1295  322 3.4423e+09 3.4526e+09  0.30%  60.8 7216s
 52373 26069 3.4471e+09 1222  331 3.4423e+09 3.4526e+09  0.30%  60.8 7225s
 52374 26070 3.4485e+09   65  329 3.4423e+09 3.4526e+09  0.30%  60.8 7239s
 52375 26071 3.4523e+09 1130  324 3.4423e+09 3.4525e+09  0.30%  60.8 7240s
 52376 26071 3.4496e+09 1534  328 3.4423e+09 3.4525e+09  0.30%  60.8 7249s
 52377 26072 3.4488e+09 1988  314 3.4423e+09 3.4525e+09  0.30%  60.8 7286s
 52378 26073 3.4437e+09  168  320 3.4423e+09 3.4525e+09  0.30%  60.8 7297s
 52379 26073 3.4487e+09 1539  275 3.4423e+09 3.4525e+09  0.30%  60.8 7314s
 52381 26075 3.4496e+09  759  289 3.4423e+09 3.4525e+09  0.30%  60.8 7316s
 52382 26075 3.4524e+09  831  302 3.4423e+09 3.4525e+09  0.30%  60.8 7328s
 52383 26076 3.4479e+09 2037  275 3.4423e+09 3.4525e+09  0.30%  60.8 7340s
 52384 26077 3.4499e+09 1441  270 3.4423e+09 3.4525e+09  0.30%  60.8 7350s
 52385 26077 3.4493e+09  264  269 3.4423e+09 3.4525e+09  0.30%  60.8 7362s
 52386 26078 3.4481e+09  633  275 3.4423e+09 3.4525e+09  0.30%  60.8 7373s
 52387 26079 3.4498e+09  108  272 3.4423e+09 3.4525e+09  0.30%  60.8 7391s
 52388 26079 3.4488e+09 1525  290 3.4423e+09 3.4525e+09  0.30%  60.8 7402s
 52389 26080 3.4479e+09 1857  285 3.4423e+09 3.4525e+09  0.30%  60.8 7432s
 52390 26081 3.4447e+09 2371  286 3.4423e+09 3.4525e+09  0.30%  60.8 7442s
 52391 26081 3.4497e+09  360  287 3.4423e+09 3.4525e+09  0.30%  60.8 7451s
 52392 26082 3.4504e+09  643  294 3.4423e+09 3.4525e+09  0.30%  60.8 7459s
 52393 26083 3.4504e+09  452  283 3.4423e+09 3.4525e+09  0.30%  60.8 7469s
 52394 26083 3.4525e+09  274  288 3.4423e+09 3.4525e+09  0.30%  60.8 7479s
 52395 26084 3.4520e+09 1710  270 3.4423e+09 3.4525e+09  0.30%  60.8 7489s
 52396 26085 3.4497e+09  660  282 3.4423e+09 3.4525e+09  0.30%  60.8 7498s
 52397 26085 3.4435e+09  294  284 3.4423e+09 3.4525e+09  0.30%  60.8 7507s
 52398 26086 3.4432e+09   37  261 3.4423e+09 3.4525e+09  0.30%  60.8 7516s
 52399 26087 3.4495e+09  230  256 3.4423e+09 3.4525e+09  0.30%  60.8 7525s
 52400 26087 3.4502e+09 1048  267 3.4423e+09 3.4525e+09  0.30%  60.8 7532s
 52401 26088 3.4496e+09 1511  264 3.4423e+09 3.4525e+09  0.30%  60.8 7544s
 52402 26089 3.4524e+09 1021  267 3.4423e+09 3.4525e+09  0.30%  60.8 7553s
 52403 26089 3.4504e+09  245  259 3.4423e+09 3.4525e+09  0.30%  60.8 7578s
 52404 26090 3.4525e+09  513  265 3.4423e+09 3.4525e+09  0.30%  60.8 7587s
 52405 26091 3.4435e+09  328  263 3.4423e+09 3.4525e+09  0.30%  60.8 7598s
 52406 26091 3.4488e+09 1352  275 3.4423e+09 3.4525e+09  0.30%  60.8 7605s
 52407 26092 3.4499e+09  100  274 3.4423e+09 3.4525e+09  0.30%  60.8 7614s
 52408 26093 3.4493e+09  308  276 3.4423e+09 3.4525e+09  0.30%  60.8 7622s
 52409 26093 3.4483e+09 2161  270 3.4423e+09 3.4525e+09  0.30%  60.8 7633s
 52410 26094 3.4525e+09  511  280 3.4423e+09 3.4525e+09  0.30%  60.8 7642s
 52411 26095 3.4481e+09  543  282 3.4423e+09 3.4525e+09  0.30%  60.8 7652s
 52413 26096 3.4502e+09 1909  285 3.4423e+09 3.4525e+09  0.30%  60.8 7661s
 52414 26097 3.4471e+09 2349  275 3.4423e+09 3.4525e+09  0.30%  60.8 7672s
 52415 26097 3.4485e+09 1948  272 3.4423e+09 3.4525e+09  0.30%  60.8 7681s
 52416 26098 3.4503e+09  160  269 3.4423e+09 3.4525e+09  0.30%  60.8 7691s
 52417 26099 3.4492e+09  635  278 3.4423e+09 3.4525e+09  0.30%  60.8 7698s
 52418 26099 3.4500e+09   93  264 3.4423e+09 3.4525e+09  0.30%  60.8 7724s
 52419 26100 3.4481e+09  894  277 3.4423e+09 3.4525e+09  0.30%  60.8 7733s
 52420 26101 3.4493e+09  426  270 3.4423e+09 3.4525e+09  0.30%  60.8 7745s
 52421 26101 3.4473e+09 1538  278 3.4423e+09 3.4525e+09  0.30%  60.8 7754s
 52422 26102 3.4494e+09 1081  278 3.4423e+09 3.4525e+09  0.30%  60.8 7765s
 52424 26103 3.4503e+09  336  279 3.4423e+09 3.4525e+09  0.30%  60.8 7775s
 52425 26104 3.4506e+09 1619  271 3.4423e+09 3.4525e+09  0.30%  60.8 7788s
 52427 26105 3.4467e+09  875  275 3.4423e+09 3.4525e+09  0.30%  60.8 7790s
 52429 26107 3.4525e+09  169  278 3.4423e+09 3.4525e+09  0.30%  60.8 7798s
 52430 26107 3.4496e+09 1519  281 3.4423e+09 3.4525e+09  0.30%  60.8 7811s
 52433 26109 3.4450e+09 2165  270 3.4423e+09 3.4525e+09  0.30%  60.8 7823s
 52434 26110 3.4525e+09  186  284 3.4423e+09 3.4525e+09  0.30%  60.8 7840s
 52435 26111 3.4463e+09 1294  286 3.4423e+09 3.4525e+09  0.30%  60.7 7850s
 52436 26111 3.4514e+09 1102  251 3.4423e+09 3.4525e+09  0.30%  60.7 7860s
 52439 26113 3.4485e+09 1889  281 3.4423e+09 3.4525e+09  0.30%  60.7 7870s
 52440 26114 3.4487e+09 1612  277 3.4423e+09 3.4525e+09  0.30%  60.7 7887s
 52441 26115 3.4505e+09  415  304 3.4423e+09 3.4525e+09  0.30%  60.7 7896s
 52442 26115 3.4515e+09  526  273 3.4423e+09 3.4525e+09  0.30%  60.7 7907s
 52443 26116 3.4474e+09  748  281 3.4423e+09 3.4525e+09  0.30%  60.7 7914s
 52444 26117 3.4525e+09   84  280 3.4423e+09 3.4525e+09  0.30%  60.7 7923s
 52445 26117 3.4492e+09  886  286 3.4423e+09 3.4525e+09  0.30%  60.7 7930s
 52446 26118 3.4500e+09   37  282 3.4423e+09 3.4525e+09  0.30%  60.7 7941s
 52447 26119 3.4504e+09  281  288 3.4423e+09 3.4525e+09  0.30%  60.7 7949s
 52448 26119 3.4477e+09   34  285 3.4423e+09 3.4525e+09  0.30%  60.7 7968s
 52449 26120 3.4465e+09 2176  282 3.4423e+09 3.4525e+09  0.30%  60.7 7977s
 52450 26121 3.4477e+09 1106  272 3.4423e+09 3.4525e+09  0.30%  60.7 7987s
 52451 26121 3.4525e+09   46  278 3.4423e+09 3.4525e+09  0.30%  60.7 7996s
 52452 26122 3.4492e+09  588  263 3.4423e+09 3.4525e+09  0.30%  60.7 8008s
 52453 26123 3.4496e+09  252  283 3.4423e+09 3.4525e+09  0.30%  60.7 8016s
 52454 26123 3.4480e+09  959  270 3.4423e+09 3.4525e+09  0.30%  60.7 8039s
 52455 26124 3.4525e+09  432  298 3.4423e+09 3.4525e+09  0.30%  60.7 8048s
 52456 26125 3.4488e+09 1968  293 3.4423e+09 3.4525e+09  0.30%  60.7 8057s
 52457 26125 3.4459e+09  913  296 3.4423e+09 3.4525e+09  0.30%  60.7 8065s
 52458 26126 3.4514e+09  762  292 3.4423e+09 3.4525e+09  0.30%  60.7 8079s
 52459 26127 3.4524e+09  949  298 3.4423e+09 3.4525e+09  0.30%  60.7 8089s
 52460 26127 3.4497e+09  410  300 3.4423e+09 3.4525e+09  0.30%  60.7 8101s
 52461 26128 3.4518e+09   61  299 3.4423e+09 3.4525e+09  0.30%  60.7 8110s
 52462 26129 3.4439e+09  192  288 3.4423e+09 3.4525e+09  0.30%  60.7 8121s
 52463 26129 3.4525e+09   93  288 3.4423e+09 3.4525e+09  0.30%  60.7 8135s
 52464 26130 3.4494e+09   92  300 3.4423e+09 3.4525e+09  0.30%  60.7 8156s
 52465 26131 3.4481e+09  855  307 3.4423e+09 3.4525e+09  0.30%  60.7 8165s
 52466 26131 3.4468e+09  786  306 3.4423e+09 3.4525e+09  0.30%  60.7 8175s
 52467 26132 3.4477e+09  362  304 3.4423e+09 3.4525e+09  0.30%  60.7 8185s
 52468 26133 3.4496e+09 1558  302 3.4423e+09 3.4525e+09  0.30%  60.7 8196s
 52470 26134 3.4508e+09 1215  309 3.4423e+09 3.4525e+09  0.30%  60.7 8205s
 52471 26135 3.4492e+09  684  312 3.4423e+09 3.4525e+09  0.30%  60.7 8222s
 52473 26136 3.4471e+09 1222  310 3.4423e+09 3.4525e+09  0.30%  60.7 8229s
H52473 24825                    3.442289e+09 3.4525e+09  0.30%  60.7 8247s
 52475 24826 3.4523e+09 1130  305 3.4423e+09 3.4525e+09  0.30%  60.7 8255s
 52476 24827 3.4496e+09 1534  308 3.4423e+09 3.4525e+09  0.30%  60.7 8265s
 52477 24828 3.4488e+09 1988  295 3.4423e+09 3.4525e+09  0.30%  60.7 8273s
 52478 24828 3.4437e+09  168  305 3.4423e+09 3.4525e+09  0.30%  60.7 8281s
 52479 24829 3.4487e+09 1539  314 3.4423e+09 3.4525e+09  0.30%  60.7 8289s
 52480 24830 3.4525e+09  442  303 3.4423e+09 3.4525e+09  0.30%  60.7 8311s
 52481 24830 3.4496e+09  759  307 3.4423e+09 3.4525e+09  0.30%  60.7 8319s
 52482 24831 3.4524e+09  831  309 3.4423e+09 3.4525e+09  0.30%  60.7 8329s
 52483 24832 3.4479e+09 2037  317 3.4423e+09 3.4525e+09  0.30%  60.7 8338s
 52484 24832 3.4499e+09 1441  309 3.4423e+09 3.4525e+09  0.30%  60.7 8348s
 52485 24833 3.4493e+09  264  315 3.4423e+09 3.4525e+09  0.30%  60.7 8356s
 52486 24834 3.4481e+09  633  305 3.4423e+09 3.4525e+09  0.30%  60.7 8364s
 52487 24834 3.4498e+09  108  317 3.4423e+09 3.4525e+09  0.30%  60.7 8372s
 52488 24835 3.4488e+09 1525  307 3.4423e+09 3.4525e+09  0.30%  60.7 8387s
 52489 24836 3.4479e+09 1857  313 3.4423e+09 3.4525e+09  0.30%  60.7 8395s
 52490 24836 3.4447e+09 2371  313 3.4423e+09 3.4525e+09  0.30%  60.7 8405s
 52491 24837 3.4497e+09  360  313 3.4423e+09 3.4525e+09  0.30%  60.7 8412s
 52492 24838 3.4504e+09  643  310 3.4423e+09 3.4525e+09  0.30%  60.7 8422s
 52494 24839 3.4525e+09  274  315 3.4423e+09 3.4525e+09  0.30%  60.7 8430s
 52495 24840 3.4520e+09 1710  290 3.4423e+09 3.4525e+09  0.30%  60.7 8446s
 52497 24841 3.4435e+09  294  313 3.4423e+09 3.4525e+09  0.30%  60.7 8455s
 52498 24842 3.4432e+09   37  303 3.4423e+09 3.4525e+09  0.30%  60.7 8464s
 52499 24842 3.4495e+09  230  309 3.4423e+09 3.4525e+09  0.30%  60.7 8465s
 52500 24843 3.4502e+09 1048  307 3.4423e+09 3.4525e+09  0.30%  60.7 8472s
 52501 24844 3.4496e+09 1511  303 3.4423e+09 3.4525e+09  0.30%  60.7 8481s
 52502 24844 3.4524e+09 1021  312 3.4423e+09 3.4525e+09  0.30%  60.7 8488s
 52503 24845 3.4504e+09  245  304 3.4423e+09 3.4525e+09  0.30%  60.7 8512s
 52504 24846 3.4525e+09  513  292 3.4423e+09 3.4525e+09  0.30%  60.7 8520s
 52509 24850 3.4483e+09 2161  227 3.4423e+09 3.4525e+09  0.30%  63.1 8537s
 52510 24851 3.4525e+09  511  197 3.4423e+09 3.4525e+09  0.30%  63.1 8573s
 52511 24852 3.4481e+09  543  204 3.4423e+09 3.4525e+09  0.30%  63.1 8579s
 52512 24852 3.4515e+09  627  194 3.4423e+09 3.4525e+09  0.30%  63.1 8584s
 52513 24853 3.4502e+09 1909  196 3.4423e+09 3.4525e+09  0.30%  63.1 8586s
 52514 24854 3.4471e+09 2349  176 3.4423e+09 3.4525e+09  0.30%  63.1 8590s
 52518 24856 3.4500e+09   93  227 3.4423e+09 3.4525e+09  0.30%  63.1 8595s
 52523 24860 3.4468e+09  994  236 3.4423e+09 3.4525e+09  0.30%  63.1 8602s
 52525 24861 3.4506e+09 1619  268 3.4423e+09 3.4525e+09  0.30%  63.1 8605s
 52526 24862 3.4463e+09 1883  262 3.4423e+09 3.4525e+09  0.30%  63.1 8633s
 52527 24862 3.4467e+09  875  264 3.4423e+09 3.4525e+09  0.30%  63.1 8646s
 52528 24863 3.4482e+09 2308  274 3.4423e+09 3.4525e+09  0.30%  63.1 8655s
 52530 24864 3.4496e+09 1519  253 3.4423e+09 3.4525e+09  0.30%  63.1 8660s
 52531 24865 3.4491e+09  957  263 3.4423e+09 3.4525e+09  0.30%  63.1 8668s
 52532 24866 3.4476e+09   32  252 3.4423e+09 3.4525e+09  0.30%  63.1 8691s
 52533 24866 3.4450e+09 2165  262 3.4423e+09 3.4525e+09  0.30%  63.1 8697s
 52535 24868 3.4463e+09 1294  276 3.4423e+09 3.4525e+09  0.30%  63.1 8705s
 52536 24868 3.4514e+09 1102  274 3.4423e+09 3.4525e+09  0.30%  63.1 8714s
 52538 24870 3.4497e+09  309  281 3.4423e+09 3.4525e+09  0.30%  63.1 8715s
 52543 24873 3.4474e+09  748  285 3.4423e+09 3.4525e+09  0.30%  63.1 8726s
 52544 24874 3.4525e+09   84  280 3.4423e+09 3.4525e+09  0.30%  63.1 8733s
 52545 24874 3.4492e+09  886  291 3.4423e+09 3.4525e+09  0.30%  63.1 8741s
 52546 24875 3.4500e+09   37  276 3.4423e+09 3.4525e+09  0.30%  63.1 8750s
 52548 24876 3.4477e+09   34  300 3.4423e+09 3.4524e+09  0.30%  63.1 8759s
 52549 24877 3.4465e+09 2176  296 3.4423e+09 3.4524e+09  0.30%  63.1 8772s
 52550 24878 3.4477e+09 1106  305 3.4423e+09 3.4524e+09  0.30%  63.1 8781s
 52551 24878 3.4524e+09   46  281 3.4423e+09 3.4524e+09  0.30%  63.1 8830s
 52552 24879 3.4492e+09  588  291 3.4423e+09 3.4524e+09  0.30%  63.1 8839s
 52553 24880 3.4496e+09  252  263 3.4423e+09 3.4524e+09  0.30%  63.1 8850s
 52554 24880 3.4480e+09  959  287 3.4423e+09 3.4524e+09  0.30%  63.1 8859s
 52555 24881 3.4524e+09  432  285 3.4423e+09 3.4524e+09  0.29%  63.1 8869s
 52556 24882 3.4488e+09 1968  294 3.4423e+09 3.4524e+09  0.29%  63.1 8877s
 52557 24882 3.4459e+09  913  281 3.4423e+09 3.4524e+09  0.29%  63.1 8890s
 52558 24883 3.4514e+09  762  294 3.4423e+09 3.4524e+09  0.29%  63.1 8898s
 52559 24884 3.4524e+09  949  291 3.4423e+09 3.4524e+09  0.29%  63.1 8906s
 52560 24884 3.4497e+09  410  294 3.4423e+09 3.4524e+09  0.29%  63.1 8915s
 52561 24885 3.4518e+09   61  288 3.4423e+09 3.4524e+09  0.29%  63.1 8925s
 52562 24886 3.4439e+09  192  290 3.4423e+09 3.4524e+09  0.29%  63.1 8933s
 52563 24886 3.4524e+09   93  283 3.4423e+09 3.4524e+09  0.29%  63.1 8946s
 52564 24887 3.4494e+09   92  291 3.4423e+09 3.4524e+09  0.29%  63.1 8955s
 52565 24888 3.4481e+09  855  291 3.4423e+09 3.4524e+09  0.29%  63.1 8972s
 52566 24888 3.4468e+09  786  292 3.4423e+09 3.4524e+09  0.29%  63.1 8980s
 52567 24889 3.4477e+09  362  291 3.4423e+09 3.4524e+09  0.29%  63.1 8989s
 52568 24890 3.4496e+09 1558  296 3.4423e+09 3.4524e+09  0.29%  63.1 8998s
 52569 24890 3.4491e+09 1078  289 3.4423e+09 3.4524e+09  0.29%  63.1 9006s
 52570 24891 3.4508e+09 1215  291 3.4423e+09 3.4524e+09  0.29%  63.1 9014s
 52571 24892 3.4492e+09  684  286 3.4423e+09 3.4524e+09  0.29%  63.1 9023s
 52572 24892 3.4522e+09 1295  298 3.4423e+09 3.4524e+09  0.29%  63.1 9031s
 52573 24893 3.4471e+09 1222  287 3.4423e+09 3.4524e+09  0.29%  63.1 9039s
 52574 24894 3.4485e+09   65  304 3.4423e+09 3.4524e+09  0.29%  63.1 9047s
 52575 24894 3.4523e+09 1130  287 3.4423e+09 3.4524e+09  0.29%  63.1 9059s
 52577 24896 3.4488e+09 1988  269 3.4423e+09 3.4524e+09  0.29%  63.1 9067s
 52578 24896 3.4437e+09  168  265 3.4423e+09 3.4524e+09  0.29%  63.1 9085s
 52579 24897 3.4487e+09 1539  268 3.4423e+09 3.4524e+09  0.29%  63.1 9092s
 52580 24898 3.4524e+09  442  273 3.4423e+09 3.4524e+09  0.29%  63.1 9102s
 52581 24898 3.4496e+09  759  281 3.4423e+09 3.4524e+09  0.29%  63.1 9110s
 52582 24899 3.4524e+09  831  273 3.4423e+09 3.4524e+09  0.29%  63.1 9126s
 52583 24900 3.4479e+09 2037  272 3.4423e+09 3.4524e+09  0.29%  63.1 9135s
 52584 24900 3.4499e+09 1441  279 3.4423e+09 3.4524e+09  0.29%  63.1 9144s
 52585 24901 3.4493e+09  264  280 3.4423e+09 3.4524e+09  0.29%  63.1 9152s
 52586 24902 3.4481e+09  633  269 3.4423e+09 3.4524e+09  0.29%  63.1 9170s
 52587 24902 3.4498e+09  108  275 3.4423e+09 3.4524e+09  0.29%  63.1 9178s
 52588 24903 3.4488e+09 1525  268 3.4423e+09 3.4524e+09  0.29%  63.1 9188s
 52589 24904 3.4479e+09 1857  271 3.4423e+09 3.4524e+09  0.29%  63.0 9196s
 52590 24904 3.4447e+09 2371  275 3.4423e+09 3.4524e+09  0.29%  63.0 9205s
 52592 24906 3.4504e+09  643  267 3.4423e+09 3.4524e+09  0.29%  63.0 9213s
H52592 23659                    3.442289e+09 3.4524e+09  0.29%  63.0 9222s
 52594 23660 3.4524e+09  274  275 3.4423e+09 3.4524e+09  0.29%  63.0 9232s
 52595 23661 3.4520e+09 1710  267 3.4423e+09 3.4524e+09  0.29%  63.0 9258s
 52597 23662 3.4435e+09  294  282 3.4423e+09 3.4524e+09  0.29%  63.0 9266s
 52598 23663 3.4432e+09   37  276 3.4423e+09 3.4524e+09  0.29%  63.0 9278s
 52600 23664 3.4502e+09 1048  308 3.4423e+09 3.4524e+09  0.29%  63.0 9280s
 52601 23665 3.4496e+09 1511  275 3.4423e+09 3.4524e+09  0.29%  63.0 9287s
H52601 22480                    3.442304e+09 3.4524e+09  0.29%  63.0 9304s
 52603 22481 3.4504e+09  245  283 3.4423e+09 3.4524e+09  0.29%  63.0 9313s
 52604 22482 3.4524e+09  513  264 3.4423e+09 3.4524e+09  0.29%  63.0 9340s
 52605 22482 3.4435e+09  328  275 3.4423e+09 3.4524e+09  0.29%  63.0 9348s
 52606 22483 3.4488e+09 1352  272 3.4423e+09 3.4524e+09  0.29%  63.0 9375s
 52607 22484 3.4499e+09  100  286 3.4423e+09 3.4524e+09  0.29%  63.0 9382s
 52608 22484 3.4493e+09  308  274 3.4423e+09 3.4524e+09  0.29%  63.0 9391s
 52609 22485 3.4483e+09 2161  288 3.4423e+09 3.4524e+09  0.29%  63.0 9398s
 52610 22486 3.4524e+09  511  279 3.4423e+09 3.4524e+09  0.29%  63.0 9415s
 52611 22486 3.4481e+09  543  280 3.4423e+09 3.4524e+09  0.29%  63.0 9422s
 52612 22487 3.4515e+09  627  278 3.4423e+09 3.4524e+09  0.29%  63.0 9437s
 52613 22488 3.4502e+09 1909  283 3.4423e+09 3.4524e+09  0.29%  63.0 9444s
H52613 21362                    3.442313e+09 3.4524e+09  0.29%  63.0 9455s
 52615 21363 3.4485e+09 1948  276 3.4423e+09 3.4524e+09  0.29%  63.0 9463s
 52616 21364 3.4503e+09  160  270 3.4423e+09 3.4524e+09  0.29%  63.0 9477s
 52617 21364 3.4492e+09  635  288 3.4423e+09 3.4524e+09  0.29%  63.0 9484s
H52617 20294                    3.442313e+09 3.4524e+09  0.29%  63.0 9503s
 52619 20296 3.4481e+09  894  279 3.4423e+09 3.4524e+09  0.29%  63.0 9512s
 52620 20296 3.4493e+09  426  277 3.4423e+09 3.4524e+09  0.29%  63.0 9539s
 52621 20297 3.4473e+09 1538  282 3.4423e+09 3.4524e+09  0.29%  63.0 9540s
 52622 20298 3.4494e+09 1081  278 3.4423e+09 3.4524e+09  0.29%  63.0 9547s
 52623 20298 3.4468e+09  994  271 3.4423e+09 3.4524e+09  0.29%  63.0 9557s
 52624 20299 3.4503e+09  336  290 3.4423e+09 3.4524e+09  0.29%  63.0 9564s
 52625 20300 3.4506e+09 1619  270 3.4423e+09 3.4524e+09  0.29%  63.0 9574s
 52626 20300 3.4463e+09 1883  285 3.4423e+09 3.4524e+09  0.29%  63.0 9581s
 52627 20301 3.4467e+09  875  267 3.4423e+09 3.4524e+09  0.29%  63.0 9596s
 52628 20302 3.4482e+09 2308  273 3.4423e+09 3.4524e+09  0.29%  63.0 9603s
 52629 20302 3.4524e+09  169  275 3.4423e+09 3.4524e+09  0.29%  63.0 9629s
 52630 20303 3.4496e+09 1519  252 3.4423e+09 3.4523e+09  0.29%  63.0 9630s
 52633 20305 3.4450e+09 2165  244 3.4423e+09 3.4523e+09  0.29%  63.0 9639s
 52634 20306 3.4523e+09  186  236 3.4423e+09 3.4523e+09  0.29%  63.0 9648s
 52635 20306 3.4463e+09 1294  260 3.4423e+09 3.4523e+09  0.29%  63.0 9654s
 52636 20307 3.4514e+09 1102  239 3.4423e+09 3.4523e+09  0.29%  63.0 9671s
 52638 20308 3.4497e+09  309  241 3.4423e+09 3.4523e+09  0.29%  63.0 9678s
 52639 20309 3.4485e+09 1889  249 3.4423e+09 3.4523e+09  0.29%  63.0 9692s
 52640 20310 3.4487e+09 1612  258 3.4423e+09 3.4523e+09  0.29%  63.0 9698s
 52641 20310 3.4505e+09  415  249 3.4423e+09 3.4523e+09  0.29%  63.0 9707s
 52642 20311 3.4515e+09  526  247 3.4423e+09 3.4523e+09  0.29%  63.0 9714s
 52643 20312 3.4474e+09  748  240 3.4423e+09 3.4523e+09  0.29%  63.0 9723s
 52644 20312 3.4523e+09   84  246 3.4423e+09 3.4523e+09  0.29%  63.0 9730s
 52645 20313 3.4492e+09  886  247 3.4423e+09 3.4523e+09  0.29%  63.0 9738s
 52648 20315 3.4477e+09   34  259 3.4423e+09 3.4523e+09  0.29%  63.0 9746s
 52649 20316 3.4465e+09 2176  251 3.4423e+09 3.4523e+09  0.29%  63.0 9754s
 52650 20316 3.4477e+09 1106  257 3.4423e+09 3.4523e+09  0.29%  63.0 9762s
 52651 20317 3.4523e+09   46  261 3.4423e+09 3.4523e+09  0.29%  63.0 9794s
 52652 20318 3.4492e+09  588  263 3.4423e+09 3.4523e+09  0.29%  63.0 9802s
 52653 20318 3.4496e+09  252  254 3.4423e+09 3.4523e+09  0.29%  63.0 9814s
 52654 20319 3.4480e+09  959  250 3.4423e+09 3.4523e+09  0.29%  63.0 9821s
 52655 20320 3.4523e+09  432  250 3.4423e+09 3.4523e+09  0.29%  63.0 9830s
 52656 20320 3.4488e+09 1968  260 3.4423e+09 3.4523e+09  0.29%  63.0 9839s
 52657 20321 3.4459e+09  913  252 3.4423e+09 3.4523e+09  0.29%  63.0 9847s
 52658 20322 3.4514e+09  762  272 3.4423e+09 3.4523e+09  0.29%  63.0 9854s
 52659 20322 3.4523e+09  949  250 3.4423e+09 3.4523e+09  0.29%  63.0 9862s
 52660 20323 3.4497e+09  410  266 3.4423e+09 3.4523e+09  0.29%  63.0 9871s
 52661 20324 3.4518e+09   61  262 3.4423e+09 3.4523e+09  0.29%  63.0 9882s
 52662 20324 3.4439e+09  192  266 3.4423e+09 3.4523e+09  0.29%  63.0 9888s
 52663 20325 3.4523e+09   93  264 3.4423e+09 3.4523e+09  0.29%  63.0 9904s
 52664 20326 3.4494e+09   92  277 3.4423e+09 3.4523e+09  0.29%  63.0 9911s
 52665 20326 3.4481e+09  855  264 3.4423e+09 3.4523e+09  0.29%  63.0 9922s
 52666 20327 3.4468e+09  786  269 3.4423e+09 3.4523e+09  0.29%  63.0 9929s
 52667 20328 3.4477e+09  362  265 3.4423e+09 3.4523e+09  0.29%  63.0 9943s
 52668 20328 3.4496e+09 1558  281 3.4423e+09 3.4523e+09  0.29%  63.0 9951s
 52669 20329 3.4491e+09 1078  274 3.4423e+09 3.4523e+09  0.29%  63.0 9970s
 52670 20330 3.4508e+09 1215  272 3.4423e+09 3.4523e+09  0.29%  63.0 9977s
 52671 20330 3.4492e+09  684  261 3.4423e+09 3.4523e+09  0.29%  63.0 9996s
 52672 20331 3.4522e+09 1295  266 3.4423e+09 3.4523e+09  0.29%  62.9 10004s
 52673 20332 3.4471e+09 1222  254 3.4423e+09 3.4523e+09  0.29%  62.9 10023s
 52674 20332 3.4485e+09   65  262 3.4423e+09 3.4523e+09  0.29%  62.9 10029s
 52675 20333 3.4523e+09 1130  248 3.4423e+09 3.4523e+09  0.29%  62.9 10040s
 52676 20334 3.4496e+09 1534  257 3.4423e+09 3.4523e+09  0.29%  62.9 10045s
 52677 20334 3.4488e+09 1988  253 3.4423e+09 3.4523e+09  0.29%  62.9 10062s
 52679 20336 3.4487e+09 1539  257 3.4423e+09 3.4523e+09  0.29%  62.9 10070s
 52680 20336 3.4523e+09  442  251 3.4423e+09 3.4523e+09  0.29%  62.9 10080s
 52681 20337 3.4496e+09  759  270 3.4423e+09 3.4523e+09  0.29%  62.9 10087s
 52682 20338 3.4523e+09  831  259 3.4423e+09 3.4523e+09  0.29%  62.9 10094s
 52683 20338 3.4479e+09 2037  268 3.4423e+09 3.4523e+09  0.29%  62.9 10101s
 52684 20339 3.4499e+09 1441  271 3.4423e+09 3.4523e+09  0.29%  62.9 10124s
 52685 20340 3.4493e+09  264  262 3.4423e+09 3.4523e+09  0.29%  62.9 10132s
H52685 19320                    3.442322e+09 3.4523e+09  0.29%  62.9 10140s
 52687 19321 3.4498e+09  108  257 3.4423e+09 3.4523e+09  0.29%  62.9 10147s
 52688 19322 3.4488e+09 1525  262 3.4423e+09 3.4523e+09  0.29%  62.9 10158s
 52691 19324 3.4497e+09  360  258 3.4423e+09 3.4523e+09  0.29%  62.9 10167s
 52692 19324 3.4504e+09  643  250 3.4423e+09 3.4523e+09  0.29%  62.9 10177s
 52694 19326 3.4522e+09  274  260 3.4423e+09 3.4522e+09  0.29%  62.9 10180s
 52695 19326 3.4520e+09 1710  271 3.4423e+09 3.4522e+09  0.29%  62.9 10188s
 52696 19327 3.4497e+09  660  268 3.4423e+09 3.4522e+09  0.29%  62.9 10197s
 52697 19328 3.4435e+09  294  279 3.4423e+09 3.4522e+09  0.29%  62.9 10203s
 52698 19328 3.4432e+09   37  268 3.4423e+09 3.4522e+09  0.29%  62.9 10213s
 52699 19329 3.4495e+09  230  270 3.4423e+09 3.4522e+09  0.29%  62.9 10220s
 52700 19330 3.4502e+09 1048  272 3.4423e+09 3.4522e+09  0.29%  62.9 10232s
 52701 19330 3.4496e+09 1511  284 3.4423e+09 3.4522e+09  0.29%  62.9 10239s
 52702 19331 3.4522e+09 1021  275 3.4423e+09 3.4522e+09  0.29%  62.9 10248s
 52703 19332 3.4504e+09  245  287 3.4423e+09 3.4522e+09  0.29%  62.9 10255s
 52704 19332 3.4522e+09  513  279 3.4423e+09 3.4522e+09  0.29%  62.9 10275s
 52705 19333 3.4435e+09  328  280 3.4423e+09 3.4522e+09  0.29%  62.9 10281s
 52706 19334 3.4488e+09 1352  278 3.4423e+09 3.4522e+09  0.29%  62.9 10291s
 52707 19334 3.4499e+09  100  282 3.4423e+09 3.4522e+09  0.29%  62.9 10298s
 52708 19335 3.4493e+09  308  271 3.4423e+09 3.4522e+09  0.29%  62.9 10316s
 52709 19336 3.4483e+09 2161  277 3.4423e+09 3.4522e+09  0.29%  62.9 10323s
 52710 19336 3.4522e+09  511  280 3.4423e+09 3.4522e+09  0.29%  62.9 10337s
 52711 19337 3.4481e+09  543  295 3.4423e+09 3.4522e+09  0.29%  62.9 10345s
 52712 19338 3.4515e+09  627  268 3.4423e+09 3.4522e+09  0.29%  62.9 10356s
 52713 19338 3.4502e+09 1909  279 3.4423e+09 3.4522e+09  0.29%  62.9 10363s
 52714 19339 3.4471e+09 2349  273 3.4423e+09 3.4522e+09  0.29%  62.9 10372s
 52715 19340 3.4485e+09 1948  282 3.4423e+09 3.4522e+09  0.29%  62.9 10379s
 52716 19340 3.4503e+09  160  268 3.4423e+09 3.4522e+09  0.29%  62.9 10389s
 52717 19341 3.4492e+09  635  271 3.4423e+09 3.4522e+09  0.29%  62.9 10396s
 52718 19342 3.4500e+09   93  266 3.4423e+09 3.4522e+09  0.29%  62.9 10409s
 52719 19342 3.4481e+09  894  283 3.4423e+09 3.4522e+09  0.29%  62.9 10416s
 52720 19343 3.4493e+09  426  285 3.4423e+09 3.4522e+09  0.29%  62.9 10426s
 52721 19344 3.4473e+09 1538  288 3.4423e+09 3.4522e+09  0.29%  62.9 10434s
 52722 19344 3.4494e+09 1081  267 3.4423e+09 3.4522e+09  0.29%  62.9 10443s
 52723 19345 3.4468e+09  994  285 3.4423e+09 3.4522e+09  0.29%  62.9 10450s
 52724 19346 3.4503e+09  336  286 3.4423e+09 3.4522e+09  0.29%  62.9 10459s
 52725 19346 3.4506e+09 1619  279 3.4423e+09 3.4522e+09  0.29%  62.9 10466s
H52725 18375                    3.442323e+09 3.4522e+09  0.29%  62.9 10475s
 52727 18377 3.4467e+09  875  279 3.4423e+09 3.4522e+09  0.29%  62.9 10482s
 52728 18377 3.4482e+09 2308  280 3.4423e+09 3.4522e+09  0.29%  62.9 10491s
 52729 18378 3.4522e+09  169  295 3.4423e+09 3.4522e+09  0.29%  62.9 10498s
 52730 18379 3.4496e+09 1519  284 3.4423e+09 3.4522e+09  0.29%  62.9 10517s
 52731 18379 3.4491e+09  957  292 3.4423e+09 3.4522e+09  0.29%  62.9 10524s
 52732 18380 3.4476e+09   32  291 3.4423e+09 3.4522e+09  0.29%  62.9 10537s
 52733 18381 3.4450e+09 2165  293 3.4423e+09 3.4522e+09  0.29%  62.9 10543s
 52734 18381 3.4522e+09  186  285 3.4423e+09 3.4522e+09  0.29%  62.9 10552s
 52735 18382 3.4463e+09 1294  293 3.4423e+09 3.4522e+09  0.29%  62.9 10558s
 52736 18383 3.4514e+09 1102  282 3.4423e+09 3.4522e+09  0.29%  62.9 10579s
 52737 18383 3.4496e+09  103  288 3.4423e+09 3.4522e+09  0.29%  62.9 10587s
 52738 18384 3.4497e+09  309  272 3.4423e+09 3.4522e+09  0.29%  62.9 10601s
 52739 18385 3.4485e+09 1889  274 3.4423e+09 3.4522e+09  0.29%  62.9 10609s
 52740 18385 3.4487e+09 1612  282 3.4423e+09 3.4522e+09  0.29%  62.9 10631s
 52741 18386 3.4505e+09  415  290 3.4423e+09 3.4522e+09  0.29%  62.9 10639s
 52742 18387 3.4515e+09  526  273 3.4423e+09 3.4522e+09  0.29%  62.9 10650s
 52743 18387 3.4474e+09  748  271 3.4423e+09 3.4522e+09  0.29%  62.9 10657s
 52744 18388 3.4522e+09   84  282 3.4423e+09 3.4522e+09  0.29%  62.9 10669s
 52745 18389 3.4492e+09  886  302 3.4423e+09 3.4522e+09  0.29%  62.9 10676s
 52746 18389 3.4500e+09   37  296 3.4423e+09 3.4522e+09  0.29%  62.9 10693s
 52747 18390 3.4504e+09  281  297 3.4423e+09 3.4522e+09  0.29%  62.9 10701s
 52748 18391 3.4477e+09   34  275 3.4423e+09 3.4522e+09  0.29%  62.9 10711s
 52749 18391 3.4465e+09 2176  299 3.4423e+09 3.4522e+09  0.29%  62.9 10718s
 52752 18395 3.4492e+09  588  208 3.4423e+09 3.4522e+09  0.29%  67.3 10720s
 52754 18396 3.4480e+09  959  225 3.4423e+09 3.4522e+09  0.29%  67.2 10741s
 52755 18397 3.4522e+09  432  202 3.4423e+09 3.4522e+09  0.29%  67.2 10784s
 52756 18398 3.4488e+09 1968  204 3.4423e+09 3.4522e+09  0.29%  67.2 10793s
 52757 18398 3.4459e+09  913  190 3.4423e+09 3.4522e+09  0.29%  67.2 10796s

Cutting planes:
  Gomory: 7
  Cover: 27
  Implied bound: 21
  Projected implied bound: 1
  MIR: 36
  Flow cover: 42
  GUB cover: 8
  Zero half: 1
  RLT: 1
  Relax-and-lift: 14

Explored 52758 nodes (3749542 simplex iterations) in 10801.79 seconds (6031.79 work units)
Thread count was 20 (of 40 available processors)

Solution count 10: 3.44232e+09 3.44232e+09 3.44231e+09 ... 3.44229e+09

Time limit reached
Best objective 3.442323013913e+09, best bound 3.452198406390e+09, gap 0.2869%
Gurobi Optimizer version 10.0.1 build v10.0.1rc0 (linux64)

CPU model: Intel(R) Xeon(R) Gold 5115 CPU @ 2.40GHz, instruction set [SSE2|AVX|AVX2|AVX512]
Thread count: 20 physical cores, 40 logical processors, using up to 20 threads

Optimize a model with 178174 rows, 1645393 columns and 11713726 nonzeros
Model fingerprint: 0xc6b09597
Variable types: 23775 continuous, 1621618 integer (1621618 binary)
Coefficient statistics:
  Matrix range     [1e+00, 2e+05]
  Objective range  [4e+01, 4e+07]
  Bounds range     [1e-10, 3e+05]
  RHS range        [1e+00, 8e+06]
Presolve removed 177988 rows and 1645200 columns
Presolve time: 2.70s
Presolved: 186 rows, 193 columns, 568 nonzeros
Variable types: 93 continuous, 100 integer (100 binary)
Found heuristic solution: objective 3.442323e+09

Explored 0 nodes (0 simplex iterations) in 3.84 seconds (2.98 work units)
Thread count was 20 (of 40 available processors)

Solution count 1: 3.44232e+09 

Optimal solution found (tolerance 1.00e-03)
Best objective 3.442323013913e+09, best bound 3.442323013913e+09, gap 0.0000%
