
Gurobi 10.0.1 (linux64) logging started Fri May 26 11:25:11 2023

Set parameter LogFile to value "logFiles/A-2L-E/A-2L-6U-51F-15V-365D/basic-05-26-2023, 11-25-H60-P60-O30.log"
Gurobi Optimizer version 10.0.1 build v10.0.1rc0 (linux64)

CPU model: Intel(R) Xeon(R) Gold 5115 CPU @ 2.40GHz, instruction set [SSE2|AVX|AVX2|AVX512]
Thread count: 20 physical cores, 40 logical processors, using up to 20 threads

Optimize a model with 53434 rows, 431842 columns and 1767927 nonzeros
Model fingerprint: 0x1b2ccc5c
Variable types: 156911 continuous, 274931 integer (274931 binary)
Coefficient statistics:
  Matrix range     [1e+00, 2e+05]
  Objective range  [4e+01, 3e+07]
  Bounds range     [1e+00, 1e+00]
  RHS range        [1e+00, 2e+06]
Presolve removed 40223 rows and 21418 columns (presolve time = 5s) ...
Presolve removed 40206 rows and 21401 columns
Presolve time: 5.98s
Presolved: 13228 rows, 410441 columns, 1626391 nonzeros
Variable types: 146273 continuous, 264168 integer (264162 binary)
Deterministic concurrent LP optimizer: primal simplex, dual simplex, and barrier
Showing barrier log only...

Root barrier log...

Ordering time: 0.54s

Barrier statistics:
 AA' NZ     : 8.721e+05
 Factor NZ  : 6.640e+06 (roughly 230 MB of memory)
 Factor Ops : 1.208e+10 (less than 1 second per iteration)
 Threads    : 17

                  Objective                Residual
Iter       Primal          Dual         Primal    Dual     Compl     Time
   0  -1.81456791e+16  4.86281708e+13  8.41e+08 1.51e+07  2.71e+12     9s
   1  -4.56614034e+15  5.45460376e+13  2.12e+08 1.43e+07  6.93e+11    10s
   2  -1.06137951e+15  5.67026526e+13  5.08e+07 8.08e+06  1.68e+11    10s
   3  -6.22975094e+13  4.89739373e+13  3.34e+06 1.76e+04  1.15e+10    10s
   4  -7.71590914e+12  2.23821651e+13  4.13e+05 5.22e-08  1.44e+09    10s
   5  -5.31148918e+12  1.70087685e+13  2.84e+05 4.47e-08  1.00e+09    10s
   6  -4.12349819e+12  1.56591538e+13  2.21e+05 3.74e-08  7.83e+08    11s
   7  -1.64193072e+11  1.13030608e+13  8.87e+03 3.74e-08  4.43e+07    11s
   8  -1.14860389e+11  8.69917634e+12  6.27e+03 2.62e-08  3.11e+07    11s
   9  -9.80231359e+10  5.27315562e+12  5.38e+03 2.61e-08  2.25e+07    11s
  10  -4.34599759e+10  3.52081736e+12  2.53e+03 2.98e-08  1.13e+07    11s
  11  -3.43569736e+10  2.47623225e+12  2.06e+03 2.98e-08  8.32e+06    12s
  12  -8.90289908e+09  1.98108832e+12  6.64e+02 2.78e-08  4.04e+06    12s
  13  -7.27827671e+09  1.93469218e+12  5.76e+02 3.45e-08  3.76e+06    12s
  14  -3.68611358e+09  1.31333890e+12  3.79e+02 3.15e-08  2.45e+06    12s
  15  -2.58988243e+09  5.56689682e+11  3.18e+02 4.42e-08  1.32e+06    12s
  16   2.40965150e+09  1.83953756e+11  4.59e+01 5.32e-08  3.08e+05    13s
  17   2.87156244e+09  1.19920060e+11  2.04e+01 8.77e-08  1.82e+05    13s
  18   3.00450016e+09  8.06569241e+10  1.30e+01 1.27e-07  1.20e+05    13s
  19   3.09640196e+09  6.47601144e+10  7.69e+00 9.65e-08  9.06e+04    13s
  20   3.13182426e+09  4.13681116e+10  5.71e+00 1.36e-07  5.84e+04    13s
  21   3.14151528e+09  3.53976116e+10  5.18e+00 1.19e-07  5.01e+04    14s
  22   3.15322096e+09  2.69581550e+10  4.55e+00 1.85e-07  3.86e+04    14s
  23   3.17389900e+09  2.02323722e+10  3.48e+00 2.36e-07  2.82e+04    14s
  24   3.20774856e+09  1.54278126e+10  1.79e+00 2.43e-07  1.86e+04    15s
  25   3.25819529e+09  1.16850701e+10  8.45e-01 2.48e-07  1.19e+04    15s
  26   3.29973890e+09  8.72377655e+09  4.13e-01 2.38e-07  7.27e+03    15s
  27   3.33714149e+09  6.92879331e+09  2.31e-01 2.25e-07  4.68e+03    16s
  28   3.34187273e+09  6.30175494e+09  2.17e-01 2.70e-07  3.87e+03    16s
  29   3.36735626e+09  6.00476538e+09  1.40e-01 3.41e-07  3.37e+03    16s
  30   3.38119833e+09  5.72940552e+09  1.17e-01 3.02e-07  2.99e+03    16s
  31   3.41660924e+09  5.20303837e+09  5.84e-02 2.66e-07  2.23e+03    16s
  32   3.43981544e+09  4.73070668e+09  4.01e-02 3.20e-07  1.61e+03    17s
  33   3.47199398e+09  4.15133358e+09  2.66e-02 3.02e-07  8.48e+02    17s
  34   3.50068742e+09  4.01193160e+09  1.71e-02 2.54e-07  6.35e+02    17s
  35   3.50578057e+09  3.92149797e+09  1.54e-02 3.12e-07  5.17e+02    17s
  36   3.51292287e+09  3.86748802e+09  1.36e-02 2.65e-07  4.41e+02    17s
  37   3.53032110e+09  3.81773941e+09  1.01e-02 3.11e-07  3.57e+02    18s
  38   3.54411748e+09  3.73086052e+09  7.90e-03 2.34e-07  2.33e+02    18s
  39   3.55515065e+09  3.68048723e+09  6.11e-03 2.64e-07  1.57e+02    18s
  40   3.56436745e+09  3.66363778e+09  4.77e-03 3.15e-07  1.24e+02    18s
  41   3.57204952e+09  3.64812355e+09  3.69e-03 2.58e-07  9.52e+01    19s
  42   3.58052982e+09  3.63804699e+09  2.55e-03 4.07e-07  7.18e+01    19s
  43   3.58561224e+09  3.62459301e+09  1.91e-03 3.03e-07  4.88e+01    19s
  44   3.58902423e+09  3.61886807e+09  1.46e-03 2.72e-07  3.74e+01    19s
  45   3.59234780e+09  3.61579468e+09  1.09e-03 3.08e-07  2.93e+01    20s
  46   3.59424373e+09  3.61312140e+09  8.85e-04 3.02e-07  2.36e+01    20s
  47   3.59575950e+09  3.61041996e+09  7.25e-04 3.20e-07  1.84e+01    20s
  48   3.59725182e+09  3.60926774e+09  5.75e-04 3.74e-07  1.50e+01    20s
  49   3.59803186e+09  3.60811761e+09  5.02e-04 4.15e-07  1.26e+01    21s
  50   3.59844772e+09  3.60715854e+09  4.63e-04 3.50e-07  1.09e+01    21s
  51   3.59926751e+09  3.60688464e+09  3.85e-04 4.46e-07  9.56e+00    21s
  52   3.60009975e+09  3.60634737e+09  3.08e-04 4.51e-07  7.83e+00    21s
  53   3.60087599e+09  3.60574099e+09  2.38e-04 3.58e-07  6.10e+00    22s
  54   3.60176893e+09  3.60532183e+09  1.60e-04 4.16e-07  4.45e+00    22s
  55   3.60242677e+09  3.60478237e+09  1.02e-04 3.25e-07  2.95e+00    22s
  56   3.60297339e+09  3.60439258e+09  5.60e-05 3.47e-07  1.77e+00    22s
  57   3.60321755e+09  3.60424609e+09  3.56e-05 4.08e-07  1.28e+00    23s
  58   3.60336714e+09  3.60400837e+09  2.29e-05 4.17e-07  7.99e-01    23s
  59   3.60339949e+09  3.60396492e+09  2.04e-05 4.70e-07  7.05e-01    23s
  60   3.60346308e+09  3.60380977e+09  1.53e-05 4.86e-07  4.35e-01    23s
  61   3.60357566e+09  3.60369563e+09  6.66e-06 4.47e-07  1.52e-01    23s
  62   3.60361609e+09  3.60368903e+09  3.62e-06 4.78e-07  9.19e-02    24s
  63   3.60365454e+09  3.60367613e+09  8.22e-07 4.37e-07  2.70e-02    24s
  64   3.60365834e+09  3.60366787e+09  5.54e-07 4.77e-07  1.21e-02    24s
  65   3.60365955e+09  3.60366763e+09  4.70e-07 5.19e-07  1.02e-02    24s
  66   3.60366356e+09  3.60366681e+09  1.94e-07 5.48e-07  4.14e-03    24s
  67   3.60366624e+09  3.60366668e+09  7.48e-08 4.34e-07  5.43e-04    25s
  68   3.60366648e+09  3.60366651e+09  1.00e-07 5.00e-07  3.99e-05    25s
  69   3.60366649e+09  3.60366649e+09  2.34e-08 5.98e-07  6.70e-08    25s
  70   3.60366649e+09  3.60366649e+09  5.89e-09 4.77e-07  3.48e-11    25s

Barrier solved model in 70 iterations and 25.25 seconds (22.53 work units)
Optimal objective 3.60366649e+09


Root crossover log...

   10343 DPushes remaining with DInf 0.0000000e+00                25s
       0 DPushes remaining with DInf 0.0000000e+00                26s

     940 PPushes remaining with PInf 0.0000000e+00                26s
       0 PPushes remaining with PInf 0.0000000e+00                26s

  Push phase complete: Pinf 0.0000000e+00, Dinf 2.9350062e+00     26s


Root simplex log...

Iteration    Objective       Primal Inf.    Dual Inf.      Time
   11283    3.6036665e+09   0.000000e+00   2.935006e+00     26s
   11284    3.6036665e+09   0.000000e+00   0.000000e+00     26s
Concurrent spin time: 0.07s

Solved with barrier
   11338    3.6036665e+09   0.000000e+00   0.000000e+00     26s
Extra simplex iterations after uncrush: 54

Root relaxation: objective 3.603666e+09, 11338 iterations, 18.85 seconds (14.16 work units)

    Nodes    |    Current Node    |     Objective Bounds      |     Work
 Expl Unexpl |  Obj  Depth IntInf | Incumbent    BestBd   Gap | It/Node Time

     0     0 3.6037e+09    0  277          - 3.6037e+09      -     -   27s
H    0     0                    3.557476e+09 3.6037e+09  1.30%     -   38s
H    0     0                    3.558835e+09 3.6037e+09  1.26%     -   40s
     0     0 3.6034e+09    0  266 3.5588e+09 3.6034e+09  1.25%     -   53s
H    0     0                    3.561379e+09 3.6034e+09  1.18%     -   58s
     0     0 3.6033e+09    0  254 3.5614e+09 3.6033e+09  1.18%     -   64s
     0     0 3.6033e+09    0  260 3.5614e+09 3.6033e+09  1.18%     -   66s
     0     0 3.6033e+09    0  268 3.5614e+09 3.6033e+09  1.18%     -   67s
     0     0 3.6032e+09    0  284 3.5614e+09 3.6032e+09  1.17%     -   82s
H    0     0                    3.568450e+09 3.6032e+09  0.97%     -   95s

Cutting planes:
  Cover: 11
  Implied bound: 26
  Clique: 2
  MIR: 14
  Flow cover: 33
  GUB cover: 4
  RLT: 3
  Relax-and-lift: 11

Explored 1 nodes (27708 simplex iterations) in 95.71 seconds (94.26 work units)
Thread count was 20 (of 40 available processors)

Solution count 4: 3.56845e+09 3.56138e+09 3.55884e+09 3.55748e+09 

Optimal solution found (tolerance 1.00e-02)
Best objective 3.568449541112e+09, best bound 3.603224536904e+09, gap 0.9745%
Gurobi Optimizer version 10.0.1 build v10.0.1rc0 (linux64)

CPU model: Intel(R) Xeon(R) Gold 5115 CPU @ 2.40GHz, instruction set [SSE2|AVX|AVX2|AVX512]
Thread count: 20 physical cores, 40 logical processors, using up to 20 threads

Optimize a model with 88607 rows, 757128 columns and 3502331 nonzeros
Model fingerprint: 0xdb58422a
Variable types: 319872 continuous, 437256 integer (437256 binary)
Coefficient statistics:
  Matrix range     [1e+00, 2e+05]
  Objective range  [4e+01, 4e+07]
  Bounds range     [1e+00, 3e+05]
  RHS range        [1e+00, 3e+06]
Presolve removed 76438 rows and 555901 columns (presolve time = 5s) ...
Presolve removed 76519 rows and 560891 columns
Presolve time: 9.99s
Presolved: 12088 rows, 196237 columns, 791292 nonzeros
Variable types: 126580 continuous, 69657 integer (69649 binary)
Deterministic concurrent LP optimizer: primal simplex, dual simplex, and barrier
Showing barrier log only...

Root barrier log...

Ordering time: 0.25s

Barrier statistics:
 AA' NZ     : 4.539e+05
 Factor NZ  : 2.723e+06 (roughly 100 MB of memory)
 Factor Ops : 2.797e+09 (less than 1 second per iteration)
 Threads    : 17

                  Objective                Residual
Iter       Primal          Dual         Primal    Dual     Compl     Time
   0  -5.86246111e+15  2.14345392e+13  3.88e+08 4.93e+06  1.38e+12    13s
   1  -2.17043647e+15  2.56789311e+13  1.44e+08 2.93e+06  5.22e+11    13s
   2  -2.18735909e+14  2.26535789e+13  1.46e+07 2.22e+05  5.42e+10    13s
   3  -8.83631104e+12  1.53448041e+13  5.91e+05 7.27e+02  2.24e+09    13s
   4  -7.37852021e+11  3.57017105e+12  4.92e+04 2.61e-08  1.96e+08    13s
   5  -3.24045879e+11  3.26562941e+12  2.16e+04 2.26e-08  9.06e+07    13s
   6  -1.40980492e+11  2.28473797e+12  9.49e+03 2.26e-08  4.14e+07    13s
   7  -4.58327991e+10  1.62706941e+12  3.17e+03 2.24e-08  1.54e+07    13s
   8  -1.55375435e+10  1.03843029e+12  1.15e+03 1.86e-08  6.37e+06    14s
   9  -4.12061849e+09  7.46849931e+11  3.95e+02 2.06e-08  3.08e+06    14s
  10  -2.74700823e+09  1.91007694e+11  3.03e+02 2.98e-08  1.19e+06    14s
  11  -1.07723434e+09  1.38740940e+11  1.91e+02 3.26e-08  7.83e+05    14s
  12   9.63661957e+08  8.05416698e+10  5.49e+01 2.99e-08  3.23e+05    14s
  13   1.51308383e+09  4.55899759e+10  2.04e+01 4.44e-08  1.59e+05    14s
  14   1.62246039e+09  2.87135363e+10  1.40e+01 8.77e-08  1.02e+05    14s
  15   1.67199032e+09  2.69146550e+10  1.12e+01 9.02e-08  9.07e+04    14s
  16   1.70129288e+09  1.99987788e+10  9.53e+00 1.27e-07  7.00e+04    15s
  17   1.72710592e+09  1.73518376e+10  8.01e+00 1.28e-07  6.00e+04    15s
  18   1.78260170e+09  1.19312135e+10  4.55e+00 1.11e-07  3.86e+04    15s
  19   1.81892608e+09  8.82751014e+09  1.71e+00 2.26e-07  2.40e+04    15s
  20   1.83173625e+09  7.58611511e+09  1.28e+00 2.88e-07  1.93e+04    15s
  21   1.86266607e+09  6.43697581e+09  9.53e-01 2.31e-07  1.49e+04    15s
  22   1.90800477e+09  4.92313388e+09  6.28e-01 1.59e-07  9.48e+03    15s
  23   1.92531792e+09  4.23667709e+09  5.12e-01 1.18e-07  7.13e+03    15s
  24   1.96289299e+09  3.45446047e+09  3.35e-01 9.69e-08  4.44e+03    16s
  25   2.00586786e+09  2.88153037e+09  1.88e-01 7.82e-08  2.49e+03    16s
  26   2.04235730e+09  2.63964218e+09  1.20e-01 5.87e-08  1.65e+03    16s
  27   2.06567428e+09  2.42814020e+09  8.03e-02 4.19e-08  9.85e+02    16s
  28   2.08751732e+09  2.29680515e+09  5.28e-02 3.91e-08  5.61e+02    16s
  29   2.09204052e+09  2.29183402e+09  4.82e-02 3.45e-08  5.35e+02    16s
  30   2.10842844e+09  2.26470791e+09  3.31e-02 4.47e-08  4.15e+02    16s
  31   2.11512312e+09  2.22477244e+09  2.77e-02 3.54e-08  2.91e+02    16s
  32   2.13107881e+09  2.19898662e+09  1.42e-02 1.96e-08  1.78e+02    16s
  33   2.14097633e+09  2.18375906e+09  7.45e-03 1.58e-08  1.12e+02    17s
  34   2.14343335e+09  2.17716520e+09  6.09e-03 1.86e-08  8.80e+01    17s
  35   2.14483144e+09  2.17545346e+09  5.32e-03 1.49e-08  7.99e+01    17s
  36   2.14547986e+09  2.17329065e+09  4.96e-03 1.40e-08  7.25e+01    17s
  37   2.14988934e+09  2.16857214e+09  2.70e-03 1.58e-08  4.86e+01    17s
  38   2.15145602e+09  2.16629565e+09  2.11e-03 1.30e-08  3.86e+01    17s
  39   2.15300695e+09  2.16368803e+09  1.55e-03 1.40e-08  2.77e+01    17s
  40   2.15428529e+09  2.16217079e+09  1.13e-03 1.12e-08  2.05e+01    17s
  41   2.15544177e+09  2.16136423e+09  8.00e-04 1.12e-08  1.54e+01    18s
  42   2.15611848e+09  2.16042423e+09  6.12e-04 1.02e-08  1.12e+01    18s
  43   2.15690093e+09  2.15998651e+09  4.17e-04 1.02e-08  8.01e+00    18s
  44   2.15790573e+09  2.15945523e+09  1.78e-04 1.12e-08  4.02e+00    18s
  45   2.15817256e+09  2.15910058e+09  1.17e-04 8.38e-09  2.41e+00    18s
  46   2.15846723e+09  2.15893667e+09  5.54e-05 1.49e-08  1.22e+00    18s
  47   2.15861471e+09  2.15883233e+09  2.57e-05 7.45e-09  5.64e-01    18s
  48   2.15871019e+09  2.15878846e+09  7.38e-06 9.31e-09  2.03e-01    18s
  49   2.15872430e+09  2.15876000e+09  4.65e-06 6.52e-09  9.26e-02    19s
  50   2.15873574e+09  2.15875359e+09  2.48e-06 6.52e-09  4.63e-02    19s
  51   2.15873846e+09  2.15875034e+09  1.98e-06 9.31e-09  3.09e-02    19s
  52   2.15874601e+09  2.15875007e+09  5.59e-07 1.21e-08  1.05e-02    19s
  53   2.15874861e+09  2.15874950e+09  1.29e-07 9.31e-09  2.31e-03    19s
  54   2.15874942e+09  2.15874943e+09  1.38e-08 1.02e-08  5.61e-06    19s
  55   2.15874943e+09  2.15874943e+09  1.37e-08 8.38e-09  1.29e-10    19s

Barrier solved model in 55 iterations and 19.17 seconds (15.50 work units)
Optimal objective 2.15874943e+09


Root crossover log...

    5649 DPushes remaining with DInf 0.0000000e+00                19s
       0 DPushes remaining with DInf 0.0000000e+00                19s

     459 PPushes remaining with PInf 0.0000000e+00                19s
       0 PPushes remaining with PInf 0.0000000e+00                19s

  Push phase complete: Pinf 0.0000000e+00, Dinf 7.8481207e+03     19s


Root simplex log...

Iteration    Objective       Primal Inf.    Dual Inf.      Time
    6092    2.1587494e+09   0.000000e+00   7.848121e+03     19s
    6097    2.1587494e+09   0.000000e+00   0.000000e+00     20s
Concurrent spin time: 0.02s

Solved with barrier
    6097    2.1587494e+09   0.000000e+00   0.000000e+00     20s

Root relaxation: objective 2.158749e+09, 6097 iterations, 8.25 seconds (4.44 work units)
Total elapsed time = 20.04s

    Nodes    |    Current Node    |     Objective Bounds      |     Work
 Expl Unexpl |  Obj  Depth IntInf | Incumbent    BestBd   Gap | It/Node Time

     0     0 2.1587e+09    0  159          - 2.1587e+09      -     -   21s
H    0     0                    2.073701e+09 2.1587e+09  4.10%     -   35s
H    0     0                    2.103442e+09 2.1587e+09  2.63%     -   44s
     0     0 2.1585e+09    0  171 2.1034e+09 2.1585e+09  2.62%     -   53s
     0     0 2.1585e+09    0  172 2.1034e+09 2.1585e+09  2.62%     -   77s
     0     0 2.1585e+09    0  192 2.1034e+09 2.1585e+09  2.62%     -   89s
     0     0 2.1585e+09    0  197 2.1034e+09 2.1585e+09  2.62%     -   96s
     0     0 2.1585e+09    0  192 2.1034e+09 2.1585e+09  2.62%     -   97s
     0     0 2.1584e+09    0  207 2.1034e+09 2.1584e+09  2.61%     -  106s
     0     0 2.1584e+09    0  209 2.1034e+09 2.1584e+09  2.61%     -  111s
     0     0 2.1584e+09    0  210 2.1034e+09 2.1584e+09  2.61%     -  111s
     0     0 2.1583e+09    0  195 2.1034e+09 2.1583e+09  2.61%     -  120s
     0     0 2.1583e+09    0  210 2.1034e+09 2.1583e+09  2.61%     -  124s
     0     0 2.1583e+09    0  198 2.1034e+09 2.1583e+09  2.61%     -  125s
     0     0 2.1583e+09    0  204 2.1034e+09 2.1583e+09  2.61%     -  125s
     0     0 2.1583e+09    0  206 2.1034e+09 2.1583e+09  2.61%     -  129s
     0     0 2.1583e+09    0  206 2.1034e+09 2.1583e+09  2.61%     -  131s
     0     0 2.1583e+09    0  215 2.1034e+09 2.1583e+09  2.61%     -  134s
     0     0 2.1583e+09    0  223 2.1034e+09 2.1583e+09  2.61%     -  136s
     0     0 2.1583e+09    0  234 2.1034e+09 2.1583e+09  2.61%     -  137s
     0     0 2.1583e+09    0  228 2.1034e+09 2.1583e+09  2.61%     -  140s
     0     0 2.1583e+09    0  231 2.1034e+09 2.1583e+09  2.61%     -  141s
     0     0 2.1583e+09    0  230 2.1034e+09 2.1583e+09  2.61%     -  143s
     0     0 2.1583e+09    0  230 2.1034e+09 2.1583e+09  2.61%     -  145s
     0     0 2.1583e+09    0  235 2.1034e+09 2.1583e+09  2.61%     -  145s
     0     0 2.1583e+09    0  223 2.1034e+09 2.1583e+09  2.61%     -  148s
     0     0 2.1583e+09    0  215 2.1034e+09 2.1583e+09  2.61%     -  150s
H    0     0                    2.128049e+09 2.1583e+09  1.42%     -  171s
     0     2 2.1583e+09    0  215 2.1280e+09 2.1583e+09  1.42%     -  174s
     1     4 2.1583e+09    1  221 2.1280e+09 2.1583e+09  1.42%  1589  178s
     3     8 2.1583e+09    2  203 2.1280e+09 2.1583e+09  1.42%   886  181s
     7    16 2.1583e+09    3  226 2.1280e+09 2.1583e+09  1.42%   651  187s
    15    32 2.1583e+09    4  224 2.1280e+09 2.1583e+09  1.42%   653  193s
    31    52 2.1583e+09    5  226 2.1280e+09 2.1583e+09  1.42%   663  200s
    51    72 2.1583e+09    6  232 2.1280e+09 2.1583e+09  1.42%   542  205s
    91   112 2.1583e+09    8  229 2.1280e+09 2.1583e+09  1.42%   391  301s
H   92   112                    2.128977e+09 2.1583e+09  1.38%   387  301s
H   95   112                    2.136732e+09 2.1583e+09  1.01%   379  301s
H  100   112                    2.138088e+09 2.1583e+09  0.94%   363  301s
H  102   112                    2.142374e+09 2.1583e+09  0.74%   358  302s

Cutting planes:
  Cover: 46
  Implied bound: 66
  MIR: 137
  Flow cover: 87
  Network: 3
  RLT: 21
  Relax-and-lift: 54

Explored 111 nodes (64205 simplex iterations) in 302.28 seconds (310.19 work units)
Thread count was 20 (of 40 available processors)

Solution count 7: 2.14237e+09 2.13809e+09 2.13673e+09 ... 2.0737e+09

Optimal solution found (tolerance 1.00e-02)
Best objective 2.142374234250e+09, best bound 2.158262004135e+09, gap 0.7416%
Gurobi Optimizer version 10.0.1 build v10.0.1rc0 (linux64)

CPU model: Intel(R) Xeon(R) Gold 5115 CPU @ 2.40GHz, instruction set [SSE2|AVX|AVX2|AVX512]
Thread count: 20 physical cores, 40 logical processors, using up to 20 threads

Optimize a model with 118466 rows, 1079311 columns and 5521185 nonzeros
Model fingerprint: 0x9e419d0f
Variable types: 328331 continuous, 750980 integer (750980 binary)
Coefficient statistics:
  Matrix range     [1e+00, 2e+05]
  Objective range  [4e+01, 4e+07]
  Bounds range     [1e-07, 3e+05]
  RHS range        [1e+00, 5e+06]
Presolve removed 104971 rows and 840678 columns (presolve time = 5s) ...
Presolve removed 106539 rows and 882802 columns
Presolve time: 9.79s
Presolved: 11927 rows, 196509 columns, 799090 nonzeros
Variable types: 119615 continuous, 76894 integer (76885 binary)
Deterministic concurrent LP optimizer: primal simplex, dual simplex, and barrier
Showing barrier log only...

Root barrier log...

Ordering time: 0.23s

Barrier statistics:
 AA' NZ     : 4.530e+05
 Factor NZ  : 2.557e+06 (roughly 100 MB of memory)
 Factor Ops : 2.510e+09 (less than 1 second per iteration)
 Threads    : 17

                  Objective                Residual
Iter       Primal          Dual         Primal    Dual     Compl     Time
   0  -3.13029001e+15  2.51265883e+13  1.71e+08 2.91e+06  5.86e+11    12s
   1  -1.37223388e+15  2.37618921e+13  7.52e+07 5.91e+06  2.57e+11    12s
   2  -4.82227798e+14  1.99795798e+13  2.65e+07 1.14e+06  9.30e+10    12s
   3  -8.40478916e+13  1.51781551e+13  4.63e+06 7.62e+03  1.64e+10    13s
   4  -4.02704796e+12  1.01026040e+13  2.22e+05 7.39e+02  8.11e+08    13s
   5  -1.21631651e+12  3.28645731e+12  6.70e+04 1.05e+02  2.45e+08    13s
   6  -4.12810763e+11  2.35305624e+12  2.28e+04 1.87e-08  8.74e+07    13s
   7  -2.06829984e+11  2.03112649e+12  1.15e+04 1.62e-08  4.60e+07    13s
   8  -1.08956055e+11  1.53473641e+12  6.11e+03 1.68e-08  2.51e+07    13s
   9  -5.51207706e+10  8.82307491e+11  3.15e+03 1.86e-08  1.24e+07    13s
  10  -1.81230463e+10  5.35978220e+11  1.12e+03 1.68e-08  4.67e+06    13s
  11  -9.96122145e+09  2.15433950e+11  6.72e+02 2.14e-08  2.24e+06    13s
  12   6.79749971e+08  1.02448997e+11  8.86e+01 1.90e-08  4.65e+05    13s
  13   1.62941579e+09  6.55051360e+10  3.78e+01 3.73e-08  2.51e+05    13s
  14   2.07592466e+09  4.11926530e+10  1.57e+01 3.35e-08  1.37e+05    14s
  15   2.16783898e+09  2.76402830e+10  1.14e+01 7.40e-08  9.20e+04    14s
  16   2.22263375e+09  2.32476429e+10  8.89e+00 8.75e-08  7.58e+04    14s
  17   2.26445050e+09  1.92858833e+10  6.95e+00 1.12e-07  6.17e+04    14s
  18   2.26886995e+09  1.59018472e+10  6.76e+00 1.76e-07  5.30e+04    14s
  19   2.32020156e+09  1.21359134e+10  4.66e+00 1.65e-07  3.93e+04    14s
  20   2.34978421e+09  1.08422916e+10  3.21e+00 1.74e-07  3.18e+04    14s
  21   2.36718345e+09  8.00132590e+09  2.44e+00 2.10e-07  2.24e+04    14s
  22   2.38670104e+09  7.56146935e+09  1.90e+00 2.25e-07  1.93e+04    14s
  23   2.41497941e+09  5.72912477e+09  1.52e+00 2.24e-07  1.27e+04    14s
  24   2.44569133e+09  4.71286631e+09  1.22e+00 2.09e-07  8.75e+03    15s
  25   2.46884148e+09  3.89387031e+09  1.02e+00 1.15e-07  5.60e+03    15s
  26   2.50966359e+09  3.55007296e+09  6.10e-01 1.06e-07  3.69e+03    15s
  27   2.52439421e+09  3.18950428e+09  4.80e-01 9.87e-08  2.33e+03    15s
  28   2.54822084e+09  2.97688554e+09  2.96e-01 6.94e-08  1.39e+03    15s
  29   2.56586768e+09  2.87200701e+09  1.83e-01 4.75e-08  9.33e+02    15s
  30   2.57695811e+09  2.79435148e+09  1.30e-01 3.49e-08  6.41e+02    15s
  31   2.58575461e+09  2.76259443e+09  1.02e-01 3.26e-08  5.11e+02    15s
  32   2.59102761e+09  2.74590675e+09  8.66e-02 3.40e-08  4.42e+02    15s
  33   2.59612695e+09  2.73768473e+09  7.46e-02 3.35e-08  4.01e+02    15s
  34   2.59855169e+09  2.71941770e+09  7.04e-02 3.03e-08  3.42e+02    16s
  35   2.60499800e+09  2.70782652e+09  5.78e-02 2.61e-08  2.88e+02    16s
  36   2.60794560e+09  2.69753628e+09  5.23e-02 2.00e-08  2.50e+02    16s
  37   2.61342535e+09  2.68262057e+09  4.20e-02 1.63e-08  1.91e+02    16s
  38   2.61481425e+09  2.67243625e+09  3.92e-02 1.30e-08  1.59e+02    16s
  39   2.61679748e+09  2.67204791e+09  3.57e-02 1.35e-08  1.52e+02    16s
  40   2.62331656e+09  2.66632395e+09  2.54e-02 1.12e-08  1.17e+02    16s
  41   2.62441761e+09  2.65988388e+09  2.36e-02 9.78e-09  9.66e+01    16s
  42   2.62782425e+09  2.65733763e+09  1.87e-02 9.55e-09  8.00e+01    16s
  43   2.62965519e+09  2.65462720e+09  1.60e-02 7.57e-09  6.75e+01    17s
  44   2.63149542e+09  2.65233404e+09  1.31e-02 7.45e-09  5.61e+01    17s
  45   2.63176571e+09  2.65199902e+09  1.27e-02 6.98e-09  5.44e+01    17s
  46   2.63386322e+09  2.65045566e+09  9.66e-03 6.52e-09  4.44e+01    17s
  47   2.63498862e+09  2.64895516e+09  8.29e-03 6.05e-09  3.73e+01    17s
  48   2.63593059e+09  2.64749797e+09  7.14e-03 6.05e-09  3.09e+01    17s
  49   2.63743667e+09  2.64587076e+09  5.35e-03 6.29e-09  2.25e+01    17s
  50   2.63830015e+09  2.64542422e+09  4.32e-03 9.66e-09  1.89e+01    17s
  51   2.63958279e+09  2.64499613e+09  2.87e-03 8.61e-09  1.43e+01    17s
  52   2.64019246e+09  2.64466482e+09  2.34e-03 6.40e-09  1.18e+01    18s
  53   2.64041709e+09  2.64445309e+09  2.13e-03 7.57e-09  1.07e+01    18s
  54   2.64078448e+09  2.64422550e+09  1.83e-03 8.15e-09  9.11e+00    18s
  55   2.64136733e+09  2.64397842e+09  1.35e-03 8.03e-09  6.90e+00    18s
  56   2.64166192e+09  2.64386422e+09  1.11e-03 8.27e-09  5.82e+00    18s
  57   2.64176945e+09  2.64374313e+09  1.02e-03 8.61e-09  5.22e+00    18s
  58   2.64198979e+09  2.64369625e+09  8.54e-04 8.38e-09  4.51e+00    18s
  59   2.64214664e+09  2.64360793e+09  7.36e-04 6.98e-09  3.86e+00    18s
  60   2.64245389e+09  2.64353127e+09  5.09e-04 7.45e-09  2.84e+00    18s
  61   2.64266374e+09  2.64341621e+09  3.66e-04 6.05e-09  1.99e+00    19s
  62   2.64277074e+09  2.64336220e+09  2.94e-04 5.12e-09  1.56e+00    19s
  63   2.64280293e+09  2.64334133e+09  2.72e-04 5.62e-09  1.42e+00    19s
  64   2.64294825e+09  2.64330233e+09  1.73e-04 5.76e-09  9.34e-01    19s
  65   2.64309532e+09  2.64326338e+09  7.49e-05 7.57e-09  4.43e-01    19s
  66   2.64317155e+09  2.64323396e+09  2.56e-05 5.94e-09  1.64e-01    19s
  67   2.64320034e+09  2.64322084e+09  7.63e-06 5.94e-09  5.39e-02    19s
  68   2.64320216e+09  2.64321623e+09  6.61e-06 7.57e-09  3.71e-02    19s
  69   2.64320477e+09  2.64321552e+09  5.09e-06 5.59e-09  2.84e-02    19s
  70   2.64321352e+09  2.64321482e+09  6.23e-07 6.64e-09  3.39e-03    19s
  71   2.64321390e+09  2.64321394e+09  3.46e-07 8.15e-09  9.14e-05    20s
  72   2.64321392e+09  2.64321392e+09  1.43e-09 9.66e-09  4.55e-08    20s
  73   2.64321392e+09  2.64321392e+09  6.18e-11 5.94e-09  5.47e-11    20s

Barrier solved model in 73 iterations and 19.81 seconds (21.20 work units)
Optimal objective 2.64321392e+09


Root crossover log...

    5350 DPushes remaining with DInf 0.0000000e+00                20s
       0 DPushes remaining with DInf 0.0000000e+00                20s

     476 PPushes remaining with PInf 0.0000000e+00                20s
       0 PPushes remaining with PInf 0.0000000e+00                20s

  Push phase complete: Pinf 0.0000000e+00, Dinf 4.8567845e+00     20s


Root simplex log...

Iteration    Objective       Primal Inf.    Dual Inf.      Time
    5760    2.6432139e+09   0.000000e+00   4.856784e+00     20s
    5767    2.6432139e+09   0.000000e+00   0.000000e+00     20s
Concurrent spin time: 0.01s

Solved with barrier
    5767    2.6432139e+09   0.000000e+00   0.000000e+00     20s

Root relaxation: objective 2.643214e+09, 5767 iterations, 9.03 seconds (6.18 work units)

    Nodes    |    Current Node    |     Objective Bounds      |     Work
 Expl Unexpl |  Obj  Depth IntInf | Incumbent    BestBd   Gap | It/Node Time

     0     0 2.6432e+09    0  184          - 2.6432e+09      -     -   21s
H    0     0                    2.425184e+09 2.6430e+09  8.98%     -   28s
     0     0 2.6430e+09    0  192 2.4252e+09 2.6430e+09  8.98%     -   28s
H    0     0                    2.448254e+09 2.6430e+09  7.96%     -   31s
H    0     0                    2.494629e+09 2.6423e+09  5.92%     -   40s
     0     0 2.6419e+09    0  192 2.4946e+09 2.6419e+09  5.90%     -   40s
     0     0 2.6419e+09    0  204 2.4946e+09 2.6419e+09  5.90%     -   42s
     0     0 2.6419e+09    0  205 2.4946e+09 2.6419e+09  5.90%     -   42s
     0     0 2.6419e+09    0  202 2.4946e+09 2.6419e+09  5.90%     -   45s
     0     0 2.6419e+09    0  221 2.4946e+09 2.6419e+09  5.90%     -   52s
     0     0 2.6418e+09    0  213 2.4946e+09 2.6418e+09  5.90%     -   53s
     0     0 2.6418e+09    0  207 2.4946e+09 2.6418e+09  5.90%     -   54s
     0     0 2.6318e+09    0  190 2.4946e+09 2.6318e+09  5.50%     -   59s
H    0     0                    2.513725e+09 2.6318e+09  4.70%     -   62s
H    0     0                    2.519999e+09 2.6317e+09  4.43%     -   66s
     0     0 2.6317e+09    0  192 2.5200e+09 2.6317e+09  4.43%     -   66s
H    0     0                    2.520533e+09 2.6317e+09  4.41%     -   69s
     0     0 2.6317e+09    0  192 2.5205e+09 2.6317e+09  4.41%     -   69s
     0     0 2.6317e+09    0  199 2.5205e+09 2.6317e+09  4.41%     -   70s
     0     0 2.6314e+09    0  206 2.5205e+09 2.6314e+09  4.40%     -   72s
H    0     0                    2.543513e+09 2.6314e+09  3.46%     -   77s
     0     0 2.6314e+09    0  213 2.5435e+09 2.6314e+09  3.46%     -   77s
     0     0 2.6314e+09    0  217 2.5435e+09 2.6314e+09  3.46%     -   77s
H    0     0                    2.544193e+09 2.6296e+09  3.36%     -   81s
     0     0 2.6296e+09    0  220 2.5442e+09 2.6296e+09  3.36%     -   81s
H    0     0                    2.548858e+09 2.6296e+09  3.17%     -   84s
H    0     0                    2.556403e+09 2.6294e+09  2.86%     -   86s
H    0     0                    2.569729e+09 2.6294e+09  2.32%     -   86s
     0     0 2.6294e+09    0  223 2.5697e+09 2.6294e+09  2.32%     -   86s
H    0     0                    2.591840e+09 2.6294e+09  1.45%     -   88s
     0     0 2.6294e+09    0  222 2.5918e+09 2.6294e+09  1.45%     -   88s
     0     0 2.6266e+09    0  210 2.5918e+09 2.6266e+09  1.34%     -   91s
     0     0 2.6265e+09    0  210 2.5918e+09 2.6265e+09  1.34%     -   95s
     0     0 2.6265e+09    0  220 2.5918e+09 2.6265e+09  1.34%     -   96s
     0     0 2.6264e+09    0  216 2.5918e+09 2.6264e+09  1.33%     -   98s
     0     0 2.6264e+09    0  214 2.5918e+09 2.6264e+09  1.33%     -  100s
     0     0 2.6263e+09    0  237 2.5918e+09 2.6263e+09  1.33%     -  102s
     0     0 2.6263e+09    0  246 2.5918e+09 2.6263e+09  1.33%     -  104s
     0     0 2.6263e+09    0  243 2.5918e+09 2.6263e+09  1.33%     -  105s
     0     0 2.6258e+09    0  218 2.5918e+09 2.6258e+09  1.31%     -  107s
     0     0 2.6258e+09    0  215 2.5918e+09 2.6258e+09  1.31%     -  110s
     0     0 2.6258e+09    0  203 2.5918e+09 2.6258e+09  1.31%     -  112s
     0     0 2.6258e+09    0  219 2.5918e+09 2.6258e+09  1.31%     -  115s
     0     0 2.6257e+09    0  222 2.5918e+09 2.6257e+09  1.31%     -  118s
     0     0 2.6257e+09    0  218 2.5918e+09 2.6257e+09  1.31%     -  120s
H    0     0                    2.594982e+09 2.6257e+09  1.19%     -  139s
     0     2 2.6257e+09    0  217 2.5950e+09 2.6257e+09  1.19%     -  141s
     1     4 2.6257e+09    1  195 2.5950e+09 2.6257e+09  1.19%   985  146s
     3     8 2.6257e+09    2  203 2.5950e+09 2.6257e+09  1.19%  1041  151s
     7    16 2.6257e+09    3  198 2.5950e+09 2.6257e+09  1.19%  1132  158s
    15    32 2.6257e+09    4  196 2.5950e+09 2.6257e+09  1.19%  1234  167s
    31    52 2.6257e+09    5  194 2.5950e+09 2.6257e+09  1.18%  1240  175s
H   34    52                    2.595704e+09 2.6257e+09  1.16%  1168  176s
H   38    52                    2.596464e+09 2.6257e+09  1.13%  1089  176s
H   42    52                    2.596528e+09 2.6257e+09  1.12%  1013  176s
    51    72 2.6257e+09    6  201 2.5965e+09 2.6257e+09  1.12%  1002  182s
    71    92 2.6257e+09    7  202 2.5965e+09 2.6257e+09  1.12%   985  190s
H   91   112                    2.596536e+09 2.6257e+09  1.12%   887  243s
H   93   112                    2.597543e+09 2.6257e+09  1.09%   884  244s
H   94   112                    2.603629e+09 2.6257e+09  0.85%   880  244s
H   96   112                    2.605240e+09 2.6257e+09  0.79%   882  244s

Cutting planes:
  Cover: 48
  Implied bound: 56
  Clique: 5
  MIR: 90
  StrongCG: 1
  Flow cover: 116
  Network: 22
  RLT: 9
  Relax-and-lift: 45

Explored 111 nodes (120762 simplex iterations) in 245.05 seconds (265.47 work units)
Thread count was 20 (of 40 available processors)

Solution count 10: 2.60524e+09 2.60363e+09 2.59754e+09 ... 2.56973e+09

Optimal solution found (tolerance 1.00e-02)
Best objective 2.605240212333e+09, best bound 2.625728540189e+09, gap 0.7864%
Gurobi Optimizer version 10.0.1 build v10.0.1rc0 (linux64)

CPU model: Intel(R) Xeon(R) Gold 5115 CPU @ 2.40GHz, instruction set [SSE2|AVX|AVX2|AVX512]
Thread count: 20 physical cores, 40 logical processors, using up to 20 threads

Optimize a model with 148326 rows, 1425498 columns and 7995990 nonzeros
Model fingerprint: 0xd12041e5
Variable types: 360063 continuous, 1065435 integer (1065435 binary)
Coefficient statistics:
  Matrix range     [1e+00, 2e+05]
  Objective range  [4e+01, 4e+07]
  Bounds range     [3e-16, 3e+05]
  RHS range        [1e+00, 6e+06]
Presolve removed 134667 rows and 1178254 columns (presolve time = 5s) ...
Presolve removed 136207 rows and 1218124 columns (presolve time = 10s) ...
Presolve removed 136188 rows and 1218105 columns
Presolve time: 10.90s
Presolved: 12138 rows, 207393 columns, 838943 nonzeros
Variable types: 125634 continuous, 81759 integer (81750 binary)
Deterministic concurrent LP optimizer: primal simplex, dual simplex, and barrier
Showing barrier log only...

Root barrier log...

Ordering time: 0.25s

Barrier statistics:
 AA' NZ     : 4.814e+05
 Factor NZ  : 2.539e+06 (roughly 100 MB of memory)
 Factor Ops : 2.439e+09 (less than 1 second per iteration)
 Threads    : 17

                  Objective                Residual
Iter       Primal          Dual         Primal    Dual     Compl     Time
   0  -5.11023757e+15  3.39795562e+13  3.72e+08 3.30e+06  1.04e+12    14s
   1  -1.89231427e+15  3.29038972e+13  1.38e+08 6.07e+06  3.88e+11    14s
   2  -4.07277221e+14  3.01958903e+13  3.00e+07 1.39e+06  8.71e+10    14s
   3  -9.64388628e+13  1.91307747e+13  7.11e+06 2.98e-08  2.09e+10    14s
   4  -6.59190596e+12  1.28799143e+13  4.86e+05 2.62e-08  1.45e+09    14s
   5  -9.41294460e+11  4.60871091e+12  6.92e+04 2.25e-08  2.16e+08    14s
   6  -1.94001735e+11  3.20409241e+12  1.43e+04 2.51e-08  5.06e+07    14s
   7  -1.39723800e+11  2.49718016e+12  1.04e+04 2.42e-08  3.63e+07    14s
   8  -1.17553557e+11  2.09515889e+12  8.74e+03 2.98e-08  3.01e+07    14s
   9  -2.07923427e+10  1.51077817e+12  1.72e+03 2.33e-08  8.41e+06    15s
  10  -1.41843633e+10  8.10394861e+11  1.24e+03 2.05e-08  4.88e+06    15s
  11  -4.63865704e+08  3.79028894e+11  2.41e+02 2.14e-08  1.43e+06    15s
  12   1.51480390e+09  1.93504443e+11  9.60e+01 1.77e-08  6.52e+05    15s
  13   1.77987138e+09  1.29670787e+11  7.71e+01 3.03e-08  4.53e+05    15s
  14   2.39018075e+09  7.72079969e+10  3.51e+01 3.38e-08  2.50e+05    15s
  15   2.62305690e+09  4.60553479e+10  1.95e+01 5.03e-08  1.47e+05    15s
  16   2.79195460e+09  3.21283900e+10  8.35e+00 6.71e-08  9.40e+04    15s
  17   2.87342351e+09  2.51763268e+10  4.30e+00 7.81e-08  6.75e+04    15s
  18   2.90487980e+09  1.85682524e+10  2.87e+00 9.59e-08  4.82e+04    16s
  19   2.91977788e+09  1.42503046e+10  2.22e+00 2.49e-07  3.66e+04    16s
  20   2.93014642e+09  1.27344434e+10  1.71e+00 1.91e-07  3.10e+04    16s
  21   2.94997706e+09  1.17475715e+10  1.25e+00 2.09e-07  2.65e+04    16s
  22   2.96744671e+09  7.68274663e+09  8.86e-01 1.33e-07  1.47e+04    16s
  23   2.96953454e+09  6.98335622e+09  8.61e-01 1.84e-07  1.27e+04    16s
  24   3.01270543e+09  6.43302880e+09  4.93e-01 1.95e-07  9.96e+03    16s
  25   3.06744954e+09  4.68457365e+09  1.85e-01 1.43e-07  4.37e+03    16s
  26   3.09885787e+09  4.04258811e+09  9.13e-02 1.28e-07  2.45e+03    16s
  27   3.11843763e+09  3.55713500e+09  4.56e-02 7.64e-08  1.11e+03    17s
  28   3.12968495e+09  3.45687333e+09  3.02e-02 5.68e-08  8.23e+02    17s
  29   3.13888039e+09  3.44290324e+09  2.21e-02 5.68e-08  7.61e+02    17s
  30   3.14188276e+09  3.39582785e+09  2.07e-02 4.10e-08  6.35e+02    17s
  31   3.15131287e+09  3.37874691e+09  1.53e-02 4.66e-08  5.67e+02    17s
  32   3.15572828e+09  3.32783863e+09  1.34e-02 3.35e-08  4.29e+02    17s
  33   3.16515944e+09  3.30217308e+09  9.34e-03 2.89e-08  3.40e+02    17s
  34   3.17232931e+09  3.28773330e+09  6.51e-03 2.61e-08  2.86e+02    17s
  35   3.17766115e+09  3.25992605e+09  4.81e-03 1.77e-08  2.04e+02    17s
  36   3.18295656e+09  3.25073832e+09  3.29e-03 1.49e-08  1.68e+02    17s
  37   3.18442680e+09  3.23979625e+09  2.94e-03 1.77e-08  1.37e+02    18s
  38   3.18502186e+09  3.23635440e+09  2.80e-03 2.05e-08  1.27e+02    18s
  39   3.18813003e+09  3.22764109e+09  2.11e-03 1.49e-08  9.77e+01    18s
  40   3.19024734e+09  3.22150440e+09  1.70e-03 1.30e-08  7.72e+01    18s
  41   3.19267043e+09  3.21739604e+09  1.27e-03 1.49e-08  6.11e+01    18s
  42   3.19474187e+09  3.21433682e+09  9.78e-04 1.21e-08  4.84e+01    18s
  43   3.19653140e+09  3.21170416e+09  7.21e-04 1.21e-08  3.75e+01    18s
  44   3.19811704e+09  3.21028861e+09  5.31e-04 9.78e-09  3.00e+01    18s
  45   3.19894151e+09  3.20942197e+09  4.53e-04 9.31e-09  2.59e+01    19s
  46   3.19959144e+09  3.20812857e+09  3.83e-04 1.19e-08  2.11e+01    19s
  47   3.20031908e+09  3.20741700e+09  3.14e-04 9.31e-09  1.75e+01    19s
  48   3.20110735e+09  3.20649000e+09  2.39e-04 8.85e-09  1.33e+01    19s
  49   3.20182596e+09  3.20590930e+09  1.70e-04 1.14e-08  1.01e+01    19s
  50   3.20236221e+09  3.20557799e+09  1.19e-04 7.80e-09  7.94e+00    19s
  51   3.20269150e+09  3.20498328e+09  9.30e-05 8.15e-09  5.66e+00    19s
  52   3.20298571e+09  3.20464656e+09  7.10e-05 7.45e-09  4.10e+00    19s
  53   3.20318257e+09  3.20459159e+09  5.63e-05 1.02e-08  3.48e+00    20s
  54   3.20355763e+09  3.20432067e+09  2.78e-05 7.45e-09  1.88e+00    20s
  55   3.20374233e+09  3.20416892e+09  1.41e-05 7.45e-09  1.05e+00    20s
  56   3.20378062e+09  3.20408439e+09  1.15e-05 5.59e-09  7.50e-01    20s
  57   3.20385358e+09  3.20404643e+09  6.46e-06 4.66e-09  4.76e-01    20s
  58   3.20389472e+09  3.20399288e+09  3.58e-06 4.66e-09  2.42e-01    20s
  59   3.20392950e+09  3.20396395e+09  1.38e-06 8.15e-09  8.50e-02    20s
  60   3.20394049e+09  3.20395437e+09  6.71e-07 7.45e-09  3.43e-02    20s
  61   3.20395037e+09  3.20395252e+09  6.69e-07 6.64e-09  5.29e-03    20s
  62   3.20395173e+09  3.20395175e+09  6.45e-09 6.17e-09  5.72e-05    20s
  63   3.20395174e+09  3.20395174e+09  3.12e-08 7.45e-09  3.57e-10    21s

Barrier solved model in 63 iterations and 20.54 seconds (20.47 work units)
Optimal objective 3.20395174e+09


Root crossover log...

    5567 DPushes remaining with DInf 0.0000000e+00                21s
       0 DPushes remaining with DInf 0.0000000e+00                21s

     454 PPushes remaining with PInf 0.0000000e+00                21s
       0 PPushes remaining with PInf 0.0000000e+00                21s

  Push phase complete: Pinf 0.0000000e+00, Dinf 2.9918098e-08     21s


Root simplex log...

Iteration    Objective       Primal Inf.    Dual Inf.      Time
    5955    3.2039517e+09   0.000000e+00   0.000000e+00     21s
Concurrent spin time: 0.01s

Solved with barrier
    5955    3.2039517e+09   0.000000e+00   0.000000e+00     21s

Root relaxation: objective 3.203952e+09, 5955 iterations, 8.33 seconds (5.29 work units)

    Nodes    |    Current Node    |     Objective Bounds      |     Work
 Expl Unexpl |  Obj  Depth IntInf | Incumbent    BestBd   Gap | It/Node Time

     0     0 3.2040e+09    0  174          - 3.2040e+09      -     -   21s
     0     0 3.2028e+09    0  177          - 3.2028e+09      -     -   28s
H    0     0                    3.002042e+09 3.2023e+09  6.67%     -   31s
     0     0 3.2023e+09    0  161 3.0020e+09 3.2023e+09  6.67%     -   32s
     0     0 3.2017e+09    0  162 3.0020e+09 3.2017e+09  6.65%     -   32s
H    0     0                    3.104266e+09 3.2017e+09  3.14%     -   35s
     0     0 3.2017e+09    0  159 3.1043e+09 3.2017e+09  3.14%     -   35s
     0     0 3.2017e+09    0  174 3.1043e+09 3.2017e+09  3.14%     -   39s
     0     0 3.2017e+09    0  183 3.1043e+09 3.2017e+09  3.14%     -   39s
     0     0 3.2017e+09    0  181 3.1043e+09 3.2017e+09  3.14%     -   40s
     0     0 3.2017e+09    0  186 3.1043e+09 3.2017e+09  3.14%     -   40s
     0     0 3.2014e+09    0  173 3.1043e+09 3.2014e+09  3.13%     -   43s
H    0     0                    3.118378e+09 3.2012e+09  2.66%     -   48s
     0     0 3.2012e+09    0  158 3.1184e+09 3.2012e+09  2.66%     -   48s
     0     0 3.2012e+09    0  172 3.1184e+09 3.2012e+09  2.66%     -   49s
     0     0 3.2012e+09    0  179 3.1184e+09 3.2012e+09  2.66%     -   50s
H    0     0                    3.147813e+09 3.2012e+09  1.70%     -   52s
     0     0 3.2012e+09    0  181 3.1478e+09 3.2012e+09  1.70%     -   52s
H    0     0                    3.152224e+09 3.2012e+09  1.55%     -   56s
     0     0 3.2012e+09    0  179 3.1522e+09 3.2012e+09  1.55%     -   56s
     0     0 3.2012e+09    0  180 3.1522e+09 3.2012e+09  1.55%     -   57s
     0     0 3.2007e+09    0  173 3.1522e+09 3.2007e+09  1.54%     -   59s
     0     0 3.2007e+09    0  177 3.1522e+09 3.2007e+09  1.54%     -   62s
     0     0 3.2007e+09    0  178 3.1522e+09 3.2007e+09  1.54%     -   62s
     0     0 3.2007e+09    0  174 3.1522e+09 3.2007e+09  1.54%     -   64s
     0     0 3.2007e+09    0  187 3.1522e+09 3.2007e+09  1.54%     -   65s
H    0     0                    3.153745e+09 3.2007e+09  1.49%     -   66s
     0     0 3.2007e+09    0  188 3.1537e+09 3.2007e+09  1.49%     -   66s
     0     0 3.2007e+09    0  194 3.1537e+09 3.2007e+09  1.49%     -   67s
H    0     0                    3.155628e+09 3.2007e+09  1.43%     -   68s
     0     0 3.2005e+09    0  184 3.1556e+09 3.2005e+09  1.42%     -   70s
     0     0 3.2005e+09    0  184 3.1556e+09 3.2005e+09  1.42%     -   73s
     0     0 3.2005e+09    0  184 3.1556e+09 3.2005e+09  1.42%     -   73s
     0     0 3.2002e+09    0  177 3.1556e+09 3.2002e+09  1.41%     -   75s
     0     0 3.2002e+09    0  191 3.1556e+09 3.2002e+09  1.41%     -   77s
     0     0 3.2002e+09    0  197 3.1556e+09 3.2002e+09  1.41%     -   77s
     0     0 3.2001e+09    0  188 3.1556e+09 3.2001e+09  1.41%     -   80s
H    0     0                    3.166128e+09 3.2001e+09  1.07%     -   82s
     0     0 3.2001e+09    0  193 3.1661e+09 3.2001e+09  1.07%     -   83s
     0     0 3.2001e+09    0  199 3.1661e+09 3.2001e+09  1.07%     -   84s
     0     0 3.2001e+09    0  198 3.1661e+09 3.2001e+09  1.07%     -   84s
     0     0 3.1999e+09    0  182 3.1661e+09 3.1999e+09  1.07%     -   86s
     0     0 3.1999e+09    0  192 3.1661e+09 3.1999e+09  1.07%     -   88s
     0     0 3.1999e+09    0  194 3.1661e+09 3.1999e+09  1.07%     -   88s
     0     0 3.1999e+09    0  199 3.1661e+09 3.1999e+09  1.07%     -   89s
     0     0 3.1999e+09    0  194 3.1661e+09 3.1999e+09  1.07%     -   91s
     0     0 3.1999e+09    0  202 3.1661e+09 3.1999e+09  1.07%     -   92s
     0     0 3.1999e+09    0  200 3.1661e+09 3.1999e+09  1.07%     -   93s
     0     0 3.1999e+09    0  200 3.1661e+09 3.1999e+09  1.07%     -   94s
     0     0 3.1999e+09    0  197 3.1661e+09 3.1999e+09  1.07%     -   95s
     0     0 3.1999e+09    0  205 3.1661e+09 3.1999e+09  1.07%     -   96s
     0     0 3.1997e+09    0  196 3.1661e+09 3.1997e+09  1.06%     -   97s
H    0     0                    3.166370e+09 3.1997e+09  1.05%     -  101s
     0     0 3.1997e+09    0  196 3.1664e+09 3.1997e+09  1.05%     -  101s
     0     0 3.1997e+09    0  197 3.1664e+09 3.1997e+09  1.05%     -  102s
     0     0 3.1997e+09    0  202 3.1664e+09 3.1997e+09  1.05%     -  102s
     0     0 3.1996e+09    0  206 3.1664e+09 3.1996e+09  1.05%     -  104s
     0     0 3.1996e+09    0  210 3.1664e+09 3.1996e+09  1.05%     -  106s
     0     0 3.1995e+09    0  197 3.1664e+09 3.1995e+09  1.05%     -  107s
     0     0 3.1995e+09    0  205 3.1664e+09 3.1995e+09  1.05%     -  110s
     0     0 3.1995e+09    0  208 3.1664e+09 3.1995e+09  1.05%     -  110s
     0     0 3.1995e+09    0  212 3.1664e+09 3.1995e+09  1.05%     -  111s
     0     0 3.1993e+09    0  214 3.1664e+09 3.1993e+09  1.04%     -  113s
     0     0 3.1993e+09    0  243 3.1664e+09 3.1993e+09  1.04%     -  115s
     0     0 3.1993e+09    0  246 3.1664e+09 3.1993e+09  1.04%     -  116s
     0     0 3.1993e+09    0  215 3.1664e+09 3.1993e+09  1.04%     -  117s
     0     0 3.1993e+09    0  216 3.1664e+09 3.1993e+09  1.04%     -  121s
     0     0 3.1993e+09    0  215 3.1664e+09 3.1993e+09  1.04%     -  121s
     0     0 3.1993e+09    0  224 3.1664e+09 3.1993e+09  1.04%     -  122s
     0     0 3.1992e+09    0  211 3.1664e+09 3.1992e+09  1.04%     -  123s
H    0     0                    3.170851e+09 3.1992e+09  0.90%     -  127s
     0     0 3.1992e+09    0  214 3.1709e+09 3.1992e+09  0.90%     -  127s

Cutting planes:
  Cover: 35
  Implied bound: 11
  Clique: 1
  MIR: 66
  Flow cover: 44
  GUB cover: 9
  Network: 61
  RLT: 4
  Relax-and-lift: 25

Explored 1 nodes (21456 simplex iterations) in 127.33 seconds (106.67 work units)
Thread count was 20 (of 40 available processors)

Solution count 10: 3.17085e+09 3.16637e+09 3.16613e+09 ... 3.00204e+09

Optimal solution found (tolerance 1.00e-02)
Best objective 3.170851137207e+09, best bound 3.199245035524e+09, gap 0.8955%
Gurobi Optimizer version 10.0.1 build v10.0.1rc0 (linux64)

CPU model: Intel(R) Xeon(R) Gold 5115 CPU @ 2.40GHz, instruction set [SSE2|AVX|AVX2|AVX512]
Thread count: 20 physical cores, 40 logical processors, using up to 20 threads

Optimize a model with 180678 rows, 1886277 columns and 10465305 nonzeros
Model fingerprint: 0xe3a64ab9
Variable types: 259703 continuous, 1626574 integer (1626574 binary)
Coefficient statistics:
  Matrix range     [1e+00, 2e+05]
  Objective range  [4e+01, 4e+07]
  Bounds range     [8e-11, 3e+05]
  RHS range        [1e+00, 7e+06]
Presolve removed 167744 rows and 1669025 columns (presolve time = 5s) ...
Presolve removed 168851 rows and 1697090 columns (presolve time = 10s) ...
Presolve removed 169323 rows and 1707994 columns
Presolve time: 12.35s
Presolved: 11355 rows, 178283 columns, 742466 nonzeros
Variable types: 103835 continuous, 74448 integer (74441 binary)
Deterministic concurrent LP optimizer: primal simplex, dual simplex, and barrier
Showing barrier log only...

Root barrier log...

Ordering time: 0.20s

Barrier statistics:
 AA' NZ     : 4.210e+05
 Factor NZ  : 2.377e+06 (roughly 100 MB of memory)
 Factor Ops : 2.253e+09 (less than 1 second per iteration)
 Threads    : 17

                  Objective                Residual
Iter       Primal          Dual         Primal    Dual     Compl     Time
   0  -2.83164926e+15  5.90748861e+12  1.47e+08 7.37e+05  7.56e+10    15s
   1  -1.52296177e+15  4.86289063e+12  7.92e+07 7.83e+05  4.12e+10    15s
   2  -1.99929077e+14  3.31167884e+12  1.05e+07 2.98e+04  5.70e+09    15s
   3  -2.11951896e+13  1.96317196e+12  1.11e+06 1.15e+01  6.09e+08    15s
   4  -4.66366949e+12  6.64638776e+11  2.45e+05 3.73e-09  1.39e+08    15s
   5  -9.05441735e+11  4.10594226e+11  4.75e+04 3.73e-09  2.77e+07    15s
   6  -2.85886781e+11  2.69866151e+11  1.51e+04 2.79e-09  9.12e+06    15s
   7  -7.26862398e+10  2.30336708e+11  3.96e+03 2.33e-09  2.80e+06    16s
   8  -2.08470662e+10  1.44821780e+11  1.26e+03 3.26e-09  1.03e+06    16s
   9  -1.16336438e+09  7.85206767e+10  2.34e+02 2.44e-09  3.16e+05    16s
  10   3.51445551e+07  4.67018955e+10  1.72e+02 2.50e-09  1.90e+05    16s
  11   9.49978306e+08  3.43245388e+10  1.26e+02 5.94e-09  1.35e+05    16s
  12   1.99317047e+09  2.36762999e+10  7.34e+01 1.57e-08  8.37e+04    16s
  13   2.80357763e+09  1.39033949e+10  3.41e+01 2.06e-08  4.16e+04    16s
  14   3.05569896e+09  9.15252925e+09  2.21e+01 9.08e-09  2.40e+04    16s
  15   3.30431699e+09  7.87913102e+09  1.06e+01 1.23e-08  1.64e+04    16s
  16   3.40466302e+09  6.74003126e+09  6.54e+00 1.70e-08  1.19e+04    16s
  17   3.44772755e+09  6.28166193e+09  5.03e+00 1.57e-08  1.01e+04    16s
  18   3.47932501e+09  5.90291775e+09  4.12e+00 1.96e-08  8.68e+03    16s
  19   3.52664430e+09  5.37098453e+09  2.74e+00 2.51e-08  6.59e+03    17s
  20   3.55033326e+09  4.81828633e+09  2.15e+00 2.33e-08  4.68e+03    17s
  21   3.58502967e+09  4.57073137e+09  1.44e+00 2.61e-08  3.47e+03    17s
  22   3.64030507e+09  4.31460597e+09  4.32e-01 2.37e-08  2.09e+03    17s
  23   3.66430448e+09  4.02099657e+09  2.01e-01 2.51e-08  1.07e+03    17s
  24   3.68777353e+09  3.92962380e+09  9.70e-02 1.96e-08  7.10e+02    17s
  25   3.69510004e+09  3.86823397e+09  8.11e-02 1.77e-08  5.09e+02    17s
  26   3.70384979e+09  3.84774379e+09  6.27e-02 1.49e-08  4.21e+02    17s
  27   3.70862932e+09  3.82311544e+09  5.34e-02 1.86e-08  3.35e+02    17s
  28   3.71346618e+09  3.79402124e+09  4.43e-02 1.30e-08  2.36e+02    17s
  29   3.73141297e+09  3.77256708e+09  1.74e-02 8.38e-09  1.20e+02    17s
  30   3.73739214e+09  3.76731636e+09  9.60e-03 8.38e-09  8.64e+01    18s
  31   3.74026920e+09  3.76248155e+09  7.11e-03 6.52e-09  6.41e+01    18s
  32   3.74055945e+09  3.76103462e+09  6.57e-03 6.64e-09  5.91e+01    18s
  33   3.74218588e+09  3.75867820e+09  4.90e-03 5.59e-09  4.75e+01    18s
  34   3.74333291e+09  3.75763644e+09  3.95e-03 6.90e-09  4.12e+01    18s
  35   3.74401561e+09  3.75629134e+09  3.45e-03 6.52e-09  3.53e+01    18s
  36   3.74536854e+09  3.75323747e+09  2.24e-03 5.59e-09  2.27e+01    18s
  37   3.74666610e+09  3.75190165e+09  1.05e-03 5.59e-09  1.50e+01    18s
  38   3.74723091e+09  3.75126569e+09  6.09e-04 6.52e-09  1.15e+01    18s
  39   3.74759845e+09  3.75074312e+09  3.63e-04 5.59e-09  8.98e+00    18s
  40   3.74774572e+09  3.75008292e+09  2.89e-04 6.05e-09  6.68e+00    18s
  41   3.74798449e+09  3.74956775e+09  1.81e-04 5.68e-09  4.52e+00    19s
  42   3.74809793e+09  3.74945351e+09  1.33e-04 6.46e-09  3.87e+00    19s
  43   3.74811421e+09  3.74938288e+09  1.26e-04 5.59e-09  3.62e+00    19s
  44   3.74816375e+09  3.74920047e+09  1.04e-04 6.46e-09  2.96e+00    19s
  45   3.74821641e+09  3.74914719e+09  8.28e-05 5.70e-09  2.66e+00    19s
  46   3.74829212e+09  3.74894790e+09  5.17e-05 5.41e-09  1.87e+00    19s
  47   3.74833216e+09  3.74856854e+09  3.62e-05 5.53e-09  6.78e-01    19s
  48   3.74839782e+09  3.74851007e+09  1.27e-05 4.83e-09  3.21e-01    19s
  49   3.74841223e+09  3.74846939e+09  7.44e-06 6.40e-09  1.64e-01    20s
  50   3.74842711e+09  3.74844998e+09  2.79e-06 5.12e-09  6.55e-02    20s
  51   3.74843210e+09  3.74843984e+09  1.25e-06 5.82e-09  2.22e-02    20s
  52   3.74843499e+09  3.74843945e+09  4.95e-07 5.01e-09  1.27e-02    20s
  53   3.74843540e+09  3.74843861e+09  2.05e-07 4.83e-09  9.15e-03    20s
  54   3.74843617e+09  3.74843636e+09  6.99e-08 6.52e-09  5.31e-04    20s
  55   3.74843618e+09  3.74843618e+09  2.91e-11 7.10e-09  5.44e-08    20s
  56   3.74843618e+09  3.74843618e+09  1.09e-10 5.59e-09  2.26e-10    20s

Barrier solved model in 56 iterations and 20.15 seconds (20.09 work units)
Optimal objective 3.74843618e+09


Root crossover log...

    5025 DPushes remaining with DInf 0.0000000e+00                20s
       0 DPushes remaining with DInf 0.0000000e+00                20s

     507 PPushes remaining with PInf 0.0000000e+00                20s
       0 PPushes remaining with PInf 0.0000000e+00                20s

  Push phase complete: Pinf 0.0000000e+00, Dinf 2.3663077e-08     20s


Root simplex log...

Iteration    Objective       Primal Inf.    Dual Inf.      Time
    5063    3.7484362e+09   0.000000e+00   0.000000e+00     20s
Concurrent spin time: 0.00s

Solved with barrier
    5063    3.7484362e+09   0.000000e+00   0.000000e+00     20s

Root relaxation: objective 3.748436e+09, 5063 iterations, 6.37 seconds (4.21 work units)

    Nodes    |    Current Node    |     Objective Bounds      |     Work
 Expl Unexpl |  Obj  Depth IntInf | Incumbent    BestBd   Gap | It/Node Time

     0     0 3.7484e+09    0  159          - 3.7484e+09      -     -   21s
H    0     0                    3.349532e+09 3.7484e+09  11.9%     -   22s
H    0     0                    3.653258e+09 3.7484e+09  2.61%     -   28s
H    0     0                    3.661230e+09 3.7484e+09  2.38%     -   30s
H    0     0                    3.668951e+09 3.7484e+09  2.17%     -   32s
     0     0 3.7480e+09    0  151 3.6690e+09 3.7480e+09  2.15%     -   37s
     0     0 3.7476e+09    0  152 3.6690e+09 3.7476e+09  2.14%     -   39s
     0     0 3.7476e+09    0  152 3.6690e+09 3.7476e+09  2.14%     -   39s
     0     0 3.7476e+09    0  152 3.6690e+09 3.7476e+09  2.14%     -   39s
     0     0 3.7476e+09    0  151 3.6690e+09 3.7476e+09  2.14%     -   40s
     0     0 3.7476e+09    0  151 3.6690e+09 3.7476e+09  2.14%     -   40s
     0     0 3.7476e+09    0  157 3.6690e+09 3.7476e+09  2.14%     -   42s
     0     0 3.7475e+09    0  157 3.6690e+09 3.7475e+09  2.14%     -   43s
     0     0 3.7475e+09    0  158 3.6690e+09 3.7475e+09  2.14%     -   44s
     0     0 3.7475e+09    0  158 3.6690e+09 3.7475e+09  2.14%     -   44s
     0     0 3.7468e+09    0  143 3.6690e+09 3.7468e+09  2.12%     -   47s
H    0     0                    3.679208e+09 3.7468e+09  1.84%     -   49s
     0     0 3.7468e+09    0  148 3.6792e+09 3.7468e+09  1.84%     -   51s
     0     0 3.7466e+09    0  149 3.6792e+09 3.7466e+09  1.83%     -   53s
     0     0 3.7465e+09    0  145 3.6792e+09 3.7465e+09  1.83%     -   55s
     0     0 3.7465e+09    0  150 3.6792e+09 3.7465e+09  1.83%     -   56s
     0     0 3.7465e+09    0  153 3.6792e+09 3.7465e+09  1.83%     -   56s
     0     0 3.7465e+09    0  155 3.6792e+09 3.7465e+09  1.83%     -   57s
H    0     0                    3.697026e+09 3.7465e+09  1.34%     -   58s
H    0     0                    3.697055e+09 3.7464e+09  1.34%     -   59s
     0     0 3.7464e+09    0  158 3.6971e+09 3.7464e+09  1.34%     -   59s
     0     0 3.7464e+09    0  165 3.6971e+09 3.7464e+09  1.34%     -   60s
     0     0 3.7464e+09    0  158 3.6971e+09 3.7464e+09  1.33%     -   61s
H    0     0                    3.699220e+09 3.7464e+09  1.28%     -   64s
H    0     0                    3.707487e+09 3.7464e+09  1.05%     -   65s
     0     0 3.7464e+09    0  164 3.7075e+09 3.7464e+09  1.05%     -   65s
     0     0 3.7464e+09    0  164 3.7075e+09 3.7464e+09  1.05%     -   65s
     0     0 3.7464e+09    0  157 3.7075e+09 3.7464e+09  1.05%     -   66s
     0     0 3.7464e+09    0  168 3.7075e+09 3.7464e+09  1.05%     -   67s
     0     0 3.7463e+09    0  173 3.7075e+09 3.7463e+09  1.05%     -   72s
H    0     0                    3.722413e+09 3.7463e+09  0.64%     -   74s
     0     0 3.7463e+09    0  177 3.7224e+09 3.7463e+09  0.64%     -   74s

Cutting planes:
  Cover: 18
  Implied bound: 8
  MIR: 48
  Flow cover: 43
  GUB cover: 3
  Network: 3
  RLT: 2
  Relax-and-lift: 18

Explored 1 nodes (12073 simplex iterations) in 75.20 seconds (61.39 work units)
Thread count was 20 (of 40 available processors)

Solution count 10: 3.72241e+09 3.70749e+09 3.69922e+09 ... 3.34953e+09

Optimal solution found (tolerance 1.00e-02)
Best objective 3.722412933078e+09, best bound 3.746334873252e+09, gap 0.6426%
Gurobi Optimizer version 10.0.1 build v10.0.1rc0 (linux64)

CPU model: Intel(R) Xeon(R) Gold 5115 CPU @ 2.40GHz, instruction set [SSE2|AVX|AVX2|AVX512]
Thread count: 20 physical cores, 40 logical processors, using up to 20 threads

Optimize a model with 182601 rows, 1892335 columns and 11256542 nonzeros
Model fingerprint: 0x1a16361e
Variable types: 38371 continuous, 1853964 integer (1853964 binary)
Coefficient statistics:
  Matrix range     [1e+00, 2e+05]
  Objective range  [4e+01, 4e+07]
  Bounds range     [4e-11, 3e+05]
  RHS range        [1e+00, 8e+06]
Presolve removed 176229 rows and 1863840 columns (presolve time = 5s) ...
Presolve removed 176226 rows and 1864258 columns
Presolve time: 6.91s
Presolved: 6375 rows, 28077 columns, 116020 nonzeros
Variable types: 2573 continuous, 25504 integer (25473 binary)
Deterministic concurrent LP optimizer: primal and dual simplex
Showing first log only...


Root simplex log...

Iteration    Objective       Primal Inf.    Dual Inf.      Time
       0    3.0618057e+09   1.757296e+05   1.600932e+13      8s
    3706    3.3397589e+09   0.000000e+00   8.848759e+09      8s
   17547    3.4655369e+09   0.000000e+00   0.000000e+00      9s
Concurrent spin time: 0.00s

Solved with primal simplex
   17547    3.4655369e+09   0.000000e+00   0.000000e+00      9s

Root relaxation: objective 3.465537e+09, 17547 iterations, 0.57 seconds (0.52 work units)

    Nodes    |    Current Node    |     Objective Bounds      |     Work
 Expl Unexpl |  Obj  Depth IntInf | Incumbent    BestBd   Gap | It/Node Time

     0     0 3.4655e+09    0  143          - 3.4655e+09      -     -    8s
H    0     0                    3.396242e+09 3.4655e+09  2.04%     -   10s
H    0     0                    3.397583e+09 3.4655e+09  2.00%     -   11s
     0     0 3.4651e+09    0  138 3.3976e+09 3.4651e+09  1.99%     -   12s
H    0     0                    3.424507e+09 3.4651e+09  1.19%     -   15s
H    0     0                    3.425060e+09 3.4649e+09  1.16%     -   15s
     0     0 3.4649e+09    0  116 3.4251e+09 3.4649e+09  1.16%     -   16s
     0     0 3.4649e+09    0  113 3.4251e+09 3.4649e+09  1.16%     -   16s
     0     0 3.4649e+09    0  110 3.4251e+09 3.4649e+09  1.16%     -   16s
     0     0 3.4649e+09    0  107 3.4251e+09 3.4649e+09  1.16%     -   16s
     0     0 3.4649e+09    0  111 3.4251e+09 3.4649e+09  1.16%     -   16s
     0     0 3.4622e+09    0  106 3.4251e+09 3.4622e+09  1.08%     -   16s
     0     0 3.4622e+09    0  110 3.4251e+09 3.4622e+09  1.08%     -   17s
     0     0 3.4622e+09    0  115 3.4251e+09 3.4622e+09  1.08%     -   17s
     0     0 3.4620e+09    0  112 3.4251e+09 3.4620e+09  1.08%     -   17s
     0     0 3.4617e+09    0  113 3.4251e+09 3.4617e+09  1.07%     -   18s
     0     0 3.4617e+09    0  114 3.4251e+09 3.4617e+09  1.07%     -   18s
H    0     0                    3.427908e+09 3.4617e+09  0.99%     -   18s

Cutting planes:
  Gomory: 1
  Lift-and-project: 6
  Cover: 14
  Implied bound: 21
  Clique: 2
  MIR: 29
  Flow cover: 49
  GUB cover: 1
  Network: 26
  RLT: 13
  Relax-and-lift: 17

Explored 1 nodes (19683 simplex iterations) in 18.73 seconds (12.86 work units)
Thread count was 20 (of 40 available processors)

Solution count 5: 3.42791e+09 3.42506e+09 3.42451e+09 ... 3.39624e+09

Optimal solution found (tolerance 1.00e-02)
Best objective 3.427908365188e+09, best bound 3.461722673509e+09, gap 0.9864%
