
Gurobi 10.0.1 (linux64) logging started Fri May 26 05:22:50 2023

Set parameter LogFile to value "logFiles/A-2L-E/A-2L-6U-51F-15V-365D/basic-05-26-2023, 05-22-H70-P50-O15.log"
Gurobi Optimizer version 10.0.1 build v10.0.1rc0 (linux64)

CPU model: Intel(R) Xeon(R) Gold 5115 CPU @ 2.40GHz, instruction set [SSE2|AVX|AVX2|AVX512]
Thread count: 20 physical cores, 40 logical processors, using up to 20 threads

Optimize a model with 53434 rows, 431842 columns and 1767927 nonzeros
Model fingerprint: 0xf64220cc
Variable types: 181013 continuous, 250829 integer (250829 binary)
Coefficient statistics:
  Matrix range     [1e+00, 2e+05]
  Objective range  [4e+01, 3e+07]
  Bounds range     [1e+00, 1e+00]
  RHS range        [1e+00, 2e+06]
Presolve removed 40266 rows and 19848 columns (presolve time = 5s) ...
Presolve removed 40249 rows and 19831 columns
Presolve time: 5.35s
Presolved: 13185 rows, 412011 columns, 1633181 nonzeros
Variable types: 171106 continuous, 240905 integer (240899 binary)
Deterministic concurrent LP optimizer: primal simplex, dual simplex, and barrier
Showing barrier log only...

Root barrier log...

Ordering time: 0.55s

Barrier statistics:
 AA' NZ     : 8.766e+05
 Factor NZ  : 6.664e+06 (roughly 230 MB of memory)
 Factor Ops : 1.219e+10 (less than 1 second per iteration)
 Threads    : 17

                  Objective                Residual
Iter       Primal          Dual         Primal    Dual     Compl     Time
   0  -1.81642984e+16  4.86398332e+13  8.41e+08 1.51e+07  2.71e+12     9s
   1  -4.51674766e+15  5.41979412e+13  2.09e+08 1.43e+07  6.81e+11     9s
   2  -1.05046244e+15  5.63698864e+13  5.03e+07 8.24e+06  1.66e+11     9s
   3  -4.23212925e+13  4.82617545e+13  2.21e+06 1.21e+05  7.47e+09     9s
   4  -5.72543776e+12  1.87841340e+13  2.99e+05 1.23e+03  1.02e+09    10s
   5  -1.89885939e+12  1.59879859e+13  9.89e+04 6.32e+02  3.53e+08    10s
   6  -2.62425477e+11  9.89391309e+12  1.40e+04 2.38e+02  5.83e+07    10s
   7  -1.39265550e+11  5.92593240e+12  7.55e+03 2.98e-08  3.02e+07    10s
   8  -1.09635010e+11  4.47775611e+12  5.99e+03 2.97e-08  2.27e+07    10s
   9  -5.68053738e+10  2.88824278e+12  3.27e+03 2.98e-08  1.22e+07    10s
  10  -9.17044220e+09  1.14789954e+12  6.75e+02 3.74e-08  2.95e+06    11s
  11  -3.33238043e+09  2.97376627e+11  3.53e+02 3.82e-08  1.05e+06    11s
  12   1.91083957e+09  1.36060787e+11  7.25e+01 4.31e-08  2.93e+05    11s
  13   2.58853838e+09  1.06074121e+11  3.84e+01 4.69e-08  1.89e+05    11s
  14   2.84253326e+09  6.66496245e+10  2.35e+01 5.55e-08  1.16e+05    11s
  15   3.02734783e+09  4.66976573e+10  1.07e+02 8.48e-08  7.43e+04    11s
  16   3.13144345e+09  3.16425890e+10  2.22e+02 1.32e-07  4.59e+04    12s
  17   3.14915184e+09  2.05323504e+10  2.33e+02 1.30e-07  3.06e+04    12s
  18   3.15315992e+09  1.79710185e+10  2.21e+02 1.56e-07  2.72e+04    12s
  19   3.16861718e+09  1.48295885e+10  2.20e+02 2.16e-07  2.18e+04    12s
  20   3.18782116e+09  1.16050343e+10  4.28e+01 2.28e-07  1.59e+04    12s
  21   3.24019368e+09  1.08817333e+10  3.29e+01 2.14e-07  1.23e+04    13s
  22   3.27825609e+09  8.10803539e+09  4.58e+01 2.26e-07  7.45e+03    13s
  23   3.31045161e+09  6.24096162e+09  2.63e+01 2.63e-07  4.30e+03    13s
  24   3.33599381e+09  5.32693427e+09  2.03e+01 2.68e-07  2.89e+03    13s
  25   3.35379771e+09  4.82959854e+09  1.76e+01 2.54e-07  2.15e+03    14s
  26   3.39084602e+09  4.58023869e+09  1.25e+01 2.49e-07  1.68e+03    14s
  27   3.41125496e+09  4.39893556e+09  1.07e+01 2.33e-07  1.39e+03    14s
  28   3.42810034e+09  4.23420991e+09  9.11e+00 2.81e-07  1.13e+03    14s
  29   3.46034868e+09  4.11750903e+09  6.62e+00 3.31e-07  8.98e+02    14s
  30   3.47891863e+09  3.99532367e+09  5.25e+00 3.01e-07  7.01e+02    15s
  31   3.49301464e+09  3.92346604e+09  4.29e+00 2.95e-07  5.80e+02    15s
  32   3.49938482e+09  3.84677965e+09  3.95e+00 2.72e-07  4.72e+02    15s
  33   3.52156456e+09  3.76407769e+09  2.82e+00 2.90e-07  3.27e+02    15s
  34   3.53634199e+09  3.72704058e+09  2.19e+00 2.56e-07  2.56e+02    16s
  35   3.54707910e+09  3.68455460e+09  1.76e+00 2.38e-07  1.86e+02    16s
  36   3.55818388e+09  3.65705649e+09  1.33e+00 3.13e-07  1.34e+02    16s
  37   3.56541149e+09  3.64360355e+09  1.10e+00 2.65e-07  1.06e+02    17s
  38   3.56757724e+09  3.64017097e+09  1.02e+00 3.09e-07  9.82e+01    17s
  39   3.57391093e+09  3.62842771e+09  8.33e-01 2.76e-07  7.42e+01    17s
  40   3.57611610e+09  3.62619432e+09  7.62e-01 2.61e-07  6.80e+01    17s
  41   3.58014764e+09  3.62424445e+09  6.38e-01 2.63e-07  5.96e+01    18s
  42   3.58068789e+09  3.61849365e+09  6.20e-01 2.39e-07  5.14e+01    18s
  43   3.58828518e+09  3.61645374e+09  3.89e-01 2.94e-07  3.76e+01    18s
  44   3.59155370e+09  3.61279859e+09  2.88e-01 2.74e-07  2.83e+01    18s
  45   3.59363499e+09  3.61005253e+09  2.32e-01 2.35e-07  2.19e+01    19s
  46   3.59454718e+09  3.60967183e+09  2.08e-01 2.52e-07  2.02e+01    19s
  47   3.59553423e+09  3.60859034e+09  1.84e-01 2.23e-07  1.74e+01    19s
  48   3.59628746e+09  3.60792513e+09  1.66e-01 1.92e-07  1.56e+01    19s
  49   3.59752069e+09  3.60706182e+09  1.36e-01 2.06e-07  1.27e+01    20s
  50   3.59819956e+09  3.60674524e+09  1.20e-01 1.99e-07  1.14e+01    20s
  51   3.59842509e+09  3.60613682e+09  1.15e-01 1.96e-07  1.03e+01    20s
  52   3.59915236e+09  3.60584989e+09  9.81e-02 1.68e-07  8.94e+00    20s
  53   3.59934028e+09  3.60580785e+09  9.37e-02 1.99e-07  8.63e+00    20s
  54   3.59987305e+09  3.60540085e+09  8.14e-02 1.96e-07  7.38e+00    21s
  55   3.60058904e+09  3.60506327e+09  6.56e-02 2.00e-07  5.97e+00    21s
  56   3.60135633e+09  3.60468906e+09  4.87e-02 1.68e-07  4.44e+00    21s
  57   3.60212514e+09  3.60435029e+09  3.23e-02 1.46e-07  2.97e+00    22s
  58   3.60241718e+09  3.60405010e+09  2.63e-02 1.70e-07  2.19e+00    22s
  59   3.60282961e+09  3.60395915e+09  1.77e-02 1.37e-07  1.51e+00    22s
  60   3.60304976e+09  3.60388191e+09  1.31e-02 1.52e-07  1.11e+00    22s
  61   3.60316792e+09  3.60382328e+09  1.06e-02 1.28e-07  8.79e-01    23s
  62   3.60327177e+09  3.60381435e+09  8.41e-03 1.31e-07  7.25e-01    23s
  63   3.60344571e+09  3.60374839e+09  4.84e-03 1.38e-07  4.05e-01    23s
  64   3.60355655e+09  3.60371642e+09  2.53e-03 1.58e-07  2.14e-01    23s
  65   3.60365887e+09  3.60369483e+09  3.63e-04 1.41e-07  4.66e-02    24s
  66   3.60367317e+09  3.60368773e+09  1.19e-04 1.21e-07  1.86e-02    24s
  67   3.60367678e+09  3.60368445e+09  5.36e-05 1.08e-07  9.79e-03    24s
  68   3.60367823e+09  3.60368351e+09  3.13e-05 1.44e-07  6.68e-03    24s
  69   3.60367856e+09  3.60368188e+09  2.57e-05 1.21e-07  4.26e-03    24s
  70   3.60367925e+09  3.60368027e+09  1.43e-05 1.46e-07  1.37e-03    25s
  71   3.60368014e+09  3.60368019e+09  4.20e-07 1.42e-07  5.69e-05    25s
  72   3.60368017e+09  3.60368017e+09  1.04e-07 1.79e-07  1.96e-08    25s
  73   3.60368017e+09  3.60368017e+09  4.33e-09 1.79e-07  4.46e-11    25s

Barrier solved model in 73 iterations and 25.27 seconds (23.34 work units)
Optimal objective 3.60368017e+09


Root crossover log...

   10380 DPushes remaining with DInf 0.0000000e+00                25s
       0 DPushes remaining with DInf 0.0000000e+00                26s

     931 PPushes remaining with PInf 0.0000000e+00                26s
       0 PPushes remaining with PInf 0.0000000e+00                26s

  Push phase complete: Pinf 0.0000000e+00, Dinf 1.9769995e+04     26s


Root simplex log...

Iteration    Objective       Primal Inf.    Dual Inf.      Time
   11310    3.6036802e+09   0.000000e+00   1.976999e+04     26s
   11314    3.6036802e+09   0.000000e+00   0.000000e+00     26s
Concurrent spin time: 0.06s

Solved with barrier
   11346    3.6036802e+09   0.000000e+00   0.000000e+00     26s
Extra simplex iterations after uncrush: 32

Root relaxation: objective 3.603680e+09, 11346 iterations, 19.51 seconds (14.96 work units)

    Nodes    |    Current Node    |     Objective Bounds      |     Work
 Expl Unexpl |  Obj  Depth IntInf | Incumbent    BestBd   Gap | It/Node Time

     0     0 3.6037e+09    0  265          - 3.6037e+09      -     -   27s
H    0     0                    3.525900e+09 3.6037e+09  2.21%     -   33s
H    0     0                    3.533505e+09 3.6037e+09  1.99%     -   34s
     0     0 3.6036e+09    0  251 3.5335e+09 3.6036e+09  1.98%     -   46s
H    0     0                    3.557928e+09 3.6036e+09  1.28%     -   61s
H    0     0                    3.562257e+09 3.6036e+09  1.16%     -   65s
     0     0 3.6035e+09    0  259 3.5623e+09 3.6035e+09  1.16%     -   69s
     0     0 3.6035e+09    0  261 3.5623e+09 3.6035e+09  1.16%     -   70s
     0     0 3.6035e+09    0  262 3.5623e+09 3.6035e+09  1.16%     -   70s
     0     0 3.6035e+09    0  251 3.5623e+09 3.6035e+09  1.16%     -   83s
H    0     0                    3.566284e+09 3.6035e+09  1.04%     -   91s
     0     0 3.6035e+09    0  266 3.5663e+09 3.6035e+09  1.04%     -   95s
     0     0 3.6035e+09    0  255 3.5663e+09 3.6035e+09  1.04%     -   97s
     0     0 3.6035e+09    0  256 3.5663e+09 3.6035e+09  1.04%     -   98s
     0     0 3.6033e+09    0  252 3.5663e+09 3.6033e+09  1.04%     -  114s
H    0     0                    3.566740e+09 3.6033e+09  1.03%     -  121s
     0     0 3.6033e+09    0  257 3.5667e+09 3.6033e+09  1.03%     -  124s
     0     0 3.6033e+09    0  259 3.5667e+09 3.6033e+09  1.03%     -  125s
     0     0 3.6033e+09    0  266 3.5667e+09 3.6033e+09  1.03%     -  130s
H    0     0                    3.571684e+09 3.6033e+09  0.89%     -  139s

Cutting planes:
  Cover: 8
  Implied bound: 39
  Clique: 1
  MIR: 27
  Flow cover: 35
  RLT: 6
  Relax-and-lift: 53

Explored 1 nodes (33383 simplex iterations) in 139.62 seconds (143.22 work units)
Thread count was 20 (of 40 available processors)

Solution count 7: 3.57168e+09 3.56674e+09 3.56628e+09 ... 3.5259e+09

Optimal solution found (tolerance 1.00e-02)
Best objective 3.571683767588e+09, best bound 3.603313168024e+09, gap 0.8856%
Gurobi Optimizer version 10.0.1 build v10.0.1rc0 (linux64)

CPU model: Intel(R) Xeon(R) Gold 5115 CPU @ 2.40GHz, instruction set [SSE2|AVX|AVX2|AVX512]
Thread count: 20 physical cores, 40 logical processors, using up to 20 threads

Optimize a model with 92836 rows, 810213 columns and 4083564 nonzeros
Model fingerprint: 0x3fab976c
Variable types: 268084 continuous, 542129 integer (542129 binary)
Coefficient statistics:
  Matrix range     [1e+00, 2e+05]
  Objective range  [4e+01, 4e+07]
  Bounds range     [1e+00, 3e+05]
  RHS range        [1e+00, 4e+06]
Presolve removed 77388 rows and 523878 columns (presolve time = 5s) ...
Presolve removed 77944 rows and 538479 columns (presolve time = 10s) ...
Presolve removed 77941 rows and 539758 columns
Presolve time: 12.22s
Presolved: 14895 rows, 270455 columns, 1122643 nonzeros
Variable types: 135246 continuous, 135209 integer (135196 binary)
Deterministic concurrent LP optimizer: primal simplex, dual simplex, and barrier
Showing barrier log only...

Root barrier log...

Ordering time: 0.32s

Barrier statistics:
 AA' NZ     : 6.229e+05
 Factor NZ  : 4.284e+06 (roughly 150 MB of memory)
 Factor Ops : 5.900e+09 (less than 1 second per iteration)
 Threads    : 17

                  Objective                Residual
Iter       Primal          Dual         Primal    Dual     Compl     Time
   0  -7.43303292e+15  3.75327177e+13  4.53e+08 3.65e+06  1.02e+12    15s
   1  -2.83628876e+15  3.45612235e+13  1.73e+08 1.59e+06  3.96e+11    15s
   2  -2.18257517e+14  2.69900368e+13  1.34e+07 1.72e+04  3.07e+10    15s
   3  -8.22442798e+12  1.53775085e+13  5.04e+05 2.60e-08  1.19e+09    16s
   4  -1.83512634e+12  3.84057326e+12  1.13e+05 2.24e-08  2.68e+08    16s
   5  -9.29334351e+11  2.37587346e+12  5.70e+04 1.87e-08  1.36e+08    16s
   6  -6.35131072e+11  1.98621202e+12  3.90e+04 1.51e-08  9.32e+07    16s
   7  -3.97110510e+11  1.61379172e+12  2.44e+04 1.50e-08  5.83e+07    16s
   8  -1.91921846e+11  1.32716422e+12  1.19e+04 1.49e-08  2.88e+07    16s
   9  -1.01481957e+11  9.92037237e+11  6.32e+03 1.50e-08  1.51e+07    16s
  10  -2.69768277e+10  7.92831961e+11  1.76e+03 1.50e-08  4.99e+06    17s
  11  -2.28486341e+10  4.28760381e+11  1.51e+03 1.58e-08  3.42e+06    17s
  12  -7.40033959e+09  2.41743397e+11  5.65e+02 1.77e-08  1.35e+06    17s
  13  -8.88145208e+08  1.94147033e+11  1.67e+02 2.29e-08  6.15e+05    17s
  14   8.41107596e+08  1.08801208e+11  6.10e+01 2.42e-08  2.86e+05    17s
  15   1.30489857e+09  7.51541456e+10  3.42e+01 2.39e-08  1.84e+05    17s
  16   1.48903099e+09  3.97004589e+10  2.36e+01 4.70e-08  1.03e+05    17s
  17   1.71704588e+09  2.67214149e+10  1.06e+01 3.94e-08  6.05e+04    17s
  18   1.76875019e+09  2.06080978e+10  7.87e+00 5.68e-08  4.57e+04    18s
  19   1.81970803e+09  1.90075700e+10  5.00e+00 7.24e-08  3.89e+04    18s
  20   1.83836319e+09  1.36335914e+10  3.90e+00 6.12e-08  2.77e+04    18s
  21   1.86186967e+09  1.00521327e+10  2.61e+00 8.20e-08  1.92e+04    18s
  22   1.87199672e+09  7.38863622e+09  2.25e+00 1.35e-07  1.36e+04    18s
  23   1.88484795e+09  6.60290918e+09  2.12e+00 1.20e-07  1.18e+04    18s
  24   1.91405199e+09  5.52304979e+09  1.70e+00 1.09e-07  8.92e+03    18s
  25   1.93612197e+09  4.73570901e+09  1.44e+00 1.04e-07  6.90e+03    19s
  26   1.96975622e+09  4.35439016e+09  1.07e+00 8.85e-08  5.62e+03    19s
  27   2.00326183e+09  3.80042950e+09  8.37e-01 8.20e-08  4.15e+03    19s
  28   2.01589754e+09  3.27376782e+09  7.32e-01 6.71e-08  2.93e+03    19s
  29   2.04070324e+09  3.00725296e+09  5.63e-01 5.31e-08  2.19e+03    19s
  30   2.04892946e+09  2.84513508e+09  5.07e-01 4.00e-08  1.80e+03    19s
  31   2.05889731e+09  2.74592045e+09  4.53e-01 3.17e-08  1.53e+03    20s
  32   2.08596452e+09  2.65110991e+09  2.98e-01 2.79e-08  1.20e+03    20s
  33   2.10406834e+09  2.60637785e+09  2.32e-01 2.98e-08  1.05e+03    20s
  34   2.12362795e+09  2.50780851e+09  1.60e-01 2.61e-08  7.78e+02    20s
  35   2.14052394e+09  2.39637247e+09  1.12e-01 2.14e-08  5.09e+02    20s
  36   2.14752781e+09  2.35574736e+09  9.70e-02 1.96e-08  4.12e+02    20s
  37   2.15183054e+09  2.33364482e+09  8.69e-02 1.58e-08  3.58e+02    21s
  38   2.16311277e+09  2.32144129e+09  6.39e-02 1.49e-08  3.09e+02    21s
  39   2.16858445e+09  2.29130386e+09  5.36e-02 1.30e-08  2.38e+02    21s
  40   2.17744960e+09  2.27532337e+09  3.73e-02 9.31e-09  1.88e+02    21s
  41   2.18118395e+09  2.26910872e+09  3.28e-02 1.12e-08  1.69e+02    21s
  42   2.18567433e+09  2.25303024e+09  2.67e-02 8.38e-09  1.29e+02    21s
  43   2.18665934e+09  2.24229299e+09  2.54e-02 7.57e-09  1.06e+02    21s
  44   2.19169187e+09  2.23707372e+09  1.93e-02 9.08e-09  8.65e+01    22s
  45   2.19768804e+09  2.22938709e+09  1.27e-02 7.92e-09  6.02e+01    22s
  46   2.19984681e+09  2.22410944e+09  1.06e-02 8.27e-09  4.61e+01    22s
  47   2.20204226e+09  2.22163193e+09  8.17e-03 8.15e-09  3.71e+01    22s
  48   2.20383644e+09  2.22038780e+09  6.48e-03 5.03e-09  3.13e+01    22s
  49   2.20405728e+09  2.21986727e+09  6.28e-03 5.59e-09  2.99e+01    22s
  50   2.20519730e+09  2.21931584e+09  5.22e-03 6.87e-09  2.67e+01    23s
  51   2.20553609e+09  2.21810368e+09  4.93e-03 7.92e-09  2.37e+01    23s
  52   2.20655993e+09  2.21726065e+09  4.07e-03 6.87e-09  2.02e+01    23s
  53   2.20678940e+09  2.21690028e+09  3.88e-03 7.57e-09  1.91e+01    23s
  54   2.20752420e+09  2.21619622e+09  3.29e-03 8.27e-09  1.64e+01    23s
  55   2.20856256e+09  2.21571032e+09  2.50e-03 9.98e-09  1.35e+01    23s
  56   2.20922324e+09  2.21509175e+09  2.03e-03 6.23e-09  1.10e+01    23s
  57   2.20942117e+09  2.21499021e+09  1.90e-03 7.22e-09  1.05e+01    24s
  58   2.21011122e+09  2.21451983e+09  1.50e-03 9.78e-09  8.30e+00    24s
  59   2.21060324e+09  2.21430700e+09  1.21e-03 1.27e-08  6.97e+00    24s
  60   2.21107738e+09  2.21416510e+09  9.52e-04 1.11e-08  5.81e+00    24s
  61   2.21144592e+09  2.21390904e+09  7.61e-04 7.10e-09  4.63e+00    24s
  62   2.21155892e+09  2.21376159e+09  6.98e-04 6.98e-09  4.14e+00    24s
  63   2.21194895e+09  2.21350949e+09  4.91e-04 6.52e-09  2.93e+00    25s
  64   2.21216057e+09  2.21340306e+09  3.91e-04 4.89e-09  2.34e+00    25s
  65   2.21240785e+09  2.21328099e+09  2.67e-04 3.73e-09  1.64e+00    25s
  66   2.21256009e+09  2.21321268e+09  1.94e-04 5.36e-09  1.23e+00    25s
  67   2.21261249e+09  2.21316308e+09  1.69e-04 5.94e-09  1.03e+00    25s
  68   2.21277685e+09  2.21309779e+09  9.09e-05 4.66e-09  6.03e-01    25s
  69   2.21287388e+09  2.21304881e+09  4.74e-05 3.73e-09  3.28e-01    26s
  70   2.21290198e+09  2.21304371e+09  3.57e-05 5.59e-09  2.66e-01    26s
  71   2.21295068e+09  2.21302608e+09  1.54e-05 5.82e-09  1.41e-01    26s
  72   2.21295662e+09  2.21301198e+09  1.30e-05 5.03e-09  1.04e-01    26s
  73   2.21297100e+09  2.21300429e+09  7.17e-06 3.73e-09  6.24e-02    26s
  74   2.21298170e+09  2.21299863e+09  2.93e-06 4.31e-09  3.17e-02    26s
  75   2.21298708e+09  2.21299347e+09  9.77e-07 4.66e-09  1.20e-02    26s
  76   2.21298926e+09  2.21299090e+09  1.80e-07 7.68e-09  3.08e-03    26s
  77   2.21298973e+09  2.21299012e+09  2.02e-08 5.59e-09  7.30e-04    27s
  78   2.21298981e+09  2.21298982e+09  5.51e-11 7.45e-09  1.90e-06    27s
  79   2.21298982e+09  2.21298982e+09  4.40e-09 5.59e-09  7.83e-11    27s

Barrier solved model in 79 iterations and 26.94 seconds (25.92 work units)
Optimal objective 2.21298982e+09


Root crossover log...

    7453 DPushes remaining with DInf 0.0000000e+00                27s
       0 DPushes remaining with DInf 0.0000000e+00                27s

     536 PPushes remaining with PInf 0.0000000e+00                27s
       0 PPushes remaining with PInf 0.0000000e+00                27s

  Push phase complete: Pinf 0.0000000e+00, Dinf 1.1000338e+04     27s


Root simplex log...

Iteration    Objective       Primal Inf.    Dual Inf.      Time
    7824    2.2129898e+09   0.000000e+00   1.100034e+04     27s
    7837    2.2129898e+09   0.000000e+00   0.000000e+00     27s
Concurrent spin time: 0.00s

Solved with barrier
    7837    2.2129898e+09   0.000000e+00   0.000000e+00     27s

Root relaxation: objective 2.212990e+09, 7837 iterations, 13.90 seconds (10.02 work units)

    Nodes    |    Current Node    |     Objective Bounds      |     Work
 Expl Unexpl |  Obj  Depth IntInf | Incumbent    BestBd   Gap | It/Node Time

     0     0 2.2130e+09    0  283          - 2.2130e+09      -     -   28s
H    0     0                    2.096445e+09 2.2130e+09  5.56%     -   42s
     0     0 2.2130e+09    0  283 2.0964e+09 2.2130e+09  5.56%     -   42s
     0     0 2.2130e+09    0  290 2.0964e+09 2.2130e+09  5.56%     -   64s
H    0     0                    2.106165e+09 2.2130e+09  5.07%     -   78s
     0     0 2.2125e+09    0  288 2.1062e+09 2.2125e+09  5.05%     -   91s
H    0     0                    2.119430e+09 2.2125e+09  4.39%     -  101s
     0     0 2.2121e+09    0  290 2.1194e+09 2.2121e+09  4.37%     -  107s
     0     0 2.2121e+09    0  292 2.1194e+09 2.2121e+09  4.37%     -  108s
     0     0 2.2118e+09    0  295 2.1194e+09 2.2118e+09  4.36%     -  116s
H    0     0                    2.125583e+09 2.2118e+09  4.06%     -  127s
     0     0 2.2116e+09    0  309 2.1256e+09 2.2116e+09  4.05%     -  131s
     0     0 2.2116e+09    0  306 2.1256e+09 2.2116e+09  4.05%     -  134s
     0     0 2.2116e+09    0  310 2.1256e+09 2.2116e+09  4.05%     -  135s
     0     0 2.2109e+09    0  301 2.1256e+09 2.2109e+09  4.01%     -  146s
     0     0 2.2109e+09    0  314 2.1256e+09 2.2109e+09  4.01%     -  151s
     0     0 2.2109e+09    0  318 2.1256e+09 2.2109e+09  4.01%     -  152s
     0     0 2.2107e+09    0  302 2.1256e+09 2.2107e+09  4.00%     -  161s
     0     0 2.2106e+09    0  312 2.1256e+09 2.2106e+09  4.00%     -  165s
     0     0 2.2106e+09    0  312 2.1256e+09 2.2106e+09  4.00%     -  166s
     0     0 2.2106e+09    0  304 2.1256e+09 2.2106e+09  4.00%     -  173s
     0     0 2.2106e+09    0  307 2.1256e+09 2.2106e+09  4.00%     -  178s
     0     0 2.2106e+09    0  306 2.1256e+09 2.2106e+09  4.00%     -  179s
     0     0 2.2099e+09    0  292 2.1256e+09 2.2099e+09  3.97%     -  184s
     0     0 2.2098e+09    0  310 2.1256e+09 2.2098e+09  3.96%     -  188s
     0     0 2.2098e+09    0  308 2.1256e+09 2.2098e+09  3.96%     -  189s
     0     0 2.2098e+09    0  320 2.1256e+09 2.2098e+09  3.96%     -  195s
H    0     0                    2.125884e+09 2.2098e+09  3.95%     -  203s
     0     0 2.2098e+09    0  323 2.1259e+09 2.2098e+09  3.95%     -  206s
     0     0 2.2098e+09    0  341 2.1259e+09 2.2098e+09  3.95%     -  207s
     0     0 2.2098e+09    0  339 2.1259e+09 2.2098e+09  3.95%     -  208s
     0     0 2.2096e+09    0  289 2.1259e+09 2.2096e+09  3.94%     -  221s
     0     0 2.2096e+09    0  285 2.1259e+09 2.2096e+09  3.94%     -  225s
     0     0 2.2096e+09    0  294 2.1259e+09 2.2096e+09  3.94%     -  229s
     0     0 2.2096e+09    0  300 2.1259e+09 2.2096e+09  3.94%     -  230s
     0     0 2.2095e+09    0  292 2.1259e+09 2.2095e+09  3.93%     -  238s
     0     0 2.2094e+09    0  297 2.1259e+09 2.2094e+09  3.93%     -  245s
     0     0 2.2094e+09    0  297 2.1259e+09 2.2094e+09  3.93%     -  248s
     0     0 2.2094e+09    0  294 2.1259e+09 2.2094e+09  3.93%     -  249s
     0     0 2.2093e+09    0  271 2.1259e+09 2.2093e+09  3.93%     -  255s
     0     0 2.2093e+09    0  283 2.1259e+09 2.2093e+09  3.92%     -  261s
     0     0 2.2093e+09    0  290 2.1259e+09 2.2093e+09  3.92%     -  263s
     0     0 2.2090e+09    0  293 2.1259e+09 2.2090e+09  3.91%     -  269s
H    0     0                    2.129311e+09 2.2090e+09  3.74%     -  279s
     0     0 2.2090e+09    0  278 2.1293e+09 2.2090e+09  3.74%     -  284s
     0     0 2.2090e+09    0  291 2.1293e+09 2.2090e+09  3.74%     -  287s
     0     0 2.2089e+09    0  287 2.1293e+09 2.2089e+09  3.74%     -  290s
     0     0 2.2089e+09    0  289 2.1293e+09 2.2089e+09  3.74%     -  292s
     0     0 2.2088e+09    0  272 2.1293e+09 2.2088e+09  3.73%     -  299s
H    0     0                    2.135284e+09 2.2088e+09  3.44%     -  311s
     0     0 2.2088e+09    0  271 2.1353e+09 2.2088e+09  3.44%     -  314s
     0     0 2.2088e+09    0  283 2.1353e+09 2.2088e+09  3.44%     -  315s
     0     0 2.2088e+09    0  302 2.1353e+09 2.2088e+09  3.44%     -  316s
     0     0 2.2088e+09    0  285 2.1353e+09 2.2088e+09  3.44%     -  320s
     0     0 2.2088e+09    0  296 2.1353e+09 2.2088e+09  3.44%     -  325s
     0     0 2.2088e+09    0  296 2.1353e+09 2.2088e+09  3.44%     -  325s
     0     0 2.2085e+09    0  263 2.1353e+09 2.2085e+09  3.43%     -  330s
     0     0 2.2084e+09    0  279 2.1353e+09 2.2084e+09  3.42%     -  338s
     0     0 2.2084e+09    0  296 2.1353e+09 2.2084e+09  3.42%     -  342s
     0     0 2.2084e+09    0  296 2.1353e+09 2.2084e+09  3.42%     -  344s
     0     0 2.2084e+09    0  295 2.1353e+09 2.2084e+09  3.42%     -  344s
     0     0 2.2084e+09    0  301 2.1353e+09 2.2084e+09  3.42%     -  350s
     0     0 2.2084e+09    0  292 2.1353e+09 2.2084e+09  3.42%     -  360s
     0     0 2.2083e+09    0  291 2.1353e+09 2.2083e+09  3.42%     -  364s
     0     0 2.2083e+09    0  297 2.1353e+09 2.2083e+09  3.42%     -  369s
     0     0 2.2083e+09    0  299 2.1353e+09 2.2083e+09  3.42%     -  370s
     0     0 2.2083e+09    0  295 2.1353e+09 2.2083e+09  3.42%     -  374s
     0     0 2.2083e+09    0  294 2.1353e+09 2.2083e+09  3.42%     -  377s
     0     0 2.2083e+09    0  296 2.1353e+09 2.2083e+09  3.42%     -  377s
     0     0 2.2083e+09    0  298 2.1353e+09 2.2083e+09  3.42%     -  380s
H    0     0                    2.135305e+09 2.2083e+09  3.42%     -  390s
     0     0 2.2083e+09    0  290 2.1353e+09 2.2083e+09  3.42%     -  391s
     0     0 2.2083e+09    0  298 2.1353e+09 2.2083e+09  3.42%     -  392s
     0     0 2.2083e+09    0  294 2.1353e+09 2.2083e+09  3.42%     -  398s
     0     0 2.2083e+09    0  292 2.1353e+09 2.2083e+09  3.42%     -  404s
     0     0 2.2083e+09    0  302 2.1353e+09 2.2083e+09  3.42%     -  406s
     0     0 2.2083e+09    0  307 2.1353e+09 2.2083e+09  3.42%     -  409s
     0     0 2.2083e+09    0  309 2.1353e+09 2.2083e+09  3.42%     -  412s
     0     0 2.2083e+09    0  310 2.1353e+09 2.2083e+09  3.42%     -  412s
     0     0 2.2083e+09    0  295 2.1353e+09 2.2083e+09  3.42%     -  418s
     0     0 2.2083e+09    0  306 2.1353e+09 2.2083e+09  3.42%     -  422s
     0     0 2.2083e+09    0  312 2.1353e+09 2.2083e+09  3.42%     -  426s
     0     0 2.2083e+09    0  324 2.1353e+09 2.2083e+09  3.42%     -  429s
     0     0 2.2083e+09    0  321 2.1353e+09 2.2083e+09  3.42%     -  433s
     0     0 2.2083e+09    0  320 2.1353e+09 2.2083e+09  3.42%     -  434s
     0     0 2.2083e+09    0  311 2.1353e+09 2.2083e+09  3.42%     -  440s
     0     0 2.2083e+09    0  315 2.1353e+09 2.2083e+09  3.42%     -  441s
     0     0 2.2082e+09    0  305 2.1353e+09 2.2082e+09  3.42%     -  444s
     0     0 2.2082e+09    0  310 2.1353e+09 2.2082e+09  3.42%     -  446s
     0     0 2.2082e+09    0  311 2.1353e+09 2.2082e+09  3.42%     -  450s
     0     0 2.2082e+09    0  311 2.1353e+09 2.2082e+09  3.42%     -  452s
H    0     0                    2.158204e+09 2.2082e+09  2.32%     -  543s
     0     2 2.2082e+09    0  308 2.1582e+09 2.2082e+09  2.32%     -  545s
     3     8 2.2082e+09    2  297 2.1582e+09 2.2082e+09  2.32%  1089  558s
     7    16 2.2082e+09    3  310 2.1582e+09 2.2082e+09  2.32%  1412  569s
    15    32 2.2082e+09    4  315 2.1582e+09 2.2082e+09  2.32%  1435  586s
H   31    52                    2.159119e+09 2.2082e+09  2.27%  1852  604s
H   44    52                    2.159292e+09 2.2082e+09  2.27%  1746  604s
    51    72 2.2082e+09    6  323 2.1593e+09 2.2082e+09  2.27%  1787  616s
    71    92 2.2082e+09    7  292 2.1593e+09 2.2082e+09  2.27%  1617  629s
H   91   112                    2.159673e+09 2.2082e+09  2.25%  1507  808s
H   92   112                    2.161738e+09 2.2082e+09  2.15%  1549  809s
H   93   112                    2.162547e+09 2.2082e+09  2.11%  1554  809s
H   93   112                    2.167064e+09 2.2082e+09  1.90%  1554  810s
H   95   112                    2.186089e+09 2.2082e+09  1.01%  1552  810s
   111   137 2.2082e+09    8  290 2.1861e+09 2.2082e+09  1.01%  1510  820s
   136   161 2.2082e+09    9  289 2.1861e+09 2.2082e+09  1.01%  1375  834s
   160   186 2.2082e+09    9  272 2.1861e+09 2.2082e+09  1.01%  1285  847s
   185   212 2.2081e+09   10  287 2.1861e+09 2.2082e+09  1.01%  1252  862s
   211   244 2.2081e+09   10  272 2.1861e+09 2.2082e+09  1.01%  1254  874s
   245   275 2.2081e+09   11  298 2.1861e+09 2.2082e+09  1.01%  1187  886s
   279   305 2.2081e+09   11  264 2.1861e+09 2.2082e+09  1.01%  1141  900s
   311   335 2.2081e+09   12  269 2.1861e+09 2.2082e+09  1.01%  1100  913s
   343   368 2.2081e+09   12  277 2.1861e+09 2.2082e+09  1.01%  1068  922s
   379   393 2.2081e+09   13  260 2.1861e+09 2.2082e+09  1.01%  1027  935s
   408   436 2.2081e+09   14  257 2.1861e+09 2.2082e+09  1.01%   986  948s
   456   476 2.2080e+09   15  255 2.1861e+09 2.2082e+09  1.01%   938  965s
   496   538 2.2073e+09   15  273 2.1861e+09 2.2082e+09  1.01%   930  980s
   558   599 2.2080e+09   16  258 2.1861e+09 2.2082e+09  1.01%   877  992s
   619   724 2.2072e+09   16  265 2.1861e+09 2.2082e+09  1.01%   840 1012s
   744   822 2.2080e+09   17  263 2.1861e+09 2.2082e+09  1.01%   762 1035s
   842   920 2.2080e+09   20  250 2.1861e+09 2.2082e+09  1.01%   728 1066s
   940  1062 2.2080e+09   23  241 2.1861e+09 2.2082e+09  1.01%   700 1085s
  1083  1247 2.2080e+09   25  244 2.1861e+09 2.2082e+09  1.01%   653 1108s
  1268  1437 2.2079e+09   29  252 2.1861e+09 2.2082e+09  1.01%   606 1130s
H 1311  1437                    2.186089e+09 2.2082e+09  1.01%   599 1131s
H 1317  1437                    2.186089e+09 2.2082e+09  1.01%   598 1131s
H 1350  1437                    2.186089e+09 2.2082e+09  1.01%   590 1132s
  1464  1668 2.2079e+09   33  239 2.1861e+09 2.2082e+09  1.01%   566 1155s
  1699  1878 2.2079e+09   38  248 2.1861e+09 2.2082e+09  1.01%   526 1179s
  1918  2084 2.2078e+09   43  261 2.1861e+09 2.2082e+09  1.01%   501 1198s
  2141  2290 2.2078e+09   44  256 2.1861e+09 2.2082e+09  1.01%   477 1223s
  2364  2487 2.2078e+09   47  253 2.1861e+09 2.2082e+09  1.01%   459 1244s
  2568  2766 2.2078e+09   52  250 2.1861e+09 2.2082e+09  1.01%   445 1265s
H 2866  2749                    2.189782e+09 2.2082e+09  0.84%   424 1334s
H 2869  2737                    2.190197e+09 2.2082e+09  0.82%   424 1335s
H 2870  2628                    2.194300e+09 2.2082e+09  0.63%   424 1335s

Cutting planes:
  Cover: 103
  Implied bound: 106
  Clique: 1
  MIR: 175
  Flow cover: 92
  GUB cover: 2
  Network: 2
  RLT: 12
  Relax-and-lift: 42

Explored 2912 nodes (1323220 simplex iterations) in 1336.07 seconds (1766.16 work units)
Thread count was 20 (of 40 available processors)

Solution count 10: 2.1943e+09 2.1902e+09 2.18978e+09 ... 2.15929e+09

Optimal solution found (tolerance 1.00e-02)
Best objective 2.194299718984e+09, best bound 2.208212357935e+09, gap 0.6340%
Gurobi Optimizer version 10.0.1 build v10.0.1rc0 (linux64)

CPU model: Intel(R) Xeon(R) Gold 5115 CPU @ 2.40GHz, instruction set [SSE2|AVX|AVX2|AVX512]
Thread count: 20 physical cores, 40 logical processors, using up to 20 threads

Optimize a model with 127668 rows, 1193209 columns and 6515426 nonzeros
Model fingerprint: 0x075418b5
Variable types: 288677 continuous, 904532 integer (904532 binary)
Coefficient statistics:
  Matrix range     [1e+00, 2e+05]
  Objective range  [4e+01, 4e+07]
  Bounds range     [2e-07, 3e+05]
  RHS range        [1e+00, 5e+06]
Presolve removed 112606 rows and 902763 columns (presolve time = 5s) ...
Presolve removed 113715 rows and 936318 columns (presolve time = 10s) ...
Presolve removed 113690 rows and 936293 columns
Presolve time: 11.83s
Presolved: 13978 rows, 256916 columns, 1063192 nonzeros
Variable types: 124287 continuous, 132629 integer (132618 binary)
Deterministic concurrent LP optimizer: primal simplex, dual simplex, and barrier
Showing barrier log only...

Root barrier log...

Ordering time: 0.30s

Barrier statistics:
 AA' NZ     : 5.881e+05
 Factor NZ  : 3.758e+06 (roughly 140 MB of memory)
 Factor Ops : 4.781e+09 (less than 1 second per iteration)
 Threads    : 17

                  Objective                Residual
Iter       Primal          Dual         Primal    Dual     Compl     Time
   0  -8.51106486e+15  1.40970296e+13  5.70e+08 2.72e+06  7.36e+11    15s
   1  -2.14000143e+15  1.63385845e+13  1.44e+08 3.39e+06  1.88e+11    15s
   2  -2.56070585e+14  1.55897653e+13  1.74e+07 2.75e+05  2.32e+10    15s
   3  -1.90652073e+13  1.12863647e+13  1.29e+06 6.00e+03  1.77e+09    15s
   4  -2.42850857e+12  5.72816446e+12  1.64e+05 8.27e+02  2.34e+08    16s
   5  -6.98122216e+11  2.81057204e+12  4.73e+04 3.30e+02  6.96e+07    16s
   6  -2.88025051e+11  2.09452898e+12  1.96e+04 2.07e+02  3.07e+07    16s
   7  -1.77770862e+11  1.13787075e+12  1.21e+04 6.13e+01  1.82e+07    16s
   8  -6.16636922e+10  9.01736444e+11  4.31e+03 6.72e+01  7.32e+06    16s
   9  -2.51708575e+10  6.84647947e+11  1.86e+03 4.55e+01  3.60e+06    16s
  10  -3.43175185e+09  2.94699448e+11  4.00e+02 7.88e+00  9.84e+05    16s
  11   8.82294802e+08  1.09030041e+11  1.09e+02 1.55e+00  3.05e+05    16s
  12   1.90193630e+09  5.15033051e+10  4.18e+01 6.51e-01  1.31e+05    16s
  13   2.28427447e+09  2.76752743e+10  1.83e+01 2.77e-01  6.42e+04    17s
  14   2.37684740e+09  1.79757840e+10  1.27e+01 1.42e-01  4.11e+04    17s
  15   2.39011008e+09  1.37722828e+10  1.19e+01 8.97e-02  3.27e+04    17s
  16   2.45529675e+09  1.20785720e+10  7.86e+00 7.91e-02  2.59e+04    17s
  17   2.47332650e+09  1.01101072e+10  6.55e+00 5.91e-02  2.13e+04    17s
  18   2.51995345e+09  8.80006185e+09  3.33e+00 4.82e-02  1.57e+04    17s
  19   2.54666225e+09  7.06027678e+09  2.07e+00 3.63e-02  1.10e+04    17s
  20   2.59270030e+09  5.64665933e+09  1.04e+00 2.79e-02  6.97e+03    17s
  21   2.59594496e+09  5.31782830e+09  1.01e+00 2.55e-02  6.25e+03    17s
  22   2.63363118e+09  4.39393445e+09  5.82e-01 1.48e-02  3.87e+03    18s
  23   2.65785830e+09  3.89077257e+09  4.04e-01 8.79e-03  2.65e+03    18s
  24   2.68588379e+09  3.57322008e+09  2.33e-01 5.92e-03  1.84e+03    18s
  25   2.70813893e+09  3.24700509e+09  1.59e-01 3.25e-03  1.11e+03    18s
  26   2.71375146e+09  3.14470151e+09  1.39e-01 2.51e-03  8.81e+02    18s
  27   2.72831718e+09  3.06287593e+09  9.12e-02 1.92e-03  6.76e+02    18s
  28   2.73535851e+09  3.04410574e+09  7.52e-02 4.41e-03  6.22e+02    18s
  29   2.74334108e+09  2.99577173e+09  6.17e-02 1.43e-03  5.07e+02    18s
  30   2.75699235e+09  2.95664460e+09  4.26e-02 1.15e-03  3.99e+02    19s
  31   2.76033760e+09  2.91586814e+09  3.81e-02 8.11e-04  3.10e+02    19s
  32   2.77874352e+09  2.88733942e+09  1.40e-02 6.17e-04  2.15e+02    19s
  33   2.78484168e+09  2.86172437e+09  9.33e-03 4.21e-04  1.52e+02    19s
  34   2.79006798e+09  2.83469969e+09  6.45e-03 1.87e-04  8.81e+01    19s
  35   2.79330024e+09  2.83016728e+09  4.90e-03 1.41e-04  7.28e+01    19s
  36   2.79495473e+09  2.82466050e+09  3.97e-03 1.19e-04  5.86e+01    19s
  37   2.79741343e+09  2.82001304e+09  3.09e-03 8.09e-05  4.46e+01    19s
  38   2.79966042e+09  2.81672731e+09  2.35e-03 5.56e-05  3.37e+01    20s
  39   2.80192127e+09  2.81399367e+09  1.72e-03 3.09e-05  2.38e+01    20s
  40   2.80331507e+09  2.81264721e+09  1.34e-03 1.93e-05  1.84e+01    20s
  41   2.80456260e+09  2.81219047e+09  9.99e-04 1.60e-05  1.50e+01    20s
  42   2.80494042e+09  2.81185079e+09  8.99e-04 1.42e-05  1.36e+01    20s
  43   2.80610787e+09  2.81102844e+09  5.90e-04 9.27e-06  9.70e+00    20s
  44   2.80678839e+09  2.81050087e+09  4.30e-04 6.45e-06  7.32e+00    20s
  45   2.80728136e+09  2.80983064e+09  3.20e-04 4.69e-06  5.03e+00    21s
  46   2.80763211e+09  2.80955545e+09  2.46e-04 3.39e-06  3.79e+00    21s
  47   2.80802031e+09  2.80932034e+09  1.62e-04 2.29e-06  2.56e+00    21s
  48   2.80832078e+09  2.80908468e+09  1.01e-04 6.77e-07  1.51e+00    21s
  49   2.80852366e+09  2.80900829e+09  5.87e-05 3.64e-07  9.55e-01    21s
  50   2.80860919e+09  2.80889617e+09  4.13e-05 6.05e-09  5.66e-01    21s
  51   2.80872918e+09  2.80885781e+09  1.78e-05 6.75e-09  2.54e-01    21s
  52   2.80878567e+09  2.80884230e+09  6.63e-06 3.73e-09  1.12e-01    21s
  53   2.80880461e+09  2.80883134e+09  2.98e-06 6.64e-09  5.27e-02    22s
  54   2.80881556e+09  2.80882613e+09  8.76e-07 5.12e-09  2.08e-02    22s
  55   2.80881842e+09  2.80882203e+09  7.95e-07 4.89e-09  7.13e-03    22s
  56   2.80882048e+09  2.80882106e+09  4.73e-07 6.52e-09  1.14e-03    22s
  57   2.80882095e+09  2.80882096e+09  2.05e-07 7.45e-09  2.13e-05    22s
  58   2.80882095e+09  2.80882095e+09  5.05e-09 7.68e-09  1.07e-08    22s
  59   2.80882095e+09  2.80882095e+09  1.64e-09 5.59e-09  1.08e-11    22s

Barrier solved model in 59 iterations and 22.27 seconds (25.12 work units)
Optimal objective 2.80882095e+09


Root crossover log...

    6695 DPushes remaining with DInf 0.0000000e+00                22s
       0 DPushes remaining with DInf 0.0000000e+00                22s

     457 PPushes remaining with PInf 0.0000000e+00                22s
       0 PPushes remaining with PInf 0.0000000e+00                22s

  Push phase complete: Pinf 0.0000000e+00, Dinf 1.6759934e+03     22s


Root simplex log...

Iteration    Objective       Primal Inf.    Dual Inf.      Time
    7070    2.8088209e+09   0.000000e+00   1.675993e+03     22s
    7088    2.8088209e+09   0.000000e+00   0.000000e+00     23s
Concurrent spin time: 0.00s

Solved with barrier
    7088    2.8088209e+09   0.000000e+00   0.000000e+00     23s

Root relaxation: objective 2.808821e+09, 7088 iterations, 9.06 seconds (6.74 work units)

    Nodes    |    Current Node    |     Objective Bounds      |     Work
 Expl Unexpl |  Obj  Depth IntInf | Incumbent    BestBd   Gap | It/Node Time

     0     0 2.8088e+09    0  239          - 2.8088e+09      -     -   23s
H    0     0                    2.720121e+09 2.8088e+09  3.26%     -   37s
     0     0 2.8082e+09    0  270 2.7201e+09 2.8082e+09  3.24%     -   47s
H    0     0                    2.733526e+09 2.8082e+09  2.73%     -   55s
     0     0 2.8069e+09    0  247 2.7335e+09 2.8069e+09  2.68%     -   58s
     0     0 2.8069e+09    0  251 2.7335e+09 2.8069e+09  2.68%     -   61s
     0     0 2.8069e+09    0  253 2.7335e+09 2.8069e+09  2.68%     -   61s
     0     0 2.8067e+09    0  265 2.7335e+09 2.8067e+09  2.68%     -   69s
H    0     0                    2.740644e+09 2.8067e+09  2.41%     -   76s
     0     0 2.8066e+09    0  278 2.7406e+09 2.8066e+09  2.41%     -   80s
     0     0 2.8066e+09    0  262 2.7406e+09 2.8066e+09  2.41%     -   81s
     0     0 2.8066e+09    0  277 2.7406e+09 2.8066e+09  2.41%     -   82s
     0     0 2.8066e+09    0  273 2.7406e+09 2.8066e+09  2.41%     -   84s
     0     0 2.8066e+09    0  282 2.7406e+09 2.8066e+09  2.41%     -   84s
     0     0 2.8061e+09    0  285 2.7406e+09 2.8061e+09  2.39%     -   91s
H    0     0                    2.741875e+09 2.8061e+09  2.34%     -   97s
     0     0 2.8061e+09    0  285 2.7419e+09 2.8061e+09  2.34%     -   99s
     0     0 2.8061e+09    0  292 2.7419e+09 2.8061e+09  2.34%     -  100s
     0     0 2.8060e+09    0  270 2.7419e+09 2.8060e+09  2.34%     -  106s
     0     0 2.8059e+09    0  284 2.7419e+09 2.8059e+09  2.34%     -  110s
     0     0 2.8059e+09    0  285 2.7419e+09 2.8059e+09  2.34%     -  110s
     0     0 2.8056e+09    0  287 2.7419e+09 2.8056e+09  2.32%     -  118s
H    0     0                    2.741928e+09 2.8056e+09  2.32%     -  124s
     0     0 2.8055e+09    0  294 2.7419e+09 2.8055e+09  2.32%     -  126s
     0     0 2.8055e+09    0  302 2.7419e+09 2.8055e+09  2.32%     -  127s
     0     0 2.8055e+09    0  300 2.7419e+09 2.8055e+09  2.32%     -  128s
     0     0 2.8052e+09    0  296 2.7419e+09 2.8052e+09  2.31%     -  135s
H    0     0                    2.747337e+09 2.8052e+09  2.10%     -  143s
     0     0 2.8052e+09    0  297 2.7473e+09 2.8052e+09  2.10%     -  144s
     0     0 2.8052e+09    0  292 2.7473e+09 2.8052e+09  2.10%     -  145s
     0     0 2.8051e+09    0  288 2.7473e+09 2.8051e+09  2.10%     -  151s
     0     0 2.8051e+09    0  297 2.7473e+09 2.8051e+09  2.10%     -  153s
     0     0 2.8051e+09    0  301 2.7473e+09 2.8051e+09  2.10%     -  154s
     0     0 2.8051e+09    0  297 2.7473e+09 2.8051e+09  2.10%     -  154s
     0     0 2.8051e+09    0  290 2.7473e+09 2.8051e+09  2.10%     -  155s
     0     0 2.8042e+09    0  293 2.7473e+09 2.8042e+09  2.07%     -  162s
     0     0 2.8041e+09    0  308 2.7473e+09 2.8041e+09  2.07%     -  165s
     0     0 2.8041e+09    0  295 2.7473e+09 2.8041e+09  2.07%     -  167s
     0     0 2.8041e+09    0  300 2.7473e+09 2.8041e+09  2.07%     -  168s
     0     0 2.8033e+09    0  300 2.7473e+09 2.8033e+09  2.04%     -  175s
     0     0 2.8033e+09    0  322 2.7473e+09 2.8033e+09  2.04%     -  178s
     0     0 2.8032e+09    0  341 2.7473e+09 2.8032e+09  2.03%     -  184s
     0     0 2.8032e+09    0  351 2.7473e+09 2.8032e+09  2.03%     -  187s
     0     0 2.8032e+09    0  350 2.7473e+09 2.8032e+09  2.03%     -  187s
     0     0 2.8030e+09    0  314 2.7473e+09 2.8030e+09  2.02%     -  193s
     0     0 2.8030e+09    0  313 2.7473e+09 2.8030e+09  2.02%     -  196s
     0     0 2.8027e+09    0  305 2.7473e+09 2.8027e+09  2.01%     -  202s
     0     0 2.8027e+09    0  309 2.7473e+09 2.8027e+09  2.01%     -  205s
     0     0 2.8027e+09    0  329 2.7473e+09 2.8027e+09  2.01%     -  210s
     0     0 2.8026e+09    0  329 2.7473e+09 2.8026e+09  2.01%     -  213s
     0     0 2.8026e+09    0  331 2.7473e+09 2.8026e+09  2.01%     -  213s
     0     0 2.8026e+09    0  319 2.7473e+09 2.8026e+09  2.01%     -  220s
     0     0 2.8025e+09    0  317 2.7473e+09 2.8025e+09  2.01%     -  223s
     0     0 2.8025e+09    0  319 2.7473e+09 2.8025e+09  2.01%     -  223s
     0     0 2.8024e+09    0  295 2.7473e+09 2.8024e+09  2.00%     -  228s
     0     0 2.8024e+09    0  300 2.7473e+09 2.8024e+09  2.00%     -  232s
     0     0 2.8023e+09    0  299 2.7473e+09 2.8023e+09  2.00%     -  233s
     0     0 2.8023e+09    0  306 2.7473e+09 2.8023e+09  2.00%     -  238s
     0     0 2.8023e+09    0  309 2.7473e+09 2.8023e+09  2.00%     -  241s
     0     0 2.8023e+09    0  312 2.7473e+09 2.8023e+09  2.00%     -  241s
     0     0 2.8023e+09    0  308 2.7473e+09 2.8023e+09  2.00%     -  246s
     0     0 2.8023e+09    0  308 2.7473e+09 2.8023e+09  2.00%     -  249s
     0     0 2.8020e+09    0  315 2.7473e+09 2.8020e+09  1.99%     -  256s
H    0     0                    2.749999e+09 2.8020e+09  1.89%     -  261s
     0     0 2.8019e+09    0  318 2.7500e+09 2.8019e+09  1.89%     -  262s
     0     0 2.8019e+09    0  333 2.7500e+09 2.8019e+09  1.89%     -  263s
     0     0 2.8019e+09    0  335 2.7500e+09 2.8019e+09  1.89%     -  264s
     0     0 2.8019e+09    0  341 2.7500e+09 2.8019e+09  1.89%     -  270s
     0     0 2.8019e+09    0  339 2.7500e+09 2.8019e+09  1.89%     -  274s
     0     0 2.8019e+09    0  338 2.7500e+09 2.8019e+09  1.89%     -  274s
     0     0 2.8019e+09    0  323 2.7500e+09 2.8019e+09  1.89%     -  280s
     0     0 2.8019e+09    0  330 2.7500e+09 2.8019e+09  1.89%     -  281s
     0     0 2.8018e+09    0  337 2.7500e+09 2.8018e+09  1.89%     -  282s
     0     0 2.8018e+09    0  338 2.7500e+09 2.8018e+09  1.89%     -  282s
     0     0 2.8009e+09    0  311 2.7500e+09 2.8009e+09  1.85%     -  289s
H    0     0                    2.750367e+09 2.8009e+09  1.84%     -  295s
     0     0 2.8008e+09    0  315 2.7504e+09 2.8008e+09  1.83%     -  296s
     0     0 2.8008e+09    0  327 2.7504e+09 2.8008e+09  1.83%     -  297s
     0     0 2.8007e+09    0  297 2.7504e+09 2.8007e+09  1.83%     -  303s
     0     0 2.8007e+09    0  307 2.7504e+09 2.8007e+09  1.83%     -  307s
     0     0 2.8007e+09    0  299 2.7504e+09 2.8007e+09  1.83%     -  309s
     0     0 2.8007e+09    0  305 2.7504e+09 2.8007e+09  1.83%     -  309s
     0     0 2.8006e+09    0  322 2.7504e+09 2.8006e+09  1.83%     -  316s
     0     0 2.8006e+09    0  319 2.7504e+09 2.8006e+09  1.83%     -  319s
     0     0 2.8006e+09    0  335 2.7504e+09 2.8006e+09  1.83%     -  320s
     0     0 2.8005e+09    0  324 2.7504e+09 2.8005e+09  1.82%     -  326s
     0     0 2.8005e+09    0  315 2.7504e+09 2.8005e+09  1.82%     -  329s
     0     0 2.8005e+09    0  317 2.7504e+09 2.8005e+09  1.82%     -  329s
     0     0 2.8005e+09    0  320 2.7504e+09 2.8005e+09  1.82%     -  334s
     0     0 2.8005e+09    0  330 2.7504e+09 2.8005e+09  1.82%     -  339s
     0     0 2.8005e+09    0  331 2.7504e+09 2.8005e+09  1.82%     -  340s
     0     0 2.8004e+09    0  319 2.7504e+09 2.8004e+09  1.82%     -  346s
     0     0 2.8004e+09    0  339 2.7504e+09 2.8004e+09  1.82%     -  349s
     0     0 2.8004e+09    0  333 2.7504e+09 2.8004e+09  1.82%     -  356s
     0     0 2.8004e+09    0  332 2.7504e+09 2.8004e+09  1.82%     -  360s
     0     0 2.8004e+09    0  308 2.7504e+09 2.8004e+09  1.82%     -  365s
H    0     0                    2.752339e+09 2.8004e+09  1.75%     -  377s
     0     0 2.8004e+09    0  336 2.7523e+09 2.8004e+09  1.75%     -  377s
     0     0 2.8004e+09    0  339 2.7523e+09 2.8004e+09  1.75%     -  378s
     0     0 2.8003e+09    0  346 2.7523e+09 2.8003e+09  1.74%     -  384s
     0     0 2.8003e+09    0  348 2.7523e+09 2.8003e+09  1.74%     -  390s
     0     0 2.8003e+09    0  341 2.7523e+09 2.8003e+09  1.74%     -  391s
     0     0 2.8003e+09    0  345 2.7523e+09 2.8003e+09  1.74%     -  396s
     0     0 2.8003e+09    0  353 2.7523e+09 2.8003e+09  1.74%     -  398s
     0     0 2.8003e+09    0  350 2.7523e+09 2.8003e+09  1.74%     -  402s
     0     0 2.8003e+09    0  344 2.7523e+09 2.8003e+09  1.74%     -  404s
H    0     0                    2.756799e+09 2.8003e+09  1.58%     -  460s
     0     2 2.8003e+09    0  337 2.7568e+09 2.8003e+09  1.58%     -  463s
     1     4 2.8003e+09    1  337 2.7568e+09 2.8003e+09  1.58%  1883  465s
     3     8 2.8003e+09    2  336 2.7568e+09 2.8003e+09  1.58%   922  471s
     7    16 2.8003e+09    3  349 2.7568e+09 2.8003e+09  1.58%   880  479s
    15    32 2.8003e+09    4  351 2.7568e+09 2.8003e+09  1.58%   942  488s
H   31    52                    2.756813e+09 2.8003e+09  1.58%  1027  506s
H   32    52                    2.757503e+09 2.8003e+09  1.55%  1010  506s
H   34    52                    2.759636e+09 2.8003e+09  1.47%  1010  507s
H   40    52                    2.763771e+09 2.8003e+09  1.32%   963  507s
    51    72 2.8002e+09    6  340 2.7638e+09 2.8003e+09  1.32%   930  515s
    71    92 2.8002e+09    7  338 2.7638e+09 2.8003e+09  1.32%   870  524s
    91   112 2.8001e+09    8  329 2.7638e+09 2.8003e+09  1.32%   828  635s
H   98   112                    2.765556e+09 2.8003e+09  1.25%   790  636s
H  100   112                    2.768657e+09 2.8003e+09  1.14%   780  636s
H  111   132                    2.770831e+09 2.8003e+09  1.06%   725  652s
H  112   132                    2.771049e+09 2.8003e+09  1.05%   724  653s
H  114   132                    2.776938e+09 2.8003e+09  0.84%   717  653s

Cutting planes:
  Cover: 84
  Implied bound: 81
  Clique: 2
  MIR: 158
  Flow cover: 116
  GUB cover: 25
  Network: 173
  RLT: 18
  Relax-and-lift: 90

Explored 131 nodes (145381 simplex iterations) in 654.17 seconds (738.96 work units)
Thread count was 20 (of 40 available processors)

Solution count 10: 2.77694e+09 2.77105e+09 2.77083e+09 ... 2.7568e+09

Optimal solution found (tolerance 1.00e-02)
Best objective 2.776937649419e+09, best bound 2.800253913908e+09, gap 0.8396%
Gurobi Optimizer version 10.0.1 build v10.0.1rc0 (linux64)

CPU model: Intel(R) Xeon(R) Gold 5115 CPU @ 2.40GHz, instruction set [SSE2|AVX|AVX2|AVX512]
Thread count: 20 physical cores, 40 logical processors, using up to 20 threads

Optimize a model with 179980 rows, 1651930 columns and 10521542 nonzeros
Model fingerprint: 0x50dbdc5c
Variable types: 365345 continuous, 1286585 integer (1286585 binary)
Coefficient statistics:
  Matrix range     [1e+00, 2e+05]
  Objective range  [4e+01, 4e+07]
  Bounds range     [2e-11, 3e+05]
  RHS range        [1e+00, 7e+06]
Presolve removed 163657 rows and 1335144 columns (presolve time = 5s) ...
Presolve removed 163779 rows and 1336302 columns (presolve time = 10s) ...
Presolve removed 164361 rows and 1349351 columns
Presolve time: 14.78s
Presolved: 15619 rows, 302579 columns, 1283192 nonzeros
Variable types: 183377 continuous, 119202 integer (119189 binary)
Deterministic concurrent LP optimizer: primal simplex, dual simplex, and barrier
Showing barrier log only...

Root barrier log...

Ordering time: 0.39s

Barrier statistics:
 AA' NZ     : 7.297e+05
 Factor NZ  : 4.501e+06 (roughly 160 MB of memory)
 Factor Ops : 5.991e+09 (less than 1 second per iteration)
 Threads    : 17

                  Objective                Residual
Iter       Primal          Dual         Primal    Dual     Compl     Time
   0  -1.41509171e+16  1.83945359e+12  5.94e+08 5.77e+04  8.81e+10    18s
   1  -6.40189002e+15  2.07140324e+12  2.69e+08 3.80e+05  4.03e+10    19s
   2  -6.07131534e+14  1.95220508e+12  2.56e+07 9.46e+03  4.00e+09    19s
   3  -1.39168586e+13  1.24362245e+12  5.87e+05 1.16e+02  9.39e+07    19s
   4  -1.40434261e+12  3.13720331e+11  5.92e+04 1.18e+01  9.80e+06    19s
   5  -4.68852149e+11  1.51969054e+11  1.98e+04 2.99e+00  3.31e+06    19s
   6  -1.85512347e+11  1.07260878e+11  7.93e+03 3.47e-01  1.37e+06    19s
   7  -1.01890551e+11  8.30059215e+10  4.42e+03 1.05e-09  7.73e+05    19s
   8  -3.31048805e+10  5.88968083e+10  1.53e+03 1.05e-09  3.02e+05    19s
   9  -4.78537876e+09  3.29985043e+10  3.36e+02 1.05e-09  9.14e+04    20s
  10   4.07381169e+08  1.46598224e+10  1.22e+02 1.34e-09  3.23e+04    20s
  11   2.29586366e+09  7.13031192e+09  4.80e+01 2.15e-09  1.11e+04    20s
  12   2.65075095e+09  6.50751276e+09  3.44e+01 2.68e-09  8.64e+03    20s
  13   3.02327993e+09  5.92602686e+09  2.06e+01 3.14e-09  6.17e+03    20s
  14   3.14409199e+09  5.23603504e+09  1.62e+01 3.52e-09  4.58e+03    20s
  15   3.29583480e+09  4.97234997e+09  1.12e+01 4.43e-09  3.55e+03    20s
  16   3.34686185e+09  4.74341920e+09  9.80e+00 5.36e-09  2.99e+03    21s
  17   3.38263147e+09  4.46996219e+09  8.76e+00 6.52e-09  2.44e+03    21s
  18   3.44062277e+09  4.29153480e+09  6.99e+00 8.03e-09  1.94e+03    21s
  19   3.49317720e+09  4.19171931e+09  5.67e+00 6.34e-09  1.59e+03    21s
  20   3.53647313e+09  4.09207434e+09  4.55e+00 7.22e-09  1.27e+03    21s
  21   3.56006066e+09  4.06675032e+09  3.96e+00 6.27e-09  1.14e+03    21s
  22   3.60267245e+09  3.98061601e+09  2.91e+00 5.12e-09  8.44e+02    22s
  23   3.62562576e+09  3.92320439e+09  2.36e+00 4.63e-09  6.64e+02    22s
  24   3.65684850e+09  3.85112753e+09  1.63e+00 4.86e-09  4.32e+02    22s
  25   3.69254677e+09  3.82144040e+09  8.61e-01 3.96e-09  2.71e+02    22s
  26   3.71434467e+09  3.79738826e+09  4.85e-01 4.05e-09  1.68e+02    22s
  27   3.73076132e+09  3.78122622e+09  2.64e-01 3.35e-09  9.86e+01    23s
  28   3.73812367e+09  3.77301940e+09  1.79e-01 3.88e-09  6.72e+01    23s
  29   3.73995109e+09  3.77276323e+09  1.60e-01 4.42e-09  6.28e+01    23s
  30   3.74325353e+09  3.76834267e+09  1.23e-01 4.19e-09  4.75e+01    23s
  31   3.74645775e+09  3.76513231e+09  9.01e-02 3.20e-09  3.49e+01    23s
  32   3.74913350e+09  3.76176997e+09  6.61e-02 3.55e-09  2.36e+01    23s
  33   3.75145205e+09  3.76035400e+09  4.47e-02 3.73e-09  1.65e+01    23s
  34   3.75323477e+09  3.75958130e+09  2.87e-02 4.54e-09  1.16e+01    24s
  35   3.75406530e+09  3.75879040e+09  2.20e-02 3.67e-09  8.61e+00    24s
  36   3.75443924e+09  3.75848852e+09  1.91e-02 3.61e-09  7.38e+00    24s
  37   3.75530027e+09  3.75836460e+09  1.26e-02 4.37e-09  5.52e+00    24s
  38   3.75551098e+09  3.75806277e+09  1.11e-02 4.48e-09  4.62e+00    24s
  39   3.75590765e+09  3.75788773e+09  8.10e-03 3.75e-09  3.56e+00    25s
  40   3.75629861e+09  3.75763973e+09  5.25e-03 3.96e-09  2.40e+00    25s
  41   3.75655806e+09  3.75751574e+09  3.61e-03 3.96e-09  1.71e+00    25s
  42   3.75678504e+09  3.75740154e+09  2.19e-03 3.67e-09  1.10e+00    25s
  43   3.75682216e+09  3.75735801e+09  1.97e-03 3.42e-09  9.56e-01    25s
  44   3.75695634e+09  3.75730129e+09  1.20e-03 3.75e-09  6.14e-01    25s
  45   3.75699954e+09  3.75725604e+09  9.43e-04 2.33e-09  4.59e-01    26s
  46   3.75706320e+09  3.75720590e+09  5.73e-04 2.97e-09  2.57e-01    26s
  47   3.75711196e+09  3.75719225e+09  2.91e-04 3.26e-09  1.44e-01    26s
  48   3.75714773e+09  3.75717114e+09  8.13e-05 3.61e-09  4.19e-02    26s
  49   3.75715453e+09  3.75716619e+09  4.65e-05 2.71e-09  2.11e-02    26s
  50   3.75715984e+09  3.75716433e+09  1.85e-05 2.56e-09  8.19e-03    27s
  51   3.75716145e+09  3.75716376e+09  1.07e-05 3.49e-09  4.26e-03    27s
  52   3.75716335e+09  3.75716369e+09  1.71e-06 3.38e-09  6.29e-04    27s
  53   3.75716366e+09  3.75716366e+09  4.85e-07 3.75e-09  5.24e-06    27s
  54   3.75716366e+09  3.75716366e+09  1.11e-09 3.49e-09  1.01e-09    27s

Barrier solved model in 54 iterations and 27.12 seconds (32.44 work units)
Optimal objective 3.75716366e+09


Root crossover log...

    8077 DPushes remaining with DInf 0.0000000e+00                27s
       0 DPushes remaining with DInf 0.0000000e+00                27s

     572 PPushes remaining with PInf 0.0000000e+00                27s
       0 PPushes remaining with PInf 0.0000000e+00                27s

  Push phase complete: Pinf 0.0000000e+00, Dinf 3.8987589e-08     27s


Root simplex log...

Iteration    Objective       Primal Inf.    Dual Inf.      Time
    8312    3.7571637e+09   0.000000e+00   0.000000e+00     27s
Concurrent spin time: 0.00s

Solved with barrier
    8312    3.7571637e+09   0.000000e+00   0.000000e+00     28s

Root relaxation: objective 3.757164e+09, 8312 iterations, 10.78 seconds (8.03 work units)

    Nodes    |    Current Node    |     Objective Bounds      |     Work
 Expl Unexpl |  Obj  Depth IntInf | Incumbent    BestBd   Gap | It/Node Time

     0     0 3.7572e+09    0  229          - 3.7572e+09      -     -   28s
     0     0 3.7567e+09    0  249          - 3.7567e+09      -     -   41s
H    0     0                    3.637948e+09 3.7567e+09  3.26%     -   47s
H    0     0                    3.644837e+09 3.7567e+09  3.07%     -   48s
     0     0 3.7567e+09    0  252 3.6448e+09 3.7567e+09  3.07%     -   50s
     0     0 3.7567e+09    0  254 3.6448e+09 3.7567e+09  3.07%     -   51s
     0     0 3.7567e+09    0  257 3.6448e+09 3.7567e+09  3.07%     -   51s
     0     0 3.7565e+09    0  276 3.6448e+09 3.7565e+09  3.06%     -   59s
     0     0 3.7565e+09    0  278 3.6448e+09 3.7565e+09  3.06%     -   65s
     0     0 3.7565e+09    0  282 3.6448e+09 3.7565e+09  3.06%     -   66s
     0     0 3.7564e+09    0  280 3.6448e+09 3.7564e+09  3.06%     -   73s
     0     0 3.7564e+09    0  263 3.6448e+09 3.7564e+09  3.06%     -   79s
     0     0 3.7564e+09    0  266 3.6448e+09 3.7564e+09  3.06%     -   79s
     0     0 3.7564e+09    0  272 3.6448e+09 3.7564e+09  3.06%     -   84s
     0     0 3.7564e+09    0  273 3.6448e+09 3.7564e+09  3.06%     -   88s
     0     0 3.7564e+09    0  280 3.6448e+09 3.7564e+09  3.06%     -   89s
     0     0 3.7564e+09    0  281 3.6448e+09 3.7564e+09  3.06%     -   90s
     0     0 3.7563e+09    0  282 3.6448e+09 3.7563e+09  3.06%     -   97s
     0     0 3.7563e+09    0  295 3.6448e+09 3.7563e+09  3.06%     -  102s
     0     0 3.7563e+09    0  297 3.6448e+09 3.7563e+09  3.06%     -  102s
     0     0 3.7563e+09    0  283 3.6448e+09 3.7563e+09  3.06%     -  108s
     0     0 3.7563e+09    0  291 3.6448e+09 3.7563e+09  3.06%     -  110s
     0     0 3.7563e+09    0  287 3.6448e+09 3.7563e+09  3.06%     -  112s
     0     0 3.7563e+09    0  285 3.6448e+09 3.7563e+09  3.06%     -  118s
     0     0 3.7563e+09    0  285 3.6448e+09 3.7563e+09  3.06%     -  122s
     0     0 3.7563e+09    0  289 3.6448e+09 3.7563e+09  3.06%     -  125s
     0     0 3.7563e+09    0  293 3.6448e+09 3.7563e+09  3.06%     -  125s
     0     0 3.7562e+09    0  312 3.6448e+09 3.7562e+09  3.06%     -  132s
     0     0 3.7562e+09    0  313 3.6448e+09 3.7562e+09  3.06%     -  135s
     0     0 3.7562e+09    0  308 3.6448e+09 3.7562e+09  3.06%     -  136s
     0     0 3.7562e+09    0  297 3.6448e+09 3.7562e+09  3.05%     -  141s
     0     0 3.7562e+09    0  310 3.6448e+09 3.7562e+09  3.05%     -  144s
     0     0 3.7561e+09    0  313 3.6448e+09 3.7561e+09  3.05%     -  150s
     0     0 3.7561e+09    0  312 3.6448e+09 3.7561e+09  3.05%     -  153s
     0     0 3.7561e+09    0  316 3.6448e+09 3.7561e+09  3.05%     -  153s
     0     0 3.7561e+09    0  316 3.6448e+09 3.7561e+09  3.05%     -  154s
     0     0 3.7561e+09    0  318 3.6448e+09 3.7561e+09  3.05%     -  155s
     0     0 3.7561e+09    0  299 3.6448e+09 3.7561e+09  3.05%     -  161s
H    0     0                    3.650455e+09 3.7561e+09  2.89%     -  165s
     0     0 3.7561e+09    0  309 3.6505e+09 3.7561e+09  2.89%     -  166s
     0     0 3.7561e+09    0  309 3.6505e+09 3.7561e+09  2.89%     -  167s
     0     0 3.7560e+09    0  300 3.6505e+09 3.7560e+09  2.89%     -  172s
     0     0 3.7560e+09    0  310 3.6505e+09 3.7560e+09  2.89%     -  175s
     0     0 3.7560e+09    0  307 3.6505e+09 3.7560e+09  2.89%     -  181s
     0     0 3.7560e+09    0  305 3.6505e+09 3.7560e+09  2.89%     -  184s
     0     0 3.7560e+09    0  305 3.6505e+09 3.7560e+09  2.89%     -  184s
     0     0 3.7560e+09    0  297 3.6505e+09 3.7560e+09  2.89%     -  190s
     0     0 3.7560e+09    0  304 3.6505e+09 3.7560e+09  2.89%     -  192s
     0     0 3.7560e+09    0  311 3.6505e+09 3.7560e+09  2.89%     -  193s
     0     0 3.7560e+09    0  309 3.6505e+09 3.7560e+09  2.89%     -  194s
     0     0 3.7560e+09    0  310 3.6505e+09 3.7560e+09  2.89%     -  194s
     0     0 3.7559e+09    0  304 3.6505e+09 3.7559e+09  2.89%     -  199s
     0     0 3.7559e+09    0  309 3.6505e+09 3.7559e+09  2.89%     -  202s
     0     0 3.7559e+09    0  302 3.6505e+09 3.7559e+09  2.89%     -  205s
     0     0 3.7559e+09    0  312 3.6505e+09 3.7559e+09  2.89%     -  207s
     0     0 3.7559e+09    0  312 3.6505e+09 3.7559e+09  2.89%     -  211s
     0     0 3.7559e+09    0  309 3.6505e+09 3.7559e+09  2.89%     -  216s
     0     0 3.7559e+09    0  298 3.6505e+09 3.7559e+09  2.89%     -  218s
H    0     0                    3.667845e+09 3.7559e+09  2.40%     -  261s
     0     2 3.7559e+09    0  294 3.6678e+09 3.7559e+09  2.40%     -  267s
     1     4 3.7559e+09    1  293 3.6678e+09 3.7559e+09  2.40%  1271  273s
     3     8 3.7559e+09    2  304 3.6678e+09 3.7559e+09  2.40%  1214  287s
     7    16 3.7559e+09    3  308 3.6678e+09 3.7559e+09  2.40%  1772  297s
    15    32 3.7558e+09    4  302 3.6678e+09 3.7558e+09  2.40%  1460  315s
    31    52 3.7557e+09    5  327 3.6678e+09 3.7558e+09  2.40%  1743  336s
H   33    52                    3.668104e+09 3.7558e+09  2.39%  1649  336s
H   36    52                    3.668159e+09 3.7558e+09  2.39%  1585  337s
H   39    52                    3.670785e+09 3.7558e+09  2.32%  1544  337s
    51    72 3.7557e+09    6  307 3.6708e+09 3.7557e+09  2.31%  1442  353s
    71    92 3.7557e+09    7  299 3.6708e+09 3.7557e+09  2.31%  1383  364s
    91   112 3.7557e+09    8  321 3.6708e+09 3.7557e+09  2.31%  1255  461s
H   92   112                    3.685896e+09 3.7557e+09  1.89%  1241  461s
H  102   112                    3.703200e+09 3.7557e+09  1.42%  1169  462s
   111   134 3.7546e+09    9  299 3.7032e+09 3.7557e+09  1.42%  1137  472s
   133   157 3.7555e+09    9  292 3.7032e+09 3.7557e+09  1.42%  1071  488s
   156   179 3.7554e+09   10  285 3.7032e+09 3.7557e+09  1.42%  1048  504s
   178   205 3.7554e+09   11  265 3.7032e+09 3.7557e+09  1.42%  1013  515s
H  204   225                    3.708325e+09 3.7557e+09  1.28%   951  562s
H  205   225                    3.712230e+09 3.7557e+09  1.17%   949  562s
H  210   225                    3.727714e+09 3.7557e+09  0.75%   934  563s

Cutting planes:
  Cover: 109
  Implied bound: 84
  Clique: 3
  MIR: 162
  Flow cover: 113
  GUB cover: 1
  Zero half: 1
  Network: 46
  RLT: 16
  Relax-and-lift: 36

Explored 224 nodes (242325 simplex iterations) in 563.71 seconds (718.75 work units)
Thread count was 20 (of 40 available processors)

Solution count 10: 3.72771e+09 3.71223e+09 3.70832e+09 ... 3.65045e+09

Optimal solution found (tolerance 1.00e-02)
Best objective 3.727713508695e+09, best bound 3.755735738884e+09, gap 0.7517%
Gurobi Optimizer version 10.0.1 build v10.0.1rc0 (linux64)

CPU model: Intel(R) Xeon(R) Gold 5115 CPU @ 2.40GHz, instruction set [SSE2|AVX|AVX2|AVX512]
Thread count: 20 physical cores, 40 logical processors, using up to 20 threads

Optimize a model with 194033 rows, 1657852 columns and 11290315 nonzeros
Model fingerprint: 0x873d2c23
Variable types: 29887 continuous, 1627965 integer (1627965 binary)
Coefficient statistics:
  Matrix range     [1e+00, 2e+05]
  Objective range  [4e+01, 4e+07]
  Bounds range     [7e-16, 3e+05]
  RHS range        [1e+00, 8e+06]
Presolve removed 185161 rows and 1601888 columns (presolve time = 5s) ...
Presolve removed 185158 rows and 1602237 columns
Presolve time: 7.26s
Presolved: 8875 rows, 55615 columns, 236935 nonzeros
Variable types: 3329 continuous, 52286 integer (52281 binary)
Deterministic concurrent LP optimizer: primal and dual simplex
Showing first log only...


Root simplex log...

Iteration    Objective       Primal Inf.    Dual Inf.      Time
       0    3.2439948e+09   6.345376e+05   2.658429e+14      8s
   51730    3.4587017e+09   0.000000e+00   5.446324e+11     10s
   66513    3.4594790e+09   0.000000e+00   0.000000e+00     11s
Concurrent spin time: 0.09s

Solved with primal simplex
   66513    3.4594790e+09   0.000000e+00   0.000000e+00     11s

Root relaxation: objective 3.459479e+09, 66513 iterations, 2.34 seconds (2.66 work units)

    Nodes    |    Current Node    |     Objective Bounds      |     Work
 Expl Unexpl |  Obj  Depth IntInf | Incumbent    BestBd   Gap | It/Node Time

     0     0 3.4595e+09    0  198          - 3.4595e+09      -     -   11s
H    0     0                    3.406142e+09 3.4595e+09  1.57%     -   17s
H    0     0                    3.409807e+09 3.4595e+09  1.46%     -   20s
     0     0 3.4589e+09    0  190 3.4098e+09 3.4589e+09  1.44%     -   24s
H    0     0                    3.422541e+09 3.4589e+09  1.06%     -   30s
H    0     0                    3.432439e+09 3.4588e+09  0.77%     -   31s
H    0     0                    3.434117e+09 3.4588e+09  0.72%     -   31s
     0     0 3.4588e+09    0  183 3.4341e+09 3.4588e+09  0.72%     -   31s

Cutting planes:
  Gomory: 4
  Cover: 6
  Implied bound: 14
  Clique: 3
  MIR: 33
  Flow cover: 22
  GUB cover: 2
  Network: 16
  RLT: 13
  Relax-and-lift: 6

Explored 1 nodes (68726 simplex iterations) in 31.55 seconds (23.10 work units)
Thread count was 20 (of 40 available processors)

Solution count 5: 3.43412e+09 3.43244e+09 3.42254e+09 ... 3.40614e+09

Optimal solution found (tolerance 1.00e-02)
Best objective 3.434117185749e+09, best bound 3.458753819417e+09, gap 0.7174%
