
Gurobi 10.0.1 (linux64) logging started Tue May 23 14:35:21 2023

Set parameter LogFile to value "logFiles/A-2L-E/A-2L-6U-51F-15V-365D/basic-05-23-2023, 14-35-H60-P60-O30.log"
Gurobi Optimizer version 10.0.1 build v10.0.1rc0 (linux64)

CPU model: Intel(R) Xeon(R) Gold 5115 CPU @ 2.40GHz, instruction set [SSE2|AVX|AVX2|AVX512]
Thread count: 20 physical cores, 40 logical processors, using up to 20 threads

Optimize a model with 53412 rows, 431841 columns and 1924130 nonzeros
Model fingerprint: 0xa11f981c
Variable types: 156911 continuous, 274930 integer (274930 binary)
Coefficient statistics:
  Matrix range     [1e+00, 2e+05]
  Objective range  [4e+01, 3e+07]
  Bounds range     [1e+00, 1e+00]
  RHS range        [1e+00, 2e+06]
Presolve removed 40213 rows and 22198 columns (presolve time = 5s) ...
Presolve removed 40196 rows and 22181 columns
Presolve time: 7.34s
Presolved: 13216 rows, 409660 columns, 1768331 nonzeros
Variable types: 145496 continuous, 264164 integer (264158 binary)
Deterministic concurrent LP optimizer: primal simplex, dual simplex, and barrier
Showing barrier log only...

Root barrier log...

Ordering time: 1.01s

Barrier statistics:
 AA' NZ     : 8.905e+05
 Factor NZ  : 6.504e+06 (roughly 220 MB of memory)
 Factor Ops : 1.080e+10 (less than 1 second per iteration)
 Threads    : 17

                  Objective                Residual
Iter       Primal          Dual         Primal    Dual     Compl     Time
   0  -1.79668189e+16  3.87671884e+13  8.33e+08 1.50e+07  2.67e+12    11s
   1  -4.21090106e+15  4.05348570e+13  1.96e+08 1.43e+07  6.35e+11    12s
   2  -8.78527677e+14  4.00735586e+13  4.22e+07 8.49e+06  1.38e+11    12s
   3  -9.25124115e+13  3.58466469e+13  5.04e+06 7.95e-08  1.72e+10    12s
   4  -7.74762868e+12  2.28449132e+13  4.22e+05 1.49e-07  1.46e+09    12s
   5  -2.66090382e+12  1.27465353e+13  1.44e+05 3.74e-08  5.16e+08    12s
   6  -1.25139977e+12  9.73775431e+12  6.80e+04 3.00e-08  2.46e+08    13s
   7  -7.92450110e+11  8.78147389e+12  4.31e+04 3.00e-08  1.58e+08    13s
   8  -2.54859462e+11  5.65276096e+12  1.40e+04 4.47e-08  5.37e+07    13s
   9  -1.16736527e+11  3.65146675e+12  6.48e+03 1.58e-07  2.42e+07    13s
  10  -1.02832779e+11  3.07024824e+12  5.73e+03 5.92e-07  2.05e+07    13s
  11  -4.48163038e+10  2.51407013e+12  2.64e+03 1.18e-06  1.04e+07    14s
  12  -2.84738377e+10  1.29976366e+12  1.72e+03 4.25e-07  5.78e+06    14s
  13  -8.16988314e+09  4.58973115e+11  5.65e+02 4.77e-07  1.76e+06    14s
  14  -1.53274356e+09  1.67273843e+11  2.00e+02 1.43e-07  5.93e+05    14s
  15   1.19996789e+09  7.40327268e+10  7.06e+01 6.15e-08  1.88e+05    15s
  16   1.74910988e+09  4.98306574e+10  3.13e+01 6.37e-08  1.03e+05    15s
  17   1.89840461e+09  3.30989930e+10  2.06e+01 8.84e-08  6.74e+04    15s
  18   2.00535907e+09  2.85884464e+10  1.28e+01 8.98e-08  5.07e+04    15s
  19   2.02381845e+09  2.74332148e+10  1.15e+01 8.94e-08  4.74e+04    15s
  20   2.03929134e+09  1.91032982e+10  1.04e+01 9.69e-08  3.58e+04    15s
  21   2.05744977e+09  1.46749731e+10  9.17e+00 1.38e-07  2.86e+04    16s
  22   2.07578320e+09  1.08067690e+10  7.98e+00 1.34e-07  2.20e+04    16s
  23   2.10201748e+09  8.95677027e+09  6.35e+00 1.32e-07  1.73e+04    16s
  24   2.15284669e+09  7.93621553e+09  3.53e+00 1.38e-07  1.20e+04    16s
  25   2.17152480e+09  7.47293005e+09  3.12e+00 1.54e-07  1.07e+04    17s
  26   2.19212432e+09  7.07059868e+09  2.70e+00 1.71e-07  9.53e+03    17s
  27   2.21124127e+09  6.22436013e+09  2.28e+00 1.60e-07  7.74e+03    17s
  28   2.22210212e+09  5.34656142e+09  2.09e+00 1.88e-07  6.17e+03    17s
  29   2.26048826e+09  4.77240970e+09  1.54e+00 1.51e-07  4.65e+03    18s
  30   2.27504090e+09  4.23775144e+09  1.30e+00 1.69e-07  3.59e+03    18s
  31   2.28529276e+09  4.12819192e+09  1.17e+00 1.73e-07  3.30e+03    18s
  32   2.32458624e+09  3.76440703e+09  6.14e-01 1.79e-07  2.25e+03    18s
  33   2.33194723e+09  3.51490810e+09  5.38e-01 1.79e-07  1.84e+03    19s
  34   2.34381290e+09  3.42041421e+09  4.74e-01 1.94e-07  1.64e+03    19s
  35   2.35235460e+09  3.38945770e+09  4.36e-01 1.89e-07  1.56e+03    19s
  36   2.35546581e+09  3.23545788e+09  4.20e-01 1.98e-07  1.34e+03    19s
  37   2.40243363e+09  3.00472423e+09  2.14e-01 1.79e-07  8.49e+02    20s
  38   2.41557266e+09  2.86670874e+09  1.85e-01 1.46e-07  6.38e+02    20s
  39   2.43688911e+09  2.79285374e+09  1.42e-01 1.28e-07  4.97e+02    20s
  40   2.46915577e+09  2.73350793e+09  9.25e-02 1.96e-07  3.60e+02    20s
  41   2.46991443e+09  2.70775425e+09  9.15e-02 1.51e-07  3.26e+02    20s
  42   2.48672080e+09  2.68152561e+09  7.16e-02 1.57e-07  2.65e+02    21s
  43   2.49307264e+09  2.66034196e+09  6.37e-02 1.63e-07  2.27e+02    21s
  44   2.50095970e+09  2.64941613e+09  5.43e-02 1.64e-07  2.01e+02    21s
  45   2.50616800e+09  2.62703004e+09  4.91e-02 1.63e-07  1.64e+02    21s
  46   2.51323665e+09  2.61243252e+09  4.17e-02 1.57e-07  1.35e+02    22s
  47   2.52166555e+09  2.59526285e+09  3.29e-02 1.40e-07  1.00e+02    22s
  48   2.52974382e+09  2.58825892e+09  2.46e-02 1.55e-07  7.91e+01    22s
  49   2.53503177e+09  2.58062650e+09  2.00e-02 1.49e-07  6.18e+01    22s
  50   2.53866486e+09  2.57826568e+09  1.66e-02 1.51e-07  5.34e+01    23s
  51   2.54267837e+09  2.57549230e+09  1.30e-02 1.62e-07  4.39e+01    23s
  52   2.54331481e+09  2.57424233e+09  1.24e-02 1.56e-07  4.15e+01    23s
  53   2.54493407e+09  2.57149709e+09  1.11e-02 1.81e-07  3.57e+01    23s
  54   2.54847352e+09  2.56849622e+09  8.05e-03 1.98e-07  2.67e+01    24s
  55   2.55084863e+09  2.56697929e+09  6.01e-03 1.79e-07  2.14e+01    24s
  56   2.55176407e+09  2.56559428e+09  5.31e-03 1.79e-07  1.84e+01    24s
  57   2.55355080e+09  2.56453498e+09  3.96e-03 1.71e-07  1.45e+01    24s
  58   2.55364505e+09  2.56439872e+09  3.89e-03 2.32e-07  1.42e+01    25s
  59   2.55495742e+09  2.56375574e+09  2.97e-03 2.11e-07  1.16e+01    25s
  60   2.55539705e+09  2.56310468e+09  2.69e-03 1.82e-07  1.02e+01    25s
  61   2.55592298e+09  2.56278438e+09  2.36e-03 1.76e-07  9.04e+00    25s
  62   2.55676588e+09  2.56235105e+09  1.84e-03 1.89e-07  7.33e+00    26s
  63   2.55718578e+09  2.56203597e+09  1.59e-03 1.71e-07  6.37e+00    26s
  64   2.55807155e+09  2.56173143e+09  1.09e-03 1.86e-07  4.77e+00    26s
  65   2.55840754e+09  2.56161287e+09  9.20e-04 1.79e-07  4.17e+00    26s
  66   2.55870959e+09  2.56137307e+09  7.72e-04 1.66e-07  3.47e+00    27s
  67   2.55899510e+09  2.56109385e+09  6.39e-04 1.64e-07  2.74e+00    27s
  68   2.55911023e+09  2.56090414e+09  5.85e-04 1.63e-07  2.36e+00    27s
  69   2.55946038e+09  2.56088753e+09  4.23e-04 1.55e-07  1.86e+00    28s
  70   2.55952875e+09  2.56078140e+09  3.93e-04 1.84e-07  1.64e+00    28s
  71   2.55976265e+09  2.56072119e+09  2.83e-04 1.86e-07  1.25e+00    28s
  72   2.56004255e+09  2.56067890e+09  1.51e-04 2.14e-07  8.20e-01    28s
  73   2.56012758e+09  2.56056865e+09  1.13e-04 1.31e-07  5.71e-01    29s
  74   2.56027927e+09  2.56051112e+09  4.55e-05 1.49e-07  2.96e-01    29s
  75   2.56033966e+09  2.56044508e+09  1.98e-05 1.29e-07  1.35e-01    29s
  76   2.56036437e+09  2.56043173e+09  9.62e-06 1.49e-07  8.51e-02    29s
  77   2.56037217e+09  2.56040966e+09  6.70e-06 1.32e-07  4.78e-02    30s
  78   2.56038325e+09  2.56040089e+09  2.97e-06 1.28e-07  2.22e-02    30s
  79   2.56038432e+09  2.56039441e+09  2.37e-06 1.36e-07  1.29e-02    30s
  80   2.56038816e+09  2.56039098e+09  3.87e-06 1.38e-07  3.57e-03    30s
  81   2.56038848e+09  2.56038944e+09  2.78e-06 1.57e-07  1.26e-03    31s
  82   2.56038908e+09  2.56038923e+09  6.01e-07 1.52e-07  2.00e-04    31s
  83   2.56038920e+09  2.56038922e+09  2.09e-06 1.29e-07  3.02e-05    31s
  84   2.56038922e+09  2.56038922e+09  2.12e-08 1.49e-07  2.97e-07    31s
  85   2.56038922e+09  2.56038922e+09  4.51e-08 1.29e-07  2.85e-09    32s

Barrier solved model in 85 iterations and 31.68 seconds (28.25 work units)
Optimal objective 2.56038922e+09


Root crossover log...

   10403 DPushes remaining with DInf 0.0000000e+00                32s
       0 DPushes remaining with DInf 0.0000000e+00                32s

     525 PPushes remaining with PInf 0.0000000e+00                32s
       0 PPushes remaining with PInf 0.0000000e+00                32s

  Push phase complete: Pinf 0.0000000e+00, Dinf 4.6375983e+02     32s


Root simplex log...

Iteration    Objective       Primal Inf.    Dual Inf.      Time
   10913    2.5603892e+09   0.000000e+00   4.637598e+02     32s
   10918    2.5603892e+09   0.000000e+00   0.000000e+00     32s
Concurrent spin time: 0.02s

Solved with barrier
   11037    2.5603892e+09   0.000000e+00   0.000000e+00     33s
Extra simplex iterations after uncrush: 119

Root relaxation: objective 2.560389e+09, 11037 iterations, 23.85 seconds (18.28 work units)

    Nodes    |    Current Node    |     Objective Bounds      |     Work
 Expl Unexpl |  Obj  Depth IntInf | Incumbent    BestBd   Gap | It/Node Time

     0     0 2.5604e+09    0  312          - 2.5604e+09      -     -   35s
     0     0 2.5601e+09    0  345          - 2.5601e+09      -     -   56s
     0     0 2.5601e+09    0  339          - 2.5601e+09      -     -   70s
     0     0 2.5601e+09    0  351          - 2.5601e+09      -     -   73s
     0     0 2.5601e+09    0  361          - 2.5601e+09      -     -   74s
     0     0 2.5600e+09    0  367          - 2.5600e+09      -     -   77s
     0     0 2.5600e+09    0  370          - 2.5600e+09      -     -   77s
     0     0 2.5600e+09    0  360          - 2.5600e+09      -     -   96s
     0     0 2.5600e+09    0  336          - 2.5600e+09      -     -  106s
     0     0 2.5600e+09    0  333          - 2.5600e+09      -     -  107s
     0     0 2.5599e+09    0  350          - 2.5599e+09      -     -  125s
     0     0 2.5599e+09    0  347          - 2.5599e+09      -     -  128s
     0     0 2.5599e+09    0  339          - 2.5599e+09      -     -  136s
     0     0 2.5599e+09    0  352          - 2.5599e+09      -     -  141s
     0     0 2.5599e+09    0  353          - 2.5599e+09      -     -  141s
     0     0 2.5599e+09    0  337          - 2.5599e+09      -     -  146s
     0     0 2.5599e+09    0  344          - 2.5599e+09      -     -  150s
     0     0 2.5599e+09    0  344          - 2.5599e+09      -     -  151s
     0     0 2.5599e+09    0  335          - 2.5599e+09      -     -  158s
     0     0 2.5599e+09    0  333          - 2.5599e+09      -     -  162s
     0     0 2.5599e+09    0  340          - 2.5599e+09      -     -  164s
     0     0 2.5599e+09    0  342          - 2.5599e+09      -     -  165s
     0     0 2.5599e+09    0  340          - 2.5599e+09      -     -  171s
     0     0 2.5599e+09    0  355          - 2.5599e+09      -     -  174s
     0     0 2.5599e+09    0  357          - 2.5599e+09      -     -  179s
     0     0 2.5599e+09    0  352          - 2.5599e+09      -     -  183s
     0     0 2.5599e+09    0  352          - 2.5599e+09      -     -  183s
     0     0 2.5599e+09    0  338          - 2.5599e+09      -     -  190s
     0     0 2.5599e+09    0  345          - 2.5599e+09      -     -  193s
     0     0 2.5599e+09    0  361          - 2.5599e+09      -     -  216s
     0     0 2.5599e+09    0  348          - 2.5599e+09      -     -  221s
H    0     0                    2.492877e+09 2.5599e+09  2.69%     -  255s
H    0     2                    2.505424e+09 2.5599e+09  2.17%     -  284s
     0     2 2.5599e+09    0  347 2.5054e+09 2.5599e+09  2.17%     -  284s
     1     4 2.5599e+09    1  348 2.5054e+09 2.5599e+09  2.17%  6908  293s
     3     8 2.5599e+09    2  351 2.5054e+09 2.5599e+09  2.17%  3059  308s
     7    16 2.5599e+09    3  360 2.5054e+09 2.5599e+09  2.17%  2236  325s
    15    32 2.5599e+09    4  360 2.5054e+09 2.5599e+09  2.17%  1795  356s
H   31    52                    2.523262e+09 2.5599e+09  1.45%  1746  392s
H   32    52                    2.530271e+09 2.5599e+09  1.17%  1736  392s
    51    72 2.5599e+09    6  361 2.5303e+09 2.5599e+09  1.17%  1554  409s
    71    92 2.5599e+09    7  351 2.5303e+09 2.5599e+09  1.17%  1340  425s
H   91   112                    2.530355e+09 2.5599e+09  1.17%  1177  555s
H   91   112                    2.534787e+09 2.5599e+09  0.99%  1177  556s
H   92   112                    2.538751e+09 2.5599e+09  0.83%  1179  556s
H   95   112                    2.539826e+09 2.5599e+09  0.79%  1157  557s
H  100   112                    2.542066e+09 2.5599e+09  0.70%  1163  558s
H  104   112                    2.543844e+09 2.5599e+09  0.63%  1153  559s

Cutting planes:
  Cover: 54
  Implied bound: 135
  Clique: 1
  MIR: 86
  Flow cover: 99
  GUB cover: 2
  Zero half: 6
  RLT: 19
  Relax-and-lift: 106

Explored 111 nodes (175584 simplex iterations) in 559.39 seconds (624.54 work units)
Thread count was 20 (of 40 available processors)

Solution count 10: 2.54384e+09 2.54207e+09 2.53983e+09 ... 2.49288e+09

Optimal solution found (tolerance 1.00e-02)
Best objective 2.543843546084e+09, best bound 2.559869574769e+09, gap 0.6300%
Gurobi Optimizer version 10.0.1 build v10.0.1rc0 (linux64)

CPU model: Intel(R) Xeon(R) Gold 5115 CPU @ 2.40GHz, instruction set [SSE2|AVX|AVX2|AVX512]
Thread count: 20 physical cores, 40 logical processors, using up to 20 threads

Optimize a model with 88585 rows, 757127 columns and 3761209 nonzeros
Model fingerprint: 0xbc945036
Variable types: 319872 continuous, 437255 integer (437255 binary)
Coefficient statistics:
  Matrix range     [1e+00, 2e+05]
  Objective range  [4e+01, 4e+07]
  Bounds range     [1e+00, 3e+05]
  RHS range        [1e+00, 3e+06]
Presolve removed 73335 rows and 448647 columns (presolve time = 5s) ...
Presolve removed 73379 rows and 450571 columns
Presolve time: 8.99s
Presolved: 15206 rows, 306556 columns, 1359188 nonzeros
Variable types: 192818 continuous, 113738 integer (113730 binary)
Deterministic concurrent LP optimizer: primal simplex, dual simplex, and barrier
Showing barrier log only...

Root barrier log...

Ordering time: 0.84s

Barrier statistics:
 AA' NZ     : 7.264e+05
 Factor NZ  : 5.688e+06 (roughly 170 MB of memory)
 Factor Ops : 8.979e+09 (less than 1 second per iteration)
 Threads    : 17

                  Objective                Residual
Iter       Primal          Dual         Primal    Dual     Compl     Time
   0  -8.07711675e+15  2.88749836e+13  5.45e+08 2.79e+06  1.18e+12    13s
   1  -2.39363092e+15  2.84898557e+13  1.61e+08 6.10e+06  3.55e+11    13s
   2  -5.28373743e+14  2.36374073e+13  3.60e+07 1.20e+06  8.02e+10    13s
   3  -4.68649133e+13  1.83440542e+13  3.19e+06 2.61e-08  7.24e+09    13s
   4  -5.25081756e+12  8.39595223e+12  3.57e+05 2.98e-08  8.34e+08    13s
   5  -1.88734156e+12  4.74383559e+12  1.28e+05 2.61e-08  3.02e+08    14s
   6  -1.52069903e+12  3.27960268e+12  1.03e+05 1.96e-08  2.44e+08    14s
   7  -4.76005986e+11  2.15328066e+12  3.24e+04 2.61e-08  7.86e+07    14s
   8  -2.19223989e+11  2.04329515e+12  1.50e+04 2.61e-08  3.78e+07    14s
   9  -7.46013978e+10  1.55410931e+12  5.17e+03 2.61e-08  1.39e+07    14s
  10  -1.75122229e+10  9.48137294e+11  1.30e+03 2.05e-08  4.10e+06    14s
  11  -8.06291439e+09  3.34181193e+11  6.63e+02 4.23e-08  1.62e+06    15s
  12  -7.49567030e+08  1.66880872e+11  1.70e+02 1.19e-07  5.21e+05    15s
  13   2.42364978e+08  1.00616509e+11  1.04e+02 1.19e-07  3.09e+05    15s
  14   9.86726851e+08  6.30785656e+10  5.53e+01 1.04e-07  1.78e+05    15s
  15   1.53938225e+09  3.83337758e+10  2.02e+01 6.71e-08  8.78e+04    15s
  16   1.64060358e+09  2.36798623e+10  1.39e+01 5.59e-08  5.52e+04    15s
  17   1.71495979e+09  1.62563311e+10  9.38e+00 4.84e-08  3.68e+04    15s
  18   1.74414367e+09  1.22076558e+10  7.68e+00 7.37e-08  2.78e+04    16s
  19   1.77298048e+09  9.66507709e+09  5.91e+00 5.11e-08  2.12e+04    16s
  20   1.80911510e+09  6.62916532e+09  3.59e+00 6.52e-08  1.30e+04    16s
  21   1.82417035e+09  5.51966287e+09  2.81e+00 7.36e-08  9.98e+03    16s
  22   1.83030717e+09  5.16361308e+09  2.59e+00 9.31e-08  8.96e+03    16s
  23   1.87613759e+09  4.32962463e+09  1.31e+00 8.01e-08  5.64e+03    17s
  24   1.93641519e+09  3.64514903e+09  6.10e-01 8.38e-08  3.41e+03    17s
  25   1.95271516e+09  3.25727716e+09  5.30e-01 5.96e-08  2.61e+03    17s
  26   1.96695274e+09  3.01560865e+09  4.68e-01 6.05e-08  2.08e+03    17s
  27   1.97977553e+09  2.89254964e+09  4.14e-01 6.24e-08  1.79e+03    17s
  28   1.99555571e+09  2.66596370e+09  3.50e-01 3.91e-08  1.30e+03    17s
  29   2.02635179e+09  2.49102729e+09  2.33e-01 2.70e-08  8.69e+02    18s
  30   2.04899863e+09  2.42833963e+09  1.76e-01 2.89e-08  6.93e+02    18s
  31   2.05728031e+09  2.35850519e+09  1.56e-01 2.51e-08  5.45e+02    18s
  32   2.08162386e+09  2.33586401e+09  9.70e-02 2.79e-08  4.46e+02    18s
  33   2.09316361e+09  2.25569834e+09  7.85e-02 1.86e-08  2.84e+02    18s
  34   2.10739536e+09  2.22938986e+09  5.77e-02 1.49e-08  2.11e+02    19s
  35   2.11774667e+09  2.20430472e+09  4.37e-02 1.68e-08  1.49e+02    19s
  36   2.12199359e+09  2.19468613e+09  3.90e-02 1.30e-08  1.25e+02    19s
  37   2.12440396e+09  2.19145496e+09  3.57e-02 1.30e-08  1.15e+02    19s
  38   2.12709142e+09  2.18794486e+09  3.27e-02 1.40e-08  1.04e+02    19s
  39   2.13204280e+09  2.18276110e+09  2.71e-02 1.68e-08  8.64e+01    19s
  40   2.13555624e+09  2.17821747e+09  2.31e-02 1.30e-08  7.25e+01    20s
  41   2.13826439e+09  2.17471785e+09  2.04e-02 1.12e-08  6.19e+01    20s
  42   2.14168072e+09  2.17112216e+09  1.71e-02 1.21e-08  4.99e+01    20s
  43   2.14521683e+09  2.16985460e+09  1.37e-02 1.12e-08  4.17e+01    20s
  44   2.14641683e+09  2.16820019e+09  1.26e-02 1.40e-08  3.68e+01    20s
  45   2.14872443e+09  2.16724617e+09  1.00e-02 1.68e-08  3.12e+01    21s
  46   2.14943172e+09  2.16646239e+09  9.35e-03 1.77e-08  2.87e+01    21s
  47   2.15082215e+09  2.16474599e+09  7.74e-03 1.40e-08  2.34e+01    21s
  48   2.15221941e+09  2.16381887e+09  6.20e-03 1.40e-08  1.95e+01    21s
  49   2.15329118e+09  2.16288544e+09  5.04e-03 1.77e-08  1.61e+01    21s
  50   2.15380240e+09  2.16206719e+09  4.52e-03 1.86e-08  1.38e+01    22s
  51   2.15489318e+09  2.16164246e+09  3.43e-03 1.49e-08  1.13e+01    22s
  52   2.15533106e+09  2.16115746e+09  3.03e-03 1.49e-08  9.74e+00    22s
  53   2.15559428e+09  2.16090350e+09  2.80e-03 1.58e-08  8.87e+00    22s
  54   2.15595541e+09  2.16064175e+09  2.50e-03 2.05e-08  7.83e+00    22s
  55   2.15643088e+09  2.16039711e+09  2.12e-03 1.77e-08  6.63e+00    22s
  56   2.15679653e+09  2.16024099e+09  1.86e-03 2.14e-08  5.76e+00    23s
  57   2.15716635e+09  2.16010803e+09  1.57e-03 1.96e-08  4.91e+00    23s
  58   2.15766901e+09  2.16000237e+09  1.20e-03 1.86e-08  3.89e+00    23s
  59   2.15800813e+09  2.15991655e+09  9.49e-04 1.96e-08  3.18e+00    23s
  60   2.15826584e+09  2.15980791e+09  7.62e-04 1.68e-08  2.57e+00    23s
  61   2.15834778e+09  2.15974583e+09  7.02e-04 1.96e-08  2.33e+00    24s
  62   2.15849285e+09  2.15965370e+09  6.06e-04 1.86e-08  1.94e+00    24s
  63   2.15861554e+09  2.15961076e+09  5.22e-04 2.14e-08  1.66e+00    24s
  64   2.15881807e+09  2.15956379e+09  3.85e-04 1.49e-08  1.24e+00    24s
  65   2.15900118e+09  2.15953335e+09  2.61e-04 1.68e-08  8.87e-01    24s
  66   2.15911790e+09  2.15949287e+09  1.83e-04 1.40e-08  6.25e-01    25s
  67   2.15912933e+09  2.15947544e+09  1.76e-04 1.21e-08  5.77e-01    25s
  68   2.15918356e+09  2.15947335e+09  1.40e-04 1.49e-08  4.83e-01    25s
  69   2.15923793e+09  2.15945765e+09  1.05e-04 1.21e-08  3.66e-01    25s
  70   2.15927420e+09  2.15943585e+09  8.15e-05 1.02e-08  2.70e-01    25s
  71   2.15930192e+09  2.15942948e+09  6.40e-05 1.30e-08  2.13e-01    26s
  72   2.15937339e+09  2.15941409e+09  1.75e-05 1.31e-08  6.77e-02    26s
  73   2.15938725e+09  2.15940272e+09  8.37e-06 7.68e-09  2.58e-02    26s
  74   2.15940082e+09  2.15940163e+09  3.66e-07 8.15e-09  1.34e-03    26s
  75   2.15940149e+09  2.15940154e+09  1.07e-08 7.45e-09  8.04e-05    26s
  76   2.15940152e+09  2.15940152e+09  5.59e-09 8.38e-09  4.07e-06    27s
  77   2.15940152e+09  2.15940152e+09  9.05e-09 1.49e-08  1.17e-08    27s
  78   2.15940152e+09  2.15940152e+09  2.13e-08 7.45e-09  7.23e-11    27s

Barrier solved model in 78 iterations and 26.95 seconds (27.16 work units)
Optimal objective 2.15940152e+09


Root crossover log...

    8994 DPushes remaining with DInf 0.0000000e+00                27s
       0 DPushes remaining with DInf 0.0000000e+00                27s

     343 PPushes remaining with PInf 0.0000000e+00                27s
       0 PPushes remaining with PInf 0.0000000e+00                27s

  Push phase complete: Pinf 0.0000000e+00, Dinf 1.8722510e-08     27s


Root simplex log...

Iteration    Objective       Primal Inf.    Dual Inf.      Time
    9300    2.1594015e+09   0.000000e+00   0.000000e+00     27s
Concurrent spin time: 0.01s

Solved with barrier
    9300    2.1594015e+09   0.000000e+00   0.000000e+00     27s

Root relaxation: objective 2.159402e+09, 9300 iterations, 17.08 seconds (13.21 work units)

    Nodes    |    Current Node    |     Objective Bounds      |     Work
 Expl Unexpl |  Obj  Depth IntInf | Incumbent    BestBd   Gap | It/Node Time

     0     0 2.1594e+09    0  260          - 2.1594e+09      -     -   29s
     0     0 2.1592e+09    0  286          - 2.1592e+09      -     -   41s
     0     0 2.1591e+09    0  262          - 2.1591e+09      -     -   48s
     0     0 2.1591e+09    0  265          - 2.1591e+09      -     -   50s
     0     0 2.1591e+09    0  269          - 2.1591e+09      -     -   53s
     0     0 2.1591e+09    0  272          - 2.1591e+09      -     -   53s
     0     0 2.1591e+09    0  273          - 2.1591e+09      -     -   54s
     0     0 2.1588e+09    0  241          - 2.1588e+09      -     -   67s
     0     0 2.1588e+09    0  244          - 2.1588e+09      -     -   73s
     0     0 2.1588e+09    0  254          - 2.1588e+09      -     -   75s
     0     0 2.1588e+09    0  254          - 2.1588e+09      -     -   75s
     0     0 2.1588e+09    0  255          - 2.1588e+09      -     -   83s
     0     0 2.1588e+09    0  254          - 2.1588e+09      -     -   87s
     0     0 2.1588e+09    0  258          - 2.1588e+09      -     -   88s
     0     0 2.1587e+09    0  264          - 2.1587e+09      -     -   94s
     0     0 2.1587e+09    0  262          - 2.1587e+09      -     -   98s
     0     0 2.1587e+09    0  265          - 2.1587e+09      -     -   98s
     0     0 2.1587e+09    0  274          - 2.1587e+09      -     -  100s
     0     0 2.1587e+09    0  270          - 2.1587e+09      -     -  101s
     0     0 2.1587e+09    0  267          - 2.1587e+09      -     -  102s
     0     0 2.1587e+09    0  270          - 2.1587e+09      -     -  103s
     0     0 2.1587e+09    0  284          - 2.1587e+09      -     -  108s
     0     0 2.1586e+09    0  269          - 2.1586e+09      -     -  113s
     0     0 2.1586e+09    0  264          - 2.1586e+09      -     -  113s
     0     0 2.1586e+09    0  278          - 2.1586e+09      -     -  117s
     0     0 2.1586e+09    0  284          - 2.1586e+09      -     -  119s
     0     0 2.1586e+09    0  280          - 2.1586e+09      -     -  125s
     0     0 2.1586e+09    0  275          - 2.1586e+09      -     -  129s
     0     0 2.1586e+09    0  278          - 2.1586e+09      -     -  129s
     0     0 2.1586e+09    0  288          - 2.1586e+09      -     -  132s
     0     0 2.1586e+09    0  289          - 2.1586e+09      -     -  135s
     0     0 2.1586e+09    0  299          - 2.1586e+09      -     -  136s
     0     0 2.1585e+09    0  275          - 2.1585e+09      -     -  141s
     0     0 2.1585e+09    0  279          - 2.1585e+09      -     -  143s
     0     0 2.1585e+09    0  289          - 2.1585e+09      -     -  147s
     0     0 2.1585e+09    0  291          - 2.1585e+09      -     -  149s
     0     0 2.1585e+09    0  294          - 2.1585e+09      -     -  152s
     0     0 2.1585e+09    0  300          - 2.1585e+09      -     -  155s
     0     0 2.1585e+09    0  298          - 2.1585e+09      -     -  156s
     0     0 2.1584e+09    0  240          - 2.1584e+09      -     -  165s
     0     0 2.1584e+09    0  261          - 2.1584e+09      -     -  168s
     0     0 2.1584e+09    0  265          - 2.1584e+09      -     -  170s
     0     0 2.1584e+09    0  256          - 2.1584e+09      -     -  173s
     0     0 2.1584e+09    0  258          - 2.1584e+09      -     -  176s
     0     0 2.1584e+09    0  260          - 2.1584e+09      -     -  177s
H    0     0                    1.942655e+09 2.1584e+09  11.1%     -  181s
     0     0 2.1584e+09    0  260 1.9427e+09 2.1584e+09  11.1%     -  181s
     0     0 2.1583e+09    0  268 1.9427e+09 2.1583e+09  11.1%     -  188s
     0     0 2.1583e+09    0  281 1.9427e+09 2.1583e+09  11.1%     -  192s
     0     0 2.1583e+09    0  286 1.9427e+09 2.1583e+09  11.1%     -  193s
     0     0 2.1583e+09    0  283 1.9427e+09 2.1583e+09  11.1%     -  196s
     0     0 2.1583e+09    0  275 1.9427e+09 2.1583e+09  11.1%     -  199s
     0     0 2.1583e+09    0  279 1.9427e+09 2.1583e+09  11.1%     -  202s
     0     0 2.1583e+09    0  278 1.9427e+09 2.1583e+09  11.1%     -  206s
H    0     0                    2.033849e+09 2.1583e+09  6.12%     -  272s
     0     2 2.1583e+09    0  274 2.0338e+09 2.1583e+09  6.12%     -  276s
     1     4 2.1583e+09    1  250 2.0338e+09 2.1583e+09  6.12%  3535  282s
     3     8 2.1583e+09    2  272 2.0338e+09 2.1583e+09  6.12%  1732  292s
     7    16 2.1583e+09    3  262 2.0338e+09 2.1583e+09  6.12%  1121  307s
    15    32 2.1582e+09    4  281 2.0338e+09 2.1583e+09  6.12%  1056  329s
    23    32 2.1582e+09    4  276 2.0338e+09 2.1582e+09  6.12%  1050  330s
    31    52 2.1582e+09    5  279 2.0338e+09 2.1582e+09  6.12%  1290  347s
H   38    52                    2.052068e+09 2.1582e+09  5.17%  1183  348s
H   46    52                    2.059844e+09 2.1582e+09  4.78%  1124  349s
    51    72 2.1582e+09    6  277 2.0598e+09 2.1582e+09  4.78%  1117  368s
    71    92 2.1582e+09    7  269 2.0598e+09 2.1582e+09  4.78%  1163  388s
H   91   112                    2.061392e+09 2.1582e+09  4.70%  1146  502s
H   95   112                    2.075463e+09 2.1582e+09  3.99%  1131  503s
H   96   112                    2.110712e+09 2.1582e+09  2.25%  1124  504s
   111   132 2.1582e+09    9  250 2.1107e+09 2.1582e+09  2.25%  1104  515s
   131   154 2.1582e+09   10  258 2.1107e+09 2.1582e+09  2.25%  1014  530s
   153   204 2.1582e+09   11  253 2.1107e+09 2.1582e+09  2.25%   948  556s
   203   283 2.1581e+09   13  254 2.1107e+09 2.1582e+09  2.25%   819  596s
   282   394 2.1581e+09   18  245 2.1107e+09 2.1582e+09  2.25%   744  654s
   399   668 2.1577e+09   21  255 2.1107e+09 2.1582e+09  2.25%   659  737s
H  471   668                    2.111887e+09 2.1582e+09  2.19%   661  737s
H  566   668                    2.111940e+09 2.1582e+09  2.19%   577  738s
H  655   668                    2.132676e+09 2.1582e+09  1.20%   534  739s
   693   716 2.1576e+09   33  236 2.1327e+09 2.1582e+09  1.20%   516 1157s
H  734   716                    2.142612e+09 2.1582e+09  0.73%   510 1158s
H  735   716                    2.146000e+09 2.1582e+09  0.57%   510 1158s

Cutting planes:
  Cover: 56
  Implied bound: 50
  MIR: 129
  Flow cover: 73
  GUB cover: 1
  RLT: 25
  Relax-and-lift: 58

Explored 745 nodes (421288 simplex iterations) in 1158.79 seconds (1102.29 work units)
Thread count was 20 (of 40 available processors)

Solution count 10: 2.146e+09 2.14261e+09 2.13268e+09 ... 2.05207e+09

Optimal solution found (tolerance 1.00e-02)
Best objective 2.145999842990e+09, best bound 2.158236831619e+09, gap 0.5702%
Gurobi Optimizer version 10.0.1 build v10.0.1rc0 (linux64)

CPU model: Intel(R) Xeon(R) Gold 5115 CPU @ 2.40GHz, instruction set [SSE2|AVX|AVX2|AVX512]
Thread count: 20 physical cores, 40 logical processors, using up to 20 threads

Optimize a model with 118444 rows, 1079310 columns and 5880861 nonzeros
Model fingerprint: 0x1a658ba9
Variable types: 328331 continuous, 750979 integer (750979 binary)
Coefficient statistics:
  Matrix range     [1e+00, 2e+05]
  Objective range  [4e+01, 4e+07]
  Bounds range     [3e-11, 3e+05]
  RHS range        [1e+00, 5e+06]
Presolve removed 102582 rows and 750814 columns (presolve time = 5s) ...
Presolve removed 102582 rows and 750814 columns (presolve time = 12s) ...
Presolve removed 102611 rows and 752771 columns
Presolve time: 13.77s
Presolved: 15833 rows, 326539 columns, 1486725 nonzeros
Variable types: 200123 continuous, 126416 integer (126408 binary)
Deterministic concurrent LP optimizer: primal simplex, dual simplex, and barrier
Showing barrier log only...

Root barrier log...

Ordering time: 1.41s

Barrier statistics:
 AA' NZ     : 7.799e+05
 Factor NZ  : 3.913e+06 (roughly 170 MB of memory)
 Factor Ops : 3.236e+09 (less than 1 second per iteration)
 Threads    : 17

                  Objective                Residual
Iter       Primal          Dual         Primal    Dual     Compl     Time
   0  -7.66906527e+15  2.85779648e+13  6.01e+08 1.88e+06  8.27e+11    19s
   1  -2.02578241e+15  2.74353355e+13  1.59e+08 5.49e+06  2.21e+11    19s
   2  -2.77716508e+14  2.22201085e+13  2.18e+07 3.93e+05  3.15e+10    19s
   3  -1.01920560e+13  1.61434785e+13  7.99e+05 2.52e+03  1.19e+09    19s
   4  -1.32825857e+12  3.70866356e+12  1.05e+05 2.24e-08  1.57e+08    19s
   5  -9.33445022e+11  3.04757986e+12  7.40e+04 1.87e-08  1.11e+08    19s
   6  -3.15697046e+11  2.07892838e+12  2.46e+04 1.68e-08  3.92e+07    20s
   7  -2.20691029e+11  1.37990341e+12  1.72e+04 1.87e-08  2.63e+07    20s
   8  -7.22363397e+10  1.01316245e+12  5.79e+03 1.48e-08  9.25e+06    20s
   9  -2.39277576e+10  6.24882849e+11  2.03e+03 1.68e-08  3.40e+06    20s
  10  -3.58235818e+09  4.55847532e+11  4.57e+02 1.58e-08  1.21e+06    20s
  11  -3.51434764e+08  1.83046488e+11  2.06e+02 2.33e-08  4.78e+05    20s
  12   1.17808649e+09  9.87704380e+10  8.81e+01 4.33e-08  2.30e+05    20s
  13   1.85375743e+09  6.21997855e+10  3.66e+01 4.14e-08  1.27e+05    21s
  14   1.97028553e+09  3.69776738e+10  2.81e+01 6.97e-08  8.10e+04    21s
  15   2.05605131e+09  3.61250823e+10  2.18e+01 6.97e-08  7.43e+04    21s
  16   2.16418309e+09  2.86494233e+10  1.41e+01 6.65e-08  5.62e+04    21s
  17   2.18610913e+09  2.71078693e+10  1.25e+01 7.78e-08  5.25e+04    21s
  18   2.24338053e+09  2.23589882e+10  9.19e+00 7.96e-08  4.17e+04    21s
  19   2.31550228e+09  1.55146805e+10  5.58e+00 7.82e-08  2.68e+04    21s
  20   2.34679176e+09  1.21227402e+10  4.00e+00 8.38e-08  1.97e+04    21s
  21   2.35296189e+09  8.89930546e+09  3.69e+00 6.66e-08  1.44e+04    22s
  22   2.39400020e+09  6.86969181e+09  1.67e+00 1.09e-07  8.87e+03    22s
  23   2.42041814e+09  5.46004211e+09  1.13e+00 1.08e-07  5.84e+03    22s
  24   2.43042905e+09  4.50523370e+09  9.25e-01 1.21e-07  4.01e+03    22s
  25   2.44920991e+09  4.39923964e+09  6.97e-01 1.09e-07  3.60e+03    22s
  26   2.45627435e+09  3.82429034e+09  6.35e-01 1.08e-07  2.55e+03    22s
  27   2.46290844e+09  3.73506469e+09  5.82e-01 1.03e-07  2.35e+03    23s
  28   2.47745830e+09  3.45684435e+09  4.70e-01 8.57e-08  1.78e+03    23s
  29   2.48211917e+09  3.28700619e+09  4.36e-01 7.17e-08  1.46e+03    23s
  30   2.48970960e+09  3.17609949e+09  3.95e-01 6.80e-08  1.24e+03    23s
  31   2.50612037e+09  3.04754195e+09  2.96e-01 5.59e-08  9.53e+02    23s
  32   2.52032563e+09  2.97249211e+09  2.26e-01 4.94e-08  7.77e+02    23s
  33   2.53627316e+09  2.85863182e+09  1.62e-01 3.82e-08  5.42e+02    24s
  34   2.54806781e+09  2.82226622e+09  1.27e-01 3.68e-08  4.54e+02    24s
  35   2.55618590e+09  2.78328984e+09  1.07e-01 3.12e-08  3.73e+02    24s
  36   2.56427337e+09  2.71840690e+09  8.98e-02 2.10e-08  2.52e+02    24s
  37   2.57158149e+09  2.70245086e+09  7.75e-02 1.72e-08  2.13e+02    24s
  38   2.57736815e+09  2.68441659e+09  6.70e-02 1.68e-08  1.74e+02    25s
  39   2.58109446e+09  2.67834346e+09  6.03e-02 1.58e-08  1.57e+02    25s
  40   2.58411756e+09  2.67131950e+09  5.52e-02 1.35e-08  1.41e+02    25s
  41   2.58905847e+09  2.66552149e+09  4.66e-02 1.16e-08  1.23e+02    25s
  42   2.59100715e+09  2.65816875e+09  4.30e-02 1.02e-08  1.08e+02    25s
  43   2.59327255e+09  2.65276220e+09  3.90e-02 9.31e-09  9.53e+01    25s
  44   2.59483707e+09  2.64500597e+09  3.61e-02 8.38e-09  8.03e+01    26s
  45   2.59541332e+09  2.64438235e+09  3.49e-02 8.38e-09  7.83e+01    26s
  46   2.59667597e+09  2.63937743e+09  3.25e-02 9.26e-09  6.82e+01    26s
  47   2.59735627e+09  2.63593415e+09  3.10e-02 7.45e-09  6.15e+01    26s
  48   2.60063325e+09  2.63324711e+09  2.45e-02 7.45e-09  5.17e+01    26s
  49   2.60170806e+09  2.63103343e+09  2.25e-02 8.38e-09  4.64e+01    26s
  50   2.60320871e+09  2.62979138e+09  2.00e-02 7.86e-09  4.20e+01    27s
  51   2.60483246e+09  2.62738601e+09  1.76e-02 8.31e-09  3.55e+01    27s
  52   2.60675208e+09  2.62607632e+09  1.39e-02 7.45e-09  3.03e+01    27s
  53   2.60795918e+09  2.62461994e+09  1.20e-02 7.83e-09  2.61e+01    27s
  54   2.60867535e+09  2.62312893e+09  1.11e-02 6.52e-09  2.26e+01    27s
  55   2.60988112e+09  2.62222331e+09  9.30e-03 6.52e-09  1.93e+01    27s
  56   2.61030897e+09  2.62162262e+09  8.60e-03 6.52e-09  1.77e+01    28s
  57   2.61152602e+09  2.62131977e+09  6.67e-03 7.45e-09  1.53e+01    28s
  58   2.61217599e+09  2.62021603e+09  5.75e-03 7.10e-09  1.25e+01    28s
  59   2.61278649e+09  2.61994467e+09  4.93e-03 8.76e-09  1.11e+01    28s
  60   2.61330970e+09  2.61956083e+09  4.30e-03 9.90e-09  9.70e+00    28s
  61   2.61369448e+09  2.61926208e+09  3.85e-03 6.55e-09  8.64e+00    29s
  62   2.61390181e+09  2.61904640e+09  3.64e-03 7.92e-09  7.98e+00    29s
  63   2.61395238e+09  2.61888899e+09  3.58e-03 7.10e-09  7.66e+00    29s
  64   2.61422369e+09  2.61867437e+09  3.26e-03 7.45e-09  6.90e+00    29s
  65   2.61450965e+09  2.61859519e+09  2.90e-03 6.52e-09  6.33e+00    29s
  66   2.61476689e+09  2.61842418e+09  2.60e-03 7.80e-09  5.66e+00    29s
  67   2.61504088e+09  2.61834726e+09  2.29e-03 8.73e-09  5.12e+00    30s
  68   2.61551608e+09  2.61819194e+09  1.75e-03 8.03e-09  4.14e+00    30s
  69   2.61582196e+09  2.61808914e+09  1.44e-03 8.24e-09  3.51e+00    30s
  70   2.61614124e+09  2.61798538e+09  1.15e-03 8.85e-09  2.85e+00    30s
  71   2.61629775e+09  2.61788322e+09  1.01e-03 7.45e-09  2.45e+00    30s
  72   2.61645842e+09  2.61785323e+09  8.58e-04 7.92e-09  2.16e+00    30s
  73   2.61659720e+09  2.61778628e+09  7.34e-04 8.38e-09  1.84e+00    31s
  74   2.61665510e+09  2.61772508e+09  6.87e-04 9.90e-09  1.65e+00    31s
  75   2.61678844e+09  2.61768414e+09  5.73e-04 6.98e-09  1.38e+00    31s
  76   2.61685822e+09  2.61765467e+09  5.00e-04 9.14e-09  1.23e+00    31s
  77   2.61701414e+09  2.61761876e+09  3.71e-04 7.74e-09  9.34e-01    31s
  78   2.61717459e+09  2.61758895e+09  2.39e-04 6.64e-09  6.40e-01    31s
  79   2.61732648e+09  2.61754599e+09  1.16e-04 7.68e-09  3.39e-01    32s
  80   2.61736417e+09  2.61751137e+09  8.78e-05 6.05e-09  2.27e-01    32s
  81   2.61738303e+09  2.61751078e+09  7.30e-05 7.63e-09  1.97e-01    32s
  82   2.61741634e+09  2.61749385e+09  4.66e-05 5.65e-09  1.20e-01    32s
  83   2.61743584e+09  2.61748610e+09  3.18e-05 8.06e-09  7.76e-02    32s
  84   2.61745464e+09  2.61748461e+09  1.78e-05 5.97e-09  4.63e-02    32s
  85   2.61746349e+09  2.61748048e+09  1.11e-05 6.52e-09  2.62e-02    32s
  86   2.61747432e+09  2.61747923e+09  3.18e-06 5.94e-09  7.59e-03    33s
  87   2.61747593e+09  2.61747897e+09  2.04e-06 7.45e-09  4.69e-03    33s
  88   2.61747739e+09  2.61747892e+09  9.91e-07 7.48e-09  2.38e-03    33s
  89   2.61747822e+09  2.61747884e+09  4.09e-07 7.45e-09  9.57e-04    33s
  90   2.61747879e+09  2.61747882e+09  1.27e-08 7.45e-09  5.10e-05    33s
  91   2.61747882e+09  2.61747882e+09  1.55e-06 7.45e-09  1.59e-06    33s
  92   2.61747882e+09  2.61747882e+09  4.53e-08 7.45e-09  1.24e-10    33s

Barrier solved model in 92 iterations and 33.47 seconds (36.70 work units)
Optimal objective 2.61747882e+09


Root crossover log...

    9123 DPushes remaining with DInf 0.0000000e+00                34s
       0 DPushes remaining with DInf 0.0000000e+00                34s

     471 PPushes remaining with PInf 0.0000000e+00                34s
       0 PPushes remaining with PInf 0.0000000e+00                34s

  Push phase complete: Pinf 0.0000000e+00, Dinf 4.2331039e+01     34s


Root simplex log...

Iteration    Objective       Primal Inf.    Dual Inf.      Time
    9389    2.6174788e+09   0.000000e+00   4.233104e+01     34s
    9391    2.6174788e+09   0.000000e+00   0.000000e+00     34s
Concurrent spin time: 0.00s

Solved with barrier
    9441    2.6174788e+09   0.000000e+00   0.000000e+00     34s
Extra simplex iterations after uncrush: 50

Root relaxation: objective 2.617479e+09, 9441 iterations, 18.51 seconds (13.93 work units)

    Nodes    |    Current Node    |     Objective Bounds      |     Work
 Expl Unexpl |  Obj  Depth IntInf | Incumbent    BestBd   Gap | It/Node Time

     0     0 2.6175e+09    0  281          - 2.6175e+09      -     -   36s
H    0     0                    2.397165e+09 2.6175e+09  9.19%     -   39s
     0     0 2.6119e+09    0  291 2.3972e+09 2.6119e+09  8.96%     -   60s
H    0     0                    2.411302e+09 2.6119e+09  8.32%     -   64s
     0     0 2.6118e+09    0  297 2.4113e+09 2.6118e+09  8.31%     -   78s
     0     0 2.6118e+09    0  293 2.4113e+09 2.6118e+09  8.31%     -   83s
     0     0 2.6118e+09    0  296 2.4113e+09 2.6118e+09  8.31%     -   86s
     0     0 2.6116e+09    0  299 2.4113e+09 2.6116e+09  8.31%     -  109s
H    0     0                    2.440952e+09 2.6116e+09  6.99%     -  132s
     0     0 2.6116e+09    0  305 2.4410e+09 2.6116e+09  6.99%     -  136s
     0     0 2.6116e+09    0  309 2.4410e+09 2.6116e+09  6.99%     -  138s
     0     0 2.6114e+09    0  274 2.4410e+09 2.6114e+09  6.98%     -  165s
H    0     0                    2.455503e+09 2.6114e+09  6.35%     -  187s
     0     0 2.6114e+09    0  279 2.4555e+09 2.6114e+09  6.35%     -  193s
     0     0 2.6114e+09    0  280 2.4555e+09 2.6114e+09  6.35%     -  195s
     0     0 2.6112e+09    0  281 2.4555e+09 2.6112e+09  6.34%     -  207s
     0     0 2.6108e+09    0  304 2.4555e+09 2.6108e+09  6.32%     -  218s
     0     0 2.6108e+09    0  293 2.4555e+09 2.6108e+09  6.32%     -  222s
     0     0 2.6106e+09    0  306 2.4555e+09 2.6106e+09  6.32%     -  234s
     0     0 2.6106e+09    0  309 2.4555e+09 2.6106e+09  6.32%     -  244s
     0     0 2.6106e+09    0  321 2.4555e+09 2.6106e+09  6.32%     -  246s
     0     0 2.6076e+09    0  306 2.4555e+09 2.6076e+09  6.19%     -  259s
     0     0 2.6076e+09    0  306 2.4555e+09 2.6076e+09  6.19%     -  269s
     0     0 2.6076e+09    0  309 2.4555e+09 2.6076e+09  6.19%     -  271s
     0     0 2.6075e+09    0  308 2.4555e+09 2.6075e+09  6.19%     -  281s
H    0     0                    2.456562e+09 2.6075e+09  6.14%     -  306s
     0     0 2.6075e+09    0  324 2.4566e+09 2.6075e+09  6.14%     -  309s
     0     0 2.6075e+09    0  334 2.4566e+09 2.6075e+09  6.14%     -  318s
     0     0 2.6075e+09    0  337 2.4566e+09 2.6075e+09  6.14%     -  326s
     0     0 2.6062e+09    0  317 2.4566e+09 2.6062e+09  6.09%     -  341s
     0     0 2.6062e+09    0  318 2.4566e+09 2.6062e+09  6.09%     -  347s
     0     0 2.6061e+09    0  339 2.4566e+09 2.6061e+09  6.09%     -  355s
     0     0 2.6061e+09    0  342 2.4566e+09 2.6061e+09  6.09%     -  361s
     0     0 2.6060e+09    0  332 2.4566e+09 2.6060e+09  6.08%     -  370s
     0     0 2.6060e+09    0  334 2.4566e+09 2.6060e+09  6.08%     -  375s
     0     0 2.6059e+09    0  333 2.4566e+09 2.6059e+09  6.08%     -  381s
     0     0 2.6059e+09    0  335 2.4566e+09 2.6059e+09  6.08%     -  392s
     0     0 2.6059e+09    0  336 2.4566e+09 2.6059e+09  6.08%     -  394s
     0     0 2.6058e+09    0  314 2.4566e+09 2.6058e+09  6.08%     -  404s
     0     0 2.6058e+09    0  319 2.4566e+09 2.6058e+09  6.08%     -  414s
     0     0 2.6058e+09    0  338 2.4566e+09 2.6058e+09  6.08%     -  417s
     0     0 2.6058e+09    0  335 2.4566e+09 2.6058e+09  6.07%     -  420s
     0     0 2.6058e+09    0  339 2.4566e+09 2.6058e+09  6.07%     -  420s
     0     0 2.6056e+09    0  320 2.4566e+09 2.6056e+09  6.07%     -  429s
     0     0 2.6055e+09    0  310 2.4566e+09 2.6055e+09  6.06%     -  435s
     0     0 2.6055e+09    0  314 2.4566e+09 2.6055e+09  6.06%     -  438s
     0     0 2.6055e+09    0  322 2.4566e+09 2.6055e+09  6.06%     -  440s
     0     0 2.6055e+09    0  315 2.4566e+09 2.6055e+09  6.06%     -  447s
     0     0 2.6055e+09    0  310 2.4566e+09 2.6055e+09  6.06%     -  452s
     0     0 2.6055e+09    0  301 2.4566e+09 2.6055e+09  6.06%     -  463s
     0     0 2.6055e+09    0  305 2.4566e+09 2.6055e+09  6.06%     -  470s
     0     0 2.6055e+09    0  312 2.4566e+09 2.6055e+09  6.06%     -  473s
     0     0 2.6055e+09    0  320 2.4566e+09 2.6055e+09  6.06%     -  480s
     0     0 2.6055e+09    0  320 2.4566e+09 2.6055e+09  6.06%     -  483s
H    0     0                    2.542186e+09 2.6055e+09  2.49%     -  530s
     0     2 2.6055e+09    0  320 2.5422e+09 2.6055e+09  2.49%     -  576s
     1     4 2.6055e+09    1  312 2.5422e+09 2.6055e+09  2.49%  3494  595s
     3     8 2.6055e+09    2  316 2.5422e+09 2.6055e+09  2.49%  2581  614s
     7    16 2.6053e+09    3  325 2.5422e+09 2.6053e+09  2.48%  2220  642s
    15    32 2.6053e+09    4  343 2.5422e+09 2.6053e+09  2.48%  2354  680s
    31    52 2.6053e+09    5  352 2.5422e+09 2.6053e+09  2.48%  3019  721s
    51    72 2.6053e+09    6  330 2.5422e+09 2.6053e+09  2.48%  2796  753s
    71    92 2.6053e+09    7  337 2.5422e+09 2.6053e+09  2.48%  2580  776s
    91   112 2.6053e+09    8  347 2.5422e+09 2.6053e+09  2.48%  2273  894s
H   95   112                    2.559437e+09 2.6053e+09  1.79%  2228  894s
   111   137 2.6053e+09    9  332 2.5594e+09 2.6053e+09  1.79%  2088  926s
   136   162 2.6052e+09   10  338 2.5594e+09 2.6052e+09  1.79%  1898  953s
H  144   162                    2.559702e+09 2.6052e+09  1.78%  1841  953s
   161   183 2.6052e+09   11  335 2.5597e+09 2.6052e+09  1.78%  1722  990s
   182   207 2.6051e+09   12  301 2.5597e+09 2.6051e+09  1.77%  1758 1016s
   207   231 2.6051e+09   13  307 2.5597e+09 2.6051e+09  1.77%  1676 1050s
   231   255 2.6051e+09   14  300 2.5597e+09 2.6051e+09  1.77%  1628 1075s
   257   275 2.6051e+09   16  307 2.5597e+09 2.6051e+09  1.77%  1551 2110s
H  258   275                    2.585942e+09 2.6051e+09  0.74%  1545 2111s
H  262   275                    2.591920e+09 2.6051e+09  0.51%  1537 2111s
H  272   275                    2.594607e+09 2.6051e+09  0.41%  1510 2112s

Cutting planes:
  Cover: 81
  Implied bound: 82
  Clique: 4
  MIR: 109
  StrongCG: 1
  Flow cover: 98
  GUB cover: 4
  RLT: 25
  Relax-and-lift: 62

Explored 277 nodes (488674 simplex iterations) in 2112.73 seconds (2453.27 work units)
Thread count was 20 (of 40 available processors)

Solution count 10: 2.59461e+09 2.59461e+09 2.59192e+09 ... 2.44095e+09

Optimal solution found (tolerance 1.00e-02)
Best objective 2.594607300621e+09, best bound 2.605134488098e+09, gap 0.4057%
Gurobi Optimizer version 10.0.1 build v10.0.1rc0 (linux64)

CPU model: Intel(R) Xeon(R) Gold 5115 CPU @ 2.40GHz, instruction set [SSE2|AVX|AVX2|AVX512]
Thread count: 20 physical cores, 40 logical processors, using up to 20 threads

Optimize a model with 148304 rows, 1425497 columns and 8465239 nonzeros
Model fingerprint: 0xeff92df6
Variable types: 360063 continuous, 1065434 integer (1065434 binary)
Coefficient statistics:
  Matrix range     [1e+00, 2e+05]
  Objective range  [4e+01, 4e+07]
  Bounds range     [3e-11, 3e+05]
  RHS range        [1e+00, 6e+06]
Presolve removed 133919 rows and 1140641 columns (presolve time = 5s) ...
Presolve removed 133922 rows and 1140797 columns (presolve time = 10s) ...
Presolve removed 133905 rows and 1140780 columns
Presolve time: 10.49s
Presolved: 14399 rows, 284717 columns, 1269795 nonzeros
Variable types: 178976 continuous, 105741 integer (105734 binary)
Deterministic concurrent LP optimizer: primal simplex, dual simplex, and barrier
Showing barrier log only...

Root barrier log...

Ordering time: 0.57s

Barrier statistics:
 AA' NZ     : 6.701e+05
 Factor NZ  : 4.867e+06 (roughly 160 MB of memory)
 Factor Ops : 7.090e+09 (less than 1 second per iteration)
 Threads    : 17

                  Objective                Residual
Iter       Primal          Dual         Primal    Dual     Compl     Time
   0  -6.54800640e+15  2.83239635e+13  5.04e+08 3.19e+06  1.04e+12    14s
   1  -2.45059269e+15  2.66419391e+13  1.89e+08 4.82e+06  3.97e+11    14s
   2  -7.45328838e+14  2.34710640e+13  5.72e+07 1.17e+06  1.25e+11    15s
   3  -3.45800093e+13  1.86960615e+13  2.62e+06 3.97e-08  5.86e+09    15s
   4  -4.11193373e+12  7.73390948e+12  3.15e+05 5.46e-08  7.11e+08    15s
   5  -1.16880928e+12  4.36623552e+12  8.99e+04 3.97e-08  2.06e+08    15s
   6  -5.24465054e+11  2.77594690e+12  4.03e+04 1.87e-08  9.32e+07    15s
   7  -2.51145663e+11  2.27002382e+12  1.95e+04 1.87e-08  4.60e+07    15s
   8  -1.33784831e+11  1.94809401e+12  1.05e+04 2.61e-08  2.55e+07    16s
   9  -4.40352604e+10  1.51877752e+12  3.59e+03 2.61e-08  9.95e+06    16s
  10  -7.59492784e+09  7.95323385e+11  8.01e+02 1.96e-08  2.80e+06    16s
  11  -9.38361581e+08  4.00479512e+11  2.95e+02 1.87e-08  1.15e+06    16s
  12  -5.08045365e+08  2.50116015e+11  2.62e+02 3.10e-08  8.01e+05    16s
  13   1.05366689e+08  2.40398443e+11  2.15e+02 5.87e-08  7.17e+05    16s
  14   2.11559346e+09  1.42446983e+11  6.26e+01 5.96e-08  3.30e+05    16s
  15   2.53225698e+09  8.87229746e+10  3.22e+01 4.80e-08  1.94e+05    17s
  16   2.76123489e+09  5.62804607e+10  1.58e+01 4.00e-08  1.15e+05    17s
  17   2.84212439e+09  4.32382672e+10  1.00e+01 4.77e-08  8.53e+04    17s
  18   2.89188848e+09  2.83649108e+10  6.42e+00 6.21e-08  5.50e+04    17s
  19   2.92950662e+09  2.09648020e+10  4.02e+00 6.96e-08  3.89e+04    17s
  20   2.95602947e+09  1.47154064e+10  2.65e+00 7.19e-08  2.58e+04    17s
  21   2.97397399e+09  1.26445810e+10  1.70e+00 1.21e-07  2.04e+04    18s
  22   2.97992546e+09  1.17328813e+10  1.41e+00 1.43e-07  1.81e+04    18s
  23   2.99132196e+09  9.04566419e+09  9.24e-01 1.41e-07  1.23e+04    18s
  24   2.99548358e+09  7.78632941e+09  8.14e-01 9.03e-08  9.73e+03    18s
  25   3.01711926e+09  6.53831054e+09  6.37e-01 9.31e-08  7.08e+03    18s
  26   3.05695781e+09  5.78772849e+09  1.84e-01 1.02e-07  5.04e+03    18s
  27   3.08469623e+09  4.69299197e+09  4.79e-02 8.85e-08  2.88e+03    19s
  28   3.10184574e+09  4.32760092e+09  2.56e-02 8.29e-08  2.18e+03    19s
  29   3.11679354e+09  3.71893783e+09  1.38e-02 4.94e-08  1.07e+03    19s
  30   3.12626628e+09  3.65828799e+09  1.02e-02 4.94e-08  9.42e+02    19s
  31   3.13221586e+09  3.61499078e+09  8.90e-03 3.82e-08  8.54e+02    19s
  32   3.13992789e+09  3.55029198e+09  7.44e-03 2.42e-08  7.26e+02    19s
  33   3.14464855e+09  3.51122908e+09  6.56e-03 3.26e-08  6.48e+02    19s
  34   3.15699535e+09  3.40456552e+09  4.76e-03 2.14e-08  4.38e+02    20s
  35   3.16134773e+09  3.38381998e+09  4.26e-03 2.98e-08  3.93e+02    20s
  36   3.16642454e+09  3.35102015e+09  3.78e-03 3.07e-08  3.26e+02    20s
  37   3.17490217e+09  3.32273954e+09  2.98e-03 2.89e-08  2.61e+02    20s
  38   3.17962732e+09  3.29453454e+09  2.63e-03 2.33e-08  2.03e+02    20s
  39   3.18836521e+09  3.27058689e+09  2.00e-03 1.58e-08  1.45e+02    21s
  40   3.19335166e+09  3.26629624e+09  1.65e-03 9.31e-09  1.29e+02    21s
  41   3.19971343e+09  3.25496806e+09  1.25e-03 1.02e-08  9.76e+01    21s
  42   3.20234549e+09  3.24945004e+09  1.10e-03 8.38e-09  8.32e+01    21s
  43   3.20663103e+09  3.24212191e+09  8.46e-04 8.38e-09  6.27e+01    21s
  44   3.21093890e+09  3.23931641e+09  5.72e-04 7.80e-09  5.01e+01    22s
  45   3.21186359e+09  3.23410020e+09  5.19e-04 7.45e-09  3.93e+01    22s
  46   3.21290660e+09  3.23240134e+09  4.62e-04 7.45e-09  3.44e+01    22s
  47   3.21487657e+09  3.23093994e+09  3.57e-04 7.45e-09  2.84e+01    22s
  48   3.21578477e+09  3.22925424e+09  3.11e-04 1.02e-08  2.38e+01    22s
  49   3.21703075e+09  3.22818887e+09  2.52e-04 1.12e-08  1.97e+01    22s
  50   3.21858329e+09  3.22690518e+09  1.80e-04 7.45e-09  1.47e+01    23s
  51   3.21921833e+09  3.22588924e+09  1.52e-04 7.57e-09  1.18e+01    23s
  52   3.21942512e+09  3.22542809e+09  1.43e-04 6.75e-09  1.06e+01    23s
  53   3.21992173e+09  3.22493252e+09  1.24e-04 4.77e-09  8.84e+00    23s
  54   3.22026344e+09  3.22452612e+09  1.09e-04 7.45e-09  7.52e+00    23s
  55   3.22040189e+09  3.22447263e+09  1.03e-04 7.45e-09  7.19e+00    23s
  56   3.22086505e+09  3.22423429e+09  8.44e-05 7.92e-09  5.95e+00    24s
  57   3.22109309e+09  3.22411510e+09  7.57e-05 8.38e-09  5.33e+00    24s
  58   3.22139364e+09  3.22393926e+09  6.35e-05 7.45e-09  4.49e+00    24s
  59   3.22171149e+09  3.22388094e+09  5.14e-05 8.38e-09  3.83e+00    24s
  60   3.22185152e+09  3.22365293e+09  4.62e-05 7.45e-09  3.18e+00    24s
  61   3.22192936e+09  3.22360777e+09  4.37e-05 8.38e-09  2.96e+00    25s
  62   3.22243679e+09  3.22348704e+09  2.50e-05 9.66e-09  1.85e+00    25s
  63   3.22259007e+09  3.22333379e+09  1.93e-05 8.15e-09  1.31e+00    25s
  64   3.22276218e+09  3.22329181e+09  1.29e-05 8.96e-09  9.35e-01    25s
  65   3.22289093e+09  3.22322982e+09  8.08e-06 8.85e-09  5.98e-01    25s
  66   3.22299856e+09  3.22317914e+09  4.16e-06 8.61e-09  3.19e-01    25s
  67   3.22306220e+09  3.22313809e+09  1.87e-06 7.45e-09  1.34e-01    26s
  68   3.22307881e+09  3.22312914e+09  3.24e-06 7.51e-09  8.88e-02    26s
  69   3.22308368e+09  3.22312747e+09  7.89e-05 8.50e-09  7.73e-02    26s
  70   3.22308549e+09  3.22312699e+09  7.71e-05 9.31e-09  7.32e-02    26s
  71   3.22309536e+09  3.22312641e+09  3.83e-05 1.12e-08  5.48e-02    26s
  72   3.22311190e+09  3.22312147e+09  5.40e-06 8.03e-09  1.69e-02    26s
  73   3.22311597e+09  3.22311944e+09  8.64e-06 7.45e-09  6.13e-03    26s
  74   3.22311807e+09  3.22311881e+09  5.06e-06 7.45e-09  1.31e-03    27s
  75   3.22311827e+09  3.22311839e+09  1.62e-06 7.45e-09  2.11e-04    27s
  76   3.22311835e+09  3.22311837e+09  2.20e-07 7.45e-09  3.10e-05    27s
  77   3.22311836e+09  3.22311836e+09  1.80e-09 7.45e-09  2.92e-08    27s
  78   3.22311836e+09  3.22311836e+09  3.03e-07 7.10e-09  1.87e-09    27s

Barrier solved model in 78 iterations and 27.28 seconds (28.69 work units)
Optimal objective 3.22311836e+09


Root crossover log...

    7927 DPushes remaining with DInf 0.0000000e+00                27s
       0 DPushes remaining with DInf 0.0000000e+00                28s

     265 PPushes remaining with PInf 9.6743427e-05                28s
       0 PPushes remaining with PInf 0.0000000e+00                28s

  Push phase complete: Pinf 0.0000000e+00, Dinf 8.8311040e+01     28s


Root simplex log...

Iteration    Objective       Primal Inf.    Dual Inf.      Time
    8148    3.2231184e+09   0.000000e+00   8.831104e+01     28s
    8156    3.2231184e+09   0.000000e+00   0.000000e+00     28s
Concurrent spin time: 0.00s

Solved with barrier
    8205    3.2231184e+09   0.000000e+00   0.000000e+00     28s
Extra simplex iterations after uncrush: 49

Root relaxation: objective 3.223118e+09, 8205 iterations, 15.62 seconds (10.86 work units)

    Nodes    |    Current Node    |     Objective Bounds      |     Work
 Expl Unexpl |  Obj  Depth IntInf | Incumbent    BestBd   Gap | It/Node Time

     0     0 3.2231e+09    0  250          - 3.2231e+09      -     -   29s
H    0     0                    2.817257e+09 3.2231e+09  14.4%     -   30s
     0     0 3.2195e+09    0  284 2.8173e+09 3.2195e+09  14.3%     -   45s
H    0     0                    2.966696e+09 3.2195e+09  8.52%     -   59s
     0     0 3.2185e+09    0  271 2.9667e+09 3.2185e+09  8.49%     -   68s
     0     0 3.2185e+09    0  261 2.9667e+09 3.2185e+09  8.49%     -   91s
H    0     0                    3.003022e+09 3.2185e+09  7.17%     -   99s
     0     0 3.2185e+09    0  259 3.0030e+09 3.2185e+09  7.17%     -  112s
H    0     0                    3.005859e+09 3.2185e+09  7.07%     -  124s
     0     0 3.2179e+09    0  266 3.0059e+09 3.2179e+09  7.05%     -  133s
     0     0 3.2178e+09    0  266 3.0059e+09 3.2178e+09  7.05%     -  135s
     0     0 3.2178e+09    0  279 3.0059e+09 3.2178e+09  7.05%     -  136s
     0     0 3.2170e+09    0  286 3.0059e+09 3.2170e+09  7.02%     -  147s
H    0     0                    3.013592e+09 3.2170e+09  6.75%     -  158s
     0     0 3.2170e+09    0  298 3.0136e+09 3.2170e+09  6.75%     -  162s
     0     0 3.2170e+09    0  301 3.0136e+09 3.2170e+09  6.75%     -  163s
     0     0 3.2156e+09    0  282 3.0136e+09 3.2156e+09  6.70%     -  171s
     0     0 3.2154e+09    0  273 3.0136e+09 3.2154e+09  6.70%     -  178s
     0     0 3.2154e+09    0  279 3.0136e+09 3.2154e+09  6.70%     -  181s
     0     0 3.2154e+09    0  279 3.0136e+09 3.2154e+09  6.70%     -  181s
     0     0 3.2144e+09    0  291 3.0136e+09 3.2144e+09  6.66%     -  189s
     0     0 3.2144e+09    0  298 3.0136e+09 3.2144e+09  6.66%     -  193s
     0     0 3.2144e+09    0  295 3.0136e+09 3.2144e+09  6.66%     -  194s
     0     0 3.2115e+09    0  273 3.0136e+09 3.2115e+09  6.57%     -  206s
H    0     0                    3.027607e+09 3.2115e+09  6.07%     -  217s
     0     0 3.2115e+09    0  286 3.0276e+09 3.2115e+09  6.07%     -  222s
     0     0 3.2115e+09    0  295 3.0276e+09 3.2115e+09  6.07%     -  224s
     0     0 3.2112e+09    0  284 3.0276e+09 3.2112e+09  6.07%     -  232s
     0     0 3.2112e+09    0  290 3.0276e+09 3.2112e+09  6.07%     -  237s
     0     0 3.2106e+09    0  284 3.0276e+09 3.2106e+09  6.04%     -  244s
     0     0 3.2106e+09    0  300 3.0276e+09 3.2106e+09  6.04%     -  251s
     0     0 3.2106e+09    0  307 3.0276e+09 3.2106e+09  6.04%     -  253s
     0     0 3.2094e+09    0  272 3.0276e+09 3.2094e+09  6.01%     -  262s
     0     0 3.2094e+09    0  290 3.0276e+09 3.2094e+09  6.00%     -  269s
     0     0 3.2094e+09    0  303 3.0276e+09 3.2094e+09  6.00%     -  272s
     0     0 3.2088e+09    0  290 3.0276e+09 3.2088e+09  5.98%     -  280s
     0     0 3.2088e+09    0  287 3.0276e+09 3.2088e+09  5.98%     -  285s
     0     0 3.2088e+09    0  283 3.0276e+09 3.2088e+09  5.98%     -  291s
H    0     0                    3.091350e+09 3.2088e+09  3.80%     -  309s
     0     0 3.2088e+09    0  294 3.0914e+09 3.2088e+09  3.80%     -  311s
     0     0 3.2086e+09    0  296 3.0914e+09 3.2086e+09  3.79%     -  318s
     0     0 3.2086e+09    0  315 3.0914e+09 3.2086e+09  3.79%     -  326s
     0     0 3.2086e+09    0  315 3.0914e+09 3.2086e+09  3.79%     -  327s
     0     0 3.2078e+09    0  304 3.0914e+09 3.2078e+09  3.77%     -  334s
H    0     0                    3.111932e+09 3.2078e+09  3.08%     -  345s
     0     0 3.2078e+09    0  307 3.1119e+09 3.2078e+09  3.08%     -  351s
     0     0 3.2078e+09    0  314 3.1119e+09 3.2078e+09  3.08%     -  353s
     0     0 3.2078e+09    0  325 3.1119e+09 3.2078e+09  3.08%     -  361s
     0     0 3.2078e+09    0  322 3.1119e+09 3.2078e+09  3.08%     -  367s
     0     0 3.2078e+09    0  324 3.1119e+09 3.2078e+09  3.08%     -  371s
     0     0 3.2078e+09    0  323 3.1119e+09 3.2078e+09  3.08%     -  374s
H    0     0                    3.126791e+09 3.2078e+09  2.59%     -  403s
H    0     0                    3.183664e+09 3.2078e+09  0.76%     -  421s

Cutting planes:
  Cover: 28
  Implied bound: 21
  Clique: 3
  MIR: 130
  Flow cover: 47
  GUB cover: 2
  Network: 5
  RLT: 23
  Relax-and-lift: 47

Explored 1 nodes (71092 simplex iterations) in 421.97 seconds (478.19 work units)
Thread count was 20 (of 40 available processors)

Solution count 10: 3.18366e+09 3.12679e+09 3.11193e+09 ... 2.81726e+09

Optimal solution found (tolerance 1.00e-02)
Best objective 3.183664185593e+09, best bound 3.207762846747e+09, gap 0.7569%
Gurobi Optimizer version 10.0.1 build v10.0.1rc0 (linux64)

CPU model: Intel(R) Xeon(R) Gold 5115 CPU @ 2.40GHz, instruction set [SSE2|AVX|AVX2|AVX512]
Thread count: 20 physical cores, 40 logical processors, using up to 20 threads

Optimize a model with 180672 rows, 1660770 columns and 11909532 nonzeros
Model fingerprint: 0xe20eab84
Variable types: 256713 continuous, 1404057 integer (1404057 binary)
Coefficient statistics:
  Matrix range     [1e+00, 2e+05]
  Objective range  [4e+01, 4e+07]
  Bounds range     [4e-14, 3e+05]
  RHS range        [1e+00, 8e+06]
Presolve removed 166680 rows and 1394190 columns (presolve time = 5s) ...
Presolve removed 166696 rows and 1394190 columns (presolve time = 10s) ...
Presolve removed 167596 rows and 1416654 columns
Presolve time: 14.52s
Presolved: 13076 rows, 244116 columns, 1157569 nonzeros
Variable types: 139533 continuous, 104583 integer (104574 binary)
Deterministic concurrent LP optimizer: primal simplex, dual simplex, and barrier
Showing barrier log only...

Root barrier log...

Ordering time: 0.44s

Barrier statistics:
 AA' NZ     : 5.969e+05
 Factor NZ  : 3.693e+06 (roughly 130 MB of memory)
 Factor Ops : 4.205e+09 (less than 1 second per iteration)
 Threads    : 17

                  Objective                Residual
Iter       Primal          Dual         Primal    Dual     Compl     Time
   0  -7.15861999e+15  4.04009693e+12  3.81e+08 7.18e+05  1.39e+11    18s
   1  -3.18692318e+15  3.94908744e+12  1.70e+08 8.07e+05  6.30e+10    18s
   2  -6.81753350e+14  3.31060602e+12  3.65e+07 1.64e+05  1.36e+10    18s
   3  -6.19668714e+13  2.07075734e+12  3.31e+06 3.42e-09  1.26e+09    18s
   4  -4.62837260e+12  1.16139579e+12  2.47e+05 3.73e-09  9.65e+07    18s
   5  -9.68142092e+11  6.60061425e+11  5.19e+04 1.27e-08  2.10e+07    19s
   6  -6.79280345e+11  3.77252459e+11  3.65e+04 4.03e-09  1.46e+07    19s
   7  -2.17229725e+11  2.54355979e+11  1.18e+04 2.91e-09  4.92e+06    19s
   8  -1.01748131e+11  2.24205490e+11  5.60e+03 5.94e-09  2.52e+06    19s
   9  -3.07227251e+10  1.45845386e+11  1.81e+03 2.79e-09  9.10e+05    19s
  10  -2.48369595e+09  6.25148977e+10  3.04e+02 2.79e-09  2.11e+05    19s
  11   1.02233255e+09  4.09357336e+10  1.20e+02 3.84e-09  1.10e+05    19s
  12   1.93373721e+09  2.82378562e+10  7.35e+01 4.42e-09  7.01e+04    19s
  13   2.65422894e+09  2.18326185e+10  3.80e+01 3.84e-09  4.75e+04    20s
  14   2.94115380e+09  1.41325870e+10  2.37e+01 7.80e-09  2.80e+04    20s
  15   3.07022035e+09  1.04342996e+10  1.76e+01 1.50e-08  1.89e+04    20s
  16   3.15395914e+09  1.02360567e+10  1.41e+01 1.73e-08  1.76e+04    20s
  17   3.23207934e+09  8.74323324e+09  1.11e+01 1.49e-08  1.38e+04    20s
  18   3.30349524e+09  6.41303970e+09  7.71e+00 1.64e-08  8.13e+03    20s
  19   3.38342848e+09  5.45217793e+09  4.38e+00 1.16e-08  5.32e+03    20s
  20   3.41597658e+09  4.90195421e+09  3.21e+00 1.34e-08  3.89e+03    20s
  21   3.42812859e+09  4.58553720e+09  2.75e+00 1.30e-08  3.09e+03    21s
  22   3.45302557e+09  4.50019814e+09  1.89e+00 1.68e-08  2.64e+03    21s
  23   3.46117099e+09  4.34778425e+09  1.59e+00 2.05e-08  2.22e+03    21s
  24   3.46917826e+09  4.13708318e+09  1.20e+00 1.86e-08  1.65e+03    21s
  25   3.47754046e+09  3.94200371e+09  8.86e-01 1.49e-08  1.14e+03    21s
  26   3.48335928e+09  3.76563087e+09  5.45e-01 1.21e-08  6.68e+02    21s
  27   3.49048948e+09  3.63923147e+09  2.23e-01 1.02e-08  3.29e+02    21s
  28   3.49412929e+09  3.57420332e+09  8.58e-02 7.45e-09  1.70e+02    22s
  29   3.49449418e+09  3.56149236e+09  7.64e-02 9.31e-09  1.42e+02    22s
  30   3.49581806e+09  3.54676664e+09  4.49e-02 8.38e-09  1.06e+02    22s
  31   3.49627809e+09  3.53693142e+09  3.64e-02 3.73e-09  8.46e+01    22s
  32   3.49655135e+09  3.52447431e+09  3.19e-02 3.73e-09  5.78e+01    22s
  33   3.49712817e+09  3.51924733e+09  2.40e-02 7.45e-09  4.56e+01    22s
  34   3.49816441e+09  3.51440545e+09  1.32e-02 4.66e-09  3.34e+01    22s
  35   3.49872700e+09  3.51058713e+09  1.00e-02 5.59e-09  2.44e+01    22s
  36   3.49896498e+09  3.50876561e+09  8.97e-03 5.59e-09  2.01e+01    22s
  37   3.49909651e+09  3.50816630e+09  8.38e-03 5.59e-09  1.86e+01    23s
  38   3.49959064e+09  3.50673314e+09  6.35e-03 8.38e-09  1.46e+01    23s
  39   3.49977425e+09  3.50606564e+09  5.72e-03 8.38e-09  1.29e+01    23s
  40   3.50023691e+09  3.50564367e+09  4.31e-03 8.38e-09  1.11e+01    23s
  41   3.50031684e+09  3.50541042e+09  4.10e-03 8.38e-09  1.04e+01    23s
  42   3.50071742e+09  3.50457687e+09  3.23e-03 7.45e-09  7.90e+00    23s
  43   3.50126332e+09  3.50427234e+09  2.19e-03 6.52e-09  6.17e+00    23s
  44   3.50141495e+09  3.50401328e+09  1.96e-03 5.59e-09  5.32e+00    24s
  45   3.50176839e+09  3.50377601e+09  1.41e-03 6.52e-09  4.11e+00    24s
  46   3.50195419e+09  3.50365804e+09  1.16e-03 7.45e-09  3.49e+00    24s
  47   3.50222691e+09  3.50351009e+09  8.28e-04 6.52e-09  2.63e+00    24s
  48   3.50236263e+09  3.50333259e+09  6.70e-04 4.66e-09  1.99e+00    24s
  49   3.50254334e+09  3.50325967e+09  4.66e-04 5.59e-09  1.47e+00    24s
  50   3.50268163e+09  3.50321619e+09  3.16e-04 4.66e-09  1.10e+00    25s
  51   3.50274799e+09  3.50316259e+09  2.50e-04 5.59e-09  8.50e-01    25s
  52   3.50283051e+09  3.50310786e+09  1.65e-04 5.59e-09  5.69e-01    25s
  53   3.50290285e+09  3.50308197e+09  9.62e-05 7.45e-09  3.68e-01    25s
  54   3.50293809e+09  3.50305579e+09  6.15e-05 4.66e-09  2.42e-01    25s
  55   3.50296818e+09  3.50304278e+09  3.20e-05 1.86e-09  1.53e-01    25s
  56   3.50299016e+09  3.50302726e+09  1.23e-05 3.73e-09  7.63e-02    25s
  57   3.50299596e+09  3.50301860e+09  7.36e-06 2.79e-09  4.65e-02    26s
  58   3.50299886e+09  3.50301351e+09  4.95e-06 3.73e-09  3.01e-02    26s
  59   3.50300061e+09  3.50300946e+09  3.55e-06 3.73e-09  1.82e-02    26s
  60   3.50300394e+09  3.50300642e+09  9.97e-07 4.66e-09  5.10e-03    26s
  61   3.50300496e+09  3.50300552e+09  2.70e-07 3.73e-09  1.15e-03    26s
  62   3.50300532e+09  3.50300539e+09  1.05e-07 3.73e-09  1.40e-04    26s
  63   3.50300534e+09  3.50300535e+09  2.08e-08 4.66e-09  1.49e-05    26s
  64   3.50300535e+09  3.50300535e+09  5.09e-09 4.66e-09  5.59e-08    26s
  65   3.50300535e+09  3.50300535e+09  1.31e-10 3.73e-09  3.43e-11    27s

Barrier solved model in 65 iterations and 26.57 seconds (31.57 work units)
Optimal objective 3.50300535e+09


Root crossover log...

    6867 DPushes remaining with DInf 0.0000000e+00                27s
       0 DPushes remaining with DInf 0.0000000e+00                27s

     450 PPushes remaining with PInf 0.0000000e+00                27s
       0 PPushes remaining with PInf 0.0000000e+00                27s

  Push phase complete: Pinf 0.0000000e+00, Dinf 5.0886172e-02     27s


Root simplex log...

Iteration    Objective       Primal Inf.    Dual Inf.      Time
    6949    3.5030053e+09   0.000000e+00   5.088613e-02     27s
    6950    3.5030053e+09   0.000000e+00   0.000000e+00     27s
Concurrent spin time: 0.01s

Solved with barrier
    6950    3.5030053e+09   0.000000e+00   0.000000e+00     27s

Root relaxation: objective 3.503005e+09, 6950 iterations, 10.78 seconds (7.52 work units)

    Nodes    |    Current Node    |     Objective Bounds      |     Work
 Expl Unexpl |  Obj  Depth IntInf | Incumbent    BestBd   Gap | It/Node Time

     0     0 3.5030e+09    0  207          - 3.5030e+09      -     -   28s
     0     0 3.5030e+09    0  226          - 3.5030e+09      -     -   38s
     0     0 3.5029e+09    0  217          - 3.5029e+09      -     -   46s
     0     0 3.5029e+09    0  216          - 3.5029e+09      -     -   47s
     0     0 3.5029e+09    0  212          - 3.5029e+09      -     -   54s
H    0     0                    3.431737e+09 3.5029e+09  2.07%     -   67s
     0     0 3.5029e+09    0  218 3.4317e+09 3.5029e+09  2.07%     -   68s
     0     0 3.5029e+09    0  221 3.4317e+09 3.5029e+09  2.07%     -   74s
H    0     0                    3.448084e+09 3.5029e+09  1.59%     -   86s
     0     0 3.5029e+09    0  231 3.4481e+09 3.5029e+09  1.59%     -   87s
     0     0 3.5029e+09    0  228 3.4481e+09 3.5029e+09  1.59%     -   96s
     0     0 3.5029e+09    0  231 3.4481e+09 3.5029e+09  1.59%     -  104s
     0     0 3.5029e+09    0  240 3.4481e+09 3.5029e+09  1.59%     -  105s
     0     0 3.5029e+09    0  230 3.4481e+09 3.5029e+09  1.59%     -  114s
     0     0 3.5029e+09    0  234 3.4481e+09 3.5029e+09  1.59%     -  120s
     0     0 3.5029e+09    0  241 3.4481e+09 3.5029e+09  1.59%     -  121s
     0     0 3.5029e+09    0  236 3.4481e+09 3.5029e+09  1.59%     -  133s
H    0     0                    3.448155e+09 3.5029e+09  1.59%     -  143s
     0     0 3.5029e+09    0  248 3.4482e+09 3.5029e+09  1.59%     -  145s
     0     0 3.5029e+09    0  256 3.4482e+09 3.5029e+09  1.59%     -  146s
     0     0 3.5029e+09    0  232 3.4482e+09 3.5029e+09  1.59%     -  149s
     0     0 3.5029e+09    0  240 3.4482e+09 3.5029e+09  1.59%     -  160s
     0     0 3.5029e+09    0  246 3.4482e+09 3.5029e+09  1.59%     -  161s
     0     0 3.5029e+09    0  252 3.4482e+09 3.5029e+09  1.59%     -  164s
     0     0 3.5029e+09    0  264 3.4482e+09 3.5029e+09  1.59%     -  168s
     0     0 3.5029e+09    0  243 3.4482e+09 3.5029e+09  1.59%     -  174s
     0     0 3.5029e+09    0  238 3.4482e+09 3.5029e+09  1.59%     -  179s
     0     0 3.5029e+09    0  252 3.4482e+09 3.5029e+09  1.59%     -  182s
     0     0 3.5029e+09    0  237 3.4482e+09 3.5029e+09  1.59%     -  185s
     0     0 3.5029e+09    0  245 3.4482e+09 3.5029e+09  1.59%     -  187s
     0     0 3.5027e+09    0  208 3.4482e+09 3.5027e+09  1.58%     -  200s
     0     0 3.5027e+09    0  216 3.4482e+09 3.5027e+09  1.58%     -  207s
     0     0 3.5027e+09    0  222 3.4482e+09 3.5027e+09  1.58%     -  208s
     0     0 3.5027e+09    0  223 3.4482e+09 3.5027e+09  1.58%     -  209s
     0     0 3.5025e+09    0  218 3.4482e+09 3.5025e+09  1.58%     -  211s
H    0     0                    3.461230e+09 3.5025e+09  1.19%     -  215s
     0     0 3.5025e+09    0  225 3.4612e+09 3.5025e+09  1.19%     -  217s
     0     0 3.5025e+09    0  230 3.4612e+09 3.5025e+09  1.19%     -  217s
     0     0 3.5025e+09    0  232 3.4612e+09 3.5025e+09  1.19%     -  218s
     0     0 3.5012e+09    0  217 3.4612e+09 3.5012e+09  1.15%     -  228s
H    0     0                    3.463799e+09 3.5012e+09  1.08%     -  238s
     0     0 3.5012e+09    0  233 3.4638e+09 3.5012e+09  1.08%     -  240s
     0     0 3.5012e+09    0  237 3.4638e+09 3.5012e+09  1.08%     -  241s
     0     0 3.5012e+09    0  229 3.4638e+09 3.5012e+09  1.08%     -  252s
H    0     0                    3.466738e+09 3.5012e+09  0.99%     -  257s

Cutting planes:
  Cover: 15
  Implied bound: 11
  Clique: 1
  MIR: 44
  StrongCG: 1
  Flow cover: 29
  RLT: 2
  Relax-and-lift: 21

Explored 1 nodes (33612 simplex iterations) in 257.69 seconds (297.65 work units)
Thread count was 20 (of 40 available processors)

Solution count 6: 3.46674e+09 3.4638e+09 3.46123e+09 ... 3.43174e+09

Optimal solution found (tolerance 1.00e-02)
Warning: max constraint violation (1.5425e-06) exceeds tolerance
Best objective 3.466737800229e+09, best bound 3.501166447196e+09, gap 0.9931%
Gurobi Optimizer version 10.0.1 build v10.0.1rc0 (linux64)

CPU model: Intel(R) Xeon(R) Gold 5115 CPU @ 2.40GHz, instruction set [SSE2|AVX|AVX2|AVX512]
Thread count: 20 physical cores, 40 logical processors, using up to 20 threads

Optimize a model with 182579 rows, 1666828 columns and 11794461 nonzeros
Model fingerprint: 0x61026b82
Variable types: 35381 continuous, 1631447 integer (1631447 binary)
Coefficient statistics:
  Matrix range     [1e+00, 2e+05]
  Objective range  [4e+01, 4e+07]
  Bounds range     [4e-14, 3e+05]
  RHS range        [1e+00, 8e+06]
Presolve removed 176281 rows and 1636918 columns (presolve time = 5s) ...
Presolve removed 176279 rows and 1637573 columns
Presolve time: 5.65s
Presolved: 6300 rows, 29255 columns, 146140 nonzeros
Variable types: 2479 continuous, 26776 integer (26763 binary)
Deterministic concurrent LP optimizer: primal and dual simplex
Showing first log only...


Root simplex log...

Iteration    Objective       Primal Inf.    Dual Inf.      Time
       0    2.9760462e+09   1.115853e+05   5.508113e+11      7s
    1388    3.3707645e+09   0.000000e+00   5.444983e+08      7s
   15842    3.4805646e+09   0.000000e+00   0.000000e+00      7s
Concurrent spin time: 0.01s

Solved with primal simplex
   15842    3.4805646e+09   0.000000e+00   0.000000e+00      7s

Root relaxation: objective 3.480565e+09, 15842 iterations, 0.59 seconds (0.62 work units)

    Nodes    |    Current Node    |     Objective Bounds      |     Work
 Expl Unexpl |  Obj  Depth IntInf | Incumbent    BestBd   Gap | It/Node Time

     0     0 3.4806e+09    0  158          - 3.4806e+09      -     -    7s
     0     0 3.4806e+09    0  162          - 3.4806e+09      -     -    7s
H    0     0                    3.402320e+09 3.4806e+09  2.30%     -    9s
H    0     0                    3.441608e+09 3.4806e+09  1.13%     -   10s
H    0     0                    3.443200e+09 3.4806e+09  1.08%     -   11s
H    0     0                    3.443384e+09 3.4806e+09  1.08%     -   11s
     0     0 3.4802e+09    0  153 3.4434e+09 3.4802e+09  1.07%     -   13s
H    0     0                    3.463483e+09 3.4802e+09  0.48%     -   16s

Cutting planes:
  Gomory: 1
  Cover: 2
  Implied bound: 7
  Clique: 1
  MIR: 24
  Flow cover: 16
  GUB cover: 3
  RLT: 14

Explored 1 nodes (16643 simplex iterations) in 16.23 seconds (11.07 work units)
Thread count was 20 (of 40 available processors)

Solution count 5: 3.46348e+09 3.44338e+09 3.4432e+09 ... 3.40232e+09

Optimal solution found (tolerance 1.00e-02)
Best objective 3.463482694199e+09, best bound 3.480243423429e+09, gap 0.4839%
