
Gurobi 10.0.1 (linux64) logging started Sat May 20 01:43:56 2023

Set parameter LogFile to value "logFiles/A-2L-E/A-2L-6U-51F-15V-365D/basic-05-20-2023, 01-43-H90-P70-O70.log"
Gurobi Optimizer version 10.0.1 build v10.0.1rc0 (linux64)

CPU model: Intel(R) Xeon(R) Gold 5115 CPU @ 2.40GHz, instruction set [SSE2|AVX|AVX2|AVX512]
Thread count: 20 physical cores, 40 logical processors, using up to 20 threads

Optimize a model with 70461 rows, 634766 columns and 3324141 nonzeros
Model fingerprint: 0xf2fb2cc0
Variable types: 6791 continuous, 627975 integer (627975 binary)
Coefficient statistics:
  Matrix range     [1e+00, 2e+05]
  Objective range  [4e+01, 4e+07]
  Bounds range     [1e+00, 1e+00]
  RHS range        [1e+00, 3e+06]
Presolve removed 50559 rows and 41731 columns (presolve time = 5s) ...
Presolve removed 50580 rows and 41731 columns (presolve time = 10s) ...
Presolve removed 50585 rows and 41796 columns (presolve time = 15s) ...
Presolve removed 50588 rows and 41826 columns (presolve time = 20s) ...
Presolve removed 50546 rows and 41784 columns
Presolve time: 22.29s
Presolved: 19915 rows, 592982 columns, 2807893 nonzeros
Variable types: 1565 continuous, 591417 integer (591314 binary)
Deterministic concurrent LP optimizer: primal simplex, dual simplex, and barrier
Showing barrier log only...

Root barrier log...

Elapsed ordering time = 6s
Ordering time: 7.81s

Barrier statistics:
 AA' NZ     : 1.386e+06
 Factor NZ  : 7.827e+06 (roughly 300 MB of memory)
 Factor Ops : 9.405e+09 (less than 1 second per iteration)
 Threads    : 17

                  Objective                Residual
Iter       Primal          Dual         Primal    Dual     Compl     Time
   0  -4.93459497e+16  5.91923820e+13  3.74e+09 1.56e+07  5.19e+12    40s
   1  -8.61659813e+15  7.79757934e+13  6.55e+08 1.51e+07  9.14e+11    40s
   2  -1.21344378e+15  7.93846644e+13  9.69e+07 7.90e+06  1.36e+11    41s
   3  -4.69296372e+13  5.52076571e+13  3.67e+06 1.66e+04  5.27e+09    41s
   4  -1.54237709e+13  3.09240739e+13  1.21e+06 2.91e+03  1.74e+09    42s
   5  -5.86972015e+12  2.66966111e+13  4.58e+05 3.01e+03  6.73e+08    42s
   6  -1.70821801e+12  1.88196232e+13  1.33e+05 1.56e+03  2.06e+08    43s
   7  -4.70953324e+11  1.38950311e+13  3.71e+04 8.16e+02  6.38e+07    43s
   8  -2.31783716e+11  9.23701301e+12  1.84e+04 3.73e+02  3.24e+07    43s
   9  -1.85934280e+11  6.30302088e+12  1.49e+04 2.71e+02  2.37e+07    44s
  10  -7.31192655e+10  4.38759687e+12  6.13e+03 1.27e+02  1.08e+07    44s
  11  -2.10472685e+10  2.59994233e+12  2.08e+03 6.16e+01  4.37e+06    45s
  12  -7.65114630e+09  9.11039969e+11  9.51e+02 1.38e+01  1.64e+06    45s
  13   7.72549050e+08  3.17604168e+11  2.55e+02 3.74e+00  4.82e+05    46s
  14   2.95982613e+09  1.74053611e+11  8.11e+01 1.94e+00  2.11e+05    47s
  15   3.33848190e+09  1.47532762e+11  5.06e+01 1.62e+00  1.63e+05    47s
  16   3.46981073e+09  1.06689193e+11  4.01e+01 1.14e+00  1.20e+05    47s
  17   3.62305135e+09  8.75489563e+10  2.78e+01 9.16e-01  9.40e+04    48s
  18   3.73090318e+09  6.24483219e+10  1.91e+01 6.31e-01  6.57e+04    48s
  19   3.80625661e+09  4.57577611e+10  1.33e+01 4.50e-01  4.67e+04    48s
  20   3.82712179e+09  3.22206110e+10  1.18e+01 3.05e-01  3.41e+04    49s
  21   3.85069203e+09  2.29015767e+10  1.03e+01 1.99e-01  2.48e+04    50s
  22   3.91628527e+09  1.94024333e+10  6.65e+00 1.58e-01  1.86e+04    50s
  23   3.99264236e+09  1.45568083e+10  2.88e+00 9.45e-02  1.11e+04    51s
  24   4.05046100e+09  1.16946334e+10  1.03e+00 6.42e-02  7.16e+03    51s
  25   4.09533332e+09  8.76478779e+09  6.47e-01 3.73e-02  4.29e+03    51s
  26   4.10084454e+09  8.30019298e+09  6.15e-01 3.32e-02  3.86e+03    52s
  27   4.11854040e+09  7.64624504e+09  5.06e-01 2.75e-02  3.21e+03    52s
  28   4.13311064e+09  7.00882062e+09  4.01e-01 2.21e-02  2.60e+03    52s
  29   4.15406591e+09  6.63507455e+09  3.10e-01 1.89e-02  2.22e+03    53s
  30   4.17903036e+09  5.73247287e+09  2.33e-01 1.22e-02  1.39e+03    53s
  31   4.22133805e+09  5.33791447e+09  1.58e-01 8.69e-03  9.90e+02    54s
  32   4.24815937e+09  5.19569361e+09  1.18e-01 7.53e-03  8.34e+02    54s
  33   4.26941855e+09  4.96601607e+09  9.47e-02 5.63e-03  6.13e+02    55s
  34   4.28807231e+09  4.85393479e+09  7.73e-02 4.55e-03  4.97e+02    55s
  35   4.30591557e+09  4.81082761e+09  5.57e-02 4.14e-03  4.40e+02    56s
  36   4.32100606e+09  4.68040345e+09  4.16e-02 2.90e-03  3.13e+02    56s
  37   4.32765811e+09  4.59941037e+09  3.50e-02 2.16e-03  2.37e+02    57s
  38   4.33640865e+09  4.52566619e+09  2.46e-02 1.48e-03  1.65e+02    57s
  39   4.34401740e+09  4.47473233e+09  1.85e-02 1.02e-03  1.14e+02    58s
  40   4.34967410e+09  4.44932501e+09  1.35e-02 7.79e-04  8.70e+01    58s
  41   4.35274379e+09  4.42874776e+09  1.08e-02 5.84e-04  6.64e+01    59s
  42   4.35312982e+09  4.41881443e+09  1.04e-02 4.88e-04  5.76e+01    59s
  43   4.35854967e+09  4.40669013e+09  6.14e-03 3.65e-04  4.19e+01    60s
  44   4.36058177e+09  4.39806608e+09  4.80e-03 2.80e-04  3.26e+01    60s
  45   4.36088077e+09  4.39686490e+09  4.63e-03 2.64e-04  3.13e+01    61s
  46   4.36279349e+09  4.39085496e+09  3.70e-03 1.96e-04  2.45e+01    61s
  47   4.36513791e+09  4.38681714e+09  2.72e-03 1.54e-04  1.89e+01    62s
  48   4.36713320e+09  4.38536789e+09  2.01e-03 1.38e-04  1.58e+01    62s
  49   4.36833556e+09  4.38179047e+09  1.63e-03 9.37e-05  1.17e+01    63s
  50   4.36939763e+09  4.38063066e+09  1.30e-03 8.16e-05  9.76e+00    63s
  51   4.37058485e+09  4.37932903e+09  9.64e-04 6.82e-05  7.59e+00    64s
  52   4.37110664e+09  4.37879711e+09  8.33e-04 6.16e-05  6.67e+00    65s
  53   4.37224041e+09  4.37836000e+09  5.60e-04 5.58e-05  5.29e+00    65s
  54   4.37278553e+09  4.37757593e+09  4.46e-04 4.36e-05  4.14e+00    66s
  55   4.37306781e+09  4.37713755e+09  3.87e-04 3.70e-05  3.52e+00    67s
  56   4.37355273e+09  4.37654753e+09  2.85e-04 2.64e-05  2.59e+00    67s
  57   4.37397202e+09  4.37615237e+09  2.01e-04 1.99e-05  1.89e+00    68s
  58   4.37437463e+09  4.37590186e+09  1.24e-04 1.58e-05  1.32e+00    69s
  59   4.37458651e+09  4.37557445e+09  8.51e-05 1.00e-05  8.54e-01    69s
  60   4.37475528e+09  4.37541406e+09  5.22e-05 6.74e-06  5.69e-01    70s
  61   4.37494332e+09  4.37525828e+09  1.86e-05 3.75e-06  2.70e-01    70s
  62   4.37497328e+09  4.37525138e+09  1.40e-05 3.64e-06  2.38e-01    71s
  63   4.37500181e+09  4.37520376e+09  9.75e-06 2.67e-06  1.73e-01    71s
  64   4.37503502e+09  4.37513847e+09  4.97e-06 1.33e-06  8.86e-02    71s
  65   4.37505374e+09  4.37511005e+09  4.23e-06 7.76e-07  4.81e-02    72s
  66   4.37506271e+09  4.37508274e+09  1.19e-05 3.95e-07  1.71e-02    72s
  67   4.37506541e+09  4.37507564e+09  5.03e-06 3.58e-07  8.76e-03    72s
  68   4.37506599e+09  4.37507133e+09  4.38e-06 3.78e-07  4.62e-03    73s
  69   4.37506812e+09  4.37506940e+09  9.15e-07 3.86e-07  1.12e-03    73s
  70   4.37506870e+09  4.37506912e+09  3.35e-07 5.18e-07  3.68e-04    74s
  71   4.37506897e+09  4.37506907e+09  8.41e-08 3.91e-07  8.54e-05    74s
  72   4.37506905e+09  4.37506907e+09  9.47e-08 3.48e-07  9.59e-06    75s
  73   4.37506906e+09  4.37506906e+09  1.59e-06 4.79e-07  1.91e-08    75s
  74   4.37506906e+09  4.37506906e+09  5.32e-09 4.77e-07  6.01e-11    76s

Barrier solved model in 74 iterations and 75.88 seconds (37.93 work units)
Optimal objective 4.37506906e+09


Root crossover log...

   15093 DPushes remaining with DInf 0.0000000e+00                76s
       0 DPushes remaining with DInf 0.0000000e+00                77s

    1955 PPushes remaining with PInf 0.0000000e+00                77s
       0 PPushes remaining with PInf 0.0000000e+00                77s

  Push phase complete: Pinf 0.0000000e+00, Dinf 6.1678086e+01     77s


Root simplex log...

Iteration    Objective       Primal Inf.    Dual Inf.      Time
   17006    4.3750691e+09   0.000000e+00   6.167809e+01     77s
   17010    4.3750691e+09   0.000000e+00   0.000000e+00     77s
Concurrent spin time: 0.08s

Solved with barrier
   17157    4.3750691e+09   0.000000e+00   0.000000e+00     78s
Extra simplex iterations after uncrush: 147

Root relaxation: objective 4.375069e+09, 17157 iterations, 50.11 seconds (23.57 work units)
Total elapsed time = 80.41s

    Nodes    |    Current Node    |     Objective Bounds      |     Work
 Expl Unexpl |  Obj  Depth IntInf | Incumbent    BestBd   Gap | It/Node Time

     0     0 4.3751e+09    0  535          - 4.3751e+09      -     -   85s
     0     0 4.3716e+09    0  474          - 4.3716e+09      -     -  377s
     0     0 4.3713e+09    0  462          - 4.3713e+09      -     -  521s
     0     0 4.3713e+09    0  474          - 4.3713e+09      -     -  585s
     0     0 4.3713e+09    0  485          - 4.3713e+09      -     -  597s
     0     0 4.3711e+09    0  495          - 4.3711e+09      -     -  808s
     0     0 4.3710e+09    0  486          - 4.3710e+09      -     - 1032s
     0     0 4.3710e+09    0  496          - 4.3710e+09      -     - 1087s
     0     0 4.3709e+09    0  462          - 4.3709e+09      -     - 1233s
     0     0 4.3709e+09    0  480          - 4.3709e+09      -     - 1311s
     0     0 4.3709e+09    0  485          - 4.3709e+09      -     - 1405s
     0     0 4.3709e+09    0  476          - 4.3709e+09      -     - 1459s
     0     0 4.3709e+09    0  488          - 4.3709e+09      -     - 1504s
     0     0 4.3709e+09    0  488          - 4.3709e+09      -     - 1506s
     0     0 4.3708e+09    0  482          - 4.3708e+09      -     - 1695s
     0     0 4.3708e+09    0  499          - 4.3708e+09      -     - 1868s
     0     0 4.3708e+09    0  478          - 4.3708e+09      -     - 1903s
     0     0 4.3708e+09    0  482          - 4.3708e+09      -     - 1905s
     0     0 4.3708e+09    0  501          - 4.3708e+09      -     - 1948s
H    0     0                    4.256494e+09 4.3708e+09  2.68%     - 2028s
H    0     0                    4.268620e+09 4.3708e+09  2.39%     - 2067s
     0     0 4.3708e+09    0  487 4.2686e+09 4.3708e+09  2.39%     - 2132s
     0     0 4.3707e+09    0  482 4.2686e+09 4.3707e+09  2.39%     - 2208s
     0     0 4.3707e+09    0  506 4.2686e+09 4.3707e+09  2.39%     - 2223s
     0     0 4.3707e+09    0  484 4.2686e+09 4.3707e+09  2.39%     - 2311s
H    0     0                    4.332317e+09 4.3707e+09  0.89%     - 4532s
     0     0 4.3707e+09    0  484 4.3323e+09 4.3707e+09  0.89%     - 4568s
     0     0 4.3707e+09    0  520 4.3323e+09 4.3707e+09  0.89%     - 4633s
H    0     0                    4.333888e+09 4.3707e+09  0.85%     - 4810s
     0     0 4.3707e+09    0  506 4.3339e+09 4.3707e+09  0.85%     - 4876s
     0     0 4.3707e+09    0  527 4.3339e+09 4.3707e+09  0.85%     - 4913s
     0     0 4.3707e+09    0  549 4.3339e+09 4.3707e+09  0.85%     - 4994s
     0     0 4.3707e+09    0  534 4.3339e+09 4.3707e+09  0.85%     - 5598s
     0     0 4.3707e+09    0  509 4.3339e+09 4.3707e+09  0.85%     - 5639s
H    0     0                    4.334390e+09 4.3707e+09  0.84%     - 5831s
     0     0 4.3707e+09    0  530 4.3344e+09 4.3707e+09  0.84%     - 5853s
     0     0 4.3707e+09    0  508 4.3344e+09 4.3707e+09  0.84%     - 5898s
     0     0 4.3707e+09    0  495 4.3344e+09 4.3707e+09  0.84%     - 5927s
     0     2 4.3707e+09    0  488 4.3344e+09 4.3707e+09  0.84%     - 6164s
     1     4 4.3707e+09    1  486 4.3344e+09 4.3707e+09  0.84% 17562 6255s
     3     8 4.3707e+09    2  486 4.3344e+09 4.3707e+09  0.84%  7654 6496s
     7    16 4.3707e+09    3  510 4.3344e+09 4.3707e+09  0.84%  5659 6932s
    15    32 4.3707e+09    4  516 4.3344e+09 4.3707e+09  0.84%  6358 7259s
    25    32 4.3704e+09    4  467 4.3344e+09 4.3707e+09  0.84%  5527 7260s
H   31    52                    4.334422e+09 4.3707e+09  0.84%  5474 7671s
H   35    52                    4.334537e+09 4.3707e+09  0.83%  5084 7673s
H   36    52                    4.334682e+09 4.3707e+09  0.83%  5055 7674s
H   38    52                    4.334952e+09 4.3707e+09  0.82%  4968 7676s
    51    72 4.3707e+09    6  502 4.3350e+09 4.3707e+09  0.82%  4709 7889s
H   71    92                    4.336828e+09 4.3707e+09  0.78%  4221 11003s
H   75    92                    4.338030e+09 4.3707e+09  0.75%  4151 11004s
H   84    92                    4.338677e+09 4.3707e+09  0.74%  4037 11005s
H   91   112                    4.340561e+09 4.3707e+09  0.69%  3818 13876s
H   94   112                    4.347270e+09 4.3707e+09  0.54%  3731 13878s
   111   149 4.3707e+09    9  530 4.3473e+09 4.3707e+09  0.54%  3367 14093s
   148   182 4.3707e+09   11  468 4.3473e+09 4.3707e+09  0.54%  2918 14297s
   185   282 4.3707e+09   13  464 4.3473e+09 4.3707e+09  0.54%  2646 14641s
   285   475 4.3707e+09   19  516 4.3473e+09 4.3707e+09  0.54%  2258 15392s
   478   702 4.3706e+09   28  475 4.3473e+09 4.3707e+09  0.54%  1892 16116s
   718   980 4.3706e+09   33  486 4.3473e+09 4.3707e+09  0.54%  1781 17301s
  1044  1362 4.3704e+09   48  508 4.3473e+09 4.3707e+09  0.54%  1655 18445s
H 1469  1784                    4.347358e+09 4.3707e+09  0.54%  1498 19519s
  1952  2253 4.3704e+09   76  505 4.3474e+09 4.3707e+09  0.54%  1370 20611s
  2452  2761 4.3703e+09   89  455 4.3474e+09 4.3707e+09  0.54%  1308 21600s

Cutting planes:
  Cover: 114
  Implied bound: 179
  Clique: 14
  MIR: 106
  StrongCG: 1
  Flow cover: 220
  GUB cover: 3
  Network: 14
  RLT: 25
  Relax-and-lift: 33

Explored 2982 nodes (3780380 simplex iterations) in 21600.36 seconds (12212.40 work units)
Thread count was 20 (of 40 available processors)

Solution count 10: 4.34736e+09 4.34727e+09 4.34056e+09 ... 4.33442e+09

Time limit reached
Best objective 4.347358272540e+09, best bound 4.370655728396e+09, gap 0.5359%
Gurobi Optimizer version 10.0.1 build v10.0.1rc0 (linux64)

CPU model: Intel(R) Xeon(R) Gold 5115 CPU @ 2.40GHz, instruction set [SSE2|AVX|AVX2|AVX512]
Thread count: 20 physical cores, 40 logical processors, using up to 20 threads

Optimize a model with 121250 rows, 1121403 columns and 6713917 nonzeros
Model fingerprint: 0xc7a60e32
Variable types: 375886 continuous, 745517 integer (745517 binary)
Coefficient statistics:
  Matrix range     [1e+00, 2e+05]
  Objective range  [4e+01, 4e+07]
  Bounds range     [1e+00, 3e+05]
  RHS range        [1e+00, 5e+06]
Presolve removed 91244 rows and 604959 columns (presolve time = 5s) ...
Presolve removed 100144 rows and 706875 columns (presolve time = 10s) ...
Presolve removed 101356 rows and 744566 columns (presolve time = 15s) ...
Presolve removed 101358 rows and 744568 columns (presolve time = 20s) ...
Presolve removed 101358 rows and 744568 columns (presolve time = 25s) ...
Presolve removed 101713 rows and 753942 columns
Presolve time: 28.97s
Presolved: 19537 rows, 367461 columns, 1696304 nonzeros
Variable types: 182027 continuous, 185434 integer (185419 binary)
Deterministic concurrent LP optimizer: primal simplex, dual simplex, and barrier
Showing barrier log only...

Root barrier log...

Ordering time: 1.12s

Barrier statistics:
 AA' NZ     : 8.933e+05
 Factor NZ  : 6.470e+06 (roughly 200 MB of memory)
 Factor Ops : 9.626e+09 (less than 1 second per iteration)
 Threads    : 17

                  Objective                Residual
Iter       Primal          Dual         Primal    Dual     Compl     Time
   0  -1.24080190e+16  2.45393582e+13  7.55e+08 2.06e+06  5.58e+11    37s
   1  -5.35689244e+15  2.24246722e+13  3.26e+08 3.11e+06  2.44e+11    38s
   2  -1.30475084e+15  1.69309981e+13  7.98e+07 4.18e+05  6.17e+10    38s
   3  -9.44649613e+13  1.13337887e+13  5.78e+06 1.49e-08  4.51e+09    38s
   4  -7.01093199e+12  5.42943644e+12  4.29e+05 2.24e-08  3.44e+08    39s
   5  -4.80087423e+12  2.40108052e+12  2.94e+05 1.13e-08  2.35e+08    39s
   6  -9.11629144e+11  1.68041912e+12  5.58e+04 1.00e-08  4.68e+07    39s
   7  -5.55884356e+11  1.28446429e+12  3.41e+04 9.43e-09  2.87e+07    40s
   8  -2.37563520e+11  9.10628094e+11  1.46e+04 1.12e-08  1.25e+07    40s
   9  -4.94368593e+10  6.57976637e+11  3.14e+03 9.43e-09  3.16e+06    41s
  10  -2.07949773e+10  3.80735425e+11  1.40e+03 5.78e-08  1.41e+06    41s
  11  -7.32501728e+09  2.00295659e+11  5.83e+02 3.64e-08  6.02e+05    41s
  12  -2.41968139e+09  1.46260104e+11  2.86e+02 2.98e-08  3.52e+05    42s
  13  -8.41879330e+08  9.20762423e+10  1.91e+02 2.98e-08  2.21e+05    42s
  14   1.31113812e+08  5.13426210e+10  1.34e+02 2.98e-08  1.33e+05    42s
  15   1.67718110e+09  2.10553816e+10  4.35e+01 2.24e-08  4.66e+04    43s
  16   1.76353686e+09  1.90831217e+10  3.87e+01 3.08e-08  4.15e+04    43s
  17   1.84279198e+09  1.69397863e+10  3.43e+01 3.61e-08  3.64e+04    43s
  18   1.93541211e+09  1.35594344e+10  2.91e+01 3.16e-08  2.92e+04    44s
  19   1.98867523e+09  1.10517492e+10  2.61e+01 3.68e-08  2.44e+04    44s
  20   2.09612874e+09  8.48021069e+09  2.02e+01 3.73e-08  1.80e+04    44s
  21   2.22698714e+09  6.55789487e+09  1.31e+01 2.70e-08  1.20e+04    45s
  22   2.28822284e+09  5.98087731e+09  1.04e+01 3.41e-08  9.86e+03    45s
  23   2.36465243e+09  5.24140949e+09  6.92e+00 3.68e-08  7.08e+03    46s
  24   2.40025187e+09  4.64202400e+09  5.57e+00 3.35e-08  5.54e+03    46s
  25   2.43549492e+09  4.33941006e+09  4.67e+00 3.10e-08  4.61e+03    46s
  26   2.44670289e+09  3.96356800e+09  4.17e+00 3.60e-08  3.77e+03    47s
  27   2.49160342e+09  3.58551250e+09  2.86e+00 2.67e-08  2.57e+03    47s
  28   2.50437714e+09  3.44001099e+09  2.49e+00 2.37e-08  2.16e+03    48s
  29   2.54571893e+09  3.27837034e+09  1.32e+00 2.21e-08  1.44e+03    48s
  30   2.55572300e+09  3.13124480e+09  1.08e+00 2.37e-08  1.09e+03    49s
  31   2.57123469e+09  3.05019418e+09  7.31e-01 1.86e-08  8.46e+02    49s
  32   2.57568456e+09  2.93791583e+09  6.15e-01 1.64e-08  6.28e+02    50s
  33   2.57997625e+09  2.88736162e+09  5.31e-01 1.46e-08  5.23e+02    50s
  34   2.58577139e+09  2.83919166e+09  4.19e-01 1.40e-08  4.18e+02    50s
  35   2.58932150e+09  2.80969008e+09  3.68e-01 1.34e-08  3.58e+02    51s
  36   2.59571098e+09  2.78936831e+09  2.84e-01 1.03e-08  3.05e+02    51s
  37   2.59808613e+09  2.73779236e+09  2.47e-01 8.18e-09  2.17e+02    52s
  38   2.60098432e+09  2.69656680e+09  2.12e-01 6.28e-09  1.46e+02    52s
  39   2.60554941e+09  2.67928722e+09  1.54e-01 5.59e-09  1.10e+02    53s
  40   2.60594590e+09  2.66987959e+09  1.48e-01 7.45e-09  9.45e+01    53s
  41   2.61110772e+09  2.66209434e+09  9.41e-02 7.45e-09  7.36e+01    53s
  42   2.61270682e+09  2.65356224e+09  8.33e-02 7.45e-09  5.86e+01    54s
  43   2.61571809e+09  2.64919220e+09  6.49e-02 4.66e-09  4.76e+01    54s
  44   2.61853748e+09  2.64486533e+09  4.99e-02 5.59e-09  3.72e+01    55s
  45   2.62003422e+09  2.64212849e+09  4.26e-02 5.59e-09  3.11e+01    55s
  46   2.62170689e+09  2.64033270e+09  3.49e-02 4.71e-09  2.61e+01    55s
  47   2.62338316e+09  2.63969480e+09  2.79e-02 5.59e-09  2.28e+01    56s
  48   2.62416899e+09  2.63843294e+09  2.48e-02 6.05e-09  1.99e+01    56s
  49   2.62470321e+09  2.63702177e+09  2.26e-02 6.17e-09  1.72e+01    57s
  50   2.62576258e+09  2.63628296e+09  1.85e-02 7.51e-09  1.46e+01    57s
  51   2.62664917e+09  2.63535920e+09  1.53e-02 7.45e-09  1.21e+01    58s
  52   2.62769919e+09  2.63452159e+09  1.16e-02 7.45e-09  9.45e+00    58s
  53   2.62809524e+09  2.63408471e+09  1.04e-02 7.45e-09  8.29e+00    58s
  54   2.62873427e+09  2.63370346e+09  8.40e-03 7.45e-09  6.87e+00    59s
  55   2.62909087e+09  2.63338863e+09  7.31e-03 7.45e-09  5.93e+00    59s
  56   2.62949482e+09  2.63323977e+09  6.18e-03 3.73e-09  5.17e+00    60s
  57   2.62972931e+09  2.63294466e+09  5.55e-03 5.59e-09  4.43e+00    60s
  58   2.63008110e+09  2.63288669e+09  4.62e-03 7.45e-09  3.87e+00    61s
  59   2.63027474e+09  2.63278788e+09  4.11e-03 7.45e-09  3.46e+00    61s
  60   2.63048884e+09  2.63259664e+09  3.57e-03 6.81e-09  2.90e+00    62s
  61   2.63082337e+09  2.63249666e+09  2.75e-03 6.29e-09  2.30e+00    62s
  62   2.63108191e+09  2.63245405e+09  2.16e-03 5.59e-09  1.89e+00    63s
  63   2.63125059e+09  2.63236307e+09  1.76e-03 5.94e-09  1.53e+00    63s
  64   2.63142696e+09  2.63234703e+09  1.37e-03 7.45e-09  1.27e+00    64s
  65   2.63146219e+09  2.63232464e+09  1.29e-03 7.45e-09  1.19e+00    64s
  66   2.63149901e+09  2.63228342e+09  1.21e-03 7.45e-09  1.08e+00    64s
  67   2.63173142e+09  2.63224338e+09  6.98e-04 7.45e-09  7.04e-01    65s
  68   2.63183995e+09  2.63220016e+09  4.75e-04 7.45e-09  4.95e-01    65s
  69   2.63194240e+09  2.63216232e+09  2.72e-04 7.45e-09  3.02e-01    66s
  70   2.63197650e+09  2.63214740e+09  2.03e-04 7.68e-09  2.35e-01    66s
  71   2.63198540e+09  2.63214276e+09  1.86e-04 7.45e-09  2.16e-01    67s
  72   2.63198964e+09  2.63213171e+09  1.78e-04 7.45e-09  1.95e-01    67s
  73   2.63202528e+09  2.63210752e+09  1.10e-04 7.45e-09  1.13e-01    67s
  74   2.63206569e+09  2.63209166e+09  3.56e-05 5.59e-09  3.57e-02    68s
  75   2.63208313e+09  2.63208725e+09  4.51e-06 5.59e-09  5.66e-03    68s
  76   2.63208517e+09  2.63208559e+09  3.39e-06 5.59e-09  5.77e-04    68s
  77   2.63208540e+09  2.63208541e+09  1.99e-07 7.45e-09  1.25e-05    69s
  78   2.63208541e+09  2.63208541e+09  1.38e-09 7.45e-09  6.42e-10    69s

Barrier solved model in 78 iterations and 68.93 seconds (40.05 work units)
Optimal objective 2.63208541e+09


Root crossover log...

    9772 DPushes remaining with DInf 0.0000000e+00                69s
       0 DPushes remaining with DInf 0.0000000e+00                70s

     864 PPushes remaining with PInf 8.8422315e-06                70s
       0 PPushes remaining with PInf 0.0000000e+00                70s

  Push phase complete: Pinf 0.0000000e+00, Dinf 1.2082060e+02     70s


Root simplex log...

Iteration    Objective       Primal Inf.    Dual Inf.      Time
   10615    2.6320854e+09   0.000000e+00   1.208206e+02     70s
   10617    2.6320854e+09   0.000000e+00   0.000000e+00     70s
Concurrent spin time: 11.76s (can be avoided by choosing Method=3)

Solved with barrier
   10624    2.6320854e+09   0.000000e+00   0.000000e+00     82s
Extra simplex iterations after uncrush: 7

Root relaxation: objective 2.632085e+09, 10624 iterations, 49.28 seconds (15.65 work units)

    Nodes    |    Current Node    |     Objective Bounds      |     Work
 Expl Unexpl |  Obj  Depth IntInf | Incumbent    BestBd   Gap | It/Node Time

     0     0 2.6321e+09    0  327          - 2.6321e+09      -     -   86s
     0     0 2.6309e+09    0  402          - 2.6309e+09      -     -  159s
     0     0 2.6309e+09    0  395          - 2.6309e+09      -     -  173s
     0     0 2.6309e+09    0  409          - 2.6309e+09      -     -  205s
     0     0 2.6309e+09    0  410          - 2.6309e+09      -     -  216s
     0     0 2.6309e+09    0  419          - 2.6309e+09      -     -  224s
     0     0 2.6305e+09    0  328          - 2.6305e+09      -     -  249s
     0     0 2.6305e+09    0  328          - 2.6305e+09      -     -  258s
     0     0 2.6305e+09    0  324          - 2.6305e+09      -     -  268s
     0     0 2.6305e+09    0  340          - 2.6305e+09      -     -  276s
     0     0 2.6305e+09    0  333          - 2.6305e+09      -     -  286s
     0     0 2.6305e+09    0  320          - 2.6305e+09      -     -  294s
     0     0 2.6305e+09    0  337          - 2.6305e+09      -     -  310s
     0     0 2.6305e+09    0  334          - 2.6305e+09      -     -  320s
     0     0 2.6305e+09    0  345          - 2.6305e+09      -     -  334s
     0     0 2.6305e+09    0  367          - 2.6305e+09      -     -  340s
     0     0 2.6305e+09    0  343          - 2.6305e+09      -     -  347s
     0     0 2.6305e+09    0  336          - 2.6305e+09      -     -  356s
     0     2 2.6305e+09    0  332          - 2.6305e+09      -     -  439s
     1     4 2.6305e+09    1  350          - 2.6305e+09      -  1868  453s
     3     8 2.6305e+09    2  333          - 2.6305e+09      -  1405  481s
     7    16 2.6305e+09    3  338          - 2.6305e+09      -  1435  506s
    15    32 2.6305e+09    4  337          - 2.6305e+09      -  1338  576s
    31    52 2.6305e+09    5  327          - 2.6305e+09      -  1512  653s
    51    72 2.6305e+09    6  322          - 2.6305e+09      -  1349  720s
    71    92 2.6305e+09    7  334          - 2.6305e+09      -  1212  795s
    91   112 2.6305e+09    8  318          - 2.6305e+09      -  1239  916s
   111   132 2.6304e+09    9  315          - 2.6305e+09      -  1510  985s
   131   153 2.6304e+09   10  317          - 2.6305e+09      -  1452 1049s
   152   173 2.6304e+09   10  305          - 2.6305e+09      -  1451 1093s
   172   193 2.6304e+09   11  300          - 2.6305e+09      -  1434 1234s
H  179   193                    2.456194e+09 2.6305e+09  7.10%  1429 1235s
H  186   193                    2.474205e+09 2.6305e+09  6.32%  1457 1236s
H  192   215                    2.474325e+09 2.6305e+09  6.31%  1451 1353s
H  193   215                    2.494268e+09 2.6305e+09  5.46%  1447 1354s
H  194   215                    2.528242e+09 2.6305e+09  4.04%  1464 1354s
   214   237 2.6304e+09   13  292 2.5282e+09 2.6305e+09  4.04%  1419 1484s
   236   261 2.6304e+09   14  292 2.5282e+09 2.6305e+09  4.04%  1427 1586s
H  260   281                    2.528356e+09 2.6305e+09  4.04%  1431 2054s
H  260   281                    2.573566e+09 2.6305e+09  2.21%  1431 2055s
H  265   281                    2.574576e+09 2.6305e+09  2.17%  1421 2056s
H  268   281                    2.579209e+09 2.6305e+09  1.99%  1416 2057s
   280   307 2.6304e+09   17  299 2.5792e+09 2.6305e+09  1.99%  1385 2148s
   306   327 2.6304e+09   19  294 2.5792e+09 2.6305e+09  1.99%  1372 2235s
H  308   327                    2.580349e+09 2.6305e+09  1.94%  1368 2235s
   326   357 2.6304e+09   20  293 2.5803e+09 2.6305e+09  1.94%  1351 2298s
   356   377 2.6304e+09   20  309 2.5803e+09 2.6305e+09  1.94%  1330 2469s
H  357   377                    2.582364e+09 2.6305e+09  1.86%  1327 2470s
H  361   377                    2.583655e+09 2.6305e+09  1.81%  1321 2471s
H  364   377                    2.586620e+09 2.6305e+09  1.70%  1315 2472s
   376   398 2.6304e+09   21  296 2.5866e+09 2.6305e+09  1.70%  1298 2588s
   397   442 2.6304e+09   22  292 2.5866e+09 2.6305e+09  1.70%  1285 2625s
   441   488 2.6304e+09   24  302 2.5866e+09 2.6305e+09  1.70%  1230 2669s
   487   538 2.6304e+09   26  282 2.5866e+09 2.6305e+09  1.70%  1199 2710s
   539   592 2.6304e+09   28  287 2.5866e+09 2.6305e+09  1.70%  1160 2753s
   593   650 2.6304e+09   30  260 2.5866e+09 2.6305e+09  1.70%  1124 2797s
   655   718 2.6304e+09   33  280 2.5866e+09 2.6305e+09  1.70%  1085 2837s
   730   835 2.6304e+09   37  268 2.5866e+09 2.6305e+09  1.70%  1028 2898s
   860   946 2.6304e+09   43  258 2.5866e+09 2.6305e+09  1.70%   951 2962s
   984  1059 2.6304e+09   47  274 2.5866e+09 2.6305e+09  1.70%   902 3034s
  1111  1184 2.6304e+09   49  272 2.5866e+09 2.6305e+09  1.70%   864 3094s
  1251  1216 2.6304e+09   54  284 2.5866e+09 2.6305e+09  1.70%   822 3175s
H 1254  1216                    2.588473e+09 2.6305e+09  1.62%   821 3176s
H 1280  1216                    2.589498e+09 2.6305e+09  1.58%   818 3177s
  1288  1391 2.6304e+09   57  292 2.5895e+09 2.6305e+09  1.58%   817 3272s
  1477  1553 2.6304e+09   63  287 2.5895e+09 2.6305e+09  1.58%   785 3350s
  1648  1744 2.6304e+09   68  285 2.5895e+09 2.6305e+09  1.58%   760 3425s
  1861  1980 2.6304e+09   77  273 2.5895e+09 2.6305e+09  1.58%   723 3514s
  2125  2195 2.6303e+09   83  304 2.5895e+09 2.6305e+09  1.58%   685 3624s
H 2340  2215                    2.590152e+09 2.6305e+09  1.56%   678 3997s
H 2340  2186                    2.606148e+09 2.6305e+09  0.93%   678 3998s
H 2351  2165                    2.610905e+09 2.6305e+09  0.75%   678 3998s
  2360  2484 2.6303e+09   95  310 2.6109e+09 2.6305e+09  0.75%   681 4162s
  2689  2504 2.6303e+09  105  265 2.6109e+09 2.6305e+09  0.75%   657 5700s
H 2690  2501                    2.611092e+09 2.6305e+09  0.74%   656 5701s
H 2700  2495                    2.612894e+09 2.6305e+09  0.67%   656 5701s
H 2707  2495                    2.614151e+09 2.6305e+09  0.62%   656 5702s
  2709  2917 2.6303e+09  106  268 2.6142e+09 2.6305e+09  0.62%   656 5998s
  3145  3410 2.6303e+09  121  275 2.6142e+09 2.6305e+09  0.62%   622 6348s
  3674  3912 2.6303e+09  130  290 2.6142e+09 2.6305e+09  0.62%   586 6713s
  4176  4478 2.6303e+09  150  271 2.6142e+09 2.6305e+09  0.62%   566 7125s
  4745  5142 2.6302e+09  168  276 2.6142e+09 2.6305e+09  0.62%   545 7582s
  5410  5635 2.6302e+09  186  238 2.6142e+09 2.6305e+09  0.62%   521 7992s
H 5432  5632                    2.617583e+09 2.6305e+09  0.49%   521 7994s
H 5595  5614                    2.618098e+09 2.6305e+09  0.47%   517 7995s

Cutting planes:
  Cover: 55
  Implied bound: 56
  Clique: 7
  MIR: 73
  StrongCG: 1
  Flow cover: 71
  GUB cover: 1
  Network: 22
  RLT: 23
  Relax-and-lift: 40

Explored 5909 nodes (3029267 simplex iterations) in 7997.11 seconds (5225.76 work units)
Thread count was 20 (of 40 available processors)

Solution count 10: 2.6181e+09 2.61758e+09 2.61415e+09 ... 2.58847e+09

Optimal solution found (tolerance 5.00e-03)
Best objective 2.618098375436e+09, best bound 2.630470436079e+09, gap 0.4726%
