
Gurobi 10.0.1 (linux64) logging started Tue May  2 11:30:07 2023

Set parameter LogFile to value "logFiles/A-2L-180D/A-2L-6U-18F-15V-180D-b-basic.log"
Gurobi Optimizer version 10.0.1 build v10.0.1rc0 (linux64)

CPU model: Intel(R) Xeon(R) CPU E5-2670 v3 @ 2.30GHz, instruction set [SSE2|AVX|AVX2]
Thread count: 24 physical cores, 48 logical processors, using up to 24 threads

Optimize a model with 34436 rows, 642331 columns and 3174196 nonzeros
Model fingerprint: 0x825c04e0
Variable types: 2562 continuous, 639769 integer (639769 binary)
Coefficient statistics:
  Matrix range     [1e+00, 2e+05]
  Objective range  [4e+01, 2e+07]
  Bounds range     [1e+00, 1e+00]
  RHS range        [1e+00, 3e+06]
Presolve removed 14030 rows and 21216 columns (presolve time = 5s) ...
Presolve removed 14018 rows and 21204 columns
Presolve time: 9.81s
Presolved: 20418 rows, 621127 columns, 2713729 nonzeros
Variable types: 2547 continuous, 618580 integer (618574 binary)
Deterministic concurrent LP optimizer: primal simplex, dual simplex, and barrier
Showing barrier log only...

Root barrier log...

Ordering time: 0.67s

Barrier statistics:
 AA' NZ     : 1.550e+06
 Factor NZ  : 1.375e+07 (roughly 400 MB of memory)
 Factor Ops : 3.529e+10 (less than 1 second per iteration)
 Threads    : 21

                  Objective                Residual
Iter       Primal          Dual         Primal    Dual     Compl     Time
   0  -4.12602738e+15  1.05586024e+12  1.05e+09 4.21e+05  1.34e+10    18s
   1  -2.41361008e+15  1.33902973e+12  6.15e+08 3.91e+05  7.92e+09    19s
   2  -1.81854403e+15  1.38287962e+12  4.64e+08 3.26e+05  5.95e+09    19s
   3  -1.61716570e+14  1.54602292e+12  4.14e+07 2.56e-09  5.49e+08    19s
   4  -1.47323046e+13  8.24921439e+11  3.77e+06 1.40e-09  5.07e+07    20s
   5  -3.14069819e+12  3.62174963e+11  8.04e+05 9.90e-10  1.10e+07    20s
   6  -2.48414944e+11  2.27106380e+11  6.38e+04 9.31e-10  1.02e+06    20s
   7  -1.69373691e+11  1.68531536e+11  4.36e+04 8.15e-10  6.77e+05    21s
   8  -5.50842372e+10  1.49622014e+11  1.44e+04 8.15e-10  2.91e+05    21s
   9  -1.80430857e+10  6.60521058e+10  4.87e+03 8.15e-10  1.02e+05    22s
  10  -8.52901385e+09  3.27366235e+10  2.43e+03 1.31e-09  4.62e+04    22s
  11  -1.01315608e+09  1.97419494e+10  5.15e+02 1.22e-09  1.90e+04    22s
  12   5.15406976e+07  9.11538951e+09  2.45e+02 1.46e-09  8.15e+03    23s
  13   3.80779508e+08  4.49826796e+09  1.62e+02 4.31e-09  3.82e+03    23s
  14   7.51551812e+08  3.30606295e+09  6.97e+01 8.35e-09  2.27e+03    23s
  15   8.19429630e+08  2.70462607e+09  5.34e+01 1.12e-08  1.68e+03    24s
  16   8.34058333e+08  2.44876627e+09  5.00e+01 1.26e-08  1.46e+03    24s
  17   9.11176586e+08  1.83420914e+09  3.26e+01 1.49e-08  8.39e+02    24s
  18   9.73002044e+08  1.57042365e+09  1.72e+01 1.23e-08  5.28e+02    25s
  19   1.01262641e+09  1.31866950e+09  8.58e+00 1.31e-08  2.66e+02    25s
  20   1.02087153e+09  1.22300899e+09  7.01e+00 1.41e-08  1.74e+02    26s
  21   1.03042322e+09  1.19554211e+09  5.06e+00 1.62e-08  1.40e+02    26s
  22   1.03241379e+09  1.16077557e+09  4.70e+00 1.29e-08  1.07e+02    26s
  23   1.03470826e+09  1.13694118e+09  4.28e+00 2.75e-08  8.45e+01    26s
  24   1.03958384e+09  1.11271553e+09  3.47e+00 2.98e-08  5.93e+01    27s
  25   1.05022863e+09  1.10520235e+09  1.72e+00 2.65e-08  4.42e+01    27s
  26   1.05474641e+09  1.09696518e+09  1.16e+00 2.99e-08  3.38e+01    28s
  27   1.05648318e+09  1.09326050e+09  9.67e-01 2.82e-08  2.93e+01    28s
  28   1.05853983e+09  1.08602363e+09  7.52e-01 2.31e-08  2.18e+01    28s
  29   1.06028282e+09  1.08279964e+09  5.81e-01 2.88e-08  1.78e+01    29s
  30   1.06229565e+09  1.08078668e+09  4.14e-01 2.21e-08  1.46e+01    29s
  31   1.06294052e+09  1.08001772e+09  3.67e-01 3.35e-08  1.35e+01    30s
  32   1.06427946e+09  1.07764306e+09  2.71e-01 2.44e-08  1.06e+01    30s
  33   1.06476647e+09  1.07592869e+09  2.41e-01 2.96e-08  8.81e+00    31s
  34   1.06523870e+09  1.07488963e+09  2.18e-01 3.10e-08  7.61e+00    31s
  35   1.06628350e+09  1.07390354e+09  1.64e-01 3.18e-08  6.01e+00    31s
  36   1.06674762e+09  1.07284426e+09  1.43e-01 2.98e-08  4.79e+00    32s
  37   1.06766341e+09  1.07243571e+09  1.03e-01 2.35e-08  3.76e+00    32s
  38   1.06830874e+09  1.07215308e+09  7.80e-02 3.73e-08  3.03e+00    33s
  39   1.06863233e+09  1.07188426e+09  6.65e-02 2.07e-08  2.57e+00    33s
  40   1.06904552e+09  1.07158115e+09  5.19e-02 3.20e-08  2.00e+00    34s
  41   1.06954236e+09  1.07137016e+09  3.51e-02 2.11e-08  1.44e+00    34s
  42   1.06973004e+09  1.07119979e+09  2.90e-02 2.24e-08  1.16e+00    34s
  43   1.06994490e+09  1.07103177e+09  2.21e-02 1.82e-08  8.58e-01    35s
  44   1.07018609e+09  1.07092184e+09  1.45e-02 2.13e-08  5.82e-01    35s
  45   1.07023936e+09  1.07083271e+09  1.29e-02 1.49e-08  4.68e-01    36s
  46   1.07041651e+09  1.07078316e+09  7.48e-03 2.45e-08  2.90e-01    36s
  47   1.07051318e+09  1.07074038e+09  4.54e-03 2.24e-08  1.80e-01    37s
  48   1.07053382e+09  1.07071928e+09  3.89e-03 1.97e-08  1.46e-01    37s
  49   1.07055772e+09  1.07070926e+09  3.18e-03 3.13e-08  1.20e-01    37s
  50   1.07057391e+09  1.07070577e+09  2.69e-03 4.41e-08  1.04e-01    38s
  51   1.07060403e+09  1.07069628e+09  1.77e-03 4.29e-08  7.29e-02    38s
  52   1.07063099e+09  1.07068566e+09  9.34e-04 2.25e-08  4.33e-02    38s
  53   1.07064277e+09  1.07067634e+09  5.82e-04 1.95e-08  2.66e-02    39s
  54   1.07064842e+09  1.07067477e+09  4.23e-04 2.72e-08  2.09e-02    39s
  55   1.07065140e+09  1.07067334e+09  3.46e-04 2.98e-08  1.74e-02    40s
  56   1.07065288e+09  1.07067149e+09  3.06e-04 2.84e-08  1.48e-02    40s
  57   1.07065834e+09  1.07066874e+09  1.65e-04 1.86e-08  8.27e-03    40s
  58   1.07066135e+09  1.07066620e+09  8.54e-05 2.39e-08  3.85e-03    41s
  59   1.07066415e+09  1.07066493e+09  1.22e-05 2.36e-08  6.18e-04    41s
  60   1.07066470e+09  1.07066472e+09  1.67e-06 2.67e-08  1.42e-05    41s
  61   1.07066471e+09  1.07066471e+09  1.45e-07 2.98e-08  9.71e-07    42s
  62   1.07066471e+09  1.07066471e+09  5.43e-07 2.73e-08  3.90e-07    42s
  63   1.07066471e+09  1.07066471e+09  4.48e-08 2.61e-08  2.71e-08    43s
  64   1.07066471e+09  1.07066471e+09  2.06e-09 2.24e-08  6.47e-10    43s

Barrier solved model in 64 iterations and 43.15 seconds (37.80 work units)
Optimal objective 1.07066471e+09


Root crossover log...

   13485 DPushes remaining with DInf 0.0000000e+00                43s
       0 DPushes remaining with DInf 0.0000000e+00                44s

    1707 PPushes remaining with PInf 5.4712515e-06                44s
       0 PPushes remaining with PInf 0.0000000e+00                44s

  Push phase complete: Pinf 0.0000000e+00, Dinf 3.3899980e+05     44s


Root simplex log...

Iteration    Objective       Primal Inf.    Dual Inf.      Time
   15194    1.0706647e+09   0.000000e+00   3.389998e+05     44s
   15277    1.0706647e+09   0.000000e+00   0.000000e+00     45s
Concurrent spin time: 0.26s

Solved with barrier
   15277    1.0706647e+09   0.000000e+00   0.000000e+00     45s

Root relaxation: objective 1.070665e+09, 15277 iterations, 30.47 seconds (23.40 work units)

    Nodes    |    Current Node    |     Objective Bounds      |     Work
 Expl Unexpl |  Obj  Depth IntInf | Incumbent    BestBd   Gap | It/Node Time

     0     0 1.0707e+09    0  687          - 1.0707e+09      -     -   48s
     0     0 1.0706e+09    0  646          - 1.0706e+09      -     -  125s
     0     0 1.0706e+09    0  738          - 1.0706e+09      -     -  221s
     0     0 1.0706e+09    0  672          - 1.0706e+09      -     -  259s
     0     0 1.0706e+09    0  659          - 1.0706e+09      -     -  286s
     0     0 1.0706e+09    0  667          - 1.0706e+09      -     -  301s
     0     0 1.0706e+09    0  679          - 1.0706e+09      -     -  306s
     0     0 1.0706e+09    0  690          - 1.0706e+09      -     -  371s
     0     0 1.0705e+09    0  669          - 1.0705e+09      -     -  408s
     0     0 1.0705e+09    0  651          - 1.0705e+09      -     -  433s
     0     0 1.0705e+09    0  679          - 1.0705e+09      -     -  442s
     0     0 1.0705e+09    0  674          - 1.0705e+09      -     -  464s
     0     0 1.0705e+09    0  679          - 1.0705e+09      -     -  466s
     0     0 1.0705e+09    0  669          - 1.0705e+09      -     -  468s
     0     0 1.0705e+09    0  670          - 1.0705e+09      -     -  540s
     0     0 1.0705e+09    0  669          - 1.0705e+09      -     -  548s
     0     0 1.0705e+09    0  648          - 1.0705e+09      -     -  552s
     0     0 1.0705e+09    0  656          - 1.0705e+09      -     -  567s
     0     0 1.0705e+09    0  674          - 1.0705e+09      -     -  585s
     0     0 1.0705e+09    0  687          - 1.0705e+09      -     -  597s
     0     0 1.0705e+09    0  673          - 1.0705e+09      -     -  614s
     0     0 1.0705e+09    0  686          - 1.0705e+09      -     -  624s
     0     0 1.0705e+09    0  696          - 1.0705e+09      -     -  632s
     0     0 1.0705e+09    0  698          - 1.0705e+09      -     -  642s
     0     0 1.0705e+09    0  672          - 1.0705e+09      -     -  652s
     0     0 1.0705e+09    0  670          - 1.0705e+09      -     -  658s
     0     2 1.0705e+09    0  670          - 1.0705e+09      -     -  983s
     1     4 1.0705e+09    1  660          - 1.0705e+09      -  9170 1012s
     3     8 1.0705e+09    2  671          - 1.0705e+09      -  4594 1051s
     7    16 1.0705e+09    3  770          - 1.0705e+09      -  3444 1116s
    15    32 1.0705e+09    4  743          - 1.0705e+09      -  3407 1198s
    31    56 1.0705e+09    5  736          - 1.0705e+09      -  2928 1328s
    55    80 1.0705e+09    6  762          - 1.0705e+09      -  4529 2243s
    79   104 1.0705e+09    6  667          - 1.0705e+09      - 34467 2332s
   103   128 1.0705e+09    7  736          - 1.0705e+09      - 26809 2448s
   127   164 1.0705e+09    7  759          - 1.0705e+09      - 22142 2563s
H  146   164                    1.034717e+09 1.0705e+09  3.46% 19521 2564s
   163   188 1.0705e+09    8  698 1.0347e+09 1.0705e+09  3.46% 17634 4209s
H  176   188                    1.038569e+09 1.0705e+09  3.08% 16453 4210s
   187   262 1.0705e+09    9  699 1.0386e+09 1.0705e+09  3.08% 15496 4997s

Gurobi 10.0.1 (linux64) logging started Tue May  2 15:51:08 2023

Set parameter LogFile to value "logFiles/A-2L-180D/A-2L-6U-18F-15V-180D-b-basic.log"
Gurobi Optimizer version 10.0.1 build v10.0.1rc0 (linux64)

CPU model: Intel(R) Xeon(R) CPU E5-2670 v3 @ 2.30GHz, instruction set [SSE2|AVX|AVX2]
Thread count: 24 physical cores, 48 logical processors, using up to 24 threads

Optimize a model with 34418 rows, 642331 columns and 4150611 nonzeros
Model fingerprint: 0xb90388df
Variable types: 2562 continuous, 639769 integer (639769 binary)
Coefficient statistics:
  Matrix range     [1e+00, 2e+05]
  Objective range  [4e+01, 2e+07]
  Bounds range     [1e+00, 1e+00]
  RHS range        [1e+00, 3e+06]
Presolve removed 13769 rows and 21216 columns (presolve time = 5s) ...
Presolve removed 14021 rows and 21216 columns (presolve time = 10s) ...
Presolve removed 14009 rows and 21204 columns
Presolve time: 13.17s
Presolved: 20409 rows, 621127 columns, 3682498 nonzeros
Variable types: 2547 continuous, 618580 integer (618574 binary)
Deterministic concurrent LP optimizer: primal simplex, dual simplex, and barrier
Showing barrier log only...

Root barrier log...

Ordering time: 1.37s

Barrier statistics:
 AA' NZ     : 1.660e+06
 Factor NZ  : 1.238e+07 (roughly 360 MB of memory)
 Factor Ops : 2.477e+10 (less than 1 second per iteration)
 Threads    : 21

                  Objective                Residual
Iter       Primal          Dual         Primal    Dual     Compl     Time
   0  -2.86827474e+15  1.01805341e+12  7.29e+08 4.20e+05  9.29e+09    21s
   1  -7.18333048e+14  7.77344913e+11  1.83e+08 3.98e+05  2.36e+09    21s
   2  -7.64538480e+13  5.30455007e+11  1.95e+07 1.51e-09  2.56e+08    21s
   3  -7.66913079e+12  3.73028306e+11  1.96e+06 1.16e-09  2.60e+07    22s
   4  -1.16974791e+12  2.67161872e+11  2.98e+05 9.31e-10  4.15e+06    22s
   5  -6.82421401e+11  2.57704947e+11  1.74e+05 9.31e-10  2.50e+06    22s
   6  -5.36686170e+11  2.11589125e+11  1.37e+05 8.15e-10  1.94e+06    22s
   7  -2.50665912e+11  1.72478280e+11  6.41e+04 7.57e-10  9.48e+05    23s
   8  -1.08194146e+11  1.05493448e+11  2.78e+04 8.15e-10  4.04e+05    23s
   9  -4.19179220e+10  6.80236113e+10  1.09e+04 7.57e-10  1.69e+05    24s
  10  -2.37239741e+10  3.27964798e+10  6.29e+03 1.22e-09  8.24e+04    24s
  11  -1.32870964e+10  3.12927860e+10  3.63e+03 1.02e-09  5.69e+04    25s
  12  -5.01430316e+09  1.61433645e+10  1.53e+03 9.90e-10  2.40e+04    25s
  13  -7.05480934e+08  1.23723286e+10  4.31e+02 1.16e-09  1.23e+04    26s
  14  -8.92766202e+07  8.86956051e+09  2.77e+02 1.48e-09  8.26e+03    26s
  15   1.51112144e+08  3.95154524e+09  2.16e+02 8.27e-09  3.76e+03    27s
  16   4.82777865e+08  3.74021418e+09  1.34e+02 7.51e-09  3.05e+03    27s
  17   6.44816414e+08  3.01741453e+09  9.36e+01 8.99e-09  2.21e+03    27s
  18   6.80302868e+08  2.85108195e+09  8.48e+01 1.12e-08  2.02e+03    27s
  19   8.03811563e+08  2.43855040e+09  5.51e+01 1.12e-08  1.49e+03    28s
  20   8.38582097e+08  2.21010640e+09  4.70e+01 1.28e-08  1.25e+03    28s
  21   8.72121531e+08  2.02971904e+09  3.94e+01 1.50e-08  1.06e+03    29s
  22   9.09634098e+08  1.84573123e+09  3.22e+01 1.61e-08  8.55e+02    29s
  23   9.30045219e+08  1.80302351e+09  2.87e+01 2.00e-08  7.93e+02    29s
  24   9.48543478e+08  1.50650321e+09  2.42e+01 1.35e-08  5.18e+02    30s
  25   9.69958680e+08  1.38190442e+09  1.93e+01 1.68e-08  3.81e+02    30s
  26   9.99718933e+08  1.24138970e+09  1.27e+01 2.24e-08  2.20e+02    30s
  27   1.00716294e+09  1.20305236e+09  1.11e+01 1.86e-08  1.77e+02    31s
  28   1.02088895e+09  1.18140023e+09  8.15e+00 2.24e-08  1.42e+02    31s
  29   1.02656638e+09  1.12080905e+09  6.95e+00 2.33e-08  7.97e+01    31s
  30   1.03333469e+09  1.11379940e+09  5.59e+00 1.74e-08  6.69e+01    32s
  31   1.03798573e+09  1.11049407e+09  4.67e+00 2.31e-08  5.97e+01    32s
  32   1.04048140e+09  1.10253663e+09  4.19e+00 1.93e-08  5.01e+01    32s
  33   1.04770338e+09  1.09462111e+09  2.82e+00 1.71e-08  3.71e+01    33s
  34   1.04901515e+09  1.09182460e+09  2.61e+00 1.43e-08  3.35e+01    33s
  35   1.05337566e+09  1.08548038e+09  1.92e+00 1.42e-08  2.47e+01    34s
  36   1.05675931e+09  1.08108326e+09  1.41e+00 1.76e-08  1.84e+01    34s
  37   1.05775076e+09  1.07957071e+09  1.28e+00 1.50e-08  1.64e+01    34s
  38   1.05887613e+09  1.07865532e+09  1.13e+00 1.64e-08  1.49e+01    35s
  39   1.06015814e+09  1.07729517e+09  9.61e-01 1.75e-08  1.28e+01    35s
  40   1.06114840e+09  1.07641725e+09  8.43e-01 1.58e-08  1.14e+01    35s
  41   1.06224875e+09  1.07484947e+09  7.16e-01 1.96e-08  9.33e+00    36s
  42   1.06387447e+09  1.07360717e+09  5.36e-01 1.75e-08  7.19e+00    36s
  43   1.06465422e+09  1.07291745e+09  4.57e-01 1.95e-08  6.08e+00    36s
  44   1.06521478e+09  1.07262354e+09  4.05e-01 1.91e-08  5.45e+00    37s
  45   1.06573358e+09  1.07235473e+09  3.61e-01 2.30e-08  4.86e+00    37s
  46   1.06644232e+09  1.07187202e+09  3.02e-01 2.21e-08  3.97e+00    38s
  47   1.06717863e+09  1.07161547e+09  2.42e-01 2.32e-08  3.25e+00    38s
  48   1.06752311e+09  1.07145000e+09  2.15e-01 1.64e-08  2.87e+00    38s
  49   1.06792650e+09  1.07132356e+09  1.85e-01 1.77e-08  2.48e+00    39s
  50   1.06802378e+09  1.07120373e+09  1.78e-01 1.68e-08  2.31e+00    39s
  51   1.06833321e+09  1.07104993e+09  1.55e-01 1.89e-08  1.97e+00    39s
  52   1.06842723e+09  1.07099572e+09  1.48e-01 1.59e-08  1.86e+00    40s
  53   1.06895255e+09  1.07092498e+09  1.09e-01 1.89e-08  1.43e+00    40s
  54   1.06921873e+09  1.07082946e+09  8.93e-02 1.98e-08  1.17e+00    40s
  55   1.06940030e+09  1.07077309e+09  7.65e-02 1.74e-08  9.97e-01    41s
  56   1.06953359e+09  1.07072182e+09  6.69e-02 1.72e-08  8.61e-01    41s
  57   1.06971332e+09  1.07067089e+09  5.42e-02 1.53e-08  6.94e-01    41s
  58   1.06987776e+09  1.07063022e+09  4.24e-02 1.70e-08  5.46e-01    42s
  59   1.07000178e+09  1.07059363e+09  3.37e-02 1.72e-08  4.29e-01    42s
  60   1.07011564e+09  1.07057116e+09  2.59e-02 1.47e-08  3.30e-01    43s
  61   1.07020917e+09  1.07055265e+09  1.93e-02 1.43e-08  2.49e-01    43s
  62   1.07021431e+09  1.07054936e+09  1.89e-02 1.37e-08  2.42e-01    43s
  63   1.07024850e+09  1.07053585e+09  1.65e-02 1.68e-08  2.07e-01    44s
  64   1.07027560e+09  1.07052833e+09  1.46e-02 1.68e-08  1.82e-01    44s
  65   1.07028576e+09  1.07052306e+09  1.39e-02 1.72e-08  1.70e-01    44s
  66   1.07033291e+09  1.07051248e+09  1.04e-02 1.35e-08  1.28e-01    45s
  67   1.07034924e+09  1.07050495e+09  9.34e-03 1.49e-08  1.10e-01    45s
  68   1.07038226e+09  1.07050140e+09  6.95e-03 1.48e-08  8.48e-02    45s
  69   1.07040224e+09  1.07049575e+09  5.51e-03 1.40e-08  6.63e-02    46s
  70   1.07043373e+09  1.07049246e+09  3.32e-03 1.27e-08  4.18e-02    46s
  71   1.07044793e+09  1.07048876e+09  2.32e-03 1.64e-08  2.90e-02    46s
  72   1.07045523e+09  1.07048799e+09  1.82e-03 1.31e-08  2.34e-02    47s
  73   1.07046223e+09  1.07048689e+09  1.34e-03 1.16e-08  1.76e-02    47s
  74   1.07046771e+09  1.07048606e+09  9.73e-04 1.85e-08  1.32e-02    48s
  75   1.07047415e+09  1.07048489e+09  5.45e-04 9.84e-09  7.75e-03    48s
  76   1.07047564e+09  1.07048349e+09  4.46e-04 9.31e-09  5.59e-03    48s
  77   1.07047859e+09  1.07048263e+09  2.54e-04 1.49e-08  2.84e-03    49s
  78   1.07048002e+09  1.07048261e+09  1.60e-04 1.18e-08  1.83e-03    49s
  79   1.07048016e+09  1.07048259e+09  1.51e-04 8.61e-09  1.71e-03    49s
  80   1.07048037e+09  1.07048255e+09  1.38e-04 1.26e-08  1.53e-03    50s
  81   1.07048107e+09  1.07048254e+09  9.20e-05 9.31e-09  1.03e-03    50s
  82   1.07048167e+09  1.07048252e+09  5.30e-05 1.30e-08  6.02e-04    50s
  83   1.07048218e+09  1.07048252e+09  2.05e-05 1.37e-08  2.39e-04    50s
  84   1.07048243e+09  1.07048252e+09  5.22e-06 1.31e-08  6.56e-05    51s
  85   1.07048251e+09  1.07048251e+09  5.60e-08 1.20e-08  9.25e-07    51s
  86   1.07048251e+09  1.07048251e+09  1.86e-05 9.56e-09  1.46e-07    51s
  87   1.07048251e+09  1.07048251e+09  3.93e-08 1.12e-08  5.49e-11    52s

Barrier solved model in 87 iterations and 51.69 seconds (50.15 work units)
Optimal objective 1.07048251e+09


Root crossover log...

   13831 DPushes remaining with DInf 0.0000000e+00                52s
       0 DPushes remaining with DInf 0.0000000e+00                52s

     912 PPushes remaining with PInf 1.8063371e-05                52s
       0 PPushes remaining with PInf 0.0000000e+00                52s

  Push phase complete: Pinf 0.0000000e+00, Dinf 2.4029613e+03     52s


Root simplex log...

Iteration    Objective       Primal Inf.    Dual Inf.      Time
   14727    1.0704825e+09   0.000000e+00   2.402961e+03     52s
   14772    1.0704825e+09   0.000000e+00   0.000000e+00     53s
Concurrent spin time: 0.00s

Solved with barrier
   14772    1.0704825e+09   0.000000e+00   0.000000e+00     53s

Root relaxation: objective 1.070483e+09, 14772 iterations, 37.96 seconds (32.04 work units)

    Nodes    |    Current Node    |     Objective Bounds      |     Work
 Expl Unexpl |  Obj  Depth IntInf | Incumbent    BestBd   Gap | It/Node Time

     0     0 1.0705e+09    0  703          - 1.0705e+09      -     -   56s
     0     0 1.0702e+09    0  876          - 1.0702e+09      -     -  203s
     0     0 1.0701e+09    0  846          - 1.0701e+09      -     -  272s
     0     0 1.0701e+09    0  840          - 1.0701e+09      -     -  292s
     0     0 1.0701e+09    0  836          - 1.0701e+09      -     -  304s
     0     0 1.0700e+09    0  885          - 1.0700e+09      -     -  432s
     0     0 1.0700e+09    0  831          - 1.0700e+09      -     -  496s
     0     0 1.0700e+09    0  847          - 1.0700e+09      -     -  518s
     0     0 1.0700e+09    0  874          - 1.0700e+09      -     -  529s
     0     0 1.0700e+09    0  859          - 1.0700e+09      -     -  576s
     0     0 1.0700e+09    0  830          - 1.0700e+09      -     -  675s
     0     0 1.0700e+09    0  865          - 1.0700e+09      -     -  686s
     0     0 1.0700e+09    0  815          - 1.0700e+09      -     -  706s
     0     0 1.0700e+09    0  842          - 1.0700e+09      -     -  725s
     0     0 1.0700e+09    0  841          - 1.0700e+09      -     -  748s
     0     0 1.0700e+09    0  829          - 1.0700e+09      -     -  758s
     0     0 1.0700e+09    0  842          - 1.0700e+09      -     -  782s
     0     0 1.0700e+09    0  859          - 1.0700e+09      -     -  799s
     0     0 1.0700e+09    0  860          - 1.0700e+09      -     -  819s
     0     0 1.0700e+09    0  830          - 1.0700e+09      -     -  833s
     0     0 1.0700e+09    0  860          - 1.0700e+09      -     -  846s
     0     0 1.0700e+09    0  850          - 1.0700e+09      -     -  863s
     0     0 1.0700e+09    0  853          - 1.0700e+09      -     -  874s
     0     0 1.0700e+09    0  860          - 1.0700e+09      -     -  883s
     0     0 1.0700e+09    0  863          - 1.0700e+09      -     -  892s
     0     0 1.0700e+09    0  865          - 1.0700e+09      -     -  951s
     0     0 1.0700e+09    0  861          - 1.0700e+09      -     -  959s
     0     0 1.0700e+09    0  850          - 1.0700e+09      -     -  963s
     0     2 1.0700e+09    0  829          - 1.0700e+09      -     - 1418s
     1     2 1.0700e+09    1  831          - 1.0700e+09      - 10868 1426s
     3     4 1.0700e+09    2  817          - 1.0700e+09      -  4144 1451s
     5     8 1.0700e+09    3  871          - 1.0700e+09      -  3487 1534s
     9    14 1.0700e+09    4  818          - 1.0700e+09      -  3629 1609s
    17    25 1.0700e+09    5  886          - 1.0700e+09      -  3074 1800s

Cutting planes:
  Cover: 18
  Implied bound: 82
  Clique: 2
  MIR: 91
  StrongCG: 2
  Flow cover: 188
  GUB cover: 1
  Zero half: 1
  Network: 36
  RLT: 21
  Relax-and-lift: 8

Explored 30 nodes (213841 simplex iterations) in 1800.25 seconds (1915.01 work units)
Thread count was 24 (of 48 available processors)

Solution count 0

Time limit reached
Best objective -, best bound 1.069980721455e+09, gap -
IIS computation: initial model status unknown, solving to determine model status
Presolve removed 13769 rows and 21216 columns (presolve time = 5s) ...
Presolve removed 14021 rows and 21216 columns (presolve time = 10s) ...
Presolve removed 14009 rows and 21204 columns
Presolve time: 11.46s
Presolved: 20409 rows, 621127 columns, 3682498 nonzeros
Variable types: 2547 continuous, 618580 integer (618574 binary)
Deterministic concurrent LP optimizer: primal simplex, dual simplex, and barrier
Showing barrier log only...

Root barrier log...

Ordering time: 1.46s

Barrier statistics:
 AA' NZ     : 1.660e+06
 Factor NZ  : 1.238e+07 (roughly 360 MB of memory)
 Factor Ops : 2.477e+10 (less than 1 second per iteration)
 Threads    : 21

                  Objective                Residual
Iter       Primal          Dual         Primal    Dual     Compl     Time
   0  -0.00000000e+00  1.06783181e+05  7.29e+08 0.00e+00  9.82e+02    20s
   1  -0.00000000e+00  7.18644960e+04  1.79e+08 1.46e-02  2.45e+02    21s
   2  -0.00000000e+00  5.38294933e+04  5.17e+06 1.11e-16  7.13e+00    21s
   3  -0.00000000e+00  1.15117153e+04  5.61e+05 3.09e-17  2.96e-01    21s
   4  -0.00000000e+00  5.23854307e+03  1.41e+05 2.03e-17  4.46e-02    22s
   5  -0.00000000e+00  3.35320398e+03  1.04e+05 1.47e-17  2.44e-02    22s
   6  -0.00000000e+00  1.22476269e+03  5.63e+04 7.52e-18  7.15e-03    22s
   7  -0.00000000e+00  3.44212236e+02  3.81e+04 4.22e-18  2.10e-03    22s
   8  -0.00000000e+00  7.54871661e+01  8.19e+03 1.01e-07  2.35e-04    23s
   9  -0.00000000e+00  4.79739885e+01  4.83e+03 1.12e-07  1.21e-04    23s
  10  -0.00000000e+00  1.40565156e+01  1.23e+03 1.28e-07  2.42e-05    23s
  11  -0.00000000e+00  7.83149680e+00  6.13e+02 9.72e-08  1.18e-05    24s
  12  -0.00000000e+00  3.45380813e+00  2.55e+02 6.63e-08  4.76e-06    24s
  13  -0.00000000e+00  2.00539164e+00  1.62e+02 4.95e-08  2.81e-06    24s
  14  -0.00000000e+00  1.47746785e+00  1.10e+02 4.38e-08  1.99e-06    24s
  15  -0.00000000e+00  1.03144846e+00  7.05e+01 3.68e-08  1.34e-06    25s
  16  -0.00000000e+00  6.09873261e-01  5.03e+01 2.86e-08  8.46e-07    25s
  17  -0.00000000e+00  4.36376668e-01  4.26e+01 2.79e-08  6.45e-07    25s
  18  -0.00000000e+00  2.95104234e-01  1.93e+01 2.42e-08  3.74e-07    26s
  19  -0.00000000e+00  2.18916514e-01  1.66e+01 1.79e-08  2.85e-07    27s
  20  -0.00000000e+00  1.65455600e-01  1.40e+01 1.37e-08  2.17e-07    27s
  21  -0.00000000e+00  8.90017545e-02  3.40e+00 9.15e-09  9.18e-08    28s
  22  -0.00000000e+00  2.24391128e-02  5.37e-02 3.18e-09  2.02e-08    29s
  23  -0.00000000e+00  3.48889622e-05  1.34e-04 3.86e-11  5.09e-11    29s
  24  -0.00000000e+00  9.08399639e-10  1.70e-09 1.74e-15  1.32e-15    30s

Barrier solved model in 24 iterations and 29.53 seconds (34.39 work units)
Optimal objective -0.00000000e+00

  Building initial crossover basis                                36s
  Building initial crossover basis                                40s
  Building initial crossover basis                                45s
  Building initial crossover basis                                50s
  Building initial crossover basis                                55s

Root crossover log...

   13692 DPushes remaining with DInf 1.8321624e+00                57s
       0 DPushes remaining with DInf 0.0000000e+00                57s

     358 PPushes remaining with PInf 3.1167400e-05                57s
       0 PPushes remaining with PInf 0.0000000e+00                57s

  Push phase complete: Pinf 0.0000000e+00, Dinf 0.0000000e+00     57s


Root simplex log...

Iteration    Objective       Primal Inf.    Dual Inf.      Time
    1378   -0.0000000e+00   0.000000e+00   0.000000e+00     57s
Concurrent spin time: 5.00s (can be avoided by choosing Method=3)

Solved with barrier
    1378   -0.0000000e+00   0.000000e+00   0.000000e+00     57s

Root relaxation: objective -0.000000e+00, 1378 iterations, 42.70 seconds (41.11 work units)

    Nodes    |    Current Node    |     Objective Bounds      |     Work
 Expl Unexpl |  Obj  Depth IntInf | Incumbent    BestBd   Gap | It/Node Time

     0     0   -0.00000    0 1008          -   -0.00000      -     -  291s
H    0     0                      -0.0000000   -0.00000  0.00%     -  320s
     0     0   -0.00000    0 1008   -0.00000   -0.00000  0.00%     -  320s

Explored 1 nodes (95850 simplex iterations) in 320.07 seconds (304.20 work units)
Thread count was 24 (of 48 available processors)

Solution count 1: -0 
No other solutions better than -0

Optimal solution found (tolerance 1.00e-04)
Best objective -0.000000000000e+00, best bound -0.000000000000e+00, gap 0.0000%
IIS runtime: 320.11 seconds (304.20 work units)

Gurobi 10.0.1 (linux64) logging started Tue May  2 17:40:44 2023

Set parameter LogFile to value "logFiles/A-2L-180D/A-2L-6U-18F-15V-180D-b-basic.log"
Gurobi Optimizer version 10.0.1 build v10.0.1rc0 (linux64)

CPU model: Six-Core AMD Opteron(tm) Processor 2431, instruction set [SSE2]
Thread count: 12 physical cores, 12 logical processors, using up to 12 threads

Optimize a model with 34418 rows, 642331 columns and 4150611 nonzeros
Model fingerprint: 0xa16ec941
Variable types: 2562 continuous, 639769 integer (639769 binary)
Coefficient statistics:
  Matrix range     [1e+00, 2e+05]
  Objective range  [4e+01, 2e+07]
  Bounds range     [1e+00, 1e+00]
  RHS range        [1e+00, 3e+06]
Presolve removed 12497 rows and 21216 columns (presolve time = 5s) ...
Presolve removed 13769 rows and 21216 columns (presolve time = 10s) ...
Presolve removed 14021 rows and 21216 columns (presolve time = 15s) ...
Presolve removed 14021 rows and 21216 columns (presolve time = 20s) ...
Presolve removed 14009 rows and 21204 columns
Presolve time: 21.86s
Presolved: 20409 rows, 621127 columns, 3682498 nonzeros
Variable types: 2547 continuous, 618580 integer (618574 binary)
Deterministic concurrent LP optimizer: primal simplex, dual simplex, and barrier
Showing barrier log only...

Root barrier log...

Elapsed ordering time = 11s
Ordering time: 13.37s

Barrier statistics:
 AA' NZ     : 1.660e+06
 Factor NZ  : 7.531e+06 (roughly 300 MB of memory)
 Factor Ops : 7.560e+09 (less than 1 second per iteration)
 Threads    : 9

                  Objective                Residual
Iter       Primal          Dual         Primal    Dual     Compl     Time
   0  -2.86828976e+15  1.01804309e+12  7.29e+08 4.20e+05  9.29e+09    48s
   1  -7.18641451e+14  7.77517737e+11  1.83e+08 3.99e+05  2.36e+09    48s
   2  -7.68284953e+13  5.30487316e+11  1.96e+07 1.16e-09  2.57e+08    49s
   3  -7.69743130e+12  3.73207915e+11  1.96e+06 1.05e-09  2.61e+07    50s
   4  -1.01362813e+12  2.61385090e+11  2.59e+05 1.05e-09  3.62e+06    51s
   5  -5.48861210e+11  2.47389421e+11  1.40e+05 9.31e-10  2.04e+06    52s
   6  -2.31581063e+11  1.85431850e+11  5.93e+04 8.15e-10  9.02e+05    53s
   7  -1.25569370e+11  1.13487471e+11  3.22e+04 8.15e-10  4.64e+05    54s
   8  -5.79904875e+10  9.54132702e+10  1.50e+04 8.15e-10  2.44e+05    55s
   9  -1.68433676e+10  5.65904328e+10  4.53e+03 7.57e-10  8.97e+04    55s
  10  -6.20766015e+09  2.95256659e+10  1.82e+03 9.90e-10  3.84e+04    56s
  11  -6.74373599e+08  1.69261837e+10  4.25e+02 9.31e-10  1.61e+04    57s
  12  -4.74541808e+07  6.79314905e+09  2.67e+02 3.61e-09  6.41e+03    58s
  13   5.63547551e+08  3.82735856e+09  1.14e+02 1.10e-08  3.00e+03    59s
  14   7.36554927e+08  3.75153235e+09  7.09e+01 1.24e-08  2.66e+03    60s
  15   7.91077225e+08  3.33625300e+09  5.75e+01 8.82e-09  2.24e+03    60s
  16   8.45702492e+08  2.56341804e+09  4.47e+01 1.16e-08  1.53e+03    61s
  17   8.56752329e+08  2.44824277e+09  4.22e+01 1.53e-08  1.43e+03    62s
  18   9.09330193e+08  2.10514467e+09  3.06e+01 1.05e-08  1.07e+03    63s
  19   9.41511293e+08  1.88585662e+09  2.65e+01 1.85e-08  8.49e+02    64s
  20   1.01437488e+09  1.62857952e+09  9.19e+00 2.24e-08  5.25e+02    65s
  21   1.02372744e+09  1.23554288e+09  7.12e+00 2.24e-08  1.84e+02    66s
  22   1.03026885e+09  1.21833031e+09  5.68e+00 2.71e-08  1.61e+02    67s
  23   1.03494223e+09  1.18320422e+09  4.68e+00 2.11e-08  1.26e+02    68s
  24   1.03952869e+09  1.16027565e+09  3.78e+00 2.52e-08  1.01e+02    68s
  25   1.04111474e+09  1.15691499e+09  3.46e+00 1.94e-08  9.70e+01    69s
  26   1.04667301e+09  1.13506024e+09  2.47e+00 2.11e-08  7.31e+01    70s
  27   1.05001316e+09  1.10405446e+09  1.90e+00 2.22e-08  4.39e+01    72s
  28   1.05429444e+09  1.09615679e+09  1.24e+00 2.94e-08  3.38e+01    73s
  29   1.05628969e+09  1.09481264e+09  1.01e+00 3.41e-08  3.11e+01    74s
  30   1.05905314e+09  1.08640753e+09  7.07e-01 2.98e-08  2.19e+01    75s
  31   1.06122814e+09  1.08385052e+09  5.00e-01 2.63e-08  1.81e+01    76s
  32   1.06179421e+09  1.08350936e+09  4.53e-01 3.11e-08  1.74e+01    77s
  33   1.06218300e+09  1.08276170e+09  4.22e-01 2.98e-08  1.65e+01    78s
  34   1.06307890e+09  1.07982085e+09  3.55e-01 3.32e-08  1.34e+01    79s
  35   1.06502334e+09  1.07632804e+09  2.15e-01 3.04e-08  9.04e+00    80s
  36   1.06594138e+09  1.07502627e+09  1.65e-01 2.73e-08  7.27e+00    81s
  37   1.06710342e+09  1.07352261e+09  1.10e-01 2.93e-08  5.14e+00    82s
  38   1.06762738e+09  1.07252782e+09  8.98e-02 2.42e-08  3.92e+00    83s
  39   1.06825343e+09  1.07210438e+09  6.74e-02 2.46e-08  3.08e+00    84s
  40   1.06861603e+09  1.07181402e+09  5.55e-02 2.10e-08  2.56e+00    85s
  41   1.06873090e+09  1.07169943e+09  5.17e-02 2.70e-08  2.37e+00    86s
  42   1.06924983e+09  1.07150363e+09  3.48e-02 2.95e-08  1.80e+00    87s
  43   1.06936358e+09  1.07132485e+09  3.13e-02 3.41e-08  1.57e+00    88s
  44   1.06974633e+09  1.07118280e+09  1.97e-02 2.95e-08  1.15e+00    89s
  45   1.06993867e+09  1.07101373e+09  1.43e-02 2.82e-08  8.62e-01    90s
  46   1.07004530e+09  1.07090663e+09  1.13e-02 3.13e-08  6.91e-01    91s
  47   1.07018564e+09  1.07075044e+09  7.72e-03 2.08e-08  4.53e-01    92s
  48   1.07024557e+09  1.07069495e+09  6.11e-03 2.66e-08  3.60e-01    93s
  49   1.07028001e+09  1.07066097e+09  5.21e-03 2.98e-08  3.05e-01    94s
  50   1.07031786e+09  1.07060938e+09  4.18e-03 1.87e-08  2.34e-01    95s
  51   1.07037318e+09  1.07057803e+09  2.71e-03 1.96e-08  1.64e-01    96s
  52   1.07040399e+09  1.07056284e+09  1.90e-03 2.46e-08  1.27e-01    97s
  53   1.07042299e+09  1.07053369e+09  1.40e-03 2.74e-08  8.88e-02    98s
  54   1.07044935e+09  1.07052028e+09  7.45e-04 2.68e-08  5.70e-02   100s
  55   1.07045449e+09  1.07050406e+09  6.22e-04 2.32e-08  3.98e-02   101s
  56   1.07046249e+09  1.07050101e+09  4.39e-04 2.42e-08  3.09e-02   102s
  57   1.07046786e+09  1.07049422e+09  3.17e-04 2.67e-08  2.12e-02   103s
  58   1.07047598e+09  1.07048889e+09  1.37e-04 2.79e-08  1.04e-02   104s
  59   1.07048010e+09  1.07048453e+09  4.67e-05 2.24e-08  3.56e-03   105s
  60   1.07048085e+09  1.07048296e+09  3.22e-05 4.07e-08  1.70e-03   106s
  61   1.07048169e+09  1.07048256e+09  1.54e-05 3.40e-08  7.01e-04   106s
  62   1.07048193e+09  1.07048255e+09  1.09e-05 3.51e-08  4.96e-04   107s
  63   1.07048214e+09  1.07048254e+09  6.97e-06 3.59e-08  3.18e-04   108s
  64   1.07048231e+09  1.07048253e+09  3.84e-06 3.59e-08  1.81e-04   110s
  65   1.07048249e+09  1.07048252e+09  3.13e-07 2.33e-08  1.97e-05   111s
  66   1.07048251e+09  1.07048251e+09  5.08e-08 2.81e-08  1.28e-07   112s
  67   1.07048251e+09  1.07048251e+09  3.80e-08 3.00e-08  1.87e-10   113s

Barrier solved model in 67 iterations and 112.63 seconds (47.23 work units)
Optimal objective 1.07048251e+09


Root crossover log...

   13831 DPushes remaining with DInf 0.0000000e+00               113s
       0 DPushes remaining with DInf 0.0000000e+00               114s

     910 PPushes remaining with PInf 0.0000000e+00               114s
       0 PPushes remaining with PInf 0.0000000e+00               114s

  Push phase complete: Pinf 0.0000000e+00, Dinf 8.6333454e+04    114s


Root simplex log...

Iteration    Objective       Primal Inf.    Dual Inf.      Time
   14725    1.0704825e+09   0.000000e+00   8.633345e+04    115s
   14790    1.0704825e+09   0.000000e+00   0.000000e+00    116s
Concurrent spin time: 10.31s (can be avoided by choosing Method=3)

Solved with barrier
   14790    1.0704825e+09   0.000000e+00   0.000000e+00    127s

Root relaxation: objective 1.070483e+09, 14790 iterations, 99.82 seconds (29.24 work units)
Total elapsed time = 130.48s

    Nodes    |    Current Node    |     Objective Bounds      |     Work
 Expl Unexpl |  Obj  Depth IntInf | Incumbent    BestBd   Gap | It/Node Time

     0     0 1.0705e+09    0  712          - 1.0705e+09      -     -  134s
     0     0 1.0702e+09    0  787          - 1.0702e+09      -     -  457s
     0     0 1.0701e+09    0  843          - 1.0701e+09      -     -  663s
     0     0 1.0701e+09    0  816          - 1.0701e+09      -     -  741s
     0     0 1.0701e+09    0  835          - 1.0701e+09      -     -  758s
     0     0 1.0700e+09    0  882          - 1.0700e+09      -     - 1031s
     0     0 1.0700e+09    0  826          - 1.0700e+09      -     - 1149s
     0     0 1.0700e+09    0  825          - 1.0700e+09      -     - 1194s
     0     0 1.0700e+09    0  850          - 1.0700e+09      -     - 1225s
     0     0 1.0700e+09    0  850          - 1.0700e+09      -     - 1233s
     0     0 1.0700e+09    0  819          - 1.0700e+09      -     - 1345s
     0     0 1.0700e+09    0  888          - 1.0700e+09      -     - 1410s
     0     0 1.0700e+09    0  853          - 1.0700e+09      -     - 1450s
     0     0 1.0700e+09    0  857          - 1.0700e+09      -     - 1479s
     0     0 1.0700e+09    0  875          - 1.0700e+09      -     - 1564s
     0     0 1.0700e+09    0  868          - 1.0700e+09      -     - 1569s
     0     0 1.0700e+09    0  947          - 1.0700e+09      -     - 1622s
     0     0 1.0700e+09    0  921          - 1.0700e+09      -     - 1645s
     0     0 1.0700e+09    0  917          - 1.0700e+09      -     - 1646s
     0     0 1.0700e+09    0  835          - 1.0700e+09      -     - 1864s
     0     0 1.0700e+09    0  862          - 1.0700e+09      -     - 1936s
     0     0 1.0700e+09    0  843          - 1.0700e+09      -     - 1950s
     0     0 1.0700e+09    0  905          - 1.0700e+09      -     - 2051s
     0     0 1.0700e+09    0  866          - 1.0700e+09      -     - 2137s
     0     0 1.0700e+09    0  851          - 1.0700e+09      -     - 2161s
     0     0 1.0700e+09    0  853          - 1.0700e+09      -     - 2204s
     0     0 1.0700e+09    0  827          - 1.0700e+09      -     - 2241s
     0     0 1.0700e+09    0  836          - 1.0700e+09      -     - 2266s
     0     0 1.0700e+09    0  844          - 1.0700e+09      -     - 2291s
     0     0 1.0700e+09    0  844          - 1.0700e+09      -     - 2294s
     0     0 1.0700e+09    0  843          - 1.0700e+09      -     - 2318s
     0     0 1.0700e+09    0  844          - 1.0700e+09      -     - 2323s
     0     0 1.0700e+09    0  840          - 1.0700e+09      -     - 2345s
     0     0 1.0700e+09    0  835          - 1.0700e+09      -     - 2370s
     0     0 1.0700e+09    0  843          - 1.0700e+09      -     - 2404s
     0     0 1.0700e+09    0  838          - 1.0700e+09      -     - 2434s
     0     0 1.0700e+09    0  842          - 1.0700e+09      -     - 2478s
     0     0 1.0700e+09    0  850          - 1.0700e+09      -     - 2513s
     0     0 1.0700e+09    0  857          - 1.0700e+09      -     - 2811s
     0     0 1.0699e+09    0  795          - 1.0699e+09      -     - 2912s
     0     0 1.0699e+09    0  807          - 1.0699e+09      -     - 2998s
     0     0 1.0699e+09    0  832          - 1.0699e+09      -     - 3026s
     0     0 1.0699e+09    0  806          - 1.0699e+09      -     - 3155s
     0     0 1.0699e+09    0  854          - 1.0699e+09      -     - 3227s
     0     0 1.0699e+09    0  858          - 1.0699e+09      -     - 3254s
     0     0 1.0699e+09    0  837          - 1.0699e+09      -     - 3305s
     0     0 1.0699e+09    0  843          - 1.0699e+09      -     - 3338s
     0     0 1.0699e+09    0  853          - 1.0699e+09      -     - 3368s
     0     0 1.0699e+09    0  856          - 1.0699e+09      -     - 3395s
     0     0 1.0699e+09    0  853          - 1.0699e+09      -     - 3421s
     0     0 1.0699e+09    0  841          - 1.0699e+09      -     - 3431s

Cutting planes:
  Cover: 8
  Implied bound: 11
  Clique: 3
  MIR: 36
  StrongCG: 1
  Flow cover: 55
  GUB cover: 3
  Network: 43
  RLT: 3
  Relax-and-lift: 11

Explored 1 nodes (126162 simplex iterations) in 3600.03 seconds (1350.97 work units)
Thread count was 12 (of 12 available processors)

Solution count 0

Time limit reached
Best objective -, best bound 1.069928401847e+09, gap -
IIS computation: initial model status unknown, solving to determine model status
Presolve removed 12497 rows and 21216 columns (presolve time = 5s) ...
Presolve removed 13769 rows and 21216 columns (presolve time = 10s) ...
Presolve removed 14021 rows and 21216 columns (presolve time = 15s) ...
Presolve removed 14021 rows and 21216 columns (presolve time = 20s) ...
Presolve removed 14009 rows and 21204 columns
Presolve time: 22.56s
Presolved: 20409 rows, 621127 columns, 3682498 nonzeros
Variable types: 2547 continuous, 618580 integer (618574 binary)
Deterministic concurrent LP optimizer: primal simplex, dual simplex, and barrier
Showing barrier log only...

Root barrier log...

Elapsed ordering time = 9s
Elapsed ordering time = 10s
Ordering time: 11.10s

Barrier statistics:
 AA' NZ     : 1.660e+06
 Factor NZ  : 7.531e+06 (roughly 300 MB of memory)
 Factor Ops : 7.560e+09 (less than 1 second per iteration)
 Threads    : 9

                  Objective                Residual
Iter       Primal          Dual         Primal    Dual     Compl     Time
   0  -0.00000000e+00  1.06783181e+05  7.29e+08 0.00e+00  9.82e+02    49s
   1  -0.00000000e+00  7.18532948e+04  1.79e+08 1.46e-02  2.45e+02    50s
   2  -0.00000000e+00  5.38294158e+04  5.20e+06 1.11e-16  7.16e+00    51s
   3  -0.00000000e+00  1.15047027e+04  5.63e+05 3.97e-17  2.97e-01    52s
   4  -0.00000000e+00  5.22586037e+03  1.44e+05 1.81e-17  4.53e-02    53s
   5  -0.00000000e+00  3.34797296e+03  1.06e+05 1.29e-17  2.47e-02    53s
   6  -0.00000000e+00  1.20922254e+03  5.13e+04 6.85e-18  6.53e-03    54s
   7  -0.00000000e+00  2.93668598e+02  2.52e+04 1.62e-08  1.36e-03    55s
   8  -0.00000000e+00  1.16719759e+02  3.08e+03 9.53e-08  1.80e-04    56s
   9  -0.00000000e+00  3.59991498e+01  1.11e+03 8.67e-08  4.99e-05    57s
  10  -0.00000000e+00  1.79052714e+01  4.86e+02 7.05e-08  2.20e-05    58s
  11  -0.00000000e+00  8.62712414e+00  2.52e+02 5.30e-08  1.05e-05    59s
  12  -0.00000000e+00  4.54015708e+00  1.18e+02 3.88e-08  5.22e-06    60s
  13  -0.00000000e+00  3.16550239e+00  8.84e+01 3.44e-08  3.71e-06    60s
  14  -0.00000000e+00  2.79948427e+00  6.63e+01 3.28e-08  3.13e-06    61s
  15  -0.00000000e+00  8.44489882e-01  4.57e+01 3.37e-08  1.25e-06    62s
  16  -0.00000000e+00  5.75682732e-01  3.60e+01 3.16e-08  8.90e-07    63s
  17  -0.00000000e+00  4.37602682e-01  1.90e+01 2.71e-08  5.72e-07    64s
  18  -0.00000000e+00  2.92033780e-01  1.73e+01 2.23e-08  4.16e-07    65s
  19  -0.00000000e+00  2.44182268e-01  1.39e+01 2.22e-08  3.35e-07    66s
  20  -0.00000000e+00  1.06651190e-01  1.86e+00 2.16e-08  1.11e-07    67s
  21  -0.00000000e+00  1.31324503e-02  1.08e-02 6.84e-09  1.52e-08    68s
  22  -0.00000000e+00  5.43991599e-06  6.74e-06 1.34e-11  1.36e-11    69s
  23  -0.00000000e+00  2.61923362e-11  1.29e-10 6.43e-17  6.56e-17    69s

Barrier solved model in 23 iterations and 69.43 seconds (34.83 work units)
Optimal objective -0.00000000e+00

  Building initial crossover basis                                77s
  Building initial crossover basis                                81s
  Building initial crossover basis                                86s
  Building initial crossover basis                                91s
  Building initial crossover basis                                96s
  Building initial crossover basis                               101s
  Building initial crossover basis                               105s
  Building initial crossover basis                               111s
  Building initial crossover basis                               115s
  Building initial crossover basis                               121s
  Building initial crossover basis                               125s
  Building initial crossover basis                               131s
Concurrent spin time: 10.63s (can be avoided by choosing Method=3)

Solved with primal simplex

Root simplex log...

Iteration    Objective       Primal Inf.    Dual Inf.      Time
  148621   -0.0000000e+00   0.000000e+00   0.000000e+00    139s

Root relaxation: objective -0.000000e+00, 148621 iterations, 108.81 seconds (44.22 work units)
Total elapsed time = 225.71s
Total elapsed time = 247.98s
Total elapsed time = 605.40s
Total elapsed time = 628.45s

    Nodes    |    Current Node    |     Objective Bounds      |     Work
 Expl Unexpl |  Obj  Depth IntInf | Incumbent    BestBd   Gap | It/Node Time

     0     0   -0.00000    0   20          -   -0.00000      -     -  637s
     0     0   -0.00000    0   83          -   -0.00000      -     -  783s
     0     0   -0.00000    0   84          -   -0.00000      -     -  796s
     0     0   -0.00000    0   18          -   -0.00000      -     - 1136s
     0     0   -0.00000    0   50          -   -0.00000      -     - 1175s
     0     0   -0.00000    0   14          -   -0.00000      -     - 1270s
H    0     0                      -0.0000000   -0.00000  0.00%     - 1281s
     0     0   -0.00000    0   14   -0.00000   -0.00000  0.00%     - 1281s

Cutting planes:
  Cover: 20
  Implied bound: 16
  Clique: 18
  MIR: 8
  StrongCG: 2
  Flow cover: 38
  GUB cover: 3
  Network: 31
  RLT: 3
  Relax-and-lift: 2

Explored 1 nodes (1465475 simplex iterations) in 1281.57 seconds (541.29 work units)
Thread count was 12 (of 12 available processors)

Solution count 1: -0 
No other solutions better than -0

Optimal solution found (tolerance 1.00e-04)
Best objective -0.000000000000e+00, best bound -0.000000000000e+00, gap 0.0000%
IIS runtime: 1281.63 seconds (541.29 work units)
