
Gurobi 10.0.1 (linux64) logging started Tue May  2 14:59:39 2023

Set parameter LogFile to value "logFiles/A-2L-180D/A-2L-6U-20F-15V-180D-c-basic.log"
Gurobi Optimizer version 10.0.1 build v10.0.1rc0 (linux64)

CPU model: Intel(R) Xeon(R) CPU E5-2670 v3 @ 2.30GHz, instruction set [SSE2|AVX|AVX2]
Thread count: 24 physical cores, 48 logical processors, using up to 24 threads

Optimize a model with 34401 rows, 642592 columns and 4150928 nonzeros
Model fingerprint: 0x600cf4c6
Variable types: 2562 continuous, 640030 integer (640030 binary)
Coefficient statistics:
  Matrix range     [1e+00, 2e+05]
  Objective range  [4e+01, 2e+07]
  Bounds range     [1e+00, 1e+00]
  RHS range        [1e+00, 2e+06]
Presolve removed 13760 rows and 21220 columns (presolve time = 5s) ...
Presolve removed 14012 rows and 21220 columns (presolve time = 10s) ...
Presolve removed 14000 rows and 21208 columns
Presolve time: 11.80s
Presolved: 20401 rows, 621384 columns, 3682842 nonzeros
Variable types: 2547 continuous, 618837 integer (618831 binary)
Deterministic concurrent LP optimizer: primal simplex, dual simplex, and barrier
Showing barrier log only...

Root barrier log...

Ordering time: 1.44s

Barrier statistics:
 AA' NZ     : 1.660e+06
 Factor NZ  : 1.239e+07 (roughly 360 MB of memory)
 Factor Ops : 2.479e+10 (less than 1 second per iteration)
 Threads    : 21

                  Objective                Residual
Iter       Primal          Dual         Primal    Dual     Compl     Time
   0  -1.14651592e+16  8.96744209e+11  2.91e+09 4.20e+05  3.71e+10    19s
   1  -2.91434902e+15  8.42038997e+11  7.42e+08 3.99e+05  9.58e+09    19s
   2  -2.72141948e+14  5.99668523e+11  6.94e+07 1.16e-09  9.17e+08    19s
   3  -1.41942448e+13  4.80583291e+11  3.62e+06 1.40e-09  4.83e+07    20s
   4  -2.51792774e+12  3.09362473e+11  6.42e+05 1.05e-09  8.77e+06    20s
   5  -1.08663608e+12  2.52051687e+11  2.77e+05 9.31e-10  3.85e+06    20s
   6  -5.47343100e+11  2.08504396e+11  1.40e+05 8.15e-10  1.98e+06    20s
   7  -3.06716138e+11  1.64854152e+11  7.84e+04 6.98e-10  1.12e+06    21s
   8  -9.39730130e+10  1.13672181e+11  2.42e+04 7.57e-10  3.75e+05    21s
   9  -8.39188173e+10  7.58558269e+10  2.16e+04 8.15e-10  2.91e+05    22s
  10  -1.89845580e+10  6.37326559e+10  5.07e+03 6.98e-10  1.03e+05    22s
  11  -5.19797693e+09  3.31984380e+10  1.55e+03 1.28e-09  3.96e+04    23s
  12  -8.74793422e+08  1.83940485e+10  4.60e+02 1.22e-09  1.76e+04    23s
  13  -1.73638510e+08  1.10217853e+10  2.84e+02 1.46e-09  1.01e+04    24s
  14   1.89634521e+08  5.19486719e+09  1.93e+02 7.10e-09  4.67e+03    24s
  15   6.12942418e+08  3.10942860e+09  8.70e+01 7.45e-09  2.28e+03    24s
  16   6.92139077e+08  2.74028020e+09  6.77e+01 7.45e-09  1.87e+03    25s
  17   7.62547602e+08  2.50184828e+09  5.12e+01 1.12e-08  1.57e+03    25s
  18   7.72295517e+08  2.24665781e+09  4.90e+01 1.51e-08  1.35e+03    25s
  19   8.31054979e+08  2.19052534e+09  3.57e+01 1.30e-08  1.21e+03    25s
  20   8.67229750e+08  2.04202293e+09  2.82e+01 1.95e-08  1.04e+03    26s
  21   8.70878144e+08  1.71330868e+09  2.70e+01 1.49e-08  7.64e+02    26s
  22   9.17372997e+08  1.53639461e+09  1.62e+01 1.59e-08  5.47e+02    26s
  23   9.33231290e+08  1.37506787e+09  1.26e+01 1.53e-08  3.89e+02    27s
  24   9.42384510e+08  1.26181627e+09  1.05e+01 1.74e-08  2.80e+02    27s
  25   9.55625875e+08  1.18675123e+09  7.36e+00 1.92e-08  2.00e+02    28s
  26   9.70008827e+08  1.13360131e+09  4.08e+00 1.53e-08  1.38e+02    28s
  27   9.71591275e+08  1.11359784e+09  3.74e+00 2.67e-08  1.19e+02    28s
  28   9.79703657e+08  1.06043028e+09  2.08e+00 2.41e-08  6.61e+01    29s
  29   9.83146809e+08  1.04039371e+09  1.50e+00 3.73e-08  4.63e+01    29s
  30   9.85869161e+08  1.03135240e+09  1.09e+00 3.03e-08  3.66e+01    29s
  31   9.87728066e+08  1.02945868e+09  8.56e-01 4.14e-08  3.36e+01    30s
  32   9.88584914e+08  1.02545596e+09  7.80e-01 3.25e-08  2.96e+01    30s
  33   9.89849365e+08  1.01851627e+09  6.73e-01 2.33e-08  2.29e+01    30s
  34   9.90656994e+08  1.01554667e+09  6.00e-01 3.20e-08  1.98e+01    31s
  35   9.92712006e+08  1.01469887e+09  4.39e-01 2.30e-08  1.75e+01    31s
  36   9.93194227e+08  1.01232750e+09  4.08e-01 2.10e-08  1.52e+01    31s
  37   9.94619042e+08  1.01038265e+09  3.06e-01 2.67e-08  1.26e+01    32s
  38   9.95900737e+08  1.00817016e+09  2.24e-01 2.13e-08  9.77e+00    32s
  39   9.97235736e+08  1.00667408e+09  1.51e-01 2.23e-08  7.52e+00    32s
  40   9.97464661e+08  1.00576523e+09  1.40e-01 2.29e-08  6.61e+00    33s
  41   9.97814447e+08  1.00534492e+09  1.24e-01 2.48e-08  6.00e+00    33s
  42   9.98515320e+08  1.00432756e+09  9.38e-02 2.41e-08  4.63e+00    33s
  43   9.98940990e+08  1.00378219e+09  7.89e-02 3.40e-08  3.86e+00    34s
  44   9.99471838e+08  1.00337145e+09  6.04e-02 2.51e-08  3.11e+00    34s
  45   1.00001282e+09  1.00310776e+09  4.29e-02 3.74e-08  2.47e+00    35s
  46   1.00016030e+09  1.00260745e+09  3.88e-02 2.98e-08  1.95e+00    35s
  47   1.00040081e+09  1.00242370e+09  3.23e-02 2.98e-08  1.61e+00    35s
  48   1.00077828e+09  1.00234979e+09  2.22e-02 3.16e-08  1.25e+00    36s
  49   1.00090434e+09  1.00221163e+09  1.90e-02 4.26e-08  1.04e+00    36s
  50   1.00105823e+09  1.00209502e+09  1.50e-02 2.11e-08  8.28e-01    36s
  51   1.00121404e+09  1.00194733e+09  1.10e-02 2.24e-08  5.85e-01    37s
  52   1.00128301e+09  1.00187401e+09  9.31e-03 2.93e-08  4.72e-01    37s
  53   1.00141409e+09  1.00183449e+09  6.14e-03 3.73e-08  3.36e-01    37s
  54   1.00143140e+09  1.00182016e+09  5.73e-03 3.73e-08  3.11e-01    38s
  55   1.00148197e+09  1.00177128e+09  4.59e-03 3.14e-08  2.31e-01    38s
  56   1.00153544e+09  1.00176373e+09  3.29e-03 3.23e-08  1.83e-01    38s
  57   1.00156407e+09  1.00174310e+09  2.62e-03 2.34e-08  1.43e-01    39s
  58   1.00160012e+09  1.00172269e+09  1.77e-03 2.98e-08  9.80e-02    39s
  59   1.00162698e+09  1.00170246e+09  1.16e-03 1.98e-08  6.04e-02    40s
  60   1.00164526e+09  1.00169519e+09  7.36e-04 2.91e-08  4.00e-02    40s
  61   1.00165892e+09  1.00168630e+09  4.30e-04 2.70e-08  2.19e-02    40s
  62   1.00166762e+09  1.00168482e+09  2.32e-04 2.62e-08  1.38e-02    40s
  63   1.00166974e+09  1.00168307e+09  1.87e-04 2.73e-08  1.07e-02    41s
  64   1.00167226e+09  1.00168197e+09  1.32e-04 2.78e-08  7.79e-03    41s
  65   1.00167287e+09  1.00168105e+09  1.19e-04 3.02e-08  6.57e-03    41s
  66   1.00167457e+09  1.00168011e+09  8.17e-05 2.86e-08  4.45e-03    41s
  67   1.00167782e+09  1.00167906e+09  1.31e-05 2.61e-08  9.96e-04    42s
  68   1.00167825e+09  1.00167853e+09  4.16e-06 3.01e-08  2.24e-04    42s
  69   1.00167843e+09  1.00167847e+09  5.53e-07 2.61e-08  3.81e-05    43s
  70   1.00167845e+09  1.00167847e+09  2.46e-07 2.58e-08  1.70e-05    43s
  71   1.00167846e+09  1.00167846e+09  5.70e-09 2.24e-08  1.43e-06    43s
  72   1.00167846e+09  1.00167846e+09  3.96e-08 2.88e-08  3.13e-08    44s
  73   1.00167846e+09  1.00167846e+09  1.67e-07 2.25e-08  6.01e-10    44s

Barrier solved model in 73 iterations and 44.10 seconds (44.97 work units)
Optimal objective 1.00167846e+09


Root crossover log...

   13989 DPushes remaining with DInf 0.0000000e+00                44s
       0 DPushes remaining with DInf 0.0000000e+00                45s

    1220 PPushes remaining with PInf 4.9613852e-04                45s
       0 PPushes remaining with PInf 0.0000000e+00                45s

  Push phase complete: Pinf 0.0000000e+00, Dinf 1.4170063e+05     45s


Root simplex log...

Iteration    Objective       Primal Inf.    Dual Inf.      Time
   15201    1.0016785e+09   0.000000e+00   1.417006e+05     45s
   15214    1.0016785e+09   0.000000e+00   0.000000e+00     45s
Concurrent spin time: 0.70s

Solved with barrier
   15214    1.0016785e+09   0.000000e+00   0.000000e+00     46s

Root relaxation: objective 1.001678e+09, 15214 iterations, 32.46 seconds (26.84 work units)

    Nodes    |    Current Node    |     Objective Bounds      |     Work
 Expl Unexpl |  Obj  Depth IntInf | Incumbent    BestBd   Gap | It/Node Time

     0     0 1.0017e+09    0  587          - 1.0017e+09      -     -   48s
     0     0 1.0012e+09    0  600          - 1.0012e+09      -     -  128s
     0     0 1.0011e+09    0  644          - 1.0011e+09      -     -  261s
     0     0 1.0011e+09    0  634          - 1.0011e+09      -     -  276s
     0     0 1.0011e+09    0  605          - 1.0011e+09      -     -  280s
     0     0 1.0010e+09    0  678          - 1.0010e+09      -     -  351s
     0     0 1.0010e+09    0  678          - 1.0010e+09      -     -  351s
     0     0 1.0010e+09    0  657          - 1.0010e+09      -     -  433s
     0     0 1.0010e+09    0  643          - 1.0010e+09      -     -  440s
     0     0 1.0010e+09    0  642          - 1.0010e+09      -     -  443s
     0     0 1.0010e+09    0  664          - 1.0010e+09      -     -  479s
     0     0 1.0010e+09    0  699          - 1.0010e+09      -     -  496s
     0     0 1.0010e+09    0  698          - 1.0010e+09      -     -  496s
     0     0 1.0010e+09    0  702          - 1.0010e+09      -     -  504s
     0     0 1.0010e+09    0  700          - 1.0010e+09      -     -  505s
     0     0 1.0010e+09    0  696          - 1.0010e+09      -     -  508s
     0     0 1.0010e+09    0  680          - 1.0010e+09      -     -  534s
     0     0 1.0010e+09    0  690          - 1.0010e+09      -     -  548s
     0     0 1.0010e+09    0  679          - 1.0010e+09      -     -  556s
     0     0 1.0010e+09    0  689          - 1.0010e+09      -     -  563s
     0     0 1.0010e+09    0  703          - 1.0010e+09      -     -  573s
     0     0 1.0010e+09    0  685          - 1.0010e+09      -     -  582s
     0     0 1.0010e+09    0  696          - 1.0010e+09      -     -  591s
     0     0 1.0010e+09    0  723          - 1.0010e+09      -     -  598s
     0     0 1.0010e+09    0  698          - 1.0010e+09      -     -  606s
     0     0 1.0010e+09    0  697          - 1.0010e+09      -     -  610s
     0     2 1.0010e+09    0  695          - 1.0010e+09      -     - 1014s
     1     4 1.0010e+09    1  627          - 1.0010e+09      -  4433 1038s
     3     8 1.0010e+09    2  638          - 1.0010e+09      -  2605 1077s
     7    16 1.0010e+09    3  661          - 1.0010e+09      -  2029 1135s
    15    32 1.0009e+09    4  651          - 1.0010e+09      -  2340 1263s
    31    56 1.0009e+09    5  645          - 1.0010e+09      -  2248 1342s
    55    80 1.0009e+09    6  630          - 1.0010e+09      -  2120 1411s
    79   104 1.0009e+09    6  739          - 1.0010e+09      -  1997 1546s
   103   128 1.0009e+09    7  610          - 1.0010e+09      -  2039 1599s
   127   159 1.0009e+09    7  649          - 1.0010e+09      -  1834 1645s
   158   197 1.0009e+09    8  607          - 1.0010e+09      -  1604 1695s
   196   264 1.0009e+09    9  603          - 1.0010e+09      -  1399 1800s

Cutting planes:
  Cover: 43
  Implied bound: 93
  Clique: 6
  MIR: 71
  Flow cover: 204
  GUB cover: 1
  Zero half: 10
  Network: 42
  RLT: 15
  Relax-and-lift: 8

Explored 263 nodes (391810 simplex iterations) in 1800.15 seconds (1774.14 work units)
Thread count was 24 (of 48 available processors)

Solution count 0

Time limit reached
Best objective -, best bound 1.000953322902e+09, gap -
IIS computation: initial model status unknown, solving to determine model status
Presolve removed 13760 rows and 21220 columns (presolve time = 5s) ...
Presolve removed 14012 rows and 21220 columns (presolve time = 10s) ...
Presolve removed 14000 rows and 21208 columns
Presolve time: 12.51s
Presolved: 20401 rows, 621384 columns, 3682842 nonzeros
Variable types: 2547 continuous, 618837 integer (618831 binary)
Deterministic concurrent LP optimizer: primal simplex, dual simplex, and barrier
Showing barrier log only...

Root barrier log...

Ordering time: 1.42s

Barrier statistics:
 AA' NZ     : 1.660e+06
 Factor NZ  : 1.239e+07 (roughly 360 MB of memory)
 Factor Ops : 2.479e+10 (less than 1 second per iteration)
 Threads    : 21

                  Objective                Residual
Iter       Primal          Dual         Primal    Dual     Compl     Time
   0  -0.00000000e+00  9.28658813e+04  2.91e+09 0.00e+00  3.92e+03    21s
   1  -0.00000000e+00  8.48378397e+04  7.25e+08 1.47e-02  9.91e+02    21s
   2  -0.00000000e+00  5.92131325e+04  1.01e+07 1.11e-16  1.39e+01    22s
   3  -0.00000000e+00  3.65807749e+04  8.26e+05 9.71e-17  1.17e+00    22s
   4  -0.00000000e+00  1.79781463e+04  2.03e+05 6.21e-17  1.88e-01    22s
   5  -0.00000000e+00  9.45201044e+03  9.58e+04 3.97e-17  5.83e-02    23s
   6  -0.00000000e+00  4.76948917e+03  5.90e+04 2.44e-17  2.45e-02    23s
   7  -0.00000000e+00  1.79397466e+03  1.66e+04 1.58e-17  4.83e-03    23s
   8  -0.00000000e+00  6.89492461e+02  3.19e+03 1.96e-17  9.67e-04    24s
   9  -0.00000000e+00  3.13795137e+02  1.06e+03 3.09e-17  3.54e-04    24s
  10  -0.00000000e+00  1.07083941e+02  3.84e+02 3.36e-17  1.14e-04    24s
  11  -0.00000000e+00  5.40339129e+01  2.48e+02 4.44e-17  6.02e-05    24s
  12  -0.00000000e+00  3.13140413e+01  1.22e+02 7.72e-17  3.31e-05    25s
  13  -0.00000000e+00  1.62834711e+01  7.19e+01 1.27e-16  1.78e-05    25s
  14  -0.00000000e+00  1.52000675e+01  6.20e+01 1.14e-16  1.63e-05    25s
  15  -0.00000000e+00  1.00935215e+01  3.88e+01 1.23e-16  1.06e-05    26s
  16  -0.00000000e+00  4.13821461e+00  2.82e+01 1.41e-08  4.98e-06    26s
  17  -0.00000000e+00  2.83254556e+00  1.68e+01 1.71e-08  3.19e-06    26s
  18  -0.00000000e+00  2.04091707e+00  1.58e+01 1.79e-08  2.43e-06    27s
  19  -0.00000000e+00  1.22967564e+00  7.62e+00 2.20e-08  1.33e-06    27s
  20  -0.00000000e+00  5.01788888e-01  3.04e+00 1.13e-08  4.92e-07    28s
  21  -0.00000000e+00  2.19284053e-01  6.19e-01 1.27e-08  1.97e-07    28s
  22  -0.00000000e+00  2.24038905e-02  1.40e-02 4.15e-09  2.08e-08    29s
  23  -0.00000000e+00  2.51267131e-05  6.54e-06 1.19e-11  2.65e-11    29s
  24  -0.00000000e+00  1.36918493e-10  1.39e-10 1.55e-16  1.44e-16    29s

Barrier solved model in 24 iterations and 29.11 seconds (33.15 work units)
Optimal objective -0.00000000e+00

  Building initial crossover basis                                35s
  Building initial crossover basis                                40s
  Building initial crossover basis                                45s
  Building initial crossover basis                                50s

Root crossover log...

   13894 DPushes remaining with DInf 2.3776083e+00                52s
       0 DPushes remaining with DInf 0.0000000e+00                52s

     335 PPushes remaining with PInf 8.7596173e-06                52s
       0 PPushes remaining with PInf 0.0000000e+00                52s

  Push phase complete: Pinf 0.0000000e+00, Dinf 0.0000000e+00     52s


Root simplex log...

Iteration    Objective       Primal Inf.    Dual Inf.      Time
    1355   -0.0000000e+00   0.000000e+00   0.000000e+00     52s
Concurrent spin time: 0.01s

Solved with barrier
    1355   -0.0000000e+00   0.000000e+00   0.000000e+00     53s

Root relaxation: objective -0.000000e+00, 1355 iterations, 36.69 seconds (35.19 work units)
Total elapsed time = 227.12s
Total elapsed time = 236.79s
Total elapsed time = 251.05s

    Nodes    |    Current Node    |     Objective Bounds      |     Work
 Expl Unexpl |  Obj  Depth IntInf | Incumbent    BestBd   Gap | It/Node Time

     0     0   -0.00000    0   55          -   -0.00000      -     -  554s
     0     0   -0.00000    0  132          -   -0.00000      -     -  621s
     0     0   -0.00000    0  123          -   -0.00000      -     -  636s
     0     0   -0.00000    0   26          -   -0.00000      -     -  732s
H    0     0                      -0.0000000   -0.00000  0.00%     -  738s
     0     0   -0.00000    0   26   -0.00000   -0.00000  0.00%     -  738s

Cutting planes:
  Cover: 9
  Implied bound: 9
  Clique: 6
  MIR: 5
  StrongCG: 1
  Flow cover: 20
  Network: 17
  RLT: 1

Explored 1 nodes (732853 simplex iterations) in 738.16 seconds (562.51 work units)
Thread count was 24 (of 48 available processors)

Solution count 1: -0 
No other solutions better than -0

Optimal solution found (tolerance 1.00e-04)
Best objective -0.000000000000e+00, best bound -0.000000000000e+00, gap 0.0000%
IIS runtime: 738.30 seconds (562.51 work units)
