
Gurobi 9.5.1 (win64) logging started Sun May  7 23:23:19 2023

Set parameter LogFile to value "logFiles/N-1L-120D/N-1L-7U-30F-23V-120D-b-basic.log"
Gurobi Optimizer version 9.5.1 build v9.5.1rc2 (win64)
Thread count: 8 physical cores, 16 logical processors, using up to 16 threads
Optimize a model with 37774 rows, 435213 columns and 1869016 nonzeros
Model fingerprint: 0x63e58ef3
Variable types: 391655 continuous, 43558 integer (43558 binary)
Coefficient statistics:
  Matrix range     [1e+00, 2e+05]
  Objective range  [4e+01, 2e+07]
  Bounds range     [1e+00, 1e+00]
  RHS range        [1e+00, 2e+06]
Presolve removed 20615 rows and 70293 columns (presolve time = 5s) ...
Presolve removed 20615 rows and 70279 columns
Presolve time: 7.11s
Presolved: 17159 rows, 364934 columns, 1451249 nonzeros
Variable types: 328607 continuous, 36327 integer (36327 binary)

Deterministic concurrent LP optimizer: primal and dual simplex
Showing first log only...


Root simplex log...

Iteration    Objective       Primal Inf.    Dual Inf.      Time
       0    3.5246234e+08   3.882533e+04   1.426343e+13     12s
   38689    3.5224392e+08   4.977630e+01   6.363093e+10     15s
   77301    3.5221235e+08   1.022156e+01   5.765885e+10     20s
  110888    3.5220028e+08   7.876825e-03   1.157777e+09     25s


Root relaxation: time limit, 0 iterations, 20.64 seconds (9.55 work units)

Explored 1 nodes (0 simplex iterations) in 30.11 seconds (21.47 work units)
Thread count was 16 (of 16 available processors)

Solution count 0

Time limit reached
Best objective -, best bound 2.616028051295e+12, gap -

Gurobi 9.5.1 (win64) logging started Sun May  7 23:30:16 2023

Set parameter LogFile to value "logFiles/N-1L-120D/N-1L-7U-30F-23V-120D-b-basic.log"
Gurobi Optimizer version 9.5.1 build v9.5.1rc2 (win64)
Thread count: 8 physical cores, 16 logical processors, using up to 16 threads
Optimize a model with 37774 rows, 435213 columns and 1869016 nonzeros
Model fingerprint: 0xfbe17898
Variable types: 391655 continuous, 43558 integer (43558 binary)
Coefficient statistics:
  Matrix range     [1e+00, 2e+05]
  Objective range  [4e+01, 2e+07]
  Bounds range     [1e+00, 1e+00]
  RHS range        [1e+00, 2e+06]
Presolve removed 20615 rows and 70293 columns (presolve time = 6s) ...
Presolve removed 20615 rows and 70279 columns
Presolve time: 6.64s
Presolved: 17159 rows, 364934 columns, 1451249 nonzeros
Variable types: 328607 continuous, 36327 integer (36327 binary)

Deterministic concurrent LP optimizer: primal and dual simplex
Showing first log only...


Root simplex log...

Iteration    Objective       Primal Inf.    Dual Inf.      Time
       0    3.5246234e+08   3.882533e+04   1.426343e+13     12s
   50100    3.5223373e+08   3.693208e+01   3.796514e+10     15s
   85588    3.5220768e+08   5.331233e+00   3.379350e+10     20s
  121082    3.5220337e+08   1.007003e+00   8.818976e+08     25s
  125294    3.5182283e+08   5.800899e+02   0.000000e+00     31s
  125634    3.5182282e+08   7.831505e+01   0.000000e+00     37s
  125817    1.1066581e+09   0.000000e+00   5.540258e+11     40s
  126290    1.1117123e+09   0.000000e+00   1.452735e+14     41s
  127159    1.1157717e+09   0.000000e+00   3.770507e+13     47s
  127479    1.1165529e+09   0.000000e+00   1.973536e+12     51s
  128519    1.1186596e+09   0.000000e+00   1.247504e+14     58s
  128819    1.1188464e+09   0.000000e+00   1.247911e+12     60s
  129739    1.1193297e+09   0.000000e+00   1.503170e+12     66s
  130557    1.1196717e+09   0.000000e+00   9.704444e+10     71s
  131394    1.1200735e+09   0.000000e+00   4.979209e+10     75s
  131954    1.1201592e+09   0.000000e+00   8.537400e+11     81s
  134091    1.1254245e+09   0.000000e+00   6.511819e+11     86s
  135876    1.1260871e+09   0.000000e+00   9.203207e+10     91s
  137170    1.1267255e+09   0.000000e+00   3.227076e+11     96s
  138116    1.1269183e+09   0.000000e+00   7.243150e+10    101s
  139006    1.1270205e+09   0.000000e+00   1.524538e+11    106s
  141073    1.1271760e+09   0.000000e+00   9.855094e+14    110s
  143413    1.1279214e+09   0.000000e+00   1.532207e+12    116s
  144922    1.1285758e+09   0.000000e+00   1.440307e+12    120s
  146072    1.1288027e+09   0.000000e+00   1.879297e+11    126s
  147690    1.1299004e+09   0.000000e+00   1.890987e+11    131s
  148983    1.1301434e+09   0.000000e+00   1.618059e+12    135s
  150755    1.1305784e+09   0.000000e+00   3.408728e+11    141s
  151945    1.1306617e+09   0.000000e+00   3.951919e+10    146s
  153908    1.1309396e+09   0.000000e+00   3.786811e+11    150s
  155328    1.1310063e+09   0.000000e+00   4.008648e+09    156s
  158039    1.1364451e+09   0.000000e+00   3.273138e+11    161s
  159823    1.1370569e+09   0.000000e+00   2.275461e+12    165s
  161123    1.1372289e+09   0.000000e+00   4.932359e+10    171s
  162053    1.1373006e+09   0.000000e+00   8.827238e+11    176s
  162893    1.1374505e+09   0.000000e+00   4.172575e+10    181s
  163913    1.1375989e+09   0.000000e+00   5.201600e+11    186s
Concurrent spin time: 0.00s

Solved with dual simplex

Root relaxation: objective 1.191533e+09, 148878 iterations, 178.29 seconds (82.93 work units)

    Nodes    |    Current Node    |     Objective Bounds      |     Work
 Expl Unexpl |  Obj  Depth IntInf | Incumbent    BestBd   Gap | It/Node Time

     0     0 1.1915e+09    0   59          - 1.1915e+09      -     -  187s
H    0     0                    1.167423e+09 1.1915e+09  2.07%     -  202s
     0     0 1.1915e+09    0   60 1.1674e+09 1.1915e+09  2.07%     -  210s
     0     0 1.1915e+09    0   61 1.1674e+09 1.1915e+09  2.07%     -  211s
     0     0 1.1915e+09    0   58 1.1674e+09 1.1915e+09  2.07%     -  214s
     0     0 1.1915e+09    0   58 1.1674e+09 1.1915e+09  2.07%     -  215s
     0     0 1.1915e+09    0   59 1.1674e+09 1.1915e+09  2.07%     -  218s
H    0     0                    1.184927e+09 1.1915e+09  0.56%     -  227s
     0     0 1.1915e+09    0   63 1.1849e+09 1.1915e+09  0.56%     -  231s
     0     0 1.1915e+09    0   61 1.1849e+09 1.1915e+09  0.56%     -  234s
     0     0 1.1915e+09    0   58 1.1849e+09 1.1915e+09  0.56%     -  248s
     0     0 1.1915e+09    0   62 1.1849e+09 1.1915e+09  0.56%     -  248s
     0     0 1.1915e+09    0   64 1.1849e+09 1.1915e+09  0.56%     -  250s
     0     0 1.1915e+09    0   64 1.1849e+09 1.1915e+09  0.56%     -  294s
     0     2 1.1915e+09    0   63 1.1849e+09 1.1915e+09  0.56%     -  319s
     1     4 1.1915e+09    1   61 1.1849e+09 1.1915e+09  0.56%   214  332s
     3     8 1.1915e+09    2   58 1.1849e+09 1.1915e+09  0.56%   338  356s
     7    16 1.1915e+09    3   56 1.1849e+09 1.1915e+09  0.56%   283  381s
    15    24 1.1915e+09    4   58 1.1849e+09 1.1915e+09  0.56%   319  390s
    23    32 1.1915e+09    4   54 1.1849e+09 1.1915e+09  0.56%   260  415s
    31    40 1.1915e+09    5   57 1.1849e+09 1.1915e+09  0.56%   265  471s
H   32    40                    1.191455e+09 1.1915e+09  0.01%   257  472s
H   34    40                    1.191463e+09 1.1915e+09  0.01%   275  472s
H   37    40                    1.191467e+09 1.1915e+09  0.00%   269  472s

Cutting planes:
  MIR: 13
  Flow cover: 7

Explored 39 nodes (159536 simplex iterations) in 472.65 seconds (310.81 work units)
Thread count was 16 (of 16 available processors)

Solution count 5: 1.19147e+09 1.19146e+09 1.19146e+09 ... 1.16742e+09

Optimal solution found (tolerance 5.00e-03)
Best objective 1.191467179065e+09, best bound 1.191524458390e+09, gap 0.0048%
Gurobi Optimizer version 9.5.1 build v9.5.1rc2 (win64)
Thread count: 8 physical cores, 16 logical processors, using up to 16 threads
Optimize a model with 37744 rows, 435213 columns and 1777125 nonzeros
Model fingerprint: 0x021a4f86
Variable types: 232345 continuous, 202868 integer (202868 binary)
Coefficient statistics:
  Matrix range     [1e+00, 2e+05]
  Objective range  [4e+01, 2e+07]
  Bounds range     [4e-15, 2e+05]
  RHS range        [1e+00, 2e+06]

MIP start from previous solve did not produce a new incumbent solution
MIP start from previous solve violates constraint initital_inventory_control[NGBON,31] by 292675.800000000

Presolve removed 27021 rows and 284533 columns
Presolve time: 3.00s
Presolved: 10723 rows, 150680 columns, 781370 nonzeros
Variable types: 132006 continuous, 18674 integer (18674 binary)

Deterministic concurrent LP optimizer: primal and dual simplex
Showing first log only...


Root simplex log...

Iteration    Objective       Primal Inf.    Dual Inf.      Time
       0    6.2684349e+08   3.612686e+04   3.332646e+12      6s
   27964    1.1316230e+09   0.000000e+00   2.016085e+10      7s
   56132    1.1847876e+09   0.000000e+00   3.660551e+10     10s
  113435    1.1911253e+09   0.000000e+00   1.268716e+08     15s
  136318    1.1914987e+09   0.000000e+00   0.000000e+00     17s
  136318    1.1914987e+09   0.000000e+00   0.000000e+00     17s
Concurrent spin time: 3.55s

Solved with primal simplex

Root relaxation: objective 1.191499e+09, 136318 iterations, 16.64 seconds (13.38 work units)

    Nodes    |    Current Node    |     Objective Bounds      |     Work
 Expl Unexpl |  Obj  Depth IntInf | Incumbent    BestBd   Gap | It/Node Time

     0     0 1.1915e+09    0   55          - 1.1915e+09      -     -   21s
H    0     0                    1.158914e+09 1.1915e+09  2.81%     -   23s
H    0     0                    1.185798e+09 1.1915e+09  0.48%     -   24s

Explored 1 nodes (136484 simplex iterations) in 24.50 seconds (21.85 work units)
Thread count was 16 (of 16 available processors)

Solution count 2: 1.1858e+09 1.15891e+09 

Optimal solution found (tolerance 5.00e-03)
Best objective 1.185797938378e+09, best bound 1.191498735539e+09, gap 0.4808%
Gurobi Optimizer version 9.5.1 build v9.5.1rc2 (win64)
Thread count: 8 physical cores, 16 logical processors, using up to 16 threads
Optimize a model with 37714 rows, 435213 columns and 1693275 nonzeros
Model fingerprint: 0x5a01db05
Variable types: 47653 continuous, 387560 integer (387560 binary)
Coefficient statistics:
  Matrix range     [1e+00, 2e+05]
  Objective range  [4e+01, 2e+07]
  Bounds range     [4e-15, 2e+05]
  RHS range        [1e+00, 2e+06]

MIP start from previous solve did not produce a new incumbent solution
MIP start from previous solve violates constraint initital_inventory_control[NGBON,61] by 574750.000000000

Presolve removed 34523 rows and 415654 columns
Presolve time: 1.16s
Presolved: 3191 rows, 19559 columns, 97267 nonzeros
Variable types: 13284 continuous, 6275 integer (6275 binary)

Root relaxation: objective 1.190276e+09, 7344 iterations, 0.23 seconds (0.30 work units)

    Nodes    |    Current Node    |     Objective Bounds      |     Work
 Expl Unexpl |  Obj  Depth IntInf | Incumbent    BestBd   Gap | It/Node Time

     0     0 1.1903e+09    0   15          - 1.1903e+09      -     -    2s
H    0     0                    1.189267e+09 1.1903e+09  0.08%     -    2s

Explored 1 nodes (7346 simplex iterations) in 2.77 seconds (2.82 work units)
Thread count was 16 (of 16 available processors)

Solution count 1: 1.18927e+09 

Optimal solution found (tolerance 5.00e-03)
Best objective 1.189266847072e+09, best bound 1.190275561580e+09, gap 0.0848%
Gurobi Optimizer version 9.5.1 build v9.5.1rc2 (win64)
Thread count: 8 physical cores, 16 logical processors, using up to 16 threads
Optimize a model with 37684 rows, 435213 columns and 1676299 nonzeros
Model fingerprint: 0x93c2e61c
Variable types: 1691 continuous, 433522 integer (433522 binary)
Coefficient statistics:
  Matrix range     [1e+00, 2e+05]
  Objective range  [4e+01, 2e+07]
  Bounds range     [4e-15, 2e+05]
  RHS range        [1e+00, 2e+06]

MIP start from previous solve did not produce a new incumbent solution
MIP start from previous solve violates constraint initital_inventory_control[NGBON,91] by 422186.570000000

Presolve removed 36668 rows and 433267 columns
Presolve time: 0.19s

Explored 0 nodes (0 simplex iterations) in 0.76 seconds (0.50 work units)
Thread count was 1 (of 16 available processors)

Solution count 0

Model is infeasible or unbounded
Best objective -, best bound -, gap -

Computing Irreducible Inconsistent Subsystem (IIS)...

           Constraints          |            Bounds           |  Runtime
      Min       Max     Guess   |   Min       Max     Guess   |
--------------------------------------------------------------------------
        0     18562         -         0    389794         -           0s
        0     12063        10         0    354771         -           5s
        0      3789        10         0    164209         -          10s
        0      1192        10         0     50637         -          15s
        0       515        10         0     23143         -          20s
        1       199        10         0     10841         -          25s
        3       153        10         0      9359         -          30s
        4        50        10         0      3406         -          35s
        5        33        10         0      2871         -          40s
        5        16        10         0      1592         -          45s
        5         5         -         0       783         -          50s
        5         5         -         0       783         -          55s
        5         5         -         0       783         -          60s
        5         5         -         0       773       280          65s
        5         5         -         8       764       360          70s
        5         5         -        15       753       340          75s
        5         5         -        23       743       340          80s
        5         5         -        31       733       340          85s
        5         5         -        42       725       360          90s
        5         5         -        49       714       350          95s
        5         5         -        58       704       360         100s
        5         5         -        68       695       360         105s
        5         5         -        70       680       340         110s
        5         5         -        80       671       330         115s
        5         5         -        88       660       340         120s
        5         5         -        99       653       340         125s
        5         5         -       109       644       350         130s
        5         5         -       119       635       350         135s
        5         5         -       124       622       350         140s
        5         5         -       136       616       350         145s
        5         5         -       149       610       360         150s
        5         5         -       157       600       360         155s
        5         5         -       169       593       370         160s
        5         5         -       180       586       380         165s
        5         5         -       185       574       380         170s
        5         5         -       197       568       380         175s
        5         5         -       207       560       380         180s
        5         5         -       213       549       380         185s
        5         5         -       223       542       380         190s
        5         5         -       233       533       380         195s
        5         5         -       241       524       380         200s
        5         5         -       250       515       380         205s
        5         5         -       260       508       380         210s
        5         5         -       270       501       380         215s
        5         5         -       278       491       380         220s
        5         5         -       287       482       380         225s
        5         5         -       299       478       380         230s
        5         5         -       309       470       390         235s
        5         5         -       315       459       390         240s
        5         5         -       326       451       390         245s
        5         5         -       339       445       390         250s
        5         5         -       349       438       390         255s
        5         5         -       357       430       390         260s
        5         5         -       368       424       390         265s
        5         5         -       376       415       390         270s
        5         5         -       388       409       390         275s
        5         5         -       395       398       395         280s
        5         5         -       396       396         -         281s

IIS computed: 5 constraints, 396 bounds
IIS runtime: 281.16 seconds (35.44 work units)
