
Gurobi 10.0.1 (linux64) logging started Wed May 31 04:41:43 2023

Set parameter LogFile to value "logFiles/N-1L-B/N-1L-13U-10F-23V-120D-charterout.log"
Gurobi Optimizer version 10.0.1 build v10.0.1rc0 (linux64)

CPU model: Intel(R) Xeon(R) Gold 5115 CPU @ 2.40GHz, instruction set [SSE2|AVX|AVX2|AVX512]
Thread count: 20 physical cores, 40 logical processors, using up to 20 threads

Optimize a model with 109647 rows, 969697 columns and 7998879 nonzeros
Model fingerprint: 0x1d4345e3
Variable types: 1650 continuous, 968047 integer (968047 binary)
Coefficient statistics:
  Matrix range     [1e+00, 2e+05]
  Objective range  [4e+01, 3e+07]
  Bounds range     [1e+00, 1e+00]
  RHS range        [1e+00, 2e+06]
Presolve removed 30928 rows and 28304 columns (presolve time = 5s) ...
Presolve removed 38333 rows and 94252 columns (presolve time = 10s) ...
Presolve removed 77760 rows and 109136 columns (presolve time = 15s) ...
Presolve removed 77760 rows and 109136 columns (presolve time = 20s) ...
Presolve removed 77760 rows and 109136 columns (presolve time = 25s) ...
Presolve removed 77713 rows and 109446 columns
Presolve time: 26.61s
Presolved: 31934 rows, 860251 columns, 4153901 nonzeros
Variable types: 1638 continuous, 858613 integer (858613 binary)
Deterministic concurrent LP optimizer: primal simplex, dual simplex, and barrier
Showing barrier log only...

Root barrier log...

Ordering time: 0.93s

Barrier statistics:
 AA' NZ     : 2.079e+06
 Factor NZ  : 7.828e+06 (roughly 400 MB of memory)
 Factor Ops : 1.252e+10 (less than 1 second per iteration)
 Threads    : 17

                  Objective                Residual
Iter       Primal          Dual         Primal    Dual     Compl     Time
   0  -2.02221932e+16  4.46959265e+12  2.46e+09 5.97e+05  1.02e+11    35s
   1  -5.68822564e+15  5.48136887e+12  6.95e+08 5.22e+05  2.89e+10    35s
   2  -9.16501318e+14  4.73054335e+12  1.13e+08 9.99e+03  4.73e+09    36s
   3  -1.77947165e+13  2.64864898e+12  2.19e+06 8.03e+01  9.34e+07    36s
   4  -7.92670863e+12  8.80215619e+11  9.77e+05 1.86e-09  4.15e+07    37s
   5  -6.56225175e+11  8.10840382e+11  8.08e+04 1.63e-09  3.87e+06    37s
   6  -4.40771547e+11  7.08036010e+11  5.43e+04 1.40e-09  2.64e+06    37s
   7  -1.99279651e+11  5.32983929e+11  2.46e+04 1.28e-09  1.26e+06    38s
   8  -9.95123619e+10  4.14576405e+11  1.24e+04 1.82e-01  6.90e+05    38s
   9  -4.95852597e+10  2.74715867e+11  6.28e+03 1.16e-09  3.63e+05    38s
  10  -8.75724060e+09  1.03741963e+11  1.27e+03 1.46e-09  9.32e+04    39s
  11  -9.29188085e+08  5.29347721e+10  3.10e+02 1.69e-09  3.69e+04    39s
  12  -5.04644892e+08  4.41715997e+10  2.58e+02 2.10e-09  3.03e+04    39s
  13   6.21830787e+08  2.42751875e+10  1.20e+02 1.01e-07  1.56e+04    40s
  14   9.56898908e+08  1.53947381e+10  7.93e+01 4.47e-08  9.55e+03    40s
  15   1.16659599e+09  1.38433176e+10  5.40e+01 4.51e-08  8.16e+03    41s
  16   1.29076784e+09  1.15739906e+10  3.94e+01 4.91e-08  6.57e+03    41s
  17   1.37271015e+09  1.05067580e+10  2.99e+01 5.06e-08  5.77e+03    41s
  18   1.40638600e+09  8.13579189e+09  2.60e+01 4.69e-08  4.32e+03    41s
  19   1.45495257e+09  6.48173485e+09  2.04e+01 5.44e-08  3.27e+03    42s
  20   1.50897874e+09  4.57423219e+09  1.46e+01 5.77e-08  2.05e+03    42s
  21   1.53413532e+09  4.11132835e+09  1.21e+01 6.04e-08  1.73e+03    43s
  22   1.55441631e+09  3.95109163e+09  1.04e+01 4.74e-08  1.59e+03    43s
  23   1.56497090e+09  3.36630494e+09  9.51e+00 5.68e-08  1.22e+03    44s
  24   1.58421348e+09  3.04663483e+09  8.05e+00 6.69e-08  9.96e+02    44s
  25   1.60589999e+09  2.57788492e+09  6.06e+00 8.13e-08  6.66e+02    45s
  26   1.61571824e+09  2.48569361e+09  5.08e+00 8.22e-08  5.87e+02    45s
  27   1.62900796e+09  2.32810721e+09  3.99e+00 7.72e-08  4.65e+02    46s
  28   1.64139396e+09  2.16382811e+09  3.19e+00 7.35e-08  3.44e+02    46s
  29   1.65053657e+09  1.99428034e+09  2.41e+00 9.50e-08  2.24e+02    47s
  30   1.66260843e+09  1.92362993e+09  1.47e+00 4.78e-08  1.64e+02    47s
  31   1.66692277e+09  1.83159952e+09  1.20e+00 4.67e-08  1.02e+02    47s
  32   1.67087440e+09  1.79405863e+09  9.25e-01 3.88e-08  7.56e+01    48s
  33   1.67480168e+09  1.78846929e+09  6.81e-01 4.64e-08  6.89e+01    48s
  34   1.67624981e+09  1.77216568e+09  6.03e-01 5.04e-08  5.79e+01    49s
  35   1.67706581e+09  1.76807191e+09  5.62e-01 4.15e-08  5.48e+01    49s
  36   1.67815649e+09  1.76588498e+09  5.12e-01 5.79e-08  5.27e+01    50s
  37   1.67943256e+09  1.75571066e+09  4.64e-01 3.93e-08  4.57e+01    50s
  38   1.68048134e+09  1.75004378e+09  4.22e-01 8.04e-08  4.16e+01    51s
  39   1.68283974e+09  1.74713301e+09  3.51e-01 8.49e-08  3.83e+01    51s
  40   1.68484905e+09  1.74097037e+09  2.94e-01 7.80e-08  3.33e+01    52s
  41   1.68575750e+09  1.73389507e+09  2.68e-01 6.96e-08  2.85e+01    52s
  42   1.68772484e+09  1.72876302e+09  2.10e-01 6.97e-08  2.42e+01    52s
  43   1.68921704e+09  1.72435896e+09  1.71e-01 6.44e-08  2.07e+01    53s
  44   1.68948569e+09  1.72362013e+09  1.65e-01 7.75e-08  2.01e+01    53s
  45   1.69096330e+09  1.72200138e+09  1.33e-01 5.56e-08  1.83e+01    54s
  46   1.69286498e+09  1.71770608e+09  9.72e-02 5.43e-08  1.46e+01    54s
  47   1.69441789e+09  1.71386554e+09  7.36e-02 4.77e-08  1.14e+01    55s
  48   1.69508534e+09  1.71251853e+09  6.57e-02 5.22e-08  1.02e+01    55s
  49   1.69598514e+09  1.71009496e+09  5.61e-02 8.02e-08  8.28e+00    56s
  50   1.69758231e+09  1.70762897e+09  3.97e-02 5.82e-08  5.89e+00    56s
  51   1.69843692e+09  1.70665338e+09  3.23e-02 6.40e-08  4.82e+00    57s
  52   1.70008970e+09  1.70626927e+09  1.92e-02 7.64e-08  3.62e+00    57s
  53   1.70052988e+09  1.70490188e+09  1.60e-02 6.68e-08  2.56e+00    57s
  54   1.70144198e+09  1.70427403e+09  9.36e-03 7.58e-08  1.66e+00    58s
  55   1.70206589e+09  1.70390301e+09  4.98e-03 6.30e-08  1.08e+00    58s
  56   1.70221668e+09  1.70331260e+09  3.97e-03 6.43e-08  6.43e-01    59s
  57   1.70249177e+09  1.70317151e+09  2.09e-03 5.51e-08  3.98e-01    59s
  58   1.70264844e+09  1.70305555e+09  1.05e-03 8.63e-08  2.38e-01    59s
  59   1.70272419e+09  1.70292925e+09  5.57e-04 5.32e-08  1.20e-01    60s
  60   1.70278035e+09  1.70285999e+09  2.11e-04 6.30e-08  4.67e-02    60s
  61   1.70279467e+09  1.70282623e+09  1.26e-04 9.12e-08  1.86e-02    61s
  62   1.70281263e+09  1.70281958e+09  2.30e-05 8.39e-08  4.08e-03    61s
  63   1.70281585e+09  1.70281706e+09  4.42e-06 7.99e-08  7.08e-04    61s
  64   1.70281657e+09  1.70281671e+09  4.96e-06 7.46e-08  8.14e-05    61s
  65   1.70281667e+09  1.70281667e+09  1.15e-07 4.80e-08  2.41e-06    62s
  66   1.70281667e+09  1.70281667e+09  1.69e-09 8.18e-08  8.48e-08    62s
  67   1.70281667e+09  1.70281667e+09  1.08e-08 6.00e-08  3.12e-10    63s

Barrier solved model in 67 iterations and 62.78 seconds (56.33 work units)
Optimal objective 1.70281667e+09


Root crossover log...

   26680 DPushes remaining with DInf 0.0000000e+00                63s
       0 DPushes remaining with DInf 0.0000000e+00                63s

    1651 PPushes remaining with PInf 5.9581918e-05                63s
       0 PPushes remaining with PInf 0.0000000e+00                63s

  Push phase complete: Pinf 0.0000000e+00, Dinf 1.2207451e+00     63s


Root simplex log...

Iteration    Objective       Primal Inf.    Dual Inf.      Time
   28279    1.7028167e+09   0.000000e+00   1.220745e+00     63s
   28284    1.7028167e+09   0.000000e+00   0.000000e+00     64s
Concurrent spin time: 0.00s

Solved with barrier
   28284    1.7028167e+09   0.000000e+00   0.000000e+00     64s

Root relaxation: objective 1.702817e+09, 28284 iterations, 34.14 seconds (25.59 work units)
Total elapsed time = 65.62s

    Nodes    |    Current Node    |     Objective Bounds      |     Work
 Expl Unexpl |  Obj  Depth IntInf | Incumbent    BestBd   Gap | It/Node Time

     0     0 1.7028e+09    0  251          - 1.7028e+09      -     -   68s
     0     0 1.7027e+09    0  269          - 1.7027e+09      -     -  118s
     0     0 1.7027e+09    0  272          - 1.7027e+09      -     -  135s
     0     0 1.7027e+09    0  279          - 1.7027e+09      -     -  162s
     0     0 1.7027e+09    0  279          - 1.7027e+09      -     -  173s
     0     0 1.7027e+09    0  279          - 1.7027e+09      -     -  174s
     0     0 1.7027e+09    0  305          - 1.7027e+09      -     -  189s
H    0     0                    1.682967e+09 1.7027e+09  1.17%     -  232s
H    0     0                    1.695781e+09 1.7027e+09  0.41%     -  429s
     0     0 1.7027e+09    0  288 1.6958e+09 1.7027e+09  0.41%     -  431s
     0     0 1.7027e+09    0  273 1.6958e+09 1.7027e+09  0.41%     -  443s
H    0     0                    1.695851e+09 1.7027e+09  0.40%     -  595s
     0     0 1.7027e+09    0  279 1.6959e+09 1.7027e+09  0.40%     -  600s
     0     0 1.7027e+09    0  281 1.6959e+09 1.7027e+09  0.40%     -  603s
     0     0 1.7027e+09    0  287 1.6959e+09 1.7027e+09  0.40%     -  621s
     0     0 1.7027e+09    0  282 1.6959e+09 1.7027e+09  0.40%     -  734s
     0     0 1.7027e+09    0  296 1.6959e+09 1.7027e+09  0.40%     -  758s
     0     0 1.7027e+09    0  296 1.6959e+09 1.7027e+09  0.40%     -  760s
     0     0 1.7027e+09    0  302 1.6959e+09 1.7027e+09  0.40%     -  772s
     0     0 1.7027e+09    0  289 1.6959e+09 1.7027e+09  0.40%     -  779s
     0     0 1.7027e+09    0  292 1.6959e+09 1.7027e+09  0.40%     -  780s
     0     0 1.7027e+09    0  311 1.6959e+09 1.7027e+09  0.40%     -  792s
     0     0 1.7027e+09    0  310 1.6959e+09 1.7027e+09  0.40%     -  808s
     0     0 1.7027e+09    0  288 1.6959e+09 1.7027e+09  0.40%     -  817s
     0     0 1.7027e+09    0  284 1.6959e+09 1.7027e+09  0.40%     -  830s
     0     0 1.7027e+09    0  286 1.6959e+09 1.7027e+09  0.40%     -  832s
     0     0 1.7027e+09    0  290 1.6959e+09 1.7027e+09  0.40%     -  838s
     0     0 1.7027e+09    0  289 1.6959e+09 1.7027e+09  0.40%     -  845s
     0     0 1.7027e+09    0  329 1.6959e+09 1.7027e+09  0.40%     -  854s
     0     0 1.7027e+09    0  312 1.6959e+09 1.7027e+09  0.40%     -  865s
     0     2 1.7027e+09    0  312 1.6959e+09 1.7027e+09  0.40%     -  930s
     1     4 1.7027e+09    1  313 1.6959e+09 1.7027e+09  0.40% 10124  960s
     3     8 1.7027e+09    2  307 1.6959e+09 1.7027e+09  0.40%  3932  999s
     5     8 1.7027e+09    2  292 1.6959e+09 1.7027e+09  0.40%  2841 1000s
     7    16 1.7027e+09    3  302 1.6959e+09 1.7027e+09  0.40%  2168 1058s
    15    32 1.7027e+09    4  313 1.6959e+09 1.7027e+09  0.40%  1909 1099s
H   31    52                    1.696853e+09 1.7027e+09  0.34%  1240 1792s
H   34    52                    1.697542e+09 1.7027e+09  0.30%  1159 1794s
H   37    52                    1.697639e+09 1.7027e+09  0.30%  1087 1795s
H   39    52                    1.697878e+09 1.7027e+09  0.28%  1040 1797s
    51    72 1.7027e+09    6  331 1.6979e+09 1.7027e+09  0.28%  1064 2154s
H   55    72                    1.698149e+09 1.7027e+09  0.27%   987 2156s
    71    92 1.7027e+09    6  303 1.6981e+09 1.7027e+09  0.27%   922 2199s
    91   112 1.7027e+09    7  327 1.6981e+09 1.7027e+09  0.27%   835 2259s
    99   112 1.7017e+09    8  268 1.6981e+09 1.7027e+09  0.27%   852 2260s
   111   142 1.7027e+09    8  313 1.6981e+09 1.7027e+09  0.27%   796 2309s
   141   172 1.7027e+09    9  317 1.6981e+09 1.7027e+09  0.27%   688 2345s
   171   242 1.7027e+09   11  315 1.6981e+09 1.7027e+09  0.27%   610 2452s
   241   387 1.7027e+09   13  295 1.6981e+09 1.7027e+09  0.27%   556 2709s
   396   624 1.7024e+09   14  301 1.6981e+09 1.7027e+09  0.27%   683 3122s
   675  1024 1.7024e+09   17  286 1.6981e+09 1.7027e+09  0.27%   734 3529s
H  679  1024                    1.698168e+09 1.7027e+09  0.26%   733 3530s
H 1142  1360                    1.698168e+09 1.7027e+09  0.26%   601 3850s
H 1147  1360                    1.698183e+09 1.7027e+09  0.26%   607 3851s
H 1169  1360                    1.698200e+09 1.7027e+09  0.26%   598 3853s
H 1206  1360                    1.698212e+09 1.7027e+09  0.26%   594 3854s
H 1221  1360                    1.698242e+09 1.7027e+09  0.26%   595 3856s
  1570  1909 1.7024e+09   31  322 1.6982e+09 1.7027e+09  0.26%   519 4145s
  2221  2285 1.7024e+09   66  270 1.6982e+09 1.7027e+09  0.26%   427 4399s
  2685  2579 1.7024e+09   73  256 1.6982e+09 1.7027e+09  0.26%   384 5070s
  3029  3173 1.7024e+09   74  230 1.6982e+09 1.7027e+09  0.26%   365 5301s
  3706  3740 1.7023e+09  105  181 1.6982e+09 1.7027e+09  0.26%   324 5480s
  4409  4319 1.7023e+09  140  154 1.6982e+09 1.7027e+09  0.26%   290 5660s
  5097  4885 1.7023e+09  175  144 1.6982e+09 1.7027e+09  0.26%   263 5840s
  5770  5491 1.7023e+09  211  131 1.6982e+09 1.7027e+09  0.26%   244 6018s
  6441  6108 1.7023e+09  247  135 1.6982e+09 1.7027e+09  0.26%   227 6188s
  7124  6704 1.7022e+09  282  134 1.6982e+09 1.7027e+09  0.26%   213 6341s
  7801  7336 1.7022e+09  314  141 1.6982e+09 1.7027e+09  0.26%   200 6482s
  8502  7966 1.7022e+09  350  133 1.6982e+09 1.7027e+09  0.26%   188 6618s
  9202  8490 1.7022e+09  386  145 1.6982e+09 1.7027e+09  0.26%   178 6784s
  9793  9116 1.7022e+09  422  139 1.6982e+09 1.7027e+09  0.26%   170 6915s
 10513  9730 1.7022e+09  458  129 1.6982e+09 1.7027e+09  0.26%   162 7068s
 11233 10357 1.7022e+09  494  121 1.6982e+09 1.7027e+09  0.26%   155 7196s

Cutting planes:
  Cover: 26
  Implied bound: 51
  MIR: 45
  Flow cover: 27
  GUB cover: 3
  RLT: 3
  Relax-and-lift: 7

Explored 11945 nodes (1848221 simplex iterations) in 10800.78 seconds (11837.01 work units)
Thread count was 20 (of 40 available processors)

Solution count 10: 1.69824e+09 1.69821e+09 1.6982e+09 ... 1.69754e+09

Time limit reached
Best objective 1.698242258399e+09, best bound 1.702657207129e+09, gap 0.2600%
