
Gurobi 10.0.1 (linux64) logging started Wed May 10 12:44:06 2023

Set parameter LogFile to value "logFiles/N-1L-B/N-1L-13U-32F-23V-365D-basic.log"
Gurobi Optimizer version 10.0.1 build v10.0.1rc0 (linux64)

CPU model: Intel(R) Xeon(R) Gold 5115 CPU @ 2.40GHz, instruction set [SSE2|AVX|AVX2|AVX512]
Thread count: 20 physical cores, 40 logical processors, using up to 20 threads

Optimize a model with 311182 rows, 3565631 columns and 35914676 nonzeros
Model fingerprint: 0x5abdbf94
Variable types: 5183 continuous, 3560448 integer (3560448 binary)
Coefficient statistics:
  Matrix range     [1e+00, 2e+05]
  Objective range  [4e+01, 3e+07]
  Bounds range     [1e+00, 1e+00]
  RHS range        [1e+00, 6e+06]
Presolve removed 180701 rows and 67419 columns (presolve time = 6s) ...
Presolve removed 181506 rows and 82226 columns (presolve time = 13s) ...
Presolve removed 181507 rows and 82226 columns (presolve time = 16s) ...
Presolve removed 181515 rows and 82234 columns (presolve time = 22s) ...
Presolve removed 181515 rows and 82234 columns (presolve time = 25s) ...
Presolve removed 187825 rows and 82234 columns (presolve time = 30s) ...
Presolve removed 187825 rows and 82234 columns (presolve time = 35s) ...
Presolve removed 187825 rows and 82234 columns (presolve time = 40s) ...
Presolve removed 187825 rows and 117724 columns (presolve time = 45s) ...
Presolve removed 187827 rows and 119813 columns (presolve time = 50s) ...
Presolve removed 190091 rows and 153749 columns (presolve time = 55s) ...
Presolve removed 190091 rows and 153749 columns (presolve time = 61s) ...
Presolve removed 190095 rows and 153749 columns (presolve time = 65s) ...
Presolve removed 190095 rows and 153749 columns (presolve time = 70s) ...
Presolve removed 190095 rows and 153749 columns (presolve time = 75s) ...
Presolve removed 190095 rows and 153749 columns (presolve time = 81s) ...
Presolve removed 190095 rows and 153749 columns (presolve time = 85s) ...
Presolve removed 190095 rows and 153749 columns (presolve time = 90s) ...
Presolve removed 190095 rows and 153749 columns (presolve time = 95s) ...
Presolve removed 190095 rows and 153749 columns (presolve time = 100s) ...
Presolve removed 190095 rows and 153749 columns (presolve time = 105s) ...
Presolve removed 190095 rows and 153749 columns (presolve time = 110s) ...
Presolve removed 190095 rows and 153775 columns (presolve time = 119s) ...
Presolve removed 190096 rows and 153775 columns (presolve time = 121s) ...
Presolve removed 189665 rows and 153344 columns
Presolve time: 124.38s
Presolved: 121517 rows, 3412287 columns, 26581930 nonzeros
Variable types: 5308 continuous, 3406979 integer (3406775 binary)
Deterministic concurrent LP optimizer: primal simplex, dual simplex, and barrier
Showing barrier log only...

Root barrier log...

Elapsed ordering time = 5s
Elapsed ordering time = 10s
Ordering time: 13.58s

Barrier statistics:
 AA' NZ     : 1.021e+07
 Factor NZ  : 5.643e+07 (roughly 2.0 GB of memory)
 Factor Ops : 2.143e+11 (roughly 2 seconds per iteration)
 Threads    : 17

                  Objective                Residual
Iter       Primal          Dual         Primal    Dual     Compl     Time
   0  -3.95255573e+17  1.23725204e+13  3.89e+10 5.92e+05  4.48e+11   194s
   1  -9.72984504e+16  2.44035911e+13  9.59e+09 4.95e+05  1.11e+11   196s
   2  -1.64026487e+16  2.34576144e+13  1.63e+09 3.63e+04  1.91e+10   198s
   3  -3.62763182e+14  1.53374048e+13  3.61e+07 3.21e+02  4.26e+08   201s
   4  -2.92483843e+14  1.40236646e+13  2.91e+07 2.79e+02  3.44e+08   203s
   5  -1.77747528e+14  1.26442773e+13  1.77e+07 2.32e+02  2.09e+08   205s
   6  -1.19416988e+14  8.00292562e+12  1.19e+07 8.76e+01  1.40e+08   207s
   7  -6.00644853e+13  7.62256053e+12  5.97e+06 8.01e+01  7.11e+07   209s
   8  -1.94812110e+13  4.12261273e+12  1.94e+06 2.08e+01  2.34e+07   212s
   9  -2.46167746e+12  3.35372189e+12  2.44e+05 1.02e+01  3.37e+06   215s
  10  -1.37827111e+12  2.92810110e+12  1.37e+05 7.24e+00  2.00e+06   217s
  11  -7.10535923e+11  2.35772696e+12  7.08e+04 4.58e+00  1.11e+06   219s
  12  -3.19425240e+11  1.87136366e+12  3.21e+04 2.88e+00  6.01e+05   221s
  13  -1.14743489e+11  1.08467254e+12  1.19e+04 9.46e-01  2.64e+05   223s
  14  -5.43791533e+10  6.47692814e+11  5.87e+03 3.21e-01  1.40e+05   225s
  15  -2.23746759e+10  2.56622838e+11  2.69e+03 1.92e-09  5.45e+04   226s
  16  -2.68814320e+09  8.93084884e+10  7.35e+02 1.86e-09  1.65e+04   229s
  17   4.17292523e+08  6.24341823e+10  4.27e+02 7.92e-09  1.08e+04   230s
  18   2.40981522e+09  4.03384249e+10  2.30e+02 1.12e-08  6.42e+03   233s
  19   3.35295710e+09  3.26803217e+10  1.38e+02 1.34e-08  4.80e+03   235s
  20   3.57456102e+09  2.77443634e+10  1.17e+02 1.25e-08  3.97e+03   237s
  21   3.93188324e+09  2.23149875e+10  8.35e+01 9.78e-09  3.00e+03   239s
  22   4.16208947e+09  1.73571711e+10  6.36e+01 1.36e-08  2.17e+03   241s
  23   4.40969510e+09  1.33510746e+10  4.32e+01 2.72e-08  1.48e+03   244s
  24   4.62493975e+09  1.18713393e+10  2.44e+01 2.35e-08  1.16e+03   247s
  25   4.71480200e+09  1.02744782e+10  1.70e+01 3.30e-08  8.90e+02   250s
  26   4.71507388e+09  1.02005655e+10  1.70e+01 2.81e-08  8.79e+02   253s
  27   4.75307057e+09  9.82029100e+09  1.45e+01 3.10e-08  8.08e+02   255s
  28   4.78390323e+09  9.64316406e+09  1.25e+01 3.92e-08  7.69e+02   258s
  29   4.80570689e+09  9.17947860e+09  1.06e+01 5.01e-04  6.90e+02   261s
  30   4.83108141e+09  8.12546824e+09  8.96e+00 1.57e-03  5.24e+02   265s
  31   4.86411513e+09  7.66143467e+09  6.59e+00 1.64e-03  4.39e+02   268s
  32   4.88618827e+09  6.61049554e+09  5.04e+00 1.09e-03  2.70e+02   271s
  33   4.91716309e+09  6.03624360e+09  2.88e+00 6.80e-04  1.72e+02   274s
  34   4.92222713e+09  5.77721744e+09  2.59e+00 5.24e-04  1.31e+02   277s
  35   4.93748331e+09  5.55552568e+09  1.74e+00 3.76e-04  9.34e+01   280s
  36   4.95878868e+09  5.38416488e+09  7.44e-01 2.52e-04  6.32e+01   283s
  37   4.96520779e+09  5.27278591e+09  5.91e-01 1.74e-04  4.56e+01   286s
  38   4.97241088e+09  5.23997261e+09  4.68e-01 1.53e-04  3.96e+01   289s
  39   4.97803904e+09  5.21639040e+09  4.06e-01 1.34e-04  3.52e+01   291s
  40   4.98765750e+09  5.18049324e+09  2.94e-01 1.05e-04  2.85e+01   293s
  41   4.99224830e+09  5.16542566e+09  2.50e-01 9.50e-05  2.55e+01   296s
  42   4.99922440e+09  5.14498599e+09  1.90e-01 7.73e-05  2.15e+01   298s
  43   5.00406495e+09  5.11737325e+09  1.59e-01 5.77e-05  1.67e+01   300s
  44   5.00508522e+09  5.11065601e+09  1.50e-01 5.32e-05  1.56e+01   302s
  45   5.00878180e+09  5.10179989e+09  1.29e-01 4.73e-05  1.37e+01   305s
  46   5.01000811e+09  5.09049041e+09  1.23e-01 3.92e-05  1.19e+01   307s
  47   5.01503441e+09  5.08318847e+09  9.75e-02 3.38e-05  1.00e+01   311s
  48   5.01968922e+09  5.07186587e+09  7.61e-02 2.42e-05  7.68e+00   314s
  49   5.02256701e+09  5.06727925e+09  6.44e-02 2.06e-05  6.58e+00   317s
  50   5.02605039e+09  5.06218949e+09  5.11e-02 1.67e-05  5.32e+00   320s
  51   5.02974384e+09  5.05900737e+09  3.78e-02 1.42e-05  4.31e+00   323s
  52   5.03234805e+09  5.05518165e+09  2.89e-02 1.08e-05  3.36e+00   325s
  53   5.03372407e+09  5.05329649e+09  2.43e-02 9.33e-06  2.88e+00   328s
  54   5.03547931e+09  5.04960362e+09  1.87e-02 6.48e-06  2.08e+00   332s
  55   5.03771887e+09  5.04739385e+09  1.18e-02 4.50e-06  1.42e+00   335s
  56   5.03806153e+09  5.04657096e+09  1.06e-02 3.91e-06  1.25e+00   338s
  57   5.03872160e+09  5.04584738e+09  8.64e-03 3.36e-06  1.05e+00   341s
  58   5.03922777e+09  5.04433154e+09  7.12e-03 2.07e-06  7.52e-01   344s
  59   5.04007007e+09  5.04350916e+09  4.69e-03 1.37e-06  5.07e-01   347s
  60   5.04067523e+09  5.04305916e+09  3.00e-03 9.91e-07  3.51e-01   350s
  61   5.04095615e+09  5.04245330e+09  2.20e-03 4.99e-07  2.21e-01   353s
  62   5.04128203e+09  5.04217351e+09  1.30e-03 2.86e-07  1.32e-01   357s
  63   5.04151727e+09  5.04196076e+09  6.44e-04 1.26e-07  6.55e-02   360s
  64   5.04162378e+09  5.04189560e+09  3.64e-04 8.44e-08  4.01e-02   362s
  65   5.04168145e+09  5.04184876e+09  2.08e-04 7.70e-08  2.47e-02   364s
  66   5.04170041e+09  5.04181016e+09  1.57e-04 1.11e-07  1.62e-02   366s
  67   5.04171239e+09  5.04179833e+09  1.26e-04 8.09e-08  1.27e-02   368s
  68   5.04173852e+09  5.04178356e+09  5.94e-05 6.90e-08  6.65e-03   370s
  69   5.04174729e+09  5.04177715e+09  3.72e-05 1.06e-07  4.41e-03   372s
  70   5.04175121e+09  5.04177423e+09  2.74e-05 8.49e-08  3.40e-03   374s
  71   5.04175518e+09  5.04177098e+09  1.73e-05 8.43e-08  2.33e-03   376s
  72   5.04175804e+09  5.04176764e+09  9.92e-06 7.52e-08  1.42e-03   379s
  73   5.04176027e+09  5.04176546e+09  4.18e-06 8.80e-08  7.66e-04   381s
  74   5.04176086e+09  5.04176390e+09  2.86e-06 7.94e-08  4.49e-04   383s
  75   5.04176130e+09  5.04176269e+09  1.90e-06 9.59e-08  2.05e-04   386s
  76   5.04176176e+09  5.04176233e+09  8.33e-07 1.14e-07  8.41e-05   388s
  77   5.04176201e+09  5.04176216e+09  2.87e-07 7.35e-08  2.30e-05   391s
  78   5.04176208e+09  5.04176215e+09  1.26e-07 1.28e-07  9.98e-06   394s
  79   5.04176213e+09  5.04176214e+09  5.30e-08 8.38e-08  1.22e-06   397s
  80   5.04176214e+09  5.04176214e+09  1.36e-07 1.02e-07  1.86e-08   399s
  81   5.04176214e+09  5.04176214e+09  1.81e-07 7.85e-08  7.54e-11   401s

Barrier solved model in 81 iterations and 401.10 seconds (367.81 work units)
Optimal objective 5.04176214e+09


Root crossover log...

  102427 DPushes remaining with DInf 0.0000000e+00               402s
     181 DPushes remaining with DInf 0.0000000e+00               411s
     121 DPushes remaining with DInf 0.0000000e+00               417s
      61 DPushes remaining with DInf 0.0000000e+00               425s
      11 DPushes remaining with DInf 1.9238098e-05               431s
       0 DPushes remaining with DInf 0.0000000e+00               432s

    3155 PPushes remaining with PInf 2.3404823e-06               432s
       0 PPushes remaining with PInf 0.0000000e+00               433s

  Push phase complete: Pinf 0.0000000e+00, Dinf 1.2657670e-01    433s


Root simplex log...

Iteration    Objective       Primal Inf.    Dual Inf.      Time
  105577    5.0417621e+09   0.000000e+00   1.265845e-01    433s
  105897    5.0417621e+09   0.000000e+00   0.000000e+00    437s
Concurrent spin time: 0.08s

Solved with barrier
  105919    5.0417621e+09   0.000000e+00   0.000000e+00    440s
Extra simplex iterations after uncrush: 22

Root relaxation: objective 5.041762e+09, 105919 iterations, 288.43 seconds (232.71 work units)
Total elapsed time = 447.31s
Total elapsed time = 450.17s

    Nodes    |    Current Node    |     Objective Bounds      |     Work
 Expl Unexpl |  Obj  Depth IntInf | Incumbent    BestBd   Gap | It/Node Time

     0     0 5.0418e+09    0 2826          - 5.0418e+09      -     -  461s
     0     0 5.0418e+09    0 2767          - 5.0418e+09      -     -  500s
     0     0 5.0418e+09    0 2744          - 5.0418e+09      -     - 1639s
     0     0 5.0418e+09    0 2641          - 5.0418e+09      -     - 4428s
     0     0 5.0418e+09    0 2666          - 5.0418e+09      -     - 4457s
     0     0 5.0418e+09    0 2767          - 5.0418e+09      -     - 6016s
     0     0 5.0418e+09    0 2778          - 5.0418e+09      -     - 6771s
     0     0 5.0418e+09    0 2849          - 5.0418e+09      -     - 7555s
     0     0 5.0418e+09    0 2834          - 5.0418e+09      -     - 8311s
     0     0 5.0418e+09    0 2861          - 5.0418e+09      -     - 8344s
     0     0 5.0418e+09    0 2882          - 5.0418e+09      -     - 8459s
     0     0          -    0               - 5.0418e+09      -     - 10800s

Cutting planes:
  Cover: 13
  Implied bound: 72
  Clique: 4
  MIR: 107
  Flow cover: 27
  GUB cover: 5
  Zero half: 13
  RLT: 211
  Relax-and-lift: 6

Explored 1 nodes (209979 simplex iterations) in 10800.13 seconds (10604.24 work units)
Thread count was 20 (of 40 available processors)

Solution count 0

Time limit reached
Best objective -, best bound 5.041754850423e+09, gap -
IIS computation: initial model status unknown, solving to determine model status
Presolve removed 180701 rows and 67419 columns (presolve time = 5s) ...
Presolve removed 181506 rows and 82226 columns (presolve time = 12s) ...
Presolve removed 181507 rows and 82226 columns (presolve time = 16s) ...
Presolve removed 181507 rows and 82226 columns (presolve time = 20s) ...
Presolve removed 181515 rows and 82234 columns (presolve time = 25s) ...
Presolve removed 181515 rows and 82234 columns (presolve time = 30s) ...
Presolve removed 187825 rows and 82234 columns (presolve time = 35s) ...
Presolve removed 187825 rows and 82234 columns (presolve time = 40s) ...
Presolve removed 187825 rows and 104892 columns (presolve time = 45s) ...
Presolve removed 187825 rows and 117724 columns (presolve time = 50s) ...
Presolve removed 190091 rows and 153749 columns (presolve time = 55s) ...
Presolve removed 190091 rows and 153749 columns (presolve time = 60s) ...
Presolve removed 190095 rows and 153749 columns (presolve time = 66s) ...
Presolve removed 190095 rows and 153749 columns (presolve time = 70s) ...
Presolve removed 190095 rows and 153749 columns (presolve time = 76s) ...
Presolve removed 190095 rows and 153749 columns (presolve time = 80s) ...
Presolve removed 190095 rows and 153749 columns (presolve time = 86s) ...
Presolve removed 190095 rows and 153749 columns (presolve time = 93s) ...
Presolve removed 190095 rows and 153749 columns (presolve time = 96s) ...
Presolve removed 190095 rows and 153749 columns (presolve time = 100s) ...
Presolve removed 190095 rows and 153749 columns (presolve time = 105s) ...
Presolve removed 190095 rows and 153749 columns (presolve time = 110s) ...
Presolve removed 190095 rows and 153749 columns (presolve time = 115s) ...
Presolve removed 190095 rows and 153775 columns (presolve time = 121s) ...
Presolve removed 190096 rows and 153775 columns (presolve time = 125s) ...
Presolve removed 189665 rows and 153344 columns
Presolve time: 125.15s
Presolved: 121517 rows, 3412287 columns, 26581930 nonzeros
Variable types: 5308 continuous, 3406979 integer (3406775 binary)
Deterministic concurrent LP optimizer: primal simplex, dual simplex, and barrier
Showing barrier log only...

Root barrier log...

Elapsed ordering time = 5s
Elapsed ordering time = 10s
Ordering time: 13.15s

Barrier statistics:
 AA' NZ     : 1.021e+07
 Factor NZ  : 5.643e+07 (roughly 2.0 GB of memory)
 Factor Ops : 2.143e+11 (roughly 2 seconds per iteration)
 Threads    : 17

                  Objective                Residual
Iter       Primal          Dual         Primal    Dual     Compl     Time
   0  -0.00000000e+00  8.37205330e+05  3.89e+10 0.00e+00  3.02e+04   197s
   1  -0.00000000e+00  2.02002512e+06  8.74e+09 2.22e-03  6.87e+03   199s
   2  -0.00000000e+00  1.46482837e+06  3.53e+08 1.25e-16  2.78e+02   201s
   3  -0.00000000e+00  8.08477547e+05  3.61e+07 5.22e-07  2.94e+01   204s
   4  -0.00000000e+00  7.66776541e+05  2.97e+07 5.17e-07  2.37e+01   206s
   5  -0.00000000e+00  5.42931352e+05  1.72e+07 9.14e-17  1.11e+01   208s
   6  -0.00000000e+00  3.30563586e+05  9.49e+06 1.46e-07  5.00e+00   211s
   7  -0.00000000e+00  1.46341489e+05  2.58e+06 1.82e-07  9.20e-01   214s
   8  -0.00000000e+00  1.07950285e+05  1.16e+06 1.75e-07  3.57e-01   217s
   9  -0.00000000e+00  3.59813910e+04  2.32e+05 2.48e-07  3.58e-02   220s
  10  -0.00000000e+00  1.58625766e+04  5.02e+04 1.04e-07  6.18e-03   224s
  11  -0.00000000e+00  4.74059846e+03  1.03e+04 6.06e-08  1.16e-03   227s
  12  -0.00000000e+00  1.69310521e+03  2.93e+03 9.13e-08  3.39e-04   229s
  13  -0.00000000e+00  5.03699830e+02  9.41e+02 6.63e-08  9.59e-05   231s
  14  -0.00000000e+00  3.81087363e+02  5.74e+02 5.74e-08  6.87e-05   233s
  15  -0.00000000e+00  2.55485179e+02  3.95e+02 4.71e-08  4.59e-05   235s
  16  -0.00000000e+00  1.76094980e+02  2.14e+02 3.95e-08  3.03e-05   237s
  17  -0.00000000e+00  1.45956493e+02  1.43e+02 3.57e-08  2.43e-05   240s
  18  -0.00000000e+00  1.09242481e+02  1.16e+02 3.17e-08  1.84e-05   242s
  19  -0.00000000e+00  9.22742543e+01  1.01e+02 2.13e-08  1.56e-05   244s
  20  -0.00000000e+00  6.64119173e+01  8.33e+01 1.77e-08  1.15e-05   247s
  21  -0.00000000e+00  4.56873787e+01  5.43e+01 1.45e-08  7.84e-06   250s
  22  -0.00000000e+00  3.58259792e+01  4.00e+01 8.62e-09  6.10e-06   254s
  23  -0.00000000e+00  2.91387375e+01  3.02e+01 1.08e-08  4.92e-06   257s
  24  -0.00000000e+00  2.08162914e+01  1.95e+01 2.62e-08  3.52e-06   260s
  25  -0.00000000e+00  1.46958293e+01  1.20e+01 5.40e-08  2.45e-06   263s
  26  -0.00000000e+00  1.06552955e+01  8.35e+00 7.30e-08  1.75e-06   267s
  27  -0.00000000e+00  7.28319771e+00  2.49e+00 9.14e-08  1.11e-06   270s
  28  -0.00000000e+00  3.23706836e+00  3.77e-01 6.32e-08  4.88e-07   273s
  29  -0.00000000e+00  8.77426236e-01  6.23e-02 2.51e-08  1.39e-07   275s
  30  -0.00000000e+00  5.24089052e-01  1.30e-02 1.55e-08  8.35e-08   277s
  31  -0.00000000e+00  2.78351253e-02  7.99e-04 1.02e-09  4.61e-09   280s
  32  -0.00000000e+00  8.52383349e-06  7.00e-08 3.50e-13  1.45e-12   282s
  33  -0.00000000e+00  1.20995405e-11  2.25e-10 2.24e-16  2.06e-18   284s

Barrier solved model in 33 iterations and 284.01 seconds (280.55 work units)
Optimal objective -0.00000000e+00

  Building initial crossover basis                               310s
  Building initial crossover basis                               314s
  Building initial crossover basis                               316s
  Building initial crossover basis                               321s
  Building initial crossover basis                               325s
  Building initial crossover basis                               331s
  Building initial crossover basis                               337s
  Building initial crossover basis                               340s
  Building initial crossover basis                               346s
  Building initial crossover basis                               352s
  Building initial crossover basis                               355s
  Building initial crossover basis                               361s
  Building initial crossover basis                               368s
  Building initial crossover basis                               372s
  Building initial crossover basis                               378s
  Building initial crossover basis                               381s
  Building initial crossover basis                               387s
  Building initial crossover basis                               390s
  Building initial crossover basis                               397s
  Building initial crossover basis                               403s
  Building initial crossover basis                               406s
  Building initial crossover basis                               412s
  Building initial crossover basis                               415s
  Building initial crossover basis                               422s
  Building initial crossover basis                               428s
  Building initial crossover basis                               431s
  Building initial crossover basis                               438s
  Building initial crossover basis                               441s
  Building initial crossover basis                               447s
  Building initial crossover basis                               450s
  Building initial crossover basis                               457s
  Building initial crossover basis                               460s
  Building initial crossover basis                               467s
  Building initial crossover basis                               470s
  Building initial crossover basis                               478s
  Building initial crossover basis                               482s
  Building initial crossover basis                               486s
  Building initial crossover basis                               493s
  Building initial crossover basis                               497s
  Building initial crossover basis                               501s
  Building initial crossover basis                               508s
  Building initial crossover basis                               512s
  Building initial crossover basis                               516s
  Building initial crossover basis                               520s
  Building initial crossover basis                               528s
  Building initial crossover basis                               532s
  Building initial crossover basis                               536s
  Building initial crossover basis                               544s
  Building initial crossover basis                               547s
  Building initial crossover basis                               550s
  Building initial crossover basis                               557s
  Building initial crossover basis                               560s
  Building initial crossover basis                               568s
  Building initial crossover basis                               572s
  Building initial crossover basis                               576s
  Building initial crossover basis                               580s
  Building initial crossover basis                               588s
  Building initial crossover basis                               592s
  Building initial crossover basis                               595s
  Building initial crossover basis                               601s
  Building initial crossover basis                               608s
  Building initial crossover basis                               612s
  Building initial crossover basis                               616s
  Building initial crossover basis                               623s
  Building initial crossover basis                               627s
  Building initial crossover basis                               630s
  Building initial crossover basis                               638s
  Building initial crossover basis                               641s
  Building initial crossover basis                               647s
  Building initial crossover basis                               650s
  Building initial crossover basis                               657s
  Building initial crossover basis                               660s
  Building initial crossover basis                               667s
  Building initial crossover basis                               670s
  Building initial crossover basis                               676s
  Building initial crossover basis                               683s
  Building initial crossover basis                               686s
  Building initial crossover basis                               693s
  Building initial crossover basis                               696s
  Building initial crossover basis                               702s

Root crossover log...

  104919 DPushes remaining with DInf 0.0000000e+00               703s
       0 DPushes remaining with DInf 0.0000000e+00               703s

 3231400 PPushes remaining with PInf 1.1983535e-03               704s
 3087893 PPushes remaining with PInf 0.0000000e+00               705s
 3034702 PPushes remaining with PInf 0.0000000e+00               710s
 3009247 PPushes remaining with PInf 0.0000000e+00               715s
 2990410 PPushes remaining with PInf 0.0000000e+00               720s
 2974096 PPushes remaining with PInf 0.0000000e+00               725s
 2955085 PPushes remaining with PInf 0.0000000e+00               730s
 2937050 PPushes remaining with PInf 0.0000000e+00               735s
 2920887 PPushes remaining with PInf 0.0000000e+00               740s
 2905955 PPushes remaining with PInf 0.0000000e+00               745s
 2886897 PPushes remaining with PInf 0.0000000e+00               750s
 2866319 PPushes remaining with PInf 0.0000000e+00               755s
 2848188 PPushes remaining with PInf 1.0689776e-06               760s
 2830149 PPushes remaining with PInf 0.0000000e+00               765s
 2811316 PPushes remaining with PInf 0.0000000e+00               770s
 2793888 PPushes remaining with PInf 0.0000000e+00               775s
 2775198 PPushes remaining with PInf 0.0000000e+00               780s
 2756700 PPushes remaining with PInf 0.0000000e+00               785s
 2740442 PPushes remaining with PInf 0.0000000e+00               790s
 2721432 PPushes remaining with PInf 0.0000000e+00               795s
 2702705 PPushes remaining with PInf 0.0000000e+00               800s
 2683741 PPushes remaining with PInf 0.0000000e+00               805s
 2666158 PPushes remaining with PInf 0.0000000e+00               810s
 2647756 PPushes remaining with PInf 0.0000000e+00               815s
 2630377 PPushes remaining with PInf 0.0000000e+00               820s
 2611502 PPushes remaining with PInf 0.0000000e+00               825s
 2592403 PPushes remaining with PInf 0.0000000e+00               830s
 2576448 PPushes remaining with PInf 0.0000000e+00               835s
 2562554 PPushes remaining with PInf 0.0000000e+00               840s
 2548221 PPushes remaining with PInf 0.0000000e+00               845s
 2534046 PPushes remaining with PInf 0.0000000e+00               850s
 2518531 PPushes remaining with PInf 0.0000000e+00               855s
 2503213 PPushes remaining with PInf 0.0000000e+00               860s
 2487390 PPushes remaining with PInf 0.0000000e+00               865s
 2473222 PPushes remaining with PInf 0.0000000e+00               870s
 2459466 PPushes remaining with PInf 0.0000000e+00               875s
 2443079 PPushes remaining with PInf 0.0000000e+00               880s
 2429076 PPushes remaining with PInf 0.0000000e+00               885s
 2414842 PPushes remaining with PInf 0.0000000e+00               890s
 2401120 PPushes remaining with PInf 0.0000000e+00               895s
 2386921 PPushes remaining with PInf 0.0000000e+00               900s
 2370987 PPushes remaining with PInf 0.0000000e+00               905s
 2359563 PPushes remaining with PInf 0.0000000e+00               910s
 2336319 PPushes remaining with PInf 0.0000000e+00               915s
 2245571 PPushes remaining with PInf 0.0000000e+00               920s
 2155354 PPushes remaining with PInf 0.0000000e+00               925s
 2074159 PPushes remaining with PInf 5.3034315e-05               930s
 1993869 PPushes remaining with PInf 0.0000000e+00               935s
 1919772 PPushes remaining with PInf 0.0000000e+00               940s
 1837629 PPushes remaining with PInf 0.0000000e+00               945s
 1745945 PPushes remaining with PInf 0.0000000e+00               950s
 1647548 PPushes remaining with PInf 0.0000000e+00               955s
 1493614 PPushes remaining with PInf 0.0000000e+00               963s
 1373907 PPushes remaining with PInf 0.0000000e+00               966s
 1267678 PPushes remaining with PInf 0.0000000e+00               970s
 1184384 PPushes remaining with PInf 0.0000000e+00               975s
 1116810 PPushes remaining with PInf 0.0000000e+00               980s
 1060160 PPushes remaining with PInf 0.0000000e+00               985s
 1008045 PPushes remaining with PInf 0.0000000e+00               990s
  973395 PPushes remaining with PInf 0.0000000e+00               995s
  908810 PPushes remaining with PInf 0.0000000e+00              1000s
  858136 PPushes remaining with PInf 0.0000000e+00              1005s
  827515 PPushes remaining with PInf 0.0000000e+00              1010s
  796340 PPushes remaining with PInf 0.0000000e+00              1015s
  752891 PPushes remaining with PInf 0.0000000e+00              1020s
  723874 PPushes remaining with PInf 0.0000000e+00              1025s
  696410 PPushes remaining with PInf 0.0000000e+00              1030s
  653555 PPushes remaining with PInf 0.0000000e+00              1035s
  627043 PPushes remaining with PInf 0.0000000e+00              1040s
  607513 PPushes remaining with PInf 0.0000000e+00              1045s
  565316 PPushes remaining with PInf 0.0000000e+00              1050s
  526744 PPushes remaining with PInf 0.0000000e+00              1055s
  495929 PPushes remaining with PInf 0.0000000e+00              1060s
  473452 PPushes remaining with PInf 0.0000000e+00              1065s
  453194 PPushes remaining with PInf 0.0000000e+00              1070s
  413772 PPushes remaining with PInf 0.0000000e+00              1075s
  381882 PPushes remaining with PInf 0.0000000e+00              1080s
  354643 PPushes remaining with PInf 0.0000000e+00              1085s
  332942 PPushes remaining with PInf 0.0000000e+00              1090s
  317091 PPushes remaining with PInf 0.0000000e+00              1095s
  276253 PPushes remaining with PInf 0.0000000e+00              1100s
  245516 PPushes remaining with PInf 0.0000000e+00              1105s
  215579 PPushes remaining with PInf 0.0000000e+00              1110s
  192590 PPushes remaining with PInf 0.0000000e+00              1115s
  142464 PPushes remaining with PInf 0.0000000e+00              1120s
  104896 PPushes remaining with PInf 0.0000000e+00              1125s
   61558 PPushes remaining with PInf 0.0000000e+00              1130s
   23817 PPushes remaining with PInf 0.0000000e+00              1135s
       0 PPushes remaining with PInf 0.0000000e+00              1138s

  Push phase complete: Pinf 0.0000000e+00, Dinf 0.0000000e+00   1138s


Root simplex log...

Iteration    Objective       Primal Inf.    Dual Inf.      Time
 3235921   -0.0000000e+00   0.000000e+00   0.000000e+00   1139s
Concurrent spin time: 0.02s

Solved with barrier
 3235921   -0.0000000e+00   0.000000e+00   0.000000e+00   1141s

Root relaxation: objective -0.000000e+00, 3235921 iterations, 986.36 seconds (704.85 work units)

    Nodes    |    Current Node    |     Objective Bounds      |     Work
 Expl Unexpl |  Obj  Depth IntInf | Incumbent    BestBd   Gap | It/Node Time

     0     0   -0.00000    0 3457          -   -0.00000      -     - 4405s

Explored 1 nodes (3767936 simplex iterations) in 10800.06 seconds (11708.09 work units)
Thread count was 20 (of 40 available processors)

Solution count 0

Time limit reached
Best objective -, best bound -0.000000000000e+00, gap -
IIS runtime: 10800.08 seconds (11708.09 work units)

Gurobi 10.0.1 (linux64) logging started Fri May 12 06:26:36 2023

Set parameter LogFile to value "logFiles/N-1L-B/N-1L-13U-32F-23V-365D-basic.log"
Gurobi Optimizer version 10.0.1 build v10.0.1rc0 (linux64)

CPU model: Intel(R) Xeon(R) Gold 5115 CPU @ 2.40GHz, instruction set [SSE2|AVX|AVX2|AVX512]
Thread count: 20 physical cores, 40 logical processors, using up to 20 threads

Optimize a model with 311182 rows, 3565631 columns and 35916033 nonzeros
Model fingerprint: 0xddff7784
Variable types: 5183 continuous, 3560448 integer (3560448 binary)
Coefficient statistics:
  Matrix range     [1e+00, 2e+05]
  Objective range  [4e+01, 3e+07]
  Bounds range     [1e+00, 1e+00]
  RHS range        [1e+00, 6e+06]
Presolve removed 180701 rows and 67419 columns (presolve time = 6s) ...
Presolve removed 181506 rows and 82226 columns (presolve time = 10s) ...
Presolve removed 181507 rows and 82226 columns (presolve time = 16s) ...
Presolve removed 181507 rows and 82226 columns (presolve time = 20s) ...
Presolve removed 181515 rows and 82234 columns (presolve time = 25s) ...
Presolve removed 181515 rows and 82234 columns (presolve time = 31s) ...
Presolve removed 187825 rows and 82234 columns (presolve time = 35s) ...
Presolve removed 187825 rows and 82234 columns (presolve time = 40s) ...
Presolve removed 187825 rows and 104892 columns (presolve time = 45s) ...
Presolve removed 187825 rows and 117724 columns (presolve time = 50s) ...
Presolve removed 187827 rows and 119813 columns (presolve time = 55s) ...
Presolve removed 190091 rows and 153749 columns (presolve time = 61s) ...
Presolve removed 190095 rows and 153749 columns (presolve time = 67s) ...
Presolve removed 190095 rows and 153749 columns (presolve time = 70s) ...
Presolve removed 190095 rows and 153749 columns (presolve time = 75s) ...
Presolve removed 190095 rows and 153749 columns (presolve time = 80s) ...
Presolve removed 190095 rows and 153749 columns (presolve time = 85s) ...
Presolve removed 190095 rows and 153749 columns (presolve time = 91s) ...
Presolve removed 190095 rows and 153749 columns (presolve time = 96s) ...
Presolve removed 190095 rows and 153749 columns (presolve time = 101s) ...
Presolve removed 190095 rows and 153749 columns (presolve time = 105s) ...
Presolve removed 190095 rows and 153749 columns (presolve time = 110s) ...
Presolve removed 190095 rows and 153749 columns (presolve time = 115s) ...
Presolve removed 190095 rows and 153749 columns (presolve time = 121s) ...
Presolve removed 190095 rows and 153775 columns (presolve time = 126s) ...
Presolve removed 190096 rows and 153775 columns (presolve time = 130s) ...
Presolve removed 189665 rows and 153344 columns
Presolve time: 130.16s
Presolved: 121517 rows, 3412287 columns, 26583287 nonzeros
Variable types: 5308 continuous, 3406979 integer (3406775 binary)
Deterministic concurrent LP optimizer: primal simplex, dual simplex, and barrier
Showing barrier log only...

Root barrier log...

Elapsed ordering time = 5s
Elapsed ordering time = 10s
Ordering time: 14.69s

Barrier statistics:
 AA' NZ     : 1.021e+07
 Factor NZ  : 5.643e+07 (roughly 2.0 GB of memory)
 Factor Ops : 2.143e+11 (roughly 2 seconds per iteration)
 Threads    : 17

                  Objective                Residual
Iter       Primal          Dual         Primal    Dual     Compl     Time
   0  -3.95255623e+17  1.23726020e+13  3.89e+10 5.92e+05  4.48e+11   201s
   1  -9.65500422e+16  2.45147245e+13  9.52e+09 4.95e+05  1.11e+11   203s
   2  -1.72256990e+16  2.35170031e+13  1.71e+09 5.61e+04  2.00e+10   206s
   3  -6.06928879e+14  1.54655127e+13  6.03e+07 4.94e+02  7.10e+08   209s
   4  -3.47933522e+14  1.01479533e+13  3.46e+07 1.47e+02  4.12e+08   212s
   5  -1.21672625e+14  9.40019705e+12  1.21e+07 1.20e+02  1.45e+08   214s
   6  -9.30485277e+13  8.75087217e+12  9.25e+06 1.06e+02  1.11e+08   217s
   7  -2.79119987e+13  4.79892234e+12  2.77e+06 2.47e+01  3.39e+07   221s
   8  -1.03141444e+13  3.86135163e+12  1.02e+06 1.32e+01  1.29e+07   223s
   9  -3.74527427e+12  3.41376996e+12  3.72e+05 8.61e+00  4.93e+06   226s
  10  -2.11887099e+12  3.20254179e+12  2.10e+05 6.86e+00  2.95e+06   228s
  11  -1.81932548e+12  2.61362818e+12  1.81e+05 2.78e+00  2.42e+06   231s
  12  -8.23368329e+11  2.25121486e+12  8.20e+04 1.78e+00  1.22e+06   234s
  13  -2.46800914e+11  1.57047249e+12  2.50e+04 9.62e-01  4.78e+05   237s
  14  -8.90515894e+10  9.94967936e+11  9.32e+03 5.78e-01  2.28e+05   240s
  15  -2.36625988e+10  2.98477011e+11  2.82e+03 9.94e-02  6.32e+04   242s
  16  -2.78877001e+09  9.06841892e+10  7.46e+02 2.09e-02  1.70e+04   245s
  17  -2.94707700e+08  5.19434555e+10  4.99e+02 9.33e-03  9.80e+03   247s
  18   2.76179892e+09  4.19489320e+10  1.96e+02 9.03e-03  6.57e+03   250s
  19   3.68237889e+09  3.35835710e+10  1.06e+02 8.14e-03  4.83e+03   253s
  20   3.76868335e+09  2.97804982e+10  9.75e+01 7.91e-03  4.22e+03   256s
  21   3.91930848e+09  2.57594654e+10  8.31e+01 6.44e-03  3.55e+03   258s
  22   4.12290970e+09  2.06620787e+10  6.49e+01 4.95e-03  2.70e+03   261s
  23   4.31232531e+09  1.58078586e+10  4.86e+01 3.64e-03  1.90e+03   265s
  24   4.50691864e+09  1.26315158e+10  3.28e+01 3.29e-03  1.34e+03   269s
  25   4.57584202e+09  1.16576997e+10  2.77e+01 3.21e-03  1.16e+03   273s
  26   4.61038015e+09  1.03533799e+10  2.50e+01 2.49e-03  9.56e+02   275s
  27   4.63262743e+09  9.96538551e+09  2.34e+01 2.30e-03  8.89e+02   279s
  28   4.66223750e+09  9.45077778e+09  2.15e+01 2.04e-03  8.01e+02   283s
  29   4.67015924e+09  8.86058742e+09  2.07e+01 1.80e-03  7.10e+02   287s
  30   4.71043760e+09  8.41610531e+09  1.84e+01 1.58e-03  6.28e+02   291s
  31   4.74979447e+09  7.96471086e+09  1.52e+01 1.31e-03  5.40e+02   295s
  32   4.78564420e+09  7.36410632e+09  1.28e+01 9.57e-04  4.34e+02   299s
  33   4.79492307e+09  7.15138116e+09  1.21e+01 8.57e-04  3.97e+02   303s
  34   4.83191893e+09  6.69440623e+09  9.38e+00 5.23e-04  3.08e+02   307s
  35   4.85855260e+09  6.38581742e+09  7.46e+00 3.37e-04  2.50e+02   311s
  36   4.88449328e+09  5.91870393e+09  5.54e+00 1.94e-04  1.67e+02   315s
  37   4.91704468e+09  5.71771237e+09  3.24e+00 2.04e-04  1.25e+02   319s
  38   4.93372982e+09  5.48892726e+09  2.24e+00 1.59e-04  8.55e+01   323s
  39   4.95983983e+09  5.38921043e+09  9.84e-01 1.20e-04  6.44e+01   327s
  40   4.96452749e+09  5.27889513e+09  8.36e-01 8.40e-05  4.70e+01   330s
  41   4.97379101e+09  5.24207746e+09  6.10e-01 7.10e-05  3.99e+01   334s
  42   4.98065619e+09  5.19580558e+09  4.81e-01 5.40e-05  3.19e+01   337s
  43   4.98574077e+09  5.16504836e+09  4.06e-01 5.73e-05  2.66e+01   340s
  44   4.99338794e+09  5.14772711e+09  3.08e-01 5.51e-05  2.28e+01   343s
  45   4.99935284e+09  5.13061040e+09  2.43e-01 5.22e-05  1.94e+01   347s
  46   5.00022926e+09  5.11164757e+09  2.36e-01 4.58e-05  1.65e+01   350s
  47   5.00658395e+09  5.10471070e+09  1.84e-01 4.26e-05  1.45e+01   353s
  48   5.01188509e+09  5.08855662e+09  1.46e-01 3.56e-05  1.13e+01   356s
  49   5.01349163e+09  5.07799835e+09  1.35e-01 3.10e-05  9.52e+00   359s
  50   5.01813743e+09  5.07381021e+09  1.07e-01 2.85e-05  8.21e+00   363s
  51   5.01928778e+09  5.06655993e+09  1.00e-01 2.31e-05  6.97e+00   366s
  52   5.02133336e+09  5.06305901e+09  8.91e-02 2.08e-05  6.16e+00   369s
  53   5.02373756e+09  5.06085843e+09  7.74e-02 1.91e-05  5.48e+00   372s
  54   5.02687331e+09  5.05721723e+09  6.19e-02 1.62e-05  4.48e+00   376s
  55   5.02955655e+09  5.05370574e+09  4.96e-02 1.30e-05  3.56e+00   379s
  56   5.03207365e+09  5.05237780e+09  3.87e-02 1.16e-05  2.99e+00   383s
  57   5.03399406e+09  5.05012641e+09  3.06e-02 9.12e-06  2.38e+00   386s
  58   5.03463046e+09  5.04841071e+09  2.80e-02 7.43e-06  2.03e+00   390s
  59   5.03666469e+09  5.04714821e+09  1.97e-02 6.06e-06  1.55e+00   393s
  60   5.03720530e+09  5.04558445e+09  1.75e-02 4.27e-06  1.24e+00   396s
  61   5.03782655e+09  5.04492841e+09  1.50e-02 3.55e-06  1.05e+00   400s
  62   5.03818984e+09  5.04442314e+09  1.36e-02 3.02e-06  9.20e-01   403s
  63   5.03902470e+09  5.04390261e+09  1.03e-02 2.45e-06  7.20e-01   406s
  64   5.03949080e+09  5.04335635e+09  8.49e-03 1.83e-06  5.71e-01   409s
  65   5.04040924e+09  5.04290703e+09  4.96e-03 1.28e-06  3.69e-01   413s
  66   5.04098238e+09  5.04254411e+09  2.80e-03 8.68e-07  2.31e-01   416s
  67   5.04123343e+09  5.04209678e+09  1.88e-03 3.65e-07  1.28e-01   419s
  68   5.04144805e+09  5.04200877e+09  1.09e-03 2.65e-07  8.29e-02   422s
  69   5.04153614e+09  5.04190364e+09  7.76e-04 1.48e-07  5.44e-02   424s
  70   5.04163111e+09  5.04185306e+09  4.44e-04 9.41e-08  3.28e-02   427s
  71   5.04167040e+09  5.04181723e+09  3.06e-04 8.24e-08  2.17e-02   429s
  72   5.04168350e+09  5.04180753e+09  2.62e-04 1.09e-07  1.84e-02   431s
  73   5.04171893e+09  5.04179174e+09  1.41e-04 8.48e-08  1.08e-02   434s
  74   5.04173860e+09  5.04177965e+09  7.57e-05 6.51e-08  6.07e-03   436s
  75   5.04174561e+09  5.04177411e+09  5.15e-05 9.15e-08  4.22e-03   438s
  76   5.04175254e+09  5.04176872e+09  2.98e-05 7.86e-08  2.40e-03   441s
  77   5.04175406e+09  5.04176716e+09  2.50e-05 6.98e-08  1.94e-03   444s
  78   5.04175705e+09  5.04176441e+09  1.55e-05 1.06e-07  1.09e-03   447s
  79   5.04175958e+09  5.04176312e+09  7.68e-06 9.39e-08  5.27e-04   449s
  80   5.04176128e+09  5.04176276e+09  2.45e-06 7.74e-08  2.19e-04   452s
  81   5.04176178e+09  5.04176229e+09  1.03e-06 9.66e-08  7.60e-05   455s
  82   5.04176191e+09  5.04176220e+09  6.39e-07 8.77e-08  4.28e-05   459s
  83   5.04176205e+09  5.04176215e+09  2.47e-07 8.47e-08  1.51e-05   462s
  84   5.04176214e+09  5.04176214e+09  1.13e-08 8.78e-08  7.59e-07   466s
  85   5.04176214e+09  5.04176214e+09  8.31e-09 8.32e-08  2.01e-08   470s
  86   5.04176214e+09  5.04176214e+09  1.26e-08 7.47e-08  1.51e-10   473s

Barrier solved model in 86 iterations and 472.96 seconds (371.35 work units)
Optimal objective 5.04176214e+09


Root crossover log...

  102451 DPushes remaining with DInf 0.0000000e+00               474s
     708 DPushes remaining with DInf 0.0000000e+00               475s
     167 DPushes remaining with DInf 0.0000000e+00               484s
     107 DPushes remaining with DInf 2.6512025e-03               491s
      47 DPushes remaining with DInf 0.0000000e+00               497s
       0 DPushes remaining with DInf 0.0000000e+00               503s

    3082 PPushes remaining with PInf 2.7453520e-06               503s
       0 PPushes remaining with PInf 0.0000000e+00               504s

  Push phase complete: Pinf 0.0000000e+00, Dinf 1.6502856e-02    504s


Root simplex log...

Iteration    Objective       Primal Inf.    Dual Inf.      Time
  105529    5.0417621e+09   0.000000e+00   1.649964e-02    504s
  105609    5.0417621e+09   0.000000e+00   0.000000e+00    506s
Concurrent spin time: 0.03s

Solved with barrier
  105631    5.0417621e+09   0.000000e+00   0.000000e+00    509s
Extra simplex iterations after uncrush: 22

Root relaxation: objective 5.041762e+09, 105631 iterations, 354.50 seconds (234.96 work units)
Total elapsed time = 517.27s
Total elapsed time = 520.45s
Total elapsed time = 528.79s
Total elapsed time = 536.27s

    Nodes    |    Current Node    |     Objective Bounds      |     Work
 Expl Unexpl |  Obj  Depth IntInf | Incumbent    BestBd   Gap | It/Node Time

     0     0 5.0418e+09    0 2912          - 5.0418e+09      -     -  547s
     0     0 5.0418e+09    0 2843          - 5.0418e+09      -     - 2120s
     0     0 5.0418e+09    0 2619          - 5.0418e+09      -     - 4613s
     0     0 5.0418e+09    0 2831          - 5.0418e+09      -     - 6015s
     0     0 5.0418e+09    0 2827          - 5.0418e+09      -     - 7916s
     0     0 5.0418e+09    0 2823          - 5.0418e+09      -     - 8160s
     0     0 5.0418e+09    0 2723          - 5.0418e+09      -     - 9065s
     0     0 5.0418e+09    0 2737          - 5.0418e+09      -     - 9756s

Explored 1 nodes (214387 simplex iterations) in 10800.15 seconds (9330.36 work units)
Thread count was 20 (of 40 available processors)

Solution count 0

Time limit reached
Best objective -, best bound 5.041755290006e+09, gap -
