
Gurobi 9.5.2 (mac64[x86]) logging started Fri May  5 13:14:56 2023

Set parameter LogFile to value "logFiles/A-2L-B/A-2L-6U-20F-15V-120D-basic.log"
Gurobi Optimizer version 9.5.2 build v9.5.2rc0 (mac64[x86])
Thread count: 4 physical cores, 8 logical processors, using up to 8 threads
Optimize a model with 30719 rows, 335257 columns and 2082279 nonzeros
Model fingerprint: 0x751aadbd
Variable types: 1745 continuous, 333512 integer (333512 binary)
Coefficient statistics:
  Matrix range     [1e+00, 2e+05]
  Objective range  [4e+01, 3e+07]
  Bounds range     [1e+00, 1e+00]
  RHS range        [1e+00, 3e+06]
Presolve removed 17733 rows and 48299 columns (presolve time = 5s) ...
Presolve removed 17695 rows and 48261 columns
Presolve time: 6.46s
Presolved: 13024 rows, 286996 columns, 1645997 nonzeros
Variable types: 1716 continuous, 285280 integer (285266 binary)

Deterministic concurrent LP optimizer: primal and dual simplex
Showing first log only...


Root simplex log...

Iteration    Objective       Primal Inf.    Dual Inf.      Time
       0    2.5057742e+08   3.730483e+04   3.227849e+09     14s
   18496    2.5052330e+08   4.570915e+01   2.531597e+11     15s
   47093    2.5051523e+08   4.154277e+00   5.131442e+10     20s
   64906    2.5051411e+08   2.068939e+00   2.111679e+10     25s
   81946    2.5051186e+08   3.642550e-01   2.833039e+10     30s
   88721    2.5030000e+08   1.686290e+03   0.000000e+00     35s
   89801    2.5030000e+08   6.564629e+03   0.000000e+00     40s
   91421    2.5030000e+08   2.103416e+04   0.000000e+00     45s
   94131    2.5030000e+08   5.467021e+03   0.000000e+00     50s
   95791    2.5030000e+08   1.152720e+05   0.000000e+00     55s
   96921    2.5030000e+08   1.897986e+03   0.000000e+00     60s
   97831    2.5030000e+08   1.218039e+03   0.000000e+00     65s
Warning: Markowitz tolerance tightened to 0.5
   99889    2.5030000e+08   1.343443e-01   4.315166e+09     70s
  101456    2.5030000e+08   4.289930e+01   0.000000e+00     75s
  102816    2.5030000e+08   2.226479e+02   0.000000e+00     80s
  104176    2.5030000e+08   1.162451e+01   0.000000e+00     85s
Concurrent spin time: 0.01s

Solved with dual simplex

Root relaxation: objective 1.032725e+09, 87876 iterations, 76.48 seconds (48.11 work units)

    Nodes    |    Current Node    |     Objective Bounds      |     Work
 Expl Unexpl |  Obj  Depth IntInf | Incumbent    BestBd   Gap | It/Node Time

     0     0 1.0327e+09    0  201          - 1.0327e+09      -     -   88s
     0     0 1.0327e+09    0  206          - 1.0327e+09      -     -  109s
     0     0 1.0326e+09    0  199          - 1.0326e+09      -     -  153s
     0     0 1.0326e+09    0  201          - 1.0326e+09      -     -  154s
     0     0 1.0326e+09    0  222          - 1.0326e+09      -     -  160s
     0     0 1.0326e+09    0  206          - 1.0326e+09      -     -  163s
     0     0 1.0326e+09    0  201          - 1.0326e+09      -     -  167s
     0     0 1.0326e+09    0  201          - 1.0326e+09      -     -  168s
     0     0 1.0326e+09    0  194          - 1.0326e+09      -     -  172s
     0     0 1.0326e+09    0  198          - 1.0326e+09      -     -  173s
     0     0 1.0326e+09    0  211          - 1.0326e+09      -     -  178s
     0     0 1.0326e+09    0  211          - 1.0326e+09      -     -  179s
     0     0 1.0326e+09    0  196          - 1.0326e+09      -     -  183s
     0     0 1.0326e+09    0  199          - 1.0326e+09      -     -  184s
     0     0 1.0326e+09    0  200          - 1.0326e+09      -     -  186s

Cutting planes:
  Cover: 18
  Implied bound: 13
  Clique: 2
  MIR: 13
  Flow cover: 58
  GUB cover: 3
  Zero half: 1
  Network: 28
  RLT: 3
  Relax-and-lift: 10

Explored 1 nodes (101616 simplex iterations) in 212.88 seconds (134.25 work units)
Thread count was 8 (of 8 available processors)

Solution count 0

Solve interrupted
Best objective -, best bound 1.032627743331e+09, gap -
IIS runtime: 3.19 seconds (3.92 work units)

Gurobi 9.5.2 (mac64[x86]) logging started Fri May  5 13:42:13 2023

Set parameter LogFile to value "logFiles/A-2L-B/A-2L-6U-20F-15V-120D-basic.log"
Gurobi Optimizer version 9.5.2 build v9.5.2rc0 (mac64[x86])
Thread count: 4 physical cores, 8 logical processors, using up to 8 threads
Optimize a model with 30719 rows, 335257 columns and 2082279 nonzeros
Model fingerprint: 0x47d3e513
Variable types: 1745 continuous, 333512 integer (333512 binary)
Coefficient statistics:
  Matrix range     [1e+00, 2e+05]
  Objective range  [4e+01, 3e+07]
  Bounds range     [1e+00, 1e+00]
  RHS range        [1e+00, 3e+06]
Presolve removed 17733 rows and 48299 columns (presolve time = 5s) ...
Presolve removed 17695 rows and 48261 columns
Presolve time: 6.92s
Presolved: 13024 rows, 286996 columns, 1645997 nonzeros
Variable types: 1716 continuous, 285280 integer (285266 binary)

Deterministic concurrent LP optimizer: primal and dual simplex
Showing first log only...


Root simplex log...

Iteration    Objective       Primal Inf.    Dual Inf.      Time
       0    2.5057742e+08   3.730483e+04   3.227849e+09     12s
   28638    2.5052363e+08   8.555940e+00   4.837209e+10     15s
   52434    2.5051655e+08   3.437173e+00   3.778644e+10     20s
   68236    2.5051885e+08   1.517824e+00   7.509238e+10     25s
   83041    2.5051688e+08   2.948547e-01   3.122939e+10     30s
   87652    2.5030000e+08   5.724243e+03   0.000000e+00     35s
   88752    2.5030000e+08   3.066267e+04   0.000000e+00     40s
   90883    2.5030000e+08   5.789124e+05   0.000000e+00     45s
   92583    2.5030000e+08   2.809470e+04   0.000000e+00     50s
   94583    2.5030000e+08   1.218072e+03   0.000000e+00     56s
   95783    2.5030000e+08   2.824336e+03   0.000000e+00     60s
   96883    2.5030000e+08   4.345852e+02   0.000000e+00     65s
Warning: Markowitz tolerance tightened to 0.5
   99578    2.5030000e+08   2.786854e-01   2.266930e+10     70s
  101550    2.5030000e+08   2.192495e-01   7.998686e+08     76s
  102350    2.5030000e+08   2.192495e-01   7.998686e+08     80s
  103250    2.5030000e+08   2.192495e-01   7.998686e+08     86s
Concurrent spin time: 0.01s

Solved with dual simplex

Root relaxation: objective 1.032725e+09, 86696 iterations, 81.22 seconds (52.81 work units)
Total elapsed time = 90.44s

    Nodes    |    Current Node    |     Objective Bounds      |     Work
 Expl Unexpl |  Obj  Depth IntInf | Incumbent    BestBd   Gap | It/Node Time

     0     0 1.0327e+09    0  197          - 1.0327e+09      -     -   92s
     0     0 1.0327e+09    0  184          - 1.0327e+09      -     -  126s
     0     0 1.0326e+09    0  182          - 1.0326e+09      -     -  137s
     0     0 1.0326e+09    0  187          - 1.0326e+09      -     -  139s
     0     0 1.0326e+09    0  197          - 1.0326e+09      -     -  143s
     0     0 1.0326e+09    0  194          - 1.0326e+09      -     -  183s
     0     0 1.0326e+09    0  199          - 1.0326e+09      -     -  184s
     0     0 1.0326e+09    0  199          - 1.0326e+09      -     -  185s
     0     0 1.0326e+09    0  210          - 1.0326e+09      -     -  189s
     0     0 1.0326e+09    0  204          - 1.0326e+09      -     -  191s
     0     0 1.0326e+09    0  207          - 1.0326e+09      -     -  191s
     0     0 1.0326e+09    0  221          - 1.0326e+09      -     -  195s
     0     0 1.0326e+09    0  216          - 1.0326e+09      -     -  196s
     0     0 1.0326e+09    0  200          - 1.0326e+09      -     -  199s

Gurobi 10.0.1 (win64) logging started Sun May  7 10:39:54 2023

Set parameter LogFile to value "logFiles/A-2L-B/A-2L-6U-20F-15V-120D-basic.log"
Gurobi Optimizer version 10.0.1 build v10.0.1rc0 (win64)

CPU model: Intel(R) Core(TM) i7-10700 CPU @ 2.90GHz, instruction set [SSE2|AVX|AVX2]
Thread count: 8 physical cores, 16 logical processors, using up to 16 threads

Optimize a model with 30719 rows, 335257 columns and 2082279 nonzeros
Model fingerprint: 0x85c3cddb
Variable types: 1745 continuous, 333512 integer (333512 binary)
Coefficient statistics:
  Matrix range     [1e+00, 2e+05]
  Objective range  [4e+01, 3e+07]
  Bounds range     [1e+00, 1e+00]
  RHS range        [1e+00, 3e+06]
Presolve removed 17695 rows and 48261 columns
Presolve time: 3.27s
Presolved: 13024 rows, 286996 columns, 1645997 nonzeros
Variable types: 1716 continuous, 285280 integer (285266 binary)
Deterministic concurrent LP optimizer: primal simplex, dual simplex, and barrier
Showing barrier log only...

Root barrier log...

Ordering time: 1.10s

Barrier statistics:
 AA' NZ     : 7.356e+05
 Factor NZ  : 3.451e+06 (roughly 150 MB of memory)
 Factor Ops : 2.607e+09 (less than 1 second per iteration)
 Threads    : 5

                  Objective                Residual
Iter       Primal          Dual         Primal    Dual     Compl     Time
   0  -1.63983036e+16  1.19943766e+12  2.04e+09 4.94e+04  1.42e+11     7s
   1  -3.22593057e+15  1.68645449e+12  4.04e+08 2.42e+05  2.84e+10     7s
   2  -1.12284241e+14  1.22635482e+12  1.41e+07 1.63e-09  1.01e+09     7s
   3  -5.67685609e+12  6.33780070e+11  7.14e+05 1.63e-09  5.19e+07     7s
   4  -1.56925164e+12  4.42743925e+11  1.97e+05 1.16e-09  1.48e+07     8s
   5  -3.16684399e+11  2.27238018e+11  3.99e+04 1.05e-09  3.22e+06     8s
   6  -1.59132800e+11  1.41340940e+11  2.01e+04 1.05e-09  1.61e+06     8s
   7  -5.47807417e+10  7.62269671e+10  6.98e+03 1.40e-09  5.71e+05     8s
   8  -8.21393322e+09  3.32509216e+10  1.14e+03 9.66e-09  1.20e+05     8s
   9  -1.75403393e+09  1.48760614e+10  3.32e+02 8.61e-09  4.05e+04     9s
  10  -2.27243292e+08  8.44459335e+09  1.44e+02 6.11e-09  1.96e+04     9s
  11   2.27110603e+08  6.00411409e+09  8.84e+01 2.85e-09  1.27e+04     9s
  12   4.34902379e+08  3.89778268e+09  6.32e+01 4.85e-09  7.93e+03     9s
  13   5.84211963e+08  2.97040487e+09  4.53e+01 7.45e-09  5.53e+03    10s
  14   7.13243995e+08  2.60500089e+09  3.02e+01 7.37e-09  4.21e+03    10s
  15   7.92537062e+08  2.21065669e+09  2.24e+01 6.87e-09  3.18e+03    10s
  16   8.15124104e+08  1.86424093e+09  2.04e+01 6.58e-09  2.47e+03    10s
  17   8.77569741e+08  1.71900252e+09  1.35e+01 7.61e-09  1.89e+03    11s
  18   9.00773127e+08  1.57058098e+09  1.09e+01 6.87e-09  1.51e+03    11s
  19   9.30799560e+08  1.53363102e+09  8.42e+00 8.56e-09  1.31e+03    12s
  20   9.61628205e+08  1.34179576e+09  5.17e+00 6.40e-09  8.10e+02    12s
  21   9.77070216e+08  1.27460464e+09  3.79e+00 6.69e-09  6.21e+02    12s
  22   9.83372730e+08  1.26865584e+09  3.38e+00 7.33e-09  5.88e+02    13s
  23   9.84683609e+08  1.23446901e+09  3.06e+00 8.61e-09  5.14e+02    13s
  24   9.88048632e+08  1.16190070e+09  2.82e+00 7.92e-09  3.65e+02    13s
  25   9.99367711e+08  1.13634248e+09  1.77e+00 6.98e-09  2.74e+02    14s
  26   1.00276480e+09  1.13084325e+09  1.55e+00 8.61e-09  2.54e+02    14s
  27   1.00520654e+09  1.12848368e+09  1.41e+00 8.67e-09  2.42e+02    14s
  28   1.00636371e+09  1.10527416e+09  1.29e+00 8.38e-09  1.94e+02    15s
  29   1.01534396e+09  1.09519639e+09  5.74e-01 8.96e-09  1.48e+02    15s
  30   1.01791582e+09  1.07847835e+09  4.61e-01 8.15e-09  1.11e+02    15s
  31   1.01808004e+09  1.06961011e+09  4.35e-01 8.61e-09  9.43e+01    16s
  32   1.02001427e+09  1.06872301e+09  3.17e-01 9.54e-09  8.82e+01    16s
  33   1.02171893e+09  1.06019783e+09  2.51e-01 1.05e-08  6.93e+01    16s
  34   1.02323671e+09  1.05764154e+09  1.93e-01 1.08e-08  6.16e+01    17s
  35   1.02487658e+09  1.04906187e+09  1.17e-01 8.85e-09  4.28e+01    17s
  36   1.02541266e+09  1.04334906e+09  1.01e-01 8.81e-09  3.16e+01    17s
  37   1.02667988e+09  1.04200096e+09  6.70e-02 9.41e-09  2.69e+01    18s
  38   1.02719569e+09  1.03947215e+09  5.71e-02 9.12e-09  2.16e+01    18s
  39   1.02736671e+09  1.03865504e+09  5.39e-02 9.46e-09  1.98e+01    18s
  40   1.02801512e+09  1.03720967e+09  4.45e-02 9.58e-09  1.61e+01    19s
  41   1.02856798e+09  1.03659989e+09  3.73e-02 8.85e-09  1.41e+01    19s
  42   1.02877681e+09  1.03596101e+09  3.48e-02 1.02e-08  1.26e+01    19s
  43   1.02895186e+09  1.03588622e+09  3.29e-02 1.21e-08  1.21e+01    20s
  44   1.02943322e+09  1.03531838e+09  2.86e-02 1.06e-08  1.03e+01    20s
  45   1.02969709e+09  1.03498215e+09  2.63e-02 1.04e-08  9.25e+00    20s
  46   1.03011735e+09  1.03471180e+09  2.19e-02 1.16e-08  8.04e+00    21s
  47   1.03070013e+09  1.03412716e+09  1.62e-02 1.11e-08  5.99e+00    21s
  48   1.03098367e+09  1.03386356e+09  1.37e-02 9.27e-09  5.04e+00    21s
  49   1.03130641e+09  1.03372329e+09  1.10e-02 1.12e-08  4.23e+00    22s
  50   1.03139637e+09  1.03357196e+09  1.03e-02 1.10e-08  3.80e+00    22s
  51   1.03173451e+09  1.03337531e+09  7.37e-03 9.55e-09  2.87e+00    22s
  52   1.03195392e+09  1.03321110e+09  5.56e-03 8.72e-09  2.20e+00    23s
  53   1.03221425e+09  1.03311079e+09  3.60e-03 8.83e-09  1.57e+00    23s
  54   1.03223750e+09  1.03307514e+09  3.39e-03 9.86e-09  1.46e+00    24s
  55   1.03241524e+09  1.03301652e+09  2.05e-03 1.21e-08  1.05e+00    24s
  56   1.03266132e+09  1.03287906e+09  3.42e-04 9.45e-09  3.81e-01    24s
  57   1.03271091e+09  1.03275317e+09  5.41e-05 9.24e-09  7.40e-02    25s
  58   1.03272110e+09  1.03273123e+09  1.42e-05 1.20e-08  1.78e-02    25s
  59   1.03272379e+09  1.03272618e+09  4.73e-06 1.27e-08  4.20e-03    25s
  60   1.03272430e+09  1.03272594e+09  2.98e-06 1.44e-08  2.88e-03    26s
  61   1.03272494e+09  1.03272536e+09  8.03e-07 1.13e-08  7.39e-04    26s
  62   1.03272517e+09  1.03272520e+09  6.10e-08 1.28e-08  6.18e-05    26s
  63   1.03272518e+09  1.03272518e+09  2.08e-09 1.49e-08  1.89e-06    27s
  64   1.03272518e+09  1.03272518e+09  3.48e-09 1.56e-08  1.98e-10    27s

Barrier solved model in 64 iterations and 27.20 seconds (20.48 work units)
Optimal objective 1.03272518e+09


Root crossover log...

    8404 DPushes remaining with DInf 0.0000000e+00                27s
       0 DPushes remaining with DInf 0.0000000e+00                28s

    1641 PPushes remaining with PInf 0.0000000e+00                28s
       0 PPushes remaining with PInf 0.0000000e+00                28s

  Push phase complete: Pinf 0.0000000e+00, Dinf 1.7721410e+00     28s


Root simplex log...

Iteration    Objective       Primal Inf.    Dual Inf.      Time
   10044    1.0327252e+09   0.000000e+00   1.772141e+00     28s
   10051    1.0327252e+09   0.000000e+00   0.000000e+00     28s
Concurrent spin time: 0.01s

Solved with barrier
   10055    1.0327252e+09   0.000000e+00   0.000000e+00     28s
Extra simplex iterations after uncrush: 4

Root relaxation: objective 1.032725e+09, 10055 iterations, 23.94 seconds (11.49 work units)

    Nodes    |    Current Node    |     Objective Bounds      |     Work
 Expl Unexpl |  Obj  Depth IntInf | Incumbent    BestBd   Gap | It/Node Time

     0     0 1.0327e+09    0  203          - 1.0327e+09      -     -   29s
     0     0 1.0327e+09    0  161          - 1.0327e+09      -     -   46s
     0     0 1.0326e+09    0  162          - 1.0326e+09      -     -   53s
     0     0 1.0326e+09    0  161          - 1.0326e+09      -     -   54s
     0     0 1.0326e+09    0  211          - 1.0326e+09      -     -   56s
     0     0 1.0326e+09    0  204          - 1.0326e+09      -     -   58s
     0     0 1.0326e+09    0  184          - 1.0326e+09      -     -   60s
     0     0 1.0326e+09    0  188          - 1.0326e+09      -     -   61s
     0     0 1.0326e+09    0  177          - 1.0326e+09      -     -   63s
     0     0 1.0326e+09    0  177          - 1.0326e+09      -     -   64s
     0     0 1.0326e+09    0  169          - 1.0326e+09      -     -   65s
     0     0 1.0326e+09    0  167          - 1.0326e+09      -     -   66s
     0     0 1.0326e+09    0  161          - 1.0326e+09      -     -   67s
     0     0 1.0326e+09    0  160          - 1.0326e+09      -     -   68s
     0     0 1.0326e+09    0  177          - 1.0326e+09      -     -   69s
     0     0 1.0326e+09    0  201          - 1.0326e+09      -     -   71s
     0     0 1.0326e+09    0  192          - 1.0326e+09      -     -   73s
     0     0 1.0326e+09    0  176          - 1.0326e+09      -     -   84s
     0     2 1.0326e+09    0  164          - 1.0326e+09      -     -  141s
     1     4 1.0326e+09    1  190          - 1.0326e+09      -  5921  147s
     3     8 1.0326e+09    2  168          - 1.0326e+09      -  2491  160s
     7    14 1.0326e+09    3  178          - 1.0326e+09      -  1685  184s
    15    20 1.0326e+09    4  166          - 1.0326e+09      -  1140  199s
    23    26 1.0326e+09    5  176          - 1.0326e+09      -   871  218s
    31    34 1.0326e+09    6  173          - 1.0326e+09      -   815  236s
    39    42 1.0326e+09    7  175          - 1.0326e+09      -   752  250s
    47    49 1.0326e+09    8  165          - 1.0326e+09      -   665  265s
    56    57 1.0326e+09    9  150          - 1.0326e+09      -   608  280s
    64    65 1.0326e+09   10  151          - 1.0326e+09      -   579  294s
    72    83 1.0326e+09   11  153          - 1.0326e+09      -   572  328s
    94   127 1.0326e+09   13  155          - 1.0326e+09      -   500  395s
   142   170 1.0326e+09   17  165          - 1.0326e+09      -   417  490s

Cutting planes:
  Cover: 27
  Implied bound: 10
  Clique: 6
  MIR: 19
  StrongCG: 1
  Flow cover: 40
  GUB cover: 7
  Zero half: 1
  Network: 20
  RLT: 5
  Relax-and-lift: 15

Explored 187 nodes (107271 simplex iterations) in 490.31 seconds (368.24 work units)
Thread count was 16 (of 16 available processors)

Solution count 0

Solve interrupted
Best objective -, best bound 1.032616150137e+09, gap -
IIS computation: initial model status unknown, solving to determine model status
Presolve removed 15924 rows and 48291 columns
Presolve time: 0.22s

Explored 0 nodes (0 simplex iterations) in 0.72 seconds (0.61 work units)
Thread count was 1 (of 16 available processors)

Solution count 0

Solve interrupted
Best objective -, best bound -, gap -
IIS runtime: 0.74 seconds (0.61 work units)

Gurobi 10.0.1 (win64) logging started Sun May  7 15:42:00 2023

Set parameter LogFile to value "logFiles/A-2L-B/A-2L-6U-20F-15V-120D-basic.log"
Gurobi Optimizer version 10.0.1 build v10.0.1rc0 (win64)

CPU model: Intel(R) Core(TM) i7-10700 CPU @ 2.90GHz, instruction set [SSE2|AVX|AVX2]
Thread count: 8 physical cores, 16 logical processors, using up to 16 threads

Optimize a model with 30719 rows, 335257 columns and 2082279 nonzeros
Model fingerprint: 0x4445a3b5
Variable types: 1745 continuous, 333512 integer (333512 binary)
Coefficient statistics:
  Matrix range     [1e+00, 2e+05]
  Objective range  [4e+01, 3e+07]
  Bounds range     [1e+00, 1e+00]
  RHS range        [1e+00, 3e+06]
Presolve removed 17695 rows and 48261 columns
Presolve time: 3.26s
Presolved: 13024 rows, 286996 columns, 1645997 nonzeros
Variable types: 1716 continuous, 285280 integer (285266 binary)
Deterministic concurrent LP optimizer: primal simplex, dual simplex, and barrier
Showing barrier log only...

Root barrier log...

Ordering time: 1.07s

Barrier statistics:
 AA' NZ     : 7.356e+05
 Factor NZ  : 3.451e+06 (roughly 150 MB of memory)
 Factor Ops : 2.607e+09 (less than 1 second per iteration)
 Threads    : 5

                  Objective                Residual
Iter       Primal          Dual         Primal    Dual     Compl     Time
   0  -1.63983036e+16  1.19943766e+12  2.04e+09 4.94e+04  1.42e+11     6s
   1  -3.22593057e+15  1.68645449e+12  4.04e+08 2.42e+05  2.84e+10     7s
   2  -1.12284241e+14  1.22635482e+12  1.41e+07 1.63e-09  1.01e+09     7s
   3  -5.67685609e+12  6.33780070e+11  7.14e+05 1.63e-09  5.19e+07     7s
   4  -1.56925164e+12  4.42743925e+11  1.97e+05 1.16e-09  1.48e+07     7s
   5  -3.16684399e+11  2.27238018e+11  3.99e+04 1.16e-09  3.22e+06     8s
   6  -1.59132800e+11  1.41340940e+11  2.01e+04 8.22e-08  1.61e+06     8s
   7  -5.47807417e+10  7.62269671e+10  6.98e+03 1.63e-09  5.71e+05     8s
   8  -8.21393322e+09  3.32509216e+10  1.14e+03 3.03e-09  1.20e+05     8s
   9  -1.75403393e+09  1.48760614e+10  3.32e+02 1.16e-09  4.05e+04     9s
  10  -2.27243291e+08  8.44459335e+09  1.44e+02 1.50e-09  1.96e+04     9s
  11   2.27110603e+08  6.00411409e+09  8.84e+01 1.70e-09  1.27e+04     9s
  12   4.34902379e+08  3.89778268e+09  6.32e+01 4.77e-09  7.93e+03     9s
  13   5.84211963e+08  2.97040487e+09  4.53e+01 7.45e-09  5.53e+03     9s
  14   7.13243995e+08  2.60500089e+09  3.02e+01 5.43e-09  4.21e+03    10s
  15   7.92537061e+08  2.21065669e+09  2.24e+01 6.49e-09  3.18e+03    10s
  16   8.15124104e+08  1.86424093e+09  2.04e+01 7.45e-09  2.47e+03    10s
  17   8.77569741e+08  1.71900252e+09  1.35e+01 7.45e-09  1.89e+03    11s
  18   9.00773139e+08  1.57058099e+09  1.09e+01 5.93e-09  1.51e+03    11s
  19   9.30799571e+08  1.53363098e+09  8.42e+00 7.04e-09  1.31e+03    11s
  20   9.61628519e+08  1.34179599e+09  5.17e+00 5.59e-09  8.10e+02    12s
  21   9.77070116e+08  1.27460457e+09  3.79e+00 6.52e-09  6.21e+02    12s
  22   9.83372832e+08  1.26865617e+09  3.38e+00 6.98e-09  5.88e+02    12s
  23   9.84683950e+08  1.23446924e+09  3.06e+00 8.15e-09  5.14e+02    13s
  24   9.88046169e+08  1.16189854e+09  2.82e+00 6.88e-09  3.65e+02    13s
  25   9.99365281e+08  1.13634566e+09  1.77e+00 7.22e-09  2.74e+02    13s
  26   1.00276453e+09  1.13084297e+09  1.55e+00 8.85e-09  2.54e+02    14s
  27   1.00520492e+09  1.12848391e+09  1.41e+00 9.78e-09  2.42e+02    14s
  28   1.00636207e+09  1.10527416e+09  1.29e+00 9.31e-09  1.94e+02    14s
  29   1.01535693e+09  1.09515767e+09  5.71e-01 9.50e-09  1.48e+02    14s
  30   1.01798883e+09  1.07799580e+09  4.55e-01 9.31e-09  1.10e+02    15s
  31   1.01813512e+09  1.06921731e+09  4.30e-01 9.20e-09  9.34e+01    15s
  32   1.02075021e+09  1.06809580e+09  2.81e-01 1.02e-08  8.54e+01    15s
  33   1.02243077e+09  1.06362357e+09  2.24e-01 1.06e-08  7.39e+01    16s
  34   1.02295523e+09  1.05652287e+09  2.08e-01 1.06e-08  6.01e+01    16s
  35   1.02459155e+09  1.04777539e+09  1.28e-01 9.59e-09  4.10e+01    16s
  36   1.02550687e+09  1.04485446e+09  9.81e-02 9.01e-09  3.41e+01    17s
  37   1.02660861e+09  1.04073153e+09  7.21e-02 7.48e-09  2.48e+01    17s
  38   1.02700992e+09  1.03997784e+09  6.37e-02 9.29e-09  2.28e+01    17s
  39   1.02770207e+09  1.03830961e+09  4.99e-02 9.31e-09  1.86e+01    18s
  40   1.02839787e+09  1.03706106e+09  3.87e-02 8.69e-09  1.52e+01    18s
  41   1.02873368e+09  1.03671747e+09  3.47e-02 9.88e-09  1.40e+01    19s
  42   1.02888320e+09  1.03627405e+09  3.29e-02 9.83e-09  1.29e+01    19s
  43   1.02938054e+09  1.03610369e+09  2.89e-02 1.07e-08  1.18e+01    19s
  44   1.02971890e+09  1.03546924e+09  2.49e-02 1.22e-08  1.01e+01    20s
  45   1.03018010e+09  1.03487468e+09  2.05e-02 1.27e-08  8.21e+00    20s
  46   1.03087322e+09  1.03439134e+09  1.41e-02 9.93e-09  6.15e+00    20s
  47   1.03109493e+09  1.03400315e+09  1.23e-02 1.01e-08  5.08e+00    20s
  48   1.03128906e+09  1.03383743e+09  1.07e-02 1.04e-08  4.45e+00    21s
  49   1.03135554e+09  1.03371862e+09  1.02e-02 1.02e-08  4.13e+00    21s
  50   1.03139385e+09  1.03355654e+09  9.87e-03 1.00e-08  3.78e+00    21s
  51   1.03162322e+09  1.03340214e+09  8.07e-03 1.08e-08  3.11e+00    22s
  52   1.03209940e+09  1.03314742e+09  4.45e-03 7.56e-09  1.83e+00    22s
  53   1.03224572e+09  1.03299391e+09  3.25e-03 7.56e-09  1.31e+00    22s
  54   1.03237269e+09  1.03297732e+09  2.31e-03 8.67e-09  1.06e+00    23s
  55   1.03251625e+09  1.03286230e+09  1.34e-03 8.66e-09  6.05e-01    23s
  56   1.03263951e+09  1.03276678e+09  5.27e-04 1.06e-08  2.23e-01    23s
  57   1.03269941e+09  1.03275841e+09  1.48e-04 8.47e-09  1.03e-01    24s
  58   1.03272168e+09  1.03273083e+09  1.65e-05 7.30e-09  1.60e-02    24s
  59   1.03272395e+09  1.03272624e+09  5.52e-06 8.48e-09  4.02e-03    24s
  60   1.03272437e+09  1.03272591e+09  3.59e-06 6.84e-09  2.70e-03    25s
  61   1.03272503e+09  1.03272519e+09  6.44e-07 7.38e-09  2.79e-04    25s
  62   1.03272518e+09  1.03272518e+09  2.19e-08 8.98e-09  2.93e-06    25s
  63   1.03272518e+09  1.03272518e+09  6.32e-09 9.55e-09  7.03e-09    26s

Barrier solved model in 63 iterations and 25.57 seconds (20.12 work units)
Optimal objective 1.03272518e+09


Root crossover log...

    8413 DPushes remaining with DInf 0.0000000e+00                26s
       0 DPushes remaining with DInf 0.0000000e+00                26s

    1652 PPushes remaining with PInf 5.6022822e-04                26s
       0 PPushes remaining with PInf 0.0000000e+00                26s

  Push phase complete: Pinf 0.0000000e+00, Dinf 2.6264168e+03     26s


Root simplex log...

Iteration    Objective       Primal Inf.    Dual Inf.      Time
   10064    1.0327252e+09   0.000000e+00   2.626417e+03     26s
   10068    1.0327252e+09   0.000000e+00   0.000000e+00     26s
Concurrent spin time: 0.01s

Solved with barrier
   10072    1.0327252e+09   0.000000e+00   0.000000e+00     26s
Extra simplex iterations after uncrush: 4

Root relaxation: objective 1.032725e+09, 10072 iterations, 22.36 seconds (11.12 work units)

    Nodes    |    Current Node    |     Objective Bounds      |     Work
 Expl Unexpl |  Obj  Depth IntInf | Incumbent    BestBd   Gap | It/Node Time

     0     0 1.0327e+09    0  203          - 1.0327e+09      -     -   28s
     0     0 1.0327e+09    0  168          - 1.0327e+09      -     -   43s
     0     0 1.0326e+09    0  208          - 1.0326e+09      -     -   48s
     0     0 1.0326e+09    0  179          - 1.0326e+09      -     -   49s
     0     0 1.0326e+09    0  198          - 1.0326e+09      -     -   51s
     0     0 1.0326e+09    0  179          - 1.0326e+09      -     -   57s
     0     0 1.0326e+09    0  183          - 1.0326e+09      -     -   57s
     0     0 1.0326e+09    0  177          - 1.0326e+09      -     -   59s
     0     0 1.0326e+09    0  178          - 1.0326e+09      -     -   60s
     0     0 1.0326e+09    0  179          - 1.0326e+09      -     -   62s
     0     0 1.0326e+09    0  180          - 1.0326e+09      -     -   62s
     0     0 1.0326e+09    0  180          - 1.0326e+09      -     -   63s
     0     0 1.0326e+09    0  160          - 1.0326e+09      -     -   64s
     0     0 1.0326e+09    0  160          - 1.0326e+09      -     -   65s
     0     0 1.0326e+09    0  167          - 1.0326e+09      -     -   66s
     0     0 1.0326e+09    0  167          - 1.0326e+09      -     -   67s
     0     0 1.0326e+09    0  141          - 1.0326e+09      -     -   68s
     0     0 1.0326e+09    0  144          - 1.0326e+09      -     -   69s
     0     0 1.0326e+09    0  152          - 1.0326e+09      -     -   70s
     0     0 1.0326e+09    0  152          - 1.0326e+09      -     -   79s
     0     2 1.0326e+09    0  149          - 1.0326e+09      -     -  127s
     1     4 1.0326e+09    1  147          - 1.0326e+09      -  6175  131s
     3     8 1.0326e+09    2  140          - 1.0326e+09      -  2181  139s
     7    16 1.0326e+09    3  142          - 1.0326e+09      -  1233  171s
    15    24 1.0326e+09    4  144          - 1.0326e+09      -  1063  189s
    23    32 1.0326e+09    5  141          - 1.0326e+09      -   782  209s
    31    36 1.0326e+09    6  165          - 1.0326e+09      -   750  221s
    39    44 1.0326e+09    7  176          - 1.0326e+09      -   643  238s
    47    51 1.0326e+09    7  165          - 1.0326e+09      -   655  256s
    56    60 1.0326e+09    8  184          - 1.0326e+09      -   607  271s
    65    72 1.0326e+09    9  184          - 1.0326e+09      -   568  285s
    77    81 1.0326e+09   11  183          - 1.0326e+09      -   506  300s
    86    91 1.0326e+09   12  186          - 1.0326e+09      -   471  312s
    96   100 1.0326e+09   13  163          - 1.0326e+09      -   437  327s
   105   128 1.0326e+09   15  180          - 1.0326e+09      -   427  364s
   133   157 1.0326e+09   19  164          - 1.0326e+09      -   380  414s
   164   190 1.0326e+09   23  150          - 1.0326e+09      -   354  474s
   199   230 1.0326e+09   27  165          - 1.0326e+09      -   328  555s
   241   280 1.0326e+09   30  170          - 1.0326e+09      -   329  651s
   295   345 infeasible   35               - 1.0326e+09      -   315  766s
   368   446 1.0326e+09   39  166          - 1.0326e+09      -   298  913s
   469   564 1.0326e+09   49  177          - 1.0326e+09      -   273 1074s
   591   716 1.0325e+09   60  193          - 1.0326e+09      -   254 1249s
   747   806 1.0325e+09   74  173          - 1.0326e+09      -   233 1388s
   837  1047 1.0325e+09   80  188          - 1.0326e+09      -   225 1595s
  1087  1393 1.0325e+09   98  178          - 1.0326e+09      -   208 1793s
  1439  1716 1.0325e+09  116  174          - 1.0326e+09      -   181 1964s
  1770  2078 1.0325e+09  129  154          - 1.0326e+09      -   162 2133s
  2144  2536 1.0325e+09  171  156          - 1.0326e+09      -   147 2296s
  2608  3013 1.0324e+09  197  175          - 1.0326e+09      -   130 2444s
  3097  3488 1.0324e+09  223  168          - 1.0326e+09      -   118 2585s
  3585  4051 1.0324e+09  245  154          - 1.0326e+09      -   109 2715s
  4150  4580 1.0324e+09  283  150          - 1.0326e+09      -  99.1 2844s
  4681  5147 1.0324e+09  309  148          - 1.0326e+09      -  92.0 2980s
  5248  5750 1.0324e+09  348  149          - 1.0326e+09      -  85.9 3107s
  5853  6385 1.0324e+09  450  113          - 1.0326e+09      -  80.0 3232s
  6500  7013 1.0323e+09  549  103          - 1.0326e+09      -  74.8 3354s
  7130  7710 1.0322e+09  653   95          - 1.0326e+09      -  70.5 3479s
  7829  7711 1.0295e+09  861  152          - 1.0326e+09      -  66.0 3540s
  7831  7712 1.0292e+09  639  208          - 1.0326e+09      -  66.0 3577s
  7832  7713 1.0291e+09  622  139          - 1.0326e+09      -  66.0 3615s
  7833  7714 1.0295e+09 1081  149          - 1.0323e+09      -  66.0 3632s
  7834  7714 1.0323e+09  353  240          - 1.0323e+09      -  66.0 3642s
  7835  7715 1.0298e+09   48  205          - 1.0323e+09      -  66.0 3657s
  7836  7716 1.0323e+09  454  228          - 1.0323e+09      -  65.9 3666s
  7837  7716 1.0298e+09  166  219          - 1.0323e+09      -  65.9 3677s
  7838  7717 1.0299e+09   37  206          - 1.0323e+09      -  65.9 3702s
  7839  7718 1.0323e+09  108  219          - 1.0323e+09      -  65.9 3713s
  7840  7718 1.0296e+09  500  223          - 1.0323e+09      -  65.9 3716s
  7841  7719 1.0297e+09  125  217          - 1.0323e+09      -  65.9 3727s
  7842  7720 1.0297e+09  265  216          - 1.0323e+09      -  65.9 3735s
  7843  7720 1.0297e+09  213  208          - 1.0323e+09      -  65.9 3743s
  7844  7721 1.0293e+09  609  209          - 1.0323e+09      -  65.9 3759s
  7845  7722 1.0297e+09  246  219          - 1.0323e+09      -  65.9 3765s
  7846  7722 1.0320e+09  603  231          - 1.0323e+09      -  65.9 3777s
  7847  7723 1.0296e+09  326  206          - 1.0322e+09      -  65.8 3781s
  7848  7724 1.0296e+09  411  224          - 1.0322e+09      -  65.8 3790s
  7849  7724 1.0294e+09  522  205          - 1.0322e+09      -  65.8 3804s
  7850  7725 1.0295e+09  444  204          - 1.0322e+09      -  65.8 3813s
  7851  7726 1.0291e+09  651  192          - 1.0322e+09      -  65.8 3842s
  7852  7726 1.0322e+09  330  218          - 1.0322e+09      -  65.8 3853s
  7853  7727 1.0297e+09  123  188          - 1.0322e+09      -  65.8 3871s
  7854  7728 1.0294e+09  500  182          - 1.0322e+09      -  65.8 3878s
  7855  7728 1.0298e+09   68  208          - 1.0322e+09      -  65.8 3889s
  7856  7729 1.0293e+09 1189  201          - 1.0322e+09      -  65.8 3892s
  7857  7730 1.0299e+09    5  216          - 1.0322e+09      -  65.8 3900s
  7858  7730 1.0292e+09  843  203          - 1.0322e+09      -  65.8 3915s
  7860  7732 1.0292e+09  758  208          - 1.0322e+09      -  65.7 3927s
  7861  7732 1.0322e+09  546  192          - 1.0322e+09      -  65.7 3937s
  7862  7733 1.0288e+09  388  200          - 1.0322e+09      -  65.7 3945s
  7863  7734 1.0299e+09  171  190          - 1.0322e+09      -  65.7 3953s
  7864  7734 1.0298e+09   76  210          - 1.0322e+09      -  65.7 3958s
  7865  7735 1.0294e+09  524  209          - 1.0322e+09      -  65.7 3966s
  7868  7738 1.0297e+09  215  152          - 1.0322e+09      -  84.6 3970s
  7870  7739 1.0294e+09  548  208          - 1.0322e+09      -  84.6 4007s
  7871  7740 1.0296e+09  377  154          - 1.0322e+09      -  84.6 4051s
  7872  7741 1.0299e+09  102  207          - 1.0322e+09      -  84.6 4074s
  7873  7741 1.0322e+09    7  238          - 1.0322e+09      -  84.6 4080s
  7874  7742 1.0297e+09  289  213          - 1.0322e+09      -  84.6 4092s
  7875  7743 1.0299e+09    5  209          - 1.0322e+09      -  84.6 4099s
  7876  7743 1.0296e+09  559  240          - 1.0322e+09      -  84.6 4123s
  7877  7744 1.0322e+09    6  225          - 1.0322e+09      -  84.5 4126s
  7878  7745 1.0294e+09 1224  209          - 1.0322e+09      -  84.5 4133s
  7879  7745 1.0295e+09  516  183          - 1.0322e+09      -  84.5 4149s
  7880  7746 1.0294e+09  778  201          - 1.0322e+09      -  84.5 4153s
  7881  7747 1.0298e+09   90  218          - 1.0322e+09      -  84.5 4158s
  7882  7747 1.0299e+09   56  216          - 1.0322e+09      -  84.5 4167s
  7883  7748 1.0298e+09  143  204          - 1.0322e+09      -  84.5 4187s
  7884  7749 1.0291e+09  634  231          - 1.0322e+09      -  84.5 4203s
  7885  7749 1.0322e+09  462  235          - 1.0322e+09      -  84.5 4213s
  7886  7750 1.0322e+09  239  214          - 1.0322e+09      -  84.4 4230s
  7887  7751 1.0288e+09 1161  223          - 1.0322e+09      -  84.4 4240s
H 7887  7363                    1.010247e+09 1.0322e+09  2.18%  84.4 4269s

Cutting planes:
  Gomory: 3
  Cover: 11
  Implied bound: 10
  Projected implied bound: 7
  Clique: 2
  MIR: 7
  Flow cover: 42
  GUB cover: 13
  Network: 7
  RLT: 3
  Relax-and-lift: 31

Explored 7887 nodes (803407 simplex iterations) in 4281.49 seconds (1998.02 work units)
Thread count was 16 (of 16 available processors)

Solution count 1: 1.01025e+09 

Solve interrupted
Best objective 1.010246584333e+09, best bound 1.032231647666e+09, gap 2.1762%

Gurobi 10.0.1 (linux64) logging started Tue May 30 12:48:37 2023

Set parameter LogFile to value "logFiles/A-2L-B/A-2L-6U-20F-15V-120D-basic.log"
Gurobi Optimizer version 10.0.1 build v10.0.1rc0 (linux64)

CPU model: Intel(R) Xeon(R) Gold 5115 CPU @ 2.40GHz, instruction set [SSE2|AVX|AVX2|AVX512]
Thread count: 20 physical cores, 40 logical processors, using up to 20 threads

Optimize a model with 31220 rows, 353394 columns and 1817462 nonzeros
Model fingerprint: 0x85dac141
Variable types: 1037 continuous, 352357 integer (352357 binary)
Coefficient statistics:
  Matrix range     [1e+00, 2e+05]
  Objective range  [4e+01, 3e+07]
  Bounds range     [1e+00, 1e+00]
  RHS range        [1e+00, 3e+06]
Presolve removed 18606 rows and 28775 columns (presolve time = 5s) ...
Presolve removed 18578 rows and 28747 columns
Presolve time: 5.03s
Presolved: 12642 rows, 324647 columns, 1481528 nonzeros
Variable types: 1025 continuous, 323622 integer (323611 binary)
Deterministic concurrent LP optimizer: primal simplex, dual simplex, and barrier
Showing barrier log only...

Root barrier log...

Ordering time: 0.61s

Barrier statistics:
 AA' NZ     : 7.755e+05
 Factor NZ  : 6.262e+06 (roughly 200 MB of memory)
 Factor Ops : 1.072e+10 (less than 1 second per iteration)
 Threads    : 17

                  Objective                Residual
Iter       Primal          Dual         Primal    Dual     Compl     Time
   0  -1.90646712e+16  1.41108718e+12  2.30e+09 5.95e+04  1.44e+11     8s
   1  -4.21021688e+15  2.08412910e+12  5.10e+08 4.15e+05  3.21e+10     8s
   2  -5.16704428e+14  2.28642855e+12  6.29e+07 1.80e+03  3.99e+09     9s
   3  -1.76224892e+13  1.42827243e+12  2.14e+06 7.80e+00  1.38e+08     9s
   4  -8.62489933e+12  4.59194956e+11  1.05e+06 1.63e-09  6.73e+07     9s
   5  -6.69559993e+12  3.81000712e+11  8.15e+05 1.28e-09  5.29e+07     9s
   6  -4.42784707e+12  3.62208742e+11  5.39e+05 1.28e-09  3.52e+07     9s
   7  -1.24601315e+12  2.44613612e+11  1.52e+05 1.16e-09  1.03e+07    10s
   8  -7.62431570e+11  1.87334635e+11  9.28e+04 1.16e-09  6.39e+06    10s
   9  -3.69186925e+11  1.63275352e+11  4.50e+04 9.31e-10  3.18e+06    10s
  10  -1.30799174e+11  1.18026665e+11  1.60e+04 1.16e-09  1.18e+06    10s
  11  -7.65166675e+10  9.88367772e+10  9.40e+03 1.05e-09  7.16e+05    10s
  12  -4.95774536e+10  7.32100435e+10  6.13e+03 1.05e-09  4.58e+05    10s
  13  -2.10048637e+10  3.25439891e+10  2.66e+03 1.25e-09  1.80e+05    11s
  14  -6.16177238e+09  1.96319600e+10  8.57e+02 1.51e-09  6.80e+04    11s
  15  -7.82135938e+08  9.92788002e+09  2.09e+02 1.34e-09  2.26e+04    11s
  16   1.66504247e+08  4.39527042e+09  9.60e+01 2.65e-09  9.15e+03    11s
  17   5.00395128e+08  3.12817204e+09  5.67e+01 3.29e-09  5.60e+03    11s
  18   6.19574920e+08  2.71504398e+09  4.30e+01 4.22e-09  4.40e+03    11s
  19   6.55214264e+08  2.39607244e+09  3.89e+01 4.66e-09  3.75e+03    12s
  20   7.49689754e+08  2.13833087e+09  2.80e+01 4.60e-09  2.91e+03    12s
  21   7.92135465e+08  1.85938371e+09  2.33e+01 4.51e-09  2.29e+03    12s
  22   8.65420588e+08  1.74498599e+09  1.57e+01 5.18e-09  1.79e+03    12s
  23   8.89971708e+08  1.68376116e+09  1.30e+01 8.15e-09  1.58e+03    12s
  24   9.44206933e+08  1.43600860e+09  6.85e+00 7.45e-09  9.42e+02    13s
  25   9.70081080e+08  1.35658797e+09  4.43e+00 7.04e-09  7.10e+02    13s
  26   9.83022710e+08  1.24590415e+09  3.49e+00 6.81e-09  4.85e+02    13s
  27   9.87739044e+08  1.15313698e+09  3.10e+00 7.22e-09  3.12e+02    13s
  28   9.96184535e+08  1.12297562e+09  2.39e+00 7.68e-09  2.34e+02    13s
  29   9.97366336e+08  1.11387847e+09  2.23e+00 8.96e-09  2.14e+02    14s
  30   1.00850537e+09  1.09646980e+09  1.30e+00 8.28e-09  1.53e+02    14s
  31   1.01394650e+09  1.07377762e+09  8.64e-01 8.73e-09  1.01e+02    14s
  32   1.01472891e+09  1.06676093e+09  8.03e-01 9.20e-09  8.70e+01    14s
  33   1.01901616e+09  1.05908572e+09  5.14e-01 1.07e-08  6.52e+01    15s
  34   1.02170446e+09  1.04869704e+09  3.62e-01 1.06e-08  4.30e+01    15s
  35   1.02350925e+09  1.04531702e+09  2.72e-01 8.03e-09  3.44e+01    15s
  36   1.02376323e+09  1.04493586e+09  2.60e-01 1.06e-08  3.34e+01    15s
  37   1.02468027e+09  1.04209660e+09  2.24e-01 9.78e-09  2.73e+01    15s
  38   1.02616214e+09  1.04044260e+09  1.71e-01 9.60e-09  2.23e+01    16s
  39   1.02699146e+09  1.03884958e+09  1.45e-01 1.02e-08  1.84e+01    16s
  40   1.02838310e+09  1.03785298e+09  1.05e-01 1.08e-08  1.47e+01    16s
  41   1.02910177e+09  1.03696901e+09  8.65e-02 8.38e-09  1.22e+01    16s
  42   1.02924187e+09  1.03679939e+09  8.32e-02 1.04e-08  1.17e+01    17s
  43   1.02966804e+09  1.03581767e+09  7.41e-02 9.52e-09  9.48e+00    17s
  44   1.03079453e+09  1.03530120e+09  4.85e-02 1.01e-08  6.94e+00    17s
  45   1.03142151e+09  1.03501037e+09  3.59e-02 8.61e-09  5.52e+00    17s
  46   1.03162054e+09  1.03481403e+09  3.28e-02 9.31e-09  4.91e+00    17s
  47   1.03183213e+09  1.03453371e+09  2.90e-02 1.02e-08  4.15e+00    18s
  48   1.03244783e+09  1.03439421e+09  1.78e-02 8.85e-09  2.99e+00    18s
  49   1.03270886e+09  1.03417949e+09  1.35e-02 1.01e-08  2.26e+00    18s
  50   1.03297653e+09  1.03409275e+09  9.45e-03 9.43e-09  1.72e+00    18s
  51   1.03310447e+09  1.03394552e+09  7.51e-03 9.08e-09  1.29e+00    19s
  52   1.03323761e+09  1.03379640e+09  5.55e-03 8.09e-09  8.60e-01    19s
  53   1.03330011e+09  1.03373403e+09  4.65e-03 8.61e-09  6.68e-01    19s
  54   1.03336779e+09  1.03368624e+09  3.68e-03 7.68e-09  4.91e-01    19s
  55   1.03347310e+09  1.03365754e+09  2.13e-03 9.55e-09  2.84e-01    19s
  56   1.03348784e+09  1.03365208e+09  1.93e-03 9.78e-09  2.53e-01    20s
  57   1.03349412e+09  1.03363830e+09  1.84e-03 9.08e-09  2.22e-01    20s
  58   1.03352530e+09  1.03363678e+09  1.37e-03 1.12e-08  1.72e-01    20s
  59   1.03355813e+09  1.03363363e+09  8.88e-04 1.22e-08  1.16e-01    20s
  60   1.03358513e+09  1.03362210e+09  5.03e-04 9.31e-09  5.70e-02    20s
  61   1.03361510e+09  1.03361929e+09  5.27e-05 1.01e-08  6.46e-03    21s
  62   1.03361882e+09  1.03361896e+09  1.52e-06 9.98e-09  2.07e-04    21s
  63   1.03361894e+09  1.03361894e+09  3.04e-07 9.49e-09  3.38e-08    21s
  64   1.03361894e+09  1.03361894e+09  2.38e-09 7.84e-09  1.08e-10    21s

Barrier solved model in 64 iterations and 21.09 seconds (19.30 work units)
Optimal objective 1.03361894e+09


Root crossover log...

    9420 DPushes remaining with DInf 0.0000000e+00                21s
       0 DPushes remaining with DInf 0.0000000e+00                21s

    1250 PPushes remaining with PInf 0.0000000e+00                21s
       0 PPushes remaining with PInf 0.0000000e+00                21s

  Push phase complete: Pinf 0.0000000e+00, Dinf 3.8915373e-08     21s


Root simplex log...

Iteration    Objective       Primal Inf.    Dual Inf.      Time
   10660    1.0336189e+09   0.000000e+00   0.000000e+00     21s
Concurrent spin time: 0.00s

Solved with barrier
   10660    1.0336189e+09   0.000000e+00   0.000000e+00     21s

Root relaxation: objective 1.033619e+09, 10660 iterations, 15.48 seconds (11.16 work units)

    Nodes    |    Current Node    |     Objective Bounds      |     Work
 Expl Unexpl |  Obj  Depth IntInf | Incumbent    BestBd   Gap | It/Node Time

     0     0 1.0336e+09    0  277          - 1.0336e+09      -     -   23s
     0     0 1.0335e+09    0  246          - 1.0335e+09      -     -   40s
     0     0 1.0335e+09    0  247          - 1.0335e+09      -     -   47s
     0     0 1.0335e+09    0  259          - 1.0335e+09      -     -   52s
     0     0 1.0335e+09    0  249          - 1.0335e+09      -     -   54s
     0     0 1.0335e+09    0  249          - 1.0335e+09      -     -   54s
     0     0 1.0335e+09    0  266          - 1.0335e+09      -     -   60s
     0     0 1.0335e+09    0  254          - 1.0335e+09      -     -   66s
     0     0 1.0335e+09    0  269          - 1.0335e+09      -     -   67s
     0     0 1.0335e+09    0  272          - 1.0335e+09      -     -   68s
     0     0 1.0335e+09    0  271          - 1.0335e+09      -     -   71s
     0     0 1.0335e+09    0  258          - 1.0335e+09      -     -   92s
     0     0 1.0335e+09    0  264          - 1.0335e+09      -     -   93s
     0     0 1.0335e+09    0  274          - 1.0335e+09      -     -   95s
     0     0 1.0335e+09    0  277          - 1.0335e+09      -     -   98s
     0     0 1.0335e+09    0  278          - 1.0335e+09      -     -  100s
     0     0 1.0335e+09    0  280          - 1.0335e+09      -     -  101s
     0     0 1.0335e+09    0  279          - 1.0335e+09      -     -  102s
     0     0 1.0335e+09    0  283          - 1.0335e+09      -     -  103s
     0     0 1.0335e+09    0  269          - 1.0335e+09      -     -  104s
     0     0 1.0335e+09    0  269          - 1.0335e+09      -     -  105s
     0     0 1.0335e+09    0  265          - 1.0335e+09      -     -  107s
     0     0 1.0335e+09    0  264          - 1.0335e+09      -     -  110s
     0     0 1.0335e+09    0  247          - 1.0335e+09      -     -  114s
     0     2 1.0335e+09    0  247          - 1.0335e+09      -     -  225s
     1     4 1.0335e+09    1  253          - 1.0335e+09      -  7565  232s
     3     8 1.0335e+09    2  256          - 1.0335e+09      -  3172  245s
     7    16 1.0335e+09    3  260          - 1.0335e+09      -  1966  256s
    15    30 1.0335e+09    4  252          - 1.0335e+09      -  1302  275s
    31    48 1.0335e+09    5  256          - 1.0335e+09      -  1199  292s
    51    66 1.0335e+09    6  257          - 1.0335e+09      -   995  305s
    71    86 1.0335e+09    7  260          - 1.0335e+09      -   845  316s
    91   106 1.0335e+09    8  251          - 1.0335e+09      -   746  327s
   111   126 1.0335e+09    9  233          - 1.0335e+09      -   687  336s
   131   146 1.0335e+09   10  237          - 1.0335e+09      -   630  347s
   151   166 1.0335e+09   11  234          - 1.0335e+09      -   605  361s
   171   185 1.0335e+09   11  240          - 1.0335e+09      -   610  374s
   194   208 1.0335e+09   12  234          - 1.0335e+09      -   595  382s
   219   229 1.0335e+09   13  231          - 1.0335e+09      -   551  392s
   240   273 1.0335e+09   14  237          - 1.0335e+09      -   526  415s
   284   345 1.0335e+09   16  244          - 1.0335e+09      -   502  443s
   358   431 1.0335e+09   19  242          - 1.0335e+09      -   457  482s
   444   570 1.0335e+09   21  256          - 1.0335e+09      -   457  530s
   583   814 1.0335e+09   23  241          - 1.0335e+09      -   431  601s
   831  1097 1.0334e+09   31  245          - 1.0335e+09      -   381  701s
  1116  1789 1.0334e+09   44  250          - 1.0335e+09      -   334  838s
  1808  2775 1.0334e+09   70  233          - 1.0335e+09      -   278 1055s
  2794  3887 1.0334e+09   97  233          - 1.0335e+09      -   243 1246s
  3906  5252 1.0334e+09  136  223          - 1.0335e+09      -   220 1434s
  5271  6531 1.0333e+09  179  212          - 1.0335e+09      -   194 1599s
  6550  8052 1.0333e+09  219  211          - 1.0335e+09      -   180 1774s
  8107  9417 1.0333e+09  255  208          - 1.0335e+09      -   165 1954s
  9472 10994 1.0333e+09  300  206          - 1.0335e+09      -   154 2119s
 11051 12557 1.0333e+09  378  197          - 1.0335e+09      -   144 2289s
 12617 12558 1.0309e+09  262  247          - 1.0335e+09      -   135 7984s
 12619 12559 1.0333e+09  312  248          - 1.0335e+09      -   135 8015s
 12620 12560 1.0307e+09  726  219          - 1.0335e+09      -   135 8036s
 12621 12561 1.0331e+09  364  233          - 1.0335e+09      -   135 8045s
 12622 12561 1.0326e+09  585  250          - 1.0335e+09      -   135 8059s
 12623 12562 1.0332e+09  397  263          - 1.0335e+09      -   135 8062s
 12624 12563 1.0333e+09  104  265          - 1.0335e+09      -   135 8069s
 12625 12563 1.0332e+09  384  271          - 1.0335e+09      -   135 8071s
 12626 12564 1.0332e+09  353  274          - 1.0335e+09      -   135 8080s
 12627 12565 1.0332e+09  373  257          - 1.0335e+09      -   135 8119s
 12628 12565 1.0333e+09  184  272          - 1.0334e+09      -   135 8128s
 12629 12566 1.0331e+09  423  264          - 1.0334e+09      -   135 8130s
 12630 12567 1.0334e+09   11  296          - 1.0334e+09      -   135 8140s
 12632 12568 1.0304e+09  408  293          - 1.0334e+09      -   135 8154s
 12633 12569 1.0305e+09  606  273          - 1.0334e+09      -   135 8172s
 12634 12569 1.0333e+09  155  258          - 1.0334e+09      -   135 8176s
 12635 12570 1.0332e+09  456  269          - 1.0334e+09      -   135 8197s
 12636 12571 1.0334e+09   95  252          - 1.0334e+09      -   135 8206s
 12637 12571 1.0332e+09  169  263          - 1.0332e+09      -   135 8220s
 12639 12573 1.0331e+09  387  288          - 1.0332e+09      -   135 8227s
 12640 12573 1.0327e+09  613  297          - 1.0332e+09      -   135 8230s
 12642 12575 1.0328e+09  273  281          - 1.0332e+09      -   135 8236s
 12644 12576 1.0331e+09   96  276          - 1.0331e+09      -   135 8243s
 12645 12577 1.0301e+09  689  283          - 1.0331e+09      -   135 8247s
 12647 12578 1.0328e+09  257  270          - 1.0331e+09      -   135 8255s
 12648 12579 1.0247e+09  269  261          - 1.0331e+09      -   135 8269s
 12649 12579 1.0331e+09  197  268          - 1.0331e+09      -   135 8276s
 12650 12580 1.0328e+09  288  263          - 1.0331e+09      -   135 8312s
 12652 12581 1.0311e+09  202  284          - 1.0331e+09      -   135 8315s
 12655 12583 1.0305e+09  135  309          - 1.0331e+09      -   135 8321s
 12656 12584 1.0327e+09  403  319          - 1.0331e+09      -   135 8328s
 12657 12585 1.0327e+09  462  292          - 1.0331e+09      -   135 8338s
 12658 12585 1.0325e+09  411  304          - 1.0331e+09      -   135 8341s
 12659 12586 1.0331e+09  327  287          - 1.0331e+09      -   135 8348s
 12660 12587 1.0307e+09  450  304          - 1.0331e+09      -   135 8356s
 12661 12587 1.0279e+09  353  270          - 1.0330e+09      -   135 8367s
 12662 12588 1.0330e+09  461  300          - 1.0330e+09      -   135 8370s
 12664 12589 1.0309e+09  289  314          - 1.0330e+09      -   135 8376s
 12665 12590 1.0328e+09  133  306          - 1.0330e+09      -   135 8389s
 12666 12591 1.0330e+09  379  321          - 1.0330e+09      -   135 8393s
 12667 12591 1.0305e+09   56  312          - 1.0330e+09      -   135 8401s
 12669 12593 1.0330e+09   80  303          - 1.0330e+09      -   135 8406s
 12671 12594 1.0281e+09  643  302          - 1.0330e+09      -   135 8411s
 12672 12595 1.0330e+09  488  283          - 1.0330e+09      -   135 8418s
 12673 12595 1.0330e+09  156  300          - 1.0330e+09      -   135 8421s
 12674 12596 1.0327e+09  402  316          - 1.0330e+09      -   135 8427s
 12675 12597 1.0330e+09  418  331          - 1.0330e+09      -   135 8430s
 12677 12598 1.0327e+09  467  317          - 1.0330e+09      -   135 8436s
 12678 12599 1.0311e+09  154  305          - 1.0330e+09      -   135 8442s
 12681 12602 1.0330e+09  249  247          - 1.0330e+09      -   152 8447s
 12683 12603 1.0330e+09   42  255          - 1.0330e+09      -   152 8477s
 12684 12604 1.0330e+09  232  212          - 1.0330e+09      -   152 8500s
 12685 12605 1.0330e+09  371  227          - 1.0330e+09      -   152 8511s
 12686 12605 1.0309e+09  435  204          - 1.0330e+09      -   152 8523s
 12687 12606 1.0329e+09   36  228          - 1.0330e+09      -   152 8529s
 12688 12607 1.0311e+09  234  232          - 1.0330e+09      -   152 8548s
 12689 12607 1.0327e+09  440  277          - 1.0330e+09      -   152 8566s
 12690 12608 1.0307e+09  455  281          - 1.0330e+09      -   152 8572s
 12691 12609 1.0330e+09   32  267          - 1.0330e+09      -   152 8582s
 12692 12609 1.0330e+09  104  278          - 1.0330e+09      -   152 8601s
 12693 12610 1.0275e+09  312  283          - 1.0330e+09      -   152 8609s
 12694 12611 1.0329e+09   18  275          - 1.0330e+09      -   152 8613s
 12695 12611 1.0328e+09  316  284          - 1.0330e+09      -   152 8657s
 12696 12612 1.0327e+09  534  277          - 1.0330e+09      -   152 8670s
 12699 12614 1.0311e+09  125  314          - 1.0330e+09      -   152 8677s
 12700 12615 1.0311e+09  355  291          - 1.0330e+09      -   152 8684s
 12701 12615 1.0310e+09  191  287          - 1.0330e+09      -   152 8685s
 12703 12617 1.0310e+09  535  289          - 1.0330e+09      -   152 8690s
 12704 12617 1.0312e+09   25  280          - 1.0330e+09      -   152 8699s
 12705 12618 1.0330e+09   31  289          - 1.0330e+09      -   152 8702s
 12706 12619 1.0330e+09   22  284          - 1.0330e+09      -   152 8710s
 12708 12620 1.0272e+09  353  289          - 1.0330e+09      -   152 8719s
 12709 12621 1.0327e+09  474  305          - 1.0330e+09      -   152 8722s
 12710 12621 1.0309e+09  421  284          - 1.0330e+09      -   152 8728s
 12711 12622 1.0301e+09  701  295          - 1.0330e+09      -   152 8731s
 12712 12623 1.0281e+09  430  311          - 1.0330e+09      -   152 8737s
 12714 12624 1.0305e+09  689  316          - 1.0330e+09      -   152 8741s
 12716 12625 1.0303e+09  481  272          - 1.0330e+09      -   152 8751s
 12717 12626 1.0309e+09  262  277          - 1.0330e+09      -   152 8756s
 12719 12627 1.0330e+09  312  301          - 1.0330e+09      -   152 8762s
 12720 12628 1.0307e+09  726  259          - 1.0330e+09      -   152 8771s
 12722 12629 1.0326e+09  585  294          - 1.0328e+09      -   152 8777s
 12725 12631 1.0328e+09  384  308          - 1.0328e+09      -   152 8783s
 12726 12632 1.0328e+09  353  267          - 1.0328e+09      -   152 8791s
 12728 12633 1.0328e+09  184  286          - 1.0328e+09      -   151 8795s
 12731 12635 1.0310e+09  254  318          - 1.0328e+09      -   151 8802s
 12732 12636 1.0304e+09  408  294          - 1.0328e+09      -   151 8832s
 12733 12637 1.0305e+09  606  310          - 1.0328e+09      -   151 8835s
 12735 12638 1.0328e+09  456  324          - 1.0328e+09      -   151 8842s
 12736 12639 1.0328e+09   95  314          - 1.0328e+09      -   151 8850s
 12739 12641 1.0327e+09  387  299          - 1.0327e+09      -   151 8862s
 12740 12641 1.0327e+09  613  307          - 1.0327e+09      -   151 8865s
 12741 12642 1.0306e+09  296  303          - 1.0327e+09      -   151 8870s
 12744 12644 1.0327e+09   96  312          - 1.0327e+09      -   151 8876s
 12745 12645 1.0301e+09  689  302          - 1.0327e+09      -   151 8881s
 12748 12647 1.0247e+09  269  303          - 1.0327e+09      -   151 8889s
 12749 12647 1.0327e+09  197  299          - 1.0327e+09      -   151 8892s
 12750 12648 1.0327e+09  288  317          - 1.0327e+09      -   151 8895s
 12751 12649 1.0305e+09  127  311          - 1.0327e+09      -   151 8900s
 12754 12651 1.0311e+09  106  302          - 1.0327e+09      -   151 8906s
 12755 12651 1.0305e+09  135  311          - 1.0327e+09      -   151 8911s
 12757 12653 1.0327e+09  462  301          - 1.0327e+09      -   151 8917s
 12759 12654 1.0327e+09  327  316          - 1.0327e+09      -   151 8920s
 12760 12655 1.0307e+09  450  299          - 1.0327e+09      -   151 8925s
 12762 12656 1.0327e+09  461  292          - 1.0327e+09      -   151 8934s
 12763 12657 1.0304e+09  239  303          - 1.0327e+09      -   151 8935s
 12765 12658 1.0327e+09  133  301          - 1.0327e+09      -   151 8942s
 12767 12659 1.0305e+09   56  293          - 1.0327e+09      -   151 8949s
 12768 12660 1.0327e+09  482  299          - 1.0327e+09      -   151 8951s
 12769 12661 1.0327e+09   80  294          - 1.0327e+09      -   151 8957s
 12771 12662 1.0281e+09  643  304          - 1.0327e+09      -   151 8965s
 12774 12664 1.0327e+09  402  283          - 1.0327e+09      -   151 8976s
 12776 12665 1.0327e+09   13  303          - 1.0327e+09      -   151 8984s
 12777 12666 1.0327e+09  467  310          - 1.0327e+09      -   151 8987s
 12778 12667 1.0311e+09  154  302          - 1.0327e+09      -   151 8992s
 12780 12668 1.0327e+09   12  309          - 1.0327e+09      -   151 9016s
 12782 12669 1.0327e+09  285  302          - 1.0327e+09      -   151 9020s
 12784 12671 1.0327e+09  232  314          - 1.0327e+09      -   151 9030s
 12786 12672 1.0309e+09  435  296          - 1.0326e+09      -   151 9038s
 12787 12673 1.0326e+09   36  319          - 1.0326e+09      -   151 9041s
 12788 12673 1.0311e+09  234  304          - 1.0326e+09      -   151 9046s
 12790 12675 1.0307e+09  455  314          - 1.0326e+09      -   151 9050s
 12791 12675 1.0326e+09   32  301          - 1.0326e+09      -   151 9055s
 12793 12677 1.0275e+09  312  307          - 1.0326e+09      -   151 9063s
 12794 12677 1.0326e+09   18  294          - 1.0326e+09      -   151 9066s
 12795 12678 1.0326e+09  316  286          - 1.0326e+09      -   151 9072s
 12797 12679 1.0326e+09  398  299          - 1.0326e+09      -   151 9079s
 12798 12680 1.0306e+09   76  296          - 1.0326e+09      -   151 9081s
 12799 12681 1.0311e+09  125  298          - 1.0326e+09      -   151 9091s
 12800 12681 1.0311e+09  355  320          - 1.0326e+09      -   151 9096s
 12802 12683 1.0310e+09  560  289          - 1.0326e+09      -   151 9117s
 12804 12684 1.0312e+09   25  293          - 1.0326e+09      -   151 9126s
 12806 12685 1.0326e+09   22  329          - 1.0326e+09      -   151 9132s
 12807 12686 1.0309e+09  635  316          - 1.0326e+09      -   151 9137s
 12809 12687 1.0326e+09  474  310          - 1.0326e+09      -   151 9144s
 12810 12688 1.0309e+09  421  313          - 1.0326e+09      -   151 9146s
 12811 12689 1.0301e+09  701  313          - 1.0326e+09      -   151 9151s
 12813 12690 1.0304e+09  273  308          - 1.0326e+09      -   150 9156s
 12816 12693 1.0303e+09  481  247          - 1.0326e+09      -   195 9161s
 12818 12694 1.0326e+09  138  255          - 1.0326e+09      -   195 9194s
 12819 12695 1.0326e+09  312  220          - 1.0326e+09      -   195 9215s
 12820 12696 1.0307e+09  726  231          - 1.0326e+09      -   195 9227s
 12821 12696 1.0326e+09  364  231          - 1.0326e+09      -   195 9232s
 12822 12697 1.0326e+09  585  232          - 1.0326e+09      -   195 9240s
 12823 12698 1.0326e+09  397  223          - 1.0326e+09      -   195 9262s
 12824 12698 1.0326e+09  104  228          - 1.0326e+09      -   195 9268s
 12825 12699 1.0326e+09  384  289          - 1.0326e+09      -   195 9288s
 12826 12700 1.0326e+09  353  282          - 1.0326e+09      -   195 9302s
 12827 12700 1.0326e+09  373  300          - 1.0326e+09      -   195 9315s
 12828 12701 1.0326e+09  184  329          - 1.0326e+09      -   195 9326s
 12830 12702 1.0326e+09   11  329          - 1.0326e+09      -   195 9336s
 12831 12703 1.0310e+09  254  314          - 1.0326e+09      -   195 9382s
 12832 12704 1.0304e+09  408  335          - 1.0326e+09      -   195 9395s
 12833 12704 1.0305e+09  606  351          - 1.0326e+09      -   195 9401s
 12834 12705 1.0325e+09  155  265          - 1.0325e+09      -   195 9411s
 12837 12707 1.0325e+09  169  309          - 1.0325e+09      -   194 9416s
 12839 12708 1.0325e+09  387  290          - 1.0325e+09      -   194 9427s
 12841 12710 1.0306e+09  296  318          - 1.0325e+09      -   194 9430s
 12843 12711 1.0325e+09  477  326          - 1.0325e+09      -   194 9435s
 12844 12712 1.0324e+09   96  303          - 1.0324e+09      -   194 9444s
 12845 12712 1.0301e+09  689  315          - 1.0324e+09      -   194 9445s
 12847 12714 1.0324e+09  257  306          - 1.0324e+09      -   194 9455s
 12849 12715 1.0324e+09  197  320          - 1.0324e+09      -   194 9460s
 12850 12716 1.0324e+09  288  309          - 1.0324e+09      -   194 9466s
 12852 12717 1.0311e+09  202  331          - 1.0324e+09      -   194 9470s
 12853 12718 1.0311e+09  264  303          - 1.0323e+09      -   194 9487s
 12856 12720 1.0323e+09  403  323          - 1.0323e+09      -   194 9493s
 12857 12720 1.0321e+09  462  298          - 1.0321e+09      -   194 9507s
 12859 12722 1.0321e+09  327  265          - 1.0321e+09      -   194 9512s
 12861 12723 1.0279e+09  353  286          - 1.0321e+09      -   194 9517s
 12862 12724 1.0321e+09  461  272          - 1.0321e+09      -   194 9526s
 12864 12725 1.0309e+09  289  283          - 1.0321e+09      -   194 9532s
 12865 12726 1.0321e+09  133  299          - 1.0321e+09      -   194 9539s
 12866 12726 1.0321e+09  379  306          - 1.0321e+09      -   194 9543s
 12867 12727 1.0305e+09   56  279          - 1.0321e+09      -   194 9549s
 12868 12728 1.0321e+09  482  287          - 1.0321e+09      -   194 9552s
 12869 12728 1.0321e+09   80  268          - 1.0321e+09      -   194 9561s
 12870 12729 1.0294e+09  212  281          - 1.0321e+09      -   194 9565s
 12874 12733 1.0321e+09  402  247          - 1.0321e+09      -   211 9574s
 12875 12734 1.0321e+09  418  247          - 1.0321e+09      -   211 9575s
 12876 12734 1.0321e+09   13  263          - 1.0321e+09      -   211 9616s
 12877 12735 1.0321e+09  467  217          - 1.0321e+09      -   211 9642s
 12878 12736 1.0311e+09  154  224          - 1.0321e+09      -   211 9649s
 12879 12736 1.0302e+09  425  245          - 1.0321e+09      -   211 9658s
 12880 12737 1.0321e+09   12  226          - 1.0321e+09      -   211 9680s
 12881 12738 1.0321e+09  249  247          - 1.0321e+09      -   211 9704s
 12882 12738 1.0321e+09  285  275          - 1.0321e+09      -   211 9714s
 12883 12739 1.0321e+09   42  283          - 1.0321e+09      -   211 9717s
 12884 12740 1.0321e+09  232  284          - 1.0321e+09      -   211 9722s
 12885 12740 1.0321e+09  371  270          - 1.0321e+09      -   211 9728s
 12886 12741 1.0309e+09  435  292          - 1.0321e+09      -   211 9731s
 12887 12742 1.0321e+09   36  264          - 1.0321e+09      -   211 9741s
 12888 12742 1.0311e+09  234  296          - 1.0321e+09      -   211 9745s
 12889 12743 1.0321e+09  440  292          - 1.0321e+09      -   211 9762s
 12890 12744 1.0307e+09  455  293          - 1.0321e+09      -   211 9779s
 12891 12744 1.0321e+09   32  297          - 1.0321e+09      -   211 9787s
 12892 12745 1.0321e+09  104  310          - 1.0321e+09      -   211 9794s
 12893 12746 1.0275e+09  312  303          - 1.0321e+09      -   211 9812s
 12894 12746 1.0321e+09   18  307          - 1.0321e+09      -   211 9815s
 12895 12747 1.0321e+09  316  290          - 1.0321e+09      -   211 9824s
 12896 12748 1.0321e+09  534  302          - 1.0321e+09      -   211 9829s
 12897 12748 1.0321e+09  398  294          - 1.0321e+09      -   211 9835s
 12900 12750 1.0311e+09  355  308          - 1.0321e+09      -   211 9846s
 12901 12751 1.0310e+09  191  302          - 1.0321e+09      -   210 9853s
 12902 12752 1.0310e+09  560  298          - 1.0321e+09      -   210 9871s
 12903 12752 1.0310e+09  535  298          - 1.0320e+09      -   210 10402s
 12904 12756 1.0320e+09   44  291          - 1.0320e+09      -  88.9 10635s
H12906 12118                    8.513224e+08 1.0320e+09  21.2%  90.6 10800s

Cutting planes:
  Gomory: 3
  Cover: 19
  Implied bound: 6
  Projected implied bound: 3
  MIR: 31
  Flow cover: 46
  GUB cover: 1
  Zero half: 1
  Network: 10
  RLT: 4
  Relax-and-lift: 21

Explored 12908 nodes (2923534 simplex iterations) in 10801.08 seconds (8601.18 work units)
Thread count was 20 (of 40 available processors)

Solution count 1: 8.51322e+08 

Time limit reached
Best objective 8.513223645625e+08, best bound 1.032033521297e+09, gap 21.2271%

Gurobi 10.0.1 (linux64) logging started Tue May 30 20:47:36 2023

Set parameter LogFile to value "logFiles/A-2L-B/A-2L-6U-20F-15V-120D-basic.log"
Gurobi Optimizer version 10.0.1 build v10.0.1rc0 (linux64)

CPU model: Intel(R) Xeon(R) Gold 5115 CPU @ 2.40GHz, instruction set [SSE2|AVX|AVX2|AVX512]
Thread count: 20 physical cores, 40 logical processors, using up to 20 threads

Optimize a model with 31220 rows, 353394 columns and 1817462 nonzeros
Model fingerprint: 0xb333a5a6
Variable types: 1037 continuous, 352357 integer (352357 binary)
Coefficient statistics:
  Matrix range     [1e+00, 2e+05]
  Objective range  [4e+01, 3e+07]
  Bounds range     [1e+00, 1e+00]
  RHS range        [1e+00, 3e+06]
Presolve removed 18606 rows and 28775 columns (presolve time = 5s) ...
Presolve removed 18578 rows and 28747 columns
Presolve time: 5.02s
Presolved: 12642 rows, 324647 columns, 1481528 nonzeros
Variable types: 1025 continuous, 323622 integer (323611 binary)
Deterministic concurrent LP optimizer: primal simplex, dual simplex, and barrier
Showing barrier log only...

Root barrier log...

Ordering time: 0.53s

Barrier statistics:
 AA' NZ     : 7.755e+05
 Factor NZ  : 6.262e+06 (roughly 200 MB of memory)
 Factor Ops : 1.072e+10 (less than 1 second per iteration)
 Threads    : 17

                  Objective                Residual
Iter       Primal          Dual         Primal    Dual     Compl     Time
   0  -1.90646712e+16  1.41108718e+12  2.30e+09 5.95e+04  1.44e+11     8s
   1  -4.21021688e+15  2.08412910e+12  5.10e+08 4.15e+05  3.21e+10     8s
   2  -5.16704428e+14  2.28642855e+12  6.29e+07 1.80e+03  3.99e+09     8s
   3  -1.76224892e+13  1.42827243e+12  2.14e+06 7.80e+00  1.38e+08     9s
   4  -8.62489933e+12  4.59194956e+11  1.05e+06 1.63e-09  6.73e+07     9s
   5  -6.69559993e+12  3.81000712e+11  8.15e+05 1.28e-09  5.29e+07     9s
   6  -4.42784707e+12  3.62208742e+11  5.39e+05 1.28e-09  3.52e+07     9s
   7  -1.24601315e+12  2.44613612e+11  1.52e+05 1.16e-09  1.03e+07     9s
   8  -7.62431570e+11  1.87334635e+11  9.28e+04 1.16e-09  6.39e+06     9s
   9  -3.69186925e+11  1.63275352e+11  4.50e+04 9.31e-10  3.18e+06     9s
  10  -1.30799174e+11  1.18026665e+11  1.60e+04 1.16e-09  1.18e+06    10s
  11  -7.65166675e+10  9.88367772e+10  9.40e+03 1.05e-09  7.16e+05    10s
  12  -4.95774536e+10  7.32100435e+10  6.13e+03 1.05e-09  4.58e+05    10s
  13  -2.10048637e+10  3.25439891e+10  2.66e+03 1.25e-09  1.80e+05    10s
  14  -6.16177238e+09  1.96319600e+10  8.57e+02 1.51e-09  6.80e+04    10s
  15  -7.82135938e+08  9.92788002e+09  2.09e+02 1.34e-09  2.26e+04    10s
  16   1.66504247e+08  4.39527042e+09  9.60e+01 2.65e-09  9.15e+03    11s
  17   5.00395128e+08  3.12817204e+09  5.67e+01 3.29e-09  5.60e+03    11s
  18   6.19574920e+08  2.71504398e+09  4.30e+01 4.22e-09  4.40e+03    11s
  19   6.55214264e+08  2.39607244e+09  3.89e+01 4.66e-09  3.75e+03    11s
  20   7.49689754e+08  2.13833087e+09  2.80e+01 4.60e-09  2.91e+03    11s
  21   7.92135465e+08  1.85938371e+09  2.33e+01 4.51e-09  2.29e+03    11s
  22   8.65420588e+08  1.74498599e+09  1.57e+01 5.18e-09  1.79e+03    12s
  23   8.89971708e+08  1.68376116e+09  1.30e+01 8.15e-09  1.58e+03    12s
  24   9.44206933e+08  1.43600860e+09  6.85e+00 7.45e-09  9.42e+02    12s
  25   9.70081080e+08  1.35658797e+09  4.43e+00 7.04e-09  7.10e+02    12s
  26   9.83022710e+08  1.24590415e+09  3.49e+00 6.81e-09  4.85e+02    13s
  27   9.87739044e+08  1.15313698e+09  3.10e+00 7.22e-09  3.12e+02    13s
  28   9.96184535e+08  1.12297562e+09  2.39e+00 7.68e-09  2.34e+02    13s
  29   9.97366336e+08  1.11387847e+09  2.23e+00 8.96e-09  2.14e+02    13s
  30   1.00850537e+09  1.09646980e+09  1.30e+00 8.28e-09  1.53e+02    13s
  31   1.01394650e+09  1.07377762e+09  8.64e-01 8.73e-09  1.01e+02    14s
  32   1.01472891e+09  1.06676093e+09  8.03e-01 9.20e-09  8.70e+01    14s
  33   1.01901616e+09  1.05908572e+09  5.14e-01 1.07e-08  6.52e+01    14s
  34   1.02170446e+09  1.04869704e+09  3.62e-01 1.06e-08  4.30e+01    14s
  35   1.02350925e+09  1.04531702e+09  2.72e-01 8.03e-09  3.44e+01    14s
  36   1.02376323e+09  1.04493586e+09  2.60e-01 1.06e-08  3.34e+01    15s
  37   1.02468027e+09  1.04209660e+09  2.24e-01 9.78e-09  2.73e+01    15s
  38   1.02616214e+09  1.04044260e+09  1.71e-01 9.60e-09  2.23e+01    15s
  39   1.02699146e+09  1.03884958e+09  1.45e-01 1.02e-08  1.84e+01    15s
  40   1.02838310e+09  1.03785298e+09  1.05e-01 1.08e-08  1.47e+01    15s
  41   1.02910177e+09  1.03696901e+09  8.65e-02 8.38e-09  1.22e+01    16s
  42   1.02924187e+09  1.03679939e+09  8.32e-02 1.04e-08  1.17e+01    16s
  43   1.02966804e+09  1.03581767e+09  7.41e-02 9.52e-09  9.48e+00    16s
  44   1.03079453e+09  1.03530120e+09  4.85e-02 1.01e-08  6.94e+00    16s
  45   1.03142151e+09  1.03501037e+09  3.59e-02 8.61e-09  5.52e+00    16s
  46   1.03162054e+09  1.03481403e+09  3.28e-02 9.31e-09  4.91e+00    17s
  47   1.03183213e+09  1.03453371e+09  2.90e-02 1.02e-08  4.15e+00    17s
  48   1.03244783e+09  1.03439421e+09  1.78e-02 8.85e-09  2.99e+00    17s
  49   1.03270886e+09  1.03417949e+09  1.35e-02 1.01e-08  2.26e+00    17s
  50   1.03297653e+09  1.03409275e+09  9.45e-03 9.43e-09  1.72e+00    18s
  51   1.03310447e+09  1.03394552e+09  7.51e-03 9.08e-09  1.29e+00    18s
  52   1.03323761e+09  1.03379640e+09  5.55e-03 8.09e-09  8.60e-01    18s
  53   1.03330011e+09  1.03373403e+09  4.65e-03 8.61e-09  6.68e-01    18s
  54   1.03336779e+09  1.03368624e+09  3.68e-03 7.68e-09  4.91e-01    18s
  55   1.03347310e+09  1.03365754e+09  2.13e-03 9.55e-09  2.84e-01    19s
  56   1.03348784e+09  1.03365208e+09  1.93e-03 9.78e-09  2.53e-01    19s
  57   1.03349412e+09  1.03363830e+09  1.84e-03 9.08e-09  2.22e-01    19s
  58   1.03352530e+09  1.03363678e+09  1.37e-03 1.12e-08  1.72e-01    19s
  59   1.03355813e+09  1.03363363e+09  8.88e-04 1.22e-08  1.16e-01    19s
  60   1.03358513e+09  1.03362210e+09  5.03e-04 9.31e-09  5.70e-02    20s
  61   1.03361510e+09  1.03361929e+09  5.27e-05 1.01e-08  6.46e-03    20s
  62   1.03361882e+09  1.03361896e+09  1.52e-06 9.98e-09  2.07e-04    20s
  63   1.03361894e+09  1.03361894e+09  3.04e-07 9.49e-09  3.38e-08    20s
  64   1.03361894e+09  1.03361894e+09  2.38e-09 7.84e-09  1.08e-10    20s

Barrier solved model in 64 iterations and 20.35 seconds (19.30 work units)
Optimal objective 1.03361894e+09


Root crossover log...

    9420 DPushes remaining with DInf 0.0000000e+00                20s
       0 DPushes remaining with DInf 0.0000000e+00                21s

    1250 PPushes remaining with PInf 0.0000000e+00                21s
       0 PPushes remaining with PInf 0.0000000e+00                21s

  Push phase complete: Pinf 0.0000000e+00, Dinf 3.8915373e-08     21s


Root simplex log...

Iteration    Objective       Primal Inf.    Dual Inf.      Time
   10660    1.0336189e+09   0.000000e+00   0.000000e+00     21s
Concurrent spin time: 0.00s

Solved with barrier
   10660    1.0336189e+09   0.000000e+00   0.000000e+00     21s

Root relaxation: objective 1.033619e+09, 10660 iterations, 14.77 seconds (11.16 work units)

    Nodes    |    Current Node    |     Objective Bounds      |     Work
 Expl Unexpl |  Obj  Depth IntInf | Incumbent    BestBd   Gap | It/Node Time

     0     0 1.0336e+09    0  277          - 1.0336e+09      -     -   22s
     0     0 1.0335e+09    0  246          - 1.0335e+09      -     -   39s
     0     0 1.0335e+09    0  247          - 1.0335e+09      -     -   45s
     0     0 1.0335e+09    0  259          - 1.0335e+09      -     -   49s
     0     0 1.0335e+09    0  249          - 1.0335e+09      -     -   50s
     0     0 1.0335e+09    0  249          - 1.0335e+09      -     -   51s
     0     0 1.0335e+09    0  266          - 1.0335e+09      -     -   56s
     0     0 1.0335e+09    0  254          - 1.0335e+09      -     -   61s
     0     0 1.0335e+09    0  269          - 1.0335e+09      -     -   62s
     0     0 1.0335e+09    0  272          - 1.0335e+09      -     -   62s
     0     0 1.0335e+09    0  276          - 1.0335e+09      -     -   66s
     0     0 1.0335e+09    0  261          - 1.0335e+09      -     -   86s
     0     0 1.0335e+09    0  271          - 1.0335e+09      -     -   87s
     0     0 1.0335e+09    0  259          - 1.0335e+09      -     -   89s
     0     0 1.0335e+09    0  264          - 1.0335e+09      -     -   91s
     0     0 1.0335e+09    0  258          - 1.0335e+09      -     -   92s
     0     0 1.0335e+09    0  255          - 1.0335e+09      -     -   94s
     0     0 1.0335e+09    0  260          - 1.0335e+09      -     -   96s
     0     0 1.0335e+09    0  263          - 1.0335e+09      -     -   97s
     0     0 1.0335e+09    0  264          - 1.0335e+09      -     -   99s
     0     0 1.0335e+09    0  282          - 1.0335e+09      -     -  100s
     0     0 1.0335e+09    0  286          - 1.0335e+09      -     -  101s
     0     0 1.0335e+09    0  286          - 1.0335e+09      -     -  103s
     0     0 1.0335e+09    0  287          - 1.0335e+09      -     -  103s
     0     0 1.0335e+09    0  276          - 1.0335e+09      -     -  106s
     0     0 1.0335e+09    0  282          - 1.0335e+09      -     -  107s
     0     0 1.0335e+09    0  282          - 1.0335e+09      -     -  108s
     0     0 1.0335e+09    0  267          - 1.0335e+09      -     -  112s
     0     2 1.0335e+09    0  262          - 1.0335e+09      -     -  209s
     1     4 1.0335e+09    1  259          - 1.0335e+09      -  7457  218s
     3     8 1.0335e+09    2  259          - 1.0335e+09      -  3155  227s
     7    16 1.0335e+09    3  255          - 1.0335e+09      -  1850  238s
    15    28 1.0335e+09    4  253          - 1.0335e+09      -  1366  250s
    31    46 1.0335e+09    5  246          - 1.0335e+09      -  1064  264s
    51    62 1.0335e+09    6  254          - 1.0335e+09      -   836  275s
    71    82 1.0335e+09    7  250          - 1.0335e+09      -   674  285s
    91   102 1.0335e+09    8  240          - 1.0335e+09      -   564  296s
   111   122 1.0335e+09    9  254          - 1.0335e+09      -   514  305s
   133   141 1.0335e+09   10  251          - 1.0335e+09      -   471  315s
   154   162 1.0335e+09   11  249          - 1.0335e+09      -   440  330s
   175   185 1.0335e+09   12  242          - 1.0335e+09      -   438  342s
   198   208 1.0335e+09   13  245          - 1.0335e+09      -   427  355s
   221   231 1.0335e+09   14  239          - 1.0335e+09      -   423  363s
   244   277 1.0335e+09   15  242          - 1.0335e+09      -   405  379s
   290   320 1.0334e+09   15  234          - 1.0335e+09      -   385  396s
   335   374 1.0335e+09   16  242          - 1.0335e+09      -   373  419s
   389   443 1.0335e+09   17  238          - 1.0335e+09      -   393  443s
   458   544 1.0334e+09   18  235          - 1.0335e+09      -   382  472s
   561   707 1.0334e+09   22  235          - 1.0335e+09      -   362  508s
   724   953 1.0334e+09   27  246          - 1.0335e+09      -   336  557s
   978  1180 1.0334e+09   36  216          - 1.0335e+09      -   309  625s
  1207  1601 1.0334e+09   40  229          - 1.0335e+09      -   296  698s
  1628  2203 1.0334e+09   49  216          - 1.0335e+09      -   275  783s
  2230  3012 1.0334e+09   69  217          - 1.0335e+09      -   249  879s
  3041  4091 1.0334e+09   93  247          - 1.0335e+09      -   223  978s
  4130  5391 1.0334e+09  119  219          - 1.0335e+09      -   198 1074s
  5434  6324 1.0333e+09  138  244          - 1.0335e+09      -   174 1152s
  6370  7612 1.0333e+09  156  219          - 1.0335e+09      -   164 1241s
  7661  8884 1.0333e+09  194  200          - 1.0335e+09      -   153 1327s
  8941 10177 1.0333e+09  243  180          - 1.0335e+09      -   144 1415s
 10240 11571 1.0333e+09  303  169          - 1.0335e+09      -   137 1499s
 11635 11572 1.0332e+09  572  267          - 1.0335e+09      -   132 3243s
 11637 11573 1.0315e+09  266  257          - 1.0335e+09      -   132 3284s
 11638 11574 1.0312e+09   97  241          - 1.0335e+09      -   132 3306s
 11639 11575 1.0311e+09  204  243          - 1.0335e+09      -   132 3311s
 11640 11575 1.0331e+09  374  268          - 1.0335e+09      -   132 3323s
 11641 11576 1.0333e+09  280  266          - 1.0335e+09      -   132 3327s
 11642 11577 1.0326e+09  464  258          - 1.0335e+09      -   132 3331s
 11643 11577 1.0308e+09  330  266          - 1.0335e+09      -   132 3339s
 11644 11578 1.0332e+09  502  246          - 1.0334e+09      -   132 3355s
 11645 11579 1.0333e+09  173  263          - 1.0334e+09      -   132 3360s
 11646 11579 1.0305e+09  273  247          - 1.0334e+09      -   132 3365s
 11647 11580 1.0329e+09   21  286          - 1.0334e+09      -   132 3372s
 11648 11581 1.0263e+09  505  285          - 1.0334e+09      -   132 3381s
 11649 11581 1.0322e+09  132  263          - 1.0334e+09      -   132 3406s
 11650 11582 1.0322e+09  187  271          - 1.0334e+09      -   132 3411s
 11651 11583 1.0301e+09  327  250          - 1.0334e+09      -   132 3427s
H11651 11003                    1.009152e+09 1.0334e+09  2.41%   132 3430s
 11654 11005 1.0333e+09   40  281 1.0092e+09 1.0334e+09  2.40%   132 3438s
 11655 11005 1.0328e+09   75  284 1.0092e+09 1.0334e+09  2.40%   132 3447s
H11655 10454                    1.009382e+09 1.0334e+09  2.38%   132 3499s
H11656  9932                    1.009534e+09 1.0334e+09  2.37%   132 3501s
 11658  9933 1.0334e+09   22  286 1.0095e+09 1.0334e+09  2.37%   132 3510s
 11659  9934 1.0309e+09  278  281 1.0095e+09 1.0334e+09  2.37%   132 3689s
 11660  9935 1.0287e+09  612  288 1.0095e+09 1.0334e+09  2.37%   132 3693s
 11661  9935 1.0322e+09  231  297 1.0095e+09 1.0334e+09  2.37%   132 3702s
 11662  9936 1.0306e+09  162  284 1.0095e+09 1.0334e+09  2.37%   132 3768s
 11663  9937 1.0271e+09  586  306 1.0095e+09 1.0334e+09  2.37%   132 3772s
 11664  9937 1.0309e+09  465  299 1.0095e+09 1.0334e+09  2.37%   132 3775s
 11665  9938 1.0334e+09  109  298 1.0095e+09 1.0334e+09  2.37%   132 3780s
 11666  9939 1.0334e+09   33  282 1.0095e+09 1.0334e+09  2.37%   132 3793s
 11667  9939 1.0333e+09   30  288 1.0095e+09 1.0334e+09  2.37%   132 3798s
 11668  9940 1.0334e+09  226  292 1.0095e+09 1.0334e+09  2.37%   132 3811s
 11669  9941 1.0332e+09  162  289 1.0095e+09 1.0334e+09  2.37%   132 3815s
 11670  9941 1.0333e+09  192  301 1.0095e+09 1.0334e+09  2.37%   132 3821s
 11673  9945 1.0329e+09   20  267 1.0095e+09 1.0334e+09  2.37%   143 3826s
H11674  9448                    1.009534e+09 1.0334e+09  2.37%   143 3868s
 11676  9449 1.0270e+09  327  228 1.0095e+09 1.0334e+09  2.37%   143 3947s
H11676  8977                    1.010567e+09 1.0334e+09  2.26%   143 3981s
 11678  8978 1.0311e+09  165  269 1.0106e+09 1.0334e+09  2.26%   143 4010s
 11679  8979 1.0310e+09   15  269 1.0106e+09 1.0334e+09  2.26%   143 4024s
 11680  8980 1.0332e+09  219  280 1.0106e+09 1.0334e+09  2.26%   143 4029s
 11681  8980 1.0325e+09  619  281 1.0106e+09 1.0334e+09  2.26%   143 4031s
 11683  8982 1.0305e+09  262  306 1.0106e+09 1.0334e+09  2.26%   143 4036s
 11684  8982 1.0326e+09  633  307 1.0106e+09 1.0334e+09  2.26%   143 4040s
 11685  8983 1.0311e+09  200  301 1.0106e+09 1.0334e+09  2.26%   143 4053s
 11686  8984 1.0321e+09  553  295 1.0106e+09 1.0334e+09  2.26%   143 4058s
 11687  8984 1.0334e+09   17  308 1.0106e+09 1.0334e+09  2.26%   143 4063s
 11688  8985 1.0333e+09  298  300 1.0106e+09 1.0334e+09  2.26%   143 4085s
 11689  8986 1.0308e+09  288  325 1.0106e+09 1.0334e+09  2.26%   143 4096s
 11690  8986 1.0328e+09   78  305 1.0106e+09 1.0334e+09  2.26%   143 4108s
 11691  8987 1.0334e+09  104  306 1.0106e+09 1.0334e+09  2.26%   143 4116s
 11692  8988 1.0323e+09  566  307 1.0106e+09 1.0334e+09  2.26%   143 4126s
 11693  8988 1.0333e+09  407  314 1.0106e+09 1.0334e+09  2.26%   143 4135s
 11694  8989 1.0333e+09  311  309 1.0106e+09 1.0334e+09  2.26%   143 4145s
 11695  8990 1.0298e+09  463  318 1.0106e+09 1.0334e+09  2.26%   143 4153s
 11696  8990 1.0311e+09   55  311 1.0106e+09 1.0334e+09  2.26%   143 4163s
 11697  8991 1.0308e+09  573  319 1.0106e+09 1.0334e+09  2.26%   143 4172s
 11698  8992 1.0332e+09  336  314 1.0106e+09 1.0334e+09  2.26%   143 4183s
 11699  8992 1.0331e+09  377  303 1.0106e+09 1.0334e+09  2.26%   143 4209s
 11700  8993 1.0332e+09  437  303 1.0106e+09 1.0334e+09  2.26%   143 4428s
 11701  8997 1.0334e+09   26  299 1.0106e+09 1.0334e+09  2.26%   154 4896s
 11703  9000 1.0334e+09   27  314 1.0106e+09 1.0334e+09  2.26%   157 5190s
 11707  9007 1.0334e+09   28  302 1.0106e+09 1.0334e+09  2.26%   161 5601s
H11708  8556                    1.011493e+09 1.0334e+09  2.16%   161 5601s
H11709  8128                    1.012129e+09 1.0334e+09  2.10%   163 5602s
 11715  8142 1.0334e+09   29  311 1.0121e+09 1.0334e+09  2.10%   171 6000s
H11731  7751                    1.019284e+09 1.0334e+09  1.38%   189 6588s
 11751  7764 1.0334e+09   31  310 1.0193e+09 1.0334e+09  1.38%   212 6950s
 11771  7777 1.0333e+09   31  253 1.0193e+09 1.0334e+09  1.38%   228 7303s
 11791  7791 1.0334e+09   32  301 1.0193e+09 1.0334e+09  1.38%   245 7659s
 11811  7816 1.0329e+09   32  272 1.0193e+09 1.0334e+09  1.38%   264 8129s
H11843  7439                    1.019608e+09 1.0334e+09  1.35%   283 8887s
H11845  7072                    1.021427e+09 1.0334e+09  1.17%   285 8888s
H11847  6723                    1.022850e+09 1.0334e+09  1.03%   287 8888s
H11856  6389                    1.022870e+09 1.0334e+09  1.03%   293 8889s
 11863  6417 1.0334e+09   34  306 1.0229e+09 1.0334e+09  1.03%   298 9266s
 11893  6437 1.0334e+09   35  298 1.0229e+09 1.0334e+09  1.03%   317 9637s
 11923  6467 1.0334e+09   36  292 1.0229e+09 1.0334e+09  1.03%   334 10011s
 11963  6531 1.0333e+09   37  280 1.0229e+09 1.0334e+09  1.03%   351 10571s
 12049  6670 1.0334e+09   39  296 1.0229e+09 1.0334e+09  1.03%   371 10800s

Cutting planes:
  Gomory: 2
  Cover: 23
  Implied bound: 17
  Projected implied bound: 9
  Clique: 2
  MIR: 37
  StrongCG: 4
  Flow cover: 89
  GUB cover: 3
  Zero half: 3
  Network: 4
  RLT: 8
  Relax-and-lift: 23

Explored 12233 nodes (4598341 simplex iterations) in 10800.18 seconds (11598.62 work units)
Thread count was 20 (of 40 available processors)

Solution count 10: 1.02287e+09 1.02285e+09 1.02143e+09 ... 1.00953e+09

Time limit reached
Best objective 1.022869560973e+09, best bound 1.033375731957e+09, gap 1.0271%
