
Gurobi 9.5.2 (mac64[x86]) logging started Mon May  8 23:23:11 2023

Set parameter LogFile to value "logFiles/N-1L-45D/N-1L-6U-13F-18V-45D-a-basic.log"
Gurobi Optimizer version 9.5.2 build v9.5.2rc0 (mac64[x86])
Thread count: 4 physical cores, 8 logical processors, using up to 8 threads
Optimize a model with 10238 rows, 14092 columns and 69783 nonzeros
Model fingerprint: 0xc65bc10d
Variable types: 305 continuous, 13787 integer (13787 binary)
Coefficient statistics:
  Matrix range     [1e+00, 2e+05]
  Objective range  [4e+01, 2e+07]
  Bounds range     [1e+00, 1e+00]
  RHS range        [1e+00, 8e+05]
Presolve removed 9156 rows and 5585 columns
Presolve time: 0.15s
Presolved: 1082 rows, 8507 columns, 41114 nonzeros
Variable types: 305 continuous, 8202 integer (8202 binary)

Root relaxation: objective 4.175536e+08, 3052 iterations, 0.13 seconds (0.12 work units)

    Nodes    |    Current Node    |     Objective Bounds      |     Work
 Expl Unexpl |  Obj  Depth IntInf | Incumbent    BestBd   Gap | It/Node Time

     0     0 4.1755e+08    0   49          - 4.1755e+08      -     -    0s
     0     0 4.1754e+08    0   50          - 4.1754e+08      -     -    0s
     0     0 4.1754e+08    0   49          - 4.1754e+08      -     -    0s
     0     0 4.1753e+08    0   59          - 4.1753e+08      -     -    0s
     0     0 4.1753e+08    0   67          - 4.1753e+08      -     -    0s
     0     0 4.1753e+08    0   59          - 4.1753e+08      -     -    0s
     0     0 4.1753e+08    0   60          - 4.1753e+08      -     -    0s
     0     0 4.1753e+08    0   64          - 4.1753e+08      -     -    1s
H    0     0                    3.699272e+08 4.1753e+08  12.9%     -    1s
     0     0 4.1753e+08    0   57 3.6993e+08 4.1753e+08  12.9%     -    1s
H    0     0                    4.057097e+08 4.1751e+08  2.91%     -    3s
     0     2 4.1751e+08    0   56 4.0571e+08 4.1751e+08  2.91%     -    4s
H   30    35                    4.057126e+08 4.1751e+08  2.91%  10.9    5s
H   31    35                    4.057126e+08 4.1751e+08  2.91%  10.6    5s
H 1582  1445                    4.066299e+08 4.1751e+08  2.67%   5.5    9s
  1844  1985 4.1741e+08   14   23 4.0663e+08 4.1751e+08  2.67%   5.7   10s
H 2176  1887                    4.066817e+08 4.1737e+08  2.63%   5.6   12s
  2188  1895 4.1202e+08  185   60 4.0668e+08 4.1735e+08  2.62%   5.6   15s
H 2191  1803                    4.066829e+08 4.1735e+08  2.62%   7.0   16s
H 2191  1712                    4.068638e+08 4.1735e+08  2.58%   7.0   16s
H 2192  1627                    4.068757e+08 4.1735e+08  2.58%   7.0   17s
H 2193  1546                    4.105623e+08 4.1735e+08  1.65%   7.0   17s
  2209  1557 4.1735e+08   28   58 4.1056e+08 4.1735e+08  1.65%   6.9   20s
H 2212  1483                    4.106062e+08 4.1733e+08  1.64%   8.5   21s
H 2240  1430                    4.108190e+08 4.1733e+08  1.59%   8.7   23s
H 2240  1359                    4.127899e+08 4.1733e+08  1.10%   8.7   23s
  3008  1971 4.1706e+08  109   22 4.1279e+08 4.1733e+08  1.10%   9.0   25s
H 4276  2418                    4.128381e+08 4.1733e+08  1.09%   8.9   27s
H 4367  2323                    4.128659e+08 4.1733e+08  1.08%   8.9   27s
H 4431  2238                    4.130471e+08 4.1733e+08  1.04%   8.8   27s
  6396  3427 4.1675e+08  309    9 4.1305e+08 4.1733e+08  1.04%   8.7   30s
H 6398  3422                    4.130743e+08 4.1733e+08  1.03%   8.7   30s
H 6399  3385                    4.132459e+08 4.1733e+08  0.99%   8.7   30s
H 6641  3575                    4.132723e+08 4.1733e+08  0.98%   8.7   31s
H 6644  3571                    4.133055e+08 4.1733e+08  0.97%   8.7   31s
H 8767  6067                    4.133108e+08 4.1733e+08  0.97%   8.2   34s
H 9171  6066                    4.133222e+08 4.1733e+08  0.97%   8.2   34s
  9599  6562 4.1723e+08  107   15 4.1332e+08 4.1733e+08  0.97%   8.0   35s
H11310  7304                    4.133222e+08 4.1733e+08  0.97%   8.1   38s
 11792  9447 4.1719e+08   69   40 4.1332e+08 4.1733e+08  0.97%   8.2   40s
H13751  9772                    4.133222e+08 4.1733e+08  0.97%   7.8   41s
 18628 14168 4.1450e+08  519   15 4.1332e+08 4.1733e+08  0.97%   7.1   46s
H20816 16246                    4.133494e+08 4.1733e+08  0.96%   7.0   49s
H21006 16238                    4.133614e+08 4.1733e+08  0.96%   7.0   49s
 21214 16206 4.1679e+08  274   57 4.1336e+08 4.1733e+08  0.96%   7.0   66s
H21216 15396                    4.133777e+08 4.1733e+08  0.96%   7.0   68s
H21217 14627                    4.133830e+08 4.1733e+08  0.96%   7.0   68s
 21224 14632 4.1501e+08  215   78 4.1338e+08 4.1733e+08  0.96%   7.0   70s
 21232 14637 4.1564e+08  138   82 4.1338e+08 4.1733e+08  0.96%   7.0   75s
 21240 14642 4.1364e+08  254   78 4.1338e+08 4.1733e+08  0.96%   7.0   80s
H21241 13911                    4.133841e+08 4.1733e+08  0.95%   7.0   81s
 21247 13915 4.1546e+08  421   81 4.1338e+08 4.1733e+08  0.95%   7.0   85s
H21247 13218                    4.134004e+08 4.1733e+08  0.95%   7.0   85s
H21250 12559                    4.134230e+08 4.1733e+08  0.95%   7.0   87s
H21250 11930                    4.134267e+08 4.1733e+08  0.94%   7.0   88s
 21254 11933 4.1698e+08  289   85 4.1343e+08 4.1733e+08  0.94%   7.0   90s
H21257 11338                    4.135375e+08 4.1733e+08  0.92%   7.0   93s
 21265 11348 4.1732e+08   46   78 4.1354e+08 4.1733e+08  0.92%   7.2   95s
H21287 10795                    4.135398e+08 4.1733e+08  0.92%   7.3   97s
 21474 11105 4.1727e+08   68   46 4.1354e+08 4.1733e+08  0.92%   7.4  100s
 22726 11765 4.1685e+08  223   31 4.1354e+08 4.1733e+08  0.92%   7.9  105s
H23364 11406                    4.135463e+08 4.1733e+08  0.91%   8.4  107s
 23698 11779 4.1482e+08  121   26 4.1355e+08 4.1733e+08  0.91%   8.5  110s
H26784 12628                    4.135505e+08 4.1732e+08  0.91%   8.4  115s
H26840 12228                    4.135505e+08 4.1732e+08  0.91%   8.4  116s
 29541 14668 4.1619e+08  335   25 4.1355e+08 4.1732e+08  0.91%   8.2  120s
 31967 17018 4.1716e+08  122   55 4.1355e+08 4.1732e+08  0.91%   8.1  125s
H33903 15967                    4.135505e+08 4.1732e+08  0.91%   8.1  125s
 36035 18061 4.1730e+08   52   65 4.1355e+08 4.1732e+08  0.91%   8.1  130s
 40118 20010 4.1713e+08  151   40 4.1355e+08 4.1732e+08  0.91%   8.0  135s
 42626 21725 4.1705e+08   66   54 4.1355e+08 4.1731e+08  0.91%   8.2  140s
H44959 22038                    4.135511e+08 4.1731e+08  0.91%   8.3  142s
 46131 22750 4.1724e+08   72   27 4.1355e+08 4.1731e+08  0.91%   8.2  145s
 50567 26921 4.1681e+08  244   17 4.1355e+08 4.1731e+08  0.91%   8.1  150s
 53246 29963 4.1597e+08  204   15 4.1355e+08 4.1731e+08  0.91%   8.2  155s
 57354 33229 4.1695e+08  190   27 4.1355e+08 4.1731e+08  0.91%   8.2  160s
H58395 33593                    4.135511e+08 4.1731e+08  0.91%   8.2  162s
 60540 36207 4.1567e+08  376   20 4.1355e+08 4.1731e+08  0.91%   8.2  165s
 63758 39411 4.1619e+08  168   20 4.1355e+08 4.1731e+08  0.91%   8.2  171s
 68554 42826 4.1528e+08   64   43 4.1355e+08 4.1731e+08  0.91%   8.1  175s
 72985 47409 4.1700e+08  190   40 4.1355e+08 4.1731e+08  0.91%   8.1  180s
H74344 47788                    4.135511e+08 4.1731e+08  0.91%   8.1  183s
H74368 47788                    4.135511e+08 4.1731e+08  0.91%   8.1  183s
 74369 51691 4.1568e+08   81   48 4.1355e+08 4.1731e+08  0.91%   8.1  186s
H80205 53612                    4.135511e+08 4.1731e+08  0.91%   8.0  188s
 81794 54865 4.1577e+08  476   22 4.1355e+08 4.1731e+08  0.91%   7.9  191s
 84345 57842 4.1552e+08  244   30 4.1355e+08 4.1731e+08  0.91%   7.9  196s
 85930 58918 4.1722e+08   91   29 4.1355e+08 4.1731e+08  0.91%   7.9  200s
 89365 62146 4.1625e+08  167   27 4.1355e+08 4.1731e+08  0.91%   8.0  205s
 93349 65698 4.1651e+08  163   38 4.1355e+08 4.1731e+08  0.91%   8.0  210s
 93996 66583 4.1456e+08  277    4 4.1355e+08 4.1731e+08  0.91%   8.0  215s
 96399 68368 4.1495e+08  255   23 4.1355e+08 4.1731e+08  0.91%   7.9  221s
 96560 71164 4.1377e+08  325   41 4.1355e+08 4.1731e+08  0.91%   7.9  226s
 100722 72550 4.1680e+08  240   50 4.1355e+08 4.1731e+08  0.91%   8.0  231s
 103622 75163 4.1709e+08  209   56 4.1355e+08 4.1731e+08  0.91%   7.9  235s

Cutting planes:
  Gomory: 10
  Lift-and-project: 24
  Cover: 57
  Implied bound: 17
  MIR: 12
  Flow cover: 21
  GUB cover: 27
  Zero half: 2
  Relax-and-lift: 1

Explored 106755 nodes (847720 simplex iterations) in 239.04 seconds (219.10 work units)
Thread count was 8 (of 8 available processors)

Solution count 10: 4.13551e+08 4.13551e+08 4.13551e+08 ... 4.13538e+08

Solve interrupted
Best objective 4.135510803676e+08, best bound 4.173089138650e+08, gap 0.9087%

Gurobi 9.5.2 (mac64[x86]) logging started Tue May  9 20:45:17 2023

Set parameter LogFile to value "logFiles/N-1L-45D/N-1L-6U-13F-18V-45D-a-basic.log"
Gurobi Optimizer version 9.5.2 build v9.5.2rc0 (mac64[x86])
Thread count: 4 physical cores, 8 logical processors, using up to 8 threads
Optimize a model with 10238 rows, 14092 columns and 69904 nonzeros
Model fingerprint: 0xfa1f48e0
Variable types: 305 continuous, 13787 integer (13787 binary)
Coefficient statistics:
  Matrix range     [1e+00, 2e+05]
  Objective range  [4e+01, 2e+07]
  Bounds range     [1e+00, 1e+00]
  RHS range        [1e+00, 8e+05]
Presolve removed 9156 rows and 5585 columns
Presolve time: 0.16s
Presolved: 1082 rows, 8507 columns, 41234 nonzeros
Variable types: 305 continuous, 8202 integer (8202 binary)

Root relaxation: objective 4.175536e+08, 3325 iterations, 0.13 seconds (0.13 work units)

    Nodes    |    Current Node    |     Objective Bounds      |     Work
 Expl Unexpl |  Obj  Depth IntInf | Incumbent    BestBd   Gap | It/Node Time

     0     0 4.1755e+08    0   50          - 4.1755e+08      -     -    0s
     0     0 4.1755e+08    0   59          - 4.1755e+08      -     -    1s
     0     0 4.1755e+08    0   59          - 4.1755e+08      -     -    1s
     0     0 4.1755e+08    0   55          - 4.1755e+08      -     -    1s
     0     0 4.1755e+08    0   59          - 4.1755e+08      -     -    1s
     0     0 4.1754e+08    0   63          - 4.1754e+08      -     -    1s
H    0     0                    3.655908e+08 4.1754e+08  14.2%     -    1s
     0     0 4.1754e+08    0   57 3.6559e+08 4.1754e+08  14.2%     -    1s
H    0     0                    4.111556e+08 4.1752e+08  1.55%     -    2s
     0     2 4.1752e+08    0   51 4.1116e+08 4.1752e+08  1.55%     -    3s
H   31    36                    4.123645e+08 4.1752e+08  1.25%  11.3    4s
    69   166 4.1752e+08   17   13 4.1236e+08 4.1752e+08  1.25%   9.8    5s
H 1449  1574                    4.124226e+08 4.1752e+08  1.24%   3.7    7s
  2331  2179 4.1633e+08  222   57 4.1242e+08 4.1752e+08  1.24%   4.9   10s

Explored 2332 nodes (18622 simplex iterations) in 11.64 seconds (8.56 work units)
Thread count was 8 (of 8 available processors)

Solution count 4: 4.12423e+08 4.12365e+08 4.11156e+08 3.65591e+08 

Solve interrupted
Best objective 4.124225855304e+08, best bound 4.175209040942e+08, gap 1.2362%
