
Gurobi 10.0.1 (linux64) logging started Thu May 25 19:27:30 2023

Set parameter LogFile to value "logFiles/A-2L-B/A-2L-6U-55F-15V-365D/basic-05-25-2023, 19-27-H50-P80-O20.log"
Gurobi Optimizer version 10.0.1 build v10.0.1rc0 (linux64)

CPU model: Intel(R) Xeon(R) Gold 5115 CPU @ 2.40GHz, instruction set [SSE2|AVX|AVX2|AVX512]
Thread count: 20 physical cores, 40 logical processors, using up to 20 threads

Optimize a model with 57720 rows, 478302 columns and 2167009 nonzeros
Model fingerprint: 0x98a1bc1b
Variable types: 301568 continuous, 176734 integer (176734 binary)
Coefficient statistics:
  Matrix range     [1e+00, 2e+05]
  Objective range  [4e+01, 3e+07]
  Bounds range     [1e+00, 1e+00]
  RHS range        [1e+00, 3e+06]
Presolve removed 43304 rows and 20413 columns (presolve time = 5s) ...
Presolve removed 43304 rows and 20473 columns (presolve time = 10s) ...
Presolve removed 43283 rows and 20452 columns
Presolve time: 10.72s
Presolved: 14437 rows, 457850 columns, 1873114 nonzeros
Variable types: 289368 continuous, 168482 integer (168472 binary)
Deterministic concurrent LP optimizer: primal simplex, dual simplex, and barrier
Showing barrier log only...

Root barrier log...

Ordering time: 0.68s

Barrier statistics:
 AA' NZ     : 1.006e+06
 Factor NZ  : 7.451e+06 (roughly 250 MB of memory)
 Factor Ops : 1.335e+10 (less than 1 second per iteration)
 Threads    : 17

                  Objective                Residual
Iter       Primal          Dual         Primal    Dual     Compl     Time
   0  -2.80395576e+16  3.79463998e+13  1.12e+09 1.29e+07  3.22e+12    15s
   1  -5.72461129e+15  4.31650251e+13  2.29e+08 1.24e+07  6.66e+11    15s
   2  -1.18233281e+15  4.28303157e+13  4.90e+07 7.00e+06  1.43e+11    16s
   3  -2.57995246e+13  3.47556143e+13  1.05e+06 1.94e-07  3.20e+09    16s
   4  -1.53656274e+13  1.12475798e+13  6.26e+05 4.47e-08  1.92e+09    16s
   5  -1.12696112e+12  7.18084456e+12  4.57e+04 1.38e-07  1.48e+08    16s
   6  -5.33879628e+11  5.65399509e+12  2.18e+04 2.16e-07  7.12e+07    16s
   7  -2.05643978e+11  4.24503303e+12  8.50e+03 4.47e-08  2.88e+07    17s
   8  -1.52828256e+11  3.16167415e+12  6.37e+03 8.95e-07  2.03e+07    17s
   9  -1.08036215e+11  2.72410987e+12  4.76e+03 9.62e-07  1.52e+07    17s
  10  -2.64389708e+10  1.57241275e+12  1.28e+03 5.70e-07  4.65e+06    17s
  11  -7.56067625e+09  6.57898142e+11  4.52e+02 5.74e-07  1.62e+06    17s
  12  -3.67544834e+09  3.00243247e+11  2.84e+02 4.77e-07  8.39e+05    18s
  13   1.19370042e+09  1.88500518e+11  7.56e+01 2.42e-07  3.35e+05    18s
  14   1.76650695e+09  1.48952690e+11  5.14e+01 4.77e-07  2.48e+05    18s
  15   2.16429189e+09  9.82118038e+10  3.46e+01 2.38e-07  1.63e+05    18s
  16   2.26116481e+09  9.69308166e+10  3.05e+01 3.58e-07  1.54e+05    18s
  17   2.48821153e+09  5.86076145e+10  2.09e+01 1.39e-07  9.63e+04    19s
  18   2.68172158e+09  3.48289535e+10  1.27e+01 1.19e-07  5.65e+04    19s
  19   2.79753946e+09  2.37976483e+10  7.83e+00 1.23e-07  3.62e+04    19s
  20   2.83508956e+09  1.77906001e+10  6.28e+00 1.36e-07  2.67e+04    19s
  21   2.85271535e+09  1.42175620e+10  5.55e+00 1.11e-07  2.15e+04    20s
  22   2.86051422e+09  1.17413553e+10  5.24e+00 1.28e-07  1.83e+04    20s
  23   2.87240480e+09  1.15155445e+10  4.79e+00 1.32e-07  1.73e+04    20s
  24   2.89458592e+09  9.79975489e+09  3.95e+00 1.45e-07  1.39e+04    20s
  25   2.92280538e+09  8.52101519e+09  2.97e+00 1.62e-07  1.08e+04    21s
  26   2.96556008e+09  7.85696782e+09  2.28e+00 1.52e-07  8.81e+03    21s
  27   2.97483996e+09  6.71815599e+09  2.11e+00 1.62e-07  7.01e+03    21s
  28   3.00771624e+09  6.16463380e+09  1.65e+00 1.40e-07  5.62e+03    22s
  29   3.04310501e+09  6.06055547e+09  1.24e+00 1.71e-07  4.90e+03    22s
  30   3.07216349e+09  4.74934532e+09  9.11e-01 1.16e-07  2.80e+03    22s
  31   3.09890976e+09  4.26154071e+09  6.56e-01 1.23e-07  1.87e+03    22s
  32   3.13293923e+09  3.94758095e+09  3.57e-01 1.22e-07  1.17e+03    23s
  33   3.16513084e+09  3.65605847e+09  1.98e-01 1.10e-07  6.57e+02    23s
  34   3.18445503e+09  3.56267081e+09  1.31e-01 1.31e-07  4.85e+02    23s
  35   3.19010551e+09  3.52038865e+09  1.17e-01 1.44e-07  4.21e+02    23s
  36   3.20354475e+09  3.45549086e+09  8.69e-02 1.53e-07  3.16e+02    24s
  37   3.20650738e+09  3.44610807e+09  8.08e-02 1.57e-07  2.99e+02    24s
  38   3.21096790e+09  3.39770788e+09  7.32e-02 1.45e-07  2.35e+02    24s
  39   3.23111192e+09  3.37891855e+09  2.93e-02 1.33e-07  1.73e+02    24s
  40   3.23545860e+09  3.35771384e+09  2.41e-02 1.68e-07  1.43e+02    25s
  41   3.23771193e+09  3.33133636e+09  2.21e-02 1.43e-07  1.10e+02    25s
  42   3.24007122e+09  3.32397546e+09  2.00e-02 1.46e-07  9.87e+01    25s
  43   3.24842792e+09  3.30840463e+09  1.24e-02 1.50e-07  6.97e+01    25s
  44   3.25137945e+09  3.29927421e+09  1.03e-02 1.24e-07  5.58e+01    26s
  45   3.25567577e+09  3.29348945e+09  7.43e-03 1.58e-07  4.37e+01    26s
  46   3.25927932e+09  3.28674667e+09  5.39e-03 1.38e-07  3.18e+01    26s
  47   3.26017207e+09  3.28436719e+09  4.94e-03 1.34e-07  2.80e+01    27s
  48   3.26162837e+09  3.28183426e+09  4.28e-03 1.61e-07  2.35e+01    27s
  49   3.26339615e+09  3.28044533e+09  3.48e-03 1.50e-07  1.98e+01    27s
  50   3.26371633e+09  3.28002498e+09  3.34e-03 1.51e-07  1.89e+01    27s
  51   3.26611803e+09  3.27852287e+09  2.30e-03 1.47e-07  1.43e+01    28s
  52   3.26779961e+09  3.27789702e+09  1.67e-03 1.64e-07  1.16e+01    28s
  53   3.26816862e+09  3.27699890e+09  1.54e-03 1.64e-07  1.01e+01    28s
  54   3.26886725e+09  3.27667589e+09  1.31e-03 1.72e-07  8.96e+00    29s
  55   3.26964423e+09  3.27629793e+09  1.08e-03 2.37e-07  7.62e+00    29s
  56   3.27040015e+09  3.27576281e+09  8.54e-04 1.61e-07  6.13e+00    29s
  57   3.27123792e+09  3.27515093e+09  6.15e-04 1.59e-07  4.47e+00    29s
  58   3.27152063e+09  3.27493246e+09  5.40e-04 1.72e-07  3.90e+00    30s
  59   3.27194269e+09  3.27477012e+09  4.32e-04 1.65e-07  3.23e+00    30s
  60   3.27234858e+09  3.27452770e+09  3.32e-04 1.82e-07  2.49e+00    30s
  61   3.27275816e+09  3.27437042e+09  2.34e-04 1.86e-07  1.84e+00    31s
  62   3.27283510e+09  3.27426438e+09  2.16e-04 1.43e-07  1.63e+00    31s
  63   3.27317206e+09  3.27404755e+09  1.36e-04 1.46e-07  1.00e+00    31s
  64   3.27337891e+09  3.27398765e+09  8.73e-05 1.77e-07  6.94e-01    31s
  65   3.27351123e+09  3.27388422e+09  5.68e-05 1.49e-07  4.27e-01    32s
  66   3.27361322e+09  3.27382293e+09  3.37e-05 1.42e-07  2.41e-01    32s
  67   3.27366708e+09  3.27381623e+09  2.17e-05 1.35e-07  1.70e-01    32s
  68   3.27370132e+09  3.27379769e+09  1.38e-05 1.37e-07  1.10e-01    32s
  69   3.27371121e+09  3.27379598e+09  1.16e-05 1.71e-07  9.67e-02    33s
  70   3.27373467e+09  3.27379103e+09  6.38e-06 1.81e-07  6.38e-02    33s
  71   3.27375426e+09  3.27377801e+09  2.04e-06 1.80e-07  2.67e-02    33s
  72   3.27375884e+09  3.27377456e+09  1.07e-06 1.79e-07  1.76e-02    33s
  73   3.27376302e+09  3.27377226e+09  2.01e-07 1.59e-07  1.02e-02    34s
  74   3.27376398e+09  3.27376454e+09  2.11e-07 1.44e-07  6.34e-04    34s
  75   3.27376424e+09  3.27376425e+09  7.87e-08 1.44e-07  1.19e-05    34s
  76   3.27376425e+09  3.27376425e+09  1.37e-07 1.54e-07  7.05e-09    34s

Barrier solved model in 76 iterations and 34.40 seconds (30.78 work units)
Optimal objective 3.27376425e+09


Root crossover log...

   11828 DPushes remaining with DInf 0.0000000e+00                34s
       0 DPushes remaining with DInf 0.0000000e+00                35s

     822 PPushes remaining with PInf 0.0000000e+00                35s
       0 PPushes remaining with PInf 0.0000000e+00                35s

  Push phase complete: Pinf 0.0000000e+00, Dinf 5.4551322e-08     35s


Root simplex log...

Iteration    Objective       Primal Inf.    Dual Inf.      Time
   12632    3.2737642e+09   0.000000e+00   0.000000e+00     35s
Concurrent spin time: 0.01s

Solved with barrier
   12632    3.2737642e+09   0.000000e+00   0.000000e+00     35s

Root relaxation: objective 3.273764e+09, 12632 iterations, 22.65 seconds (16.74 work units)
Total elapsed time = 35.42s

    Nodes    |    Current Node    |     Objective Bounds      |     Work
 Expl Unexpl |  Obj  Depth IntInf | Incumbent    BestBd   Gap | It/Node Time

     0     0 3.2738e+09    0  144          - 3.2738e+09      -     -   36s
     0     0 3.2737e+09    0  139          - 3.2737e+09      -     -   47s
     0     0 3.2737e+09    0  139          - 3.2737e+09      -     -   52s
     0     0 3.2737e+09    0  152          - 3.2737e+09      -     -   59s
     0     0 3.2737e+09    0  151          - 3.2737e+09      -     -   62s
     0     0 3.2737e+09    0  131          - 3.2737e+09      -     -   68s
     0     0 3.2737e+09    0  135          - 3.2737e+09      -     -   70s
     0     0 3.2737e+09    0  140          - 3.2737e+09      -     -   77s
     0     0 3.2737e+09    0  139          - 3.2737e+09      -     -   80s
     0     0 3.2737e+09    0  147          - 3.2737e+09      -     -   86s
     0     0 3.2737e+09    0  135          - 3.2737e+09      -     -   89s
     0     2 3.2737e+09    0  131          - 3.2737e+09      -     -  131s
     1     4 3.2737e+09    1  123          - 3.2737e+09      -  4851  139s
     3     8 3.2737e+09    2  136          - 3.2737e+09      -  2100  150s
     7    16 3.2737e+09    3  137          - 3.2737e+09      -  1480  163s
    15    32 3.2737e+09    4  153          - 3.2737e+09      -  1129  186s
    31    52 3.2737e+09    5  149          - 3.2737e+09      -  1167  203s
    51    72 3.2737e+09    6  145          - 3.2737e+09      -   909  216s
    71    92 3.2737e+09    7  140          - 3.2737e+09      -   793  231s
    91   112 3.2737e+09    8  153          - 3.2737e+09      -   748  245s
   111   132 3.2737e+09    9  155          - 3.2737e+09      -   697  261s
   131   152 3.2737e+09   10  132          - 3.2737e+09      -   647  274s
   151   193 3.2737e+09   11  129          - 3.2737e+09      -   612  296s
   192   274 3.2737e+09   14  131          - 3.2737e+09      -   540  336s
H  228   274                    3.222793e+09 3.2737e+09  1.58%   519  336s
H  273   521                    3.231647e+09 3.2737e+09  1.30%   494  414s
H  347   521                    3.239761e+09 3.2737e+09  1.05%   448  414s
   520  1237 3.2737e+09   20  122 3.2398e+09 3.2737e+09  1.05%   362  559s
H  531  1237                    3.239802e+09 3.2737e+09  1.05%   360  560s
H  556  1237                    3.241486e+09 3.2737e+09  0.99%   354  561s
H  586  1237                    3.242215e+09 3.2737e+09  0.97%   355  561s
H  640  1237                    3.251763e+09 3.2737e+09  0.67%   332  562s
H  727  1237                    3.252076e+09 3.2737e+09  0.67%   314  563s
H 1032  1237                    3.252688e+09 3.2737e+09  0.65%   260  564s
H 1046  1237                    3.255018e+09 3.2737e+09  0.57%   259  565s

Cutting planes:
  Cover: 20
  Implied bound: 29
  Clique: 2
  MIR: 41
  Flow cover: 40
  GUB cover: 1
  Network: 10
  RLT: 5
  Relax-and-lift: 14

Explored 1275 nodes (343123 simplex iterations) in 565.23 seconds (633.32 work units)
Thread count was 20 (of 40 available processors)

Solution count 10: 3.25502e+09 3.25269e+09 3.25208e+09 ... 3.22279e+09

Optimal solution found (tolerance 1.00e-02)
Best objective 3.255017753604e+09, best bound 3.273705212773e+09, gap 0.5741%
Gurobi Optimizer version 10.0.1 build v10.0.1rc0 (linux64)

CPU model: Intel(R) Xeon(R) Gold 5115 CPU @ 2.40GHz, instruction set [SSE2|AVX|AVX2|AVX512]
Thread count: 20 physical cores, 40 logical processors, using up to 20 threads

Optimize a model with 89349 rows, 746714 columns and 3481274 nonzeros
Model fingerprint: 0x6128dc1d
Variable types: 414943 continuous, 331771 integer (331771 binary)
Coefficient statistics:
  Matrix range     [1e+00, 2e+05]
  Objective range  [4e+01, 3e+07]
  Bounds range     [1e+00, 3e+05]
  RHS range        [1e+00, 3e+06]
Presolve removed 76533 rows and 503637 columns (presolve time = 5s) ...
Presolve removed 77204 rows and 520365 columns (presolve time = 10s) ...
Presolve removed 77193 rows and 520894 columns
Presolve time: 11.45s
Presolved: 12156 rows, 225820 columns, 923241 nonzeros
Variable types: 180858 continuous, 44962 integer (44952 binary)
Deterministic concurrent LP optimizer: primal simplex, dual simplex, and barrier
Showing barrier log only...

Root barrier log...

Ordering time: 0.29s

Barrier statistics:
 AA' NZ     : 5.326e+05
 Factor NZ  : 3.426e+06 (roughly 120 MB of memory)
 Factor Ops : 4.015e+09 (less than 1 second per iteration)
 Threads    : 17

                  Objective                Residual
Iter       Primal          Dual         Primal    Dual     Compl     Time
   0  -4.99777431e+15  3.27005781e+13  2.47e+08 4.83e+06  8.87e+11    14s
   1  -2.35665730e+15  2.77711627e+13  1.17e+08 2.94e+06  4.24e+11    14s
   2  -2.94600839e+14  2.09509700e+13  1.45e+07 1.99e+05  5.48e+10    14s
   3  -1.12577615e+13  1.40398451e+13  5.55e+05 4.48e+02  2.13e+09    14s
   4  -2.56944055e+12  4.09148837e+12  1.27e+05 2.61e-08  4.90e+08    14s
   5  -8.32321616e+11  2.10771402e+12  4.11e+04 2.61e-08  1.60e+08    14s
   6  -2.69858361e+11  1.61757680e+12  1.34e+04 2.24e-08  5.43e+07    14s
   7  -1.89748617e+11  1.30012689e+12  9.45e+03 1.86e-08  3.76e+07    14s
   8  -8.34499772e+10  1.04407035e+12  4.20e+03 1.87e-08  1.72e+07    15s
   9  -3.79590739e+10  9.08532370e+11  1.96e+03 1.87e-08  8.70e+06    15s
  10  -1.55426354e+10  7.16392402e+11  8.53e+02 1.69e-08  4.33e+06    15s
  11  -5.56877546e+09  2.99246432e+11  3.60e+02 1.86e-08  1.65e+06    15s
  12  -1.34492236e+09  1.36791621e+11  1.52e+02 4.28e-08  6.78e+05    15s
  13   5.29473432e+08  8.52075471e+10  6.02e+01 4.84e-08  3.30e+05    15s
  14   1.30365595e+09  5.03153730e+10  2.30e+01 4.28e-08  1.62e+05    15s
  15   1.50034544e+09  3.32685911e+10  1.37e+01 5.68e-08  1.02e+05    15s
  16   1.63711886e+09  2.12503928e+10  7.51e+00 6.74e-08  6.13e+04    15s
  17   1.67275694e+09  1.84523491e+10  5.81e+00 6.52e-08  5.12e+04    16s
  18   1.68826351e+09  1.44183267e+10  5.06e+00 9.50e-08  4.10e+04    16s
  19   1.69325173e+09  1.12661813e+10  4.84e+00 1.43e-07  3.42e+04    16s
  20   1.72292709e+09  1.03002383e+10  3.42e+00 1.76e-07  2.83e+04    16s
  21   1.74560595e+09  7.55562494e+09  2.44e+00 2.01e-07  1.96e+04    16s
  22   1.76384083e+09  6.36721826e+09  2.06e+00 2.20e-07  1.56e+04    16s
  23   1.78562196e+09  4.82134403e+09  1.65e+00 2.00e-07  1.06e+04    16s
  24   1.83090225e+09  4.02141636e+09  1.31e+00 2.10e-07  7.55e+03    16s
  25   1.85359439e+09  3.65432654e+09  1.17e+00 1.96e-07  6.15e+03    17s
  26   1.88518044e+09  3.13845221e+09  9.07e-01 1.38e-07  4.21e+03    17s
  27   1.93032989e+09  2.87491413e+09  6.10e-01 1.11e-07  2.95e+03    17s
  28   1.97687436e+09  2.60005742e+09  3.30e-01 9.78e-08  1.75e+03    17s
  29   2.00471026e+09  2.36216658e+09  2.13e-01 9.22e-08  9.61e+02    17s
  30   2.02676609e+09  2.26026518e+09  1.40e-01 6.80e-08  6.02e+02    17s
  31   2.03280559e+09  2.24127884e+09  1.24e-01 6.24e-08  5.32e+02    17s
  32   2.04239285e+09  2.20591791e+09  1.05e-01 6.05e-08  4.12e+02    17s
  33   2.05039668e+09  2.18265088e+09  8.38e-02 4.75e-08  3.28e+02    17s
  34   2.05717202e+09  2.17347871e+09  6.91e-02 4.84e-08  2.85e+02    18s
  35   2.06566439e+09  2.15321315e+09  5.14e-02 3.91e-08  2.11e+02    18s
  36   2.06930026e+09  2.14159377e+09  4.50e-02 2.24e-08  1.74e+02    18s
  37   2.07512115e+09  2.13136362e+09  3.63e-02 2.33e-08  1.34e+02    18s
  38   2.08116670e+09  2.12244289e+09  2.75e-02 2.79e-08  9.79e+01    18s
  39   2.08342239e+09  2.11715795e+09  2.28e-02 3.45e-08  7.96e+01    18s
  40   2.08609443e+09  2.11368658e+09  1.87e-02 2.79e-08  6.48e+01    18s
  41   2.08927033e+09  2.11052658e+09  1.43e-02 2.79e-08  4.97e+01    19s
  42   2.09172211e+09  2.10853847e+09  1.13e-02 2.61e-08  3.92e+01    19s
  43   2.09281439e+09  2.10803201e+09  9.93e-03 2.98e-08  3.54e+01    19s
  44   2.09438505e+09  2.10668262e+09  8.02e-03 1.96e-08  2.86e+01    19s
  45   2.09529827e+09  2.10605491e+09  7.11e-03 2.79e-08  2.50e+01    19s
  46   2.09600232e+09  2.10531628e+09  6.39e-03 3.17e-08  2.16e+01    19s
  47   2.09682879e+09  2.10472280e+09  5.54e-03 3.45e-08  1.84e+01    19s
  48   2.09817562e+09  2.10433033e+09  4.29e-03 2.79e-08  1.43e+01    20s
  49   2.09867787e+09  2.10407969e+09  3.80e-03 2.89e-08  1.26e+01    20s
  50   2.09911368e+09  2.10390720e+09  3.38e-03 2.14e-08  1.11e+01    20s
  51   2.09948243e+09  2.10349858e+09  3.03e-03 2.14e-08  9.35e+00    20s
  52   2.10031106e+09  2.10335425e+09  2.23e-03 2.24e-08  7.08e+00    20s
  53   2.10043636e+09  2.10329377e+09  2.11e-03 2.24e-08  6.65e+00    20s
  54   2.10108343e+09  2.10322299e+09  1.50e-03 2.61e-08  4.97e+00    20s
  55   2.10141406e+09  2.10309141e+09  1.22e-03 2.42e-08  3.90e+00    21s
  56   2.10175614e+09  2.10298775e+09  9.38e-04 2.14e-08  2.87e+00    21s
  57   2.10195999e+09  2.10291088e+09  7.57e-04 1.49e-08  2.22e+00    21s
  58   2.10232788e+09  2.10287582e+09  4.35e-04 2.14e-08  1.28e+00    21s
  59   2.10248861e+09  2.10286121e+09  3.02e-04 1.68e-08  8.70e-01    21s
  60   2.10263530e+09  2.10284820e+09  1.75e-04 1.40e-08  4.98e-01    21s
  61   2.10272100e+09  2.10284566e+09  9.68e-05 2.14e-08  2.91e-01    21s
  62   2.10276673e+09  2.10283456e+09  5.50e-05 1.49e-08  1.58e-01    21s
  63   2.10280697e+09  2.10283148e+09  1.95e-05 1.86e-08  5.72e-02    22s
  64   2.10282695e+09  2.10283055e+09  2.67e-06 1.40e-08  8.37e-03    22s
  65   2.10283005e+09  2.10283031e+09  6.96e-07 1.49e-08  5.92e-04    22s
  66   2.10283025e+09  2.10283027e+09  4.26e-08 1.49e-08  4.68e-05    22s
  67   2.10283027e+09  2.10283027e+09  1.56e-08 1.68e-08  3.16e-07    22s
  68   2.10283027e+09  2.10283027e+09  5.54e-09 1.68e-08  4.46e-11    22s

Barrier solved model in 68 iterations and 22.12 seconds (24.38 work units)
Optimal objective 2.10283027e+09


Root crossover log...

    6504 DPushes remaining with DInf 0.0000000e+00                22s
       0 DPushes remaining with DInf 0.0000000e+00                22s

     706 PPushes remaining with PInf 0.0000000e+00                22s
       0 PPushes remaining with PInf 0.0000000e+00                22s

  Push phase complete: Pinf 0.0000000e+00, Dinf 8.0237328e-09     22s


Root simplex log...

Iteration    Objective       Primal Inf.    Dual Inf.      Time
    7212    2.1028303e+09   0.000000e+00   0.000000e+00     22s
Concurrent spin time: 0.01s

Solved with barrier
    7212    2.1028303e+09   0.000000e+00   0.000000e+00     22s

Root relaxation: objective 2.102830e+09, 7212 iterations, 9.97 seconds (6.98 work units)

    Nodes    |    Current Node    |     Objective Bounds      |     Work
 Expl Unexpl |  Obj  Depth IntInf | Incumbent    BestBd   Gap | It/Node Time

     0     0 2.1028e+09    0  131          - 2.1028e+09      -     -   23s
H    0     0                    1.848594e+09 2.1028e+09  13.8%     -   25s
H    0     0                    1.946367e+09 2.1028e+09  8.04%     -   27s
     0     0 2.1028e+09    0  131 1.9464e+09 2.1028e+09  8.04%     -   28s
     0     0 2.1028e+09    0  134 1.9464e+09 2.1028e+09  8.04%     -   43s
     0     0 2.1028e+09    0  142 1.9464e+09 2.1028e+09  8.03%     -   49s
H    0     0                    1.980628e+09 2.1028e+09  6.17%     -   53s
     0     0 2.1027e+09    0  137 1.9806e+09 2.1027e+09  6.17%     -   55s
     0     0 2.1027e+09    0  140 1.9806e+09 2.1027e+09  6.17%     -   55s
     0     0 2.1027e+09    0  168 1.9806e+09 2.1027e+09  6.16%     -   59s
     0     0 2.1027e+09    0  170 1.9806e+09 2.1027e+09  6.16%     -   61s
     0     0 2.1027e+09    0  170 1.9806e+09 2.1027e+09  6.16%     -   61s
     0     0 2.1027e+09    0  162 1.9806e+09 2.1027e+09  6.16%     -   64s
     0     0 2.1027e+09    0  162 1.9806e+09 2.1027e+09  6.16%     -   66s
     0     0 2.1027e+09    0  151 1.9806e+09 2.1027e+09  6.16%     -   68s
     0     0 2.1027e+09    0  156 1.9806e+09 2.1027e+09  6.16%     -   70s
     0     0 2.1027e+09    0  164 1.9806e+09 2.1027e+09  6.16%     -   72s
     0     0 2.1027e+09    0  167 1.9806e+09 2.1027e+09  6.16%     -   77s
     0     0 2.1027e+09    0  178 1.9806e+09 2.1027e+09  6.16%     -   78s
     0     0 2.1027e+09    0  163 1.9806e+09 2.1027e+09  6.16%     -   80s
     0     0 2.1027e+09    0  157 1.9806e+09 2.1027e+09  6.16%     -   83s
     0     2 2.1027e+09    0  156 1.9806e+09 2.1027e+09  6.16%     -   99s
     1     4 2.1027e+09    1  156 1.9806e+09 2.1027e+09  6.16%  1872  106s
     3     8 2.1027e+09    2  163 1.9806e+09 2.1027e+09  6.16%  1733  110s
     7    16 2.1027e+09    3  172 1.9806e+09 2.1027e+09  6.16%  1315  121s
    15    32 2.1026e+09    4  174 1.9806e+09 2.1027e+09  6.16%  1360  135s
H   31    52                    1.983431e+09 2.1027e+09  6.01%  1294  146s
H   36    52                    1.999814e+09 2.1027e+09  5.14%  1228  147s
    51    72 2.1026e+09    6  162 1.9998e+09 2.1027e+09  5.14%  1076  154s
    71    92 2.1026e+09    6  151 1.9998e+09 2.1027e+09  5.14%   912  163s
H   91   112                    2.036190e+09 2.1027e+09  3.26%   792  219s
H   92   112                    2.053838e+09 2.1027e+09  2.38%   792  219s
   111   133 2.1025e+09    7  151 2.0538e+09 2.1027e+09  2.38%   750  231s
   132   154 2.1026e+09    8  159 2.0538e+09 2.1027e+09  2.38%   677  238s
   153   174 2.1025e+09    8  143 2.0538e+09 2.1027e+09  2.38%   643  266s
H  154   174                    2.054075e+09 2.1027e+09  2.36%   639  266s
H  158   174                    2.054110e+09 2.1027e+09  2.36%   632  266s
H  161   174                    2.059895e+09 2.1027e+09  2.08%   626  267s
H  169   174                    2.060360e+09 2.1027e+09  2.05%   611  267s
   173   199 2.1026e+09    9  153 2.0604e+09 2.1027e+09  2.05%   607  274s
   198   277 2.1025e+09   10  147 2.0604e+09 2.1027e+09  2.05%   575  290s
   276   538 2.1025e+09   14  139 2.0604e+09 2.1027e+09  2.05%   505  324s
   547  1161 2.1025e+09   24  137 2.0604e+09 2.1027e+09  2.05%   365  387s
H  603  1161                    2.062368e+09 2.1027e+09  1.95%   353  387s
H 1077  1161                    2.094690e+09 2.1027e+09  0.38%   278  387s

Cutting planes:
  Cover: 89
  Implied bound: 70
  Clique: 8
  MIR: 74
  StrongCG: 23
  Flow cover: 58
  GUB cover: 13
  RLT: 23
  Relax-and-lift: 14

Explored 1213 nodes (337957 simplex iterations) in 387.85 seconds (498.30 work units)
Thread count was 20 (of 40 available processors)

Solution count 10: 2.09469e+09 2.06237e+09 2.06036e+09 ... 1.98343e+09

Optimal solution found (tolerance 1.00e-02)
Best objective 2.094689808320e+09, best bound 2.102653174734e+09, gap 0.3802%
Gurobi Optimizer version 10.0.1 build v10.0.1rc0 (linux64)

CPU model: Intel(R) Xeon(R) Gold 5115 CPU @ 2.40GHz, instruction set [SSE2|AVX|AVX2|AVX512]
Thread count: 20 physical cores, 40 logical processors, using up to 20 threads

Optimize a model with 114238 rows, 1013852 columns and 5303564 nonzeros
Model fingerprint: 0xeee799ab
Variable types: 427551 continuous, 586301 integer (586301 binary)
Coefficient statistics:
  Matrix range     [1e+00, 2e+05]
  Objective range  [4e+01, 3e+07]
  Bounds range     [5e-12, 3e+05]
  RHS range        [1e+00, 5e+06]
Presolve removed 102318 rows and 786612 columns (presolve time = 5s) ...
Presolve removed 102878 rows and 798821 columns (presolve time = 10s) ...
Presolve removed 102857 rows and 798870 columns
Presolve time: 12.34s
Presolved: 11381 rows, 214982 columns, 895427 nonzeros
Variable types: 178896 continuous, 36086 integer (36078 binary)
Deterministic concurrent LP optimizer: primal simplex, dual simplex, and barrier
Showing barrier log only...

Root barrier log...

Ordering time: 0.26s

Barrier statistics:
 AA' NZ     : 5.188e+05
 Factor NZ  : 3.042e+06 (roughly 110 MB of memory)
 Factor Ops : 3.166e+09 (less than 1 second per iteration)
 Threads    : 17

                  Objective                Residual
Iter       Primal          Dual         Primal    Dual     Compl     Time
   0  -5.90965853e+15  1.31686362e+13  2.41e+08 5.80e+06  5.81e+11    15s
   1  -1.67535834e+15  1.55207280e+13  6.84e+07 1.19e+06  1.66e+11    15s
   2  -1.31406626e+14  1.27727244e+13  5.37e+06 2.24e-08  1.31e+10    15s
   3  -9.00180717e+12  7.71052632e+12  3.68e+05 1.99e-08  9.19e+08    15s
   4  -1.77666248e+12  2.00896500e+12  7.27e+04 2.25e-08  1.83e+08    15s
   5  -6.69542712e+11  1.24899684e+12  2.74e+04 1.70e-08  7.04e+07    15s
   6  -1.22871436e+11  8.81422695e+11  5.10e+03 1.68e-08  1.44e+07    15s
   7  -8.20825903e+10  6.66911435e+11  3.43e+03 1.23e-08  9.47e+06    15s
   8  -2.22320643e+10  4.54518298e+11  9.94e+02 1.40e-08  3.19e+06    15s
   9  -6.26185967e+09  2.00869514e+11  3.43e+02 1.30e-08  1.10e+06    16s
  10  -1.03625550e+09  1.05665128e+11  1.30e+02 3.09e-08  4.61e+05    16s
  11   5.87175511e+08  7.23608631e+10  6.53e+01 2.06e-08  2.70e+05    16s
  12   1.70420817e+09  5.07462485e+10  2.10e+01 1.86e-08  1.47e+05    16s
  13   1.87707841e+09  3.12534998e+10  1.44e+01 4.47e-08  9.12e+04    16s
  14   2.00756652e+09  2.04941151e+10  9.41e+00 6.68e-08  5.88e+04    16s
  15   2.04852938e+09  1.88082121e+10  7.81e+00 1.09e-07  5.23e+04    16s
  16   2.11901854e+09  1.38187683e+10  5.01e+00 7.45e-08  3.63e+04    16s
  17   2.17023299e+09  8.63297008e+09  3.10e+00 1.03e-07  2.13e+04    16s
  18   2.21261970e+09  6.63607885e+09  1.90e+00 1.98e-07  1.43e+04    16s
  19   2.24273711e+09  5.08592277e+09  1.36e+00 1.97e-07  9.23e+03    17s
  20   2.26248869e+09  4.42801409e+09  9.34e-01 2.00e-07  6.65e+03    17s
  21   2.26546266e+09  4.33848345e+09  8.97e-01 2.16e-07  6.33e+03    17s
  22   2.28851908e+09  3.57372708e+09  6.47e-01 1.89e-07  3.84e+03    17s
  23   2.30412577e+09  3.10926246e+09  5.01e-01 1.14e-07  2.37e+03    17s
  24   2.32332380e+09  2.77817712e+09  3.23e-01 9.69e-08  1.30e+03    17s
  25   2.33204603e+09  2.69638206e+09  2.30e-01 8.85e-08  9.95e+02    17s
  26   2.33582094e+09  2.67326889e+09  1.69e-01 8.29e-08  8.88e+02    17s
  27   2.33768574e+09  2.66569744e+09  1.55e-01 9.03e-08  8.55e+02    17s
  28   2.34650915e+09  2.52724330e+09  9.98e-02 5.12e-08  4.56e+02    18s
  29   2.35580231e+09  2.45056470e+09  4.28e-02 2.79e-08  2.29e+02    18s
  30   2.35658169e+09  2.42906928e+09  4.01e-02 2.24e-08  1.75e+02    18s
  31   2.35956619e+09  2.41761540e+09  2.97e-02 1.86e-08  1.39e+02    18s
  32   2.36072215e+09  2.41672390e+09  2.71e-02 2.24e-08  1.34e+02    18s
  33   2.36244468e+09  2.40767513e+09  2.37e-02 1.58e-08  1.08e+02    18s
  34   2.36485551e+09  2.40225385e+09  1.74e-02 1.30e-08  8.84e+01    18s
  35   2.36616968e+09  2.39852753e+09  1.46e-02 1.30e-08  7.63e+01    18s
  36   2.36639423e+09  2.39529240e+09  1.42e-02 1.30e-08  6.81e+01    19s
  37   2.36811183e+09  2.39122372e+09  1.13e-02 1.30e-08  5.43e+01    19s
  38   2.36933955e+09  2.38850439e+09  9.51e-03 1.02e-08  4.49e+01    19s
  39   2.37016924e+09  2.38771953e+09  8.46e-03 9.31e-09  4.11e+01    19s
  40   2.37199318e+09  2.38589563e+09  6.25e-03 9.31e-09  3.25e+01    19s
  41   2.37249718e+09  2.38458222e+09  5.73e-03 7.45e-09  2.83e+01    19s
  42   2.37403762e+09  2.38366529e+09  4.14e-03 7.45e-09  2.25e+01    19s
  43   2.37483876e+09  2.38246002e+09  3.49e-03 5.59e-09  1.78e+01    19s
  44   2.37545904e+09  2.38219752e+09  3.00e-03 6.84e-09  1.57e+01    20s
  45   2.37641899e+09  2.38194279e+09  2.33e-03 7.45e-09  1.29e+01    20s
  46   2.37660215e+09  2.38154577e+09  2.22e-03 7.57e-09  1.15e+01    20s
  47   2.37733562e+09  2.38138334e+09  1.72e-03 7.80e-09  9.44e+00    20s
  48   2.37754296e+09  2.38116232e+09  1.59e-03 7.57e-09  8.44e+00    20s
  49   2.37796146e+09  2.38104098e+09  1.33e-03 7.45e-09  7.18e+00    20s
  50   2.37848162e+09  2.38091804e+09  9.86e-04 6.64e-09  5.68e+00    20s
  51   2.37887913e+09  2.38072215e+09  7.56e-04 4.66e-09  4.30e+00    21s
  52   2.37899443e+09  2.38061078e+09  6.91e-04 7.48e-09  3.77e+00    21s
  53   2.37916197e+09  2.38055289e+09  5.96e-04 6.75e-09  3.24e+00    21s
  54   2.37936693e+09  2.38052507e+09  4.83e-04 6.52e-09  2.70e+00    21s
  55   2.37960284e+09  2.38043656e+09  3.51e-04 4.66e-09  1.94e+00    21s
  56   2.37980211e+09  2.38038290e+09  2.45e-04 5.88e-09  1.35e+00    21s
  57   2.37996499e+09  2.38033302e+09  1.59e-04 5.70e-09  8.58e-01    21s
  58   2.38002679e+09  2.38032248e+09  1.26e-04 6.11e-09  6.89e-01    21s
  59   2.38017075e+09  2.38029969e+09  4.97e-05 5.91e-09  3.00e-01    22s
  60   2.38018535e+09  2.38028969e+09  4.24e-05 6.64e-09  2.43e-01    22s
  61   2.38019572e+09  2.38028606e+09  3.71e-05 5.24e-09  2.11e-01    22s
  62   2.38023470e+09  2.38027943e+09  1.77e-05 4.42e-09  1.04e-01    22s
  63   2.38025855e+09  2.38027567e+09  5.57e-06 4.89e-09  3.99e-02    22s
  64   2.38026498e+09  2.38027205e+09  2.71e-06 5.59e-09  1.65e-02    22s
  65   2.38027034e+09  2.38027173e+09  3.75e-06 6.52e-09  3.24e-03    22s
  66   2.38027071e+09  2.38027131e+09  2.29e-06 4.66e-09  1.40e-03    22s
  67   2.38027124e+09  2.38027130e+09  1.50e-07 5.59e-09  1.42e-04    22s
  68   2.38027129e+09  2.38027129e+09  3.05e-10 7.45e-09  4.82e-07    22s
  69   2.38027129e+09  2.38027129e+09  1.95e-10 5.59e-09  6.10e-11    23s

Barrier solved model in 69 iterations and 22.64 seconds (25.46 work units)
Optimal objective 2.38027129e+09


Root crossover log...

    6202 DPushes remaining with DInf 0.0000000e+00                23s
       0 DPushes remaining with DInf 0.0000000e+00                23s

     454 PPushes remaining with PInf 0.0000000e+00                23s
       0 PPushes remaining with PInf 0.0000000e+00                23s

  Push phase complete: Pinf 0.0000000e+00, Dinf 6.3880146e+02     23s


Root simplex log...

Iteration    Objective       Primal Inf.    Dual Inf.      Time
    6601    2.3802713e+09   0.000000e+00   6.388015e+02     23s
    6604    2.3802713e+09   0.000000e+00   0.000000e+00     23s
Concurrent spin time: 0.00s

Solved with barrier
    6633    2.3802713e+09   0.000000e+00   0.000000e+00     23s
Extra simplex iterations after uncrush: 29

Root relaxation: objective 2.380271e+09, 6633 iterations, 9.53 seconds (6.58 work units)

    Nodes    |    Current Node    |     Objective Bounds      |     Work
 Expl Unexpl |  Obj  Depth IntInf | Incumbent    BestBd   Gap | It/Node Time

     0     0 2.3803e+09    0  109          - 2.3803e+09      -     -   23s
     0     0 2.3800e+09    0  110          - 2.3800e+09      -     -   29s
H    0     0                    2.285276e+09 2.3800e+09  4.14%     -   33s
     0     0 2.3800e+09    0  103 2.2853e+09 2.3800e+09  4.14%     -   35s
     0     0 2.3800e+09    0  104 2.2853e+09 2.3800e+09  4.14%     -   35s
     0     0 2.3799e+09    0  101 2.2853e+09 2.3799e+09  4.14%     -   38s
     0     0 2.3799e+09    0  100 2.2853e+09 2.3799e+09  4.14%     -   41s
     0     0 2.3799e+09    0   98 2.2853e+09 2.3799e+09  4.14%     -   43s
H    0     0                    2.338620e+09 2.3799e+09  1.77%     -   49s
     0     0 2.3799e+09    0   96 2.3386e+09 2.3799e+09  1.77%     -   49s
     0     0 2.3799e+09    0  102 2.3386e+09 2.3799e+09  1.77%     -   51s
     0     0 2.3799e+09    0  111 2.3386e+09 2.3799e+09  1.77%     -   53s
     0     0 2.3799e+09    0  114 2.3386e+09 2.3799e+09  1.77%     -   56s
     0     0 2.3799e+09    0  115 2.3386e+09 2.3799e+09  1.77%     -   60s
     0     0 2.3799e+09    0  125 2.3386e+09 2.3799e+09  1.77%     -   62s
     0     0 2.3799e+09    0  126 2.3386e+09 2.3799e+09  1.77%     -   64s
     0     0 2.3799e+09    0  123 2.3386e+09 2.3799e+09  1.77%     -   65s
     0     0 2.3799e+09    0  123 2.3386e+09 2.3799e+09  1.76%     -   68s
     0     0 2.3799e+09    0  122 2.3386e+09 2.3799e+09  1.76%     -   70s
     0     0 2.3799e+09    0  120 2.3386e+09 2.3799e+09  1.76%     -   71s
     0     0 2.3799e+09    0  122 2.3386e+09 2.3799e+09  1.76%     -   72s
     0     0 2.3798e+09    0  118 2.3386e+09 2.3798e+09  1.76%     -   75s
H    0     0                    2.353605e+09 2.3798e+09  1.11%     -   79s
     0     0 2.3798e+09    0  121 2.3536e+09 2.3798e+09  1.11%     -   79s
     0     0 2.3798e+09    0  120 2.3536e+09 2.3798e+09  1.11%     -   81s
     0     0 2.3798e+09    0  126 2.3536e+09 2.3798e+09  1.11%     -   85s
     0     0 2.3798e+09    0  124 2.3536e+09 2.3798e+09  1.11%     -   87s
     0     0 2.3798e+09    0  125 2.3536e+09 2.3798e+09  1.11%     -   89s
     0     0 2.3798e+09    0  129 2.3536e+09 2.3798e+09  1.11%     -   89s
     0     0 2.3798e+09    0  135 2.3536e+09 2.3798e+09  1.11%     -   92s
     0     0 2.3798e+09    0  133 2.3536e+09 2.3798e+09  1.11%     -   94s
     0     0 2.3798e+09    0  138 2.3536e+09 2.3798e+09  1.11%     -   94s
     0     0 2.3798e+09    0  139 2.3536e+09 2.3798e+09  1.11%     -   98s
     0     0 2.3798e+09    0  139 2.3536e+09 2.3798e+09  1.11%     -   99s
     0     0 2.3798e+09    0  139 2.3536e+09 2.3798e+09  1.11%     -  100s
     0     0 2.3798e+09    0  146 2.3536e+09 2.3798e+09  1.11%     -  102s
     0     0 2.3798e+09    0  152 2.3536e+09 2.3798e+09  1.11%     -  106s
     0     0 2.3798e+09    0  159 2.3536e+09 2.3798e+09  1.11%     -  107s
     0     0 2.3798e+09    0  159 2.3536e+09 2.3798e+09  1.11%     -  107s
     0     0 2.3797e+09    0  136 2.3536e+09 2.3797e+09  1.11%     -  111s
     0     0 2.3797e+09    0  143 2.3536e+09 2.3797e+09  1.11%     -  112s
     0     0 2.3797e+09    0  151 2.3536e+09 2.3797e+09  1.11%     -  114s
     0     0 2.3797e+09    0  149 2.3536e+09 2.3797e+09  1.11%     -  117s
     0     0 2.3797e+09    0  151 2.3536e+09 2.3797e+09  1.11%     -  117s
     0     0 2.3797e+09    0  145 2.3536e+09 2.3797e+09  1.11%     -  119s
     0     0 2.3797e+09    0  147 2.3536e+09 2.3797e+09  1.11%     -  121s
     0     0 2.3797e+09    0  138 2.3536e+09 2.3797e+09  1.11%     -  123s
     0     0 2.3797e+09    0  147 2.3536e+09 2.3797e+09  1.11%     -  125s
     0     0 2.3797e+09    0  148 2.3536e+09 2.3797e+09  1.11%     -  127s
     0     0 2.3797e+09    0  140 2.3536e+09 2.3797e+09  1.11%     -  129s
H    0     0                    2.364249e+09 2.3797e+09  0.65%     -  136s

Cutting planes:
  Cover: 15
  Implied bound: 8
  Clique: 3
  MIR: 46
  Flow cover: 37
  GUB cover: 1
  Network: 43
  RLT: 7
  Relax-and-lift: 18

Explored 1 nodes (26779 simplex iterations) in 136.73 seconds (146.03 work units)
Thread count was 20 (of 40 available processors)

Solution count 4: 2.36425e+09 2.35361e+09 2.33862e+09 2.28528e+09 

Optimal solution found (tolerance 1.00e-02)
Best objective 2.364248746135e+09, best bound 2.379711567733e+09, gap 0.6540%
Gurobi Optimizer version 10.0.1 build v10.0.1rc0 (linux64)

CPU model: Intel(R) Xeon(R) Gold 5115 CPU @ 2.40GHz, instruction set [SSE2|AVX|AVX2|AVX512]
Thread count: 20 physical cores, 40 logical processors, using up to 20 threads

Optimize a model with 139125 rows, 1292990 columns and 7492028 nonzeros
Model fingerprint: 0xf0a1accf
Variable types: 444018 continuous, 848972 integer (848972 binary)
Coefficient statistics:
  Matrix range     [1e+00, 2e+05]
  Objective range  [4e+01, 3e+07]
  Bounds range     [5e-12, 3e+05]
  RHS range        [1e+00, 6e+06]
Presolve removed 124956 rows and 977121 columns (presolve time = 5s) ...
Presolve removed 127809 rows and 1074470 columns (presolve time = 10s) ...
Presolve removed 127793 rows and 1074709 columns
Presolve time: 13.54s
Presolved: 11332 rows, 218281 columns, 895407 nonzeros
Variable types: 187466 continuous, 30815 integer (30806 binary)
Deterministic concurrent LP optimizer: primal simplex, dual simplex, and barrier
Showing barrier log only...

Root barrier log...

Ordering time: 0.24s

Barrier statistics:
 AA' NZ     : 4.761e+05
 Factor NZ  : 2.662e+06 (roughly 100 MB of memory)
 Factor Ops : 2.518e+09 (less than 1 second per iteration)
 Threads    : 17

                  Objective                Residual
Iter       Primal          Dual         Primal    Dual     Compl     Time
   0  -6.65029734e+15  8.86204529e+12  2.78e+08 2.40e+06  4.37e+11    16s
   1  -2.17242428e+15  1.04021502e+13  9.12e+07 2.71e+06  1.45e+11    16s
   2  -3.03627545e+14  9.78802024e+12  1.28e+07 1.36e+05  2.06e+10    16s
   3  -1.10929748e+13  6.36128016e+12  4.66e+05 1.41e+00  7.72e+08    16s
   4  -1.46414754e+12  1.21579951e+12  6.16e+04 1.21e-08  1.03e+08    16s
   5  -2.76704516e+11  6.89254116e+11  1.17e+04 1.02e-08  2.07e+07    17s
   6  -7.03364876e+10  5.54101962e+11  3.06e+03 1.12e-08  6.24e+06    17s
   7  -4.32026901e+10  3.85264301e+11  1.92e+03 1.12e-08  3.80e+06    17s
   8  -3.38922976e+10  2.48182740e+11  1.53e+03 4.00e-08  2.67e+06    17s
   9  -1.91014823e+10  1.64399873e+11  9.08e+02 7.26e-08  1.54e+06    17s
  10  -5.49596347e+09  8.53681874e+10  3.38e+02 1.00e-07  5.83e+05    17s
  11  -1.75541289e+09  6.13627567e+10  1.82e+02 7.18e-08  3.40e+05    17s
  12   8.77387503e+08  2.91020677e+10  7.31e+01 3.83e-08  1.38e+05    17s
  13   1.76008108e+09  2.08528650e+10  3.69e+01 2.82e-08  8.12e+04    17s
  14   2.33984567e+09  1.46237539e+10  1.36e+01 1.68e-08  4.30e+04    17s
  15   2.39147252e+09  1.15717071e+10  1.17e+01 2.70e-08  3.37e+04    17s
  16   2.48967382e+09  9.43597440e+09  7.90e+00 3.10e-08  2.50e+04    18s
  17   2.51776766e+09  8.65956410e+09  6.83e+00 3.23e-08  2.20e+04    18s
  18   2.54004061e+09  7.58393047e+09  5.99e+00 4.56e-08  1.88e+04    18s
  19   2.57607432e+09  6.02218321e+09  4.66e+00 6.89e-08  1.39e+04    18s
  20   2.60425214e+09  5.26493319e+09  3.64e+00 8.10e-08  1.10e+04    18s
  21   2.62970267e+09  4.52791916e+09  3.01e+00 8.85e-08  8.21e+03    18s
  22   2.65597164e+09  4.11903591e+09  2.41e+00 7.82e-08  6.27e+03    18s
  23   2.68819005e+09  3.84983726e+09  1.81e+00 1.14e-07  4.75e+03    18s
  24   2.72084338e+09  3.57542598e+09  1.31e+00 7.92e-08  3.33e+03    18s
  25   2.74377198e+09  3.35723058e+09  1.01e+00 7.82e-08  2.31e+03    19s
  26   2.77542257e+09  3.16288153e+09  4.79e-01 6.05e-08  1.27e+03    19s
  27   2.79551355e+09  2.99658060e+09  2.15e-01 4.10e-08  5.95e+02    19s
  28   2.80938962e+09  2.94352158e+09  8.85e-02 3.17e-08  3.66e+02    19s
  29   2.81392369e+09  2.90076275e+09  6.41e-02 2.79e-08  2.33e+02    19s
  30   2.81867750e+09  2.87823620e+09  4.61e-02 1.96e-08  1.57e+02    19s
  31   2.82268953e+09  2.86116938e+09  3.18e-02 1.40e-08  1.01e+02    19s
  32   2.82452138e+09  2.85422058e+09  2.59e-02 1.02e-08  7.72e+01    19s
  33   2.82726499e+09  2.85094081e+09  1.88e-02 9.31e-09  6.12e+01    19s
  34   2.83022361e+09  2.84660127e+09  1.17e-02 8.38e-09  4.21e+01    19s
  35   2.83137449e+09  2.84527110e+09  9.33e-03 1.02e-08  3.56e+01    19s
  36   2.83249272e+09  2.84419989e+09  7.75e-03 9.31e-09  3.00e+01    20s
  37   2.83344720e+09  2.84327197e+09  6.64e-03 8.38e-09  2.51e+01    20s
  38   2.83442184e+09  2.84262777e+09  5.42e-03 7.45e-09  2.10e+01    20s
  39   2.83502853e+09  2.84215883e+09  4.72e-03 7.45e-09  1.82e+01    20s
  40   2.83592776e+09  2.84175204e+09  3.61e-03 9.31e-09  1.49e+01    20s
  41   2.83679829e+09  2.84132103e+09  2.64e-03 9.31e-09  1.15e+01    20s
  42   2.83694520e+09  2.84106307e+09  2.49e-03 8.38e-09  1.05e+01    20s
  43   2.83731662e+09  2.84078911e+09  2.12e-03 8.38e-09  8.85e+00    20s
  44   2.83785984e+09  2.84057425e+09  1.60e-03 7.45e-09  6.91e+00    20s
  45   2.83813606e+09  2.84045480e+09  1.35e-03 7.45e-09  5.90e+00    21s
  46   2.83839539e+09  2.84035597e+09  1.12e-03 8.38e-09  4.99e+00    21s
  47   2.83864750e+09  2.84021399e+09  9.16e-04 7.45e-09  3.99e+00    21s
  48   2.83896596e+09  2.84011467e+09  6.72e-04 7.45e-09  2.92e+00    21s
  49   2.83917778e+09  2.84007943e+09  5.10e-04 6.29e-09  2.29e+00    21s
  50   2.83930395e+09  2.84001632e+09  4.14e-04 5.94e-09  1.81e+00    21s
  51   2.83953699e+09  2.83998992e+09  2.40e-04 5.82e-09  1.15e+00    21s
  52   2.83968021e+09  2.83995047e+09  1.38e-04 7.10e-09  6.87e-01    21s
  53   2.83971036e+09  2.83993578e+09  1.15e-04 6.75e-09  5.73e-01    22s
  54   2.83981876e+09  2.83991275e+09  4.03e-05 7.22e-09  2.38e-01    22s
  55   2.83987061e+09  2.83989420e+09  7.08e-06 5.94e-09  5.96e-02    22s
  56   2.83987733e+09  2.83988793e+09  3.01e-06 5.94e-09  2.68e-02    22s
  57   2.83988099e+09  2.83988323e+09  1.02e-06 7.57e-09  5.67e-03    22s
  58   2.83988232e+09  2.83988285e+09  3.81e-07 5.59e-09  1.33e-03    22s
  59   2.83988248e+09  2.83988255e+09  4.62e-08 6.64e-09  1.72e-04    22s
  60   2.83988251e+09  2.83988251e+09  1.02e-09 7.45e-09  2.08e-06    22s
  61   2.83988251e+09  2.83988251e+09  3.04e-09 7.45e-09  2.77e-10    22s

Barrier solved model in 61 iterations and 22.46 seconds (30.95 work units)
Optimal objective 2.83988251e+09


Root crossover log...

    5426 DPushes remaining with DInf 0.0000000e+00                22s
       0 DPushes remaining with DInf 0.0000000e+00                23s

     497 PPushes remaining with PInf 0.0000000e+00                23s
       0 PPushes remaining with PInf 0.0000000e+00                23s

  Push phase complete: Pinf 0.0000000e+00, Dinf 2.8326519e+02     23s


Root simplex log...

Iteration    Objective       Primal Inf.    Dual Inf.      Time
    5896    2.8398825e+09   0.000000e+00   2.832652e+02     23s
    5902    2.8398825e+09   0.000000e+00   0.000000e+00     23s
Concurrent spin time: 0.00s

Solved with barrier
    5983    2.8398825e+09   0.000000e+00   0.000000e+00     23s
Extra simplex iterations after uncrush: 81

Root relaxation: objective 2.839883e+09, 5983 iterations, 7.87 seconds (5.45 work units)

    Nodes    |    Current Node    |     Objective Bounds      |     Work
 Expl Unexpl |  Obj  Depth IntInf | Incumbent    BestBd   Gap | It/Node Time

     0     0 2.8399e+09    0  105          - 2.8399e+09      -     -   23s
     0     0 2.8377e+09    0   99          - 2.8377e+09      -     -   26s
     0     0 2.8377e+09    0   99          - 2.8377e+09      -     -   28s
     0     0 2.8377e+09    0   99          - 2.8377e+09      -     -   29s
     0     0 2.8370e+09    0  101          - 2.8370e+09      -     -   32s
     0     0 2.8370e+09    0   98          - 2.8370e+09      -     -   34s
     0     0 2.8370e+09    0  101          - 2.8370e+09      -     -   34s
     0     0 2.8369e+09    0  106          - 2.8369e+09      -     -   36s
     0     0 2.8369e+09    0  116          - 2.8369e+09      -     -   38s
     0     0 2.8369e+09    0  121          - 2.8369e+09      -     -   38s
     0     0 2.8351e+09    0  115          - 2.8351e+09      -     -   41s
     0     0 2.8351e+09    0  119          - 2.8351e+09      -     -   43s
     0     0 2.8351e+09    0  118          - 2.8351e+09      -     -   43s
     0     0 2.8350e+09    0  121          - 2.8350e+09      -     -   45s
     0     0 2.8350e+09    0  119          - 2.8350e+09      -     -   46s
     0     0 2.8350e+09    0  119          - 2.8350e+09      -     -   46s
     0     0 2.8325e+09    0   91          - 2.8325e+09      -     -   49s
     0     0 2.8325e+09    0   92          - 2.8325e+09      -     -   51s
     0     0 2.8324e+09    0  107          - 2.8324e+09      -     -   53s
     0     0 2.8322e+09    0  105          - 2.8322e+09      -     -   56s
     0     0 2.8322e+09    0   96          - 2.8322e+09      -     -   58s
     0     0 2.8322e+09    0  100          - 2.8322e+09      -     -   59s
     0     0 2.8320e+09    0  112          - 2.8320e+09      -     -   61s
     0     0 2.8319e+09    0  110          - 2.8319e+09      -     -   64s
     0     0 2.8319e+09    0  112          - 2.8319e+09      -     -   64s
     0     0 2.8307e+09    0  114          - 2.8307e+09      -     -   67s
     0     0 2.8307e+09    0  117          - 2.8307e+09      -     -   70s
     0     0 2.8307e+09    0  117          - 2.8307e+09      -     -   71s
     0     0 2.8307e+09    0  112          - 2.8307e+09      -     -   73s
     0     0 2.8307e+09    0  116          - 2.8307e+09      -     -   76s
     0     0 2.8307e+09    0  120          - 2.8307e+09      -     -   76s
     0     0 2.8307e+09    0  130          - 2.8307e+09      -     -   78s
     0     0 2.8307e+09    0  134          - 2.8307e+09      -     -   81s
     0     0 2.8305e+09    0  126          - 2.8305e+09      -     -   83s
     0     0 2.8305e+09    0  118          - 2.8305e+09      -     -   86s
     0     0 2.8305e+09    0  123          - 2.8305e+09      -     -   87s
     0     0 2.8305e+09    0  123          - 2.8305e+09      -     -   87s
     0     0 2.8302e+09    0  106          - 2.8302e+09      -     -   89s
     0     0 2.8302e+09    0  114          - 2.8302e+09      -     -   92s
     0     0 2.8302e+09    0  122          - 2.8302e+09      -     -   95s
     0     0 2.8302e+09    0  125          - 2.8302e+09      -     -   95s
     0     0 2.8302e+09    0  117          - 2.8302e+09      -     -   98s
     0     0 2.8302e+09    0  109          - 2.8302e+09      -     -   99s
H    0     0                    2.749944e+09 2.8302e+09  2.92%     -  104s
     0     2 2.8302e+09    0  108 2.7499e+09 2.8302e+09  2.92%     -  106s
     1     4 2.8302e+09    1  111 2.7499e+09 2.8302e+09  2.92%   437  112s
     3     8 2.8302e+09    2  106 2.7499e+09 2.8302e+09  2.92%  1080  115s
    15    32 2.8301e+09    4   75 2.7499e+09 2.8302e+09  2.92%   725  125s
    31    52 2.8301e+09    5   95 2.7499e+09 2.8302e+09  2.92%   607  132s
H   32    52                    2.761795e+09 2.8302e+09  2.48%   588  132s
H   36    52                    2.776854e+09 2.8302e+09  1.92%   596  132s
H   44    52                    2.786866e+09 2.8302e+09  1.56%   516  132s
    51    71 2.8301e+09    6   98 2.7869e+09 2.8302e+09  1.56%   504  138s
    71    91 2.8301e+09    7   85 2.7869e+09 2.8302e+09  1.56%   419  145s
H   91   110                    2.801821e+09 2.8302e+09  1.01%   436  153s
   111   129 2.8301e+09    8   77 2.8018e+09 2.8302e+09  1.01%   440  158s
   131   150 2.8297e+09    8   80 2.8018e+09 2.8302e+09  1.01%   433  164s
H  152   170                    2.819250e+09 2.8302e+09  0.39%   425  273s
H  153   170                    2.824203e+09 2.8302e+09  0.21%   423  273s

Cutting planes:
  Cover: 129
  Implied bound: 71
  Clique: 9
  MIR: 82
  Flow cover: 56
  GUB cover: 11
  Network: 23
  RLT: 22
  Relax-and-lift: 22
  BQP: 1

Explored 172 nodes (89379 simplex iterations) in 273.81 seconds (335.77 work units)
Thread count was 20 (of 40 available processors)

Solution count 7: 2.8242e+09 2.81925e+09 2.80182e+09 ... 2.74994e+09

Optimal solution found (tolerance 1.00e-02)
Best objective 2.824202623182e+09, best bound 2.830211708563e+09, gap 0.2128%
Gurobi Optimizer version 10.0.1 build v10.0.1rc0 (linux64)

CPU model: Intel(R) Xeon(R) Gold 5115 CPU @ 2.40GHz, instruction set [SSE2|AVX|AVX2|AVX512]
Thread count: 20 physical cores, 40 logical processors, using up to 20 threads

Optimize a model with 181481 rows, 2139486 columns and 10426882 nonzeros
Model fingerprint: 0x5df37cb5
Variable types: 536814 continuous, 1602672 integer (1602672 binary)
Coefficient statistics:
  Matrix range     [1e+00, 2e+05]
  Objective range  [4e+01, 3e+07]
  Bounds range     [5e-12, 3e+05]
  RHS range        [1e+00, 7e+06]
Presolve removed 157318 rows and 1682524 columns (presolve time = 5s) ...
Presolve removed 162823 rows and 1696123 columns (presolve time = 10s) ...
Presolve removed 168293 rows and 1876415 columns (presolve time = 15s) ...
Presolve removed 168258 rows and 1876422 columns
Presolve time: 19.28s
Presolved: 13223 rows, 263064 columns, 1114682 nonzeros
Variable types: 214123 continuous, 48941 integer (48928 binary)
Deterministic concurrent LP optimizer: primal simplex, dual simplex, and barrier
Showing barrier log only...

Root barrier log...

Ordering time: 0.42s

Barrier statistics:
 AA' NZ     : 6.465e+05
 Factor NZ  : 3.578e+06 (roughly 140 MB of memory)
 Factor Ops : 3.684e+09 (less than 1 second per iteration)
 Threads    : 17

                  Objective                Residual
Iter       Primal          Dual         Primal    Dual     Compl     Time
   0  -1.03049622e+16  4.79340764e+12  3.92e+08 7.63e+05  1.54e+11    22s
   1  -3.82634772e+15  5.24680962e+12  1.46e+08 6.62e+05  5.81e+10    23s
   2  -4.33536738e+14  4.25981884e+12  1.66e+07 3.37e+04  6.84e+09    23s
   3  -8.11418908e+12  2.59570910e+12  3.12e+05 2.53e+01  1.34e+08    23s
   4  -7.73988908e+11  5.30334229e+11  2.95e+04 3.84e-09  1.33e+07    23s
   5  -1.89333329e+11  2.42772621e+11  7.37e+03 1.76e-01  3.42e+06    23s
   6  -5.80486188e+10  1.44050826e+11  2.33e+03 2.85e-09  1.14e+06    23s
   7  -1.72068966e+10  8.60983867e+10  7.78e+02 2.79e-09  4.17e+05    23s
   8  -9.91371417e+09  3.59708557e+10  5.01e+02 1.21e-08  2.05e+05    23s
   9  -3.58673044e+09  2.18418879e+10  2.61e+02 1.26e-08  1.05e+05    24s
  10   1.07392429e+08  1.33285424e+10  1.23e+02 2.17e-08  5.11e+04    24s
  11   1.35090235e+09  1.00792945e+10  7.70e+01 1.26e-08  3.27e+04    24s
  12   2.03913328e+09  7.41339858e+09  5.20e+01 1.58e-08  2.10e+04    24s
  13   2.57743019e+09  7.10339211e+09  3.25e+01 1.09e-08  1.54e+04    24s
  14   2.94149673e+09  6.20325366e+09  1.95e+01 1.77e-08  1.03e+04    24s
  15   3.23218950e+09  5.16282723e+09  9.42e+00 1.37e-08  5.86e+03    24s
  16   3.31489443e+09  4.78734953e+09  6.81e+00 1.26e-08  4.47e+03    24s
  17   3.34701681e+09  4.70223597e+09  6.07e+00 1.46e-08  4.10e+03    25s
  18   3.36201835e+09  4.55772236e+09  5.67e+00 1.73e-08  3.74e+03    25s
  19   3.38008950e+09  4.50646532e+09  5.22e+00 2.33e-08  3.52e+03    25s
  20   3.41609767e+09  4.34041748e+09  4.20e+00 1.58e-08  2.91e+03    25s
  21   3.44808790e+09  4.07224920e+09  3.33e+00 1.68e-08  2.10e+03    25s
  22   3.48179946e+09  3.97896537e+09  2.37e+00 2.05e-08  1.63e+03    25s
  23   3.50745418e+09  3.92572971e+09  1.65e+00 2.05e-08  1.31e+03    25s
  24   3.53040853e+09  3.82831190e+09  1.24e+00 2.33e-08  9.13e+02    26s
  25   3.54852225e+09  3.76028066e+09  9.11e-01 2.24e-08  6.31e+02    26s
  26   3.57672546e+09  3.71779261e+09  4.46e-01 1.68e-08  3.68e+02    26s
  27   3.58850020e+09  3.68600990e+09  2.85e-01 1.40e-08  2.41e+02    26s
  28   3.59248855e+09  3.66942796e+09  2.45e-01 1.86e-08  1.88e+02    26s
  29   3.59448292e+09  3.66443295e+09  2.25e-01 2.42e-08  1.69e+02    26s
  30   3.59947293e+09  3.66127963e+09  1.77e-01 2.14e-08  1.45e+02    26s
  31   3.60546331e+09  3.65039218e+09  1.27e-01 1.21e-08  1.03e+02    26s
  32   3.61297699e+09  3.64321584e+09  7.26e-02 1.40e-08  6.63e+01    27s
  33   3.61500388e+09  3.63981252e+09  6.05e-02 1.02e-08  5.40e+01    27s
  34   3.61750648e+09  3.63678727e+09  4.74e-02 1.12e-08  4.16e+01    27s
  35   3.61841890e+09  3.63529225e+09  4.31e-02 1.12e-08  3.64e+01    27s
  36   3.61907888e+09  3.63478059e+09  4.04e-02 1.12e-08  3.39e+01    27s
  37   3.62113394e+09  3.63337605e+09  3.20e-02 9.31e-09  2.63e+01    27s
  38   3.62243125e+09  3.63260584e+09  2.67e-02 8.38e-09  2.18e+01    27s
  39   3.62391437e+09  3.63197232e+09  2.08e-02 9.31e-09  1.72e+01    28s
  40   3.62497495e+09  3.63143834e+09  1.72e-02 7.45e-09  1.38e+01    28s
  41   3.62597110e+09  3.63115233e+09  1.35e-02 7.45e-09  1.10e+01    28s
  42   3.62714325e+09  3.63070927e+09  9.18e-03 6.52e-09  7.52e+00    28s
  43   3.62787274e+09  3.63053213e+09  6.59e-03 8.38e-09  5.58e+00    28s
  44   3.62798944e+09  3.63040546e+09  6.21e-03 7.45e-09  5.08e+00    28s
  45   3.62847447e+09  3.63031895e+09  4.61e-03 1.02e-08  3.87e+00    28s
  46   3.62880728e+09  3.63024131e+09  3.51e-03 8.38e-09  3.00e+00    29s
  47   3.62911119e+09  3.63020970e+09  2.59e-03 9.31e-09  2.29e+00    29s
  48   3.62912534e+09  3.63018485e+09  2.54e-03 8.38e-09  2.21e+00    29s
  49   3.62935066e+09  3.63016126e+09  1.79e-03 7.45e-09  1.68e+00    29s
  50   3.62952311e+09  3.63004159e+09  1.23e-03 7.31e-09  1.07e+00    29s
  51   3.62962130e+09  3.63001740e+09  9.31e-04 6.52e-09  8.20e-01    29s
  52   3.62968828e+09  3.62999606e+09  7.31e-04 8.38e-09  6.38e-01    29s
  53   3.62977553e+09  3.62998788e+09  4.75e-04 6.52e-09  4.38e-01    30s
  54   3.62981662e+09  3.62996504e+09  3.54e-04 5.36e-09  3.08e-01    30s
  55   3.62989994e+09  3.62995039e+09  1.11e-04 6.05e-09  1.04e-01    30s
  56   3.62992485e+09  3.62994391e+09  3.82e-05 5.82e-09  3.91e-02    30s
  57   3.62993152e+09  3.62994064e+09  2.02e-05 8.70e-09  1.88e-02    30s
  58   3.62993546e+09  3.62993966e+09  9.71e-06 5.74e-09  8.72e-03    30s
  59   3.62993854e+09  3.62993945e+09  1.63e-06 6.52e-09  1.85e-03    30s
  60   3.62993917e+09  3.62993923e+09  4.95e-07 6.52e-09  1.15e-04    30s
  61   3.62993922e+09  3.62993922e+09  3.60e-09 6.89e-09  6.51e-08    30s
  62   3.62993922e+09  3.62993922e+09  1.53e-09 7.57e-09  7.08e-11    31s

Barrier solved model in 62 iterations and 30.62 seconds (42.20 work units)
Optimal objective 3.62993922e+09


Root crossover log...

    7007 DPushes remaining with DInf 0.0000000e+00                31s
       0 DPushes remaining with DInf 0.0000000e+00                31s

     655 PPushes remaining with PInf 0.0000000e+00                31s
       0 PPushes remaining with PInf 0.0000000e+00                31s

  Push phase complete: Pinf 0.0000000e+00, Dinf 1.3281520e-01     31s


Root simplex log...

Iteration    Objective       Primal Inf.    Dual Inf.      Time
    7351    3.6299392e+09   0.000000e+00   1.328152e-01     31s
    7353    3.6299392e+09   0.000000e+00   0.000000e+00     31s
Concurrent spin time: 0.00s

Solved with barrier
    7353    3.6299392e+09   0.000000e+00   0.000000e+00     31s

Root relaxation: objective 3.629939e+09, 7353 iterations, 10.04 seconds (7.65 work units)

    Nodes    |    Current Node    |     Objective Bounds      |     Work
 Expl Unexpl |  Obj  Depth IntInf | Incumbent    BestBd   Gap | It/Node Time

     0     0 3.6299e+09    0  155          - 3.6299e+09      -     -   32s
H    0     0                    3.350231e+09 3.6299e+09  8.35%     -   33s
H    0     0                    3.496970e+09 3.6299e+09  3.80%     -   37s
     0     0 3.6290e+09    0  139 3.4970e+09 3.6290e+09  3.77%     -   45s
H    0     0                    3.522140e+09 3.6290e+09  3.03%     -   52s
     0     0 3.6290e+09    0  142 3.5221e+09 3.6290e+09  3.03%     -   55s
     0     0 3.6290e+09    0  143 3.5221e+09 3.6290e+09  3.03%     -   56s
     0     0 3.6289e+09    0  134 3.5221e+09 3.6289e+09  3.03%     -   60s
     0     0 3.6289e+09    0  135 3.5221e+09 3.6289e+09  3.03%     -   62s
     0     0 3.6288e+09    0  152 3.5221e+09 3.6288e+09  3.03%     -   67s
     0     0 3.6288e+09    0  136 3.5221e+09 3.6288e+09  3.03%     -   73s
     0     0 3.6288e+09    0  150 3.5221e+09 3.6288e+09  3.03%     -   77s
     0     0 3.6288e+09    0  149 3.5221e+09 3.6288e+09  3.03%     -   77s
     0     0 3.6288e+09    0  148 3.5221e+09 3.6288e+09  3.03%     -   79s
     0     0 3.6288e+09    0  153 3.5221e+09 3.6288e+09  3.03%     -   83s
     0     0 3.6288e+09    0  143 3.5221e+09 3.6288e+09  3.03%     -   86s
     0     0 3.6288e+09    0  140 3.5221e+09 3.6288e+09  3.03%     -   87s
     0     0 3.6288e+09    0  168 3.5221e+09 3.6288e+09  3.03%     -   92s
     0     0 3.6288e+09    0  165 3.5221e+09 3.6288e+09  3.03%     -   95s
     0     0 3.6288e+09    0  168 3.5221e+09 3.6288e+09  3.03%     -   96s
     0     0 3.6288e+09    0  165 3.5221e+09 3.6288e+09  3.03%     -  102s
     0     0 3.6288e+09    0  156 3.5221e+09 3.6288e+09  3.03%     -  105s
     0     0 3.6287e+09    0  157 3.5221e+09 3.6287e+09  3.03%     -  108s
     0     0 3.6287e+09    0  167 3.5221e+09 3.6287e+09  3.03%     -  113s
     0     0 3.6287e+09    0  165 3.5221e+09 3.6287e+09  3.03%     -  116s
     0     0 3.6287e+09    0  162 3.5221e+09 3.6287e+09  3.03%     -  118s
     0     0 3.6287e+09    0  164 3.5221e+09 3.6287e+09  3.02%     -  121s
     0     0 3.6287e+09    0  164 3.5221e+09 3.6287e+09  3.02%     -  124s
     0     0 3.6287e+09    0  164 3.5221e+09 3.6287e+09  3.02%     -  124s
     0     0 3.6286e+09    0  158 3.5221e+09 3.6286e+09  3.02%     -  128s
     0     0 3.6286e+09    0  166 3.5221e+09 3.6286e+09  3.02%     -  129s
     0     0 3.6286e+09    0  161 3.5221e+09 3.6286e+09  3.02%     -  133s
     0     0 3.6286e+09    0  173 3.5221e+09 3.6286e+09  3.02%     -  136s
     0     0 3.6286e+09    0  178 3.5221e+09 3.6286e+09  3.02%     -  139s
     0     0 3.6286e+09    0  179 3.5221e+09 3.6286e+09  3.02%     -  142s
     0     0 3.6286e+09    0  183 3.5221e+09 3.6286e+09  3.02%     -  142s
     0     0 3.6286e+09    0  180 3.5221e+09 3.6286e+09  3.02%     -  144s
     0     0 3.6286e+09    0  180 3.5221e+09 3.6286e+09  3.02%     -  146s
     0     0 3.6286e+09    0  180 3.5221e+09 3.6286e+09  3.02%     -  147s
     0     0 3.6286e+09    0  169 3.5221e+09 3.6286e+09  3.02%     -  149s
     0     0 3.6286e+09    0  166 3.5221e+09 3.6286e+09  3.02%     -  151s
H    0     0                    3.582639e+09 3.6286e+09  1.28%     -  164s
     0     2 3.6286e+09    0  166 3.5826e+09 3.6286e+09  1.28%     -  171s
     1     4 3.6286e+09    1  169 3.5826e+09 3.6286e+09  1.28%   590  177s
     3     8 3.6286e+09    2  171 3.5826e+09 3.6286e+09  1.28%   909  185s
     7    16 3.6286e+09    3  172 3.5826e+09 3.6286e+09  1.28%  1118  193s
    15    32 3.6286e+09    4  179 3.5826e+09 3.6286e+09  1.28%   978  216s
    31    52 3.6286e+09    5  187 3.5826e+09 3.6286e+09  1.28%  1674  242s
H   38    52                    3.584069e+09 3.6286e+09  1.24%  1427  242s
    51    72 3.6286e+09    6  157 3.5841e+09 3.6286e+09  1.24%  1595  249s
    71    92 3.6285e+09    7  165 3.5841e+09 3.6285e+09  1.24%  1285  258s
    91   112 3.6285e+09    8  153 3.5841e+09 3.6285e+09  1.24%  1090  272s
H  103   112                    3.584069e+09 3.6285e+09  1.24%  1005  272s
   111   134 3.6285e+09    9  163 3.5841e+09 3.6285e+09  1.24%   976  281s
   133   158 3.6285e+09   10  154 3.5841e+09 3.6285e+09  1.24%   867  287s
H  157   178                    3.590737e+09 3.6285e+09  1.05%   776  595s
H  158   178                    3.591832e+09 3.6285e+09  1.02%   772  595s
H  159   178                    3.594276e+09 3.6285e+09  0.95%   770  595s
H  163   178                    3.596942e+09 3.6285e+09  0.88%   756  596s
H  173   178                    3.599922e+09 3.6285e+09  0.79%   724  596s

Cutting planes:
  Cover: 108
  Implied bound: 58
  Clique: 1
  MIR: 141
  Flow cover: 63
  GUB cover: 1
  Network: 173
  RLT: 10
  Relax-and-lift: 34

Explored 177 nodes (153727 simplex iterations) in 597.00 seconds (767.55 work units)
Thread count was 20 (of 40 available processors)

Solution count 10: 3.59992e+09 3.59694e+09 3.59428e+09 ... 3.35023e+09

Optimal solution found (tolerance 1.00e-02)
Best objective 3.599921660784e+09, best bound 3.628475274256e+09, gap 0.7932%
