
Gurobi 10.0.1 (linux64) logging started Wed May 24 22:04:17 2023

Set parameter LogFile to value "logFiles/A-2L-B/A-2L-6U-55F-15V-365D/basic-05-24-2023, 22-04-H70-P50-O15.log"
Gurobi Optimizer version 10.0.1 build v10.0.1rc0 (linux64)

CPU model: Intel(R) Xeon(R) Gold 5115 CPU @ 2.40GHz, instruction set [SSE2|AVX|AVX2|AVX512]
Thread count: 20 physical cores, 40 logical processors, using up to 20 threads

Optimize a model with 62293 rows, 439645 columns and 1934033 nonzeros
Model fingerprint: 0xcb68a97f
Variable types: 255370 continuous, 184275 integer (184275 binary)
Coefficient statistics:
  Matrix range     [1e+00, 2e+05]
  Objective range  [4e+01, 3e+07]
  Bounds range     [1e+00, 1e+00]
  RHS range        [1e+00, 2e+06]
Presolve removed 45658 rows and 133675 columns (presolve time = 5s) ...
Presolve removed 45658 rows and 133675 columns (presolve time = 10s) ...
Presolve removed 45658 rows and 133750 columns (presolve time = 15s) ...
Presolve removed 45642 rows and 133734 columns
Presolve time: 16.41s
Presolved: 16651 rows, 305911 columns, 1364576 nonzeros
Variable types: 134960 continuous, 170951 integer (170943 binary)
Deterministic concurrent LP optimizer: primal simplex, dual simplex, and barrier
Showing barrier log only...

Root barrier log...

Ordering time: 1.10s

Barrier statistics:
 AA' NZ     : 7.311e+05
 Factor NZ  : 5.381e+06 (roughly 170 MB of memory)
 Factor Ops : 7.614e+09 (less than 1 second per iteration)
 Threads    : 17

                  Objective                Residual
Iter       Primal          Dual         Primal    Dual     Compl     Time
   0  -1.29775668e+16  2.83235616e+13  7.65e+08 8.82e+06  1.72e+12    22s
   1  -3.47250321e+15  3.03629440e+13  2.05e+08 6.67e+06  4.66e+11    22s
   2  -8.36480565e+14  2.74626944e+13  4.93e+07 1.83e+05  1.15e+11    22s
   3  -2.02598966e+13  2.22907799e+13  1.19e+06 2.00e+03  2.83e+09    23s
   4  -2.80200646e+12  6.94931405e+12  1.65e+05 1.38e+02  3.99e+08    23s
   5  -1.33348867e+12  3.76175738e+12  7.87e+04 6.72e+00  1.90e+08    23s
   6  -3.68153538e+11  2.77769602e+12  2.18e+04 1.98e-08  5.51e+07    23s
   7  -1.48294802e+11  2.10814482e+12  8.84e+03 2.42e-08  2.30e+07    24s
   8  -6.95403717e+10  1.32690889e+12  4.20e+03 2.26e-08  1.07e+07    24s
   9  -1.21830982e+10  6.44993239e+11  8.28e+02 2.24e-08  2.54e+06    24s
  10  -8.95619452e+09  2.82054313e+11  6.40e+02 3.59e-08  1.46e+06    25s
  11  -7.49393385e+08  1.29790121e+11  1.64e+02 8.69e-08  4.46e+05    25s
  12   7.87308998e+08  7.81471825e+10  7.64e+01 1.40e-07  2.31e+05    25s
  13   1.37410687e+09  4.50604875e+10  4.37e+01 6.32e-08  1.30e+05    25s
  14   1.76209178e+09  2.55430683e+10  2.25e+01 5.52e-08  6.94e+04    26s
  15   1.84329836e+09  1.75036161e+10  1.81e+01 8.54e-08  5.06e+04    26s
  16   1.94281588e+09  1.39359472e+10  1.31e+01 9.20e-08  3.76e+04    26s
  17   1.98501840e+09  1.00556902e+10  1.10e+01 7.64e-08  2.80e+04    26s
  18   2.04443528e+09  8.87602347e+09  8.51e+00 9.19e-08  2.24e+04    27s
  19   2.08979687e+09  7.64977110e+09  6.71e+00 9.32e-08  1.78e+04    27s
  20   2.12318886e+09  5.92875922e+09  5.56e+00 7.33e-08  1.33e+04    27s
  21   2.16567097e+09  5.46532932e+09  4.22e+00 8.81e-08  1.06e+04    27s
  22   2.21263329e+09  4.74043791e+09  2.70e+00 7.32e-08  7.30e+03    28s
  23   2.25265916e+09  3.95100900e+09  1.69e+00 6.35e-08  4.59e+03    28s
  24   2.25551054e+09  3.90524708e+09  1.65e+00 7.94e-08  4.43e+03    28s
  25   2.26910923e+09  3.44459352e+09  1.37e+00 7.33e-08  3.20e+03    28s
  26   2.28820728e+09  3.22229624e+09  1.14e+00 6.85e-08  2.48e+03    29s
  27   2.28959003e+09  3.13535628e+09  1.07e+00 7.50e-08  2.23e+03    29s
  28   2.32015065e+09  2.98679923e+09  6.31e-01 6.22e-08  1.55e+03    29s
  29   2.32113859e+09  2.94318280e+09  6.21e-01 9.39e-08  1.45e+03    29s
  30   2.34670292e+09  2.79499503e+09  3.48e-01 6.80e-08  9.43e+02    30s
  31   2.35923668e+09  2.70075715e+09  2.60e-01 9.28e-08  6.95e+02    30s
  32   2.36969777e+09  2.63098851e+09  2.12e-01 7.67e-08  5.25e+02    30s
  33   2.37720097e+09  2.61097375e+09  1.81e-01 6.93e-08  4.62e+02    30s
  34   2.38023563e+09  2.58725542e+09  1.65e-01 7.94e-08  4.07e+02    31s
  35   2.38425460e+09  2.57694920e+09  1.48e-01 8.87e-08  3.75e+02    31s
  36   2.38706645e+09  2.53666191e+09  1.25e-01 8.13e-08  2.90e+02    31s
  37   2.39391803e+09  2.50953568e+09  9.76e-02 8.13e-08  2.21e+02    31s
  38   2.40262808e+09  2.48387533e+09  7.29e-02 6.65e-08  1.55e+02    32s
  39   2.40512977e+09  2.47058190e+09  6.65e-02 6.61e-08  1.25e+02    32s
  40   2.41044295e+09  2.45939489e+09  4.90e-02 6.98e-08  9.25e+01    32s
  41   2.41308483e+09  2.45466976e+09  4.13e-02 5.63e-08  7.82e+01    32s
  42   2.41367957e+09  2.44805130e+09  3.97e-02 6.73e-08  6.49e+01    32s
  43   2.41880235e+09  2.44524958e+09  2.57e-02 7.43e-08  4.88e+01    33s
  44   2.41979841e+09  2.44232972e+09  2.32e-02 9.76e-08  4.17e+01    33s
  45   2.42179380e+09  2.44093957e+09  1.86e-02 8.00e-08  3.51e+01    33s
  46   2.42345292e+09  2.43884922e+09  1.52e-02 8.50e-08  2.82e+01    33s
  47   2.42411108e+09  2.43671609e+09  1.39e-02 7.33e-08  2.32e+01    33s
  48   2.42485952e+09  2.43606480e+09  1.23e-02 6.45e-08  2.06e+01    34s
  49   2.42645124e+09  2.43480940e+09  9.07e-03 6.32e-08  1.53e+01    34s
  50   2.42767465e+09  2.43410148e+09  6.94e-03 7.54e-08  1.18e+01    34s
  51   2.42834297e+09  2.43350874e+09  5.77e-03 7.10e-08  9.46e+00    34s
  52   2.42909368e+09  2.43332509e+09  4.46e-03 8.11e-08  7.70e+00    35s
  53   2.43015284e+09  2.43305723e+09  2.66e-03 7.47e-08  5.22e+00    35s
  54   2.43045374e+09  2.43279909e+09  2.20e-03 6.73e-08  4.22e+00    35s
  55   2.43057501e+09  2.43261662e+09  2.03e-03 7.04e-08  3.69e+00    35s
  56   2.43079570e+09  2.43255379e+09  1.74e-03 6.89e-08  3.17e+00    36s
  57   2.43115822e+09  2.43247345e+09  1.25e-03 6.50e-08  2.36e+00    36s
  58   2.43125544e+09  2.43244671e+09  1.12e-03 7.08e-08  2.14e+00    36s
  59   2.43128106e+09  2.43238545e+09  1.08e-03 6.65e-08  1.99e+00    36s
  60   2.43169017e+09  2.43230442e+09  5.56e-04 7.01e-08  1.10e+00    36s
  61   2.43189526e+09  2.43226598e+09  3.04e-04 6.61e-08  6.59e-01    37s
  62   2.43192752e+09  2.43223652e+09  2.64e-04 6.24e-08  5.51e-01    37s
  63   2.43202378e+09  2.43220941e+09  1.44e-04 5.46e-08  3.29e-01    37s
  64   2.43210462e+09  2.43218965e+09  4.89e-05 5.84e-08  1.48e-01    37s
  65   2.43213265e+09  2.43217538e+09  1.60e-05 5.71e-08  7.30e-02    37s
  66   2.43214238e+09  2.43215262e+09  5.77e-06 6.09e-08  1.78e-02    38s
  67   2.43214458e+09  2.43215131e+09  3.71e-06 7.47e-08  1.17e-02    38s
  68   2.43214809e+09  2.43214941e+09  5.01e-07 6.97e-08  2.26e-03    38s
  69   2.43214865e+09  2.43214882e+09  4.72e-08 6.33e-08  2.81e-04    38s
  70   2.43214872e+09  2.43214872e+09  8.96e-09 6.32e-08  8.80e-06    38s
  71   2.43214872e+09  2.43214872e+09  2.05e-08 7.45e-08  2.62e-09    39s

Barrier solved model in 71 iterations and 38.57 seconds (23.58 work units)
Optimal objective 2.43214872e+09


Root crossover log...

    9133 DPushes remaining with DInf 0.0000000e+00                39s
       0 DPushes remaining with DInf 0.0000000e+00                39s

    1036 PPushes remaining with PInf 0.0000000e+00                39s
       0 PPushes remaining with PInf 0.0000000e+00                39s

  Push phase complete: Pinf 0.0000000e+00, Dinf 8.2704600e+00     39s


Root simplex log...

Iteration    Objective       Primal Inf.    Dual Inf.      Time
   10147    2.4321487e+09   0.000000e+00   8.270460e+00     39s
   10150    2.4321487e+09   0.000000e+00   0.000000e+00     39s
Concurrent spin time: 2.02s

Solved with barrier
   10150    2.4321487e+09   0.000000e+00   0.000000e+00     41s

Root relaxation: objective 2.432149e+09, 10150 iterations, 22.81 seconds (11.70 work units)

    Nodes    |    Current Node    |     Objective Bounds      |     Work
 Expl Unexpl |  Obj  Depth IntInf | Incumbent    BestBd   Gap | It/Node Time

     0     0 2.4321e+09    0  211          - 2.4321e+09      -     -   44s
     0     0 2.4321e+09    0  205          - 2.4321e+09      -     -   71s
     0     0 2.4321e+09    0  204          - 2.4321e+09      -     -   79s
     0     0 2.4321e+09    0  201          - 2.4321e+09      -     -   88s
     0     0 2.4321e+09    0  202          - 2.4321e+09      -     -  111s
     0     0 2.4321e+09    0  207          - 2.4321e+09      -     -  120s
     0     0 2.4321e+09    0  207          - 2.4321e+09      -     -  129s
     0     0 2.4321e+09    0  210          - 2.4321e+09      -     -  141s
     0     0 2.4321e+09    0  210          - 2.4321e+09      -     -  144s
     0     0 2.4321e+09    0  200          - 2.4321e+09      -     -  152s
     0     0 2.4321e+09    0  205          - 2.4321e+09      -     -  154s
     0     0 2.4321e+09    0  209          - 2.4321e+09      -     -  162s
     0     0 2.4321e+09    0  176          - 2.4321e+09      -     -  168s
     0     0 2.4321e+09    0  180          - 2.4321e+09      -     -  169s
     0     0 2.4321e+09    0  199          - 2.4321e+09      -     -  177s
     0     0 2.4321e+09    0  192          - 2.4321e+09      -     -  180s
     0     0 2.4321e+09    0  191          - 2.4321e+09      -     -  184s
     0     0 2.4321e+09    0  194          - 2.4321e+09      -     -  185s
     0     0 2.4321e+09    0  178          - 2.4321e+09      -     -  188s
     0     0 2.4321e+09    0  183          - 2.4321e+09      -     -  190s
     0     0 2.4321e+09    0  195          - 2.4321e+09      -     -  197s
     0     0 2.4321e+09    0  193          - 2.4321e+09      -     -  201s
     0     0 2.4321e+09    0  196          - 2.4321e+09      -     -  204s
     0     0 2.4321e+09    0  190          - 2.4321e+09      -     -  215s
     0     2 2.4321e+09    0  189          - 2.4321e+09      -     -  285s
     1     4 2.4321e+09    1  204          - 2.4321e+09      -  6067  294s
     3     8 2.4320e+09    2  198          - 2.4320e+09      -  2581  304s
     7    16 2.4320e+09    3  196          - 2.4320e+09      -  1534  323s
    15    32 2.4320e+09    4  198          - 2.4320e+09      -  1166  349s
    31    52 2.4320e+09    5  207          - 2.4320e+09      -   869  381s
    51    72 2.4320e+09    6  191          - 2.4320e+09      -   817  409s
    71    92 2.4320e+09    7  203          - 2.4320e+09      -   742  437s
    91   112 2.4320e+09    8  185          - 2.4320e+09      -   658  466s
   111   132 2.4320e+09    9  192          - 2.4320e+09      -   604  487s
   131   152 2.4320e+09   10  202          - 2.4320e+09      -   567  500s
   151   172 2.4320e+09   11  187          - 2.4320e+09      -   563  513s
   171   192 2.4320e+09   12  187          - 2.4320e+09      -   537  528s
   191   212 2.4320e+09   13  196          - 2.4320e+09      -   534  545s
   211   234 2.4320e+09   13  182          - 2.4320e+09      -   538  557s
   233   274 2.4320e+09   14  197          - 2.4320e+09      -   547  577s
   273   322 2.4320e+09   16  200          - 2.4320e+09      -   526  598s
   321   394 2.4320e+09   19  188          - 2.4320e+09      -   487  630s
   393   536 2.4320e+09   21  200          - 2.4320e+09      -   454  673s
   537   754 2.4320e+09   28  191          - 2.4320e+09      -   410  726s
H  574   754                    2.387675e+09 2.4320e+09  1.86%   399  726s
H  743   754                    2.407899e+09 2.4320e+09  1.00%   370  727s
H  755   946                    2.408073e+09 2.4320e+09  1.00%   369  785s
H  770   946                    2.417305e+09 2.4320e+09  0.61%   369  785s
H  774   946                    2.420806e+09 2.4320e+09  0.46%   370  786s
H  886   946                    2.426369e+09 2.4320e+09  0.23%   351  786s

Cutting planes:
  Cover: 20
  Implied bound: 41
  MIR: 78
  Flow cover: 40
  GUB cover: 2
  Network: 42
  RLT: 5
  Relax-and-lift: 17

Explored 957 nodes (362059 simplex iterations) in 787.09 seconds (667.38 work units)
Thread count was 20 (of 40 available processors)

Solution count 6: 2.42637e+09 2.42081e+09 2.4173e+09 ... 2.38767e+09

Optimal solution found (tolerance 1.00e-02)
Best objective 2.426369130671e+09, best bound 2.432039382190e+09, gap 0.2337%
Gurobi Optimizer version 10.0.1 build v10.0.1rc0 (linux64)

CPU model: Intel(R) Xeon(R) Gold 5115 CPU @ 2.40GHz, instruction set [SSE2|AVX|AVX2|AVX512]
Thread count: 20 physical cores, 40 logical processors, using up to 20 threads

Optimize a model with 97948 rows, 808374 columns and 4326283 nonzeros
Model fingerprint: 0x3b01f55b
Variable types: 271476 continuous, 536898 integer (536898 binary)
Coefficient statistics:
  Matrix range     [1e+00, 2e+05]
  Objective range  [4e+01, 3e+07]
  Bounds range     [1e+00, 3e+05]
  RHS range        [1e+00, 4e+06]
Presolve removed 81807 rows and 500173 columns (presolve time = 5s) ...
Presolve removed 81809 rows and 500175 columns (presolve time = 14s) ...
Presolve removed 81868 rows and 500782 columns (presolve time = 15s) ...
Presolve removed 81840 rows and 500754 columns
Presolve time: 15.38s
Presolved: 16108 rows, 307620 columns, 1416116 nonzeros
Variable types: 153684 continuous, 153936 integer (153923 binary)
Deterministic concurrent LP optimizer: primal simplex, dual simplex, and barrier
Showing barrier log only...

Root barrier log...

Ordering time: 1.39s

Barrier statistics:
 AA' NZ     : 7.308e+05
 Factor NZ  : 4.088e+06 (roughly 160 MB of memory)
 Factor Ops : 3.698e+09 (less than 1 second per iteration)
 Threads    : 17

                  Objective                Residual
Iter       Primal          Dual         Primal    Dual     Compl     Time
   0  -1.09984221e+16  2.41053539e+13  1.10e+09 3.05e+06  1.32e+12    20s
   1  -2.75156314e+15  2.78176018e+13  2.74e+08 4.35e+06  3.34e+11    20s
   2  -2.54803075e+14  2.37753542e+13  2.52e+07 6.87e+05  3.11e+10    20s
   3  -1.72431908e+13  1.34599766e+13  1.71e+06 9.51e+03  2.17e+09    20s
   4  -2.99003524e+12  4.37477900e+12  2.96e+05 7.39e+02  3.80e+08    20s
   5  -4.22943806e+11  2.29918637e+12  4.18e+04 1.75e+02  5.67e+07    21s
   6  -1.25060673e+11  1.67150903e+12  1.23e+04 7.14e+01  1.81e+07    21s
   7  -5.22648987e+10  1.16919592e+12  5.19e+03 3.10e+01  8.06e+06    21s
   8  -1.71354881e+10  7.84195806e+11  1.87e+03 1.44e+01  3.25e+06    21s
   9  -9.74751195e+09  2.68843773e+11  1.13e+03 1.65e+00  1.43e+06    21s
  10  -1.41857895e+09  1.40120284e+11  3.12e+02 4.28e-01  4.79e+05    21s
  11   4.46974714e+08  8.90668285e+10  1.29e+02 2.11e-01  2.44e+05    21s
  12   1.01717546e+09  6.00064083e+10  7.51e+01 1.06e-01  1.53e+05    22s
  13   1.32405490e+09  4.57365147e+10  4.60e+01 5.86e-02  1.07e+05    22s
  14   1.50177777e+09  2.61068636e+10  2.91e+01 2.21e-02  6.22e+04    22s
  15   1.62009851e+09  1.74788928e+10  1.82e+01 3.95e-03  4.01e+04    22s
  16   1.71535697e+09  1.34613229e+10  9.50e+00 3.52e-08  2.71e+04    22s
  17   1.75968240e+09  9.27280409e+09  5.62e+00 3.95e-08  1.74e+04    22s
  18   1.76533174e+09  7.56777179e+09  5.16e+00 3.70e-08  1.41e+04    22s
  19   1.79615066e+09  5.90898026e+09  2.69e+00 3.83e-08  9.58e+03    23s
  20   1.82360019e+09  4.76912231e+09  1.45e+00 3.48e-08  6.38e+03    23s
  21   1.84361786e+09  4.21438036e+09  1.12e+00 3.81e-08  4.99e+03    23s
  22   1.86627188e+09  3.72347193e+09  8.85e-01 1.14e-02  3.84e+03    23s
  23   1.90936593e+09  3.20798666e+09  4.65e-01 2.50e-08  2.48e+03    23s
  24   1.92999065e+09  2.80973047e+09  3.34e-01 2.19e-08  1.63e+03    24s
  25   1.95317092e+09  2.56693476e+09  2.36e-01 1.73e-08  1.11e+03    24s
  26   1.95748753e+09  2.52509496e+09  2.21e-01 1.66e-08  1.02e+03    24s
  27   1.96193274e+09  2.45385134e+09  2.04e-01 1.53e-08  8.83e+02    24s
  28   1.98126280e+09  2.40239955e+09  1.31e-01 1.47e-08  7.35e+02    24s
  29   1.99558752e+09  2.31933391e+09  1.03e-01 1.20e-08  5.59e+02    24s
  30   2.00428402e+09  2.26494981e+09  8.59e-02 1.09e-08  4.48e+02    25s
  31   2.01785808e+09  2.21016721e+09  6.76e-02 7.98e-09  3.28e+02    25s
  32   2.02573309e+09  2.19153398e+09  4.82e-02 7.68e-09  2.80e+02    25s
  33   2.03234363e+09  2.16215753e+09  3.98e-02 9.08e-09  2.18e+02    25s
  34   2.03855773e+09  2.13053174e+09  3.31e-02 6.17e-09  1.54e+02    25s
  35   2.04560374e+09  2.12039269e+09  2.56e-02 4.77e-09  1.25e+02    26s
  36   2.04738032e+09  2.11492419e+09  2.36e-02 4.02e-09  1.13e+02    26s
  37   2.05279386e+09  2.10927503e+09  1.88e-02 3.49e-09  9.40e+01    26s
  38   2.05472206e+09  2.10482394e+09  1.73e-02 4.31e-09  8.34e+01    26s
  39   2.05713212e+09  2.10159378e+09  1.52e-02 3.14e-09  7.39e+01    26s
  40   2.05950433e+09  2.09877467e+09  1.34e-02 2.74e-09  6.52e+01    26s
  41   2.06039575e+09  2.09804199e+09  1.26e-02 3.14e-09  6.25e+01    26s
  42   2.06386420e+09  2.09345137e+09  9.93e-03 2.85e-09  4.90e+01    27s
  43   2.06683741e+09  2.09062040e+09  7.77e-03 2.56e-09  3.94e+01    27s
  44   2.06890864e+09  2.08717264e+09  6.45e-03 3.84e-09  3.02e+01    27s
  45   2.07026896e+09  2.08575286e+09  5.65e-03 2.56e-09  2.56e+01    27s
  46   2.07190432e+09  2.08451521e+09  4.68e-03 2.21e-09  2.09e+01    27s
  47   2.07251990e+09  2.08404195e+09  4.29e-03 3.73e-09  1.90e+01    28s
  48   2.07410643e+09  2.08258794e+09  3.27e-03 6.29e-09  1.40e+01    28s
  49   2.07558990e+09  2.08183265e+09  2.36e-03 7.68e-09  1.03e+01    28s
  50   2.07639039e+09  2.08140445e+09  1.87e-03 6.29e-09  8.27e+00    28s
  51   2.07735770e+09  2.08127490e+09  1.31e-03 4.89e-09  6.46e+00    28s
  52   2.07777040e+09  2.08094377e+09  1.09e-03 5.59e-09  5.23e+00    28s
  53   2.07805788e+09  2.08072748e+09  9.49e-04 4.77e-09  4.40e+00    29s
  54   2.07854162e+09  2.08053161e+09  6.96e-04 3.49e-09  3.28e+00    29s
  55   2.07888400e+09  2.08047142e+09  5.18e-04 3.49e-09  2.62e+00    29s
  56   2.07907505e+09  2.08036439e+09  4.21e-04 3.61e-09  2.12e+00    29s
  57   2.07934518e+09  2.08031351e+09  2.88e-04 4.77e-09  1.59e+00    29s
  58   2.07939915e+09  2.08022004e+09  2.63e-04 4.31e-09  1.35e+00    30s
  59   2.07961717e+09  2.08014578e+09  1.56e-04 6.17e-09  8.70e-01    30s
  60   2.07973481e+09  2.08010967e+09  1.01e-04 6.87e-09  6.17e-01    30s
  61   2.07984027e+09  2.08006210e+09  5.53e-05 5.06e-09  3.65e-01    30s
  62   2.07989202e+09  2.08002574e+09  3.40e-05 4.42e-09  2.20e-01    30s
  63   2.07991358e+09  2.08000797e+09  2.54e-05 7.57e-09  1.55e-01    30s
  64   2.07995002e+09  2.08000044e+09  1.07e-05 5.59e-09  8.29e-02    30s
  65   2.07996488e+09  2.07998435e+09  4.97e-06 5.59e-09  3.20e-02    31s
  66   2.07996759e+09  2.07998093e+09  3.90e-06 3.73e-09  2.20e-02    31s
  67   2.07997581e+09  2.07997814e+09  7.28e-07 5.24e-09  3.83e-03    31s
  68   2.07997781e+09  2.07997784e+09  6.48e-07 7.45e-09  3.97e-05    31s
  69   2.07997783e+09  2.07997783e+09  2.56e-07 6.81e-09  7.55e-08    31s
  70   2.07997783e+09  2.07997783e+09  9.55e-10 7.45e-09  1.85e-11    31s

Barrier solved model in 70 iterations and 31.29 seconds (33.04 work units)
Optimal objective 2.07997783e+09


Root crossover log...

    8779 DPushes remaining with DInf 0.0000000e+00                31s
       0 DPushes remaining with DInf 0.0000000e+00                32s

     509 PPushes remaining with PInf 0.0000000e+00                32s
       0 PPushes remaining with PInf 0.0000000e+00                32s

  Push phase complete: Pinf 0.0000000e+00, Dinf 1.3240713e+05     32s


Root simplex log...

Iteration    Objective       Primal Inf.    Dual Inf.      Time
    9165    2.0799778e+09   0.000000e+00   1.324071e+05     32s
    9186    2.0799778e+09   0.000000e+00   0.000000e+00     32s
Concurrent spin time: 0.01s

Solved with barrier
    9186    2.0799778e+09   0.000000e+00   0.000000e+00     32s

Root relaxation: objective 2.079978e+09, 9186 iterations, 14.95 seconds (10.90 work units)

    Nodes    |    Current Node    |     Objective Bounds      |     Work
 Expl Unexpl |  Obj  Depth IntInf | Incumbent    BestBd   Gap | It/Node Time

     0     0 2.0800e+09    0  249          - 2.0800e+09      -     -   33s
     0     0 2.0786e+09    0  236          - 2.0786e+09      -     -   51s
     0     0 2.0786e+09    0  241          - 2.0786e+09      -     -   55s
     0     0 2.0784e+09    0  241          - 2.0784e+09      -     -   66s
     0     0 2.0783e+09    0  243          - 2.0783e+09      -     -   73s
     0     0 2.0783e+09    0  243          - 2.0783e+09      -     -   73s
     0     0 2.0783e+09    0  251          - 2.0783e+09      -     -   81s
     0     0 2.0783e+09    0  255          - 2.0783e+09      -     -   85s
     0     0 2.0783e+09    0  258          - 2.0783e+09      -     -   86s
     0     0 2.0782e+09    0  260          - 2.0782e+09      -     -   93s
     0     0 2.0782e+09    0  268          - 2.0782e+09      -     -   96s
     0     0 2.0782e+09    0  269          - 2.0782e+09      -     -   97s
     0     0 2.0782e+09    0  262          - 2.0782e+09      -     -  106s
     0     0 2.0782e+09    0  272          - 2.0782e+09      -     -  108s
     0     0 2.0781e+09    0  233          - 2.0781e+09      -     -  119s
     0     0 2.0781e+09    0  255          - 2.0781e+09      -     -  127s
     0     0 2.0781e+09    0  252          - 2.0781e+09      -     -  132s
     0     0 2.0781e+09    0  254          - 2.0781e+09      -     -  134s
     0     0 2.0780e+09    0  261          - 2.0780e+09      -     -  142s
     0     0 2.0780e+09    0  268          - 2.0780e+09      -     -  145s
     0     0 2.0780e+09    0  277          - 2.0780e+09      -     -  146s
     0     0 2.0778e+09    0  264          - 2.0778e+09      -     -  154s
     0     0 2.0778e+09    0  279          - 2.0778e+09      -     -  159s
     0     0 2.0778e+09    0  277          - 2.0778e+09      -     -  159s
     0     0 2.0777e+09    0  263          - 2.0777e+09      -     -  169s
     0     0 2.0777e+09    0  258          - 2.0777e+09      -     -  172s
     0     0 2.0775e+09    0  280          - 2.0775e+09      -     -  180s
     0     0 2.0775e+09    0  266          - 2.0775e+09      -     -  184s
     0     0 2.0775e+09    0  268          - 2.0775e+09      -     -  184s
     0     0 2.0774e+09    0  257          - 2.0774e+09      -     -  193s
     0     0 2.0774e+09    0  264          - 2.0774e+09      -     -  196s
     0     0 2.0774e+09    0  277          - 2.0774e+09      -     -  197s
     0     0 2.0774e+09    0  273          - 2.0774e+09      -     -  203s
     0     0 2.0774e+09    0  282          - 2.0774e+09      -     -  206s
     0     0 2.0774e+09    0  285          - 2.0774e+09      -     -  208s
     0     0 2.0774e+09    0  273          - 2.0774e+09      -     -  214s
     0     0 2.0774e+09    0  274          - 2.0774e+09      -     -  217s
     0     0 2.0774e+09    0  269          - 2.0774e+09      -     -  223s
     0     0 2.0774e+09    0  264          - 2.0774e+09      -     -  226s
     0     0 2.0774e+09    0  286          - 2.0774e+09      -     -  231s
     0     0 2.0774e+09    0  280          - 2.0774e+09      -     -  235s
     0     2 2.0774e+09    0  279          - 2.0774e+09      -     -  282s
     1     4 2.0774e+09    1  265          - 2.0774e+09      -  3720  294s
     3     8 2.0774e+09    2  250          - 2.0774e+09      -  2437  308s
     7    16 2.0774e+09    3  258          - 2.0774e+09      -  1812  318s
    15    32 2.0774e+09    4  255          - 2.0774e+09      -  1179  335s
    31    52 2.0774e+09    5  270          - 2.0774e+09      -  1257  354s
    51    72 2.0774e+09    6  262          - 2.0774e+09      -  1096  365s
    71    92 2.0774e+09    6  264          - 2.0774e+09      -   934  377s
    91   112 2.0774e+09    7  265          - 2.0774e+09      -   831  386s
   111   132 2.0774e+09    8  270          - 2.0774e+09      -   723  395s
   131   153 2.0774e+09    9  266          - 2.0774e+09      -   653  403s
   152   173 2.0774e+09   10  264          - 2.0774e+09      -   601  416s
   172   193 2.0774e+09   11  262          - 2.0774e+09      -   569  427s
H  175   193                    1.938098e+09 2.0774e+09  7.19%   562  427s
H  182   193                    1.959383e+09 2.0774e+09  6.02%   556  428s
H  192   213                    1.988393e+09 2.0774e+09  4.48%   544  483s
   212   256 2.0774e+09   13  253 1.9884e+09 2.0774e+09  4.48%   612  508s
H  255   276                    2.038385e+09 2.0774e+09  1.91%   599  745s
H  257   276                    2.043373e+09 2.0774e+09  1.67%   597  746s
H  258   276                    2.058232e+09 2.0774e+09  0.93%   597  746s

Cutting planes:
  Cover: 43
  Implied bound: 36
  Clique: 6
  MIR: 117
  Flow cover: 55
  GUB cover: 6
  Network: 1
  RLT: 7
  Relax-and-lift: 29

Explored 275 nodes (203682 simplex iterations) in 747.33 seconds (813.69 work units)
Thread count was 20 (of 40 available processors)

Solution count 6: 2.05823e+09 2.04337e+09 2.03838e+09 ... 1.9381e+09

Optimal solution found (tolerance 1.00e-02)
Best objective 2.058231638441e+09, best bound 2.077400910130e+09, gap 0.9313%
Gurobi Optimizer version 10.0.1 build v10.0.1rc0 (linux64)

CPU model: Intel(R) Xeon(R) Gold 5115 CPU @ 2.40GHz, instruction set [SSE2|AVX|AVX2|AVX512]
Thread count: 20 physical cores, 40 logical processors, using up to 20 threads

Optimize a model with 132780 rows, 1185410 columns and 6851582 nonzeros
Model fingerprint: 0xbced5f03
Variable types: 292002 continuous, 893408 integer (893408 binary)
Coefficient statistics:
  Matrix range     [1e+00, 2e+05]
  Objective range  [4e+01, 3e+07]
  Bounds range     [1e+00, 3e+05]
  RHS range        [1e+00, 5e+06]
Presolve removed 117652 rows and 900348 columns (presolve time = 5s) ...
Presolve removed 117652 rows and 900349 columns (presolve time = 13s) ...
Presolve removed 118319 rows and 921922 columns (presolve time = 15s) ...
Presolve removed 118295 rows and 921898 columns
Presolve time: 16.73s
Presolved: 14485 rows, 263512 columns, 1208688 nonzeros
Variable types: 132463 continuous, 131049 integer (131039 binary)
Deterministic concurrent LP optimizer: primal simplex, dual simplex, and barrier
Showing barrier log only...

Root barrier log...

Ordering time: 0.92s

Barrier statistics:
 AA' NZ     : 6.146e+05
 Factor NZ  : 3.598e+06 (roughly 140 MB of memory)
 Factor Ops : 3.610e+09 (less than 1 second per iteration)
 Threads    : 17

                  Objective                Residual
Iter       Primal          Dual         Primal    Dual     Compl     Time
   0  -5.39168226e+15  1.48465557e+13  3.49e+08 1.54e+06  3.23e+11    21s
   1  -2.38753523e+15  1.35284211e+13  1.55e+08 2.25e+06  1.43e+11    21s
   2  -3.49139563e+14  9.83130509e+12  2.27e+07 1.47e+05  2.20e+10    21s
   3  -2.32672352e+13  6.90534389e+12  1.52e+06 2.99e-08  1.48e+09    21s
   4  -3.28881586e+12  3.16812771e+12  2.14e+05 9.55e-09  2.18e+08    21s
   5  -7.57956292e+11  1.69509859e+12  4.95e+04 8.03e-09  5.22e+07    21s
   6  -1.43235595e+11  9.60959278e+11  9.45e+03 1.59e-08  1.11e+07    21s
   7  -2.93920182e+10  4.97303772e+11  2.06e+03 1.02e-08  2.79e+06    21s
   8  -5.47491978e+09  3.10001748e+11  5.10e+02 7.45e-09  9.98e+05    22s
   9  -4.51044735e+08  1.01753657e+11  1.85e+02 9.37e-09  3.08e+05    22s
  10   1.01236561e+09  6.03757452e+10  9.18e+01 1.12e-08  1.66e+05    22s
  11   1.63053199e+09  3.77820211e+10  5.30e+01 1.40e-08  9.83e+04    22s
  12   2.14242879e+09  2.27216947e+10  2.09e+01 1.56e-08  5.07e+04    22s
  13   2.20247272e+09  1.92904732e+10  1.72e+01 1.68e-08  4.21e+04    22s
  14   2.26939793e+09  1.51430871e+10  1.31e+01 2.24e-08  3.20e+04    22s
  15   2.32589355e+09  1.24670092e+10  9.54e+00 3.04e-08  2.50e+04    22s
  16   2.34772917e+09  1.05212135e+10  8.01e+00 2.98e-08  2.05e+04    22s
  17   2.38842896e+09  8.26651411e+09  5.51e+00 4.38e-08  1.50e+04    23s
  18   2.42079144e+09  6.85041988e+09  3.90e+00 5.68e-08  1.13e+04    23s
  19   2.45052429e+09  5.79970494e+09  3.08e+00 7.54e-08  8.61e+03    23s
  20   2.46739649e+09  4.62347998e+09  2.63e+00 7.08e-08  5.80e+03    23s
  21   2.48030767e+09  4.50797714e+09  2.33e+00 9.22e-08  5.33e+03    23s
  22   2.51300674e+09  3.83499505e+09  1.76e+00 7.17e-08  3.45e+03    23s
  23   2.52645998e+09  3.58481327e+09  1.26e+00 5.87e-08  2.63e+03    23s
  24   2.54169777e+09  3.29469596e+09  9.97e-01 4.28e-08  1.85e+03    24s
  25   2.55403623e+09  3.12491327e+09  7.82e-01 3.73e-08  1.37e+03    24s
  26   2.56541397e+09  2.98364093e+09  6.48e-01 3.07e-08  9.94e+02    24s
  27   2.58374639e+09  2.86446068e+09  4.39e-01 2.51e-08  6.44e+02    24s
  28   2.59658316e+09  2.78728810e+09  3.15e-01 1.21e-08  4.26e+02    24s
  29   2.59911588e+09  2.76476668e+09  2.94e-01 1.30e-08  3.69e+02    24s
  30   2.60821443e+09  2.74912737e+09  2.25e-01 1.40e-08  3.06e+02    24s
  31   2.61372749e+09  2.72662963e+09  1.82e-01 1.21e-08  2.42e+02    25s
  32   2.61560238e+09  2.71988396e+09  1.67e-01 1.21e-08  2.22e+02    25s
  33   2.61886072e+09  2.70260342e+09  1.43e-01 8.38e-09  1.76e+02    25s
  34   2.62009775e+09  2.69817512e+09  1.34e-01 9.31e-09  1.64e+02    25s
  35   2.62438815e+09  2.68526894e+09  1.02e-01 1.02e-08  1.25e+02    25s
  36   2.62860038e+09  2.67304036e+09  7.42e-02 9.31e-09  8.99e+01    25s
  37   2.63113632e+09  2.66756224e+09  6.03e-02 6.52e-09  7.31e+01    26s
  38   2.63343509e+09  2.66253777e+09  4.94e-02 8.38e-09  5.80e+01    26s
  39   2.63457055e+09  2.65976274e+09  4.42e-02 8.38e-09  5.00e+01    26s
  40   2.63662309e+09  2.65743440e+09  3.61e-02 7.45e-09  4.11e+01    26s
  41   2.63823704e+09  2.65632303e+09  2.97e-02 7.45e-09  3.56e+01    26s
  42   2.63925055e+09  2.65538458e+09  2.61e-02 7.45e-09  3.17e+01    26s
  43   2.63977326e+09  2.65390150e+09  2.40e-02 6.52e-09  2.77e+01    26s
  44   2.64088441e+09  2.65332569e+09  2.03e-02 5.59e-09  2.43e+01    27s
  45   2.64187449e+09  2.65243853e+09  1.74e-02 7.45e-09  2.06e+01    27s
  46   2.64242143e+09  2.65190152e+09  1.56e-02 7.45e-09  1.84e+01    27s
  47   2.64310542e+09  2.65127397e+09  1.35e-02 7.45e-09  1.59e+01    27s
  48   2.64367372e+09  2.65076017e+09  1.19e-02 7.45e-09  1.37e+01    27s
  49   2.64455543e+09  2.65044140e+09  9.38e-03 7.45e-09  1.14e+01    27s
  50   2.64503876e+09  2.65003890e+09  8.03e-03 7.45e-09  9.66e+00    27s
  51   2.64556563e+09  2.64971248e+09  6.71e-03 7.45e-09  8.01e+00    28s
  52   2.64584251e+09  2.64954780e+09  6.05e-03 7.45e-09  7.15e+00    28s
  53   2.64624521e+09  2.64937839e+09  5.04e-03 7.45e-09  6.04e+00    28s
  54   2.64650629e+09  2.64923967e+09  4.37e-03 7.45e-09  5.27e+00    28s
  55   2.64673604e+09  2.64919606e+09  3.83e-03 9.40e-09  4.74e+00    28s
  56   2.64708609e+09  2.64900407e+09  3.03e-03 9.66e-09  3.69e+00    28s
  57   2.64727560e+09  2.64888510e+09  2.62e-03 1.12e-08  3.10e+00    29s
  58   2.64759984e+09  2.64880616e+09  1.91e-03 1.22e-08  2.32e+00    29s
  59   2.64785566e+09  2.64874144e+09  1.36e-03 1.05e-08  1.70e+00    29s
  60   2.64808044e+09  2.64870800e+09  9.12e-04 8.38e-09  1.21e+00    29s
  61   2.64811792e+09  2.64866710e+09  8.31e-04 7.45e-09  1.06e+00    29s
  62   2.64815117e+09  2.64865573e+09  7.63e-04 7.45e-09  9.70e-01    29s
  63   2.64820646e+09  2.64863799e+09  6.56e-04 7.45e-09  8.29e-01    29s
  64   2.64833189e+09  2.64860158e+09  3.96e-04 7.45e-09  5.18e-01    30s
  65   2.64838602e+09  2.64858353e+09  2.87e-04 7.80e-09  3.80e-01    30s
  66   2.64842024e+09  2.64857024e+09  2.19e-04 8.15e-09  2.88e-01    30s
  67   2.64850131e+09  2.64855673e+09  5.93e-05 7.45e-09  1.06e-01    30s
  68   2.64852407e+09  2.64853768e+09  1.52e-05 7.45e-09  2.61e-02    30s
  69   2.64852574e+09  2.64853450e+09  1.23e-05 7.45e-09  1.68e-02    30s
  70   2.64852995e+09  2.64853357e+09  4.93e-06 7.22e-09  6.96e-03    31s
  71   2.64853200e+09  2.64853299e+09  1.56e-06 8.38e-09  1.92e-03    31s
  72   2.64853289e+09  2.64853295e+09  2.06e-06 7.45e-09  1.06e-04    31s
  73   2.64853293e+09  2.64853295e+09  4.29e-07 7.45e-09  2.21e-05    31s
  74   2.64853295e+09  2.64853295e+09  2.89e-09 7.45e-09  1.27e-10    31s

Barrier solved model in 74 iterations and 31.03 seconds (35.99 work units)
Optimal objective 2.64853295e+09


Root crossover log...

    6991 DPushes remaining with DInf 0.0000000e+00                31s
       0 DPushes remaining with DInf 0.0000000e+00                31s

     356 PPushes remaining with PInf 0.0000000e+00                31s
       0 PPushes remaining with PInf 0.0000000e+00                31s

  Push phase complete: Pinf 0.0000000e+00, Dinf 2.2653492e+02     31s


Root simplex log...

Iteration    Objective       Primal Inf.    Dual Inf.      Time
    7224    2.6485329e+09   0.000000e+00   2.265349e+02     31s
    7227    2.6485329e+09   0.000000e+00   0.000000e+00     31s
Concurrent spin time: 0.00s

Solved with barrier
    7227    2.6485329e+09   0.000000e+00   0.000000e+00     31s

Root relaxation: objective 2.648533e+09, 7227 iterations, 13.08 seconds (9.98 work units)

    Nodes    |    Current Node    |     Objective Bounds      |     Work
 Expl Unexpl |  Obj  Depth IntInf | Incumbent    BestBd   Gap | It/Node Time

     0     0 2.6485e+09    0  254          - 2.6485e+09      -     -   32s
H    0     0                    2.284901e+09 2.6485e+09  15.9%     -   34s
H    0     0                    2.367418e+09 2.6485e+09  11.9%     -   43s
     0     0 2.6484e+09    0  264 2.3674e+09 2.6484e+09  11.9%     -   51s
H    0     0                    2.455363e+09 2.6484e+09  7.86%     -   62s
     0     0 2.6481e+09    0  243 2.4554e+09 2.6481e+09  7.85%     -   70s
     0     0 2.6481e+09    0  246 2.4554e+09 2.6481e+09  7.85%     -   72s
     0     0 2.6481e+09    0  246 2.4554e+09 2.6481e+09  7.85%     -   73s
     0     0 2.6480e+09    0  262 2.4554e+09 2.6480e+09  7.85%     -   81s
     0     0 2.6480e+09    0  254 2.4554e+09 2.6480e+09  7.85%     -   87s
     0     0 2.6480e+09    0  251 2.4554e+09 2.6480e+09  7.85%     -   87s
     0     0 2.6479e+09    0  275 2.4554e+09 2.6479e+09  7.84%     -   99s
H    0     0                    2.497669e+09 2.6479e+09  6.01%     -  107s
     0     0 2.6479e+09    0  277 2.4977e+09 2.6479e+09  6.01%     -  108s
     0     0 2.6478e+09    0  273 2.4977e+09 2.6478e+09  6.01%     -  119s
     0     0 2.6478e+09    0  272 2.4977e+09 2.6478e+09  6.01%     -  123s
     0     0 2.6478e+09    0  283 2.4977e+09 2.6478e+09  6.01%     -  124s
     0     0 2.6477e+09    0  291 2.4977e+09 2.6477e+09  6.01%     -  134s
H    0     0                    2.536745e+09 2.6477e+09  4.37%     -  142s
     0     0 2.6477e+09    0  282 2.5367e+09 2.6477e+09  4.37%     -  143s
     0     0 2.6477e+09    0  289 2.5367e+09 2.6477e+09  4.37%     -  144s
     0     0 2.6476e+09    0  282 2.5367e+09 2.6476e+09  4.37%     -  154s
H    0     0                    2.540028e+09 2.6476e+09  4.23%     -  156s
     0     0 2.6476e+09    0  295 2.5400e+09 2.6476e+09  4.23%     -  158s
     0     0 2.6475e+09    0  282 2.5400e+09 2.6475e+09  4.23%     -  169s
     0     0 2.6475e+09    0  290 2.5400e+09 2.6475e+09  4.23%     -  173s
     0     0 2.6475e+09    0  291 2.5400e+09 2.6475e+09  4.23%     -  173s
     0     0 2.6475e+09    0  276 2.5400e+09 2.6475e+09  4.23%     -  181s
H    0     0                    2.550982e+09 2.6475e+09  3.78%     -  190s
     0     0 2.6475e+09    0  288 2.5510e+09 2.6475e+09  3.78%     -  190s
     0     0 2.6475e+09    0  290 2.5510e+09 2.6475e+09  3.78%     -  190s
     0     0 2.6474e+09    0  284 2.5510e+09 2.6474e+09  3.78%     -  199s
     0     0 2.6473e+09    0  268 2.5510e+09 2.6473e+09  3.78%     -  212s
     0     0 2.6473e+09    0  291 2.5510e+09 2.6473e+09  3.78%     -  214s
     0     0 2.6473e+09    0  291 2.5510e+09 2.6473e+09  3.78%     -  218s
     0     0 2.6473e+09    0  291 2.5510e+09 2.6473e+09  3.78%     -  219s
     0     0 2.6473e+09    0  292 2.5510e+09 2.6473e+09  3.78%     -  220s
     0     0 2.6472e+09    0  295 2.5510e+09 2.6472e+09  3.77%     -  228s
     0     0 2.6472e+09    0  299 2.5510e+09 2.6472e+09  3.77%     -  232s
     0     0 2.6471e+09    0  286 2.5510e+09 2.6471e+09  3.77%     -  234s
     0     0 2.6471e+09    0  296 2.5510e+09 2.6471e+09  3.77%     -  235s
     0     0 2.6471e+09    0  293 2.5510e+09 2.6471e+09  3.77%     -  242s
H    0     0                    2.568516e+09 2.6471e+09  3.06%     -  250s
     0     0 2.6471e+09    0  301 2.5685e+09 2.6471e+09  3.06%     -  252s
     0     0 2.6471e+09    0  303 2.5685e+09 2.6471e+09  3.06%     -  254s
     0     0 2.6471e+09    0  303 2.5685e+09 2.6471e+09  3.06%     -  254s
     0     0 2.6470e+09    0  277 2.5685e+09 2.6470e+09  3.05%     -  260s
     0     0 2.6469e+09    0  289 2.5685e+09 2.6469e+09  3.05%     -  267s
     0     0 2.6469e+09    0  304 2.5685e+09 2.6469e+09  3.05%     -  271s
     0     0 2.6469e+09    0  309 2.5685e+09 2.6469e+09  3.05%     -  272s
     0     0 2.6469e+09    0  317 2.5685e+09 2.6469e+09  3.05%     -  281s
     0     0 2.6469e+09    0  325 2.5685e+09 2.6469e+09  3.05%     -  286s
     0     0 2.6469e+09    0  330 2.5685e+09 2.6469e+09  3.05%     -  286s
     0     0 2.6466e+09    0  285 2.5685e+09 2.6466e+09  3.04%     -  296s
     0     0 2.6466e+09    0  287 2.5685e+09 2.6466e+09  3.04%     -  300s
     0     0 2.6466e+09    0  303 2.5685e+09 2.6466e+09  3.04%     -  302s
     0     0 2.6466e+09    0  303 2.5685e+09 2.6466e+09  3.04%     -  303s
     0     0 2.6464e+09    0  298 2.5685e+09 2.6464e+09  3.03%     -  310s
     0     0 2.6464e+09    0  294 2.5685e+09 2.6464e+09  3.03%     -  317s
     0     0 2.6464e+09    0  301 2.5685e+09 2.6464e+09  3.03%     -  319s
     0     0 2.6464e+09    0  295 2.5685e+09 2.6464e+09  3.03%     -  320s
     0     0 2.6464e+09    0  276 2.5685e+09 2.6464e+09  3.03%     -  330s
     0     0 2.6464e+09    0  279 2.5685e+09 2.6464e+09  3.03%     -  334s
     0     0 2.6463e+09    0  304 2.5685e+09 2.6463e+09  3.03%     -  345s
H    0     0                    2.571568e+09 2.6463e+09  2.91%     -  352s
     0     0 2.6463e+09    0  304 2.5716e+09 2.6463e+09  2.91%     -  353s
     0     0 2.6463e+09    0  322 2.5716e+09 2.6463e+09  2.91%     -  354s
     0     0 2.6463e+09    0  324 2.5716e+09 2.6463e+09  2.91%     -  355s
     0     0 2.6463e+09    0  323 2.5716e+09 2.6463e+09  2.91%     -  362s
H    0     0                    2.577331e+09 2.6463e+09  2.67%     -  377s
     0     0 2.6463e+09    0  322 2.5773e+09 2.6463e+09  2.67%     -  378s
     0     0 2.6462e+09    0  351 2.5773e+09 2.6462e+09  2.67%     -  385s
H    0     0                    2.578062e+09 2.6462e+09  2.64%     -  395s
     0     0 2.6462e+09    0  350 2.5781e+09 2.6462e+09  2.64%     -  397s
     0     0 2.6462e+09    0  357 2.5781e+09 2.6462e+09  2.64%     -  397s
     0     0 2.6462e+09    0  324 2.5781e+09 2.6462e+09  2.64%     -  404s
     0     0 2.6462e+09    0  314 2.5781e+09 2.6462e+09  2.64%     -  410s
     0     0 2.6462e+09    0  315 2.5781e+09 2.6462e+09  2.64%     -  410s
     0     0 2.6462e+09    0  331 2.5781e+09 2.6462e+09  2.64%     -  418s
     0     0 2.6462e+09    0  333 2.5781e+09 2.6462e+09  2.64%     -  420s
     0     0 2.6462e+09    0  313 2.5781e+09 2.6462e+09  2.64%     -  427s
     0     0 2.6462e+09    0  317 2.5781e+09 2.6462e+09  2.64%     -  429s
     0     0 2.6461e+09    0  364 2.5781e+09 2.6461e+09  2.64%     -  436s
     0     0 2.6461e+09    0  372 2.5781e+09 2.6461e+09  2.64%     -  440s
     0     0 2.6461e+09    0  332 2.5781e+09 2.6461e+09  2.64%     -  441s
     0     0 2.6461e+09    0  373 2.5781e+09 2.6461e+09  2.64%     -  449s
     0     0 2.6461e+09    0  379 2.5781e+09 2.6461e+09  2.64%     -  452s
     0     0 2.6461e+09    0  328 2.5781e+09 2.6461e+09  2.64%     -  461s
     0     0 2.6461e+09    0  372 2.5781e+09 2.6461e+09  2.64%     -  464s
     0     0 2.6461e+09    0  370 2.5781e+09 2.6461e+09  2.64%     -  464s
     0     0 2.6460e+09    0  331 2.5781e+09 2.6460e+09  2.64%     -  472s
     0     0 2.6460e+09    0  328 2.5781e+09 2.6460e+09  2.64%     -  475s
     0     0 2.6460e+09    0  339 2.5781e+09 2.6460e+09  2.64%     -  482s
     0     0 2.6460e+09    0  336 2.5781e+09 2.6460e+09  2.64%     -  488s
     0     0 2.6460e+09    0  348 2.5781e+09 2.6460e+09  2.64%     -  490s
     0     0 2.6460e+09    0  343 2.5781e+09 2.6460e+09  2.64%     -  491s
     0     0 2.6460e+09    0  341 2.5781e+09 2.6460e+09  2.63%     -  497s
     0     0 2.6460e+09    0  330 2.5781e+09 2.6460e+09  2.63%     -  501s
     0     0 2.6460e+09    0  328 2.5781e+09 2.6460e+09  2.63%     -  502s
     0     0 2.6459e+09    0  330 2.5781e+09 2.6459e+09  2.63%     -  509s
     0     0 2.6459e+09    0  334 2.5781e+09 2.6459e+09  2.63%     -  513s
     0     0 2.6459e+09    0  381 2.5781e+09 2.6459e+09  2.63%     -  514s
     0     0 2.6459e+09    0  334 2.5781e+09 2.6459e+09  2.63%     -  521s
     0     0 2.6459e+09    0  334 2.5781e+09 2.6459e+09  2.63%     -  522s
H    0     0                    2.613512e+09 2.6459e+09  1.24%     -  626s
     0     2 2.6459e+09    0  332 2.6135e+09 2.6459e+09  1.24%     -  629s
     1     4 2.6459e+09    1  330 2.6135e+09 2.6459e+09  1.24%  2077  642s
     3     8 2.6459e+09    2  332 2.6135e+09 2.6459e+09  1.24%  2230  665s
     7    16 2.6459e+09    3  347 2.6135e+09 2.6459e+09  1.24%  2331  684s
    15    32 2.6459e+09    4  346 2.6135e+09 2.6459e+09  1.24%  1989  706s
    31    52 2.6459e+09    5  339 2.6135e+09 2.6459e+09  1.24%  1865  733s
    51    72 2.6459e+09    6  354 2.6135e+09 2.6459e+09  1.24%  1778  750s
    71    92 2.6458e+09    7  330 2.6135e+09 2.6459e+09  1.24%  1648  760s
H   91   112                    2.616153e+09 2.6459e+09  1.14%  1445 1086s
H   94   112                    2.617047e+09 2.6459e+09  1.10%  1433 1086s
H  101   112                    2.617728e+09 2.6459e+09  1.08%  1401 1087s
   111   140 2.6458e+09    8  321 2.6177e+09 2.6459e+09  1.08%  1333 1098s
   139   164 2.6437e+09    8  307 2.6177e+09 2.6459e+09  1.08%  1204 1119s
   163   193 2.6458e+09    9  324 2.6177e+09 2.6459e+09  1.08%  1186 1146s
   192   218 2.6457e+09   10  321 2.6177e+09 2.6459e+09  1.08%  1166 1184s
   219   249 2.6457e+09   12  300 2.6177e+09 2.6459e+09  1.08%  1211 1218s
   250   279 2.6435e+09   12  293 2.6177e+09 2.6459e+09  1.08%  1224 1247s
   282   299 2.6457e+09   13  294 2.6177e+09 2.6459e+09  1.08%  1245 1311s
   302   348 2.6457e+09   14  291 2.6177e+09 2.6459e+09  1.08%  1210 1338s
   351   390 2.6457e+09   16  290 2.6177e+09 2.6459e+09  1.08%  1149 1392s
   395   440 2.6456e+09   19  317 2.6177e+09 2.6459e+09  1.08%  1163 1412s
   445   500 2.6456e+09   23  313 2.6177e+09 2.6459e+09  1.08%  1113 1459s
   505   557 2.6315e+09   25  266 2.6177e+09 2.6459e+09  1.08%  1116 1498s
   567   618 2.6451e+09   25  311 2.6177e+09 2.6459e+09  1.08%  1073 1531s
   636   676 2.6450e+09   26  311 2.6177e+09 2.6459e+09  1.08%  1030 1612s
   706   756 2.6448e+09   27  320 2.6177e+09 2.6459e+09  1.08%  1023 1660s
   799   842 2.6431e+09   29  303 2.6177e+09 2.6459e+09  1.08%   975 1705s
   893   937 2.6439e+09   30  296 2.6177e+09 2.6459e+09  1.08%   939 1745s
   990  1046 2.6429e+09   33  265 2.6177e+09 2.6459e+09  1.08%   910 1788s
H 1103  1065                    2.618657e+09 2.6459e+09  1.04%   882 1892s
H 1105  1065                    2.619002e+09 2.6459e+09  1.03%   882 1893s
H 1106  1065                    2.619392e+09 2.6459e+09  1.01%   882 1893s
H 1112  1065                    2.619398e+09 2.6459e+09  1.01%   881 1894s
H 1113  1065                    2.620191e+09 2.6459e+09  0.98%   880 1894s
  1116  1065 2.6246e+09   64  226 2.6202e+09 2.6459e+09  0.98%   880 1895s

Cutting planes:
  Cover: 103
  Implied bound: 86
  Clique: 8
  MIR: 211
  Flow cover: 126
  GUB cover: 18
  RLT: 31
  Relax-and-lift: 217

Explored 1123 nodes (1053764 simplex iterations) in 1895.29 seconds (2424.93 work units)
Thread count was 20 (of 40 available processors)

Solution count 10: 2.62019e+09 2.6194e+09 2.61939e+09 ... 2.57806e+09

Optimal solution found (tolerance 1.00e-02)
Best objective 2.620191097170e+09, best bound 2.645893621759e+09, gap 0.9809%
