
Gurobi 10.0.1 (linux64) logging started Fri May 26 00:12:18 2023

Set parameter LogFile to value "logFiles/A-2L-B/A-2L-6U-55F-15V-365D/basic-05-26-2023, 00-12-H50-P80-O15.log"
Gurobi Optimizer version 10.0.1 build v10.0.1rc0 (linux64)

CPU model: Intel(R) Xeon(R) Gold 5115 CPU @ 2.40GHz, instruction set [SSE2|AVX|AVX2|AVX512]
Thread count: 20 physical cores, 40 logical processors, using up to 20 threads

Optimize a model with 57720 rows, 478302 columns and 2167009 nonzeros
Model fingerprint: 0x37c5a9f9
Variable types: 326253 continuous, 152049 integer (152049 binary)
Coefficient statistics:
  Matrix range     [1e+00, 2e+05]
  Objective range  [4e+01, 3e+07]
  Bounds range     [1e+00, 1e+00]
  RHS range        [1e+00, 3e+06]
Presolve removed 43364 rows and 20443 columns (presolve time = 5s) ...
Presolve removed 43343 rows and 20491 columns
Presolve time: 9.95s
Presolved: 14377 rows, 457811 columns, 1872570 nonzeros
Variable types: 312868 continuous, 144943 integer (144933 binary)
Deterministic concurrent LP optimizer: primal simplex, dual simplex, and barrier
Showing barrier log only...

Root barrier log...

Ordering time: 0.60s

Barrier statistics:
 AA' NZ     : 1.004e+06
 Factor NZ  : 7.257e+06 (roughly 250 MB of memory)
 Factor Ops : 1.244e+10 (less than 1 second per iteration)
 Threads    : 17

                  Objective                Residual
Iter       Primal          Dual         Primal    Dual     Compl     Time
   0  -2.80423483e+16  3.79321164e+13  1.06e+09 1.29e+07  3.22e+12    14s
   1  -1.36192962e+16  4.41231386e+13  5.14e+08 1.23e+07  1.58e+12    14s
   2  -2.04269326e+15  4.47325310e+13  8.01e+07 7.50e+06  2.50e+11    15s
   3  -7.11026400e+14  3.74579585e+13  2.93e+07 1.29e-07  9.39e+10    15s
   4  -1.03412642e+13  3.07784367e+13  4.24e+05 6.95e-08  1.40e+09    15s
   5  -6.12799174e+11  1.15518793e+13  2.50e+04 6.95e-08  9.35e+07    15s
   6  -2.73546397e+11  4.71929484e+12  1.13e+04 5.46e-08  3.86e+07    16s
   7  -1.68003178e+11  3.49180385e+12  6.99e+03 3.85e-08  2.34e+07    16s
   8  -1.46678971e+11  3.17641810e+12  6.16e+03 4.47e-08  2.04e+07    16s
   9  -7.13381941e+10  2.64071406e+12  3.16e+03 5.79e-07  1.12e+07    16s
  10  -2.99190906e+10  1.98338993e+12  1.41e+03 2.38e-07  5.65e+06    16s
  11  -1.48533003e+10  1.54615518e+12  7.46e+02 2.42e-07  3.46e+06    17s
  12  -7.35146395e+09  4.89924482e+11  4.23e+02 9.54e-07  1.39e+06    17s
  13  -1.66183007e+09  2.08346228e+11  1.89e+02 9.50e-08  5.79e+05    17s
  14   1.80698185e+09  9.52659504e+10  4.83e+01 6.33e-08  1.88e+05    17s
  15   2.37350898e+09  5.26269022e+10  2.53e+01 7.45e-08  9.98e+04    18s
  16   2.47106601e+09  4.15620644e+10  2.14e+01 7.70e-08  8.06e+04    18s
  17   2.63784341e+09  3.02698637e+10  1.46e+01 6.71e-08  5.61e+04    18s
  18   2.77065560e+09  2.24445428e+10  9.17e+00 7.45e-08  3.79e+04    18s
  19   2.79873181e+09  1.84630250e+10  8.05e+00 8.69e-08  3.14e+04    18s
  20   2.83035632e+09  1.24809172e+10  6.83e+00 8.98e-08  2.24e+04    19s
  21   2.85294875e+09  1.08372370e+10  5.99e+00 1.11e-07  1.89e+04    19s
  22   2.94567275e+09  9.21274725e+09  2.71e+00 1.29e-07  1.15e+04    19s
  23   2.97271849e+09  7.70120281e+09  2.10e+00 1.35e-07  8.59e+03    20s
  24   2.98549970e+09  6.91994935e+09  1.86e+00 1.56e-07  7.18e+03    20s
  25   3.01667222e+09  5.91786169e+09  1.28e+00 1.19e-07  4.98e+03    20s
  26   3.06348880e+09  5.72637770e+09  8.28e-01 1.49e-07  4.04e+03    21s
  27   3.09331233e+09  4.45737945e+09  5.77e-01 1.50e-07  2.09e+03    21s
  28   3.11831617e+09  3.99095931e+09  4.19e-01 1.21e-07  1.31e+03    21s
  29   3.12551182e+09  3.83570330e+09  3.06e-01 1.32e-07  1.01e+03    21s
  30   3.14502868e+09  3.73541595e+09  2.52e-01 1.37e-07  8.21e+02    22s
  31   3.17994256e+09  3.56673494e+09  1.48e-01 1.19e-07  5.10e+02    22s
  32   3.18724536e+09  3.50242566e+09  1.33e-01 1.33e-07  4.16e+02    22s
  33   3.19781662e+09  3.44050150e+09  1.13e-01 1.77e-07  3.19e+02    22s
  34   3.20696248e+09  3.37580672e+09  8.99e-02 1.64e-07  2.22e+02    23s
  35   3.23039401e+09  3.35810679e+09  3.82e-02 1.67e-07  1.55e+02    23s
  36   3.23748863e+09  3.32517285e+09  2.98e-02 1.34e-07  1.07e+02    23s
  37   3.24177859e+09  3.31018833e+09  2.48e-02 1.43e-07  8.36e+01    24s
  38   3.24832322e+09  3.30104944e+09  1.78e-02 1.49e-07  6.37e+01    24s
  39   3.25438251e+09  3.29545819e+09  1.18e-02 1.39e-07  4.88e+01    24s
  40   3.25794388e+09  3.29164778e+09  8.60e-03 1.53e-07  3.97e+01    24s
  41   3.26042297e+09  3.28699086e+09  6.78e-03 1.49e-07  3.13e+01    25s
  42   3.26158235e+09  3.28355020e+09  5.96e-03 1.56e-07  2.60e+01    25s
  43   3.26329888e+09  3.28131712e+09  4.81e-03 1.42e-07  2.12e+01    25s
  44   3.26621193e+09  3.27960388e+09  2.98e-03 1.49e-07  1.56e+01    26s
  45   3.26760030e+09  3.27788258e+09  2.25e-03 1.57e-07  1.20e+01    26s
  46   3.26802679e+09  3.27748891e+09  2.05e-03 1.79e-07  1.10e+01    26s
  47   3.26837208e+09  3.27719638e+09  1.91e-03 1.81e-07  1.03e+01    27s
  48   3.26942917e+09  3.27676433e+09  1.49e-03 1.66e-07  8.49e+00    27s
  49   3.27020452e+09  3.27588995e+09  1.18e-03 1.63e-07  6.59e+00    27s
  50   3.27090322e+09  3.27553599e+09  9.26e-04 1.94e-07  5.36e+00    27s
  51   3.27125738e+09  3.27506915e+09  7.92e-04 1.74e-07  4.42e+00    28s
  52   3.27163955e+09  3.27486133e+09  6.67e-04 1.92e-07  3.74e+00    28s
  53   3.27199724e+09  3.27462261e+09  5.52e-04 1.78e-07  3.05e+00    28s
  54   3.27230359e+09  3.27437287e+09  4.55e-04 1.53e-07  2.41e+00    29s
  55   3.27256195e+09  3.27421301e+09  3.73e-04 1.54e-07  1.93e+00    29s
  56   3.27288698e+09  3.27407606e+09  2.71e-04 1.29e-07  1.39e+00    29s
  57   3.27320893e+09  3.27396899e+09  1.70e-04 1.36e-07  8.87e-01    29s
  58   3.27339762e+09  3.27390648e+09  1.13e-04 1.52e-07  5.93e-01    30s
  59   3.27359637e+09  3.27385622e+09  5.04e-05 1.36e-07  3.01e-01    30s
  60   3.27366913e+09  3.27381785e+09  2.78e-05 1.40e-07  1.72e-01    30s
  61   3.27370642e+09  3.27381079e+09  1.62e-05 1.38e-07  1.19e-01    31s
  62   3.27373505e+09  3.27379462e+09  7.93e-06 1.38e-07  6.77e-02    31s
  63   3.27374717e+09  3.27378673e+09  5.44e-06 1.24e-07  4.47e-02    31s
  64   3.27375424e+09  3.27377565e+09  3.12e-06 1.24e-07  2.43e-02    31s
  65   3.27375992e+09  3.27376825e+09  1.29e-06 1.19e-07  9.47e-03    32s
  66   3.27376382e+09  3.27376602e+09  1.23e-07 1.18e-07  2.45e-03    32s
  67   3.27376419e+09  3.27376570e+09  4.66e-08 1.37e-07  1.65e-03    32s
  68   3.27376423e+09  3.27376474e+09  2.17e-07 2.15e-07  5.66e-04    32s
  69   3.27376424e+09  3.27376425e+09  1.09e-07 2.59e-07  1.71e-05    33s
  70   3.27376425e+09  3.27376425e+09  1.05e-07 2.09e-07  2.29e-08    33s
  71   3.27376425e+09  3.27376425e+09  9.15e-08 2.39e-07  6.21e-11    33s

Barrier solved model in 71 iterations and 33.18 seconds (28.78 work units)
Optimal objective 3.27376425e+09


Root crossover log...

   11832 DPushes remaining with DInf 0.0000000e+00                33s
       0 DPushes remaining with DInf 0.0000000e+00                33s

     820 PPushes remaining with PInf 0.0000000e+00                33s
       0 PPushes remaining with PInf 0.0000000e+00                33s

  Push phase complete: Pinf 0.0000000e+00, Dinf 5.5202918e-08     33s


Root simplex log...

Iteration    Objective       Primal Inf.    Dual Inf.      Time
   12636    3.2737642e+09   0.000000e+00   0.000000e+00     33s
Concurrent spin time: 0.01s

Solved with barrier
   12636    3.2737642e+09   0.000000e+00   0.000000e+00     34s

Root relaxation: objective 3.273764e+09, 12636 iterations, 22.32 seconds (15.69 work units)

    Nodes    |    Current Node    |     Objective Bounds      |     Work
 Expl Unexpl |  Obj  Depth IntInf | Incumbent    BestBd   Gap | It/Node Time

     0     0 3.2738e+09    0  148          - 3.2738e+09      -     -   35s
     0     0 3.2737e+09    0  134          - 3.2737e+09      -     -   44s
     0     0 3.2737e+09    0  133          - 3.2737e+09      -     -   51s
     0     0 3.2737e+09    0  132          - 3.2737e+09      -     -   56s
     0     0 3.2737e+09    0  133          - 3.2737e+09      -     -   58s
     0     0 3.2737e+09    0  128          - 3.2737e+09      -     -   63s
     0     0 3.2737e+09    0  129          - 3.2737e+09      -     -   66s
     0     0 3.2737e+09    0  133          - 3.2737e+09      -     -   68s
     0     0 3.2737e+09    0  124          - 3.2737e+09      -     -   70s
     0     0 3.2737e+09    0  127          - 3.2737e+09      -     -   70s
     0     0 3.2737e+09    0  130          - 3.2737e+09      -     -   72s
     0     0 3.2737e+09    0  129          - 3.2737e+09      -     -   74s
     0     0 3.2737e+09    0  129          - 3.2737e+09      -     -   76s
     0     0 3.2737e+09    0  132          - 3.2737e+09      -     -   77s
     0     0 3.2737e+09    0  141          - 3.2737e+09      -     -   79s
     0     0 3.2737e+09    0  145          - 3.2737e+09      -     -   81s
     0     0 3.2737e+09    0  124          - 3.2737e+09      -     -   84s
     0     0 3.2737e+09    0  112          - 3.2737e+09      -     -   88s
     0     2 3.2737e+09    0  112          - 3.2737e+09      -     -  130s
     1     4 3.2737e+09    1  127          - 3.2737e+09      -  4435  140s
     3     8 3.2737e+09    2  126          - 3.2737e+09      -  2167  147s
     7    16 3.2737e+09    3  134          - 3.2737e+09      -  1151  156s
    15    32 3.2737e+09    4  122          - 3.2737e+09      -   808  172s
    31    52 3.2737e+09    5  146          - 3.2737e+09      -   640  190s
    51    72 3.2737e+09    6  133          - 3.2737e+09      -   609  202s
    71    92 3.2737e+09    6  127          - 3.2737e+09      -   514  214s
    91   112 3.2737e+09    7  130          - 3.2737e+09      -   438  230s
   111   132 3.2737e+09    7  120          - 3.2737e+09      -   408  243s
   131   152 3.2737e+09    8  131          - 3.2737e+09      -   403  258s
   151   187 3.2737e+09    8  117          - 3.2737e+09      -   382  284s
   186   239 3.2737e+09    9  130          - 3.2737e+09      -   407  357s
   238   504 3.2737e+09   12  125          - 3.2737e+09      -   411  452s
   503  1292 3.2737e+09   23  130          - 3.2737e+09      -   307  698s
  1291  2575 3.2736e+09   48  121          - 3.2737e+09      -   253 1030s
  2574  3894 3.2736e+09  113  114          - 3.2737e+09      -   218 1310s
  3893  5204 3.2735e+09  179  105          - 3.2737e+09      -   182 1470s
  5203  6493 3.2735e+09  244  107          - 3.2737e+09      -   166 1597s
H 6102  6493                    3.248669e+09 3.2737e+09  0.77%   156 1597s

Cutting planes:
  Learned: 1
  Cover: 24
  Implied bound: 28
  MIR: 37
  Flow cover: 35
  GUB cover: 1
  RLT: 3
  Relax-and-lift: 12

Explored 6492 nodes (1028899 simplex iterations) in 1598.04 seconds (1141.86 work units)
Thread count was 20 (of 40 available processors)

Solution count 1: 3.24867e+09 

Optimal solution found (tolerance 1.00e-02)
Best objective 3.248668785415e+09, best bound 3.273703113420e+09, gap 0.7706%
Gurobi Optimizer version 10.0.1 build v10.0.1rc0 (linux64)

CPU model: Intel(R) Xeon(R) Gold 5115 CPU @ 2.40GHz, instruction set [SSE2|AVX|AVX2|AVX512]
Thread count: 20 physical cores, 40 logical processors, using up to 20 threads

Optimize a model with 89349 rows, 746714 columns and 3481274 nonzeros
Model fingerprint: 0x5091f79e
Variable types: 414943 continuous, 331771 integer (331771 binary)
Coefficient statistics:
  Matrix range     [1e+00, 2e+05]
  Objective range  [4e+01, 3e+07]
  Bounds range     [1e+00, 3e+05]
  RHS range        [1e+00, 3e+06]
Presolve removed 77209 rows and 532355 columns (presolve time = 5s) ...
Presolve removed 78096 rows and 553549 columns (presolve time = 10s) ...
Presolve removed 78076 rows and 553529 columns
Presolve time: 10.10s
Presolved: 11273 rows, 193185 columns, 783537 nonzeros
Variable types: 161823 continuous, 31362 integer (31353 binary)
Deterministic concurrent LP optimizer: primal simplex, dual simplex, and barrier
Showing barrier log only...

Root barrier log...

Ordering time: 0.24s

Barrier statistics:
 AA' NZ     : 4.511e+05
 Factor NZ  : 2.755e+06 (roughly 100 MB of memory)
 Factor Ops : 2.951e+09 (less than 1 second per iteration)
 Threads    : 17

                  Objective                Residual
Iter       Primal          Dual         Primal    Dual     Compl     Time
   0  -3.82325180e+15  2.48376114e+13  2.77e+08 4.73e+06  7.96e+11    12s
   1  -1.89579380e+15  2.34884205e+13  1.37e+08 3.23e+06  4.00e+11    12s
   2  -1.87295061e+14  1.89256650e+13  1.35e+07 5.96e-08  4.08e+10    12s
   3  -8.22119484e+12  1.28450863e+13  5.93e+05 2.98e-08  1.82e+09    13s
   4  -8.67103886e+11  2.91128068e+12  6.25e+04 2.62e-08  1.98e+08    13s
   5  -1.36047821e+11  1.81112971e+12  9.83e+03 2.24e-08  3.44e+07    13s
   6  -4.64699051e+10  1.23565466e+12  3.46e+03 4.85e-08  1.31e+07    13s
   7  -2.98649740e+10  7.49678755e+11  2.27e+03 3.17e-08  7.76e+06    13s
   8  -1.36989303e+10  2.47968601e+11  1.11e+03 1.94e-07  3.08e+06    13s
   9  -1.11810621e+09  1.14387203e+11  2.04e+02 1.53e-07  7.09e+05    13s
  10   4.77628960e+08  7.51850034e+10  8.98e+01 1.83e-07  3.72e+05    13s
  11   1.20840890e+09  5.01499715e+10  3.91e+01 1.77e-07  2.05e+05    13s
  12   1.52197110e+09  2.47805908e+10  1.75e+01 8.10e-08  9.83e+04    13s
  13   1.63011781e+09  1.97161085e+10  1.01e+01 8.75e-08  7.10e+04    14s
  14   1.69955880e+09  1.65307586e+10  4.82e+00 8.15e-08  5.28e+04    14s
  15   1.71948366e+09  1.31832674e+10  3.44e+00 9.59e-08  4.08e+04    14s
  16   1.73073676e+09  9.79344125e+09  2.97e+00 1.83e-07  3.18e+04    14s
  17   1.75510961e+09  8.06366260e+09  2.16e+00 1.57e-07  2.45e+04    14s
  18   1.77154261e+09  6.86178239e+09  1.51e+00 2.23e-07  1.87e+04    14s
  19   1.79177828e+09  5.37994775e+09  1.21e+00 1.97e-07  1.35e+04    14s
  20   1.84730403e+09  4.17097379e+09  8.24e-01 1.71e-07  8.42e+03    14s
  21   1.86898649e+09  3.81241632e+09  7.12e-01 2.13e-07  6.93e+03    14s
  22   1.87127921e+09  3.32121016e+09  6.74e-01 2.26e-07  5.29e+03    14s
  23   1.91070486e+09  3.12320459e+09  4.78e-01 2.17e-07  4.14e+03    15s
  24   1.96572655e+09  2.75089737e+09  2.33e-01 1.73e-07  2.41e+03    15s
  25   2.01276338e+09  2.45270183e+09  7.46e-02 1.13e-07  1.23e+03    15s
  26   2.02179083e+09  2.26429332e+09  6.26e-02 9.22e-08  6.75e+02    15s
  27   2.03260570e+09  2.19087386e+09  4.93e-02 5.03e-08  4.37e+02    15s
  28   2.04051050e+09  2.16491462e+09  3.99e-02 3.91e-08  3.41e+02    15s
  29   2.05050267e+09  2.14286042e+09  2.97e-02 3.73e-08  2.51e+02    15s
  30   2.05652960e+09  2.13757312e+09  2.49e-02 4.28e-08  2.20e+02    15s
  31   2.06416703e+09  2.12704366e+09  1.94e-02 4.00e-08  1.70e+02    15s
  32   2.06939815e+09  2.11279736e+09  1.52e-02 3.54e-08  1.17e+02    16s
  33   2.07225847e+09  2.10877007e+09  1.31e-02 3.17e-08  9.85e+01    16s
  34   2.07543445e+09  2.10426251e+09  1.08e-02 2.05e-08  7.77e+01    16s
  35   2.07917688e+09  2.10190254e+09  8.18e-03 2.51e-08  6.11e+01    16s
  36   2.08231564e+09  2.09978185e+09  6.09e-03 2.89e-08  4.68e+01    16s
  37   2.08417902e+09  2.09840836e+09  5.03e-03 1.58e-08  3.81e+01    16s
  38   2.08424213e+09  2.09772654e+09  4.99e-03 1.58e-08  3.62e+01    16s
  39   2.08695443e+09  2.09722020e+09  3.38e-03 2.42e-08  2.75e+01    16s
  40   2.08728638e+09  2.09653925e+09  3.19e-03 2.70e-08  2.48e+01    17s
  41   2.08914522e+09  2.09600834e+09  2.19e-03 1.86e-08  1.83e+01    17s
  42   2.08967467e+09  2.09544873e+09  1.91e-03 2.05e-08  1.54e+01    17s
  43   2.09074445e+09  2.09516684e+09  1.38e-03 2.61e-08  1.18e+01    17s
  44   2.09127611e+09  2.09461586e+09  1.12e-03 2.98e-08  8.93e+00    17s
  45   2.09208855e+09  2.09435919e+09  7.49e-04 3.17e-08  6.07e+00    17s
  46   2.09231948e+09  2.09421802e+09  6.43e-04 2.33e-08  5.08e+00    17s
  47   2.09278818e+09  2.09409448e+09  4.33e-04 1.86e-08  3.49e+00    17s
  48   2.09305496e+09  2.09404136e+09  3.21e-04 2.24e-08  2.64e+00    18s
  49   2.09336319e+09  2.09394617e+09  1.88e-04 1.68e-08  1.56e+00    18s
  50   2.09342219e+09  2.09391882e+09  1.62e-04 2.05e-08  1.33e+00    18s
  51   2.09350239e+09  2.09391834e+09  1.28e-04 2.70e-08  1.11e+00    18s
  52   2.09372919e+09  2.09388625e+09  3.59e-05 2.61e-08  4.17e-01    18s
  53   2.09380694e+09  2.09383650e+09  5.40e-06 1.68e-08  7.82e-02    18s
  54   2.09381701e+09  2.09382402e+09  2.01e-06 1.40e-08  1.87e-02    18s
  55   2.09382168e+09  2.09382340e+09  4.82e-07 1.49e-08  4.58e-03    18s
  56   2.09382320e+09  2.09382331e+09  3.54e-08 1.49e-08  2.89e-04    18s
  57   2.09382329e+09  2.09382329e+09  5.53e-10 1.40e-08  5.40e-07    18s
  58   2.09382329e+09  2.09382329e+09  2.66e-09 1.49e-08  5.33e-11    19s

Barrier solved model in 58 iterations and 18.52 seconds (18.83 work units)
Optimal objective 2.09382329e+09


Root crossover log...

    5501 DPushes remaining with DInf 0.0000000e+00                19s
       0 DPushes remaining with DInf 0.0000000e+00                19s

     840 PPushes remaining with PInf 0.0000000e+00                19s
       0 PPushes remaining with PInf 0.0000000e+00                19s

  Push phase complete: Pinf 0.0000000e+00, Dinf 1.5811281e-09     19s


Root simplex log...

Iteration    Objective       Primal Inf.    Dual Inf.      Time
    6342    2.0938233e+09   0.000000e+00   0.000000e+00     19s
Concurrent spin time: 0.01s

Solved with barrier
    6358    2.0938233e+09   0.000000e+00   0.000000e+00     19s
Extra simplex iterations after uncrush: 16

Root relaxation: objective 2.093823e+09, 6358 iterations, 7.60 seconds (5.07 work units)

    Nodes    |    Current Node    |     Objective Bounds      |     Work
 Expl Unexpl |  Obj  Depth IntInf | Incumbent    BestBd   Gap | It/Node Time

     0     0 2.0938e+09    0  120          - 2.0938e+09      -     -   19s
H    0     0                    1.844160e+09 2.0938e+09  13.5%     -   21s
H    0     0                    1.844171e+09 2.0938e+09  13.5%     -   24s
H    0     0                    1.844174e+09 2.0938e+09  13.5%     -   24s
     0     0 2.0938e+09    0  127 1.8442e+09 2.0938e+09  13.5%     -   27s
H    0     0                    1.888757e+09 2.0938e+09  10.9%     -   31s
H    0     0                    1.888757e+09 2.0938e+09  10.9%     -   32s
     0     0 2.0933e+09    0  124 1.8888e+09 2.0933e+09  10.8%     -   32s
     0     0 2.0933e+09    0  126 1.8888e+09 2.0933e+09  10.8%     -   34s
     0     0 2.0933e+09    0  122 1.8888e+09 2.0933e+09  10.8%     -   35s
     0     0 2.0933e+09    0  124 1.8888e+09 2.0933e+09  10.8%     -   36s
     0     0 2.0932e+09    0  130 1.8888e+09 2.0932e+09  10.8%     -   37s
     0     0 2.0932e+09    0  140 1.8888e+09 2.0932e+09  10.8%     -   38s
     0     0 2.0932e+09    0  143 1.8888e+09 2.0932e+09  10.8%     -   39s
H    0     0                    1.938850e+09 2.0932e+09  7.96%     -   41s
     0     0 2.0932e+09    0  144 1.9389e+09 2.0932e+09  7.96%     -   41s
     0     0 2.0932e+09    0  143 1.9389e+09 2.0932e+09  7.96%     -   43s
     0     0 2.0932e+09    0  144 1.9389e+09 2.0932e+09  7.96%     -   44s
     0     0 2.0932e+09    0  142 1.9389e+09 2.0932e+09  7.96%     -   44s
     0     0 2.0930e+09    0  127 1.9389e+09 2.0930e+09  7.95%     -   46s
     0     0 2.0930e+09    0  128 1.9389e+09 2.0930e+09  7.95%     -   47s
     0     0 2.0930e+09    0  132 1.9389e+09 2.0930e+09  7.95%     -   47s
     0     0 2.0930e+09    0  128 1.9389e+09 2.0930e+09  7.95%     -   49s
H    0     0                    2.008087e+09 2.0930e+09  4.23%     -   51s
     0     0 2.0930e+09    0  135 2.0081e+09 2.0930e+09  4.23%     -   51s
     0     0 2.0930e+09    0  141 2.0081e+09 2.0930e+09  4.23%     -   52s
     0     0 2.0930e+09    0  142 2.0081e+09 2.0930e+09  4.23%     -   53s
     0     0 2.0930e+09    0  140 2.0081e+09 2.0930e+09  4.23%     -   55s
     0     0 2.0930e+09    0  128 2.0081e+09 2.0930e+09  4.23%     -   58s
     0     2 2.0930e+09    0  128 2.0081e+09 2.0930e+09  4.23%     -   67s
     3     8 2.0930e+09    2  131 2.0081e+09 2.0930e+09  4.23%   334   73s
     7    16 2.0930e+09    3  134 2.0081e+09 2.0930e+09  4.23%   321   78s
    15    32 2.0930e+09    4  149 2.0081e+09 2.0930e+09  4.23%   418   85s
H   31    52                    2.019466e+09 2.0930e+09  3.64%   572   94s
H   34    52                    2.028352e+09 2.0930e+09  3.19%   558   94s
    51    72 2.0930e+09    6  152 2.0284e+09 2.0930e+09  3.19%   546  101s
    71    92 2.0930e+09    6  137 2.0284e+09 2.0930e+09  3.19%   500  110s
H   91   112                    2.044946e+09 2.0930e+09  2.35%   524  135s
H   98   112                    2.062712e+09 2.0930e+09  1.47%   511  135s
H  108   112                    2.066600e+09 2.0930e+09  1.28%   525  135s
   111   132 2.0930e+09    7  124 2.0666e+09 2.0930e+09  1.28%   520  142s
   131   152 2.0930e+09    8  128 2.0666e+09 2.0930e+09  1.28%   516  147s
H  151   171                    2.067053e+09 2.0930e+09  1.26%   490  173s
H  152   171                    2.067073e+09 2.0930e+09  1.25%   487  173s
H  157   171                    2.076571e+09 2.0930e+09  0.79%   504  173s

Cutting planes:
  Cover: 96
  Implied bound: 31
  Clique: 3
  MIR: 72
  Flow cover: 58
  GUB cover: 11
  Network: 70
  RLT: 17
  Relax-and-lift: 20

Explored 171 nodes (96406 simplex iterations) in 173.91 seconds (202.24 work units)
Thread count was 20 (of 40 available processors)

Solution count 10: 2.07657e+09 2.06707e+09 2.06705e+09 ... 1.93885e+09

Optimal solution found (tolerance 1.00e-02)
Best objective 2.076570974843e+09, best bound 2.093001908691e+09, gap 0.7913%
Gurobi Optimizer version 10.0.1 build v10.0.1rc0 (linux64)

CPU model: Intel(R) Xeon(R) Gold 5115 CPU @ 2.40GHz, instruction set [SSE2|AVX|AVX2|AVX512]
Thread count: 20 physical cores, 40 logical processors, using up to 20 threads

Optimize a model with 114238 rows, 1013852 columns and 5303564 nonzeros
Model fingerprint: 0xe7943a00
Variable types: 427551 continuous, 586301 integer (586301 binary)
Coefficient statistics:
  Matrix range     [1e+00, 2e+05]
  Objective range  [4e+01, 3e+07]
  Bounds range     [1e+00, 3e+05]
  RHS range        [1e+00, 5e+06]
Presolve removed 99904 rows and 715783 columns (presolve time = 5s) ...
Presolve removed 103406 rows and 829141 columns (presolve time = 10s) ...
Presolve removed 103432 rows and 829618 columns
Presolve time: 14.34s
Presolved: 10806 rows, 184234 columns, 764479 nonzeros
Variable types: 151245 continuous, 32989 integer (32980 binary)
Deterministic concurrent LP optimizer: primal simplex, dual simplex, and barrier
Showing barrier log only...

Root barrier log...

Ordering time: 0.23s

Barrier statistics:
 AA' NZ     : 4.316e+05
 Factor NZ  : 2.328e+06 (roughly 100 MB of memory)
 Factor Ops : 2.112e+09 (less than 1 second per iteration)
 Threads    : 17

                  Objective                Residual
Iter       Primal          Dual         Primal    Dual     Compl     Time
   0  -4.87063963e+15  1.15602227e+13  1.90e+08 5.80e+06  5.85e+11    16s
   1  -1.37168815e+15  1.36171581e+13  5.35e+07 4.09e+06  1.66e+11    17s
   2  -3.07101440e+14  1.23873677e+13  1.20e+07 6.85e+04  3.79e+10    17s
   3  -8.62586885e+12  8.83148419e+12  3.37e+05 2.05e-08  1.09e+09    17s
   4  -1.74289474e+12  1.90744609e+12  6.82e+04 2.24e-08  2.22e+08    17s
   5  -7.56030874e+11  1.36875317e+12  2.96e+04 1.50e-08  9.74e+07    17s
   6  -1.83802960e+11  9.14684469e+11  7.26e+03 1.49e-08  2.53e+07    17s
   7  -5.45972600e+10  7.27834420e+11  2.21e+03 1.21e-08  8.75e+06    17s
   8  -2.27208772e+10  4.50744204e+11  9.68e+02 1.40e-08  3.93e+06    17s
   9  -8.17834703e+09  1.97232324e+11  4.02e+02 1.21e-08  1.50e+06    17s
  10   2.02134394e+08  7.55731885e+10  7.66e+01 2.33e-08  3.69e+05    17s
  11   8.65571296e+08  5.08283036e+10  5.14e+01 3.49e-08  2.44e+05    17s
  12   1.65450079e+09  3.89193569e+10  2.19e+01 3.45e-08  1.50e+05    17s
  13   1.86223986e+09  2.61388700e+10  1.42e+01 4.72e-08  9.72e+04    18s
  14   1.97844917e+09  1.82500231e+10  9.92e+00 6.16e-08  6.71e+04    18s
  15   2.05807378e+09  1.31938689e+10  7.09e+00 6.47e-08  4.72e+04    18s
  16   2.13145054e+09  1.00368069e+10  4.43e+00 7.73e-08  3.29e+04    18s
  17   2.18960669e+09  7.08756986e+09  2.60e+00 2.40e-07  2.10e+04    18s
  18   2.22418104e+09  5.82149785e+09  2.00e+00 2.02e-07  1.57e+04    18s
  19   2.24191113e+09  5.27610716e+09  1.71e+00 2.06e-07  1.32e+04    18s
  20   2.27310017e+09  3.87137484e+09  9.37e-01 1.61e-07  6.61e+03    18s
  21   2.32954642e+09  3.45863269e+09  2.02e-01 1.34e-07  3.59e+03    18s
  22   2.34019553e+09  2.91174550e+09  1.43e-01 9.22e-08  1.78e+03    18s
  23   2.34838611e+09  2.83509610e+09  1.03e-01 9.78e-08  1.49e+03    18s
  24   2.34882945e+09  2.77650182e+09  7.91e-02 9.50e-08  1.29e+03    19s
  25   2.35357458e+09  2.54425854e+09  6.03e-02 4.56e-08  5.67e+02    19s
  26   2.36458975e+09  2.49041688e+09  2.87e-02 3.73e-08  3.67e+02    19s
  27   2.36459772e+09  2.48057952e+09  2.86e-02 3.73e-08  3.38e+02    19s
  28   2.36877683e+09  2.47098343e+09  2.07e-02 3.54e-08  2.96e+02    19s
  29   2.37195354e+09  2.44850688e+09  1.56e-02 2.98e-08  2.21e+02    19s
  30   2.37486052e+09  2.43930051e+09  1.22e-02 2.51e-08  1.86e+02    19s
  31   2.37821760e+09  2.42514921e+09  8.05e-03 1.96e-08  1.35e+02    19s
  32   2.38091764e+09  2.41634605e+09  5.23e-03 1.96e-08  1.02e+02    19s
  33   2.38251151e+09  2.41143094e+09  3.96e-03 1.68e-08  8.29e+01    19s
  34   2.38277944e+09  2.40934560e+09  3.77e-03 1.49e-08  7.61e+01    19s
  35   2.38470515e+09  2.40449601e+09  2.57e-03 1.30e-08  5.67e+01    20s
  36   2.38592876e+09  2.40211803e+09  1.98e-03 1.02e-08  4.63e+01    20s
  37   2.38680584e+09  2.39950217e+09  1.66e-03 9.31e-09  3.63e+01    20s
  38   2.38787992e+09  2.39820172e+09  1.28e-03 8.38e-09  2.95e+01    20s
  39   2.38868070e+09  2.39781164e+09  1.03e-03 7.45e-09  2.61e+01    20s
  40   2.38932593e+09  2.39702453e+09  8.40e-04 1.02e-08  2.20e+01    20s
  41   2.38950997e+09  2.39657925e+09  7.89e-04 1.12e-08  2.02e+01    20s
  42   2.39019108e+09  2.39598865e+09  6.01e-04 1.02e-08  1.66e+01    20s
  43   2.39085904e+09  2.39524880e+09  4.30e-04 8.38e-09  1.26e+01    20s
  44   2.39137472e+09  2.39467842e+09  3.26e-04 6.52e-09  9.45e+00    21s
  45   2.39196864e+09  2.39431254e+09  2.16e-04 6.52e-09  6.70e+00    21s
  46   2.39233276e+09  2.39401703e+09  1.57e-04 6.52e-09  4.82e+00    21s
  47   2.39243210e+09  2.39376795e+09  1.41e-04 7.45e-09  3.82e+00    21s
  48   2.39275338e+09  2.39364885e+09  9.22e-05 5.59e-09  2.56e+00    21s
  49   2.39297976e+09  2.39351225e+09  5.85e-05 6.66e-09  1.52e+00    21s
  50   2.39321616e+09  2.39345167e+09  2.32e-05 5.12e-09  6.73e-01    21s
  51   2.39334088e+09  2.39341151e+09  5.27e-06 5.09e-09  2.02e-01    21s
  52   2.39336723e+09  2.39340274e+09  1.74e-06 5.59e-09  1.01e-01    21s
  53   2.39337503e+09  2.39338798e+09  6.84e-07 5.59e-09  3.70e-02    21s
  54   2.39337926e+09  2.39338240e+09  1.45e-07 6.52e-09  8.97e-03    22s
  55   2.39337979e+09  2.39338124e+09  7.97e-08 5.94e-09  4.15e-03    22s
  56   2.39338024e+09  2.39338088e+09  2.75e-08 4.66e-09  1.83e-03    22s
  57   2.39338036e+09  2.39338052e+09  1.43e-08 6.17e-09  4.77e-04    22s
  58   2.39338046e+09  2.39338048e+09  1.99e-09 7.71e-09  5.20e-05    22s
  59   2.39338048e+09  2.39338048e+09  6.13e-09 7.45e-09  1.63e-07    22s
  60   2.39338048e+09  2.39338048e+09  1.81e-11 7.45e-09  5.54e-11    22s

Barrier solved model in 60 iterations and 22.23 seconds (27.11 work units)
Optimal objective 2.39338048e+09


Root crossover log...

    4979 DPushes remaining with DInf 0.0000000e+00                22s
       0 DPushes remaining with DInf 0.0000000e+00                22s

     428 PPushes remaining with PInf 0.0000000e+00                22s
       0 PPushes remaining with PInf 0.0000000e+00                22s

  Push phase complete: Pinf 0.0000000e+00, Dinf 2.2556818e+00     22s


Root simplex log...

Iteration    Objective       Primal Inf.    Dual Inf.      Time
    5367    2.3933805e+09   0.000000e+00   2.255682e+00     22s
    5369    2.3933805e+09   0.000000e+00   0.000000e+00     22s
Concurrent spin time: 0.01s

Solved with barrier
    5398    2.3933805e+09   0.000000e+00   0.000000e+00     23s
Extra simplex iterations after uncrush: 29

Root relaxation: objective 2.393380e+09, 5398 iterations, 7.02 seconds (4.80 work units)

    Nodes    |    Current Node    |     Objective Bounds      |     Work
 Expl Unexpl |  Obj  Depth IntInf | Incumbent    BestBd   Gap | It/Node Time

     0     0 2.3934e+09    0   92          - 2.3934e+09      -     -   23s
H    0     0                    2.294749e+09 2.3934e+09  4.30%     -   26s
     0     0 2.3932e+09    0   78 2.2947e+09 2.3932e+09  4.29%     -   30s
     0     0 2.3931e+09    0   77 2.2947e+09 2.3931e+09  4.29%     -   32s
     0     0 2.3931e+09    0   81 2.2947e+09 2.3931e+09  4.29%     -   33s
     0     0 2.3931e+09    0   79 2.2947e+09 2.3931e+09  4.29%     -   35s
     0     0 2.3931e+09    0   85 2.2947e+09 2.3931e+09  4.29%     -   40s
     0     0 2.3931e+09    0   76 2.2947e+09 2.3931e+09  4.29%     -   40s
     0     0 2.3931e+09    0   79 2.2947e+09 2.3931e+09  4.29%     -   41s
     0     0 2.3931e+09    0   83 2.2947e+09 2.3931e+09  4.29%     -   42s
H    0     0                    2.313776e+09 2.3931e+09  3.43%     -   44s
     0     0 2.3931e+09    0   90 2.3138e+09 2.3931e+09  3.43%     -   46s
     0     0 2.3931e+09    0   87 2.3138e+09 2.3931e+09  3.43%     -   47s
     0     0 2.3931e+09    0   89 2.3138e+09 2.3931e+09  3.43%     -   48s
H    0     0                    2.316081e+09 2.3931e+09  3.33%     -   51s
     0     0 2.3931e+09    0   92 2.3161e+09 2.3931e+09  3.33%     -   51s
     0     0 2.3931e+09    0   93 2.3161e+09 2.3931e+09  3.33%     -   52s
     0     0 2.3931e+09    0   95 2.3161e+09 2.3931e+09  3.33%     -   54s
     0     0 2.3931e+09    0   95 2.3161e+09 2.3931e+09  3.33%     -   55s
     0     0 2.3931e+09    0   92 2.3161e+09 2.3931e+09  3.33%     -   57s
H    0     0                    2.333559e+09 2.3931e+09  2.55%     -   59s
     0     2 2.3931e+09    0   89 2.3336e+09 2.3931e+09  2.55%     -   63s
     1     4 2.3931e+09    1  102 2.3336e+09 2.3931e+09  2.55%   666   66s
     7    16 2.3931e+09    3   89 2.3336e+09 2.3931e+09  2.55%   630   72s
    15    32 2.3931e+09    4  107 2.3336e+09 2.3931e+09  2.55%   615   79s
    31    52 2.3931e+09    5   99 2.3336e+09 2.3931e+09  2.55%   719   85s
H   32    52                    2.337753e+09 2.3931e+09  2.37%   696   85s
H   35    52                    2.339485e+09 2.3931e+09  2.29%   658   86s
H   39    52                    2.350806e+09 2.3931e+09  1.80%   621   86s
H   43    52                    2.353742e+09 2.3931e+09  1.67%   611   86s
    51    72 2.3931e+09    6   99 2.3537e+09 2.3931e+09  1.67%   596   90s
H   91   112                    2.361761e+09 2.3931e+09  1.33%   467  128s
H   99   112                    2.372678e+09 2.3931e+09  0.86%   458  128s
H  107   112                    2.374016e+09 2.3931e+09  0.80%   436  128s

Cutting planes:
  Cover: 25
  Implied bound: 37
  Clique: 1
  MIR: 47
  Flow cover: 61
  Network: 18
  RLT: 8
  Relax-and-lift: 9

Explored 111 nodes (56514 simplex iterations) in 128.86 seconds (137.05 work units)
Thread count was 20 (of 40 available processors)

Solution count 10: 2.37402e+09 2.37402e+09 2.37268e+09 ... 2.31608e+09

Optimal solution found (tolerance 1.00e-02)
Best objective 2.374016117545e+09, best bound 2.393087730484e+09, gap 0.8033%
Gurobi Optimizer version 10.0.1 build v10.0.1rc0 (linux64)

CPU model: Intel(R) Xeon(R) Gold 5115 CPU @ 2.40GHz, instruction set [SSE2|AVX|AVX2|AVX512]
Thread count: 20 physical cores, 40 logical processors, using up to 20 threads

Optimize a model with 139125 rows, 1292990 columns and 7492028 nonzeros
Model fingerprint: 0x723e01f5
Variable types: 444018 continuous, 848972 integer (848972 binary)
Coefficient statistics:
  Matrix range     [1e+00, 2e+05]
  Objective range  [4e+01, 3e+07]
  Bounds range     [2e-12, 3e+05]
  RHS range        [1e+00, 6e+06]
Presolve removed 125040 rows and 982989 columns (presolve time = 5s) ...
Presolve removed 128743 rows and 1109799 columns (presolve time = 10s) ...
Presolve removed 128769 rows and 1110560 columns
Presolve time: 13.70s
Presolved: 10356 rows, 182430 columns, 745815 nonzeros
Variable types: 151967 continuous, 30463 integer (30454 binary)
Deterministic concurrent LP optimizer: primal simplex, dual simplex, and barrier
Showing barrier log only...

Root barrier log...

Ordering time: 0.21s

Barrier statistics:
 AA' NZ     : 3.896e+05
 Factor NZ  : 1.976e+06 (roughly 80 MB of memory)
 Factor Ops : 1.565e+09 (less than 1 second per iteration)
 Threads    : 17

                  Objective                Residual
Iter       Primal          Dual         Primal    Dual     Compl     Time
   0  -6.07187163e+15  7.16114992e+12  2.35e+08 2.41e+06  5.00e+11    16s
   1  -1.72791312e+15  9.23083466e+12  6.69e+07 2.16e+06  1.44e+11    16s
   2  -2.80588588e+14  7.91761160e+12  1.09e+07 8.16e+04  2.37e+10    16s
   3  -9.65250628e+12  5.49932366e+12  3.74e+05 1.17e+03  8.36e+08    16s
   4  -5.46888344e+12  1.15827492e+12  2.12e+05 1.13e-08  4.71e+08    16s
   5  -6.63712188e+11  7.29297193e+11  2.58e+04 1.10e+01  5.90e+07    16s
   6  -2.15925067e+11  5.27153157e+11  8.47e+03 8.38e-09  1.99e+07    17s
   7  -1.18203206e+11  4.19994752e+11  4.68e+03 7.68e-09  1.11e+07    17s
   8  -5.46041039e+10  3.80969385e+11  2.21e+03 7.57e-09  5.73e+06    17s
   9  -2.30598574e+10  2.40480383e+11  9.92e+02 8.35e-09  2.60e+06    17s
  10  -6.30247363e+09  1.18523452e+11  3.44e+02 9.31e-09  9.20e+05    17s
  11  -3.99114834e+09  7.74660370e+10  2.55e+02 4.17e-08  6.10e+05    17s
  12  -3.90276358e+08  7.33007835e+10  1.16e+02 5.91e-08  3.91e+05    17s
  13   1.35031304e+09  4.47735438e+10  4.97e+01 5.41e-08  2.00e+05    17s
  14   2.09429211e+09  3.00704401e+10  2.22e+01 4.40e-08  1.16e+05    17s
  15   2.29200633e+09  2.17035632e+10  1.50e+01 5.82e-08  7.99e+04    17s
  16   2.46125327e+09  1.73139012e+10  8.98e+00 5.55e-08  5.84e+04    17s
  17   2.50234232e+09  1.17638850e+10  7.50e+00 4.55e-08  4.07e+04    17s
  18   2.54605812e+09  9.54845188e+09  5.90e+00 5.39e-08  3.24e+04    17s
  19   2.59162731e+09  7.22874730e+09  3.88e+00 1.96e-07  2.29e+04    17s
  20   2.62596816e+09  6.97556925e+09  2.99e+00 2.25e-07  2.01e+04    18s
  21   2.65322513e+09  5.35191350e+09  2.44e+00 1.69e-07  1.38e+04    18s
  22   2.68424675e+09  4.43990456e+09  1.95e+00 1.80e-07  9.40e+03    18s
  23   2.75753476e+09  3.96324670e+09  7.77e-01 1.46e-07  5.07e+03    18s
  24   2.77826003e+09  3.46032452e+09  4.79e-01 1.25e-07  2.74e+03    18s
  25   2.78888342e+09  3.27370560e+09  3.45e-01 9.59e-08  1.87e+03    18s
  26   2.80545516e+09  3.09092431e+09  1.54e-01 6.61e-08  1.01e+03    18s
  27   2.80832789e+09  2.99627094e+09  1.33e-01 5.49e-08  6.58e+02    18s
  28   2.81224126e+09  2.95268564e+09  1.08e-01 4.75e-08  4.84e+02    18s
  29   2.81573040e+09  2.92688391e+09  8.89e-02 4.00e-08  3.78e+02    18s
  30   2.81953864e+09  2.91220265e+09  7.14e-02 4.10e-08  3.10e+02    18s
  31   2.82338595e+09  2.89711097e+09  5.75e-02 3.17e-08  2.44e+02    18s
  32   2.82712366e+09  2.88135636e+09  4.48e-02 2.05e-08  1.77e+02    18s
  33   2.83020197e+09  2.86799200e+09  3.59e-02 2.14e-08  1.23e+02    19s
  34   2.83378746e+09  2.86088597e+09  2.63e-02 1.21e-08  8.71e+01    19s
  35   2.83438201e+09  2.85893266e+09  2.48e-02 1.49e-08  7.87e+01    19s
  36   2.83499402e+09  2.85793132e+09  2.33e-02 1.21e-08  7.35e+01    19s
  37   2.83590775e+09  2.85532008e+09  2.10e-02 1.21e-08  6.20e+01    19s
  38   2.83733695e+09  2.85402351e+09  1.80e-02 1.12e-08  5.32e+01    19s
  39   2.83932638e+09  2.85299434e+09  1.40e-02 1.12e-08  4.34e+01    19s
  40   2.84098049e+09  2.85154675e+09  1.10e-02 9.31e-09  3.35e+01    19s
  41   2.84261262e+09  2.85104198e+09  8.01e-03 1.02e-08  2.66e+01    19s
  42   2.84355793e+09  2.85064220e+09  6.29e-03 1.02e-08  2.23e+01    19s
  43   2.84440937e+09  2.85026788e+09  5.17e-03 1.12e-08  1.85e+01    19s
  44   2.84518063e+09  2.84960718e+09  3.98e-03 8.38e-09  1.39e+01    20s
  45   2.84590259e+09  2.84924995e+09  2.93e-03 7.45e-09  1.05e+01    20s
  46   2.84643181e+09  2.84903013e+09  2.21e-03 7.45e-09  8.16e+00    20s
  47   2.84679585e+09  2.84882573e+09  1.76e-03 9.31e-09  6.38e+00    20s
  48   2.84721527e+09  2.84869369e+09  1.26e-03 9.31e-09  4.64e+00    20s
  49   2.84750592e+09  2.84859889e+09  9.15e-04 9.31e-09  3.43e+00    20s
  50   2.84776097e+09  2.84847204e+09  6.20e-04 6.52e-09  2.23e+00    20s
  51   2.84795335e+09  2.84843658e+09  4.04e-04 7.45e-09  1.52e+00    20s
  52   2.84816442e+09  2.84837072e+09  1.73e-04 5.59e-09  6.48e-01    20s
  53   2.84827466e+09  2.84834536e+09  5.58e-05 5.59e-09  2.22e-01    20s
  54   2.84832005e+09  2.84833541e+09  1.10e-05 4.66e-09  4.81e-02    21s
  55   2.84832543e+09  2.84833157e+09  3.62e-06 5.59e-09  1.92e-02    21s
  56   2.84832811e+09  2.84832963e+09  5.80e-07 4.66e-09  4.77e-03    21s
  57   2.84832822e+09  2.84832872e+09  2.88e-07 5.59e-09  1.55e-03    21s
  58   2.84832830e+09  2.84832834e+09  8.86e-08 5.70e-09  1.47e-04    21s
  59   2.84832834e+09  2.84832834e+09  4.69e-09 6.52e-09  7.67e-06    21s
  60   2.84832834e+09  2.84832834e+09  1.24e-10 7.45e-09  2.53e-09    21s

Barrier solved model in 60 iterations and 21.08 seconds (27.68 work units)
Optimal objective 2.84832834e+09


Root crossover log...

    4261 DPushes remaining with DInf 0.0000000e+00                21s
       0 DPushes remaining with DInf 0.0000000e+00                21s

     580 PPushes remaining with PInf 0.0000000e+00                21s
       0 PPushes remaining with PInf 0.0000000e+00                21s

  Push phase complete: Pinf 0.0000000e+00, Dinf 1.1565505e-01     21s


Root simplex log...

Iteration    Objective       Primal Inf.    Dual Inf.      Time
    4826    2.8483283e+09   0.000000e+00   1.156550e-01     21s
    4828    2.8483283e+09   0.000000e+00   0.000000e+00     21s
Concurrent spin time: 0.00s

Solved with barrier
    4859    2.8483283e+09   0.000000e+00   0.000000e+00     21s
Extra simplex iterations after uncrush: 31

Root relaxation: objective 2.848328e+09, 4859 iterations, 6.18 seconds (4.21 work units)

    Nodes    |    Current Node    |     Objective Bounds      |     Work
 Expl Unexpl |  Obj  Depth IntInf | Incumbent    BestBd   Gap | It/Node Time

     0     0 2.8483e+09    0   76          - 2.8483e+09      -     -   22s
     0     0 2.8480e+09    0   89          - 2.8480e+09      -     -   24s
H    0     0                    2.708790e+09 2.8480e+09  5.14%     -   28s
     0     0 2.8476e+09    0   93 2.7088e+09 2.8476e+09  5.13%     -   29s
H    0     0                    2.712046e+09 2.8476e+09  5.00%     -   30s
     0     0 2.8476e+09    0   92 2.7120e+09 2.8476e+09  5.00%     -   30s
H    0     0                    2.726622e+09 2.8476e+09  4.44%     -   34s
     0     0 2.8476e+09    0   88 2.7266e+09 2.8476e+09  4.44%     -   34s
     0     0 2.8476e+09    0   91 2.7266e+09 2.8476e+09  4.44%     -   35s
H    0     0                    2.763596e+09 2.8476e+09  3.04%     -   39s
     0     0 2.8476e+09    0   93 2.7636e+09 2.8476e+09  3.04%     -   39s
     0     0 2.8470e+09    0  102 2.7636e+09 2.8470e+09  3.02%     -   41s
     0     0 2.8470e+09    0  106 2.7636e+09 2.8470e+09  3.02%     -   44s
     0     0 2.8470e+09    0  103 2.7636e+09 2.8470e+09  3.02%     -   44s
     0     0 2.8469e+09    0  103 2.7636e+09 2.8469e+09  3.01%     -   46s
H    0     0                    2.783447e+09 2.8469e+09  2.28%     -   48s
     0     0 2.8469e+09    0   97 2.7834e+09 2.8469e+09  2.28%     -   50s
     0     0 2.8469e+09    0  100 2.7834e+09 2.8469e+09  2.28%     -   50s
H    0     0                    2.785629e+09 2.8465e+09  2.19%     -   53s
     0     0 2.8465e+09    0   71 2.7856e+09 2.8465e+09  2.19%     -   53s
     0     0 2.8465e+09    0   79 2.7856e+09 2.8465e+09  2.19%     -   55s
     0     0 2.8465e+09    0   80 2.7856e+09 2.8465e+09  2.19%     -   56s
     0     0 2.8465e+09    0   89 2.7856e+09 2.8465e+09  2.19%     -   57s
     0     0 2.8465e+09    0   87 2.7856e+09 2.8465e+09  2.19%     -   59s
     0     0 2.8465e+09    0   92 2.7856e+09 2.8465e+09  2.19%     -   59s
     0     0 2.8465e+09    0   84 2.7856e+09 2.8465e+09  2.18%     -   61s
     0     0 2.8465e+09    0   86 2.7856e+09 2.8465e+09  2.18%     -   62s
     0     0 2.8465e+09    0   88 2.7856e+09 2.8465e+09  2.18%     -   63s
     0     0 2.8465e+09    0   88 2.7856e+09 2.8465e+09  2.18%     -   64s
     0     0 2.8465e+09    0   85 2.7856e+09 2.8465e+09  2.18%     -   65s
     0     0 2.8465e+09    0   80 2.7856e+09 2.8465e+09  2.18%     -   67s
     0     0 2.8465e+09    0   83 2.7856e+09 2.8465e+09  2.18%     -   82s
     0     0 2.8465e+09    0   89 2.7856e+09 2.8465e+09  2.18%     -   85s
     0     0 2.8464e+09    0   93 2.7856e+09 2.8464e+09  2.18%     -   88s
H    0     0                    2.804208e+09 2.8464e+09  1.50%     -   89s
     0     0 2.8464e+09    0   94 2.8042e+09 2.8464e+09  1.50%     -   89s
     0     0 2.8464e+09    0   96 2.8042e+09 2.8464e+09  1.50%     -   90s
     0     0 2.8464e+09    0   96 2.8042e+09 2.8464e+09  1.50%     -   91s
     0     0 2.8464e+09    0  101 2.8042e+09 2.8464e+09  1.50%     -   92s
     0     0 2.8464e+09    0  104 2.8042e+09 2.8464e+09  1.50%     -   94s
     0     0 2.8464e+09    0  106 2.8042e+09 2.8464e+09  1.50%     -   94s
     0     0 2.8463e+09    0   93 2.8042e+09 2.8463e+09  1.50%     -   96s
H    0     0                    2.804356e+09 2.8463e+09  1.50%     -   99s
     0     0 2.8463e+09    0  126 2.8044e+09 2.8463e+09  1.50%     -  100s
     0     0 2.8463e+09    0  127 2.8044e+09 2.8463e+09  1.50%     -  100s
     0     0 2.8463e+09    0   90 2.8044e+09 2.8463e+09  1.50%     -  101s
     0     0 2.8463e+09    0   93 2.8044e+09 2.8463e+09  1.50%     -  103s
     0     0 2.8463e+09    0  110 2.8044e+09 2.8463e+09  1.50%     -  104s
     0     0 2.8463e+09    0  116 2.8044e+09 2.8463e+09  1.50%     -  105s
     0     0 2.8463e+09    0  101 2.8044e+09 2.8463e+09  1.50%     -  106s
     0     0 2.8463e+09    0   95 2.8044e+09 2.8463e+09  1.50%     -  108s
     0     2 2.8463e+09    0   91 2.8044e+09 2.8463e+09  1.50%     -  117s
     3     8 2.8463e+09    2   76 2.8044e+09 2.8463e+09  1.50%   356  121s
    15    32 2.8463e+09    4   85 2.8044e+09 2.8463e+09  1.50%   403  127s
H   31    52                    2.805584e+09 2.8463e+09  1.45%   330  133s
H   32    52                    2.807554e+09 2.8463e+09  1.38%   331  133s
H   34    52                    2.814511e+09 2.8463e+09  1.13%   321  133s
H   38    52                    2.815202e+09 2.8463e+09  1.10%   304  133s
H   45    52                    2.818915e+09 2.8463e+09  0.97%   287  134s
H   46    52                    2.819612e+09 2.8463e+09  0.95%   283  134s

Cutting planes:
  Cover: 114
  Implied bound: 57
  Clique: 4
  MIR: 72
  StrongCG: 1
  Flow cover: 54
  GUB cover: 28
  Network: 3
  RLT: 15
  Relax-and-lift: 31

Explored 51 nodes (39793 simplex iterations) in 134.52 seconds (137.24 work units)
Thread count was 20 (of 40 available processors)

Solution count 10: 2.81961e+09 2.81961e+09 2.81891e+09 ... 2.78563e+09

Optimal solution found (tolerance 1.00e-02)
Best objective 2.819612164458e+09, best bound 2.846307171894e+09, gap 0.9468%
Gurobi Optimizer version 10.0.1 build v10.0.1rc0 (linux64)

CPU model: Intel(R) Xeon(R) Gold 5115 CPU @ 2.40GHz, instruction set [SSE2|AVX|AVX2|AVX512]
Thread count: 20 physical cores, 40 logical processors, using up to 20 threads

Optimize a model with 181481 rows, 2139486 columns and 10426882 nonzeros
Model fingerprint: 0x5efe8de6
Variable types: 536814 continuous, 1602672 integer (1602672 binary)
Coefficient statistics:
  Matrix range     [1e+00, 2e+05]
  Objective range  [4e+01, 3e+07]
  Bounds range     [1e-12, 3e+05]
  RHS range        [1e+00, 7e+06]
Presolve removed 164067 rows and 1737551 columns (presolve time = 5s) ...
Presolve removed 166196 rows and 1811753 columns (presolve time = 10s) ...
Presolve removed 169085 rows and 1914155 columns (presolve time = 15s) ...
Presolve removed 169055 rows and 1914128 columns
Presolve time: 15.99s
Presolved: 12426 rows, 225358 columns, 931280 nonzeros
Variable types: 197642 continuous, 27716 integer (27705 binary)
Deterministic concurrent LP optimizer: primal simplex, dual simplex, and barrier
Showing barrier log only...

Root barrier log...

Ordering time: 0.21s

Barrier statistics:
 AA' NZ     : 3.958e+05
 Factor NZ  : 2.060e+06 (roughly 80 MB of memory)
 Factor Ops : 1.482e+09 (less than 1 second per iteration)
 Threads    : 17

                  Objective                Residual
Iter       Primal          Dual         Primal    Dual     Compl     Time
   0  -5.93745036e+15  3.51458710e+12  2.21e+08 1.08e+06  1.79e+11    21s
   1  -2.16560912e+15  4.55134867e+12  8.08e+07 7.53e+05  6.62e+10    21s
   2  -3.20744193e+14  4.03714918e+12  1.20e+07 2.21e+04  9.98e+09    21s
   3  -7.46082038e+12  2.57486255e+12  2.80e+05 1.26e+02  2.40e+08    21s
   4  -2.64568077e+12  5.89980793e+11  9.91e+04 4.31e-09  8.43e+07    21s
   5  -6.59024003e+11  2.75045932e+11  2.48e+04 3.73e-09  2.16e+07    21s
   6  -2.45414927e+11  1.84649346e+11  9.31e+03 3.73e-09  8.22e+06    21s
   7  -1.28008649e+11  1.50517832e+11  4.91e+03 3.61e-09  4.37e+06    21s
   8  -7.07915772e+10  1.16105666e+11  2.77e+03 2.91e-09  2.43e+06    21s
   9  -1.24871918e+10  8.07486907e+10  5.88e+02 3.26e-09  6.52e+05    22s
  10  -1.06948374e+10  3.80887556e+10  5.21e+02 3.73e-09  4.17e+05    22s
  11  -7.35629970e+08  1.64737500e+10  1.51e+02 4.66e-09  1.23e+05    22s
  12   1.09692252e+09  1.01354836e+10  8.39e+01 3.32e-08  6.63e+04    22s
  13   2.45047339e+09  8.51392468e+09  3.50e+01 2.55e-08  3.51e+04    22s
  14   2.61890943e+09  6.91238426e+09  2.91e+01 2.03e-08  2.69e+04    22s
  15   2.90812874e+09  6.12603020e+09  1.91e+01 2.00e-08  1.91e+04    22s
  16   2.93900999e+09  6.01766852e+09  1.79e+01 2.98e-08  1.81e+04    22s
  17   3.05111449e+09  5.70886393e+09  1.42e+01 2.46e-08  1.52e+04    22s
  18   3.10734151e+09  4.75908687e+09  1.24e+01 1.09e-08  1.09e+04    22s
  19   3.16934712e+09  4.62928849e+09  1.07e+01 1.60e-08  9.54e+03    22s
  20   3.21619697e+09  4.42973531e+09  9.49e+00 1.58e-08  8.27e+03    22s
  21   3.24034988e+09  4.35422464e+09  8.87e+00 2.24e-08  7.72e+03    22s
  22   3.27088567e+09  4.28208350e+09  7.86e+00 2.70e-08  6.96e+03    23s
  23   3.28936767e+09  4.17517632e+09  7.35e+00 2.61e-08  6.39e+03    23s
  24   3.33046360e+09  4.09056296e+09  6.20e+00 2.70e-08  5.47e+03    23s
  25   3.37251243e+09  3.96441963e+09  5.01e+00 2.42e-08  4.43e+03    23s
  26   3.39706141e+09  3.91893791e+09  4.30e+00 3.35e-08  3.90e+03    23s
  27   3.42307717e+09  3.88364145e+09  3.48e+00 2.33e-08  3.33e+03    23s
  28   3.43589674e+09  3.85032655e+09  2.87e+00 2.79e-08  3.00e+03    23s
  29   3.46848463e+09  3.79018168e+09  1.99e+00 3.35e-08  2.23e+03    23s
  30   3.48887000e+09  3.74617934e+09  1.58e+00 2.51e-08  1.75e+03    23s
  31   3.51455433e+09  3.69250355e+09  1.07e+00 1.49e-08  1.15e+03    23s
  32   3.53403009e+09  3.64744819e+09  7.39e-01 1.12e-08  7.04e+02    23s
  33   3.56193326e+09  3.62176235e+09  2.78e-01 1.21e-08  3.02e+02    23s
  34   3.57319968e+09  3.61237261e+09  1.25e-01 2.14e-08  1.70e+02    24s
  35   3.57370282e+09  3.61086473e+09  1.21e-01 2.42e-08  1.61e+02    24s
  36   3.57542969e+09  3.60814020e+09  1.05e-01 1.86e-08  1.39e+02    24s
  37   3.57701541e+09  3.60623200e+09  9.21e-02 1.68e-08  1.23e+02    24s
  38   3.57795963e+09  3.60403973e+09  8.42e-02 1.58e-08  1.09e+02    24s
  39   3.58033340e+09  3.60024943e+09  6.49e-02 1.21e-08  8.12e+01    24s
  40   3.58247055e+09  3.59784108e+09  4.88e-02 9.31e-09  6.13e+01    24s
  41   3.58425635e+09  3.59649138e+09  3.87e-02 1.02e-08  4.83e+01    24s
  42   3.58573569e+09  3.59557685e+09  3.08e-02 1.21e-08  3.85e+01    24s
  43   3.58686729e+09  3.59476350e+09  2.50e-02 9.31e-09  3.07e+01    24s
  44   3.58768093e+09  3.59425617e+09  2.08e-02 8.38e-09  2.55e+01    24s
  45   3.58895156e+09  3.59365498e+09  1.43e-02 6.52e-09  1.80e+01    24s
  46   3.58935220e+09  3.59323476e+09  1.25e-02 8.38e-09  1.50e+01    24s
  47   3.59012634e+09  3.59304340e+09  9.20e-03 1.21e-08  1.12e+01    25s
  48   3.59097071e+09  3.59285205e+09  5.65e-03 1.12e-08  7.17e+00    25s
  49   3.59140989e+09  3.59276121e+09  3.89e-03 9.31e-09  5.11e+00    25s
  50   3.59146284e+09  3.59271129e+09  3.70e-03 1.21e-08  4.75e+00    25s
  51   3.59176335e+09  3.59265649e+09  2.72e-03 1.40e-08  3.41e+00    25s
  52   3.59200335e+09  3.59260121e+09  1.84e-03 1.12e-08  2.29e+00    25s
  53   3.59208216e+09  3.59257684e+09  1.57e-03 1.21e-08  1.90e+00    25s
  54   3.59227172e+09  3.59255595e+09  8.83e-04 7.45e-09  1.09e+00    25s
  55   3.59239191e+09  3.59254278e+09  4.50e-04 8.38e-09  5.73e-01    25s
  56   3.59242853e+09  3.59252880e+09  3.22e-04 7.45e-09  3.86e-01    25s
  57   3.59246186e+09  3.59252703e+09  2.00e-04 1.21e-08  2.49e-01    25s
  58   3.59247919e+09  3.59252539e+09  1.40e-04 1.21e-08  1.76e-01    25s
  59   3.59248275e+09  3.59252490e+09  1.28e-04 1.30e-08  1.61e-01    25s
  60   3.59248658e+09  3.59252458e+09  1.15e-04 1.77e-08  1.45e-01    26s
  61   3.59250162e+09  3.59252324e+09  6.37e-05 1.40e-08  8.22e-02    26s
  62   3.59251724e+09  3.59252176e+09  1.16e-05 9.31e-09  1.69e-02    26s
  63   3.59251908e+09  3.59252143e+09  5.82e-06 8.38e-09  8.74e-03    26s
  64   3.59252073e+09  3.59252111e+09  4.94e-06 5.82e-09  1.36e-03    26s
  65   3.59252096e+09  3.59252096e+09  1.21e-06 7.45e-09  6.11e-06    26s
  66   3.59252096e+09  3.59252096e+09  1.08e-08 1.12e-08  8.21e-11    26s

Barrier solved model in 66 iterations and 25.88 seconds (37.71 work units)
Optimal objective 3.59252096e+09


Root crossover log...

    4021 DPushes remaining with DInf 0.0000000e+00                26s
       0 DPushes remaining with DInf 0.0000000e+00                26s

     815 PPushes remaining with PInf 0.0000000e+00                26s
       0 PPushes remaining with PInf 0.0000000e+00                26s

  Push phase complete: Pinf 0.0000000e+00, Dinf 8.6240136e+00     26s


Root simplex log...

Iteration    Objective       Primal Inf.    Dual Inf.      Time
    4715    3.5925210e+09   0.000000e+00   8.624014e+00     26s
    4716    3.5925210e+09   0.000000e+00   0.000000e+00     26s
Concurrent spin time: 0.00s

Solved with barrier
    4778    3.5925210e+09   0.000000e+00   0.000000e+00     26s
Extra simplex iterations after uncrush: 62

Root relaxation: objective 3.592521e+09, 4778 iterations, 6.15 seconds (4.22 work units)
Total elapsed time = 26.11s

    Nodes    |    Current Node    |     Objective Bounds      |     Work
 Expl Unexpl |  Obj  Depth IntInf | Incumbent    BestBd   Gap | It/Node Time

     0     0 3.5925e+09    0   86          - 3.5925e+09      -     -   26s
H    0     0                    3.501482e+09 3.5925e+09  2.60%     -   28s
     0     0 3.5924e+09    0   83 3.5015e+09 3.5924e+09  2.60%     -   31s
H    0     0                    3.518536e+09 3.5924e+09  2.10%     -   33s
     0     0 3.5924e+09    0   85 3.5185e+09 3.5924e+09  2.10%     -   33s
     0     0 3.5923e+09    0   98 3.5185e+09 3.5923e+09  2.10%     -   35s
H    0     0                    3.533389e+09 3.5923e+09  1.67%     -   36s
     0     0 3.5923e+09    0   94 3.5334e+09 3.5923e+09  1.67%     -   36s
     0     0 3.5923e+09    0   97 3.5334e+09 3.5923e+09  1.67%     -   36s
     0     0 3.5923e+09    0   95 3.5334e+09 3.5923e+09  1.67%     -   37s
     0     0 3.5923e+09    0   96 3.5334e+09 3.5923e+09  1.67%     -   39s
     0     0 3.5923e+09    0  100 3.5334e+09 3.5923e+09  1.67%     -   40s
     0     0 3.5923e+09    0  101 3.5334e+09 3.5923e+09  1.67%     -   40s
     0     0 3.5923e+09    0  108 3.5334e+09 3.5923e+09  1.67%     -   42s
H    0     0                    3.551528e+09 3.5923e+09  1.15%     -   43s
     0     0 3.5923e+09    0  109 3.5515e+09 3.5923e+09  1.15%     -   43s
     0     0 3.5923e+09    0   89 3.5515e+09 3.5923e+09  1.15%     -   45s
     0     0 3.5923e+09    0   87 3.5515e+09 3.5923e+09  1.15%     -   47s
     0     0 3.5923e+09    0  100 3.5515e+09 3.5923e+09  1.15%     -   48s
     0     0 3.5923e+09    0   99 3.5515e+09 3.5923e+09  1.15%     -   50s
     0     0 3.5923e+09    0   91 3.5515e+09 3.5923e+09  1.15%     -   52s
     0     0 3.5923e+09    0   92 3.5515e+09 3.5923e+09  1.15%     -   53s
     0     0 3.5923e+09    0   85 3.5515e+09 3.5923e+09  1.15%     -   54s
     0     0 3.5923e+09    0   83 3.5515e+09 3.5923e+09  1.15%     -   56s
     0     2 3.5923e+09    0   83 3.5515e+09 3.5923e+09  1.15%     -   60s
     7    16 3.5923e+09    3   94 3.5515e+09 3.5923e+09  1.15%   421   66s
    15    32 3.5923e+09    4   90 3.5515e+09 3.5923e+09  1.15%   429   70s
    51    72 3.5923e+09    6   84 3.5515e+09 3.5923e+09  1.15%   474   79s
H   55    72                    3.557386e+09 3.5923e+09  0.98%   449   79s
H   59    72                    3.560131e+09 3.5923e+09  0.90%   429   79s

Cutting planes:
  Cover: 90
  Implied bound: 76
  Clique: 5
  MIR: 81
  Flow cover: 69
  GUB cover: 10
  RLT: 22
  Relax-and-lift: 57

Explored 71 nodes (36165 simplex iterations) in 80.07 seconds (99.69 work units)
Thread count was 20 (of 40 available processors)

Solution count 7: 3.56013e+09 3.56013e+09 3.55739e+09 ... 3.50148e+09

Optimal solution found (tolerance 1.00e-02)
Warning: max constraint violation (1.9057e-06) exceeds tolerance
Best objective 3.560131315549e+09, best bound 3.592254697331e+09, gap 0.9023%
Gurobi Optimizer version 10.0.1 build v10.0.1rc0 (linux64)

CPU model: Intel(R) Xeon(R) Gold 5115 CPU @ 2.40GHz, instruction set [SSE2|AVX|AVX2|AVX512]
Thread count: 20 physical cores, 40 logical processors, using up to 20 threads

Optimize a model with 195575 rows, 2325249 columns and 11231843 nonzeros
Model fingerprint: 0x6ae9500a
Variable types: 266806 continuous, 2058443 integer (2058443 binary)
Coefficient statistics:
  Matrix range     [1e+00, 2e+05]
  Objective range  [4e+01, 3e+07]
  Bounds range     [1e-12, 3e+05]
  RHS range        [1e+00, 8e+06]
Presolve removed 119668 rows and 1826220 columns
Presolve time: 0.98s

Explored 0 nodes (0 simplex iterations) in 2.11 seconds (1.28 work units)
Thread count was 1 (of 40 available processors)

Solution count 0

Model is infeasible or unbounded
Best objective -, best bound -, gap -
IIS computation: initial model status unknown, solving to determine model status
Presolve removed 119668 rows and 1826898 columns
Presolve time: 1.06s

Explored 0 nodes (0 simplex iterations) in 2.97 seconds (1.28 work units)
Thread count was 1 (of 40 available processors)

Solution count 0
No other solutions better than -1e+100

Model is infeasible
Best objective -, best bound -, gap -

IIS computed: 1 constraints, 2 bounds
IIS runtime: 3.07 seconds (1.28 work units)
