
Gurobi 10.0.1 (linux64) logging started Thu May 25 14:30:58 2023

Set parameter LogFile to value "logFiles/A-2L-B/A-2L-6U-55F-15V-365D/basic-05-25-2023, 14-30-H70-P50-O15.log"
Gurobi Optimizer version 10.0.1 build v10.0.1rc0 (linux64)

CPU model: Intel(R) Xeon(R) Gold 5115 CPU @ 2.40GHz, instruction set [SSE2|AVX|AVX2|AVX512]
Thread count: 20 physical cores, 40 logical processors, using up to 20 threads

Optimize a model with 53413 rows, 425746 columns and 1904284 nonzeros
Model fingerprint: 0xdd84c815
Variable types: 178062 continuous, 247684 integer (247684 binary)
Coefficient statistics:
  Matrix range     [1e+00, 2e+05]
  Objective range  [4e+01, 3e+07]
  Bounds range     [1e+00, 1e+00]
  RHS range        [1e+00, 2e+06]
Presolve removed 40340 rows and 20566 columns (presolve time = 5s) ...
Presolve removed 40325 rows and 20551 columns
Presolve time: 7.53s
Presolved: 13088 rows, 405195 columns, 1762100 nonzeros
Variable types: 167824 continuous, 237371 integer (237366 binary)
Deterministic concurrent LP optimizer: primal simplex, dual simplex, and barrier
Showing barrier log only...

Root barrier log...

Ordering time: 0.66s

Barrier statistics:
 AA' NZ     : 8.879e+05
 Factor NZ  : 5.401e+06 (roughly 200 MB of memory)
 Factor Ops : 6.922e+09 (less than 1 second per iteration)
 Threads    : 17

                  Objective                Residual
Iter       Primal          Dual         Primal    Dual     Compl     Time
   0  -1.75015294e+16  3.19623037e+13  8.33e+08 1.17e+07  2.22e+12    12s
   1  -3.78837546e+15  3.28845240e+13  1.81e+08 9.84e+06  4.86e+11    12s
   2  -1.92261919e+15  3.26589167e+13  9.17e+07 6.60e+05  2.53e+11    12s
   3  -3.96157274e+13  2.95920725e+13  1.89e+06 7.44e+03  5.25e+09    12s
   4  -3.81622629e+12  1.53414147e+13  1.82e+05 1.81e+02  5.24e+08    12s
   5  -1.38632350e+12  7.69040119e+12  6.62e+04 2.25e-08  1.92e+08    13s
   6  -8.14879084e+11  5.56744463e+12  3.89e+04 2.25e-08  1.14e+08    13s
   7  -2.09008215e+11  4.96252283e+12  1.01e+04 2.25e-08  3.35e+07    13s
   8  -1.82904889e+11  3.56921023e+12  8.82e+03 1.89e-08  2.65e+07    13s
   9  -1.58765824e+11  3.27032534e+12  7.76e+03 2.00e-08  2.31e+07    13s
  10  -1.17931853e+11  2.77191476e+12  5.86e+03 2.05e-08  1.73e+07    14s
  11  -4.27579953e+10  2.02776988e+12  2.30e+03 2.24e-08  7.56e+06    14s
  12  -1.70881058e+10  1.01442844e+12  9.79e+02 2.79e-08  3.13e+06    14s
  13  -5.98480089e+09  3.76096576e+11  4.10e+02 3.63e-08  1.15e+06    14s
  14  -5.33431669e+08  2.08579908e+11  1.34e+02 3.89e-08  4.69e+05    14s
  15   1.02226914e+09  1.14855408e+11  5.65e+01 3.92e-08  2.27e+05    15s
  16   1.38890943e+09  8.68738749e+10  3.83e+01 6.39e-08  1.64e+05    15s
  17   1.63660517e+09  7.67000806e+10  2.61e+01 5.93e-08  1.32e+05    15s
  18   1.79274761e+09  5.86946156e+10  1.83e+01 7.63e-08  9.84e+04    15s
  19   1.86681982e+09  4.98428845e+10  1.47e+01 7.98e-08  8.20e+04    15s
  20   1.90725674e+09  3.19792183e+10  1.27e+01 8.39e-08  5.73e+04    15s
  21   1.99329267e+09  2.72000237e+10  8.44e+00 1.01e-07  4.46e+04    16s
  22   2.02413583e+09  1.86809240e+10  6.96e+00 9.31e-08  3.17e+04    16s
  23   2.04514201e+09  1.17653137e+10  5.99e+00 1.18e-07  2.15e+04    16s
  24   2.04963649e+09  1.10360010e+10  5.79e+00 1.34e-07  2.03e+04    16s
  25   2.11924678e+09  9.58820535e+09  2.62e+00 1.76e-07  1.34e+04    17s
  26   2.15266941e+09  7.36503036e+09  1.93e+00 1.13e-07  9.28e+03    17s
  27   2.18779253e+09  6.20305457e+09  1.59e+00 1.10e-07  7.11e+03    17s
  28   2.19400854e+09  5.51716462e+09  1.52e+00 1.50e-07  6.01e+03    17s
  29   2.22538873e+09  4.94468840e+09  1.18e+00 1.64e-07  4.73e+03    18s
  30   2.24412626e+09  4.47560992e+09  9.63e-01 1.33e-07  3.79e+03    18s
  31   2.26446090e+09  3.77162997e+09  7.90e-01 1.65e-07  2.59e+03    18s
  32   2.28933233e+09  3.45779994e+09  5.80e-01 1.44e-07  1.92e+03    18s
  33   2.30643892e+09  3.11139800e+09  4.91e-01 1.42e-07  1.33e+03    18s
  34   2.33755410e+09  2.96657992e+09  3.51e-01 1.59e-07  9.92e+02    19s
  35   2.37543582e+09  2.76637922e+09  2.49e-01 1.15e-07  6.13e+02    19s
  36   2.40811443e+09  2.67315420e+09  1.84e-01 1.25e-07  4.13e+02    19s
  37   2.41346976e+09  2.63477083e+09  1.74e-01 1.47e-07  3.50e+02    19s
  38   2.41891407e+09  2.61416612e+09  1.62e-01 1.57e-07  3.10e+02    20s
  39   2.44590004e+09  2.59471882e+09  1.00e-01 1.24e-07  2.25e+02    20s
  40   2.45688065e+09  2.58351728e+09  8.25e-02 1.33e-07  1.89e+02    20s
  41   2.46490007e+09  2.56689103e+09  6.79e-02 1.62e-07  1.52e+02    20s
  42   2.46923647e+09  2.55684375e+09  6.10e-02 1.60e-07  1.30e+02    20s
  43   2.47246434e+09  2.54608653e+09  5.60e-02 1.58e-07  1.10e+02    21s
  44   2.47469237e+09  2.53927844e+09  5.18e-02 1.38e-07  9.69e+01    21s
  45   2.48727095e+09  2.53128807e+09  3.09e-02 1.19e-07  6.40e+01    21s
  46   2.48839637e+09  2.52810122e+09  2.91e-02 1.24e-07  5.80e+01    21s
  47   2.49234891e+09  2.52425596e+09  2.27e-02 1.25e-07  4.62e+01    21s
  48   2.49332807e+09  2.52169932e+09  2.12e-02 1.46e-07  4.13e+01    22s
  49   2.49676018e+09  2.52032080e+09  1.60e-02 1.19e-07  3.38e+01    22s
  50   2.49768330e+09  2.52001157e+09  1.47e-02 1.54e-07  3.18e+01    22s
  51   2.49993954e+09  2.51841163e+09  1.16e-02 1.29e-07  2.61e+01    22s
  52   2.50048443e+09  2.51747415e+09  1.09e-02 1.24e-07  2.40e+01    22s
  53   2.50111957e+09  2.51712658e+09  1.00e-02 1.29e-07  2.26e+01    23s
  54   2.50322921e+09  2.51604800e+09  7.42e-03 1.43e-07  1.79e+01    23s
  55   2.50354574e+09  2.51548920e+09  7.04e-03 1.47e-07  1.67e+01    23s
  56   2.50500270e+09  2.51476890e+09  5.36e-03 1.55e-07  1.35e+01    23s
  57   2.50576041e+09  2.51371442e+09  4.60e-03 1.43e-07  1.11e+01    23s
  58   2.50644867e+09  2.51325548e+09  3.94e-03 1.19e-07  9.47e+00    24s
  59   2.50693025e+09  2.51275548e+09  3.46e-03 1.45e-07  8.11e+00    24s
  60   2.50785634e+09  2.51242412e+09  2.60e-03 1.39e-07  6.33e+00    24s
  61   2.50846831e+09  2.51200371e+09  2.07e-03 1.21e-07  4.91e+00    24s
  62   2.50890017e+09  2.51179308e+09  1.70e-03 1.24e-07  4.02e+00    25s
  63   2.50937228e+09  2.51154304e+09  1.31e-03 1.07e-07  3.02e+00    25s
  64   2.50970106e+09  2.51141186e+09  1.03e-03 1.21e-07  2.38e+00    25s
  65   2.51006126e+09  2.51132312e+09  7.42e-04 1.31e-07  1.75e+00    25s
  66   2.51045959e+09  2.51118291e+09  4.26e-04 1.15e-07  1.01e+00    26s
  67   2.51071321e+09  2.51114698e+09  2.32e-04 9.27e-08  5.96e-01    26s
  68   2.51077101e+09  2.51110368e+09  1.87e-04 1.23e-07  4.60e-01    26s
  69   2.51084316e+09  2.51107263e+09  1.32e-04 9.13e-08  3.18e-01    26s
  70   2.51090208e+09  2.51105469e+09  8.68e-05 1.05e-07  2.11e-01    26s
  71   2.51093021e+09  2.51103571e+09  6.53e-05 1.10e-07  1.48e-01    27s
  72   2.51096426e+09  2.51103114e+09  3.96e-05 1.04e-07  9.32e-02    27s
  73   2.51097952e+09  2.51102477e+09  2.85e-05 1.28e-07  6.36e-02    27s
  74   2.51099354e+09  2.51102296e+09  1.80e-05 9.69e-08  4.12e-02    27s
  75   2.51100453e+09  2.51101973e+09  9.92e-06 1.24e-07  2.15e-02    27s
  76   2.51100936e+09  2.51101879e+09  6.38e-06 1.04e-07  1.34e-02    27s
  77   2.51101653e+09  2.51101873e+09  1.29e-06 1.04e-07  3.08e-03    28s
  78   2.51101796e+09  2.51101859e+09  4.88e-07 8.94e-08  8.91e-04    28s
  79   2.51101853e+09  2.51101854e+09  3.49e-07 1.24e-07  1.32e-05    28s
  80   2.51101854e+09  2.51101854e+09  4.70e-08 8.94e-08  1.29e-09    28s

Barrier solved model in 80 iterations and 28.23 seconds (24.10 work units)
Optimal objective 2.51101854e+09


Root crossover log...

   10228 DPushes remaining with DInf 0.0000000e+00                28s
       0 DPushes remaining with DInf 0.0000000e+00                28s

    1045 PPushes remaining with PInf 0.0000000e+00                28s
       0 PPushes remaining with PInf 0.0000000e+00                29s

  Push phase complete: Pinf 0.0000000e+00, Dinf 2.0577545e-08     29s


Root simplex log...

Iteration    Objective       Primal Inf.    Dual Inf.      Time
   11245    2.5110185e+09   0.000000e+00   0.000000e+00     29s
Concurrent spin time: 0.01s

Solved with barrier
   11286    2.5110185e+09   0.000000e+00   0.000000e+00     29s
Extra simplex iterations after uncrush: 41

Root relaxation: objective 2.511019e+09, 11286 iterations, 19.78 seconds (13.87 work units)

    Nodes    |    Current Node    |     Objective Bounds      |     Work
 Expl Unexpl |  Obj  Depth IntInf | Incumbent    BestBd   Gap | It/Node Time

     0     0 2.5110e+09    0  305          - 2.5110e+09      -     -   30s
H    0     0                    2.421758e+09 2.5110e+09  3.69%     -   39s
     0     0 2.5109e+09    0  300 2.4218e+09 2.5109e+09  3.68%     -   57s
H    0     0                    2.452771e+09 2.5109e+09  2.37%     -   67s
     0     0 2.5109e+09    0  296 2.4528e+09 2.5109e+09  2.37%     -   67s
     0     0 2.5109e+09    0  296 2.4528e+09 2.5109e+09  2.37%     -   68s
     0     0 2.5109e+09    0  307 2.4528e+09 2.5109e+09  2.37%     -   83s
H    0     0                    2.459167e+09 2.5109e+09  2.10%     -   91s
     0     0 2.5109e+09    0  310 2.4592e+09 2.5109e+09  2.10%     -   93s
     0     0 2.5109e+09    0  302 2.4592e+09 2.5109e+09  2.10%     -  100s
     0     0 2.5109e+09    0  296 2.4592e+09 2.5109e+09  2.10%     -  108s
     0     0 2.5109e+09    0  294 2.4592e+09 2.5109e+09  2.10%     -  111s
     0     0 2.5109e+09    0  330 2.4592e+09 2.5109e+09  2.10%     -  128s
     0     0 2.5109e+09    0  315 2.4592e+09 2.5109e+09  2.10%     -  138s
     0     0 2.5109e+09    0  323 2.4592e+09 2.5109e+09  2.10%     -  141s
     0     0 2.5109e+09    0  329 2.4592e+09 2.5109e+09  2.10%     -  146s
H    0     0                    2.459472e+09 2.5109e+09  2.09%     -  153s
     0     0 2.5109e+09    0  326 2.4595e+09 2.5109e+09  2.09%     -  154s
     0     0 2.5108e+09    0  309 2.4595e+09 2.5108e+09  2.09%     -  161s
H    0     0                    2.459842e+09 2.5108e+09  2.07%     -  167s
     0     0 2.5108e+09    0  319 2.4598e+09 2.5108e+09  2.07%     -  169s
     0     0 2.5108e+09    0  311 2.4598e+09 2.5108e+09  2.07%     -  177s
     0     0 2.5108e+09    0  322 2.4598e+09 2.5108e+09  2.07%     -  185s
     0     0 2.5108e+09    0  350 2.4598e+09 2.5108e+09  2.07%     -  188s
     0     0 2.5108e+09    0  325 2.4598e+09 2.5108e+09  2.07%     -  195s
     0     0 2.5108e+09    0  316 2.4598e+09 2.5108e+09  2.07%     -  201s
     0     0 2.5108e+09    0  314 2.4598e+09 2.5108e+09  2.07%     -  204s
     0     0 2.5108e+09    0  321 2.4598e+09 2.5108e+09  2.07%     -  212s
H    0     0                    2.464776e+09 2.5108e+09  1.87%     -  221s
     0     0 2.5108e+09    0  316 2.4648e+09 2.5108e+09  1.87%     -  223s
     0     0 2.5108e+09    0  324 2.4648e+09 2.5108e+09  1.87%     -  224s
     0     0 2.5108e+09    0  350 2.4648e+09 2.5108e+09  1.87%     -  230s
     0     0 2.5108e+09    0  332 2.4648e+09 2.5108e+09  1.87%     -  238s
     0     0 2.5108e+09    0  331 2.4648e+09 2.5108e+09  1.87%     -  240s
     0     0 2.5108e+09    0  330 2.4648e+09 2.5108e+09  1.87%     -  240s
     0     0 2.5108e+09    0  347 2.4648e+09 2.5108e+09  1.87%     -  247s
H    0     0                    2.464862e+09 2.5108e+09  1.86%     -  252s
     0     0 2.5108e+09    0  336 2.4649e+09 2.5108e+09  1.86%     -  259s
     0     0 2.5108e+09    0  342 2.4649e+09 2.5108e+09  1.86%     -  261s
     0     0 2.5108e+09    0  378 2.4649e+09 2.5108e+09  1.86%     -  286s
     0     0 2.5108e+09    0  364 2.4649e+09 2.5108e+09  1.86%     -  290s
H    0     0                    2.475600e+09 2.5108e+09  1.42%     -  381s
     0     2 2.5108e+09    0  356 2.4756e+09 2.5108e+09  1.42%     -  387s
     1     4 2.5108e+09    1  358 2.4756e+09 2.5108e+09  1.42%  5485  397s
     3     8 2.5108e+09    2  352 2.4756e+09 2.5108e+09  1.42%  2480  412s
     7    16 2.5108e+09    3  345 2.4756e+09 2.5108e+09  1.42%  2006  433s
    15    32 2.5107e+09    4  336 2.4756e+09 2.5107e+09  1.42%  1998  457s
H   31    52                    2.480786e+09 2.5107e+09  1.21%  1718  491s
H   33    52                    2.483313e+09 2.5107e+09  1.10%  1670  491s
    51    72 2.5107e+09    6  342 2.4833e+09 2.5107e+09  1.10%  1537  509s
    71    92 2.5107e+09    7  359 2.4833e+09 2.5107e+09  1.10%  1310  534s
H   91   112                    2.484419e+09 2.5107e+09  1.06%  1169  745s
H   92   112                    2.491363e+09 2.5107e+09  0.78%  1167  746s
H   94   112                    2.493649e+09 2.5107e+09  0.69%  1155  747s

Cutting planes:
  Cover: 62
  Implied bound: 132
  MIR: 103
  StrongCG: 2
  Flow cover: 84
  GUB cover: 1
  RLT: 14
  Relax-and-lift: 341

Explored 111 nodes (173951 simplex iterations) in 747.69 seconds (870.04 work units)
Thread count was 20 (of 40 available processors)

Solution count 10: 2.49365e+09 2.49136e+09 2.48442e+09 ... 2.45947e+09

Optimal solution found (tolerance 1.00e-02)
Best objective 2.493649418147e+09, best bound 2.510741812668e+09, gap 0.6854%
Gurobi Optimizer version 10.0.1 build v10.0.1rc0 (linux64)

CPU model: Intel(R) Xeon(R) Gold 5115 CPU @ 2.40GHz, instruction set [SSE2|AVX|AVX2|AVX512]
Thread count: 20 physical cores, 40 logical processors, using up to 20 threads

Optimize a model with 92816 rows, 798145 columns and 4308549 nonzeros
Model fingerprint: 0xa2c4711d
Variable types: 263851 continuous, 534294 integer (534294 binary)
Coefficient statistics:
  Matrix range     [1e+00, 2e+05]
  Objective range  [4e+01, 3e+07]
  Bounds range     [1e+00, 3e+05]
  RHS range        [1e+00, 4e+06]
Presolve removed 77505 rows and 513589 columns (presolve time = 5s) ...
Presolve removed 77505 rows and 513589 columns (presolve time = 11s) ...
Presolve removed 77591 rows and 517104 columns
Presolve time: 12.02s
Presolved: 15225 rows, 281041 columns, 1273015 nonzeros
Variable types: 143763 continuous, 137278 integer (137264 binary)
Deterministic concurrent LP optimizer: primal simplex, dual simplex, and barrier
Showing barrier log only...

Root barrier log...

Ordering time: 1.01s

Barrier statistics:
 AA' NZ     : 6.656e+05
 Factor NZ  : 3.873e+06 (roughly 150 MB of memory)
 Factor Ops : 3.669e+09 (less than 1 second per iteration)
 Threads    : 17

                  Objective                Residual
Iter       Primal          Dual         Primal    Dual     Compl     Time
   0  -1.04534196e+16  2.60044840e+13  5.65e+08 3.05e+06  1.33e+12    16s
   1  -3.41372415e+15  2.77416938e+13  1.85e+08 4.79e+06  4.38e+11    16s
   2  -3.93218280e+14  2.28568266e+13  2.12e+07 6.40e+05  5.16e+10    16s
   3  -2.21349303e+13  1.40915864e+13  1.19e+06 2.98e-08  2.97e+09    16s
   4  -3.36736241e+12  5.72851278e+12  1.82e+05 2.24e-08  4.61e+08    16s
   5  -1.67006593e+12  2.83405234e+12  9.02e+04 1.87e-08  2.28e+08    16s
   6  -3.60260386e+11  1.82793671e+12  1.95e+04 1.87e-08  5.19e+07    17s
   7  -1.93982577e+11  1.43126362e+12  1.06e+04 2.24e-08  2.83e+07    17s
   8  -9.54296868e+10  1.18608766e+12  5.25e+03 1.30e-08  1.45e+07    17s
   9  -5.97759194e+10  8.08500040e+11  3.32e+03 3.36e-08  8.67e+06    17s
  10  -1.68740821e+10  4.52482322e+11  1.01e+03 1.69e-08  2.79e+06    17s
  11  -8.90067584e+08  1.94903788e+11  1.47e+02 1.55e-08  5.95e+05    17s
  12   7.68032244e+08  1.12872408e+11  5.80e+01 2.05e-08  2.91e+05    17s
  13   9.30055164e+08  5.94537399e+10  4.95e+01 2.33e-08  1.79e+05    17s
  14   1.28536603e+09  3.54707410e+10  3.10e+01 4.88e-08  1.07e+05    18s
  15   1.49063671e+09  1.99813191e+10  2.03e+01 6.01e-08  6.34e+04    18s
  16   1.69028436e+09  1.38476539e+10  9.83e+00 6.46e-08  3.65e+04    18s
  17   1.75374793e+09  9.66561585e+09  6.71e+00 6.45e-08  2.39e+04    18s
  18   1.82304137e+09  7.59320128e+09  3.40e+00 6.23e-08  1.53e+04    18s
  19   1.83732137e+09  6.59336428e+09  2.81e+00 5.87e-08  1.27e+04    18s
  20   1.87560395e+09  5.79160814e+09  1.53e+00 1.01e-07  9.28e+03    18s
  21   1.90568133e+09  4.53422370e+09  1.05e+00 9.22e-08  6.06e+03    18s
  22   1.90911660e+09  4.25720671e+09  9.90e-01 9.03e-08  5.42e+03    19s
  23   1.92425982e+09  3.75119850e+09  7.77e-01 6.71e-08  4.12e+03    19s
  24   1.93660479e+09  3.43635485e+09  6.59e-01 5.96e-08  3.34e+03    19s
  25   1.97569509e+09  2.96428864e+09  3.81e-01 4.47e-08  2.06e+03    19s
  26   2.00119510e+09  2.74367193e+09  2.65e-01 4.19e-08  1.50e+03    19s
  27   2.00731276e+09  2.56813112e+09  2.37e-01 2.98e-08  1.13e+03    19s
  28   2.01583810e+09  2.48566160e+09  2.00e-01 2.42e-08  9.35e+02    20s
  29   2.03005664e+09  2.44214187e+09  1.45e-01 2.70e-08  8.02e+02    20s
  30   2.03935772e+09  2.37322935e+09  1.23e-01 2.33e-08  6.45e+02    20s
  31   2.05265373e+09  2.34265284e+09  9.60e-02 2.70e-08  5.53e+02    20s
  32   2.06749656e+09  2.27472709e+09  6.84e-02 2.05e-08  3.90e+02    20s
  33   2.07893668e+09  2.23182107e+09  5.28e-02 1.58e-08  2.86e+02    20s
  34   2.08049973e+09  2.22453117e+09  5.09e-02 1.77e-08  2.69e+02    21s
  35   2.08562055e+09  2.20827393e+09  4.49e-02 1.30e-08  2.28e+02    21s
  36   2.09182013e+09  2.20048163e+09  3.61e-02 1.30e-08  2.01e+02    21s
  37   2.09967260e+09  2.18431344e+09  3.04e-02 1.30e-08  1.56e+02    21s
  38   2.10248446e+09  2.17242611e+09  2.77e-02 1.30e-08  1.29e+02    21s
  39   2.10975530e+09  2.16495368e+09  2.11e-02 1.12e-08  1.02e+02    21s
  40   2.11128733e+09  2.16285858e+09  1.90e-02 1.21e-08  9.47e+01    22s
  41   2.11574941e+09  2.15622403e+09  1.51e-02 1.12e-08  7.42e+01    22s
  42   2.11729601e+09  2.15308538e+09  1.39e-02 1.21e-08  6.56e+01    22s
  43   2.11983449e+09  2.15084052e+09  1.20e-02 1.12e-08  5.67e+01    22s
  44   2.12202686e+09  2.14804699e+09  1.03e-02 1.02e-08  4.76e+01    22s
  45   2.12230902e+09  2.14770024e+09  1.01e-02 8.38e-09  4.64e+01    22s
  46   2.12394799e+09  2.14679582e+09  8.88e-03 9.31e-09  4.17e+01    23s
  47   2.12463126e+09  2.14596952e+09  8.41e-03 1.02e-08  3.90e+01    23s
  48   2.12506617e+09  2.14554548e+09  8.08e-03 1.02e-08  3.74e+01    23s
  49   2.12558863e+09  2.14469028e+09  7.70e-03 1.02e-08  3.49e+01    23s
  50   2.12586194e+09  2.14433969e+09  7.50e-03 1.12e-08  3.37e+01    23s
  51   2.12776477e+09  2.14377834e+09  6.12e-03 1.02e-08  2.92e+01    23s
  52   2.12812684e+09  2.14265332e+09  5.85e-03 1.12e-08  2.65e+01    23s
  53   2.12908347e+09  2.14224763e+09  5.16e-03 1.02e-08  2.40e+01    24s
  54   2.13057016e+09  2.14089177e+09  4.15e-03 8.38e-09  1.88e+01    24s
  55   2.13211494e+09  2.14011629e+09  3.12e-03 9.31e-09  1.46e+01    24s
  56   2.13343481e+09  2.13984010e+09  2.26e-03 9.55e-09  1.16e+01    24s
  57   2.13448887e+09  2.13929908e+09  1.62e-03 8.85e-09  8.73e+00    24s
  58   2.13475022e+09  2.13919682e+09  1.48e-03 8.38e-09  8.07e+00    24s
  59   2.13508026e+09  2.13889412e+09  1.31e-03 8.38e-09  6.92e+00    25s
  60   2.13512199e+09  2.13881497e+09  1.29e-03 9.08e-09  6.71e+00    25s
  61   2.13553958e+09  2.13860331e+09  1.08e-03 8.96e-09  5.56e+00    25s
  62   2.13583775e+09  2.13847959e+09  9.23e-04 7.45e-09  4.80e+00    25s
  63   2.13652997e+09  2.13832554e+09  5.61e-04 8.38e-09  3.25e+00    25s
  64   2.13705031e+09  2.13807961e+09  3.07e-04 7.80e-09  1.86e+00    25s
  65   2.13722445e+09  2.13797357e+09  2.30e-04 7.45e-09  1.36e+00    26s
  66   2.13737155e+09  2.13791509e+09  1.66e-04 7.45e-09  9.85e-01    26s
  67   2.13747124e+09  2.13787836e+09  1.23e-04 7.45e-09  7.38e-01    26s
  68   2.13750000e+09  2.13785720e+09  1.11e-04 7.45e-09  6.47e-01    26s
  69   2.13751084e+09  2.13785155e+09  1.06e-04 7.92e-09  6.17e-01    26s
  70   2.13757198e+09  2.13783725e+09  7.99e-05 7.45e-09  4.81e-01    26s
  71   2.13763429e+09  2.13782707e+09  5.39e-05 7.45e-09  3.49e-01    26s
  72   2.13772573e+09  2.13779304e+09  1.65e-05 7.45e-09  1.22e-01    27s
  73   2.13775457e+09  2.13777405e+09  5.04e-06 7.45e-09  3.52e-02    27s
  74   2.13776506e+09  2.13777050e+09  1.01e-06 7.45e-09  9.81e-03    27s
  75   2.13776765e+09  2.13776833e+09  3.62e-07 6.52e-09  1.23e-03    27s
  76   2.13776783e+09  2.13776791e+09  8.93e-08 7.45e-09  1.41e-04    27s
  77   2.13776790e+09  2.13776790e+09  1.21e-06 7.45e-09  1.13e-05    27s
  78   2.13776790e+09  2.13776790e+09  4.78e-09 7.45e-09  5.71e-11    27s

Barrier solved model in 78 iterations and 27.30 seconds (29.03 work units)
Optimal objective 2.13776790e+09


Root crossover log...

    7970 DPushes remaining with DInf 0.0000000e+00                27s
       0 DPushes remaining with DInf 0.0000000e+00                28s

     600 PPushes remaining with PInf 0.0000000e+00                28s
       0 PPushes remaining with PInf 0.0000000e+00                28s

  Push phase complete: Pinf 0.0000000e+00, Dinf 4.3468857e+02     28s


Root simplex log...

Iteration    Objective       Primal Inf.    Dual Inf.      Time
    8531    2.1377679e+09   0.000000e+00   4.346886e+02     28s
    8537    2.1377679e+09   0.000000e+00   0.000000e+00     28s
Concurrent spin time: 0.01s

Solved with barrier
    8537    2.1377679e+09   0.000000e+00   0.000000e+00     28s

Root relaxation: objective 2.137768e+09, 8537 iterations, 14.45 seconds (10.34 work units)

    Nodes    |    Current Node    |     Objective Bounds      |     Work
 Expl Unexpl |  Obj  Depth IntInf | Incumbent    BestBd   Gap | It/Node Time

     0     0 2.1378e+09    0  232          - 2.1378e+09      -     -   29s
     0     0 2.1378e+09    0  232          - 2.1378e+09      -     -   31s
     0     0 2.1377e+09    0  240          - 2.1377e+09      -     -   56s
     0     0 2.1376e+09    0  246          - 2.1376e+09      -     -   70s
     0     0 2.1375e+09    0  250          - 2.1375e+09      -     -   76s
     0     0 2.1373e+09    0  248          - 2.1373e+09      -     -   78s
     0     0 2.1373e+09    0  248          - 2.1373e+09      -     -   79s
     0     0 2.1373e+09    0  241          - 2.1373e+09      -     -   80s
     0     0 2.1373e+09    0  247          - 2.1373e+09      -     -   81s
     0     0 2.1369e+09    0  266          - 2.1369e+09      -     -   89s
     0     0 2.1369e+09    0  256          - 2.1369e+09      -     -   93s
     0     0 2.1369e+09    0  256          - 2.1369e+09      -     -   94s
     0     0 2.1368e+09    0  254          - 2.1368e+09      -     -  101s
     0     0 2.1368e+09    0  264          - 2.1368e+09      -     -  105s
     0     0 2.1368e+09    0  267          - 2.1368e+09      -     -  106s
     0     0 2.1367e+09    0  276          - 2.1367e+09      -     -  112s
     0     0 2.1367e+09    0  279          - 2.1367e+09      -     -  117s
     0     0 2.1367e+09    0  266          - 2.1367e+09      -     -  118s
     0     0 2.1367e+09    0  273          - 2.1367e+09      -     -  119s
     0     0 2.1362e+09    0  280          - 2.1362e+09      -     -  130s
     0     0 2.1362e+09    0  270          - 2.1362e+09      -     -  133s
     0     0 2.1362e+09    0  269          - 2.1362e+09      -     -  134s
     0     0 2.1361e+09    0  261          - 2.1361e+09      -     -  139s
     0     0 2.1358e+09    0  265          - 2.1358e+09      -     -  148s
     0     0 2.1358e+09    0  277          - 2.1358e+09      -     -  150s
     0     0 2.1358e+09    0  258          - 2.1358e+09      -     -  152s
     0     0 2.1358e+09    0  264          - 2.1358e+09      -     -  153s
     0     0 2.1358e+09    0  266          - 2.1358e+09      -     -  158s
     0     0 2.1358e+09    0  268          - 2.1358e+09      -     -  163s
     0     0 2.1358e+09    0  271          - 2.1358e+09      -     -  164s
     0     0 2.1357e+09    0  270          - 2.1357e+09      -     -  168s
     0     0 2.1357e+09    0  288          - 2.1357e+09      -     -  171s
     0     0 2.1357e+09    0  291          - 2.1357e+09      -     -  172s
     0     0 2.1357e+09    0  295          - 2.1357e+09      -     -  173s
     0     0 2.1357e+09    0  271          - 2.1357e+09      -     -  177s
H    0     0                    1.998297e+09 2.1357e+09  6.87%     -  180s
H    0     0                    1.998375e+09 2.1357e+09  6.87%     -  184s
     0     0 2.1356e+09    0  274 1.9984e+09 2.1356e+09  6.87%     -  185s
     0     0 2.1356e+09    0  274 1.9984e+09 2.1356e+09  6.87%     -  189s
     0     0 2.1356e+09    0  292 1.9984e+09 2.1356e+09  6.87%     -  191s
     0     0 2.1356e+09    0  293 1.9984e+09 2.1356e+09  6.87%     -  192s
     0     0 2.1356e+09    0  300 1.9984e+09 2.1356e+09  6.87%     -  197s
H    0     0                    1.999800e+09 2.1356e+09  6.79%     -  199s
     0     0 2.1356e+09    0  287 1.9998e+09 2.1356e+09  6.79%     -  202s
     0     0 2.1356e+09    0  300 1.9998e+09 2.1356e+09  6.79%     -  203s
     0     0 2.1356e+09    0  288 1.9998e+09 2.1356e+09  6.79%     -  208s
H    0     0                    2.001958e+09 2.1356e+09  6.67%     -  214s
     0     0 2.1356e+09    0  332 2.0020e+09 2.1356e+09  6.67%     -  216s
     0     0 2.1356e+09    0  321 2.0020e+09 2.1356e+09  6.67%     -  220s
     0     0 2.1356e+09    0  334 2.0020e+09 2.1356e+09  6.67%     -  222s
     0     0 2.1356e+09    0  328 2.0020e+09 2.1356e+09  6.67%     -  228s
H    0     0                    2.003247e+09 2.1356e+09  6.61%     -  238s
     0     0 2.1356e+09    0  325 2.0032e+09 2.1356e+09  6.61%     -  239s
     0     0 2.1356e+09    0  356 2.0032e+09 2.1356e+09  6.60%     -  242s
     0     0 2.1356e+09    0  356 2.0032e+09 2.1356e+09  6.60%     -  243s
     0     0 2.1355e+09    0  332 2.0032e+09 2.1355e+09  6.60%     -  250s
H    0     0                    2.003276e+09 2.1355e+09  6.60%     -  259s
     0     0 2.1355e+09    0  332 2.0033e+09 2.1355e+09  6.60%     -  261s
     0     0 2.1355e+09    0  318 2.0033e+09 2.1355e+09  6.60%     -  261s
     0     0 2.1355e+09    0  313 2.0033e+09 2.1355e+09  6.60%     -  265s
H    0     0                    2.027968e+09 2.1355e+09  5.30%     -  272s
     0     0 2.1355e+09    0  331 2.0280e+09 2.1355e+09  5.30%     -  274s
     0     0 2.1355e+09    0  331 2.0280e+09 2.1355e+09  5.30%     -  274s
     0     0 2.1355e+09    0  338 2.0280e+09 2.1355e+09  5.30%     -  279s
     0     0 2.1355e+09    0  317 2.0280e+09 2.1355e+09  5.30%     -  284s
     0     0 2.1355e+09    0  319 2.0280e+09 2.1355e+09  5.30%     -  286s
     0     0 2.1355e+09    0  320 2.0280e+09 2.1355e+09  5.30%     -  287s
     0     0 2.1355e+09    0  343 2.0280e+09 2.1355e+09  5.30%     -  290s
     0     0 2.1355e+09    0  347 2.0280e+09 2.1355e+09  5.30%     -  293s
     0     0 2.1355e+09    0  354 2.0280e+09 2.1355e+09  5.30%     -  298s
H    0     0                    2.027992e+09 2.1355e+09  5.30%     -  303s
     0     0 2.1355e+09    0  350 2.0280e+09 2.1355e+09  5.30%     -  304s
     0     0 2.1355e+09    0  346 2.0280e+09 2.1355e+09  5.30%     -  308s
     0     0 2.1355e+09    0  336 2.0280e+09 2.1355e+09  5.30%     -  311s
H    0     0                    2.090304e+09 2.1355e+09  2.16%     -  330s
H    0     0                    2.091299e+09 2.1355e+09  2.11%     -  375s
     0     2 2.1355e+09    0  336 2.0913e+09 2.1355e+09  2.11%     -  377s
     1     4 2.1355e+09    1  328 2.0913e+09 2.1355e+09  2.11%  2451  385s
     3     8 2.1355e+09    2  344 2.0913e+09 2.1355e+09  2.11%  1740  392s
     7    16 2.1355e+09    3  335 2.0913e+09 2.1355e+09  2.11%  1335  399s
    15    32 2.1355e+09    4  360 2.0913e+09 2.1355e+09  2.11%  1081  411s
    31    52 2.1355e+09    5  314 2.0913e+09 2.1355e+09  2.11%  1228  432s
H   35    52                    2.091377e+09 2.1355e+09  2.11%  1145  433s
H   46    52                    2.110399e+09 2.1355e+09  1.19%  1052  433s
    51    72 2.1354e+09    6  308 2.1104e+09 2.1355e+09  1.19%  1070  445s
    71    92 2.1354e+09    6  301 2.1104e+09 2.1354e+09  1.19%   972  456s
    91   112 2.1354e+09    7  304 2.1104e+09 2.1354e+09  1.19%   865  464s
H  111   132                    2.114168e+09 2.1354e+09  1.01%   764  641s
H  113   132                    2.114278e+09 2.1354e+09  1.00%   755  641s
H  117   132                    2.116953e+09 2.1354e+09  0.87%   751  642s

Cutting planes:
  Cover: 103
  Implied bound: 70
  Clique: 5
  MIR: 174
  Flow cover: 75
  GUB cover: 5
  Network: 29
  RLT: 8
  Relax-and-lift: 54

Explored 131 nodes (160676 simplex iterations) in 642.72 seconds (638.66 work units)
Thread count was 20 (of 40 available processors)

Solution count 10: 2.11695e+09 2.11428e+09 2.11417e+09 ... 2.00328e+09

Optimal solution found (tolerance 1.00e-02)
Best objective 2.116952648356e+09, best bound 2.135449199584e+09, gap 0.8737%
Gurobi Optimizer version 10.0.1 build v10.0.1rc0 (linux64)

CPU model: Intel(R) Xeon(R) Gold 5115 CPU @ 2.40GHz, instruction set [SSE2|AVX|AVX2|AVX512]
Thread count: 20 physical cores, 40 logical processors, using up to 20 threads

Optimize a model with 127648 rows, 1175181 columns and 6832192 nonzeros
Model fingerprint: 0xf27a2452
Variable types: 284377 continuous, 890804 integer (890804 binary)
Coefficient statistics:
  Matrix range     [1e+00, 2e+05]
  Objective range  [4e+01, 3e+07]
  Bounds range     [1e+00, 3e+05]
  RHS range        [1e+00, 5e+06]
Presolve removed 112636 rows and 886627 columns (presolve time = 5s) ...
Presolve removed 113201 rows and 903931 columns (presolve time = 10s) ...
Presolve removed 113247 rows and 905907 columns
Presolve time: 12.51s
Presolved: 14401 rows, 269274 columns, 1220157 nonzeros
Variable types: 141579 continuous, 127695 integer (127685 binary)
Deterministic concurrent LP optimizer: primal simplex, dual simplex, and barrier
Showing barrier log only...

Root barrier log...

Ordering time: 0.97s

Barrier statistics:
 AA' NZ     : 6.247e+05
 Factor NZ  : 3.613e+06 (roughly 140 MB of memory)
 Factor Ops : 3.467e+09 (less than 1 second per iteration)
 Threads    : 17

                  Objective                Residual
Iter       Primal          Dual         Primal    Dual     Compl     Time
   0  -8.25263083e+15  1.24056390e+13  6.77e+08 1.55e+06  4.84e+11    16s
   1  -4.68235205e+15  1.23333678e+13  3.86e+08 2.38e+06  2.77e+11    16s
   2  -9.23825147e+14  1.12054975e+13  7.63e+07 2.61e+05  5.79e+10    16s
   3  -2.30261700e+13  7.90820192e+12  1.90e+06 9.55e-09  1.46e+09    17s
   4  -5.99996600e+12  2.47266203e+12  4.95e+05 1.86e-08  3.85e+08    17s
   5  -1.03634906e+12  1.75774649e+12  8.54e+04 1.49e-08  6.89e+07    17s
   6  -1.83166542e+11  8.92777474e+11  1.52e+04 9.20e-09  1.33e+07    17s
   7  -5.53051796e+10  5.67063143e+11  4.75e+03 7.45e-09  4.42e+06    17s
   8  -2.87495533e+10  3.54330727e+11  2.56e+03 7.92e-09  2.30e+06    17s
   9  -1.00757495e+10  1.76485480e+11  1.03e+03 4.57e-08  9.08e+05    17s
  10   2.86928005e+08  8.24719760e+10  1.79e+02 2.14e-08  2.38e+05    17s
  11   1.03680744e+09  4.56363312e+10  1.19e+02 1.68e-08  1.36e+05    17s
  12   1.81397927e+09  2.56506796e+10  5.72e+01 2.98e-08  6.91e+04    18s
  13   2.22629067e+09  1.14511988e+10  2.46e+01 3.95e-08  2.75e+04    18s
  14   2.33041520e+09  8.25051799e+09  1.65e+01 1.96e-08  1.81e+04    18s
  15   2.34207269e+09  7.58355316e+09  1.56e+01 2.35e-08  1.65e+04    18s
  16   2.37430456e+09  7.17147475e+09  1.33e+01 2.70e-08  1.46e+04    18s
  17   2.39718209e+09  5.28462863e+09  1.16e+01 2.11e-08  1.07e+04    18s
  18   2.44071128e+09  4.86241230e+09  8.82e+00 2.79e-08  8.61e+03    18s
  19   2.46984864e+09  4.51104366e+09  7.14e+00 2.84e-08  7.07e+03    18s
  20   2.50060221e+09  4.09761369e+09  5.85e+00 2.73e-08  5.51e+03    19s
  21   2.55205863e+09  3.60820827e+09  3.86e+00 1.72e-08  3.51e+03    19s
  22   2.58173207e+09  3.36652336e+09  2.79e+00 1.87e-08  2.48e+03    19s
  23   2.60946007e+09  3.13084153e+09  1.78e+00 1.40e-08  1.53e+03    19s
  24   2.62692358e+09  2.98232362e+09  1.32e+00 1.25e-08  1.02e+03    19s
  25   2.63470149e+09  2.90788024e+09  1.15e+00 9.34e-09  7.88e+02    19s
  26   2.63813092e+09  2.88138215e+09  1.07e+00 1.07e-08  7.02e+02    19s
  27   2.64931456e+09  2.84073232e+09  8.68e-01 7.48e-09  5.38e+02    20s
  28   2.66159852e+09  2.80405646e+09  6.68e-01 8.08e-09  3.88e+02    20s
  29   2.66744749e+09  2.78941532e+09  5.80e-01 7.45e-09  3.26e+02    20s
  30   2.67436376e+09  2.77197255e+09  4.69e-01 7.45e-09  2.54e+02    20s
  31   2.67676361e+09  2.76605354e+09  4.10e-01 7.45e-09  2.26e+02    20s
  32   2.67797198e+09  2.75875786e+09  3.89e-01 7.45e-09  2.02e+02    20s
  33   2.68397949e+09  2.74681952e+09  2.73e-01 7.45e-09  1.48e+02    20s
  34   2.68532622e+09  2.73811643e+09  2.54e-01 7.45e-09  1.22e+02    21s
  35   2.69033273e+09  2.73096239e+09  1.79e-01 7.45e-09  9.02e+01    21s
  36   2.69242813e+09  2.72637811e+09  1.53e-01 7.45e-09  7.37e+01    21s
  37   2.69386541e+09  2.72482744e+09  1.37e-01 7.45e-09  6.65e+01    21s
  38   2.69641760e+09  2.72197316e+09  1.07e-01 7.45e-09  5.36e+01    21s
  39   2.69716546e+09  2.71861479e+09  9.84e-02 7.45e-09  4.44e+01    21s
  40   2.69850543e+09  2.71734619e+09  8.43e-02 7.45e-09  3.85e+01    22s
  41   2.69953327e+09  2.71551307e+09  7.55e-02 5.59e-09  3.23e+01    22s
  42   2.70073564e+09  2.71480822e+09  6.32e-02 7.45e-09  2.82e+01    22s
  43   2.70211548e+09  2.71391352e+09  5.03e-02 7.45e-09  2.34e+01    22s
  44   2.70315332e+09  2.71297649e+09  4.12e-02 7.45e-09  1.93e+01    22s
  45   2.70427806e+09  2.71227949e+09  3.23e-02 7.45e-09  1.56e+01    22s
  46   2.70471777e+09  2.71166587e+09  2.92e-02 7.45e-09  1.34e+01    23s
  47   2.70486362e+09  2.71129887e+09  2.80e-02 7.45e-09  1.24e+01    23s
  48   2.70554325e+09  2.71105157e+09  2.34e-02 5.59e-09  1.06e+01    23s
  49   2.70590615e+09  2.71086136e+09  2.09e-02 3.73e-09  9.51e+00    23s
  50   2.70643635e+09  2.71077207e+09  1.76e-02 3.73e-09  8.30e+00    23s
  51   2.70672998e+09  2.71057191e+09  1.59e-02 5.24e-09  7.34e+00    23s
  52   2.70718173e+09  2.71049768e+09  1.34e-02 6.87e-09  6.33e+00    23s
  53   2.70744636e+09  2.71031080e+09  1.19e-02 5.70e-09  5.46e+00    24s
  54   2.70793406e+09  2.71018060e+09  9.36e-03 5.59e-09  4.27e+00    24s
  55   2.70844514e+09  2.71006782e+09  6.56e-03 5.12e-09  3.08e+00    24s
  56   2.70859987e+09  2.70998825e+09  5.71e-03 5.59e-09  2.63e+00    24s
  57   2.70871968e+09  2.70997085e+09  5.03e-03 7.45e-09  2.37e+00    24s
  58   2.70873978e+09  2.70995656e+09  4.92e-03 7.45e-09  2.31e+00    24s
  59   2.70879386e+09  2.70994328e+09  4.65e-03 7.45e-09  2.18e+00    25s
  60   2.70885961e+09  2.70989633e+09  4.31e-03 8.15e-09  1.96e+00    25s
  61   2.70900444e+09  2.70986880e+09  3.53e-03 7.71e-09  1.64e+00    25s
  62   2.70908983e+09  2.70985296e+09  3.13e-03 8.96e-09  1.44e+00    25s
  63   2.70915099e+09  2.70983497e+09  2.81e-03 8.85e-09  1.29e+00    25s
  64   2.70927106e+09  2.70981281e+09  2.23e-03 9.90e-09  1.02e+00    25s
  65   2.70944968e+09  2.70979485e+09  1.35e-03 8.85e-09  6.52e-01    25s
  66   2.70946878e+09  2.70978111e+09  1.25e-03 7.45e-09  5.90e-01    26s
  67   2.70957174e+09  2.70976488e+09  7.46e-04 7.45e-09  3.65e-01    26s
  68   2.70962984e+09  2.70974316e+09  4.45e-04 7.45e-09  2.14e-01    26s
  69   2.70969776e+09  2.70972767e+09  1.16e-04 7.45e-09  5.65e-02    26s
  70   2.70972182e+09  2.70972424e+09  3.56e-06 6.14e-09  4.55e-03    26s
  71   2.70972272e+09  2.70972326e+09  6.52e-07 7.45e-09  1.03e-03    26s
  72   2.70972292e+09  2.70972296e+09  1.58e-07 7.45e-09  7.06e-05    27s
  73   2.70972295e+09  2.70972295e+09  2.05e-08 7.45e-09  6.05e-07    27s
  74   2.70972295e+09  2.70972295e+09  4.74e-09 7.45e-09  5.85e-11    27s

Barrier solved model in 74 iterations and 26.82 seconds (31.63 work units)
Optimal objective 2.70972295e+09


Root crossover log...

    7365 DPushes remaining with DInf 0.0000000e+00                27s
       0 DPushes remaining with DInf 0.0000000e+00                27s

     505 PPushes remaining with PInf 0.0000000e+00                27s
       0 PPushes remaining with PInf 0.0000000e+00                27s

  Push phase complete: Pinf 0.0000000e+00, Dinf 1.0072944e+03     27s


Root simplex log...

Iteration    Objective       Primal Inf.    Dual Inf.      Time
    7711    2.7097229e+09   0.000000e+00   1.007294e+03     27s
    7714    2.7097229e+09   0.000000e+00   0.000000e+00     27s
Concurrent spin time: 0.01s

Solved with barrier
    7714    2.7097229e+09   0.000000e+00   0.000000e+00     27s

Root relaxation: objective 2.709723e+09, 7714 iterations, 13.27 seconds (9.89 work units)

    Nodes    |    Current Node    |     Objective Bounds      |     Work
 Expl Unexpl |  Obj  Depth IntInf | Incumbent    BestBd   Gap | It/Node Time

     0     0 2.7097e+09    0  251          - 2.7097e+09      -     -   28s
     0     0 2.7097e+09    0  251          - 2.7097e+09      -     -   29s
     0     0 2.7097e+09    0  242          - 2.7097e+09      -     -   52s
     0     0 2.7094e+09    0  272          - 2.7094e+09      -     -   62s
     0     0 2.7094e+09    0  276          - 2.7094e+09      -     -   70s
     0     0 2.7094e+09    0  294          - 2.7094e+09      -     -   73s
     0     0 2.7094e+09    0  291          - 2.7094e+09      -     -   74s
     0     0 2.7092e+09    0  257          - 2.7092e+09      -     -   81s
     0     0 2.7092e+09    0  267          - 2.7092e+09      -     -   86s
     0     0 2.7092e+09    0  273          - 2.7092e+09      -     -   88s
     0     0 2.7092e+09    0  277          - 2.7092e+09      -     -   89s
     0     0 2.7091e+09    0  309          - 2.7091e+09      -     -   96s
     0     0 2.7091e+09    0  297          - 2.7091e+09      -     -  104s
     0     0 2.7091e+09    0  299          - 2.7091e+09      -     -  105s
     0     0 2.7091e+09    0  293          - 2.7091e+09      -     -  108s
     0     0 2.7091e+09    0  303          - 2.7091e+09      -     -  110s
     0     0 2.7091e+09    0  293          - 2.7091e+09      -     -  112s
     0     0 2.7091e+09    0  295          - 2.7091e+09      -     -  112s
     0     0 2.7078e+09    0  289          - 2.7078e+09      -     -  120s
     0     0 2.7078e+09    0  309          - 2.7078e+09      -     -  126s
     0     0 2.7078e+09    0  311          - 2.7078e+09      -     -  128s
     0     0 2.7078e+09    0  315          - 2.7078e+09      -     -  128s
     0     0 2.7068e+09    0  310          - 2.7068e+09      -     -  135s
     0     0 2.7068e+09    0  308          - 2.7068e+09      -     -  138s
     0     0 2.7068e+09    0  305          - 2.7068e+09      -     -  139s
     0     0 2.7064e+09    0  295          - 2.7064e+09      -     -  147s
     0     0 2.7056e+09    0  313          - 2.7056e+09      -     -  150s
     0     0 2.7056e+09    0  320          - 2.7056e+09      -     -  152s
     0     0 2.7056e+09    0  325          - 2.7056e+09      -     -  153s
     0     0 2.7056e+09    0  330          - 2.7056e+09      -     -  153s
     0     0 2.7043e+09    0  293          - 2.7043e+09      -     -  160s
     0     0 2.7043e+09    0  312          - 2.7043e+09      -     -  165s
     0     0 2.7043e+09    0  316          - 2.7043e+09      -     -  167s
     0     0 2.7043e+09    0  316          - 2.7043e+09      -     -  168s
     0     0 2.7042e+09    0  315          - 2.7042e+09      -     -  173s
     0     0 2.7042e+09    0  306          - 2.7042e+09      -     -  177s
     0     0 2.7042e+09    0  314          - 2.7042e+09      -     -  179s
     0     0 2.7042e+09    0  311          - 2.7042e+09      -     -  179s
     0     0 2.7040e+09    0  301          - 2.7040e+09      -     -  186s
     0     0 2.7040e+09    0  312          - 2.7040e+09      -     -  190s
     0     0 2.7040e+09    0  321          - 2.7040e+09      -     -  191s
     0     0 2.7040e+09    0  326          - 2.7040e+09      -     -  191s
     0     0 2.7039e+09    0  307          - 2.7039e+09      -     -  198s
     0     0 2.7038e+09    0  309          - 2.7038e+09      -     -  204s
     0     0 2.7038e+09    0  313          - 2.7038e+09      -     -  206s
     0     0 2.7038e+09    0  319          - 2.7038e+09      -     -  208s
     0     0 2.7036e+09    0  334          - 2.7036e+09      -     -  217s
     0     0 2.7036e+09    0  333          - 2.7036e+09      -     -  223s
     0     0 2.7036e+09    0  332          - 2.7036e+09      -     -  224s
     0     0 2.7036e+09    0  332          - 2.7036e+09      -     -  225s
     0     0 2.7034e+09    0  316          - 2.7034e+09      -     -  231s
     0     0 2.7034e+09    0  319          - 2.7034e+09      -     -  236s
     0     0 2.7034e+09    0  320          - 2.7034e+09      -     -  238s
     0     0 2.7034e+09    0  333          - 2.7034e+09      -     -  239s
     0     0 2.7033e+09    0  342          - 2.7033e+09      -     -  247s
H    0     0                    2.623763e+09 2.7033e+09  3.03%     -  260s
H    0     0                    2.626673e+09 2.7033e+09  2.92%     -  269s
     0     0 2.7033e+09    0  343 2.6267e+09 2.7033e+09  2.92%     -  270s
     0     0 2.7033e+09    0  343 2.6267e+09 2.7033e+09  2.92%     -  271s
     0     0 2.7033e+09    0  343 2.6267e+09 2.7033e+09  2.92%     -  271s
     0     0 2.7032e+09    0  363 2.6267e+09 2.7032e+09  2.91%     -  277s
     0     0 2.7032e+09    0  356 2.6267e+09 2.7032e+09  2.91%     -  281s
     0     0 2.7032e+09    0  353 2.6267e+09 2.7032e+09  2.91%     -  282s
     0     0 2.7031e+09    0  333 2.6267e+09 2.7031e+09  2.91%     -  291s
H    0     0                    2.626701e+09 2.7031e+09  2.91%     -  301s
     0     0 2.7031e+09    0  336 2.6267e+09 2.7031e+09  2.91%     -  303s
     0     0 2.7031e+09    0  349 2.6267e+09 2.7031e+09  2.91%     -  305s
     0     0 2.7031e+09    0  344 2.6267e+09 2.7031e+09  2.91%     -  306s
     0     0 2.7031e+09    0  347 2.6267e+09 2.7031e+09  2.91%     -  307s
     0     0 2.7029e+09    0  331 2.6267e+09 2.7029e+09  2.90%     -  319s
H    0     0                    2.627773e+09 2.7029e+09  2.86%     -  330s
     0     0 2.7029e+09    0  327 2.6278e+09 2.7029e+09  2.86%     -  333s
     0     0 2.7029e+09    0  331 2.6278e+09 2.7029e+09  2.86%     -  334s
     0     0 2.7028e+09    0  352 2.6278e+09 2.7028e+09  2.86%     -  342s
     0     0 2.7028e+09    0  354 2.6278e+09 2.7028e+09  2.86%     -  347s
     0     0 2.7028e+09    0  354 2.6278e+09 2.7028e+09  2.86%     -  348s
     0     0 2.7027e+09    0  324 2.6278e+09 2.7027e+09  2.85%     -  357s
H    0     0                    2.627953e+09 2.7027e+09  2.84%     -  368s
     0     0 2.7026e+09    0  338 2.6280e+09 2.7026e+09  2.84%     -  370s
     0     0 2.7026e+09    0  356 2.6280e+09 2.7026e+09  2.84%     -  379s
     0     0 2.7026e+09    0  350 2.6280e+09 2.7026e+09  2.84%     -  386s
     0     0 2.7026e+09    0  357 2.6280e+09 2.7026e+09  2.84%     -  387s
     0     0 2.7024e+09    0  332 2.6280e+09 2.7024e+09  2.83%     -  395s
     0     0 2.7024e+09    0  348 2.6280e+09 2.7024e+09  2.83%     -  405s
     0     0 2.7024e+09    0  336 2.6280e+09 2.7024e+09  2.83%     -  407s
     0     0 2.7024e+09    0  338 2.6280e+09 2.7024e+09  2.83%     -  409s
     0     0 2.7024e+09    0  340 2.6280e+09 2.7024e+09  2.83%     -  409s
     0     0 2.7024e+09    0  363 2.6280e+09 2.7024e+09  2.83%     -  413s
     0     0 2.7023e+09    0  374 2.6280e+09 2.7023e+09  2.83%     -  417s
     0     0 2.7023e+09    0  373 2.6280e+09 2.7023e+09  2.83%     -  419s
     0     0 2.7023e+09    0  380 2.6280e+09 2.7023e+09  2.83%     -  419s
     0     0 2.7023e+09    0  347 2.6280e+09 2.7023e+09  2.83%     -  426s
     0     0 2.7022e+09    0  344 2.6280e+09 2.7022e+09  2.83%     -  429s
     0     0 2.7022e+09    0  352 2.6280e+09 2.7022e+09  2.83%     -  430s
     0     0 2.7022e+09    0  354 2.6280e+09 2.7022e+09  2.83%     -  430s
     0     0 2.7022e+09    0  335 2.6280e+09 2.7022e+09  2.82%     -  435s
     0     0 2.7022e+09    0  334 2.6280e+09 2.7022e+09  2.82%     -  440s
     0     0 2.7022e+09    0  338 2.6280e+09 2.7022e+09  2.82%     -  441s
     0     0 2.7022e+09    0  337 2.6280e+09 2.7022e+09  2.82%     -  442s
     0     0 2.7021e+09    0  335 2.6280e+09 2.7021e+09  2.82%     -  446s
     0     0 2.7021e+09    0  351 2.6280e+09 2.7021e+09  2.82%     -  449s
     0     0 2.7021e+09    0  358 2.6280e+09 2.7021e+09  2.82%     -  450s
     0     0 2.7021e+09    0  358 2.6280e+09 2.7021e+09  2.82%     -  450s
     0     0 2.7020e+09    0  357 2.6280e+09 2.7020e+09  2.82%     -  454s
     0     0 2.7020e+09    0  358 2.6280e+09 2.7020e+09  2.82%     -  457s
     0     0 2.7018e+09    0  349 2.6280e+09 2.7018e+09  2.81%     -  464s
     0     0 2.7018e+09    0  336 2.6280e+09 2.7018e+09  2.81%     -  470s
     0     0 2.7018e+09    0  341 2.6280e+09 2.7018e+09  2.81%     -  473s
     0     0 2.7018e+09    0  340 2.6280e+09 2.7018e+09  2.81%     -  473s
     0     0 2.7018e+09    0  343 2.6280e+09 2.7018e+09  2.81%     -  476s
H    0     0                    2.627991e+09 2.7018e+09  2.81%     -  485s
     0     0 2.7018e+09    0  348 2.6280e+09 2.7018e+09  2.81%     -  485s
     0     0 2.7018e+09    0  335 2.6280e+09 2.7018e+09  2.81%     -  486s
     0     0 2.7018e+09    0  341 2.6280e+09 2.7018e+09  2.81%     -  486s
     0     0 2.7017e+09    0  332 2.6280e+09 2.7017e+09  2.81%     -  491s
H    0     0                    2.628027e+09 2.7017e+09  2.80%     -  500s
     0     0 2.7017e+09    0  341 2.6280e+09 2.7017e+09  2.80%     -  502s
     0     0 2.7017e+09    0  346 2.6280e+09 2.7017e+09  2.80%     -  503s
     0     0 2.7017e+09    0  363 2.6280e+09 2.7017e+09  2.80%     -  506s
H    0     0                    2.629547e+09 2.7017e+09  2.74%     -  517s
     0     0 2.7016e+09    0  343 2.6295e+09 2.7016e+09  2.74%     -  519s
     0     0 2.7016e+09    0  348 2.6295e+09 2.7016e+09  2.74%     -  520s
     0     0 2.7016e+09    0  350 2.6295e+09 2.7016e+09  2.74%     -  521s
     0     0 2.7016e+09    0  353 2.6295e+09 2.7016e+09  2.74%     -  528s
     0     0 2.7015e+09    0  371 2.6295e+09 2.7015e+09  2.74%     -  534s
     0     0 2.7015e+09    0  369 2.6295e+09 2.7015e+09  2.74%     -  535s
     0     0 2.7015e+09    0  360 2.6295e+09 2.7015e+09  2.74%     -  542s
     0     0 2.7015e+09    0  375 2.6295e+09 2.7015e+09  2.74%     -  547s
     0     0 2.7015e+09    0  375 2.6295e+09 2.7015e+09  2.74%     -  550s
     0     0 2.7015e+09    0  352 2.6295e+09 2.7015e+09  2.74%     -  555s
     0     0 2.7015e+09    0  372 2.6295e+09 2.7015e+09  2.74%     -  564s
     0     0 2.7015e+09    0  365 2.6295e+09 2.7015e+09  2.74%     -  565s
     0     0 2.7015e+09    0  370 2.6295e+09 2.7015e+09  2.74%     -  567s
     0     0 2.7015e+09    0  360 2.6295e+09 2.7015e+09  2.73%     -  570s
H    0     0                    2.629632e+09 2.7015e+09  2.73%     -  580s
     0     0 2.7015e+09    0  365 2.6296e+09 2.7015e+09  2.73%     -  580s
     0     0 2.7015e+09    0  356 2.6296e+09 2.7015e+09  2.73%     -  583s
     0     0 2.7015e+09    0  351 2.6296e+09 2.7015e+09  2.73%     -  585s
     0     2 2.7015e+09    0  347 2.6296e+09 2.7015e+09  2.73%     -  645s
     1     4 2.7015e+09    1  359 2.6296e+09 2.7015e+09  2.73%  2704  656s
     3     8 2.7015e+09    2  369 2.6296e+09 2.7015e+09  2.73%  1946  667s
     7    16 2.7014e+09    3  358 2.6296e+09 2.7015e+09  2.73%  1707  677s
    15    32 2.7014e+09    4  359 2.6296e+09 2.7014e+09  2.73%  1630  713s
    31    52 2.7014e+09    5  362 2.6296e+09 2.7014e+09  2.73%  2570  765s
H   32    52                    2.629665e+09 2.7014e+09  2.73%  2490  765s
H   33    52                    2.634576e+09 2.7014e+09  2.54%  2477  766s
H   35    52                    2.642357e+09 2.7014e+09  2.24%  2433  766s
    51    72 2.7014e+09    6  359 2.6424e+09 2.7014e+09  2.23%  2443  793s
    71    92 2.7014e+09    7  350 2.6424e+09 2.7014e+09  2.23%  2199  826s
H   91   112                    2.655777e+09 2.7014e+09  1.72%  2249  912s
H   93   112                    2.662425e+09 2.7014e+09  1.46%  2213  912s
   111   134 2.7007e+09    8  366 2.6624e+09 2.7014e+09  1.46%  2196  950s
   133   160 2.7009e+09    9  325 2.6624e+09 2.7014e+09  1.46%  2169  984s
   159   189 2.7005e+09   10  311 2.6624e+09 2.7014e+09  1.46%  2206 1016s
   188   209 2.7006e+09   10  334 2.6624e+09 2.7014e+09  1.46%  2051 1088s
   208   230 2.7003e+09   11  311 2.6624e+09 2.7014e+09  1.46%  2007 1210s
H  212   230                    2.663411e+09 2.7014e+09  1.43%  1985 1210s
H  213   230                    2.663508e+09 2.7014e+09  1.42%  1991 1211s
H  218   230                    2.665135e+09 2.7014e+09  1.36%  2008 1211s
H  228   230                    2.675372e+09 2.7014e+09  0.97%  1976 1212s

Cutting planes:
  Cover: 129
  Implied bound: 101
  Clique: 6
  MIR: 223
  StrongCG: 2
  Flow cover: 136
  GUB cover: 2
  Network: 134
  RLT: 21
  Relax-and-lift: 128

Explored 229 nodes (557938 simplex iterations) in 1212.62 seconds (1493.91 work units)
Thread count was 20 (of 40 available processors)

Solution count 10: 2.67537e+09 2.66513e+09 2.66351e+09 ... 2.62963e+09

Optimal solution found (tolerance 1.00e-02)
Best objective 2.675371692657e+09, best bound 2.701382347694e+09, gap 0.9722%
Gurobi Optimizer version 10.0.1 build v10.0.1rc0 (linux64)

CPU model: Intel(R) Xeon(R) Gold 5115 CPU @ 2.40GHz, instruction set [SSE2|AVX|AVX2|AVX512]
Thread count: 20 physical cores, 40 logical processors, using up to 20 threads

Optimize a model with 179961 rows, 1627426 columns and 10936977 nonzeros
Model fingerprint: 0xb0cce0f4
Variable types: 360430 continuous, 1266996 integer (1266996 binary)
Coefficient statistics:
  Matrix range     [1e+00, 2e+05]
  Objective range  [4e+01, 3e+07]
  Bounds range     [1e-10, 3e+05]
  RHS range        [1e+00, 7e+06]
Presolve removed 157752 rows and 1252772 columns (presolve time = 5s) ...
Presolve removed 162103 rows and 1270915 columns (presolve time = 10s) ...
Presolve removed 164436 rows and 1339557 columns (presolve time = 15s) ...
Presolve removed 164418 rows and 1339548 columns
Presolve time: 17.73s
Presolved: 15543 rows, 287878 columns, 1337921 nonzeros
Variable types: 175800 continuous, 112078 integer (112066 binary)
Found heuristic solution: objective 3.249093e+09
Deterministic concurrent LP optimizer: primal simplex, dual simplex, and barrier
Showing barrier log only...

Root barrier log...

Ordering time: 0.51s

Barrier statistics:
 AA' NZ     : 7.212e+05
 Factor NZ  : 4.718e+06 (roughly 160 MB of memory)
 Factor Ops : 6.175e+09 (less than 1 second per iteration)
 Threads    : 18

                  Objective                Residual
Iter       Primal          Dual         Primal    Dual     Compl     Time
   0  -1.12776980e+16  1.63551089e+12  6.05e+08 4.56e+04  7.08e+10    22s
   1  -2.02182435e+15  1.69013882e+12  1.10e+08 3.56e+05  1.31e+10    23s
   2  -3.44590833e+14  1.36554923e+12  1.87e+07 5.92e+04  2.27e+09    23s
   3  -2.38566114e+13  9.42845004e+11  1.30e+06 1.40e-09  1.61e+08    23s
   4  -2.28116386e+12  3.72371022e+11  1.24e+05 2.79e-09  1.59e+07    23s
   5  -1.84542699e+12  1.98572567e+11  1.00e+05 1.16e-09  1.27e+07    23s
   6  -4.75197748e+11  1.47257934e+11  2.59e+04 1.16e-09  3.46e+06    23s
   7  -1.74381626e+11  9.35996673e+10  9.60e+03 1.28e-09  1.32e+06    24s
   8  -3.88688705e+10  7.53253983e+10  2.28e+03 1.05e-09  3.91e+05    24s
   9  -2.88942087e+10  4.91310390e+10  1.74e+03 7.71e-09  2.63e+05    24s
  10  -1.33996834e+10  4.07050387e+10  9.03e+02 7.33e-09  1.57e+05    24s
  11  -4.07086465e+09  1.92887974e+10  4.00e+02 9.66e-09  6.32e+04    24s
  12  -1.49985513e+09  1.26365401e+10  2.63e+02 1.02e-08  3.83e+04    24s
  13   5.82009674e+08  1.20576914e+10  1.52e+02 9.63e-09  2.78e+04    24s
  14   1.51709745e+09  6.93953609e+09  1.02e+02 7.60e-09  1.43e+04    25s
  15   2.30174044e+09  5.58540808e+09  6.18e+01 6.08e-09  8.68e+03    25s
  16   2.89016414e+09  5.08520702e+09  3.20e+01 5.88e-09  5.36e+03    25s
  17   3.02428634e+09  4.85336454e+09  2.59e+01 5.50e-09  4.44e+03    25s
  18   3.09559373e+09  4.64136480e+09  2.26e+01 4.57e-09  3.81e+03    25s
  19   3.13848301e+09  4.57915817e+09  2.06e+01 4.48e-09  3.53e+03    25s
  20   3.19529471e+09  4.52809291e+09  1.80e+01 5.62e-09  3.22e+03    25s
  21   3.26244266e+09  4.20088721e+09  1.48e+01 4.22e-09  2.39e+03    26s
  22   3.38544611e+09  4.09406234e+09  9.21e+00 4.45e-09  1.72e+03    26s
  23   3.41878734e+09  4.00058396e+09  7.93e+00 4.89e-09  1.44e+03    26s
  24   3.45846629e+09  3.92522101e+09  6.25e+00 4.89e-09  1.15e+03    26s
  25   3.49949369e+09  3.88219530e+09  4.62e+00 5.36e-09  9.10e+02    26s
  26   3.51815809e+09  3.85393260e+09  3.88e+00 6.66e-09  7.90e+02    26s
  27   3.54755568e+09  3.79742023e+09  2.76e+00 5.70e-09  5.75e+02    27s
  28   3.55257290e+09  3.77300177e+09  2.57e+00 5.38e-09  5.09e+02    27s
  29   3.57669244e+09  3.72032495e+09  1.69e+00 4.51e-09  3.25e+02    27s
  30   3.59536932e+09  3.69489558e+09  1.09e+00 4.83e-09  2.17e+02    27s
  31   3.60611203e+09  3.68174306e+09  8.02e-01 3.90e-09  1.61e+02    27s
  32   3.61258247e+09  3.66728965e+09  6.38e-01 3.38e-09  1.15e+02    27s
  33   3.61881801e+09  3.66262456e+09  4.96e-01 3.78e-09  9.05e+01    28s
  34   3.62468080e+09  3.65693620e+09  3.54e-01 3.17e-09  6.52e+01    28s
  35   3.62824623e+09  3.65468386e+09  2.80e-01 2.97e-09  5.28e+01    28s
  36   3.63074867e+09  3.65171068e+09  2.36e-01 3.32e-09  4.18e+01    28s
  37   3.63376636e+09  3.65034823e+09  1.81e-01 3.26e-09  3.26e+01    28s
  38   3.63676156e+09  3.64853791e+09  1.29e-01 2.79e-09  2.29e+01    28s
  39   3.63855576e+09  3.64748235e+09  9.74e-02 2.12e-09  1.72e+01    29s
  40   3.63979722e+09  3.64686230e+09  7.65e-02 2.39e-09  1.35e+01    29s
  41   3.64055549e+09  3.64643509e+09  6.42e-02 2.91e-09  1.11e+01    29s
  42   3.64146511e+09  3.64594934e+09  4.89e-02 2.33e-09  8.44e+00    29s
  43   3.64197904e+09  3.64578395e+09  4.08e-02 2.68e-09  7.13e+00    29s
  44   3.64257109e+09  3.64565842e+09  3.21e-02 2.91e-09  5.76e+00    29s
  45   3.64289032e+09  3.64542464e+09  2.78e-02 2.10e-09  4.73e+00    30s
  46   3.64304839e+09  3.64541710e+09  2.56e-02 2.68e-09  4.42e+00    30s
  47   3.64339845e+09  3.64530308e+09  2.09e-02 3.03e-09  3.55e+00    30s
  48   3.64382815e+09  3.64524140e+09  1.48e-02 2.68e-09  2.63e+00    30s
  49   3.64404591e+09  3.64517026e+09  1.18e-02 2.33e-09  2.09e+00    30s
  50   3.64415376e+09  3.64511714e+09  1.03e-02 2.44e-09  1.79e+00    31s
  51   3.64426762e+09  3.64508239e+09  8.65e-03 2.91e-09  1.51e+00    31s
  52   3.64438291e+09  3.64504001e+09  7.09e-03 2.79e-09  1.22e+00    31s
  53   3.64451951e+09  3.64501230e+09  5.23e-03 2.91e-09  9.14e-01    31s
  54   3.64459864e+09  3.64498701e+09  4.18e-03 2.56e-09  7.21e-01    31s
  55   3.64469386e+09  3.64496326e+09  2.90e-03 2.33e-09  5.00e-01    31s
  56   3.64478931e+09  3.64495002e+09  1.62e-03 2.44e-09  2.97e-01    32s
  57   3.64486760e+09  3.64491878e+09  5.84e-04 3.26e-09  9.55e-02    32s
  58   3.64490201e+09  3.64491611e+09  1.57e-04 2.21e-09  2.63e-02    32s
  59   3.64491004e+09  3.64491548e+09  5.69e-05 3.14e-09  1.01e-02    32s
  60   3.64491377e+09  3.64491515e+09  1.35e-05 2.21e-09  2.56e-03    32s
  61   3.64491468e+09  3.64491497e+09  3.07e-06 2.79e-09  5.27e-04    32s
  62   3.64491493e+09  3.64491496e+09  2.25e-07 3.14e-09  5.09e-05    32s
  63   3.64491496e+09  3.64491496e+09  1.90e-07 2.44e-09  1.01e-07    33s
  64   3.64491496e+09  3.64491496e+09  1.35e-10 1.98e-09  3.37e-11    33s

Barrier solved model in 64 iterations and 32.82 seconds (40.71 work units)
Optimal objective 3.64491496e+09


Root crossover log...

    7864 DPushes remaining with DInf 0.0000000e+00                33s
       0 DPushes remaining with DInf 0.0000000e+00                33s

     767 PPushes remaining with PInf 0.0000000e+00                33s
       0 PPushes remaining with PInf 0.0000000e+00                33s

  Push phase complete: Pinf 0.0000000e+00, Dinf 1.3153491e+00     33s


Root simplex log...

Iteration    Objective       Primal Inf.    Dual Inf.      Time
    8257    3.6449150e+09   0.000000e+00   1.315349e+00     33s
    8259    3.6449150e+09   0.000000e+00   0.000000e+00     33s
Concurrent spin time: 0.00s

Solved with barrier
    8350    3.6449150e+09   0.000000e+00   0.000000e+00     33s
Extra simplex iterations after uncrush: 91

Root relaxation: objective 3.644915e+09, 8350 iterations, 12.67 seconds (9.45 work units)

    Nodes    |    Current Node    |     Objective Bounds      |     Work
 Expl Unexpl |  Obj  Depth IntInf | Incumbent    BestBd   Gap | It/Node Time

     0     0 3.6449e+09    0  245 3.2491e+09 3.6449e+09  12.2%     -   34s
H    0     0                    3.459096e+09 3.6449e+09  5.37%     -   36s
     0     0 3.6449e+09    0  238 3.4591e+09 3.6449e+09  5.37%     -   38s
     0     0 3.6448e+09    0  255 3.4591e+09 3.6448e+09  5.37%     -   63s
     0     0 3.6435e+09    0  245 3.4591e+09 3.6435e+09  5.33%     -   77s
     0     0 3.6424e+09    0  236 3.4591e+09 3.6424e+09  5.30%     -   91s
     0     0 3.6424e+09    0  233 3.4591e+09 3.6424e+09  5.30%     -   93s
     0     0 3.6424e+09    0  233 3.4591e+09 3.6424e+09  5.30%     -   94s
     0     0 3.6421e+09    0  234 3.4591e+09 3.6421e+09  5.29%     -  105s
H    0     0                    3.474377e+09 3.6421e+09  4.83%     -  116s
     0     0 3.6419e+09    0  224 3.4744e+09 3.6419e+09  4.82%     -  120s
     0     0 3.6419e+09    0  229 3.4744e+09 3.6419e+09  4.82%     -  121s
     0     0 3.6408e+09    0  222 3.4744e+09 3.6408e+09  4.79%     -  135s
H    0     0                    3.479476e+09 3.6408e+09  4.64%     -  148s
     0     0 3.6408e+09    0  233 3.4795e+09 3.6408e+09  4.64%     -  150s
     0     0 3.6407e+09    0  230 3.4795e+09 3.6407e+09  4.63%     -  152s
     0     0 3.6407e+09    0  227 3.4795e+09 3.6407e+09  4.63%     -  152s
     0     0 3.6402e+09    0  225 3.4795e+09 3.6402e+09  4.62%     -  163s
     0     0 3.6401e+09    0  229 3.4795e+09 3.6401e+09  4.62%     -  167s
     0     0 3.6401e+09    0  230 3.4795e+09 3.6401e+09  4.62%     -  167s
     0     0 3.6401e+09    0  232 3.4795e+09 3.6401e+09  4.62%     -  168s
     0     0 3.6401e+09    0  221 3.4795e+09 3.6401e+09  4.62%     -  171s
     0     0 3.6401e+09    0  225 3.4795e+09 3.6401e+09  4.62%     -  171s
     0     0 3.6392e+09    0  217 3.4795e+09 3.6392e+09  4.59%     -  180s
     0     0 3.6392e+09    0  232 3.4795e+09 3.6392e+09  4.59%     -  186s
     0     0 3.6392e+09    0  228 3.4795e+09 3.6392e+09  4.59%     -  187s
     0     0 3.6392e+09    0  232 3.4795e+09 3.6392e+09  4.59%     -  188s
     0     0 3.6387e+09    0  242 3.4795e+09 3.6387e+09  4.57%     -  193s
     0     0 3.6385e+09    0  253 3.4795e+09 3.6385e+09  4.57%     -  196s
     0     0 3.6385e+09    0  250 3.4795e+09 3.6385e+09  4.57%     -  197s
     0     0 3.6383e+09    0  244 3.4795e+09 3.6383e+09  4.56%     -  204s
H    0     0                    3.494465e+09 3.6383e+09  4.12%     -  220s
     0     0 3.6383e+09    0  248 3.4945e+09 3.6383e+09  4.12%     -  223s
     0     0 3.6381e+09    0  252 3.4945e+09 3.6381e+09  4.11%     -  224s
     0     0 3.6381e+09    0  254 3.4945e+09 3.6381e+09  4.11%     -  225s
     0     0 3.6381e+09    0  275 3.4945e+09 3.6381e+09  4.11%     -  229s
     0     0 3.6381e+09    0  275 3.4945e+09 3.6381e+09  4.11%     -  234s
     0     0 3.6381e+09    0  274 3.4945e+09 3.6381e+09  4.11%     -  235s
     0     0 3.6379e+09    0  253 3.4945e+09 3.6379e+09  4.11%     -  241s
     0     0 3.6378e+09    0  282 3.4945e+09 3.6378e+09  4.10%     -  245s
     0     0 3.6377e+09    0  256 3.4945e+09 3.6377e+09  4.10%     -  247s
     0     0 3.6377e+09    0  263 3.4945e+09 3.6377e+09  4.10%     -  247s
     0     0 3.6377e+09    0  243 3.4945e+09 3.6377e+09  4.10%     -  251s
     0     0 3.6377e+09    0  263 3.4945e+09 3.6377e+09  4.10%     -  253s
     0     0 3.6377e+09    0  264 3.4945e+09 3.6377e+09  4.10%     -  254s
     0     0 3.6374e+09    0  243 3.4945e+09 3.6374e+09  4.09%     -  264s
     0     0 3.6373e+09    0  259 3.4945e+09 3.6373e+09  4.09%     -  273s
     0     0 3.6373e+09    0  270 3.4945e+09 3.6373e+09  4.09%     -  275s
     0     0 3.6373e+09    0  272 3.4945e+09 3.6373e+09  4.09%     -  275s
     0     0 3.6372e+09    0  252 3.4945e+09 3.6372e+09  4.08%     -  279s
H    0     0                    3.494822e+09 3.6372e+09  4.07%     -  291s
     0     0 3.6372e+09    0  252 3.4948e+09 3.6372e+09  4.07%     -  292s
     0     0 3.6371e+09    0  261 3.4948e+09 3.6371e+09  4.07%     -  297s
     0     0 3.6371e+09    0  268 3.4948e+09 3.6371e+09  4.07%     -  304s
     0     0 3.6371e+09    0  272 3.4948e+09 3.6371e+09  4.07%     -  306s
     0     0 3.6367e+09    0  246 3.4948e+09 3.6367e+09  4.06%     -  311s
     0     0 3.6367e+09    0  242 3.4948e+09 3.6367e+09  4.06%     -  316s
     0     0 3.6367e+09    0  244 3.4948e+09 3.6367e+09  4.06%     -  317s
     0     0 3.6367e+09    0  243 3.4948e+09 3.6367e+09  4.06%     -  320s
     0     0 3.6367e+09    0  237 3.4948e+09 3.6367e+09  4.06%     -  324s
     0     0 3.6367e+09    0  256 3.4948e+09 3.6367e+09  4.06%     -  328s
     0     0 3.6367e+09    0  250 3.4948e+09 3.6367e+09  4.06%     -  330s
H    0     0                    3.567791e+09 3.6367e+09  1.93%     -  403s
     0     2 3.6367e+09    0  246 3.5678e+09 3.6367e+09  1.93%     -  408s
     1     4 3.6367e+09    1  244 3.5678e+09 3.6367e+09  1.93%  1828  417s
     3     8 3.6367e+09    2  255 3.5678e+09 3.6367e+09  1.93%  1635  452s
     7    16 3.6366e+09    3  256 3.5678e+09 3.6367e+09  1.93%  2733  482s
    15    32 3.6366e+09    4  268 3.5678e+09 3.6366e+09  1.93%  2583  503s
    31    52 3.6366e+09    5  262 3.5678e+09 3.6366e+09  1.93%  2309  532s
H   36    52                    3.567818e+09 3.6366e+09  1.93%  2100  533s
    51    72 3.6365e+09    6  267 3.5678e+09 3.6366e+09  1.93%  2073  558s
    71    92 3.6365e+09    7  258 3.5678e+09 3.6366e+09  1.93%  1854  609s
    91   112 3.6365e+09    8  257 3.5678e+09 3.6366e+09  1.93%  1997  865s
H   93   112                    3.567821e+09 3.6366e+09  1.93%  1958  865s
H   95   112                    3.567846e+09 3.6366e+09  1.93%  1931  866s
H   96   112                    3.572829e+09 3.6366e+09  1.78%  1945  867s
H  100   112                    3.584441e+09 3.6366e+09  1.45%  1909  867s
   111   138 3.6365e+09    9  241 3.5844e+09 3.6366e+09  1.45%  1899  894s
   137   162 3.6365e+09   10  239 3.5844e+09 3.6366e+09  1.45%  1834  929s
   161   188 3.6365e+09   11  235 3.5844e+09 3.6366e+09  1.45%  1712  949s
   187   208 3.6365e+09   12  241 3.5844e+09 3.6366e+09  1.45%  1620  999s
H  188   208                    3.584468e+09 3.6366e+09  1.45%  1612 1000s
H  192   208                    3.586940e+09 3.6366e+09  1.38%  1586 1001s
H  193   208                    3.588754e+09 3.6366e+09  1.33%  1581 1001s
H  196   208                    3.591024e+09 3.6366e+09  1.27%  1563 1002s
H  199   208                    3.591054e+09 3.6366e+09  1.27%  1543 1003s
   207   243 3.6365e+09   13  237 3.5911e+09 3.6366e+09  1.27%  1515 1023s
   242   278 3.6365e+09   14  239 3.5911e+09 3.6366e+09  1.27%  1386 1040s
   277   313 3.6365e+09   15  245 3.5911e+09 3.6366e+09  1.27%  1271 1053s
   312   351 3.6364e+09   17  235 3.5911e+09 3.6366e+09  1.27%  1168 1069s
   350   397 3.6364e+09   19  219 3.5911e+09 3.6366e+09  1.27%  1084 1091s
   396   443 3.6364e+09   21  256 3.5911e+09 3.6366e+09  1.27%  1012 1117s
   446   498 3.6364e+09   23  246 3.5911e+09 3.6366e+09  1.27%   945 1155s
   504   537 3.6364e+09   25  239 3.5911e+09 3.6366e+09  1.27%   905 1194s
   548   597 3.6364e+09   27  244 3.5911e+09 3.6366e+09  1.27%   868 1228s
   613   729 3.6364e+09   30  241 3.5911e+09 3.6366e+09  1.27%   824 1266s
   756   852 3.6364e+09   37  242 3.5911e+09 3.6366e+09  1.27%   735 1293s
   890  1012 3.6364e+09   42  251 3.5911e+09 3.6366e+09  1.27%   673 1327s
H 1068  1050                    3.591101e+09 3.6366e+09  1.27%   613 1358s
H 1076  1050                    3.591233e+09 3.6366e+09  1.26%   612 1358s
  1126  1237 3.6363e+09   52  224 3.5912e+09 3.6366e+09  1.26%   597 1401s
  1319  1435 3.6363e+09   57  233 3.5912e+09 3.6366e+09  1.26%   571 1437s
  1517  1658 3.6362e+09   65  221 3.5912e+09 3.6366e+09  1.26%   549 1472s
  1740  1894 3.6362e+09   77  214 3.5912e+09 3.6366e+09  1.26%   520 1521s
  1978  2207 3.6362e+09   87  209 3.5912e+09 3.6366e+09  1.26%   504 1587s
H 2313  2087                    3.605959e+09 3.6366e+09  0.85%   464 2211s
H 2313  2087                    3.607999e+09 3.6366e+09  0.79%   464 2212s
H 2318  2076                    3.611061e+09 3.6366e+09  0.71%   464 2212s
H 2319  2058                    3.614393e+09 3.6366e+09  0.61%   464 2213s

Cutting planes:
  Cover: 116
  Implied bound: 75
  MIR: 92
  Flow cover: 121
  GUB cover: 4
  Network: 5
  RLT: 23
  Relax-and-lift: 40

Explored 2333 nodes (1148464 simplex iterations) in 2213.72 seconds (2977.96 work units)
Thread count was 20 (of 40 available processors)

Solution count 10: 3.61439e+09 3.61106e+09 3.608e+09 ... 3.58694e+09

Optimal solution found (tolerance 1.00e-02)
Best objective 3.614392725704e+09, best bound 3.636557742976e+09, gap 0.6132%
Gurobi Optimizer version 10.0.1 build v10.0.1rc0 (linux64)

CPU model: Intel(R) Xeon(R) Gold 5115 CPU @ 2.40GHz, instruction set [SSE2|AVX|AVX2|AVX512]
Thread count: 20 physical cores, 40 logical processors, using up to 20 threads

Optimize a model with 194015 rows, 1633266 columns and 11697377 nonzeros
Model fingerprint: 0xb10c25bb
Variable types: 29638 continuous, 1603628 integer (1603628 binary)
Coefficient statistics:
  Matrix range     [1e+00, 2e+05]
  Objective range  [4e+01, 3e+07]
  Bounds range     [4e-16, 3e+05]
  RHS range        [1e+00, 8e+06]
Presolve removed 184009 rows and 1563997 columns (presolve time = 5s) ...
Presolve removed 184004 rows and 1564808 columns
Presolve time: 8.81s
Presolved: 10011 rows, 68458 columns, 322246 nonzeros
Variable types: 3644 continuous, 64814 integer (64808 binary)
Deterministic concurrent LP optimizer: primal and dual simplex
Showing first log only...


Root simplex log...

Iteration    Objective       Primal Inf.    Dual Inf.      Time
       0    3.2244536e+09   7.364365e+05   2.681001e+13     10s
   99007    3.4399331e+09   0.000000e+00   0.000000e+00     14s
Concurrent spin time: 0.00s

Solved with primal simplex
   99009    3.4399331e+09   0.000000e+00   0.000000e+00     14s
Extra simplex iterations after uncrush: 2

Root relaxation: objective 3.439933e+09, 99009 iterations, 3.97 seconds (4.55 work units)

    Nodes    |    Current Node    |     Objective Bounds      |     Work
 Expl Unexpl |  Obj  Depth IntInf | Incumbent    BestBd   Gap | It/Node Time

     0     0 3.4399e+09    0  216          - 3.4399e+09      -     -   14s
     0     0 3.4399e+09    0  205          - 3.4399e+09      -     -   14s
     0     0 3.4399e+09    0  205          - 3.4399e+09      -     -   14s
     0     0 3.4399e+09    0  205          - 3.4399e+09      -     -   15s
     0     0 3.4399e+09    0  206          - 3.4399e+09      -     -   15s
     0     0 3.4399e+09    0  205          - 3.4399e+09      -     -   15s
     0     0 3.4399e+09    0  201          - 3.4399e+09      -     -   15s
     0     0 3.4399e+09    0  202          - 3.4399e+09      -     -   15s
     0     0 3.4399e+09    0  202          - 3.4399e+09      -     -   15s
H    0     0                    3.145877e+09 3.4399e+09  9.35%     -   20s
     0     0 3.4399e+09    0  201 3.1459e+09 3.4399e+09  9.35%     -   20s
H    0     0                    3.147153e+09 3.4399e+09  9.30%     -   23s
     0     0 3.4399e+09    0  202 3.1472e+09 3.4399e+09  9.30%     -   27s
     0     0 3.4399e+09    0  203 3.1472e+09 3.4399e+09  9.30%     -   27s
     0     0 3.4399e+09    0  203 3.1472e+09 3.4399e+09  9.30%     -   27s
     0     0 3.4399e+09    0  202 3.1472e+09 3.4399e+09  9.30%     -   27s
     0     0 3.4399e+09    0  202 3.1472e+09 3.4399e+09  9.30%     -   27s
H    0     0                    3.370683e+09 3.4399e+09  2.05%     -   35s
H    0     0                    3.382480e+09 3.4399e+09  1.70%     -   37s
     0     0 3.4396e+09    0  185 3.3825e+09 3.4396e+09  1.69%     -   40s
H    0     0                    3.395461e+09 3.4396e+09  1.30%     -   49s
H    0     0                    3.401022e+09 3.4396e+09  1.14%     -   49s
H    0     0                    3.403092e+09 3.4396e+09  1.07%     -   49s
     0     0 3.4382e+09    0  189 3.4031e+09 3.4382e+09  1.03%     -   50s
     0     0 3.4382e+09    0  189 3.4031e+09 3.4382e+09  1.03%     -   51s
     0     0 3.4382e+09    0  196 3.4031e+09 3.4382e+09  1.03%     -   51s
     0     0 3.4382e+09    0  197 3.4031e+09 3.4382e+09  1.03%     -   51s
     0     0 3.4382e+09    0  175 3.4031e+09 3.4382e+09  1.03%     -   54s
     0     0 3.4381e+09    0  184 3.4031e+09 3.4381e+09  1.03%     -   55s
     0     0 3.4381e+09    0  168 3.4031e+09 3.4381e+09  1.03%     -   55s
     0     0 3.4381e+09    0  171 3.4031e+09 3.4381e+09  1.03%     -   55s
     0     0 3.4381e+09    0  165 3.4031e+09 3.4381e+09  1.03%     -   56s
     0     0 3.4381e+09    0  169 3.4031e+09 3.4381e+09  1.03%     -   56s
     0     0 3.4381e+09    0  175 3.4031e+09 3.4381e+09  1.03%     -   56s
H    0     0                    3.408466e+09 3.4381e+09  0.87%     -   57s
     0     0 3.4381e+09    0  171 3.4085e+09 3.4381e+09  0.87%     -   57s

Cutting planes:
  Learned: 1
  Gomory: 4
  Lift-and-project: 5
  Cover: 21
  Implied bound: 18
  Clique: 3
  MIR: 37
  StrongCG: 1
  Flow cover: 38
  GUB cover: 8
  Network: 82
  RLT: 8
  Relax-and-lift: 21

Explored 1 nodes (185015 simplex iterations) in 57.89 seconds (47.50 work units)
Thread count was 20 (of 40 available processors)

Solution count 8: 3.40847e+09 3.40309e+09 3.40102e+09 ... 3.14588e+09

Optimal solution found (tolerance 1.00e-02)
Best objective 3.408465905083e+09, best bound 3.438131434687e+09, gap 0.8703%
