
Gurobi 10.0.1 (linux64) logging started Mon May 29 04:22:46 2023

Set parameter LogFile to value "logFiles/A-2L-B/A-2L-6U-55F-15V-365D/basic-05-29-2023, 04-22-H70-P50-O15.log"
Gurobi Optimizer version 10.0.1 build v10.0.1rc0 (linux64)

CPU model: Intel(R) Xeon(R) Gold 5115 CPU @ 2.40GHz, instruction set [SSE2|AVX|AVX2|AVX512]
Thread count: 20 physical cores, 40 logical processors, using up to 20 threads

Optimize a model with 53842 rows, 425746 columns and 1760488 nonzeros
Model fingerprint: 0x925d0d38
Variable types: 178062 continuous, 247684 integer (247684 binary)
Coefficient statistics:
  Matrix range     [1e+00, 2e+05]
  Objective range  [4e+01, 3e+07]
  Bounds range     [1e+00, 1e+00]
  RHS range        [1e+00, 2e+06]
Presolve removed 40655 rows and 15136 columns (presolve time = 5s) ...
Presolve removed 40640 rows and 15121 columns
Presolve time: 9.61s
Presolved: 13202 rows, 410625 columns, 1635301 nonzeros
Variable types: 173254 continuous, 237371 integer (237366 binary)
Deterministic concurrent LP optimizer: primal simplex, dual simplex, and barrier
Showing barrier log only...

Root barrier log...

Ordering time: 0.99s

Barrier statistics:
 AA' NZ     : 8.792e+05
 Factor NZ  : 6.772e+06 (roughly 230 MB of memory)
 Factor Ops : 1.225e+10 (less than 1 second per iteration)
 Threads    : 17

                  Objective                Residual
Iter       Primal          Dual         Primal    Dual     Compl     Time
   0  -1.82051876e+16  1.73414279e+13  8.41e+08 4.77e+06  9.84e+11    15s
   1  -4.91738459e+15  2.01301977e+13  2.27e+08 3.90e+06  2.68e+11    15s
   2  -1.85641099e+15  2.16812060e+13  8.59e+07 1.55e+05  1.03e+11    15s
   3  -3.99557271e+13  1.79709265e+13  1.85e+06 1.49e-08  2.25e+09    16s
   4  -4.46577905e+12  6.15797577e+12  2.07e+05 1.49e-08  2.64e+08    16s
   5  -8.37178647e+11  4.98050870e+12  3.88e+04 1.24e-08  5.42e+07    17s
   6  -2.81610436e+11  3.36262641e+12  1.31e+04 9.43e-09  1.99e+07    17s
   7  -1.81587164e+11  3.26925618e+12  8.45e+03 9.43e-09  1.42e+07    17s
   8  -1.70420417e+11  2.20797672e+12  7.94e+03 1.19e-07  1.16e+07    17s
   9  -9.52505776e+10  1.77030913e+12  4.46e+03 3.43e-07  6.96e+06    18s
  10  -6.02299087e+10  1.26415036e+12  2.84e+03 4.76e-07  4.39e+06    18s
  11  -1.92126167e+10  6.82965196e+11  9.38e+02 1.71e-07  1.67e+06    18s
  12  -7.00482708e+09  1.99664306e+11  3.73e+02 2.90e-07  5.24e+05    19s
  13  -1.31676232e+09  9.59451102e+10  1.11e+02 1.21e-07  1.94e+05    19s
  14   3.42585592e+07  5.14734592e+10  4.96e+01 6.18e-08  9.54e+04    19s
  15   3.64080640e+08  4.03371947e+10  3.47e+01 7.44e-08  7.16e+04    19s
  16   5.02449244e+08  3.47353575e+10  2.85e+01 1.05e-07  6.06e+04    20s
  17   6.38286447e+08  2.66897764e+10  2.24e+01 9.52e-08  4.67e+04    20s
  18   7.75421978e+08  1.59637820e+10  1.63e+01 4.78e-08  2.97e+04    20s
  19   9.72204262e+08  1.10558506e+10  7.67e+00 6.15e-08  1.77e+04    21s
  20   1.01674975e+09  8.53207657e+09  5.77e+00 5.89e-08  1.33e+04    21s
  21   1.03401877e+09  5.87518128e+09  5.09e+00 5.96e-08  9.51e+03    21s
  22   1.04479985e+09  5.06580158e+09  4.67e+00 7.57e-08  8.19e+03    22s
  23   1.06405129e+09  4.87558287e+09  4.02e+00 8.20e-08  7.47e+03    22s
  24   1.09764916e+09  4.24260270e+09  3.09e+00 7.42e-08  5.93e+03    22s
  25   1.11121841e+09  4.15827235e+09  2.86e+00 8.85e-08  5.60e+03    23s
  26   1.15450467e+09  3.13114839e+09  1.95e+00 8.20e-08  3.56e+03    23s
  27   1.19661908e+09  2.62072139e+09  1.28e+00 5.96e-08  2.42e+03    24s
  28   1.23339099e+09  2.21270382e+09  8.49e-01 7.44e-08  1.59e+03    24s
  29   1.26672115e+09  1.91594696e+09  6.27e-01 6.64e-08  1.04e+03    24s
  30   1.29294453e+09  1.81630305e+09  4.80e-01 6.71e-08  8.15e+02    25s
  31   1.30342472e+09  1.72146942e+09  4.09e-01 8.13e-08  6.45e+02    25s
  32   1.31729969e+09  1.61976367e+09  3.34e-01 7.95e-08  4.63e+02    25s
  33   1.34279345e+09  1.57830264e+09  2.14e-01 8.63e-08  3.44e+02    26s
  34   1.36550632e+09  1.50967630e+09  1.17e-01 7.45e-08  2.02e+02    26s
  35   1.38141112e+09  1.49617231e+09  6.52e-02 6.34e-08  1.54e+02    27s
  36   1.38954283e+09  1.46796507e+09  4.63e-02 7.03e-08  1.05e+02    27s
  37   1.39094289e+09  1.45398303e+09  4.34e-02 6.15e-08  8.51e+01    27s
  38   1.39400829e+09  1.45243964e+09  3.62e-02 7.97e-08  7.81e+01    27s
  39   1.39506764e+09  1.44446214e+09  3.41e-02 9.51e-08  6.64e+01    28s
  40   1.39996798e+09  1.44075484e+09  2.38e-02 8.20e-08  5.40e+01    28s
  41   1.40272339e+09  1.43356874e+09  1.88e-02 6.64e-08  4.09e+01    29s
  42   1.40554175e+09  1.42762696e+09  1.42e-02 7.45e-08  2.94e+01    29s
  43   1.40613955e+09  1.42653013e+09  1.34e-02 7.58e-08  2.71e+01    29s
  44   1.40874369e+09  1.42471333e+09  9.58e-03 7.95e-08  2.11e+01    30s
  45   1.41021430e+09  1.42376176e+09  7.63e-03 7.82e-08  1.78e+01    30s
  46   1.41170956e+09  1.42219050e+09  5.76e-03 7.83e-08  1.38e+01    31s
  47   1.41349806e+09  1.42119183e+09  3.78e-03 8.20e-08  1.00e+01    31s
  48   1.41396233e+09  1.42053496e+09  3.31e-03 6.71e-08  8.57e+00    31s
  49   1.41466717e+09  1.42006942e+09  2.61e-03 8.48e-08  7.03e+00    32s
  50   1.41497951e+09  1.41949419e+09  2.32e-03 9.51e-08  5.90e+00    32s
  51   1.41577290e+09  1.41922913e+09  1.60e-03 8.01e-08  4.48e+00    32s
  52   1.41586559e+09  1.41913974e+09  1.51e-03 8.42e-08  4.25e+00    33s
  53   1.41614758e+09  1.41877832e+09  1.27e-03 6.91e-08  3.42e+00    33s
  54   1.41649819e+09  1.41850544e+09  9.92e-04 8.20e-08  2.62e+00    34s
  55   1.41700130e+09  1.41838865e+09  5.76e-04 6.87e-08  1.79e+00    34s
  56   1.41718503e+09  1.41820706e+09  4.29e-04 7.26e-08  1.32e+00    34s
  57   1.41746345e+09  1.41805763e+09  2.12e-04 7.21e-08  7.61e-01    35s
  58   1.41769295e+09  1.41792157e+09  4.13e-05 6.41e-08  2.86e-01    35s
  59   1.41771377e+09  1.41780523e+09  2.69e-05 7.18e-08  1.17e-01    35s
  60   1.41774863e+09  1.41777876e+09  4.57e-06 6.71e-08  3.76e-02    36s
  61   1.41775463e+09  1.41776207e+09  1.04e-06 6.70e-08  9.27e-03    36s
  62   1.41775632e+09  1.41775781e+09  2.69e-07 7.45e-08  1.88e-03    36s
  63   1.41775696e+09  1.41775698e+09  4.92e-08 7.46e-08  2.45e-05    37s
  64   1.41775698e+09  1.41775698e+09  1.09e-09 6.55e-08  1.31e-09    37s

Barrier solved model in 64 iterations and 36.92 seconds (20.79 work units)
Optimal objective 1.41775698e+09


Root crossover log...

   10296 DPushes remaining with DInf 1.3006036e-05                37s
       0 DPushes remaining with DInf 0.0000000e+00                37s

    1233 PPushes remaining with PInf 0.0000000e+00                37s
      42 PPushes remaining with PInf 0.0000000e+00                37s

  Push phase complete: Pinf 0.0000000e+00, Dinf 5.5739160e-08     37s


Root simplex log...

Iteration    Objective       Primal Inf.    Dual Inf.      Time
   11484    1.4177570e+09   1.220443e+02   0.000000e+00     38s
   11526    1.4177570e+09   0.000000e+00   0.000000e+00     38s
Concurrent spin time: 4.95s (can be avoided by choosing Method=3)

Solved with barrier
   11544    1.4177570e+09   0.000000e+00   0.000000e+00     43s
Extra simplex iterations after uncrush: 18

Root relaxation: objective 1.417757e+09, 11544 iterations, 31.70 seconds (12.81 work units)
Total elapsed time = 45.19s

    Nodes    |    Current Node    |     Objective Bounds      |     Work
 Expl Unexpl |  Obj  Depth IntInf | Incumbent    BestBd   Gap | It/Node Time

     0     0 1.4178e+09    0  269          - 1.4178e+09      -     -   46s
H    0     0                    1.378253e+09 1.4178e+09  2.87%     -   59s
H    0     0                    1.381911e+09 1.4178e+09  2.59%     -   61s
     0     0 1.4177e+09    0  252 1.3819e+09 1.4177e+09  2.59%     -   73s
H    0     0                    1.386257e+09 1.4177e+09  2.27%     -   84s
     0     0 1.4177e+09    0  242 1.3863e+09 1.4177e+09  2.27%     -   85s
     0     0 1.4177e+09    0  253 1.3863e+09 1.4177e+09  2.27%     -   88s
     0     0 1.4177e+09    0  250 1.3863e+09 1.4177e+09  2.27%     -   89s
     0     0 1.4176e+09    0  250 1.3863e+09 1.4176e+09  2.26%     -  100s
H    0     0                    1.387512e+09 1.4176e+09  2.17%     -  107s
     0     0 1.4176e+09    0  251 1.3875e+09 1.4176e+09  2.17%     -  107s
     0     0 1.4176e+09    0  256 1.3875e+09 1.4176e+09  2.17%     -  109s
     0     0 1.4176e+09    0  256 1.3875e+09 1.4176e+09  2.17%     -  109s
     0     0 1.4176e+09    0  230 1.3875e+09 1.4176e+09  2.17%     -  115s
H    0     0                    1.388428e+09 1.4176e+09  2.10%     -  121s
     0     0 1.4176e+09    0  235 1.3884e+09 1.4176e+09  2.10%     -  122s
     0     0 1.4176e+09    0  242 1.3884e+09 1.4176e+09  2.10%     -  133s
     0     0 1.4176e+09    0  253 1.3884e+09 1.4176e+09  2.10%     -  144s
     0     0 1.4176e+09    0  244 1.3884e+09 1.4176e+09  2.10%     -  146s
     0     0 1.4175e+09    0  263 1.3884e+09 1.4175e+09  2.10%     -  151s
     0     0 1.4175e+09    0  274 1.3884e+09 1.4175e+09  2.10%     -  156s
     0     0 1.4175e+09    0  275 1.3884e+09 1.4175e+09  2.10%     -  157s
     0     0 1.4175e+09    0  249 1.3884e+09 1.4175e+09  2.10%     -  161s
H    0     0                    1.388930e+09 1.4175e+09  2.06%     -  173s
     0     0 1.4175e+09    0  260 1.3889e+09 1.4175e+09  2.06%     -  174s
     0     0 1.4175e+09    0  259 1.3889e+09 1.4175e+09  2.06%     -  175s
     0     0 1.4175e+09    0  281 1.3889e+09 1.4175e+09  2.06%     -  179s
H    0     0                    1.389640e+09 1.4175e+09  2.01%     -  185s
     0     0 1.4175e+09    0  278 1.3896e+09 1.4175e+09  2.01%     -  186s
     0     0 1.4175e+09    0  275 1.3896e+09 1.4175e+09  2.01%     -  187s
     0     0 1.4175e+09    0  287 1.3896e+09 1.4175e+09  2.01%     -  190s
     0     0 1.4175e+09    0  303 1.3896e+09 1.4175e+09  2.01%     -  193s
     0     0 1.4175e+09    0  287 1.3896e+09 1.4175e+09  2.01%     -  209s
     0     0 1.4175e+09    0  312 1.3896e+09 1.4175e+09  2.01%     -  215s
     0     0 1.4175e+09    0  307 1.3896e+09 1.4175e+09  2.01%     -  220s
     0     0 1.4175e+09    0  297 1.3896e+09 1.4175e+09  2.01%     -  226s
H    0     0                    1.394196e+09 1.4175e+09  1.67%     -  259s
     0     2 1.4175e+09    0  295 1.3942e+09 1.4175e+09  1.67%     -  266s
     1     4 1.4175e+09    1  279 1.3942e+09 1.4175e+09  1.67%  4727  276s
     3     8 1.4175e+09    2  279 1.3942e+09 1.4175e+09  1.67%  2615  285s
     7    16 1.4175e+09    3  300 1.3942e+09 1.4175e+09  1.67%  1778  299s
    15    32 1.4175e+09    4  292 1.3942e+09 1.4175e+09  1.67%  1617  317s
H   31    52                    1.397055e+09 1.4175e+09  1.47%  1416  338s
H   33    52                    1.398990e+09 1.4175e+09  1.33%  1359  339s
H   34    52                    1.399784e+09 1.4175e+09  1.27%  1339  340s
H   38    52                    1.400017e+09 1.4175e+09  1.25%  1289  340s
    51    72 1.4175e+09    6  304 1.4000e+09 1.4175e+09  1.25%  1285  356s
    71    92 1.4175e+09    7  317 1.4000e+09 1.4175e+09  1.25%  1152  370s
    91   112 1.4175e+09    8  329 1.4000e+09 1.4175e+09  1.25%   994  543s
H   92   112                    1.400698e+09 1.4175e+09  1.20%   983  544s
H   93   112                    1.400751e+09 1.4175e+09  1.20%   973  545s
H  100   112                    1.401564e+09 1.4175e+09  1.14%   947  545s
H  101   112                    1.404463e+09 1.4175e+09  0.93%   938  546s

Cutting planes:
  Cover: 56
  Implied bound: 112
  Clique: 3
  MIR: 61
  Flow cover: 64
  GUB cover: 1
  RLT: 51
  Relax-and-lift: 187

Explored 111 nodes (142156 simplex iterations) in 546.63 seconds (620.34 work units)
Thread count was 20 (of 40 available processors)

Solution count 10: 1.40446e+09 1.40446e+09 1.40156e+09 ... 1.3942e+09

Optimal solution found (tolerance 1.00e-02)
Best objective 1.404462649279e+09, best bound 1.417525742146e+09, gap 0.9301%
Gurobi Optimizer version 10.0.1 build v10.0.1rc0 (linux64)

CPU model: Intel(R) Xeon(R) Gold 5115 CPU @ 2.40GHz, instruction set [SSE2|AVX|AVX2|AVX512]
Thread count: 20 physical cores, 40 logical processors, using up to 20 threads

Optimize a model with 83575 rows, 789209 columns and 3998696 nonzeros
Model fingerprint: 0x6a263abd
Variable types: 257529 continuous, 531680 integer (531680 binary)
Coefficient statistics:
  Matrix range     [1e+00, 2e+05]
  Objective range  [4e+01, 3e+07]
  Bounds range     [1e+00, 3e+05]
  RHS range        [1e+00, 4e+06]
Presolve removed 73894 rows and 540394 columns (presolve time = 5s) ...
Presolve removed 74607 rows and 560100 columns (presolve time = 10s) ...
Presolve removed 74587 rows and 560080 columns
Presolve time: 11.81s
Presolved: 8988 rows, 229129 columns, 964918 nonzeros
Variable types: 117843 continuous, 111286 integer (111276 binary)
Deterministic concurrent LP optimizer: primal simplex, dual simplex, and barrier
Showing barrier log only...

Root barrier log...

Ordering time: 0.26s

Barrier statistics:
 AA' NZ     : 5.317e+05
 Factor NZ  : 3.598e+06 (roughly 130 MB of memory)
 Factor Ops : 4.523e+09 (less than 1 second per iteration)
 Threads    : 17

                  Objective                Residual
Iter       Primal          Dual         Primal    Dual     Compl     Time
   0  -7.33162599e+15  2.02233193e+13  5.45e+08 3.05e+06  4.46e+11    14s
   1  -2.18220587e+15  1.93320225e+13  1.62e+08 2.61e+06  1.34e+11    15s
   2  -3.53307875e+14  1.48605159e+13  2.63e+07 1.01e+05  2.22e+10    15s
   3  -1.81629990e+13  8.62040334e+12  1.35e+06 5.85e+02  1.16e+09    15s
   4  -2.31616341e+12  2.57382859e+12  1.72e+05 1.59e+00  1.52e+08    15s
   5  -4.48525224e+11  1.43221323e+12  3.32e+04 9.55e-09  3.13e+07    15s
   6  -1.57116092e+11  9.81681505e+11  1.18e+04 8.15e-09  1.19e+07    15s
   7  -6.96685934e+10  6.30397491e+11  5.31e+03 7.45e-09  5.53e+06    15s
   8  -1.99361419e+10  3.42584378e+11  1.61e+03 7.92e-09  1.88e+06    15s
   9  -2.16075203e+09  1.62434633e+11  2.90e+02 8.50e-09  5.26e+05    16s
  10  -1.04685720e+08  6.80606695e+10  1.39e+02 1.08e-08  2.19e+05    16s
  11   8.76635715e+08  4.23561919e+10  6.78e+01 1.58e-08  1.24e+05    16s
  12   1.25929655e+09  2.85799071e+10  4.04e+01 4.14e-08  7.96e+04    16s
  13   1.42921300e+09  2.16996354e+10  2.83e+01 5.91e-08  5.84e+04    16s
  14   1.54934988e+09  1.48161106e+10  1.99e+01 5.69e-08  3.91e+04    16s
  15   1.63685290e+09  8.88948957e+09  1.38e+01 4.83e-08  2.32e+04    16s
  16   1.73648161e+09  6.55389032e+09  7.39e+00 5.36e-08  1.48e+04    16s
  17   1.77137882e+09  5.56875236e+09  5.33e+00 6.33e-08  1.15e+04    17s
  18   1.80036499e+09  5.01126086e+09  3.83e+00 7.26e-08  9.38e+03    17s
  19   1.82296771e+09  4.92849101e+09  3.12e+00 1.13e-07  8.76e+03    17s
  20   1.83560597e+09  4.85643092e+09  2.73e+00 1.42e-07  8.35e+03    17s
  21   1.89479071e+09  3.91583532e+09  1.22e+00 8.38e-08  5.29e+03    17s
  22   1.93174073e+09  3.31224527e+09  7.90e-01 6.43e-08  3.54e+03    17s
  23   1.96318933e+09  2.92125293e+09  5.24e-01 4.70e-08  2.38e+03    17s
  24   1.98419996e+09  2.66914434e+09  3.50e-01 3.91e-08  1.66e+03    18s
  25   2.01348438e+09  2.35554778e+09  1.95e-01 2.33e-08  8.05e+02    18s
  26   2.03678491e+09  2.29846094e+09  1.18e-01 2.61e-08  6.00e+02    18s
  27   2.04373206e+09  2.25071870e+09  9.73e-02 1.96e-08  4.71e+02    18s
  28   2.05171780e+09  2.24244360e+09  7.47e-02 2.14e-08  4.30e+02    18s
  29   2.05562834e+09  2.20140276e+09  6.61e-02 1.68e-08  3.27e+02    18s
  30   2.06211584e+09  2.18517644e+09  5.24e-02 1.35e-08  2.75e+02    18s
  31   2.06617268e+09  2.16371247e+09  4.52e-02 1.16e-08  2.18e+02    18s
  32   2.06800692e+09  2.15914969e+09  3.84e-02 1.40e-08  2.02e+02    18s
  33   2.07179041e+09  2.13522277e+09  3.22e-02 1.12e-08  1.41e+02    19s
  34   2.08332417e+09  2.12512865e+09  1.32e-02 9.31e-09  9.17e+01    19s
  35   2.08642764e+09  2.11621240e+09  9.57e-03 7.45e-09  6.52e+01    19s
  36   2.08872407e+09  2.11124982e+09  7.27e-03 5.59e-09  4.92e+01    19s
  37   2.08914753e+09  2.10947005e+09  6.86e-03 6.52e-09  4.44e+01    19s
  38   2.09070525e+09  2.10691605e+09  5.44e-03 5.59e-09  3.54e+01    19s
  39   2.09148978e+09  2.10596748e+09  4.79e-03 6.52e-09  3.16e+01    20s
  40   2.09182287e+09  2.10506850e+09  4.52e-03 5.59e-09  2.89e+01    20s
  41   2.09230745e+09  2.10461531e+09  4.14e-03 8.38e-09  2.69e+01    20s
  42   2.09261401e+09  2.10401504e+09  3.90e-03 6.52e-09  2.49e+01    20s
  43   2.09300714e+09  2.10334332e+09  3.60e-03 5.59e-09  2.26e+01    20s
  44   2.09379329e+09  2.10309155e+09  3.06e-03 4.66e-09  2.03e+01    20s
  45   2.09526840e+09  2.10200494e+09  2.12e-03 4.66e-09  1.47e+01    20s
  46   2.09626501e+09  2.10102923e+09  1.54e-03 3.73e-09  1.04e+01    21s
  47   2.09716484e+09  2.10079182e+09  1.05e-03 4.66e-09  7.90e+00    21s
  48   2.09804148e+09  2.10019210e+09  5.80e-04 3.73e-09  4.69e+00    21s
  49   2.09827876e+09  2.10007706e+09  4.65e-04 3.73e-09  3.92e+00    21s
  50   2.09863670e+09  2.09979128e+09  2.98e-04 3.73e-09  2.51e+00    21s
  51   2.09881616e+09  2.09966265e+09  2.18e-04 4.66e-09  1.84e+00    21s
  52   2.09900195e+09  2.09957012e+09  1.36e-04 4.66e-09  1.24e+00    21s
  53   2.09917319e+09  2.09946782e+09  6.46e-05 3.73e-09  6.41e-01    22s
  54   2.09925710e+09  2.09940991e+09  3.14e-05 2.79e-09  3.33e-01    22s
  55   2.09926613e+09  2.09937837e+09  2.78e-05 3.73e-09  2.44e-01    22s
  56   2.09929113e+09  2.09936827e+09  1.76e-05 3.73e-09  1.68e-01    22s
  57   2.09931204e+09  2.09935459e+09  9.47e-06 3.73e-09  9.26e-02    22s
  58   2.09932064e+09  2.09934438e+09  6.16e-06 4.19e-09  5.17e-02    22s
  59   2.09932896e+09  2.09934204e+09  3.05e-06 3.73e-09  2.85e-02    22s
  60   2.09933286e+09  2.09933782e+09  2.55e-06 4.66e-09  1.08e-02    22s
  61   2.09933677e+09  2.09933748e+09  5.06e-06 4.66e-09  1.56e-03    22s
  62   2.09933736e+09  2.09933740e+09  2.04e-07 8.38e-09  7.34e-05    22s
  63   2.09933739e+09  2.09933739e+09  1.08e-08 3.73e-09  4.34e-07    23s
  64   2.09933739e+09  2.09933739e+09  4.49e-08 4.66e-09  2.74e-09    23s

Barrier solved model in 64 iterations and 22.79 seconds (22.29 work units)
Optimal objective 2.09933739e+09


Root crossover log...

    6551 DPushes remaining with DInf 0.0000000e+00                23s
       0 DPushes remaining with DInf 0.0000000e+00                23s

     518 PPushes remaining with PInf 0.0000000e+00                23s
       3 PPushes remaining with PInf 1.0840752e+04                23s

  Push phase complete: Pinf 1.0840752e+04, Dinf 8.2504396e+05     23s


Root simplex log...

Iteration    Objective       Primal Inf.    Dual Inf.      Time
    6939    2.0993379e+09   0.000000e+00   8.250458e+05     23s
    7879    2.0993374e+09   0.000000e+00   0.000000e+00     24s
Concurrent spin time: 0.00s

Solved with barrier
    7879    2.0993374e+09   0.000000e+00   0.000000e+00     24s

Root relaxation: objective 2.099337e+09, 7879 iterations, 11.06 seconds (7.60 work units)

    Nodes    |    Current Node    |     Objective Bounds      |     Work
 Expl Unexpl |  Obj  Depth IntInf | Incumbent    BestBd   Gap | It/Node Time

     0     0 2.0993e+09    0  182          - 2.0993e+09      -     -   25s
     0     0 2.0993e+09    0  182          - 2.0993e+09      -     -   26s
     0     0 2.0993e+09    0  172          - 2.0993e+09      -     -   46s
H    0     0                    2.019377e+09 2.0993e+09  3.96%     -   52s
     0     0 2.0988e+09    0  192 2.0194e+09 2.0988e+09  3.93%     -   61s
H    0     0                    2.034526e+09 2.0988e+09  3.16%     -   64s
     0     0 2.0988e+09    0  193 2.0345e+09 2.0988e+09  3.16%     -   64s
     0     0 2.0986e+09    0  194 2.0345e+09 2.0986e+09  3.15%     -   72s
H    0     0                    2.039464e+09 2.0986e+09  2.90%     -   74s
     0     0 2.0986e+09    0  194 2.0395e+09 2.0986e+09  2.90%     -   75s
     0     0 2.0985e+09    0  215 2.0395e+09 2.0985e+09  2.90%     -   77s
H    0     0                    2.041385e+09 2.0985e+09  2.80%     -   80s
     0     0 2.0983e+09    0  220 2.0414e+09 2.0983e+09  2.79%     -   84s
     0     0 2.0983e+09    0  213 2.0414e+09 2.0983e+09  2.79%     -   85s
     0     0 2.0983e+09    0  204 2.0414e+09 2.0983e+09  2.79%     -   86s
     0     0 2.0983e+09    0  206 2.0414e+09 2.0983e+09  2.79%     -   86s
     0     0 2.0983e+09    0  214 2.0414e+09 2.0983e+09  2.79%     -   89s
     0     0 2.0983e+09    0  232 2.0414e+09 2.0983e+09  2.79%     -   92s
     0     0 2.0982e+09    0  220 2.0414e+09 2.0982e+09  2.78%     -   94s
     0     0 2.0982e+09    0  225 2.0414e+09 2.0982e+09  2.78%     -   97s
     0     0 2.0982e+09    0  225 2.0414e+09 2.0982e+09  2.78%     -   98s
     0     0 2.0981e+09    0  235 2.0414e+09 2.0981e+09  2.78%     -  101s
H    0     0                    2.041604e+09 2.0981e+09  2.77%     -  104s
     0     0 2.0981e+09    0  234 2.0416e+09 2.0981e+09  2.77%     -  104s
     0     0 2.0981e+09    0  237 2.0416e+09 2.0981e+09  2.77%     -  105s
     0     0 2.0981e+09    0  221 2.0416e+09 2.0981e+09  2.77%     -  108s
     0     0 2.0981e+09    0  224 2.0416e+09 2.0981e+09  2.77%     -  110s
     0     0 2.0981e+09    0  229 2.0416e+09 2.0981e+09  2.77%     -  111s
     0     0 2.0981e+09    0  237 2.0416e+09 2.0981e+09  2.77%     -  112s
     0     0 2.0981e+09    0  240 2.0416e+09 2.0981e+09  2.77%     -  113s
     0     0 2.0981e+09    0  237 2.0416e+09 2.0981e+09  2.77%     -  116s
     0     0 2.0981e+09    0  239 2.0416e+09 2.0981e+09  2.77%     -  118s
     0     0 2.0981e+09    0  237 2.0416e+09 2.0981e+09  2.77%     -  119s
     0     0 2.0981e+09    0  237 2.0416e+09 2.0981e+09  2.77%     -  119s
     0     0 2.0981e+09    0  251 2.0416e+09 2.0981e+09  2.77%     -  120s
H    0     0                    2.041610e+09 2.0981e+09  2.77%     -  127s
     0     0 2.0981e+09    0  256 2.0416e+09 2.0981e+09  2.77%     -  127s
     0     0 2.0981e+09    0  238 2.0416e+09 2.0981e+09  2.76%     -  130s
     0     0 2.0981e+09    0  237 2.0416e+09 2.0981e+09  2.76%     -  132s
     0     0 2.0980e+09    0  244 2.0416e+09 2.0980e+09  2.76%     -  134s
     0     0 2.0980e+09    0  249 2.0416e+09 2.0980e+09  2.76%     -  135s
     0     0 2.0980e+09    0  242 2.0416e+09 2.0980e+09  2.76%     -  137s
     0     0 2.0980e+09    0  242 2.0416e+09 2.0980e+09  2.76%     -  140s
H    0     0                    2.053164e+09 2.0980e+09  2.19%     -  173s
     0     2 2.0980e+09    0  242 2.0532e+09 2.0980e+09  2.19%     -  176s
     1     4 2.0980e+09    1  228 2.0532e+09 2.0980e+09  2.19%  1163  181s
     3     8 2.0980e+09    2  207 2.0532e+09 2.0980e+09  2.19%   937  187s
     7    16 2.0980e+09    3  202 2.0532e+09 2.0980e+09  2.19%   936  194s
    15    32 2.0980e+09    4  242 2.0532e+09 2.0980e+09  2.19%   771  201s
H   31    52                    2.053636e+09 2.0980e+09  2.16%   736  221s
H   42    52                    2.053718e+09 2.0980e+09  2.16%   666  222s
H   46    52                    2.053732e+09 2.0980e+09  2.16%   641  222s
H   47    52                    2.054133e+09 2.0980e+09  2.14%   632  222s
    51    72 2.0980e+09    6  256 2.0541e+09 2.0980e+09  2.14%   684  231s
    71    92 2.0980e+09    7  232 2.0541e+09 2.0980e+09  2.14%   623  238s
H   91   112                    2.054840e+09 2.0980e+09  2.10%   568  246s
H   99   112                    2.057443e+09 2.0980e+09  1.97%   542  247s
H  110   112                    2.058061e+09 2.0980e+09  1.94%   516  247s
   111   132 2.0980e+09    9  240 2.0581e+09 2.0980e+09  1.94%   514  253s
   131   155 2.0980e+09   10  235 2.0581e+09 2.0980e+09  1.94%   474  261s
H  154   175                    2.058427e+09 2.0980e+09  1.92%   454  267s
H  158   175                    2.058446e+09 2.0980e+09  1.92%   449  267s
H  161   175                    2.058668e+09 2.0980e+09  1.91%   443  268s
   174   197 2.0980e+09   12  224 2.0587e+09 2.0980e+09  1.91%   440  273s
   197   219 2.0980e+09   13  222 2.0587e+09 2.0980e+09  1.91%   411  278s
H  219   239                    2.058731e+09 2.0980e+09  1.91%   387  288s
H  227   239                    2.058773e+09 2.0980e+09  1.91%   389  288s
H  235   239                    2.059146e+09 2.0980e+09  1.89%   389  288s
   239   262 2.0979e+09   14  211 2.0591e+09 2.0980e+09  1.89%   394  294s
   263   293 2.0980e+09   15  232 2.0591e+09 2.0980e+09  1.89%   385  302s
H  295   313                    2.059305e+09 2.0980e+09  1.88%   366  324s
H  297   313                    2.059538e+09 2.0980e+09  1.87%   365  324s
H  302   313                    2.064582e+09 2.0980e+09  1.62%   367  324s
H  312   313                    2.064699e+09 2.0980e+09  1.61%   358  325s
   318   379 2.0980e+09   18  246 2.0647e+09 2.0980e+09  1.61%   353  338s
   394   447 2.0980e+09   20  227 2.0647e+09 2.0980e+09  1.61%   320  365s
   472   621 2.0980e+09   23  233 2.0647e+09 2.0980e+09  1.61%   295  386s
H  477   621                    2.064699e+09 2.0980e+09  1.61%   294  387s
H  504   621                    2.064757e+09 2.0980e+09  1.61%   294  387s
H  580   621                    2.066655e+09 2.0980e+09  1.52%   275  388s
   672   867 2.0980e+09   28  231 2.0667e+09 2.0980e+09  1.52%   257  460s
H  694   867                    2.081202e+09 2.0980e+09  0.81%   255  460s
H  898   867                    2.083866e+09 2.0980e+09  0.68%   240  461s
H  928   867                    2.088791e+09 2.0980e+09  0.44%   235  461s

Cutting planes:
  Cover: 82
  Implied bound: 60
  Clique: 8
  MIR: 116
  StrongCG: 1
  Flow cover: 68
  GUB cover: 3
  RLT: 40
  Relax-and-lift: 43

Explored 929 nodes (252131 simplex iterations) in 461.63 seconds (496.15 work units)
Thread count was 20 (of 40 available processors)

Solution count 10: 2.08879e+09 2.08879e+09 2.08387e+09 ... 2.05954e+09

Optimal solution found (tolerance 1.00e-02)
Best objective 2.088791037336e+09, best bound 2.098018188736e+09, gap 0.4417%
Gurobi Optimizer version 10.0.1 build v10.0.1rc0 (linux64)

CPU model: Intel(R) Xeon(R) Gold 5115 CPU @ 2.40GHz, instruction set [SSE2|AVX|AVX2|AVX512]
Thread count: 20 physical cores, 40 logical processors, using up to 20 threads

Optimize a model with 113259 rows, 1160949 columns and 6387515 nonzeros
Model fingerprint: 0xcc3515b2
Variable types: 275368 continuous, 885581 integer (885581 binary)
Coefficient statistics:
  Matrix range     [1e+00, 2e+05]
  Objective range  [4e+01, 3e+07]
  Bounds range     [1e+00, 3e+05]
  RHS range        [1e+00, 5e+06]
Presolve removed 103494 rows and 901171 columns (presolve time = 5s) ...
Presolve removed 104435 rows and 929903 columns (presolve time = 10s) ...
Presolve removed 104507 rows and 931933 columns
Presolve time: 12.30s
Presolved: 8752 rows, 229016 columns, 952365 nonzeros
Variable types: 117762 continuous, 111254 integer (111244 binary)
Deterministic concurrent LP optimizer: primal simplex, dual simplex, and barrier
Showing barrier log only...

Root barrier log...

Ordering time: 0.25s

Barrier statistics:
 AA' NZ     : 5.262e+05
 Factor NZ  : 3.237e+06 (roughly 120 MB of memory)
 Factor Ops : 3.643e+09 (less than 1 second per iteration)
 Threads    : 17

                  Objective                Residual
Iter       Primal          Dual         Primal    Dual     Compl     Time
   0  -9.48352520e+15  6.30564788e+12  6.34e+08 6.38e+05  2.28e+11    15s
   1  -2.91510120e+15  6.89611434e+12  1.96e+08 8.67e+05  7.08e+10    15s
   2  -9.30415895e+14  5.91835614e+12  6.27e+07 6.96e+04  2.31e+10    15s
   3  -3.08903451e+13  3.96390772e+12  2.08e+06 4.77e-09  7.79e+08    15s
   4  -4.59773274e+12  9.67049775e+11  3.09e+05 4.66e-09  1.18e+08    15s
   5  -1.10529741e+12  7.16365420e+11  7.43e+04 3.84e-09  2.95e+07    16s
   6  -4.44295976e+11  4.51216177e+11  2.99e+04 3.26e-09  1.23e+07    16s
   7  -1.20208620e+11  3.10008833e+11  8.20e+03 2.79e-09  3.69e+06    16s
   8  -2.06300860e+10  1.78098029e+11  1.54e+03 2.91e-09  9.05e+05    16s
   9  -1.32838972e+10  1.27357129e+11  1.05e+03 2.91e-09  5.96e+05    16s
  10  -7.37462915e+09  1.09206638e+11  6.54e+02 3.73e-09  4.27e+05    16s
  11  -1.49024248e+09  6.09568684e+10  2.61e+02 4.46e-08  1.97e+05    16s
  12  -3.34603274e+08  4.02578269e+10  1.85e+02 3.06e-08  1.29e+05    16s
  13   9.25202598e+08  2.44771781e+10  1.02e+02 2.42e-08  7.22e+04    16s
  14   1.73832197e+09  1.49100413e+10  4.91e+01 2.14e-08  3.86e+04    17s
  15   1.89625987e+09  1.07170154e+10  3.89e+01 1.49e-08  2.71e+04    17s
  16   1.99055267e+09  9.65785245e+09  3.32e+01 1.59e-08  2.35e+04    17s
  17   2.11876695e+09  6.55519321e+09  2.53e+01 1.66e-08  1.49e+04    17s
  18   2.32459392e+09  5.10190904e+09  1.29e+01 1.41e-08  8.76e+03    17s
  19   2.38149643e+09  4.18647421e+09  9.55e+00 4.24e-08  6.23e+03    17s
  20   2.43871112e+09  3.86923804e+09  6.76e+00 3.68e-08  4.74e+03    17s
  21   2.45768637e+09  3.76339322e+09  5.98e+00 3.86e-08  4.26e+03    17s
  22   2.47746875e+09  3.60937734e+09  5.26e+00 4.00e-08  3.67e+03    17s
  23   2.51565451e+09  3.38121647e+09  3.61e+00 3.82e-08  2.66e+03    18s
  24   2.55697501e+09  3.05061663e+09  1.91e+00 2.42e-08  1.44e+03    18s
  25   2.57884527e+09  2.86249148e+09  9.65e-01 1.82e-08  7.71e+02    18s
  26   2.59581361e+09  2.72994973e+09  3.92e-01 1.40e-08  3.33e+02    18s
  27   2.59860346e+09  2.71129793e+09  3.24e-01 1.40e-08  2.75e+02    18s
  28   2.60327395e+09  2.67592763e+09  2.35e-01 1.02e-08  1.72e+02    18s
  29   2.60603169e+09  2.66420075e+09  1.88e-01 8.38e-09  1.35e+02    18s
  30   2.61083255e+09  2.65629775e+09  1.20e-01 7.45e-09  1.03e+02    18s
  31   2.61376885e+09  2.65104859e+09  9.32e-02 7.45e-09  8.40e+01    18s
  32   2.61557176e+09  2.64680345e+09  7.72e-02 8.38e-09  6.99e+01    19s
  33   2.61716592e+09  2.64302359e+09  6.46e-02 7.45e-09  5.75e+01    19s
  34   2.62009863e+09  2.63948894e+09  4.45e-02 5.59e-09  4.28e+01    19s
  35   2.62193102e+09  2.63745900e+09  3.48e-02 6.52e-09  3.42e+01    19s
  36   2.62414258e+09  2.63568378e+09  2.34e-02 6.52e-09  2.53e+01    19s
  37   2.62557710e+09  2.63403529e+09  1.71e-02 3.73e-09  1.85e+01    19s
  38   2.62664358e+09  2.63321494e+09  1.30e-02 3.73e-09  1.43e+01    19s
  39   2.62758255e+09  2.63256415e+09  9.51e-03 4.66e-09  1.09e+01    20s
  40   2.62837370e+09  2.63217577e+09  6.87e-03 3.73e-09  8.28e+00    20s
  41   2.62849831e+09  2.63168147e+09  6.41e-03 4.66e-09  6.92e+00    20s
  42   2.62881511e+09  2.63160025e+09  5.42e-03 4.66e-09  6.06e+00    20s
  43   2.62911812e+09  2.63132574e+09  4.42e-03 4.66e-09  4.79e+00    20s
  44   2.62956504e+09  2.63111562e+09  2.84e-03 3.73e-09  3.36e+00    20s
  45   2.62982258e+09  2.63098857e+09  2.04e-03 3.73e-09  2.53e+00    20s
  46   2.63009451e+09  2.63092013e+09  1.25e-03 3.73e-09  1.79e+00    21s
  47   2.63029721e+09  2.63077940e+09  7.25e-04 2.79e-09  1.05e+00    21s
  48   2.63037986e+09  2.63074850e+09  5.00e-04 3.73e-09  8.00e-01    21s
  49   2.63042506e+09  2.63069243e+09  3.85e-04 2.79e-09  5.80e-01    21s
  50   2.63051652e+09  2.63066726e+09  1.75e-04 3.73e-09  3.27e-01    21s
  51   2.63057371e+09  2.63062191e+09  4.39e-05 3.73e-09  1.05e-01    21s
  52   2.63058344e+09  2.63060253e+09  2.32e-05 3.73e-09  4.14e-02    21s
  53   2.63059294e+09  2.63059738e+09  4.02e-06 2.79e-09  9.65e-03    21s
  54   2.63059510e+09  2.63059550e+09  1.54e-06 3.73e-09  8.73e-04    21s
  55   2.63059516e+09  2.63059516e+09  8.28e-08 6.52e-09  1.07e-05    22s
  56   2.63059516e+09  2.63059516e+09  3.27e-09 5.59e-09  2.99e-07    22s
  57   2.63059516e+09  2.63059516e+09  2.10e-09 5.59e-09  3.29e-11    22s

Barrier solved model in 57 iterations and 21.94 seconds (23.21 work units)
Optimal objective 2.63059516e+09


Root crossover log...

    6130 DPushes remaining with DInf 0.0000000e+00                22s
       0 DPushes remaining with DInf 0.0000000e+00                22s

     487 PPushes remaining with PInf 0.0000000e+00                22s
       8 PPushes remaining with PInf 0.0000000e+00                22s

  Push phase complete: Pinf 0.0000000e+00, Dinf 4.7488489e+03     22s


Root simplex log...

Iteration    Objective       Primal Inf.    Dual Inf.      Time
    6455    2.6305952e+09   3.875744e-02   0.000000e+00     22s
    6474    2.6305952e+09   0.000000e+00   0.000000e+00     22s
Concurrent spin time: 0.00s

Solved with barrier
    6474    2.6305952e+09   0.000000e+00   0.000000e+00     22s

Root relaxation: objective 2.630595e+09, 6474 iterations, 8.58 seconds (5.99 work units)

    Nodes    |    Current Node    |     Objective Bounds      |     Work
 Expl Unexpl |  Obj  Depth IntInf | Incumbent    BestBd   Gap | It/Node Time

     0     0 2.6306e+09    0  210          - 2.6306e+09      -     -   23s
     0     0 2.6306e+09    0  208          - 2.6306e+09      -     -   25s
     0     0 2.6305e+09    0  204          - 2.6305e+09      -     -   43s
     0     0 2.6302e+09    0  224          - 2.6302e+09      -     -   50s
     0     0 2.6301e+09    0  211          - 2.6301e+09      -     -   56s
     0     0 2.6301e+09    0  218          - 2.6301e+09      -     -   56s
     0     0 2.6301e+09    0  230          - 2.6301e+09      -     -   57s
     0     0 2.6300e+09    0  222          - 2.6300e+09      -     -   64s
     0     0 2.6300e+09    0  239          - 2.6300e+09      -     -   67s
     0     0 2.6300e+09    0  239          - 2.6300e+09      -     -   68s
     0     0 2.6300e+09    0  240          - 2.6300e+09      -     -   70s
     0     0 2.6300e+09    0  226          - 2.6300e+09      -     -   71s
     0     0 2.6300e+09    0  243          - 2.6300e+09      -     -   76s
H    0     0                    2.541234e+09 2.6300e+09  3.49%     -   82s
H    0     0                    2.547045e+09 2.6300e+09  3.26%     -   83s
     0     0 2.6300e+09    0  252 2.5470e+09 2.6300e+09  3.26%     -   84s
     0     0 2.6300e+09    0  252 2.5470e+09 2.6300e+09  3.26%     -   84s
     0     0 2.6299e+09    0  248 2.5470e+09 2.6299e+09  3.25%     -   90s
H    0     0                    2.553003e+09 2.6299e+09  3.01%     -   94s
     0     0 2.6299e+09    0  257 2.5530e+09 2.6299e+09  3.01%     -   95s
     0     0 2.6299e+09    0  257 2.5530e+09 2.6299e+09  3.01%     -   95s
     0     0 2.6296e+09    0  212 2.5530e+09 2.6296e+09  3.00%     -  103s
H    0     0                    2.553672e+09 2.6296e+09  2.97%     -  106s
     0     0 2.6296e+09    0  225 2.5537e+09 2.6296e+09  2.97%     -  108s
     0     0 2.6296e+09    0  224 2.5537e+09 2.6296e+09  2.97%     -  109s
     0     0 2.6294e+09    0  232 2.5537e+09 2.6294e+09  2.96%     -  113s
     0     0 2.6294e+09    0  225 2.5537e+09 2.6294e+09  2.96%     -  117s
     0     0 2.6294e+09    0  228 2.5537e+09 2.6294e+09  2.96%     -  117s
     0     0 2.6293e+09    0  247 2.5537e+09 2.6293e+09  2.96%     -  121s
     0     0 2.6293e+09    0  255 2.5537e+09 2.6293e+09  2.96%     -  123s
     0     0 2.6293e+09    0  255 2.5537e+09 2.6293e+09  2.96%     -  124s
     0     0 2.6293e+09    0  261 2.5537e+09 2.6293e+09  2.96%     -  124s
     0     0 2.6292e+09    0  246 2.5537e+09 2.6292e+09  2.96%     -  128s
H    0     0                    2.558242e+09 2.6292e+09  2.77%     -  134s
     0     0 2.6292e+09    0  252 2.5582e+09 2.6292e+09  2.77%     -  135s
     0     0 2.6292e+09    0  246 2.5582e+09 2.6292e+09  2.77%     -  136s
     0     0 2.6292e+09    0  247 2.5582e+09 2.6292e+09  2.77%     -  136s
     0     0 2.6292e+09    0  242 2.5582e+09 2.6292e+09  2.77%     -  140s
H    0     0                    2.568569e+09 2.6292e+09  2.36%     -  145s
H    0     0                    2.568755e+09 2.6292e+09  2.35%     -  146s
     0     0 2.6292e+09    0  236 2.5688e+09 2.6292e+09  2.35%     -  146s
     0     0 2.6291e+09    0  236 2.5688e+09 2.6291e+09  2.35%     -  148s
H    0     0                    2.585569e+09 2.6291e+09  1.69%     -  153s
     0     0 2.6291e+09    0  241 2.5856e+09 2.6291e+09  1.69%     -  153s
     0     0 2.6291e+09    0  241 2.5856e+09 2.6291e+09  1.68%     -  155s
H    0     0                    2.586162e+09 2.6291e+09  1.66%     -  159s
     0     0 2.6291e+09    0  247 2.5862e+09 2.6291e+09  1.66%     -  160s
     0     0 2.6291e+09    0  259 2.5862e+09 2.6291e+09  1.66%     -  160s
     0     0 2.6291e+09    0  263 2.5862e+09 2.6291e+09  1.66%     -  162s
     0     0 2.6291e+09    0  263 2.5862e+09 2.6291e+09  1.66%     -  164s
H    0     0                    2.590402e+09 2.6291e+09  1.50%     -  184s
H    0     2                    2.593690e+09 2.6291e+09  1.37%     -  190s
     0     2 2.6291e+09    0  263 2.5937e+09 2.6291e+09  1.37%     -  190s
     3     8 2.6291e+09    2  239 2.5937e+09 2.6291e+09  1.37%  1033  197s
     7    16 2.6290e+09    3  251 2.5937e+09 2.6291e+09  1.36%   804  201s
    15    32 2.6290e+09    4  244 2.5937e+09 2.6291e+09  1.36%   765  212s
H   31    52                    2.594834e+09 2.6291e+09  1.32%   961  227s
H   38    52                    2.595569e+09 2.6291e+09  1.29%   909  228s
    51    72 2.6290e+09    6  270 2.5956e+09 2.6291e+09  1.29%   965  237s
    71    92 2.6289e+09    7  283 2.5956e+09 2.6290e+09  1.29%   898  245s
H   91   112                    2.595790e+09 2.6290e+09  1.28%   813  292s
H   92   112                    2.596033e+09 2.6290e+09  1.27%   808  292s
H   94   112                    2.598053e+09 2.6290e+09  1.19%   798  293s
H   97   112                    2.598141e+09 2.6290e+09  1.19%   780  293s
H   99   112                    2.611484e+09 2.6290e+09  0.67%   768  294s

Cutting planes:
  Cover: 145
  Implied bound: 73
  Clique: 6
  MIR: 113
  Flow cover: 86
  GUB cover: 7
  Zero half: 1
  Network: 2
  RLT: 103
  Relax-and-lift: 89

Explored 111 nodes (123555 simplex iterations) in 294.57 seconds (334.72 work units)
Thread count was 20 (of 40 available processors)

Solution count 10: 2.61148e+09 2.59814e+09 2.59805e+09 ... 2.58616e+09

Optimal solution found (tolerance 1.00e-02)
Best objective 2.611484339060e+09, best bound 2.629041842663e+09, gap 0.6723%
Gurobi Optimizer version 10.0.1 build v10.0.1rc0 (linux64)

CPU model: Intel(R) Xeon(R) Gold 5115 CPU @ 2.40GHz, instruction set [SSE2|AVX|AVX2|AVX512]
Thread count: 20 physical cores, 40 logical processors, using up to 20 threads

Optimize a model with 158142 rows, 1605203 columns and 11221099 nonzeros
Model fingerprint: 0x27d88db9
Variable types: 345978 continuous, 1259225 integer (1259225 binary)
Coefficient statistics:
  Matrix range     [1e+00, 2e+05]
  Objective range  [4e+01, 3e+07]
  Bounds range     [1e+00, 3e+05]
  RHS range        [1e+00, 8e+06]
Presolve removed 142913 rows and 1191847 columns (presolve time = 5s) ...
Presolve removed 144680 rows and 1235483 columns (presolve time = 10s) ...
Presolve removed 144680 rows and 1235483 columns (presolve time = 15s) ...
Presolve removed 144680 rows and 1235483 columns (presolve time = 20s) ...
Presolve removed 146139 rows and 1272974 columns (presolve time = 25s) ...
Presolve removed 146110 rows and 1272945 columns
Presolve time: 26.54s
Presolved: 12032 rows, 332258 columns, 1465602 nonzeros
Variable types: 194890 continuous, 137368 integer (137357 binary)
Deterministic concurrent LP optimizer: primal simplex, dual simplex, and barrier
Showing barrier log only...

Root barrier log...

Ordering time: 0.48s

Barrier statistics:
 AA' NZ     : 8.219e+05
 Factor NZ  : 5.862e+06 (roughly 200 MB of memory)
 Factor Ops : 9.823e+09 (less than 1 second per iteration)
 Threads    : 17

                  Objective                Residual
Iter       Primal          Dual         Primal    Dual     Compl     Time
   0  -1.29643103e+16  7.05011824e+12  5.41e+08 9.76e+05  1.84e+11    31s
   1  -4.73342242e+15  6.75645983e+12  1.98e+08 1.12e+06  6.83e+10    31s
   2  -1.47155435e+15  5.64236026e+12  6.20e+07 1.20e+05  2.17e+10    32s
   3  -1.30187609e+14  3.43524386e+12  5.49e+06 7.10e-09  1.96e+09    32s
   4  -8.54390434e+13  2.45211953e+12  3.60e+06 4.66e-09  1.29e+09    32s
   5  -1.86164893e+13  1.53594986e+12  7.85e+05 9.90e-09  2.83e+08    32s
   6  -5.29710260e+12  1.04117973e+12  2.23e+05 3.84e-09  8.13e+07    32s
   7  -8.75823594e+11  5.37851711e+11  3.70e+04 3.84e-09  1.42e+07    32s
   8  -4.73602194e+11  3.76808607e+11  2.01e+04 1.59e-08  7.69e+06    33s
   9  -1.35305288e+11  2.34053374e+11  5.81e+03 2.85e-08  2.27e+06    33s
  10  -2.12227603e+10  1.21442138e+11  1.02e+03 3.73e-09  4.83e+05    33s
  11  -3.17737010e+09  5.30166408e+10  2.68e+02 4.66e-09  1.43e+05    33s
  12   1.07047157e+09  2.70951929e+10  9.19e+01 4.66e-09  5.69e+04    33s
  13   1.72250289e+09  1.79257839e+10  6.55e+01 9.02e-09  3.65e+04    33s
  14   2.16219130e+09  1.27412372e+10  4.79e+01 1.16e-08  2.46e+04    34s
  15   2.62496724e+09  8.68809092e+09  2.97e+01 1.73e-08  1.45e+04    34s
  16   2.77754762e+09  6.62320753e+09  2.40e+01 1.50e-08  1.02e+04    34s
  17   3.04785103e+09  6.40561640e+09  1.36e+01 1.59e-08  7.53e+03    34s
  18   3.05843007e+09  6.10728232e+09  1.33e+01 1.49e-08  7.01e+03    34s
  19   3.09632097e+09  5.89076237e+09  1.19e+01 2.12e-08  6.37e+03    35s
  20   3.17049695e+09  5.23311098e+09  9.53e+00 1.56e-08  4.86e+03    35s
  21   3.24512697e+09  4.81373695e+09  6.91e+00 1.50e-08  3.66e+03    35s
  22   3.29605640e+09  4.55435392e+09  5.10e+00 1.84e-08  2.89e+03    35s
  23   3.31951851e+09  4.53741495e+09  4.24e+00 2.15e-08  2.66e+03    35s
  24   3.34609955e+09  4.32014222e+09  3.38e+00 2.37e-08  2.15e+03    36s
  25   3.36330199e+09  4.07689495e+09  2.78e+00 2.14e-08  1.61e+03    36s
  26   3.37538275e+09  3.90014505e+09  1.62e+00 2.42e-08  1.08e+03    36s
  27   3.39709146e+09  3.66789211e+09  9.54e-01 2.24e-08  5.31e+02    36s
  28   3.40938632e+09  3.53740449e+09  5.26e-01 1.58e-08  2.31e+02    36s
  29   3.41710833e+09  3.49517605e+09  2.84e-01 1.21e-08  1.31e+02    37s
  30   3.41807170e+09  3.49038058e+09  2.57e-01 1.40e-08  1.20e+02    37s
  31   3.41936062e+09  3.48078197e+09  2.21e-01 1.49e-08  1.00e+02    37s
  32   3.42073758e+09  3.46796115e+09  1.84e-01 1.68e-08  7.54e+01    37s
  33   3.42150082e+09  3.46173559e+09  1.66e-01 1.40e-08  6.34e+01    37s
  34   3.42404434e+09  3.44964248e+09  1.03e-01 1.02e-08  3.90e+01    38s
  35   3.42630079e+09  3.44384470e+09  5.83e-02 7.45e-09  2.62e+01    38s
  36   3.42733363e+09  3.43938758e+09  4.31e-02 7.45e-09  1.78e+01    38s
  37   3.42834694e+09  3.43813129e+09  3.05e-02 8.38e-09  1.44e+01    38s
  38   3.42875793e+09  3.43740444e+09  2.62e-02 9.31e-09  1.27e+01    38s
  39   3.42936468e+09  3.43627896e+09  2.06e-02 9.31e-09  1.01e+01    38s
  40   3.43008391e+09  3.43533037e+09  1.45e-02 7.45e-09  7.68e+00    39s
  41   3.43028517e+09  3.43450158e+09  1.31e-02 7.45e-09  6.14e+00    39s
  42   3.43081521e+09  3.43395126e+09  9.37e-03 7.45e-09  4.56e+00    39s
  43   3.43098189e+09  3.43373859e+09  8.35e-03 8.38e-09  4.01e+00    39s
  44   3.43154155e+09  3.43356935e+09  5.24e-03 9.31e-09  2.96e+00    40s
  45   3.43167996e+09  3.43338388e+09  4.66e-03 8.38e-09  2.48e+00    40s
  46   3.43211373e+09  3.43329056e+09  2.82e-03 7.45e-09  1.72e+00    40s
  47   3.43229075e+09  3.43324832e+09  2.16e-03 1.02e-08  1.40e+00    40s
  48   3.43236110e+09  3.43317945e+09  1.91e-03 1.02e-08  1.20e+00    40s
  49   3.43249948e+09  3.43314213e+09  1.45e-03 8.38e-09  9.40e-01    41s
  50   3.43257879e+09  3.43309864e+09  1.20e-03 8.38e-09  7.60e-01    41s
  51   3.43264795e+09  3.43307148e+09  9.94e-04 8.38e-09  6.19e-01    41s
  52   3.43270316e+09  3.43305242e+09  8.28e-04 8.38e-09  5.11e-01    41s
  53   3.43281868e+09  3.43303791e+09  4.78e-04 9.31e-09  3.21e-01    41s
  54   3.43288350e+09  3.43301835e+09  2.84e-04 7.45e-09  1.98e-01    42s
  55   3.43290976e+09  3.43300000e+09  2.10e-04 6.52e-09  1.32e-01    42s
  56   3.43294314e+09  3.43299605e+09  1.16e-04 6.52e-09  7.75e-02    42s
  57   3.43295200e+09  3.43299172e+09  9.23e-05 5.59e-09  5.81e-02    42s
  58   3.43296894e+09  3.43298853e+09  4.55e-05 6.05e-09  2.87e-02    42s
  59   3.43298110e+09  3.43298671e+09  1.20e-05 8.38e-09  8.23e-03    43s
  60   3.43298409e+09  3.43298593e+09  4.29e-06 6.64e-09  2.70e-03    43s
  61   3.43298448e+09  3.43298586e+09  3.26e-06 4.66e-09  2.02e-03    43s
  62   3.43298560e+09  3.43298584e+09  3.78e-07 7.10e-09  3.42e-04    43s
  63   3.43298566e+09  3.43298579e+09  2.81e-07 5.59e-09  1.88e-04    43s
  64   3.43298570e+09  3.43298576e+09  2.33e-07 8.38e-09  9.16e-05    43s
  65   3.43298576e+09  3.43298576e+09  1.20e-06 4.66e-09  2.92e-06    43s
  66   3.43298576e+09  3.43298576e+09  1.52e-07 7.57e-09  1.91e-07    44s
  67   3.43298576e+09  3.43298576e+09  8.22e-09 6.58e-09  2.60e-08    44s
  68   3.43298576e+09  3.43298576e+09  1.04e-09 5.59e-09  1.50e-09    44s

Barrier solved model in 68 iterations and 44.12 seconds (49.05 work units)
Optimal objective 3.43298576e+09


Root crossover log...

    9169 DPushes remaining with DInf 0.0000000e+00                44s
       0 DPushes remaining with DInf 0.0000000e+00                45s

    1049 PPushes remaining with PInf 0.0000000e+00                45s
      10 PPushes remaining with PInf 0.0000000e+00                45s

  Push phase complete: Pinf 0.0000000e+00, Dinf 3.0577802e+05     45s


Root simplex log...

Iteration    Objective       Primal Inf.    Dual Inf.      Time
   10012    3.4329859e+09   4.011468e+03   0.000000e+00     45s
   10112    3.4329858e+09   3.143527e+04   0.000000e+00     45s
   11128    3.4329858e+09   0.000000e+00   0.000000e+00     50s
Concurrent spin time: 0.01s

Solved with barrier
   11128    3.4329858e+09   0.000000e+00   0.000000e+00     50s

Root relaxation: objective 3.432986e+09, 11128 iterations, 20.70 seconds (15.36 work units)
Total elapsed time = 50.10s

    Nodes    |    Current Node    |     Objective Bounds      |     Work
 Expl Unexpl |  Obj  Depth IntInf | Incumbent    BestBd   Gap | It/Node Time

     0     0 3.4330e+09    0  207          - 3.4330e+09      -     -   51s
     0     0 3.4327e+09    0  200          - 3.4327e+09      -     -   74s
     0     0 3.4327e+09    0  200          - 3.4327e+09      -     -   83s
     0     0 3.4327e+09    0  210          - 3.4327e+09      -     -  106s
     0     0 3.4327e+09    0  203          - 3.4327e+09      -     -  113s
     0     0 3.4327e+09    0  195          - 3.4327e+09      -     -  134s
     0     0 3.4327e+09    0  194          - 3.4327e+09      -     -  137s
     0     0 3.4327e+09    0  220          - 3.4327e+09      -     -  147s
     0     0 3.4327e+09    0  215          - 3.4327e+09      -     -  151s
     0     0 3.4327e+09    0  219          - 3.4327e+09      -     -  163s
     0     0 3.4327e+09    0  219          - 3.4327e+09      -     -  170s
     0     2 3.4327e+09    0  215          - 3.4327e+09      -     -  232s
     1     4 3.4327e+09    1  213          - 3.4327e+09      -  1758  241s
     3     8 3.4327e+09    2  211          - 3.4327e+09      -  1083  256s
     7    16 3.4327e+09    3  202          - 3.4327e+09      -  1008  277s
    15    32 3.4327e+09    4  198          - 3.4327e+09      -  1199  312s
    31    52 3.4327e+09    5  221          - 3.4327e+09      -  1420  339s
    51    72 3.4327e+09    6  205          - 3.4327e+09      -  1304  360s
    71    92 3.4327e+09    7  211          - 3.4327e+09      -  1155  389s
    91   112 3.4327e+09    8  198          - 3.4327e+09      -  1159  419s
   111   132 3.4327e+09    9  191          - 3.4327e+09      -  1180  444s
   131   152 3.4327e+09   10  199          - 3.4327e+09      -  1160  487s
   151   173 3.4327e+09   11  202          - 3.4327e+09      -  1215  520s
   172   194 3.4327e+09   12  201          - 3.4327e+09      -  1218  557s
   193   215 3.4327e+09   13  195          - 3.4327e+09      -  1241  593s
   214   238 3.4327e+09   14  235          - 3.4327e+09      -  1218  626s
   237   269 3.4327e+09   15  233          - 3.4327e+09      -  1180  657s
   268   302 3.4327e+09   17  215          - 3.4327e+09      -  1116  680s
   301   336 3.4327e+09   18  212          - 3.4327e+09      -  1050  707s
   335   370 3.4327e+09   20  212          - 3.4327e+09      -  1021  737s
   369   408 3.4327e+09   21  215          - 3.4327e+09      -   996  764s
   407   456 3.4327e+09   22  230          - 3.4327e+09      -   974  793s
   455   510 3.4327e+09   24  213          - 3.4327e+09      -   945  824s
   509   557 3.4327e+09   27  227          - 3.4327e+09      -   908  854s
   556   604 3.4327e+09   29  208          - 3.4327e+09      -   886  882s
   603   654 3.4327e+09   31  210          - 3.4327e+09      -   871  914s
   653   711 3.4327e+09   33  211          - 3.4327e+09      -   855  943s
   710   774 3.4327e+09   35  220          - 3.4327e+09      -   832  971s
   773   838 3.4327e+09   40  212          - 3.4327e+09      -   811 1003s
   837   902 3.4327e+09   42  210          - 3.4327e+09      -   792 1035s
   901   967 3.4327e+09   45  220          - 3.4327e+09      -   783 1067s
   966  1036 3.4327e+09   47  207          - 3.4327e+09      -   773 1101s
  1035  1112 3.4327e+09   50  220          - 3.4327e+09      -   764 1131s
  1111  1245 3.4327e+09   57  211          - 3.4327e+09      -   749 1179s
  1244  1389 3.4327e+09   69  197          - 3.4327e+09      -   716 1226s
  1388  1565 3.4327e+09   73  193          - 3.4327e+09      -   686 1281s
  1564  1748 3.4327e+09   83  211          - 3.4327e+09      -   654 1335s
  1747  1956 3.4327e+09   90  196          - 3.4327e+09      -   632 1388s
  1955  2197 3.4327e+09  100  216          - 3.4327e+09      -   603 1646s
  2198  2456 3.4327e+09  111  203          - 3.4327e+09      -   577 1712s
  2457  2752 3.4327e+09  118  186          - 3.4327e+09      -   556 1787s
  2753  3102 3.4327e+09  127  186          - 3.4327e+09      -   536 1864s
  3103  3502 3.4327e+09  142  200          - 3.4327e+09      -   511 1948s
H 3293  3502                    3.344237e+09 3.4327e+09  2.65%   501 1949s
H 3355  3502                    3.377604e+09 3.4327e+09  1.63%   496 1949s
H 3507  3822                    3.388034e+09 3.4327e+09  1.32%   486 2027s
H 3531  3822                    3.392975e+09 3.4327e+09  1.17%   485 2028s
H 3691  3822                    3.393003e+09 3.4327e+09  1.17%   476 2029s
H 3808  3822                    3.404970e+09 3.4327e+09  0.81%   468 2029s

Cutting planes:
  Cover: 26
  Implied bound: 8
  Clique: 7
  MIR: 28
  Flow cover: 24
  GUB cover: 7
  Network: 8
  RLT: 12
  Relax-and-lift: 3

Explored 3827 nodes (1810917 simplex iterations) in 2029.89 seconds (2024.86 work units)
Thread count was 20 (of 40 available processors)

Solution count 7: 3.40497e+09 3.40497e+09 3.393e+09 ... 3.34424e+09

Optimal solution found (tolerance 1.00e-02)
Best objective 3.404970334647e+09, best bound 3.432716276268e+09, gap 0.8149%
Gurobi Optimizer version 10.0.1 build v10.0.1rc0 (linux64)

CPU model: Intel(R) Xeon(R) Gold 5115 CPU @ 2.40GHz, instruction set [SSE2|AVX|AVX2|AVX512]
Thread count: 20 physical cores, 40 logical processors, using up to 20 threads

Optimize a model with 158407 rows, 1615567 columns and 11087156 nonzeros
Model fingerprint: 0xf99e778a
Variable types: 22979 continuous, 1592588 integer (1592588 binary)
Coefficient statistics:
  Matrix range     [1e+00, 2e+05]
  Objective range  [4e+01, 3e+07]
  Bounds range     [1e+00, 3e+05]
  RHS range        [1e+00, 8e+06]
Presolve removed 154603 rows and 1552142 columns
Presolve time: 4.10s
Presolved: 3804 rows, 63425 columns, 268803 nonzeros
Variable types: 1178 continuous, 62247 integer (62195 binary)
Deterministic concurrent LP optimizer: primal and dual simplex
Showing first log only...


Root simplex log...

Iteration    Objective       Primal Inf.    Dual Inf.      Time
       0    2.7719495e+09   8.915575e+04   1.343375e+14      6s
   46128    3.2164584e+09   3.015681e-02   1.946178e+10      8s
Concurrent spin time: 0.00s

Solved with dual simplex

Root simplex log...

Iteration    Objective       Primal Inf.    Dual Inf.      Time
   20769    3.4033827e+09   0.000000e+00   0.000000e+00      9s

Root relaxation: objective 3.403383e+09, 20769 iterations, 3.37 seconds (3.96 work units)

    Nodes    |    Current Node    |     Objective Bounds      |     Work
 Expl Unexpl |  Obj  Depth IntInf | Incumbent    BestBd   Gap | It/Node Time

     0     0 3.4034e+09    0  152          - 3.4034e+09      -     -    8s
     0     0 3.4034e+09    0  152          - 3.4034e+09      -     -    9s
     0     0 3.4034e+09    0  152          - 3.4034e+09      -     -    9s
H    0     0                    3.378040e+09 3.4034e+09  0.75%     -   15s

Explored 1 nodes (21099 simplex iterations) in 15.90 seconds (13.77 work units)
Thread count was 20 (of 40 available processors)

Solution count 1: 3.37804e+09 

Optimal solution found (tolerance 1.00e-02)
Best objective 3.378039932327e+09, best bound 3.403382458439e+09, gap 0.7502%
Gurobi Optimizer version 10.0.1 build v10.0.1rc0 (linux64)

CPU model: Intel(R) Xeon(R) Gold 5115 CPU @ 2.40GHz, instruction set [SSE2|AVX|AVX2|AVX512]
Thread count: 20 physical cores, 40 logical processors, using up to 20 threads

Optimize a model with 158267 rows, 1616564 columns and 10983403 nonzeros
Model fingerprint: 0x865c6bc0
Variable types: 19427 continuous, 1597137 integer (1597137 binary)
Coefficient statistics:
  Matrix range     [1e+00, 2e+05]
  Objective range  [4e+01, 3e+07]
  Bounds range     [1e+00, 3e+05]
  RHS range        [1e+00, 8e+06]
Found heuristic solution: objective 3.290697e+09
Presolve removed 158234 rows and 1616503 columns
Presolve time: 2.78s
Presolved: 33 rows, 61 columns, 182 nonzeros
Found heuristic solution: objective 3.324345e+09
Variable types: 17 continuous, 44 integer (44 binary)

Root relaxation: objective 3.365856e+09, 5 iterations, 0.00 seconds (0.00 work units)

    Nodes    |    Current Node    |     Objective Bounds      |     Work
 Expl Unexpl |  Obj  Depth IntInf | Incumbent    BestBd   Gap | It/Node Time

*    0     0               0    3.365856e+09 3.3659e+09  0.00%     -    3s

Explored 1 nodes (5 simplex iterations) in 3.48 seconds (2.12 work units)
Thread count was 20 (of 40 available processors)

Solution count 3: 3.36586e+09 3.32434e+09 3.2907e+09 

Optimal solution found (tolerance 1.00e-02)
Best objective 3.365855690188e+09, best bound 3.365855690188e+09, gap 0.0000%
