
Gurobi 10.0.1 (linux64) logging started Tue May 23 22:40:47 2023

Set parameter LogFile to value "logFiles/A-2L-B/A-2L-6U-55F-15V-365D/basic-05-23-2023, 22-40-H70-P50-O15.log"
Gurobi Optimizer version 10.0.1 build v10.0.1rc0 (linux64)

CPU model: Intel(R) Xeon(R) Gold 5115 CPU @ 2.40GHz, instruction set [SSE2|AVX|AVX2|AVX512]
Thread count: 20 physical cores, 40 logical processors, using up to 20 threads

Optimize a model with 53413 rows, 425745 columns and 1904282 nonzeros
Model fingerprint: 0x8725aa91
Variable types: 178062 continuous, 247683 integer (247683 binary)
Coefficient statistics:
  Matrix range     [1e+00, 2e+05]
  Objective range  [4e+01, 3e+07]
  Bounds range     [1e+00, 1e+00]
  RHS range        [1e+00, 2e+06]
Presolve removed 40340 rows and 20566 columns (presolve time = 5s) ...
Presolve removed 40340 rows and 20566 columns (presolve time = 10s) ...
Presolve removed 40325 rows and 20551 columns
Presolve time: 12.24s
Presolved: 13088 rows, 405194 columns, 1762087 nonzeros
Variable types: 167824 continuous, 237370 integer (237365 binary)
Deterministic concurrent LP optimizer: primal simplex, dual simplex, and barrier
Showing barrier log only...

Root barrier log...

Ordering time: 0.81s

Barrier statistics:
 AA' NZ     : 8.879e+05
 Factor NZ  : 5.401e+06 (roughly 200 MB of memory)
 Factor Ops : 6.922e+09 (less than 1 second per iteration)
 Threads    : 17

                  Objective                Residual
Iter       Primal          Dual         Primal    Dual     Compl     Time
   0  -1.75015294e+16  3.19623092e+13  8.33e+08 1.17e+07  2.22e+12    18s
   1  -3.78839414e+15  3.28856078e+13  1.81e+08 9.84e+06  4.86e+11    18s
   2  -1.92205314e+15  3.26639130e+13  9.17e+07 6.60e+05  2.53e+11    19s
   3  -3.96280638e+13  2.95964427e+13  1.89e+06 7.44e+03  5.25e+09    19s
   4  -3.81685548e+12  1.53427381e+13  1.82e+05 1.80e+02  5.24e+08    19s
   5  -1.38740060e+12  7.69076442e+12  6.62e+04 2.25e-08  1.93e+08    20s
   6  -8.14176405e+11  5.56725527e+12  3.89e+04 2.36e-08  1.14e+08    20s
   7  -2.09015742e+11  4.95912000e+12  1.01e+04 1.99e-08  3.35e+07    20s
   8  -1.82885388e+11  3.56897292e+12  8.82e+03 1.99e-08  2.65e+07    21s
   9  -1.58625937e+11  3.26738533e+12  7.75e+03 2.36e-08  2.31e+07    21s
  10  -1.17783074e+11  2.77348539e+12  5.86e+03 1.98e-08  1.73e+07    21s
  11  -4.27765086e+10  2.02774727e+12  2.30e+03 3.73e-08  7.56e+06    21s
  12  -1.71133746e+10  1.01468509e+12  9.80e+02 3.35e-08  3.13e+06    22s
  13  -6.07608117e+09  3.76292186e+11  4.14e+02 3.26e-08  1.16e+06    22s
  14  -8.04961993e+08  1.92762944e+11  1.48e+02 3.98e-08  4.70e+05    22s
  15   1.00659158e+09  1.09418920e+11  5.75e+01 4.39e-08  2.21e+05    22s
  16   1.35211291e+09  8.17956724e+10  4.03e+01 6.96e-08  1.60e+05    23s
  17   1.62343259e+09  6.49938804e+10  2.68e+01 6.62e-08  1.19e+05    23s
  18   1.82135341e+09  4.48889349e+10  1.70e+01 6.46e-08  7.92e+04    23s
  19   1.92109525e+09  3.43804076e+10  1.21e+01 7.87e-08  5.87e+04    24s
  20   1.98615480e+09  2.37538408e+10  8.84e+00 9.37e-08  4.07e+04    24s
  21   2.04457341e+09  1.71219032e+10  5.98e+00 7.75e-08  2.80e+04    24s
  22   2.06172663e+09  1.13415694e+10  5.19e+00 1.11e-07  1.95e+04    25s
  23   2.09188207e+09  9.92634014e+09  3.82e+00 1.12e-07  1.56e+04    25s
  24   2.12545880e+09  8.22277964e+09  2.58e+00 1.33e-07  1.15e+04    25s
  25   2.15386745e+09  7.00174768e+09  2.18e+00 1.15e-07  9.15e+03    26s
  26   2.18504538e+09  6.46569399e+09  1.85e+00 1.31e-07  7.84e+03    26s
  27   2.22887783e+09  5.62979664e+09  1.18e+00 1.48e-07  5.71e+03    26s
  28   2.24264602e+09  4.97229484e+09  1.04e+00 1.26e-07  4.59e+03    27s
  29   2.26344978e+09  4.35020726e+09  7.99e-01 1.39e-07  3.41e+03    27s
  30   2.28118593e+09  3.81533730e+09  6.40e-01 1.35e-07  2.46e+03    27s
  31   2.30320100e+09  3.47204205e+09  4.62e-01 1.15e-07  1.81e+03    28s
  32   2.31856371e+09  3.06558531e+09  3.86e-01 1.07e-07  1.17e+03    28s
  33   2.38394117e+09  2.87014088e+09  1.99e-01 1.33e-07  7.11e+02    29s
  34   2.39480706e+09  2.72269323e+09  1.77e-01 1.07e-07  4.89e+02    29s
  35   2.42156768e+09  2.65621547e+09  1.28e-01 1.21e-07  3.46e+02    29s
  36   2.42444212e+09  2.64723023e+09  1.22e-01 1.14e-07  3.28e+02    29s
  37   2.43436040e+09  2.61689762e+09  1.03e-01 1.21e-07  2.68e+02    30s
  38   2.45087087e+09  2.60715171e+09  7.15e-02 1.62e-07  2.22e+02    30s
  39   2.46263086e+09  2.59014885e+09  5.38e-02 1.62e-07  1.78e+02    30s
  40   2.46858697e+09  2.57614847e+09  4.61e-02 1.73e-07  1.50e+02    31s
  41   2.47031750e+09  2.56416097e+09  4.39e-02 1.81e-07  1.32e+02    31s
  42   2.47883669e+09  2.55339226e+09  3.32e-02 1.68e-07  1.04e+02    31s
  43   2.48317311e+09  2.54312260e+09  2.85e-02 1.21e-07  8.39e+01    32s
  44   2.48651306e+09  2.53949263e+09  2.42e-02 1.59e-07  7.37e+01    32s
  45   2.48793176e+09  2.52988251e+09  2.23e-02 1.30e-07  5.91e+01    33s
  46   2.49254331e+09  2.52428457e+09  1.67e-02 1.28e-07  4.46e+01    33s
  47   2.49597394e+09  2.52291682e+09  1.29e-02 1.39e-07  3.74e+01    33s
  48   2.49827903e+09  2.52025353e+09  1.04e-02 1.48e-07  3.04e+01    34s
  49   2.50012430e+09  2.51859815e+09  8.45e-03 1.37e-07  2.54e+01    34s
  50   2.50127041e+09  2.51740100e+09  7.32e-03 1.65e-07  2.22e+01    34s
  51   2.50152797e+09  2.51693119e+09  7.07e-03 1.55e-07  2.12e+01    35s
  52   2.50207493e+09  2.51638358e+09  6.56e-03 1.75e-07  1.97e+01    35s
  53   2.50237532e+09  2.51591490e+09  6.27e-03 1.85e-07  1.86e+01    36s
  54   2.50322283e+09  2.51535538e+09  5.54e-03 1.89e-07  1.66e+01    36s
  55   2.50382771e+09  2.51496432e+09  5.03e-03 2.08e-07  1.52e+01    36s
  56   2.50451481e+09  2.51433506e+09  4.48e-03 2.01e-07  1.34e+01    37s
  57   2.50512688e+09  2.51361350e+09  3.99e-03 1.89e-07  1.16e+01    37s
  58   2.50620778e+09  2.51293537e+09  3.12e-03 1.78e-07  9.21e+00    38s
  59   2.50692952e+09  2.51277071e+09  2.56e-03 2.07e-07  7.95e+00    38s
  60   2.50785109e+09  2.51245098e+09  1.86e-03 1.85e-07  6.21e+00    38s
  61   2.50825246e+09  2.51205176e+09  1.58e-03 1.38e-07  5.14e+00    39s
  62   2.50863501e+09  2.51182644e+09  1.31e-03 1.65e-07  4.32e+00    39s
  63   2.50908237e+09  2.51160044e+09  1.01e-03 1.68e-07  3.40e+00    40s
  64   2.50939950e+09  2.51130251e+09  8.03e-04 1.42e-07  2.58e+00    40s
  65   2.50971053e+09  2.51114835e+09  6.01e-04 1.39e-07  1.94e+00    41s
  66   2.51011158e+09  2.51100894e+09  3.50e-04 1.33e-07  1.21e+00    41s
  67   2.51026093e+09  2.51087685e+09  2.55e-04 1.27e-07  8.32e-01    42s
  68   2.51041358e+09  2.51079308e+09  1.63e-04 1.05e-07  5.15e-01    42s
  69   2.51055731e+09  2.51074518e+09  7.69e-05 1.21e-07  2.54e-01    42s
  70   2.51061919e+09  2.51072002e+09  4.11e-05 1.21e-07  1.36e-01    43s
  71   2.51063041e+09  2.51071038e+09  3.46e-05 1.17e-07  1.09e-01    43s
  72   2.51063428e+09  2.51070360e+09  3.25e-05 9.78e-08  9.50e-02    43s
  73   2.51064135e+09  2.51070112e+09  2.84e-05 1.27e-07  8.21e-02    44s
  74   2.51066242e+09  2.51069596e+09  1.68e-05 1.20e-07  4.63e-02    44s
  75   2.51068155e+09  2.51069381e+09  6.10e-06 1.04e-07  1.69e-02    44s
  76   2.51069210e+09  2.51069274e+09  2.02e-06 1.29e-07  8.72e-04    44s
  77   2.51069264e+09  2.51069264e+09  1.37e-07 1.42e-07  5.56e-07    45s
  78   2.51069264e+09  2.51069264e+09  1.79e-08 1.20e-07  1.16e-10    45s

Barrier solved model in 78 iterations and 45.16 seconds (24.41 work units)
Optimal objective 2.51069264e+09


Root crossover log...

   10230 DPushes remaining with DInf 0.0000000e+00                45s
       0 DPushes remaining with DInf 0.0000000e+00                46s

     998 PPushes remaining with PInf 0.0000000e+00                46s
       0 PPushes remaining with PInf 0.0000000e+00                46s

  Push phase complete: Pinf 0.0000000e+00, Dinf 7.4549425e+03     46s


Root simplex log...

Iteration    Objective       Primal Inf.    Dual Inf.      Time
   11201    2.5106926e+09   0.000000e+00   7.454943e+03     46s
   11217    2.5106926e+09   0.000000e+00   0.000000e+00     46s
Concurrent spin time: 7.19s (can be avoided by choosing Method=3)

Solved with barrier
   11258    2.5106926e+09   0.000000e+00   0.000000e+00     54s
Extra simplex iterations after uncrush: 41

Root relaxation: objective 2.510693e+09, 11258 iterations, 38.89 seconds (14.25 work units)
Total elapsed time = 55.28s

    Nodes    |    Current Node    |     Objective Bounds      |     Work
 Expl Unexpl |  Obj  Depth IntInf | Incumbent    BestBd   Gap | It/Node Time

     0     0 2.5107e+09    0  294          - 2.5107e+09      -     -   57s
H    0     0                    2.408293e+09 2.5107e+09  4.25%     -   68s
H    0     0                    2.408308e+09 2.5107e+09  4.25%     -   77s
     0     0 2.5106e+09    0  287 2.4083e+09 2.5106e+09  4.25%     -  101s
H    0     0                    2.418917e+09 2.5106e+09  3.79%     -  123s
H    0     0                    2.449091e+09 2.5106e+09  2.51%     -  129s
     0     0 2.5106e+09    0  298 2.4491e+09 2.5106e+09  2.51%     -  134s
     0     0 2.5106e+09    0  298 2.4491e+09 2.5106e+09  2.51%     -  135s
     0     0 2.5105e+09    0  333 2.4491e+09 2.5105e+09  2.51%     -  157s
     0     0 2.5105e+09    0  339 2.4491e+09 2.5105e+09  2.51%     -  163s
     0     0 2.5105e+09    0  312 2.4491e+09 2.5105e+09  2.51%     -  187s
H    0     0                    2.449153e+09 2.5105e+09  2.51%     -  198s
     0     0 2.5105e+09    0  321 2.4492e+09 2.5105e+09  2.51%     -  204s
     0     0 2.5105e+09    0  332 2.4492e+09 2.5105e+09  2.51%     -  207s
     0     0 2.5105e+09    0  324 2.4492e+09 2.5105e+09  2.51%     -  218s
H    0     0                    2.461291e+09 2.5105e+09  2.00%     -  230s
     0     0 2.5105e+09    0  329 2.4613e+09 2.5105e+09  2.00%     -  234s
     0     0 2.5105e+09    0  307 2.4613e+09 2.5105e+09  2.00%     -  248s
H    0     0                    2.469011e+09 2.5105e+09  1.68%     -  261s
     0     0 2.5105e+09    0  309 2.4690e+09 2.5105e+09  1.68%     -  264s
     0     0 2.5105e+09    0  313 2.4690e+09 2.5105e+09  1.68%     -  265s
     0     0 2.5105e+09    0  335 2.4690e+09 2.5105e+09  1.68%     -  277s
     0     0 2.5105e+09    0  323 2.4690e+09 2.5105e+09  1.68%     -  288s
     0     0 2.5105e+09    0  336 2.4690e+09 2.5105e+09  1.68%     -  290s
     0     0 2.5105e+09    0  341 2.4690e+09 2.5105e+09  1.68%     -  306s
     0     0 2.5105e+09    0  333 2.4690e+09 2.5105e+09  1.68%     -  315s
     0     0 2.5105e+09    0  337 2.4690e+09 2.5105e+09  1.68%     -  318s
     0     0 2.5105e+09    0  318 2.4690e+09 2.5105e+09  1.68%     -  349s
H    0     0                    2.469061e+09 2.5105e+09  1.68%     -  361s
     0     0 2.5105e+09    0  321 2.4691e+09 2.5105e+09  1.68%     -  362s
     0     0 2.5105e+09    0  319 2.4691e+09 2.5105e+09  1.68%     -  367s
H    0     0                    2.469155e+09 2.5105e+09  1.67%     -  373s
     0     0 2.5105e+09    0  330 2.4692e+09 2.5105e+09  1.67%     -  381s
     0     0 2.5105e+09    0  337 2.4692e+09 2.5105e+09  1.67%     -  384s
     0     0 2.5105e+09    0  336 2.4692e+09 2.5105e+09  1.67%     -  385s
     0     0 2.5105e+09    0  366 2.4692e+09 2.5105e+09  1.67%     -  397s
     0     0 2.5105e+09    0  375 2.4692e+09 2.5105e+09  1.67%     -  409s
     0     0 2.5105e+09    0  381 2.4692e+09 2.5105e+09  1.67%     -  411s
     0     0 2.5105e+09    0  364 2.4692e+09 2.5105e+09  1.67%     -  420s
H    0     0                    2.469166e+09 2.5105e+09  1.67%     -  427s
     0     0 2.5105e+09    0  348 2.4692e+09 2.5105e+09  1.67%     -  433s
     0     0 2.5105e+09    0  362 2.4692e+09 2.5105e+09  1.67%     -  435s
     0     0 2.5104e+09    0  343 2.4692e+09 2.5104e+09  1.67%     -  445s
     0     0 2.5104e+09    0  347 2.4692e+09 2.5104e+09  1.67%     -  453s
     0     0 2.5104e+09    0  350 2.4692e+09 2.5104e+09  1.67%     -  455s
     0     0 2.5104e+09    0  341 2.4692e+09 2.5104e+09  1.67%     -  460s
     0     0 2.5104e+09    0  339 2.4692e+09 2.5104e+09  1.67%     -  467s
H    0     0                    2.470098e+09 2.5104e+09  1.63%     -  537s
     0     2 2.5104e+09    0  334 2.4701e+09 2.5104e+09  1.63%     -  569s
     1     4 2.5104e+09    1  327 2.4701e+09 2.5104e+09  1.63%  6602  591s
     3     8 2.5104e+09    2  335 2.4701e+09 2.5104e+09  1.63%  3311  621s
     7    16 2.5104e+09    3  351 2.4701e+09 2.5104e+09  1.63%  2455  656s
    15    32 2.5104e+09    4  356 2.4701e+09 2.5104e+09  1.63%  2131  714s
    28    32 2.5089e+09    4  316 2.4701e+09 2.5104e+09  1.63%  2441  715s
H   31    52                    2.473521e+09 2.5104e+09  1.49%  2433  790s
H   35    52                    2.475319e+09 2.5104e+09  1.42%  2281  791s
H   41    52                    2.477410e+09 2.5104e+09  1.33%  2089  792s
H   43    52                    2.477802e+09 2.5104e+09  1.32%  2025  792s
    51    72 2.5104e+09    6  393 2.4778e+09 2.5104e+09  1.32%  2026  842s
    71    92 2.5104e+09    7  367 2.4778e+09 2.5104e+09  1.32%  1923  873s
H   91   112                    2.477826e+09 2.5104e+09  1.32%  1660 1105s
H   92   112                    2.485490e+09 2.5104e+09  1.00%  1642 1106s
H   97   112                    2.485723e+09 2.5104e+09  0.99%  1599 1107s
H   99   112                    2.486919e+09 2.5104e+09  0.95%  1572 1108s
H  107   112                    2.488639e+09 2.5104e+09  0.88%  1530 1109s
H  108   112                    2.490278e+09 2.5104e+09  0.81%  1516 1109s
H  109   112                    2.490552e+09 2.5104e+09  0.80%  1505 1110s

Cutting planes:
  Cover: 38
  Implied bound: 111
  Clique: 3
  MIR: 122
  Flow cover: 102
  GUB cover: 2
  RLT: 22
  Relax-and-lift: 187

Explored 111 nodes (217361 simplex iterations) in 1110.98 seconds (818.28 work units)
Thread count was 20 (of 40 available processors)

Solution count 10: 2.49055e+09 2.49028e+09 2.48864e+09 ... 2.47532e+09

Optimal solution found (tolerance 1.00e-02)
Best objective 2.490551668260e+09, best bound 2.510429047434e+09, gap 0.7981%
