
Gurobi 10.0.1 (linux64) logging started Fri May 26 07:47:21 2023

Set parameter LogFile to value "logFiles/N-1L-B/N-1L-13U-15F-23V-180D/basic-05-26-2023, 07-47-H50-P80-O15.log"
Gurobi Optimizer version 10.0.1 build v10.0.1rc0 (linux64)

CPU model: Intel(R) Xeon(R) Gold 5115 CPU @ 2.40GHz, instruction set [SSE2|AVX|AVX2|AVX512]
Thread count: 20 physical cores, 40 logical processors, using up to 20 threads

Optimize a model with 86244 rows, 1224910 columns and 6209671 nonzeros
Model fingerprint: 0xdebf26b1
Variable types: 733409 continuous, 491501 integer (491501 binary)
Coefficient statistics:
  Matrix range     [1e+00, 2e+05]
  Objective range  [4e+01, 3e+07]
  Bounds range     [1e+00, 1e+00]
  RHS range        [1e+00, 2e+06]
Presolve removed 47451 rows and 44348 columns (presolve time = 5s) ...
Presolve removed 48331 rows and 48337 columns (presolve time = 10s) ...
Presolve removed 48345 rows and 48356 columns (presolve time = 15s) ...
Presolve removed 48354 rows and 48573 columns (presolve time = 20s) ...
Presolve removed 48354 rows and 48573 columns (presolve time = 25s) ...
Presolve removed 48354 rows and 48573 columns (presolve time = 30s) ...
Presolve removed 48354 rows and 48573 columns (presolve time = 35s) ...
Presolve removed 49207 rows and 76015 columns (presolve time = 40s) ...
Presolve removed 49160 rows and 75968 columns
Presolve time: 41.87s
Presolved: 37084 rows, 1148942 columns, 4827875 nonzeros
Variable types: 707800 continuous, 441142 integer (441142 binary)
Deterministic concurrent LP optimizer: primal simplex, dual simplex, and barrier
Showing barrier log only...

Root barrier log...

Ordering time: 1.45s

Barrier statistics:
 AA' NZ     : 2.598e+06
 Factor NZ  : 7.560e+06 (roughly 500 MB of memory)
 Factor Ops : 9.781e+09 (less than 1 second per iteration)
 Threads    : 17

                  Objective                Residual
Iter       Primal          Dual         Primal    Dual     Compl     Time
   0  -2.92850137e+16  1.00368149e+14  1.23e+09 7.44e+06  1.85e+12    53s
   1  -4.70547041e+15  1.05294419e+14  1.98e+08 1.05e+07  3.03e+11    53s
   2  -1.75624612e+15  8.33729879e+13  7.39e+07 2.39e+05  1.17e+11    54s
   3  -3.93133502e+13  6.77087615e+13  1.66e+06 2.25e+03  2.66e+09    55s
   4  -9.34233246e+12  2.82707652e+13  3.94e+05 2.71e+02  6.51e+08    55s
   5  -7.09564655e+12  2.33684681e+13  2.99e+05 5.83e+01  4.98e+08    56s
   6  -2.51477246e+12  2.02501106e+13  1.06e+05 2.24e-08  1.85e+08    56s
   7  -1.78908439e+12  1.96551673e+13  7.56e+04 2.00e-08  1.33e+08    57s
   8  -5.41302358e+11  1.62868197e+13  2.31e+04 2.35e-08  4.40e+07    57s
   9  -2.93161523e+11  1.26654104e+13  1.26e+04 9.66e+00  2.44e+07    58s
  10  -2.68441844e+11  1.14797738e+13  1.16e+04 8.61e+00  2.18e+07    58s
  11  -1.00277501e+11  7.98255618e+12  4.53e+03 2.73e-08  9.46e+06    58s
  12  -4.68374945e+10  3.81963247e+12  2.29e+03 2.98e-08  4.23e+06    59s
  13  -2.58483999e+10  2.21990516e+12  1.40e+03 3.07e-08  2.38e+06    60s
  14  -2.86912616e+09  5.99999524e+11  4.39e+02 3.93e-08  6.19e+05    60s
  15   1.20770513e+09  3.23125426e+11  2.68e+02 6.98e-08  3.39e+05    60s
  16   5.34991442e+09  1.75557381e+11  9.41e+01 3.58e-07  1.40e+05    61s
  17   6.43072522e+09  1.40539920e+11  4.89e+01 4.65e-07  9.23e+04    61s
  18   6.93201331e+09  1.08815903e+11  2.79e+01 3.65e-07  6.36e+04    62s
  19   7.07985266e+09  9.11438881e+10  2.18e+01 4.38e-07  5.17e+04    62s
  20   7.10250467e+09  8.63437246e+10  2.09e+01 4.97e-07  4.91e+04    63s
  21   7.30971611e+09  8.12016441e+10  1.23e+01 5.65e-07  4.08e+04    63s
  22   7.38043683e+09  5.44127319e+10  9.55e+00 4.49e-07  2.75e+04    64s
  23   7.42726058e+09  4.40936719e+10  7.40e+00 5.90e-07  2.16e+04    65s
  24   7.46477771e+09  3.66220232e+10  5.79e+00 5.99e-07  1.72e+04    66s
  25   7.49853421e+09  2.89302494e+10  4.36e+00 8.48e-07  1.28e+04    66s
  26   7.54464013e+09  2.39999099e+10  2.22e+00 7.14e-07  8.99e+03    67s
  27   7.57399750e+09  2.05845857e+10  1.22e+00 6.93e-07  6.69e+03    68s
  28   7.60067418e+09  2.02321671e+10  1.03e+00 1.01e-06  6.35e+03    69s
  29   7.62035638e+09  1.63675420e+10  8.74e-01 1.09e-06  4.40e+03    69s
  30   7.64375942e+09  1.55064058e+10  7.38e-01 1.16e-06  3.89e+03    70s
  31   7.66926466e+09  1.48627672e+10  5.93e-01 1.18e-06  3.49e+03    71s
  32   7.67124623e+09  1.31938651e+10  5.40e-01 1.18e-06  2.68e+03    72s
  33   7.70539836e+09  1.06909377e+10  3.94e-01 8.08e-07  1.43e+03    72s
  34   7.74089474e+09  1.00240381e+10  2.65e-01 9.15e-07  1.07e+03    73s
  35   7.77744092e+09  9.86229313e+09  1.56e-01 5.61e-07  9.49e+02    74s
  36   7.79553888e+09  9.20680723e+09  1.27e-01 5.48e-07  6.40e+02    74s
  37   7.80424195e+09  8.69030361e+09  1.16e-01 5.56e-07  4.04e+02    75s
  38   7.84514335e+09  8.60171523e+09  8.25e-02 6.86e-07  3.42e+02    76s
  39   7.87855177e+09  8.42401978e+09  6.16e-02 6.60e-07  2.46e+02    77s
  40   7.90921884e+09  8.32680045e+09  4.56e-02 1.15e-06  1.88e+02    77s
  41   7.94036362e+09  8.19238484e+09  3.17e-02 7.49e-07  1.13e+02    78s
  42   7.95009973e+09  8.15116930e+09  2.75e-02 1.31e-06  9.05e+01    79s
  43   7.96306198e+09  8.11651620e+09  2.26e-02 8.04e-07  6.91e+01    80s
  44   7.96693731e+09  8.10505941e+09  2.10e-02 1.12e-06  6.23e+01    80s
  45   7.97398402e+09  8.08645598e+09  1.78e-02 1.13e-06  5.07e+01    81s
  46   7.97858802e+09  8.07424512e+09  1.59e-02 4.98e-07  4.32e+01    82s
  47   7.98877624e+09  8.06344228e+09  1.15e-02 7.46e-07  3.36e+01    83s
  48   7.99774078e+09  8.05783867e+09  7.91e-03 7.88e-07  2.69e+01    83s
  49   8.00321683e+09  8.05144772e+09  6.04e-03 5.01e-07  2.15e+01    84s
  50   8.00809261e+09  8.04582617e+09  4.71e-03 9.66e-07  1.68e+01    85s
  51   8.01180033e+09  8.04220164e+09  3.70e-03 6.33e-07  1.36e+01    86s
  52   8.01513774e+09  8.04057045e+09  2.82e-03 6.11e-07  1.13e+01    87s
  53   8.01726415e+09  8.03979605e+09  2.30e-03 1.13e-06  1.00e+01    87s
  54   8.01917512e+09  8.03709225e+09  1.87e-03 8.04e-07  7.97e+00    88s
  55   8.02106158e+09  8.03525579e+09  1.46e-03 7.18e-07  6.31e+00    89s
  56   8.02290760e+09  8.03460396e+09  1.07e-03 3.78e-07  5.19e+00    89s
  57   8.02460813e+09  8.03317236e+09  7.32e-04 7.71e-07  3.79e+00    90s
  58   8.02538204e+09  8.03206178e+09  5.85e-04 6.63e-07  2.96e+00    91s
  59   8.02566982e+09  8.03112539e+09  5.32e-04 1.02e-06  2.42e+00    92s
  60   8.02680112e+09  8.03059948e+09  3.31e-04 1.13e-06  1.68e+00    93s
  61   8.02747668e+09  8.02999778e+09  2.10e-04 4.60e-07  1.12e+00    93s
  62   8.02796728e+09  8.02958818e+09  1.24e-04 6.13e-07  7.17e-01    94s
  63   8.02812118e+09  8.02913602e+09  9.79e-05 6.39e-07  4.51e-01    95s
  64   8.02854423e+09  8.02890004e+09  2.80e-05 9.04e-07  1.58e-01    95s
  65   8.02865483e+09  8.02878898e+09  1.07e-05 7.40e-07  5.94e-02    96s
  66   8.02870476e+09  8.02875647e+09  3.13e-06 6.00e-07  2.28e-02    96s
  67   8.02872006e+09  8.02873818e+09  1.41e-06 9.73e-07  7.98e-03    97s
  68   8.02872438e+09  8.02873253e+09  5.05e-07 3.59e-07  3.59e-03    98s
  69   8.02872605e+09  8.02872901e+09  1.74e-07 7.22e-07  1.30e-03    98s
  70   8.02872653e+09  8.02872819e+09  8.45e-08 6.93e-07  7.25e-04    99s
  71   8.02872668e+09  8.02872749e+09  6.13e-08 1.00e-06  3.58e-04    99s
  72   8.02872677e+09  8.02872717e+09  4.57e-08 4.92e-07  1.78e-04   100s
  73   8.02872689e+09  8.02872710e+09  2.73e-07 5.21e-07  9.43e-05   100s
  74   8.02872702e+09  8.02872704e+09  1.91e-07 8.60e-07  9.01e-06   101s
  75   8.02872703e+09  8.02872703e+09  4.84e-08 4.85e-07  5.37e-07   101s
  76   8.02872703e+09  8.02872703e+09  3.92e-09 9.54e-07  1.34e-10   102s

Barrier solved model in 76 iterations and 101.92 seconds (91.01 work units)
Optimal objective 8.02872703e+09


Root crossover log...

   32833 DPushes remaining with DInf 0.0000000e+00               102s
       0 DPushes remaining with DInf 0.0000000e+00               103s

    1295 PPushes remaining with PInf 1.7970382e-05               103s
       0 PPushes remaining with PInf 0.0000000e+00               103s

  Push phase complete: Pinf 0.0000000e+00, Dinf 4.1122418e-07    103s


Root simplex log...

Iteration    Objective       Primal Inf.    Dual Inf.      Time
   34114    8.0287270e+09   0.000000e+00   0.000000e+00    103s
Concurrent spin time: 0.06s

Solved with barrier
   34114    8.0287270e+09   0.000000e+00   0.000000e+00    104s

Root relaxation: objective 8.028727e+09, 34114 iterations, 57.78 seconds (40.07 work units)
Total elapsed time = 106.21s
Total elapsed time = 110.23s

    Nodes    |    Current Node    |     Objective Bounds      |     Work
 Expl Unexpl |  Obj  Depth IntInf | Incumbent    BestBd   Gap | It/Node Time

     0     0 8.0287e+09    0  278          - 8.0287e+09      -     -  113s
     0     0 8.0287e+09    0  274          - 8.0287e+09      -     -  150s
     0     0 8.0287e+09    0  271          - 8.0287e+09      -     -  169s
     0     0 8.0287e+09    0  268          - 8.0287e+09      -     -  170s
     0     0 8.0287e+09    0  286          - 8.0287e+09      -     -  250s
     0     0 8.0287e+09    0  271          - 8.0287e+09      -     -  251s
     0     0 8.0287e+09    0  270          - 8.0287e+09      -     -  279s
     0     0 8.0287e+09    0  298          - 8.0287e+09      -     -  313s
     0     0 8.0287e+09    0  288          - 8.0287e+09      -     -  337s
     0     0 8.0287e+09    0  264          - 8.0287e+09      -     -  349s
     0     0 8.0287e+09    0  267          - 8.0287e+09      -     -  361s
     0     0 8.0287e+09    0  270          - 8.0287e+09      -     -  398s
     0     0 8.0287e+09    0  270          - 8.0287e+09      -     -  409s
     0     0 8.0287e+09    0  289          - 8.0287e+09      -     -  431s
     0     0 8.0287e+09    0  284          - 8.0287e+09      -     -  445s
     0     0 8.0287e+09    0  277          - 8.0287e+09      -     -  467s
     0     0 8.0287e+09    0  269          - 8.0287e+09      -     -  489s
H    0     0                    7.987973e+09 8.0287e+09  0.51%     -  601s

Cutting planes:
  Cover: 4
  Implied bound: 2
  Clique: 1
  MIR: 22
  Flow cover: 13
  GUB cover: 2
  Network: 3
  Relax-and-lift: 3

Explored 1 nodes (63381 simplex iterations) in 601.14 seconds (507.12 work units)
Thread count was 20 (of 40 available processors)

Solution count 2: 7.98797e+09 7.98797e+09 

Optimal solution found (tolerance 1.00e-02)
Warning: max constraint violation (1.4694e-06) exceeds tolerance
Warning: max bound violation (9.4039e-06) exceeds tolerance
Best objective 7.987973067803e+09, best bound 8.028681026082e+09, gap 0.5096%
Gurobi Optimizer version 10.0.1 build v10.0.1rc0 (linux64)

CPU model: Intel(R) Xeon(R) Gold 5115 CPU @ 2.40GHz, instruction set [SSE2|AVX|AVX2|AVX512]
Thread count: 20 physical cores, 40 logical processors, using up to 20 threads

Optimize a model with 129233 rows, 2338389 columns and 8966956 nonzeros
Model fingerprint: 0x7bea8cef
Variable types: 731388 continuous, 1607001 integer (1607001 binary)
Coefficient statistics:
  Matrix range     [1e+00, 2e+05]
  Objective range  [4e+01, 3e+07]
  Bounds range     [1e-15, 3e+05]
  RHS range        [1e+00, 2e+06]
Presolve removed 99896 rows and 1680941 columns (presolve time = 5s) ...
Presolve removed 105925 rows and 1779964 columns (presolve time = 10s) ...
Presolve removed 106549 rows and 1794933 columns (presolve time = 15s) ...
Presolve removed 106549 rows and 1794933 columns (presolve time = 20s) ...
Presolve removed 107993 rows and 1843799 columns (presolve time = 25s) ...
Presolve removed 108049 rows and 1844793 columns (presolve time = 30s) ...
Presolve removed 108049 rows and 1844793 columns (presolve time = 47s) ...
Presolve removed 108165 rows and 1849723 columns
Presolve time: 48.23s
Presolved: 21068 rows, 488666 columns, 2053039 nonzeros
Variable types: 359341 continuous, 129325 integer (129317 binary)
Deterministic concurrent LP optimizer: primal simplex, dual simplex, and barrier
Showing barrier log only...

Root barrier log...

Ordering time: 0.64s

Barrier statistics:
 AA' NZ     : 1.190e+06
 Factor NZ  : 3.082e+06 (roughly 230 MB of memory)
 Factor Ops : 2.161e+09 (less than 1 second per iteration)
 Threads    : 17

                  Objective                Residual
Iter       Primal          Dual         Primal    Dual     Compl     Time
   0  -1.16936141e+16  1.58532490e+13  5.76e+08 1.31e+06  2.39e+11    55s
   1  -6.27284636e+15  1.81963392e+13  3.10e+08 7.33e+05  1.31e+11    55s
   2  -6.18149259e+14  1.73369003e+13  3.06e+07 1.36e+05  1.32e+10    55s
   3  -3.42053169e+13  1.29206451e+13  1.69e+06 1.43e+01  7.47e+08    55s
   4  -7.48292436e+12  4.41591185e+12  3.70e+05 6.52e-09  1.66e+08    55s
   5  -2.15469757e+12  2.68821988e+12  1.07e+05 5.59e-09  4.95e+07    56s
   6  -4.89111910e+11  1.73449420e+12  2.43e+04 5.59e-09  1.22e+07    56s
   7  -3.18542044e+11  1.11360652e+12  1.58e+04 5.12e-09  7.55e+06    56s
   8  -1.84441769e+11  1.02198936e+12  9.23e+03 5.59e-09  4.70e+06    56s
   9  -9.24121340e+10  5.90761025e+11  4.68e+03 9.55e-09  2.24e+06    56s
  10  -4.52574004e+10  4.95597926e+11  2.35e+03 2.05e-08  1.29e+06    56s
  11  -2.10746246e+10  2.82964565e+11  1.16e+03 6.98e-09  6.20e+05    57s
  12  -1.40240273e+10  1.92502610e+11  8.13e+02 4.66e-09  4.06e+05    57s
  13  -1.10828533e+10  1.03139669e+11  6.68e+02 4.25e-09  2.57e+05    57s
  14  -4.06056262e+09  5.14398575e+10  3.22e+02 4.42e-09  1.17e+05    57s
  15   2.27658859e+08  3.90123288e+10  1.11e+02 4.31e-09  5.96e+04    57s
  16   1.53520246e+09  2.52805188e+10  4.74e+01 5.59e-09  3.24e+04    58s
  17   1.96232756e+09  1.91338680e+10  2.69e+01 8.61e-09  2.21e+04    58s
  18   2.12107650e+09  1.66560077e+10  1.95e+01 1.04e-08  1.81e+04    58s
  19   2.30385165e+09  1.33241232e+10  1.10e+01 1.30e-08  1.31e+04    58s
  20   2.33018289e+09  1.21407951e+10  9.80e+00 3.26e-08  1.18e+04    58s
  21   2.36175177e+09  1.08147192e+10  8.42e+00 3.17e-08  1.03e+04    59s
  22   2.41527853e+09  9.50839320e+09  6.13e+00 5.12e-08  8.59e+03    59s
  23   2.44796224e+09  8.09499239e+09  4.94e+00 9.87e-08  7.11e+03    59s
  24   2.45908613e+09  6.74229591e+09  4.63e+00 1.22e-07  5.85e+03    59s
  25   2.46662806e+09  6.55611641e+09  4.43e+00 1.20e-07  5.60e+03    60s
  26   2.49517850e+09  6.14044567e+09  3.96e+00 1.33e-07  5.00e+03    60s
  27   2.50133501e+09  5.92616208e+09  3.77e+00 1.67e-07  4.74e+03    60s
  28   2.51090580e+09  5.40376089e+09  3.60e+00 1.49e-07  4.11e+03    60s
  29   2.53097631e+09  4.98589837e+09  3.21e+00 1.46e-07  3.51e+03    61s
  30   2.55374963e+09  4.95996136e+09  2.93e+00 1.42e-07  3.35e+03    61s
  31   2.55875483e+09  4.63693138e+09  2.81e+00 1.54e-07  2.94e+03    61s
  32   2.56618085e+09  4.54855962e+09  2.67e+00 1.61e-07  2.79e+03    61s
  33   2.58988410e+09  4.32907782e+09  2.21e+00 1.35e-07  2.39e+03    62s
  34   2.60822105e+09  4.07779410e+09  1.80e+00 1.36e-07  1.98e+03    62s
  35   2.62678433e+09  3.76157499e+09  1.43e+00 1.04e-07  1.51e+03    62s
  36   2.65220488e+09  3.61006003e+09  9.33e-01 8.29e-08  1.22e+03    63s
  37   2.66668974e+09  3.46304262e+09  6.73e-01 7.26e-08  9.93e+02    63s
  38   2.67261030e+09  3.25676142e+09  5.92e-01 7.08e-08  7.31e+02    63s
  39   2.70320513e+09  3.10103629e+09  3.69e-01 4.70e-08  4.69e+02    63s
  40   2.71717092e+09  2.99648930e+09  3.10e-01 3.31e-08  3.26e+02    64s
  41   2.72129933e+09  2.94760636e+09  2.95e-01 2.51e-08  2.63e+02    64s
  42   2.73345232e+09  2.93350879e+09  2.57e-01 2.75e-08  2.30e+02    64s
  43   2.73725997e+09  2.90884875e+09  2.43e-01 2.24e-08  1.97e+02    64s
  44   2.74128365e+09  2.89822832e+09  2.28e-01 2.24e-08  1.79e+02    65s
  45   2.74452658e+09  2.89599713e+09  2.14e-01 2.37e-08  1.72e+02    65s
  46   2.74643393e+09  2.88652142e+09  2.04e-01 2.37e-08  1.58e+02    65s
  47   2.74795660e+09  2.87775395e+09  1.97e-01 2.42e-08  1.46e+02    65s
  48   2.75172883e+09  2.87389796e+09  1.83e-01 2.42e-08  1.37e+02    66s
  49   2.75399915e+09  2.87057797e+09  1.76e-01 2.51e-08  1.30e+02    66s
  50   2.75723346e+09  2.86601574e+09  1.63e-01 2.51e-08  1.21e+02    66s
  51   2.76012925e+09  2.86183034e+09  1.53e-01 2.70e-08  1.12e+02    66s
  52   2.76515411e+09  2.85863730e+09  1.36e-01 2.61e-08  1.02e+02    67s
  53   2.76746397e+09  2.85343350e+09  1.27e-01 2.33e-08  9.37e+01    67s
  54   2.76888866e+09  2.85039103e+09  1.22e-01 2.61e-08  8.86e+01    67s
  55   2.77069359e+09  2.84883070e+09  1.15e-01 2.84e-08  8.47e+01    67s
  56   2.77117132e+09  2.84654477e+09  1.13e-01 2.61e-08  8.15e+01    68s
  57   2.77251187e+09  2.84481997e+09  1.08e-01 2.98e-08  7.80e+01    68s
  58   2.77358652e+09  2.84337260e+09  1.04e-01 3.03e-08  7.51e+01    68s
  59   2.77457132e+09  2.84191357e+09  1.01e-01 3.17e-08  7.23e+01    68s
  60   2.77570865e+09  2.84053722e+09  9.63e-02 3.45e-08  6.95e+01    69s
  61   2.77705973e+09  2.83879724e+09  9.10e-02 3.12e-08  6.60e+01    69s
  62   2.77783432e+09  2.83699513e+09  8.81e-02 2.70e-08  6.31e+01    69s
  63   2.77949344e+09  2.83552717e+09  8.17e-02 2.79e-08  5.95e+01    69s
  64   2.78021970e+09  2.83437056e+09  7.90e-02 2.79e-08  5.74e+01    69s
  65   2.78085286e+09  2.83388359e+09  7.67e-02 2.89e-08  5.62e+01    70s
  66   2.78202544e+09  2.83213063e+09  7.25e-02 3.12e-08  5.29e+01    70s
  67   2.78221289e+09  2.83088589e+09  7.19e-02 3.26e-08  5.14e+01    70s
  68   2.78277034e+09  2.83044857e+09  6.99e-02 3.03e-08  5.03e+01    70s
  69   2.78331775e+09  2.82907477e+09  6.80e-02 3.45e-08  4.81e+01    70s
  70   2.78355347e+09  2.82887736e+09  6.71e-02 3.59e-08  4.77e+01    71s
  71   2.78457134e+09  2.82800447e+09  6.40e-02 3.40e-08  4.56e+01    71s
  72   2.78508594e+09  2.82720067e+09  6.22e-02 1.63e-08  4.42e+01    71s
  73   2.78608890e+09  2.82615201e+09  5.87e-02 1.30e-08  4.19e+01    71s
  74   2.78753837e+09  2.82436916e+09  5.40e-02 1.16e-08  3.84e+01    72s
  75   2.78868404e+09  2.82363533e+09  5.02e-02 1.49e-08  3.64e+01    72s
  76   2.78965474e+09  2.82259982e+09  4.71e-02 1.21e-08  3.42e+01    72s
  77   2.78999066e+09  2.82169315e+09  4.60e-02 1.30e-08  3.29e+01    72s
  78   2.79087697e+09  2.82092685e+09  4.35e-02 1.44e-08  3.11e+01    73s
  79   2.79153935e+09  2.81977301e+09  4.16e-02 1.26e-08  2.92e+01    73s
  80   2.79198294e+09  2.81929128e+09  4.03e-02 1.30e-08  2.82e+01    73s
  81   2.79251477e+09  2.81876384e+09  3.88e-02 1.44e-08  2.71e+01    73s
  82   2.79300471e+09  2.81829580e+09  3.73e-02 1.54e-08  2.61e+01    74s
  83   2.79394898e+09  2.81745176e+09  3.48e-02 1.44e-08  2.42e+01    74s
  84   2.79465918e+09  2.81705431e+09  3.30e-02 1.49e-08  2.30e+01    74s
  85   2.79524940e+09  2.81667669e+09  3.16e-02 1.26e-08  2.20e+01    74s
  86   2.79597605e+09  2.81624953e+09  2.98e-02 1.26e-08  2.08e+01    75s
  87   2.79693422e+09  2.81573102e+09  2.76e-02 1.12e-08  1.93e+01    75s
  88   2.79766685e+09  2.81519782e+09  2.58e-02 1.16e-08  1.80e+01    75s
  89   2.79824109e+09  2.81452203e+09  2.44e-02 1.12e-08  1.67e+01    75s
  90   2.79898687e+09  2.81431217e+09  2.27e-02 1.21e-08  1.57e+01    76s
  91   2.79924910e+09  2.81407696e+09  2.21e-02 1.21e-08  1.52e+01    76s
  92   2.80029565e+09  2.81371704e+09  2.01e-02 1.07e-08  1.37e+01    76s
  93   2.80113925e+09  2.81342987e+09  1.82e-02 1.16e-08  1.26e+01    76s
  94   2.80226387e+09  2.81305508e+09  1.58e-02 1.21e-08  1.10e+01    77s
  95   2.80281796e+09  2.81257693e+09  1.46e-02 1.16e-08  9.96e+00    77s
  96   2.80306662e+09  2.81222092e+09  1.39e-02 1.16e-08  9.34e+00    77s
  97   2.80342563e+09  2.81198227e+09  1.32e-02 1.30e-08  8.72e+00    77s
  98   2.80380973e+09  2.81171391e+09  1.23e-02 1.40e-08  8.05e+00    78s
  99   2.80462201e+09  2.81156732e+09  1.06e-02 1.21e-08  7.07e+00    78s
 100   2.80515614e+09  2.81139422e+09  9.47e-03 9.78e-09  6.35e+00    78s
 101   2.80552033e+09  2.81102916e+09  8.75e-03 9.31e-09  5.60e+00    79s
 102   2.80568571e+09  2.81097359e+09  8.40e-03 1.16e-08  5.38e+00    79s
 103   2.80616833e+09  2.81082926e+09  7.39e-03 1.16e-08  4.74e+00    79s
 104   2.80632339e+09  2.81075460e+09  7.12e-03 1.07e-08  4.50e+00    79s
 105   2.80699986e+09  2.81059732e+09  5.70e-03 1.07e-08  3.65e+00    80s
 106   2.80755619e+09  2.81052009e+09  4.52e-03 1.12e-08  3.01e+00    80s
 107   2.80759565e+09  2.81047477e+09  4.43e-03 1.21e-08  2.92e+00    80s
 108   2.80788850e+09  2.81039688e+09  3.83e-03 9.31e-09  2.54e+00    80s
 109   2.80795723e+09  2.81034087e+09  3.68e-03 1.07e-08  2.42e+00    81s
 110   2.80819161e+09  2.81025690e+09  3.21e-03 1.12e-08  2.09e+00    81s
 111   2.80839751e+09  2.81018257e+09  2.79e-03 1.16e-08  1.81e+00    81s
 112   2.80859637e+09  2.81012488e+09  2.34e-03 8.85e-09  1.55e+00    81s
 113   2.80872012e+09  2.81008046e+09  2.08e-03 8.85e-09  1.38e+00    82s
 114   2.80884085e+09  2.81004930e+09  1.82e-03 9.78e-09  1.22e+00    82s
 115   2.80893147e+09  2.81000546e+09  1.63e-03 8.85e-09  1.09e+00    82s
 116   2.80894708e+09  2.80996751e+09  1.60e-03 1.02e-08  1.03e+00    82s
 117   2.80898424e+09  2.80994471e+09  1.52e-03 1.07e-08  9.70e-01    83s
 118   2.80909959e+09  2.80992992e+09  1.27e-03 1.07e-08  8.38e-01    83s
 119   2.80917834e+09  2.80992343e+09  1.10e-03 9.31e-09  7.52e-01    83s
 120   2.80927660e+09  2.80986975e+09  8.93e-04 1.02e-08  5.99e-01    83s
 121   2.80934110e+09  2.80984529e+09  7.61e-04 8.38e-09  5.09e-01    84s
 122   2.80939995e+09  2.80982723e+09  6.34e-04 7.45e-09  4.31e-01    84s
 123   2.80946861e+09  2.80981596e+09  4.89e-04 7.92e-09  3.50e-01    84s
 124   2.80949022e+09  2.80981195e+09  4.43e-04 9.31e-09  3.24e-01    84s
 125   2.80956208e+09  2.80978990e+09  2.94e-04 9.31e-09  2.30e-01    85s
 126   2.80960036e+09  2.80976049e+09  2.15e-04 7.45e-09  1.61e-01    85s
 127   2.80964353e+09  2.80974056e+09  1.25e-04 6.52e-09  9.78e-02    85s
 128   2.80967903e+09  2.80972690e+09  4.96e-05 5.12e-09  4.83e-02    85s
 129   2.80969744e+09  2.80971211e+09  1.49e-05 3.73e-09  1.48e-02    86s
 130   2.80970187e+09  2.80971132e+09  6.75e-06 5.59e-09  9.54e-03    86s
 131   2.80970234e+09  2.80971025e+09  5.88e-06 6.98e-09  7.98e-03    86s
 132   2.80970411e+09  2.80970820e+09  5.31e-06 5.59e-09  4.12e-03    86s
 133   2.80970491e+09  2.80970632e+09  6.27e-06 4.66e-09  1.42e-03    86s
 134   2.80970517e+09  2.80970597e+09  8.98e-06 5.12e-09  8.08e-04    86s
 135   2.80970545e+09  2.80970582e+09  9.03e-06 4.66e-09  3.74e-04    87s
 136   2.80970554e+09  2.80970559e+09  1.38e-07 3.73e-09  4.78e-05    87s
 137   2.80970554e+09  2.80970555e+09  1.73e-08 4.66e-09  1.89e-06    87s
 138   2.80970554e+09  2.80970554e+09  5.06e-09 4.66e-09  3.94e-09    87s

Barrier solved model in 138 iterations and 87.14 seconds (90.44 work units)
Optimal objective 2.80970554e+09


Root crossover log...

   16937 DPushes remaining with DInf 0.0000000e+00                87s
       0 DPushes remaining with DInf 0.0000000e+00                88s

     722 PPushes remaining with PInf 9.9284850e-05                88s
       0 PPushes remaining with PInf 0.0000000e+00                88s

  Push phase complete: Pinf 0.0000000e+00, Dinf 6.6511795e+04     88s


Root simplex log...

Iteration    Objective       Primal Inf.    Dual Inf.      Time
   14136    2.8097055e+09   0.000000e+00   6.651179e+04     88s
   14262    2.8097055e+09   0.000000e+00   0.000000e+00     88s
Concurrent spin time: 0.00s

Solved with barrier
   14262    2.8097055e+09   0.000000e+00   0.000000e+00     88s

Root relaxation: objective 2.809706e+09, 14262 iterations, 36.33 seconds (24.58 work units)

    Nodes    |    Current Node    |     Objective Bounds      |     Work
 Expl Unexpl |  Obj  Depth IntInf | Incumbent    BestBd   Gap | It/Node Time

     0     0 2.8097e+09    0  129          - 2.8097e+09      -     -   90s
H    0     0                    2.633751e+09 2.8097e+09  6.68%     -   95s
H    0     0                    2.767107e+09 2.8097e+09  1.54%     -  111s
     0     0 2.8097e+09    0  124 2.7671e+09 2.8097e+09  1.54%     -  157s
     0     0 2.8096e+09    0  113 2.7671e+09 2.8096e+09  1.54%     -  191s
     0     0 2.8096e+09    0  116 2.7671e+09 2.8096e+09  1.54%     -  196s
     0     0 2.8096e+09    0  124 2.7671e+09 2.8096e+09  1.54%     -  208s
     0     0 2.8096e+09    0  124 2.7671e+09 2.8096e+09  1.54%     -  232s
     0     0 2.8096e+09    0  142 2.7671e+09 2.8096e+09  1.54%     -  250s
     0     0 2.8096e+09    0  142 2.7671e+09 2.8096e+09  1.54%     -  257s
     0     0 2.8096e+09    0  136 2.7671e+09 2.8096e+09  1.54%     -  265s
     0     0 2.8096e+09    0  136 2.7671e+09 2.8096e+09  1.54%     -  268s
     0     0 2.8096e+09    0  131 2.7671e+09 2.8096e+09  1.54%     -  279s
     0     0 2.8096e+09    0  122 2.7671e+09 2.8096e+09  1.54%     -  287s
     0     2 2.8096e+09    0  120 2.7671e+09 2.8096e+09  1.54%     -  367s
     1     4 2.8096e+09    1  118 2.7671e+09 2.8096e+09  1.54%  2773  374s
     3     8 2.8096e+09    2  118 2.7671e+09 2.8096e+09  1.54%  1730  405s
     7    16 2.8096e+09    3  118 2.7671e+09 2.8096e+09  1.54%  1950  442s
    15    32 2.8096e+09    4  124 2.7671e+09 2.8096e+09  1.54%  1355  506s
H   31    52                    2.779057e+09 2.8096e+09  1.10%  1765  613s
H   34    52                    2.805508e+09 2.8096e+09  0.15%  1669  614s

Cutting planes:
  Cover: 46
  Implied bound: 8
  Clique: 2
  MIR: 23
  StrongCG: 3
  Flow cover: 24
  GUB cover: 8
  Zero half: 3
  RLT: 3

Explored 51 nodes (127884 simplex iterations) in 614.54 seconds (680.26 work units)
Thread count was 20 (of 40 available processors)

Solution count 5: 2.80551e+09 2.80551e+09 2.77906e+09 ... 2.63375e+09

Optimal solution found (tolerance 1.00e-02)
Warning: max constraint violation (8.8285e-06) exceeds tolerance
Best objective 2.805508185804e+09, best bound 2.809637119850e+09, gap 0.1472%
Gurobi Optimizer version 10.0.1 build v10.0.1rc0 (linux64)

CPU model: Intel(R) Xeon(R) Gold 5115 CPU @ 2.40GHz, instruction set [SSE2|AVX|AVX2|AVX512]
Thread count: 20 physical cores, 40 logical processors, using up to 20 threads

Optimize a model with 131047 rows, 2390679 columns and 8710539 nonzeros
Model fingerprint: 0x3ad0f599
Variable types: 186574 continuous, 2204105 integer (2204105 binary)
Coefficient statistics:
  Matrix range     [1e+00, 2e+05]
  Objective range  [4e+01, 3e+07]
  Bounds range     [1e-14, 3e+05]
  RHS range        [1e+00, 2e+06]
Presolve removed 70965 rows and 1679018 columns
Presolve time: 0.88s

Explored 0 nodes (0 simplex iterations) in 2.57 seconds (1.33 work units)
Thread count was 1 (of 40 available processors)

Solution count 0

Model is infeasible or unbounded
Best objective -, best bound -, gap -
IIS computation: initial model status unknown, solving to determine model status
Presolve removed 101044 rows and 1680973 columns
Presolve time: 0.89s

Explored 0 nodes (0 simplex iterations) in 3.48 seconds (1.39 work units)
Thread count was 1 (of 40 available processors)

Solution count 0
No other solutions better than -1e+100

Model is infeasible
Best objective -, best bound -, gap -

IIS computed: 1 constraints, 91 bounds
IIS runtime: 3.56 seconds (1.39 work units)
