
Gurobi 10.0.1 (win64) logging started Sun May  7 14:25:51 2023

Set parameter LogFile to value "logFiles/A-2L-E/A-2L-6U-19F-15V-120D-basic.log"
Gurobi Optimizer version 10.0.1 build v10.0.1rc0 (win64)

CPU model: Intel(R) Core(TM) i7-10700 CPU @ 2.90GHz, instruction set [SSE2|AVX|AVX2]
Thread count: 8 physical cores, 16 logical processors, using up to 16 threads

Optimize a model with 30713 rows, 339154 columns and 2101159 nonzeros
Model fingerprint: 0xbd1836e4
Variable types: 1743 continuous, 337411 integer (337411 binary)
Coefficient statistics:
  Matrix range     [1e+00, 2e+05]
  Objective range  [4e+01, 3e+07]
  Bounds range     [1e+00, 1e+00]
  RHS range        [1e+00, 3e+06]
Presolve removed 17577 rows and 43869 columns
Presolve time: 3.54s
Presolved: 13136 rows, 295285 columns, 1679438 nonzeros
Variable types: 1720 continuous, 293565 integer (293551 binary)
Deterministic concurrent LP optimizer: primal simplex, dual simplex, and barrier
Showing barrier log only...

Root barrier log...

Ordering time: 1.03s

Barrier statistics:
 AA' NZ     : 7.493e+05
 Factor NZ  : 3.557e+06 (roughly 150 MB of memory)
 Factor Ops : 2.744e+09 (less than 1 second per iteration)
 Threads    : 5

                  Objective                Residual
Iter       Primal          Dual         Primal    Dual     Compl     Time
   0  -1.72645899e+16  1.16856643e+12  2.04e+09 4.94e+04  1.40e+11     7s
   1  -3.58118479e+15  1.62573797e+12  4.26e+08 2.74e+05  2.96e+10     7s
   2  -2.60843752e+14  1.22469036e+12  3.13e+07 1.51e-09  2.20e+09     7s
   3  -3.90547421e+12  7.49229188e+11  4.68e+05 1.63e-09  3.42e+07     8s
   4  -6.39245501e+11  2.88220034e+11  7.66e+04 1.28e-09  5.93e+06     8s
   5  -2.52406854e+11  2.20031160e+11  3.03e+04 9.31e-10  2.49e+06     8s
   6  -8.88206807e+10  1.51995511e+11  1.07e+04 9.31e-10  9.74e+05     8s
   7  -3.46306529e+10  9.80502851e+10  4.24e+03 9.31e-10  4.29e+05     9s
   8  -8.90523915e+09  3.38634311e+10  1.17e+03 4.06e-08  1.18e+05     9s
   9  -1.27661560e+09  1.27167194e+10  2.65e+02 1.50e-08  3.22e+04     9s
  10   1.22468246e+08  7.91441470e+09  1.03e+02 9.90e-09  1.63e+04     9s
  11   5.74110800e+08  5.40462095e+09  5.13e+01 7.10e-09  9.76e+03    10s
  12   8.05209844e+08  4.22866274e+09  2.56e+01 6.00e-09  6.62e+03    10s
  13   8.54831951e+08  3.18689725e+09  2.03e+01 6.17e-09  4.63e+03    10s
  14   8.88554502e+08  2.96794752e+09  1.73e+01 6.40e-09  4.11e+03    10s
  15   9.17007155e+08  2.55015867e+09  1.45e+01 7.10e-09  3.27e+03    11s
  16   9.52958086e+08  2.07119515e+09  1.14e+01 6.57e-09  2.28e+03    11s
  17   9.93790885e+08  1.97213200e+09  8.18e+00 7.22e-09  1.93e+03    11s
  18   9.94224609e+08  1.85798085e+09  7.56e+00 8.38e-09  1.72e+03    12s
  19   1.02345580e+09  1.65601640e+09  5.23e+00 7.81e-09  1.24e+03    12s
  20   1.04188388e+09  1.63722017e+09  3.74e+00 8.84e-09  1.13e+03    12s
  21   1.05227471e+09  1.46715922e+09  2.71e+00 8.61e-09  7.84e+02    13s
  22   1.05678457e+09  1.45528632e+09  2.39e+00 1.12e-08  7.46e+02    13s
  23   1.06276894e+09  1.34849781e+09  1.97e+00 9.45e-09  5.37e+02    14s
  24   1.07179035e+09  1.30202428e+09  1.47e+00 1.03e-08  4.26e+02    14s
  25   1.07978491e+09  1.25882341e+09  1.04e+00 1.00e-08  3.27e+02    14s
  26   1.07948134e+09  1.23284302e+09  9.67e-01 1.03e-08  2.79e+02    15s
  27   1.08468029e+09  1.20176713e+09  6.53e-01 1.09e-08  2.10e+02    15s
  28   1.08730488e+09  1.17804454e+09  5.11e-01 1.35e-08  1.61e+02    15s
  29   1.08969590e+09  1.15817011e+09  3.83e-01 1.33e-08  1.21e+02    16s
  30   1.09154715e+09  1.13730650e+09  2.75e-01 1.26e-08  8.00e+01    16s
  31   1.09228144e+09  1.13192122e+09  2.46e-01 1.49e-08  6.91e+01    16s
  32   1.09338193e+09  1.12479026e+09  1.97e-01 1.53e-08  5.45e+01    17s
  33   1.09427755e+09  1.12136584e+09  1.64e-01 1.76e-08  4.68e+01    17s
  34   1.09560280e+09  1.11721179e+09  1.23e-01 1.78e-08  3.72e+01    17s
  35   1.09700827e+09  1.11528305e+09  9.70e-02 2.07e-08  3.14e+01    18s
  36   1.09798842e+09  1.11230468e+09  7.65e-02 1.65e-08  2.46e+01    18s
  37   1.09887226e+09  1.11012550e+09  5.81e-02 1.66e-08  1.93e+01    19s
  38   1.09988980e+09  1.10785209e+09  4.12e-02 1.54e-08  1.36e+01    19s
  39   1.10098631e+09  1.10702906e+09  2.67e-02 1.58e-08  1.03e+01    20s
  40   1.10139263e+09  1.10594911e+09  2.18e-02 1.54e-08  7.79e+00    20s
  41   1.10190950e+09  1.10547546e+09  1.55e-02 1.67e-08  6.09e+00    20s
  42   1.10220768e+09  1.10514363e+09  1.26e-02 1.49e-08  5.01e+00    21s
  43   1.10261264e+09  1.10489071e+09  8.81e-03 1.55e-08  3.89e+00    21s
  44   1.10294228e+09  1.10464104e+09  5.84e-03 1.66e-08  2.90e+00    22s
  45   1.10316937e+09  1.10439213e+09  3.90e-03 1.56e-08  2.09e+00    22s
  46   1.10331990e+09  1.10413453e+09  2.66e-03 1.52e-08  1.39e+00    22s
  47   1.10340254e+09  1.10390503e+09  2.01e-03 1.39e-08  8.59e-01    23s
  48   1.10359035e+09  1.10379487e+09  5.45e-04 1.47e-08  3.49e-01    23s
  49   1.10364174e+09  1.10371329e+09  1.71e-04 1.28e-08  1.22e-01    24s
  50   1.10365442e+09  1.10368736e+09  8.48e-05 1.28e-08  5.63e-02    24s
  51   1.10366442e+09  1.10367240e+09  1.91e-05 1.36e-08  1.37e-02    24s
  52   1.10366714e+09  1.10366868e+09  3.30e-06 1.32e-08  2.64e-03    24s
  53   1.10366773e+09  1.10366783e+09  6.40e-07 1.59e-08  1.78e-04    25s
  54   1.10366781e+09  1.10366781e+09  4.92e-08 1.62e-08  4.17e-07    25s
  55   1.10366781e+09  1.10366781e+09  9.46e-09 1.51e-08  7.33e-11    25s

Barrier solved model in 55 iterations and 25.36 seconds (20.04 work units)
Optimal objective 1.10366781e+09


Root crossover log...

    8594 DPushes remaining with DInf 0.0000000e+00                25s
       0 DPushes remaining with DInf 0.0000000e+00                26s

    1048 PPushes remaining with PInf 0.0000000e+00                26s
       0 PPushes remaining with PInf 0.0000000e+00                26s

  Push phase complete: Pinf 0.0000000e+00, Dinf 1.6057487e+02     26s


Root simplex log...

Iteration    Objective       Primal Inf.    Dual Inf.      Time
    9630    1.1036678e+09   0.000000e+00   1.605749e+02     26s
    9631    1.1036678e+09   0.000000e+00   0.000000e+00     26s
Concurrent spin time: 0.01s

Solved with barrier
    9634    1.1036678e+09   0.000000e+00   0.000000e+00     26s
Extra simplex iterations after uncrush: 3

Root relaxation: objective 1.103668e+09, 9634 iterations, 21.88 seconds (10.51 work units)

    Nodes    |    Current Node    |     Objective Bounds      |     Work
 Expl Unexpl |  Obj  Depth IntInf | Incumbent    BestBd   Gap | It/Node Time

     0     0 1.1037e+09    0  246          - 1.1037e+09      -     -   28s
     0     0 1.1036e+09    0  245          - 1.1036e+09      -     -   46s
     0     0 1.1036e+09    0  268          - 1.1036e+09      -     -   56s
     0     0 1.1036e+09    0  281          - 1.1036e+09      -     -   59s
     0     0 1.1036e+09    0  290          - 1.1036e+09      -     -   64s
     0     0 1.1036e+09    0  281          - 1.1036e+09      -     -   65s
     0     0 1.1036e+09    0  282          - 1.1036e+09      -     -   66s
     0     0 1.1036e+09    0  266          - 1.1036e+09      -     -   66s
     0     0 1.1036e+09    0  277          - 1.1036e+09      -     -   67s
     0     0 1.1036e+09    0  254          - 1.1036e+09      -     -   73s
     0     0 1.1036e+09    0  253          - 1.1036e+09      -     -   80s
     0     0 1.1036e+09    0  229          - 1.1036e+09      -     -   81s
     0     0 1.1036e+09    0  234          - 1.1036e+09      -     -   82s
     0     0 1.1036e+09    0  270          - 1.1036e+09      -     -   85s
     0     0 1.1036e+09    0  277          - 1.1036e+09      -     -   91s
     0     0 1.1036e+09    0  263          - 1.1036e+09      -     -   93s
     0     0 1.1036e+09    0  266          - 1.1036e+09      -     -   93s
     0     0 1.1036e+09    0  273          - 1.1036e+09      -     -   97s
     0     0 1.1036e+09    0  273          - 1.1036e+09      -     -  115s
     0     0 1.1036e+09    0  260          - 1.1036e+09      -     -  119s
     0     0 1.1036e+09    0  267          - 1.1036e+09      -     -  121s
     0     0 1.1036e+09    0  267          - 1.1036e+09      -     -  121s
     0     0 1.1036e+09    0  269          - 1.1036e+09      -     -  124s
     0     0 1.1036e+09    0  276          - 1.1036e+09      -     -  126s
     0     0 1.1036e+09    0  263          - 1.1036e+09      -     -  128s
     0     0 1.1036e+09    0  243          - 1.1036e+09      -     -  133s
     0     2 1.1036e+09    0  234          - 1.1036e+09      -     -  214s
     1     4 1.1036e+09    1  238          - 1.1036e+09      -  5879  223s
     3     8 1.1036e+09    2  262          - 1.1036e+09      -  2975  235s
     7    16 1.1036e+09    3  255          - 1.1036e+09      -  1726  275s
    15    24 1.1036e+09    4  244          - 1.1036e+09      -  1316  305s
    23    32 1.1036e+09    4  248          - 1.1036e+09      -  1097  345s
    31    40 1.1036e+09    5  230          - 1.1036e+09      -  1039  382s
    39    48 1.1036e+09    5  250          - 1.1036e+09      -  1076  414s
    47    56 1.1036e+09    6  231          - 1.1036e+09      -  1012  447s
    55    64 1.1036e+09    7  253          - 1.1036e+09      -  1008  468s
    63    72 1.1036e+09    8  252          - 1.1036e+09      -   921  490s
    71    92 1.1036e+09    9  253          - 1.1036e+09      -   871  546s
    93   126 1.1036e+09   11  226          - 1.1036e+09      -   735  632s
   127   189 1.1036e+09   14  216          - 1.1036e+09      -   631  771s
   190   270 1.1036e+09   22  226          - 1.1036e+09      -   544  968s
   275   384 1.1035e+09   30  195          - 1.1036e+09      -   476 1230s
   395   612 1.1035e+09   43  210          - 1.1036e+09      -   416 1569s
   629   976 1.1035e+09   64  190          - 1.1036e+09      -   324 1956s
  1001  1367 1.1035e+09   85  179          - 1.1036e+09      -   241 2374s
  1212  1367 1.1034e+09   73  160          - 1.1036e+09      -   231 2375s
  1410  1819 1.1034e+09  114  158          - 1.1036e+09      -   216 2766s
  1868  2457 1.1033e+09  160  161          - 1.1036e+09      -   192 3135s
  2506  3010 1.1033e+09  246  189          - 1.1036e+09      -   164 3421s
H 2575  3010                    1.080940e+09 1.1036e+09  2.09%   162 3422s
H 3071  3021                    1.089857e+09 1.1036e+09  1.26%   145 3557s
H 3074  3021                    1.091014e+09 1.1036e+09  1.15%   145 3557s

Cutting planes:
  Learned: 1
  Cover: 25
  Implied bound: 12
  Clique: 3
  MIR: 16
  Flow cover: 21
  GUB cover: 3
  Network: 7
  RLT: 5
  Relax-and-lift: 9

Explored 3082 nodes (487414 simplex iterations) in 3558.19 seconds (1863.04 work units)
Thread count was 16 (of 16 available processors)

Solution count 3: 1.09101e+09 1.08986e+09 1.08094e+09 

Solve interrupted
Best objective 1.091014404242e+09, best bound 1.103565624527e+09, gap 1.1504%
