
Gurobi 10.0.1 (linux64) logging started Tue May 23 23:25:39 2023

Set parameter LogFile to value "logFiles/N-1L-B/N-1L-13U-20F-23V-240D/basic-05-23-2023, 23-25-H70-P50-O15.log"
Gurobi Optimizer version 10.0.1 build v10.0.1rc0 (linux64)

CPU model: Intel(R) Xeon(R) Gold 5115 CPU @ 2.40GHz, instruction set [SSE2|AVX|AVX2|AVX512]
Thread count: 20 physical cores, 40 logical processors, using up to 20 threads

Optimize a model with 91416 rows, 1108500 columns and 6315246 nonzeros
Model fingerprint: 0x086a81f2
Variable types: 401573 continuous, 706927 integer (706927 binary)
Coefficient statistics:
  Matrix range     [1e+00, 2e+05]
  Objective range  [4e+01, 3e+07]
  Bounds range     [1e+00, 1e+00]
  RHS range        [1e+00, 2e+06]
Presolve removed 56168 rows and 43979 columns (presolve time = 5s) ...
Presolve removed 57493 rows and 74915 columns (presolve time = 10s) ...
Presolve removed 57496 rows and 75114 columns (presolve time = 15s) ...
Presolve removed 57496 rows and 75139 columns (presolve time = 20s) ...
Presolve removed 57496 rows and 75165 columns (presolve time = 25s) ...
Presolve removed 57496 rows and 75165 columns (presolve time = 30s) ...
Presolve removed 57496 rows and 75165 columns (presolve time = 35s) ...
Presolve removed 57679 rows and 80295 columns (presolve time = 40s) ...
Presolve removed 57618 rows and 80234 columns
Presolve time: 40.74s
Presolved: 33798 rows, 1028266 columns, 4896853 nonzeros
Variable types: 372505 continuous, 655761 integer (655761 binary)
Deterministic concurrent LP optimizer: primal simplex, dual simplex, and barrier
Showing barrier log only...

Root barrier log...

Ordering time: 2.00s

Barrier statistics:
 AA' NZ     : 2.359e+06
 Factor NZ  : 8.148e+06 (roughly 500 MB of memory)
 Factor Ops : 1.237e+10 (less than 1 second per iteration)
 Threads    : 17

                  Objective                Residual
Iter       Primal          Dual         Primal    Dual     Compl     Time
   0  -2.59049585e+16  6.90392493e+13  1.29e+09 8.21e+06  1.70e+12    52s
   1  -7.54327276e+15  7.29833361e+13  3.76e+08 1.08e+07  5.01e+11    52s
   2  -1.78274210e+15  6.90920129e+13  8.91e+07 1.92e+06  1.22e+11    53s
   3  -1.80448914e+14  5.63095382e+13  9.04e+06 3.52e-08  1.25e+10    53s
   4  -2.34768675e+13  3.60581331e+13  1.18e+06 3.10e-08  1.65e+09    54s
   5  -6.88447527e+12  2.42345326e+13  3.45e+05 3.21e-08  4.91e+08    54s
   6  -2.43487260e+12  1.78596511e+13  1.22e+05 5.96e-08  1.77e+08    55s
   7  -1.65840399e+12  1.53357099e+13  8.31e+04 7.45e-08  1.22e+08    55s
   8  -4.18579796e+11  1.23905563e+13  2.11e+04 3.73e-08  3.41e+07    55s
   9  -3.48213605e+11  8.70426211e+12  1.76e+04 5.96e-08  2.56e+07    56s
  10  -1.24951034e+11  4.76810202e+12  6.50e+03 2.38e-07  9.27e+06    56s
  11  -6.32259718e+10  3.15685152e+12  3.42e+03 2.96e-08  4.90e+06    57s
  12  -3.32504595e+10  2.17505526e+12  1.93e+03 4.77e-07  2.82e+06    57s
  13  -1.25384427e+10  1.14892172e+12  9.06e+02 5.36e-07  1.29e+06    57s
  14  -1.88286595e+09  4.81788669e+11  3.81e+02 4.77e-07  4.97e+05    58s
  15   3.90788800e+09  2.04923129e+11  9.74e+01 2.68e-07  1.58e+05    58s
  16   4.56703823e+09  1.45977660e+11  6.52e+01 1.64e-07  1.08e+05    59s
  17   4.71665368e+09  1.39401165e+11  5.78e+01 1.92e-07  1.00e+05    59s
  18   5.01032474e+09  1.01965975e+11  4.35e+01 1.74e-07  7.32e+04    59s
  19   5.30723454e+09  9.33995838e+10  2.91e+01 3.49e-07  6.03e+04    60s
  20   5.42726059e+09  7.65294373e+10  2.33e+01 2.54e-07  4.85e+04    60s
  21   5.51780878e+09  6.90502818e+10  1.90e+01 2.38e-07  4.23e+04    61s
  22   5.61123076e+09  5.34186052e+10  1.47e+01 3.36e-07  3.23e+04    62s
  23   5.69142790e+09  3.98645542e+10  1.10e+01 3.28e-07  2.36e+04    62s
  24   5.73997376e+09  2.68434056e+10  8.75e+00 2.44e-07  1.60e+04    63s
  25   5.81740058e+09  2.48122752e+10  5.09e+00 2.92e-07  1.26e+04    64s
  26   5.83271317e+09  2.07525789e+10  4.32e+00 2.62e-07  1.01e+04    64s
  27   5.85442808e+09  1.62959010e+10  3.28e+00 3.30e-07  7.31e+03    65s
  28   5.90389958e+09  1.59621086e+10  1.84e+00 4.80e-07  6.12e+03    66s
  29   5.92086800e+09  1.46751156e+10  1.59e+00 2.92e-07  5.27e+03    66s
  30   5.95669466e+09  1.34211521e+10  1.38e+00 4.27e-07  4.43e+03    67s
  31   5.98412604e+09  1.17081725e+10  8.70e-01 4.59e-07  3.23e+03    68s
  32   6.01394504e+09  9.09927653e+09  6.26e-01 3.56e-07  1.72e+03    68s
  33   6.07292104e+09  8.48188820e+09  2.67e-01 4.89e-07  1.25e+03    69s
  34   6.09274083e+09  7.93270427e+09  2.08e-01 7.43e-07  9.49e+02    70s
  35   6.09974190e+09  7.59740363e+09  1.87e-01 6.07e-07  7.71e+02    70s
  36   6.13432600e+09  7.38487266e+09  1.19e-01 5.01e-07  6.33e+02    71s
  37   6.13935472e+09  7.17579319e+09  1.14e-01 5.91e-07  5.26e+02    71s
  38   6.14446828e+09  7.05055133e+09  1.08e-01 4.67e-07  4.60e+02    71s
  39   6.17235896e+09  6.87421307e+09  8.92e-02 5.07e-07  3.56e+02    72s
  40   6.18284410e+09  6.74255511e+09  8.12e-02 7.13e-07  2.84e+02    72s
  41   6.20428261e+09  6.57026183e+09  6.68e-02 5.33e-07  1.87e+02    73s
  42   6.23021494e+09  6.51491959e+09  5.30e-02 5.06e-07  1.45e+02    73s
  43   6.24136154e+09  6.44286682e+09  4.63e-02 5.60e-07  1.04e+02    74s
  44   6.25896023e+09  6.42221740e+09  3.53e-02 5.04e-07  8.36e+01    74s
  45   6.27393255e+09  6.39589597e+09  2.61e-02 4.67e-07  6.23e+01    74s
  46   6.28234312e+09  6.38484360e+09  2.11e-02 5.62e-07  5.22e+01    75s
  47   6.28548659e+09  6.37121032e+09  1.89e-02 5.67e-07  4.37e+01    75s
  48   6.29452164e+09  6.36077817e+09  1.29e-02 4.47e-07  3.36e+01    76s
  49   6.29723627e+09  6.35108037e+09  1.14e-02 3.86e-07  2.74e+01    76s
  50   6.29995941e+09  6.34788069e+09  9.89e-03 4.98e-07  2.43e+01    77s
  51   6.30340046e+09  6.34679913e+09  8.34e-03 7.90e-07  2.20e+01    77s
  52   6.30362236e+09  6.34521605e+09  8.24e-03 7.56e-07  2.11e+01    78s
  53   6.30630130e+09  6.34356890e+09  7.29e-03 6.75e-07  1.89e+01    78s
  54   6.30769236e+09  6.34134832e+09  6.74e-03 6.46e-07  1.70e+01    78s
  55   6.30880637e+09  6.33872547e+09  6.34e-03 7.58e-07  1.52e+01    79s
  56   6.31143247e+09  6.33688262e+09  5.39e-03 8.70e-07  1.29e+01    79s
  57   6.31464271e+09  6.33443804e+09  4.19e-03 5.63e-07  1.01e+01    80s
  58   6.31870742e+09  6.33287000e+09  2.75e-03 4.83e-07  7.17e+00    80s
  59   6.31993854e+09  6.33227233e+09  2.35e-03 7.05e-07  6.24e+00    81s
  60   6.32209415e+09  6.33147219e+09  1.65e-03 5.53e-07  4.73e+00    81s
  61   6.32346643e+09  6.33067860e+09  1.21e-03 4.75e-07  3.63e+00    82s
  62   6.32473320e+09  6.32999544e+09  8.15e-04 5.50e-07  2.64e+00    82s
  63   6.32484130e+09  6.32958343e+09  7.83e-04 5.05e-07  2.39e+00    83s
  64   6.32552026e+09  6.32929672e+09  5.82e-04 5.25e-07  1.90e+00    83s
  65   6.32628757e+09  6.32884514e+09  3.57e-04 6.86e-07  1.28e+00    84s
  66   6.32672616e+09  6.32848342e+09  2.31e-04 5.28e-07  8.79e-01    84s
  67   6.32700553e+09  6.32802417e+09  1.50e-04 5.22e-07  5.12e-01    85s
  68   6.32727298e+09  6.32781816e+09  7.88e-05 4.42e-07  2.74e-01    85s
  69   6.32732970e+09  6.32777248e+09  6.39e-05 6.25e-07  2.22e-01    86s
  70   6.32744339e+09  6.32773187e+09  3.37e-05 5.32e-07  1.44e-01    86s
  71   6.32753810e+09  6.32764204e+09  1.05e-05 6.53e-07  5.17e-02    87s
  72   6.32756161e+09  6.32760459e+09  4.98e-06 5.23e-07  2.15e-02    87s
  73   6.32757922e+09  6.32759147e+09  1.15e-06 8.60e-07  6.10e-03    88s
  74   6.32758065e+09  6.32759109e+09  8.66e-07 1.06e-06  5.18e-03    88s
  75   6.32758071e+09  6.32759073e+09  8.54e-07 8.49e-07  4.97e-03    88s
  76   6.32758134e+09  6.32758887e+09  7.24e-07 9.31e-07  3.75e-03    89s
  77   6.32758372e+09  6.32758662e+09  2.71e-07 7.97e-07  1.44e-03    89s
  78   6.32758436e+09  6.32758581e+09  2.50e-07 6.64e-07  7.19e-04    90s
  79   6.32758465e+09  6.32758532e+09  1.34e-07 6.60e-07  3.36e-04    90s
  80   6.32758485e+09  6.32758529e+09  6.64e-08 7.51e-07  2.20e-04    91s
  81   6.32758497e+09  6.32758511e+09  3.31e-08 5.46e-07  6.98e-05    91s
  82   6.32758505e+09  6.32758507e+09  4.33e-08 6.02e-07  9.66e-06    92s
  83   6.32758506e+09  6.32758506e+09  2.25e-08 6.51e-07  1.28e-06    92s
  84   6.32758506e+09  6.32758506e+09  1.77e-08 7.20e-07  3.27e-07    92s
  85   6.32758506e+09  6.32758506e+09  5.28e-09 7.96e-07  7.24e-10    93s

Barrier solved model in 85 iterations and 92.95 seconds (90.96 work units)
Optimal objective 6.32758506e+09


Root crossover log...

   29317 DPushes remaining with DInf 2.4433197e-06                93s
       0 DPushes remaining with DInf 0.0000000e+00                94s

    1159 PPushes remaining with PInf 1.6440980e-04                94s
       0 PPushes remaining with PInf 0.0000000e+00                94s

  Push phase complete: Pinf 0.0000000e+00, Dinf 1.4793645e+02     94s


Root simplex log...

Iteration    Objective       Primal Inf.    Dual Inf.      Time
   30412    6.3275851e+09   0.000000e+00   1.479364e+02     94s
   30433    6.3275851e+09   0.000000e+00   0.000000e+00     94s
Concurrent spin time: 0.07s

Solved with barrier
   30433    6.3275851e+09   0.000000e+00   0.000000e+00     95s

Root relaxation: objective 6.327585e+09, 30433 iterations, 50.01 seconds (35.79 work units)

    Nodes    |    Current Node    |     Objective Bounds      |     Work
 Expl Unexpl |  Obj  Depth IntInf | Incumbent    BestBd   Gap | It/Node Time

     0     0 6.3276e+09    0  425          - 6.3276e+09      -     -  100s
     0     0 6.3276e+09    0  407          - 6.3276e+09      -     -  123s
     0     0 6.3276e+09    0  407          - 6.3276e+09      -     -  133s
     0     0 6.3275e+09    0  421          - 6.3275e+09      -     -  217s
     0     0 6.3275e+09    0  414          - 6.3275e+09      -     -  224s
     0     0 6.3275e+09    0  407          - 6.3275e+09      -     -  225s
     0     0 6.3275e+09    0  409          - 6.3275e+09      -     -  226s
     0     0 6.3275e+09    0  405          - 6.3275e+09      -     -  227s
     0     0 6.3275e+09    0  406          - 6.3275e+09      -     -  228s
     0     0 6.3275e+09    0  406          - 6.3275e+09      -     -  230s
     0     0 6.3275e+09    0  410          - 6.3275e+09      -     -  250s
     0     0 6.3275e+09    0  438          - 6.3275e+09      -     -  269s
     0     0 6.3275e+09    0  429          - 6.3275e+09      -     -  275s
     0     0 6.3275e+09    0  426          - 6.3275e+09      -     -  276s
     0     0 6.3275e+09    0  432          - 6.3275e+09      -     -  296s
     0     0 6.3275e+09    0  427          - 6.3275e+09      -     -  298s
     0     0 6.3275e+09    0  435          - 6.3275e+09      -     -  315s
     0     0 6.3275e+09    0  428          - 6.3275e+09      -     -  316s
     0     0 6.3275e+09    0  427          - 6.3275e+09      -     -  326s
     0     0 6.3275e+09    0  423          - 6.3275e+09      -     -  357s
     0     0 6.3275e+09    0  414          - 6.3275e+09      -     -  366s
     0     0 6.3275e+09    0  429          - 6.3275e+09      -     -  376s
     0     0 6.3275e+09    0  425          - 6.3275e+09      -     -  385s
     0     0 6.3275e+09    0  426          - 6.3275e+09      -     -  395s
     0     0 6.3275e+09    0  407          - 6.3275e+09      -     -  427s
     0     2 6.3275e+09    0  390          - 6.3275e+09      -     -  595s
     1     4 6.3275e+09    1  384          - 6.3275e+09      -  7100  625s
     3     8 6.3274e+09    2  427          - 6.3275e+09      -  3422  699s
     7    16 6.3274e+09    3  428          - 6.3274e+09      -  2627  800s
    15    32 6.3274e+09    4  417          - 6.3274e+09      -  2239  994s
    31    52 6.3274e+09    5  419          - 6.3274e+09      -  3072 1147s
    51    68 6.3274e+09    6  408          - 6.3274e+09      -  2707 1272s
    71    88 6.3274e+09    6  423          - 6.3274e+09      -  2534 1428s
    91   108 6.3274e+09    7  404          - 6.3274e+09      -  2364 1612s
H  103   108                    6.298206e+09 6.3274e+09  0.46%  2239 1614s

Cutting planes:
  Cover: 11
  Implied bound: 18
  Clique: 2
  MIR: 28
  StrongCG: 1
  Flow cover: 25
  GUB cover: 1
  Zero half: 2
  Network: 2
  RLT: 3
  Relax-and-lift: 1

Explored 111 nodes (322138 simplex iterations) in 1614.57 seconds (1828.94 work units)
Thread count was 20 (of 40 available processors)

Solution count 2: 6.29821e+09 6.29821e+09 

Optimal solution found (tolerance 1.00e-02)
Best objective 6.298206499647e+09, best bound 6.327393833371e+09, gap 0.4634%
Gurobi Optimizer version 10.0.1 build v10.0.1rc0 (linux64)

CPU model: Intel(R) Xeon(R) Gold 5115 CPU @ 2.40GHz, instruction set [SSE2|AVX|AVX2|AVX512]
Thread count: 20 physical cores, 40 logical processors, using up to 20 threads

Optimize a model with 153595 rows, 1926472 columns and 12321491 nonzeros
Model fingerprint: 0x721246b8
Variable types: 579492 continuous, 1346980 integer (1346980 binary)
Coefficient statistics:
  Matrix range     [1e+00, 2e+05]
  Objective range  [4e+01, 3e+07]
  Bounds range     [1e-12, 3e+05]
  RHS range        [1e+00, 2e+06]
Presolve removed 125403 rows and 1343518 columns (presolve time = 5s) ...
Presolve removed 131599 rows and 1429982 columns (presolve time = 10s) ...
Presolve removed 131616 rows and 1430045 columns (presolve time = 17s) ...
Presolve removed 131896 rows and 1433514 columns (presolve time = 20s) ...
Presolve removed 131896 rows and 1433514 columns (presolve time = 25s) ...
Presolve removed 131896 rows and 1433514 columns (presolve time = 30s) ...
Presolve removed 131896 rows and 1433514 columns (presolve time = 35s) ...
Presolve removed 131896 rows and 1433514 columns (presolve time = 41s) ...
Presolve removed 131854 rows and 1451471 columns
Presolve time: 41.16s

Explored 0 nodes (0 simplex iterations) in 43.61 seconds (53.85 work units)
Thread count was 1 (of 40 available processors)

Solution count 0

Model is infeasible or unbounded
Best objective -, best bound -, gap -
