
Gurobi 10.0.1 (win64) logging started Thu May 18 16:28:46 2023

Set parameter LogFile to value "logFiles/N-1L-D/N-1L-14U-27F-23V-240D-basic_heuristic.log"
Gurobi Optimizer version 10.0.1 build v10.0.1rc0 (win64)

CPU model: Intel(R) Core(TM) i7-10700 CPU @ 2.90GHz, instruction set [SSE2|AVX|AVX2]
Thread count: 8 physical cores, 16 logical processors, using up to 16 threads

Optimize a model with 185268 rows, 2287335 columns and 17091360 nonzeros
Model fingerprint: 0x66912bdb
Variable types: 3505 continuous, 2283830 integer (2283830 binary)
Coefficient statistics:
  Matrix range     [1e+00, 2e+05]
  Objective range  [4e+01, 3e+07]
  Bounds range     [1e+00, 1e+00]
  RHS range        [1e+00, 5e+06]
Presolve removed 99428 rows and 72057 columns (presolve time = 5s) ...
Presolve removed 105463 rows and 72057 columns (presolve time = 10s) ...
Presolve removed 105649 rows and 72057 columns (presolve time = 15s) ...
Presolve removed 105649 rows and 72057 columns (presolve time = 20s) ...
Presolve removed 105649 rows and 72057 columns (presolve time = 25s) ...
Presolve removed 105649 rows and 72249 columns (presolve time = 30s) ...
Presolve removed 105492 rows and 72085 columns
Presolve time: 30.97s
Presolved: 79776 rows, 2215250 columns, 12965008 nonzeros
Variable types: 3647 continuous, 2211603 integer (2211603 binary)
Deterministic concurrent LP optimizer: primal simplex, dual simplex, and barrier
Showing barrier log only...

Root barrier log...

Ordering time: 4.69s

Barrier statistics:
 AA' NZ     : 5.988e+06
 Factor NZ  : 3.254e+07 (roughly 1.2 GB of memory)
 Factor Ops : 1.162e+11 (roughly 1 second per iteration)
 Threads    : 5

                  Objective                Residual
Iter       Primal          Dual         Primal    Dual     Compl     Time
   0  -1.08207926e+17  2.42347387e+13  1.03e+10 5.72e+05  1.87e+11    56s
   1  -2.83290645e+16  2.37651958e+13  2.71e+09 5.06e+05  4.95e+10    59s
   2  -5.47798532e+15  1.64748078e+13  5.29e+08 5.08e+04  9.71e+09    62s
   3  -6.47946077e+14  9.68129616e+12  6.25e+07 9.56e+02  1.15e+09    66s
   4  -6.51919102e+13  5.08317834e+12  6.29e+06 2.28e+00  1.20e+08    70s
   5  -2.03420971e+13  2.80523486e+12  1.96e+06 1.40e-09  3.80e+07    73s
   6  -1.06532238e+13  2.41151661e+12  1.03e+06 1.40e-09  2.03e+07    77s
   7  -3.43466938e+12  2.33999565e+12  3.31e+05 2.08e-02  6.88e+06    79s
   8  -1.82050846e+12  1.80989066e+12  1.75e+05 1.40e-09  3.66e+06    83s
   9  -7.63179711e+11  1.67010362e+12  7.37e+04 1.40e-09  1.72e+06    87s
  10  -3.96188050e+11  1.22170451e+12  3.84e+04 1.16e-09  9.21e+05    90s
  11  -2.25068816e+11  6.41819889e+11  2.20e+04 1.57e-09  4.62e+05    94s
  12  -7.67142198e+10  3.36805341e+11  7.69e+03 1.48e-09  1.74e+05    98s
  13  -1.92119321e+10  9.66634145e+10  2.15e+03 1.95e-09  4.39e+04   102s
  14  -9.53691672e+09  6.21165915e+10  1.22e+03 1.89e-09  2.52e+04   106s
  15  -8.56458178e+09  6.03698216e+10  1.13e+03 5.08e-09  2.38e+04   110s
  16  -2.01361891e+09  1.96994978e+10  4.99e+02 3.76e-08  7.95e+03   114s
  17   1.50930908e+09  9.39386231e+09  1.61e+02 3.52e-08  2.72e+03   120s
  18   1.92949724e+09  8.55536467e+09  1.22e+02 2.49e-08  2.19e+03   125s
  19   2.37313686e+09  7.12844181e+09  8.05e+01 7.87e-09  1.52e+03   130s
  20   2.72048152e+09  6.20237143e+09  4.89e+01 3.51e-08  1.06e+03   135s
  21   2.81182064e+09  5.96892012e+09  4.18e+01 2.71e-08  9.46e+02   139s
  22   2.86455886e+09  5.84726668e+09  3.85e+01 1.92e-08  8.88e+02   143s
  23   2.87286015e+09  5.62690154e+09  3.78e+01 4.55e-08  8.32e+02   148s
  24   2.95086026e+09  5.13369735e+09  3.13e+01 4.16e-08  6.69e+02   154s
  25   3.03108439e+09  4.97871921e+09  2.49e+01 3.27e-08  5.80e+02   160s
  26   3.09274759e+09  4.72473149e+09  2.04e+01 2.18e-08  4.84e+02   165s
  27   3.09349701e+09  4.68213921e+09  2.03e+01 3.35e-08  4.74e+02   171s
  28   3.13698828e+09  4.55938795e+09  1.71e+01 6.26e-08  4.18e+02   177s
  29   3.14150300e+09  4.48499915e+09  1.67e+01 5.28e-08  3.98e+02   182s
  30   3.16129955e+09  4.37331676e+09  1.54e+01 7.58e-08  3.59e+02   188s
  31   3.19337042e+09  4.22013570e+09  1.30e+01 8.55e-08  3.01e+02   194s
  32   3.20315882e+09  4.11153695e+09  1.24e+01 7.28e-08  2.69e+02   200s
  33   3.23350079e+09  4.03775604e+09  1.03e+01 7.33e-08  2.33e+02   206s
  34   3.24418671e+09  3.99496448e+09  9.53e+00 5.62e-08  2.16e+02   212s
  35   3.25791381e+09  3.94387519e+09  8.67e+00 6.81e-08  1.95e+02   218s
  36   3.27350859e+09  3.88088042e+09  7.42e+00 3.43e-08  1.70e+02   224s
  37   3.29393148e+09  3.76905267e+09  6.08e+00 5.25e-08  1.29e+02   230s
  38   3.31938830e+09  3.67220397e+09  4.43e+00 5.15e-08  9.19e+01   235s
  39   3.32733477e+09  3.63071409e+09  3.94e+00 5.21e-08  7.78e+01   241s
  40   3.33809319e+09  3.56789364e+09  3.23e+00 7.32e-08  5.73e+01   247s
  41   3.35332630e+09  3.54183045e+09  2.40e+00 6.19e-08  4.59e+01   253s
  42   3.35844447e+09  3.52496792e+09  2.15e+00 7.41e-08  4.00e+01   259s
  43   3.36286525e+09  3.51428279e+09  1.96e+00 8.84e-08  3.61e+01   265s
  44   3.36591941e+09  3.50264598e+09  1.77e+00 8.27e-08  3.22e+01   271s
  45   3.37511494e+09  3.47997484e+09  1.34e+00 5.09e-08  2.42e+01   277s
  46   3.37610797e+09  3.47691929e+09  1.30e+00 6.69e-08  2.32e+01   281s
  47   3.38528920e+09  3.47417456e+09  9.93e-01 6.64e-08  2.04e+01   287s
  48   3.38870788e+09  3.46757913e+09  9.00e-01 3.76e-08  1.80e+01   293s
  49   3.39252197e+09  3.46144533e+09  8.13e-01 4.24e-08  1.57e+01   299s
  50   3.39826123e+09  3.45803538e+09  6.52e-01 3.57e-08  1.35e+01   305s
  51   3.40122480e+09  3.45420916e+09  5.75e-01 2.40e-08  1.20e+01   310s
  52   3.40400522e+09  3.45109901e+09  5.06e-01 2.47e-08  1.06e+01   316s
  53   3.40697825e+09  3.44754286e+09  4.36e-01 2.34e-08  9.10e+00   322s
  54   3.40800116e+09  3.44715145e+09  4.14e-01 2.82e-08  8.78e+00   328s
  55   3.41004152e+09  3.44519836e+09  3.70e-01 2.28e-08  7.88e+00   334s
  56   3.41260838e+09  3.44415383e+09  3.18e-01 2.44e-08  7.07e+00   340s
  57   3.41437078e+09  3.44275031e+09  2.84e-01 2.71e-08  6.35e+00   345s
  58   3.41652713e+09  3.44185420e+09  2.42e-01 3.02e-08  5.66e+00   351s
  59   3.41948442e+09  3.44005764e+09  1.89e-01 2.43e-08  4.60e+00   357s
  60   3.42122806e+09  3.43857515e+09  1.61e-01 3.67e-08  3.87e+00   363s
  61   3.42276445e+09  3.43746290e+09  1.36e-01 2.31e-08  3.28e+00   369s
  62   3.42405835e+09  3.43653046e+09  1.16e-01 2.22e-08  2.78e+00   375s
  63   3.42537261e+09  3.43588012e+09  9.65e-02 3.20e-08  2.34e+00   381s
  64   3.42726214e+09  3.43508529e+09  6.89e-02 4.14e-08  1.74e+00   387s
  65   3.42861063e+09  3.43450865e+09  5.04e-02 5.59e-08  1.31e+00   392s
  66   3.42970154e+09  3.43389835e+09  3.59e-02 5.89e-08  9.35e-01   398s
  67   3.43056988e+09  3.43321692e+09  2.43e-02 4.02e-08  5.90e-01   404s
  68   3.43098405e+09  3.43282116e+09  1.89e-02 5.90e-08  4.09e-01   410s
  69   3.43157901e+09  3.43272532e+09  1.13e-02 5.54e-08  2.55e-01   416s
  70   3.43204063e+09  3.43264381e+09  5.54e-03 3.94e-08  1.34e-01   421s
  71   3.43220034e+09  3.43259013e+09  3.48e-03 4.01e-08  8.69e-02   425s
  72   3.43227084e+09  3.43256212e+09  2.60e-03 4.81e-08  6.50e-02   429s
  73   3.43233153e+09  3.43253754e+09  1.85e-03 4.43e-08  4.60e-02   433s
  74   3.43240142e+09  3.43251493e+09  1.02e-03 3.90e-08  2.53e-02   437s
  75   3.43243954e+09  3.43250367e+09  5.47e-04 5.78e-08  1.43e-02   441s
  76   3.43245661e+09  3.43249851e+09  3.45e-04 5.72e-08  9.37e-03   444s
  77   3.43246667e+09  3.43249215e+09  2.29e-04 6.43e-08  5.70e-03   448s
  78   3.43247496e+09  3.43249032e+09  1.30e-04 4.70e-08  3.44e-03   452s
  79   3.43248080e+09  3.43249006e+09  6.45e-05 6.34e-08  2.07e-03   456s
  80   3.43248171e+09  3.43248796e+09  5.41e-05 5.12e-08  1.40e-03   460s
  81   3.43248592e+09  3.43248691e+09  7.42e-06 7.45e-08  2.23e-04   464s
  82   3.43248653e+09  3.43248671e+09  7.18e-07 5.60e-08  4.13e-05   469s
  83   3.43248657e+09  3.43248662e+09  3.54e-07 5.89e-08  1.30e-05   473s
  84   3.43248660e+09  3.43248661e+09  1.25e-07 4.44e-08  2.67e-07   479s
  85   3.43248661e+09  3.43248661e+09  1.07e-07 5.99e-08  1.08e-10   483s

Barrier solved model in 85 iterations and 483.23 seconds (238.38 work units)
Optimal objective 3.43248661e+09


Root crossover log...

   67542 DPushes remaining with DInf 6.7871959e-05               484s
     363 DPushes remaining with DInf 0.0000000e+00               485s
       7 DPushes remaining with DInf 0.0000000e+00               493s
       0 DPushes remaining with DInf 0.0000000e+00               494s

    3238 PPushes remaining with PInf 0.0000000e+00               494s
       0 PPushes remaining with PInf 0.0000000e+00               494s

  Push phase complete: Pinf 0.0000000e+00, Dinf 3.4170383e+01    495s


Root simplex log...

Iteration    Objective       Primal Inf.    Dual Inf.      Time
   70713    3.4324866e+09   0.000000e+00   3.417038e+01    495s
   70718    3.4324866e+09   0.000000e+00   0.000000e+00    496s
Concurrent spin time: 23.81s

Solved with barrier
   70718    3.4324866e+09   0.000000e+00   0.000000e+00    522s

Root relaxation: objective 3.432487e+09, 70718 iterations, 484.50 seconds (177.31 work units)
Total elapsed time = 525.41s

    Nodes    |    Current Node    |     Objective Bounds      |     Work
 Expl Unexpl |  Obj  Depth IntInf | Incumbent    BestBd   Gap | It/Node Time

     0     0 3.4325e+09    0  801          - 3.4325e+09      -     -  536s
     0     0 3.4323e+09    0  798          - 3.4323e+09      -     - 1753s
H    0     0                    3.410494e+09 3.4323e+09  0.64%     - 3195s

Cutting planes:
  Cover: 4
  Implied bound: 24
  Clique: 7
  Flow cover: 8
  RLT: 24

Explored 1 nodes (130266 simplex iterations) in 3323.74 seconds (2738.83 work units)
Thread count was 16 (of 16 available processors)

Solution count 1: 3.41049e+09 

Solve interrupted
Best objective 3.410493551310e+09, best bound 3.432277731831e+09, gap 0.6387%
