
Gurobi 10.0.1 (linux64) logging started Sun May 21 12:59:03 2023

Set parameter LogFile to value "logFiles/A-2L-E/A-2L-6U-36F-15V-240D/basic-05-21-2023, 12-58-H60-P80-O20.log"
Gurobi Optimizer version 10.0.1 build v10.0.1rc0 (linux64)

CPU model: Intel(R) Xeon(R) Gold 5115 CPU @ 2.40GHz, instruction set [SSE2|AVX|AVX2|AVX512]
Thread count: 20 physical cores, 40 logical processors, using up to 20 threads

Optimize a model with 46434 rows, 535755 columns and 2600473 nonzeros
Model fingerprint: 0x8dbbe2b7
Variable types: 308582 continuous, 227173 integer (227173 binary)
Coefficient statistics:
  Matrix range     [1e+00, 2e+05]
  Objective range  [4e+01, 4e+07]
  Bounds range     [1e+00, 1e+00]
  RHS range        [1e+00, 3e+06]
Presolve removed 30240 rows and 19846 columns (presolve time = 5s) ...
Presolve removed 30212 rows and 19824 columns
Presolve time: 9.35s
Presolved: 16222 rows, 515931 columns, 2339296 nonzeros
Variable types: 298121 continuous, 217810 integer (217798 binary)
Deterministic concurrent LP optimizer: primal simplex, dual simplex, and barrier
Showing barrier log only...

Root barrier log...

Ordering time: 1.35s

Barrier statistics:
 AA' NZ     : 1.177e+06
 Factor NZ  : 9.156e+06 (roughly 300 MB of memory)
 Factor Ops : 1.772e+10 (less than 1 second per iteration)
 Threads    : 17

                  Objective                Residual
Iter       Primal          Dual         Primal    Dual     Compl     Time
   0  -3.26016362e+16  4.30290650e+13  1.49e+09 1.61e+07  4.05e+12    15s
   1  -8.27573332e+15  5.49799748e+13  3.78e+08 1.53e+07  1.04e+12    15s
   2  -2.57230847e+15  5.81563289e+13  1.19e+08 8.91e+06  3.34e+11    16s
   3  -4.70344542e+14  4.69283629e+13  2.25e+07 5.96e-08  6.39e+10    16s
   4  -1.55946056e+13  3.37775249e+13  7.44e+05 6.46e-08  2.15e+09    16s
   5  -3.05566764e+12  2.29745659e+13  1.45e+05 3.22e-08  4.41e+08    16s
   6  -1.46673251e+12  1.87033251e+13  6.98e+04 2.99e-08  2.18e+08    17s
   7  -3.09649705e+11  1.26244721e+13  1.49e+04 2.99e-08  5.46e+07    17s
   8  -2.18399976e+11  8.49541644e+12  1.05e+04 2.99e-08  3.65e+07    17s
   9  -1.35370130e+11  6.33370581e+12  6.61e+03 8.75e-07  2.30e+07    18s
  10  -2.51533542e+10  3.14348529e+12  1.43e+03 1.58e-06  6.29e+06    18s
  11  -8.82785618e+09  9.38260743e+11  5.93e+02 6.26e-07  2.03e+06    18s
  12  -2.29313142e+09  4.53027205e+11  2.69e+02 4.77e-07  9.06e+05    19s
  13   1.37100550e+09  2.26429771e+11  9.06e+01 1.55e-07  3.68e+05    19s
  14   2.46311342e+09  1.57907188e+11  3.87e+01 1.11e-07  2.14e+05    19s
  15   2.88524389e+09  1.01830997e+11  1.87e+01 1.19e-07  1.27e+05    19s
  16   3.07625095e+09  6.31005850e+10  9.43e+00 1.89e-07  7.44e+04    20s
  17   3.13882768e+09  4.15721909e+10  6.30e+00 2.19e-07  4.83e+04    20s
  18   3.14852112e+09  3.46446307e+10  5.82e+00 2.38e-07  4.08e+04    20s
  19   3.16428648e+09  2.64076829e+10  5.08e+00 2.77e-07  3.15e+04    21s
  20   3.17209320e+09  2.03002277e+10  4.74e+00 2.89e-07  2.51e+04    21s
  21   3.19231024e+09  1.90619143e+10  3.88e+00 2.83e-07  2.23e+04    21s
  22   3.25087546e+09  1.69748837e+10  2.74e+00 3.53e-07  1.80e+04    22s
  23   3.26717772e+09  1.35585700e+10  2.12e+00 2.68e-07  1.34e+04    22s
  24   3.34056218e+09  1.00437717e+10  8.48e-01 3.18e-07  7.72e+03    22s
  25   3.35897434e+09  7.83275181e+09  5.31e-01 3.38e-07  4.99e+03    23s
  26   3.37649293e+09  7.57157861e+09  4.27e-01 3.28e-07  4.57e+03    23s
  27   3.38864603e+09  6.87063619e+09  3.75e-01 3.68e-07  3.78e+03    23s
  28   3.41000136e+09  6.36532983e+09  2.35e-01 4.25e-07  3.10e+03    23s
  29   3.41708276e+09  5.59581553e+09  2.02e-01 3.07e-07  2.28e+03    24s
  30   3.43389688e+09  5.27341274e+09  1.51e-01 3.28e-07  1.90e+03    24s
  31   3.44911821e+09  4.74654839e+09  1.18e-01 3.36e-07  1.34e+03    24s
  32   3.46064495e+09  4.45008593e+09  8.82e-02 2.93e-07  1.01e+03    25s
  33   3.46927275e+09  4.16051034e+09  7.65e-02 3.18e-07  7.13e+02    25s
  34   3.47343280e+09  4.06848077e+09  7.17e-02 3.11e-07  6.16e+02    25s
  35   3.49237060e+09  3.98693760e+09  4.89e-02 3.13e-07  5.05e+02    26s
  36   3.50550449e+09  3.81881389e+09  3.51e-02 2.73e-07  3.21e+02    26s
  37   3.52281192e+09  3.75597173e+09  2.07e-02 3.13e-07  2.36e+02    26s
  38   3.52946466e+09  3.71369764e+09  1.60e-02 3.20e-07  1.86e+02    27s
  39   3.53854553e+09  3.66127789e+09  9.78e-03 3.28e-07  1.23e+02    27s
  40   3.54291496e+09  3.62537538e+09  7.96e-03 2.58e-07  8.34e+01    28s
  41   3.54697811e+09  3.61066631e+09  6.24e-03 3.45e-07  6.45e+01    28s
  42   3.54936198e+09  3.59960048e+09  5.36e-03 3.13e-07  5.11e+01    28s
  43   3.55345075e+09  3.59112420e+09  4.02e-03 3.08e-07  3.83e+01    29s
  44   3.55461853e+09  3.58758506e+09  3.39e-03 3.58e-07  3.35e+01    29s
  45   3.55828741e+09  3.58414831e+09  2.38e-03 3.87e-07  2.61e+01    29s
  46   3.56010684e+09  3.57894177e+09  1.89e-03 3.14e-07  1.91e+01    30s
  47   3.56209497e+09  3.57682778e+09  1.38e-03 2.98e-07  1.49e+01    30s
  48   3.56258020e+09  3.57571753e+09  1.26e-03 4.17e-07  1.33e+01    30s
  49   3.56436269e+09  3.57421055e+09  8.38e-04 4.72e-07  9.92e+00    31s
  50   3.56489169e+09  3.57346729e+09  7.29e-04 4.70e-07  8.64e+00    31s
  51   3.56530471e+09  3.57246573e+09  6.49e-04 5.47e-07  7.23e+00    31s
  52   3.56561722e+09  3.57207177e+09  5.89e-04 5.10e-07  6.52e+00    32s
  53   3.56616693e+09  3.57176330e+09  4.84e-04 6.34e-07  5.64e+00    32s
  54   3.56650768e+09  3.57126772e+09  4.23e-04 5.07e-07  4.80e+00    32s
  55   3.56717339e+09  3.57102464e+09  3.10e-04 5.62e-07  3.87e+00    33s
  56   3.56746735e+09  3.57070967e+09  2.62e-04 5.01e-07  3.26e+00    33s
  57   3.56761325e+09  3.57051420e+09  2.37e-04 5.67e-07  2.92e+00    33s
  58   3.56799028e+09  3.57026078e+09  1.77e-04 6.49e-07  2.28e+00    34s
  59   3.56812037e+09  3.57018237e+09  1.58e-04 5.78e-07  2.07e+00    34s
  60   3.56829418e+09  3.56995148e+09  1.31e-04 6.11e-07  1.67e+00    35s
  61   3.56846612e+09  3.56975520e+09  1.05e-04 6.30e-07  1.30e+00    35s
  62   3.56860657e+09  3.56966941e+09  8.44e-05 6.36e-07  1.07e+00    35s
  63   3.56884244e+09  3.56947478e+09  5.12e-05 5.26e-07  6.37e-01    36s
  64   3.56903695e+09  3.56939496e+09  2.45e-05 5.98e-07  3.59e-01    36s
  65   3.56913434e+09  3.56929095e+09  1.14e-05 4.42e-07  1.57e-01    37s
  66   3.56916019e+09  3.56927735e+09  8.12e-06 4.49e-07  1.18e-01    37s
  67   3.56917751e+09  3.56926815e+09  5.99e-06 6.43e-07  9.08e-02    38s
  68   3.56920094e+09  3.56925416e+09  3.03e-06 5.57e-07  5.31e-02    38s
  69   3.56921436e+09  3.56925032e+09  1.40e-06 5.54e-07  3.56e-02    38s
  70   3.56922365e+09  3.56923651e+09  3.23e-06 6.03e-07  1.26e-02    39s
  71   3.56922650e+09  3.56922760e+09  9.84e-07 4.71e-07  1.09e-03    39s
  72   3.56922679e+09  3.56922686e+09  9.41e-07 5.71e-07  6.84e-05    40s
  73   3.56922681e+09  3.56922682e+09  3.30e-07 5.07e-07  9.93e-06    40s
  74   3.56922681e+09  3.56922681e+09  1.59e-07 3.77e-07  3.81e-06    40s
  75   3.56922681e+09  3.56922681e+09  1.11e-07 4.91e-07  1.49e-08    41s
  76   3.56922681e+09  3.56922681e+09  2.74e-07 4.77e-07  6.25e-11    41s

Barrier solved model in 76 iterations and 41.00 seconds (35.49 work units)
Optimal objective 3.56922681e+09


Root crossover log...

   12979 DPushes remaining with DInf 0.0000000e+00                41s
       0 DPushes remaining with DInf 0.0000000e+00                42s

    1267 PPushes remaining with PInf 0.0000000e+00                42s
       0 PPushes remaining with PInf 0.0000000e+00                42s

  Push phase complete: Pinf 0.0000000e+00, Dinf 6.5516486e-08     42s


Root simplex log...

Iteration    Objective       Primal Inf.    Dual Inf.      Time
   14225    3.5692268e+09   0.000000e+00   0.000000e+00     42s
Concurrent spin time: 0.01s

Solved with barrier
   14249    3.5692268e+09   0.000000e+00   0.000000e+00     42s
Extra simplex iterations after uncrush: 24

Root relaxation: objective 3.569227e+09, 14249 iterations, 30.81 seconds (22.24 work units)

    Nodes    |    Current Node    |     Objective Bounds      |     Work
 Expl Unexpl |  Obj  Depth IntInf | Incumbent    BestBd   Gap | It/Node Time

     0     0 3.5692e+09    0  244          - 3.5692e+09      -     -   44s
     0     0 3.5692e+09    0  247          - 3.5692e+09      -     -   72s
     0     0 3.5692e+09    0  242          - 3.5692e+09      -     -   88s
     0     0 3.5692e+09    0  255          - 3.5692e+09      -     -   92s
     0     0 3.5692e+09    0  228          - 3.5692e+09      -     -  108s
     0     0 3.5692e+09    0  238          - 3.5692e+09      -     -  115s
     0     0 3.5692e+09    0  200          - 3.5692e+09      -     -  125s
     0     0 3.5692e+09    0  215          - 3.5692e+09      -     -  138s
     0     0 3.5692e+09    0  214          - 3.5692e+09      -     -  139s
     0     0 3.5692e+09    0  218          - 3.5692e+09      -     -  154s
     0     0 3.5692e+09    0  219          - 3.5692e+09      -     -  158s
     0     0 3.5692e+09    0  231          - 3.5692e+09      -     -  171s
     0     0 3.5692e+09    0  233          - 3.5692e+09      -     -  181s
     0     0 3.5692e+09    0  227          - 3.5692e+09      -     -  183s
     0     0 3.5692e+09    0  221          - 3.5692e+09      -     -  188s
     0     0 3.5692e+09    0  214          - 3.5692e+09      -     -  207s
H    0     0                    3.531538e+09 3.5692e+09  1.07%     -  249s

Cutting planes:
  Learned: 1
  Cover: 15
  Implied bound: 7
  Clique: 2
  MIR: 14
  Flow cover: 24
  GUB cover: 3
  Network: 2
  RLT: 2
  Relax-and-lift: 8

Explored 1 nodes (46484 simplex iterations) in 249.96 seconds (233.46 work units)
Thread count was 20 (of 40 available processors)

Solution count 1: 3.53154e+09 

Optimal solution found (tolerance 5.00e-02)
Best objective 3.531537596293e+09, best bound 3.569170219837e+09, gap 1.0656%
Gurobi Optimizer version 10.0.1 build v10.0.1rc0 (linux64)

CPU model: Intel(R) Xeon(R) Gold 5115 CPU @ 2.40GHz, instruction set [SSE2|AVX|AVX2|AVX512]
Thread count: 20 physical cores, 40 logical processors, using up to 20 threads

Optimize a model with 75332 rows, 859713 columns and 4654738 nonzeros
Model fingerprint: 0xb5b5c700
Variable types: 423312 continuous, 436401 integer (436401 binary)
Coefficient statistics:
  Matrix range     [1e+00, 2e+05]
  Objective range  [4e+01, 4e+07]
  Bounds range     [3e-10, 3e+05]
  RHS range        [1e+00, 4e+06]
Presolve removed 62469 rows and 584128 columns (presolve time = 5s) ...
Presolve removed 62471 rows and 584160 columns (presolve time = 12s) ...
Presolve removed 63047 rows and 599194 columns (presolve time = 15s) ...
Presolve removed 63021 rows and 599168 columns
Presolve time: 15.31s
Presolved: 12311 rows, 260545 columns, 1189128 nonzeros
Variable types: 187885 continuous, 72660 integer (72649 binary)
Deterministic concurrent LP optimizer: primal simplex, dual simplex, and barrier
Showing barrier log only...

Root barrier log...

Ordering time: 0.48s

Barrier statistics:
 AA' NZ     : 6.326e+05
 Factor NZ  : 4.215e+06 (roughly 140 MB of memory)
 Factor Ops : 5.055e+09 (less than 1 second per iteration)
 Threads    : 17

                  Objective                Residual
Iter       Primal          Dual         Primal    Dual     Compl     Time
   0  -9.85865281e+15  1.11262193e+13  3.22e+08 2.59e+06  5.81e+11    18s
   1  -2.47532729e+15  1.21974262e+13  8.09e+07 2.78e+06  1.48e+11    18s
   2  -3.37758358e+14  9.45046302e+12  1.11e+07 3.09e+05  2.05e+10    18s
   3  -1.63325359e+13  6.23542219e+12  5.35e+05 1.41e+03  1.01e+09    19s
   4  -1.20978083e+12  1.92097404e+12  3.97e+04 2.56e+01  7.82e+07    19s
   5  -3.24464024e+11  1.24529503e+12  1.07e+04 1.12e-08  2.24e+07    19s
   6  -7.91465483e+10  6.92953638e+11  2.64e+03 1.12e-08  6.02e+06    19s
   7  -1.92636179e+10  4.51652644e+11  6.88e+02 9.43e-09  1.98e+06    19s
   8  -1.22390983e+10  2.32769427e+11  4.59e+02 1.12e-08  1.08e+06    19s
   9  -5.96422108e+09  1.18474291e+11  2.54e+02 1.30e-08  5.48e+05    19s
  10  -1.85481026e+08  7.11583111e+10  6.63e+01 1.44e-08  2.14e+05    20s
  11   9.71198427e+08  4.28205646e+10  2.98e+01 1.68e-08  1.14e+05    20s
  12   1.34555194e+09  2.59257788e+10  1.88e+01 2.53e-08  6.84e+04    20s
  13   1.60096521e+09  1.59824091e+10  1.14e+01 4.77e-08  4.10e+04    20s
  14   1.70811738e+09  1.30262500e+10  8.22e+00 4.50e-08  3.17e+04    20s
  15   1.73741714e+09  1.22170386e+10  7.34e+00 4.62e-08  2.91e+04    20s
  16   1.82836748e+09  1.01012965e+10  4.49e+00 6.60e-08  2.16e+04    20s
  17   1.86501237e+09  8.38662781e+09  3.34e+00 6.89e-08  1.69e+04    21s
  18   1.89417719e+09  6.63370402e+09  2.63e+00 1.26e-07  1.28e+04    21s
  19   1.95780283e+09  5.07356072e+09  1.43e+00 9.31e-08  8.01e+03    21s
  20   1.99206571e+09  4.46598795e+09  9.64e-01 9.69e-08  6.03e+03    21s
  21   2.01907859e+09  3.85839273e+09  6.62e-01 1.19e-07  4.32e+03    21s
  22   2.05574711e+09  3.28417495e+09  2.98e-01 1.03e-07  2.63e+03    22s
  23   2.07816914e+09  3.06101580e+09  1.51e-01 8.48e-08  2.00e+03    22s
  24   2.09352286e+09  2.75833517e+09  9.36e-02 6.80e-08  1.33e+03    22s
  25   2.10013322e+09  2.68652075e+09  7.42e-02 7.45e-08  1.16e+03    22s
  26   2.10570043e+09  2.52937590e+09  5.76e-02 6.33e-08  8.35e+02    22s
  27   2.11207344e+09  2.41296827e+09  4.33e-02 5.03e-08  5.89e+02    22s
  28   2.11946140e+09  2.33428528e+09  3.17e-02 2.79e-08  4.19e+02    23s
  29   2.12851230e+09  2.27235661e+09  2.01e-02 2.05e-08  2.79e+02    23s
  30   2.13367966e+09  2.22753840e+09  1.47e-02 1.02e-08  1.81e+02    23s
  31   2.13990764e+09  2.20686148e+09  9.91e-03 9.31e-09  1.29e+02    23s
  32   2.14463995e+09  2.19184759e+09  6.75e-03 8.38e-09  9.09e+01    23s
  33   2.14689224e+09  2.18266594e+09  5.60e-03 8.50e-09  6.88e+01    23s
  34   2.14858483e+09  2.17617036e+09  4.49e-03 6.98e-09  5.30e+01    24s
  35   2.14898637e+09  2.17321103e+09  4.29e-03 6.64e-09  4.66e+01    24s
  36   2.14950775e+09  2.17263697e+09  4.02e-03 8.27e-09  4.45e+01    24s
  37   2.15080119e+09  2.17008483e+09  3.43e-03 7.45e-09  3.71e+01    24s
  38   2.15251887e+09  2.16797958e+09  2.78e-03 7.10e-09  2.97e+01    24s
  39   2.15379472e+09  2.16632194e+09  2.31e-03 8.38e-09  2.41e+01    24s
  40   2.15543857e+09  2.16521233e+09  1.67e-03 8.61e-09  1.88e+01    25s
  41   2.15633707e+09  2.16439094e+09  1.36e-03 8.73e-09  1.55e+01    25s
  42   2.15735121e+09  2.16399733e+09  1.03e-03 9.31e-09  1.28e+01    25s
  43   2.15816310e+09  2.16333903e+09  7.74e-04 7.68e-09  9.93e+00    25s
  44   2.15871602e+09  2.16280992e+09  6.13e-04 8.85e-09  7.86e+00    25s
  45   2.15922150e+09  2.16242917e+09  4.76e-04 7.68e-09  6.16e+00    25s
  46   2.15962784e+09  2.16221471e+09  3.65e-04 9.43e-09  4.96e+00    26s
  47   2.15985319e+09  2.16202405e+09  3.08e-04 8.38e-09  4.17e+00    26s
  48   2.16019608e+09  2.16178605e+09  2.22e-04 8.15e-09  3.05e+00    26s
  49   2.16047735e+09  2.16164927e+09  1.54e-04 7.45e-09  2.25e+00    26s
  50   2.16059126e+09  2.16160575e+09  1.28e-04 7.10e-09  1.95e+00    26s
  51   2.16083253e+09  2.16140719e+09  7.29e-05 6.40e-09  1.10e+00    26s
  52   2.16092287e+09  2.16135373e+09  5.29e-05 9.08e-09  8.27e-01    27s
  53   2.16100433e+09  2.16132713e+09  3.35e-05 1.06e-08  6.19e-01    27s
  54   2.16109415e+09  2.16122721e+09  1.45e-05 7.80e-09  2.55e-01    27s
  55   2.16113452e+09  2.16118680e+09  5.92e-06 7.22e-09  1.00e-01    27s
  56   2.16114330e+09  2.16117681e+09  4.31e-06 6.98e-09  6.43e-02    27s
  57   2.16115640e+09  2.16117044e+09  1.79e-06 6.40e-09  2.69e-02    27s
  58   2.16116159e+09  2.16116834e+09  8.82e-07 7.33e-09  1.29e-02    28s
  59   2.16116484e+09  2.16116721e+09  6.16e-07 7.68e-09  4.55e-03    28s
  60   2.16116666e+09  2.16116679e+09  3.45e-08 7.57e-09  2.46e-04    28s
  61   2.16116676e+09  2.16116677e+09  2.72e-09 1.13e-08  8.65e-06    28s
  62   2.16116677e+09  2.16116677e+09  6.93e-09 7.45e-09  2.47e-10    28s

Barrier solved model in 62 iterations and 28.21 seconds (30.19 work units)
Optimal objective 2.16116677e+09


Root crossover log...

    7297 DPushes remaining with DInf 0.0000000e+00                28s
       0 DPushes remaining with DInf 0.0000000e+00                29s

     569 PPushes remaining with PInf 0.0000000e+00                29s
       0 PPushes remaining with PInf 0.0000000e+00                29s

  Push phase complete: Pinf 0.0000000e+00, Dinf 1.0907723e+02     29s


Root simplex log...

Iteration    Objective       Primal Inf.    Dual Inf.      Time
    7837    2.1611668e+09   0.000000e+00   1.090772e+02     29s
    7842    2.1611668e+09   0.000000e+00   0.000000e+00     29s
Concurrent spin time: 0.00s

Solved with barrier
    7842    2.1611668e+09   0.000000e+00   0.000000e+00     29s

Root relaxation: objective 2.161167e+09, 7842 iterations, 12.22 seconds (8.18 work units)

    Nodes    |    Current Node    |     Objective Bounds      |     Work
 Expl Unexpl |  Obj  Depth IntInf | Incumbent    BestBd   Gap | It/Node Time

     0     0 2.1612e+09    0  185          - 2.1612e+09      -     -   29s
     0     0 2.1611e+09    0  186          - 2.1611e+09      -     -   34s
     0     0 2.1611e+09    0  173          - 2.1611e+09      -     -   57s
H    0     0                    2.083754e+09 2.1611e+09  3.71%     -   62s

Explored 1 nodes (18627 simplex iterations) in 64.20 seconds (63.85 work units)
Thread count was 20 (of 40 available processors)

Solution count 2: 2.08375e+09 2.08375e+09 

Optimal solution found (tolerance 5.00e-02)
Warning: max constraint violation (5.1695e-05) exceeds tolerance
Warning: max bound violation (1.9961e-04) exceeds tolerance
Best objective 2.083753966331e+09, best bound 2.161144710848e+09, gap 3.7140%
Gurobi Optimizer version 10.0.1 build v10.0.1rc0 (linux64)

CPU model: Intel(R) Xeon(R) Gold 5115 CPU @ 2.40GHz, instruction set [SSE2|AVX|AVX2|AVX512]
Thread count: 20 physical cores, 40 logical processors, using up to 20 threads

Optimize a model with 91718 rows, 1007721 columns and 6273420 nonzeros
Model fingerprint: 0x5535c712
Variable types: 258450 continuous, 749271 integer (749271 binary)
Coefficient statistics:
  Matrix range     [1e+00, 2e+05]
  Objective range  [4e+01, 4e+07]
  Bounds range     [1e-10, 3e+05]
  RHS range        [1e+00, 5e+06]
Presolve removed 80118 rows and 790559 columns (presolve time = 5s) ...
Presolve removed 83221 rows and 877669 columns (presolve time = 10s) ...
Presolve removed 83198 rows and 877657 columns
Presolve time: 12.17s
Presolved: 8520 rows, 130064 columns, 602641 nonzeros
Variable types: 83168 continuous, 46896 integer (46887 binary)
Deterministic concurrent LP optimizer: primal simplex, dual simplex, and barrier
Showing barrier log only...

Root barrier log...

Ordering time: 0.19s

Barrier statistics:
 AA' NZ     : 3.177e+05
 Factor NZ  : 1.651e+06 (roughly 70 MB of memory)
 Factor Ops : 1.203e+09 (less than 1 second per iteration)
 Threads    : 17

                  Objective                Residual
Iter       Primal          Dual         Primal    Dual     Compl     Time
   0  -3.50527582e+15  7.81575870e+12  1.64e+08 1.08e+06  2.82e+11    14s
   1  -1.20989101e+15  7.32208538e+12  5.68e+07 1.70e+06  9.91e+10    14s
   2  -1.34650516e+14  5.01505379e+12  6.41e+06 1.43e+05  1.14e+10    14s
   3  -3.35562353e+12  3.06368005e+12  1.60e+05 1.13e+03  2.97e+08    14s
   4  -1.18657912e+12  8.72229793e+11  5.65e+04 6.11e+01  1.05e+08    14s
   5  -2.65749768e+11  4.95698659e+11  1.27e+04 6.52e-09  2.49e+07    14s
   6  -1.43586876e+11  3.80099957e+11  6.88e+03 6.52e-09  1.37e+07    14s
   7  -5.21591593e+10  3.29255740e+11  2.55e+03 7.45e-09  5.72e+06    15s
   8  -1.18226527e+10  1.65950319e+11  6.53e+02 6.98e-09  1.62e+06    15s
   9  -6.26328623e+08  6.69032317e+10  1.27e+02 6.98e-09  4.17e+05    15s
  10   1.00524528e+09  4.03097248e+10  5.19e+01 9.78e-09  2.15e+05    15s
  11   1.62268585e+09  2.53827894e+10  2.59e+01 1.16e-08  1.24e+05    15s
  12   1.92537145e+09  1.22629173e+10  1.34e+01 3.52e-08  5.74e+04    15s
  13   2.07925782e+09  9.04876573e+09  7.44e+00 2.58e-08  3.77e+04    15s
  14   2.13098190e+09  7.47047582e+09  5.54e+00 4.47e-08  2.92e+04    15s
  15   2.15259520e+09  7.11179607e+09  4.84e+00 4.38e-08  2.69e+04    15s
  16   2.19072251e+09  6.55335227e+09  3.69e+00 7.54e-08  2.32e+04    15s
  17   2.21081362e+09  5.81605634e+09  3.08e+00 7.64e-08  1.97e+04    15s
  18   2.24032492e+09  4.60477956e+09  2.32e+00 9.69e-08  1.37e+04    15s
  19   2.25611389e+09  4.45978990e+09  1.99e+00 1.36e-07  1.25e+04    15s
  20   2.25800567e+09  3.89066420e+09  1.75e+00 1.13e-07  9.66e+03    15s
  21   2.28466713e+09  3.41690341e+09  1.12e+00 1.08e-07  6.37e+03    16s
  22   2.29197868e+09  3.09535026e+09  9.17e-01 9.31e-08  4.55e+03    16s
  23   2.30665823e+09  2.93194191e+09  4.70e-01 7.92e-08  3.12e+03    16s
  24   2.31046551e+09  2.78441518e+09  3.31e-01 6.15e-08  2.27e+03    16s
  25   2.31359759e+09  2.60510210e+09  2.42e-01 7.82e-08  1.36e+03    16s
  26   2.31740014e+09  2.59245853e+09  1.40e-01 6.98e-08  1.21e+03    16s
  27   2.31815446e+09  2.54886946e+09  1.28e-01 5.31e-08  1.01e+03    16s
  28   2.31752842e+09  2.49524928e+09  1.27e-01 4.38e-08  7.81e+02    16s
  29   2.31911240e+09  2.45237883e+09  9.88e-02 3.73e-08  5.76e+02    16s
  30   2.32075080e+09  2.39840192e+09  5.41e-02 2.70e-08  3.25e+02    16s
  31   2.32234246e+09  2.37272026e+09  2.11e-02 1.86e-08  2.05e+02    16s
  32   2.32282983e+09  2.36675144e+09  1.51e-02 1.96e-08  1.78e+02    16s
  33   2.32340316e+09  2.34514440e+09  1.02e-02 1.40e-08  8.77e+01    16s
  34   2.32380404e+09  2.33977766e+09  7.90e-03 1.12e-08  6.43e+01    16s
  35   2.32403287e+09  2.33803174e+09  6.93e-03 1.12e-08  5.63e+01    17s
  36   2.32432082e+09  2.33515753e+09  5.84e-03 1.02e-08  4.35e+01    17s
  37   2.32471909e+09  2.33245012e+09  4.62e-03 8.38e-09  3.10e+01    17s
  38   2.32509159e+09  2.33149163e+09  3.55e-03 1.02e-08  2.56e+01    17s
  39   2.32530951e+09  2.33022677e+09  3.10e-03 1.02e-08  1.97e+01    17s
  40   2.32582388e+09  2.32953887e+09  2.15e-03 1.12e-08  1.49e+01    17s
  41   2.32634988e+09  2.32899265e+09  1.35e-03 9.31e-09  1.06e+01    17s
  42   2.32671306e+09  2.32868856e+09  8.75e-04 1.02e-08  7.90e+00    17s
  43   2.32677526e+09  2.32844370e+09  8.15e-04 9.31e-09  6.67e+00    17s
  44   2.32692789e+09  2.32830297e+09  6.74e-04 9.31e-09  5.50e+00    17s
  45   2.32710970e+09  2.32818345e+09  5.10e-04 6.52e-09  4.29e+00    17s
  46   2.32725310e+09  2.32805578e+09  3.84e-04 7.45e-09  3.21e+00    17s
  47   2.32738079e+09  2.32798175e+09  2.72e-04 6.52e-09  2.40e+00    17s
  48   2.32746048e+09  2.32792366e+09  2.05e-04 7.45e-09  1.85e+00    18s
  49   2.32746837e+09  2.32790537e+09  2.00e-04 8.38e-09  1.75e+00    18s
  50   2.32751086e+09  2.32786042e+09  1.67e-04 8.38e-09  1.40e+00    18s
  51   2.32755198e+09  2.32784533e+09  1.33e-04 9.31e-09  1.17e+00    18s
  52   2.32758578e+09  2.32782180e+09  1.09e-04 9.31e-09  9.44e-01    18s
  53   2.32764305e+09  2.32779474e+09  6.71e-05 8.38e-09  6.06e-01    18s
  54   2.32767063e+09  2.32778209e+09  4.79e-05 8.38e-09  4.46e-01    18s
  55   2.32768046e+09  2.32777413e+09  4.19e-05 8.38e-09  3.74e-01    18s
  56   2.32770912e+09  2.32776503e+09  2.37e-05 6.52e-09  2.24e-01    18s
  57   2.32773420e+09  2.32775428e+09  7.85e-06 6.52e-09  8.03e-02    18s
  58   2.32774468e+09  2.32775073e+09  1.89e-06 5.59e-09  2.42e-02    18s
  59   2.32774579e+09  2.32774850e+09  2.83e-06 7.45e-09  1.08e-02    18s
  60   2.32774716e+09  2.32774783e+09  6.67e-07 5.59e-09  2.65e-03    18s
  61   2.32774739e+09  2.32774756e+09  2.39e-07 6.52e-09  6.87e-04    19s
  62   2.32774744e+09  2.32774746e+09  5.98e-08 8.38e-09  1.04e-04    19s
  63   2.32774746e+09  2.32774746e+09  4.51e-09 8.38e-09  6.04e-06    19s
  64   2.32774746e+09  2.32774746e+09  5.68e-10 9.31e-09  3.32e-10    19s

Barrier solved model in 64 iterations and 18.78 seconds (18.79 work units)
Optimal objective 2.32774746e+09


Root crossover log...

    3640 DPushes remaining with DInf 0.0000000e+00                19s
       0 DPushes remaining with DInf 0.0000000e+00                19s

     754 PPushes remaining with PInf 2.7203469e-06                19s
       0 PPushes remaining with PInf 0.0000000e+00                19s

  Push phase complete: Pinf 0.0000000e+00, Dinf 2.3443999e+01     19s


Root simplex log...

Iteration    Objective       Primal Inf.    Dual Inf.      Time
    4351    2.3277475e+09   0.000000e+00   2.344400e+01     19s
    4353    2.3277475e+09   0.000000e+00   0.000000e+00     19s
Concurrent spin time: 0.00s

Solved with barrier
    4353    2.3277475e+09   0.000000e+00   0.000000e+00     19s

Root relaxation: objective 2.327747e+09, 4353 iterations, 5.69 seconds (3.66 work units)

    Nodes    |    Current Node    |     Objective Bounds      |     Work
 Expl Unexpl |  Obj  Depth IntInf | Incumbent    BestBd   Gap | It/Node Time

     0     0 2.3277e+09    0   94          - 2.3277e+09      -     -   19s
     0     0 2.3277e+09    0  106          - 2.3277e+09      -     -   22s
H    0     0                    2.234143e+09 2.3277e+09  4.19%     -   25s

Cutting planes:
  Cover: 6
  Implied bound: 6
  Clique: 2
  MIR: 1
  Flow cover: 10
  GUB cover: 4
  Network: 14
  RLT: 2
  Relax-and-lift: 2

Explored 1 nodes (5392 simplex iterations) in 25.30 seconds (23.06 work units)
Thread count was 20 (of 40 available processors)

Solution count 2: 2.23414e+09 2.23414e+09 

Optimal solution found (tolerance 5.00e-02)
Best objective 2.234142578144e+09, best bound 2.327724075828e+09, gap 4.1887%
Gurobi Optimizer version 10.0.1 build v10.0.1rc0 (linux64)

CPU model: Intel(R) Xeon(R) Gold 5115 CPU @ 2.40GHz, instruction set [SSE2|AVX|AVX2|AVX512]
Thread count: 20 physical cores, 40 logical processors, using up to 20 threads

Optimize a model with 91598 rows, 1012805 columns and 6166883 nonzeros
Model fingerprint: 0x25cf509b
Variable types: 18457 continuous, 994348 integer (994348 binary)
Coefficient statistics:
  Matrix range     [1e+00, 2e+05]
  Objective range  [4e+01, 4e+07]
  Bounds range     [5e-09, 3e+05]
  RHS range        [1e+00, 5e+06]
Presolve removed 86801 rows and 991083 columns
Presolve time: 3.11s
Presolved: 4797 rows, 21722 columns, 110813 nonzeros
Variable types: 2086 continuous, 19636 integer (19605 binary)
Deterministic concurrent LP optimizer: primal and dual simplex
Showing first log only...

Concurrent spin time: 0.00s

Solved with primal simplex

Root relaxation: objective 2.270688e+09, 16084 iterations, 0.50 seconds (0.49 work units)

    Nodes    |    Current Node    |     Objective Bounds      |     Work
 Expl Unexpl |  Obj  Depth IntInf | Incumbent    BestBd   Gap | It/Node Time

     0     0 2.2707e+09    0   78          - 2.2707e+09      -     -    4s
H    0     0                    2.222356e+09 2.2707e+09  2.17%     -    5s

Explored 1 nodes (16420 simplex iterations) in 6.07 seconds (5.04 work units)
Thread count was 20 (of 40 available processors)

Solution count 1: 2.22236e+09 

Optimal solution found (tolerance 5.00e-02)
Best objective 2.222356189102e+09, best bound 2.270688179056e+09, gap 2.1748%
Gurobi Optimizer version 10.0.1 build v10.0.1rc0 (linux64)

CPU model: Intel(R) Xeon(R) Gold 5115 CPU @ 2.40GHz, instruction set [SSE2|AVX|AVX2|AVX512]
Thread count: 20 physical cores, 40 logical processors, using up to 20 threads

Optimize a model with 91478 rows, 1013159 columns and 6087379 nonzeros
Model fingerprint: 0xd507e7c8
Variable types: 16562 continuous, 996597 integer (996597 binary)
Coefficient statistics:
  Matrix range     [1e+00, 2e+05]
  Objective range  [4e+01, 4e+07]
  Bounds range     [5e-09, 3e+05]
  RHS range        [1e+00, 5e+06]
Found heuristic solution: objective 2.182897e+09
Presolve removed 91305 rows and 1012989 columns
Presolve time: 1.99s
Presolved: 173 rows, 170 columns, 532 nonzeros
Found heuristic solution: objective 2.200340e+09
Variable types: 86 continuous, 84 integer (84 binary)

Root relaxation: objective 2.229031e+09, 11 iterations, 0.00 seconds (0.00 work units)

    Nodes    |    Current Node    |     Objective Bounds      |     Work
 Expl Unexpl |  Obj  Depth IntInf | Incumbent    BestBd   Gap | It/Node Time

     0     0          -    0      2.2003e+09 2.2290e+09  1.30%     -    2s

Explored 1 nodes (11 simplex iterations) in 2.63 seconds (1.38 work units)
Thread count was 20 (of 40 available processors)

Solution count 2: 2.20034e+09 2.1829e+09 

Optimal solution found (tolerance 5.00e-02)
Best objective 2.200340455045e+09, best bound 2.229030502438e+09, gap 1.3039%
