
Gurobi 10.0.1 (linux64) logging started Mon May 22 02:40:14 2023

Set parameter LogFile to value "logFiles/A-2L-E/A-2L-6U-36F-15V-240D/basic-05-22-2023, 02-40-H70-P50-O15.log"
Gurobi Optimizer version 10.0.1 build v10.0.1rc0 (linux64)

CPU model: Intel(R) Xeon(R) Gold 5115 CPU @ 2.40GHz, instruction set [SSE2|AVX|AVX2|AVX512]
Thread count: 20 physical cores, 40 logical processors, using up to 20 threads

Optimize a model with 40032 rows, 431841 columns and 2141664 nonzeros
Model fingerprint: 0xacec2e9b
Variable types: 181013 continuous, 250828 integer (250828 binary)
Coefficient statistics:
  Matrix range     [1e+00, 2e+05]
  Objective range  [4e+01, 3e+07]
  Bounds range     [1e+00, 1e+00]
  RHS range        [1e+00, 3e+06]
Presolve removed 26860 rows and 20576 columns (presolve time = 5s) ...
Presolve removed 26832 rows and 20548 columns
Presolve time: 7.77s
Presolved: 13200 rows, 411293 columns, 1887035 nonzeros
Variable types: 170383 continuous, 240910 integer (240898 binary)
Deterministic concurrent LP optimizer: primal simplex, dual simplex, and barrier
Showing barrier log only...

Root barrier log...

Ordering time: 0.93s

Barrier statistics:
 AA' NZ     : 9.146e+05
 Factor NZ  : 6.593e+06 (roughly 220 MB of memory)
 Factor Ops : 1.109e+10 (less than 1 second per iteration)
 Threads    : 17

                  Objective                Residual
Iter       Primal          Dual         Primal    Dual     Compl     Time
   0  -2.51917520e+16  3.68196385e+13  1.63e+09 1.20e+07  3.16e+12    12s
   1  -6.28492597e+15  4.62651484e+13  4.06e+08 8.99e+06  7.98e+11    12s
   2  -1.18089178e+15  4.84097461e+13  7.66e+07 1.37e+06  1.54e+11    12s
   3  -5.72906268e+13  3.72779617e+13  3.72e+06 2.93e+04  7.64e+09    13s
   4  -3.13843610e+12  1.93213589e+13  2.04e+05 4.62e+03  4.41e+08    13s
   5  -1.54693624e+12  1.42155594e+13  1.00e+05 3.04e+03  2.22e+08    13s
   6  -2.94243382e+11  1.02491237e+13  1.92e+04 1.86e+03  5.12e+07    13s
   7  -2.41381065e+11  5.82025017e+12  1.57e+04 7.39e+02  3.69e+07    14s
   8  -1.49093687e+11  4.99356223e+12  9.77e+03 6.61e+02  2.41e+07    14s
   9  -1.15559472e+11  2.87874705e+12  7.60e+03 2.47e+02  1.63e+07    14s
  10  -5.13865241e+10  1.84603192e+12  3.45e+03 1.17e+02  7.65e+06    14s
  11  -1.51809668e+10  6.27049026e+11  1.11e+03 2.09e+01  2.25e+06    15s
  12  -3.13217040e+09  2.21225882e+11  3.39e+02 4.33e+00  6.73e+05    15s
  13   9.40661484e+08  1.08284136e+11  1.43e+02 1.82e+00  2.19e+05    15s
  14   1.68260773e+09  6.77603915e+10  5.87e+01 1.08e+00  1.16e+05    15s
  15   1.81883629e+09  4.56045685e+10  4.32e+01 6.92e-01  8.01e+04    16s
  16   1.98796198e+09  3.96759592e+10  2.43e+01 5.99e-01  6.10e+04    16s
  17   2.06769829e+09  2.62738616e+10  1.55e+01 3.88e-01  3.95e+04    16s
  18   2.09743816e+09  2.45707070e+10  1.21e+01 3.63e-01  3.52e+04    16s
  19   2.09151878e+09  2.16713590e+10  1.08e+01 3.17e-01  3.08e+04    16s
  20   2.10640374e+09  1.35555888e+10  9.16e+00 1.83e-01  1.99e+04    17s
  21   2.13319751e+09  1.08746817e+10  5.87e+00 1.40e-01  1.44e+04    17s
  22   2.17138255e+09  8.90382831e+09  2.72e+00 1.05e-01  9.87e+03    17s
  23   2.21197732e+09  6.16423660e+09  1.29e+00 5.43e-02  5.43e+03    18s
  24   2.26088639e+09  4.82368510e+09  7.43e-01 3.55e-02  3.43e+03    18s
  25   2.26955168e+09  4.54243152e+09  6.88e-01 3.05e-02  3.03e+03    18s
  26   2.28924621e+09  3.99596878e+09  4.72e-01 2.22e-02  2.24e+03    18s
  27   2.30334499e+09  3.66441446e+09  3.97e-01 1.70e-02  1.78e+03    19s
  28   2.31285787e+09  3.49662516e+09  3.45e-01 1.41e-02  1.54e+03    19s
  29   2.33517339e+09  3.30639618e+09  2.47e-01 1.14e-02  1.25e+03    19s
  30   2.36272643e+09  3.05747464e+09  1.61e-01 8.10e-03  8.85e+02    19s
  31   2.37912189e+09  2.89266326e+09  1.34e-01 5.57e-03  6.55e+02    20s
  32   2.38878450e+09  2.81442391e+09  1.07e-01 4.62e-03  5.41e+02    20s
  33   2.41050444e+09  2.70589991e+09  8.05e-02 2.98e-03  3.76e+02    20s
  34   2.42494452e+09  2.65648560e+09  6.34e-02 2.31e-03  2.94e+02    20s
  35   2.43478630e+09  2.61898342e+09  5.21e-02 1.84e-03  2.34e+02    21s
  36   2.45022816e+09  2.57644911e+09  3.54e-02 1.24e-03  1.60e+02    21s
  37   2.45635636e+09  2.54989409e+09  2.98e-02 8.63e-04  1.19e+02    21s
  38   2.46329125e+09  2.53713396e+09  2.03e-02 7.10e-04  9.36e+01    22s
  39   2.47082415e+09  2.51637073e+09  1.20e-02 4.34e-04  5.76e+01    22s
  40   2.47564188e+09  2.50950127e+09  7.35e-03 3.24e-04  4.25e+01    22s
  41   2.47727189e+09  2.50271311e+09  6.00e-03 2.30e-04  3.20e+01    22s
  42   2.47851127e+09  2.50123952e+09  5.02e-03 2.02e-04  2.86e+01    23s
  43   2.47986124e+09  2.49846316e+09  4.29e-03 1.65e-04  2.34e+01    23s
  44   2.48136988e+09  2.49754143e+09  3.48e-03 1.52e-04  2.03e+01    23s
  45   2.48168931e+09  2.49673414e+09  3.32e-03 1.39e-04  1.89e+01    23s
  46   2.48311410e+09  2.49507246e+09  2.64e-03 1.10e-04  1.50e+01    24s
  47   2.48427617e+09  2.49373424e+09  2.08e-03 8.51e-05  1.19e+01    24s
  48   2.48464119e+09  2.49299218e+09  1.91e-03 7.12e-05  1.05e+01    24s
  49   2.48589086e+09  2.49262418e+09  1.35e-03 6.51e-05  8.44e+00    24s
  50   2.48605063e+09  2.49206487e+09  1.29e-03 5.30e-05  7.55e+00    25s
  51   2.48659345e+09  2.49178092e+09  1.08e-03 4.77e-05  6.51e+00    25s
  52   2.48720015e+09  2.49143665e+09  8.38e-04 4.08e-05  5.31e+00    25s
  53   2.48760883e+09  2.49094042e+09  6.87e-04 3.00e-05  4.18e+00    25s
  54   2.48780903e+09  2.49064338e+09  6.12e-04 2.36e-05  3.56e+00    26s
  55   2.48811770e+09  2.49044993e+09  4.96e-04 1.97e-05  2.93e+00    26s
  56   2.48851697e+09  2.49022469e+09  3.51e-04 1.50e-05  2.14e+00    26s
  57   2.48892208e+09  2.49003910e+09  2.00e-04 1.10e-05  1.40e+00    27s
  58   2.48913393e+09  2.48982561e+09  1.27e-04 6.42e-06  8.66e-01    27s
  59   2.48931554e+09  2.48973110e+09  7.38e-05 4.57e-06  5.18e-01    27s
  60   2.48941956e+09  2.48962014e+09  4.80e-05 2.16e-06  2.50e-01    27s
  61   2.48944550e+09  2.48961723e+09  3.46e-05 2.10e-06  2.13e-01    28s
  62   2.48948291e+09  2.48956785e+09  1.77e-05 1.05e-06  1.05e-01    28s
  63   2.48950001e+09  2.48955001e+09  1.22e-05 6.87e-07  6.16e-02    28s
  64   2.48950346e+09  2.48953739e+09  1.29e-05 4.33e-07  4.19e-02    28s
  65   2.48950938e+09  2.48952772e+09  3.12e-05 2.50e-07  2.26e-02    28s
  66   2.48951174e+09  2.48951829e+09  1.68e-05 2.92e-07  8.13e-03    29s
  67   2.48951385e+09  2.48951531e+09  1.11e-05 2.87e-07  1.82e-03    29s
  68   2.48951444e+09  2.48951462e+09  2.97e-06 2.59e-07  2.29e-04    29s
  69   2.48951445e+09  2.48951446e+09  1.34e-06 3.00e-07  1.86e-05    29s
  70   2.48951446e+09  2.48951446e+09  9.52e-07 3.06e-07  1.13e-06    29s
  71   2.48951446e+09  2.48951446e+09  6.22e-08 2.39e-07  3.57e-10    30s

Barrier solved model in 71 iterations and 29.67 seconds (26.15 work units)
Optimal objective 2.48951446e+09


Root crossover log...

   10521 DPushes remaining with DInf 0.0000000e+00                30s
       0 DPushes remaining with DInf 0.0000000e+00                30s

     562 PPushes remaining with PInf 1.2293783e-06                30s
       0 PPushes remaining with PInf 0.0000000e+00                30s

  Push phase complete: Pinf 0.0000000e+00, Dinf 9.0639730e-08     30s


Root simplex log...

Iteration    Objective       Primal Inf.    Dual Inf.      Time
   11053    2.4895145e+09   0.000000e+00   0.000000e+00     30s
Concurrent spin time: 0.08s

Solved with barrier
   11077    2.4895145e+09   0.000000e+00   0.000000e+00     30s
Extra simplex iterations after uncrush: 24

Root relaxation: objective 2.489514e+09, 11077 iterations, 21.22 seconds (15.01 work units)

    Nodes    |    Current Node    |     Objective Bounds      |     Work
 Expl Unexpl |  Obj  Depth IntInf | Incumbent    BestBd   Gap | It/Node Time

     0     0 2.4895e+09    0  297          - 2.4895e+09      -     -   32s
H    0     0                    2.417556e+09 2.4895e+09  2.98%     -   41s
H    0     0                    2.436182e+09 2.4895e+09  2.19%     -   50s
     0     0 2.4894e+09    0  279 2.4362e+09 2.4894e+09  2.19%     -   63s
H    0     0                    2.457958e+09 2.4894e+09  1.28%     -   73s
     0     0 2.4894e+09    0  297 2.4580e+09 2.4894e+09  1.28%     -   76s
     0     0 2.4894e+09    0  299 2.4580e+09 2.4894e+09  1.28%     -   79s
     0     0 2.4894e+09    0  300 2.4580e+09 2.4894e+09  1.28%     -   79s
     0     0 2.4894e+09    0  322 2.4580e+09 2.4894e+09  1.28%     -   98s
     0     0 2.4894e+09    0  316 2.4580e+09 2.4894e+09  1.28%     -  106s
     0     0 2.4894e+09    0  318 2.4580e+09 2.4894e+09  1.28%     -  108s
     0     0 2.4894e+09    0  318 2.4580e+09 2.4894e+09  1.28%     -  108s
     0     0 2.4893e+09    0  305 2.4580e+09 2.4893e+09  1.28%     -  126s
H    0     0                    2.463326e+09 2.4893e+09  1.06%     -  133s
     0     0 2.4893e+09    0  318 2.4633e+09 2.4893e+09  1.06%     -  136s
     0     0 2.4893e+09    0  310 2.4633e+09 2.4893e+09  1.06%     -  138s
     0     0 2.4893e+09    0  301 2.4633e+09 2.4893e+09  1.05%     -  146s
     0     0 2.4893e+09    0  295 2.4633e+09 2.4893e+09  1.05%     -  152s
     0     0 2.4893e+09    0  309 2.4633e+09 2.4893e+09  1.05%     -  153s
     0     0 2.4892e+09    0  283 2.4633e+09 2.4892e+09  1.05%     -  165s
     0     0 2.4892e+09    0  285 2.4633e+09 2.4892e+09  1.05%     -  173s
     0     0 2.4892e+09    0  289 2.4633e+09 2.4892e+09  1.05%     -  173s
     0     0 2.4892e+09    0  294 2.4633e+09 2.4892e+09  1.05%     -  180s
     0     0 2.4892e+09    0  293 2.4633e+09 2.4892e+09  1.05%     -  192s
     0     0 2.4892e+09    0  300 2.4633e+09 2.4892e+09  1.05%     -  196s
H    0     0                    2.463669e+09 2.4892e+09  1.04%     -  214s
     0     0 2.4892e+09    0  293 2.4637e+09 2.4892e+09  1.04%     -  216s
     0     0 2.4892e+09    0  298 2.4637e+09 2.4892e+09  1.04%     -  235s
     0     0 2.4892e+09    0  289 2.4637e+09 2.4892e+09  1.04%     -  247s
     0     0 2.4892e+09    0  299 2.4637e+09 2.4892e+09  1.04%     -  256s
     0     0 2.4892e+09    0  294 2.4637e+09 2.4892e+09  1.04%     -  259s
H    0     0                    2.463802e+09 2.4892e+09  1.03%     -  306s
H    0     0                    2.468278e+09 2.4892e+09  0.85%     -  321s

Cutting planes:
  Learned: 1
  Cover: 7
  Implied bound: 40
  Clique: 2
  MIR: 34
  StrongCG: 1
  Flow cover: 13
  GUB cover: 1
  Relax-and-lift: 36

Explored 1 nodes (42480 simplex iterations) in 321.90 seconds (320.75 work units)
Thread count was 20 (of 40 available processors)

Solution count 7: 2.46828e+09 2.4638e+09 2.46367e+09 ... 2.41756e+09

Optimal solution found (tolerance 1.00e-02)
Best objective 2.468278453038e+09, best bound 2.489202868720e+09, gap 0.8477%
Gurobi Optimizer version 10.0.1 build v10.0.1rc0 (linux64)

CPU model: Intel(R) Xeon(R) Gold 5115 CPU @ 2.40GHz, instruction set [SSE2|AVX|AVX2|AVX512]
Thread count: 20 physical cores, 40 logical processors, using up to 20 threads

Optimize a model with 71174 rows, 806796 columns and 4421650 nonzeros
Model fingerprint: 0xc5d47e9e
Variable types: 265662 continuous, 541134 integer (541134 binary)
Coefficient statistics:
  Matrix range     [1e+00, 2e+05]
  Objective range  [4e+01, 4e+07]
  Bounds range     [3e-16, 3e+05]
  RHS range        [1e+00, 4e+06]
Presolve removed 57734 rows and 518087 columns (presolve time = 5s) ...
Presolve removed 57768 rows and 518241 columns (presolve time = 12s) ...
Presolve removed 58151 rows and 529275 columns (presolve time = 15s) ...
Presolve removed 58121 rows and 529245 columns
Presolve time: 15.53s
Presolved: 13053 rows, 277551 columns, 1260283 nonzeros
Variable types: 143674 continuous, 133877 integer (133864 binary)
Deterministic concurrent LP optimizer: primal simplex, dual simplex, and barrier
Showing barrier log only...

Root barrier log...

Ordering time: 1.00s

Barrier statistics:
 AA' NZ     : 6.582e+05
 Factor NZ  : 3.544e+06 (roughly 140 MB of memory)
 Factor Ops : 3.116e+09 (less than 1 second per iteration)
 Threads    : 17

                  Objective                Residual
Iter       Primal          Dual         Primal    Dual     Compl     Time
   0  -1.05495350e+16  1.66657281e+13  6.19e+08 3.96e+06  1.37e+12    19s
   1  -3.97817024e+15  2.07928694e+13  2.33e+08 4.20e+06  5.24e+11    19s
   2  -6.57363933e+14  1.85982056e+13  3.87e+07 3.62e+05  8.82e+10    20s
   3  -3.24328652e+13  1.24866707e+13  1.91e+06 8.38e-08  4.39e+09    20s
   4  -5.47367889e+12  5.27773409e+12  3.22e+05 2.36e-08  7.57e+08    20s
   5  -7.18326317e+11  2.64303635e+12  4.24e+04 1.87e-08  1.04e+08    20s
   6  -2.34650226e+11  1.76981481e+12  1.39e+04 1.86e-08  3.51e+07    20s
   7  -2.00290508e+11  1.27630210e+12  1.19e+04 9.93e-07  2.82e+07    20s
   8  -6.74377404e+10  1.08743530e+12  4.06e+03 7.41e-07  1.05e+07    20s
   9  -1.94283794e+10  7.00721450e+11  1.24e+03 5.42e-07  3.65e+06    21s
  10  -6.59429423e+09  4.38816971e+11  4.91e+02 3.86e-07  1.64e+06    21s
  11  -8.64459172e+08  1.83180838e+11  1.55e+02 1.54e-07  5.57e+05    21s
  12  -1.91537483e+07  9.27529635e+10  1.06e+02 9.50e-08  3.09e+05    21s
  13   7.74825320e+08  6.51877394e+10  6.11e+01 1.95e-07  1.96e+05    21s
  14   1.56446883e+09  3.29552184e+10  1.66e+01 6.05e-08  7.78e+04    21s
  15   1.62763407e+09  2.39664918e+10  1.32e+01 4.66e-08  5.70e+04    21s
  16   1.72097462e+09  1.85603728e+10  8.11e+00 2.85e-08  4.07e+04    22s
  17   1.77415411e+09  1.29510563e+10  5.37e+00 3.51e-08  2.71e+04    22s
  18   1.79368225e+09  1.12663397e+10  4.39e+00 5.16e-08  2.29e+04    22s
  19   1.83325615e+09  7.30961168e+09  2.66e+00 5.39e-08  1.35e+04    22s
  20   1.86157769e+09  5.85530243e+09  1.60e+00 6.98e-08  9.34e+03    22s
  21   1.88220593e+09  5.12150396e+09  1.30e+00 7.36e-08  7.42e+03    22s
  22   1.91231111e+09  4.25412448e+09  8.49e-01 6.15e-08  5.13e+03    23s
  23   1.93204166e+09  3.48733868e+09  5.63e-01 4.56e-08  3.30e+03    23s
  24   1.93695802e+09  3.07842339e+09  5.14e-01 3.66e-08  2.44e+03    23s
  25   1.95542714e+09  2.92014063e+09  3.67e-01 2.98e-08  1.99e+03    23s
  26   1.97499985e+09  2.54760226e+09  1.82e-01 2.79e-08  1.12e+03    23s
  27   1.98717502e+09  2.42237731e+09  1.09e-01 3.45e-08  8.27e+02    24s
  28   1.99692967e+09  2.38331702e+09  8.40e-02 4.00e-08  7.26e+02    24s
  29   2.00104590e+09  2.36174480e+09  7.35e-02 3.17e-08  6.75e+02    24s
  30   2.00205361e+09  2.26632106e+09  7.08e-02 2.79e-08  4.94e+02    24s
  31   2.00409340e+09  2.24108105e+09  6.62e-02 2.70e-08  4.43e+02    24s
  32   2.01374726e+09  2.20202154e+09  4.67e-02 1.58e-08  3.49e+02    24s
  33   2.01679302e+09  2.17305654e+09  4.23e-02 1.68e-08  2.89e+02    25s
  34   2.02008934e+09  2.15004018e+09  3.73e-02 1.40e-08  2.40e+02    25s
  35   2.02257447e+09  2.11922711e+09  3.37e-02 1.02e-08  1.78e+02    25s
  36   2.02622355e+09  2.11226471e+09  2.83e-02 1.02e-08  1.58e+02    25s
  37   2.02732369e+09  2.09943919e+09  2.68e-02 9.31e-09  1.32e+02    25s
  38   2.02992876e+09  2.09433116e+09  2.27e-02 8.27e-09  1.18e+02    26s
  39   2.03326325e+09  2.09182876e+09  1.83e-02 7.45e-09  1.07e+02    26s
  40   2.03493144e+09  2.08442366e+09  1.63e-02 7.57e-09  9.03e+01    26s
  41   2.03701567e+09  2.07790582e+09  1.42e-02 7.10e-09  7.46e+01    26s
  42   2.03823925e+09  2.07473566e+09  1.29e-02 7.45e-09  6.65e+01    26s
  43   2.03976920e+09  2.07272525e+09  1.15e-02 7.45e-09  6.00e+01    26s
  44   2.04128087e+09  2.07006277e+09  1.03e-02 7.45e-09  5.24e+01    27s
  45   2.04248740e+09  2.06648924e+09  9.25e-03 9.31e-09  4.36e+01    27s
  46   2.04310469e+09  2.06589019e+09  8.71e-03 7.45e-09  4.14e+01    27s
  47   2.04520235e+09  2.06410343e+09  7.18e-03 7.45e-09  3.43e+01    27s
  48   2.04667177e+09  2.06247569e+09  6.05e-03 7.45e-09  2.87e+01    27s
  49   2.04679748e+09  2.06194194e+09  5.94e-03 7.45e-09  2.75e+01    28s
  50   2.04821075e+09  2.06111669e+09  4.78e-03 7.51e-09  2.34e+01    28s
  51   2.04887126e+09  2.05999425e+09  4.27e-03 7.45e-09  2.02e+01    28s
  52   2.04916748e+09  2.05931715e+09  4.04e-03 9.31e-09  1.84e+01    28s
  53   2.04944857e+09  2.05882370e+09  3.82e-03 9.31e-09  1.70e+01    28s
  54   2.05042037e+09  2.05840846e+09  3.13e-03 7.45e-09  1.45e+01    28s
  55   2.05099703e+09  2.05801138e+09  2.77e-03 7.45e-09  1.27e+01    29s
  56   2.05177540e+09  2.05748542e+09  2.28e-03 8.03e-09  1.03e+01    29s
  57   2.05251833e+09  2.05713847e+09  1.83e-03 7.45e-09  8.36e+00    29s
  58   2.05300277e+09  2.05702955e+09  1.53e-03 7.45e-09  7.29e+00    29s
  59   2.05367191e+09  2.05660561e+09  1.14e-03 7.45e-09  5.31e+00    29s
  60   2.05407483e+09  2.05642715e+09  9.22e-04 7.45e-09  4.25e+00    30s
  61   2.05452772e+09  2.05627489e+09  6.89e-04 7.45e-09  3.16e+00    30s
  62   2.05480180e+09  2.05616468e+09  5.43e-04 7.45e-09  2.46e+00    30s
  63   2.05502888e+09  2.05605523e+09  4.18e-04 7.45e-09  1.86e+00    30s
  64   2.05524184e+09  2.05597945e+09  2.97e-04 7.45e-09  1.33e+00    30s
  65   2.05539238e+09  2.05591816e+09  2.12e-04 7.80e-09  9.50e-01    31s
  66   2.05551879e+09  2.05587571e+09  1.44e-04 7.45e-09  6.45e-01    31s
  67   2.05560125e+09  2.05585489e+09  9.91e-05 7.45e-09  4.58e-01    31s
  68   2.05563691e+09  2.05583948e+09  8.03e-05 7.45e-09  3.66e-01    31s
  69   2.05565899e+09  2.05583002e+09  6.87e-05 7.45e-09  3.09e-01    31s
  70   2.05569542e+09  2.05582336e+09  5.00e-05 7.45e-09  2.31e-01    31s
  71   2.05572523e+09  2.05581765e+09  3.48e-05 7.45e-09  1.67e-01    32s
  72   2.05575326e+09  2.05581320e+09  2.06e-05 7.45e-09  1.08e-01    32s
  73   2.05578166e+09  2.05580431e+09  6.16e-06 7.45e-09  4.09e-02    32s
  74   2.05579170e+09  2.05579738e+09  3.05e-06 7.45e-09  1.02e-02    32s
  75   2.05579421e+09  2.05579518e+09  6.35e-07 7.45e-09  1.75e-03    32s
  76   2.05579457e+09  2.05579480e+09  2.10e-07 7.45e-09  4.04e-04    33s
  77   2.05579475e+09  2.05579476e+09  5.85e-09 7.45e-09  1.15e-05    33s
  78   2.05579476e+09  2.05579476e+09  2.63e-10 7.45e-09  1.27e-09    33s

Barrier solved model in 78 iterations and 32.98 seconds (33.93 work units)
Optimal objective 2.05579476e+09


Root crossover log...

    7816 DPushes remaining with DInf 0.0000000e+00                33s
       0 DPushes remaining with DInf 0.0000000e+00                33s

     536 PPushes remaining with PInf 0.0000000e+00                33s
       0 PPushes remaining with PInf 0.0000000e+00                33s

  Push phase complete: Pinf 0.0000000e+00, Dinf 3.4709387e-08     33s


Root simplex log...

Iteration    Objective       Primal Inf.    Dual Inf.      Time
    8172    2.0557948e+09   0.000000e+00   0.000000e+00     33s
Concurrent spin time: 0.02s

Solved with barrier
    8172    2.0557948e+09   0.000000e+00   0.000000e+00     33s

Root relaxation: objective 2.055795e+09, 8172 iterations, 16.54 seconds (10.58 work units)

    Nodes    |    Current Node    |     Objective Bounds      |     Work
 Expl Unexpl |  Obj  Depth IntInf | Incumbent    BestBd   Gap | It/Node Time

     0     0 2.0558e+09    0  279          - 2.0558e+09      -     -   34s
     0     0 2.0552e+09    0  287          - 2.0552e+09      -     -   65s
H    0     0                    1.938153e+09 2.0552e+09  6.04%     -   91s
H    0     0                    1.959989e+09 2.0552e+09  4.86%     -  107s
     0     0 2.0549e+09    0  290 1.9600e+09 2.0549e+09  4.84%     -  121s
     0     0 2.0549e+09    0  288 1.9600e+09 2.0549e+09  4.84%     -  124s
     0     0 2.0549e+09    0  297 1.9600e+09 2.0549e+09  4.84%     -  126s
     0     0 2.0546e+09    0  275 1.9600e+09 2.0546e+09  4.83%     -  139s
     0     0 2.0541e+09    0  289 1.9600e+09 2.0541e+09  4.80%     -  147s
     0     0 2.0541e+09    0  294 1.9600e+09 2.0541e+09  4.80%     -  148s
     0     0 2.0538e+09    0  296 1.9600e+09 2.0538e+09  4.79%     -  170s
     0     0 2.0538e+09    0  291 1.9600e+09 2.0538e+09  4.79%     -  179s
     0     0 2.0538e+09    0  292 1.9600e+09 2.0538e+09  4.79%     -  181s
     0     0 2.0538e+09    0  277 1.9600e+09 2.0538e+09  4.79%     -  182s
     0     0 2.0533e+09    0  300 1.9600e+09 2.0533e+09  4.76%     -  194s
H    0     0                    1.963158e+09 2.0533e+09  4.59%     -  213s
     0     0 2.0532e+09    0  312 1.9632e+09 2.0532e+09  4.59%     -  216s
     0     0 2.0532e+09    0  311 1.9632e+09 2.0532e+09  4.59%     -  216s
     0     0 2.0528e+09    0  302 1.9632e+09 2.0528e+09  4.56%     -  227s
H    0     0                    1.965459e+09 2.0528e+09  4.44%     -  246s
     0     0 2.0528e+09    0  317 1.9655e+09 2.0528e+09  4.44%     -  247s
     0     0 2.0526e+09    0  286 1.9655e+09 2.0526e+09  4.43%     -  256s
     0     0 2.0526e+09    0  297 1.9655e+09 2.0526e+09  4.43%     -  264s
     0     0 2.0526e+09    0  303 1.9655e+09 2.0526e+09  4.43%     -  266s
     0     0 2.0521e+09    0  288 1.9655e+09 2.0521e+09  4.41%     -  277s
     0     0 2.0519e+09    0  302 1.9655e+09 2.0519e+09  4.40%     -  290s
     0     0 2.0519e+09    0  289 1.9655e+09 2.0519e+09  4.40%     -  296s
     0     0 2.0519e+09    0  294 1.9655e+09 2.0519e+09  4.40%     -  299s
     0     0 2.0518e+09    0  300 1.9655e+09 2.0518e+09  4.39%     -  306s
     0     0 2.0517e+09    0  337 1.9655e+09 2.0517e+09  4.39%     -  316s
     0     0 2.0517e+09    0  318 1.9655e+09 2.0517e+09  4.39%     -  319s
     0     0 2.0517e+09    0  316 1.9655e+09 2.0517e+09  4.39%     -  320s
     0     0 2.0514e+09    0  293 1.9655e+09 2.0514e+09  4.37%     -  333s
H    0     0                    1.970182e+09 2.0514e+09  4.12%     -  354s
     0     0 2.0514e+09    0  300 1.9702e+09 2.0514e+09  4.12%     -  355s
     0     0 2.0514e+09    0  296 1.9702e+09 2.0514e+09  4.12%     -  360s
     0     0 2.0513e+09    0  301 1.9702e+09 2.0513e+09  4.12%     -  369s
     0     0 2.0513e+09    0  309 1.9702e+09 2.0513e+09  4.12%     -  377s
     0     0 2.0512e+09    0  309 1.9702e+09 2.0512e+09  4.11%     -  381s
     0     0 2.0512e+09    0  307 1.9702e+09 2.0512e+09  4.11%     -  385s
     0     0 2.0512e+09    0  313 1.9702e+09 2.0512e+09  4.11%     -  388s
     0     0 2.0512e+09    0  314 1.9702e+09 2.0512e+09  4.11%     -  389s
     0     0 2.0512e+09    0  314 1.9702e+09 2.0512e+09  4.11%     -  389s
     0     0 2.0511e+09    0  303 1.9702e+09 2.0511e+09  4.11%     -  402s
H    0     0                    1.975736e+09 2.0511e+09  3.81%     -  424s
     0     0 2.0511e+09    0  302 1.9757e+09 2.0511e+09  3.81%     -  434s
     0     0 2.0511e+09    0  302 1.9757e+09 2.0511e+09  3.81%     -  436s
     0     0 2.0511e+09    0  305 1.9757e+09 2.0511e+09  3.81%     -  437s
     0     0 2.0510e+09    0  295 1.9757e+09 2.0510e+09  3.81%     -  446s
H    0     0                    1.982952e+09 2.0510e+09  3.43%     -  470s
     0     0 2.0510e+09    0  304 1.9830e+09 2.0510e+09  3.43%     -  472s
     0     0 2.0510e+09    0  318 1.9830e+09 2.0510e+09  3.43%     -  474s
     0     0 2.0510e+09    0  318 1.9830e+09 2.0510e+09  3.43%     -  474s
     0     0 2.0510e+09    0  289 1.9830e+09 2.0510e+09  3.43%     -  482s
     0     0 2.0510e+09    0  301 1.9830e+09 2.0510e+09  3.43%     -  488s
     0     0 2.0510e+09    0  304 1.9830e+09 2.0510e+09  3.43%     -  490s
     0     0 2.0509e+09    0  284 1.9830e+09 2.0509e+09  3.43%     -  504s
     0     0 2.0509e+09    0  310 1.9830e+09 2.0509e+09  3.43%     -  514s
     0     0 2.0509e+09    0  294 1.9830e+09 2.0509e+09  3.43%     -  516s
     0     0 2.0509e+09    0  307 1.9830e+09 2.0509e+09  3.43%     -  524s
     0     0 2.0509e+09    0  305 1.9830e+09 2.0509e+09  3.43%     -  530s
     0     0 2.0509e+09    0  322 1.9830e+09 2.0509e+09  3.43%     -  531s
     0     0 2.0508e+09    0  299 1.9830e+09 2.0508e+09  3.42%     -  542s
     0     0 2.0508e+09    0  295 1.9830e+09 2.0508e+09  3.42%     -  555s
     0     0 2.0508e+09    0  302 1.9830e+09 2.0508e+09  3.42%     -  558s
     0     0 2.0508e+09    0  310 1.9830e+09 2.0508e+09  3.42%     -  560s
     0     0 2.0508e+09    0  284 1.9830e+09 2.0508e+09  3.42%     -  570s
     0     0 2.0508e+09    0  266 1.9830e+09 2.0508e+09  3.42%     -  578s
     0     0 2.0508e+09    0  304 1.9830e+09 2.0508e+09  3.42%     -  580s
     0     0 2.0508e+09    0  304 1.9830e+09 2.0508e+09  3.42%     -  587s
     0     0 2.0508e+09    0  305 1.9830e+09 2.0508e+09  3.42%     -  593s
     0     0 2.0508e+09    0  321 1.9830e+09 2.0508e+09  3.42%     -  598s
     0     0 2.0508e+09    0  312 1.9830e+09 2.0508e+09  3.42%     -  601s
     0     0 2.0508e+09    0  309 1.9830e+09 2.0508e+09  3.42%     -  613s
H    0     0                    1.982961e+09 2.0508e+09  3.42%     -  629s
     0     0 2.0508e+09    0  305 1.9830e+09 2.0508e+09  3.42%     -  633s
     0     0 2.0508e+09    0  307 1.9830e+09 2.0508e+09  3.42%     -  634s
     0     0 2.0508e+09    0  310 1.9830e+09 2.0508e+09  3.42%     -  640s
     0     0 2.0508e+09    0  326 1.9830e+09 2.0508e+09  3.42%     -  645s
     0     0 2.0508e+09    0  331 1.9830e+09 2.0508e+09  3.42%     -  654s
     0     0 2.0508e+09    0  321 1.9830e+09 2.0508e+09  3.42%     -  656s
     0     2 2.0508e+09    0  321 1.9830e+09 2.0508e+09  3.42%     -  730s
     1     4 2.0508e+09    1  324 1.9830e+09 2.0508e+09  3.42%  4117  738s
     3     8 2.0508e+09    2  332 1.9830e+09 2.0508e+09  3.42%  2173  760s
     7    16 2.0508e+09    3  342 1.9830e+09 2.0508e+09  3.42%  2677  788s
    15    32 2.0507e+09    4  348 1.9830e+09 2.0508e+09  3.42%  3021  829s
H   31    52                    1.982980e+09 2.0507e+09  3.42%  3447  916s
H   31    52                    1.983065e+09 2.0507e+09  3.41%  3447  916s
H   32    52                    1.984269e+09 2.0507e+09  3.35%  3405  917s
H   37    52                    1.984912e+09 2.0507e+09  3.32%  3191  917s
H   40    52                    1.998155e+09 2.0507e+09  2.63%  3109  918s
H   48    52                    1.998697e+09 2.0507e+09  2.60%  2956  918s
    51    72 2.0507e+09    6  330 1.9987e+09 2.0507e+09  2.60%  2945  946s
    71    92 2.0507e+09    7  330 1.9987e+09 2.0507e+09  2.60%  2791  966s
    91   112 2.0507e+09    7  329 1.9987e+09 2.0507e+09  2.60%  2547  990s
   111   135 2.0507e+09    8  329 1.9987e+09 2.0507e+09  2.60%  2412 1027s
H  134   155                    2.006919e+09 2.0507e+09  2.18%  2232 1075s
H  137   155                    2.006999e+09 2.0507e+09  2.18%  2233 1075s
H  138   155                    2.015664e+09 2.0507e+09  1.74%  2226 1076s
H  140   155                    2.018683e+09 2.0507e+09  1.59%  2226 1076s
H  144   155                    2.026491e+09 2.0507e+09  1.20%  2187 1077s
   154   179 2.0507e+09    9  336 2.0265e+09 2.0507e+09  1.20%  2155 1094s
   178   206 2.0507e+09    9  313 2.0265e+09 2.0507e+09  1.20%  2023 1111s
   205   233 2.0507e+09   10  326 2.0265e+09 2.0507e+09  1.20%  1888 1138s
   232   258 2.0506e+09   11  305 2.0265e+09 2.0507e+09  1.20%  1820 1164s
   257   289 2.0506e+09   12  301 2.0265e+09 2.0507e+09  1.20%  1758 1195s
   288   339 2.0506e+09   14  303 2.0265e+09 2.0507e+09  1.20%  1692 1233s
   338   409 2.0506e+09   16  321 2.0265e+09 2.0507e+09  1.20%  1590 1277s
   412   465 2.0506e+09   17  302 2.0265e+09 2.0507e+09  1.20%  1515 1336s
H  413   465                    2.027327e+09 2.0507e+09  1.15%  1511 1336s
H  419   465                    2.027781e+09 2.0507e+09  1.13%  1509 1337s
H  439   465                    2.033043e+09 2.0507e+09  0.87%  1490 1337s

Cutting planes:
  Cover: 98
  Implied bound: 79
  Clique: 3
  MIR: 119
  StrongCG: 1
  Flow cover: 119
  GUB cover: 2
  Network: 32
  RLT: 14
  Relax-and-lift: 38

Explored 471 nodes (785510 simplex iterations) in 1338.09 seconds (1582.67 work units)
Thread count was 20 (of 40 available processors)

Solution count 10: 2.03304e+09 2.02778e+09 2.02733e+09 ... 1.99815e+09

Optimal solution found (tolerance 1.00e-02)
Best objective 2.033042755495e+09, best bound 2.050717792201e+09, gap 0.8694%
Gurobi Optimizer version 10.0.1 build v10.0.1rc0 (linux64)

CPU model: Intel(R) Xeon(R) Gold 5115 CPU @ 2.40GHz, instruction set [SSE2|AVX|AVX2|AVX512]
Thread count: 20 physical cores, 40 logical processors, using up to 20 threads

Optimize a model with 91200 rows, 1007707 columns and 6240925 nonzeros
Model fingerprint: 0x61be01e0
Variable types: 105167 continuous, 902540 integer (902540 binary)
Coefficient statistics:
  Matrix range     [1e+00, 2e+05]
  Objective range  [4e+01, 4e+07]
  Bounds range     [2e-10, 3e+05]
  RHS range        [1e+00, 5e+06]
Presolve removed 80011 rows and 810709 columns (presolve time = 5s) ...
Presolve removed 80285 rows and 815501 columns (presolve time = 10s) ...
Presolve removed 80264 rows and 815480 columns
Presolve time: 10.83s
Presolved: 10936 rows, 192227 columns, 898749 nonzeros
Variable types: 60920 continuous, 131307 integer (131282 binary)
Deterministic concurrent LP optimizer: primal simplex, dual simplex, and barrier
Showing barrier log only...

Root barrier log...

Ordering time: 0.34s

Barrier statistics:
 AA' NZ     : 4.665e+05
 Factor NZ  : 3.059e+06 (roughly 100 MB of memory)
 Factor Ops : 3.504e+09 (less than 1 second per iteration)
 Threads    : 17

                  Objective                Residual
Iter       Primal          Dual         Primal    Dual     Compl     Time
   0  -7.68405277e+15  9.47742651e+11  5.54e+08 1.16e+05  1.01e+11    14s
   1  -1.51096136e+15  1.17547089e+12  1.11e+08 4.71e+05  2.03e+10    14s
   2  -6.57483971e+14  1.05415317e+12  4.82e+07 6.19e+04  9.03e+09    14s
   3  -2.13250857e+13  7.28667777e+11  1.56e+06 8.73e-09  2.96e+08    14s
   4  -5.17252095e+12  3.38600404e+11  3.78e+05 4.66e-09  7.58e+07    14s
   5  -9.94212251e+11  2.43840042e+11  7.28e+04 3.14e-09  1.50e+07    14s
   6  -6.68280815e+11  1.64089488e+11  4.90e+04 1.86e-09  1.02e+07    14s
   7  -2.32573013e+11  1.10648654e+11  1.71e+04 1.28e-09  3.66e+06    14s
   8  -3.82202269e+10  8.04927081e+10  2.94e+03 2.21e-09  7.69e+05    14s
   9  -1.85095487e+10  5.88766941e+10  1.50e+03 1.28e-09  4.15e+05    15s
  10  -2.51422249e+09  2.47538983e+10  3.40e+02 3.49e-09  1.10e+05    15s
  11   4.74266772e+08  1.18232227e+10  1.27e+02 1.75e-09  4.21e+04    15s
  12   1.74791545e+09  6.39468546e+09  3.92e+01 2.10e-09  1.58e+04    15s
  13   1.86298242e+09  5.20094603e+09  3.13e+01 2.71e-09  1.16e+04    15s
  14   2.07693016e+09  4.85504372e+09  1.74e+01 2.56e-09  8.86e+03    15s
  15   2.08248440e+09  4.78491560e+09  1.70e+01 4.07e-09  8.63e+03    15s
  16   2.17056602e+09  4.64683892e+09  1.12e+01 3.84e-09  7.51e+03    15s
  17   2.19520341e+09  4.29362243e+09  9.92e+00 3.61e-09  6.43e+03    15s
  18   2.24952057e+09  3.55906481e+09  6.73e+00 4.25e-09  4.06e+03    16s
  19   2.30556723e+09  3.22540746e+09  3.44e+00 6.17e-09  2.75e+03    16s
  20   2.31585399e+09  2.94483482e+09  2.85e+00 4.07e-09  1.95e+03    16s
  21   2.33548143e+09  2.79107468e+09  1.58e+00 4.54e-09  1.36e+03    16s
  22   2.34957062e+09  2.63541905e+09  5.41e-01 4.19e-09  7.98e+02    16s
  23   2.35163433e+09  2.56113977e+09  4.32e-01 3.90e-09  5.81e+02    16s
  24   2.35447957e+09  2.50129062e+09  2.80e-01 3.14e-09  4.00e+02    16s
  25   2.35641428e+09  2.47332386e+09  1.89e-01 3.23e-09  3.15e+02    16s
  26   2.35750862e+09  2.41999071e+09  1.43e-01 2.10e-09  1.67e+02    17s
  27   2.36001102e+09  2.39355146e+09  6.01e-02 1.43e-09  8.83e+01    17s
  28   2.36072401e+09  2.38462087e+09  4.37e-02 1.51e-09  6.27e+01    17s
  29   2.36127616e+09  2.37912929e+09  3.36e-02 1.40e-09  4.67e+01    17s
  30   2.36150933e+09  2.37710534e+09  3.04e-02 1.63e-09  4.08e+01    17s
  31   2.36212108e+09  2.37451420e+09  2.29e-02 1.40e-09  3.24e+01    17s
  32   2.36238773e+09  2.37365366e+09  2.03e-02 2.21e-09  2.94e+01    17s
  33   2.36304262e+09  2.37224530e+09  1.52e-02 1.63e-09  2.40e+01    17s
  34   2.36316396e+09  2.37117408e+09  1.43e-02 1.51e-09  2.09e+01    17s
  35   2.36371534e+09  2.37003014e+09  1.07e-02 1.40e-09  1.65e+01    18s
  36   2.36421907e+09  2.36937438e+09  7.88e-03 1.51e-09  1.35e+01    18s
  37   2.36458918e+09  2.36883789e+09  6.15e-03 1.86e-09  1.11e+01    18s
  38   2.36495200e+09  2.36814536e+09  4.76e-03 1.86e-09  8.33e+00    18s
  39   2.36519510e+09  2.36786746e+09  3.93e-03 1.98e-09  6.97e+00    18s
  40   2.36566333e+09  2.36760576e+09  2.35e-03 1.86e-09  5.07e+00    18s
  41   2.36582853e+09  2.36741482e+09  1.87e-03 1.51e-09  4.14e+00    18s
  42   2.36589603e+09  2.36726311e+09  1.67e-03 1.98e-09  3.57e+00    19s
  43   2.36607851e+09  2.36708231e+09  1.17e-03 1.98e-09  2.62e+00    19s
  44   2.36617411e+09  2.36697473e+09  9.25e-04 2.10e-09  2.09e+00    19s
  45   2.36629513e+09  2.36689115e+09  6.23e-04 1.75e-09  1.56e+00    19s
  46   2.36636793e+09  2.36678679e+09  4.65e-04 1.51e-09  1.09e+00    19s
  47   2.36640433e+09  2.36672263e+09  3.84e-04 1.98e-09  8.31e-01    19s
  48   2.36649519e+09  2.36666843e+09  1.90e-04 1.40e-09  4.53e-01    19s
  49   2.36655865e+09  2.36662294e+09  6.12e-05 2.33e-09  1.68e-01    20s
  50   2.36657815e+09  2.36660768e+09  2.34e-05 1.51e-09  7.72e-02    20s
  51   2.36658590e+09  2.36660060e+09  9.42e-06 1.98e-09  3.85e-02    20s
  52   2.36659009e+09  2.36659317e+09  2.23e-06 2.10e-09  8.07e-03    20s
  53   2.36659147e+09  2.36659204e+09  4.71e-07 1.89e-09  1.51e-03    20s
  54   2.36659157e+09  2.36659160e+09  6.81e-08 2.56e-09  8.03e-05    20s
  55   2.36659158e+09  2.36659158e+09  1.00e-08 2.36e-09  5.79e-08    20s
  56   2.36659158e+09  2.36659158e+09  1.84e-09 2.33e-09  3.16e-11    20s

Barrier solved model in 56 iterations and 20.27 seconds (19.74 work units)
Optimal objective 2.36659158e+09


Root crossover log...

    5724 DPushes remaining with DInf 0.0000000e+00                20s
       0 DPushes remaining with DInf 0.0000000e+00                20s

     427 PPushes remaining with PInf 0.0000000e+00                20s
       0 PPushes remaining with PInf 0.0000000e+00                20s

  Push phase complete: Pinf 0.0000000e+00, Dinf 2.6568809e+02     20s


Root simplex log...

Iteration    Objective       Primal Inf.    Dual Inf.      Time
    5911    2.3665916e+09   0.000000e+00   2.656881e+02     20s
    5915    2.3665916e+09   0.000000e+00   0.000000e+00     21s
Concurrent spin time: 0.01s

Solved with barrier
    5915    2.3665916e+09   0.000000e+00   0.000000e+00     21s

Root relaxation: objective 2.366592e+09, 5915 iterations, 8.32 seconds (5.21 work units)

    Nodes    |    Current Node    |     Objective Bounds      |     Work
 Expl Unexpl |  Obj  Depth IntInf | Incumbent    BestBd   Gap | It/Node Time

     0     0 2.3666e+09    0  244          - 2.3666e+09      -     -   21s
     0     0 2.3665e+09    0  250          - 2.3665e+09      -     -   43s
     0     0 2.3665e+09    0  254          - 2.3665e+09      -     -   47s
     0     0 2.3665e+09    0  248          - 2.3665e+09      -     -   48s
     0     0 2.3665e+09    0  260          - 2.3665e+09      -     -   57s
     0     0 2.3665e+09    0  252          - 2.3665e+09      -     -   60s
     0     0 2.3665e+09    0  259          - 2.3665e+09      -     -   61s
     0     0 2.3665e+09    0  256          - 2.3665e+09      -     -   61s
     0     0 2.3665e+09    0  275          - 2.3665e+09      -     -   71s
     0     0 2.3665e+09    0  272          - 2.3665e+09      -     -   73s
     0     0 2.3665e+09    0  267          - 2.3665e+09      -     -   78s
     0     0 2.3665e+09    0  275          - 2.3665e+09      -     -   80s
     0     0 2.3665e+09    0  275          - 2.3665e+09      -     -   86s
     0     0 2.3665e+09    0  289          - 2.3665e+09      -     -   88s
     0     0 2.3665e+09    0  267          - 2.3665e+09      -     -   94s
H    0     0                    2.003475e+09 2.3665e+09  18.1%     -   94s
     0     0 2.3665e+09    0  265 2.0035e+09 2.3665e+09  18.1%     -   95s
H    0     0                    2.320745e+09 2.3665e+09  1.97%     -  135s
H    0     0                    2.329321e+09 2.3665e+09  1.60%     -  141s
H    0     2                    2.336321e+09 2.3665e+09  1.29%     -  150s
     0     2 2.3665e+09    0  262 2.3363e+09 2.3665e+09  1.29%     -  150s
     3     8 2.3665e+09    2  255 2.3363e+09 2.3665e+09  1.29%   678  160s
     7    16 2.3665e+09    3  267 2.3363e+09 2.3665e+09  1.29%   759  167s
    15    32 2.3665e+09    4  278 2.3363e+09 2.3665e+09  1.29%   771  179s
H   31    52                    2.339427e+09 2.3665e+09  1.16%   976  228s
H   32    52                    2.354023e+09 2.3665e+09  0.53%   957  229s
H   34    52                    2.356335e+09 2.3665e+09  0.43%   957  229s
H   38    52                    2.357917e+09 2.3665e+09  0.36%   921  229s
H   43    52                    2.358590e+09 2.3665e+09  0.33%   934  230s
H   50    52                    2.358894e+09 2.3665e+09  0.32%   941  230s

Cutting planes:
  Cover: 59
  Implied bound: 88
  Clique: 10
  MIR: 64
  StrongCG: 3
  Flow cover: 49
  GUB cover: 11
  Zero half: 1
  Network: 30
  RLT: 4
  Relax-and-lift: 30

Explored 51 nodes (65270 simplex iterations) in 230.81 seconds (278.64 work units)
Thread count was 20 (of 40 available processors)

Solution count 10: 2.35889e+09 2.35859e+09 2.35792e+09 ... 2.00348e+09

Optimal solution found (tolerance 1.00e-02)
Best objective 2.358894028887e+09, best bound 2.366480546416e+09, gap 0.3216%
Gurobi Optimizer version 10.0.1 build v10.0.1rc0 (linux64)

CPU model: Intel(R) Xeon(R) Gold 5115 CPU @ 2.40GHz, instruction set [SSE2|AVX|AVX2|AVX512]
Thread count: 20 physical cores, 40 logical processors, using up to 20 threads

Optimize a model with 91060 rows, 1012580 columns and 6118498 nonzeros
Model fingerprint: 0x7f81c358
Variable types: 15852 continuous, 996728 integer (996728 binary)
Coefficient statistics:
  Matrix range     [1e+00, 2e+05]
  Objective range  [4e+01, 4e+07]
  Bounds range     [2e-10, 3e+05]
  RHS range        [1e+00, 5e+06]
Presolve removed 88738 rows and 1007515 columns
Presolve time: 3.66s
Presolved: 2322 rows, 5065 columns, 25158 nonzeros
Variable types: 937 continuous, 4128 integer (4127 binary)
Found heuristic solution: objective 2.158082e+09

Root relaxation: objective 2.340299e+09, 1916 iterations, 0.05 seconds (0.04 work units)

    Nodes    |    Current Node    |     Objective Bounds      |     Work
 Expl Unexpl |  Obj  Depth IntInf | Incumbent    BestBd   Gap | It/Node Time

     0     0 2.3403e+09    0   69 2.1581e+09 2.3403e+09  8.44%     -    4s
H    0     0                    2.285624e+09 2.3403e+09  2.39%     -    4s
H    0     0                    2.287159e+09 2.3403e+09  2.32%     -    4s
H    0     0                    2.306533e+09 2.3403e+09  1.46%     -    4s
H    0     0                    2.306541e+09 2.3403e+09  1.46%     -    4s
H    0     0                    2.309820e+09 2.3403e+09  1.32%     -    4s
H    0     0                    2.311800e+09 2.3349e+09  1.00%     -    4s
     0     0 2.3349e+09    0   39 2.3118e+09 2.3349e+09  1.00%     -    4s

Cutting planes:
  Gomory: 14
  Cover: 8
  Implied bound: 18
  Clique: 4
  MIR: 47
  StrongCG: 2
  Flow cover: 27
  GUB cover: 1
  Network: 1
  RLT: 23
  Relax-and-lift: 6

Explored 1 nodes (2811 simplex iterations) in 4.94 seconds (2.66 work units)
Thread count was 20 (of 40 available processors)

Solution count 7: 2.3118e+09 2.30982e+09 2.30654e+09 ... 2.15808e+09

Optimal solution found (tolerance 1.00e-02)
Best objective 2.311800127479e+09, best bound 2.334910827558e+09, gap 0.9997%
