
Gurobi 10.0.1 (linux64) logging started Sun May 21 00:05:19 2023

Set parameter LogFile to value "logFiles/A-2L-E/A-2L-6U-36F-15V-240D/basic-05-21-2023, 00-05-H110-P110-O7.log"
Gurobi Optimizer version 10.0.1 build v10.0.1rc0 (linux64)

CPU model: Intel(R) Xeon(R) Gold 5115 CPU @ 2.40GHz, instruction set [SSE2|AVX|AVX2|AVX512]
Thread count: 20 physical cores, 40 logical processors, using up to 20 threads

Optimize a model with 72150 rows, 938583 columns and 5525120 nonzeros
Model fingerprint: 0x3a13e47d
Variable types: 527439 continuous, 411144 integer (411144 binary)
Coefficient statistics:
  Matrix range     [1e+00, 2e+05]
  Objective range  [4e+01, 4e+07]
  Bounds range     [1e+00, 1e+00]
  RHS range        [1e+00, 5e+06]
Presolve removed 43369 rows and 29048 columns (presolve time = 5s) ...
Presolve removed 44142 rows and 29050 columns (presolve time = 10s) ...
Presolve removed 44142 rows and 29050 columns (presolve time = 15s) ...
Presolve removed 44094 rows and 29002 columns
Presolve time: 17.37s
Presolved: 28056 rows, 909581 columns, 4345059 nonzeros
Variable types: 515837 continuous, 393744 integer (393726 binary)
Deterministic concurrent LP optimizer: primal simplex, dual simplex, and barrier
Showing barrier log only...

Root barrier log...

Ordering time: 2.08s

Barrier statistics:
 AA' NZ     : 2.185e+06
 Factor NZ  : 1.875e+07 (roughly 500 MB of memory)
 Factor Ops : 4.317e+10 (less than 1 second per iteration)
 Threads    : 17

                  Objective                Residual
Iter       Primal          Dual         Primal    Dual     Compl     Time
   0  -7.83390168e+16  8.21665255e+13  3.35e+09 1.46e+07  4.90e+12    27s
   1  -2.62631213e+16  1.01851990e+14  1.13e+09 1.39e+07  1.66e+12    28s
   2  -6.99111391e+15  1.08209778e+14  3.02e+08 7.47e+06  4.51e+11    28s
   3  -9.44875623e+14  9.55866264e+13  4.39e+07 2.61e+05  6.72e+10    29s
   4  -9.33195859e+13  6.49102537e+13  4.34e+06 5.21e+03  6.67e+09    29s
   5  -2.14204778e+13  3.62627941e+13  9.85e+05 3.98e-08  1.56e+09    30s
   6  -9.60661722e+12  2.73506717e+13  4.42e+05 3.73e-08  7.06e+08    30s
   7  -1.88935259e+12  2.32970478e+13  8.71e+04 2.99e-08  1.49e+08    30s
   8  -1.00859985e+12  1.56467694e+13  4.66e+04 6.03e+01  7.94e+07    31s
   9  -3.18821672e+11  1.22383793e+13  1.48e+04 2.98e-08  2.86e+07    32s
  10  -2.69298663e+11  9.46355798e+12  1.26e+04 3.16e+01  2.27e+07    33s
  11  -2.33518277e+11  8.06048963e+12  1.09e+04 3.03e+01  1.91e+07    33s
  12  -4.67180360e+10  5.33595967e+12  2.40e+03 4.63e+00  5.89e+06    34s
  13  -2.63934587e+10  2.52401603e+12  1.40e+03 4.92e-01  2.88e+06    35s
  14  -1.12970879e+10  9.62306103e+11  6.69e+02 3.96e-08  1.16e+06    36s
  15  -1.31623846e+09  3.47111725e+11  1.92e+02 7.36e-08  3.57e+05    37s
  16   8.37868595e+08  2.44032021e+11  9.29e+01 8.56e-08  2.13e+05    37s
  17   1.92674728e+09  1.51498041e+11  4.35e+01 8.25e-08  1.19e+05    38s
  18   2.25198994e+09  1.12833039e+11  2.87e+01 9.10e-08  8.49e+04    38s
  19   2.53290653e+09  8.46515015e+10  1.58e+01 1.32e-07  5.86e+04    39s
  20   2.63518785e+09  7.08758971e+10  1.12e+01 1.59e-07  4.70e+04    39s
  21   2.69683365e+09  6.24565070e+10  8.45e+00 2.05e-07  4.01e+04    40s
  22   2.72921079e+09  3.69733580e+10  7.02e+00 3.36e-07  2.49e+04    40s
  23   2.75575292e+09  2.64330200e+10  5.90e+00 3.23e-07  1.81e+04    41s
  24   2.81069061e+09  2.15826472e+10  3.64e+00 3.36e-07  1.34e+04    42s
  25   2.85180803e+09  1.63462086e+10  2.25e+00 3.29e-07  9.21e+03    42s
  26   2.91327747e+09  1.04371452e+10  1.07e+00 4.88e-07  4.85e+03    43s
  27   2.94260802e+09  7.40667950e+09  7.82e-01 4.46e-07  2.87e+03    44s
  28   2.96616645e+09  6.13932454e+09  5.23e-01 4.94e-07  1.98e+03    44s
  29   2.98586718e+09  6.02548948e+09  4.05e-01 5.29e-07  1.85e+03    45s
  30   2.99501421e+09  5.45787906e+09  3.54e-01 5.49e-07  1.50e+03    45s
  31   3.00242340e+09  5.34218080e+09  3.10e-01 5.10e-07  1.41e+03    46s
  32   3.00476248e+09  5.13318032e+09  3.01e-01 5.49e-07  1.28e+03    46s
  33   3.01076083e+09  5.07532153e+09  2.79e-01 6.97e-07  1.24e+03    47s
  34   3.01294934e+09  4.88327010e+09  2.70e-01 5.94e-07  1.12e+03    47s
  35   3.03538257e+09  4.59500183e+09  1.98e-01 6.55e-07  9.24e+02    48s
  36   3.04223835e+09  4.17373475e+09  1.77e-01 6.54e-07  6.74e+02    49s
  37   3.05493165e+09  3.84688359e+09  1.45e-01 5.43e-07  4.73e+02    49s
  38   3.06247966e+09  3.81807713e+09  1.28e-01 5.81e-07  4.49e+02    50s
  39   3.06857257e+09  3.69781572e+09  1.13e-01 5.38e-07  3.74e+02    51s
  40   3.07780082e+09  3.62264460e+09  9.28e-02 5.92e-07  3.22e+02    51s
  41   3.08393030e+09  3.49694880e+09  7.68e-02 6.56e-07  2.44e+02    52s
  42   3.09178083e+09  3.42297485e+09  6.07e-02 4.98e-07  1.95e+02    53s
  43   3.09780007e+09  3.38811728e+09  4.87e-02 5.64e-07  1.70e+02    53s
  44   3.10717662e+09  3.28947213e+09  3.69e-02 5.52e-07  1.08e+02    54s
  45   3.11194079e+09  3.25746660e+09  3.08e-02 4.81e-07  8.61e+01    54s
  46   3.11637110e+09  3.22610938e+09  2.56e-02 5.40e-07  6.51e+01    55s
  47   3.12029745e+09  3.20793550e+09  1.88e-02 5.19e-07  5.16e+01    56s
  48   3.12269861e+09  3.18736393e+09  1.62e-02 4.86e-07  3.85e+01    56s
  49   3.12944321e+09  3.17392670e+09  9.61e-03 4.62e-07  2.62e+01    57s
  50   3.13102375e+09  3.16806774e+09  8.38e-03 5.34e-07  2.19e+01    58s
  51   3.13269747e+09  3.16572012e+09  7.37e-03 5.70e-07  1.95e+01    58s
  52   3.13561386e+09  3.16065985e+09  5.46e-03 5.22e-07  1.47e+01    59s
  53   3.13792380e+09  3.15808268e+09  4.07e-03 4.47e-07  1.18e+01    60s
  54   3.13937382e+09  3.15552576e+09  3.27e-03 5.37e-07  9.46e+00    60s
  55   3.14031312e+09  3.15350174e+09  2.82e-03 5.51e-07  7.74e+00    61s
  56   3.14139438e+09  3.15328571e+09  2.32e-03 5.36e-07  6.94e+00    62s
  57   3.14190473e+09  3.15186317e+09  2.10e-03 5.09e-07  5.83e+00    62s
  58   3.14270203e+09  3.15133313e+09  1.77e-03 5.83e-07  5.05e+00    63s
  59   3.14340654e+09  3.15070523e+09  1.47e-03 6.69e-07  4.26e+00    63s
  60   3.14421092e+09  3.15048380e+09  1.14e-03 6.31e-07  3.64e+00    64s
  61   3.14467486e+09  3.15000950e+09  9.71e-04 7.48e-07  3.10e+00    65s
  62   3.14500672e+09  3.14948546e+09  8.45e-04 5.61e-07  2.61e+00    65s
  63   3.14570937e+09  3.14915712e+09  5.87e-04 5.76e-07  1.99e+00    66s
  64   3.14602503e+09  3.14878234e+09  4.79e-04 6.06e-07  1.60e+00    67s
  65   3.14633040e+09  3.14849957e+09  3.76e-04 6.78e-07  1.26e+00    67s
  66   3.14654698e+09  3.14835966e+09  3.06e-04 5.99e-07  1.05e+00    68s
  67   3.14679915e+09  3.14813256e+09  2.26e-04 6.09e-07  7.72e-01    69s
  68   3.14687379e+09  3.14798086e+09  2.04e-04 5.12e-07  6.44e-01    69s
  69   3.14709349e+09  3.14784720e+09  1.38e-04 4.10e-07  4.38e-01    70s
  70   3.14720994e+09  3.14779491e+09  1.01e-04 4.50e-07  3.39e-01    71s
  71   3.14736247e+09  3.14766540e+09  5.52e-05 3.97e-07  1.76e-01    71s
  72   3.14743968e+09  3.14763356e+09  3.29e-05 4.07e-07  1.12e-01    72s
  73   3.14747635e+09  3.14761128e+09  2.20e-05 5.18e-07  7.80e-02    73s
  74   3.14750423e+09  3.14759436e+09  1.51e-05 5.56e-07  5.21e-02    73s
  75   3.14753480e+09  3.14757655e+09  6.76e-06 3.93e-07  2.41e-02    74s
  76   3.14755103e+09  3.14756701e+09  2.28e-06 4.01e-07  9.18e-03    74s
  77   3.14755796e+09  3.14756093e+09  4.32e-07 4.37e-07  1.71e-03    75s
  78   3.14755910e+09  3.14755976e+09  4.29e-07 3.92e-07  3.87e-04    76s
  79   3.14755964e+09  3.14755969e+09  5.75e-07 5.39e-07  2.65e-05    76s
  80   3.14755968e+09  3.14755968e+09  5.74e-07 4.25e-07  3.29e-07    77s
  81   3.14755968e+09  3.14755968e+09  5.89e-08 4.77e-07  9.56e-10    77s

Barrier solved model in 81 iterations and 77.47 seconds (70.40 work units)
Optimal objective 3.14755968e+09


Root crossover log...

   23018 DPushes remaining with DInf 0.0000000e+00                78s
       0 DPushes remaining with DInf 0.0000000e+00                79s

    1624 PPushes remaining with PInf 0.0000000e+00                79s
       0 PPushes remaining with PInf 0.0000000e+00                79s

  Push phase complete: Pinf 0.0000000e+00, Dinf 4.4972701e-01     79s


Root simplex log...

Iteration    Objective       Primal Inf.    Dual Inf.      Time
   24629    3.1475597e+09   0.000000e+00   4.497269e-01     79s
   24645    3.1475597e+09   0.000000e+00   0.000000e+00     80s
Concurrent spin time: 0.01s

Solved with barrier
   24645    3.1475597e+09   0.000000e+00   0.000000e+00     80s

Root relaxation: objective 3.147560e+09, 24645 iterations, 59.21 seconds (44.25 work units)
Total elapsed time = 81.46s
Total elapsed time = 85.75s

    Nodes    |    Current Node    |     Objective Bounds      |     Work
 Expl Unexpl |  Obj  Depth IntInf | Incumbent    BestBd   Gap | It/Node Time

     0     0 3.1476e+09    0  459          - 3.1476e+09      -     -   88s
     0     0 3.1475e+09    0  472          - 3.1475e+09      -     -  281s
     0     0 3.1475e+09    0  472          - 3.1475e+09      -     -  423s
     0     0 3.1475e+09    0  462          - 3.1475e+09      -     -  458s
     0     0 3.1475e+09    0  464          - 3.1475e+09      -     -  460s
     0     0 3.1474e+09    0  517          - 3.1474e+09      -     -  592s
     0     0 3.1474e+09    0  470          - 3.1474e+09      -     -  657s
     0     0 3.1474e+09    0  489          - 3.1474e+09      -     -  674s
     0     0 3.1474e+09    0  459          - 3.1474e+09      -     -  768s
     0     0 3.1474e+09    0  505          - 3.1474e+09      -     -  819s
     0     0 3.1474e+09    0  486          - 3.1474e+09      -     -  830s
     0     0 3.1474e+09    0  464          - 3.1474e+09      -     -  880s
     0     0 3.1474e+09    0  493          - 3.1474e+09      -     -  933s
     0     0 3.1474e+09    0  484          - 3.1474e+09      -     -  941s
     0     0 3.1474e+09    0  475          - 3.1474e+09      -     -  985s
     0     0 3.1474e+09    0  483          - 3.1474e+09      -     - 1018s
     0     0 3.1474e+09    0  526          - 3.1474e+09      -     - 1062s
     0     0 3.1474e+09    0  515          - 3.1474e+09      -     - 1089s
     0     0 3.1474e+09    0  503          - 3.1474e+09      -     - 1123s
     0     0 3.1474e+09    0  496          - 3.1474e+09      -     - 1136s
     0     2 3.1474e+09    0  491          - 3.1474e+09      -     - 1348s
     1     4 3.1474e+09    1  486          - 3.1474e+09      - 13528 1437s
     3     8 3.1474e+09    2  493          - 3.1474e+09      -  6533 1526s
     7    16 3.1474e+09    3  459          - 3.1474e+09      -  4739 1623s
    15    32 3.1474e+09    4  459          - 3.1474e+09      -  3494 1877s
    31    52 3.1474e+09    5  505          - 3.1474e+09      -  3899 2098s
    51    72 3.1474e+09    6  527          - 3.1474e+09      - 11503 3710s
    71    92 3.1474e+09    7  528          - 3.1474e+09      - 25433 3887s
    91   112 3.1474e+09    7  493          - 3.1474e+09      - 20394 4195s
   111   140 3.1474e+09    8  526          - 3.1474e+09      - 18044 4468s
   139   173 3.1474e+09    9  526          - 3.1474e+09      - 14967 4643s
   172   261 3.1474e+09    9  478          - 3.1474e+09      - 12435 5267s
   264   445 3.1474e+09   11  515          - 3.1474e+09      -  8957 6481s
   448   920 3.1474e+09   19  479          - 3.1474e+09      -  6301 8827s
   931  1179 3.1474e+09   36  496          - 3.1474e+09      -  3956 10800s

Cutting planes:
  Learned: 1
  Cover: 73
  Implied bound: 44
  Clique: 7
  MIR: 69
  StrongCG: 1
  Flow cover: 94
  GUB cover: 6
  Network: 4
  RLT: 21
  Relax-and-lift: 9

Explored 1190 nodes (4197295 simplex iterations) in 10800.43 seconds (10657.41 work units)
Thread count was 20 (of 40 available processors)

Solution count 0

Time limit reached
Best objective -, best bound 3.147418473140e+09, gap -
