
Gurobi 10.0.1 (linux64) logging started Mon May 22 17:52:55 2023

Set parameter LogFile to value "logFiles/A-2L-E/A-2L-6U-36F-15V-240D/basic-05-22-2023, 17-52-H90-P70-O7.log"
Gurobi Optimizer version 10.0.1 build v10.0.1rc0 (linux64)

CPU model: Intel(R) Xeon(R) Gold 5115 CPU @ 2.40GHz, instruction set [SSE2|AVX|AVX2|AVX512]
Thread count: 20 physical cores, 40 logical processors, using up to 20 threads

Optimize a model with 52867 rows, 634766 columns and 3333351 nonzeros
Model fingerprint: 0x40c08668
Variable types: 324811 continuous, 309955 integer (309955 binary)
Coefficient statistics:
  Matrix range     [1e+00, 2e+05]
  Objective range  [4e+01, 4e+07]
  Bounds range     [1e+00, 1e+00]
  RHS range        [1e+00, 3e+06]
Presolve removed 33721 rows and 25583 columns (presolve time = 5s) ...
Presolve removed 33723 rows and 25635 columns (presolve time = 10s) ...
Presolve removed 33688 rows and 25600 columns
Presolve time: 11.40s
Presolved: 19179 rows, 609166 columns, 2877640 nonzeros
Variable types: 311512 continuous, 297654 integer (297637 binary)
Deterministic concurrent LP optimizer: primal simplex, dual simplex, and barrier
Showing barrier log only...

Root barrier log...

Ordering time: 1.59s

Barrier statistics:
 AA' NZ     : 1.426e+06
 Factor NZ  : 1.092e+07 (roughly 340 MB of memory)
 Factor Ops : 2.152e+10 (less than 1 second per iteration)
 Threads    : 17

                  Objective                Residual
Iter       Primal          Dual         Primal    Dual     Compl     Time
   0  -4.98136081e+16  5.91654381e+13  2.52e+09 1.61e+07  5.21e+12    18s
   1  -1.45493784e+16  7.68858514e+13  7.38e+08 1.52e+07  1.54e+12    19s
   2  -6.53384479e+15  8.12627865e+13  3.34e+08 8.85e+06  7.03e+11    19s
   3  -9.09805757e+14  7.09545868e+13  4.99e+07 1.19e-07  1.08e+11    20s
   4  -2.64331476e+13  5.09456576e+13  1.45e+06 5.96e-08  3.17e+09    20s
   5  -5.83171712e+12  2.04677054e+13  3.19e+05 4.97e-08  7.09e+08    20s
   6  -5.59610665e+11  1.36540825e+13  3.08e+04 3.74e-08  7.78e+07    21s
   7  -4.10804312e+11  1.09351734e+13  2.27e+04 6.46e-08  5.66e+07    21s
   8  -1.46219409e+11  8.83710942e+12  8.29e+03 2.62e-08  2.39e+07    21s
   9  -1.16495298e+11  5.83514712e+12  6.66e+03 2.38e-07  1.69e+07    22s
  10  -4.63292378e+10  3.59775010e+12  2.83e+03 8.31e-07  7.62e+06    22s
  11  -1.48470170e+10  1.75904816e+12  1.06e+03 2.01e-07  3.00e+06    22s
  12  -3.75487924e+09  9.06583238e+11  4.29e+02 2.09e-07  1.31e+06    23s
  13   5.75296634e+08  5.54711387e+11  1.83e+02 8.75e-08  6.83e+05    23s
  14   2.35202074e+09  3.80093177e+11  8.52e+01 8.13e-08  4.13e+05    23s
  15   3.12678012e+09  1.99984623e+11  4.31e+01 1.19e-07  2.13e+05    24s
  16   3.56891752e+09  1.37480391e+11  1.91e+01 1.27e-07  1.33e+05    24s
  17   3.72963610e+09  9.38323840e+10  1.02e+01 2.43e-07  8.69e+04    25s
  18   3.80227789e+09  6.71881987e+10  6.32e+00 2.59e-07  6.05e+04    25s
  19   3.82229461e+09  4.75333604e+10  5.26e+00 2.83e-07  4.32e+04    25s
  20   3.83460717e+09  3.63822935e+10  4.64e+00 3.26e-07  3.31e+04    26s
  21   3.84553147e+09  2.51806582e+10  4.12e+00 5.14e-07  2.32e+04    26s
  22   3.87452716e+09  1.96732271e+10  2.83e+00 4.77e-07  1.67e+04    27s
  23   3.92183655e+09  1.64173474e+10  1.36e+00 4.77e-07  1.20e+04    27s
  24   3.95532776e+09  1.06709547e+10  9.18e-01 5.34e-07  6.43e+03    27s
  25   3.98433148e+09  9.19428724e+09  6.63e-01 5.08e-07  4.88e+03    28s
  26   4.00383844e+09  8.25269360e+09  5.65e-01 5.55e-07  3.96e+03    28s
  27   4.00664553e+09  8.06981788e+09  5.35e-01 6.22e-07  3.77e+03    29s
  28   4.02678390e+09  7.11602868e+09  3.80e-01 6.10e-07  2.81e+03    29s
  29   4.04094152e+09  6.74541133e+09  3.08e-01 5.86e-07  2.44e+03    29s
  30   4.04581314e+09  6.29268782e+09  2.88e-01 5.24e-07  2.03e+03    30s
  31   4.06101236e+09  5.65069386e+09  2.49e-01 5.10e-07  1.45e+03    30s
  32   4.08531760e+09  5.24767483e+09  2.00e-01 4.85e-07  1.06e+03    31s
  33   4.09452213e+09  5.02095331e+09  1.76e-01 5.33e-07  8.47e+02    31s
  34   4.09906001e+09  4.96112470e+09  1.61e-01 5.93e-07  7.85e+02    31s
  35   4.12253659e+09  4.81426774e+09  9.26e-02 6.14e-07  6.10e+02    32s
  36   4.14373129e+09  4.62810790e+09  4.82e-02 4.58e-07  4.18e+02    32s
  37   4.15797390e+09  4.51792404e+09  3.02e-02 4.83e-07  3.08e+02    33s
  38   4.16186348e+09  4.44680691e+09  2.45e-02 5.17e-07  2.44e+02    33s
  39   4.16668494e+09  4.41174260e+09  2.06e-02 5.46e-07  2.09e+02    34s
  40   4.17650408e+09  4.34679218e+09  1.14e-02 5.46e-07  1.44e+02    34s
  41   4.18309719e+09  4.29773012e+09  7.16e-03 5.61e-07  9.69e+01    35s
  42   4.18559181e+09  4.27715723e+09  6.04e-03 4.47e-07  7.75e+01    35s
  43   4.18741480e+09  4.25472804e+09  5.26e-03 4.77e-07  5.73e+01    35s
  44   4.19070048e+09  4.24700461e+09  3.87e-03 5.96e-07  4.77e+01    36s
  45   4.19194634e+09  4.24199194e+09  3.42e-03 6.62e-07  4.24e+01    36s
  46   4.19480476e+09  4.23459965e+09  2.49e-03 5.18e-07  3.36e+01    37s
  47   4.19798915e+09  4.22737770e+09  1.66e-03 4.96e-07  2.48e+01    37s
  48   4.19916459e+09  4.22291752e+09  1.40e-03 5.74e-07  2.00e+01    38s
  49   4.20077171e+09  4.21969605e+09  1.10e-03 5.87e-07  1.60e+01    38s
  50   4.20192466e+09  4.21740852e+09  8.97e-04 6.57e-07  1.31e+01    39s
  51   4.20247983e+09  4.21603122e+09  8.12e-04 6.27e-07  1.14e+01    39s
  52   4.20350588e+09  4.21557989e+09  6.51e-04 6.73e-07  1.02e+01    39s
  53   4.20465295e+09  4.21368364e+09  4.79e-04 5.66e-07  7.60e+00    40s
  54   4.20555672e+09  4.21278191e+09  3.52e-04 6.55e-07  6.07e+00    40s
  55   4.20596957e+09  4.21237795e+09  3.02e-04 6.96e-07  5.38e+00    41s
  56   4.20635600e+09  4.21160192e+09  2.54e-04 6.25e-07  4.41e+00    41s
  57   4.20674999e+09  4.21065053e+09  2.10e-04 6.15e-07  3.29e+00    42s
  58   4.20705968e+09  4.21016545e+09  1.77e-04 5.61e-07  2.62e+00    42s
  59   4.20738975e+09  4.20990318e+09  1.42e-04 5.67e-07  2.12e+00    43s
  60   4.20768006e+09  4.20967309e+09  1.13e-04 5.87e-07  1.68e+00    43s
  61   4.20789989e+09  4.20956482e+09  9.16e-05 6.45e-07  1.41e+00    44s
  62   4.20816229e+09  4.20930785e+09  6.57e-05 5.26e-07  9.69e-01    44s
  63   4.20835625e+09  4.20923568e+09  4.68e-05 5.74e-07  7.42e-01    45s
  64   4.20844981e+09  4.20909675e+09  3.81e-05 5.19e-07  5.48e-01    45s
  65   4.20855558e+09  4.20902394e+09  2.81e-05 5.18e-07  3.97e-01    46s
  66   4.20869833e+09  4.20898836e+09  1.42e-05 5.66e-07  2.44e-01    46s
  67   4.20878070e+09  4.20895836e+09  6.67e-06 6.05e-07  1.49e-01    47s
  68   4.20882103e+09  4.20891472e+09  3.16e-06 4.51e-07  7.83e-02    47s
  69   4.20884378e+09  4.20890218e+09  1.44e-06 5.07e-07  4.84e-02    48s
  70   4.20885311e+09  4.20888116e+09  8.51e-07 4.17e-07  2.31e-02    48s
  71   4.20885514e+09  4.20887053e+09  1.05e-06 4.62e-07  1.27e-02    49s
  72   4.20885675e+09  4.20885985e+09  1.12e-06 5.42e-07  2.57e-03    49s
  73   4.20885759e+09  4.20885774e+09  1.47e-07 6.13e-07  1.19e-04    50s
  74   4.20885764e+09  4.20885764e+09  3.65e-08 4.93e-07  2.28e-07    50s
  75   4.20885764e+09  4.20885764e+09  1.54e-09 7.15e-07  6.50e-11    50s

Barrier solved model in 75 iterations and 50.41 seconds (42.48 work units)
Optimal objective 4.20885764e+09


Root crossover log...

   15576 DPushes remaining with DInf 0.0000000e+00                51s
       0 DPushes remaining with DInf 0.0000000e+00                51s

    1051 PPushes remaining with PInf 4.7479716e-05                51s
       0 PPushes remaining with PInf 0.0000000e+00                51s

  Push phase complete: Pinf 0.0000000e+00, Dinf 1.5775896e-07     51s


Root simplex log...

Iteration    Objective       Primal Inf.    Dual Inf.      Time
   16595    4.2088576e+09   0.000000e+00   0.000000e+00     51s
Concurrent spin time: 0.01s

Solved with barrier
   16608    4.2088576e+09   0.000000e+00   0.000000e+00     52s
Extra simplex iterations after uncrush: 13

Root relaxation: objective 4.208858e+09, 16608 iterations, 37.97 seconds (26.38 work units)

    Nodes    |    Current Node    |     Objective Bounds      |     Work
 Expl Unexpl |  Obj  Depth IntInf | Incumbent    BestBd   Gap | It/Node Time

     0     0 4.2089e+09    0  331          - 4.2089e+09      -     -   54s
     0     0 4.2088e+09    0  343          - 4.2088e+09      -     -  120s
     0     0 4.2088e+09    0  333          - 4.2088e+09      -     -  152s
     0     0 4.2088e+09    0  340          - 4.2088e+09      -     -  162s
     0     0 4.2088e+09    0  370          - 4.2088e+09      -     -  212s
     0     0 4.2088e+09    0  370          - 4.2088e+09      -     -  234s
     0     0 4.2088e+09    0  350          - 4.2088e+09      -     -  266s
     0     0 4.2088e+09    0  359          - 4.2088e+09      -     -  281s
     0     0 4.2088e+09    0  374          - 4.2088e+09      -     -  289s
     0     0 4.2088e+09    0  376          - 4.2088e+09      -     -  300s
     0     0 4.2088e+09    0  389          - 4.2088e+09      -     -  321s
H    0     0                    4.163147e+09 4.2088e+09  1.10%     -  336s
H    0     0                    4.171526e+09 4.2088e+09  0.89%     -  366s

Cutting planes:
  Learned: 1
  Cover: 16
  Implied bound: 7
  Clique: 3
  MIR: 21
  Flow cover: 26
  GUB cover: 1
  RLT: 16
  Relax-and-lift: 8

Explored 1 nodes (44544 simplex iterations) in 366.37 seconds (302.06 work units)
Thread count was 20 (of 40 available processors)

Solution count 2: 4.17153e+09 4.16315e+09 

Optimal solution found (tolerance 1.00e-02)
Best objective 4.171526140609e+09, best bound 4.208802685348e+09, gap 0.8936%
Gurobi Optimizer version 10.0.1 build v10.0.1rc0 (linux64)

CPU model: Intel(R) Xeon(R) Gold 5115 CPU @ 2.40GHz, instruction set [SSE2|AVX|AVX2|AVX512]
Thread count: 20 physical cores, 40 logical processors, using up to 20 threads

Optimize a model with 90358 rows, 996686 columns and 6321868 nonzeros
Model fingerprint: 0x0e277fce
Variable types: 252443 continuous, 744243 integer (744243 binary)
Coefficient statistics:
  Matrix range     [1e+00, 2e+05]
  Objective range  [4e+01, 4e+07]
  Bounds range     [1e-16, 3e+05]
  RHS range        [1e+00, 5e+06]
Presolve removed 77296 rows and 811117 columns (presolve time = 5s) ...
Presolve removed 77467 rows and 816223 columns (presolve time = 10s) ...
Presolve removed 80805 rows and 898170 columns (presolve time = 15s) ...
Presolve removed 80773 rows and 898138 columns
Presolve time: 15.53s
Presolved: 9585 rows, 98548 columns, 472227 nonzeros
Variable types: 42753 continuous, 55795 integer (55782 binary)
Deterministic concurrent LP optimizer: primal and dual simplex
Showing first log only...


Root simplex log...

Iteration    Objective       Primal Inf.    Dual Inf.      Time
       0    1.2153162e+09   2.750861e+05   8.063471e+13     18s
   36709    1.2152574e+09   1.739051e+00   1.977597e+10     20s
   52706    2.0030823e+09   0.000000e+00   2.992830e+11     22s
   57399    2.0090681e+09   0.000000e+00   2.481437e+12     25s
   66454    2.3551037e+09   0.000000e+00   1.516609e+10     30s
   72495    2.3571542e+09   0.000000e+00   2.267348e+10     35s
   78731    2.3581388e+09   0.000000e+00   7.830575e+11     40s
   84536    2.3716136e+09   0.000000e+00   3.915388e+10     45s
   89210    2.3722517e+09   0.000000e+00   4.867593e+10     50s
   94498    2.3733454e+09   0.000000e+00   1.817531e+09     55s
  100957    2.3739064e+09   0.000000e+00   9.982740e+08     60s
  106697    2.3739868e+09   0.000000e+00   2.780251e+09     65s
  114023    2.3745365e+09   0.000000e+00   3.017471e+09     70s
  120429    2.3748016e+09   0.000000e+00   2.997319e+08     75s
  127572    2.3749927e+09   0.000000e+00   2.282028e+08     80s
  134297    2.3751422e+09   0.000000e+00   9.177017e+09     85s
Concurrent spin time: 9.67s

Solved with dual simplex

Root simplex log...

Iteration    Objective       Primal Inf.    Dual Inf.      Time
  148138    2.3759665e+09   0.000000e+00   0.000000e+00     86s

Root relaxation: objective 2.375966e+09, 148138 iterations, 68.47 seconds (61.09 work units)

    Nodes    |    Current Node    |     Objective Bounds      |     Work
 Expl Unexpl |  Obj  Depth IntInf | Incumbent    BestBd   Gap | It/Node Time

     0     0 2.3760e+09    0   66          - 2.3760e+09      -     -   86s
     0     0 2.3760e+09    0  112          - 2.3760e+09      -     -   90s
     0     0 2.3759e+09    0   92          - 2.3759e+09      -     -   91s
     0     0 2.3759e+09    0   98          - 2.3759e+09      -     -   92s
     0     0 2.3759e+09    0  105          - 2.3759e+09      -     -   93s
H    0     0                    2.258558e+09 2.3759e+09  5.20%     -   94s
     0     0 2.3759e+09    0  107 2.2586e+09 2.3759e+09  5.20%     -   94s
     0     0 2.3759e+09    0   99 2.2586e+09 2.3759e+09  5.20%     -   95s
H    0     0                    2.302591e+09 2.3759e+09  3.19%     -   97s
     0     0 2.3759e+09    0   99 2.3026e+09 2.3759e+09  3.19%     -  100s
     0     0 2.3759e+09    0   75 2.3026e+09 2.3759e+09  3.19%     -  101s
H    0     0                    2.331459e+09 2.3759e+09  1.91%     -  103s
     0     0 2.3759e+09    0   76 2.3315e+09 2.3759e+09  1.91%     -  106s
     0     0 2.3759e+09    0   79 2.3315e+09 2.3759e+09  1.91%     -  107s
     0     0 2.3759e+09    0   83 2.3315e+09 2.3759e+09  1.91%     -  109s
     0     0 2.3759e+09    0   80 2.3315e+09 2.3759e+09  1.91%     -  110s
     0     0 2.3759e+09    0   83 2.3315e+09 2.3759e+09  1.91%     -  112s
     0     0 2.3759e+09    0   79 2.3315e+09 2.3759e+09  1.91%     -  113s
     0     0 2.3759e+09    0   77 2.3315e+09 2.3759e+09  1.91%     -  115s
H    0     0                    2.363313e+09 2.3759e+09  0.53%     -  121s

Cutting planes:
  Learned: 2
  Cover: 13
  Implied bound: 15
  Clique: 7
  MIR: 24
  Flow cover: 27
  GUB cover: 1
  RLT: 7
  Relax-and-lift: 1

Explored 1 nodes (152501 simplex iterations) in 121.70 seconds (106.38 work units)
Thread count was 20 (of 40 available processors)

Solution count 4: 2.36331e+09 2.33146e+09 2.30259e+09 2.25856e+09 

Optimal solution found (tolerance 1.00e-02)
Best objective 2.363313116637e+09, best bound 2.375948950173e+09, gap 0.5347%
Gurobi Optimizer version 10.0.1 build v10.0.1rc0 (linux64)

CPU model: Intel(R) Xeon(R) Gold 5115 CPU @ 2.40GHz, instruction set [SSE2|AVX|AVX2|AVX512]
Thread count: 20 physical cores, 40 logical processors, using up to 20 threads

Optimize a model with 90178 rows, 1001788 columns and 6160955 nonzeros
Model fingerprint: 0x7f1360d4
Variable types: 10541 continuous, 991247 integer (991247 binary)
Coefficient statistics:
  Matrix range     [1e+00, 2e+05]
  Objective range  [4e+01, 4e+07]
  Bounds range     [1e+00, 3e+05]
  RHS range        [1e+00, 5e+06]
Presolve removed 85426 rows and 988312 columns
Presolve time: 2.87s
Presolved: 4752 rows, 13476 columns, 63852 nonzeros
Variable types: 2000 continuous, 11476 integer (11473 binary)

Root relaxation: objective 2.383493e+09, 9456 iterations, 0.43 seconds (0.45 work units)

    Nodes    |    Current Node    |     Objective Bounds      |     Work
 Expl Unexpl |  Obj  Depth IntInf | Incumbent    BestBd   Gap | It/Node Time

     0     0 2.3835e+09    0   50          - 2.3835e+09      -     -    4s
H    0     0                    2.213984e+09 2.3835e+09  7.66%     -    4s
H    0     0                    2.320699e+09 2.3835e+09  2.71%     -    4s
H    0     0                    2.322237e+09 2.3835e+09  2.64%     -    5s
H    0     0                    2.342263e+09 2.3835e+09  1.76%     -    5s
H    0     0                    2.354716e+09 2.3810e+09  1.11%     -    5s
     0     0 2.3810e+09    0   46 2.3547e+09 2.3810e+09  1.11%     -    6s
H    0     0                    2.356472e+09 2.3810e+09  1.04%     -    6s
     0     0 2.3810e+09    0   71 2.3565e+09 2.3810e+09  1.04%     -    7s
     0     0 2.3810e+09    0   70 2.3565e+09 2.3810e+09  1.04%     -    7s

Cutting planes:
  Gomory: 2
  Lift-and-project: 7
  Cover: 6
  Implied bound: 26
  Clique: 3
  MIR: 31
  Flow cover: 46
  GUB cover: 1
  RLT: 7
  Relax-and-lift: 17

Explored 1 nodes (11088 simplex iterations) in 7.38 seconds (4.54 work units)
Thread count was 20 (of 40 available processors)

Solution count 6: 2.35647e+09 2.35472e+09 2.34226e+09 ... 2.21398e+09

Optimal solution found (tolerance 1.00e-02)
Best objective 2.356472386838e+09, best bound 2.378573030032e+09, gap 0.9379%
