
Gurobi 10.0.1 (linux64) logging started Sat May 20 20:15:06 2023

Set parameter LogFile to value "logFiles/A-2L-E/A-2L-6U-36F-15V-240D/basic-05-20-2023, 20-15-H110-P90-O7.log"
Gurobi Optimizer version 10.0.1 build v10.0.1rc0 (linux64)

CPU model: Intel(R) Xeon(R) Gold 5115 CPU @ 2.40GHz, instruction set [SSE2|AVX|AVX2|AVX512]
Thread count: 20 physical cores, 40 logical processors, using up to 20 threads

Optimize a model with 65722 rows, 844137 columns and 4631584 nonzeros
Model fingerprint: 0xed5bb164
Variable types: 432993 continuous, 411144 integer (411144 binary)
Coefficient statistics:
  Matrix range     [1e+00, 2e+05]
  Objective range  [4e+01, 4e+07]
  Bounds range     [1e+00, 1e+00]
  RHS range        [1e+00, 4e+06]
Presolve removed 39814 rows and 29297 columns (presolve time = 5s) ...
Presolve removed 40454 rows and 29916 columns (presolve time = 10s) ...
Presolve removed 40454 rows and 29916 columns (presolve time = 15s) ...
Presolve removed 40412 rows and 29874 columns
Presolve time: 15.72s
Presolved: 25310 rows, 814263 columns, 3822137 nonzeros
Variable types: 420519 continuous, 393744 integer (393726 binary)
Deterministic concurrent LP optimizer: primal simplex, dual simplex, and barrier
Showing barrier log only...

Root barrier log...

Ordering time: 2.27s

Barrier statistics:
 AA' NZ     : 1.931e+06
 Factor NZ  : 1.625e+07 (roughly 500 MB of memory)
 Factor Ops : 3.601e+10 (less than 1 second per iteration)
 Threads    : 17

                  Objective                Residual
Iter       Primal          Dual         Primal    Dual     Compl     Time
   0  -6.49703707e+16  7.02153461e+13  3.10e+09 1.45e+07  4.52e+12    25s
   1  -2.17565300e+16  8.82527661e+13  1.04e+09 1.38e+07  1.53e+12    25s
   2  -6.69613991e+15  9.45243450e+13  3.23e+08 9.59e+06  4.77e+11    26s
   3  -1.72320521e+15  8.51596779e+13  8.57e+07 1.06e+06  1.29e+11    26s
   4  -5.06004591e+14  6.93944177e+13  2.52e+07 2.50e+05  3.79e+10    27s
   5  -1.25851476e+14  4.99071655e+13  6.25e+06 2.05e+04  9.60e+09    27s
   6  -2.52566690e+13  3.50728439e+13  1.25e+06 2.55e+03  1.94e+09    28s
   7  -3.50306656e+12  2.46252532e+13  1.74e+05 1.41e+03  2.83e+08    28s
   8  -7.26161179e+11  1.55866635e+13  3.61e+04 5.65e+02  6.46e+07    29s
   9  -3.75673685e+11  1.25494204e+13  1.88e+04 3.65e+02  3.54e+07    29s
  10  -2.54247444e+11  9.02454903e+12  1.28e+04 2.14e+02  2.31e+07    30s
  11  -2.15368675e+11  8.17177296e+12  1.09e+04 1.82e+02  1.97e+07    31s
  12  -9.48067787e+10  6.65090019e+12  4.93e+03 1.26e+02  1.04e+07    32s
  13  -2.90854385e+10  2.33561566e+12  1.66e+03 2.16e+01  3.22e+06    32s
  14  -1.13000355e+10  9.08887830e+11  7.41e+02 6.06e+00  1.27e+06    33s
  15  -1.47456881e+09  5.82376039e+11  2.41e+02 3.58e+00  5.76e+05    34s
  16   3.62578470e+08  4.00961009e+11  1.50e+02 2.39e+00  3.76e+05    35s
  17   1.86862210e+09  3.16097535e+11  7.92e+01 1.85e+00  2.59e+05    35s
  18   2.69022943e+09  2.32515225e+11  6.49e+01 1.34e+00  1.72e+05    36s
  19   2.97649535e+09  1.57876268e+11  7.76e+01 8.78e-01  1.14e+05    36s
  20   3.21137357e+09  1.11247240e+11  4.12e+01 6.16e-01  7.58e+04    37s
  21   3.28897306e+09  7.01653838e+10  3.86e+01 3.73e-01  4.77e+04    38s
  22   3.31517331e+09  4.78521325e+10  3.18e+01 2.63e-01  3.29e+04    39s
  23   3.33085972e+09  3.31730541e+10  2.73e+01 1.82e-01  2.31e+04    39s
  24   3.33666448e+09  2.93717441e+10  2.59e+01 1.57e-01  2.06e+04    40s
  25   3.38862124e+09  2.61402456e+10  1.35e+01 1.32e-01  1.63e+04    40s
  26   3.42946769e+09  1.85518158e+10  8.90e+00 8.00e-02  1.07e+04    41s
  27   3.46925107e+09  1.38597290e+10  4.09e+00 5.41e-02  6.96e+03    42s
  28   3.51340092e+09  9.86331169e+09  1.79e+00 3.20e-02  4.10e+03    42s
  29   3.52209491e+09  7.85165402e+09  1.55e+00 2.16e-02  2.81e+03    43s
  30   3.53874200e+09  7.31375752e+09  1.08e+00 1.88e-02  2.42e+03    43s
  31   3.55489452e+09  6.99025632e+09  8.08e-01 1.70e-02  2.18e+03    44s
  32   3.56070658e+09  6.61497907e+09  6.89e-01 1.50e-02  1.93e+03    44s
  33   3.58677215e+09  5.47895203e+09  3.84e-01 9.07e-03  1.19e+03    45s
  34   3.60157428e+09  4.76536510e+09  3.07e-01 5.53e-03  7.35e+02    45s
  35   3.61464718e+09  4.43431376e+09  2.35e-01 3.83e-03  5.18e+02    46s
  36   3.62506505e+09  4.37026047e+09  1.85e-01 3.55e-03  4.69e+02    46s
  37   3.63165179e+09  4.24399911e+09  1.50e-01 2.99e-03  3.85e+02    47s
  38   3.63872122e+09  4.15414958e+09  1.19e-01 2.56e-03  3.24e+02    48s
  39   3.64496685e+09  4.05014468e+09  9.35e-02 2.06e-03  2.54e+02    48s
  40   3.64916561e+09  3.97053727e+09  7.91e-02 1.63e-03  2.02e+02    49s
  41   3.65454148e+09  3.92547566e+09  6.67e-02 1.43e-03  1.70e+02    49s
  42   3.65738955e+09  3.85052925e+09  6.04e-02 9.59e-04  1.22e+02    50s
  43   3.67058181e+09  3.82670784e+09  3.36e-02 8.31e-04  9.79e+01    51s
  44   3.67398615e+09  3.79004963e+09  2.85e-02 5.92e-04  7.30e+01    51s
  45   3.67710231e+09  3.77133972e+09  2.41e-02 4.60e-04  5.93e+01    52s
  46   3.68344667e+09  3.76237601e+09  1.55e-02 4.07e-04  4.94e+01    52s
  47   3.68823514e+09  3.73850958e+09  1.03e-02 2.43e-04  3.15e+01    53s
  48   3.69082799e+09  3.72990636e+09  8.06e-03 1.82e-04  2.45e+01    54s
  49   3.69241709e+09  3.72367959e+09  6.98e-03 1.52e-04  1.96e+01    54s
  50   3.69446071e+09  3.72100841e+09  5.49e-03 1.37e-04  1.66e+01    55s
  51   3.69566308e+09  3.71832913e+09  4.76e-03 1.20e-04  1.42e+01    55s
  52   3.69735847e+09  3.71669990e+09  3.70e-03 1.09e-04  1.21e+01    56s
  53   3.69816672e+09  3.71447319e+09  3.24e-03 9.21e-05  1.02e+01    57s
  54   3.69902708e+09  3.71284831e+09  2.76e-03 8.04e-05  8.67e+00    57s
  55   3.70041187e+09  3.71140826e+09  2.03e-03 6.94e-05  6.88e+00    58s
  56   3.70106328e+09  3.71061267e+09  1.72e-03 6.31e-05  5.98e+00    58s
  57   3.70171848e+09  3.70942427e+09  1.41e-03 5.20e-05  4.83e+00    59s
  58   3.70245228e+09  3.70868398e+09  1.09e-03 4.37e-05  3.90e+00    60s
  59   3.70295142e+09  3.70777666e+09  8.89e-04 3.31e-05  3.02e+00    60s
  60   3.70350516e+09  3.70729403e+09  6.69e-04 2.75e-05  2.37e+00    61s
  61   3.70374138e+09  3.70698302e+09  5.75e-04 2.38e-05  2.03e+00    62s
  62   3.70408056e+09  3.70669215e+09  4.51e-04 2.00e-05  1.64e+00    62s
  63   3.70442179e+09  3.70629117e+09  3.23e-04 1.43e-05  1.17e+00    63s
  64   3.70466258e+09  3.70611709e+09  2.37e-04 1.25e-05  9.10e-01    63s
  65   3.70492059e+09  3.70594641e+09  1.43e-04 9.83e-06  6.40e-01    64s
  66   3.70501478e+09  3.70569811e+09  1.11e-04 5.72e-06  4.28e-01    65s
  67   3.70512051e+09  3.70565327e+09  7.62e-05 5.00e-06  3.33e-01    65s
  68   3.70516232e+09  3.70554057e+09  6.31e-05 3.09e-06  2.37e-01    66s
  69   3.70521081e+09  3.70546025e+09  4.64e-05 1.81e-06  1.57e-01    67s
  70   3.70528222e+09  3.70541307e+09  2.42e-05 9.21e-07  8.23e-02    67s
  71   3.70532699e+09  3.70538972e+09  1.04e-05 9.84e-07  3.94e-02    68s
  72   3.70534672e+09  3.70538061e+09  4.02e-06 8.89e-07  2.12e-02    69s
  73   3.70535269e+09  3.70536917e+09  2.54e-06 8.16e-07  1.04e-02    69s
  74   3.70535866e+09  3.70536514e+09  9.49e-07 1.05e-06  4.07e-03    70s
  75   3.70536115e+09  3.70536321e+09  5.86e-07 1.16e-06  1.29e-03    70s
  76   3.70536195e+09  3.70536236e+09  5.54e-07 8.49e-07  2.63e-04    71s
  77   3.70536220e+09  3.70536225e+09  4.00e-06 1.30e-06  3.20e-05    71s
  78   3.70536225e+09  3.70536225e+09  2.99e-07 1.08e-06  5.89e-07    72s
  79   3.70536225e+09  3.70536225e+09  5.87e-08 1.43e-06  2.09e-10    72s

Barrier solved model in 79 iterations and 72.15 seconds (60.85 work units)
Optimal objective 3.70536225e+09


Root crossover log...

   20769 DPushes remaining with DInf 0.0000000e+00                72s
       0 DPushes remaining with DInf 0.0000000e+00                73s

    1476 PPushes remaining with PInf 5.8589559e-05                73s
       0 PPushes remaining with PInf 0.0000000e+00                74s

  Push phase complete: Pinf 0.0000000e+00, Dinf 1.2120944e-07     74s


Root simplex log...

Iteration    Objective       Primal Inf.    Dual Inf.      Time
   22221    3.7053622e+09   0.000000e+00   0.000000e+00     74s
Concurrent spin time: 0.02s

Solved with barrier
   22233    3.7053622e+09   0.000000e+00   0.000000e+00     74s
Extra simplex iterations after uncrush: 12

Root relaxation: objective 3.705362e+09, 22233 iterations, 55.43 seconds (38.40 work units)
Total elapsed time = 75.80s

    Nodes    |    Current Node    |     Objective Bounds      |     Work
 Expl Unexpl |  Obj  Depth IntInf | Incumbent    BestBd   Gap | It/Node Time

     0     0 3.7054e+09    0  424          - 3.7054e+09      -     -   79s
     0     0 3.7053e+09    0  390          - 3.7053e+09      -     -  145s
     0     0 3.7053e+09    0  409          - 3.7053e+09      -     -  220s
     0     0 3.7053e+09    0  390          - 3.7053e+09      -     -  235s
     0     0 3.7053e+09    0  386          - 3.7053e+09      -     -  285s
     0     0 3.7053e+09    0  384          - 3.7053e+09      -     -  311s
     0     0 3.7053e+09    0  390          - 3.7053e+09      -     -  315s
     0     0 3.7053e+09    0  411          - 3.7053e+09      -     -  345s
     0     0 3.7053e+09    0  402          - 3.7053e+09      -     -  363s
     0     0 3.7053e+09    0  391          - 3.7053e+09      -     -  384s
     0     0 3.7053e+09    0  397          - 3.7053e+09      -     -  400s
     0     0 3.7053e+09    0  393          - 3.7053e+09      -     -  418s
     0     0 3.7053e+09    0  413          - 3.7053e+09      -     -  443s
     0     0 3.7053e+09    0  402          - 3.7053e+09      -     -  459s
     0     0 3.7053e+09    0  389          - 3.7053e+09      -     -  560s
     0     2 3.7053e+09    0  384          - 3.7053e+09      -     -  697s
     1     4 3.7053e+09    1  402          - 3.7053e+09      - 13413  764s
     3     8 3.7053e+09    2  387          - 3.7053e+09      -  6127  855s
     7    16 3.7053e+09    3  380          - 3.7053e+09      -  4261  957s
    15    32 3.7053e+09    4  401          - 3.7053e+09      -  3169 1123s
    31    52 3.7053e+09    5  398          - 3.7053e+09      -  3494 1223s
    51    72 3.7053e+09    6  400          - 3.7053e+09      -  2542 1303s
    71    92 3.7053e+09    7  391          - 3.7053e+09      -  2101 1384s
    91   112 3.7053e+09    7  399          - 3.7053e+09      -  1896 1541s
   111   135 3.7053e+09    8  386          - 3.7053e+09      -  1895 1669s
   134   157 3.7053e+09    8  379          - 3.7053e+09      -  1846 1769s
   156   183 3.7053e+09    9  378          - 3.7053e+09      -  1766 1894s
   182   208 3.7053e+09   10  356          - 3.7053e+09      -  1697 2030s
   207   237 3.7053e+09   11  358          - 3.7053e+09      -  1700 2187s
   236   262 3.7035e+09   11  319          - 3.7053e+09      -  1738 2299s
   261   287 3.7053e+09   12  357          - 3.7053e+09      -  1704 2420s
   286   316 3.7053e+09   13  337          - 3.7053e+09      -  1709 2541s
   315   347 3.7053e+09   15  357          - 3.7053e+09      -  1683 2655s
   346   384 3.7053e+09   16  343          - 3.7053e+09      -  1639 2853s
   383   428 3.7053e+09   18  346          - 3.7053e+09      -  1571 3193s
   427   482 3.7053e+09   20  371          - 3.7053e+09      -  1614 3366s
   481   530 3.7053e+09   21  309          - 3.7053e+09      -  1569 3575s
   529   593 3.7053e+09   22  351          - 3.7053e+09      -  1580 3773s
   592   679 3.7053e+09   25  364          - 3.7053e+09      -  1521 4063s
   678   799 3.7053e+09   28  330          - 3.7053e+09      -  1498 4978s
   798   939 3.7053e+09   29  330          - 3.7053e+09      -  1423 5328s
   938  1123 3.7053e+09   38  339          - 3.7053e+09      -  1404 5748s
  1122  1309 3.7053e+09   40  349          - 3.7053e+09      -  1367 6218s
  1308  1594 3.7053e+09   60  314          - 3.7053e+09      -  1365 6845s
  1601  1973 3.7052e+09   73  285          - 3.7053e+09      -  1344 7595s
  1992  2150 3.7052e+09   82  280          - 3.7053e+09      -  1300 8484s
  2016  2150 3.7034e+09   67  334          - 3.7053e+09      -  1295 8485s
  2179  2750 3.7052e+09   95  264          - 3.7053e+09      -  1281 9511s
  2799  3428 3.7052e+09  132  312          - 3.7053e+09      -  1208 10751s
  3487  3449 3.7052e+09  168  299          - 3.7053e+09      -  1162 10800s

Cutting planes:
  Learned: 1
  Cover: 31
  Implied bound: 27
  Clique: 3
  MIR: 45
  StrongCG: 2
  Flow cover: 63
  GUB cover: 4
  RLT: 15
  Relax-and-lift: 14

Explored 3508 nodes (4135314 simplex iterations) in 10800.39 seconds (9208.74 work units)
Thread count was 20 (of 40 available processors)

Solution count 0

Time limit reached
Best objective -, best bound 3.705281902295e+09, gap -
