
Gurobi 10.0.0 (win64) logging started Mon Mar 13 20:21:39 2023

Set parameter LogFile to value "logFiles/N-1L-75D/N-1L-7U-18F-18V-75D-b-charterout.log"
Gurobi Optimizer version 10.0.0 build v10.0.0rc2 (win64)

CPU model: Intel(R) Core(TM) i5-10210U CPU @ 1.60GHz, instruction set [SSE2|AVX|AVX2]
Thread count: 4 physical cores, 8 logical processors, using up to 8 threads

Optimize a model with 29487 rows, 104529 columns and 998770 nonzeros
Model fingerprint: 0x4b281eb4
Variable types: 608 continuous, 103921 integer (103921 binary)
Coefficient statistics:
  Matrix range     [1e+00, 2e+05]
  Objective range  [4e+01, 2e+07]
  Bounds range     [1e+00, 1e+00]
  RHS range        [1e+00, 1e+06]
Presolve removed 25390 rows and 38812 columns
Presolve time: 1.83s
Presolved: 4097 rows, 65717 columns, 416061 nonzeros
Variable types: 618 continuous, 65099 integer (65099 binary)
Deterministic concurrent LP optimizer: primal and dual simplex
Showing first log only...


Root simplex log...

Iteration    Objective       Primal Inf.    Dual Inf.      Time
   39356    6.5861198e+08   0.000000e+00   1.500023e+08      5s
   45622    6.5922410e+08   0.000000e+00   0.000000e+00      6s
Concurrent spin time: 0.76s

Solved with primal simplex
   45622    6.5922410e+08   0.000000e+00   0.000000e+00      6s

Root relaxation: objective 6.592241e+08, 45622 iterations, 4.20 seconds (3.45 work units)

    Nodes    |    Current Node    |     Objective Bounds      |     Work
 Expl Unexpl |  Obj  Depth IntInf | Incumbent    BestBd   Gap | It/Node Time

     0     0 6.5922e+08    0  159          - 6.5922e+08      -     -    6s
H    0     0                    6.547977e+08 6.5922e+08  0.68%     -   13s
H    0     0                    6.548092e+08 6.5922e+08  0.67%     -   18s
H    0     0                    6.549295e+08 6.5922e+08  0.66%     -   19s
H    0     0                    6.549481e+08 6.5922e+08  0.65%     -   19s
     0     0 6.5921e+08    0  195 6.5495e+08 6.5921e+08  0.65%     -   21s
H    0     0                    6.550039e+08 6.5921e+08  0.64%     -   32s
H    0     0                    6.550697e+08 6.5921e+08  0.63%     -   32s
     0     0 6.5919e+08    0  197 6.5507e+08 6.5919e+08  0.63%     -   33s
H    0     0                    6.550879e+08 6.5919e+08  0.63%     -   34s
     0     0 6.5919e+08    0  218 6.5509e+08 6.5919e+08  0.63%     -   36s
     0     0 6.5919e+08    0  232 6.5509e+08 6.5919e+08  0.63%     -   38s
     0     0 6.5919e+08    0  231 6.5509e+08 6.5919e+08  0.63%     -   38s
     0     0 6.5919e+08    0  233 6.5509e+08 6.5919e+08  0.63%     -   39s
     0     0 6.5919e+08    0  214 6.5509e+08 6.5919e+08  0.63%     -   41s
     0     0 6.5919e+08    0  226 6.5509e+08 6.5919e+08  0.63%     -   42s
     0     0 6.5919e+08    0  235 6.5509e+08 6.5919e+08  0.63%     -   42s
     0     0 6.5919e+08    0  235 6.5509e+08 6.5919e+08  0.63%     -   43s
     0     0 6.5919e+08    0  229 6.5509e+08 6.5919e+08  0.63%     -   43s
     0     2 6.5919e+08    0  225 6.5509e+08 6.5919e+08  0.63%     -   50s
    23    29 6.5915e+08    6   41 6.5509e+08 6.5919e+08  0.63%   101   55s
H  116   121                    6.550891e+08 6.5919e+08  0.63%  25.2   67s
H  117   121                    6.550892e+08 6.5919e+08  0.63%  25.0   67s
H  118   121                    6.551013e+08 6.5919e+08  0.62%  24.9   68s
H  120   125                    6.551037e+08 6.5919e+08  0.62%  25.1   75s
   124   282 6.5915e+08   30   25 6.5510e+08 6.5919e+08  0.62%  24.5   81s
   281   477 6.5915e+08   82   94 6.5510e+08 6.5919e+08  0.62%  13.5   90s
   482   788 6.5915e+08  142   27 6.5510e+08 6.5919e+08  0.62%  10.6   99s
   793  1123 6.5915e+08  214   23 6.5510e+08 6.5919e+08  0.62%   7.8  108s
  1128  1483 6.5913e+08  299   23 6.5510e+08 6.5919e+08  0.62%   6.6  116s
  1488  2091 6.5908e+08  378   39 6.5510e+08 6.5919e+08  0.62%   5.9  125s
H 2096  2681                    6.551288e+08 6.5919e+08  0.62%   5.1  134s
  2692  2685 6.5906e+08  578   21 6.5513e+08 6.5919e+08  0.62%   4.4  135s

Cutting planes:
  Cover: 1
  Implied bound: 2
  MIR: 3
  StrongCG: 1
  Flow cover: 18
  Zero half: 18
  RLT: 1

Explored 2696 nodes (59129 simplex iterations) in 135.12 seconds (105.57 work units)
Thread count was 8 (of 8 available processors)

Solution count 10: 6.55129e+08 6.55104e+08 6.55101e+08 ... 6.54929e+08

Solve interrupted
Best objective 6.551287910921e+08, best bound 6.591875890066e+08, gap 0.6195%
