
Gurobi 10.0.1 (linux64) logging started Mon May 29 04:59:50 2023

Set parameter LogFile to value "logFiles/A-2L-C/A-2L-6U-15F-15V-240D/basic-05-29-2023, 04-59-H70-P50-O15.log"
Gurobi Optimizer version 10.0.1 build v10.0.1rc0 (linux64)

CPU model: Intel(R) Xeon(R) Gold 5115 CPU @ 2.40GHz, instruction set [SSE2|AVX|AVX2|AVX512]
Thread count: 20 physical cores, 40 logical processors, using up to 20 threads

Optimize a model with 40350 rows, 415210 columns and 1715757 nonzeros
Model fingerprint: 0x818f4515
Variable types: 175508 continuous, 239702 integer (239702 binary)
Coefficient statistics:
  Matrix range     [1e+00, 2e+05]
  Objective range  [4e+01, 3e+07]
  Bounds range     [1e+00, 1e+00]
  RHS range        [1e+00, 2e+06]
Presolve removed 26919 rows and 16361 columns (presolve time = 5s) ...
Presolve removed 26899 rows and 16341 columns
Presolve time: 5.26s
Presolved: 13451 rows, 398869 columns, 1568524 nonzeros
Variable types: 168977 continuous, 229892 integer (229884 binary)
Deterministic concurrent LP optimizer: primal simplex, dual simplex, and barrier
Showing barrier log only...

Root barrier log...

Ordering time: 0.58s

Barrier statistics:
 AA' NZ     : 8.466e+05
 Factor NZ  : 6.347e+06 (roughly 200 MB of memory)
 Factor Ops : 1.050e+10 (less than 1 second per iteration)
 Threads    : 17

                  Objective                Residual
Iter       Primal          Dual         Primal    Dual     Compl     Time
   0  -1.67312649e+16  2.64208030e+13  8.73e+08 6.07e+06  1.31e+12     9s
   1  -5.15267623e+15  3.46112440e+13  2.69e+08 2.16e+06  4.09e+11     9s
   2  -8.03091582e+14  3.30655258e+13  4.21e+07 1.86e-08  6.52e+10     9s
   3  -2.72711491e+13  2.50921610e+13  1.43e+06 1.68e-08  2.25e+09     9s
   4  -3.85980498e+12  6.70751759e+12  2.02e+05 1.86e-08  3.24e+08     9s
   5  -2.42858395e+12  5.77790400e+12  1.27e+05 1.49e-08  2.07e+08    10s
   6  -4.45833043e+11  3.88919807e+12  2.34e+04 1.30e-08  4.10e+07    10s
   7  -2.25181401e+11  3.06692503e+12  1.18e+04 9.55e-09  2.16e+07    10s
   8  -1.42331849e+11  2.16521016e+12  7.49e+03 1.37e-08  1.32e+07    10s
   9  -1.05528392e+11  1.71755029e+12  5.57e+03 1.56e-07  9.50e+06    10s
  10  -8.43579399e+10  1.66941516e+12  4.46e+03 1.64e-07  7.94e+06    10s
  11  -6.31945369e+10  8.96806494e+11  3.36e+03 2.85e-07  4.95e+06    11s
  12  -3.64964689e+10  4.50687009e+11  1.96e+03 2.48e-07  2.56e+06    11s
  13  -1.23143776e+10  2.16171909e+11  7.00e+02 1.45e-07  9.21e+05    11s
  14  -8.22800010e+09  1.35575662e+11  4.87e+02 1.13e-07  6.01e+05    11s
  15  -1.33192966e+09  7.80843121e+10  1.27e+02 7.08e-08  2.05e+05    11s
  16   1.78028763e+08  5.09523783e+10  4.92e+01 7.27e-08  1.04e+05    12s
  17   4.61384386e+08  3.06353407e+10  3.49e+01 6.61e-08  6.58e+04    12s
  18   5.61863104e+08  2.87735991e+10  2.99e+01 7.87e-08  5.93e+04    12s
  19   9.42160271e+08  2.02367176e+10  1.09e+01 5.51e-08  3.30e+04    12s
  20   1.01899680e+09  1.70396713e+10  7.20e+00 5.96e-08  2.59e+04    12s
  21   1.03541802e+09  9.71364527e+09  6.44e+00 1.12e-07  1.64e+04    13s
  22   1.05413382e+09  8.56281989e+09  5.59e+00 1.19e-07  1.43e+04    13s
  23   1.06706915e+09  7.82525463e+09  5.03e+00 1.50e-07  1.29e+04    13s
  24   1.09367042e+09  6.88620985e+09  3.88e+00 1.42e-07  1.07e+04    13s
  25   1.12335451e+09  5.11923836e+09  2.68e+00 1.38e-07  7.36e+03    13s
  26   1.13632145e+09  4.74552195e+09  2.54e+00 1.52e-07  6.69e+03    14s
  27   1.14661787e+09  4.08273360e+09  2.33e+00 1.65e-07  5.55e+03    14s
  28   1.15629779e+09  4.03695620e+09  2.14e+00 1.68e-07  5.32e+03    14s
  29   1.17870811e+09  3.51744028e+09  1.69e+00 1.41e-07  4.19e+03    14s
  30   1.20471282e+09  3.00222260e+09  1.27e+00 1.58e-07  3.11e+03    15s
  31   1.21738259e+09  2.77423454e+09  1.10e+00 1.48e-07  2.64e+03    15s
  32   1.24216732e+09  2.18991268e+09  8.10e-01 1.36e-07  1.59e+03    15s
  33   1.26861460e+09  2.02256096e+09  6.12e-01 1.26e-07  1.22e+03    15s
  34   1.29013151e+09  1.76606493e+09  4.81e-01 1.03e-07  7.72e+02    16s
  35   1.32855681e+09  1.67102707e+09  3.18e-01 1.05e-07  5.34e+02    16s
  36   1.33540352e+09  1.64399919e+09  2.91e-01 1.59e-07  4.78e+02    16s
  37   1.34531587e+09  1.57223327e+09  2.54e-01 1.11e-07  3.54e+02    16s
  38   1.37847757e+09  1.53340252e+09  1.37e-01 1.19e-07  2.28e+02    17s
  39   1.38964292e+09  1.48320957e+09  1.00e-01 1.44e-07  1.39e+02    17s
  40   1.39960292e+09  1.46983655e+09  7.26e-02 1.27e-07  1.03e+02    17s
  41   1.40641345e+09  1.45659295e+09  5.41e-02 1.19e-07  7.32e+01    17s
  42   1.40991114e+09  1.45276025e+09  4.48e-02 9.82e-08  6.21e+01    17s
  43   1.41597731e+09  1.44648575e+09  3.14e-02 1.34e-07  4.40e+01    18s
  44   1.41746947e+09  1.44478803e+09  2.84e-02 1.19e-07  3.93e+01    18s
  45   1.41972827e+09  1.44175231e+09  2.37e-02 1.19e-07  3.18e+01    18s
  46   1.42346924e+09  1.43860076e+09  1.62e-02 1.12e-07  2.18e+01    18s
  47   1.42716204e+09  1.43730840e+09  9.50e-03 1.30e-07  1.44e+01    19s
  48   1.42886049e+09  1.43618504e+09  6.73e-03 1.02e-07  1.03e+01    19s
  49   1.43017459e+09  1.43575277e+09  4.82e-03 1.06e-07  7.82e+00    19s
  50   1.43112956e+09  1.43505222e+09  3.50e-03 1.19e-07  5.51e+00    19s
  51   1.43216617e+09  1.43471847e+09  2.10e-03 1.19e-07  3.56e+00    19s
  52   1.43256602e+09  1.43435390e+09  1.61e-03 1.08e-07  2.50e+00    20s
  53   1.43344736e+09  1.43414730e+09  4.79e-04 1.13e-07  9.56e-01    20s
  54   1.43360025e+09  1.43399924e+09  2.92e-04 1.34e-07  5.49e-01    20s
  55   1.43367216e+09  1.43395431e+09  2.09e-04 9.59e-08  3.89e-01    20s
  56   1.43376671e+09  1.43391147e+09  1.02e-04 1.24e-07  1.99e-01    20s
  57   1.43380893e+09  1.43388870e+09  5.34e-05 1.19e-07  1.09e-01    21s
  58   1.43384052e+09  1.43386908e+09  2.55e-05 8.94e-08  3.92e-02    21s
  59   1.43385545e+09  1.43386579e+09  6.73e-06 1.13e-07  1.38e-02    21s
  60   1.43385951e+09  1.43386306e+09  1.98e-06 1.34e-07  4.63e-03    21s
  61   1.43386040e+09  1.43386081e+09  3.17e-07 8.94e-08  5.45e-04    21s
  62   1.43386056e+09  1.43386063e+09  2.81e-08 8.33e-08  8.67e-05    22s
  63   1.43386058e+09  1.43386058e+09  4.57e-09 1.32e-07  3.61e-07    22s
  64   1.43386058e+09  1.43386058e+09  3.31e-08 9.44e-08  4.89e-11    22s

Barrier solved model in 64 iterations and 22.04 seconds (19.24 work units)
Optimal objective 1.43386058e+09


Root crossover log...

   10565 DPushes remaining with DInf 0.0000000e+00                22s
       0 DPushes remaining with DInf 0.0000000e+00                22s

     970 PPushes remaining with PInf 0.0000000e+00                22s
       4 PPushes remaining with PInf 2.3950048e+06                22s

  Push phase complete: Pinf 2.3950048e+06, Dinf 7.9665125e+04     22s


Root simplex log...

Iteration    Objective       Primal Inf.    Dual Inf.      Time
   11534    1.4338671e+09   0.000000e+00   7.966513e+04     22s
   15988    1.4338607e+09   4.110247e+04   0.000000e+00     25s
   16723    1.4338606e+09   0.000000e+00   0.000000e+00     28s
Concurrent spin time: 1.81s

Solved with barrier
   16732    1.4338606e+09   0.000000e+00   0.000000e+00     30s
Extra simplex iterations after uncrush: 9

Root relaxation: objective 1.433861e+09, 16732 iterations, 23.28 seconds (17.16 work units)

    Nodes    |    Current Node    |     Objective Bounds      |     Work
 Expl Unexpl |  Obj  Depth IntInf | Incumbent    BestBd   Gap | It/Node Time

     0     0 1.4339e+09    0  246          - 1.4339e+09      -     -   30s
     0     0 1.4338e+09    0  233          - 1.4338e+09      -     -   40s
     0     0 1.4338e+09    0  229          - 1.4338e+09      -     -   47s
     0     0 1.4338e+09    0  236          - 1.4338e+09      -     -   49s
     0     0 1.4338e+09    0  235          - 1.4338e+09      -     -   58s
     0     0 1.4338e+09    0  233          - 1.4338e+09      -     -   62s
     0     0 1.4338e+09    0  258          - 1.4338e+09      -     -   71s
     0     0 1.4338e+09    0  247          - 1.4338e+09      -     -   75s
     0     0 1.4338e+09    0  252          - 1.4338e+09      -     -   86s
H    0     0                    1.360361e+09 1.4338e+09  5.40%     -   93s
H    0     0                    1.373405e+09 1.4338e+09  4.40%     -  108s
     0     0 1.4338e+09    0  240 1.3734e+09 1.4338e+09  4.40%     -  110s
     0     0 1.4338e+09    0  248 1.3734e+09 1.4338e+09  4.40%     -  115s
H    0     0                    1.385460e+09 1.4338e+09  3.49%     -  120s
     0     0 1.4338e+09    0  248 1.3855e+09 1.4338e+09  3.49%     -  121s
     0     0 1.4338e+09    0  268 1.3855e+09 1.4338e+09  3.49%     -  134s
     0     0 1.4338e+09    0  257 1.3855e+09 1.4338e+09  3.49%     -  141s
     0     0 1.4338e+09    0  278 1.3855e+09 1.4338e+09  3.49%     -  144s
H    0     0                    1.395431e+09 1.4338e+09  2.75%     -  148s
     0     0 1.4338e+09    0  276 1.3954e+09 1.4338e+09  2.75%     -  149s
     0     0 1.4338e+09    0  261 1.3954e+09 1.4338e+09  2.75%     -  153s
     0     0 1.4338e+09    0  239 1.3954e+09 1.4338e+09  2.75%     -  162s
H    0     0                    1.415558e+09 1.4338e+09  1.29%     -  204s
     0     2 1.4338e+09    0  226 1.4156e+09 1.4338e+09  1.29%     -  215s
     1     4 1.4338e+09    1  228 1.4156e+09 1.4338e+09  1.29% 12216  232s
     3     8 1.4338e+09    2  240 1.4156e+09 1.4338e+09  1.29%  5265  246s
     7    16 1.4338e+09    3  238 1.4156e+09 1.4338e+09  1.29%  3115  260s
    15    32 1.4338e+09    4  263 1.4156e+09 1.4338e+09  1.29%  2056  287s
H   31    52                    1.419370e+09 1.4338e+09  1.02%  1899  309s
H   32    52                    1.419804e+09 1.4338e+09  0.98%  1866  309s
H   43    52                    1.420199e+09 1.4338e+09  0.96%  1537  310s

Cutting planes:
  Cover: 44
  Implied bound: 171
  Clique: 1
  MIR: 66
  StrongCG: 1
  Flow cover: 68
  RLT: 60
  Relax-and-lift: 213

Explored 51 nodes (116111 simplex iterations) in 310.79 seconds (346.54 work units)
Thread count was 20 (of 40 available processors)

Solution count 8: 1.4202e+09 1.4198e+09 1.41937e+09 ... 1.36036e+09

Optimal solution found (tolerance 1.00e-02)
Best objective 1.420199032690e+09, best bound 1.433778966487e+09, gap 0.9562%
Gurobi Optimizer version 10.0.1 build v10.0.1rc0 (linux64)

CPU model: Intel(R) Xeon(R) Gold 5115 CPU @ 2.40GHz, instruction set [SSE2|AVX|AVX2|AVX512]
Thread count: 20 physical cores, 40 logical processors, using up to 20 threads

Optimize a model with 62685 rows, 768246 columns and 3896542 nonzeros
Model fingerprint: 0x76442316
Variable types: 245466 continuous, 522780 integer (522780 binary)
Coefficient statistics:
  Matrix range     [1e+00, 2e+05]
  Objective range  [4e+01, 3e+07]
  Bounds range     [1e+00, 3e+05]
  RHS range        [1e+00, 4e+06]
Presolve removed 51482 rows and 481684 columns (presolve time = 5s) ...
Presolve removed 51482 rows and 482223 columns (presolve time = 10s) ...
Presolve removed 51802 rows and 489887 columns
Presolve time: 12.48s
Presolved: 10883 rows, 278359 columns, 1170908 nonzeros
Variable types: 124617 continuous, 153742 integer (153730 binary)
Deterministic concurrent LP optimizer: primal simplex, dual simplex, and barrier
Showing barrier log only...

Root barrier log...

Ordering time: 0.34s

Barrier statistics:
 AA' NZ     : 6.522e+05
 Factor NZ  : 4.679e+06 (roughly 160 MB of memory)
 Factor Ops : 6.893e+09 (less than 1 second per iteration)
 Threads    : 17

                  Objective                Residual
Iter       Primal          Dual         Primal    Dual     Compl     Time
   0  -1.19590049e+16  8.83070136e+12  6.07e+08 8.13e+05  2.27e+11    16s
   1  -3.53718186e+15  8.25535552e+12  1.80e+08 8.69e+05  6.82e+10    16s
   2  -5.84991716e+14  6.11503624e+12  3.01e+07 7.37e+04  1.16e+10    16s
   3  -2.36096356e+13  4.25344005e+12  1.21e+06 3.84e-09  4.78e+08    16s
   4  -4.88360232e+12  1.26171868e+12  2.51e+05 4.19e-09  1.01e+08    16s
   5  -1.28132373e+12  7.56531849e+11  6.58e+04 3.73e-09  2.77e+07    16s
   6  -4.72783027e+11  4.81259217e+11  2.43e+04 2.79e-09  1.06e+07    16s
   7  -1.35354496e+11  3.59103070e+11  6.99e+03 2.79e-09  3.36e+06    17s
   8  -6.11813580e+10  2.06897215e+11  3.21e+03 2.79e-09  1.50e+06    17s
   9  -1.12185395e+10  7.85135896e+10  6.66e+02 3.84e-09  3.40e+05    17s
  10  -5.59380163e+09  3.77535302e+10  3.79e+02 4.66e-09  1.68e+05    17s
  11  -2.69546228e+09  2.33220302e+10  2.32e+02 3.38e-09  9.91e+04    17s
  12   2.65461584e+08  1.29486452e+10  8.19e+01 4.19e-09  4.04e+04    17s
  13   7.73560961e+08  7.97627260e+09  5.64e+01 4.07e-09  2.50e+04    17s
  14   1.60072910e+09  5.14014116e+09  1.52e+01 5.38e-09  9.56e+03    18s
  15   1.77359509e+09  3.68080493e+09  6.98e+00 6.83e-09  4.96e+03    18s
  16   1.81049429e+09  3.46361595e+09  5.68e+00 1.05e-08  4.23e+03    18s
  17   1.83493602e+09  3.32167649e+09  5.08e+00 1.26e-08  3.81e+03    18s
  18   1.84117520e+09  3.11848045e+09  4.90e+00 1.21e-08  3.39e+03    18s
  19   1.86051123e+09  3.01568721e+09  4.32e+00 1.49e-08  3.04e+03    18s
  20   1.88118689e+09  2.93450640e+09  3.55e+00 1.58e-08  2.68e+03    18s
  21   1.90641322e+09  2.73216630e+09  2.74e+00 1.49e-08  2.05e+03    19s
  22   1.93352210e+09  2.52924878e+09  1.91e+00 1.30e-08  1.43e+03    19s
  23   1.94509470e+09  2.44668684e+09  1.58e+00 1.30e-08  1.18e+03    19s
  24   1.97135855e+09  2.38236588e+09  8.08e-01 1.30e-08  8.70e+02    19s
  25   1.98635659e+09  2.20699695e+09  4.99e-01 1.02e-08  4.47e+02    19s
  26   1.99539762e+09  2.17154497e+09  3.44e-01 8.85e-09  3.45e+02    19s
  27   2.00267150e+09  2.12836917e+09  2.56e-01 8.38e-09  2.41e+02    20s
  28   2.00853809e+09  2.10345060e+09  1.87e-01 6.52e-09  1.79e+02    20s
  29   2.01263852e+09  2.08561412e+09  1.47e-01 7.45e-09  1.35e+02    20s
  30   2.01504254e+09  2.06303821e+09  1.25e-01 6.52e-09  8.75e+01    20s
  31   2.01994735e+09  2.04814582e+09  8.11e-02 5.59e-09  5.04e+01    20s
  32   2.02354270e+09  2.04596975e+09  5.79e-02 4.66e-09  4.00e+01    20s
  33   2.02694702e+09  2.04165645e+09  3.69e-02 3.73e-09  2.61e+01    21s
  34   2.02736732e+09  2.04070378e+09  3.44e-02 4.66e-09  2.36e+01    21s
  35   2.02815455e+09  2.04032915e+09  3.01e-02 5.59e-09  2.15e+01    21s
  36   2.03052343e+09  2.03883709e+09  1.78e-02 4.66e-09  1.47e+01    21s
  37   2.03152589e+09  2.03818449e+09  1.38e-02 3.73e-09  1.18e+01    21s
  38   2.03271730e+09  2.03757162e+09  9.82e-03 4.66e-09  8.58e+00    21s
  39   2.03389559e+09  2.03710514e+09  6.08e-03 5.59e-09  5.67e+00    22s
  40   2.03464243e+09  2.03677107e+09  3.80e-03 4.66e-09  3.76e+00    22s
  41   2.03485473e+09  2.03660194e+09  3.18e-03 4.66e-09  3.09e+00    22s
  42   2.03531369e+09  2.03641523e+09  1.86e-03 4.66e-09  1.95e+00    22s
  43   2.03561747e+09  2.03632545e+09  1.01e-03 5.59e-09  1.25e+00    22s
  44   2.03577579e+09  2.03616329e+09  5.72e-04 3.73e-09  6.86e-01    22s
  45   2.03590526e+09  2.03603785e+09  2.42e-04 5.59e-09  2.34e-01    23s
  46   2.03598187e+09  2.03602010e+09  5.89e-05 4.66e-09  6.77e-02    23s
  47   2.03599755e+09  2.03601139e+09  2.48e-05 7.45e-09  2.45e-02    23s
  48   2.03600618e+09  2.03601031e+09  6.61e-06 3.73e-09  7.33e-03    23s
  49   2.03600842e+09  2.03600967e+09  2.01e-06 7.45e-09  2.21e-03    23s
  50   2.03600943e+09  2.03600954e+09  3.22e-06 3.73e-09  1.99e-04    23s
  51   2.03600946e+09  2.03600946e+09  1.94e-07 7.45e-09  5.11e-06    23s
  52   2.03600946e+09  2.03600946e+09  2.44e-09 5.59e-09  2.87e-10    24s

Barrier solved model in 52 iterations and 23.63 seconds (24.42 work units)
Optimal objective 2.03600946e+09


Root crossover log...

    8311 DPushes remaining with DInf 0.0000000e+00                24s
       0 DPushes remaining with DInf 0.0000000e+00                24s

     401 PPushes remaining with PInf 0.0000000e+00                24s
       2 PPushes remaining with PInf 0.0000000e+00                24s

  Push phase complete: Pinf 0.0000000e+00, Dinf 1.8628432e+11     24s


Root simplex log...

Iteration    Objective       Primal Inf.    Dual Inf.      Time
    8340    2.0359826e+09   0.000000e+00   1.862843e+11     24s
   12438    2.0368119e+09   0.000000e+00   2.413767e+09     25s
   21405    2.0380179e+09   0.000000e+00   2.811065e+08     30s
   28757    2.0391801e+09   0.000000e+00   4.159437e+07     35s
   35503    2.0399952e+09   0.000000e+00   2.409228e+07     40s
   38559    2.0364256e+09   5.428914e+05   0.000000e+00     45s
   41458    2.0360996e+09   2.776267e+04   0.000000e+00     50s
   43278    2.0360119e+09   9.665295e+04   0.000000e+00     55s
   43736    2.0360095e+09   0.000000e+00   0.000000e+00     57s
Concurrent spin time: 6.59s (can be avoided by choosing Method=3)

Solved with barrier
   43736    2.0360095e+09   0.000000e+00   0.000000e+00     64s

Root relaxation: objective 2.036009e+09, 43736 iterations, 50.20 seconds (39.78 work units)

    Nodes    |    Current Node    |     Objective Bounds      |     Work
 Expl Unexpl |  Obj  Depth IntInf | Incumbent    BestBd   Gap | It/Node Time

     0     0 2.0360e+09    0  213          - 2.0360e+09      -     -   65s
     0     0 2.0360e+09    0  213          - 2.0360e+09      -     -   65s
     0     0 2.0360e+09    0  247          - 2.0360e+09      -     -   76s
     0     0 2.0360e+09    0  246          - 2.0360e+09      -     -   76s
     0     0 2.0360e+09    0  223          - 2.0360e+09      -     -   84s
     0     0 2.0360e+09    0  242          - 2.0360e+09      -     -   85s
     0     0 2.0360e+09    0  243          - 2.0360e+09      -     -   91s
     0     0 2.0360e+09    0  246          - 2.0360e+09      -     -   94s
     0     0 2.0359e+09    0  237          - 2.0359e+09      -     -   99s
     0     0 2.0359e+09    0  237          - 2.0359e+09      -     -   99s
H    0     0                    1.995899e+09 2.0359e+09  2.00%     -  107s
H    0     0                    1.996455e+09 2.0359e+09  1.97%     -  108s
     0     0 2.0358e+09    0  237 1.9965e+09 2.0358e+09  1.97%     -  109s
     0     0 2.0358e+09    0  238 1.9965e+09 2.0358e+09  1.97%     -  109s
     0     0 2.0358e+09    0  219 1.9965e+09 2.0358e+09  1.97%     -  114s
     0     0 2.0358e+09    0  229 1.9965e+09 2.0358e+09  1.97%     -  123s
     0     0 2.0358e+09    0  241 1.9965e+09 2.0358e+09  1.97%     -  127s
H    0     0                    1.996781e+09 2.0358e+09  1.95%     -  132s
     0     0 2.0358e+09    0  246 1.9968e+09 2.0358e+09  1.95%     -  132s
     0     0 2.0358e+09    0  248 1.9968e+09 2.0358e+09  1.95%     -  135s
     0     0 2.0358e+09    0  246 1.9968e+09 2.0358e+09  1.95%     -  139s
     0     0 2.0356e+09    0  236 1.9968e+09 2.0356e+09  1.95%     -  146s
     0     0 2.0356e+09    0  236 1.9968e+09 2.0356e+09  1.95%     -  146s
H    0     0                    2.002510e+09 2.0356e+09  1.65%     -  153s
     0     0 2.0355e+09    0  256 2.0025e+09 2.0355e+09  1.65%     -  155s
     0     0 2.0355e+09    0  248 2.0025e+09 2.0355e+09  1.65%     -  155s
     0     0 2.0354e+09    0  256 2.0025e+09 2.0354e+09  1.64%     -  159s
H    0     0                    2.013733e+09 2.0354e+09  1.08%     -  167s
H    0     0                    2.013984e+09 2.0354e+09  1.06%     -  168s
     0     0 2.0354e+09    0  256 2.0140e+09 2.0354e+09  1.06%     -  169s
     0     0 2.0354e+09    0  264 2.0140e+09 2.0354e+09  1.06%     -  174s
H    0     0                    2.014442e+09 2.0354e+09  1.04%     -  180s
     0     0 2.0354e+09    0  257 2.0144e+09 2.0354e+09  1.04%     -  180s
     0     0 2.0353e+09    0  229 2.0144e+09 2.0353e+09  1.04%     -  186s
H    0     0                    2.014647e+09 2.0353e+09  1.03%     -  190s
     0     0 2.0353e+09    0  252 2.0146e+09 2.0353e+09  1.03%     -  192s
     0     0 2.0353e+09    0  247 2.0146e+09 2.0353e+09  1.03%     -  193s
     0     0 2.0352e+09    0  262 2.0146e+09 2.0352e+09  1.02%     -  196s
     0     0 2.0352e+09    0  266 2.0146e+09 2.0352e+09  1.02%     -  201s
     0     0 2.0352e+09    0  280 2.0146e+09 2.0352e+09  1.02%     -  201s
     0     0 2.0352e+09    0  282 2.0146e+09 2.0352e+09  1.02%     -  203s
H    0     0                    2.014788e+09 2.0352e+09  1.01%     -  215s
     0     0 2.0352e+09    0  274 2.0148e+09 2.0352e+09  1.01%     -  217s
     0     0 2.0352e+09    0  255 2.0148e+09 2.0352e+09  1.01%     -  224s
H    0     0                    2.018474e+09 2.0352e+09  0.83%     -  227s

Cutting planes:
  Cover: 20
  Implied bound: 8
  Clique: 1
  MIR: 85
  Flow cover: 20
  GUB cover: 4
  RLT: 106
  Relax-and-lift: 29

Explored 1 nodes (58863 simplex iterations) in 228.06 seconds (209.21 work units)
Thread count was 20 (of 40 available processors)

Solution count 10: 2.01847e+09 2.01847e+09 2.01479e+09 ... 1.99646e+09

Optimal solution found (tolerance 1.00e-02)
Best objective 2.018473678244e+09, best bound 2.035166714654e+09, gap 0.8270%
Gurobi Optimizer version 10.0.1 build v10.0.1rc0 (linux64)

CPU model: Intel(R) Xeon(R) Gold 5115 CPU @ 2.40GHz, instruction set [SSE2|AVX|AVX2|AVX512]
Thread count: 20 physical cores, 40 logical processors, using up to 20 threads

Optimize a model with 83079 rows, 959409 columns and 5621231 nonzeros
Model fingerprint: 0xec48a265
Variable types: 99676 continuous, 859733 integer (859733 binary)
Coefficient statistics:
  Matrix range     [1e+00, 2e+05]
  Objective range  [4e+01, 3e+07]
  Bounds range     [2e-12, 3e+05]
  RHS range        [1e+00, 5e+06]
Presolve removed 76550 rows and 820763 columns (presolve time = 5s) ...
Presolve removed 76561 rows and 821078 columns (presolve time = 10s) ...
Presolve removed 76536 rows and 821053 columns
Presolve time: 10.24s
Presolved: 6543 rows, 138356 columns, 585452 nonzeros
Variable types: 45492 continuous, 92864 integer (92836 binary)
Deterministic concurrent LP optimizer: primal simplex, dual simplex, and barrier
Showing barrier log only...

Root barrier log...

Ordering time: 0.15s

Barrier statistics:
 AA' NZ     : 3.341e+05
 Factor NZ  : 1.816e+06 (roughly 70 MB of memory)
 Factor Ops : 1.494e+09 (less than 1 second per iteration)
 Threads    : 17

                  Objective                Residual
Iter       Primal          Dual         Primal    Dual     Compl     Time
   0  -6.01358868e+15  4.94388341e+12  2.92e+08 7.35e+05  2.41e+11    12s
   1  -2.84113326e+15  5.49780668e+12  1.38e+08 8.25e+05  1.15e+11    12s
   2  -6.73691532e+14  4.91314557e+12  3.33e+07 8.99e+04  2.88e+10    12s
   3  -1.25511569e+13  2.96766238e+12  6.19e+05 4.97e-09  5.48e+08    12s
   4  -3.89989798e+12  9.50851888e+11  1.92e+05 3.38e-09  1.74e+08    12s
   5  -8.47703679e+11  4.19024618e+11  4.18e+04 3.03e-09  3.87e+07    12s
   6  -5.02064810e+11  3.65134328e+11  2.48e+04 2.91e-09  2.33e+07    12s
   7  -2.70029035e+11  2.71018141e+11  1.34e+04 2.79e-09  1.28e+07    12s
   8  -1.19500891e+11  2.04365883e+11  5.96e+03 2.36e-09  5.86e+06    13s
   9  -3.49353690e+10  1.49289283e+11  1.81e+03 2.33e-09  2.01e+06    13s
  10  -5.87077924e+09  6.19331810e+10  3.95e+02 3.26e-09  4.81e+05    13s
  11   8.38036513e+08  2.27798560e+10  6.99e+01 3.78e-09  1.14e+05    13s
  12   1.27206819e+09  1.31578713e+10  4.96e+01 7.48e-09  6.69e+04    13s
  13   1.80911613e+09  1.00211479e+10  2.45e+01 1.49e-08  4.15e+04    13s
  14   1.98507652e+09  8.40679142e+09  1.64e+01 1.12e-08  3.11e+04    13s
  15   2.14804682e+09  6.78961647e+09  9.11e+00 1.02e-08  2.12e+04    13s
  16   2.20263586e+09  5.93748978e+09  7.34e+00 1.05e-08  1.72e+04    13s
  17   2.27771067e+09  4.81230806e+09  4.14e+00 1.02e-08  1.14e+04    13s
  18   2.29414314e+09  4.05460474e+09  3.65e+00 1.12e-08  8.57e+03    13s
  19   2.31740067e+09  3.48203886e+09  2.57e+00 2.14e-08  5.98e+03    13s
  20   2.33703250e+09  3.25355610e+09  1.76e+00 2.79e-08  4.48e+03    13s
  21   2.35026699e+09  2.84906610e+09  1.01e+00 2.33e-08  2.39e+03    13s
  22   2.35219629e+09  2.78765534e+09  9.14e-01 2.51e-08  2.08e+03    14s
  23   2.36174828e+09  2.64901921e+09  4.44e-01 1.96e-08  1.24e+03    14s
  24   2.36834166e+09  2.56921723e+09  1.41e-01 1.49e-08  7.74e+02    14s
  25   2.37119705e+09  2.44266963e+09  3.65e-02 1.12e-08  2.63e+02    14s
  26   2.37173948e+09  2.41580328e+09  2.71e-02 8.38e-09  1.61e+02    14s
  27   2.37255759e+09  2.40175202e+09  1.88e-02 7.45e-09  1.06e+02    14s
  28   2.37280313e+09  2.39685282e+09  1.67e-02 5.59e-09  8.75e+01    14s
  29   2.37322282e+09  2.38972011e+09  1.35e-02 8.38e-09  5.99e+01    14s
  30   2.37397993e+09  2.38643736e+09  9.19e-03 7.45e-09  4.52e+01    14s
  31   2.37487569e+09  2.38281074e+09  5.82e-03 8.38e-09  2.87e+01    14s
  32   2.37568160e+09  2.38232254e+09  3.77e-03 7.45e-09  2.40e+01    14s
  33   2.37608964e+09  2.38100377e+09  2.93e-03 6.52e-09  1.78e+01    14s
  34   2.37661781e+09  2.38021124e+09  2.04e-03 5.59e-09  1.30e+01    14s
  35   2.37694757e+09  2.37951640e+09  1.61e-03 5.59e-09  9.28e+00    14s
  36   2.37724649e+09  2.37927648e+09  1.22e-03 4.66e-09  7.34e+00    15s
  37   2.37754046e+09  2.37904060e+09  8.85e-04 4.66e-09  5.42e+00    15s
  38   2.37786035e+09  2.37883149e+09  5.50e-04 4.66e-09  3.51e+00    15s
  39   2.37810079e+09  2.37872623e+09  3.18e-04 5.59e-09  2.26e+00    15s
  40   2.37824446e+09  2.37860939e+09  1.86e-04 7.45e-09  1.32e+00    15s
  41   2.37836212e+09  2.37855095e+09  8.33e-05 5.59e-09  6.82e-01    15s
  42   2.37838922e+09  2.37852144e+09  6.04e-05 4.66e-09  4.77e-01    15s
  43   2.37841572e+09  2.37849259e+09  3.84e-05 4.66e-09  2.78e-01    15s
  44   2.37843766e+09  2.37848856e+09  2.07e-05 5.59e-09  1.84e-01    15s
  45   2.37844510e+09  2.37848738e+09  1.49e-05 6.52e-09  1.53e-01    15s
  46   2.37844782e+09  2.37847637e+09  1.27e-05 6.52e-09  1.03e-01    15s
  47   2.37845329e+09  2.37847267e+09  8.54e-06 5.59e-09  7.00e-02    15s
  48   2.37846312e+09  2.37846706e+09  9.78e-07 6.52e-09  1.42e-02    15s
  49   2.37846433e+09  2.37846531e+09  2.47e-07 6.52e-09  3.54e-03    15s
  50   2.37846456e+09  2.37846509e+09  1.84e-07 6.52e-09  1.91e-03    15s
  51   2.37846460e+09  2.37846476e+09  1.75e-07 7.45e-09  5.71e-04    16s
  52   2.37846462e+09  2.37846467e+09  1.25e-07 7.45e-09  1.89e-04    16s
  53   2.37846462e+09  2.37846463e+09  7.40e-08 6.52e-09  3.01e-05    16s
  54   2.37846462e+09  2.37846462e+09  1.01e-08 7.48e-09  3.50e-06    16s
  55   2.37846462e+09  2.37846462e+09  2.98e-10 1.12e-08  1.44e-07    16s
  56   2.37846462e+09  2.37846462e+09  2.20e-07 7.57e-09  2.82e-09    16s

Barrier solved model in 56 iterations and 15.98 seconds (16.28 work units)
Optimal objective 2.37846462e+09


Root crossover log...

    4389 DPushes remaining with DInf 0.0000000e+00                16s
       0 DPushes remaining with DInf 0.0000000e+00                16s

     462 PPushes remaining with PInf 0.0000000e+00                16s
       1 PPushes remaining with PInf 0.0000000e+00                16s

  Push phase complete: Pinf 0.0000000e+00, Dinf 2.0400333e+04     16s


Root simplex log...

Iteration    Objective       Primal Inf.    Dual Inf.      Time
    4766    2.3784646e+09   0.000000e+00   2.040217e+04     16s
    4792    2.3784646e+09   0.000000e+00   0.000000e+00     16s
Concurrent spin time: 0.00s

Solved with barrier
    4792    2.3784646e+09   0.000000e+00   0.000000e+00     16s

Root relaxation: objective 2.378465e+09, 4792 iterations, 4.93 seconds (3.26 work units)

    Nodes    |    Current Node    |     Objective Bounds      |     Work
 Expl Unexpl |  Obj  Depth IntInf | Incumbent    BestBd   Gap | It/Node Time

     0     0 2.3785e+09    0  181          - 2.3785e+09      -     -   17s
     0     0 2.3785e+09    0  193          - 2.3785e+09      -     -   21s
H    0     0                    2.370837e+09 2.3785e+09  0.32%     -   24s

Cutting planes:
  Cover: 3
  Implied bound: 8
  MIR: 6
  Flow cover: 7
  RLT: 2
  Relax-and-lift: 3

Explored 1 nodes (6914 simplex iterations) in 24.86 seconds (22.23 work units)
Thread count was 20 (of 40 available processors)

Solution count 1: 2.37084e+09 

Optimal solution found (tolerance 1.00e-02)
Best objective 2.370836901189e+09, best bound 2.378459908960e+09, gap 0.3215%
Gurobi Optimizer version 10.0.1 build v10.0.1rc0 (linux64)

CPU model: Intel(R) Xeon(R) Gold 5115 CPU @ 2.40GHz, instruction set [SSE2|AVX|AVX2|AVX512]
Thread count: 20 physical cores, 40 logical processors, using up to 20 threads

Optimize a model with 82939 rows, 963973 columns and 5510922 nonzeros
Model fingerprint: 0x6a843806
Variable types: 11423 continuous, 952550 integer (952550 binary)
Coefficient statistics:
  Matrix range     [1e+00, 2e+05]
  Objective range  [4e+01, 3e+07]
  Bounds range     [1e+00, 3e+05]
  RHS range        [1e+00, 5e+06]
Presolve removed 81994 rows and 959290 columns
Presolve time: 2.78s
Presolved: 945 rows, 4683 columns, 22124 nonzeros
Variable types: 255 continuous, 4428 integer (4428 binary)

Root relaxation: objective 2.362272e+09, 1419 iterations, 0.03 seconds (0.03 work units)

    Nodes    |    Current Node    |     Objective Bounds      |     Work
 Expl Unexpl |  Obj  Depth IntInf | Incumbent    BestBd   Gap | It/Node Time

     0     0 2.3623e+09    0   73          - 2.3623e+09      -     -    3s
H    0     0                    2.269901e+09 2.3623e+09  4.07%     -    3s
H    0     0                    2.328518e+09 2.3623e+09  1.45%     -    3s
H    0     0                    2.328842e+09 2.3623e+09  1.44%     -    3s
H    0     0                    2.328883e+09 2.3623e+09  1.43%     -    3s
H    0     0                    2.328888e+09 2.3623e+09  1.43%     -    3s
H    0     0                    2.349206e+09 2.3615e+09  0.52%     -    3s
     0     0 2.3615e+09    0   57 2.3492e+09 2.3615e+09  0.52%     -    3s

Cutting planes:
  Gomory: 16
  Cover: 4
  Implied bound: 27
  Clique: 7
  MIR: 46
  Flow cover: 39
  GUB cover: 2
  Network: 2
  RLT: 20
  Relax-and-lift: 11

Explored 1 nodes (1781 simplex iterations) in 3.98 seconds (2.78 work units)
Thread count was 20 (of 40 available processors)

Solution count 6: 2.34921e+09 2.32889e+09 2.32888e+09 ... 2.2699e+09

Optimal solution found (tolerance 1.00e-02)
Best objective 2.349205529750e+09, best bound 2.361463168007e+09, gap 0.5218%
