
Gurobi 10.0.1 (linux64) logging started Wed May 24 15:17:13 2023

Set parameter LogFile to value "logFiles/A-2L-C/A-2L-6U-15F-15V-240D/basic-05-24-2023, 15-17-H70-P50-O15.log"
Gurobi Optimizer version 10.0.1 build v10.0.1rc0 (linux64)

CPU model: Intel(R) Xeon(R) Gold 5115 CPU @ 2.40GHz, instruction set [SSE2|AVX|AVX2|AVX512]
Thread count: 20 physical cores, 40 logical processors, using up to 20 threads

Optimize a model with 45529 rows, 425602 columns and 2086513 nonzeros
Model fingerprint: 0x0da10709
Variable types: 250026 continuous, 175576 integer (175576 binary)
Coefficient statistics:
  Matrix range     [1e+00, 2e+05]
  Objective range  [4e+01, 3e+07]
  Bounds range     [1e+00, 1e+00]
  RHS range        [1e+00, 3e+06]
Presolve removed 25340 rows and 10390 columns
Presolve time: 0.14s

Explored 0 nodes (0 simplex iterations) in 0.49 seconds (0.30 work units)
Thread count was 1 (of 40 available processors)

Solution count 0

Model is infeasible or unbounded
Best objective -, best bound -, gap -
IIS computation: initial model status unknown, solving to determine model status
Presolve removed 30423 rows and 106777 columns (presolve time = 5s) ...
Presolve removed 30389 rows and 106820 columns
Presolve time: 8.16s
Presolved: 15140 rows, 318782 columns, 1457257 nonzeros
Variable types: 154737 continuous, 164045 integer (164029 binary)
Deterministic concurrent LP optimizer: primal simplex, dual simplex, and barrier
Showing barrier log only...

Root barrier log...

Ordering time: 1.38s

Barrier statistics:
 AA' NZ     : 7.556e+05
 Factor NZ  : 3.919e+06 (roughly 160 MB of memory)
 Factor Ops : 3.216e+09 (less than 1 second per iteration)
 Threads    : 17

                  Objective                Residual
Iter       Primal          Dual         Primal    Dual     Compl     Time
   0  -0.00000000e+00  1.32576470e+05  8.26e+08 0.00e+00  8.96e+03    13s
   1  -0.00000000e+00  1.65157646e+05  2.10e+08 2.50e-02  2.30e+03    13s
   2  -0.00000000e+00  1.39023667e+05  7.84e+06 1.11e-16  8.79e+01    13s
   3  -0.00000000e+00  7.50941159e+04  3.67e+05 1.25e-16  4.22e+00    13s
   4  -0.00000000e+00  1.55503197e+04  8.10e+04 8.37e-17  6.53e-01    13s
   5  -0.00000000e+00  6.11333141e+03  1.37e+04 2.68e-08  8.13e-02    14s
   6  -0.00000000e+00  3.95904269e+03  6.79e+03 5.15e-08  3.31e-02    14s
   7  -0.00000000e+00  1.25278155e+03  4.29e+03 7.74e-08  1.12e-02    14s
   8  -0.00000000e+00  7.25013253e+02  2.51e+03 8.28e-08  4.98e-03    14s
   9  -0.00000000e+00  1.30904568e+02  7.96e+02 8.33e-08  7.80e-04    14s
  10  -0.00000000e+00  3.48482046e+01  2.39e+02 6.32e-08  1.69e-04    14s
  11  -0.00000000e+00  1.61178897e+01  8.29e+01 5.19e-08  5.95e-05    15s
  12  -0.00000000e+00  9.28619880e+00  3.65e+01 4.16e-08  2.89e-05    15s
  13  -0.00000000e+00  7.20554872e+00  2.22e+01 3.60e-08  1.99e-05    15s
  14  -0.00000000e+00  6.29425498e+00  1.75e+01 3.46e-08  1.67e-05    15s
  15  -0.00000000e+00  4.55799315e+00  1.56e+01 3.30e-08  1.32e-05    15s
  16  -0.00000000e+00  3.42149330e+00  1.28e+01 3.23e-08  1.03e-05    15s
  17  -0.00000000e+00  2.14098454e+00  1.03e+01 3.05e-08  7.23e-06    15s
  18  -0.00000000e+00  1.07764816e+00  8.43e+00 3.01e-08  4.68e-06    16s
  19  -0.00000000e+00  7.92222772e-01  6.46e+00 3.28e-08  3.49e-06    16s
  20  -0.00000000e+00  7.56024688e-01  5.68e+00 3.43e-08  3.13e-06    16s
  21  -0.00000000e+00  4.27560983e-01  2.42e+00 5.14e-08  1.42e-06    16s
  22  -0.00000000e+00  1.69603612e-01  1.18e+00 5.89e-08  5.54e-07    16s
  23  -0.00000000e+00  4.19840732e-02  2.77e-01 4.00e-08  1.39e-07    17s
  24  -0.00000000e+00  7.67035717e-03  2.06e-03 1.29e-08  2.58e-08    17s
  25  -0.00000000e+00  3.99541175e-05  1.15e-05 7.66e-11  1.44e-10    17s
  26  -0.00000000e+00  4.05204743e-10  6.79e-11 7.60e-16  1.46e-15    17s

Barrier solved model in 26 iterations and 17.01 seconds (17.96 work units)
Optimal objective -0.00000000e+00

  Building initial crossover basis                                20s
  Building initial crossover basis                                25s

Root crossover log...

    5710 DPushes remaining with DInf 1.2544763e+00                27s
       0 DPushes remaining with DInf 0.0000000e+00                27s

     288 PPushes remaining with PInf 6.3147260e-05                27s
       0 PPushes remaining with PInf 0.0000000e+00                27s

  Push phase complete: Pinf 0.0000000e+00, Dinf 0.0000000e+00     27s


Root simplex log...

Iteration    Objective       Primal Inf.    Dual Inf.      Time
    1056   -0.0000000e+00   0.000000e+00   0.000000e+00     27s
Concurrent spin time: 0.00s

Solved with barrier
    1056   -0.0000000e+00   0.000000e+00   0.000000e+00     27s

Root relaxation: objective -0.000000e+00, 1056 iterations, 17.11 seconds (14.29 work units)
Total elapsed time = 88.17s
Total elapsed time = 91.77s
Total elapsed time = 95.59s
Total elapsed time = 102.50s

    Nodes    |    Current Node    |     Objective Bounds      |     Work
 Expl Unexpl |  Obj  Depth IntInf | Incumbent    BestBd   Gap | It/Node Time

     0     0   -0.00000    0   10          -   -0.00000      -     -  112s
H    0     0                      -0.0000000   -0.00000  0.00%     -  116s
     0     0   -0.00000    0   10   -0.00000   -0.00000  0.00%     -  116s

Explored 1 nodes (270222 simplex iterations) in 116.82 seconds (109.45 work units)
Thread count was 20 (of 40 available processors)

Solution count 1: -0 
No other solutions better than -0

Optimal solution found (tolerance 1.00e-02)
Best objective -0.000000000000e+00, best bound -0.000000000000e+00, gap 0.0000%
IIS runtime: 116.88 seconds (109.45 work units)
