
Gurobi 10.0.1 (linux64) logging started Tue May 23 22:45:42 2023

Set parameter LogFile to value "logFiles/A-2L-C/A-2L-6U-15F-15V-240D/basic-05-23-2023, 22-45-H70-P50-O15.log"
Gurobi Optimizer version 10.0.1 build v10.0.1rc0 (linux64)

CPU model: Intel(R) Xeon(R) Gold 5115 CPU @ 2.40GHz, instruction set [SSE2|AVX|AVX2|AVX512]
Thread count: 20 physical cores, 40 logical processors, using up to 20 threads

Optimize a model with 40047 rows, 415210 columns and 2065615 nonzeros
Model fingerprint: 0xe75b14e6
Variable types: 175508 continuous, 239702 integer (239702 binary)
Coefficient statistics:
  Matrix range     [1e+00, 2e+05]
  Objective range  [4e+01, 3e+07]
  Bounds range     [1e+00, 1e+00]
  RHS range        [1e+00, 3e+06]
Presolve removed 26710 rows and 21614 columns (presolve time = 5s) ...
Presolve removed 26678 rows and 21582 columns
Presolve time: 7.02s
Presolved: 13369 rows, 393628 columns, 1794260 nonzeros
Variable types: 163730 continuous, 229898 integer (229884 binary)
Deterministic concurrent LP optimizer: primal simplex, dual simplex, and barrier
Showing barrier log only...

Root barrier log...

Ordering time: 1.51s

Barrier statistics:
 AA' NZ     : 8.748e+05
 Factor NZ  : 4.646e+06 (roughly 200 MB of memory)
 Factor Ops : 4.393e+09 (less than 1 second per iteration)
 Threads    : 17

                  Objective                Residual
Iter       Primal          Dual         Primal    Dual     Compl     Time
   0  -2.24476422e+16  4.03595226e+13  1.69e+09 1.13e+07  3.17e+12    12s
   1  -5.99411656e+15  5.25696449e+13  4.51e+08 7.71e+06  8.51e+11    12s
   2  -2.18283000e+15  5.52067559e+13  1.64e+08 4.95e+05  3.16e+11    12s
   3  -2.16030476e+13  4.21304995e+13  1.63e+06 6.23e+03  3.19e+09    12s
   4  -2.83798846e+12  1.01921482e+13  2.14e+05 2.99e-08  4.37e+08    13s
   5  -4.30882122e+11  8.30112448e+12  3.25e+04 6.10e+01  7.48e+07    13s
   6  -3.46876717e+11  6.99502417e+12  2.62e+04 1.98e+02  6.00e+07    13s
   7  -1.68410719e+11  5.33704461e+12  1.28e+04 1.10e+02  3.08e+07    13s
   8  -1.32135022e+11  3.14531828e+12  1.01e+04 3.21e+01  2.11e+07    13s
   9  -6.15564128e+10  1.93460588e+12  4.77e+03 7.47e+00  9.85e+06    13s
  10  -3.71197432e+10  1.40583333e+12  2.93e+03 2.92e+00  6.06e+06    14s
  11  -1.20374305e+10  5.58579980e+11  1.05e+03 2.70e-08  2.04e+06    14s
  12  -5.30482012e+09  2.82783885e+11  5.50e+02 2.82e-08  1.00e+06    14s
  13  -6.86880111e+06  1.33642079e+11  1.57e+02 3.43e-08  3.41e+05    14s
  14   1.28782705e+09  8.45534692e+10  6.32e+01 3.64e-08  1.74e+05    14s
  15   1.46355893e+09  6.05054614e+10  5.05e+01 3.91e-08  1.29e+05    14s
  16   1.61381465e+09  4.13436444e+10  3.97e+01 1.37e-07  9.28e+04    14s
  17   1.84613203e+09  3.02958596e+10  2.30e+01 1.20e-07  6.11e+04    15s
  18   1.95078035e+09  1.98484369e+10  1.56e+01 1.56e-07  4.00e+04    15s
  19   1.98718904e+09  1.53143588e+10  1.31e+01 1.78e-07  3.14e+04    15s
  20   2.01666444e+09  1.11812017e+10  1.11e+01 1.83e-07  2.38e+04    15s
  21   2.11089277e+09  9.43859539e+09  5.33e+00 2.26e-07  1.51e+04    15s
  22   2.14851940e+09  7.29798150e+09  3.81e+00 2.27e-07  1.05e+04    16s
  23   2.18098205e+09  6.40159513e+09  3.09e+00 1.64e-07  8.41e+03    16s
  24   2.21795961e+09  5.50364467e+09  2.25e+00 1.74e-07  6.24e+03    16s
  25   2.22406310e+09  5.32199904e+09  2.10e+00 2.65e-07  5.82e+03    16s
  26   2.23530995e+09  4.83543289e+09  1.83e+00 1.67e-07  4.84e+03    16s
  27   2.26282179e+09  4.33653772e+09  1.36e+00 2.03e-07  3.67e+03    17s
  28   2.27515227e+09  4.11804252e+09  1.21e+00 2.31e-07  3.21e+03    17s
  29   2.28231906e+09  3.71968463e+09  1.08e+00 1.46e-07  2.51e+03    17s
  30   2.30534581e+09  3.34496620e+09  5.76e-01 1.77e-07  1.63e+03    17s
  31   2.34174585e+09  2.90993387e+09  2.24e-01 1.65e-07  8.13e+02    18s
  32   2.36715441e+09  2.71500112e+09  1.33e-01 1.68e-07  4.86e+02    18s
  33   2.37070144e+09  2.69409957e+09  1.18e-01 2.00e-07  4.49e+02    18s
  34   2.37626691e+09  2.65644320e+09  1.04e-01 2.59e-07  3.88e+02    18s
  35   2.38485709e+09  2.59617055e+09  8.14e-02 2.86e-07  2.91e+02    18s
  36   2.38924548e+09  2.57560361e+09  7.48e-02 2.58e-07  2.57e+02    18s
  37   2.39204591e+09  2.53892090e+09  6.84e-02 1.82e-07  2.04e+02    19s
  38   2.39974252e+09  2.51002535e+09  4.74e-02 1.85e-07  1.52e+02    19s
  39   2.39996877e+09  2.50762711e+09  4.71e-02 1.66e-07  1.48e+02    19s
  40   2.40169877e+09  2.50602092e+09  4.39e-02 1.86e-07  1.43e+02    19s
  41   2.40328723e+09  2.50290800e+09  4.11e-02 2.01e-07  1.36e+02    20s
  42   2.40727142e+09  2.48045248e+09  3.34e-02 1.88e-07  1.01e+02    20s
  43   2.41601380e+09  2.45637938e+09  1.68e-02 1.70e-07  5.49e+01    20s
  44   2.41825731e+09  2.45341542e+09  1.38e-02 1.48e-07  4.76e+01    20s
  45   2.41997343e+09  2.45062604e+09  1.15e-02 1.52e-07  4.14e+01    20s
  46   2.42169178e+09  2.44552440e+09  9.30e-03 1.53e-07  3.22e+01    21s
  47   2.42262588e+09  2.44404000e+09  8.34e-03 2.36e-07  2.89e+01    21s
  48   2.42446703e+09  2.44109392e+09  6.36e-03 2.60e-07  2.25e+01    21s
  49   2.42506899e+09  2.44095237e+09  5.81e-03 2.62e-07  2.14e+01    21s
  50   2.42526862e+09  2.44052229e+09  5.62e-03 2.45e-07  2.06e+01    21s
  51   2.42547334e+09  2.44042469e+09  5.45e-03 2.03e-07  2.01e+01    21s
  52   2.42565724e+09  2.43995793e+09  5.28e-03 2.83e-07  1.93e+01    21s
  53   2.42716262e+09  2.43896904e+09  4.05e-03 3.35e-07  1.58e+01    22s
  54   2.42823703e+09  2.43867171e+09  3.35e-03 2.41e-07  1.40e+01    22s
  55   2.42911362e+09  2.43850364e+09  2.81e-03 2.17e-07  1.25e+01    22s
  56   2.42992857e+09  2.43770682e+09  2.35e-03 1.90e-07  1.04e+01    22s
  57   2.43121956e+09  2.43687427e+09  1.69e-03 2.34e-07  7.54e+00    23s
  58   2.43171048e+09  2.43616123e+09  1.46e-03 1.54e-07  5.96e+00    23s
  59   2.43254110e+09  2.43583565e+09  1.06e-03 1.67e-07  4.41e+00    23s
  60   2.43270166e+09  2.43575100e+09  9.85e-04 1.99e-07  4.08e+00    23s
  61   2.43379436e+09  2.43542596e+09  4.85e-04 1.97e-07  2.18e+00    24s
  62   2.43388061e+09  2.43531455e+09  4.47e-04 2.17e-07  1.92e+00    24s
  63   2.43425306e+09  2.43518590e+09  2.79e-04 1.80e-07  1.24e+00    24s
  64   2.43466888e+09  2.43511782e+09  9.40e-05 2.64e-07  5.91e-01    24s
  65   2.43480094e+09  2.43500715e+09  3.69e-05 1.77e-07  2.70e-01    24s
  66   2.43486740e+09  2.43493961e+09  9.66e-06 2.05e-07  9.39e-02    25s
  67   2.43487758e+09  2.43490973e+09  5.77e-06 1.59e-07  4.22e-02    25s
  68   2.43489224e+09  2.43489958e+09  4.01e-06 1.79e-07  9.42e-03    25s
  69   2.43489366e+09  2.43489419e+09  5.31e-07 1.86e-07  6.82e-04    25s
  70   2.43489375e+09  2.43489375e+09  1.42e-07 1.68e-07  3.12e-06    25s
  71   2.43489375e+09  2.43489375e+09  4.43e-09 2.39e-07  1.31e-10    26s

Barrier solved model in 71 iterations and 25.50 seconds (23.63 work units)
Optimal objective 2.43489375e+09


Root crossover log...

   10559 DPushes remaining with DInf 0.0000000e+00                26s
       0 DPushes remaining with DInf 0.0000000e+00                26s

     689 PPushes remaining with PInf 0.0000000e+00                26s
       0 PPushes remaining with PInf 0.0000000e+00                26s

  Push phase complete: Pinf 0.0000000e+00, Dinf 4.9716618e-08     26s


Root simplex log...

Iteration    Objective       Primal Inf.    Dual Inf.      Time
   11232    2.4348938e+09   0.000000e+00   0.000000e+00     26s
Concurrent spin time: 0.02s

Solved with barrier
   11280    2.4348938e+09   0.000000e+00   0.000000e+00     26s
Extra simplex iterations after uncrush: 48

Root relaxation: objective 2.434894e+09, 11280 iterations, 17.71 seconds (12.95 work units)

    Nodes    |    Current Node    |     Objective Bounds      |     Work
 Expl Unexpl |  Obj  Depth IntInf | Incumbent    BestBd   Gap | It/Node Time

     0     0 2.4349e+09    0  187          - 2.4349e+09      -     -   28s
H    0     0                    2.416031e+09 2.4349e+09  0.78%     -   38s

Explored 1 nodes (24992 simplex iterations) in 38.73 seconds (32.71 work units)
Thread count was 20 (of 40 available processors)

Solution count 1: 2.41603e+09 

Optimal solution found (tolerance 1.00e-02)
Best objective 2.416031491871e+09, best bound 2.434893750640e+09, gap 0.7807%
Gurobi Optimizer version 10.0.1 build v10.0.1rc0 (linux64)

CPU model: Intel(R) Xeon(R) Gold 5115 CPU @ 2.40GHz, instruction set [SSE2|AVX|AVX2|AVX512]
Thread count: 20 physical cores, 40 logical processors, using up to 20 threads

Optimize a model with 70842 rows, 773764 columns and 4227773 nonzeros
Model fingerprint: 0x7c336d95
Variable types: 249369 continuous, 524395 integer (524395 binary)
Coefficient statistics:
  Matrix range     [1e+00, 2e+05]
  Objective range  [4e+01, 3e+07]
  Bounds range     [1e-14, 3e+05]
  RHS range        [1e+00, 4e+06]
Presolve removed 57674 rows and 537776 columns (presolve time = 5s) ...
Presolve removed 58919 rows and 567042 columns
Presolve time: 9.95s
Presolved: 11923 rows, 206722 columns, 946903 nonzeros
Variable types: 88702 continuous, 118020 integer (118005 binary)
Deterministic concurrent LP optimizer: primal simplex, dual simplex, and barrier
Showing barrier log only...

Root barrier log...

Ordering time: 0.81s

Barrier statistics:
 AA' NZ     : 5.109e+05
 Factor NZ  : 3.128e+06 (roughly 110 MB of memory)
 Factor Ops : 2.938e+09 (less than 1 second per iteration)
 Threads    : 17

                  Objective                Residual
Iter       Primal          Dual         Primal    Dual     Compl     Time
   0  -6.00468019e+15  3.85851433e+13  4.14e+08 3.99e+06  1.14e+12    13s
   1  -1.99125988e+15  3.49834828e+13  1.38e+08 4.27e+06  3.84e+11    13s
   2  -2.04825657e+14  2.25681594e+13  1.42e+07 1.43e+05  3.98e+10    13s
   3  -4.97947312e+12  1.41144135e+13  3.44e+05 1.69e+03  1.00e+09    13s
   4  -7.36579664e+11  3.89653890e+12  5.10e+04 7.83e+01  1.53e+08    13s
   5  -2.39502136e+11  1.66259983e+12  1.66e+04 1.99e-08  5.06e+07    14s
   6  -8.97232381e+10  1.38392855e+12  6.31e+03 1.69e-08  2.07e+07    14s
   7  -2.28660740e+10  1.04798463e+12  1.70e+03 1.50e-08  6.92e+06    14s
   8  -8.24237110e+09  7.03345831e+11  6.93e+02 1.49e-08  3.31e+06    14s
   9  -1.28350659e+09  2.38536226e+11  2.14e+02 2.24e-08  9.76e+05    14s
  10   8.39820829e+08  1.18524240e+11  6.90e+01 2.82e-08  4.04e+05    14s
  11   1.22499004e+09  7.67956919e+10  4.33e+01 2.78e-08  2.56e+05    14s
  12   1.60529798e+09  4.15230416e+10  1.85e+01 6.13e-08  1.29e+05    14s
  13   1.71784163e+09  2.85273742e+10  1.13e+01 5.59e-08  8.51e+04    14s
  14   1.74694540e+09  1.82769488e+10  9.53e+00 7.49e-08  5.87e+04    14s
  15   1.78992208e+09  1.48813079e+10  6.68e+00 9.37e-08  4.56e+04    14s
  16   1.80831978e+09  1.15231832e+10  5.37e+00 8.53e-08  3.55e+04    15s
  17   1.83563765e+09  9.29641735e+09  3.57e+00 1.05e-07  2.63e+04    15s
  18   1.87609433e+09  7.86172210e+09  1.78e+00 1.12e-07  1.85e+04    15s
  19   1.90399535e+09  5.65015806e+09  1.17e+00 6.52e-08  1.13e+04    15s
  20   1.93071282e+09  4.39091249e+09  8.56e-01 7.51e-08  7.29e+03    15s
  21   1.94451910e+09  3.98679776e+09  6.51e-01 6.96e-08  5.86e+03    15s
  22   1.96712282e+09  3.21323281e+09  3.80e-01 4.72e-08  3.40e+03    15s
  23   1.98033022e+09  2.77338466e+09  2.29e-01 3.64e-08  2.08e+03    15s
  24   1.98864650e+09  2.43856583e+09  1.33e-01 1.78e-08  1.15e+03    15s
  25   1.99496842e+09  2.28320483e+09  9.41e-02 1.34e-08  7.28e+02    16s
  26   1.99575395e+09  2.27531989e+09  9.08e-02 1.40e-08  7.05e+02    16s
  27   1.99895546e+09  2.24674290e+09  8.02e-02 1.19e-08  6.22e+02    16s
  28   2.00344308e+09  2.21674423e+09  6.54e-02 1.19e-08  5.33e+02    16s
  29   2.00785265e+09  2.17742646e+09  5.62e-02 9.78e-09  4.22e+02    16s
  30   2.00923038e+09  2.15034856e+09  5.26e-02 8.79e-09  3.51e+02    16s
  31   2.01224562e+09  2.12800395e+09  4.65e-02 7.57e-09  2.88e+02    16s
  32   2.01778043e+09  2.08661378e+09  3.64e-02 4.83e-09  1.71e+02    16s
  33   2.02400555e+09  2.07431378e+09  2.72e-02 3.73e-09  1.24e+02    16s
  34   2.02843710e+09  2.06738422e+09  2.10e-02 3.70e-09  9.61e+01    16s
  35   2.03224798e+09  2.06202571e+09  1.57e-02 3.17e-09  7.33e+01    17s
  36   2.03412183e+09  2.05864792e+09  1.35e-02 3.20e-09  6.04e+01    17s
  37   2.03652155e+09  2.05574972e+09  1.05e-02 2.74e-09  4.73e+01    17s
  38   2.03822472e+09  2.05459573e+09  8.58e-03 3.03e-09  4.02e+01    17s
  39   2.04047984e+09  2.05311654e+09  6.37e-03 3.20e-09  3.10e+01    17s
  40   2.04119722e+09  2.05175562e+09  5.67e-03 4.19e-09  2.59e+01    17s
  41   2.04184857e+09  2.05105134e+09  5.01e-03 4.31e-09  2.26e+01    17s
  42   2.04208393e+09  2.05090038e+09  4.79e-03 4.66e-09  2.17e+01    18s
  43   2.04313151e+09  2.05038551e+09  3.86e-03 5.24e-09  1.78e+01    18s
  44   2.04386629e+09  2.04989769e+09  3.25e-03 4.19e-09  1.48e+01    18s
  45   2.04475305e+09  2.04945449e+09  2.51e-03 4.42e-09  1.15e+01    18s
  46   2.04516423e+09  2.04918966e+09  2.19e-03 3.84e-09  9.88e+00    18s
  47   2.04585694e+09  2.04894216e+09  1.63e-03 4.02e-09  7.57e+00    18s
  48   2.04627054e+09  2.04866827e+09  1.30e-03 3.32e-09  5.89e+00    18s
  49   2.04681930e+09  2.04847257e+09  8.79e-04 2.21e-09  4.06e+00    18s
  50   2.04716371e+09  2.04833117e+09  5.93e-04 5.12e-09  2.86e+00    19s
  51   2.04755051e+09  2.04819572e+09  2.87e-04 2.44e-09  1.58e+00    19s
  52   2.04769485e+09  2.04808469e+09  1.75e-04 2.79e-09  9.55e-01    19s
  53   2.04776542e+09  2.04807229e+09  1.24e-04 3.38e-09  7.51e-01    19s
  54   2.04783374e+09  2.04802071e+09  7.10e-05 2.21e-09  4.58e-01    19s
  55   2.04787793e+09  2.04798705e+09  3.78e-05 2.56e-09  2.67e-01    19s
  56   2.04790734e+09  2.04794980e+09  1.66e-05 4.31e-09  1.04e-01    19s
  57   2.04792760e+09  2.04793856e+09  2.28e-06 3.81e-09  2.68e-02    19s
  58   2.04793121e+09  2.04793243e+09  3.88e-07 5.65e-09  2.98e-03    19s
  59   2.04793158e+09  2.04793190e+09  2.24e-07 4.77e-09  7.69e-04    19s
  60   2.04793166e+09  2.04793175e+09  1.02e-07 7.45e-09  2.12e-04    20s
  61   2.04793172e+09  2.04793173e+09  1.51e-08 7.45e-09  6.07e-06    20s
  62   2.04793173e+09  2.04793173e+09  9.35e-11 7.45e-09  1.38e-10    20s

Barrier solved model in 62 iterations and 19.85 seconds (22.84 work units)
Optimal objective 2.04793173e+09


Root crossover log...

    6393 DPushes remaining with DInf 0.0000000e+00                20s
       0 DPushes remaining with DInf 0.0000000e+00                20s

     352 PPushes remaining with PInf 0.0000000e+00                20s
       0 PPushes remaining with PInf 0.0000000e+00                20s

  Push phase complete: Pinf 0.0000000e+00, Dinf 6.4391882e+01     20s


Root simplex log...

Iteration    Objective       Primal Inf.    Dual Inf.      Time
    6702    2.0479317e+09   0.000000e+00   6.439188e+01     20s
    6705    2.0479317e+09   0.000000e+00   0.000000e+00     20s
Concurrent spin time: 0.02s

Solved with barrier
    6705    2.0479317e+09   0.000000e+00   0.000000e+00     20s

Root relaxation: objective 2.047932e+09, 6705 iterations, 9.04 seconds (6.59 work units)

    Nodes    |    Current Node    |     Objective Bounds      |     Work
 Expl Unexpl |  Obj  Depth IntInf | Incumbent    BestBd   Gap | It/Node Time

     0     0 2.0479e+09    0  208          - 2.0479e+09      -     -   21s
     0     0 2.0477e+09    0  196          - 2.0477e+09      -     -   27s
     0     0 2.0477e+09    0  218          - 2.0477e+09      -     -   30s
     0     0 2.0477e+09    0  221          - 2.0477e+09      -     -   31s
     0     0 2.0477e+09    0  227          - 2.0477e+09      -     -   35s
     0     0 2.0477e+09    0  220          - 2.0477e+09      -     -   39s
     0     0 2.0477e+09    0  220          - 2.0477e+09      -     -   39s
     0     0 2.0476e+09    0  220          - 2.0476e+09      -     -   42s
H    0     0                    1.945860e+09 2.0476e+09  5.23%     -   44s
H    0     0                    1.948396e+09 2.0476e+09  5.09%     -   47s
     0     0 2.0476e+09    0  224 1.9484e+09 2.0476e+09  5.09%     -   49s
     0     0 2.0475e+09    0  221 1.9484e+09 2.0475e+09  5.09%     -   50s
     0     0 2.0475e+09    0  230 1.9484e+09 2.0475e+09  5.09%     -   52s
     0     0 2.0475e+09    0  240 1.9484e+09 2.0475e+09  5.09%     -   52s
     0     0 2.0475e+09    0  228 1.9484e+09 2.0475e+09  5.08%     -   56s
     0     0 2.0475e+09    0  227 1.9484e+09 2.0475e+09  5.08%     -   63s
     0     0 2.0475e+09    0  229 1.9484e+09 2.0475e+09  5.08%     -   64s
     0     0 2.0475e+09    0  233 1.9484e+09 2.0475e+09  5.08%     -   64s
     0     0 2.0473e+09    0  223 1.9484e+09 2.0473e+09  5.08%     -   68s
H    0     0                    1.953186e+09 2.0473e+09  4.82%     -   77s
     0     0 2.0473e+09    0  232 1.9532e+09 2.0473e+09  4.82%     -   78s
     0     0 2.0473e+09    0  224 1.9532e+09 2.0473e+09  4.82%     -   79s
     0     0 2.0473e+09    0  227 1.9532e+09 2.0473e+09  4.82%     -   79s
     0     0 2.0472e+09    0  253 1.9532e+09 2.0472e+09  4.82%     -   83s
H    0     0                    1.969026e+09 2.0472e+09  3.97%     -   93s
     0     0 2.0472e+09    0  255 1.9690e+09 2.0472e+09  3.97%     -   95s
     0     0 2.0472e+09    0  241 1.9690e+09 2.0472e+09  3.97%     -   96s
     0     0 2.0472e+09    0  239 1.9690e+09 2.0472e+09  3.97%     -   99s
H    0     0                    1.982218e+09 2.0472e+09  3.28%     -  107s
     0     0 2.0472e+09    0  242 1.9822e+09 2.0472e+09  3.28%     -  107s
     0     0 2.0472e+09    0  239 1.9822e+09 2.0472e+09  3.28%     -  108s
     0     0 2.0472e+09    0  237 1.9822e+09 2.0472e+09  3.28%     -  109s
     0     0 2.0472e+09    0  239 1.9822e+09 2.0472e+09  3.28%     -  112s
H    0     0                    2.001923e+09 2.0472e+09  2.26%     -  116s
     0     0 2.0472e+09    0  234 2.0019e+09 2.0472e+09  2.26%     -  117s
     0     0 2.0472e+09    0  236 2.0019e+09 2.0472e+09  2.26%     -  118s
     0     0 2.0472e+09    0  234 2.0019e+09 2.0472e+09  2.26%     -  119s
     0     0 2.0472e+09    0  238 2.0019e+09 2.0472e+09  2.26%     -  122s
     0     0 2.0472e+09    0  245 2.0019e+09 2.0472e+09  2.26%     -  126s
     0     0 2.0472e+09    0  250 2.0019e+09 2.0472e+09  2.26%     -  126s
     0     0 2.0471e+09    0  251 2.0019e+09 2.0471e+09  2.26%     -  130s
H    0     0                    2.001945e+09 2.0471e+09  2.26%     -  134s
     0     0 2.0471e+09    0  245 2.0019e+09 2.0471e+09  2.26%     -  135s
     0     0 2.0471e+09    0  248 2.0019e+09 2.0471e+09  2.26%     -  136s
     0     0 2.0471e+09    0  248 2.0019e+09 2.0471e+09  2.26%     -  137s
     0     0 2.0471e+09    0  265 2.0019e+09 2.0471e+09  2.26%     -  139s
     0     0 2.0471e+09    0  266 2.0019e+09 2.0471e+09  2.26%     -  142s
     0     0 2.0471e+09    0  246 2.0019e+09 2.0471e+09  2.26%     -  145s
     0     0 2.0471e+09    0  256 2.0019e+09 2.0471e+09  2.26%     -  149s
     0     0 2.0471e+09    0  262 2.0019e+09 2.0471e+09  2.26%     -  151s
     0     0 2.0471e+09    0  269 2.0019e+09 2.0471e+09  2.26%     -  151s
     0     0 2.0471e+09    0  233 2.0019e+09 2.0471e+09  2.25%     -  155s
     0     0 2.0471e+09    0  224 2.0019e+09 2.0471e+09  2.25%     -  158s
     0     0 2.0470e+09    0  235 2.0019e+09 2.0470e+09  2.25%     -  160s
     0     0 2.0470e+09    0  218 2.0019e+09 2.0470e+09  2.25%     -  161s
     0     0 2.0470e+09    0  217 2.0019e+09 2.0470e+09  2.25%     -  161s
     0     0 2.0470e+09    0  216 2.0019e+09 2.0470e+09  2.25%     -  164s
     0     0 2.0470e+09    0  226 2.0019e+09 2.0470e+09  2.25%     -  166s
     0     0 2.0470e+09    0  224 2.0019e+09 2.0470e+09  2.25%     -  167s
     0     0 2.0470e+09    0  224 2.0019e+09 2.0470e+09  2.25%     -  167s
     0     0 2.0470e+09    0  225 2.0019e+09 2.0470e+09  2.25%     -  170s
     0     0 2.0470e+09    0  234 2.0019e+09 2.0470e+09  2.25%     -  172s
     0     0 2.0470e+09    0  224 2.0019e+09 2.0470e+09  2.25%     -  175s
     0     0 2.0470e+09    0  219 2.0019e+09 2.0470e+09  2.25%     -  177s
H    0     0                    2.018965e+09 2.0470e+09  1.39%     -  200s
H    0     2                    2.025612e+09 2.0470e+09  1.06%     -  210s
     0     2 2.0470e+09    0  217 2.0256e+09 2.0470e+09  1.06%     -  210s
     3     8 2.0470e+09    2  229 2.0256e+09 2.0470e+09  1.06%   785  218s
     7    16 2.0470e+09    3  240 2.0256e+09 2.0470e+09  1.06%   670  227s
    15    32 2.0470e+09    4  242 2.0256e+09 2.0470e+09  1.06%   832  242s
H   31    52                    2.031814e+09 2.0470e+09  0.75%   885  258s
H   37    52                    2.031924e+09 2.0470e+09  0.74%   817  258s
H   46    52                    2.031989e+09 2.0470e+09  0.74%   862  259s

Cutting planes:
  Cover: 92
  Implied bound: 85
  Clique: 1
  MIR: 112
  Flow cover: 127
  GUB cover: 1
  Network: 18
  RLT: 8
  Relax-and-lift: 36

Explored 51 nodes (73473 simplex iterations) in 259.45 seconds (284.97 work units)
Thread count was 20 (of 40 available processors)

Solution count 10: 2.03199e+09 2.03192e+09 2.03181e+09 ... 1.95319e+09

Optimal solution found (tolerance 1.00e-02)
Best objective 2.031988647676e+09, best bound 2.047029352070e+09, gap 0.7402%
Gurobi Optimizer version 10.0.1 build v10.0.1rc0 (linux64)

CPU model: Intel(R) Xeon(R) Gold 5115 CPU @ 2.40GHz, instruction set [SSE2|AVX|AVX2|AVX512]
Thread count: 20 physical cores, 40 logical processors, using up to 20 threads

Optimize a model with 90856 rows, 967645 columns and 5416990 nonzeros
Model fingerprint: 0xd1294566
Variable types: 104679 continuous, 862966 integer (862966 binary)
Coefficient statistics:
  Matrix range     [1e+00, 2e+05]
  Objective range  [4e+01, 3e+07]
  Bounds range     [1e-14, 3e+05]
  RHS range        [1e+00, 5e+06]
Presolve removed 81070 rows and 820327 columns (presolve time = 5s) ...
Presolve removed 81052 rows and 820309 columns
Presolve time: 6.62s
Presolved: 9804 rows, 147336 columns, 655205 nonzeros
Variable types: 46987 continuous, 100349 integer (100340 binary)
Deterministic concurrent LP optimizer: primal simplex, dual simplex, and barrier
Showing barrier log only...

Root barrier log...

Ordering time: 0.22s

Barrier statistics:
 AA' NZ     : 3.590e+05
 Factor NZ  : 2.184e+06 (roughly 80 MB of memory)
 Factor Ops : 2.049e+09 (less than 1 second per iteration)
 Threads    : 17

                  Objective                Residual
Iter       Primal          Dual         Primal    Dual     Compl     Time
   0  -2.81044669e+15  6.25988042e+11  1.60e+08 4.41e+05  3.55e+10     9s
   1  -7.16536341e+14  6.89157084e+11  4.14e+07 1.67e+05  9.28e+09     9s
   2  -1.10825531e+14  5.39072751e+11  6.40e+06 1.28e-09  1.44e+09     9s
   3  -1.49778291e+13  3.70100626e+11  8.65e+05 1.16e-09  1.97e+08     9s
   4  -3.18809508e+12  1.82490908e+11  1.84e+05 1.16e-09  4.39e+07     9s
   5  -6.49152933e+11  1.01077080e+11  3.75e+04 1.05e-09  9.23e+06     9s
   6  -1.39923672e+11  6.60644744e+10  8.19e+03 9.31e-10  2.12e+06     9s
   7  -6.46587828e+10  4.54169294e+10  3.85e+03 1.05e-09  9.79e+05     9s
   8  -1.72062043e+10  3.36936959e+10  1.12e+03 8.15e-10  3.29e+05     9s
   9  -4.61200021e+09  2.26155413e+10  3.98e+02 1.30e-08  1.39e+05     9s
  10  -2.10015356e+09  1.24099687e+10  2.54e+02 7.45e-09  7.30e+04     9s
  11  -1.33542014e+08  9.28676124e+09  1.43e+02 6.75e-09  4.44e+04     9s
  12   6.98220660e+08  5.48656483e+09  9.61e+01 6.75e-09  2.37e+04     9s
  13   1.31354508e+09  4.42260539e+09  6.19e+01 5.01e-09  1.53e+04     9s
  14   1.61493723e+09  3.74379787e+09  4.54e+01 4.89e-09  1.06e+04     9s
  15   1.83619370e+09  3.42038153e+09  3.39e+01 4.89e-09  7.85e+03    10s
  16   1.91975822e+09  3.34183630e+09  2.96e+01 4.42e-09  6.96e+03    10s
  17   2.08296299e+09  3.01010042e+09  2.09e+01 2.79e-09  4.70e+03    10s
  18   2.15650014e+09  2.87742056e+09  1.72e+01 2.04e-09  3.71e+03    10s
  19   2.23839582e+09  2.82275435e+09  1.34e+01 2.04e-09  2.96e+03    10s
  20   2.28926827e+09  2.76468100e+09  1.11e+01 2.42e-09  2.42e+03    10s
  21   2.33620727e+09  2.69444875e+09  9.05e+00 1.98e-09  1.82e+03    10s
  22   2.40573306e+09  2.66142981e+09  5.96e+00 2.15e-09  1.25e+03    10s
  23   2.44403743e+09  2.63935739e+09  4.33e+00 1.98e-09  9.34e+02    10s
  24   2.45790730e+09  2.61314171e+09  3.72e+00 2.21e-09  7.42e+02    10s
  25   2.47453994e+09  2.59298124e+09  3.00e+00 1.89e-09  5.62e+02    10s
  26   2.49811886e+09  2.58268598e+09  1.97e+00 2.10e-09  3.87e+02    11s
  27   2.51186232e+09  2.57438616e+09  1.41e+00 2.01e-09  2.79e+02    11s
  28   2.51694636e+09  2.57101779e+09  1.21e+00 1.95e-09  2.37e+02    11s
  29   2.51883215e+09  2.56889576e+09  1.13e+00 1.94e-09  2.18e+02    11s
  30   2.52426590e+09  2.56450208e+09  9.29e-01 1.48e-09  1.73e+02    11s
  31   2.53005486e+09  2.56247326e+09  7.06e-01 1.63e-09  1.36e+02    11s
  32   2.53327014e+09  2.55997890e+09  5.90e-01 1.34e-09  1.11e+02    11s
  33   2.53464866e+09  2.55867192e+09  5.42e-01 1.43e-09  9.92e+01    11s
  34   2.53582103e+09  2.55761146e+09  5.02e-01 1.22e-09  8.81e+01    11s
  35   2.53748254e+09  2.55545040e+09  4.41e-01 1.16e-09  7.06e+01    11s
  36   2.54146197e+09  2.55444539e+09  2.92e-01 1.04e-09  4.98e+01    11s
  37   2.54454189e+09  2.55366406e+09  1.84e-01 1.02e-09  3.42e+01    12s
  38   2.54576667e+09  2.55287579e+09  1.45e-01 1.02e-09  2.63e+01    12s
  39   2.54642576e+09  2.55251787e+09  1.26e-01 9.90e-10  2.23e+01    12s
  40   2.54733873e+09  2.55220497e+09  9.80e-02 1.05e-09  1.76e+01    12s
  41   2.54785836e+09  2.55208304e+09  8.26e-02 1.40e-09  1.52e+01    12s
  42   2.54808289e+09  2.55192105e+09  7.64e-02 1.11e-09  1.38e+01    12s
  43   2.54817159e+09  2.55177109e+09  7.38e-02 9.31e-10  1.29e+01    12s
  44   2.54859966e+09  2.55163623e+09  6.20e-02 8.44e-10  1.08e+01    12s
  45   2.54869622e+09  2.55160843e+09  5.93e-02 9.60e-10  1.03e+01    12s
  46   2.54890672e+09  2.55157576e+09  5.34e-02 1.02e-09  9.43e+00    12s
  47   2.54923824e+09  2.55150618e+09  4.44e-02 1.38e-09  8.00e+00    12s
  48   2.54953382e+09  2.55142539e+09  3.66e-02 8.15e-10  6.65e+00    12s
  49   2.54979545e+09  2.55135786e+09  2.95e-02 1.46e-09  5.48e+00    13s
  50   2.54989727e+09  2.55132583e+09  2.70e-02 2.15e-09  5.00e+00    13s
  51   2.55012079e+09  2.55122964e+09  2.15e-02 2.04e-09  3.89e+00    13s
  52   2.55026401e+09  2.55116807e+09  1.78e-02 6.69e-10  3.16e+00    13s
  53   2.55050146e+09  2.55111988e+09  1.21e-02 6.98e-10  2.16e+00    13s
  54   2.55069016e+09  2.55108094e+09  7.58e-03 1.57e-09  1.37e+00    13s
  55   2.55083841e+09  2.55103957e+09  4.08e-03 8.73e-10  7.05e-01    13s
  56   2.55093139e+09  2.55102908e+09  1.94e-03 6.11e-10  3.43e-01    13s
  57   2.55095871e+09  2.55101937e+09  1.31e-03 6.98e-10  2.14e-01    13s
  58   2.55096580e+09  2.55101818e+09  1.15e-03 5.82e-10  1.85e-01    13s
  59   2.55098708e+09  2.55101780e+09  6.65e-04 5.82e-10  1.09e-01    13s
  60   2.55099592e+09  2.55101775e+09  4.66e-04 6.11e-10  7.71e-02    13s
  61   2.55101295e+09  2.55101745e+09  8.82e-05 5.82e-10  1.59e-02    14s
  62   2.55101684e+09  2.55101724e+09  1.08e-05 8.15e-10  1.41e-03    14s
  63   2.55101714e+09  2.55101715e+09  3.51e-07 7.57e-10  4.05e-05    14s
  64   2.55101715e+09  2.55101715e+09  8.09e-08 7.20e-10  2.47e-08    14s
  65   2.55101715e+09  2.55101715e+09  8.73e-11 6.11e-10  6.41e-11    14s

Barrier solved model in 65 iterations and 13.83 seconds (14.18 work units)
Optimal objective 2.55101715e+09


Root crossover log...

    4522 DPushes remaining with DInf 0.0000000e+00                14s
       0 DPushes remaining with DInf 0.0000000e+00                14s

     244 PPushes remaining with PInf 0.0000000e+00                14s
       0 PPushes remaining with PInf 0.0000000e+00                14s

  Push phase complete: Pinf 0.0000000e+00, Dinf 4.1438518e-08     14s


Root simplex log...

Iteration    Objective       Primal Inf.    Dual Inf.      Time
    4525    2.5510171e+09   0.000000e+00   0.000000e+00     14s
Concurrent spin time: 0.00s

Solved with barrier
    4603    2.5510171e+09   0.000000e+00   0.000000e+00     14s
Extra simplex iterations after uncrush: 78

Root relaxation: objective 2.551017e+09, 4603 iterations, 6.39 seconds (4.52 work units)

    Nodes    |    Current Node    |     Objective Bounds      |     Work
 Expl Unexpl |  Obj  Depth IntInf | Incumbent    BestBd   Gap | It/Node Time

     0     0 2.5510e+09    0  271          - 2.5510e+09      -     -   15s
H    0     0                    2.470961e+09 2.5510e+09  3.24%     -   24s
H    0     0                    2.471363e+09 2.5510e+09  3.22%     -   26s
H    0     0                    2.486553e+09 2.5510e+09  2.59%     -   29s
H    0     0                    2.504902e+09 2.5510e+09  1.84%     -   30s
H    0     0                    2.514230e+09 2.5499e+09  1.42%     -   34s
     0     0 2.5498e+09    0  284 2.5142e+09 2.5498e+09  1.41%     -   36s
H    0     0                    2.514230e+09 2.5498e+09  1.41%     -   50s
H    0     0                    2.518449e+09 2.5497e+09  1.24%     -   54s
     0     0 2.5489e+09    0  270 2.5184e+09 2.5489e+09  1.21%     -   54s
     0     0 2.5489e+09    0  289 2.5184e+09 2.5489e+09  1.21%     -   56s
     0     0 2.5489e+09    0  293 2.5184e+09 2.5489e+09  1.21%     -   56s
     0     0 2.5489e+09    0  296 2.5184e+09 2.5489e+09  1.21%     -   57s
     0     0 2.5489e+09    0  280 2.5184e+09 2.5489e+09  1.21%     -   61s
H    0     0                    2.519316e+09 2.5489e+09  1.17%     -   63s
     0     0 2.5488e+09    0  294 2.5193e+09 2.5488e+09  1.17%     -   66s
     0     0 2.5488e+09    0  299 2.5193e+09 2.5488e+09  1.17%     -   68s
     0     0 2.5488e+09    0  304 2.5193e+09 2.5488e+09  1.17%     -   68s
     0     0 2.5488e+09    0  311 2.5193e+09 2.5488e+09  1.17%     -   69s
     0     0 2.5480e+09    0  318 2.5193e+09 2.5480e+09  1.14%     -   73s
     0     0 2.5480e+09    0  323 2.5193e+09 2.5480e+09  1.14%     -   75s
     0     0 2.5480e+09    0  324 2.5193e+09 2.5480e+09  1.14%     -   75s
H    0     0                    2.521018e+09 2.5480e+09  1.07%     -   78s
     0     0 2.5480e+09    0  306 2.5210e+09 2.5480e+09  1.07%     -   78s
H    0     0                    2.522769e+09 2.5480e+09  1.00%     -   81s
     0     0 2.5480e+09    0  309 2.5228e+09 2.5480e+09  1.00%     -   82s
     0     0 2.5480e+09    0  319 2.5228e+09 2.5480e+09  1.00%     -   83s
     0     0 2.5480e+09    0  323 2.5228e+09 2.5480e+09  1.00%     -   83s
H    0     0                    2.525560e+09 2.5480e+09  0.89%     -   85s

Cutting planes:
  Cover: 11
  Implied bound: 12
  Clique: 1
  MIR: 54
  Flow cover: 68
  GUB cover: 3
  RLT: 3
  Relax-and-lift: 9

Explored 1 nodes (21393 simplex iterations) in 85.33 seconds (77.62 work units)
Thread count was 20 (of 40 available processors)

Solution count 10: 2.52556e+09 2.52277e+09 2.52102e+09 ... 2.47136e+09

Optimal solution found (tolerance 1.00e-02)
Best objective 2.525560379174e+09, best bound 2.548016589472e+09, gap 0.8892%
