
Gurobi 10.0.1 (linux64) logging started Sat May 27 01:24:22 2023

Set parameter LogFile to value "logFiles/A-2L-C/A-2L-6U-15F-15V-240D/basic-05-27-2023, 01-24-H70-P50-O15.log"
Gurobi Optimizer version 10.0.1 build v10.0.1rc0 (linux64)

CPU model: Intel(R) Xeon(R) Gold 5115 CPU @ 2.40GHz, instruction set [SSE2|AVX|AVX2|AVX512]
Thread count: 20 physical cores, 40 logical processors, using up to 20 threads

Optimize a model with 40062 rows, 415210 columns and 1913700 nonzeros
Model fingerprint: 0x2094c574
Variable types: 175508 continuous, 239702 integer (239702 binary)
Coefficient statistics:
  Matrix range     [1e+00, 2e+05]
  Objective range  [4e+01, 3e+07]
  Bounds range     [1e+00, 1e+00]
  RHS range        [1e+00, 3e+06]

Loaded user MIP start with objective 8.74311e+08

Presolve removed 26717 rows and 20655 columns (presolve time = 5s) ...
Presolve removed 26685 rows and 20623 columns
Presolve time: 6.66s
Presolved: 13377 rows, 394587 columns, 1653889 nonzeros
Found heuristic solution: objective 2.840137e+09
Variable types: 164689 continuous, 229898 integer (229884 binary)
Deterministic concurrent LP optimizer: primal simplex, dual simplex, and barrier
Showing barrier log only...

Root barrier log...

Ordering time: 0.57s

Barrier statistics:
 AA' NZ     : 8.549e+05
 Factor NZ  : 6.319e+06 (roughly 200 MB of memory)
 Factor Ops : 1.047e+10 (less than 1 second per iteration)
 Threads    : 18

                  Objective                Residual
Iter       Primal          Dual         Primal    Dual     Compl     Time
   0  -2.24573060e+16  4.93439275e+13  1.69e+09 6.07e+06  3.13e+12    11s
   1  -7.06215124e+15  6.37121166e+13  5.31e+08 5.52e+06  9.94e+11    11s
   2  -1.53987686e+15  6.13318387e+13  1.16e+08 2.99e-08  2.22e+11    11s
   3  -1.92900831e+13  4.54809575e+13  1.45e+06 2.99e-08  2.85e+09    12s
   4  -9.41018180e+11  1.14851768e+13  7.11e+04 2.99e-08  1.53e+08    12s
   5  -3.66586944e+11  6.13974912e+12  2.78e+04 2.25e-08  6.01e+07    12s
   6  -1.57565451e+11  5.49329791e+12  1.21e+04 2.00e-08  2.94e+07    12s
   7  -1.18671579e+11  3.81768163e+12  9.15e+03 2.24e-08  2.05e+07    12s
   8  -5.46350783e+10  2.45457931e+12  4.33e+03 9.59e-08  9.95e+06    12s
   9  -3.48631926e+10  1.44817088e+12  2.84e+03 2.92e-07  5.88e+06    13s
  10  -6.00327644e+09  6.83122913e+11  6.77e+02 1.42e-07  1.72e+06    13s
  11  -2.20720354e+09  3.98179796e+11  3.95e+02 2.03e-07  9.64e+05    13s
  12   9.25677400e+08  2.78666149e+11  1.64e+02 1.08e-07  5.30e+05    13s
  13   2.04407051e+09  2.03047845e+11  7.79e+01 1.25e-07  3.38e+05    13s
  14   2.37736826e+09  1.43315852e+11  5.25e+01 1.05e-07  2.35e+05    14s
  15   2.54772926e+09  1.28527203e+11  3.95e+01 9.59e-08  2.02e+05    14s
  16   2.68360394e+09  9.45752942e+10  2.91e+01 1.95e-07  1.48e+05    14s
  17   2.86635419e+09  6.23377582e+10  1.53e+01 2.43e-07  9.33e+04    14s
  18   2.96965769e+09  4.02177404e+10  7.58e+00 3.72e-07  5.74e+04    14s
  19   2.98807897e+09  2.39797427e+10  6.29e+00 3.19e-07  3.52e+04    15s
  20   3.00101565e+09  1.76851613e+10  5.43e+00 3.58e-07  2.60e+04    15s
  21   3.00529526e+09  1.63381321e+10  5.14e+00 3.39e-07  2.39e+04    15s
  22   3.03785350e+09  1.40407460e+10  3.02e+00 4.77e-07  1.79e+04    15s
  23   3.06784353e+09  1.30630168e+10  1.05e+00 4.77e-07  1.40e+04    16s
  24   3.07901296e+09  7.72515389e+09  8.42e-01 5.23e-07  6.69e+03    16s
  25   3.14478160e+09  5.99967612e+09  2.59e-01 4.17e-07  3.82e+03    16s
  26   3.17611811e+09  5.07401480e+09  1.45e-01 2.98e-07  2.50e+03    16s
  27   3.20658228e+09  4.28716804e+09  8.99e-02 5.08e-07  1.42e+03    16s
  28   3.21822786e+09  3.95927588e+09  7.33e-02 3.85e-07  9.76e+02    17s
  29   3.22831364e+09  3.83502900e+09  6.20e-02 4.57e-07  7.99e+02    17s
  30   3.23830835e+09  3.75011874e+09  4.94e-02 5.26e-07  6.71e+02    17s
  31   3.25129328e+09  3.58370498e+09  3.58e-02 3.70e-07  4.37e+02    17s
  32   3.25223644e+09  3.53454371e+09  3.49e-02 4.32e-07  3.73e+02    17s
  33   3.27307434e+09  3.44190560e+09  1.36e-02 3.69e-07  2.20e+02    18s
  34   3.28361963e+09  3.35612526e+09  7.46e-03 4.65e-07  9.52e+01    18s
  35   3.29231883e+09  3.34809784e+09  3.28e-03 5.89e-07  7.21e+01    18s
  36   3.29525157e+09  3.33901504e+09  2.48e-03 6.43e-07  5.66e+01    18s
  37   3.29721394e+09  3.33165710e+09  2.04e-03 5.11e-07  4.46e+01    18s
  38   3.29810486e+09  3.32853989e+09  1.84e-03 7.69e-07  3.94e+01    19s
  39   3.30018438e+09  3.32695983e+09  1.44e-03 5.07e-07  3.46e+01    19s
  40   3.30360411e+09  3.32301195e+09  8.62e-04 5.98e-07  2.50e+01    19s
  41   3.30633135e+09  3.31717885e+09  5.28e-04 4.79e-07  1.40e+01    19s
  42   3.30879534e+09  3.31497435e+09  2.35e-04 6.84e-07  7.95e+00    20s
  43   3.31002052e+09  3.31298520e+09  1.14e-04 8.34e-07  3.82e+00    20s
  44   3.31072533e+09  3.31231067e+09  5.28e-05 7.15e-07  2.04e+00    20s
  45   3.31106877e+09  3.31193783e+09  2.56e-05 7.15e-07  1.12e+00    20s
  46   3.31123874e+09  3.31162635e+09  1.22e-05 8.38e-07  4.99e-01    20s
  47   3.31138026e+09  3.31147641e+09  1.92e-06 5.97e-07  1.23e-01    21s
  48   3.31140182e+09  3.31142509e+09  1.57e-06 8.34e-07  2.99e-02    21s
  49   3.31141032e+09  3.31141190e+09  1.09e-06 9.63e-07  2.06e-03    21s
  50   3.31141152e+09  3.31141157e+09  2.56e-06 9.72e-07  6.58e-05    21s
  51   3.31141155e+09  3.31141155e+09  6.02e-08 8.34e-07  1.98e-09    21s

Barrier solved model in 51 iterations and 21.42 seconds (22.41 work units)
Optimal objective 3.31141155e+09


Root crossover log...

   10613 DPushes remaining with DInf 0.0000000e+00                21s
       0 DPushes remaining with DInf 0.0000000e+00                22s

     714 PPushes remaining with PInf 0.0000000e+00                22s
       0 PPushes remaining with PInf 0.0000000e+00                22s

  Push phase complete: Pinf 0.0000000e+00, Dinf 2.1506117e+00     22s


Root simplex log...

Iteration    Objective       Primal Inf.    Dual Inf.      Time
   11321    3.3114115e+09   0.000000e+00   2.150612e+00     22s
   11324    3.3114115e+09   0.000000e+00   0.000000e+00     22s
Concurrent spin time: 0.06s

Solved with barrier
   11324    3.3114115e+09   0.000000e+00   0.000000e+00     22s

Root relaxation: objective 3.311412e+09, 11324 iterations, 13.43 seconds (9.51 work units)

    Nodes    |    Current Node    |     Objective Bounds      |     Work
 Expl Unexpl |  Obj  Depth IntInf | Incumbent    BestBd   Gap | It/Node Time

     0     0 3.3114e+09    0  188 2.8401e+09 3.3114e+09  16.6%     -   24s
H    0     0                    3.287151e+09 3.3114e+09  0.74%     -   36s

Explored 1 nodes (25154 simplex iterations) in 36.33 seconds (32.78 work units)
Thread count was 20 (of 40 available processors)

Solution count 3: 3.28715e+09 2.84014e+09 8.74311e+08 

Optimal solution found (tolerance 1.00e-02)
Best objective 3.287150771093e+09, best bound 3.311411549124e+09, gap 0.7380%
Gurobi Optimizer version 10.0.1 build v10.0.1rc0 (linux64)

CPU model: Intel(R) Xeon(R) Gold 5115 CPU @ 2.40GHz, instruction set [SSE2|AVX|AVX2|AVX512]
Thread count: 20 physical cores, 40 logical processors, using up to 20 threads

Optimize a model with 70857 rows, 773764 columns and 3966022 nonzeros
Model fingerprint: 0xe699e18f
Variable types: 249369 continuous, 524395 integer (524395 binary)
Coefficient statistics:
  Matrix range     [1e+00, 2e+05]
  Objective range  [4e+01, 3e+07]
  Bounds range     [4e-15, 3e+05]
  RHS range        [1e+00, 4e+06]

User MIP start did not produce a new incumbent solution
User MIP start violates constraint flow[AD-2,AD-2-M,91] by 1.000000000

Presolve removed 59108 rows and 587400 columns (presolve time = 5s) ...
Presolve removed 60783 rows and 626220 columns
Presolve time: 8.65s
Presolved: 10074 rows, 147544 columns, 612052 nonzeros
Variable types: 70350 continuous, 77194 integer (77177 binary)
Deterministic concurrent LP optimizer: primal simplex, dual simplex, and barrier
Showing barrier log only...

Root barrier log...

Ordering time: 0.19s

Barrier statistics:
 AA' NZ     : 3.514e+05
 Factor NZ  : 2.061e+06 (roughly 80 MB of memory)
 Factor Ops : 1.836e+09 (less than 1 second per iteration)
 Threads    : 17

                  Objective                Residual
Iter       Primal          Dual         Primal    Dual     Compl     Time
   0  -5.25805093e+15  3.21245114e+13  3.49e+08 3.99e+06  1.51e+12    12s
   1  -9.73928300e+14  4.41337322e+13  6.54e+07 3.14e+06  2.86e+11    12s
   2  -1.44648817e+14  2.95842868e+13  9.72e+06 2.61e-08  4.27e+10    12s
   3  -2.50880789e+12  1.71158040e+13  1.69e+05 2.61e-08  7.97e+08    12s
   4  -5.04798499e+11  3.03003766e+12  3.40e+04 2.24e-08  1.60e+08    12s
   5  -1.61767894e+11  1.91560401e+12  1.10e+04 1.86e-08  5.45e+07    12s
   6  -6.70882042e+10  1.73681136e+12  4.62e+03 1.87e-08  2.60e+07    12s
   7  -2.39870826e+10  1.22328814e+12  1.73e+03 1.50e-08  1.12e+07    12s
   8  -1.52137025e+10  7.62111615e+11  1.14e+03 5.96e-08  6.71e+06    12s
   9  -1.86746965e+09  4.69141686e+11  2.46e+02 1.04e-07  2.40e+06    12s
  10   6.90278424e+08  1.48323664e+11  7.64e+01 6.89e-08  7.13e+05    12s
  11   1.34189958e+09  4.73500922e+10  3.42e+01 8.94e-08  2.46e+05    12s
  12   1.58176204e+09  3.19263290e+10  1.85e+01 1.19e-07  1.53e+05    12s
  13   1.71877442e+09  2.41174690e+10  9.91e+00 9.69e-08  1.03e+05    13s
  14   1.74942603e+09  2.14890364e+10  8.16e+00 8.94e-08  8.99e+04    13s
  15   1.78851187e+09  1.22088845e+10  5.87e+00 7.95e-08  5.44e+04    13s
  16   1.81688545e+09  8.71550996e+09  4.58e+00 1.12e-07  3.88e+04    13s
  17   1.84947073e+09  6.22707326e+09  3.36e+00 8.38e-08  2.58e+04    13s
  18   1.89428633e+09  5.44965867e+09  2.12e+00 7.43e-08  1.85e+04    13s
  19   1.90078305e+09  4.08611342e+09  1.94e+00 6.90e-08  1.24e+04    13s
  20   1.94525713e+09  3.56257075e+09  1.13e+00 5.31e-08  8.14e+03    13s
  21   1.98239142e+09  2.93151917e+09  5.52e-01 4.84e-08  4.22e+03    13s
  22   2.00698790e+09  2.43108892e+09  2.20e-01 2.29e-08  1.69e+03    13s
  23   2.01684577e+09  2.24150072e+09  1.52e-01 1.49e-08  8.71e+02    13s
  24   2.02041696e+09  2.21651161e+09  1.31e-01 1.61e-08  7.51e+02    13s
  25   2.02196757e+09  2.21164648e+09  1.22e-01 1.39e-08  7.22e+02    14s
  26   2.02601382e+09  2.18171241e+09  9.88e-02 1.05e-08  5.82e+02    14s
  27   2.03127691e+09  2.16104862e+09  7.27e-02 8.50e-09  4.76e+02    14s
  28   2.03580261e+09  2.14501045e+09  5.65e-02 8.85e-09  3.95e+02    14s
  29   2.04488631e+09  2.12120109e+09  3.46e-02 6.72e-09  2.72e+02    14s
  30   2.04907688e+09  2.11560205e+09  2.68e-02 1.16e-08  2.35e+02    14s
  31   2.04924097e+09  2.10459426e+09  2.65e-02 6.46e-09  1.96e+02    14s
  32   2.04975317e+09  2.09965935e+09  2.53e-02 1.07e-08  1.76e+02    14s
  33   2.05448456e+09  2.09017113e+09  1.65e-02 5.59e-09  1.25e+02    14s
  34   2.05675144e+09  2.07909757e+09  1.27e-02 6.64e-09  7.83e+01    14s
  35   2.05994444e+09  2.07516860e+09  8.75e-03 7.25e-09  5.32e+01    14s
  36   2.06181763e+09  2.07370579e+09  6.52e-03 6.29e-09  4.15e+01    14s
  37   2.06319231e+09  2.07173996e+09  4.92e-03 6.64e-09  2.98e+01    14s
  38   2.06410853e+09  2.07148512e+09  3.98e-03 7.92e-09  2.57e+01    14s
  39   2.06438427e+09  2.07121036e+09  3.71e-03 7.45e-09  2.38e+01    15s
  40   2.06575066e+09  2.07077606e+09  2.54e-03 7.45e-09  1.75e+01    15s
  41   2.06625854e+09  2.07033117e+09  2.12e-03 7.10e-09  1.42e+01    15s
  42   2.06680086e+09  2.07012511e+09  1.68e-03 7.45e-09  1.16e+01    15s
  43   2.06719502e+09  2.06993578e+09  1.38e-03 5.94e-09  9.53e+00    15s
  44   2.06780080e+09  2.06975106e+09  8.47e-04 6.69e-09  6.76e+00    15s
  45   2.06816462e+09  2.06953494e+09  5.92e-04 5.94e-09  4.75e+00    15s
  46   2.06859511e+09  2.06941465e+09  3.02e-04 8.38e-09  2.84e+00    15s
  47   2.06875513e+09  2.06925571e+09  1.99e-04 7.71e-09  1.73e+00    15s
  48   2.06893460e+09  2.06918710e+09  8.57e-05 7.45e-09  8.73e-01    15s
  49   2.06905733e+09  2.06909256e+09  1.08e-05 6.17e-09  1.22e-01    15s
  50   2.06906562e+09  2.06908853e+09  6.70e-06 8.56e-09  7.91e-02    15s
  51   2.06907699e+09  2.06908609e+09  1.08e-06 7.45e-09  3.12e-02    16s
  52   2.06907865e+09  2.06908188e+09  3.52e-07 4.80e-09  1.11e-02    16s
  53   2.06907923e+09  2.06908068e+09  1.34e-07 7.68e-09  4.97e-03    16s
  54   2.06907932e+09  2.06907999e+09  9.71e-08 5.76e-09  2.29e-03    16s
  55   2.06907947e+09  2.06907995e+09  4.06e-08 6.40e-09  1.62e-03    16s
  56   2.06907954e+09  2.06907970e+09  1.56e-08 7.92e-09  5.35e-04    16s
  57   2.06907958e+09  2.06907958e+09  6.89e-09 7.45e-09  1.14e-06    16s
  58   2.06907958e+09  2.06907958e+09  1.19e-09 6.00e-09  6.36e-11    16s

Barrier solved model in 58 iterations and 16.16 seconds (18.13 work units)
Optimal objective 2.06907958e+09


Root crossover log...

    4578 DPushes remaining with DInf 0.0000000e+00                16s
       0 DPushes remaining with DInf 0.0000000e+00                16s

     415 PPushes remaining with PInf 0.0000000e+00                16s
       0 PPushes remaining with PInf 0.0000000e+00                16s

  Push phase complete: Pinf 0.0000000e+00, Dinf 1.8488962e+02     16s


Root simplex log...

Iteration    Objective       Primal Inf.    Dual Inf.      Time
    4964    2.0690796e+09   0.000000e+00   1.848896e+02     16s
    4965    2.0690796e+09   0.000000e+00   0.000000e+00     16s
Concurrent spin time: 0.00s

Solved with barrier
    4965    2.0690796e+09   0.000000e+00   0.000000e+00     16s

Root relaxation: objective 2.069080e+09, 4965 iterations, 5.54 seconds (3.84 work units)
Another try with MIP start

    Nodes    |    Current Node    |     Objective Bounds      |     Work
 Expl Unexpl |  Obj  Depth IntInf | Incumbent    BestBd   Gap | It/Node Time

     0     0 2.0691e+09    0  155          - 2.0691e+09      -     -   17s
H    0     0                    2.028899e+09 2.0691e+09  1.98%     -   22s
H    0     0                    2.032879e+09 2.0691e+09  1.78%     -   24s
     0     0 2.0685e+09    0  163 2.0329e+09 2.0685e+09  1.75%     -   28s
H    0     0                    2.034214e+09 2.0685e+09  1.69%     -   32s
H    0     0                    2.034324e+09 2.0685e+09  1.68%     -   33s
     0     0 2.0671e+09    0  165 2.0343e+09 2.0671e+09  1.61%     -   33s
     0     0 2.0671e+09    0  167 2.0343e+09 2.0671e+09  1.61%     -   33s
H    0     0                    2.034748e+09 2.0671e+09  1.59%     -   35s
     0     0 2.0671e+09    0  178 2.0347e+09 2.0671e+09  1.59%     -   37s
     0     0 2.0670e+09    0  167 2.0347e+09 2.0670e+09  1.59%     -   39s
     0     0 2.0670e+09    0  167 2.0347e+09 2.0670e+09  1.59%     -   40s
     0     0 2.0670e+09    0  167 2.0347e+09 2.0670e+09  1.59%     -   40s
     0     0 2.0670e+09    0  167 2.0347e+09 2.0670e+09  1.58%     -   42s
H    0     0                    2.034753e+09 2.0670e+09  1.58%     -   46s
     0     0 2.0670e+09    0  170 2.0348e+09 2.0670e+09  1.58%     -   46s
     0     0 2.0669e+09    0  178 2.0348e+09 2.0669e+09  1.58%     -   48s
H    0     0                    2.037697e+09 2.0669e+09  1.43%     -   52s
     0     0 2.0669e+09    0  179 2.0377e+09 2.0669e+09  1.43%     -   53s
     0     0 2.0669e+09    0  190 2.0377e+09 2.0669e+09  1.43%     -   54s
H    0     0                    2.037981e+09 2.0669e+09  1.42%     -   58s
     0     0 2.0669e+09    0  192 2.0380e+09 2.0669e+09  1.42%     -   58s
     0     0 2.0667e+09    0  195 2.0380e+09 2.0667e+09  1.41%     -   60s
H    0     0                    2.039915e+09 2.0667e+09  1.31%     -   65s
H    0     0                    2.039987e+09 2.0667e+09  1.31%     -   66s
H    0     0                    2.040762e+09 2.0667e+09  1.27%     -   66s
     0     0 2.0667e+09    0  197 2.0408e+09 2.0667e+09  1.27%     -   66s
     0     0 2.0667e+09    0  198 2.0408e+09 2.0667e+09  1.27%     -   67s
     0     0 2.0667e+09    0  183 2.0408e+09 2.0667e+09  1.27%     -   69s
     0     0 2.0667e+09    0  200 2.0408e+09 2.0667e+09  1.27%     -   71s
     0     0 2.0667e+09    0  202 2.0408e+09 2.0667e+09  1.27%     -   71s
     0     0 2.0666e+09    0  206 2.0408e+09 2.0666e+09  1.27%     -   73s
     0     0 2.0666e+09    0  209 2.0408e+09 2.0666e+09  1.27%     -   73s
     0     0 2.0659e+09    0  188 2.0408e+09 2.0659e+09  1.23%     -   76s
H    0     0                    2.040897e+09 2.0659e+09  1.22%     -   78s
     0     0 2.0659e+09    0  198 2.0409e+09 2.0659e+09  1.22%     -   78s
     0     0 2.0659e+09    0  200 2.0409e+09 2.0659e+09  1.22%     -   78s
     0     0 2.0659e+09    0  212 2.0409e+09 2.0659e+09  1.22%     -   80s
     0     0 2.0659e+09    0  208 2.0409e+09 2.0659e+09  1.22%     -   81s
     0     0 2.0659e+09    0  198 2.0409e+09 2.0659e+09  1.22%     -   83s
     0     0 2.0659e+09    0  201 2.0409e+09 2.0659e+09  1.22%     -   84s
     0     0 2.0659e+09    0  206 2.0409e+09 2.0659e+09  1.22%     -   86s
     0     0 2.0659e+09    0  199 2.0409e+09 2.0659e+09  1.22%     -   87s
H    0     0                    2.041774e+09 2.0659e+09  1.18%     -  101s
     0     2 2.0659e+09    0  195 2.0418e+09 2.0659e+09  1.18%     -  102s
     3     8 2.0657e+09    2  190 2.0418e+09 2.0657e+09  1.17%   368  105s
    31    52 2.0655e+09    5  220 2.0418e+09 2.0655e+09  1.16%   364  112s
    51    72 2.0655e+09    6  210 2.0418e+09 2.0655e+09  1.16%   397  115s
    71    92 2.0655e+09    6  212 2.0418e+09 2.0655e+09  1.16%   398  123s
H   72    92                    2.046552e+09 2.0655e+09  0.93%   392  123s
H   85    92                    2.049497e+09 2.0655e+09  0.78%   383  124s

Cutting planes:
  Cover: 58
  Implied bound: 94
  Clique: 1
  MIR: 123
  Flow cover: 90
  GUB cover: 3
  Network: 15
  RLT: 2
  Relax-and-lift: 40

Explored 91 nodes (49438 simplex iterations) in 124.19 seconds (120.33 work units)
Thread count was 20 (of 40 available processors)

Solution count 10: 2.0495e+09 2.04655e+09 2.04177e+09 ... 2.03475e+09

Optimal solution found (tolerance 1.00e-02)
Best objective 2.049496867816e+09, best bound 2.065514618879e+09, gap 0.7815%
Gurobi Optimizer version 10.0.1 build v10.0.1rc0 (linux64)

CPU model: Intel(R) Xeon(R) Gold 5115 CPU @ 2.40GHz, instruction set [SSE2|AVX|AVX2|AVX512]
Thread count: 20 physical cores, 40 logical processors, using up to 20 threads

Optimize a model with 90871 rows, 967645 columns and 5093559 nonzeros
Model fingerprint: 0x53e8c193
Variable types: 104679 continuous, 862966 integer (862966 binary)
Coefficient statistics:
  Matrix range     [1e+00, 2e+05]
  Objective range  [4e+01, 3e+07]
  Bounds range     [1e-16, 3e+05]
  RHS range        [1e+00, 5e+06]

Processing user MIP start: 0 nodes explored in subMIP, total elapsed time 5s
Processing user MIP start: 0 nodes explored in subMIP, total elapsed time 10s
Processing user MIP start: 0 nodes explored in subMIP, total elapsed time 15s
Processing user MIP start: 0 nodes explored in subMIP, total elapsed time 20s
User MIP start produced solution with objective 2.518e+09 (22.44s)
User MIP start produced solution with objective 2.51864e+09 (22.82s)
Processing user MIP start: 0 nodes explored in subMIP, total elapsed time 25s
Processing user MIP start: 0 nodes explored in subMIP, total elapsed time 30s
User MIP start produced solution with objective 2.53752e+09 (30.93s)
Processing user MIP start: 0 nodes explored in subMIP, total elapsed time 35s
User MIP start produced solution with objective 2.53778e+09 (36.92s)
Processing user MIP start: 0 nodes explored in subMIP, total elapsed time 40s
Processing user MIP start: 0 nodes explored in subMIP, total elapsed time 45s
User MIP start produced solution with objective 2.54025e+09 (45.64s)
Processing user MIP start: 0 nodes explored in subMIP, total elapsed time 50s
User MIP start produced solution with objective 2.5403e+09 (54.44s)
Processing user MIP start: 0 nodes explored in subMIP, total elapsed time 55s
Processing user MIP start: 0 nodes explored in subMIP, total elapsed time 60s
User MIP start produced solution with objective 2.54082e+09 (60.53s)
Processing user MIP start: 0 nodes explored in subMIP, total elapsed time 65s
Processing user MIP start: 0 nodes explored in subMIP, total elapsed time 70s
Processing user MIP start: 0 nodes explored in subMIP, total elapsed time 75s
Processing user MIP start: 0 nodes explored in subMIP, total elapsed time 80s
Processing user MIP start: 0 nodes explored in subMIP, total elapsed time 85s
Processing user MIP start: 0 nodes explored in subMIP, total elapsed time 90s
User MIP start produced solution with objective 2.54426e+09 (91.11s)
Processing user MIP start: 0 nodes explored in subMIP, total elapsed time 95s
Processing user MIP start: 0 nodes explored in subMIP, total elapsed time 100s
Processing user MIP start: 0 nodes explored in subMIP, total elapsed time 105s
Processing user MIP start: 0 nodes explored in subMIP, total elapsed time 110s
Processing user MIP start: 0 nodes explored in subMIP, total elapsed time 115s
Processing user MIP start: 0 nodes explored in subMIP, total elapsed time 120s
Processing user MIP start: 0 nodes explored in subMIP, total elapsed time 125s
Processing user MIP start: 0 nodes explored in subMIP, total elapsed time 130s
Processing user MIP start: 0 nodes explored in subMIP, total elapsed time 135s
User MIP start produced solution with objective 2.54565e+09 (135.29s)
Processing user MIP start: 0 nodes explored in subMIP, total elapsed time 140s
Processing user MIP start: 0 nodes explored in subMIP, total elapsed time 145s
Processing user MIP start: 0 nodes explored in subMIP, total elapsed time 150s
Processing user MIP start: 0 nodes explored in subMIP, total elapsed time 155s
Processing user MIP start: 0 nodes explored in subMIP, total elapsed time 160s
Processing user MIP start: 0 nodes explored in subMIP, total elapsed time 165s
Processing user MIP start: 0 nodes explored in subMIP, total elapsed time 170s
User MIP start produced solution with objective 2.54565e+09 (170.69s)
User MIP start produced solution with objective 2.54681e+09 (173.88s)
Processing user MIP start: 0 nodes explored in subMIP, total elapsed time 175s
Processing user MIP start: 0 nodes explored in subMIP, total elapsed time 180s
Processing user MIP start: 0 nodes explored in subMIP, total elapsed time 185s
Processing user MIP start: 0 nodes explored in subMIP, total elapsed time 190s
User MIP start produced solution with objective 2.54697e+09 (190.65s)
Processing user MIP start: 0 nodes explored in subMIP, total elapsed time 195s
Processing user MIP start: 0 nodes explored in subMIP, total elapsed time 200s
Processing user MIP start: 0 nodes explored in subMIP, total elapsed time 205s
Processing user MIP start: 0 nodes explored in subMIP, total elapsed time 210s
User MIP start produced solution with objective 2.54713e+09 (210.20s)
Processing user MIP start: 0 nodes explored in subMIP, total elapsed time 215s
Processing user MIP start: 0 nodes explored in subMIP, total elapsed time 220s
Processing user MIP start: 0 nodes explored in subMIP, total elapsed time 225s
Processing user MIP start: 6 nodes explored in subMIP, total elapsed time 230s
Processing user MIP start: 13 nodes explored in subMIP, total elapsed time 235s
Processing user MIP start: 21 nodes explored in subMIP, total elapsed time 240s
Processing user MIP start: 25 nodes explored in subMIP, total elapsed time 245s
User MIP start produced solution with objective 2.54718e+09 (246.64s)
Processing user MIP start: 30 nodes explored in subMIP, total elapsed time 250s
Processing user MIP start: 38 nodes explored in subMIP, total elapsed time 255s
Processing user MIP start: 46 nodes explored in subMIP, total elapsed time 260s
User MIP start produced solution with objective 2.54719e+09 (263.73s)
Processing user MIP start: 53 nodes explored in subMIP, total elapsed time 265s
Processing user MIP start: 57 nodes explored in subMIP, total elapsed time 270s
Processing user MIP start: 62 nodes explored in subMIP, total elapsed time 275s
Processing user MIP start: 69 nodes explored in subMIP, total elapsed time 280s
Processing user MIP start: 77 nodes explored in subMIP, total elapsed time 285s
User MIP start produced solution with objective 2.54722e+09 (287.92s)
User MIP start produced solution with objective 2.54733e+09 (289.62s)
Processing user MIP start: 81 nodes explored in subMIP, total elapsed time 290s
Processing user MIP start: 90 nodes explored in subMIP, total elapsed time 295s
Processing user MIP start: 99 nodes explored in subMIP, total elapsed time 300s
Processing user MIP start: 103 nodes explored in subMIP, total elapsed time 305s
Processing user MIP start: 110 nodes explored in subMIP, total elapsed time 310s
Processing user MIP start: 120 nodes explored in subMIP, total elapsed time 315s
Processing user MIP start: 128 nodes explored in subMIP, total elapsed time 320s
Processing user MIP start: 129 nodes explored in subMIP, total elapsed time 325s
Processing user MIP start: 136 nodes explored in subMIP, total elapsed time 330s
Processing user MIP start: 144 nodes explored in subMIP, total elapsed time 335s
Processing user MIP start: 153 nodes explored in subMIP, total elapsed time 340s
Processing user MIP start: 157 nodes explored in subMIP, total elapsed time 345s
User MIP start produced solution with objective 2.54737e+09 (349.13s)
Processing user MIP start: 164 nodes explored in subMIP, total elapsed time 350s
Processing user MIP start: 171 nodes explored in subMIP, total elapsed time 355s
Processing user MIP start: 181 nodes explored in subMIP, total elapsed time 360s
User MIP start produced solution with objective 2.54744e+09 (361.19s)
Processing user MIP start: 190 nodes explored in subMIP, total elapsed time 365s
Processing user MIP start: 203 nodes explored in subMIP, total elapsed time 370s
User MIP start produced solution with objective 2.54808e+09 (374.27s)
Processing user MIP start: 209 nodes explored in subMIP, total elapsed time 375s
Processing user MIP start: 218 nodes explored in subMIP, total elapsed time 380s
Processing user MIP start: 228 nodes explored in subMIP, total elapsed time 385s
Processing user MIP start: 233 nodes explored in subMIP, total elapsed time 390s
User MIP start produced solution with objective 2.54815e+09 (392.18s)
Processing user MIP start: 239 nodes explored in subMIP, total elapsed time 395s
User MIP start produced solution with objective 2.54816e+09 (395.96s)
Processing user MIP start: 255 nodes explored in subMIP, total elapsed time 400s
Processing user MIP start: 273 nodes explored in subMIP, total elapsed time 405s
Processing user MIP start: 285 nodes explored in subMIP, total elapsed time 410s
Processing user MIP start: 301 nodes explored in subMIP, total elapsed time 415s
Processing user MIP start: 307 nodes explored in subMIP, total elapsed time 420s
Processing user MIP start: 323 nodes explored in subMIP, total elapsed time 425s
Processing user MIP start: 349 nodes explored in subMIP, total elapsed time 430s
User MIP start produced solution with objective 2.54823e+09 (431.46s)
Processing user MIP start: 368 nodes explored in subMIP, total elapsed time 435s
Processing user MIP start: 384 nodes explored in subMIP, total elapsed time 440s
Processing user MIP start: 404 nodes explored in subMIP, total elapsed time 445s
Processing user MIP start: 426 nodes explored in subMIP, total elapsed time 450s
Processing user MIP start: 441 nodes explored in subMIP, total elapsed time 455s
User MIP start produced solution with objective 2.54847e+09 (459.43s)
Processing user MIP start: 463 nodes explored in subMIP, total elapsed time 460s
Processing user MIP start: 482 nodes explored in subMIP, total elapsed time 465s
User MIP start produced solution with objective 2.54871e+09 (469.25s)
User MIP start produced solution with objective 2.54888e+09 (469.79s)
Processing user MIP start: 487 nodes explored in subMIP, total elapsed time 470s
User MIP start produced solution with objective 2.54888e+09 (473.03s)
Loaded user MIP start with objective 2.54888e+09
Processed MIP start in 473.00 seconds (506.31 work units)

Presolve removed 81562 rows and 836273 columns (presolve time = 5s) ...
Presolve removed 81542 rows and 836253 columns
Presolve time: 5.97s
Presolved: 9329 rows, 131392 columns, 531173 nonzeros
Variable types: 41415 continuous, 89977 integer (89961 binary)
Deterministic concurrent LP optimizer: primal simplex, dual simplex, and barrier
Showing barrier log only...

Root barrier log...

Ordering time: 0.14s

Barrier statistics:
 AA' NZ     : 3.080e+05
 Factor NZ  : 1.716e+06 (roughly 70 MB of memory)
 Factor Ops : 1.418e+09 (less than 1 second per iteration)
 Threads    : 18

                  Objective                Residual
Iter       Primal          Dual         Primal    Dual     Compl     Time
   0  -2.12512976e+15  9.72659154e+11  1.17e+08 5.39e+04  3.96e+10   481s
   1  -5.90470796e+14  1.19135950e+12  3.30e+07 2.88e+05  1.13e+10   481s
   2  -1.44748384e+14  1.10745789e+12  8.09e+06 4.94e+03  2.79e+09   481s
   3  -6.87714916e+12  8.04752920e+11  3.84e+05 1.63e-09  1.35e+08   481s
   4  -3.02027883e+12  2.62100506e+11  1.69e+05 1.40e-09  5.91e+07   481s
   5  -7.11762373e+11  2.12950786e+11  3.99e+04 1.28e-09  1.45e+07   482s
   6  -3.25779241e+11  1.38704679e+11  1.83e+04 1.16e-09  6.79e+06   482s
   7  -1.42110534e+11  1.26897838e+11  8.06e+03 1.16e-09  3.23e+06   482s
   8  -1.01080066e+11  8.46014028e+10  5.77e+03 1.05e-09  2.22e+06   482s
   9  -5.72768851e+10  6.44635338e+10  3.32e+03 9.31e-10  1.30e+06   482s
  10  -1.79306429e+10  4.92584860e+10  1.13e+03 1.50e-08  5.22e+05   482s
  11  -5.69263186e+08  1.72976555e+10  1.60e+02 1.62e-08  9.67e+04   482s
  12   6.85289272e+08  8.58432846e+09  9.12e+01 1.64e-08  4.44e+04   482s
  13   1.22361120e+09  6.26854386e+09  6.28e+01 7.36e-09  2.88e+04   482s
  14   1.32337955e+09  5.17561903e+09  5.76e+01 5.65e-09  2.33e+04   482s
  15   1.99587837e+09  4.57905531e+09  2.28e+01 4.77e-09  1.33e+04   482s
  16   2.05449196e+09  3.93688707e+09  1.99e+01 3.26e-09  1.01e+04   482s
  17   2.29568993e+09  3.51043717e+09  7.80e+00 3.81e-09  5.86e+03   482s
  18   2.32747510e+09  3.33818638e+09  6.60e+00 4.42e-09  4.94e+03   482s
  19   2.38917624e+09  3.15632136e+09  4.35e+00 4.69e-09  3.74e+03   482s
  20   2.45471656e+09  2.97349815e+09  2.31e+00 4.83e-09  2.45e+03   483s
  21   2.46071038e+09  2.94597288e+09  2.17e+00 4.89e-09  2.29e+03   483s
  22   2.50096716e+09  2.85452065e+09  1.23e+00 5.47e-09  1.61e+03   483s
  23   2.52550435e+09  2.73682064e+09  6.77e-01 4.45e-09  9.42e+02   483s
  24   2.53645759e+09  2.64715146e+09  4.68e-01 3.09e-09  4.98e+02   483s
  25   2.54162414e+09  2.62909713e+09  3.54e-01 2.91e-09  3.85e+02   483s
  26   2.54559303e+09  2.62425343e+09  2.80e-01 3.00e-09  3.40e+02   483s
  27   2.54977008e+09  2.61668758e+09  2.01e-01 3.10e-09  2.82e+02   483s
  28   2.55126696e+09  2.61619622e+09  1.78e-01 3.35e-09  2.72e+02   483s
  29   2.55800715e+09  2.60385059e+09  8.93e-02 2.79e-09  1.87e+02   483s
  30   2.56229871e+09  2.59606052e+09  5.11e-02 2.60e-09  1.35e+02   483s
  31   2.56385778e+09  2.58706631e+09  4.19e-02 1.98e-09  9.30e+01   483s
  32   2.56635544e+09  2.58539337e+09  2.32e-02 1.86e-09  7.53e+01   483s
  33   2.56815087e+09  2.58182005e+09  1.67e-02 1.75e-09  5.40e+01   484s
  34   2.57003971e+09  2.57911078e+09  1.03e-02 1.63e-09  3.57e+01   484s
  35   2.57053604e+09  2.57742841e+09  8.73e-03 1.63e-09  2.72e+01   484s
  36   2.57109608e+09  2.57627095e+09  5.86e-03 1.14e-09  2.03e+01   484s
  37   2.57161657e+09  2.57473228e+09  3.99e-03 1.16e-09  1.22e+01   484s
  38   2.57190878e+09  2.57469215e+09  3.28e-03 1.40e-09  1.09e+01   484s
  39   2.57205550e+09  2.57444028e+09  2.91e-03 1.28e-09  9.35e+00   484s
  40   2.57225171e+09  2.57421709e+09  2.37e-03 1.19e-09  7.70e+00   484s
  41   2.57236664e+09  2.57389527e+09  2.07e-03 9.31e-10  6.00e+00   484s
  42   2.57257681e+09  2.57373535e+09  1.58e-03 1.25e-09  4.55e+00   484s
  43   2.57267732e+09  2.57367489e+09  1.32e-03 1.02e-09  3.91e+00   484s
  44   2.57270715e+09  2.57365009e+09  1.24e-03 1.16e-09  3.70e+00   484s
  45   2.57290758e+09  2.57349440e+09  7.32e-04 8.15e-10  2.30e+00   485s
  46   2.57298750e+09  2.57338984e+09  5.44e-04 9.31e-10  1.58e+00   485s
  47   2.57303536e+09  2.57335383e+09  4.23e-04 1.05e-09  1.25e+00   485s
  48   2.57304825e+09  2.57334416e+09  3.94e-04 1.05e-09  1.16e+00   485s
  49   2.57307520e+09  2.57329715e+09  3.32e-04 9.31e-10  8.74e-01   485s
  50   2.57311888e+09  2.57328533e+09  2.30e-04 9.31e-10  6.54e-01   485s
  51   2.57314167e+09  2.57325777e+09  1.74e-04 9.31e-10  4.57e-01   485s
  52   2.57317550e+09  2.57323893e+09  8.98e-05 9.31e-10  2.49e-01   485s
  53   2.57320312e+09  2.57321663e+09  2.38e-05 1.16e-09  5.34e-02   485s
  54   2.57321332e+09  2.57321471e+09  1.92e-06 1.16e-09  5.45e-03   485s
  55   2.57321435e+09  2.57321450e+09  2.43e-07 1.40e-09  5.99e-04   485s
  56   2.57321450e+09  2.57321450e+09  6.60e-08 1.40e-09  6.40e-06   485s
  57   2.57321450e+09  2.57321450e+09  1.17e-08 1.51e-09  1.83e-10   485s

Barrier solved model in 57 iterations and 485.43 seconds (518.08 work units)
Optimal objective 2.57321450e+09


Root crossover log...

    3971 DPushes remaining with DInf 0.0000000e+00               485s
       0 DPushes remaining with DInf 0.0000000e+00               485s

     348 PPushes remaining with PInf 0.0000000e+00               486s
       0 PPushes remaining with PInf 0.0000000e+00               486s

  Push phase complete: Pinf 0.0000000e+00, Dinf 1.1134677e+05    486s


Root simplex log...

Iteration    Objective       Primal Inf.    Dual Inf.      Time
    3963    2.5732145e+09   0.000000e+00   1.113468e+05    486s
    3974    2.5732145e+09   0.000000e+00   0.000000e+00    486s
Concurrent spin time: 0.00s

Solved with barrier
    4001    2.5732145e+09   0.000000e+00   0.000000e+00    486s
Extra simplex iterations after uncrush: 27

Root relaxation: objective 2.573215e+09, 4001 iterations, 5.11 seconds (3.33 work units)

    Nodes    |    Current Node    |     Objective Bounds      |     Work
 Expl Unexpl |  Obj  Depth IntInf | Incumbent    BestBd   Gap | It/Node Time

     0     0 2.5732e+09    0  210 2.5489e+09 2.5732e+09  0.95%     -  486s

Explored 1 nodes (6455 simplex iterations) in 486.18 seconds (518.31 work units)
Thread count was 20 (of 40 available processors)

Solution count 10: 2.54888e+09 2.54888e+09 2.54871e+09 ... 2.54737e+09

Optimal solution found (tolerance 1.00e-02)
Best objective 2.548876373273e+09, best bound 2.573214500611e+09, gap 0.9549%
Gurobi Optimizer version 10.0.1 build v10.0.1rc0 (linux64)

CPU model: Intel(R) Xeon(R) Gold 5115 CPU @ 2.40GHz, instruction set [SSE2|AVX|AVX2|AVX512]
Thread count: 20 physical cores, 40 logical processors, using up to 20 threads

Optimize a model with 90731 rows, 972253 columns and 4981654 nonzeros
Model fingerprint: 0x62204082
Variable types: 15607 continuous, 956646 integer (956646 binary)
Coefficient statistics:
  Matrix range     [1e+00, 2e+05]
  Objective range  [4e+01, 3e+07]
  Bounds range     [1e+00, 3e+05]
  RHS range        [1e+00, 5e+06]

User MIP start produced solution with objective 2.43097e+09 (1.79s)
User MIP start produced solution with objective 2.65495e+09 (2.05s)
User MIP start produced solution with objective 2.65614e+09 (2.11s)
User MIP start produced solution with objective 2.65763e+09 (2.21s)
User MIP start produced solution with objective 2.66048e+09 (2.76s)
User MIP start produced solution with objective 2.6611e+09 (3.06s)
User MIP start produced solution with objective 2.66142e+09 (3.34s)
User MIP start produced solution with objective 2.66176e+09 (3.72s)
Loaded user MIP start with objective 2.66176e+09
Processed MIP start in 3.99 seconds (2.15 work units)

Presolve removed 88152 rows and 965771 columns
Presolve time: 1.81s
Presolved: 2579 rows, 6482 columns, 20860 nonzeros
Variable types: 1047 continuous, 5435 integer (5435 binary)

Root simplex log...

Iteration    Objective       Primal Inf.    Dual Inf.      Time
       0    8.1986874e+09   3.696957e+05   0.000000e+00      6s
    1693    2.6668094e+09   0.000000e+00   0.000000e+00      6s

Root relaxation: objective 2.666809e+09, 1693 iterations, 0.03 seconds (0.02 work units)

    Nodes    |    Current Node    |     Objective Bounds      |     Work
 Expl Unexpl |  Obj  Depth IntInf | Incumbent    BestBd   Gap | It/Node Time

     0     0 2.6668e+09    0   55 2.6618e+09 2.6668e+09  0.19%     -    6s

Explored 1 nodes (1735 simplex iterations) in 6.07 seconds (3.63 work units)
Thread count was 20 (of 40 available processors)

Solution count 9: 2.66176e+09 2.66176e+09 2.66142e+09 ... 2.43097e+09

Optimal solution found (tolerance 1.00e-02)
Best objective 2.661756515891e+09, best bound 2.666809378846e+09, gap 0.1898%
