
Gurobi 10.0.1 (linux64) logging started Mon May 29 15:43:12 2023

Set parameter LogFile to value "logFiles/A-2L-A/A-2L-6U-29F-15V-240D/basic-05-29-2023, 15-43-H50-P80-O15.log"
Gurobi Optimizer version 10.0.1 build v10.0.1rc0 (linux64)

CPU model: Intel(R) Xeon(R) Gold 5115 CPU @ 2.40GHz, instruction set [SSE2|AVX|AVX2|AVX512]
Thread count: 20 physical cores, 40 logical processors, using up to 20 threads

Optimize a model with 23833 rows, 453439 columns and 2133722 nonzeros
Model fingerprint: 0x6db19934
Variable types: 289031 continuous, 164408 integer (164408 binary)
Coefficient statistics:
  Matrix range     [1e+00, 2e+05]
  Objective range  [4e+01, 2e+07]
  Bounds range     [1e+00, 1e+00]
  RHS range        [1e+00, 2e+06]
Presolve removed 9494 rows and 9745 columns (presolve time = 5s) ...
Presolve removed 9469 rows and 9771 columns
Presolve time: 7.30s
Presolved: 14364 rows, 443668 columns, 1844547 nonzeros
Variable types: 284724 continuous, 158944 integer (158931 binary)
Deterministic concurrent LP optimizer: primal simplex, dual simplex, and barrier
Showing barrier log only...

Root barrier log...

Ordering time: 0.54s

Barrier statistics:
 AA' NZ     : 9.852e+05
 Factor NZ  : 7.950e+06 (roughly 250 MB of memory)
 Factor Ops : 1.465e+10 (less than 1 second per iteration)
 Threads    : 17

                  Objective                Residual
Iter       Primal          Dual         Primal    Dual     Compl     Time
   0  -1.73863361e+16  7.61007192e+11  7.51e+08 5.00e+05  7.57e+10    11s
   1  -4.99324736e+15  1.06824447e+12  2.17e+08 4.62e+05  2.19e+10    11s
   2  -8.72667951e+14  1.08205116e+12  3.79e+07 1.22e+05  3.92e+09    11s
   3  -3.83907995e+13  7.81942325e+11  1.67e+06 4.41e+01  1.77e+08    12s
   4  -9.64331603e+12  3.22619254e+11  4.19e+05 1.75e-09  4.54e+07    12s
   5  -1.43802825e+12  2.54930606e+11  6.25e+04 1.37e-09  6.98e+06    12s
   6  -3.74669140e+11  2.09225381e+11  1.63e+04 1.16e-09  1.94e+06    12s
   7  -1.25490191e+11  1.70293059e+11  5.51e+03 9.90e-10  7.39e+05    12s
   8  -9.12639593e+10  1.20590489e+11  4.02e+03 9.31e-10  5.00e+05    13s
   9  -2.79480091e+10  8.17912272e+10  1.26e+03 9.31e-10  1.96e+05    13s
  10  -3.63167100e+09  2.48508347e+10  2.06e+02 2.44e-09  4.08e+04    13s
  11   9.37661843e+07  1.03477644e+10  4.20e+01 1.79e-09  1.31e+04    13s
  12   3.98805487e+08  7.18559214e+09  2.84e+01 2.56e-09  8.70e+03    14s
  13   6.17537026e+08  5.05749198e+09  1.91e+01 3.74e-09  5.72e+03    14s
  14   7.42667701e+08  3.45467289e+09  1.40e+01 5.56e-09  3.60e+03    14s
  15   9.06900619e+08  3.31597246e+09  7.35e+00 5.18e-09  3.00e+03    14s
  16   9.18227298e+08  2.12063346e+09  6.91e+00 4.66e-09  1.62e+03    15s
  17   9.71528517e+08  1.85148556e+09  5.00e+00 6.00e-09  1.18e+03    15s
  18   9.82687415e+08  1.74371274e+09  4.62e+00 6.46e-09  1.03e+03    15s
  19   1.00794886e+09  1.57183362e+09  3.81e+00 5.59e-09  7.77e+02    16s
  20   1.02129035e+09  1.50968634e+09  3.39e+00 6.17e-09  6.74e+02    16s
  21   1.05884009e+09  1.45753313e+09  2.22e+00 8.35e-09  5.28e+02    16s
  22   1.07145437e+09  1.44359570e+09  1.84e+00 9.40e-09  4.84e+02    16s
  23   1.08500211e+09  1.31859525e+09  1.43e+00 9.40e-09  3.07e+02    17s
  24   1.09451431e+09  1.29070138e+09  1.17e+00 8.15e-09  2.54e+02    17s
  25   1.11157878e+09  1.22502787e+09  7.32e-01 7.33e-09  1.44e+02    17s
  26   1.11338166e+09  1.22019920e+09  6.87e-01 7.92e-09  1.35e+02    17s
  27   1.12120313e+09  1.18865183e+09  4.95e-01 8.93e-09  8.34e+01    18s
  28   1.13119063e+09  1.17766837e+09  2.78e-01 9.20e-09  5.57e+01    18s
  29   1.13373359e+09  1.17068421e+09  2.34e-01 7.10e-09  4.39e+01    18s
  30   1.13732555e+09  1.16645301e+09  1.75e-01 7.78e-09  3.43e+01    19s
  31   1.13950737e+09  1.16221767e+09  1.40e-01 9.26e-09  2.65e+01    19s
  32   1.14302319e+09  1.15988280e+09  8.88e-02 8.79e-09  1.95e+01    19s
  33   1.14451365e+09  1.15817697e+09  6.92e-02 7.45e-09  1.57e+01    19s
  34   1.14614147e+09  1.15660008e+09  4.95e-02 9.20e-09  1.19e+01    20s
  35   1.14679827e+09  1.15566323e+09  4.25e-02 8.50e-09  1.01e+01    20s
  36   1.14738213e+09  1.15509738e+09  3.64e-02 9.60e-09  8.78e+00    20s
  37   1.14820041e+09  1.15436866e+09  2.82e-02 1.07e-08  7.01e+00    21s
  38   1.14876793e+09  1.15397153e+09  2.29e-02 1.01e-08  5.90e+00    21s
  39   1.14935609e+09  1.15327172e+09  1.77e-02 1.00e-08  4.44e+00    21s
  40   1.14987690e+09  1.15269282e+09  1.33e-02 9.66e-09  3.19e+00    21s
  41   1.15033746e+09  1.15246149e+09  9.51e-03 1.05e-08  2.40e+00    22s
  42   1.15065918e+09  1.15231171e+09  7.03e-03 9.31e-09  1.87e+00    22s
  43   1.15076318e+09  1.15217545e+09  6.22e-03 1.02e-08  1.60e+00    22s
  44   1.15088643e+09  1.15207301e+09  5.28e-03 1.04e-08  1.34e+00    23s
  45   1.15110230e+09  1.15180659e+09  3.68e-03 8.96e-09  7.99e-01    23s
  46   1.15120592e+09  1.15177807e+09  2.91e-03 8.73e-09  6.49e-01    23s
  47   1.15130557e+09  1.15173793e+09  2.19e-03 8.61e-09  4.90e-01    23s
  48   1.15148429e+09  1.15170016e+09  9.09e-04 7.22e-09  2.45e-01    24s
  49   1.15157082e+09  1.15164244e+09  2.86e-04 8.23e-09  8.12e-02    24s
  50   1.15159542e+09  1.15161909e+09  1.12e-04 7.06e-09  2.69e-02    24s
  51   1.15160668e+09  1.15161547e+09  3.92e-05 7.76e-09  1.00e-02    24s
  52   1.15161263e+09  1.15161407e+09  1.70e-06 7.68e-09  1.63e-03    25s
  53   1.15161299e+09  1.15161299e+09  3.04e-07 9.66e-09  7.59e-06    25s
  54   1.15161299e+09  1.15161299e+09  2.38e-09 6.23e-09  4.68e-11    25s

Barrier solved model in 54 iterations and 25.09 seconds (22.85 work units)
Optimal objective 1.15161299e+09


Root crossover log...

   11861 DPushes remaining with DInf 0.0000000e+00                25s
       0 DPushes remaining with DInf 0.0000000e+00                25s

     931 PPushes remaining with PInf 0.0000000e+00                25s
       8 PPushes remaining with PInf 0.0000000e+00                26s

  Push phase complete: Pinf 0.0000000e+00, Dinf 7.0657052e-08     26s


Root simplex log...

Iteration    Objective       Primal Inf.    Dual Inf.      Time
   12787    1.1516130e+09   5.060381e+02   0.000000e+00     26s
   12848    1.1516130e+09   0.000000e+00   0.000000e+00     26s
Concurrent spin time: 0.01s

Solved with barrier
   12848    1.1516130e+09   0.000000e+00   0.000000e+00     26s

Root relaxation: objective 1.151613e+09, 12848 iterations, 17.59 seconds (13.12 work units)

    Nodes    |    Current Node    |     Objective Bounds      |     Work
 Expl Unexpl |  Obj  Depth IntInf | Incumbent    BestBd   Gap | It/Node Time

     0     0 1.1516e+09    0  159          - 1.1516e+09      -     -   27s
     0     0 1.1516e+09    0  171          - 1.1516e+09      -     -   44s
     0     0 1.1515e+09    0  175          - 1.1515e+09      -     -   60s
     0     0 1.1515e+09    0  173          - 1.1515e+09      -     -   60s
     0     0 1.1515e+09    0  166          - 1.1515e+09      -     -   67s
H    0     0                    1.120547e+09 1.1515e+09  2.76%     -   72s
     0     0 1.1515e+09    0  175 1.1205e+09 1.1515e+09  2.76%     -   74s
     0     0 1.1515e+09    0  175 1.1205e+09 1.1515e+09  2.76%     -   74s
     0     0 1.1515e+09    0  156 1.1205e+09 1.1515e+09  2.76%     -   80s
H    0     0                    1.120564e+09 1.1515e+09  2.76%     -   86s
     0     0 1.1515e+09    0  158 1.1206e+09 1.1515e+09  2.76%     -   86s
     0     0 1.1514e+09    0  152 1.1206e+09 1.1514e+09  2.76%     -   90s
     0     0 1.1514e+09    0  148 1.1206e+09 1.1514e+09  2.76%     -   94s
     0     0 1.1514e+09    0  149 1.1206e+09 1.1514e+09  2.76%     -   98s
     0     0 1.1514e+09    0  147 1.1206e+09 1.1514e+09  2.76%     -  102s
     0     0 1.1514e+09    0  147 1.1206e+09 1.1514e+09  2.76%     -  102s
     0     0 1.1514e+09    0  148 1.1206e+09 1.1514e+09  2.76%     -  105s
     0     0 1.1514e+09    0  152 1.1206e+09 1.1514e+09  2.76%     -  107s
     0     0 1.1514e+09    0  148 1.1206e+09 1.1514e+09  2.76%     -  110s
     0     0 1.1514e+09    0  134 1.1206e+09 1.1514e+09  2.76%     -  113s
H    0     0                    1.122254e+09 1.1514e+09  2.60%     -  142s
H    0     0                    1.131466e+09 1.1514e+09  1.77%     -  151s
     0     2 1.1514e+09    0  134 1.1315e+09 1.1514e+09  1.77%     -  155s
     1     4 1.1514e+09    1  136 1.1315e+09 1.1514e+09  1.77%  2668  166s
     3     8 1.1514e+09    2  136 1.1315e+09 1.1514e+09  1.77%  1109  174s
     7    16 1.1514e+09    3  139 1.1315e+09 1.1514e+09  1.77%   650  186s
    15    32 1.1514e+09    4  154 1.1315e+09 1.1514e+09  1.77%   487  203s
H   31    52                    1.131851e+09 1.1514e+09  1.73%   609  227s
H   32    52                    1.132935e+09 1.1514e+09  1.63%   601  228s
H   35    52                    1.143284e+09 1.1514e+09  0.71%   574  229s
H   50    52                    1.143441e+09 1.1514e+09  0.70%   505  229s

Cutting planes:
  Cover: 27
  Implied bound: 40
  Clique: 3
  MIR: 52
  Flow cover: 59
  GUB cover: 1
  RLT: 62
  Relax-and-lift: 14

Explored 51 nodes (54508 simplex iterations) in 229.94 seconds (243.24 work units)
Thread count was 20 (of 40 available processors)

Solution count 8: 1.14344e+09 1.14328e+09 1.13293e+09 ... 1.12055e+09

Optimal solution found (tolerance 1.00e-02)
Best objective 1.143440822835e+09, best bound 1.151442167218e+09, gap 0.6998%
Gurobi Optimizer version 10.0.1 build v10.0.1rc0 (linux64)

CPU model: Intel(R) Xeon(R) Gold 5115 CPU @ 2.40GHz, instruction set [SSE2|AVX|AVX2|AVX512]
Thread count: 20 physical cores, 40 logical processors, using up to 20 threads

Optimize a model with 43255 rows, 899417 columns and 5672177 nonzeros
Model fingerprint: 0xd16c3d38
Variable types: 508652 continuous, 390765 integer (390765 binary)
Coefficient statistics:
  Matrix range     [1e+00, 2e+05]
  Objective range  [4e+01, 2e+07]
  Bounds range     [1e+00, 3e+05]
  RHS range        [1e+00, 3e+06]
Presolve removed 23311 rows and 344454 columns (presolve time = 5s) ...
Presolve removed 25040 rows and 375932 columns (presolve time = 10s) ...
Presolve removed 25050 rows and 376268 columns (presolve time = 15s) ...
Presolve removed 26978 rows and 441102 columns (presolve time = 20s) ...
Presolve removed 26941 rows and 441065 columns
Presolve time: 22.38s
Presolved: 16314 rows, 458352 columns, 1963736 nonzeros
Variable types: 381377 continuous, 76975 integer (76966 binary)
Deterministic concurrent LP optimizer: primal simplex, dual simplex, and barrier
Showing barrier log only...

Root barrier log...

Ordering time: 1.00s

Barrier statistics:
 AA' NZ     : 1.058e+06
 Factor NZ  : 8.773e+06 (roughly 250 MB of memory)
 Factor Ops : 1.607e+10 (less than 1 second per iteration)
 Threads    : 17

                  Objective                Residual
Iter       Primal          Dual         Primal    Dual     Compl     Time
   0  -1.09203378e+16  4.21821378e+12  2.57e+08 4.53e+05  9.38e+10    29s
   1  -2.01332171e+15  4.84156305e+12  4.73e+07 9.02e+05  1.73e+10    29s
   2  -3.56699076e+14  3.19567071e+12  8.38e+06 4.71e-09  3.10e+09    29s
   3  -1.72361011e+13  1.84948374e+12  4.05e+05 4.66e-09  1.52e+08    30s
   4  -7.02338984e+12  6.84531979e+11  1.65e+05 3.84e-09  6.20e+07    30s
   5  -1.18877066e+12  4.26271596e+11  2.80e+04 3.38e-09  1.11e+07    31s
   6  -8.72747486e+11  4.23621061e+11  2.05e+04 4.66e-09  8.26e+06    31s
   7  -2.06434787e+11  2.24961964e+11  4.89e+03 3.38e-09  2.08e+06    32s
   8  -6.71679318e+10  1.40622066e+11  1.62e+03 2.79e-09  7.31e+05    32s
   9  -2.76191663e+10  6.07150387e+10  6.91e+02 3.26e-09  2.86e+05    32s
  10  -3.75773360e+08  3.47308175e+10  5.22e+01 2.97e-09  5.26e+04    33s
  11   1.26533369e+09  1.50613322e+10  1.33e+01 3.73e-08  1.87e+04    33s
  12   1.45829958e+09  9.94511432e+09  8.78e+00 2.24e-08  1.16e+04    34s
  13   1.50439260e+09  8.28260919e+09  7.66e+00 1.86e-08  9.40e+03    34s
  14   1.58714206e+09  5.55379103e+09  5.70e+00 1.63e-08  5.81e+03    34s
  15   1.65712582e+09  4.42154805e+09  4.11e+00 1.83e-08  4.12e+03    35s
  16   1.69292036e+09  3.87144295e+09  3.38e+00 1.89e-08  3.27e+03    35s
  17   1.71965405e+09  3.37148156e+09  2.87e+00 1.96e-08  2.54e+03    35s
  18   1.77427382e+09  2.84203915e+09  1.83e+00 1.92e-08  1.64e+03    36s
  19   1.78056905e+09  2.64814974e+09  1.73e+00 2.05e-08  1.38e+03    37s
  20   1.81135047e+09  2.60912900e+09  1.24e+00 2.05e-08  1.18e+03    37s
  21   1.83639255e+09  2.36448665e+09  8.37e-01 1.72e-08  7.62e+02    38s
  22   1.87371859e+09  2.18885574e+09  3.94e-01 1.84e-08  4.18e+02    38s
  23   1.89377193e+09  2.06571142e+09  2.06e-01 1.14e-08  2.16e+02    39s
  24   1.89967922e+09  2.04701414e+09  1.59e-01 1.08e-08  1.82e+02    39s
  25   1.90601218e+09  2.01246540e+09  1.13e-01 9.78e-09  1.29e+02    39s
  26   1.91079502e+09  1.98231930e+09  8.13e-02 8.85e-09  8.51e+01    40s
  27   1.91444695e+09  1.97139963e+09  6.20e-02 5.76e-09  6.72e+01    40s
  28   1.91857064e+09  1.95664130e+09  4.36e-02 5.24e-09  4.45e+01    40s
  29   1.92106621e+09  1.94657389e+09  3.29e-02 5.01e-09  2.97e+01    41s
  30   1.92360245e+09  1.94295628e+09  2.33e-02 4.89e-09  2.24e+01    42s
  31   1.92464865e+09  1.94079893e+09  1.96e-02 5.79e-09  1.87e+01    42s
  32   1.92684911e+09  1.93964677e+09  1.25e-02 6.26e-09  1.47e+01    43s
  33   1.92861889e+09  1.93668726e+09  7.28e-03 5.65e-09  9.26e+00    43s
  34   1.92963154e+09  1.93507921e+09  5.13e-03 5.01e-09  6.25e+00    44s
  35   1.93067609e+09  1.93441492e+09  3.24e-03 5.47e-09  4.28e+00    44s
  36   1.93112828e+09  1.93409706e+09  2.56e-03 5.70e-09  3.40e+00    45s
  37   1.93132283e+09  1.93382258e+09  2.27e-03 5.36e-09  2.86e+00    45s
  38   1.93162671e+09  1.93363341e+09  1.85e-03 4.89e-09  2.30e+00    45s
  39   1.93191786e+09  1.93350345e+09  1.44e-03 6.05e-09  1.82e+00    46s
  40   1.93246191e+09  1.93337953e+09  7.39e-04 5.47e-09  1.05e+00    47s
  41   1.93263288e+09  1.93331772e+09  5.48e-04 5.24e-09  7.84e-01    47s
  42   1.93277935e+09  1.93326701e+09  3.89e-04 5.27e-09  5.59e-01    48s
  43   1.93287783e+09  1.93321746e+09  2.77e-04 5.47e-09  3.89e-01    48s
  44   1.93298903e+09  1.93318715e+09  1.59e-04 4.66e-09  2.27e-01    48s
  45   1.93303777e+09  1.93317179e+09  1.10e-04 5.01e-09  1.54e-01    49s
  46   1.93310802e+09  1.93315980e+09  3.62e-05 5.59e-09  5.93e-02    49s
  47   1.93312212e+09  1.93315428e+09  2.19e-05 4.60e-09  3.69e-02    50s
  48   1.93313710e+09  1.93314898e+09  7.26e-06 4.42e-09  1.36e-02    50s
  49   1.93314068e+09  1.93314662e+09  3.84e-06 4.42e-09  6.81e-03    50s
  50   1.93314298e+09  1.93314570e+09  1.69e-06 4.54e-09  3.12e-03    51s
  51   1.93314428e+09  1.93314522e+09  6.00e-07 4.25e-09  1.08e-03    51s
  52   1.93314461e+09  1.93314507e+09  1.79e-06 5.12e-09  5.29e-04    51s
  53   1.93314474e+09  1.93314499e+09  1.61e-06 4.66e-09  2.90e-04    51s
  54   1.93314484e+09  1.93314488e+09  3.54e-07 4.77e-09  5.09e-05    52s
  55   1.93314487e+09  1.93314487e+09  2.07e-08 4.66e-09  5.31e-06    52s
  56   1.93314487e+09  1.93314487e+09  5.06e-09 5.59e-09  3.39e-07    53s
  57   1.93314487e+09  1.93314487e+09  6.36e-08 6.17e-09  2.68e-09    53s

Barrier solved model in 57 iterations and 53.29 seconds (42.57 work units)
Optimal objective 1.93314487e+09


Root crossover log...

   12284 DPushes remaining with DInf 4.4157263e-05                53s
       0 DPushes remaining with DInf 0.0000000e+00                54s

    1086 PPushes remaining with PInf 0.0000000e+00                54s
       8 PPushes remaining with PInf 0.0000000e+00                54s

  Push phase complete: Pinf 0.0000000e+00, Dinf 3.8218044e+00     54s


Root simplex log...

Iteration    Objective       Primal Inf.    Dual Inf.      Time
   13343    1.9331449e+09   9.826838e+04   0.000000e+00     54s
   13453    1.9331449e+09   4.500866e+01   0.000000e+00     55s
   13550    1.9331449e+09   0.000000e+00   0.000000e+00     57s
Concurrent spin time: 2.96s

Solved with barrier
   13550    1.9331449e+09   0.000000e+00   0.000000e+00     60s

Root relaxation: objective 1.933145e+09, 13550 iterations, 35.08 seconds (15.58 work units)
Total elapsed time = 60.25s

    Nodes    |    Current Node    |     Objective Bounds      |     Work
 Expl Unexpl |  Obj  Depth IntInf | Incumbent    BestBd   Gap | It/Node Time

     0     0 1.9331e+09    0  160          - 1.9331e+09      -     -   61s
     0     0 1.9331e+09    0  185          - 1.9331e+09      -     -   88s
     0     0 1.9331e+09    0  187          - 1.9331e+09      -     -   97s
     0     0 1.9331e+09    0  189          - 1.9331e+09      -     -  115s
     0     0 1.9331e+09    0  194          - 1.9331e+09      -     -  121s
     0     0 1.9331e+09    0  184          - 1.9331e+09      -     -  131s
     0     0 1.9331e+09    0  191          - 1.9331e+09      -     -  139s
     0     0 1.9331e+09    0  195          - 1.9331e+09      -     -  141s
     0     0 1.9331e+09    0  192          - 1.9331e+09      -     -  144s
     0     0 1.9331e+09    0  178          - 1.9331e+09      -     -  148s
     0     0 1.9331e+09    0  182          - 1.9331e+09      -     -  150s
     0     0 1.9331e+09    0  196          - 1.9331e+09      -     -  156s
     0     0 1.9331e+09    0  186          - 1.9331e+09      -     -  172s
     0     2 1.9331e+09    0  186          - 1.9331e+09      -     -  253s
     1     4 1.9331e+09    1  188          - 1.9331e+09      -  2379  280s
     3     8 1.9331e+09    2  182          - 1.9331e+09      -  1449  325s
     7    16 1.9331e+09    3  191          - 1.9331e+09      -  2139  374s
    15    32 1.9331e+09    4  184          - 1.9331e+09      -  2484  485s
    31    52 1.9331e+09    5  188          - 1.9331e+09      -  3317  550s
    51    72 1.9331e+09    6  187          - 1.9331e+09      -  2843  613s
    71    92 1.9331e+09    7  182          - 1.9331e+09      -  2692  693s
    91   112 1.9331e+09    7  186          - 1.9331e+09      -  2598  876s
   111   133 1.9331e+09    8  186          - 1.9331e+09      -  2582  966s
   132   154 1.9331e+09    8  164          - 1.9331e+09      -  2627 1032s
   153   208 1.9331e+09    9  162          - 1.9331e+09      -  2534 1151s
   207   380 1.9331e+09   10  162          - 1.9331e+09      -  2295 1439s
   399   812 1.9331e+09   20  161          - 1.9331e+09      -  1739 2311s
   863  1960 1.9331e+09   39  138          - 1.9331e+09      -  1437 3951s
  2020  3247 1.9331e+09   65  132          - 1.9331e+09      -  1143 4786s
  3316  4558 1.9331e+09  126  143          - 1.9331e+09      -   943 5507s
  4630  5872 1.9331e+09  184  133          - 1.9331e+09      -   841 6237s
  5949  7028 1.9330e+09  248  144          - 1.9331e+09      -   773 6922s
  7109  8317 1.9330e+09  308  130          - 1.9331e+09      -   731 7498s
  8406  9609 1.9330e+09  373  146          - 1.9331e+09      -   691 8036s
  9713 10883 1.9330e+09  439  128          - 1.9331e+09      -   662 8558s
 10991 12178 1.9330e+09  503  124          - 1.9331e+09      -   635 9111s

Cutting planes:
  Cover: 15
  Implied bound: 14
  Clique: 4
  MIR: 36
  StrongCG: 3
  Flow cover: 21
  GUB cover: 2
  RLT: 38
  Relax-and-lift: 7

Explored 12297 nodes (7580196 simplex iterations) in 10800.24 seconds (9850.53 work units)
Thread count was 20 (of 40 available processors)

Solution count 0

Time limit reached
Best objective -, best bound 1.933131841684e+09, gap -
