
Gurobi 10.0.1 (linux64) logging started Wed May 24 21:46:47 2023

Set parameter LogFile to value "logFiles/A-2L-A/A-2L-6U-29F-15V-240D/basic-05-24-2023, 21-46-H70-P50-O15.log"
Gurobi Optimizer version 10.0.1 build v10.0.1rc0 (linux64)

CPU model: Intel(R) Xeon(R) Gold 5115 CPU @ 2.40GHz, instruction set [SSE2|AVX|AVX2|AVX512]
Thread count: 20 physical cores, 40 logical processors, using up to 20 threads

Optimize a model with 23420 rows, 415552 columns and 1868966 nonzeros
Model fingerprint: 0x0f4d8162
Variable types: 224546 continuous, 191006 integer (191006 binary)
Coefficient statistics:
  Matrix range     [1e+00, 2e+05]
  Objective range  [4e+01, 2e+07]
  Bounds range     [1e+00, 1e+00]
  RHS range        [1e+00, 1e+06]
Presolve removed 10910 rows and 82996 columns (presolve time = 5s) ...
Presolve removed 10892 rows and 82978 columns
Presolve time: 6.30s
Presolved: 12528 rows, 332574 columns, 1533552 nonzeros
Variable types: 151435 continuous, 181139 integer (181130 binary)
Deterministic concurrent LP optimizer: primal simplex, dual simplex, and barrier
Showing barrier log only...

Root barrier log...

Ordering time: 1.53s

Barrier statistics:
 AA' NZ     : 7.823e+05
 Factor NZ  : 4.451e+06 (roughly 180 MB of memory)
 Factor Ops : 4.081e+09 (less than 1 second per iteration)
 Threads    : 17

                  Objective                Residual
Iter       Primal          Dual         Primal    Dual     Compl     Time
   0  -7.69900303e+15  7.64362857e+12  5.49e+08 7.16e+06  6.48e+11    11s
   1  -2.03927995e+15  1.06264491e+13  1.46e+08 5.38e+06  1.75e+11    11s
   2  -5.65777608e+14  1.15182827e+13  4.05e+07 2.62e-08  5.01e+10    11s
   3  -5.73491299e+12  8.22527851e+12  4.11e+05 2.25e-08  5.21e+08    11s
   4  -8.24478446e+11  2.37291711e+12  5.91e+04 2.25e-08  7.70e+07    11s
   5  -1.87513956e+11  1.68223949e+12  1.35e+04 1.69e-08  1.89e+07    11s
   6  -1.04691080e+11  1.44026132e+12  7.60e+03 1.68e-08  1.11e+07    11s
   7  -3.94119756e+10  1.14878499e+12  2.93e+03 1.30e-08  4.96e+06    12s
   8  -9.24030142e+09  1.04259575e+12  7.80e+02 1.48e-08  2.40e+06    12s
   9  -1.56560431e+09  3.24394842e+11  2.36e+02 2.14e-08  6.76e+05    12s
  10   1.05677261e+09  1.32540065e+11  5.42e+01 3.26e-08  2.36e+05    12s
  11   1.33897745e+09  7.64789237e+10  3.51e+01 2.37e-08  1.37e+05    12s
  12   1.47953212e+09  5.16921904e+10  2.57e+01 4.31e-08  9.29e+04    12s
  13   1.56327284e+09  3.38887966e+10  2.01e+01 8.02e-08  6.31e+04    12s
  14   1.61381065e+09  2.45404534e+10  1.68e+01 1.03e-07  4.70e+04    13s
  15   1.70295524e+09  1.90526884e+10  1.10e+01 1.04e-07  3.44e+04    13s
  16   1.74778787e+09  1.46111010e+10  8.20e+00 1.34e-07  2.55e+04    13s
  17   1.75708583e+09  1.01615666e+10  7.60e+00 1.23e-07  1.85e+04    13s
  18   1.84641722e+09  7.52618548e+09  2.82e+00 1.21e-07  1.06e+04    13s
  19   1.89420204e+09  5.50130230e+09  1.39e+00 1.22e-07  6.32e+03    13s
  20   1.91760394e+09  3.75754308e+09  9.48e-01 1.26e-07  3.22e+03    14s
  21   1.94789943e+09  3.02608356e+09  5.87e-01 1.42e-07  1.85e+03    14s
  22   2.00214415e+09  2.69480355e+09  1.58e-01 1.29e-07  1.09e+03    14s
  23   2.01939262e+09  2.43635961e+09  9.48e-02 1.24e-07  6.51e+02    14s
  24   2.03013701e+09  2.31660739e+09  6.53e-02 1.46e-07  4.45e+02    14s
  25   2.03542506e+09  2.24112098e+09  5.46e-02 1.67e-07  3.21e+02    14s
  26   2.04289709e+09  2.20316469e+09  4.15e-02 2.41e-07  2.49e+02    14s
  27   2.04914260e+09  2.18203371e+09  3.15e-02 2.20e-07  2.06e+02    15s
  28   2.05583108e+09  2.14323015e+09  2.19e-02 1.89e-07  1.35e+02    15s
  29   2.06197368e+09  2.12131963e+09  1.43e-02 2.19e-07  9.17e+01    15s
  30   2.06526606e+09  2.11154480e+09  1.08e-02 2.60e-07  7.14e+01    15s
  31   2.06878050e+09  2.10225938e+09  7.64e-03 2.21e-07  5.16e+01    15s
  32   2.07141756e+09  2.09636358e+09  5.91e-03 2.12e-07  3.85e+01    15s
  33   2.07297088e+09  2.09354248e+09  4.96e-03 2.48e-07  3.18e+01    16s
  34   2.07526934e+09  2.09031814e+09  3.69e-03 2.63e-07  2.33e+01    16s
  35   2.07856564e+09  2.08818961e+09  1.97e-03 2.48e-07  1.48e+01    16s
  36   2.07991465e+09  2.08752810e+09  1.37e-03 2.78e-07  1.17e+01    16s
  37   2.08112595e+09  2.08702201e+09  8.72e-04 3.45e-07  9.01e+00    16s
  38   2.08172652e+09  2.08586656e+09  6.65e-04 2.66e-07  6.34e+00    17s
  39   2.08206628e+09  2.08523077e+09  5.54e-04 2.53e-07  4.86e+00    17s
  40   2.08274450e+09  2.08501024e+09  3.34e-04 2.53e-07  3.46e+00    17s
  41   2.08313068e+09  2.08480997e+09  2.13e-04 3.03e-07  2.56e+00    17s
  42   2.08337461e+09  2.08457840e+09  1.40e-04 2.78e-07  1.83e+00    17s
  43   2.08353702e+09  2.08428478e+09  9.41e-05 2.07e-07  1.14e+00    18s
  44   2.08378989e+09  2.08406013e+09  2.75e-05 1.89e-07  4.11e-01    18s
  45   2.08383970e+09  2.08398917e+09  1.54e-05 2.11e-07  2.28e-01    18s
  46   2.08388008e+09  2.08393436e+09  6.06e-06 2.31e-07  8.29e-02    18s
  47   2.08389255e+09  2.08392601e+09  3.26e-06 1.96e-07  5.10e-02    18s
  48   2.08389726e+09  2.08392356e+09  2.27e-06 2.31e-07  4.00e-02    18s
  49   2.08390374e+09  2.08392249e+09  8.70e-07 2.99e-07  2.83e-02    19s
  50   2.08390530e+09  2.08392070e+09  5.43e-07 3.68e-07  2.32e-02    19s
  51   2.08390754e+09  2.08391131e+09  1.12e-07 2.59e-07  5.70e-03    19s
  52   2.08390816e+09  2.08390855e+09  1.56e-08 1.89e-07  5.84e-04    19s
  53   2.08390824e+09  2.08390842e+09  2.17e-08 1.59e-07  2.62e-04    19s
  54   2.08390828e+09  2.08390830e+09  5.29e-08 1.75e-07  1.80e-05    19s
  55   2.08390829e+09  2.08390829e+09  3.80e-09 1.89e-07  3.93e-08    20s
  56   2.08390829e+09  2.08390829e+09  1.77e-09 1.79e-07  1.38e-11    20s

Barrier solved model in 56 iterations and 19.69 seconds (18.56 work units)
Optimal objective 2.08390829e+09


Root crossover log...

    9349 DPushes remaining with DInf 0.0000000e+00                20s
       0 DPushes remaining with DInf 0.0000000e+00                20s

    1107 PPushes remaining with PInf 0.0000000e+00                20s
       0 PPushes remaining with PInf 0.0000000e+00                20s

  Push phase complete: Pinf 0.0000000e+00, Dinf 2.9975618e-08     20s


Root simplex log...

Iteration    Objective       Primal Inf.    Dual Inf.      Time
    9778    2.0839083e+09   0.000000e+00   0.000000e+00     20s
Concurrent spin time: 0.05s

Solved with barrier
    9778    2.0839083e+09   0.000000e+00   3.703168e+03     20s
    9786    2.0839083e+09   0.000000e+00   0.000000e+00     20s
Extra simplex iterations after uncrush: 8

Root relaxation: objective 2.083908e+09, 9786 iterations, 12.69 seconds (9.89 work units)

    Nodes    |    Current Node    |     Objective Bounds      |     Work
 Expl Unexpl |  Obj  Depth IntInf | Incumbent    BestBd   Gap | It/Node Time

     0     0 2.0839e+09    0  185          - 2.0839e+09      -     -   22s
     0     0 2.0838e+09    0  199          - 2.0838e+09      -     -   39s
     0     0 2.0838e+09    0  201          - 2.0838e+09      -     -   46s
     0     0 2.0838e+09    0  201          - 2.0838e+09      -     -   46s
     0     0 2.0837e+09    0  209          - 2.0837e+09      -     -   61s
     0     0 2.0837e+09    0  190          - 2.0837e+09      -     -   65s
     0     0 2.0837e+09    0  202          - 2.0837e+09      -     -   70s
     0     0 2.0837e+09    0  180          - 2.0837e+09      -     -   75s
     0     0 2.0837e+09    0  195          - 2.0837e+09      -     -   78s
     0     0 2.0837e+09    0  189          - 2.0837e+09      -     -   80s
     0     0 2.0837e+09    0  179          - 2.0837e+09      -     -   80s
     0     0 2.0837e+09    0  208          - 2.0837e+09      -     -   91s
     0     0 2.0837e+09    0  210          - 2.0837e+09      -     -   92s
H    0     0                    2.055475e+09 2.0837e+09  1.37%     -  105s
H    0     0                    2.073656e+09 2.0837e+09  0.48%     -  126s

Cutting planes:
  Cover: 6
  Implied bound: 35
  Clique: 3
  MIR: 28
  Flow cover: 16
  Zero half: 1
  Network: 6
  Relax-and-lift: 38

Explored 1 nodes (31603 simplex iterations) in 126.19 seconds (130.51 work units)
Thread count was 20 (of 40 available processors)

Solution count 2: 2.07366e+09 2.05548e+09 

Optimal solution found (tolerance 1.00e-02)
Best objective 2.073656411026e+09, best bound 2.083660355082e+09, gap 0.4824%
Gurobi Optimizer version 10.0.1 build v10.0.1rc0 (linux64)

CPU model: Intel(R) Xeon(R) Gold 5115 CPU @ 2.40GHz, instruction set [SSE2|AVX|AVX2|AVX512]
Thread count: 20 physical cores, 40 logical processors, using up to 20 threads

Optimize a model with 39675 rows, 731073 columns and 4164397 nonzeros
Model fingerprint: 0x65d050bd
Variable types: 229845 continuous, 501228 integer (501228 binary)
Coefficient statistics:
  Matrix range     [1e+00, 2e+05]
  Objective range  [4e+01, 2e+07]
  Bounds range     [1e+00, 3e+05]
  RHS range        [1e+00, 3e+06]
Presolve removed 17548 rows and 211229 columns
Presolve time: 0.39s

Explored 0 nodes (0 simplex iterations) in 0.87 seconds (0.53 work units)
Thread count was 1 (of 40 available processors)

Solution count 0

Model is infeasible or unbounded
Best objective -, best bound -, gap -
IIS computation: initial model status unknown, solving to determine model status
Presolve removed 17548 rows and 211232 columns
Presolve time: 0.38s

Explored 0 nodes (0 simplex iterations) in 1.14 seconds (0.53 work units)
Thread count was 1 (of 40 available processors)

Solution count 0
No other solutions better than -1e+100

Model is infeasible
Best objective -, best bound -, gap -

IIS computed: 1 constraints, 220 bounds
IIS runtime: 1.18 seconds (0.53 work units)
