
Gurobi 10.0.1 (linux64) logging started Mon May 22 23:54:18 2023

Set parameter LogFile to value "logFiles/A-2L-A/A-2L-6U-29F-15V-240D/basic-05-22-2023, 23-54-H80-P60-O10.log"
Gurobi Optimizer version 10.0.1 build v10.0.1rc0 (linux64)

CPU model: Intel(R) Xeon(R) Gold 5115 CPU @ 2.40GHz, instruction set [SSE2|AVX|AVX2|AVX512]
Thread count: 20 physical cores, 40 logical processors, using up to 20 threads

Optimize a model with 25370 rows, 497090 columns and 2789664 nonzeros
Model fingerprint: 0xdbced502
Variable types: 223608 continuous, 273482 integer (273482 binary)
Coefficient statistics:
  Matrix range     [1e+00, 2e+05]
  Objective range  [4e+01, 2e+07]
  Bounds range     [1e+00, 1e+00]
  RHS range        [1e+00, 2e+06]
Presolve removed 9523 rows and 14680 columns (presolve time = 5s) ...
Presolve removed 9523 rows and 14723 columns (presolve time = 10s) ...
Presolve removed 9489 rows and 14691 columns
Presolve time: 10.73s
Presolved: 15881 rows, 482399 columns, 2362568 nonzeros
Variable types: 214916 continuous, 267483 integer (267467 binary)
Deterministic concurrent LP optimizer: primal simplex, dual simplex, and barrier
Showing barrier log only...

Root barrier log...

Ordering time: 3.03s

Barrier statistics:
 AA' NZ     : 1.131e+06
 Factor NZ  : 6.508e+06 (roughly 250 MB of memory)
 Factor Ops : 7.285e+09 (less than 1 second per iteration)
 Threads    : 17

                  Objective                Residual
Iter       Primal          Dual         Primal    Dual     Compl     Time
   0  -2.45931387e+16  1.51618069e+13  1.56e+09 5.70e+06  1.41e+12    18s
   1  -7.07508500e+15  2.19117110e+13  4.50e+08 5.20e+06  4.07e+11    18s
   2  -2.24787495e+15  2.23640314e+13  1.43e+08 2.70e+05  1.33e+11    18s
   3  -2.44714789e+13  1.61518773e+13  1.56e+06 6.09e+03  1.48e+09    19s
   4  -3.49910906e+12  6.51102293e+12  2.23e+05 6.78e+02  2.20e+08    19s
   5  -4.06892127e+11  4.21746409e+12  2.60e+04 2.68e+02  2.92e+07    19s
   6  -2.12005974e+11  3.08450736e+12  1.36e+04 1.32e+02  1.55e+07    19s
   7  -1.60173057e+11  2.64513700e+12  1.03e+04 1.83e+02  1.18e+07    20s
   8  -4.23565537e+10  1.16193993e+12  2.80e+03 2.92e+01  3.28e+06    20s
   9  -2.49813949e+10  5.13467564e+11  1.70e+03 9.19e+00  1.63e+06    20s
  10  -4.12331289e+09  2.60610078e+11  3.73e+02 3.72e+00  4.90e+05    20s
  11  -9.61944082e+08  2.01953154e+11  1.76e+02 2.79e+00  3.09e+05    20s
  12   1.11391477e+09  6.26561639e+10  4.56e+01 7.57e-01  8.79e+04    21s
  13   1.43067972e+09  4.72190807e+10  2.58e+01 5.65e-01  6.10e+04    21s
  14   1.62227871e+09  2.79337127e+10  1.39e+01 3.05e-01  3.49e+04    21s
  15   1.68059084e+09  2.28252939e+10  1.03e+01 2.43e-01  2.76e+04    21s
  16   1.71229508e+09  1.64670499e+10  8.43e+00 1.67e-01  1.99e+04    22s
  17   1.73717100e+09  1.16475238e+10  7.03e+00 1.09e-01  1.40e+04    22s
  18   1.77072167e+09  9.99283821e+09  5.24e+00 8.91e-02  1.13e+04    22s
  19   1.78674170e+09  7.15301634e+09  4.62e+00 5.70e-02  7.82e+03    22s
  20   1.80634828e+09  5.72491642e+09  3.58e+00 3.99e-02  5.71e+03    22s
  21   1.82920657e+09  4.20284061e+09  2.71e+00 2.18e-02  3.59e+03    23s
  22   1.86190570e+09  3.32044755e+09  1.48e+00 1.18e-02  2.05e+03    23s
  23   1.86489567e+09  2.93274869e+09  1.29e+00 8.02e-03  1.52e+03    23s
  24   1.88151282e+09  2.89032170e+09  7.12e-01 7.65e-03  1.27e+03    24s
  25   1.88179299e+09  2.79805939e+09  7.01e-01 6.84e-03  1.16e+03    24s
  26   1.89395180e+09  2.46782323e+09  1.87e-01 3.97e-03  6.40e+02    24s
  27   1.89961445e+09  2.26142032e+09  1.10e-01 2.34e-03  3.96e+02    24s
  28   1.90132805e+09  2.16589612e+09  9.20e-02 1.64e-03  2.89e+02    24s
  29   1.90280493e+09  2.10107753e+09  7.85e-02 1.18e-03  2.17e+02    25s
  30   1.90463342e+09  2.04875457e+09  6.00e-02 8.26e-04  1.57e+02    25s
  31   1.90704421e+09  2.01552114e+09  3.74e-02 6.03e-04  1.17e+02    25s
  32   1.90840730e+09  1.99194229e+09  2.76e-02 4.39e-04  8.99e+01    25s
  33   1.91036946e+09  1.96417830e+09  1.69e-02 2.69e-04  5.77e+01    26s
  34   1.91082646e+09  1.96263219e+09  1.53e-02 2.61e-04  5.54e+01    26s
  35   1.91228941e+09  1.95046797e+09  1.21e-02 1.88e-04  4.09e+01    26s
  36   1.91289669e+09  1.94363533e+09  1.08e-02 1.51e-04  3.30e+01    26s
  37   1.91398697e+09  1.93934635e+09  8.87e-03 1.26e-04  2.72e+01    27s
  38   1.91483095e+09  1.93668256e+09  7.02e-03 1.10e-04  2.34e+01    27s
  39   1.91515984e+09  1.93378832e+09  6.51e-03 8.89e-05  2.00e+01    27s
  40   1.91520560e+09  1.93207844e+09  6.44e-03 7.86e-05  1.82e+01    28s
  41   1.91564117e+09  1.93066864e+09  5.81e-03 6.92e-05  1.62e+01    28s
  42   1.91732928e+09  1.92855271e+09  3.36e-03 5.35e-05  1.20e+01    28s
  43   1.91813186e+09  1.92753536e+09  2.58e-03 4.65e-05  1.00e+01    28s
  44   1.91851679e+09  1.92564980e+09  2.26e-03 3.09e-05  7.64e+00    29s
  45   1.91944795e+09  1.92478933e+09  1.51e-03 2.45e-05  5.70e+00    29s
  46   1.91993971e+09  1.92427680e+09  1.22e-03 2.01e-05  4.63e+00    29s
  47   1.92029541e+09  1.92400422e+09  1.03e-03 1.73e-05  3.96e+00    30s
  48   1.92070615e+09  1.92374825e+09  8.19e-04 1.45e-05  3.24e+00    30s
  49   1.92095024e+09  1.92343764e+09  7.01e-04 1.09e-05  2.66e+00    30s
  50   1.92122021e+09  1.92330840e+09  5.74e-04 9.38e-06  2.23e+00    31s
  51   1.92131234e+09  1.92314964e+09  5.31e-04 7.46e-06  1.96e+00    31s
  52   1.92139922e+09  1.92312209e+09  4.90e-04 7.14e-06  1.84e+00    31s
  53   1.92156404e+09  1.92303416e+09  4.14e-04 5.97e-06  1.57e+00    31s
  54   1.92177187e+09  1.92294775e+09  3.21e-04 4.95e-06  1.26e+00    32s
  55   1.92196042e+09  1.92285666e+09  2.38e-04 3.96e-06  9.56e-01    32s
  56   1.92208440e+09  1.92279285e+09  1.83e-04 3.18e-06  7.56e-01    32s
  57   1.92221365e+09  1.92274654e+09  1.29e-04 2.60e-06  5.67e-01    33s
  58   1.92236755e+09  1.92265546e+09  6.43e-05 1.47e-06  3.06e-01    33s
  59   1.92243659e+09  1.92260185e+09  3.48e-05 8.08e-07  1.76e-01    33s
  60   1.92245625e+09  1.92257439e+09  2.70e-05 4.96e-07  1.26e-01    34s
  61   1.92250622e+09  1.92255515e+09  7.85e-06 2.72e-07  5.17e-02    34s
  62   1.92252021e+09  1.92253821e+09  2.71e-06 1.43e-07  1.90e-02    34s
  63   1.92252446e+09  1.92253067e+09  1.77e-06 1.41e-07  6.62e-03    34s
  64   1.92252774e+09  1.92252898e+09  1.06e-06 1.19e-07  1.32e-03    34s
  65   1.92252820e+09  1.92252852e+09  6.27e-07 1.49e-07  3.47e-04    35s
  66   1.92252843e+09  1.92252849e+09  2.03e-07 1.56e-07  7.01e-05    35s
  67   1.92252848e+09  1.92252849e+09  6.90e-08 2.16e-07  3.63e-06    35s
  68   1.92252849e+09  1.92252849e+09  7.91e-09 1.79e-07  1.66e-10    35s

Barrier solved model in 68 iterations and 35.45 seconds (32.12 work units)
Optimal objective 1.92252849e+09


Root crossover log...

   13043 DPushes remaining with DInf 0.0000000e+00                36s
       0 DPushes remaining with DInf 0.0000000e+00                36s

     918 PPushes remaining with PInf 0.0000000e+00                36s
       0 PPushes remaining with PInf 0.0000000e+00                36s

  Push phase complete: Pinf 0.0000000e+00, Dinf 1.0826062e+00     36s


Root simplex log...

Iteration    Objective       Primal Inf.    Dual Inf.      Time
   13958    1.9225285e+09   0.000000e+00   1.082606e+00     36s
   13962    1.9225285e+09   0.000000e+00   0.000000e+00     36s
Concurrent spin time: 0.09s

Solved with barrier
   13962    1.9225285e+09   0.000000e+00   0.000000e+00     37s

Root relaxation: objective 1.922528e+09, 13962 iterations, 23.92 seconds (17.21 work units)

    Nodes    |    Current Node    |     Objective Bounds      |     Work
 Expl Unexpl |  Obj  Depth IntInf | Incumbent    BestBd   Gap | It/Node Time

     0     0 1.9225e+09    0  298          - 1.9225e+09      -     -   38s
     0     0 1.9225e+09    0  296          - 1.9225e+09      -     -   61s
     0     0 1.9225e+09    0  263          - 1.9225e+09      -     -   94s
     0     0 1.9225e+09    0  276          - 1.9225e+09      -     -   96s
     0     0 1.9225e+09    0  316          - 1.9225e+09      -     -  106s
H    0     0                    1.896206e+09 1.9225e+09  1.38%     -  116s
H    0     0                    1.896552e+09 1.9225e+09  1.37%     -  130s
     0     0 1.9225e+09    0  320 1.8966e+09 1.9225e+09  1.37%     -  130s
     0     0 1.9225e+09    0  320 1.8966e+09 1.9225e+09  1.37%     -  139s
H    0     0                    1.910291e+09 1.9225e+09  0.64%     -  162s

Cutting planes:
  Cover: 7
  Implied bound: 9
  Clique: 1
  MIR: 10
  Flow cover: 23
  GUB cover: 2
  Mod-K: 1
  Network: 10
  RLT: 3
  Relax-and-lift: 5

Explored 1 nodes (24670 simplex iterations) in 162.78 seconds (157.71 work units)
Thread count was 20 (of 40 available processors)

Solution count 3: 1.91029e+09 1.89655e+09 1.89621e+09 

Optimal solution found (tolerance 1.00e-02)
Best objective 1.910291345920e+09, best bound 1.922454659828e+09, gap 0.6367%
Gurobi Optimizer version 10.0.1 build v10.0.1rc0 (linux64)

CPU model: Intel(R) Xeon(R) Gold 5115 CPU @ 2.40GHz, instruction set [SSE2|AVX|AVX2|AVX512]
Thread count: 20 physical cores, 40 logical processors, using up to 20 threads

Optimize a model with 48649 rows, 901820 columns and 6604728 nonzeros
Model fingerprint: 0x7885e4eb
Variable types: 313772 continuous, 588048 integer (588048 binary)
Coefficient statistics:
  Matrix range     [1e+00, 2e+05]
  Objective range  [4e+01, 2e+07]
  Bounds range     [1e+00, 3e+05]
  RHS range        [1e+00, 4e+06]
Presolve removed 36690 rows and 638245 columns (presolve time = 5s) ...
Presolve removed 36744 rows and 638612 columns (presolve time = 10s) ...
Presolve removed 36997 rows and 643845 columns
Presolve time: 12.88s
Presolved: 11652 rows, 257975 columns, 1211142 nonzeros
Variable types: 148230 continuous, 109745 integer (109729 binary)
Deterministic concurrent LP optimizer: primal simplex, dual simplex, and barrier
Showing barrier log only...

Root barrier log...

Ordering time: 0.55s

Barrier statistics:
 AA' NZ     : 6.593e+05
 Factor NZ  : 4.895e+06 (roughly 150 MB of memory)
 Factor Ops : 6.555e+09 (less than 1 second per iteration)
 Threads    : 17

                  Objective                Residual
Iter       Primal          Dual         Primal    Dual     Compl     Time
   0  -7.16246817e+15  1.92767835e+12  3.39e+08 4.31e+05  3.85e+10    16s
   1  -1.84681012e+15  1.76367905e+12  8.87e+07 4.32e+05  1.02e+10    17s
   2  -3.31003157e+14  1.02774268e+12  1.59e+07 6.87e+04  1.85e+09    17s
   3  -3.26511269e+13  4.85554880e+11  1.57e+06 1.86e-09  1.87e+08    17s
   4  -3.27606129e+12  2.27271634e+11  1.57e+05 1.40e-09  1.93e+07    17s
   5  -1.50022165e+12  1.45092928e+11  7.20e+04 1.51e-09  8.88e+06    17s
   6  -1.06981999e+12  9.49080475e+10  5.13e+04 1.16e-09  6.34e+06    17s
   7  -3.23758297e+11  6.70542018e+10  1.56e+04 1.05e-09  1.98e+06    17s
   8  -7.70907163e+10  5.00178022e+10  3.76e+03 1.05e-09  5.23e+05    18s
   9  -1.99823511e+10  2.61588094e+10  1.03e+03 9.31e-10  1.50e+05    18s
  10  -4.44149502e+09  1.04139543e+10  2.94e+02 1.28e-09  4.14e+04    18s
  11  -4.35758675e+08  4.96701432e+09  1.05e+02 1.28e-09  1.43e+04    18s
  12   8.96109229e+08  3.83488719e+09  4.20e+01 1.11e-09  7.16e+03    18s
  13   9.81120657e+08  3.67353863e+09  3.78e+01 1.46e-09  6.52e+03    18s
  14   1.31531226e+09  2.76602383e+09  2.22e+01 1.66e-09  3.57e+03    18s
  15   1.37643048e+09  2.37542819e+09  1.93e+01 1.98e-09  2.61e+03    19s
  16   1.46168343e+09  2.30543050e+09  1.53e+01 2.33e-09  2.17e+03    19s
  17   1.65832778e+09  2.07550394e+09  5.90e+00 3.43e-09  1.03e+03    19s
  18   1.69651937e+09  2.01320194e+09  4.04e+00 3.73e-09  7.77e+02    19s
  19   1.70338752e+09  1.96497963e+09  3.66e+00 4.19e-09  6.63e+02    19s
  20   1.71348440e+09  1.96180041e+09  3.13e+00 4.71e-09  6.13e+02    19s
  21   1.73133763e+09  1.93100560e+09  2.15e+00 5.53e-09  4.78e+02    19s
  22   1.74801684e+09  1.87744767e+09  1.26e+00 5.65e-09  2.92e+02    20s
  23   1.75800100e+09  1.82544122e+09  7.36e-01 3.12e-09  1.42e+02    20s
  24   1.76373880e+09  1.80429159e+09  4.59e-01 2.45e-09  7.89e+01    20s
  25   1.76617487e+09  1.79594716e+09  3.51e-01 2.56e-09  5.55e+01    20s
  26   1.76800454e+09  1.78876685e+09  2.78e-01 3.03e-09  3.65e+01    20s
  27   1.76877058e+09  1.78802826e+09  2.49e-01 2.79e-09  3.38e+01    20s
  28   1.77028623e+09  1.78427642e+09  1.95e-01 2.21e-09  2.35e+01    21s
  29   1.77133832e+09  1.78293047e+09  1.59e-01 3.26e-09  1.92e+01    21s
  30   1.77356903e+09  1.78111866e+09  9.00e-02 2.10e-09  1.26e+01    21s
  31   1.77420437e+09  1.78038221e+09  7.36e-02 2.30e-09  1.02e+01    21s
  32   1.77460253e+09  1.77990581e+09  6.41e-02 2.39e-09  8.70e+00    21s
  33   1.77542183e+09  1.77960178e+09  4.73e-02 2.21e-09  6.91e+00    21s
  34   1.77598987e+09  1.77926605e+09  3.66e-02 2.33e-09  5.41e+00    22s
  35   1.77624017e+09  1.77909178e+09  3.24e-02 2.68e-09  4.69e+00    22s
  36   1.77636480e+09  1.77903960e+09  3.03e-02 2.65e-09  4.40e+00    22s
  37   1.77660137e+09  1.77887796e+09  2.64e-02 2.79e-09  3.72e+00    22s
  38   1.77701334e+09  1.77879462e+09  2.02e-02 2.79e-09  2.92e+00    22s
  39   1.77741255e+09  1.77868801e+09  1.42e-02 2.65e-09  2.10e+00    22s
  40   1.77771086e+09  1.77864422e+09  9.94e-03 2.44e-09  1.54e+00    23s
  41   1.77774853e+09  1.77862210e+09  9.41e-03 2.44e-09  1.44e+00    23s
  42   1.77789404e+09  1.77858974e+09  7.34e-03 2.07e-09  1.15e+00    23s
  43   1.77798526e+09  1.77855701e+09  6.08e-03 2.33e-09  9.46e-01    23s
  44   1.77807076e+09  1.77853662e+09  4.88e-03 2.53e-09  7.72e-01    23s
  45   1.77815031e+09  1.77851286e+09  3.81e-03 2.39e-09  6.01e-01    23s
  46   1.77818363e+09  1.77849892e+09  3.36e-03 2.42e-09  5.21e-01    24s
  47   1.77826134e+09  1.77846985e+09  2.32e-03 2.18e-09  3.42e-01    24s
  48   1.77833938e+09  1.77845999e+09  1.29e-03 1.75e-09  1.99e-01    24s
  49   1.77836905e+09  1.77845236e+09  9.03e-04 1.98e-09  1.37e-01    24s
  50   1.77838406e+09  1.77844929e+09  7.10e-04 2.04e-09  1.07e-01    24s
  51   1.77841041e+09  1.77844747e+09  3.68e-04 1.98e-09  6.19e-02    24s
  52   1.77842755e+09  1.77844215e+09  1.50e-04 1.78e-09  2.43e-02    25s
  53   1.77843452e+09  1.77844021e+09  6.47e-05 2.27e-09  9.30e-03    25s
  54   1.77843708e+09  1.77844008e+09  3.37e-05 1.58e-09  4.91e-03    25s
  55   1.77843769e+09  1.77844006e+09  2.66e-05 2.15e-09  3.87e-03    25s
  56   1.77843880e+09  1.77844006e+09  1.38e-05 2.56e-09  2.06e-03    25s
  57   1.77843993e+09  1.77844000e+09  3.45e-06 2.12e-09  1.13e-04    25s
  58   1.77844000e+09  1.77844000e+09  1.35e-07 1.86e-09  4.43e-06    26s
  59   1.77844000e+09  1.77844000e+09  1.10e-07 3.61e-09  3.63e-06    26s

Barrier solved model in 59 iterations and 25.75 seconds (31.08 work units)
Optimal objective 1.77844000e+09


Root crossover log...

    7852 DPushes remaining with DInf 0.0000000e+00                26s
       0 DPushes remaining with DInf 0.0000000e+00                26s

    2004 PPushes remaining with PInf 2.0575600e-01                26s
       0 PPushes remaining with PInf 1.2658072e-03                26s

  Push phase complete: Pinf 1.2658072e-03, Dinf 2.8426434e+06     26s


Root simplex log...

Iteration    Objective       Primal Inf.    Dual Inf.      Time
    9706    1.7784400e+09   0.000000e+00   2.842643e+06     26s
   10355    1.7784400e+09   0.000000e+00   0.000000e+00     26s
Concurrent spin time: 0.00s

Solved with barrier
   10355    1.7784400e+09   0.000000e+00   0.000000e+00     26s

Root relaxation: objective 1.778440e+09, 10355 iterations, 11.84 seconds (8.13 work units)

    Nodes    |    Current Node    |     Objective Bounds      |     Work
 Expl Unexpl |  Obj  Depth IntInf | Incumbent    BestBd   Gap | It/Node Time

     0     0 1.7784e+09    0  154          - 1.7784e+09      -     -   27s
     0     0 1.7784e+09    0  198          - 1.7784e+09      -     -   37s
     0     0 1.7784e+09    0  192          - 1.7784e+09      -     -   41s
     0     0 1.7784e+09    0  201          - 1.7784e+09      -     -   44s
     0     0 1.7784e+09    0  201          - 1.7784e+09      -     -   48s
     0     0 1.7784e+09    0  202          - 1.7784e+09      -     -   51s
     0     0 1.7784e+09    0  204          - 1.7784e+09      -     -   53s
     0     0 1.7784e+09    0  210          - 1.7784e+09      -     -   55s
     0     0 1.7784e+09    0  195          - 1.7784e+09      -     -   57s
     0     0 1.7784e+09    0  202          - 1.7784e+09      -     -   60s
H    0     0                    1.604062e+09 1.7784e+09  10.9%     -   60s
     0     0 1.7784e+09    0  188 1.6041e+09 1.7784e+09  10.9%     -   65s
H    0     0                    1.756687e+09 1.7784e+09  1.24%     -  100s
     0     2 1.7784e+09    0  184 1.7567e+09 1.7784e+09  1.24%     -  103s
     1     4 1.7784e+09    1  184 1.7567e+09 1.7784e+09  1.24%  1130  109s
     3     8 1.7784e+09    2  179 1.7567e+09 1.7784e+09  1.24%   642  117s
     7    16 1.7784e+09    3  199 1.7567e+09 1.7784e+09  1.24%   668  128s
    15    32 1.7784e+09    4  214 1.7567e+09 1.7784e+09  1.24%   733  146s
    31    52 1.7784e+09    5  194 1.7567e+09 1.7784e+09  1.24%   834  169s
H   37    52                    1.756751e+09 1.7784e+09  1.23%   746  170s
H   44    52                    1.767702e+09 1.7784e+09  0.60%   731  170s

Cutting planes:
  Cover: 59
  Implied bound: 58
  Clique: 6
  MIR: 43
  Flow cover: 52
  GUB cover: 4
  Zero half: 6
  Network: 30
  RLT: 3
  Relax-and-lift: 9

Explored 51 nodes (51916 simplex iterations) in 170.88 seconds (179.30 work units)
Thread count was 20 (of 40 available processors)

Solution count 5: 1.7677e+09 1.7677e+09 1.75675e+09 ... 1.60406e+09

Optimal solution found (tolerance 1.00e-02)
Warning: max constraint violation (8.5281e-06) exceeds tolerance
Best objective 1.767701588448e+09, best bound 1.778385164524e+09, gap 0.6044%
Gurobi Optimizer version 10.0.1 build v10.0.1rc0 (linux64)

CPU model: Intel(R) Xeon(R) Gold 5115 CPU @ 2.40GHz, instruction set [SSE2|AVX|AVX2|AVX512]
Thread count: 20 physical cores, 40 logical processors, using up to 20 threads

Optimize a model with 49241 rows, 911776 columns and 6492545 nonzeros
Model fingerprint: 0xcbd56028
Variable types: 12934 continuous, 898842 integer (898842 binary)
Coefficient statistics:
  Matrix range     [1e+00, 2e+05]
  Objective range  [4e+01, 2e+07]
  Bounds range     [1e+00, 3e+05]
  RHS range        [1e+00, 4e+06]
Presolve removed 44161 rows and 836718 columns
Presolve time: 3.22s
Presolved: 5080 rows, 75058 columns, 371027 nonzeros
Variable types: 2661 continuous, 72397 integer (72362 binary)
Deterministic concurrent LP optimizer: primal and dual simplex
Showing first log only...


Root simplex log...

Iteration    Objective       Primal Inf.    Dual Inf.      Time
   20128    1.6920964e+09   0.000000e+00   8.815121e+10      5s
  124031    1.8034426e+09   0.000000e+00   1.591289e+10     10s
  139494    1.8037808e+09   0.000000e+00   0.000000e+00     11s
Concurrent spin time: 0.36s

Solved with primal simplex
  139494    1.8037808e+09   0.000000e+00   0.000000e+00     11s

Root relaxation: objective 1.803781e+09, 139494 iterations, 7.09 seconds (8.85 work units)

    Nodes    |    Current Node    |     Objective Bounds      |     Work
 Expl Unexpl |  Obj  Depth IntInf | Incumbent    BestBd   Gap | It/Node Time

     0     0 1.8038e+09    0  186          - 1.8038e+09      -     -   11s
H    0     0                    1.790235e+09 1.8038e+09  0.76%     -   25s

Explored 1 nodes (141042 simplex iterations) in 25.80 seconds (23.59 work units)
Thread count was 20 (of 40 available processors)

Solution count 1: 1.79024e+09 

Optimal solution found (tolerance 1.00e-02)
Best objective 1.790235477761e+09, best bound 1.803780757368e+09, gap 0.7566%
