
Gurobi 10.0.1 (linux64) logging started Tue May  9 23:33:49 2023

Set parameter LogFile to value "logFiles/A-2L-B/A-2L-6U-55F-15V-365D-basic.log"
Gurobi Optimizer version 10.0.1 build v10.0.1rc0 (linux64)

CPU model: Intel(R) Xeon(R) Gold 5115 CPU @ 2.40GHz, instruction set [SSE2|AVX|AVX2|AVX512]
Thread count: 20 physical cores, 40 logical processors, using up to 20 threads

Optimize a model with 158542 rows, 1571301 columns and 12041024 nonzeros
Model fingerprint: 0xe733aa12
Variable types: 3294 continuous, 1568007 integer (1568007 binary)
Coefficient statistics:
  Matrix range     [1e+00, 2e+05]
  Objective range  [4e+01, 3e+07]
  Bounds range     [1e+00, 1e+00]
  RHS range        [1e+00, 8e+06]
Presolve removed 107101 rows and 77261 columns (presolve time = 6s) ...
Presolve removed 107103 rows and 77263 columns (presolve time = 10s) ...
Presolve removed 109012 rows and 77263 columns (presolve time = 15s) ...
Presolve removed 109013 rows and 77268 columns (presolve time = 20s) ...
Presolve removed 109013 rows and 77268 columns (presolve time = 25s) ...
Presolve removed 109013 rows and 77268 columns (presolve time = 30s) ...
Presolve removed 109013 rows and 77268 columns (presolve time = 35s) ...
Presolve removed 108901 rows and 77156 columns
Presolve time: 37.94s
Presolved: 49641 rows, 1494145 columns, 9262105 nonzeros
Variable types: 3324 continuous, 1490821 integer (1490768 binary)
Deterministic concurrent LP optimizer: primal simplex, dual simplex, and barrier
Showing barrier log only...

Root barrier log...

Elapsed ordering time = 5s
Ordering time: 6.79s

Barrier statistics:
 AA' NZ     : 4.055e+06
 Factor NZ  : 4.049e+07 (roughly 1.0 GB of memory)
 Factor Ops : 1.204e+11 (roughly 1 second per iteration)
 Threads    : 17

                  Objective                Residual
Iter       Primal          Dual         Primal    Dual     Compl     Time
   0  -3.14584629e+17  6.13893636e+12  2.89e+10 5.81e+04  4.96e+11    61s
   1  -6.04143754e+16  1.09941047e+13  5.56e+09 4.64e+05  9.59e+10    62s
   2  -6.96463867e+15  1.17529187e+13  6.45e+08 1.63e-09  1.13e+10    63s
   3  -2.97269431e+14  7.36861518e+12  2.75e+07 1.78e-09  4.84e+08    65s
   4  -2.54168013e+14  7.11818829e+12  2.35e+07 1.63e-09  4.14e+08    66s
   5  -1.43542900e+14  4.51910816e+12  1.33e+07 1.51e-09  2.34e+08    67s
   6  -6.92656382e+13  3.36093890e+12  6.41e+06 3.26e-09  1.15e+08    68s
   7  -2.29875215e+13  1.78379402e+12  2.13e+06 1.40e-09  3.90e+07    69s
   8  -6.35943783e+12  1.53695781e+12  5.88e+05 1.28e-09  1.12e+07    70s
   9  -2.65273750e+12  1.22557501e+12  2.45e+05 1.16e-09  4.85e+06    71s
  10  -1.12976175e+12  1.05923754e+12  1.05e+05 1.24e-09  2.23e+06    73s
  11  -3.61990713e+11  7.66432418e+11  3.37e+04 1.16e-09  8.37e+05    75s
  12  -1.68677664e+11  3.87029340e+11  1.58e+04 1.60e-09  3.75e+05    77s
  13  -4.16082656e+10  1.83359740e+11  4.10e+03 7.57e-09  1.18e+05    79s
  14  -1.31416360e+10  6.48991199e+10  1.48e+03 4.54e-09  3.88e+04    80s
  15  -4.30901893e+09  3.20103191e+10  6.68e+02 3.86e-09  1.74e+04    81s
  16  -1.15498441e+08  2.12195465e+10  2.92e+02 4.66e-09  9.36e+03    82s
  17   4.43466974e+08  1.07347237e+10  2.42e+02 4.66e-09  4.98e+03    83s
  18   1.66582928e+09  9.72759064e+09  1.34e+02 5.30e-09  3.54e+03    85s
  19   1.87456560e+09  8.40562830e+09  1.16e+02 4.66e-09  2.91e+03    85s
  20   2.09281296e+09  7.10044356e+09  9.68e+01 6.64e-09  2.27e+03    87s
  21   2.44429744e+09  6.50142383e+09  6.62e+01 6.96e-09  1.76e+03    88s
  22   2.58501862e+09  5.64408258e+09  5.43e+01 9.17e-09  1.35e+03    89s
  23   2.72654664e+09  5.23138543e+09  4.25e+01 7.68e-09  1.09e+03    90s
  24   2.84402010e+09  4.74650382e+09  3.29e+01 8.15e-09  8.23e+02    92s
  25   2.97974776e+09  4.23173250e+09  2.21e+01 1.12e-08  5.38e+02    94s
  26   3.04716509e+09  4.14198577e+09  1.68e+01 1.34e-08  4.56e+02    95s
  27   3.12943594e+09  3.87020918e+09  1.02e+01 1.25e-08  2.99e+02    96s
  28   3.16540164e+09  3.79406596e+09  7.39e+00 1.76e-08  2.46e+02    98s
  29   3.18154209e+09  3.66254731e+09  6.20e+00 1.75e-08  1.87e+02    99s
  30   3.20408535e+09  3.55753573e+09  4.62e+00 1.72e-08  1.34e+02   101s
  31   3.22789494e+09  3.47452901e+09  3.02e+00 1.65e-08  9.03e+01   103s
  32   3.23666655e+09  3.47088222e+09  2.50e+00 2.19e-08  8.47e+01   104s
  33   3.24989163e+09  3.40114172e+09  1.76e+00 1.98e-08  5.32e+01   106s
  34   3.26098338e+09  3.37410652e+09  1.20e+00 1.63e-08  3.89e+01   107s
  35   3.26165892e+09  3.36465355e+09  1.17e+00 1.66e-08  3.53e+01   109s
  36   3.26852851e+09  3.33571127e+09  8.65e-01 1.93e-08  2.25e+01   110s
  37   3.27042052e+09  3.32926641e+09  7.90e-01 2.19e-08  1.96e+01   111s
  38   3.27774135e+09  3.32200888e+09  5.38e-01 1.79e-08  1.46e+01   113s
  39   3.28265889e+09  3.31736001e+09  3.85e-01 1.85e-08  1.14e+01   114s
  40   3.28477942e+09  3.31428296e+09  3.24e-01 2.31e-08  9.69e+00   116s
  41   3.28762678e+09  3.31047165e+09  2.45e-01 2.00e-08  7.48e+00   117s
  42   3.28941498e+09  3.30777735e+09  2.03e-01 1.98e-08  5.99e+00   119s
  43   3.29167681e+09  3.30624031e+09  1.51e-01 1.96e-08  4.75e+00   120s
  44   3.29292834e+09  3.30526208e+09  1.25e-01 2.05e-08  4.02e+00   122s
  45   3.29412592e+09  3.30393819e+09  1.02e-01 2.22e-08  3.20e+00   123s
  46   3.29566033e+09  3.30356674e+09  7.35e-02 2.25e-08  2.58e+00   125s
  47   3.29605641e+09  3.30307580e+09  6.68e-02 2.42e-08  2.29e+00   127s
  48   3.29669870e+09  3.30264463e+09  5.62e-02 2.27e-08  1.94e+00   128s
  49   3.29747774e+09  3.30224924e+09  4.38e-02 2.48e-08  1.56e+00   130s
  50   3.29804601e+09  3.30187587e+09  3.48e-02 2.47e-08  1.25e+00   131s
  51   3.29874211e+09  3.30148800e+09  2.42e-02 1.97e-08  8.98e-01   133s
  52   3.29915804e+09  3.30128613e+09  1.80e-02 2.04e-08  6.96e-01   134s
  53   3.29952202e+09  3.30104283e+09  1.27e-02 2.36e-08  4.98e-01   136s
  54   3.29967637e+09  3.30091845e+09  1.05e-02 2.19e-08  4.07e-01   137s
  55   3.29998545e+09  3.30075144e+09  6.17e-03 2.32e-08  2.51e-01   139s
  56   3.30012633e+09  3.30068498e+09  4.20e-03 2.39e-08  1.83e-01   140s
  57   3.30020183e+09  3.30063405e+09  3.16e-03 2.25e-08  1.42e-01   142s
  58   3.30027098e+09  3.30057930e+09  2.20e-03 1.87e-08  1.01e-01   143s
  59   3.30033704e+09  3.30054195e+09  1.32e-03 2.11e-08  6.75e-02   145s
  60   3.30037516e+09  3.30051406e+09  8.16e-04 1.91e-08  4.58e-02   146s
  61   3.30041451e+09  3.30046707e+09  3.06e-04 1.56e-08  1.74e-02   148s
  62   3.30043085e+09  3.30045411e+09  9.69e-05 1.57e-08  7.71e-03   149s
  63   3.30043572e+09  3.30044156e+09  3.86e-05 1.53e-08  1.93e-03   151s
  64   3.30043684e+09  3.30044003e+09  2.57e-05 1.91e-08  1.05e-03   152s
  65   3.30043818e+09  3.30043958e+09  1.25e-05 1.71e-08  4.63e-04   154s
  66   3.30043915e+09  3.30043944e+09  1.45e-05 1.55e-08  9.88e-05   155s
  67   3.30043925e+09  3.30043932e+09  5.26e-06 1.83e-08  2.32e-05   157s
  68   3.30043931e+09  3.30043931e+09  8.90e-08 1.66e-08  5.93e-07   158s
  69   3.30043931e+09  3.30043931e+09  3.21e-09 1.54e-08  1.21e-10   160s

Barrier solved model in 69 iterations and 160.06 seconds (154.73 work units)
Optimal objective 3.30043931e+09


Root crossover log...

   38516 DPushes remaining with DInf 0.0000000e+00               160s
      62 DPushes remaining with DInf 0.0000000e+00               167s
       0 DPushes remaining with DInf 0.0000000e+00               169s

    2285 PPushes remaining with PInf 0.0000000e+00               169s
       0 PPushes remaining with PInf 0.0000000e+00               170s

  Push phase complete: Pinf 0.0000000e+00, Dinf 3.2448775e+00    170s


Root simplex log...

Iteration    Objective       Primal Inf.    Dual Inf.      Time
   40800    3.3004393e+09   0.000000e+00   3.244877e+00    170s
   40804    3.3004393e+09   0.000000e+00   0.000000e+00    170s
Concurrent spin time: 0.00s

Solved with barrier
   40915    3.3004393e+09   0.000000e+00   0.000000e+00    171s
Extra simplex iterations after uncrush: 111

Root relaxation: objective 3.300439e+09, 40915 iterations, 126.88 seconds (102.83 work units)
Total elapsed time = 175.35s

    Nodes    |    Current Node    |     Objective Bounds      |     Work
 Expl Unexpl |  Obj  Depth IntInf | Incumbent    BestBd   Gap | It/Node Time

     0     0 3.3004e+09    0 2345          - 3.3004e+09      -     -  183s
     0     0 3.2990e+09    0 2388          - 3.2990e+09      -     - 1469s
     0     0 3.2989e+09    0 2076          - 3.2989e+09      -     - 2875s
     0     0 3.2988e+09    0 2176          - 3.2988e+09      -     - 3824s
     0     0 3.2988e+09    0 2202          - 3.2988e+09      -     - 4013s
     0     0 3.2988e+09    0 2237          - 3.2988e+09      -     - 4126s
     0     0 3.2987e+09    0 2077          - 3.2987e+09      -     - 4927s
     0     0 3.2987e+09    0 2073          - 3.2987e+09      -     - 5738s
     0     0 3.2987e+09    0 2013          - 3.2987e+09      -     - 6048s
     0     0 3.2987e+09    0 2013          - 3.2987e+09      -     - 6172s
     0     0 3.2987e+09    0 2005          - 3.2987e+09      -     - 6288s
     0     0 3.2987e+09    0 2016          - 3.2987e+09      -     - 6378s
     0     0 3.2987e+09    0 2083          - 3.2987e+09      -     - 7049s
     0     0 3.2987e+09    0 2025          - 3.2987e+09      -     - 7284s
     0     0 3.2987e+09    0 2047          - 3.2987e+09      -     - 7347s
     0     0 3.2987e+09    0 2063          - 3.2987e+09      -     - 7933s
     0     0 3.2987e+09    0 1988          - 3.2987e+09      -     - 8124s
     0     0 3.2987e+09    0 2023          - 3.2987e+09      -     - 8172s
     0     0 3.2987e+09    0 2203          - 3.2987e+09      -     - 8546s
     0     0 3.2987e+09    0 2224          - 3.2987e+09      -     - 8902s
     0     0 3.2987e+09    0 2299          - 3.2987e+09      -     - 8940s
     0     0 3.2987e+09    0 2149          - 3.2987e+09      -     - 9245s
     0     0 3.2987e+09    0 2220          - 3.2987e+09      -     - 10464s
     0     0          -    0               - 3.2987e+09      -     - 10800s

Cutting planes:
  Cover: 70
  Implied bound: 52
  Clique: 7
  MIR: 103
  StrongCG: 1
  Flow cover: 190
  GUB cover: 7
  Network: 12
  RLT: 34
  Relax-and-lift: 29

Explored 1 nodes (378206 simplex iterations) in 10800.22 seconds (10686.00 work units)
Thread count was 20 (of 40 available processors)

Solution count 0

Time limit reached
Best objective -, best bound 3.298675435575e+09, gap -
IIS computation: initial model status unknown, solving to determine model status
Presolve removed 107101 rows and 77266 columns (presolve time = 5s) ...
Presolve removed 107103 rows and 77268 columns (presolve time = 10s) ...
Presolve removed 109012 rows and 77268 columns (presolve time = 15s) ...
Presolve removed 109013 rows and 77268 columns (presolve time = 20s) ...
Presolve removed 109013 rows and 77268 columns (presolve time = 25s) ...
Presolve removed 109013 rows and 77268 columns (presolve time = 30s) ...
Presolve removed 109013 rows and 77268 columns (presolve time = 35s) ...
Presolve removed 109013 rows and 77268 columns (presolve time = 40s) ...
Presolve removed 108901 rows and 77156 columns
Presolve time: 40.05s
Presolved: 49641 rows, 1494145 columns, 9262105 nonzeros
Variable types: 3324 continuous, 1490821 integer (1490768 binary)
Deterministic concurrent LP optimizer: primal simplex, dual simplex, and barrier
Showing barrier log only...

Root barrier log...

Elapsed ordering time = 5s
Ordering time: 7.34s

Barrier statistics:
 AA' NZ     : 4.055e+06
 Factor NZ  : 4.049e+07 (roughly 1.0 GB of memory)
 Factor Ops : 1.204e+11 (roughly 1 second per iteration)
 Threads    : 17

                  Objective                Residual
Iter       Primal          Dual         Primal    Dual     Compl     Time
   0  -0.00000000e+00  4.72038997e+05  2.89e+10 0.00e+00  3.64e+04    67s
   1  -0.00000000e+00  8.11622461e+05  5.47e+09 3.26e-02  6.92e+03    68s
   2  -0.00000000e+00  8.55267192e+05  4.29e+08 1.25e-16  5.47e+02    69s
   3  -0.00000000e+00  5.20890760e+05  2.72e+07 1.25e-16  3.49e+01    71s
   4  -0.00000000e+00  4.88369711e+05  2.33e+07 1.13e-16  2.90e+01    72s
   5  -0.00000000e+00  2.36688367e+05  1.31e+07 7.57e-17  1.16e+01    73s
   6  -0.00000000e+00  1.35377777e+05  6.17e+06 5.60e-08  4.16e+00    74s
   7  -0.00000000e+00  5.99915718e+04  4.13e+06 2.12e-07  2.05e+00    75s
   8  -0.00000000e+00  4.02292085e+04  4.68e+05 2.29e-07  2.16e-01    77s
   9  -0.00000000e+00  1.70286744e+04  1.34e+05 2.01e-07  4.03e-02    79s
  10  -0.00000000e+00  9.05312453e+03  4.25e+04 4.16e-07  1.08e-02    81s
  11  -0.00000000e+00  4.39573560e+03  9.63e+03 4.21e-07  2.70e-03    83s
  12  -0.00000000e+00  1.73941868e+03  2.73e+03 2.86e-07  8.36e-04    84s
  13  -0.00000000e+00  9.21744543e+02  1.22e+03 1.90e-07  4.07e-04    86s
  14  -0.00000000e+00  6.27540924e+02  7.80e+02 1.42e-07  2.69e-04    88s
  15  -0.00000000e+00  4.31562753e+02  5.70e+02 1.06e-07  1.85e-04    89s
  16  -0.00000000e+00  3.16576054e+02  4.13e+02 8.35e-08  1.35e-04    91s
  17  -0.00000000e+00  2.38258730e+02  2.77e+02 6.92e-08  9.87e-05    92s
  18  -0.00000000e+00  1.03383670e+02  1.74e+02 3.93e-08  4.62e-05    94s
  19  -0.00000000e+00  9.01298387e+01  1.11e+02 1.49e-08  3.78e-05    96s
  20  -0.00000000e+00  5.81680494e+01  4.93e+01 7.38e-09  2.29e-05    97s
  21  -0.00000000e+00  3.87734269e+01  3.72e+01 9.77e-09  1.55e-05    99s
  22  -0.00000000e+00  2.80846818e+01  3.05e+01 1.14e-08  1.15e-05   100s
  23  -0.00000000e+00  1.91435752e+01  2.52e+01 1.60e-08  8.13e-06   102s
  24  -0.00000000e+00  1.19518517e+01  2.08e+01 7.47e-09  5.38e-06   103s
  25  -0.00000000e+00  8.26296893e+00  1.70e+01 2.02e-08  3.86e-06   105s
  26  -0.00000000e+00  5.07272395e+00  9.24e+00 4.86e-08  2.26e-06   107s
  27  -0.00000000e+00  3.19123570e+00  5.04e+00 6.31e-08  1.36e-06   109s
  28  -0.00000000e+00  1.33389644e+00  1.80e+00 5.52e-08  5.50e-07   111s
  29  -0.00000000e+00  1.82045522e-01  2.94e-01 2.15e-08  8.76e-08   113s
  30  -0.00000000e+00  3.40076261e-03  3.49e-03 4.03e-10  1.66e-09   115s
  31  -0.00000000e+00  2.72226909e-06  4.77e-05 3.49e-13  1.32e-12   118s
  32  -0.00000000e+00  4.37360432e-11  6.01e-10 1.71e-16  2.12e-17   119s

Barrier solved model in 32 iterations and 119.15 seconds (119.05 work units)
Optimal objective -0.00000000e+00

  Building initial crossover basis                               129s
  Building initial crossover basis                               131s
  Building initial crossover basis                               135s
  Building initial crossover basis                               140s
  Building initial crossover basis                               145s
  Building initial crossover basis                               151s
  Building initial crossover basis                               155s
  Building initial crossover basis                               161s
  Building initial crossover basis                               165s
  Building initial crossover basis                               171s
  Building initial crossover basis                               175s
  Building initial crossover basis                               181s
  Building initial crossover basis                               186s
  Building initial crossover basis                               190s
  Building initial crossover basis                               197s
  Building initial crossover basis                               201s
  Building initial crossover basis                               206s
  Building initial crossover basis                               211s
  Building initial crossover basis                               216s
  Building initial crossover basis                               221s
  Building initial crossover basis                               226s
  Building initial crossover basis                               230s
  Building initial crossover basis                               236s
  Building initial crossover basis                               241s

Root crossover log...

   39407 DPushes remaining with DInf 3.1558210e+01               245s
      23 DPushes remaining with DInf 5.0963258e+01               245s
       0 DPushes remaining with DInf 0.0000000e+00               245s

     702 PPushes remaining with PInf 4.7877320e-04               245s
       0 PPushes remaining with PInf 0.0000000e+00               245s

  Push phase complete: Pinf 0.0000000e+00, Dinf 0.0000000e+00    245s


Root simplex log...

Iteration    Objective       Primal Inf.    Dual Inf.      Time
    3505   -0.0000000e+00   0.000000e+00   0.000000e+00    245s
Concurrent spin time: 0.01s

Solved with barrier
    3505   -0.0000000e+00   0.000000e+00   0.000000e+00    246s

Root relaxation: objective -0.000000e+00, 3505 iterations, 196.49 seconds (170.63 work units)

    Nodes    |    Current Node    |     Objective Bounds      |     Work
 Expl Unexpl |  Obj  Depth IntInf | Incumbent    BestBd   Gap | It/Node Time

     0     0   -0.00000    0 1841          -   -0.00000      -     - 1025s
     0     0   -0.00000    0 1317          -   -0.00000      -     - 6058s
     0     0   -0.00000    0 1096          -   -0.00000      -     - 8481s
     0     0   -0.00000    0  107          -   -0.00000      -     - 10800s

Cutting planes:
  Cover: 6
  Implied bound: 191
  Clique: 7
  MIR: 215
  Flow cover: 173
  GUB cover: 3
  RLT: 100
  Relax-and-lift: 23

Explored 1 nodes (1768581 simplex iterations) in 10800.02 seconds (11811.97 work units)
Thread count was 20 (of 40 available processors)

Solution count 0

Time limit reached
Best objective -, best bound -0.000000000000e+00, gap -
IIS runtime: 10800.04 seconds (11811.97 work units)
