
Gurobi 10.0.1 (linux64) logging started Sat May 27 11:32:22 2023

Set parameter LogFile to value "logFiles/A-2L-A/A-2L-6U-23F-15V-180D/basic-05-27-2023, 11-32-H70-P50-O15.log"
Gurobi Optimizer version 10.0.1 build v10.0.1rc0 (linux64)

CPU model: Intel(R) Xeon(R) Gold 5115 CPU @ 2.40GHz, instruction set [SSE2|AVX|AVX2|AVX512]
Thread count: 20 physical cores, 40 logical processors, using up to 20 threads

Optimize a model with 21518 rows, 409729 columns and 1952130 nonzeros
Model fingerprint: 0xec656f59
Variable types: 158061 continuous, 251668 integer (251668 binary)
Coefficient statistics:
  Matrix range     [1e+00, 2e+05]
  Objective range  [4e+01, 2e+07]
  Bounds range     [1e+00, 1e+00]
  RHS range        [1e+00, 2e+06]

Loaded user MIP start with objective 6.34119e+08

Presolve removed 8362 rows and 13802 columns (presolve time = 5s) ...
Presolve removed 8334 rows and 13827 columns
Presolve time: 7.96s
Presolved: 13184 rows, 395902 columns, 1656557 nonzeros
Found heuristic solution: objective 2.307034e+09
Variable types: 149701 continuous, 246201 integer (246189 binary)
Deterministic concurrent LP optimizer: primal simplex, dual simplex, and barrier
Showing barrier log only...

Root barrier log...

Ordering time: 0.65s

Barrier statistics:
 AA' NZ     : 8.694e+05
 Factor NZ  : 7.006e+06 (roughly 220 MB of memory)
 Factor Ops : 1.264e+10 (less than 1 second per iteration)
 Threads    : 18

                  Objective                Residual
Iter       Primal          Dual         Primal    Dual     Compl     Time
   0  -1.52366378e+16  3.90347714e+12  8.97e+08 4.50e+05  3.07e+11    12s
   1  -3.99676186e+15  5.20684649e+12  2.36e+08 1.45e+06  8.08e+10    12s
   2  -1.11040826e+15  5.24134717e+12  6.55e+07 9.53e+04  2.32e+10    13s
   3  -2.69164873e+13  3.57005413e+12  1.59e+06 1.29e+03  5.69e+08    13s
   4  -3.01453011e+12  1.33601484e+12  1.78e+05 1.06e+02  6.56e+07    13s
   5  -2.94393480e+11  9.26826686e+11  1.75e+04 3.75e+01  7.39e+06    13s
   6  -2.36842780e+11  8.14624873e+11  1.41e+04 2.77e+01  5.91e+06    13s
   7  -8.70836228e+10  5.90216590e+11  5.28e+03 1.16e+01  2.44e+06    14s
   8  -2.33310648e+10  3.35100205e+11  1.52e+03 9.94e-01  8.46e+05    14s
   9  -7.33850425e+09  2.30960746e+11  5.81e+02 4.48e-09  4.38e+05    14s
  10   5.57253698e+08  8.95252483e+10  1.15e+02 8.50e-09  1.36e+05    14s
  11   1.83900101e+09  5.75842846e+10  3.98e+01 5.88e-09  7.80e+04    14s
  12   1.98677744e+09  4.96265782e+10  3.12e+01 9.31e-09  6.62e+04    15s
  13   2.10570488e+09  3.53814089e+10  2.42e+01 1.45e-08  4.68e+04    15s
  14   2.22427279e+09  2.23332721e+10  1.74e+01 2.32e-08  2.90e+04    15s
  15   2.32420786e+09  1.49785486e+10  1.16e+01 3.34e-08  1.86e+04    15s
  16   2.42841779e+09  1.06196275e+10  5.66e+00 2.88e-08  1.18e+04    15s
  17   2.47109420e+09  8.19720204e+09  3.83e+00 3.63e-08  8.24e+03    16s
  18   2.47887088e+09  7.29380886e+09  3.55e+00 3.77e-08  7.02e+03    16s
  19   2.49154480e+09  6.88631936e+09  3.12e+00 3.86e-08  6.39e+03    16s
  20   2.49781980e+09  5.86239050e+09  2.87e+00 3.90e-08  5.00e+03    16s
  21   2.53401281e+09  5.14720488e+09  1.65e+00 4.32e-08  3.72e+03    17s
  22   2.55912209e+09  4.18396910e+09  9.94e-01 4.39e-08  2.28e+03    17s
  23   2.59237043e+09  3.58522929e+09  4.49e-01 3.46e-08  1.32e+03    17s
  24   2.60865122e+09  3.11583058e+09  2.74e-01 5.14e-08  6.69e+02    17s
  25   2.62361004e+09  2.93141359e+09  1.84e-01 5.98e-08  4.02e+02    18s
  26   2.62907696e+09  2.80778297e+09  1.66e-01 5.83e-08  2.35e+02    18s
  27   2.63747108e+09  2.75058752e+09  1.61e-01 6.68e-08  1.48e+02    18s
  28   2.63858614e+09  2.74894818e+09  1.50e-01 6.02e-08  1.44e+02    18s
  29   2.64034438e+09  2.73384615e+09  1.32e-01 6.46e-08  1.22e+02    19s
  30   2.64422134e+09  2.70669019e+09  9.86e-02 6.30e-08  8.17e+01    19s
  31   2.64900134e+09  2.69006235e+09  5.63e-02 6.73e-08  5.34e+01    20s
  32   2.65173337e+09  2.68318065e+09  3.95e-02 7.40e-08  4.08e+01    20s
  33   2.65245149e+09  2.67878283e+09  3.59e-02 7.34e-08  3.42e+01    20s
  34   2.65334003e+09  2.67570765e+09  3.12e-02 7.46e-08  2.91e+01    21s
  35   2.65536786e+09  2.67334453e+09  2.14e-02 6.98e-08  2.33e+01    22s
  36   2.65711584e+09  2.67104098e+09  1.39e-02 7.86e-08  1.80e+01    22s
  37   2.65775552e+09  2.66905986e+09  1.16e-02 7.21e-08  1.46e+01    22s
  38   2.65827979e+09  2.66851187e+09  1.00e-02 9.03e-08  1.32e+01    22s
  39   2.65889519e+09  2.66704110e+09  8.20e-03 7.01e-08  1.05e+01    23s
  40   2.65958326e+09  2.66664667e+09  6.31e-03 8.49e-08  9.09e+00    23s
  41   2.66013763e+09  2.66497083e+09  4.73e-03 7.25e-08  6.23e+00    23s
  42   2.66037885e+09  2.66458162e+09  4.10e-03 8.68e-08  5.42e+00    23s
  43   2.66097786e+09  2.66382222e+09  2.61e-03 6.06e-08  3.66e+00    24s
  44   2.66121878e+09  2.66371583e+09  2.06e-03 7.05e-08  3.21e+00    24s
  45   2.66144101e+09  2.66320662e+09  1.56e-03 6.20e-08  2.27e+00    24s
  46   2.66163462e+09  2.66304609e+09  1.13e-03 7.04e-08  1.81e+00    24s
  47   2.66174989e+09  2.66282736e+09  8.93e-04 9.73e-08  1.39e+00    25s
  48   2.66195906e+09  2.66250103e+09  4.71e-04 6.91e-08  6.98e-01    25s
  49   2.66205360e+09  2.66236723e+09  2.82e-04 5.56e-08  4.05e-01    25s
  50   2.66210476e+09  2.66232199e+09  1.80e-04 5.89e-08  2.80e-01    25s
  51   2.66212545e+09  2.66231814e+09  1.41e-04 7.50e-08  2.48e-01    25s
  52   2.66216252e+09  2.66228689e+09  6.94e-05 7.29e-08  1.59e-01    26s
  53   2.66218523e+09  2.66227039e+09  2.62e-05 7.78e-08  1.08e-01    26s
  54   2.66219691e+09  2.66224216e+09  4.78e-06 6.79e-08  5.73e-02    26s
  55   2.66220065e+09  2.66221410e+09  7.50e-07 6.33e-08  1.70e-02    26s
  56   2.66220086e+09  2.66220875e+09  2.28e-06 5.78e-08  9.97e-03    26s
  57   2.66220098e+09  2.66220519e+09  6.55e-07 5.80e-08  5.32e-03    27s
  58   2.66220104e+09  2.66220212e+09  5.44e-07 5.30e-08  1.36e-03    27s
  59   2.66220114e+09  2.66220119e+09  8.74e-08 7.21e-08  6.35e-05    27s
  60   2.66220116e+09  2.66220116e+09  1.07e-08 7.29e-08  1.93e-08    27s
  61   2.66220116e+09  2.66220116e+09  7.52e-09 5.97e-08  2.82e-11    27s

Barrier solved model in 61 iterations and 27.40 seconds (28.44 work units)
Optimal objective 2.66220116e+09


Root crossover log...

   10723 DPushes remaining with DInf 0.0000000e+00                27s
       0 DPushes remaining with DInf 0.0000000e+00                28s

     714 PPushes remaining with PInf 0.0000000e+00                28s
       0 PPushes remaining with PInf 0.0000000e+00                28s

  Push phase complete: Pinf 0.0000000e+00, Dinf 8.4554881e-08     28s


Root simplex log...

Iteration    Objective       Primal Inf.    Dual Inf.      Time
   11436    2.6622012e+09   0.000000e+00   0.000000e+00     28s
Concurrent spin time: 0.06s

Solved with barrier
   11436    2.6622012e+09   0.000000e+00   0.000000e+00     28s

Root relaxation: objective 2.662201e+09, 11436 iterations, 18.09 seconds (14.43 work units)

    Nodes    |    Current Node    |     Objective Bounds      |     Work
 Expl Unexpl |  Obj  Depth IntInf | Incumbent    BestBd   Gap | It/Node Time

     0     0 2.6622e+09    0  235 2.3070e+09 2.6622e+09  15.4%     -   29s
H    0     0                    2.481955e+09 2.6622e+09  7.26%     -   41s
     0     0 2.6621e+09    0  235 2.4820e+09 2.6621e+09  7.26%     -   52s
H    0     0                    2.592461e+09 2.6621e+09  2.69%     -   65s
H    0     0                    2.625524e+09 2.6621e+09  1.39%     -   77s
     0     0 2.6620e+09    0  211 2.6255e+09 2.6620e+09  1.39%     -   82s
     0     0 2.6620e+09    0  209 2.6255e+09 2.6620e+09  1.39%     -   82s
     0     0 2.6620e+09    0  263 2.6255e+09 2.6620e+09  1.39%     -   93s
     0     0 2.6620e+09    0  261 2.6255e+09 2.6620e+09  1.39%     -   97s
     0     0 2.6620e+09    0  268 2.6255e+09 2.6620e+09  1.39%     -   98s
     0     0 2.6620e+09    0  266 2.6255e+09 2.6620e+09  1.39%     -  111s
H    0     0                    2.636455e+09 2.6620e+09  0.97%     -  124s

Cutting planes:
  Cover: 7
  Implied bound: 21
  Clique: 3
  MIR: 32
  Flow cover: 29
  Zero half: 1
  RLT: 6
  Relax-and-lift: 10

Explored 1 nodes (21160 simplex iterations) in 124.49 seconds (121.27 work units)
Thread count was 20 (of 40 available processors)

Solution count 6: 2.63646e+09 2.62552e+09 2.59246e+09 ... 6.34119e+08

Optimal solution found (tolerance 1.00e-02)
Best objective 2.636455359433e+09, best bound 2.662003224607e+09, gap 0.9690%
Gurobi Optimizer version 10.0.1 build v10.0.1rc0 (linux64)

CPU model: Intel(R) Xeon(R) Gold 5115 CPU @ 2.40GHz, instruction set [SSE2|AVX|AVX2|AVX512]
Thread count: 20 physical cores, 40 logical processors, using up to 20 threads

Optimize a model with 36542 rows, 636369 columns and 3561467 nonzeros
Model fingerprint: 0x45cb7826
Variable types: 135561 continuous, 500808 integer (500808 binary)
Coefficient statistics:
  Matrix range     [1e+00, 2e+05]
  Objective range  [4e+01, 2e+07]
  Bounds range     [1e+00, 3e+05]
  RHS range        [1e+00, 3e+06]

User MIP start did not produce a new incumbent solution
User MIP start violates constraint flow[AD-1,FU,96] by 1.000000000

Presolve removed 28372 rows and 465946 columns (presolve time = 5s) ...
Presolve removed 28350 rows and 465924 columns
Presolve time: 6.10s
Presolved: 8192 rows, 170445 columns, 760574 nonzeros
Variable types: 77126 continuous, 93319 integer (93309 binary)
Deterministic concurrent LP optimizer: primal simplex, dual simplex, and barrier
Showing barrier log only...

Root barrier log...

Ordering time: 0.24s

Barrier statistics:
 AA' NZ     : 4.161e+05
 Factor NZ  : 3.205e+06 (roughly 100 MB of memory)
 Factor Ops : 3.948e+09 (less than 1 second per iteration)
 Threads    : 17

                  Objective                Residual
Iter       Primal          Dual         Primal    Dual     Compl     Time
   0  -3.04736166e+15  4.47133048e+11  4.03e+08 3.41e+05  2.19e+10     9s
   1  -5.94353793e+14  5.60766139e+11  7.81e+07 2.03e+05  4.33e+09     9s
   2  -9.36972123e+13  4.09413596e+11  1.23e+07 1.16e-09  6.90e+08     9s
   3  -2.71425112e+12  2.55559942e+11  3.59e+05 1.05e-09  2.07e+07     9s
   4  -2.25995364e+12  8.96354902e+10  2.99e+05 9.31e-10  1.63e+07     9s
   5  -4.06346698e+11  4.88968576e+10  5.39e+04 9.90e-10  3.05e+06    10s
   6  -1.83573585e+11  4.32661800e+10  2.44e+04 9.31e-10  1.43e+06    10s
   7  -1.09802552e+11  4.26682371e+10  1.47e+04 8.73e-10  9.07e+05    10s
   8  -5.08554467e+10  3.33672785e+10  6.89e+03 8.15e-10  4.48e+05    10s
   9  -8.52112455e+09  1.75206282e+10  1.30e+03 8.15e-10  1.06e+05    10s
  10  -5.67371689e+08  6.32271713e+09  2.46e+02 6.40e-10  2.35e+04    10s
  11   6.50315343e+08  4.19807172e+09  8.68e+01 8.73e-10  1.14e+04    10s
  12   8.50109209e+08  2.92093681e+09  6.11e+01 9.31e-10  6.68e+03    10s
  13   1.08689452e+09  2.72237370e+09  3.16e+01 1.08e-09  5.10e+03    10s
  14   1.20725730e+09  2.33242558e+09  1.81e+01 2.12e-09  3.49e+03    10s
  15   1.25082522e+09  2.07189054e+09  1.39e+01 2.68e-09  2.58e+03    10s
  16   1.29059682e+09  1.91820201e+09  1.05e+01 2.62e-09  1.98e+03    10s
  17   1.31560690e+09  1.76037200e+09  8.49e+00 2.56e-09  1.42e+03    11s
  18   1.36056575e+09  1.63370225e+09  4.87e+00 4.13e-09  8.69e+02    11s
  19   1.36758220e+09  1.57926359e+09  4.40e+00 3.49e-09  6.83e+02    11s
  20   1.38045093e+09  1.55102285e+09  3.56e+00 4.54e-09  5.52e+02    11s
  21   1.40512394e+09  1.50257268e+09  1.90e+00 3.55e-09  3.12e+02    11s
  22   1.42325256e+09  1.48020253e+09  7.58e-01 3.90e-09  1.76e+02    11s
  23   1.43071663e+09  1.45742146e+09  3.30e-01 3.84e-09  8.11e+01    11s
  24   1.43270706e+09  1.45179109e+09  2.22e-01 3.96e-09  5.75e+01    11s
  25   1.43336001e+09  1.44880512e+09  1.91e-01 4.54e-09  4.64e+01    12s
  26   1.43403469e+09  1.44658200e+09  1.60e-01 4.54e-09  3.76e+01    12s
  27   1.43419515e+09  1.44611097e+09  1.51e-01 4.89e-09  3.57e+01    12s
  28   1.43495751e+09  1.44448962e+09  1.18e-01 4.48e-09  2.85e+01    12s
  29   1.43590566e+09  1.44322923e+09  7.95e-02 5.09e-09  2.18e+01    12s
  30   1.43694766e+09  1.44179245e+09  4.33e-02 4.66e-09  1.43e+01    12s
  31   1.43745935e+09  1.44085316e+09  2.96e-02 4.66e-09  1.00e+01    12s
  32   1.43747870e+09  1.44062700e+09  2.91e-02 5.12e-09  9.31e+00    12s
  33   1.43759775e+09  1.44046591e+09  2.63e-02 5.53e-09  8.48e+00    12s
  34   1.43767930e+09  1.44041781e+09  2.45e-02 6.64e-09  8.09e+00    13s
  35   1.43773135e+09  1.44028234e+09  2.33e-02 5.65e-09  7.54e+00    13s
  36   1.43780858e+09  1.44016990e+09  2.17e-02 5.24e-09  6.98e+00    13s
  37   1.43810080e+09  1.44007091e+09  1.61e-02 6.05e-09  5.81e+00    13s
  38   1.43813932e+09  1.43991878e+09  1.54e-02 5.53e-09  5.26e+00    13s
  39   1.43820049e+09  1.43985101e+09  1.41e-02 6.29e-09  4.87e+00    13s
  40   1.43824759e+09  1.43974416e+09  1.32e-02 8.61e-09  4.42e+00    13s
  41   1.43858987e+09  1.43967099e+09  7.38e-03 6.49e-09  3.19e+00    13s
  42   1.43866906e+09  1.43953599e+09  6.21e-03 6.05e-09  2.56e+00    13s
  43   1.43871708e+09  1.43943999e+09  5.55e-03 4.95e-09  2.13e+00    13s
  44   1.43881221e+09  1.43941761e+09  4.24e-03 5.36e-09  1.79e+00    14s
  45   1.43883836e+09  1.43940394e+09  3.88e-03 6.75e-09  1.67e+00    14s
  46   1.43894847e+09  1.43934994e+09  2.52e-03 5.94e-09  1.18e+00    14s
  47   1.43906562e+09  1.43929142e+09  1.08e-03 5.47e-09  6.65e-01    14s
  48   1.43911898e+09  1.43926628e+09  4.85e-04 5.12e-09  4.33e-01    14s
  49   1.43912795e+09  1.43922418e+09  3.90e-04 4.66e-09  2.84e-01    14s
  50   1.43914590e+09  1.43920460e+09  2.10e-04 5.41e-09  1.73e-01    14s
  51   1.43915722e+09  1.43918826e+09  1.03e-04 4.25e-09  9.14e-02    14s
  52   1.43916191e+09  1.43918183e+09  6.01e-05 4.02e-09  5.87e-02    14s
  53   1.43916690e+09  1.43917738e+09  1.65e-05 4.54e-09  3.07e-02    14s
  54   1.43916772e+09  1.43916949e+09  9.78e-06 5.80e-09  5.27e-03    15s
  55   1.43916878e+09  1.43916911e+09  1.83e-06 3.49e-09  1.01e-03    15s
  56   1.43916900e+09  1.43916905e+09  2.54e-07 3.93e-09  1.72e-04    15s
  57   1.43916903e+09  1.43916903e+09  1.18e-08 4.31e-09  4.73e-06    15s
  58   1.43916903e+09  1.43916903e+09  1.82e-10 8.03e-09  1.39e-09    15s

Barrier solved model in 58 iterations and 14.93 seconds (15.27 work units)
Optimal objective 1.43916903e+09


Root crossover log...

    5627 DPushes remaining with DInf 0.0000000e+00                15s
      89 DPushes remaining with DInf 0.0000000e+00                15s
       0 DPushes remaining with DInf 0.0000000e+00                15s

     390 PPushes remaining with PInf 0.0000000e+00                15s
       0 PPushes remaining with PInf 0.0000000e+00                15s

  Push phase complete: Pinf 0.0000000e+00, Dinf 6.7787951e+00     15s


Root simplex log...

Iteration    Objective       Primal Inf.    Dual Inf.      Time
    5642    1.4391690e+09   0.000000e+00   6.778795e+00     15s
    5644    1.4391690e+09   0.000000e+00   0.000000e+00     15s
Concurrent spin time: 0.00s

Solved with barrier
    5644    1.4391690e+09   0.000000e+00   0.000000e+00     15s

Root relaxation: objective 1.439169e+09, 5644 iterations, 7.19 seconds (4.82 work units)
Another try with MIP start

    Nodes    |    Current Node    |     Objective Bounds      |     Work
 Expl Unexpl |  Obj  Depth IntInf | Incumbent    BestBd   Gap | It/Node Time

     0     0 1.4392e+09    0  241          - 1.4392e+09      -     -   16s
H    0     0                    1.366030e+09 1.4392e+09  5.35%     -   20s
H    0     0                    1.366126e+09 1.4392e+09  5.35%     -   23s
H    0     0                    1.393495e+09 1.4391e+09  3.27%     -   27s
     0     0 1.4391e+09    0  246 1.3935e+09 1.4391e+09  3.27%     -   29s
H    0     0                    1.394097e+09 1.4391e+09  3.23%     -   34s
H    0     0                    1.401213e+09 1.4391e+09  2.70%     -   36s
     0     0 1.4391e+09    0  261 1.4012e+09 1.4391e+09  2.70%     -   36s
     0     0 1.4391e+09    0  255 1.4012e+09 1.4391e+09  2.70%     -   37s
     0     0 1.4390e+09    0  268 1.4012e+09 1.4390e+09  2.70%     -   43s
H    0     0                    1.401277e+09 1.4390e+09  2.69%     -   51s
     0     0 1.4390e+09    0  261 1.4013e+09 1.4390e+09  2.69%     -   54s
     0     0 1.4390e+09    0  279 1.4013e+09 1.4390e+09  2.69%     -   55s
     0     0 1.4390e+09    0  277 1.4013e+09 1.4390e+09  2.69%     -   55s
     0     0 1.4390e+09    0  271 1.4013e+09 1.4390e+09  2.69%     -   61s
H    0     0                    1.413147e+09 1.4390e+09  1.83%     -   69s
     0     0 1.4390e+09    0  279 1.4131e+09 1.4390e+09  1.83%     -   71s
     0     0 1.4390e+09    0  278 1.4131e+09 1.4390e+09  1.83%     -   72s
     0     0 1.4389e+09    0  278 1.4131e+09 1.4389e+09  1.83%     -   76s
     0     0 1.4389e+09    0  307 1.4131e+09 1.4389e+09  1.83%     -   78s
     0     0 1.4389e+09    0  299 1.4131e+09 1.4389e+09  1.83%     -   79s
     0     0 1.4389e+09    0  299 1.4131e+09 1.4389e+09  1.82%     -   82s
     0     0 1.4389e+09    0  301 1.4131e+09 1.4389e+09  1.82%     -   84s
     0     0 1.4389e+09    0  290 1.4131e+09 1.4389e+09  1.82%     -   86s
     0     0 1.4389e+09    0  301 1.4131e+09 1.4389e+09  1.82%     -   87s
     0     0 1.4389e+09    0  291 1.4131e+09 1.4389e+09  1.82%     -   90s
     0     0 1.4389e+09    0  299 1.4131e+09 1.4389e+09  1.82%     -   93s
     0     0 1.4389e+09    0  292 1.4131e+09 1.4389e+09  1.82%     -   94s
     0     0 1.4389e+09    0  305 1.4131e+09 1.4389e+09  1.82%     -   95s
     0     0 1.4389e+09    0  307 1.4131e+09 1.4389e+09  1.82%     -   95s
     0     0 1.4389e+09    0  312 1.4131e+09 1.4389e+09  1.82%     -   98s
     0     0 1.4389e+09    0  308 1.4131e+09 1.4389e+09  1.82%     -  101s
     0     0 1.4389e+09    0  302 1.4131e+09 1.4389e+09  1.82%     -  102s
     0     0 1.4389e+09    0  307 1.4131e+09 1.4389e+09  1.82%     -  104s
     0     0 1.4389e+09    0  308 1.4131e+09 1.4389e+09  1.82%     -  106s
     0     0 1.4389e+09    0  304 1.4131e+09 1.4389e+09  1.82%     -  108s
     0     0 1.4389e+09    0  302 1.4131e+09 1.4389e+09  1.82%     -  109s
     0     2 1.4389e+09    0  297 1.4131e+09 1.4389e+09  1.82%     -  124s
     1     4 1.4389e+09    1  279 1.4131e+09 1.4389e+09  1.82%   627  132s
     3     8 1.4389e+09    2  284 1.4131e+09 1.4389e+09  1.82%  1662  141s
     7    16 1.4389e+09    3  290 1.4131e+09 1.4389e+09  1.82%  1771  154s
    15    32 1.4389e+09    4  298 1.4131e+09 1.4389e+09  1.82%  1505  162s
H   31    52                    1.414446e+09 1.4389e+09  1.73%  1323  181s
H   31    52                    1.415308e+09 1.4389e+09  1.67%  1323  181s
H   32    52                    1.415974e+09 1.4389e+09  1.62%  1298  182s
H   37    52                    1.417416e+09 1.4389e+09  1.52%  1157  182s
H   45    52                    1.424090e+09 1.4389e+09  1.04%  1101  182s
    51    72 1.4389e+09    6  286 1.4241e+09 1.4389e+09  1.04%  1159  190s
    71    92 1.4389e+09    7  286 1.4241e+09 1.4389e+09  1.04%  1047  195s
    91   112 1.4389e+09    8  304 1.4241e+09 1.4389e+09  1.04%   912  200s
   111   137 1.4389e+09    9  297 1.4241e+09 1.4389e+09  1.04%   824  207s
   136   164 1.4388e+09    9  284 1.4241e+09 1.4389e+09  1.04%   810  220s
   163   193 1.4389e+09   10  288 1.4241e+09 1.4389e+09  1.04%   710  226s
H  192   222                    1.425184e+09 1.4389e+09  0.96%   646  247s
H  210   222                    1.425284e+09 1.4389e+09  0.95%   623  247s

Cutting planes:
  Cover: 36
  Implied bound: 124
  Clique: 3
  MIR: 114
  Flow cover: 95
  GUB cover: 4
  Zero half: 4
  Network: 26
  RLT: 6
  Relax-and-lift: 138

Explored 221 nodes (156572 simplex iterations) in 247.91 seconds (273.79 work units)
Thread count was 20 (of 40 available processors)

Solution count 10: 1.42528e+09 1.42518e+09 1.42409e+09 ... 1.40121e+09

Optimal solution found (tolerance 1.00e-02)
Best objective 1.425283709362e+09, best bound 1.438883431649e+09, gap 0.9542%
Gurobi Optimizer version 10.0.1 build v10.0.1rc0 (linux64)

CPU model: Intel(R) Xeon(R) Gold 5115 CPU @ 2.40GHz, instruction set [SSE2|AVX|AVX2|AVX512]
Thread count: 20 physical cores, 40 logical processors, using up to 20 threads

Optimize a model with 36402 rows, 641759 columns and 3462634 nonzeros
Model fingerprint: 0x0eb0b9a7
Variable types: 6566 continuous, 635193 integer (635193 binary)
Coefficient statistics:
  Matrix range     [1e+00, 2e+05]
  Objective range  [4e+01, 2e+07]
  Bounds range     [7e-10, 3e+05]
  RHS range        [1e+00, 3e+06]

User MIP start produced solution with objective 1.20812e+09 (1.23s)
User MIP start produced solution with objective 1.25483e+09 (1.27s)
User MIP start produced solution with objective 1.30539e+09 (1.37s)
User MIP start produced solution with objective 1.37238e+09 (2.18s)
User MIP start produced solution with objective 1.37484e+09 (2.35s)
User MIP start produced solution with objective 1.37493e+09 (3.05s)
User MIP start produced solution with objective 1.37498e+09 (3.09s)
User MIP start produced solution with objective 1.37731e+09 (3.50s)
User MIP start produced solution with objective 1.37733e+09 (4.14s)
User MIP start produced solution with objective 1.37733e+09 (4.93s)
Loaded user MIP start with objective 1.37733e+09
Processed MIP start in 4.90 seconds (3.23 work units)

Presolve removed 35492 rows and 633466 columns
Presolve time: 1.02s
Presolved: 910 rows, 8293 columns, 25527 nonzeros
Variable types: 260 continuous, 8033 integer (8033 binary)

Root simplex log...

Iteration    Objective       Primal Inf.    Dual Inf.      Time
       0    4.1150376e+09   2.503700e+05   0.000000e+00      6s
    2279    1.3888129e+09   0.000000e+00   0.000000e+00      6s

Root relaxation: objective 1.388813e+09, 2279 iterations, 0.05 seconds (0.05 work units)

    Nodes    |    Current Node    |     Objective Bounds      |     Work
 Expl Unexpl |  Obj  Depth IntInf | Incumbent    BestBd   Gap | It/Node Time

     0     0 1.3888e+09    0   85 1.3773e+09 1.3888e+09  0.83%     -    6s

Explored 1 nodes (2332 simplex iterations) in 6.14 seconds (4.11 work units)
Thread count was 20 (of 40 available processors)

Solution count 10: 1.37733e+09 1.37733e+09 1.37731e+09 ... 1.20812e+09

Optimal solution found (tolerance 1.00e-02)
Best objective 1.377328885854e+09, best bound 1.388812856129e+09, gap 0.8338%
