
Gurobi 10.0.1 (linux64) logging started Thu May 25 15:12:34 2023

Set parameter LogFile to value "logFiles/A-2L-A/A-2L-6U-23F-15V-180D/basic-05-25-2023, 15-12-H70-P50-O15.log"
Gurobi Optimizer version 10.0.1 build v10.0.1rc0 (linux64)

CPU model: Intel(R) Xeon(R) Gold 5115 CPU @ 2.40GHz, instruction set [SSE2|AVX|AVX2|AVX512]
Thread count: 20 physical cores, 40 logical processors, using up to 20 threads

Optimize a model with 21512 rows, 409729 columns and 2096738 nonzeros
Model fingerprint: 0x66daf909
Variable types: 158061 continuous, 251668 integer (251668 binary)
Coefficient statistics:
  Matrix range     [1e+00, 2e+05]
  Objective range  [4e+01, 2e+07]
  Bounds range     [1e+00, 1e+00]
  RHS range        [1e+00, 2e+06]
Presolve removed 8352 rows and 13805 columns (presolve time = 5s) ...
Presolve removed 8352 rows and 13852 columns (presolve time = 10s) ...
Presolve removed 8324 rows and 13826 columns
Presolve time: 10.91s
Presolved: 13188 rows, 395903 columns, 1862281 nonzeros
Variable types: 149698 continuous, 246205 integer (246193 binary)
Deterministic concurrent LP optimizer: primal simplex, dual simplex, and barrier
Showing barrier log only...

Root barrier log...

Ordering time: 1.53s

Barrier statistics:
 AA' NZ     : 8.983e+05
 Factor NZ  : 4.878e+06 (roughly 200 MB of memory)
 Factor Ops : 4.743e+09 (less than 1 second per iteration)
 Threads    : 17

                  Objective                Residual
Iter       Primal          Dual         Primal    Dual     Compl     Time
   0  -1.52278644e+16  9.61307237e+12  1.11e+09 5.72e+06  1.09e+12    16s
   1  -3.64868583e+15  1.44721388e+13  2.66e+08 5.31e+06  2.63e+11    16s
   2  -1.06825437e+15  1.49485200e+13  7.79e+07 3.09e+04  7.91e+10    16s
   3  -1.74200099e+13  1.01618192e+13  1.27e+06 1.27e+02  1.30e+09    17s
   4  -1.71944165e+12  4.31738546e+12  1.25e+05 2.24e-08  1.34e+08    17s
   5  -3.67538439e+11  3.68176879e+12  2.69e+04 1.68e-08  3.20e+07    17s
   6  -1.80726291e+11  2.74607918e+12  1.33e+04 1.49e-08  1.63e+07    17s
   7  -8.50827293e+10  2.00028945e+12  6.31e+03 1.13e-08  8.22e+06    17s
   8  -1.62123725e+10  1.46759246e+12  1.29e+03 1.21e-08  2.93e+06    17s
   9  -4.80723540e+09  4.07736881e+11  4.66e+02 2.05e-08  8.15e+05    18s
  10   6.64802910e+08  1.50416631e+11  7.28e+01 2.20e-08  2.30e+05    18s
  11   1.09675454e+09  8.29679344e+10  4.22e+01 4.51e-08  1.27e+05    18s
  12   1.27810686e+09  5.72588672e+10  2.95e+01 5.03e-08  8.73e+04    18s
  13   1.37571039e+09  3.63252533e+10  2.26e+01 7.06e-08  5.73e+04    18s
  14   1.48470526e+09  2.29479684e+10  1.50e+01 5.59e-08  3.61e+04    19s
  15   1.51751936e+09  2.24595500e+10  1.27e+01 6.83e-08  3.41e+04    19s
  16   1.56701494e+09  1.40962500e+10  9.30e+00 6.68e-08  2.15e+04    19s
  17   1.60343881e+09  1.11058239e+10  6.86e+00 6.12e-08  1.62e+04    19s
  18   1.61380383e+09  1.01801508e+10  6.04e+00 7.43e-08  1.44e+04    19s
  19   1.62111132e+09  7.73732886e+09  5.44e+00 6.74e-08  1.09e+04    20s
  20   1.65142188e+09  5.10082135e+09  3.83e+00 7.41e-08  6.37e+03    20s
  21   1.67837268e+09  4.70700598e+09  2.42e+00 9.83e-08  5.05e+03    20s
  22   1.72971529e+09  3.47760066e+09  7.26e-01 7.32e-08  2.51e+03    20s
  23   1.73680488e+09  2.61308425e+09  6.26e-01 8.10e-08  1.30e+03    20s
  24   1.74220661e+09  2.54758814e+09  5.66e-01 9.30e-08  1.18e+03    21s
  25   1.74936610e+09  2.42558252e+09  4.51e-01 9.29e-08  9.76e+02    21s
  26   1.76646222e+09  2.21613536e+09  2.73e-01 1.07e-07  6.30e+02    21s
  27   1.78155149e+09  2.14959852e+09  1.45e-01 1.14e-07  4.96e+02    21s
  28   1.79060314e+09  2.00053243e+09  9.55e-02 1.28e-07  2.82e+02    21s
  29   1.79933659e+09  1.95379078e+09  5.89e-02 1.13e-07  2.05e+02    22s
  30   1.80409905e+09  1.91995604e+09  4.34e-02 1.20e-07  1.53e+02    22s
  31   1.80598749e+09  1.89707381e+09  3.87e-02 1.09e-07  1.21e+02    22s
  32   1.80802719e+09  1.87038467e+09  3.42e-02 9.70e-08  8.38e+01    22s
  33   1.81332126e+09  1.85833683e+09  2.42e-02 1.02e-07  6.04e+01    22s
  34   1.81682847e+09  1.85106170e+09  1.87e-02 1.12e-07  4.60e+01    22s
  35   1.81928313e+09  1.84559471e+09  1.50e-02 1.20e-07  3.54e+01    23s
  36   1.82082472e+09  1.84284573e+09  1.29e-02 1.25e-07  2.96e+01    23s
  37   1.82409793e+09  1.83933788e+09  8.26e-03 1.04e-07  2.04e+01    23s
  38   1.82579959e+09  1.83788599e+09  6.08e-03 1.28e-07  1.61e+01    23s
  39   1.82736646e+09  1.83649045e+09  4.27e-03 1.21e-07  1.21e+01    24s
  40   1.82826293e+09  1.83548595e+09  3.25e-03 1.23e-07  9.57e+00    24s
  41   1.82895333e+09  1.83525472e+09  2.51e-03 1.30e-07  8.30e+00    24s
  42   1.82943658e+09  1.83475042e+09  2.05e-03 1.47e-07  6.99e+00    24s
  43   1.82995218e+09  1.83403846e+09  1.58e-03 1.61e-07  5.38e+00    25s
  44   1.83031579e+09  1.83357931e+09  1.27e-03 1.60e-07  4.30e+00    25s
  45   1.83048562e+09  1.83300269e+09  1.13e-03 1.50e-07  3.33e+00    25s
  46   1.83082010e+09  1.83283031e+09  8.77e-04 1.71e-07  2.66e+00    25s
  47   1.83117130e+09  1.83268939e+09  6.13e-04 1.33e-07  2.00e+00    25s
  48   1.83145680e+09  1.83247700e+09  4.03e-04 1.02e-07  1.34e+00    26s
  49   1.83159139e+09  1.83235156e+09  3.07e-04 1.18e-07  1.00e+00    26s
  50   1.83171266e+09  1.83225661e+09  2.23e-04 1.08e-07  7.19e-01    26s
  51   1.83176055e+09  1.83217244e+09  1.92e-04 9.85e-08  5.47e-01    26s
  52   1.83190372e+09  1.83211770e+09  9.36e-05 9.65e-08  2.83e-01    27s
  53   1.83194436e+09  1.83207719e+09  6.55e-05 9.56e-08  1.77e-01    27s
  54   1.83200743e+09  1.83206969e+09  2.29e-05 1.03e-07  8.19e-02    27s
  55   1.83200858e+09  1.83205426e+09  2.21e-05 1.20e-07  6.09e-02    27s
  56   1.83202176e+09  1.83204589e+09  1.30e-05 1.17e-07  3.24e-02    28s
  57   1.83203021e+09  1.83204358e+09  7.37e-06 1.01e-07  1.80e-02    28s
  58   1.83203710e+09  1.83204297e+09  3.12e-06 1.06e-07  7.83e-03    28s
  59   1.83204100e+09  1.83204164e+09  1.40e-06 1.05e-07  8.45e-04    28s
  60   1.83204131e+09  1.83204139e+09  2.57e-08 1.00e-07  1.11e-04    28s
  61   1.83204131e+09  1.83204133e+09  3.43e-07 9.49e-08  2.26e-05    29s
  62   1.83204131e+09  1.83204132e+09  4.49e-08 1.13e-07  6.17e-06    29s
  63   1.83204131e+09  1.83204131e+09  9.98e-08 8.29e-08  2.52e-06    30s
  64   1.83204131e+09  1.83204131e+09  1.37e-07 1.41e-07  1.03e-08    30s
  65   1.83204131e+09  1.83204131e+09  5.59e-07 1.20e-07  5.51e-11    30s

Barrier solved model in 65 iterations and 30.45 seconds (24.28 work units)
Optimal objective 1.83204131e+09


Root crossover log...

   10692 DPushes remaining with DInf 0.0000000e+00                31s
       0 DPushes remaining with DInf 0.0000000e+00                31s

     666 PPushes remaining with PInf 1.5304681e-06                31s
       0 PPushes remaining with PInf 0.0000000e+00                31s

  Push phase complete: Pinf 0.0000000e+00, Dinf 6.4195294e-08     31s


Root simplex log...

Iteration    Objective       Primal Inf.    Dual Inf.      Time
   11355    1.8320413e+09   0.000000e+00   0.000000e+00     31s
Concurrent spin time: 2.07s (can be avoided by choosing Method=3)

Solved with barrier
   11355    1.8320413e+09   0.000000e+00   0.000000e+00     34s

Root relaxation: objective 1.832041e+09, 11355 iterations, 21.15 seconds (12.75 work units)

    Nodes    |    Current Node    |     Objective Bounds      |     Work
 Expl Unexpl |  Obj  Depth IntInf | Incumbent    BestBd   Gap | It/Node Time

     0     0 1.8320e+09    0  243          - 1.8320e+09      -     -   36s
H    0     0                    1.767368e+09 1.8320e+09  3.66%     -   51s
H    0     0                    1.767855e+09 1.8320e+09  3.63%     -   62s
     0     0 1.8319e+09    0  227 1.7679e+09 1.8319e+09  3.62%     -   89s
H    0     0                    1.807435e+09 1.8319e+09  1.35%     -  121s
     0     0 1.8319e+09    0  233 1.8074e+09 1.8319e+09  1.35%     -  123s
     0     0 1.8319e+09    0  245 1.8074e+09 1.8319e+09  1.35%     -  137s
     0     0 1.8319e+09    0  244 1.8074e+09 1.8319e+09  1.35%     -  149s
     0     0 1.8319e+09    0  241 1.8074e+09 1.8319e+09  1.35%     -  161s
     0     0 1.8319e+09    0  242 1.8074e+09 1.8319e+09  1.35%     -  165s
     0     0 1.8319e+09    0  245 1.8074e+09 1.8319e+09  1.35%     -  169s
     0     0 1.8319e+09    0  243 1.8074e+09 1.8319e+09  1.35%     -  186s
     0     0 1.8319e+09    0  243 1.8074e+09 1.8319e+09  1.35%     -  189s
     0     0 1.8319e+09    0  242 1.8074e+09 1.8319e+09  1.35%     -  192s
     0     0 1.8319e+09    0  246 1.8074e+09 1.8319e+09  1.35%     -  196s
H    0     0                    1.819812e+09 1.8319e+09  0.66%     -  217s

Cutting planes:
  Cover: 3
  Implied bound: 12
  Clique: 1
  MIR: 34
  Flow cover: 29
  GUB cover: 2
  RLT: 6
  Relax-and-lift: 12

Explored 1 nodes (20723 simplex iterations) in 217.86 seconds (153.98 work units)
Thread count was 20 (of 40 available processors)

Solution count 4: 1.81981e+09 1.80743e+09 1.76785e+09 1.76737e+09 

Optimal solution found (tolerance 1.00e-02)
Best objective 1.819811696978e+09, best bound 1.831861721340e+09, gap 0.6622%
Gurobi Optimizer version 10.0.1 build v10.0.1rc0 (linux64)

CPU model: Intel(R) Xeon(R) Gold 5115 CPU @ 2.40GHz, instruction set [SSE2|AVX|AVX2|AVX512]
Thread count: 20 physical cores, 40 logical processors, using up to 20 threads

Optimize a model with 36536 rows, 636369 columns and 3789882 nonzeros
Model fingerprint: 0xe64a324f
Variable types: 135561 continuous, 500808 integer (500808 binary)
Coefficient statistics:
  Matrix range     [1e+00, 2e+05]
  Objective range  [4e+01, 2e+07]
  Bounds range     [1e+00, 3e+05]
  RHS range        [1e+00, 3e+06]
Presolve removed 27904 rows and 458878 columns (presolve time = 5s) ...
Presolve removed 28243 rows and 465708 columns (presolve time = 10s) ...
Presolve removed 28219 rows and 465684 columns
Presolve time: 11.10s
Presolved: 8317 rows, 170685 columns, 812248 nonzeros
Variable types: 72206 continuous, 98479 integer (98467 binary)
Deterministic concurrent LP optimizer: primal simplex, dual simplex, and barrier
Showing barrier log only...

Root barrier log...

Ordering time: 0.96s

Barrier statistics:
 AA' NZ     : 4.277e+05
 Factor NZ  : 2.229e+06 (roughly 90 MB of memory)
 Factor Ops : 1.531e+09 (less than 1 second per iteration)
 Threads    : 17

                  Objective                Residual
Iter       Primal          Dual         Primal    Dual     Compl     Time
   0  -4.32983068e+15  1.12128878e+12  3.16e+08 4.53e+05  3.88e+10    15s
   1  -1.89282790e+15  9.84858055e+11  1.39e+08 2.90e+05  1.73e+10    15s
   2  -1.60755162e+14  7.13763081e+11  1.18e+07 2.92e+04  1.50e+09    15s
   3  -9.26674212e+12  3.04532843e+11  6.81e+05 1.28e-09  8.85e+07    15s
   4  -1.17411078e+12  1.14819341e+11  8.63e+04 1.28e-09  1.15e+07    15s
   5  -4.04074370e+11  6.94265571e+10  2.97e+04 9.31e-10  4.01e+06    15s
   6  -7.07578776e+10  4.95279631e+10  5.28e+03 1.05e-09  7.93e+05    15s
   7  -2.15738091e+10  4.03607033e+10  1.67e+03 8.15e-10  3.10e+05    16s
   8  -1.45669926e+10  3.18445500e+10  1.16e+03 8.15e-10  2.15e+05    16s
   9  -4.71911508e+09  2.10060482e+10  4.37e+02 6.98e-10  1.00e+05    16s
  10  -1.48372395e+09  1.19231236e+10  2.01e+02 8.15e-10  4.84e+04    16s
  11   3.75572974e+08  4.19811882e+09  6.63e+01 8.59e-10  1.35e+04    16s
  12   9.21459085e+08  2.86692344e+09  2.82e+01 1.40e-09  6.71e+03    16s
  13   1.07306123e+09  2.47840277e+09  1.84e+01 2.10e-09  4.79e+03    16s
  14   1.12262765e+09  2.33853652e+09  1.54e+01 1.75e-09  4.14e+03    16s
  15   1.17053935e+09  2.15576690e+09  1.26e+01 1.86e-09  3.37e+03    17s
  16   1.20106376e+09  2.01468261e+09  1.09e+01 2.33e-09  2.81e+03    17s
  17   1.23925614e+09  1.91911328e+09  8.91e+00 2.33e-09  2.35e+03    17s
  18   1.29476853e+09  1.73084291e+09  6.01e+00 2.04e-09  1.53e+03    17s
  19   1.34422723e+09  1.65375556e+09  3.47e+00 2.97e-09  1.06e+03    17s
  20   1.35274808e+09  1.60717434e+09  3.00e+00 3.03e-09  8.71e+02    17s
  21   1.37769833e+09  1.53338509e+09  1.90e+00 2.79e-09  5.35e+02    17s
  22   1.39340711e+09  1.48896256e+09  1.22e+00 2.44e-09  3.25e+02    18s
  23   1.39579801e+09  1.45907689e+09  1.13e+00 3.11e-09  2.19e+02    18s
  24   1.40566626e+09  1.44654612e+09  7.46e-01 2.85e-09  1.38e+02    18s
  25   1.41107180e+09  1.43971097e+09  5.26e-01 3.26e-09  9.44e+01    18s
  26   1.41427602e+09  1.43638909e+09  3.91e-01 3.03e-09  7.15e+01    18s
  27   1.41868053e+09  1.43350103e+09  2.10e-01 3.20e-09  4.63e+01    18s
  28   1.41992653e+09  1.43202824e+09  1.62e-01 3.37e-09  3.74e+01    18s
  29   1.42147579e+09  1.43173785e+09  1.09e-01 4.19e-09  3.13e+01    18s
  30   1.42251612e+09  1.42949528e+09  7.74e-02 3.26e-09  2.10e+01    19s
  31   1.42329431e+09  1.42875098e+09  5.63e-02 3.84e-09  1.64e+01    19s
  32   1.42368500e+09  1.42851112e+09  4.80e-02 3.73e-09  1.44e+01    19s
  33   1.42420420e+09  1.42790733e+09  3.71e-02 3.84e-09  1.10e+01    19s
  34   1.42489394e+09  1.42748959e+09  2.24e-02 3.96e-09  7.70e+00    19s
  35   1.42524618e+09  1.42730019e+09  1.60e-02 4.54e-09  6.08e+00    19s
  36   1.42554869e+09  1.42711199e+09  1.16e-02 4.89e-09  4.62e+00    20s
  37   1.42567197e+09  1.42687776e+09  1.00e-02 3.84e-09  3.57e+00    20s
  38   1.42589543e+09  1.42677370e+09  6.94e-03 4.05e-09  2.60e+00    20s
  39   1.42605594e+09  1.42671842e+09  4.74e-03 5.24e-09  1.96e+00    20s
  40   1.42616913e+09  1.42660262e+09  3.26e-03 3.17e-09  1.28e+00    20s
  41   1.42623959e+09  1.42657426e+09  2.37e-03 4.07e-09  9.89e-01    20s
  42   1.42628979e+09  1.42653279e+09  1.75e-03 3.96e-09  7.18e-01    21s
  43   1.42637436e+09  1.42650490e+09  7.58e-04 3.38e-09  3.85e-01    21s
  44   1.42640775e+09  1.42647147e+09  3.64e-04 4.11e-09  1.89e-01    21s
  45   1.42643392e+09  1.42645155e+09  7.48e-05 2.68e-09  5.20e-02    21s
  46   1.42643955e+09  1.42644436e+09  2.02e-05 3.46e-09  1.42e-02    21s
  47   1.42644021e+09  1.42644353e+09  1.39e-05 3.03e-09  9.82e-03    21s
  48   1.42644101e+09  1.42644313e+09  6.29e-06 3.85e-09  6.25e-03    21s
  49   1.42644137e+09  1.42644234e+09  3.16e-06 4.11e-09  2.86e-03    22s
  50   1.42644164e+09  1.42644190e+09  8.12e-07 3.24e-09  7.71e-04    22s
  51   1.42644173e+09  1.42644174e+09  1.97e-07 3.73e-09  2.16e-05    22s
  52   1.42644174e+09  1.42644174e+09  4.73e-10 3.96e-09  1.95e-08    22s
  53   1.42644174e+09  1.42644174e+09  2.12e-09 2.91e-09  2.33e-11    22s

Barrier solved model in 53 iterations and 22.09 seconds (13.76 work units)
Optimal objective 1.42644174e+09


Root crossover log...

    5492 DPushes remaining with DInf 0.0000000e+00                22s
       0 DPushes remaining with DInf 0.0000000e+00                22s

     414 PPushes remaining with PInf 0.0000000e+00                22s
       0 PPushes remaining with PInf 0.0000000e+00                22s

  Push phase complete: Pinf 0.0000000e+00, Dinf 3.6236614e-08     22s


Root simplex log...

Iteration    Objective       Primal Inf.    Dual Inf.      Time
    5428    1.4264417e+09   0.000000e+00   0.000000e+00     22s
Concurrent spin time: 1.63s (can be avoided by choosing Method=3)

Solved with barrier
    5428    1.4264417e+09   0.000000e+00   0.000000e+00     24s

Root relaxation: objective 1.426442e+09, 5428 iterations, 11.36 seconds (4.48 work units)

    Nodes    |    Current Node    |     Objective Bounds      |     Work
 Expl Unexpl |  Obj  Depth IntInf | Incumbent    BestBd   Gap | It/Node Time

     0     0 1.4264e+09    0  264          - 1.4264e+09      -     -   25s
     0     0 1.4263e+09    0  270          - 1.4263e+09      -     -   42s
H    0     0                    1.344172e+09 1.4263e+09  6.11%     -   50s
H    0     0                    1.387362e+09 1.4263e+09  2.81%     -   66s
     0     0 1.4263e+09    0  263 1.3874e+09 1.4263e+09  2.80%     -   78s
     0     0 1.4263e+09    0  264 1.3874e+09 1.4263e+09  2.80%     -   78s
     0     0 1.4262e+09    0  279 1.3874e+09 1.4262e+09  2.80%     -   87s
     0     0 1.4262e+09    0  272 1.3874e+09 1.4262e+09  2.80%     -   93s
     0     0 1.4262e+09    0  275 1.3874e+09 1.4262e+09  2.80%     -   95s
     0     0 1.4262e+09    0  278 1.3874e+09 1.4262e+09  2.80%     -   95s
     0     0 1.4262e+09    0  244 1.3874e+09 1.4262e+09  2.80%     -  105s
     0     0 1.4262e+09    0  242 1.3874e+09 1.4262e+09  2.80%     -  107s
     0     0 1.4262e+09    0  250 1.3874e+09 1.4262e+09  2.80%     -  108s
     0     0 1.4262e+09    0  250 1.3874e+09 1.4262e+09  2.80%     -  109s
     0     0 1.4262e+09    0  258 1.3874e+09 1.4262e+09  2.80%     -  116s
H    0     0                    1.392423e+09 1.4262e+09  2.42%     -  137s
     0     0 1.4262e+09    0  260 1.3924e+09 1.4262e+09  2.42%     -  139s
     0     0 1.4262e+09    0  316 1.3924e+09 1.4262e+09  2.42%     -  149s
     0     0 1.4262e+09    0  309 1.3924e+09 1.4262e+09  2.42%     -  155s
     0     0 1.4262e+09    0  300 1.3924e+09 1.4262e+09  2.42%     -  156s
     0     0 1.4261e+09    0  325 1.3924e+09 1.4261e+09  2.42%     -  166s
     0     0 1.4261e+09    0  326 1.3924e+09 1.4261e+09  2.42%     -  170s
     0     0 1.4261e+09    0  320 1.3924e+09 1.4261e+09  2.42%     -  178s
     0     0 1.4261e+09    0  324 1.3924e+09 1.4261e+09  2.42%     -  182s
     0     0 1.4261e+09    0  316 1.3924e+09 1.4261e+09  2.42%     -  190s
     0     0 1.4261e+09    0  345 1.3924e+09 1.4261e+09  2.42%     -  194s
     0     0 1.4261e+09    0  343 1.3924e+09 1.4261e+09  2.42%     -  195s
     0     0 1.4261e+09    0  337 1.3924e+09 1.4261e+09  2.42%     -  201s
     0     0 1.4261e+09    0  341 1.3924e+09 1.4261e+09  2.42%     -  203s
     0     0 1.4261e+09    0  348 1.3924e+09 1.4261e+09  2.42%     -  203s
     0     0 1.4261e+09    0  327 1.3924e+09 1.4261e+09  2.42%     -  208s
     0     0 1.4261e+09    0  323 1.3924e+09 1.4261e+09  2.42%     -  210s
     0     0 1.4261e+09    0  327 1.3924e+09 1.4261e+09  2.42%     -  211s
     0     0 1.4261e+09    0  327 1.3924e+09 1.4261e+09  2.42%     -  215s
     0     0 1.4261e+09    0  338 1.3924e+09 1.4261e+09  2.42%     -  217s
     0     0 1.4261e+09    0  339 1.3924e+09 1.4261e+09  2.42%     -  218s
     0     0 1.4261e+09    0  319 1.3924e+09 1.4261e+09  2.42%     -  223s
     0     0 1.4261e+09    0  319 1.3924e+09 1.4261e+09  2.42%     -  224s
H    0     0                    1.395362e+09 1.4261e+09  2.20%     -  279s
     0     2 1.4261e+09    0  314 1.3954e+09 1.4261e+09  2.20%     -  281s
     1     4 1.4261e+09    1  305 1.3954e+09 1.4261e+09  2.20%   635  285s
     3     8 1.4261e+09    2  333 1.3954e+09 1.4261e+09  2.20%   596  291s
     7    16 1.4261e+09    3  329 1.3954e+09 1.4261e+09  2.20%   766  297s
    15    32 1.4261e+09    4  343 1.3954e+09 1.4261e+09  2.20%   877  306s
H   31    52                    1.401787e+09 1.4261e+09  1.73%   931  323s
H   42    52                    1.404755e+09 1.4261e+09  1.52%   842  323s
H   51    72                    1.404770e+09 1.4261e+09  1.52%   826  349s
H   54    72                    1.404787e+09 1.4261e+09  1.52%   790  350s
H   62    72                    1.404800e+09 1.4261e+09  1.52%   891  350s
    71    92 1.4261e+09    7  344 1.4048e+09 1.4261e+09  1.52%   869  371s
    91   112 1.4261e+09    8  350 1.4048e+09 1.4261e+09  1.52%   800  397s
H  111   132                    1.405223e+09 1.4261e+09  1.49%   788  564s
H  115   132                    1.406292e+09 1.4261e+09  1.41%   771  565s
H  116   132                    1.407369e+09 1.4261e+09  1.33%   764  566s
H  131   152                    1.407950e+09 1.4261e+09  1.29%   711  667s
H  132   152                    1.409088e+09 1.4261e+09  1.21%   708  668s
   153   187 1.4261e+09   11  359 1.4091e+09 1.4261e+09  1.21%   665  679s
   190   266 1.4261e+09   13  347 1.4091e+09 1.4261e+09  1.21%   587  713s
   269   505 1.4261e+09   19  348 1.4091e+09 1.4261e+09  1.21%   541  798s
   530  1312 1.4261e+09   28  366 1.4091e+09 1.4261e+09  1.21%   440  903s
  1403  2817 1.4260e+09   43  341 1.4091e+09 1.4261e+09  1.21%   314 1060s
  2956  2875 1.4260e+09   84  321 1.4091e+09 1.4261e+09  1.21%   246 1228s
  3016  2935 1.4260e+09   87  326 1.4091e+09 1.4261e+09  1.21%   247 1609s
H 3017  2754                    1.415798e+09 1.4261e+09  0.73%   247 1610s

Cutting planes:
  Cover: 50
  Implied bound: 87
  Clique: 9
  MIR: 86
  StrongCG: 1
  Flow cover: 87
  GUB cover: 12
  Network: 19
  RLT: 11
  Relax-and-lift: 66

Explored 3076 nodes (778620 simplex iterations) in 1610.46 seconds (1190.03 work units)
Thread count was 20 (of 40 available processors)

Solution count 10: 1.4158e+09 1.40909e+09 1.40795e+09 ... 1.40476e+09

Optimal solution found (tolerance 1.00e-02)
Best objective 1.415797971579e+09, best bound 1.426093785965e+09, gap 0.7272%
Gurobi Optimizer version 10.0.1 build v10.0.1rc0 (linux64)

CPU model: Intel(R) Xeon(R) Gold 5115 CPU @ 2.40GHz, instruction set [SSE2|AVX|AVX2|AVX512]
Thread count: 20 physical cores, 40 logical processors, using up to 20 threads

Optimize a model with 36396 rows, 641759 columns and 3691049 nonzeros
Model fingerprint: 0xc9cebb71
Variable types: 6566 continuous, 635193 integer (635193 binary)
Coefficient statistics:
  Matrix range     [1e+00, 2e+05]
  Objective range  [4e+01, 2e+07]
  Bounds range     [5e-13, 3e+05]
  RHS range        [1e+00, 3e+06]
Presolve removed 35096 rows and 631138 columns
Presolve time: 1.26s
Presolved: 1300 rows, 10621 columns, 42364 nonzeros
Variable types: 374 continuous, 10247 integer (10247 binary)
Found heuristic solution: objective 1.076703e+09

Root relaxation: objective 1.392857e+09, 4362 iterations, 0.15 seconds (0.16 work units)

    Nodes    |    Current Node    |     Objective Bounds      |     Work
 Expl Unexpl |  Obj  Depth IntInf | Incumbent    BestBd   Gap | It/Node Time

     0     0 1.3929e+09    0  116 1.0767e+09 1.3929e+09  29.4%     -    1s
H    0     0                    1.342469e+09 1.3929e+09  3.75%     -    2s
H    0     0                    1.353301e+09 1.3929e+09  2.92%     -    2s
     0     0 1.3907e+09    0  119 1.3533e+09 1.3907e+09  2.76%     -    2s
H    0     0                    1.383849e+09 1.3907e+09  0.49%     -    3s

Cutting planes:
  Gomory: 11
  Implied bound: 13
  MIR: 25
  Flow cover: 35
  RLT: 4
  Relax-and-lift: 4

Explored 1 nodes (4831 simplex iterations) in 4.01 seconds (2.59 work units)
Thread count was 20 (of 40 available processors)

Solution count 4: 1.38385e+09 1.3533e+09 1.34247e+09 1.0767e+09 

Optimal solution found (tolerance 1.00e-02)
Best objective 1.383848824750e+09, best bound 1.390690026082e+09, gap 0.4944%
