
Gurobi 10.0.1 (linux64) logging started Sun May 28 00:49:31 2023

Set parameter LogFile to value "logFiles/N-1L-D/N-1L-14U-40F-23V-365D/basic-05-28-2023, 00-49-H70-P50-O15.log"
Gurobi Optimizer version 10.0.1 build v10.0.1rc0 (linux64)

CPU model: Intel(R) Xeon(R) Gold 5115 CPU @ 2.40GHz, instruction set [SSE2|AVX|AVX2|AVX512]
Thread count: 20 physical cores, 40 logical processors, using up to 20 threads

Optimize a model with 93449 rows, 1195488 columns and 6201249 nonzeros
Model fingerprint: 0xe5243900
Variable types: 433085 continuous, 762403 integer (762403 binary)
Coefficient statistics:
  Matrix range     [1e+00, 2e+05]
  Objective range  [4e+01, 3e+07]
  Bounds range     [1e+00, 1e+00]
  RHS range        [1e+00, 3e+06]
Presolve removed 55993 rows and 40514 columns (presolve time = 5s) ...
Presolve removed 56007 rows and 45105 columns (presolve time = 10s) ...
Presolve removed 56007 rows and 45117 columns (presolve time = 15s) ...
Presolve removed 56014 rows and 45309 columns (presolve time = 20s) ...
Presolve removed 56014 rows and 45309 columns (presolve time = 25s) ...
Presolve removed 55943 rows and 45238 columns
Presolve time: 25.32s
Presolved: 37506 rows, 1150250 columns, 4876719 nonzeros
Variable types: 407797 continuous, 742453 integer (742453 binary)
Deterministic concurrent LP optimizer: primal simplex, dual simplex, and barrier
Showing barrier log only...

Root barrier log...

Ordering time: 1.58s

Barrier statistics:
 AA' NZ     : 2.569e+06
 Factor NZ  : 8.065e+06 (roughly 500 MB of memory)
 Factor Ops : 1.182e+10 (less than 1 second per iteration)
 Threads    : 17

                  Objective                Residual
Iter       Primal          Dual         Primal    Dual     Compl     Time
   0  -2.29180943e+16  1.42525600e+14  1.03e+09 2.38e+06  1.29e+12    37s
   1  -5.52648926e+15  1.30642874e+14  2.47e+08 6.20e+06  3.19e+11    38s
   2  -1.13498193e+15  9.52961694e+13  5.09e+07 9.12e+05  6.63e+10    38s
   3  -7.44893483e+13  5.53071486e+13  3.36e+06 6.02e+03  4.41e+09    39s
   4  -2.39929864e+13  3.04541651e+13  1.08e+06 1.11e+03  1.45e+09    39s
   5  -7.49116489e+12  2.17865851e+13  3.38e+05 3.14e+02  4.65e+08    40s
   6  -5.47326680e+12  2.07993709e+13  2.47e+05 2.62e+02  3.42e+08    40s
   7  -1.42456850e+12  1.82922518e+13  6.45e+04 1.31e+02  9.47e+07    41s
   8  -8.25167422e+11  1.52975677e+13  3.75e+04 1.67e+01  5.57e+07    41s
   9  -5.96327706e+11  1.33061409e+13  2.72e+04 1.86e-08  4.03e+07    42s
  10  -4.08060645e+11  1.10800173e+13  1.87e+04 3.63e+01  2.75e+07    42s
  11  -1.20344088e+11  6.28497896e+12  5.82e+03 2.61e-08  8.95e+06    43s
  12  -3.99529827e+10  3.25058435e+12  2.21e+03 2.42e-08  3.48e+06    43s
  13  -2.06152727e+10  1.27087629e+12  1.34e+03 2.97e-08  1.61e+06    44s
  14   1.02346970e+09  5.62587526e+11  3.71e+02 3.11e-08  4.99e+05    44s
  15   4.00784908e+09  3.36063910e+11  2.38e+02 8.07e-08  2.95e+05    44s
  16   6.70071742e+09  1.23019904e+11  1.17e+02 9.71e-07  1.19e+05    45s
  17   8.19004235e+09  7.66670379e+10  5.06e+01 6.84e-07  5.85e+04    45s
  18   8.63659307e+09  6.48105292e+10  3.07e+01 4.68e-07  4.19e+04    46s
  19   8.75330748e+09  5.57029036e+10  2.56e+01 4.48e-07  3.50e+04    46s
  20   8.81079440e+09  4.80548988e+10  2.31e+01 6.24e-07  3.03e+04    46s
  21   8.83423097e+09  4.62227150e+10  2.21e+01 3.21e-07  2.89e+04    47s
  22   8.98275868e+09  4.05197713e+10  1.57e+01 3.11e-07  2.28e+04    47s
  23   9.01880113e+09  3.16216660e+10  1.43e+01 1.97e-07  1.81e+04    48s
  24   9.10198404e+09  2.77461918e+10  1.08e+01 4.22e-07  1.44e+04    49s
  25   9.16318964e+09  2.47340603e+10  8.28e+00 7.02e-07  1.16e+04    49s
  26   9.26473412e+09  2.08612242e+10  4.12e+00 7.05e-07  7.54e+03    50s
  27   9.29180401e+09  1.75833162e+10  3.20e+00 5.06e-07  5.48e+03    51s
  28   9.30874850e+09  1.66519961e+10  2.73e+00 5.19e-07  4.76e+03    52s
  29   9.34914482e+09  1.62161623e+10  2.33e+00 6.87e-07  4.29e+03    52s
  30   9.35615680e+09  1.47594058e+10  2.24e+00 4.85e-07  3.50e+03    53s
  31   9.36913376e+09  1.40847462e+10  1.97e+00 5.17e-07  3.01e+03    54s
  32   9.38956257e+09  1.29378990e+10  1.68e+00 6.74e-07  2.26e+03    54s
  33   9.42019785e+09  1.18604434e+10  1.38e+00 4.57e-07  1.53e+03    55s
  34   9.43680791e+09  1.15765942e+10  1.14e+00 5.96e-07  1.29e+03    56s
  35   9.51921200e+09  1.08360019e+10  4.72e-01 3.21e-07  6.85e+02    57s
  36   9.55852216e+09  1.04576808e+10  3.13e-01 2.68e-07  4.51e+02    57s
  37   9.58515352e+09  1.02323464e+10  2.37e-01 7.80e-07  3.19e+02    58s
  38   9.61932021e+09  1.00893826e+10  1.64e-01 9.17e-07  2.27e+02    58s
  39   9.62864909e+09  1.00434019e+10  1.42e-01 7.05e-07  1.98e+02    59s
  40   9.64262681e+09  1.00034253e+10  1.12e-01 6.35e-07  1.70e+02    59s
  41   9.65367158e+09  9.94019526e+09  9.52e-02 1.07e-06  1.35e+02    60s
  42   9.66331723e+09  9.91642800e+09  8.08e-02 1.03e-06  1.19e+02    60s
  43   9.66888392e+09  9.87322718e+09  7.36e-02 7.92e-07  9.63e+01    60s
  44   9.68332348e+09  9.85088417e+09  5.57e-02 4.10e-07  7.83e+01    61s
  45   9.69068954e+09  9.82946147e+09  4.77e-02 4.99e-07  6.49e+01    61s
  46   9.69439262e+09  9.82210588e+09  4.40e-02 7.47e-07  5.97e+01    61s
  47   9.69773385e+09  9.81408816e+09  4.08e-02 2.62e-07  5.44e+01    62s
  48   9.70003268e+09  9.80277504e+09  3.88e-02 5.88e-07  4.82e+01    62s
  49   9.70949776e+09  9.79325651e+09  3.01e-02 8.30e-07  3.92e+01    62s
  50   9.71330312e+09  9.78531012e+09  2.69e-02 9.63e-07  3.37e+01    63s
  51   9.71430149e+09  9.78168414e+09  2.61e-02 1.09e-06  3.16e+01    63s
  52   9.71881396e+09  9.77947483e+09  2.22e-02 9.54e-07  2.84e+01    64s
  53   9.72569257e+09  9.77528635e+09  1.66e-02 1.24e-06  2.30e+01    64s
  54   9.72801674e+09  9.76938303e+09  1.48e-02 8.96e-07  1.93e+01    64s
  55   9.73098968e+09  9.76784793e+09  1.25e-02 1.19e-06  1.71e+01    65s
  56   9.73533311e+09  9.76565490e+09  9.33e-03 1.02e-06  1.40e+01    65s
  57   9.73586587e+09  9.76483131e+09  8.96e-03 1.21e-06  1.34e+01    65s
  58   9.73642292e+09  9.76388590e+09  8.59e-03 1.18e-06  1.27e+01    66s
  59   9.73708444e+09  9.76300100e+09  8.17e-03 1.18e-06  1.20e+01    66s
  60   9.74053259e+09  9.76168450e+09  6.05e-03 1.29e-06  9.73e+00    67s
  61   9.74268934e+09  9.75877429e+09  4.84e-03 9.24e-07  7.41e+00    67s
  62   9.74430295e+09  9.75794455e+09  3.95e-03 5.84e-07  6.27e+00    68s
  63   9.74675140e+09  9.75655241e+09  2.73e-03 5.04e-07  4.50e+00    68s
  64   9.74865526e+09  9.75543846e+09  1.82e-03 6.34e-07  3.11e+00    69s
  65   9.74967010e+09  9.75513214e+09  1.37e-03 7.88e-07  2.49e+00    70s
  66   9.75040322e+09  9.75479161e+09  1.06e-03 6.64e-07  2.00e+00    70s
  67   9.75061022e+09  9.75472178e+09  9.77e-04 7.44e-07  1.87e+00    71s
  68   9.75110256e+09  9.75428565e+09  7.80e-04 7.35e-07  1.45e+00    72s
  69   9.75201482e+09  9.75380288e+09  4.24e-04 6.57e-07  8.15e-01    72s
  70   9.75265363e+09  9.75356267e+09  1.85e-04 1.17e-06  4.12e-01    73s
  71   9.75299133e+09  9.75335117e+09  6.42e-05 6.46e-07  1.62e-01    73s
  72   9.75302142e+09  9.75329067e+09  5.42e-05 6.08e-07  1.22e-01    74s
  73   9.75309487e+09  9.75326048e+09  2.87e-05 1.18e-06  7.47e-02    74s
  74   9.75312942e+09  9.75325475e+09  1.75e-05 1.38e-06  5.61e-02    75s
  75   9.75315960e+09  9.75321402e+09  7.02e-06 9.34e-07  2.43e-02    75s
  76   9.75316933e+09  9.75320358e+09  4.18e-06 7.80e-07  1.53e-02    76s
  77   9.75317572e+09  9.75319400e+09  2.25e-06 7.01e-07  8.17e-03    76s
  78   9.75318132e+09  9.75318830e+09  6.57e-07 8.22e-07  3.10e-03    77s
  79   9.75318219e+09  9.75318552e+09  4.29e-07 6.53e-07  1.49e-03    77s
  80   9.75318293e+09  9.75318444e+09  2.40e-07 7.12e-07  6.81e-04    77s
  81   9.75318354e+09  9.75318402e+09  9.24e-08 9.70e-07  2.15e-04    78s
  82   9.75318374e+09  9.75318391e+09  4.84e-08 7.02e-07  7.47e-05    78s
  83   9.75318385e+09  9.75318387e+09  3.54e-08 1.43e-06  8.74e-06    79s
  84   9.75318386e+09  9.75318386e+09  1.54e-08 5.57e-07  1.01e-07    79s
  85   9.75318386e+09  9.75318386e+09  1.06e-08 9.54e-07  6.15e-11    80s

Barrier solved model in 85 iterations and 79.65 seconds (64.03 work units)
Optimal objective 9.75318386e+09


Root crossover log...

   32702 DPushes remaining with DInf 0.0000000e+00                80s
     521 DPushes remaining with DInf 0.0000000e+00                80s
       0 DPushes remaining with DInf 0.0000000e+00                81s

     965 PPushes remaining with PInf 0.0000000e+00                81s
       9 PPushes remaining with PInf 0.0000000e+00                81s

  Push phase complete: Pinf 0.0000000e+00, Dinf 3.0662393e+05     81s


Root simplex log...

Iteration    Objective       Primal Inf.    Dual Inf.      Time
   33647    9.7531839e+09   0.000000e+00   3.066239e+05     81s
   34188    9.7531839e+09   1.926671e+02   0.000000e+00     86s
   34428    9.7531839e+09   4.491038e+01   0.000000e+00     92s
   34446    9.7531839e+09   0.000000e+00   0.000000e+00     92s
Concurrent spin time: 0.03s

Solved with barrier
   34446    9.7531839e+09   0.000000e+00   0.000000e+00     93s

Root relaxation: objective 9.753184e+09, 34446 iterations, 63.25 seconds (45.57 work units)
Total elapsed time = 95.90s

    Nodes    |    Current Node    |     Objective Bounds      |     Work
 Expl Unexpl |  Obj  Depth IntInf | Incumbent    BestBd   Gap | It/Node Time

     0     0 9.7532e+09    0  344          - 9.7532e+09      -     -   98s
H    0     0                    9.734561e+09 9.7532e+09  0.19%     -  125s

Explored 1 nodes (49118 simplex iterations) in 126.14 seconds (106.52 work units)
Thread count was 20 (of 40 available processors)

Solution count 1: 9.73456e+09 

Optimal solution found (tolerance 1.00e-02)
Best objective 9.734561163673e+09, best bound 9.753183859004e+09, gap 0.1913%
Gurobi Optimizer version 10.0.1 build v10.0.1rc0 (linux64)

CPU model: Intel(R) Xeon(R) Gold 5115 CPU @ 2.40GHz, instruction set [SSE2|AVX|AVX2|AVX512]
Thread count: 20 physical cores, 40 logical processors, using up to 20 threads

Optimize a model with 162656 rows, 2024330 columns and 12062648 nonzeros
Model fingerprint: 0xe9e6ddef
Variable types: 573214 continuous, 1451116 integer (1451116 binary)
Coefficient statistics:
  Matrix range     [1e+00, 2e+05]
  Objective range  [4e+01, 3e+07]
  Bounds range     [9e-16, 3e+05]
  RHS range        [1e+00, 4e+06]
Presolve removed 130926 rows and 1374895 columns (presolve time = 5s) ...
Presolve removed 135385 rows and 1411358 columns (presolve time = 10s) ...
Presolve removed 135406 rows and 1411480 columns (presolve time = 15s) ...
Presolve removed 135406 rows and 1411480 columns (presolve time = 20s) ...
Presolve removed 135406 rows and 1411480 columns (presolve time = 30s) ...
Presolve removed 135355 rows and 1411429 columns
Presolve time: 30.98s
Presolved: 27301 rows, 612901 columns, 2769745 nonzeros
Variable types: 225551 continuous, 387350 integer (387342 binary)
Deterministic concurrent LP optimizer: primal simplex, dual simplex, and barrier
Showing barrier log only...

Root barrier log...

Ordering time: 0.87s

Barrier statistics:
 AA' NZ     : 1.501e+06
 Factor NZ  : 3.890e+06 (roughly 300 MB of memory)
 Factor Ops : 3.119e+09 (less than 1 second per iteration)
 Threads    : 17

                  Objective                Residual
Iter       Primal          Dual         Primal    Dual     Compl     Time
   0  -7.73153652e+15  7.89625325e+13  4.76e+08 4.28e+06  4.80e+11    39s
   1  -2.97690960e+15  5.58210995e+13  1.83e+08 3.80e+06  1.88e+11    39s
   2  -2.35120257e+14  3.84685365e+13  1.46e+07 4.20e+05  1.51e+10    40s
   3  -2.75800892e+13  2.04578530e+13  1.71e+06 2.82e+03  1.81e+09    40s
   4  -6.74818658e+12  1.32409770e+13  4.17e+05 1.25e+03  4.50e+08    40s
   5  -3.05826980e+12  9.87601409e+12  1.89e+05 5.34e+02  2.08e+08    41s
   6  -9.10303601e+11  7.34373048e+12  5.61e+04 1.61e-08  6.49e+07    41s
   7  -3.21200306e+11  5.30945287e+12  1.99e+04 3.45e+01  2.43e+07    41s
   8  -2.60098028e+11  4.85913832e+12  1.61e+04 3.29e+01  1.99e+07    41s
   9  -1.64786186e+11  4.09384810e+12  1.03e+04 2.37e+01  1.30e+07    42s
  10  -9.13913151e+10  3.63048904e+12  5.77e+03 1.57e+01  8.25e+06    42s
  11  -5.95049913e+10  1.40705863e+12  3.82e+03 2.14e-08  4.05e+06    42s
  12  -7.13401564e+09  5.29985968e+11  5.99e+02 1.87e-08  8.24e+05    43s
  13   4.47193701e+08  2.33953966e+11  1.34e+02 1.78e-08  2.64e+05    43s
  14   1.42269995e+09  1.41017265e+11  7.49e+01 1.68e-08  1.52e+05    43s
  15   1.93330950e+09  1.19416998e+11  4.41e+01 1.98e-08  1.18e+05    43s
  16   2.17276117e+09  9.63628981e+10  3.00e+01 2.33e-08  9.15e+04    43s
  17   2.35263479e+09  7.90963452e+10  1.95e+01 3.34e-08  7.19e+04    44s
  18   2.43424550e+09  5.31550918e+10  1.48e+01 4.65e-08  4.87e+04    44s
  19   2.53614314e+09  3.99575135e+10  8.91e+00 6.73e-08  3.52e+04    44s
  20   2.57116647e+09  2.97757734e+10  6.81e+00 1.10e-07  2.61e+04    44s
  21   2.60222224e+09  2.52391710e+10  4.90e+00 1.59e-07  2.17e+04    45s
  22   2.61438755e+09  1.94874690e+10  4.05e+00 2.14e-07  1.68e+04    45s
  23   2.63911813e+09  1.45970295e+10  2.76e+00 2.37e-07  1.21e+04    45s
  24   2.65996264e+09  1.17626615e+10  2.22e+00 2.31e-07  9.18e+03    46s
  25   2.67860317e+09  9.84324822e+09  1.91e+00 2.11e-07  7.16e+03    46s
  26   2.69452754e+09  9.13392409e+09  1.67e+00 2.25e-07  6.34e+03    46s
  27   2.71008787e+09  8.38170269e+09  1.25e+00 2.32e-07  5.39e+03    47s
  28   2.71995289e+09  7.26949788e+09  1.07e+00 2.07e-07  4.27e+03    47s
  29   2.75112035e+09  5.92923686e+09  6.08e-01 1.50e-07  2.84e+03    47s
  30   2.75903314e+09  4.95273902e+09  4.95e-01 1.31e-07  1.94e+03    48s
  31   2.76975099e+09  4.48549921e+09  4.03e-01 1.21e-07  1.50e+03    48s
  32   2.77216431e+09  4.23679397e+09  3.66e-01 1.14e-07  1.28e+03    48s
  33   2.77670265e+09  4.05878676e+09  3.17e-01 1.02e-07  1.11e+03    49s
  34   2.78854165e+09  3.55965036e+09  2.14e-01 7.40e-08  6.54e+02    49s
  35   2.79441249e+09  3.25182957e+09  1.79e-01 4.28e-08  3.86e+02    49s
  36   2.80790653e+09  3.13402384e+09  1.19e-01 3.73e-08  2.72e+02    50s
  37   2.81012430e+09  3.06733810e+09  1.11e-01 3.21e-08  2.14e+02    50s
  38   2.81706741e+09  3.01226017e+09  9.16e-02 2.75e-08  1.62e+02    50s
  39   2.82340794e+09  2.97035228e+09  7.63e-02 2.24e-08  1.21e+02    50s
  40   2.82915617e+09  2.94748136e+09  6.37e-02 2.10e-08  9.74e+01    51s
  41   2.83347428e+09  2.93277905e+09  5.55e-02 1.82e-08  8.16e+01    51s
  42   2.83706968e+09  2.92310968e+09  4.87e-02 1.96e-08  7.07e+01    51s
  43   2.83940940e+09  2.91549776e+09  4.46e-02 2.05e-08  6.24e+01    51s
  44   2.84287157e+09  2.91354703e+09  3.89e-02 2.14e-08  5.79e+01    52s
  45   2.84593615e+09  2.90229610e+09  3.38e-02 1.58e-08  4.62e+01    52s
  46   2.85007522e+09  2.89906007e+09  2.67e-02 1.77e-08  4.01e+01    52s
  47   2.85294746e+09  2.89465282e+09  2.19e-02 1.77e-08  3.41e+01    52s
  48   2.85357979e+09  2.89282561e+09  2.09e-02 1.86e-08  3.21e+01    53s
  49   2.85523032e+09  2.89062013e+09  1.85e-02 1.86e-08  2.89e+01    53s
  50   2.85566983e+09  2.88919167e+09  1.79e-02 2.00e-08  2.74e+01    53s
  51   2.85709882e+09  2.88839286e+09  1.58e-02 2.14e-08  2.55e+01    53s
  52   2.85811481e+09  2.88619652e+09  1.46e-02 2.14e-08  2.29e+01    54s
  53   2.85907317e+09  2.88477434e+09  1.33e-02 2.05e-08  2.10e+01    54s
  54   2.86034259e+09  2.88248648e+09  1.19e-02 2.33e-08  1.81e+01    54s
  55   2.86252151e+09  2.88120042e+09  9.28e-03 2.19e-08  1.52e+01    55s
  56   2.86278167e+09  2.88051466e+09  8.97e-03 2.33e-08  1.45e+01    55s
  57   2.86402681e+09  2.87961239e+09  7.51e-03 2.05e-08  1.27e+01    55s
  58   2.86508500e+09  2.87842142e+09  6.43e-03 2.05e-08  1.09e+01    55s
  59   2.86578843e+09  2.87807209e+09  5.70e-03 2.14e-08  1.00e+01    56s
  60   2.86623912e+09  2.87755931e+09  5.22e-03 2.05e-08  9.22e+00    56s
  61   2.86644870e+09  2.87729079e+09  5.00e-03 2.05e-08  8.83e+00    56s
  62   2.86750245e+09  2.87615517e+09  3.90e-03 2.00e-08  7.05e+00    56s
  63   2.86820630e+09  2.87555233e+09  3.24e-03 1.96e-08  5.98e+00    56s
  64   2.86880160e+09  2.87525600e+09  2.71e-03 2.14e-08  5.25e+00    57s
  65   2.86968573e+09  2.87477191e+09  1.95e-03 1.77e-08  4.14e+00    57s
  66   2.87019634e+09  2.87460970e+09  1.55e-03 1.96e-08  3.59e+00    57s
  67   2.87082088e+09  2.87418919e+09  1.07e-03 1.96e-08  2.74e+00    58s
  68   2.87125619e+09  2.87384595e+09  7.76e-04 1.96e-08  2.11e+00    58s
  69   2.87162675e+09  2.87349594e+09  5.32e-04 1.63e-08  1.52e+00    58s
  70   2.87184920e+09  2.87325349e+09  3.88e-04 1.86e-08  1.14e+00    58s
  71   2.87206732e+09  2.87301729e+09  2.53e-04 1.49e-08  7.72e-01    59s
  72   2.87217821e+09  2.87287264e+09  1.86e-04 1.26e-08  5.64e-01    59s
  73   2.87231661e+09  2.87269485e+09  1.04e-04 1.16e-08  3.07e-01    59s
  74   2.87242121e+09  2.87259997e+09  4.57e-05 1.30e-08  1.45e-01    59s
  75   2.87247497e+09  2.87254955e+09  1.69e-05 1.58e-08  6.06e-02    60s
  76   2.87247559e+09  2.87254268e+09  1.66e-05 1.30e-08  5.45e-02    60s
  77   2.87248423e+09  2.87253469e+09  1.24e-05 1.35e-08  4.10e-02    60s
  78   2.87249424e+09  2.87252890e+09  7.33e-06 1.21e-08  2.81e-02    60s
  79   2.87250432e+09  2.87251900e+09  2.62e-06 1.12e-08  1.19e-02    60s
  80   2.87250798e+09  2.87251283e+09  1.00e-06 1.49e-08  3.93e-03    61s
  81   2.87250947e+09  2.87251131e+09  8.92e-07 1.68e-08  1.50e-03    61s
  82   2.87250952e+09  2.87251059e+09  7.96e-07 1.12e-08  8.69e-04    61s
  83   2.87250985e+09  2.87251028e+09  1.69e-07 1.58e-08  3.44e-04    61s
  84   2.87250989e+09  2.87251020e+09  1.04e-07 1.21e-08  2.48e-04    62s
  85   2.87250994e+09  2.87251004e+09  2.21e-08 1.63e-08  7.57e-05    62s
  86   2.87250996e+09  2.87250996e+09  3.14e-09 1.58e-08  4.06e-06    62s
  87   2.87250996e+09  2.87250996e+09  5.73e-10 1.77e-08  2.68e-08    63s
  88   2.87250996e+09  2.87250996e+09  4.47e-09 1.49e-08  5.79e-11    63s

Barrier solved model in 88 iterations and 62.95 seconds (57.33 work units)
Optimal objective 2.87250996e+09


Root crossover log...

   21520 DPushes remaining with DInf 0.0000000e+00                63s
       0 DPushes remaining with DInf 0.0000000e+00                64s

     677 PPushes remaining with PInf 0.0000000e+00                64s
       5 PPushes remaining with PInf 1.3602444e+06                64s

  Push phase complete: Pinf 1.3602444e+06, Dinf 5.8917300e+07     64s


Root simplex log...

Iteration    Objective       Primal Inf.    Dual Inf.      Time
   22099    2.8725702e+09   0.000000e+00   5.891730e+07     64s
   26910    2.8725773e+09   0.000000e+00   4.868798e+08     65s
Warning: 1 variables dropped from basis
Warning: switch to quad precision
   27915    2.8710580e+09   0.000000e+00   4.516839e+10     71s
   28396    2.8710582e+09   0.000000e+00   2.387424e+10     75s
   28917    2.8710694e+09   0.000000e+00   1.131608e+10     82s
   29077    2.8711062e+09   0.000000e+00   8.502356e+11     86s
   29417    2.8711769e+09   0.000000e+00   3.839260e+11     93s
   29577    2.8712081e+09   0.000000e+00   6.555485e+09     97s
   29727    2.8712278e+09   0.000000e+00   4.293151e+10    101s
   30027    2.8712969e+09   0.000000e+00   2.841137e+09    108s
   30147    2.8713296e+09   0.000000e+00   1.571339e+10    111s
   30307    2.8713802e+09   0.000000e+00   2.849022e+10    115s
   30587    2.8714506e+09   0.000000e+00   1.690097e+10    123s
   30717    2.8714699e+09   0.000000e+00   6.368705e+08    127s
   30827    2.8714815e+09   0.000000e+00   2.266922e+09    130s
   31067    2.8715128e+09   0.000000e+00   4.463827e+09    138s
   31167    2.8715249e+09   0.000000e+00   6.755531e+08    141s
   31427    2.8715639e+09   0.000000e+00   6.046331e+09    148s
   31547    2.8715747e+09   0.000000e+00   4.851380e+08    152s
   31677    2.8715841e+09   0.000000e+00   5.587880e+08    155s
   31927    2.8715956e+09   0.000000e+00   1.175811e+08    163s
   32047    2.8715996e+09   0.000000e+00   7.283799e+07    166s
   32387    2.8716084e+09   0.000000e+00   3.611646e+05    173s
   32547    2.8716130e+09   0.000000e+00   2.521561e+09    177s
   32687    2.8716233e+09   0.000000e+00   2.016372e+09    181s
   32957    2.8716594e+09   0.000000e+00   3.229357e+09    188s
   33117    2.8716828e+09   0.000000e+00   1.922912e+10    192s
   33257    2.8717118e+09   0.000000e+00   6.346083e+09    196s
   33417    2.8717303e+09   0.000000e+00   8.560195e+09    200s
   33707    2.8717676e+09   0.000000e+00   1.410239e+10    208s
   33847    2.8717846e+09   0.000000e+00   5.164637e+08    212s
   33967    2.8717978e+09   0.000000e+00   4.714217e+08    215s
   34257    2.8718230e+09   0.000000e+00   3.065514e+09    223s
   34397    2.8718400e+09   0.000000e+00   5.167687e+08    227s
   34537    2.8718536e+09   0.000000e+00   1.538293e+08    231s
   34797    2.8718797e+09   0.000000e+00   1.989851e+08    238s
   34947    2.8718932e+09   0.000000e+00   2.343210e+08    242s
   35107    2.8719073e+09   0.000000e+00   9.164109e+08    246s
   35387    2.8719260e+09   0.000000e+00   5.752996e+08    253s
   35507    2.8719351e+09   0.000000e+00   2.528023e+09    257s
   35627    2.8719425e+09   0.000000e+00   9.171533e+07    261s
   35857    2.8719556e+09   0.000000e+00   5.871038e+08    268s
   35987    2.8719620e+09   0.000000e+00   3.013305e+08    271s
   36117    2.8719683e+09   0.000000e+00   1.997724e+08    275s
   36387    2.8719770e+09   0.000000e+00   1.343456e+07    283s
   36527    2.8719810e+09   0.000000e+00   4.012050e+07    286s
   36807    2.8719855e+09   0.000000e+00   1.886735e+07    293s
   36917    2.8719868e+09   0.000000e+00   3.241608e+05    297s
   37067    2.8719874e+09   0.000000e+00   1.273788e+05    301s
   37297    2.8719890e+09   0.000000e+00   1.190294e+06    308s
   37417    2.8719895e+09   0.000000e+00   3.768741e+05    311s
   37667    2.8719903e+09   0.000000e+00   1.155113e+06    319s
   37817    2.8719907e+09   0.000000e+00   1.088186e+05    323s
   37947    2.8728546e+09   3.236982e+05   0.000000e+00    326s
   38539    2.8727790e+09   2.651063e+05   0.000000e+00    331s
   39062    2.8726139e+09   5.994756e+04   0.000000e+00    336s
   39554    2.8725972e+09   1.286299e+05   0.000000e+00    340s
   40066    2.8725793e+09   2.086442e+05   0.000000e+00    347s
   40619    2.8725614e+09   7.527467e+04   0.000000e+00    351s
   41386    2.8725543e+09   1.811209e+05   0.000000e+00    355s
   41989    2.8725359e+09   4.622590e+04   0.000000e+00    361s
   42369    2.8725281e+09   2.788142e+05   0.000000e+00    366s
   42770    2.8725236e+09   2.598597e+05   0.000000e+00    370s
   43110    2.8725200e+09   1.614327e+04   0.000000e+00    376s
   43573    2.8725188e+09   1.361953e+05   0.000000e+00    381s
   44035    2.8725166e+09   2.838670e+05   0.000000e+00    385s
   44648    2.8725160e+09   2.827226e+04   0.000000e+00    390s
   44878    2.8725149e+09   8.189630e+04   0.000000e+00    396s
   45260    2.8725143e+09   3.673857e+04   0.000000e+00    400s
   45570    2.8725127e+09   1.720803e+05   0.000000e+00    408s
   45680    2.8725123e+09   1.404854e+05   0.000000e+00    411s
   45890    2.8725120e+09   3.739865e+04   0.000000e+00    416s
   46110    2.8725114e+09   6.196241e+04   0.000000e+00    422s
   46300    2.8725109e+09   9.550788e+03   0.000000e+00    425s
   46510    2.8725103e+09   1.195119e+03   0.000000e+00    430s
   46740    2.8725102e+09   2.537017e+02   0.000000e+00    438s
   46860    2.8725101e+09   3.023127e+02   0.000000e+00    441s
   47100    2.8725100e+09   3.521434e+02   0.000000e+00    448s
   47220    2.8725100e+09   2.754234e+02   0.000000e+00    452s
   47260    2.8725100e+09   0.000000e+00   0.000000e+00    453s
Concurrent spin time: 0.00s

Solved with barrier
   47260    2.8725100e+09   0.000000e+00   0.000000e+00    453s

Root relaxation: objective 2.872510e+09, 47260 iterations, 418.33 seconds (216.21 work units)

    Nodes    |    Current Node    |     Objective Bounds      |     Work
 Expl Unexpl |  Obj  Depth IntInf | Incumbent    BestBd   Gap | It/Node Time

     0     0 2.8725e+09    0  217          - 2.8725e+09      -     -  456s
H    0     0                    2.863958e+09 2.8725e+09  0.30%     -  497s

Explored 1 nodes (53527 simplex iterations) in 497.41 seconds (296.01 work units)
Thread count was 20 (of 40 available processors)

Solution count 2: 2.86396e+09 2.86396e+09 

Optimal solution found (tolerance 1.00e-02)
Best objective 2.863958397716e+09, best bound 2.872509959748e+09, gap 0.2986%
Gurobi Optimizer version 10.0.1 build v10.0.1rc0 (linux64)

CPU model: Intel(R) Xeon(R) Gold 5115 CPU @ 2.40GHz, instruction set [SSE2|AVX|AVX2|AVX512]
Thread count: 20 physical cores, 40 logical processors, using up to 20 threads

Optimize a model with 216407 rows, 2732250 columns and 17846425 nonzeros
Model fingerprint: 0xe749cba6
Variable types: 516492 continuous, 2215758 integer (2215758 binary)
Coefficient statistics:
  Matrix range     [1e+00, 2e+05]
  Objective range  [4e+01, 3e+07]
  Bounds range     [1e+00, 3e+05]
  RHS range        [1e+00, 5e+06]
Presolve removed 186441 rows and 2099646 columns (presolve time = 6s) ...
Presolve removed 190270 rows and 2115056 columns (presolve time = 10s) ...
Presolve removed 190332 rows and 2116822 columns (presolve time = 15s) ...
Presolve removed 190389 rows and 2118462 columns (presolve time = 20s) ...
Presolve removed 190389 rows and 2118462 columns (presolve time = 25s) ...
Presolve removed 190357 rows and 2118430 columns
Presolve time: 25.62s
Presolved: 26050 rows, 613820 columns, 2687256 nonzeros
Variable types: 272168 continuous, 341652 integer (341652 binary)
Deterministic concurrent LP optimizer: primal simplex, dual simplex, and barrier
Showing barrier log only...

Root barrier log...

Ordering time: 0.76s

Barrier statistics:
 AA' NZ     : 1.396e+06
 Factor NZ  : 3.790e+06 (roughly 300 MB of memory)
 Factor Ops : 3.060e+09 (less than 1 second per iteration)
 Threads    : 17

                  Objective                Residual
Iter       Primal          Dual         Primal    Dual     Compl     Time
   0  -2.51949085e+15  1.36619541e+14  2.86e+08 2.22e+07  7.20e+11    33s
   1  -8.86564295e+14  1.07377288e+14  1.01e+08 1.56e+07  2.56e+11    33s
   2  -1.10250726e+14  7.14540077e+13  1.25e+07 3.18e+05  3.29e+10    33s
   3  -1.83995581e+13  4.40699580e+13  2.10e+06 7.12e+03  5.54e+09    33s
   4  -6.53463786e+12  2.94223485e+13  7.49e+05 2.19e+03  1.98e+09    34s
   5  -5.56740316e+12  2.00391312e+13  6.38e+05 4.83e+02  1.72e+09    34s
   6  -3.40826919e+12  1.82850379e+13  3.91e+05 1.17e+03  1.06e+09    34s
   7  -1.52176678e+12  1.36009412e+13  1.74e+05 5.09e+02  4.77e+08    34s
   8  -1.27116011e+12  1.15470107e+13  1.46e+05 2.31e+02  3.95e+08    34s
   9  -1.00362232e+12  1.10146647e+13  1.15e+05 1.36e+02  3.14e+08    35s
  10  -5.72630716e+11  9.94304744e+12  6.56e+04 4.67e+01  1.80e+08    35s
  11  -2.63808349e+11  9.31880571e+12  3.05e+04 2.25e+01  8.67e+07    35s
  12  -1.28573036e+11  7.86429361e+12  1.50e+04 4.47e-08  4.42e+07    35s
  13  -5.32765212e+10  6.78876697e+12  6.47e+03 3.73e-08  2.13e+07    36s
  14  -2.15228340e+10  4.31439503e+12  2.86e+03 5.96e-08  9.77e+06    36s
  15  -6.22833548e+09  1.71153214e+12  1.12e+03 4.97e-08  3.40e+06    36s
  16   1.47116344e+09  4.82742624e+11  2.40e+02 5.71e-08  7.45e+05    36s
  17   2.90921165e+09  2.66375496e+11  7.68e+01 5.81e-08  3.26e+05    36s
  18   3.25481517e+09  2.03050424e+11  3.81e+01 6.87e-08  2.21e+05    37s
  19   3.37839045e+09  1.19667953e+11  2.47e+01 9.74e-08  1.32e+05    37s
  20   3.46653879e+09  9.05487545e+10  1.54e+01 1.13e-07  9.62e+04    37s
  21   3.47316860e+09  8.57863161e+10  1.45e+01 1.27e-07  9.11e+04    37s
  22   3.50277243e+09  7.85044377e+10  1.17e+01 1.42e-07  8.10e+04    38s
  23   3.51408758e+09  7.16943855e+10  1.06e+01 1.68e-07  7.39e+04    38s
  24   3.54867291e+09  4.92122171e+10  7.09e+00 2.36e-07  5.06e+04    38s
  25   3.56662736e+09  3.88944512e+10  5.13e+00 3.47e-07  3.94e+04    38s
  26   3.56973320e+09  3.06825434e+10  4.58e+00 5.46e-07  3.19e+04    39s
  27   3.57633906e+09  2.57913733e+10  3.75e+00 6.10e-07  2.63e+04    39s
  28   3.57998293e+09  2.53019567e+10  3.43e+00 7.91e-07  2.52e+04    39s
  29   3.58782237e+09  1.87383793e+10  2.77e+00 6.56e-07  1.76e+04    40s
  30   3.59997301e+09  1.53101235e+10  2.54e+00 6.62e-07  1.38e+04    40s
  31   3.60718894e+09  1.20711389e+10  2.29e+00 5.10e-07  1.00e+04    40s
  32   3.61902762e+09  1.03541987e+10  1.97e+00 5.14e-07  7.84e+03    40s
  33   3.63318568e+09  9.76823938e+09  1.59e+00 4.61e-07  6.84e+03    41s
  34   3.63609928e+09  8.37543941e+09  1.49e+00 3.83e-07  5.31e+03    41s
  35   3.64872901e+09  7.65716840e+09  1.03e+00 3.79e-07  4.21e+03    41s
  36   3.67133322e+09  5.87715472e+09  2.54e-01 2.98e-07  2.01e+03    42s
  37   3.68405115e+09  4.92150739e+09  8.12e-02 1.70e-07  1.08e+03    42s
  38   3.68880955e+09  4.48035380e+09  6.23e-02 1.24e-07  6.90e+02    42s
  39   3.69831950e+09  4.21484713e+09  3.71e-02 7.73e-08  4.48e+02    42s
  40   3.70269831e+09  4.01447648e+09  3.12e-02 5.31e-08  2.70e+02    42s
  41   3.70414393e+09  3.96416545e+09  2.94e-02 3.31e-08  2.25e+02    43s
  42   3.70827388e+09  3.90437482e+09  2.50e-02 2.89e-08  1.69e+02    43s
  43   3.71354329e+09  3.87719905e+09  2.14e-02 2.42e-08  1.41e+02    43s
  44   3.71690656e+09  3.86156771e+09  1.95e-02 2.37e-08  1.25e+02    43s
  45   3.72092857e+09  3.84252895e+09  1.66e-02 1.86e-08  1.05e+02    44s
  46   3.72452897e+09  3.81286019e+09  1.46e-02 1.35e-08  7.61e+01    44s
  47   3.73306016e+09  3.80271764e+09  1.03e-02 1.35e-08  5.99e+01    44s
  48   3.73580019e+09  3.79615466e+09  9.34e-03 1.40e-08  5.19e+01    44s
  49   3.74122547e+09  3.78851457e+09  7.15e-03 1.12e-08  4.07e+01    45s
  50   3.74332421e+09  3.78539197e+09  6.46e-03 8.85e-09  3.62e+01    45s
  51   3.74488036e+09  3.78211534e+09  5.94e-03 9.31e-09  3.20e+01    45s
  52   3.74593333e+09  3.77895182e+09  5.50e-03 9.78e-09  2.84e+01    46s
  53   3.74912787e+09  3.77652622e+09  4.41e-03 1.02e-08  2.36e+01    46s
  54   3.75312811e+09  3.77515147e+09  3.02e-03 1.07e-08  1.89e+01    46s
  55   3.75483542e+09  3.77295054e+09  2.52e-03 1.02e-08  1.56e+01    47s
  56   3.75620238e+09  3.77127745e+09  2.12e-03 1.02e-08  1.30e+01    47s
  57   3.75754301e+09  3.76971052e+09  1.76e-03 8.85e-09  1.05e+01    47s
  58   3.75873423e+09  3.76881418e+09  1.46e-03 8.38e-09  8.66e+00    47s
  59   3.75979976e+09  3.76820623e+09  1.20e-03 9.55e-09  7.22e+00    48s
  60   3.76066131e+09  3.76779717e+09  9.96e-04 1.12e-08  6.13e+00    48s
  61   3.76139918e+09  3.76736699e+09  8.27e-04 1.05e-08  5.13e+00    48s
  62   3.76183474e+09  3.76711585e+09  7.36e-04 1.30e-08  4.54e+00    49s
  63   3.76235061e+09  3.76686484e+09  6.29e-04 9.49e-09  3.88e+00    49s
  64   3.76243892e+09  3.76677392e+09  6.10e-04 1.19e-08  3.72e+00    49s
  65   3.76280414e+09  3.76661589e+09  5.31e-04 1.07e-08  3.27e+00    49s
  66   3.76357425e+09  3.76645951e+09  3.73e-04 1.56e-08  2.48e+00    50s
  67   3.76394976e+09  3.76617425e+09  2.95e-04 1.49e-08  1.91e+00    50s
  68   3.76417884e+09  3.76594318e+09  2.48e-04 1.51e-08  1.52e+00    50s
  69   3.76469095e+09  3.76581871e+09  1.47e-04 1.68e-08  9.69e-01    51s
  70   3.76497262e+09  3.76567667e+09  9.10e-05 1.00e-08  6.05e-01    51s
  71   3.76515303e+09  3.76559758e+09  5.59e-05 6.29e-09  3.82e-01    51s
  72   3.76526590e+09  3.76553256e+09  3.42e-05 5.06e-09  2.29e-01    51s
  73   3.76531001e+09  3.76549543e+09  2.58e-05 5.82e-09  1.59e-01    52s
  74   3.76539799e+09  3.76548324e+09  9.74e-06 6.98e-09  7.32e-02    52s
  75   3.76541753e+09  3.76547138e+09  6.08e-06 6.05e-09  4.62e-02    52s
  76   3.76543893e+09  3.76546213e+09  2.17e-06 7.45e-09  1.99e-02    52s
  77   3.76544811e+09  3.76545703e+09  5.67e-07 7.45e-09  7.66e-03    52s
  78   3.76545071e+09  3.76545298e+09  1.44e-07 6.75e-09  1.94e-03    53s
  79   3.76545169e+09  3.76545185e+09  3.94e-08 1.02e-08  1.30e-04    53s
  80   3.76545170e+09  3.76545180e+09  2.83e-08 7.45e-09  8.18e-05    53s
  81   3.76545171e+09  3.76545175e+09  2.19e-08 5.65e-09  3.80e-05    53s
  82   3.76545172e+09  3.76545173e+09  7.42e-10 6.75e-09  3.14e-06    54s
  83   3.76545173e+09  3.76545173e+09  2.38e-10 1.51e-08  1.72e-10    54s

Barrier solved model in 83 iterations and 53.84 seconds (62.63 work units)
Optimal objective 3.76545173e+09


Root crossover log...

   19350 DPushes remaining with DInf 0.0000000e+00                54s
       0 DPushes remaining with DInf 0.0000000e+00                55s

     411 PPushes remaining with PInf 0.0000000e+00                55s
       1 PPushes remaining with PInf 6.8031185e+04                55s

  Push phase complete: Pinf 6.8031185e+04, Dinf 4.7687216e+01     55s


Root simplex log...

Iteration    Objective       Primal Inf.    Dual Inf.      Time
   18789    3.7654518e+09   0.000000e+00   4.770778e+01     55s
   18905    3.7654517e+09   1.206922e+01   0.000000e+00     56s
   18990    3.7654517e+09   0.000000e+00   0.000000e+00     57s
Concurrent spin time: 0.03s

Solved with barrier
   18990    3.7654517e+09   0.000000e+00   0.000000e+00     57s

Root relaxation: objective 3.765452e+09, 18990 iterations, 28.28 seconds (20.71 work units)

    Nodes    |    Current Node    |     Objective Bounds      |     Work
 Expl Unexpl |  Obj  Depth IntInf | Incumbent    BestBd   Gap | It/Node Time

     0     0 3.7655e+09    0  230          - 3.7655e+09      -     -   59s
     0     0 3.7653e+09    0  262          - 3.7653e+09      -     -   76s
     0     0 3.7647e+09    0  281          - 3.7647e+09      -     -  113s
     0     0 3.7647e+09    0  285          - 3.7647e+09      -     -  114s
     0     0 3.7647e+09    0  282          - 3.7647e+09      -     -  127s
H    0     0                    3.711498e+09 3.7647e+09  1.43%     -  143s
     0     0 3.7646e+09    0  296 3.7115e+09 3.7646e+09  1.43%     -  160s
     0     0 3.7646e+09    0  271 3.7115e+09 3.7646e+09  1.43%     -  167s
     0     0 3.7646e+09    0  271 3.7115e+09 3.7646e+09  1.43%     -  168s
     0     0 3.7646e+09    0  271 3.7115e+09 3.7646e+09  1.43%     -  180s
H    0     0                    3.712669e+09 3.7646e+09  1.40%     -  195s
     0     0 3.7646e+09    0  274 3.7127e+09 3.7646e+09  1.40%     -  196s
     0     0 3.7642e+09    0  255 3.7127e+09 3.7642e+09  1.39%     -  220s
     0     0 3.7642e+09    0  262 3.7127e+09 3.7642e+09  1.39%     -  235s
     0     0 3.7642e+09    0  275 3.7127e+09 3.7642e+09  1.39%     -  243s
     0     0 3.7642e+09    0  272 3.7127e+09 3.7642e+09  1.39%     -  257s
     0     0 3.7642e+09    0  260 3.7127e+09 3.7642e+09  1.39%     -  263s
     0     0 3.7642e+09    0  260 3.7127e+09 3.7642e+09  1.39%     -  272s
     0     0 3.7642e+09    0  260 3.7127e+09 3.7642e+09  1.39%     -  274s
     0     0 3.7642e+09    0  262 3.7127e+09 3.7642e+09  1.39%     -  290s
     0     0 3.7642e+09    0  263 3.7127e+09 3.7642e+09  1.39%     -  291s
     0     0 3.7642e+09    0  251 3.7127e+09 3.7642e+09  1.39%     -  295s
     0     0 3.7642e+09    0  251 3.7127e+09 3.7642e+09  1.39%     -  298s
     0     0 3.7642e+09    0  263 3.7127e+09 3.7642e+09  1.39%     -  301s
     0     0 3.7642e+09    0  262 3.7127e+09 3.7642e+09  1.39%     -  313s
H    0     0                    3.734993e+09 3.7642e+09  0.78%     -  349s

Cutting planes:
  Cover: 7
  Implied bound: 6
  Clique: 2
  MIR: 13
  Flow cover: 16
  GUB cover: 4
  RLT: 4
  Relax-and-lift: 7

Explored 1 nodes (40874 simplex iterations) in 349.64 seconds (354.11 work units)
Thread count was 20 (of 40 available processors)

Solution count 3: 3.73499e+09 3.71267e+09 3.7115e+09 

Optimal solution found (tolerance 1.00e-02)
Best objective 3.734992605622e+09, best bound 3.764220700345e+09, gap 0.7825%
Gurobi Optimizer version 10.0.1 build v10.0.1rc0 (linux64)

CPU model: Intel(R) Xeon(R) Gold 5115 CPU @ 2.40GHz, instruction set [SSE2|AVX|AVX2|AVX512]
Thread count: 20 physical cores, 40 logical processors, using up to 20 threads

Optimize a model with 297831 rows, 3604357 columns and 28608081 nonzeros
Model fingerprint: 0xd063ec91
Variable types: 699217 continuous, 2905140 integer (2905140 binary)
Coefficient statistics:
  Matrix range     [1e+00, 2e+05]
  Objective range  [4e+01, 3e+07]
  Bounds range     [1e+00, 3e+05]
  RHS range        [1e+00, 6e+06]
Presolve removed 256303 rows and 2674477 columns (presolve time = 5s) ...
Presolve removed 261297 rows and 2763098 columns (presolve time = 10s) ...
Presolve removed 265843 rows and 2807157 columns (presolve time = 15s) ...
Presolve removed 266083 rows and 2807699 columns (presolve time = 20s) ...
Presolve removed 266127 rows and 2808739 columns (presolve time = 25s) ...
Presolve removed 266127 rows and 2808739 columns (presolve time = 30s) ...
Presolve removed 266127 rows and 2808739 columns (presolve time = 37s) ...
Presolve removed 266132 rows and 2808694 columns
Presolve time: 37.90s
Presolved: 31699 rows, 795663 columns, 3651757 nonzeros
Variable types: 466175 continuous, 329488 integer (329488 binary)
Found heuristic solution: objective 4.486438e+09
Deterministic concurrent LP optimizer: primal simplex, dual simplex, and barrier
Showing barrier log only...

Root barrier log...

Ordering time: 1.03s

Barrier statistics:
 AA' NZ     : 1.893e+06
 Factor NZ  : 5.472e+06 (roughly 360 MB of memory)
 Factor Ops : 5.844e+09 (less than 1 second per iteration)
 Threads    : 18

                  Objective                Residual
Iter       Primal          Dual         Primal    Dual     Compl     Time
   0  -9.30621771e+15  1.38536613e+13  9.18e+08 1.74e+06  1.25e+11    49s
   1  -2.64617182e+15  1.17510137e+13  2.62e+08 9.01e+05  3.58e+10    50s
   2  -2.44656884e+14  7.47840185e+12  2.41e+07 8.32e+04  3.35e+09    50s
   3  -1.39224961e+13  4.66139596e+12  1.38e+06 1.23e+02  1.95e+08    50s
   4  -7.07960795e+12  2.23038106e+12  7.00e+05 5.88e-09  1.02e+08    51s
   5  -4.60564919e+12  1.77540160e+12  4.56e+05 4.63e-09  6.70e+07    51s
   6  -1.01947404e+12  1.40247006e+12  1.01e+05 4.07e-09  1.55e+07    51s
   7  -4.03195859e+11  1.13659168e+12  4.01e+04 4.07e-09  6.45e+06    51s
   8  -1.72287816e+11  8.84923205e+11  1.75e+04 3.96e-09  2.95e+06    52s
   9  -1.02016820e+11  5.53648896e+11  1.06e+04 4.71e-09  1.67e+06    52s
  10  -4.44238028e+10  4.14047983e+11  4.90e+03 4.02e-09  8.37e+05    52s
  11  -1.64069351e+10  1.50752081e+11  2.12e+03 5.36e-09  2.97e+05    52s
  12  -5.63623446e+08  7.86066148e+10  5.51e+02 4.83e-09  9.43e+04    53s
  13   3.58508648e+09  4.32816903e+10  1.40e+02 5.82e-09  3.58e+04    53s
  14   4.46516334e+09  3.12482797e+10  5.33e+01 7.60e-09  2.13e+04    53s
  15   4.70239422e+09  2.29279706e+10  3.09e+01 1.48e-08  1.41e+04    54s
  16   4.80262365e+09  1.91894215e+10  2.19e+01 1.62e-08  1.10e+04    54s
  17   4.82319861e+09  1.48620154e+10  2.00e+01 2.98e-08  8.18e+03    54s
  18   4.88087973e+09  1.43865589e+10  1.48e+01 3.45e-08  7.45e+03    54s
  19   4.89610283e+09  1.17397748e+10  1.34e+01 4.00e-08  5.67e+03    55s
  20   4.94581114e+09  1.05435962e+10  8.83e+00 4.56e-08  4.53e+03    55s
  21   4.97288101e+09  9.13865754e+09  6.46e+00 8.43e-08  3.50e+03    55s
  22   5.00889707e+09  8.49630493e+09  4.72e+00 9.17e-08  2.90e+03    56s
  23   5.02414367e+09  8.29850953e+09  4.31e+00 8.48e-08  2.69e+03    56s
  24   5.02725074e+09  7.90591003e+09  4.19e+00 7.54e-08  2.41e+03    56s
  25   5.03442420e+09  7.44734486e+09  3.35e+00 1.05e-07  2.01e+03    57s
  26   5.04003713e+09  6.91289655e+09  3.02e+00 8.24e-08  1.58e+03    57s
  27   5.04851549e+09  6.51341095e+09  2.57e+00 9.27e-08  1.24e+03    58s
  28   5.06070600e+09  6.37773356e+09  1.87e+00 9.22e-08  1.08e+03    58s
  29   5.07516936e+09  5.96199686e+09  1.38e+00 7.68e-08  7.02e+02    58s
  30   5.09015021e+09  5.91226142e+09  9.87e-01 8.24e-08  6.22e+02    59s
  31   5.10369244e+09  5.63541975e+09  5.47e-01 6.89e-08  3.82e+02    59s
  32   5.11750883e+09  5.50381866e+09  2.49e-01 5.73e-08  2.65e+02    59s
  33   5.12002725e+09  5.47271390e+09  2.14e-01 4.75e-08  2.41e+02    60s
  34   5.12801859e+09  5.38618342e+09  1.24e-01 3.82e-08  1.73e+02    60s
  35   5.13035520e+09  5.30539113e+09  1.08e-01 3.26e-08  1.17e+02    60s
  36   5.13643438e+09  5.25779827e+09  8.11e-02 2.14e-08  8.07e+01    60s
  37   5.13709009e+09  5.25629361e+09  7.84e-02 2.14e-08  7.92e+01    61s
  38   5.14010580e+09  5.22838845e+09  6.93e-02 1.86e-08  5.85e+01    61s
  39   5.14413023e+09  5.22130243e+09  5.77e-02 1.40e-08  5.11e+01    61s
  40   5.14762980e+09  5.20945524e+09  4.90e-02 1.30e-08  4.08e+01    62s
  41   5.15190570e+09  5.20206740e+09  4.03e-02 1.44e-08  3.31e+01    62s
  42   5.15360120e+09  5.19725218e+09  3.73e-02 1.16e-08  2.88e+01    62s
  43   5.15504392e+09  5.19390153e+09  3.46e-02 1.12e-08  2.56e+01    63s
  44   5.15906414e+09  5.19119327e+09  2.73e-02 1.07e-08  2.12e+01    63s
  45   5.15972949e+09  5.19052655e+09  2.61e-02 1.21e-08  2.03e+01    63s
  46   5.16129722e+09  5.18902461e+09  2.38e-02 1.02e-08  1.83e+01    64s
  47   5.16374340e+09  5.18705934e+09  2.03e-02 1.07e-08  1.53e+01    64s
  48   5.16451151e+09  5.18579057e+09  1.91e-02 9.78e-09  1.40e+01    64s
  49   5.16720086e+09  5.18487776e+09  1.52e-02 9.31e-09  1.16e+01    65s
  50   5.16904388e+09  5.18357076e+09  1.27e-02 9.78e-09  9.55e+00    65s
  51   5.17092222e+09  5.18254855e+09  1.04e-02 1.02e-08  7.64e+00    66s
  52   5.17152496e+09  5.18205456e+09  9.62e-03 1.12e-08  6.92e+00    66s
  53   5.17286138e+09  5.18148730e+09  7.93e-03 1.02e-08  5.67e+00    66s
  54   5.17354292e+09  5.18132160e+09  7.14e-03 1.02e-08  5.11e+00    67s
  55   5.17404512e+09  5.18090367e+09  6.52e-03 8.38e-09  4.51e+00    67s
  56   5.17495673e+09  5.18076706e+09  5.48e-03 1.02e-08  3.82e+00    67s
  57   5.17570825e+09  5.18052947e+09  4.57e-03 8.38e-09  3.17e+00    68s
  58   5.17667270e+09  5.18030332e+09  3.48e-03 8.85e-09  2.39e+00    68s
  59   5.17757198e+09  5.18012115e+09  2.40e-03 7.92e-09  1.67e+00    68s
  60   5.17830757e+09  5.17997526e+09  1.52e-03 7.92e-09  1.10e+00    69s
  61   5.17869121e+09  5.17979705e+09  1.03e-03 6.05e-09  7.27e-01    69s
  62   5.17911551e+09  5.17974947e+09  5.03e-04 8.85e-09  4.17e-01    70s
  63   5.17923448e+09  5.17965925e+09  3.57e-04 7.45e-09  2.79e-01    70s
  64   5.17941633e+09  5.17963648e+09  1.41e-04 6.98e-09  1.45e-01    70s
  65   5.17948042e+09  5.17958065e+09  6.24e-05 5.59e-09  6.59e-02    70s
  66   5.17950778e+09  5.17956058e+09  3.12e-05 6.05e-09  3.47e-02    71s
  67   5.17952528e+09  5.17955036e+09  1.09e-05 6.52e-09  1.65e-02    71s
  68   5.17952920e+09  5.17954553e+09  6.41e-06 6.98e-09  1.07e-02    71s
  69   5.17952986e+09  5.17954504e+09  5.69e-06 9.31e-09  9.98e-03    71s
  70   5.17953257e+09  5.17953953e+09  2.64e-06 5.12e-09  4.58e-03    72s
  71   5.17953364e+09  5.17953841e+09  1.61e-06 7.45e-09  3.14e-03    72s
  72   5.17953470e+09  5.17953678e+09  6.72e-07 5.59e-09  1.37e-03    72s
  73   5.17953524e+09  5.17953613e+09  2.44e-07 6.05e-09  5.84e-04    72s
  74   5.17953537e+09  5.17953575e+09  1.70e-07 6.05e-09  2.49e-04    73s
  75   5.17953542e+09  5.17953547e+09  9.62e-08 8.73e-09  3.83e-05    73s
  76   5.17953545e+09  5.17953545e+09  3.28e-08 6.46e-09  1.73e-08    73s
  77   5.17953545e+09  5.17953545e+09  4.02e-10 7.45e-09  2.77e-11    73s

Barrier solved model in 77 iterations and 73.44 seconds (93.20 work units)
Optimal objective 5.17953545e+09


Root crossover log...

   23828 DPushes remaining with DInf 0.0000000e+00                74s
       0 DPushes remaining with DInf 0.0000000e+00                74s

     941 PPushes remaining with PInf 0.0000000e+00                74s
      29 PPushes remaining with PInf 0.0000000e+00                74s

  Push phase complete: Pinf 0.0000000e+00, Dinf 9.2636547e+06     74s


Root simplex log...

Iteration    Objective       Primal Inf.    Dual Inf.      Time
   23633    5.1795356e+09   1.059580e+04   0.000000e+00     75s
   23753    5.1795356e+09   1.202024e+05   0.000000e+00     77s
   23983    5.1795356e+09   1.067440e+06   0.000000e+00     80s
   24363    5.1795350e+09   1.031799e+06   0.000000e+00     87s
   24977    5.1795366e+09   0.000000e+00   3.192785e+06     90s
   31696    5.1795432e+09   0.000000e+00   1.975722e+07     95s
   37271    5.1795455e+09   0.000000e+00   4.095978e+06    100s
   39973    5.1795461e+09   0.000000e+00   5.791135e+03    105s
   40363    5.1795360e+09   1.681596e+03   0.000000e+00    111s
   40603    5.1795359e+09   4.081502e+04   0.000000e+00    116s
   40923    5.1795357e+09   1.809409e+04   0.000000e+00    123s
   41123    5.1795356e+09   2.428875e+03   0.000000e+00    127s
   41353    5.1795355e+09   2.844927e+03   0.000000e+00    132s
   41593    5.1795355e+09   2.551213e+03   0.000000e+00    136s
   41687    5.1795355e+09   0.000000e+00   0.000000e+00    138s
Concurrent spin time: 0.01s

Solved with barrier
   41687    5.1795355e+09   0.000000e+00   0.000000e+00    139s

Root relaxation: objective 5.179535e+09, 41687 iterations, 93.53 seconds (81.67 work units)
Total elapsed time = 140.16s

    Nodes    |    Current Node    |     Objective Bounds      |     Work
 Expl Unexpl |  Obj  Depth IntInf | Incumbent    BestBd   Gap | It/Node Time

     0     0 5.1795e+09    0  212 4.4864e+09 5.1795e+09  15.4%     -  141s
     0     0 5.1795e+09    0  218 4.4864e+09 5.1795e+09  15.4%     -  153s
H    0     0                    4.941927e+09 5.1795e+09  4.81%     -  183s
     0     0 5.1795e+09    0  232 4.9419e+09 5.1795e+09  4.81%     -  192s
     0     0 5.1795e+09    0  210 4.9419e+09 5.1795e+09  4.81%     -  234s
     0     0 5.1795e+09    0  200 4.9419e+09 5.1795e+09  4.81%     -  247s
     0     0 5.1795e+09    0  199 4.9419e+09 5.1795e+09  4.81%     -  251s
H    0     0                    5.004509e+09 5.1795e+09  3.50%     -  325s
     0     0 5.1795e+09    0  216 5.0045e+09 5.1795e+09  3.50%     -  330s
     0     0 5.1795e+09    0  195 5.0045e+09 5.1795e+09  3.50%     -  335s
     0     0 5.1795e+09    0  201 5.0045e+09 5.1795e+09  3.50%     -  348s
     0     0 5.1795e+09    0  199 5.0045e+09 5.1795e+09  3.50%     -  352s
     0     0 5.1795e+09    0  196 5.0045e+09 5.1795e+09  3.50%     -  361s
     0     0 5.1795e+09    0  194 5.0045e+09 5.1795e+09  3.50%     -  365s
     0     0 5.1795e+09    0  191 5.0045e+09 5.1795e+09  3.50%     -  380s
H    0     0                    5.102200e+09 5.1795e+09  1.52%     -  411s
     0     2 5.1795e+09    0  191 5.1022e+09 5.1795e+09  1.52%     -  441s
     1     4 5.1795e+09    1  192 5.1022e+09 5.1795e+09  1.52%  1629  513s
     3     8 5.1795e+09    2  243 5.1022e+09 5.1795e+09  1.52%  5405  651s
     7    16 5.1795e+09    3  240 5.1022e+09 5.1795e+09  1.52%  4355  753s
    15    32 5.1795e+09    4  219 5.1022e+09 5.1795e+09  1.52%  3140  942s
    31    52 5.1795e+09    5  230 5.1022e+09 5.1795e+09  1.52%  3169 1074s
H   33    52                    5.121976e+09 5.1795e+09  1.12%  3088 1076s
H   34    52                    5.140013e+09 5.1795e+09  0.77%  3060 1077s
H   38    52                    5.147728e+09 5.1795e+09  0.62%  2794 1079s

Cutting planes:
  Cover: 4
  Implied bound: 10
  MIR: 7
  Flow cover: 7
  GUB cover: 4
  RLT: 4

Explored 51 nodes (175723 simplex iterations) in 1079.96 seconds (1480.93 work units)
Thread count was 20 (of 40 available processors)

Solution count 8: 5.14773e+09 5.14773e+09 5.14001e+09 ... 4.48644e+09

Optimal solution found (tolerance 1.00e-02)
Best objective 5.147727998627e+09, best bound 5.179522876720e+09, gap 0.6176%
Gurobi Optimizer version 10.0.1 build v10.0.1rc0 (linux64)

CPU model: Intel(R) Xeon(R) Gold 5115 CPU @ 2.40GHz, instruction set [SSE2|AVX|AVX2|AVX512]
Thread count: 20 physical cores, 40 logical processors, using up to 20 threads

Optimize a model with 323452 rows, 3617572 columns and 31191733 nonzeros
Model fingerprint: 0x0c3e9025
Variable types: 40026 continuous, 3577546 integer (3577546 binary)
Coefficient statistics:
  Matrix range     [1e+00, 2e+05]
  Objective range  [4e+01, 3e+07]
  Bounds range     [5e-16, 3e+05]
  RHS range        [1e+00, 6e+06]
Presolve removed 302358 rows and 3334257 columns (presolve time = 5s) ...
Presolve removed 309245 rows and 3353698 columns (presolve time = 10s) ...
Presolve removed 309235 rows and 3353885 columns
Presolve time: 13.55s
Presolved: 14217 rows, 263687 columns, 1227488 nonzeros
Variable types: 2157 continuous, 261530 integer (261530 binary)
Deterministic concurrent LP optimizer: primal simplex, dual simplex, and barrier
Showing barrier log only...

Root barrier log...

Ordering time: 0.20s

Barrier statistics:
 AA' NZ     : 5.766e+05
 Factor NZ  : 1.521e+06 (roughly 120 MB of memory)
 Factor Ops : 8.210e+08 (less than 1 second per iteration)
 Threads    : 17

                  Objective                Residual
Iter       Primal          Dual         Primal    Dual     Compl     Time
   0  -2.57159928e+15  8.60803979e+12  4.93e+08 5.22e+06  5.56e+11    18s
   1  -9.69131181e+14  1.24678702e+13  1.86e+08 5.50e+06  2.11e+11    18s
   2  -7.54434437e+13  1.35663989e+13  1.46e+07 1.89e+06  1.70e+10    18s
   3  -7.58108674e+12  8.96225572e+12  1.48e+06 2.04e+05  1.73e+09    18s
   4  -2.03839271e+12  3.91889716e+12  4.01e+05 5.15e+04  4.75e+08    18s
   5  -7.07060971e+11  3.16954980e+12  1.41e+05 3.13e+04  1.69e+08    18s
   6  -3.74535137e+11  3.10092864e+12  7.49e+04 2.87e+04  9.26e+07    18s
   7  -7.58564537e+10  2.43661182e+12  1.58e+04 1.46e+04  2.26e+07    18s
   8  -1.98618928e+10  1.87632229e+12  4.79e+03 8.93e+03  8.57e+06    18s
   9  -9.79920650e+09  8.95075806e+11  2.85e+03 2.95e+03  4.04e+06    18s
  10   1.81924504e+09  2.83349306e+11  6.11e+02 2.64e+02  9.18e+05    19s
  11   4.01251026e+09  1.14815054e+11  1.86e+02 1.04e+02  3.10e+05    19s
  12   4.48717396e+09  5.29967643e+10  9.76e+01 2.54e+01  1.40e+05    19s
  13   4.72018496e+09  3.93976167e+10  5.55e+01 3.17e+01  9.29e+04    19s
  14   4.83410971e+09  2.81429710e+10  3.59e+01 7.51e+00  6.23e+04    19s
  15   4.84962508e+09  2.67521385e+10  3.30e+01 6.99e+00  5.84e+04    19s
  16   4.88943797e+09  2.05199449e+10  2.57e+01 4.96e+00  4.37e+04    19s
  17   4.92600250e+09  1.76662691e+10  1.92e+01 2.97e+00  3.54e+04    19s
  18   4.95550604e+09  1.38100671e+10  1.41e+01 2.59e+00  2.56e+04    19s
  19   4.97724745e+09  1.13168072e+10  9.98e+00 3.94e+00  1.81e+04    20s
  20   5.01223211e+09  9.11235522e+09  3.90e+00 2.75e+00  9.98e+03    20s
  21   5.03491789e+09  6.75379600e+09  7.35e-01 9.73e-01  3.55e+03    20s
  22   5.04244443e+09  5.95047035e+09  2.87e-01 5.47e-01  1.80e+03    20s
  23   5.04742220e+09  5.52048690e+09  1.69e-01 2.83e-01  9.24e+02    20s
  24   5.05008175e+09  5.41161272e+09  1.12e-01 2.17e-01  7.02e+02    20s
  25   5.05340939e+09  5.31717870e+09  8.29e-02 1.59e-01  5.10e+02    20s
  26   5.05366955e+09  5.23744340e+09  7.68e-02 1.11e-01  3.55e+02    20s
  27   5.05541548e+09  5.17125347e+09  5.05e-02 6.76e-02  2.23e+02    20s
  28   5.05812313e+09  5.14668091e+09  2.46e-02 5.20e-02  1.70e+02    20s
  29   5.05951658e+09  5.12692403e+09  2.00e-02 3.92e-02  1.29e+02    21s
  30   5.06253246e+09  5.11034969e+09  1.08e-02 2.83e-02  9.15e+01    21s
  31   5.06466196e+09  5.10613358e+09  8.29e-03 2.52e-02  7.94e+01    21s
  32   5.06516570e+09  5.09929893e+09  7.71e-03 1.99e-02  6.53e+01    21s
  33   5.06645707e+09  5.09140403e+09  6.39e-03 1.38e-02  4.77e+01    21s
  34   5.06765512e+09  5.08938598e+09  5.26e-03 1.21e-02  4.16e+01    21s
  35   5.06844476e+09  5.08763022e+09  4.54e-03 1.08e-02  3.67e+01    21s
  36   5.07070701e+09  5.08478348e+09  2.68e-03 7.51e-03  2.69e+01    21s
  37   5.07198311e+09  5.08304762e+09  1.90e-03 5.95e-03  2.12e+01    22s
  38   5.07269449e+09  5.08183702e+09  1.60e-03 4.76e-03  1.75e+01    22s
  39   5.07327689e+09  5.08055759e+09  1.37e-03 3.26e-03  1.39e+01    22s
  40   5.07429543e+09  5.08003902e+09  9.99e-04 2.52e-03  1.10e+01    22s
  41   5.07452951e+09  5.07971929e+09  9.24e-04 2.11e-03  9.92e+00    22s
  42   5.07554022e+09  5.07942379e+09  5.93e-04 1.72e-03  7.43e+00    22s
  43   5.07600159e+09  5.07858606e+09  4.55e-04 6.28e-04  4.94e+00    22s
  44   5.07651235e+09  5.07827371e+09  3.12e-04 2.89e-04  3.37e+00    22s
  45   5.07690466e+09  5.07799486e+09  2.06e-04 1.25e-05  2.08e+00    23s
  46   5.07720594e+09  5.07790218e+09  1.26e-04 1.11e-09  1.33e+00    23s
  47   5.07733748e+09  5.07782327e+09  9.11e-05 1.05e-09  9.29e-01    23s
  48   5.07739419e+09  5.07780732e+09  7.66e-05 1.22e-09  7.90e-01    23s
  49   5.07745264e+09  5.07778497e+09  6.16e-05 1.14e-09  6.35e-01    23s
  50   5.07750607e+09  5.07775531e+09  4.80e-05 1.16e-09  4.76e-01    23s
  51   5.07761480e+09  5.07771945e+09  1.98e-05 1.22e-09  2.00e-01    23s
  52   5.07767480e+09  5.07769937e+09  4.55e-06 1.23e-09  4.70e-02    23s
  53   5.07769326e+09  5.07769463e+09  1.60e-07 1.13e-09  2.62e-03    23s
  54   5.07769392e+09  5.07769399e+09  4.03e-07 3.30e-08  1.30e-04    23s
  55   5.07769396e+09  5.07769396e+09  2.98e-08 3.73e-09  4.77e-08    24s
  56   5.07769396e+09  5.07769396e+09  1.59e-07 3.73e-09  4.57e-08    24s

Barrier solved model in 56 iterations and 23.64 seconds (18.03 work units)
Optimal objective 5.07769396e+09


Root crossover log...

    8578 DPushes remaining with DInf 0.0000000e+00                24s
       0 DPushes remaining with DInf 0.0000000e+00                24s

     519 PPushes remaining with PInf 0.0000000e+00                24s
       2 PPushes remaining with PInf 0.0000000e+00                24s

  Push phase complete: Pinf 0.0000000e+00, Dinf 1.2282666e-07     24s


Root simplex log...

Iteration    Objective       Primal Inf.    Dual Inf.      Time
    9098    5.0776940e+09   0.000000e+00   2.488519e-02     24s
    9100    5.0776940e+09   0.000000e+00   0.000000e+00     24s
Concurrent spin time: 0.01s

Solved with barrier
    9100    5.0776940e+09   0.000000e+00   0.000000e+00     24s

Root relaxation: objective 5.077694e+09, 9100 iterations, 7.91 seconds (5.43 work units)

    Nodes    |    Current Node    |     Objective Bounds      |     Work
 Expl Unexpl |  Obj  Depth IntInf | Incumbent    BestBd   Gap | It/Node Time

     0     0 5.0777e+09    0  212          - 5.0777e+09      -     -   25s
H    0     0                    5.063835e+09 5.0777e+09  0.27%     -   40s

Explored 1 nodes (11237 simplex iterations) in 40.82 seconds (32.98 work units)
Thread count was 20 (of 40 available processors)

Solution count 1: 5.06383e+09 

Optimal solution found (tolerance 1.00e-02)
Best objective 5.063834879980e+09, best bound 5.077693958586e+09, gap 0.2737%
