
Gurobi 10.0.1 (linux64) logging started Mon May 29 04:41:18 2023

Set parameter LogFile to value "logFiles/N-1L-D/N-1L-14U-40F-23V-365D/basic-05-29-2023, 04-41-H70-P50-O15.log"
Gurobi Optimizer version 10.0.1 build v10.0.1rc0 (linux64)

CPU model: Intel(R) Xeon(R) Gold 5115 CPU @ 2.40GHz, instruction set [SSE2|AVX|AVX2|AVX512]
Thread count: 20 physical cores, 40 logical processors, using up to 20 threads

Optimize a model with 94129 rows, 1195488 columns and 5251441 nonzeros
Model fingerprint: 0xb29b2f53
Variable types: 433085 continuous, 762403 integer (762403 binary)
Coefficient statistics:
  Matrix range     [1e+00, 2e+05]
  Objective range  [4e+01, 3e+07]
  Bounds range     [1e+00, 1e+00]
  RHS range        [1e+00, 2e+06]
Presolve removed 56391 rows and 33417 columns (presolve time = 5s) ...
Presolve removed 56405 rows and 33417 columns (presolve time = 10s) ...
Presolve removed 56405 rows and 33429 columns (presolve time = 15s) ...
Presolve removed 56412 rows and 33621 columns (presolve time = 20s) ...
Presolve removed 56374 rows and 33583 columns
Presolve time: 22.97s
Presolved: 37755 rows, 1161905 columns, 4743596 nonzeros
Variable types: 419446 continuous, 742459 integer (742459 binary)
Deterministic concurrent LP optimizer: primal simplex, dual simplex, and barrier
Showing barrier log only...

Root barrier log...

Ordering time: 1.26s

Barrier statistics:
 AA' NZ     : 2.092e+06
 Factor NZ  : 5.822e+06 (roughly 400 MB of memory)
 Factor Ops : 6.411e+09 (less than 1 second per iteration)
 Threads    : 17

                  Objective                Residual
Iter       Primal          Dual         Primal    Dual     Compl     Time
   0  -1.12791396e+16  2.68593297e+13  4.99e+08 4.74e+06  2.80e+11    37s
   1  -3.08705928e+15  2.28509011e+13  1.37e+08 3.51e+06  7.76e+10    37s
   2  -5.22434441e+14  1.46112716e+13  2.32e+07 2.13e+05  1.33e+10    37s
   3  -7.43946549e+13  9.76172118e+12  3.30e+06 1.52e+03  1.90e+09    38s
   4  -7.59979544e+12  7.07091126e+12  3.37e+05 2.89e+02  1.98e+08    38s
   5  -1.49359239e+12  5.47124973e+12  6.62e+04 1.10e+02  4.09e+07    39s
   6  -4.39675068e+11  4.33184999e+12  1.95e+04 4.88e+01  1.31e+07    39s
   7  -2.45592837e+11  3.06902582e+12  1.10e+04 2.01e+01  7.26e+06    39s
   8  -2.10920088e+11  2.65474627e+12  9.42e+03 1.28e+01  6.12e+06    40s
   9  -1.19110249e+11  1.88683663e+12  5.36e+03 4.28e+00  3.52e+06    41s
  10  -5.42765369e+10  1.32606018e+12  2.49e+03 1.78e+00  1.81e+06    41s
  11  -3.45441478e+10  9.28977616e+11  1.61e+03 8.15e-02  1.17e+06    41s
  12  -1.67559388e+10  6.82616389e+11  8.21e+02 1.30e-08  6.93e+05    42s
  13  -7.30530466e+09  4.21085436e+11  4.00e+02 1.63e-08  3.71e+05    42s
  14  -3.77952127e+09  2.46747214e+11  2.42e+02 2.20e-08  2.12e+05    43s
  15  -6.74982513e+08  1.06977199e+11  1.02e+02 3.61e-07  8.66e+04    43s
  16   3.98051420e+08  8.52040478e+10  5.43e+01 3.28e-07  6.03e+04    44s
  17   8.88637633e+08  6.95778484e+10  3.23e+01 2.63e-07  4.55e+04    44s
  18   1.07786486e+09  6.47542769e+10  2.38e+01 2.72e-07  4.05e+04    45s
  19   1.24573784e+09  5.28958969e+10  1.64e+01 2.08e-07  3.21e+04    45s
  20   1.35491198e+09  4.68696075e+10  1.16e+01 1.50e-07  2.76e+04    45s
  21   1.42526487e+09  3.42812109e+10  8.75e+00 1.24e-07  2.03e+04    46s
  22   1.43499253e+09  2.86997490e+10  8.35e+00 1.48e-07  1.72e+04    46s
  23   1.49795565e+09  2.07801605e+10  5.79e+00 2.17e-07  1.24e+04    47s
  24   1.54763737e+09  1.33399050e+10  3.88e+00 2.39e-07  7.80e+03    47s
  25   1.56004837e+09  1.12435478e+10  3.44e+00 2.18e-07  6.51e+03    48s
  26   1.60490947e+09  9.89295521e+09  1.84e+00 2.71e-07  5.14e+03    48s
  27   1.61683774e+09  9.55095630e+09  1.67e+00 1.59e-07  4.88e+03    49s
  28   1.63138335e+09  8.49548124e+09  1.40e+00 1.50e-07  4.19e+03    49s
  29   1.66530023e+09  7.73429976e+09  7.40e-01 2.33e-07  3.51e+03    50s
  30   1.69943989e+09  6.24916537e+09  3.37e-01 2.88e-07  2.54e+03    51s
  31   1.71667466e+09  4.04389505e+09  1.89e-01 2.21e-07  1.28e+03    51s
  32   1.75539742e+09  3.14698604e+09  8.83e-02 1.88e-07  7.59e+02    52s
  33   1.77724070e+09  2.80349398e+09  6.90e-02 2.30e-07  5.59e+02    52s
  34   1.79253283e+09  2.57753243e+09  5.54e-02 3.11e-07  4.28e+02    53s
  35   1.80591185e+09  2.41720833e+09  4.54e-02 2.31e-07  3.33e+02    53s
  36   1.82764815e+09  2.36901099e+09  3.60e-02 4.99e-07  2.94e+02    53s
  37   1.85665786e+09  2.25290286e+09  2.41e-02 5.27e-07  2.15e+02    54s
  38   1.87366605e+09  2.17028472e+09  1.78e-02 4.81e-07  1.61e+02    54s
  39   1.88789502e+09  2.09148574e+09  1.35e-02 4.12e-07  1.11e+02    55s
  40   1.89943450e+09  2.06093680e+09  1.05e-02 4.87e-07  8.77e+01    55s
  41   1.90434206e+09  2.04633682e+09  9.25e-03 4.76e-07  7.71e+01    56s
  42   1.91005316e+09  2.02462451e+09  7.64e-03 5.03e-07  6.22e+01    56s
  43   1.92099105e+09  2.01785487e+09  5.12e-03 7.72e-07  5.25e+01    57s
  44   1.92700732e+09  1.99927071e+09  3.83e-03 6.23e-07  3.91e+01    57s
  45   1.93093077e+09  1.98675229e+09  3.07e-03 6.69e-07  3.02e+01    58s
  46   1.93352780e+09  1.98409505e+09  2.61e-03 7.83e-07  2.74e+01    58s
  47   1.93520905e+09  1.97549254e+09  2.28e-03 6.07e-07  2.18e+01    59s
  48   1.93622312e+09  1.97252447e+09  2.11e-03 7.75e-07  1.97e+01    59s
  49   1.93805848e+09  1.96929250e+09  1.83e-03 8.82e-07  1.69e+01    60s
  50   1.94032083e+09  1.96790118e+09  1.51e-03 6.97e-07  1.49e+01    60s
  51   1.94211633e+09  1.96583125e+09  1.27e-03 7.72e-07  1.28e+01    61s
  52   1.94290384e+09  1.96398614e+09  1.18e-03 6.57e-07  1.14e+01    61s
  53   1.94352378e+09  1.96216462e+09  1.10e-03 8.84e-07  1.01e+01    62s
  54   1.94438239e+09  1.96040780e+09  9.87e-04 7.90e-07  8.70e+00    62s
  55   1.94713985e+09  1.95902818e+09  6.48e-04 6.41e-07  6.44e+00    63s
  56   1.94889448e+09  1.95745555e+09  4.39e-04 3.20e-07  4.64e+00    63s
  57   1.95104482e+09  1.95624404e+09  1.94e-04 2.74e-07  2.81e+00    64s
  58   1.95194287e+09  1.95521273e+09  9.92e-05 8.68e-07  1.76e+00    64s
  59   1.95245443e+09  1.95414308e+09  4.78e-05 7.17e-07  9.11e-01    65s
  60   1.95269930e+09  1.95366724e+09  2.48e-05 8.22e-07  5.22e-01    65s
  61   1.95276519e+09  1.95355170e+09  1.84e-05 8.52e-07  4.24e-01    66s
  62   1.95282924e+09  1.95342341e+09  1.27e-05 7.15e-07  3.20e-01    66s
  63   1.95292039e+09  1.95326412e+09  4.15e-06 9.06e-07  1.85e-01    66s
  64   1.95295786e+09  1.95304873e+09  1.16e-06 4.45e-07  4.89e-02    67s
  65   1.95296991e+09  1.95300208e+09  2.86e-07 3.88e-07  1.73e-02    67s
  66   1.95297224e+09  1.95298033e+09  1.32e-07 7.47e-07  4.37e-03    67s
  67   1.95297406e+09  1.95297565e+09  3.40e-08 1.01e-06  8.61e-04    68s
  68   1.95297445e+09  1.95297481e+09  5.54e-08 7.39e-07  1.94e-04    68s
  69   1.95297453e+09  1.95297463e+09  2.37e-08 8.71e-07  5.73e-05    68s
  70   1.95297457e+09  1.95297459e+09  7.30e-09 7.52e-07  1.24e-05    69s
  71   1.95297457e+09  1.95297457e+09  2.82e-09 1.19e-06  2.54e-06    69s
  72   1.95297457e+09  1.95297457e+09  3.17e-09 9.17e-07  1.07e-07    70s
  73   1.95297457e+09  1.95297457e+09  1.85e-10 7.15e-07  4.94e-11    70s

Barrier solved model in 73 iterations and 70.01 seconds (50.57 work units)
Optimal objective 1.95297457e+09


Root crossover log...

   26123 DPushes remaining with DInf 0.0000000e+00                70s
       0 DPushes remaining with DInf 0.0000000e+00                71s

     376 PPushes remaining with PInf 0.0000000e+00                71s
       0 PPushes remaining with PInf 0.0000000e+00                71s

  Push phase complete: Pinf 0.0000000e+00, Dinf 2.5857231e-07     71s


Root simplex log...

Iteration    Objective       Primal Inf.    Dual Inf.      Time
   26502    1.9529746e+09   0.000000e+00   0.000000e+00     71s
Concurrent spin time: 0.04s

Solved with barrier
   26502    1.9529746e+09   0.000000e+00   0.000000e+00     72s

Use crossover to convert LP symmetric solution to basic solution...

Root crossover log...

    6403 DPushes remaining with DInf 0.0000000e+00                72s
       0 DPushes remaining with DInf 0.0000000e+00                73s

      77 PPushes remaining with PInf 0.0000000e+00                73s
       0 PPushes remaining with PInf 0.0000000e+00                73s

  Push phase complete: Pinf 0.0000000e+00, Dinf 1.4996186e+00     74s


Root simplex log...

Iteration    Objective       Primal Inf.    Dual Inf.      Time
   32067    1.9529746e+09   0.000000e+00   1.499618e+00     74s
   32070    1.9529746e+09   0.000000e+00   0.000000e+00     74s
   32138    1.9529746e+09   0.000000e+00   0.000000e+00     75s
Extra simplex iterations after uncrush: 68

Root relaxation: objective 1.952975e+09, 32138 iterations, 47.46 seconds (29.24 work units)
Total elapsed time = 76.08s

    Nodes    |    Current Node    |     Objective Bounds      |     Work
 Expl Unexpl |  Obj  Depth IntInf | Incumbent    BestBd   Gap | It/Node Time

     0     0 1.9530e+09    0  372          - 1.9530e+09      -     -   79s
H    0     0                    1.807383e+09 1.9530e+09  8.06%     -   95s
H    0     0                    1.877133e+09 1.9530e+09  4.04%     -  132s
     0     0 1.9529e+09    0  332 1.8771e+09 1.9529e+09  4.04%     -  186s
H    0     0                    1.924943e+09 1.9529e+09  1.45%     -  251s
H    0     0                    1.930639e+09 1.9529e+09  1.15%     -  309s
     0     0 1.9529e+09    0  333 1.9306e+09 1.9529e+09  1.15%     -  311s
     0     0 1.9528e+09    0  331 1.9306e+09 1.9528e+09  1.15%     -  362s
     0     0 1.9528e+09    0  333 1.9306e+09 1.9528e+09  1.15%     -  380s
     0     0 1.9528e+09    0  316 1.9306e+09 1.9528e+09  1.15%     -  407s
     0     0 1.9528e+09    0  324 1.9306e+09 1.9528e+09  1.15%     -  420s
     0     0 1.9528e+09    0  318 1.9306e+09 1.9528e+09  1.15%     -  426s
     0     0 1.9528e+09    0  316 1.9306e+09 1.9528e+09  1.15%     -  431s
     0     0 1.9528e+09    0  367 1.9306e+09 1.9528e+09  1.15%     -  454s
     0     0 1.9528e+09    0  369 1.9306e+09 1.9528e+09  1.15%     -  463s
     0     0 1.9528e+09    0  363 1.9306e+09 1.9528e+09  1.15%     -  487s
     0     0 1.9528e+09    0  365 1.9306e+09 1.9528e+09  1.15%     -  498s
     0     0 1.9528e+09    0  361 1.9306e+09 1.9528e+09  1.15%     -  504s
     0     0 1.9528e+09    0  362 1.9306e+09 1.9528e+09  1.15%     -  508s
     0     0 1.9528e+09    0  364 1.9306e+09 1.9528e+09  1.15%     -  524s
     0     0 1.9528e+09    0  365 1.9306e+09 1.9528e+09  1.15%     -  531s
     0     0 1.9528e+09    0  329 1.9306e+09 1.9528e+09  1.15%     -  558s
     0     0 1.9528e+09    0  344 1.9306e+09 1.9528e+09  1.15%     -  590s
     0     0 1.9528e+09    0  356 1.9306e+09 1.9528e+09  1.15%     -  622s
     0     0 1.9528e+09    0  367 1.9306e+09 1.9528e+09  1.15%     -  630s
     0     0 1.9528e+09    0  377 1.9306e+09 1.9528e+09  1.15%     -  661s
     0     0 1.9528e+09    0  379 1.9306e+09 1.9528e+09  1.15%     -  669s
     0     0 1.9528e+09    0  371 1.9306e+09 1.9528e+09  1.15%     -  709s
     0     0 1.9528e+09    0  376 1.9306e+09 1.9528e+09  1.15%     -  711s
     0     0 1.9528e+09    0  377 1.9306e+09 1.9528e+09  1.15%     -  725s
H    0     0                    1.930641e+09 1.9528e+09  1.15%     -  790s
     0     0 1.9528e+09    0  371 1.9306e+09 1.9528e+09  1.15%     -  793s
     0     0 1.9528e+09    0  373 1.9306e+09 1.9528e+09  1.15%     -  795s
     0     0 1.9528e+09    0  381 1.9306e+09 1.9528e+09  1.15%     -  800s
     0     0 1.9528e+09    0  379 1.9306e+09 1.9528e+09  1.15%     -  811s
     0     0 1.9527e+09    0  387 1.9306e+09 1.9527e+09  1.14%     -  857s
     0     0 1.9527e+09    0  397 1.9306e+09 1.9527e+09  1.14%     -  876s
     0     0 1.9527e+09    0  399 1.9306e+09 1.9527e+09  1.14%     -  877s
     0     0 1.9527e+09    0  388 1.9306e+09 1.9527e+09  1.14%     -  901s
H    0     0                    1.931288e+09 1.9527e+09  1.11%     -  925s
     0     0 1.9527e+09    0  401 1.9313e+09 1.9527e+09  1.11%     -  926s
     0     0 1.9526e+09    0  393 1.9313e+09 1.9526e+09  1.11%     -  940s
     0     0 1.9526e+09    0  391 1.9313e+09 1.9526e+09  1.11%     -  946s
     0     0 1.9526e+09    0  414 1.9313e+09 1.9526e+09  1.11%     -  981s
     0     0 1.9526e+09    0  413 1.9313e+09 1.9526e+09  1.11%     -  988s
     0     0 1.9526e+09    0  407 1.9313e+09 1.9526e+09  1.11%     -  999s
H    0     0                    1.931292e+09 1.9526e+09  1.11%     - 1045s
     0     0 1.9526e+09    0  409 1.9313e+09 1.9526e+09  1.11%     - 1046s
     0     0 1.9526e+09    0  408 1.9313e+09 1.9526e+09  1.11%     - 1060s
     0     0 1.9526e+09    0  408 1.9313e+09 1.9526e+09  1.11%     - 1117s
H    0     0                    1.931361e+09 1.9526e+09  1.10%     - 1381s
     0     2 1.9526e+09    0  408 1.9314e+09 1.9526e+09  1.10%     - 1445s
     1     4 1.9526e+09    1  400 1.9314e+09 1.9526e+09  1.10%  5569 1593s
     3     8 1.9526e+09    2  408 1.9314e+09 1.9526e+09  1.10%  5352 1706s
     7    16 1.9526e+09    3  392 1.9314e+09 1.9526e+09  1.10%  4525 1787s
    15    32 1.9526e+09    4  398 1.9314e+09 1.9526e+09  1.10%  3294 1978s
H   31    52                    1.931467e+09 1.9526e+09  1.10%  2922 9842s
H   33    52                    1.931490e+09 1.9526e+09  1.09% 39603 9844s
H   33    52                    1.931893e+09 1.9526e+09  1.07% 39603 9846s
H   36    52                    1.934015e+09 1.9526e+09  0.96% 84595 9848s
H   49    52                    1.934951e+09 1.9526e+09  0.91% 173459 9850s

Cutting planes:
  Cover: 14
  Implied bound: 36
  MIR: 170
  Flow cover: 17
  GUB cover: 5
  Network: 1
  RLT: 121
  Relax-and-lift: 26

Explored 51 nodes (8584826 simplex iterations) in 9851.64 seconds (12488.24 work units)
Thread count was 20 (of 40 available processors)

Solution count 10: 1.93495e+09 1.93401e+09 1.93189e+09 ... 1.93064e+09

Optimal solution found (tolerance 1.00e-02)
Best objective 1.934950557122e+09, best bound 1.952635643206e+09, gap 0.9140%
Gurobi Optimizer version 10.0.1 build v10.0.1rc0 (linux64)

CPU model: Intel(R) Xeon(R) Gold 5115 CPU @ 2.40GHz, instruction set [SSE2|AVX|AVX2|AVX512]
Thread count: 20 physical cores, 40 logical processors, using up to 20 threads

Optimize a model with 146202 rows, 2021398 columns and 11866794 nonzeros
Model fingerprint: 0xa02a8fe7
Variable types: 571098 continuous, 1450300 integer (1450300 binary)
Coefficient statistics:
  Matrix range     [1e+00, 2e+05]
  Objective range  [4e+01, 3e+07]
  Bounds range     [1e+00, 3e+05]
  RHS range        [1e+00, 4e+06]
Presolve removed 119221 rows and 1423260 columns (presolve time = 5s) ...
Presolve removed 121944 rows and 1446517 columns (presolve time = 10s) ...
Presolve removed 121954 rows and 1446539 columns (presolve time = 16s) ...
Presolve removed 121954 rows and 1446539 columns (presolve time = 31s) ...
Presolve removed 121901 rows and 1446486 columns
Presolve time: 32.17s
Presolved: 24301 rows, 574912 columns, 2529918 nonzeros
Variable types: 257981 continuous, 316931 integer (316923 binary)
Deterministic concurrent LP optimizer: primal simplex, dual simplex, and barrier
Showing barrier log only...

Root barrier log...

Ordering time: 0.74s

Barrier statistics:
 AA' NZ     : 1.364e+06
 Factor NZ  : 3.598e+06 (roughly 300 MB of memory)
 Factor Ops : 2.932e+09 (less than 1 second per iteration)
 Threads    : 17

                  Objective                Residual
Iter       Primal          Dual         Primal    Dual     Compl     Time
   0  -8.71518768e+15  2.06448924e+13  6.37e+08 7.63e+05  1.30e+11    39s
   1  -3.41055722e+15  1.59606785e+13  2.50e+08 1.16e+06  5.20e+10    40s
   2  -6.40855511e+14  1.04805921e+13  4.72e+07 2.71e+05  1.00e+10    40s
   3  -3.19220106e+13  6.24163928e+12  2.35e+06 4.64e+03  5.10e+08    40s
   4  -9.00251461e+12  3.31861570e+12  6.62e+05 8.72e+02  1.45e+08    41s
   5  -2.41309522e+12  2.08907264e+12  1.77e+05 3.78e+02  4.03e+07    41s
   6  -5.77552194e+11  1.47526009e+12  4.26e+04 1.70e+02  1.04e+07    41s
   7  -2.45780588e+11  1.10989035e+12  1.82e+04 9.17e+01  4.72e+06    41s
   8  -1.63009017e+11  9.44337681e+11  1.22e+04 6.87e+01  3.25e+06    41s
   9  -5.01576973e+10  6.15022789e+11  3.87e+03 3.58e+01  1.24e+06    42s
  10  -9.95151896e+09  3.43084513e+11  9.24e+02 1.63e+01  4.43e+05    42s
  11  -8.46562969e+08  7.95584564e+10  2.57e+02 2.27e+00  9.79e+04    42s
  12   8.06812153e+07  6.38605785e+10  1.89e+02 1.76e+00  7.51e+04    42s
  13   1.44984208e+09  2.86701967e+10  8.90e+01 6.64e-01  3.19e+04    42s
  14   1.96914757e+09  2.46812139e+10  5.20e+01 5.54e-01  2.44e+04    43s
  15   2.36816371e+09  1.73103540e+10  2.40e+01 3.65e-01  1.51e+04    43s
  16   2.48582581e+09  1.32782610e+10  1.58e+01 2.62e-01  1.08e+04    43s
  17   2.57107999e+09  1.01451291e+10  9.92e+00 1.84e-01  7.52e+03    43s
  18   2.61753425e+09  8.59702577e+09  6.78e+00 1.47e-01  5.87e+03    44s
  19   2.62963858e+09  7.43398807e+09  6.00e+00 1.22e-01  4.79e+03    44s
  20   2.65907528e+09  7.15434725e+09  4.31e+00 1.16e-01  4.36e+03    44s
  21   2.69916789e+09  5.76670256e+09  2.50e+00 7.98e-02  2.98e+03    45s
  22   2.72490579e+09  5.24584204e+09  1.67e+00 6.67e-02  2.41e+03    45s
  23   2.73546613e+09  5.07650061e+09  1.54e+00 6.19e-02  2.23e+03    45s
  24   2.75043623e+09  4.79440897e+09  1.30e+00 5.40e-02  1.93e+03    45s
  25   2.74817354e+09  4.57414011e+09  1.21e+00 4.80e-02  1.73e+03    46s
  26   2.76292340e+09  4.28236401e+09  9.85e-01 4.01e-02  1.43e+03    46s
  27   2.78263318e+09  4.04627754e+09  7.15e-01 3.32e-02  1.17e+03    46s
  28   2.79731733e+09  3.74143929e+09  5.11e-01 2.44e-02  8.61e+02    47s
  29   2.80824977e+09  3.55019164e+09  3.74e-01 1.97e-02  6.69e+02    47s
  30   2.81585962e+09  3.39028795e+09  3.11e-01 1.52e-02  5.15e+02    47s
  31   2.82452179e+09  3.25767037e+09  2.40e-01 1.13e-02  3.86e+02    48s
  32   2.83114710e+09  3.17401854e+09  2.04e-01 9.05e-03  3.04e+02    48s
  33   2.83982900e+09  3.12017487e+09  1.53e-01 7.58e-03  2.47e+02    48s
  34   2.84350366e+09  3.06046130e+09  1.36e-01 5.83e-03  1.91e+02    49s
  35   2.85165283e+09  3.02386554e+09  1.03e-01 4.62e-03  1.51e+02    49s
  36   2.85741905e+09  2.99892219e+09  8.02e-02 3.73e-03  1.23e+02    49s
  37   2.86452932e+09  2.97613522e+09  5.71e-02 3.01e-03  9.71e+01    50s
  38   2.86899163e+09  2.96126824e+09  4.45e-02 2.51e-03  8.01e+01    50s
  39   2.87280591e+09  2.95015241e+09  3.54e-02 2.13e-03  6.71e+01    50s
  40   2.87484612e+09  2.94366213e+09  3.09e-02 1.93e-03  5.96e+01    51s
  41   2.87723530e+09  2.93095870e+09  2.64e-02 1.44e-03  4.65e+01    51s
  42   2.87906580e+09  2.92934593e+09  2.35e-02 1.38e-03  4.35e+01    51s
  43   2.88287543e+09  2.92400953e+09  1.78e-02 1.19e-03  3.56e+01    51s
  44   2.88456996e+09  2.91717490e+09  1.52e-02 9.14e-04  2.82e+01    52s
  45   2.88570436e+09  2.91333346e+09  1.38e-02 7.40e-04  2.39e+01    52s
  46   2.88678603e+09  2.91208346e+09  1.24e-02 6.88e-04  2.19e+01    52s
  47   2.88726002e+09  2.91148282e+09  1.18e-02 6.63e-04  2.10e+01    53s
  48   2.88898953e+09  2.90974062e+09  9.84e-03 5.90e-04  1.79e+01    53s
  49   2.89001956e+09  2.90854973e+09  8.71e-03 5.38e-04  1.60e+01    53s
  50   2.89019161e+09  2.90815681e+09  8.49e-03 5.29e-04  1.55e+01    54s
  51   2.89121913e+09  2.90636744e+09  7.20e-03 4.52e-04  1.31e+01    54s
  52   2.89231745e+09  2.90535897e+09  5.91e-03 4.12e-04  1.13e+01    54s
  53   2.89367947e+09  2.90443268e+09  4.36e-03 3.67e-04  9.29e+00    55s
  54   2.89417704e+09  2.90391231e+09  3.85e-03 3.43e-04  8.41e+00    55s
  55   2.89473360e+09  2.90293687e+09  3.32e-03 2.92e-04  7.09e+00    55s
  56   2.89565628e+09  2.90206476e+09  2.48e-03 2.39e-04  5.53e+00    56s
  57   2.89662195e+09  2.90181594e+09  1.66e-03 2.24e-04  4.48e+00    56s
  58   2.89683045e+09  2.90097217e+09  1.51e-03 1.62e-04  3.58e+00    56s
  59   2.89721693e+09  2.90047700e+09  1.22e-03 1.29e-04  2.81e+00    57s
  60   2.89749497e+09  2.90007867e+09  1.01e-03 1.01e-04  2.23e+00    57s
  61   2.89816443e+09  2.89970174e+09  5.14e-04 6.85e-05  1.33e+00    57s
  62   2.89842922e+09  2.89933895e+09  3.16e-04 3.58e-05  7.85e-01    58s
  63   2.89853130e+09  2.89920353e+09  2.50e-04 2.48e-05  5.80e-01    58s
  64   2.89865152e+09  2.89912766e+09  1.69e-04 1.81e-05  4.11e-01    58s
  65   2.89869330e+09  2.89903608e+09  1.41e-04 1.02e-05  2.96e-01    58s
  66   2.89873962e+09  2.89900894e+09  1.11e-04 7.76e-06  2.33e-01    59s
  67   2.89881108e+09  2.89899520e+09  6.55e-05 6.60e-06  1.59e-01    59s
  68   2.89887539e+09  2.89894596e+09  2.43e-05 2.43e-06  6.09e-02    59s
  69   2.89890574e+09  2.89892764e+09  5.50e-06 9.52e-07  1.89e-02    59s
  70   2.89890880e+09  2.89891911e+09  3.76e-06 2.71e-07  8.90e-03    60s
  71   2.89891223e+09  2.89891767e+09  1.79e-06 1.60e-07  4.69e-03    60s
  72   2.89891428e+09  2.89891606e+09  1.23e-06 3.95e-08  1.54e-03    60s
  73   2.89891533e+09  2.89891558e+09  5.97e-06 8.85e-09  2.19e-04    60s
  74   2.89891544e+09  2.89891553e+09  1.08e-06 1.07e-08  7.06e-05    60s
  75   2.89891546e+09  2.89891550e+09  5.29e-07 1.02e-08  3.70e-05    60s
  76   2.89891547e+09  2.89891547e+09  4.73e-07 1.40e-08  2.86e-06    61s
  77   2.89891547e+09  2.89891547e+09  2.98e-08 1.63e-08  3.23e-08    61s
  78   2.89891547e+09  2.89891547e+09  2.31e-09 1.49e-08  1.21e-10    61s

Barrier solved model in 78 iterations and 61.31 seconds (55.15 work units)
Optimal objective 2.89891547e+09


Root crossover log...

   20170 DPushes remaining with DInf 0.0000000e+00                61s
       0 DPushes remaining with DInf 0.0000000e+00                62s

     760 PPushes remaining with PInf 1.6403217e+01                62s
       3 PPushes remaining with PInf 0.0000000e+00                62s

  Push phase complete: Pinf 0.0000000e+00, Dinf 9.5740373e+09     62s


Root simplex log...

Iteration    Objective       Primal Inf.    Dual Inf.      Time
   20867    2.8989163e+09   0.000000e+00   9.574041e+09     62s
   22104    2.8989155e+09   2.977751e+01   0.000000e+00     65s
   22303    2.8989155e+09   0.000000e+00   0.000000e+00     68s
Concurrent spin time: 0.02s

Solved with barrier
   22303    2.8989155e+09   0.000000e+00   0.000000e+00     68s

Root relaxation: objective 2.898915e+09, 22303 iterations, 32.50 seconds (22.56 work units)
Total elapsed time = 70.27s

    Nodes    |    Current Node    |     Objective Bounds      |     Work
 Expl Unexpl |  Obj  Depth IntInf | Incumbent    BestBd   Gap | It/Node Time

     0     0 2.8989e+09    0  199          - 2.8989e+09      -     -   73s
H    0     0                    2.876758e+09 2.8989e+09  0.77%     -  102s

Explored 1 nodes (32326 simplex iterations) in 102.41 seconds (86.35 work units)
Thread count was 20 (of 40 available processors)

Solution count 2: 2.87676e+09 2.87676e+09 

Optimal solution found (tolerance 1.00e-02)
Best objective 2.876758337481e+09, best bound 2.898915469501e+09, gap 0.7702%
Gurobi Optimizer version 10.0.1 build v10.0.1rc0 (linux64)

CPU model: Intel(R) Xeon(R) Gold 5115 CPU @ 2.40GHz, instruction set [SSE2|AVX|AVX2|AVX512]
Thread count: 20 physical cores, 40 logical processors, using up to 20 threads

Optimize a model with 198029 rows, 2727342 columns and 17662292 nonzeros
Model fingerprint: 0x844c92d7
Variable types: 513312 continuous, 2214030 integer (2214030 binary)
Coefficient statistics:
  Matrix range     [1e+00, 2e+05]
  Objective range  [4e+01, 3e+07]
  Bounds range     [1e+00, 3e+05]
  RHS range        [1e+00, 5e+06]
Presolve removed 172587 rows and 2075577 columns (presolve time = 6s) ...
Presolve removed 174844 rows and 2100285 columns (presolve time = 10s) ...
Presolve removed 175223 rows and 2125253 columns (presolve time = 15s) ...
Presolve removed 175621 rows and 2139508 columns (presolve time = 20s) ...
Presolve removed 175621 rows and 2139508 columns (presolve time = 25s) ...
Presolve removed 175621 rows and 2139508 columns (presolve time = 34s) ...
Presolve removed 175590 rows and 2139477 columns
Presolve time: 34.51s
Presolved: 22439 rows, 587865 columns, 2492735 nonzeros
Variable types: 269916 continuous, 317949 integer (317949 binary)
Deterministic concurrent LP optimizer: primal simplex, dual simplex, and barrier
Showing barrier log only...

Root barrier log...

Ordering time: 0.70s

Barrier statistics:
 AA' NZ     : 1.350e+06
 Factor NZ  : 3.632e+06 (roughly 300 MB of memory)
 Factor Ops : 2.968e+09 (less than 1 second per iteration)
 Threads    : 17

                  Objective                Residual
Iter       Primal          Dual         Primal    Dual     Compl     Time
   0  -3.07311637e+15  5.33836853e+13  2.41e+08 6.28e+06  2.16e+11    42s
   1  -1.55185828e+15  3.64410166e+13  1.22e+08 3.17e+06  1.11e+11    42s
   2  -1.37452006e+14  2.74415766e+13  1.09e+07 4.42e+05  9.99e+09    42s
   3  -2.47391848e+13  1.66122166e+13  1.96e+06 1.62e+04  1.82e+09    42s
   4  -1.03581403e+13  1.02622625e+13  8.21e+05 7.74e+02  7.79e+08    43s
   5  -2.69705094e+12  8.32908904e+12  2.14e+05 9.84e+02  2.08e+08    43s
   6  -1.18980096e+12  6.12016040e+12  9.43e+04 1.09e+03  9.35e+07    43s
   7  -8.85338210e+11  5.14059364e+12  7.02e+04 1.06e+03  6.97e+07    43s
   8  -3.30760147e+11  3.95996077e+12  2.64e+04 4.56e+02  2.75e+07    43s
   9  -2.85341076e+11  3.65100359e+12  2.28e+04 3.83e+02  2.37e+07    44s
  10  -1.33416722e+11  2.75741803e+12  1.08e+04 1.98e+02  1.17e+07    44s
  11  -1.05383882e+11  2.16463786e+12  8.61e+03 1.24e+02  8.89e+06    44s
  12  -7.87108021e+10  1.62410558e+12  6.50e+03 1.70e+02  6.39e+06    44s
  13  -2.12666958e+10  1.10333579e+12  1.96e+03 5.63e+01  2.33e+06    44s
  14  -4.80266888e+09  9.61163967e+11  6.64e+02 4.53e+01  1.26e+06    45s
  15   1.54782100e+08  3.85770959e+11  2.72e+02 9.69e+00  4.67e+05    45s
  16   1.65223907e+09  2.77867347e+11  1.53e+02 5.96e+00  3.08e+05    45s
  17   2.40944219e+09  2.15265579e+11  9.34e+01 4.49e+00  2.23e+05    45s
  18   2.90125305e+09  1.73263749e+11  5.46e+01 3.53e+00  1.69e+05    46s
  19   3.21134580e+09  1.23918923e+11  3.08e+01 2.52e+00  1.15e+05    46s
  20   3.39041970e+09  8.44750131e+10  1.70e+01 1.77e+00  7.61e+04    46s
  21   3.46464403e+09  6.33982842e+10  1.15e+01 1.30e+00  5.62e+04    46s
  22   3.49279083e+09  5.75131542e+10  9.45e+00 1.16e+00  5.06e+04    46s
  23   3.49581696e+09  5.29993362e+10  9.24e+00 1.06e+00  4.70e+04    47s
  24   3.52284450e+09  4.04550720e+10  7.26e+00 8.09e-01  3.57e+04    47s
  25   3.54475906e+09  2.76023989e+10  5.84e+00 5.50e-01  2.49e+04    47s
  26   3.57416737e+09  2.13816704e+10  3.80e+00 4.15e-01  1.83e+04    47s
  27   3.59387114e+09  1.70431749e+10  2.58e+00 3.13e-01  1.36e+04    48s
  28   3.62326034e+09  1.38014716e+10  1.53e+00 2.22e-01  9.77e+03    48s
  29   3.63866516e+09  1.00394012e+10  1.04e+00 1.30e-01  5.99e+03    48s
  30   3.65787234e+09  8.02115492e+09  6.37e-01 8.21e-02  3.95e+03    49s
  31   3.66127653e+09  6.72940645e+09  5.70e-01 5.46e-02  2.77e+03    49s
  32   3.67490736e+09  5.84957223e+09  3.11e-01 3.71e-02  1.91e+03    49s
  33   3.68258176e+09  5.14540008e+09  1.52e-01 2.33e-02  1.26e+03    49s
  34   3.69658609e+09  4.69792186e+09  7.39e-02 1.48e-02  8.53e+02    49s
  35   3.70278532e+09  4.26882467e+09  5.05e-02 7.96e-03  4.81e+02    50s
  36   3.70387669e+09  4.03424970e+09  4.79e-02 3.84e-03  2.80e+02    50s
  37   3.71662548e+09  3.96440939e+09  2.66e-02 2.80e-03  2.10e+02    50s
  38   3.72326385e+09  3.94835644e+09  2.03e-02 2.49e-03  1.90e+02    50s
  39   3.73325515e+09  3.87986926e+09  1.47e-02 1.59e-03  1.24e+02    50s
  40   3.74399201e+09  3.85101320e+09  9.64e-03 1.09e-03  9.03e+01    51s
  41   3.74769888e+09  3.83442647e+09  7.95e-03 9.12e-04  7.32e+01    51s
  42   3.75463153e+09  3.81536780e+09  5.69e-03 6.12e-04  5.12e+01    51s
  43   3.75731960e+09  3.80423234e+09  4.90e-03 4.31e-04  3.96e+01    52s
  44   3.75888088e+09  3.80119512e+09  4.57e-03 3.86e-04  3.57e+01    52s
  45   3.76363636e+09  3.79811036e+09  3.43e-03 3.42e-04  2.91e+01    52s
  46   3.76714042e+09  3.79387830e+09  2.72e-03 2.51e-04  2.26e+01    53s
  47   3.76762270e+09  3.79288414e+09  2.62e-03 2.33e-04  2.13e+01    53s
  48   3.77010283e+09  3.79081270e+09  2.09e-03 1.95e-04  1.75e+01    53s
  49   3.77118766e+09  3.79003259e+09  1.89e-03 1.82e-04  1.59e+01    54s
  50   3.77254189e+09  3.78896498e+09  1.63e-03 1.61e-04  1.39e+01    54s
  51   3.77435641e+09  3.78815101e+09  1.30e-03 1.45e-04  1.16e+01    54s
  52   3.77450268e+09  3.78794976e+09  1.28e-03 1.41e-04  1.13e+01    55s
  53   3.77492914e+09  3.78723420e+09  1.20e-03 1.24e-04  1.04e+01    55s
  54   3.77525408e+09  3.78689978e+09  1.14e-03 1.16e-04  9.82e+00    55s
  55   3.77577795e+09  3.78633072e+09  1.06e-03 1.05e-04  8.90e+00    56s
  56   3.77603778e+09  3.78614806e+09  1.01e-03 1.00e-04  8.53e+00    56s
  57   3.77662680e+09  3.78542650e+09  9.11e-04 8.45e-05  7.42e+00    56s
  58   3.77716260e+09  3.78510999e+09  8.31e-04 7.76e-05  6.70e+00    57s
  59   3.77853295e+09  3.78451885e+09  6.15e-04 6.41e-05  5.05e+00    57s
  60   3.77952587e+09  3.78413198e+09  4.60e-04 5.33e-05  3.88e+00    57s
  61   3.78003351e+09  3.78380149e+09  3.79e-04 4.07e-05  3.18e+00    58s
  62   3.78068437e+09  3.78336667e+09  2.78e-04 2.73e-05  2.26e+00    58s
  63   3.78129263e+09  3.78310782e+09  1.84e-04 1.88e-05  1.53e+00    58s
  64   3.78165633e+09  3.78297513e+09  1.28e-04 1.43e-05  1.11e+00    59s
  65   3.78187812e+09  3.78284305e+09  9.61e-05 1.03e-05  8.14e-01    59s
  66   3.78196825e+09  3.78274601e+09  8.33e-05 7.32e-06  6.56e-01    59s
  67   3.78225881e+09  3.78266558e+09  3.87e-05 4.61e-06  3.43e-01    59s
  68   3.78238563e+09  3.78260215e+09  1.98e-05 2.51e-06  1.83e-01    60s
  69   3.78248177e+09  3.78256069e+09  5.96e-06 1.08e-06  6.66e-02    60s
  70   3.78250516e+09  3.78253258e+09  2.61e-06 2.41e-07  2.31e-02    60s
  71   3.78251559e+09  3.78252781e+09  1.11e-06 9.69e-08  1.03e-02    60s
  72   3.78252126e+09  3.78252463e+09  3.24e-07 1.92e-08  2.85e-03    60s
  73   3.78252360e+09  3.78252379e+09  7.12e-08 1.06e-08  1.62e-04    61s
  74   3.78252367e+09  3.78252370e+09  1.56e-08 8.38e-09  2.95e-05    61s
  75   3.78252370e+09  3.78252370e+09  8.11e-10 8.73e-09  1.14e-07    61s
  76   3.78252370e+09  3.78252370e+09  3.67e-10 9.60e-09  3.99e-11    61s

Barrier solved model in 76 iterations and 61.28 seconds (60.08 work units)
Optimal objective 3.78252370e+09


Root crossover log...

   18522 DPushes remaining with DInf 0.0000000e+00                61s
       0 DPushes remaining with DInf 0.0000000e+00                62s

     531 PPushes remaining with PInf 0.0000000e+00                62s
       8 PPushes remaining with PInf 0.0000000e+00                62s

  Push phase complete: Pinf 0.0000000e+00, Dinf 7.6798603e+04     62s


Root simplex log...

Iteration    Objective       Primal Inf.    Dual Inf.      Time
   18741    3.7825237e+09   7.465922e+01   0.000000e+00     62s
   18981    3.7825237e+09   0.000000e+00   0.000000e+00     63s
Concurrent spin time: 0.00s

Solved with barrier
   18981    3.7825237e+09   0.000000e+00   0.000000e+00     63s

Root relaxation: objective 3.782524e+09, 18981 iterations, 24.78 seconds (17.21 work units)

    Nodes    |    Current Node    |     Objective Bounds      |     Work
 Expl Unexpl |  Obj  Depth IntInf | Incumbent    BestBd   Gap | It/Node Time

     0     0 3.7825e+09    0  232          - 3.7825e+09      -     -   65s
H    0     0                    3.763969e+09 3.7825e+09  0.49%     -   73s

Explored 1 nodes (22188 simplex iterations) in 73.64 seconds (71.63 work units)
Thread count was 20 (of 40 available processors)

Solution count 2: 3.76397e+09 3.76397e+09 

Optimal solution found (tolerance 1.00e-02)
Best objective 3.763968623888e+09, best bound 3.782523702132e+09, gap 0.4930%
Gurobi Optimizer version 10.0.1 build v10.0.1rc0 (linux64)

CPU model: Intel(R) Xeon(R) Gold 5115 CPU @ 2.40GHz, instruction set [SSE2|AVX|AVX2|AVX512]
Thread count: 20 physical cores, 40 logical processors, using up to 20 threads

Optimize a model with 277100 rows, 3596588 columns and 28525918 nonzeros
Model fingerprint: 0x6add4ab2
Variable types: 694170 continuous, 2902418 integer (2902418 binary)
Coefficient statistics:
  Matrix range     [1e+00, 2e+05]
  Objective range  [4e+01, 3e+07]
  Bounds range     [1e+00, 3e+05]
  RHS range        [1e+00, 6e+06]
Presolve removed 235563 rows and 2591103 columns (presolve time = 5s) ...
Presolve removed 241624 rows and 2703780 columns (presolve time = 10s) ...
Presolve removed 245112 rows and 2758615 columns (presolve time = 15s) ...
Presolve removed 245446 rows and 2759985 columns (presolve time = 20s) ...
Presolve removed 246195 rows and 2793629 columns (presolve time = 25s) ...
Presolve removed 247308 rows and 2821973 columns (presolve time = 30s) ...
Presolve removed 247727 rows and 2831163 columns (presolve time = 35s) ...
Presolve removed 247727 rows and 2831163 columns (presolve time = 40s) ...
Presolve removed 247727 rows and 2831163 columns (presolve time = 61s) ...
Presolve removed 247689 rows and 2831113 columns
Presolve time: 62.41s
Presolved: 29411 rows, 765475 columns, 3409316 nonzeros
Variable types: 473807 continuous, 291668 integer (291659 binary)
Deterministic concurrent LP optimizer: primal simplex, dual simplex, and barrier
Showing barrier log only...

Root barrier log...

Ordering time: 1.12s

Barrier statistics:
 AA' NZ     : 1.913e+06
 Factor NZ  : 5.829e+06 (roughly 400 MB of memory)
 Factor Ops : 6.484e+09 (less than 1 second per iteration)
 Threads    : 17

                  Objective                Residual
Iter       Primal          Dual         Primal    Dual     Compl     Time
   0  -1.43808726e+16  1.93619110e+13  1.16e+09 1.81e+06  2.48e+11    73s
   1  -3.16621748e+15  1.72402333e+13  2.56e+08 2.13e+06  5.57e+10    73s
   2  -4.28112398e+14  1.07954547e+13  3.46e+07 2.45e+05  7.73e+09    74s
   3  -2.07720999e+13  7.74475298e+12  1.69e+06 1.04e+03  3.85e+08    74s
   4  -1.54771925e+13  4.30209815e+12  1.26e+06 2.02e+02  2.89e+08    74s
   5  -3.21704462e+12  3.23047739e+12  2.61e+05 7.45e-09  6.21e+07    75s
   6  -1.34534528e+12  2.68158757e+12  1.09e+05 3.52e+01  2.67e+07    75s
   7  -4.65660033e+11  2.11019286e+12  3.80e+04 2.79e+01  9.95e+06    75s
   8  -1.87715112e+11  1.57636163e+12  1.56e+04 1.42e+01  4.41e+06    76s
   9  -6.48670365e+10  7.34768311e+11  5.66e+03 1.20e+00  1.56e+06    76s
  10  -5.54550241e+10  6.89627381e+11  4.89e+03 2.73e+00  1.37e+06    76s
  11  -2.70514984e+10  4.96952004e+11  2.59e+03 1.69e+00  7.74e+05    76s
  12  -6.57901724e+09  1.59643066e+11  9.37e+02 1.14e-01  2.34e+05    77s
  13  -1.55165709e+09  8.37649366e+10  5.30e+02 2.02e-02  1.19e+05    77s
  14   3.07862556e+09  6.28872845e+10  1.56e+02 3.70e-03  5.66e+04    77s
  15   3.84819150e+09  4.59336044e+10  9.41e+01 1.18e-08  3.76e+04    78s
  16   4.24443468e+09  3.84217947e+10  6.28e+01 1.36e-08  2.90e+04    78s
  17   4.63390814e+09  3.17264792e+10  3.23e+01 1.30e-08  2.10e+04    78s
  18   4.75636657e+09  2.88766050e+10  2.28e+01 2.11e-08  1.81e+04    79s
  19   4.80610197e+09  2.18673155e+10  1.90e+01 2.72e-08  1.33e+04    79s
  20   4.90475568e+09  1.58830536e+10  1.19e+01 7.08e-08  8.65e+03    79s
  21   4.95661251e+09  1.22133261e+10  8.28e+00 1.34e-07  6.08e+03    80s
  22   4.98403501e+09  1.14102987e+10  6.46e+00 1.47e-07  5.33e+03    80s
  23   5.00512318e+09  1.04629272e+10  5.07e+00 1.54e-07  4.52e+03    81s
  24   5.02378568e+09  1.01134087e+10  4.47e+00 1.77e-07  4.17e+03    81s
  25   5.03471079e+09  9.95452362e+09  4.21e+00 1.80e-07  4.02e+03    81s
  26   5.03879415e+09  9.58277301e+09  4.09e+00 1.76e-07  3.74e+03    82s
  27   5.04134960e+09  9.05968883e+09  3.93e+00 1.76e-07  3.35e+03    82s
  28   5.05560866e+09  8.51686770e+09  3.13e+00 1.97e-07  2.80e+03    83s
  29   5.06361714e+09  7.90146579e+09  2.74e+00 1.98e-07  2.28e+03    83s
  30   5.06992734e+09  7.72747553e+09  2.50e+00 1.71e-07  2.11e+03    84s
  31   5.08481773e+09  7.34115231e+09  1.79e+00 1.61e-07  1.73e+03    84s
  32   5.09371591e+09  6.91845680e+09  1.49e+00 1.38e-07  1.38e+03    84s
  33   5.11656731e+09  6.41124905e+09  4.50e-01 9.97e-08  9.03e+02    85s
  34   5.12769539e+09  5.75706256e+09  2.53e-01 8.57e-08  4.24e+02    85s
  35   5.14478989e+09  5.65651885e+09  6.35e-02 7.31e-08  3.34e+02    86s
  36   5.15084008e+09  5.40716998e+09  4.10e-02 3.21e-08  1.67e+02    86s
  37   5.15676248e+09  5.40114949e+09  3.05e-02 3.59e-08  1.59e+02    86s
  38   5.16083036e+09  5.35790538e+09  2.66e-02 3.21e-08  1.28e+02    86s
  39   5.16264724e+09  5.33665869e+09  2.43e-02 2.93e-08  1.13e+02    87s
  40   5.16434931e+09  5.33087809e+09  2.12e-02 3.07e-08  1.08e+02    87s
  41   5.16755264e+09  5.32015984e+09  1.74e-02 3.07e-08  9.88e+01    87s
  42   5.16911772e+09  5.30114298e+09  1.62e-02 2.61e-08  8.55e+01    87s
  43   5.17022472e+09  5.29189817e+09  1.55e-02 2.24e-08  7.87e+01    88s
  44   5.17036506e+09  5.28806613e+09  1.54e-02 2.84e-08  7.62e+01    88s
  45   5.17181639e+09  5.27777788e+09  1.44e-02 2.75e-08  6.86e+01    89s
  46   5.17239598e+09  5.27159084e+09  1.41e-02 2.75e-08  6.42e+01    89s
  47   5.17333189e+09  5.26289336e+09  1.36e-02 2.65e-08  5.79e+01    89s
  48   5.17584109e+09  5.25720798e+09  1.21e-02 2.75e-08  5.26e+01    90s
  49   5.17780693e+09  5.25281702e+09  1.12e-02 2.93e-08  4.85e+01    90s
  50   5.17967231e+09  5.24630174e+09  1.03e-02 2.61e-08  4.31e+01    91s
  51   5.18170641e+09  5.24015457e+09  9.35e-03 2.05e-08  3.78e+01    91s
  52   5.18347050e+09  5.23678370e+09  8.48e-03 1.86e-08  3.45e+01    92s
  53   5.18612223e+09  5.23440001e+09  7.32e-03 2.05e-08  3.12e+01    92s
  54   5.18742500e+09  5.22984312e+09  6.84e-03 1.96e-08  2.74e+01    92s
  55   5.18932129e+09  5.22832833e+09  6.13e-03 2.10e-08  2.52e+01    93s
  56   5.19172958e+09  5.22520166e+09  5.29e-03 1.96e-08  2.16e+01    93s
  57   5.19461167e+09  5.22274457e+09  4.23e-03 1.72e-08  1.82e+01    94s
  58   5.19789534e+09  5.22035401e+09  3.11e-03 1.68e-08  1.45e+01    94s
  59   5.19837038e+09  5.21909282e+09  2.95e-03 1.26e-08  1.34e+01    94s
  60   5.20073806e+09  5.21743821e+09  2.17e-03 1.07e-08  1.08e+01    95s
  61   5.20181533e+09  5.21589163e+09  1.90e-03 1.12e-08  9.09e+00    95s
  62   5.20327328e+09  5.21442321e+09  1.52e-03 1.07e-08  7.20e+00    96s
  63   5.20469030e+09  5.21370148e+09  1.20e-03 8.38e-09  5.82e+00    96s
  64   5.20535201e+09  5.21292465e+09  1.05e-03 8.85e-09  4.89e+00    96s
  65   5.20652960e+09  5.21238422e+09  7.84e-04 1.07e-08  3.78e+00    97s
  66   5.20749069e+09  5.21202172e+09  5.83e-04 8.38e-09  2.93e+00    97s
  67   5.20801484e+09  5.21163710e+09  4.83e-04 9.31e-09  2.34e+00    98s
  68   5.20864270e+09  5.21132780e+09  3.63e-04 8.85e-09  1.73e+00    98s
  69   5.20924078e+09  5.21120462e+09  2.42e-04 1.07e-08  1.27e+00    98s
  70   5.20968674e+09  5.21096817e+09  1.56e-04 8.85e-09  8.28e-01    99s
  71   5.20986927e+09  5.21080366e+09  1.21e-04 7.45e-09  6.03e-01    99s
  72   5.21012086e+09  5.21071387e+09  7.30e-05 6.98e-09  3.83e-01   100s
  73   5.21029126e+09  5.21059986e+09  4.08e-05 6.17e-09  1.99e-01   100s
  74   5.21042393e+09  5.21055949e+09  1.75e-05 7.31e-09  8.75e-02   100s
  75   5.21046471e+09  5.21053532e+09  1.04e-05 8.15e-09  4.56e-02   101s
  76   5.21051019e+09  5.21053087e+09  2.49e-06 7.92e-09  1.34e-02   101s
  77   5.21051818e+09  5.21052888e+09  2.52e-06 7.92e-09  6.91e-03   101s
  78   5.21052157e+09  5.21052836e+09  2.28e-06 7.92e-09  4.38e-03   102s
  79   5.21052341e+09  5.21052708e+09  1.33e-06 7.45e-09  2.37e-03   102s
  80   5.21052414e+09  5.21052696e+09  1.02e-06 9.31e-09  1.82e-03   102s
  81   5.21052474e+09  5.21052681e+09  7.77e-07 7.92e-09  1.34e-03   103s
  82   5.21052517e+09  5.21052669e+09  5.99e-07 7.16e-09  9.85e-04   103s
  83   5.21052639e+09  5.21052666e+09  8.60e-08 8.47e-09  1.77e-04   103s
  84   5.21052665e+09  5.21052665e+09  6.51e-10 7.92e-09  7.26e-07   104s
  85   5.21052665e+09  5.21052665e+09  2.07e-09 7.77e-09  4.76e-11   104s

Barrier solved model in 85 iterations and 104.03 seconds (118.89 work units)
Optimal objective 5.21052665e+09


Root crossover log...

   25338 DPushes remaining with DInf 0.0000000e+00               104s
       0 DPushes remaining with DInf 0.0000000e+00               105s

    1022 PPushes remaining with PInf 0.0000000e+00               105s
      36 PPushes remaining with PInf 0.0000000e+00               105s

  Push phase complete: Pinf 0.0000000e+00, Dinf 7.6914301e+06    105s


Root simplex log...

Iteration    Objective       Primal Inf.    Dual Inf.      Time
   25531    5.2105337e+09   1.786125e+06   0.000000e+00    105s
   25871    5.2105337e+09   1.594799e+05   0.000000e+00    112s
   26091    5.2105337e+09   1.073071e+06   0.000000e+00    116s
   26491    5.2105337e+09   3.161009e+06   0.000000e+00    120s
   26961    5.2105304e+09   4.246837e+05   0.000000e+00    126s
   27301    5.2105280e+09   5.506153e+02   0.000000e+00    131s
   27521    5.2105278e+09   4.546395e+04   0.000000e+00    135s
   27821    5.2105270e+09   1.605319e+05   0.000000e+00    141s
   28061    5.2105266e+09   2.054152e+01   0.000000e+00    145s
   28404    5.2105266e+09   0.000000e+00   0.000000e+00    148s
Concurrent spin time: 0.00s

Solved with barrier
   28404    5.2105266e+09   0.000000e+00   0.000000e+00    148s

Root relaxation: objective 5.210527e+09, 28404 iterations, 80.37 seconds (62.21 work units)
Total elapsed time = 150.18s

    Nodes    |    Current Node    |     Objective Bounds      |     Work
 Expl Unexpl |  Obj  Depth IntInf | Incumbent    BestBd   Gap | It/Node Time

     0     0 5.2105e+09    0  233          - 5.2105e+09      -     -  151s
H    0     0                    5.179648e+09 5.2105e+09  0.60%     -  174s

Explored 1 nodes (31047 simplex iterations) in 175.28 seconds (181.66 work units)
Thread count was 20 (of 40 available processors)

Solution count 2: 5.17965e+09 5.17965e+09 

Optimal solution found (tolerance 1.00e-02)
Best objective 5.179647650925e+09, best bound 5.210526647076e+09, gap 0.5962%
Gurobi Optimizer version 10.0.1 build v10.0.1rc0 (linux64)

CPU model: Intel(R) Xeon(R) Gold 5115 CPU @ 2.40GHz, instruction set [SSE2|AVX|AVX2|AVX512]
Thread count: 20 physical cores, 40 logical processors, using up to 20 threads

Optimize a model with 290599 rows, 3661133 columns and 31170749 nonzeros
Model fingerprint: 0x94e3ca08
Variable types: 87576 continuous, 3573557 integer (3573557 binary)
Coefficient statistics:
  Matrix range     [1e+00, 2e+05]
  Objective range  [4e+01, 3e+07]
  Bounds range     [5e-14, 3e+05]
  RHS range        [1e+00, 6e+06]
Presolve removed 276220 rows and 3338431 columns (presolve time = 5s) ...
Presolve removed 279607 rows and 3421363 columns (presolve time = 10s) ...
Presolve removed 279669 rows and 3421473 columns (presolve time = 15s) ...
Presolve removed 279653 rows and 3421457 columns
Presolve time: 17.61s
Presolved: 10946 rows, 239676 columns, 1106736 nonzeros
Variable types: 25640 continuous, 214036 integer (213900 binary)
Deterministic concurrent LP optimizer: primal simplex, dual simplex, and barrier
Showing barrier log only...

Root barrier log...

Ordering time: 0.21s

Barrier statistics:
 AA' NZ     : 5.351e+05
 Factor NZ  : 1.385e+06 (roughly 110 MB of memory)
 Factor Ops : 6.610e+08 (less than 1 second per iteration)
 Threads    : 17

                  Objective                Residual
Iter       Primal          Dual         Primal    Dual     Compl     Time
   0  -6.55385907e+14  1.03433859e+13  1.26e+08 6.80e+06  1.77e+11    22s
   1  -7.68530148e+13  1.06388736e+13  1.50e+07 6.28e+06  2.12e+10    22s
   2  -2.29302425e+13  7.20209508e+12  4.56e+06 4.83e+04  6.55e+09    23s
   3  -3.59660302e+12  5.07616593e+12  7.18e+05 4.04e+03  1.04e+09    23s
   4  -1.27269654e+12  3.26352976e+12  2.54e+05 1.42e+03  3.73e+08    23s
   5  -2.33773094e+11  2.56973230e+12  4.72e+04 4.64e+02  7.26e+07    23s
   6  -1.29113570e+11  2.20508326e+12  2.64e+04 2.17e+02  4.10e+07    23s
   7  -5.12079478e+10  1.85833818e+12  1.10e+04 1.05e+02  1.83e+07    23s
   8  -1.86774084e+10  1.19036515e+12  4.62e+03 3.35e+01  7.74e+06    23s
   9  -9.73673479e+09  7.14876390e+11  2.87e+03 1.30e+01  4.26e+06    23s
  10  -7.51071433e+07  2.73414840e+11  9.86e+02 1.89e+00  1.31e+06    23s
  11   4.09819548e+09  1.00925239e+11  1.60e+02 3.69e-01  3.14e+05    23s
  12   4.52522381e+09  6.54682079e+10  8.51e+01 1.66e-01  1.87e+05    24s
  13   4.74706061e+09  5.15674534e+10  4.98e+01 1.06e-01  1.32e+05    24s
  14   4.89986058e+09  3.94330713e+10  2.59e+01 6.16e-02  9.02e+04    24s
  15   4.95024898e+09  2.75423089e+10  1.81e+01 2.87e-02  6.12e+04    24s
  16   4.97419052e+09  2.42300237e+10  1.41e+01 1.96e-02  5.21e+04    24s
  17   4.98242722e+09  2.26819210e+10  1.26e+01 1.44e-02  4.82e+04    24s
  18   5.00103715e+09  1.85047132e+10  9.17e+00 1.53e-07  3.79e+04    24s
  19   5.00559338e+09  1.56695491e+10  8.26e+00 2.07e-07  3.13e+04    24s
  20   5.02211088e+09  1.27205841e+10  5.59e+00 1.50e-07  2.18e+04    24s
  21   5.03299812e+09  1.06760969e+10  4.01e+00 1.23e-07  1.57e+04    25s
  22   5.05049095e+09  8.04292941e+09  1.68e+00 9.03e-08  7.42e+03    25s
  23   5.05901120e+09  7.93033326e+09  7.69e-01 1.20e-07  6.50e+03    25s
  24   5.06161478e+09  7.47947660e+09  4.48e-01 8.85e-08  5.30e+03    25s
  25   5.06228663e+09  6.95471689e+09  3.13e-01 7.54e-08  4.09e+03    25s
  26   5.06907932e+09  6.06965761e+09  1.25e-01 5.22e-08  2.12e+03    25s
  27   5.07010851e+09  5.51746601e+09  1.00e-01 2.79e-08  9.43e+02    25s
  28   5.07113946e+09  5.43531430e+09  8.48e-02 2.51e-08  7.66e+02    25s
  29   5.07353506e+09  5.34701857e+09  5.01e-02 2.14e-08  5.73e+02    25s
  30   5.07589214e+09  5.32511027e+09  3.43e-02 2.00e-08  5.21e+02    26s
  31   5.07766967e+09  5.24419015e+09  2.77e-02 1.49e-08  3.48e+02    26s
  32   5.07882832e+09  5.21442174e+09  2.08e-02 1.21e-08  2.83e+02    26s
  33   5.08025602e+09  5.19317741e+09  1.69e-02 1.02e-08  2.35e+02    26s
  34   5.08234478e+09  5.14679250e+09  1.19e-02 7.45e-09  1.34e+02    26s
  35   5.08340081e+09  5.13618561e+09  9.81e-03 6.52e-09  1.10e+02    26s
  36   5.08736748e+09  5.13234058e+09  4.89e-03 6.05e-09  9.35e+01    26s
  37   5.08797424e+09  5.12208360e+09  4.38e-03 6.98e-09  7.09e+01    26s
  38   5.08846634e+09  5.11849420e+09  4.04e-03 7.45e-09  6.24e+01    27s
  39   5.08966075e+09  5.11452943e+09  3.34e-03 8.85e-09  5.17e+01    27s
  40   5.09034876e+09  5.11198305e+09  2.98e-03 7.45e-09  4.50e+01    27s
  41   5.09202834e+09  5.11089943e+09  2.17e-03 6.98e-09  3.92e+01    27s
  42   5.09372501e+09  5.10741380e+09  1.50e-03 5.59e-09  2.85e+01    27s
  43   5.09402108e+09  5.10676650e+09  1.41e-03 4.89e-09  2.65e+01    27s
  44   5.09471342e+09  5.10595508e+09  1.24e-03 5.59e-09  2.34e+01    27s
  45   5.09576761e+09  5.10494573e+09  9.66e-04 6.05e-09  1.91e+01    27s
  46   5.09639742e+09  5.10384336e+09  8.36e-04 5.59e-09  1.55e+01    28s
  47   5.09772780e+09  5.10298484e+09  5.80e-04 5.12e-09  1.09e+01    28s
  48   5.09851550e+09  5.10235398e+09  4.42e-04 4.66e-09  7.98e+00    28s
  49   5.09923878e+09  5.10186962e+09  3.18e-04 6.98e-09  5.47e+00    28s
  50   5.09943694e+09  5.10167340e+09  2.86e-04 5.59e-09  4.65e+00    28s
  51   5.09964191e+09  5.10162784e+09  2.50e-04 6.52e-09  4.13e+00    28s
  52   5.09972103e+09  5.10154564e+09  2.37e-04 5.59e-09  3.79e+00    28s
  53   5.09990413e+09  5.10153704e+09  2.06e-04 6.05e-09  3.39e+00    28s
  54   5.10051056e+09  5.10131825e+09  1.02e-04 6.05e-09  1.68e+00    29s
  55   5.10103662e+09  5.10115315e+09  1.23e-05 4.89e-09  2.42e-01    29s
  56   5.10107042e+09  5.10114154e+09  7.44e-06 4.89e-09  1.48e-01    29s
  57   5.10108437e+09  5.10113321e+09  5.47e-06 5.59e-09  1.02e-01    29s
  58   5.10109203e+09  5.10113099e+09  4.47e-06 5.01e-09  8.10e-02    29s
  59   5.10110681e+09  5.10112943e+09  2.48e-06 4.54e-09  4.70e-02    29s
  60   5.10110903e+09  5.10112859e+09  2.19e-06 4.19e-09  4.07e-02    29s
  61   5.10111626e+09  5.10112850e+09  1.24e-06 6.52e-09  2.55e-02    29s
  62   5.10112441e+09  5.10112586e+09  1.74e-07 5.18e-09  3.01e-03    29s
  63   5.10112565e+09  5.10112566e+09  2.09e-08 7.04e-09  1.67e-05    29s
  64   5.10112566e+09  5.10112566e+09  1.47e-09 6.98e-09  7.22e-08    30s
  65   5.10112566e+09  5.10112566e+09  2.20e-10 8.85e-09  3.32e-11    30s

Barrier solved model in 65 iterations and 29.68 seconds (21.09 work units)
Optimal objective 5.10112566e+09


Root crossover log...

    8183 DPushes remaining with DInf 0.0000000e+00                30s
       0 DPushes remaining with DInf 0.0000000e+00                30s

     555 PPushes remaining with PInf 0.0000000e+00                30s
       1 PPushes remaining with PInf 0.0000000e+00                30s

  Push phase complete: Pinf 0.0000000e+00, Dinf 4.0560747e+04     30s


Root simplex log...

Iteration    Objective       Primal Inf.    Dual Inf.      Time
    8672    5.1011257e+09   0.000000e+00   4.056246e+04     30s
    8684    5.1011257e+09   0.000000e+00   0.000000e+00     30s
Concurrent spin time: 0.01s

Solved with barrier
    8684    5.1011257e+09   0.000000e+00   0.000000e+00     30s

Root relaxation: objective 5.101126e+09, 8684 iterations, 9.27 seconds (5.71 work units)

    Nodes    |    Current Node    |     Objective Bounds      |     Work
 Expl Unexpl |  Obj  Depth IntInf | Incumbent    BestBd   Gap | It/Node Time

     0     0 5.1011e+09    0  149          - 5.1011e+09      -     -   31s
H    0     0                    5.097104e+09 5.1011e+09  0.08%     -   48s

Explored 1 nodes (10857 simplex iterations) in 48.84 seconds (36.45 work units)
Thread count was 20 (of 40 available processors)

Solution count 1: 5.0971e+09 

Optimal solution found (tolerance 1.00e-02)
Best objective 5.097104158464e+09, best bound 5.101125656993e+09, gap 0.0789%
Gurobi Optimizer version 10.0.1 build v10.0.1rc0 (linux64)

CPU model: Intel(R) Xeon(R) Gold 5115 CPU @ 2.40GHz, instruction set [SSE2|AVX|AVX2|AVX512]
Thread count: 20 physical cores, 40 logical processors, using up to 20 threads

Optimize a model with 290529 rows, 3666169 columns and 30869533 nonzeros
Model fingerprint: 0xbc5e59f9
Variable types: 41165 continuous, 3625004 integer (3625004 binary)
Coefficient statistics:
  Matrix range     [1e+00, 2e+05]
  Objective range  [4e+01, 3e+07]
  Bounds range     [5e-14, 3e+05]
  RHS range        [1e+00, 6e+06]
Presolve removed 290404 rows and 3665991 columns (presolve time = 6s) ...
Presolve removed 290420 rows and 3666017 columns
Presolve time: 7.59s
Presolved: 109 rows, 152 columns, 557 nonzeros
Variable types: 42 continuous, 110 integer (110 binary)
Found heuristic solution: objective 4.987720e+09
Found heuristic solution: objective 5.077028e+09

Root simplex log...

Iteration    Objective       Primal Inf.    Dual Inf.      Time
       0    5.3993959e+09   4.372804e+04   0.000000e+00     10s
      89    5.1319967e+09   0.000000e+00   0.000000e+00     10s

Root relaxation: objective 5.131997e+09, 89 iterations, 0.00 seconds (0.00 work units)

    Nodes    |    Current Node    |     Objective Bounds      |     Work
 Expl Unexpl |  Obj  Depth IntInf | Incumbent    BestBd   Gap | It/Node Time

     0     0 5.1320e+09    0    7 5.0770e+09 5.1320e+09  1.08%     -    9s
H    0     0                    5.102681e+09 5.1320e+09  0.57%     -    9s

Cutting planes:
  Gomory: 1
  Cover: 1
  MIR: 7
  Flow cover: 4

Explored 1 nodes (89 simplex iterations) in 10.19 seconds (6.06 work units)
Thread count was 20 (of 40 available processors)

Solution count 3: 5.10268e+09 5.07703e+09 4.98772e+09 

Optimal solution found (tolerance 1.00e-02)
Best objective 5.102680965643e+09, best bound 5.131996669808e+09, gap 0.5745%
