
Gurobi 10.0.1 (linux64) logging started Fri May 26 00:36:21 2023

Set parameter LogFile to value "logFiles/N-1L-D/N-1L-14U-40F-23V-365D/basic-05-26-2023, 00-36-H50-P80-O15.log"
Gurobi Optimizer version 10.0.1 build v10.0.1rc0 (linux64)

CPU model: Intel(R) Xeon(R) Gold 5115 CPU @ 2.40GHz, instruction set [SSE2|AVX|AVX2|AVX512]
Thread count: 20 physical cores, 40 logical processors, using up to 20 threads

Optimize a model with 100927 rows, 1320640 columns and 6684606 nonzeros
Model fingerprint: 0xc208beb0
Variable types: 791103 continuous, 529537 integer (529537 binary)
Coefficient statistics:
  Matrix range     [1e+00, 2e+05]
  Objective range  [4e+01, 3e+07]
  Bounds range     [1e+00, 1e+00]
  RHS range        [1e+00, 3e+06]
Presolve removed 59132 rows and 42744 columns (presolve time = 5s) ...
Presolve removed 60077 rows and 47042 columns (presolve time = 10s) ...
Presolve removed 60091 rows and 47060 columns (presolve time = 15s) ...
Presolve removed 60091 rows and 47060 columns (presolve time = 20s) ...
Presolve removed 60098 rows and 47252 columns (presolve time = 25s) ...
Presolve removed 60045 rows and 47199 columns
Presolve time: 26.38s
Presolved: 40882 rows, 1273441 columns, 5355918 nonzeros
Variable types: 763848 continuous, 509593 integer (509593 binary)
Deterministic concurrent LP optimizer: primal simplex, dual simplex, and barrier
Showing barrier log only...

Root barrier log...

Ordering time: 1.70s

Barrier statistics:
 AA' NZ     : 2.879e+06
 Factor NZ  : 8.543e+06 (roughly 600 MB of memory)
 Factor Ops : 1.241e+10 (less than 1 second per iteration)
 Threads    : 17

                  Objective                Residual
Iter       Primal          Dual         Primal    Dual     Compl     Time
   0  -2.59214770e+16  1.78538137e+14  1.01e+09 1.51e+07  1.86e+12    39s
   1  -4.64755107e+15  1.54284798e+14  1.80e+08 8.39e+06  3.41e+11    40s
   2  -9.00876619e+14  8.29277929e+13  3.51e+07 4.73e-08  6.77e+10    40s
   3  -8.24915592e+13  6.45418499e+13  3.21e+06 6.93e-08  6.24e+09    41s
   4  -2.62170779e+13  3.87319469e+13  1.02e+06 4.73e-08  2.06e+09    42s
   5  -2.26245386e+13  3.74085841e+13  8.81e+05 4.47e-08  1.78e+09    42s
   6  -1.54781682e+13  3.34557734e+13  6.03e+05 8.57e-08  1.23e+09    42s
   7  -7.93105260e+12  2.83005517e+13  3.09e+05 1.27e-07  6.39e+08    43s
   8  -3.61050572e+12  2.60445687e+13  1.41e+05 1.03e-07  2.95e+08    43s
   9  -8.01692648e+11  2.27624777e+13  3.15e+04 1.97e-07  7.19e+07    44s
  10  -6.31812676e+11  1.95278759e+13  2.49e+04 2.12e-07  5.51e+07    44s
  11  -2.19468270e+11  1.24792563e+13  8.86e+03 3.39e-07  2.00e+07    45s
  12  -6.74776708e+10  5.79669538e+12  2.95e+03 2.24e-07  6.59e+06    46s
  13  -1.36862676e+10  2.09790777e+12  8.55e+02 2.98e-07  1.89e+06    46s
  14  -1.25319889e+09  8.22028197e+11  3.71e+02 1.19e-07  7.00e+05    47s
  15   2.59376777e+09  4.36955880e+11  2.22e+02 1.34e-07  3.76e+05    47s
  16   5.93048162e+09  1.98620431e+11  9.25e+01 8.02e-07  1.56e+05    47s
  17   6.96225230e+09  1.10626680e+11  5.25e+01 9.11e-07  8.47e+04    48s
  18   7.60453402e+09  1.05154031e+11  2.76e+01 6.62e-07  6.14e+04    48s
  19   7.64389335e+09  8.81050506e+10  2.61e+01 5.99e-07  5.34e+04    49s
  20   7.70139020e+09  7.93703754e+10  2.39e+01 3.56e-07  4.82e+04    49s
  21   7.87954814e+09  6.87473495e+10  1.71e+01 5.27e-07  3.84e+04    50s
  22   7.94855118e+09  6.01473162e+10  1.45e+01 5.39e-07  3.29e+04    51s
  23   8.05920540e+09  4.75362001e+10  1.02e+01 6.97e-07  2.44e+04    52s
  24   8.09163304e+09  4.26521181e+10  8.77e+00 1.10e-06  2.13e+04    52s
  25   8.11540699e+09  3.83077069e+10  7.83e+00 8.06e-07  1.89e+04    53s
  26   8.13203541e+09  3.16186335e+10  7.03e+00 7.78e-07  1.56e+04    54s
  27   8.18217986e+09  2.79223644e+10  4.79e+00 9.28e-07  1.21e+04    55s
  28   8.19546374e+09  2.58352152e+10  4.32e+00 1.05e-06  1.09e+04    56s
  29   8.20404993e+09  2.56078886e+10  3.95e+00 1.38e-06  1.05e+04    57s
  30   8.21752353e+09  1.95972409e+10  3.22e+00 5.77e-07  7.28e+03    57s
  31   8.24649526e+09  1.74581171e+10  2.52e+00 8.08e-07  5.70e+03    58s
  32   8.26215775e+09  1.72096915e+10  2.35e+00 7.72e-07  5.44e+03    59s
  33   8.26967845e+09  1.70597946e+10  2.28e+00 8.29e-07  5.30e+03    59s
  34   8.28915105e+09  1.63885712e+10  2.03e+00 7.03e-07  4.77e+03    60s
  35   8.30423946e+09  1.55483472e+10  1.69e+00 9.50e-07  4.11e+03    61s
  36   8.31931251e+09  1.40039393e+10  1.52e+00 7.68e-07  3.23e+03    62s
  37   8.36607419e+09  1.21329867e+10  1.04e+00 6.89e-07  2.04e+03    63s
  38   8.39927500e+09  1.08897567e+10  7.76e-01 6.72e-07  1.31e+03    64s
  39   8.41054297e+09  1.01667110e+10  6.46e-01 6.24e-07  9.05e+02    64s
  40   8.44940084e+09  9.75198687e+09  4.29e-01 1.09e-06  6.31e+02    65s
  41   8.47484211e+09  9.47032602e+09  3.48e-01 5.71e-07  4.73e+02    66s
  42   8.49378928e+09  9.24928350e+09  3.03e-01 5.76e-07  3.57e+02    67s
  43   8.52788674e+09  9.05112097e+09  2.36e-01 7.26e-07  2.43e+02    68s
  44   8.55656343e+09  8.97697833e+09  1.79e-01 8.32e-07  1.91e+02    68s
  45   8.59686934e+09  8.87382184e+09  1.15e-01 5.56e-07  1.23e+02    69s
  46   8.61588294e+09  8.81821732e+09  8.80e-02 3.97e-07  8.97e+01    70s
  47   8.64034028e+09  8.78365177e+09  6.20e-02 5.72e-07  6.29e+01    71s
  48   8.64563396e+09  8.76555203e+09  5.69e-02 1.08e-06  5.28e+01    72s
  49   8.65302308e+09  8.75579484e+09  5.09e-02 1.15e-06  4.53e+01    72s
  50   8.66025059e+09  8.75390910e+09  4.44e-02 9.61e-07  4.10e+01    73s
  51   8.66698558e+09  8.74634708e+09  3.86e-02 5.78e-07  3.48e+01    74s
  52   8.66834415e+09  8.74429104e+09  3.74e-02 8.11e-07  3.33e+01    74s
  53   8.67390942e+09  8.73750222e+09  3.26e-02 6.83e-07  2.80e+01    75s
  54   8.67818094e+09  8.73616602e+09  2.91e-02 9.66e-07  2.54e+01    76s
  55   8.68221327e+09  8.73346274e+09  2.58e-02 1.05e-06  2.24e+01    76s
  56   8.68715936e+09  8.72945125e+09  2.20e-02 7.66e-07  1.85e+01    77s
  57   8.69174692e+09  8.72656216e+09  1.82e-02 5.68e-07  1.52e+01    78s
  58   8.69605241e+09  8.72436301e+09  1.51e-02 4.10e-07  1.23e+01    78s
  59   8.69702353e+09  8.72423523e+09  1.44e-02 5.14e-07  1.18e+01    79s
  60   8.70084742e+09  8.72336962e+09  1.15e-02 4.20e-07  9.76e+00    79s
  61   8.70391085e+09  8.72246194e+09  9.17e-03 4.32e-07  8.01e+00    80s
  62   8.70507031e+09  8.72200045e+09  8.30e-03 4.51e-07  7.30e+00    81s
  63   8.70772501e+09  8.72143720e+09  6.26e-03 3.06e-07  5.87e+00    81s
  64   8.70817267e+09  8.72111813e+09  5.92e-03 3.45e-07  5.54e+00    82s
  65   8.70851859e+09  8.72062823e+09  5.66e-03 6.70e-07  5.19e+00    83s
  66   8.71168484e+09  8.71997429e+09  3.21e-03 4.31e-07  3.50e+00    84s
  67   8.71244193e+09  8.71935252e+09  2.70e-03 2.87e-07  2.92e+00    84s
  68   8.71335043e+09  8.71892989e+09  2.10e-03 3.96e-07  2.35e+00    85s
  69   8.71391687e+09  8.71847733e+09  1.75e-03 3.44e-07  1.92e+00    86s
  70   8.71475842e+09  8.71820414e+09  1.23e-03 4.23e-07  1.45e+00    87s
  71   8.71546802e+09  8.71793983e+09  8.10e-04 4.62e-07  1.03e+00    87s
  72   8.71574769e+09  8.71773658e+09  6.63e-04 4.58e-07  8.31e-01    88s
  73   8.71605551e+09  8.71762120e+09  4.93e-04 3.98e-07  6.52e-01    89s
  74   8.71630403e+09  8.71747754e+09  3.58e-04 5.25e-07  4.88e-01    90s
  75   8.71638205e+09  8.71742288e+09  3.18e-04 2.34e-07  4.32e-01    90s
  76   8.71673296e+09  8.71724227e+09  1.47e-04 5.63e-07  2.11e-01    91s
  77   8.71685514e+09  8.71714392e+09  8.53e-05 4.78e-07  1.20e-01    92s
  78   8.71691186e+09  8.71708770e+09  5.67e-05 5.53e-07  7.34e-02    92s
  79   8.71699527e+09  8.71705940e+09  1.56e-05 4.62e-07  2.64e-02    93s
  80   8.71702126e+09  8.71704123e+09  4.00e-06 5.42e-07  8.15e-03    93s
  81   8.71702534e+09  8.71703375e+09  2.26e-06 4.43e-07  3.48e-03    94s
  82   8.71702962e+09  8.71703178e+09  4.63e-07 3.48e-07  8.83e-04    94s
  83   8.71703038e+09  8.71703102e+09  1.69e-07 5.25e-07  2.65e-04    95s
  84   8.71703084e+09  8.71703089e+09  5.21e-07 3.79e-07  2.27e-05    95s
  85   8.71703084e+09  8.71703085e+09  2.33e-07 6.07e-07  2.80e-06    96s
  86   8.71703085e+09  8.71703085e+09  1.41e-08 5.67e-07  1.06e-07    97s
  87   8.71703085e+09  8.71703085e+09  4.51e-09 3.98e-07  1.08e-10    97s

Barrier solved model in 87 iterations and 97.05 seconds (79.57 work units)
Optimal objective 8.71703085e+09


Root crossover log...

   36378 DPushes remaining with DInf 0.0000000e+00                97s
       0 DPushes remaining with DInf 0.0000000e+00                98s

     940 PPushes remaining with PInf 0.0000000e+00                98s
       0 PPushes remaining with PInf 0.0000000e+00                98s

  Push phase complete: Pinf 0.0000000e+00, Dinf 2.0903974e+02     98s


Root simplex log...

Iteration    Objective       Primal Inf.    Dual Inf.      Time
   37307    8.7170308e+09   0.000000e+00   2.090397e+02     98s
   37309    8.7170308e+09   0.000000e+00   0.000000e+00     99s
Concurrent spin time: 0.03s

Solved with barrier
   37309    8.7170308e+09   0.000000e+00   0.000000e+00     99s

Root relaxation: objective 8.717031e+09, 37309 iterations, 68.52 seconds (48.81 work units)
Total elapsed time = 100.92s

    Nodes    |    Current Node    |     Objective Bounds      |     Work
 Expl Unexpl |  Obj  Depth IntInf | Incumbent    BestBd   Gap | It/Node Time

     0     0 8.7170e+09    0  294          - 8.7170e+09      -     -  105s
H    0     0                    8.659595e+09 8.7170e+09  0.66%     -  129s

Explored 1 nodes (46733 simplex iterations) in 129.47 seconds (110.73 work units)
Thread count was 20 (of 40 available processors)

Solution count 2: 8.65959e+09 8.65959e+09 

Optimal solution found (tolerance 1.00e-02)
Best objective 8.659594654649e+09, best bound 8.717030845887e+09, gap 0.6633%
Gurobi Optimizer version 10.0.1 build v10.0.1rc0 (linux64)

CPU model: Intel(R) Xeon(R) Gold 5115 CPU @ 2.40GHz, instruction set [SSE2|AVX|AVX2|AVX512]
Thread count: 20 physical cores, 40 logical processors, using up to 20 threads

Optimize a model with 155446 rows, 1923353 columns and 10160854 nonzeros
Model fingerprint: 0x26b224fc
Variable types: 960528 continuous, 962825 integer (962825 binary)
Coefficient statistics:
  Matrix range     [1e+00, 2e+05]
  Objective range  [4e+01, 3e+07]
  Bounds range     [4e-16, 3e+05]
  RHS range        [1e+00, 4e+06]
Presolve removed 122926 rows and 1236513 columns (presolve time = 5s) ...
Presolve removed 129591 rows and 1330135 columns (presolve time = 10s) ...
Presolve removed 130718 rows and 1366793 columns (presolve time = 15s) ...
Presolve removed 132768 rows and 1413478 columns (presolve time = 20s) ...
Presolve removed 132768 rows and 1413478 columns (presolve time = 26s) ...
Presolve removed 132722 rows and 1413432 columns
Presolve time: 26.22s
Presolved: 22724 rows, 509921 columns, 2092448 nonzeros
Variable types: 393146 continuous, 116775 integer (116775 binary)
Deterministic concurrent LP optimizer: primal simplex, dual simplex, and barrier
Showing barrier log only...

Root barrier log...

Ordering time: 0.83s

Barrier statistics:
 AA' NZ     : 1.230e+06
 Factor NZ  : 2.938e+06 (roughly 240 MB of memory)
 Factor Ops : 1.784e+09 (less than 1 second per iteration)
 Threads    : 17

                  Objective                Residual
Iter       Primal          Dual         Primal    Dual     Compl     Time
   0  -3.03388552e+15  5.87823791e+13  1.59e+08 4.49e+06  2.07e+11    32s
   1  -1.35091025e+15  3.74189479e+13  7.09e+07 4.65e+06  9.32e+10    32s
   2  -3.87132424e+14  1.68826533e+13  2.03e+07 2.34e+05  2.76e+10    32s
   3  -2.89189996e+13  1.33139685e+13  1.52e+06 7.00e+03  2.08e+09    33s
   4  -7.68725118e+12  9.89876798e+12  4.04e+05 2.95e+03  5.60e+08    33s
   5  -4.55891529e+12  7.69126711e+12  2.40e+05 1.37e+03  3.36e+08    33s
   6  -7.17005990e+11  6.38820048e+12  3.78e+04 7.19e+02  5.80e+07    33s
   7  -3.89209281e+11  4.98509375e+12  2.06e+04 3.02e+02  3.27e+07    33s
   8  -2.79506276e+11  3.87503844e+12  1.48e+04 1.64e+02  2.30e+07    33s
   9  -1.52811223e+11  3.56176785e+12  8.18e+03 1.30e+02  1.39e+07    34s
  10  -1.29639601e+11  2.94551507e+12  6.96e+03 9.12e+01  1.14e+07    34s
  11  -4.14159639e+10  1.85257665e+12  2.31e+03 3.10e+01  4.36e+06    34s
  12  -1.69796649e+10  6.49820214e+11  1.02e+03 1.89e+00  1.55e+06    34s
  13  -3.93848498e+09  2.02256701e+11  3.37e+02 2.10e-08  4.52e+05    35s
  14   6.16331402e+08  1.45659581e+11  9.78e+01 2.15e-08  2.10e+05    35s
  15   1.35945703e+09  1.13014597e+11  5.89e+01 2.10e-08  1.49e+05    35s
  16   1.70505348e+09  7.76848888e+10  4.10e+01 4.42e-08  1.02e+05    35s
  17   2.03723409e+09  6.46872034e+10  2.38e+01 3.96e-08  7.71e+04    35s
  18   2.14734863e+09  4.98997442e+10  1.83e+01 4.84e-08  5.89e+04    36s
  19   2.25500225e+09  4.08762484e+10  1.31e+01 6.43e-08  4.68e+04    36s
  20   2.36517966e+09  3.53725336e+10  7.83e+00 1.31e-07  3.79e+04    36s
  21   2.41108604e+09  2.48890018e+10  5.02e+00 2.35e-07  2.64e+04    37s
  22   2.44328526e+09  1.54150078e+10  3.50e+00 4.50e-07  1.70e+04    37s
  23   2.47031457e+09  1.21862990e+10  2.73e+00 4.74e-07  1.33e+04    37s
  24   2.49440479e+09  1.01913197e+10  1.72e+00 4.83e-07  1.03e+04    37s
  25   2.52153682e+09  7.96542394e+09  1.21e+00 4.53e-07  7.09e+03    38s
  26   2.54441086e+09  6.85205074e+09  8.79e-01 4.35e-07  5.47e+03    38s
  27   2.55816547e+09  5.50355424e+09  7.03e-01 2.85e-07  3.74e+03    38s
  28   2.57261128e+09  5.34649256e+09  5.12e-01 3.31e-07  3.39e+03    39s
  29   2.58008924e+09  4.89412640e+09  4.15e-01 3.36e-07  2.79e+03    39s
  30   2.58609737e+09  4.36854081e+09  3.63e-01 3.43e-07  2.15e+03    39s
  31   2.60761354e+09  3.82849073e+09  2.28e-01 2.74e-03  1.39e+03    39s
  32   2.62495846e+09  3.51910451e+09  1.53e-01 1.47e-03  9.73e+02    40s
  33   2.62765367e+09  3.32734792e+09  1.41e-01 3.91e-03  7.58e+02    40s
  34   2.63625833e+09  3.13653231e+09  1.13e-01 2.52e-03  5.32e+02    40s
  35   2.65228696e+09  2.98716473e+09  7.23e-02 7.20e-04  3.45e+02    40s
  36   2.65900044e+09  2.87337206e+09  6.13e-02 3.83e-04  2.19e+02    41s
  37   2.66650230e+09  2.82179780e+09  4.84e-02 1.64e-04  1.57e+02    41s
  38   2.67431895e+09  2.78563789e+09  3.82e-02 1.02e-04  1.12e+02    41s
  39   2.68126878e+09  2.77346549e+09  3.02e-02 8.16e-05  9.19e+01    41s
  40   2.68585497e+09  2.76480842e+09  2.53e-02 6.87e-05  7.84e+01    42s
  41   2.69130631e+09  2.75805610e+09  1.99e-02 5.87e-05  6.60e+01    42s
  42   2.69369936e+09  2.75161222e+09  1.77e-02 5.41e-05  5.72e+01    42s
  43   2.69931938e+09  2.74710160e+09  1.37e-02 4.67e-05  4.71e+01    43s
  44   2.70238419e+09  2.74433403e+09  1.13e-02 4.22e-05  4.13e+01    43s
  45   2.70658761e+09  2.73748210e+09  8.49e-03 3.08e-05  3.03e+01    43s
  46   2.70786466e+09  2.73525964e+09  7.67e-03 2.63e-05  2.69e+01    43s
  47   2.71061673e+09  2.73316566e+09  6.05e-03 2.28e-05  2.21e+01    44s
  48   2.71110548e+09  2.73247061e+09  5.77e-03 2.13e-05  2.09e+01    44s
  49   2.71212142e+09  2.73140178e+09  5.20e-03 1.90e-05  1.89e+01    44s
  50   2.71289175e+09  2.73058889e+09  4.79e-03 1.66e-05  1.73e+01    44s
  51   2.71488742e+09  2.72970526e+09  3.73e-03 1.38e-05  1.45e+01    45s
  52   2.71601510e+09  2.72850506e+09  3.16e-03 8.38e-06  1.22e+01    45s
  53   2.71748899e+09  2.72766038e+09  2.44e-03 5.22e-06  9.94e+00    45s
  54   2.71829237e+09  2.72699701e+09  2.08e-03 2.86e-06  8.51e+00    45s
  55   2.71902704e+09  2.72682893e+09  1.76e-03 2.44e-06  7.62e+00    46s
  56   2.71999494e+09  2.72645775e+09  1.36e-03 9.93e-07  6.31e+00    46s
  57   2.72060731e+09  2.72561499e+09  1.12e-03 1.82e-08  4.89e+00    46s
  58   2.72135165e+09  2.72527900e+09  8.27e-04 1.77e-08  3.83e+00    46s
  59   2.72187983e+09  2.72513869e+09  6.27e-04 2.24e-08  3.18e+00    47s
  60   2.72229302e+09  2.72469806e+09  4.76e-04 1.96e-08  2.35e+00    47s
  61   2.72247438e+09  2.72431979e+09  4.12e-04 1.49e-08  1.80e+00    47s
  62   2.72297668e+09  2.72422327e+09  2.33e-04 1.49e-08  1.22e+00    47s
  63   2.72331361e+09  2.72402891e+09  1.16e-04 1.12e-08  6.97e-01    48s
  64   2.72337153e+09  2.72388073e+09  9.60e-05 1.21e-08  4.96e-01    48s
  65   2.72349199e+09  2.72381234e+09  5.60e-05 1.40e-08  3.12e-01    48s
  66   2.72351177e+09  2.72379199e+09  4.94e-05 1.35e-08  2.73e-01    48s
  67   2.72358276e+09  2.72376878e+09  2.54e-05 1.40e-08  1.81e-01    48s
  68   2.72362698e+09  2.72374052e+09  1.11e-05 1.49e-08  1.10e-01    49s
  69   2.72364607e+09  2.72369705e+09  5.21e-06 1.12e-08  4.95e-02    49s
  70   2.72365359e+09  2.72367546e+09  2.94e-06 1.02e-08  2.13e-02    49s
  71   2.72366091e+09  2.72366684e+09  9.70e-07 8.38e-09  5.77e-03    49s
  72   2.72366382e+09  2.72366597e+09  1.16e-06 9.78e-09  2.09e-03    49s
  73   2.72366432e+09  2.72366444e+09  1.90e-06 8.38e-09  1.13e-04    49s
  74   2.72366435e+09  2.72366436e+09  2.84e-07 8.38e-09  4.62e-06    50s
  75   2.72366435e+09  2.72366436e+09  2.10e-07 1.07e-08  3.41e-06    50s

Barrier solved model in 75 iterations and 49.83 seconds (55.46 work units)
Optimal objective 2.72366435e+09


Root crossover log...

   17971 DPushes remaining with DInf 0.0000000e+00                50s
     285 DPushes remaining with DInf 0.0000000e+00                50s
       0 DPushes remaining with DInf 0.0000000e+00                50s

    1241 PPushes remaining with PInf 1.9917676e-02                50s
       0 PPushes remaining with PInf 2.3180160e-06                50s

  Push phase complete: Pinf 2.3180160e-06, Dinf 7.8633035e+04     50s


Root simplex log...

Iteration    Objective       Primal Inf.    Dual Inf.      Time
   19078    2.7236644e+09   0.000000e+00   7.863303e+04     50s
   19155    2.7236644e+09   0.000000e+00   0.000000e+00     51s
Concurrent spin time: 0.01s

Solved with barrier
   19155    2.7236644e+09   0.000000e+00   0.000000e+00     51s

Root relaxation: objective 2.723664e+09, 19155 iterations, 22.03 seconds (14.85 work units)

    Nodes    |    Current Node    |     Objective Bounds      |     Work
 Expl Unexpl |  Obj  Depth IntInf | Incumbent    BestBd   Gap | It/Node Time

     0     0 2.7237e+09    0   93          - 2.7237e+09      -     -   52s
     0     0 2.7236e+09    0   98          - 2.7236e+09      -     -   74s
H    0     0                    2.656968e+09 2.7236e+09  2.51%     -  102s
     0     0 2.7236e+09    0   90 2.6570e+09 2.7236e+09  2.51%     -  104s
     0     0 2.7236e+09    0   76 2.6570e+09 2.7236e+09  2.51%     -  117s
     0     0 2.7236e+09    0   67 2.6570e+09 2.7236e+09  2.51%     -  129s
     0     0 2.7236e+09    0  101 2.6570e+09 2.7236e+09  2.51%     -  140s
H    0     0                    2.719777e+09 2.7236e+09  0.14%     -  150s

Cutting planes:
  Cover: 3
  Implied bound: 1
  MIR: 10
  Flow cover: 11
  GUB cover: 1
  Relax-and-lift: 2

Explored 1 nodes (24957 simplex iterations) in 150.34 seconds (152.00 work units)
Thread count was 20 (of 40 available processors)

Solution count 3: 2.71978e+09 2.71978e+09 2.65697e+09 

Optimal solution found (tolerance 1.00e-02)
Best objective 2.719777425634e+09, best bound 2.723630836546e+09, gap 0.1417%
Gurobi Optimizer version 10.0.1 build v10.0.1rc0 (linux64)

CPU model: Intel(R) Xeon(R) Gold 5115 CPU @ 2.40GHz, instruction set [SSE2|AVX|AVX2|AVX512]
Thread count: 20 physical cores, 40 logical processors, using up to 20 threads

Optimize a model with 193858 rows, 2447343 columns and 15061887 nonzeros
Model fingerprint: 0xadd1f83c
Variable types: 864805 continuous, 1582538 integer (1582538 binary)
Coefficient statistics:
  Matrix range     [1e+00, 2e+05]
  Objective range  [4e+01, 3e+07]
  Bounds range     [4e-16, 3e+05]
  RHS range        [1e+00, 5e+06]
Presolve removed 150992 rows and 1406811 columns (presolve time = 5s) ...
Presolve removed 159610 rows and 1761210 columns (presolve time = 11s) ...
Presolve removed 161746 rows and 1763370 columns (presolve time = 15s) ...
Presolve removed 161746 rows and 1763370 columns (presolve time = 20s) ...
Presolve removed 163893 rows and 1763370 columns (presolve time = 25s) ...
Presolve removed 167478 rows and 1837860 columns (presolve time = 30s) ...
Presolve removed 167644 rows and 1839772 columns (presolve time = 35s) ...
Presolve removed 167669 rows and 1840281 columns (presolve time = 40s) ...
Presolve removed 168510 rows and 1867527 columns (presolve time = 45s) ...
Presolve removed 170481 rows and 1911099 columns (presolve time = 50s) ...
Presolve removed 170507 rows and 1911864 columns (presolve time = 55s) ...
Presolve removed 170507 rows and 1911864 columns (presolve time = 60s) ...
Presolve removed 170507 rows and 1911864 columns (presolve time = 65s) ...
Presolve removed 170471 rows and 1911843 columns
Presolve time: 69.46s
Presolved: 23387 rows, 535500 columns, 2365729 nonzeros
Variable types: 365306 continuous, 170194 integer (170194 binary)
Found heuristic solution: objective 2.798055e+09
Deterministic concurrent LP optimizer: primal simplex, dual simplex, and barrier
Showing barrier log only...

Root barrier log...

Ordering time: 0.93s

Barrier statistics:
 AA' NZ     : 1.359e+06
 Factor NZ  : 3.427e+06 (roughly 260 MB of memory)
 Factor Ops : 2.482e+09 (less than 1 second per iteration)
 Threads    : 18

                  Objective                Residual
Iter       Primal          Dual         Primal    Dual     Compl     Time
   0  -7.13603499e+15  1.54060075e+14  5.97e+08 2.79e+06  1.55e+12    85s
   1  -3.39591864e+15  1.22120993e+14  2.85e+08 1.59e+07  7.48e+11    86s
   2  -1.06822945e+15  9.78200752e+13  8.96e+07 1.07e+07  2.40e+11    86s
   3  -2.53764252e+14  5.07608132e+13  2.12e+07 1.12e-07  5.94e+10    87s
   4  -1.97084517e+13  4.07115740e+13  1.65e+06 1.49e-07  4.66e+09    87s
   5  -1.23944764e+13  3.27071600e+13  1.04e+06 2.47e-07  2.96e+09    87s
   6  -9.23239286e+12  2.18931724e+13  7.76e+05 1.10e-07  2.22e+09    88s
   7  -3.29914715e+12  1.56597790e+13  2.77e+05 9.32e-08  8.05e+08    88s
   8  -1.93387509e+12  1.41637055e+13  1.61e+05 1.61e-07  4.75e+08    88s
   9  -6.64042796e+11  1.23218638e+13  5.46e+04 9.41e-08  1.69e+08    89s
  10  -4.57648865e+11  1.10383773e+13  3.76e+04 1.83e-07  1.17e+08    89s
  11  -1.10145347e+11  9.43250486e+12  8.98e+03 4.47e-07  3.40e+07    89s
  12  -1.00915250e+11  7.49543633e+12  8.22e+03 6.82e-07  2.85e+07    90s
  13  -5.18426202e+10  4.72769563e+12  4.19e+03 1.49e-06  1.45e+07    90s
  14  -2.56341084e+10  3.46280780e+12  2.03e+03 1.89e-06  8.10e+06    91s
  15  -2.89324286e+09  1.13206970e+12  4.01e+02 1.18e-06  1.88e+06    91s
  16   6.77514488e+08  5.01185114e+11  1.64e+02 8.57e-07  7.63e+05    91s
  17   1.83545617e+09  3.77154783e+11  8.70e+01 1.03e-06  5.02e+05    92s
  18   2.54535861e+09  2.85678766e+11  4.00e+01 8.29e-07  3.32e+05    92s
  19   2.63862378e+09  2.34914192e+11  3.39e+01 5.44e-07  2.73e+05    92s
  20   2.72944944e+09  2.07167918e+11  2.79e+01 5.49e-07  2.37e+05    93s
  21   2.85515525e+09  1.25007158e+11  1.98e+01 3.85e-07  1.48e+05    93s
  22   3.00985520e+09  1.06009775e+11  9.91e+00 3.03e-07  1.13e+05    94s
  23   3.07399493e+09  7.87432326e+10  6.15e+00 4.02e-07  8.32e+04    94s
  24   3.10447959e+09  6.65491698e+10  4.34e+00 4.84e-07  6.93e+04    95s
  25   3.12170715e+09  5.54704890e+10  3.36e+00 5.75e-07  5.76e+04    95s
  26   3.13698423e+09  4.53165792e+10  2.51e+00 8.89e-07  4.74e+04    96s
  27   3.14922247e+09  3.37459355e+10  1.63e+00 1.01e-06  3.44e+04    96s
  28   3.18101250e+09  2.40508441e+10  7.63e-01 8.88e-07  2.23e+04    97s
  29   3.18215035e+09  2.18150515e+10  7.45e-01 1.01e-06  2.00e+04    97s
  30   3.20481781e+09  1.43736448e+10  5.51e-01 6.67e-07  1.18e+04    98s
  31   3.22186290e+09  1.27476779e+10  4.46e-01 7.26e-07  9.88e+03    98s
  32   3.22698611e+09  9.29272746e+09  4.03e-01 5.72e-07  6.32e+03    99s
  33   3.25279263e+09  7.37151260e+09  2.60e-01 4.06e-07  4.15e+03    99s
  34   3.26456102e+09  6.06790648e+09  2.17e-01 3.79e-07  2.80e+03   100s
  35   3.27284563e+09  5.51063736e+09  1.88e-01 3.19e-07  2.22e+03   100s
  36   3.29086784e+09  4.74533216e+09  1.16e-01 2.16e-07  1.41e+03   101s
  37   3.30585778e+09  4.23701184e+09  8.19e-02 1.55e-07  8.89e+02   102s
  38   3.31777982e+09  3.99501274e+09  6.09e-02 1.22e-07  6.41e+02   102s
  39   3.33037341e+09  3.80473763e+09  4.57e-02 9.87e-08  4.46e+02   103s
  40   3.33882688e+09  3.72596813e+09  3.95e-02 7.96e-08  3.63e+02   103s
  41   3.34889742e+09  3.64937160e+09  3.15e-02 5.77e-08  2.81e+02   104s
  42   3.35563972e+09  3.60583973e+09  2.76e-02 4.84e-08  2.34e+02   104s
  43   3.36664044e+09  3.56226309e+09  2.13e-02 3.82e-08  1.82e+02   105s
  44   3.37153733e+09  3.52413767e+09  1.89e-02 3.03e-08  1.42e+02   105s
  45   3.38215025e+09  3.51127922e+09  1.32e-02 2.75e-08  1.20e+02   106s
  46   3.38375687e+09  3.50531782e+09  1.24e-02 3.03e-08  1.13e+02   106s
  47   3.38525370e+09  3.50007744e+09  1.18e-02 2.89e-08  1.07e+02   106s
  48   3.39004607e+09  3.48102390e+09  9.87e-03 2.10e-08  8.44e+01   107s
  49   3.39125082e+09  3.47076920e+09  9.37e-03 1.86e-08  7.37e+01   107s
  50   3.39219820e+09  3.46576088e+09  9.00e-03 1.91e-08  6.82e+01   108s
  51   3.39896836e+09  3.46092367e+09  6.58e-03 1.72e-08  5.74e+01   108s
  52   3.40003864e+09  3.45431730e+09  6.17e-03 2.00e-08  5.03e+01   109s
  53   3.40097597e+09  3.45346814e+09  5.83e-03 2.24e-08  4.86e+01   109s
  54   3.40222710e+09  3.44914229e+09  5.41e-03 2.42e-08  4.34e+01   110s
  55   3.40454694e+09  3.44792433e+09  4.60e-03 2.05e-08  4.02e+01   110s
  56   3.40715688e+09  3.44523077e+09  3.73e-03 2.24e-08  3.52e+01   111s
  57   3.40846351e+09  3.44201117e+09  3.36e-03 2.14e-08  3.10e+01   111s
  58   3.41054344e+09  3.44060624e+09  2.78e-03 2.19e-08  2.78e+01   112s
  59   3.41212680e+09  3.43819450e+09  2.44e-03 2.10e-08  2.41e+01   112s
  60   3.41346735e+09  3.43496900e+09  2.11e-03 1.91e-08  1.99e+01   112s
  61   3.41394158e+09  3.43450364e+09  2.01e-03 2.24e-08  1.90e+01   113s
  62   3.41588513e+09  3.43265284e+09  1.58e-03 1.72e-08  1.55e+01   113s
  63   3.41620893e+09  3.43183156e+09  1.52e-03 1.82e-08  1.44e+01   114s
  64   3.41733892e+09  3.43089101e+09  1.28e-03 1.58e-08  1.25e+01   114s
  65   3.41830826e+09  3.42982164e+09  1.09e-03 1.82e-08  1.06e+01   115s
  66   3.41865161e+09  3.42919015e+09  1.02e-03 1.68e-08  9.75e+00   115s
  67   3.41938744e+09  3.42835929e+09  8.82e-04 1.49e-08  8.30e+00   116s
  68   3.42031345e+09  3.42742905e+09  7.27e-04 1.49e-08  6.58e+00   116s
  69   3.42220309e+09  3.42675986e+09  3.93e-04 1.12e-08  4.21e+00   117s
  70   3.42256348e+09  3.42640331e+09  3.34e-04 1.78e-08  3.55e+00   117s
  71   3.42306882e+09  3.42601128e+09  2.53e-04 1.49e-08  2.72e+00   118s
  72   3.42378015e+09  3.42550029e+09  1.46e-04 1.49e-08  1.59e+00   118s
  73   3.42421118e+09  3.42505258e+09  8.34e-05 8.85e-09  7.78e-01   119s
  74   3.42431998e+09  3.42499663e+09  6.84e-05 1.49e-08  6.26e-01   119s
  75   3.42435714e+09  3.42497123e+09  6.32e-05 1.61e-08  5.68e-01   119s
  76   3.42438686e+09  3.42496605e+09  5.90e-05 1.26e-08  5.35e-01   120s
  77   3.42440103e+09  3.42494298e+09  5.70e-05 1.58e-08  5.01e-01   120s
  78   3.42450751e+09  3.42491514e+09  4.12e-05 1.26e-08  3.77e-01   121s
  79   3.42454044e+09  3.42487643e+09  3.64e-05 1.26e-08  3.11e-01   121s
  80   3.42456154e+09  3.42485714e+09  3.34e-05 1.49e-08  2.73e-01   121s
  81   3.42477870e+09  3.42482050e+09  3.68e-06 1.33e-08  3.86e-02   122s
  82   3.42480604e+09  3.42480902e+09  4.98e-07 1.49e-08  2.75e-03   122s
  83   3.42480698e+09  3.42480740e+09  9.22e-08 1.12e-08  3.89e-04   123s
  84   3.42480720e+09  3.42480721e+09  8.15e-09 1.12e-08  1.00e-05   123s
  85   3.42480721e+09  3.42480721e+09  1.20e-08 1.49e-08  1.32e-07   124s
  86   3.42480721e+09  3.42480721e+09  1.21e-08 7.45e-09  1.16e-07   124s

Barrier solved model in 86 iterations and 124.02 seconds (68.46 work units)
Optimal objective 3.42480721e+09


Root crossover log...

   18538 DPushes remaining with DInf 0.0000000e+00               124s
       0 DPushes remaining with DInf 0.0000000e+00               125s

     716 PPushes remaining with PInf 1.1284134e-04               125s
       0 PPushes remaining with PInf 0.0000000e+00               125s

  Push phase complete: Pinf 0.0000000e+00, Dinf 7.7702635e+03    125s


Root simplex log...

Iteration    Objective       Primal Inf.    Dual Inf.      Time
   19122    3.4248072e+09   0.000000e+00   7.770263e+03    125s
   19140    3.4248072e+09   0.000000e+00   0.000000e+00    125s
Concurrent spin time: 0.02s

Solved with barrier
   19140    3.4248072e+09   0.000000e+00   0.000000e+00    126s

Root relaxation: objective 3.424807e+09, 19140 iterations, 45.00 seconds (16.31 work units)

    Nodes    |    Current Node    |     Objective Bounds      |     Work
 Expl Unexpl |  Obj  Depth IntInf | Incumbent    BestBd   Gap | It/Node Time

     0     0 3.4248e+09    0  130 2.7981e+09 3.4248e+09  22.4%     -  128s
H    0     0                    2.798483e+09 3.4248e+09  22.4%     -  132s
     0     0 3.4247e+09    0  137 2.7985e+09 3.4247e+09  22.4%     -  154s
     0     0 3.4247e+09    0  137 2.7985e+09 3.4247e+09  22.4%     -  179s
     0     0 3.4247e+09    0  139 2.7985e+09 3.4247e+09  22.4%     -  183s
H    0     0                    3.328015e+09 3.4247e+09  2.91%     -  208s
     0     0 3.4247e+09    0  138 3.3280e+09 3.4247e+09  2.91%     -  210s
     0     0 3.4241e+09    0  113 3.3280e+09 3.4241e+09  2.89%     -  230s
H    0     0                    3.407262e+09 3.4241e+09  0.49%     -  243s

Cutting planes:
  Cover: 17
  Implied bound: 3
  Clique: 5
  MIR: 16
  Flow cover: 9
  RLT: 1
  Relax-and-lift: 12

Explored 1 nodes (23121 simplex iterations) in 243.95 seconds (131.66 work units)
Thread count was 20 (of 40 available processors)

Solution count 5: 3.40726e+09 3.40726e+09 3.32801e+09 ... 2.79805e+09

Optimal solution found (tolerance 1.00e-02)
Best objective 3.407262089508e+09, best bound 3.424107707237e+09, gap 0.4944%
Gurobi Optimizer version 10.0.1 build v10.0.1rc0 (linux64)

CPU model: Intel(R) Xeon(R) Gold 5115 CPU @ 2.40GHz, instruction set [SSE2|AVX|AVX2|AVX512]
Thread count: 20 physical cores, 40 logical processors, using up to 20 threads

Optimize a model with 232239 rows, 2947759 columns and 18536486 nonzeros
Model fingerprint: 0x3ef9ce0c
Variable types: 816505 continuous, 2131254 integer (2131254 binary)
Coefficient statistics:
  Matrix range     [1e+00, 2e+05]
  Objective range  [4e+01, 3e+07]
  Bounds range     [4e-16, 3e+05]
  RHS range        [1e+00, 5e+06]
Presolve removed 201029 rows and 2314540 columns (presolve time = 5s) ...
Presolve removed 203160 rows and 2316725 columns (presolve time = 10s) ...
Presolve removed 209860 rows and 2416365 columns (presolve time = 15s) ...
Presolve removed 211165 rows and 2462074 columns (presolve time = 20s) ...
Presolve removed 213380 rows and 2518805 columns (presolve time = 25s) ...
Presolve removed 213350 rows and 2518775 columns
Presolve time: 29.92s
Presolved: 18889 rows, 428984 columns, 1821540 nonzeros
Variable types: 297215 continuous, 131769 integer (131765 binary)
Deterministic concurrent LP optimizer: primal simplex, dual simplex, and barrier
Showing barrier log only...

Root barrier log...

Ordering time: 0.59s

Barrier statistics:
 AA' NZ     : 1.065e+06
 Factor NZ  : 2.643e+06 (roughly 200 MB of memory)
 Factor Ops : 1.588e+09 (less than 1 second per iteration)
 Threads    : 17

                  Objective                Residual
Iter       Primal          Dual         Primal    Dual     Compl     Time
   0  -1.96114793e+15  1.03211619e+14  1.34e+08 3.69e+06  5.78e+11    36s
   1  -8.78251558e+14  7.00669435e+13  6.03e+07 1.11e+07  2.62e+11    36s
   2  -3.14269286e+14  5.77638349e+13  2.18e+07 6.07e+06  9.54e+10    36s
   3  -5.26067373e+13  3.52685961e+13  3.65e+06 7.73e-08  1.61e+10    36s
   4  -1.35523568e+13  2.78000315e+13  9.40e+05 5.49e-08  4.18e+09    37s
   5  -8.32637643e+12  2.12673067e+13  5.78e+05 4.84e-08  2.60e+09    37s
   6  -1.45675943e+12  1.56295289e+13  1.01e+05 4.47e-08  4.79e+08    37s
   7  -5.47186233e+11  1.15410693e+13  3.79e+04 4.47e-08  1.85e+08    37s
   8  -5.30620098e+11  1.10264899e+13  3.68e+04 1.34e-07  1.79e+08    37s
   9  -2.39923396e+11  9.62099787e+12  1.67e+04 8.94e-08  8.45e+07    37s
  10  -1.28938353e+11  8.30330049e+12  9.07e+03 6.67e-07  4.85e+07    38s
  11  -4.74261687e+10  6.53750168e+12  3.50e+03 4.50e-07  2.17e+07    38s
  12  -2.77044253e+10  2.63541336e+12  2.16e+03 5.81e-07  1.00e+07    38s
  13  -3.57895772e+09  1.31713361e+12  5.10e+02 3.50e-07  2.94e+06    38s
  14   9.58221497e+08  6.06085181e+11  1.99e+02 3.23e-07  1.17e+06    38s
  15   2.90480960e+09  2.95542409e+11  6.56e+01 3.33e-07  4.82e+05    38s
  16   3.42243385e+09  2.48928030e+11  3.06e+01 2.34e-07  3.50e+05    39s
  17   3.61081826e+09  1.38423251e+11  1.80e+01 1.93e-07  1.94e+05    39s
  18   3.68936813e+09  1.09193181e+11  1.28e+01 1.31e-07  1.50e+05    39s
  19   3.75607065e+09  9.22339373e+10  8.47e+00 1.75e-07  1.22e+05    39s
  20   3.77736194e+09  7.51189504e+10  7.05e+00 2.78e-07  1.02e+05    39s
  21   3.80796815e+09  6.38988666e+10  5.07e+00 4.54e-07  8.56e+04    40s
  22   3.82805971e+09  4.69902295e+10  3.89e+00 8.18e-07  6.59e+04    40s
  23   3.84249184e+09  3.86040186e+10  3.07e+00 1.05e-06  5.49e+04    40s
  24   3.85825876e+09  3.34054669e+10  2.52e+00 1.20e-06  4.66e+04    40s
  25   3.87057385e+09  2.68936971e+10  1.92e+00 1.14e-06  3.56e+04    40s
  26   3.89283844e+09  2.14077813e+10  9.68e-01 8.94e-07  2.44e+04    41s
  27   3.92474245e+09  1.23214726e+10  2.25e-01 6.60e-07  1.04e+04    41s
  28   3.94336948e+09  7.95442803e+09  8.89e-02 4.29e-07  4.78e+03    41s
  29   3.95545178e+09  6.55789196e+09  5.56e-02 3.65e-07  3.07e+03    41s
  30   3.95696441e+09  6.38981646e+09  5.28e-02 3.65e-07  2.86e+03    42s
  31   3.96977633e+09  5.59281476e+09  3.16e-02 2.37e-07  1.90e+03    42s
  32   3.98239984e+09  5.30437568e+09  1.58e-02 2.35e-07  1.53e+03    42s
  33   3.99317244e+09  4.80630505e+09  9.49e-03 1.47e-07  9.41e+02    42s
  34   4.00272540e+09  4.45663029e+09  5.61e-03 7.17e-08  5.25e+02    42s
  35   4.00950349e+09  4.25043172e+09  4.28e-03 4.00e-08  2.78e+02    42s
  36   4.01358378e+09  4.19413009e+09  3.71e-03 2.98e-08  2.08e+02    43s
  37   4.01814732e+09  4.15763176e+09  3.18e-03 2.05e-08  1.61e+02    43s
  38   4.02242865e+09  4.15269114e+09  2.75e-03 2.24e-08  1.50e+02    43s
  39   4.02989051e+09  4.12146046e+09  2.06e-03 1.35e-08  1.06e+02    43s
  40   4.03617108e+09  4.10515091e+09  1.61e-03 1.07e-08  7.96e+01    43s
  41   4.04390735e+09  4.09547579e+09  1.12e-03 1.12e-08  5.95e+01    44s
  42   4.04724392e+09  4.08930331e+09  9.45e-04 1.30e-08  4.85e+01    44s
  43   4.04943862e+09  4.08370339e+09  8.15e-04 1.12e-08  3.95e+01    44s
  44   4.05424540e+09  4.08039149e+09  5.47e-04 1.02e-08  3.02e+01    44s
  45   4.05651025e+09  4.07837255e+09  4.31e-04 1.35e-08  2.52e+01    44s
  46   4.05736779e+09  4.07556137e+09  3.91e-04 1.12e-08  2.10e+01    45s
  47   4.05896273e+09  4.07439153e+09  3.17e-04 1.49e-08  1.78e+01    45s
  48   4.06041798e+09  4.07306545e+09  2.54e-04 1.07e-08  1.46e+01    45s
  49   4.06200741e+09  4.07189758e+09  1.88e-04 1.30e-08  1.14e+01    45s
  50   4.06306412e+09  4.07079156e+09  1.49e-04 7.45e-09  8.91e+00    46s
  51   4.06511669e+09  4.06977684e+09  7.18e-05 1.12e-08  5.37e+00    46s
  52   4.06577859e+09  4.06914949e+09  4.94e-05 1.12e-08  3.89e+00    46s
  53   4.06600772e+09  4.06850252e+09  4.19e-05 1.12e-08  2.88e+00    46s
  54   4.06651429e+09  4.06825850e+09  2.57e-05 1.12e-08  2.01e+00    46s
  55   4.06676565e+09  4.06798191e+09  1.77e-05 1.40e-08  1.40e+00    47s
  56   4.06692823e+09  4.06777742e+09  1.26e-05 1.12e-08  9.79e-01    47s
  57   4.06705542e+09  4.06765823e+09  8.70e-06 1.52e-08  6.95e-01    47s
  58   4.06713962e+09  4.06752625e+09  6.18e-06 8.61e-09  4.46e-01    47s
  59   4.06728111e+09  4.06746785e+09  1.94e-06 7.92e-09  2.15e-01    48s
  60   4.06730746e+09  4.06737100e+09  1.22e-06 9.31e-09  7.33e-02    48s
  61   4.06732234e+09  4.06736589e+09  7.96e-07 1.49e-08  5.02e-02    48s
  62   4.06733167e+09  4.06736270e+09  5.33e-07 1.49e-08  3.58e-02    48s
  63   4.06734314e+09  4.06736093e+09  2.09e-07 1.12e-08  2.05e-02    48s
  64   4.06734678e+09  4.06735751e+09  1.73e-07 1.12e-08  1.24e-02    48s
  65   4.06735065e+09  4.06735608e+09  5.07e-07 1.20e-08  6.26e-03    48s
  66   4.06735104e+09  4.06735364e+09  2.75e-07 1.07e-08  3.00e-03    49s
  67   4.06735119e+09  4.06735308e+09  2.35e-07 1.02e-08  2.17e-03    49s
  68   4.06735147e+09  4.06735217e+09  1.64e-07 1.20e-08  8.07e-04    49s
  69   4.06735157e+09  4.06735193e+09  5.59e-08 1.12e-08  4.18e-04    49s
  70   4.06735161e+09  4.06735174e+09  2.62e-08 1.12e-08  1.53e-04    49s
  71   4.06735164e+09  4.06735164e+09  3.20e-09 1.12e-08  5.35e-06    50s
  72   4.06735164e+09  4.06735164e+09  1.51e-08 1.20e-08  4.47e-08    50s
  73   4.06735164e+09  4.06735164e+09  4.83e-07 7.28e-09  2.82e-08    50s

Barrier solved model in 73 iterations and 50.18 seconds (52.06 work units)
Optimal objective 4.06735164e+09


Root crossover log...

   14550 DPushes remaining with DInf 0.0000000e+00                50s
       0 DPushes remaining with DInf 0.0000000e+00                50s

     742 PPushes remaining with PInf 4.6052194e-04                50s
       0 PPushes remaining with PInf 0.0000000e+00                50s

  Push phase complete: Pinf 0.0000000e+00, Dinf 3.4348018e+04     50s


Root simplex log...

Iteration    Objective       Primal Inf.    Dual Inf.      Time
   14927    4.0673516e+09   0.000000e+00   3.434802e+04     50s
   14995    4.0673516e+09   0.000000e+00   0.000000e+00     51s
Concurrent spin time: 0.03s

Solved with barrier
   14995    4.0673516e+09   0.000000e+00   0.000000e+00     51s

Root relaxation: objective 4.067352e+09, 14995 iterations, 17.79 seconds (11.67 work units)

    Nodes    |    Current Node    |     Objective Bounds      |     Work
 Expl Unexpl |  Obj  Depth IntInf | Incumbent    BestBd   Gap | It/Node Time

     0     0 4.0674e+09    0   88          - 4.0674e+09      -     -   52s
H    0     0                    3.993763e+09 4.0674e+09  1.84%     -   59s
     0     0 4.0673e+09    0  106 3.9938e+09 4.0673e+09  1.84%     -   65s
H    0     0                    4.016919e+09 4.0673e+09  1.25%     -   74s
     0     0 4.0670e+09    0  109 4.0169e+09 4.0670e+09  1.25%     -   79s
     0     0 4.0670e+09    0  111 4.0169e+09 4.0670e+09  1.25%     -   80s
     0     0 4.0670e+09    0  115 4.0169e+09 4.0670e+09  1.25%     -   83s
H    0     0                    4.033924e+09 4.0670e+09  0.82%     -   95s

Cutting planes:
  Cover: 5
  Implied bound: 5
  Clique: 1
  MIR: 4
  Flow cover: 7
  RLT: 2
  Relax-and-lift: 1

Explored 1 nodes (17970 simplex iterations) in 95.91 seconds (102.58 work units)
Thread count was 20 (of 40 available processors)

Solution count 4: 4.03392e+09 4.03392e+09 4.01692e+09 3.99376e+09 

Optimal solution found (tolerance 1.00e-02)
Warning: max constraint violation (7.6671e-06) exceeds tolerance
Best objective 4.033923685639e+09, best bound 4.066989427748e+09, gap 0.8197%
Gurobi Optimizer version 10.0.1 build v10.0.1rc0 (linux64)

CPU model: Intel(R) Xeon(R) Gold 5115 CPU @ 2.40GHz, instruction set [SSE2|AVX|AVX2|AVX512]
Thread count: 20 physical cores, 40 logical processors, using up to 20 threads

Optimize a model with 298321 rows, 4577413 columns and 28655263 nonzeros
Model fingerprint: 0x22a1fb5a
Variable types: 1000889 continuous, 3576524 integer (3576524 binary)
Coefficient statistics:
  Matrix range     [1e+00, 2e+05]
  Objective range  [4e+01, 3e+07]
  Bounds range     [1e-13, 3e+05]
  RHS range        [1e+00, 6e+06]
Presolve removed 246216 rows and 3378924 columns (presolve time = 5s) ...
Presolve removed 258667 rows and 3710000 columns (presolve time = 10s) ...
Presolve removed 259960 rows and 3711864 columns (presolve time = 15s) ...
Presolve removed 267723 rows and 3825847 columns (presolve time = 20s) ...
Presolve removed 268200 rows and 3833386 columns (presolve time = 25s) ...
Presolve removed 268285 rows and 3835699 columns (presolve time = 30s) ...
Presolve removed 268338 rows and 3836866 columns (presolve time = 35s) ...
Presolve removed 270275 rows and 3894637 columns (presolve time = 40s) ...
Presolve removed 275386 rows and 4036171 columns (presolve time = 45s) ...
Presolve removed 275883 rows and 4042464 columns (presolve time = 51s) ...
Presolve removed 275883 rows and 4042464 columns (presolve time = 55s) ...
Presolve removed 275838 rows and 4042419 columns
Presolve time: 57.44s
Presolved: 22483 rows, 534994 columns, 2367745 nonzeros
Variable types: 412164 continuous, 122830 integer (122830 binary)
Deterministic concurrent LP optimizer: primal simplex, dual simplex, and barrier
Showing barrier log only...

Root barrier log...

Ordering time: 0.81s

Barrier statistics:
 AA' NZ     : 1.360e+06
 Factor NZ  : 3.483e+06 (roughly 260 MB of memory)
 Factor Ops : 2.515e+09 (less than 1 second per iteration)
 Threads    : 17

                  Objective                Residual
Iter       Primal          Dual         Primal    Dual     Compl     Time
   0  -2.44740497e+15  1.16389130e+13  2.35e+08 9.71e+05  4.62e+10    65s
   1  -1.28372083e+15  8.00707415e+12  1.23e+08 1.27e+06  2.48e+10    65s
   2  -1.55829249e+14  5.52096805e+12  1.50e+07 4.43e+05  3.08e+09    66s
   3  -4.61485298e+13  3.42357618e+12  4.44e+06 1.10e+04  9.36e+08    66s
   4  -1.84019082e+13  2.51232782e+12  1.78e+06 1.05e+03  3.75e+08    66s
   5  -9.29602874e+12  1.76291410e+12  8.97e+05 1.24e+02  1.98e+08    66s
   6  -1.27034546e+12  1.44375250e+12  1.23e+05 2.26e+01  2.81e+07    67s
   7  -6.04009747e+11  1.25817277e+12  5.85e+04 1.18e+01  1.37e+07    67s
   8  -2.64014248e+11  1.14308032e+12  2.56e+04 7.95e+00  6.48e+06    67s
   9  -2.14226779e+11  1.03612571e+12  2.08e+04 1.06e+01  5.24e+06    67s
  10  -1.64425443e+11  8.09557030e+11  1.61e+04 1.48e+00  3.82e+06    67s
  11  -7.11273300e+10  5.77090505e+11  7.24e+03 5.12e-09  1.78e+06    68s
  12  -2.73586249e+10  3.97095695e+11  3.09e+03 1.56e+00  8.38e+05    68s
  13  -2.76893931e+09  1.09818132e+11  7.39e+02 4.83e-09  1.84e+05    68s
  14   1.85383224e+09  5.59714841e+10  2.96e+02 5.59e-09  7.87e+04    68s
  15   2.87794023e+09  3.62160840e+10  1.99e+02 5.59e-09  4.93e+04    68s
  16   3.88638077e+09  2.87607509e+10  1.03e+02 7.45e-09  3.26e+04    69s
  17   4.41121364e+09  2.13964278e+10  5.31e+01 7.80e-09  2.09e+04    69s
  18   4.60336485e+09  1.84799290e+10  3.50e+01 1.16e-08  1.65e+04    69s
  19   4.78075305e+09  1.63099479e+10  1.82e+01 2.33e-08  1.30e+04    69s
  20   4.82316797e+09  1.50239194e+10  1.47e+01 3.12e-08  1.16e+04    69s
  21   4.87205584e+09  1.36404265e+10  1.01e+01 4.05e-08  1.00e+04    70s
  22   4.91315601e+09  1.30279979e+10  5.94e+00 4.38e-08  9.11e+03    70s
  23   4.93631132e+09  1.11149185e+10  4.65e+00 1.09e-07  7.47e+03    70s
  24   4.96439169e+09  1.06314183e+10  3.77e+00 1.46e-07  6.80e+03    70s
  25   5.00393303e+09  9.74572525e+09  2.93e+00 1.40e-07  5.76e+03    71s
  26   5.00854138e+09  9.48490335e+09  2.85e+00 1.73e-07  5.48e+03    71s
  27   5.03143535e+09  9.05865186e+09  2.25e+00 1.55e-07  4.80e+03    71s
  28   5.04815252e+09  8.65344535e+09  1.86e+00 1.44e-07  4.23e+03    72s
  29   5.06108289e+09  7.97068136e+09  1.58e+00 1.43e-07  3.43e+03    72s
  30   5.06936719e+09  7.59467708e+09  1.41e+00 1.77e-07  2.95e+03    72s
  31   5.08333247e+09  7.31138294e+09  1.11e+00 1.70e-07  2.52e+03    72s
  32   5.09893871e+09  6.76261018e+09  7.27e-01 1.51e-07  1.81e+03    73s
  33   5.11209587e+09  6.52087120e+09  4.91e-01 1.49e-07  1.47e+03    73s
  34   5.11876151e+09  5.91318487e+09  3.85e-01 1.03e-07  8.17e+02    73s
  35   5.13595011e+09  5.69177937e+09  1.54e-01 7.92e-08  5.39e+02    74s
  36   5.14434801e+09  5.52744736e+09  9.36e-02 6.71e-08  3.65e+02    74s
  37   5.14708607e+09  5.45987193e+09  8.09e-02 6.43e-08  2.96e+02    74s
  38   5.14868508e+09  5.37083917e+09  7.35e-02 4.47e-08  2.10e+02    74s
  39   5.15342002e+09  5.33843874e+09  5.70e-02 3.82e-08  1.74e+02    74s
  40   5.15479811e+09  5.29101694e+09  5.21e-02 2.79e-08  1.28e+02    75s
  41   5.15466329e+09  5.28474764e+09  5.07e-02 2.42e-08  1.22e+02    75s
  42   5.15630684e+09  5.27290473e+09  4.50e-02 2.19e-08  1.09e+02    75s
  43   5.15915033e+09  5.26713851e+09  3.81e-02 2.33e-08  1.01e+02    75s
  44   5.16227959e+09  5.24617190e+09  3.10e-02 2.05e-08  7.80e+01    75s
  45   5.16494723e+09  5.23017678e+09  2.51e-02 2.10e-08  6.05e+01    76s
  46   5.16608034e+09  5.22277678e+09  2.34e-02 2.42e-08  5.26e+01    76s
  47   5.16892565e+09  5.21876765e+09  1.96e-02 2.70e-08  4.62e+01    76s
  48   5.17035264e+09  5.21133562e+09  1.74e-02 2.10e-08  3.79e+01    76s
  49   5.17137115e+09  5.20827343e+09  1.60e-02 1.96e-08  3.42e+01    77s
  50   5.17256704e+09  5.20543265e+09  1.46e-02 1.91e-08  3.04e+01    77s
  51   5.17389858e+09  5.20211160e+09  1.29e-02 1.77e-08  2.61e+01    77s
  52   5.17623742e+09  5.19978884e+09  1.03e-02 1.77e-08  2.18e+01    78s
  53   5.17793516e+09  5.19640599e+09  8.61e-03 1.54e-08  1.71e+01    78s
  54   5.17932842e+09  5.19456110e+09  7.20e-03 1.44e-08  1.41e+01    78s
  55   5.18074094e+09  5.19358550e+09  5.83e-03 1.72e-08  1.19e+01    78s
  56   5.18141414e+09  5.19273329e+09  5.19e-03 1.68e-08  1.04e+01    79s
  57   5.18218008e+09  5.19213643e+09  4.53e-03 1.91e-08  9.19e+00    79s
  58   5.18255206e+09  5.19193805e+09  4.20e-03 1.96e-08  8.66e+00    79s
  59   5.18362662e+09  5.19118066e+09  3.25e-03 1.68e-08  6.97e+00    80s
  60   5.18432951e+09  5.19076814e+09  2.67e-03 1.86e-08  5.94e+00    80s
  61   5.18446390e+09  5.19040457e+09  2.56e-03 1.63e-08  5.48e+00    80s
  62   5.18560577e+09  5.18991349e+09  1.63e-03 1.58e-08  3.98e+00    80s
  63   5.18593918e+09  5.18946394e+09  1.37e-03 1.44e-08  3.25e+00    81s
  64   5.18639842e+09  5.18905732e+09  1.03e-03 1.49e-08  2.45e+00    81s
  65   5.18661392e+09  5.18887013e+09  8.84e-04 1.49e-08  2.08e+00    81s
  66   5.18686622e+09  5.18867812e+09  7.06e-04 1.44e-08  1.67e+00    82s
  67   5.18699556e+09  5.18850990e+09  6.16e-04 1.77e-08  1.40e+00    82s
  68   5.18730690e+09  5.18841199e+09  4.01e-04 1.82e-08  1.02e+00    82s
  69   5.18748886e+09  5.18820243e+09  2.78e-04 1.40e-08  6.58e-01    82s
  70   5.18776526e+09  5.18804676e+09  8.82e-05 1.12e-08  2.60e-01    83s
  71   5.18785304e+09  5.18794911e+09  3.22e-05 9.78e-09  8.87e-02    83s
  72   5.18789535e+09  5.18791732e+09  5.52e-06 8.85e-09  2.03e-02    83s
  73   5.18790080e+09  5.18790901e+09  9.56e-06 7.45e-09  7.58e-03    83s
  74   5.18790420e+09  5.18790604e+09  3.44e-06 7.45e-09  1.71e-03    84s
  75   5.18790508e+09  5.18790512e+09  1.30e-07 9.31e-09  3.40e-05    84s
  76   5.18790510e+09  5.18790510e+09  3.31e-09 7.45e-09  7.04e-08    84s
  77   5.18790510e+09  5.18790510e+09  6.37e-10 7.92e-09  2.26e-10    84s

Barrier solved model in 77 iterations and 84.31 seconds (95.85 work units)
Optimal objective 5.18790510e+09


Root crossover log...

   17501 DPushes remaining with DInf 0.0000000e+00                84s
       0 DPushes remaining with DInf 0.0000000e+00                85s

    1294 PPushes remaining with PInf 0.0000000e+00                85s
       0 PPushes remaining with PInf 0.0000000e+00                85s

  Push phase complete: Pinf 0.0000000e+00, Dinf 5.2942539e+04     85s


Root simplex log...

Iteration    Objective       Primal Inf.    Dual Inf.      Time
   18171    5.1879051e+09   0.000000e+00   5.294254e+04     85s
   18199    5.1879051e+09   0.000000e+00   0.000000e+00     85s
Concurrent spin time: 0.12s

Solved with barrier
   18199    5.1879051e+09   0.000000e+00   0.000000e+00     86s

Root relaxation: objective 5.187905e+09, 18199 iterations, 23.97 seconds (16.18 work units)

    Nodes    |    Current Node    |     Objective Bounds      |     Work
 Expl Unexpl |  Obj  Depth IntInf | Incumbent    BestBd   Gap | It/Node Time

     0     0 5.1879e+09    0   80          - 5.1879e+09      -     -   87s
H    0     0                    5.010044e+09 5.1879e+09  3.55%     -  104s
     0     0 5.1879e+09    0   84 5.0100e+09 5.1879e+09  3.55%     -  109s
H    0     0                    5.125085e+09 5.1879e+09  1.23%     -  128s
     0     0 5.1879e+09    0   76 5.1251e+09 5.1879e+09  1.23%     -  132s
H    0     0                    5.147098e+09 5.1879e+09  0.79%     -  148s

Cutting planes:
  Cover: 3
  Implied bound: 3
  Clique: 2
  MIR: 5
  Flow cover: 10
  RLT: 2
  Relax-and-lift: 3

Explored 1 nodes (21875 simplex iterations) in 149.16 seconds (164.98 work units)
Thread count was 20 (of 40 available processors)

Solution count 4: 5.1471e+09 5.1471e+09 5.12508e+09 5.01004e+09 

Optimal solution found (tolerance 1.00e-02)
Warning: max constraint violation (8.3000e-06) exceeds tolerance
Best objective 5.147098496386e+09, best bound 5.187905095791e+09, gap 0.7928%
Gurobi Optimizer version 10.0.1 build v10.0.1rc0 (linux64)

CPU model: Intel(R) Xeon(R) Gold 5115 CPU @ 2.40GHz, instruction set [SSE2|AVX|AVX2|AVX512]
Thread count: 20 physical cores, 40 logical processors, using up to 20 threads

Optimize a model with 323962 rows, 4933151 columns and 31328867 nonzeros
Model fingerprint: 0x912f0563
Variable types: 537903 continuous, 4395248 integer (4395248 binary)
Coefficient statistics:
  Matrix range     [1e+00, 2e+05]
  Objective range  [4e+01, 3e+07]
  Bounds range     [2e-15, 3e+05]
  RHS range        [1e+00, 6e+06]
Presolve removed 283828 rows and 4147515 columns (presolve time = 5s) ...
Presolve removed 301589 rows and 4480932 columns (presolve time = 10s) ...
Presolve removed 308555 rows and 4589471 columns (presolve time = 15s) ...
Presolve removed 308701 rows and 4593166 columns (presolve time = 20s) ...
Presolve removed 308996 rows and 4602494 columns (presolve time = 25s) ...
Presolve removed 309936 rows and 4635086 columns (presolve time = 30s) ...
Presolve removed 309936 rows and 4635086 columns (presolve time = 37s) ...
Presolve removed 309907 rows and 4635049 columns
Presolve time: 37.70s
Presolved: 14055 rows, 298102 columns, 1349759 nonzeros
Variable types: 209391 continuous, 88711 integer (88708 binary)
Found heuristic solution: objective 4.420891e+09
Deterministic concurrent LP optimizer: primal simplex, dual simplex, and barrier
Showing barrier log only...

Root barrier log...

Ordering time: 0.34s

Barrier statistics:
 AA' NZ     : 7.278e+05
 Factor NZ  : 1.630e+06 (roughly 140 MB of memory)
 Factor Ops : 7.233e+08 (less than 1 second per iteration)
 Threads    : 18

                  Objective                Residual
Iter       Primal          Dual         Primal    Dual     Compl     Time
   0  -1.74826224e+15  6.43870619e+12  2.36e+08 1.15e+06  6.80e+10    44s
   1  -9.12032471e+14  5.27644984e+12  1.24e+08 1.35e+06  3.62e+10    44s
   2  -1.20614791e+14  4.36060026e+12  1.62e+07 6.18e+05  4.89e+09    44s
   3  -2.68864607e+13  2.50640482e+12  3.62e+06 5.99e+02  1.11e+09    45s
   4  -5.14094835e+12  1.81012550e+12  6.99e+05 7.24e+01  2.14e+08    45s
   5  -3.28148502e+12  1.00246293e+12  4.46e+05 5.59e-09  1.39e+08    45s
   6  -1.77221834e+12  7.64418725e+11  2.41e+05 5.59e-09  7.57e+07    45s
   7  -4.42905499e+11  6.61226766e+11  6.06e+04 5.59e-09  1.99e+07    45s
   8  -1.72547371e+11  6.26469905e+11  2.41e+04 6.52e-09  8.38e+06    45s
   9  -9.97372602e+10  5.55070721e+11  1.43e+04 7.45e-09  5.08e+06    45s
  10  -1.70063796e+10  3.32408548e+11  2.99e+03 6.52e-09  1.30e+06    45s
  11  -6.92851112e+09  2.48162119e+11  1.62e+03 6.98e-09  7.74e+05    45s
  12  -1.11827864e+08  9.38441835e+10  6.95e+02 5.59e-09  2.70e+05    46s
  13   2.87254361e+09  6.37435571e+10  2.91e+02 4.19e-09  1.45e+05    46s
  14   3.14899597e+09  5.12319480e+10  2.53e+02 5.59e-09  1.16e+05    46s
  15   3.92510081e+09  3.78962446e+10  1.48e+02 5.53e-09  7.64e+04    46s
  16   4.41111733e+09  2.96338717e+10  8.26e+01 7.33e-09  5.28e+04    46s
  17   4.64929734e+09  1.78660947e+10  5.07e+01 2.04e-08  2.88e+04    46s
  18   4.81066559e+09  1.57740340e+10  2.97e+01 1.83e-08  2.24e+04    46s
  19   4.85191879e+09  1.45672126e+10  2.48e+01 2.30e-08  1.99e+04    46s
  20   4.87612754e+09  1.32324855e+10  2.18e+01 3.26e-08  1.75e+04    46s
  21   4.90001287e+09  1.19599772e+10  1.89e+01 5.77e-08  1.53e+04    47s
  22   4.91359135e+09  1.05522106e+10  1.72e+01 5.36e-08  1.29e+04    47s
  23   4.91842564e+09  9.75307666e+09  1.64e+01 8.66e-08  1.16e+04    47s
  24   4.95267574e+09  9.51253489e+09  1.21e+01 9.41e-08  1.03e+04    47s
  25   4.96241249e+09  8.83947235e+09  1.09e+01 1.20e-07  9.09e+03    47s
  26   4.98595013e+09  8.18668937e+09  6.92e+00 1.03e-07  7.33e+03    47s
  27   4.99705681e+09  7.51245353e+09  5.03e+00 1.08e-07  5.87e+03    47s
  28   5.01321546e+09  7.19273751e+09  3.39e+00 1.16e-07  4.85e+03    48s
  29   5.02644862e+09  6.42540314e+09  2.39e+00 8.85e-08  3.06e+03    48s
  30   5.04766802e+09  5.67079735e+09  5.81e-01 4.52e-08  1.17e+03    48s
  31   5.05406611e+09  5.39848970e+09  1.68e-01 5.77e-08  5.97e+02    48s
  32   5.05922778e+09  5.30805167e+09  9.44e-02 4.66e-08  4.24e+02    48s
  33   5.05830405e+09  5.27216651e+09  9.35e-02 4.56e-08  3.64e+02    48s
  34   5.06011522e+09  5.26228272e+09  7.62e-02 5.22e-08  3.43e+02    48s
  35   5.06176963e+09  5.15707772e+09  5.06e-02 2.24e-08  1.60e+02    48s
  36   5.06320242e+09  5.13055159e+09  4.02e-02 1.96e-08  1.13e+02    49s
  37   5.06479143e+09  5.11639985e+09  2.72e-02 1.40e-08  8.63e+01    49s
  38   5.06765405e+09  5.10473432e+09  1.34e-02 1.21e-08  6.18e+01    49s
  39   5.06984287e+09  5.09840153e+09  7.86e-03 1.35e-08  4.75e+01    49s
  40   5.07106316e+09  5.09650116e+09  5.98e-03 1.21e-08  4.23e+01    49s
  41   5.07123612e+09  5.09455098e+09  5.76e-03 1.40e-08  3.88e+01    49s
  42   5.07144490e+09  5.09398804e+09  5.53e-03 1.82e-08  3.75e+01    49s
  43   5.07252356e+09  5.09122779e+09  4.64e-03 1.68e-08  3.11e+01    49s
  44   5.07386831e+09  5.08936721e+09  3.47e-03 1.58e-08  2.58e+01    50s
  45   5.07447829e+09  5.08656177e+09  3.06e-03 1.21e-08  2.01e+01    50s
  46   5.07560249e+09  5.08546913e+09  2.41e-03 1.26e-08  1.64e+01    50s
  47   5.07629546e+09  5.08436093e+09  2.03e-03 1.21e-08  1.34e+01    50s
  48   5.07763223e+09  5.08350513e+09  1.36e-03 1.16e-08  9.77e+00    50s
  49   5.07796379e+09  5.08331615e+09  1.22e-03 1.44e-08  8.90e+00    50s
  50   5.07875940e+09  5.08237213e+09  8.91e-04 8.85e-09  6.01e+00    50s
  51   5.07924373e+09  5.08201752e+09  6.98e-04 1.07e-08  4.61e+00    51s
  52   5.07987699e+09  5.08177488e+09  4.38e-04 1.12e-08  3.16e+00    51s
  53   5.08021924e+09  5.08135755e+09  3.05e-04 9.78e-09  1.89e+00    51s
  54   5.08073859e+09  5.08114139e+09  1.05e-04 7.45e-09  6.70e-01    51s
  55   5.08088133e+09  5.08106956e+09  5.21e-05 7.92e-09  3.13e-01    51s
  56   5.08099898e+09  5.08104678e+09  1.02e-05 6.52e-09  7.95e-02    51s
  57   5.08101608e+09  5.08104110e+09  4.46e-06 8.38e-09  4.16e-02    51s
  58   5.08102746e+09  5.08103221e+09  2.44e-06 6.98e-09  7.89e-03    51s
  59   5.08103011e+09  5.08103044e+09  7.41e-07 7.92e-09  5.63e-04    52s
  60   5.08103028e+09  5.08103028e+09  1.92e-09 6.52e-09  1.08e-06    52s
  61   5.08103028e+09  5.08103028e+09  1.75e-08 6.52e-09  6.57e-07    52s

Barrier solved model in 61 iterations and 51.87 seconds (53.75 work units)
Optimal objective 5.08103028e+09


Root crossover log...

    9644 DPushes remaining with DInf 0.0000000e+00                52s
       0 DPushes remaining with DInf 0.0000000e+00                52s

    1275 PPushes remaining with PInf 1.0983691e-03                52s
       0 PPushes remaining with PInf 0.0000000e+00                52s

  Push phase complete: Pinf 0.0000000e+00, Dinf 1.9512817e+05     52s


Root simplex log...

Iteration    Objective       Primal Inf.    Dual Inf.      Time
   10834    5.0810303e+09   0.000000e+00   1.951282e+05     52s
   10882    5.0810303e+09   0.000000e+00   0.000000e+00     52s
Concurrent spin time: 0.00s

Solved with barrier
   10882    5.0810303e+09   0.000000e+00   0.000000e+00     52s

Root relaxation: objective 5.081030e+09, 10882 iterations, 9.79 seconds (6.89 work units)

    Nodes    |    Current Node    |     Objective Bounds      |     Work
 Expl Unexpl |  Obj  Depth IntInf | Incumbent    BestBd   Gap | It/Node Time

     0     0 5.0810e+09    0   50 4.4209e+09 5.0810e+09  14.9%     -   53s
     0     0 5.0810e+09    0   53 4.4209e+09 5.0810e+09  14.9%     -   59s
H    0     0                    4.421176e+09 5.0810e+09  14.9%     -   62s
     0     0 5.0810e+09    0   53 4.4212e+09 5.0810e+09  14.9%     -   65s
     0     0 5.0810e+09    0   54 4.4212e+09 5.0810e+09  14.9%     -   66s
     0     0 5.0810e+09    0   55 4.4212e+09 5.0810e+09  14.9%     -   69s
     0     0 5.0810e+09    0   49 4.4212e+09 5.0810e+09  14.9%     -   71s
     0     0 5.0810e+09    0   49 4.4212e+09 5.0810e+09  14.9%     -   77s
     0     0 5.0810e+09    0   48 4.4212e+09 5.0810e+09  14.9%     -   79s
     0     0 5.0810e+09    0   50 4.4212e+09 5.0810e+09  14.9%     -   84s
     0     0 5.0810e+09    0   51 4.4212e+09 5.0810e+09  14.9%     -   93s
     0     0 5.0810e+09    0   45 4.4212e+09 5.0810e+09  14.9%     -   94s
     0     0 5.0810e+09    0   45 4.4212e+09 5.0810e+09  14.9%     -   97s
H    0     0                    5.042552e+09 5.0810e+09  0.76%     -  109s

Cutting planes:
  Cover: 6
  Implied bound: 4
  Clique: 2
  MIR: 5
  Flow cover: 20
  GUB cover: 2
  Relax-and-lift: 2

Explored 1 nodes (15885 simplex iterations) in 110.15 seconds (119.49 work units)
Thread count was 20 (of 40 available processors)

Solution count 4: 5.04255e+09 5.04255e+09 4.42118e+09 4.42089e+09 

Optimal solution found (tolerance 1.00e-02)
Best objective 5.042552384990e+09, best bound 5.081030278311e+09, gap 0.7631%
Gurobi Optimizer version 10.0.1 build v10.0.1rc0 (linux64)

CPU model: Intel(R) Xeon(R) Gold 5115 CPU @ 2.40GHz, instruction set [SSE2|AVX|AVX2|AVX512]
Thread count: 20 physical cores, 40 logical processors, using up to 20 threads

Optimize a model with 323912 rows, 4942721 columns and 31102319 nonzeros
Model fingerprint: 0x57b12eb2
Variable types: 65945 continuous, 4876776 integer (4876776 binary)
Coefficient statistics:
  Matrix range     [1e+00, 2e+05]
  Objective range  [4e+01, 3e+07]
  Bounds range     [1e-13, 3e+05]
  RHS range        [1e+00, 6e+06]
Presolve removed 301643 rows and 4741417 columns (presolve time = 5s) ...
Presolve removed 317464 rows and 4875402 columns (presolve time = 10s) ...
Presolve removed 317492 rows and 4877868 columns (presolve time = 15s) ...
Presolve removed 317488 rows and 4877864 columns
Presolve time: 17.79s
Presolved: 6424 rows, 64857 columns, 288003 nonzeros
Variable types: 1742 continuous, 63115 integer (63115 binary)
Deterministic concurrent LP optimizer: primal and dual simplex
Showing first log only...


Root simplex log...

Iteration    Objective       Primal Inf.    Dual Inf.      Time
       0    4.2204926e+09   1.222994e+05   3.468258e+13     20s
   16135    4.8803567e+09   0.000000e+00   1.843408e+11     21s
   38156    5.0833377e+09   0.000000e+00   0.000000e+00     21s
Concurrent spin time: 0.00s

Solved with primal simplex
   38156    5.0833377e+09   0.000000e+00   0.000000e+00     21s

Root relaxation: objective 5.083338e+09, 38156 iterations, 1.48 seconds (1.63 work units)

    Nodes    |    Current Node    |     Objective Bounds      |     Work
 Expl Unexpl |  Obj  Depth IntInf | Incumbent    BestBd   Gap | It/Node Time

     0     0 5.0833e+09    0   44          - 5.0833e+09      -     -   21s
H    0     0                    4.881262e+09 5.0833e+09  4.14%     -   22s
H    0     0                    5.075208e+09 5.0833e+09  0.16%     -   27s

Explored 1 nodes (39326 simplex iterations) in 28.30 seconds (18.75 work units)
Thread count was 20 (of 40 available processors)

Solution count 2: 5.07521e+09 4.88126e+09 

Optimal solution found (tolerance 1.00e-02)
Best objective 5.075208248913e+09, best bound 5.083337700943e+09, gap 0.1602%
