
Gurobi 10.0.1 (linux64) logging started Sat May 27 23:46:27 2023

Set parameter LogFile to value "logFiles/N-1L-D/N-1L-14U-40F-23V-365D/basic-05-27-2023, 23-46-H50-P80-O15.log"
Gurobi Optimizer version 10.0.1 build v10.0.1rc0 (linux64)

CPU model: Intel(R) Xeon(R) Gold 5115 CPU @ 2.40GHz, instruction set [SSE2|AVX|AVX2|AVX512]
Thread count: 20 physical cores, 40 logical processors, using up to 20 threads

Optimize a model with 100925 rows, 1320640 columns and 6684592 nonzeros
Model fingerprint: 0x0d9a32ed
Variable types: 791103 continuous, 529537 integer (529537 binary)
Coefficient statistics:
  Matrix range     [1e+00, 2e+05]
  Objective range  [4e+01, 3e+07]
  Bounds range     [1e+00, 1e+00]
  RHS range        [1e+00, 3e+06]

Loaded user MIP start with objective 1.21427e+09

Presolve removed 59132 rows and 42744 columns (presolve time = 5s) ...
Presolve removed 60091 rows and 47058 columns (presolve time = 10s) ...
Presolve removed 60091 rows and 47063 columns (presolve time = 15s) ...
Presolve removed 60098 rows and 47255 columns (presolve time = 20s) ...
Presolve removed 60098 rows and 47255 columns (presolve time = 25s) ...
Presolve removed 60045 rows and 47202 columns
Presolve time: 26.37s
Presolved: 40880 rows, 1273438 columns, 5355899 nonzeros
Variable types: 763845 continuous, 509593 integer (509593 binary)
Deterministic concurrent LP optimizer: primal simplex, dual simplex, and barrier
Showing barrier log only...

Root barrier log...

Ordering time: 1.68s

Barrier statistics:
 AA' NZ     : 2.879e+06
 Factor NZ  : 8.543e+06 (roughly 600 MB of memory)
 Factor Ops : 1.241e+10 (less than 1 second per iteration)
 Threads    : 18

                  Objective                Residual
Iter       Primal          Dual         Primal    Dual     Compl     Time
   0  -2.59254456e+16  1.78077420e+14  1.01e+09 1.50e+07  1.85e+12    37s
   1  -4.64823002e+15  1.53888342e+14  1.80e+08 8.36e+06  3.40e+11    37s
   2  -9.00931252e+14  8.27702099e+13  3.51e+07 4.73e-08  6.75e+10    38s
   3  -8.24617201e+13  6.44199163e+13  3.21e+06 5.05e-08  6.21e+09    38s
   4  -2.62183188e+13  3.86306735e+13  1.02e+06 4.49e-08  2.05e+09    39s
   5  -2.26367932e+13  3.73117277e+13  8.81e+05 4.98e-08  1.77e+09    39s
   6  -1.54851479e+13  3.33559566e+13  6.03e+05 9.06e-08  1.23e+09    40s
   7  -7.93444235e+12  2.82113493e+13  3.09e+05 1.27e-07  6.37e+08    40s
   8  -3.61192346e+12  2.59590256e+13  1.41e+05 1.68e-07  2.94e+08    40s
   9  -8.01424152e+11  2.26820301e+13  3.15e+04 1.61e-07  7.16e+07    41s
  10  -6.31140246e+11  1.94608831e+13  2.49e+04 8.57e-08  5.48e+07    41s
  11  -2.21642287e+11  1.24331679e+13  8.94e+03 1.84e-07  2.01e+07    42s
  12  -7.04848851e+10  5.88640710e+12  3.06e+03 1.19e-07  6.79e+06    43s
  13  -1.73755282e+10  2.62193522e+12  9.96e+02 4.77e-07  2.30e+06    43s
  14  -2.58219001e+09  9.18939176e+11  4.22e+02 4.77e-07  7.95e+05    43s
  15   2.43848573e+09  4.47072811e+11  2.27e+02 4.62e-07  3.84e+05    44s
  16   4.84042729e+09  2.34564943e+11  1.34e+02 4.56e-07  2.07e+05    44s
  17   6.83376907e+09  1.08671142e+11  5.68e+01 6.91e-07  8.79e+04    45s
  18   7.28389163e+09  8.72099380e+10  3.95e+01 5.07e-07  6.44e+04    45s
  19   7.43788972e+09  7.79314642e+10  3.36e+01 4.27e-07  5.57e+04    46s
  20   7.66967639e+09  6.52554120e+10  2.47e+01 5.84e-07  4.30e+04    46s
  21   7.70389625e+09  5.57736412e+10  2.34e+01 3.51e-07  3.83e+04    47s
  22   7.88690312e+09  4.63577270e+10  1.67e+01 5.52e-07  2.91e+04    47s
  23   7.91856709e+09  3.85675835e+10  1.56e+01 5.74e-07  2.49e+04    48s
  24   8.04854240e+09  3.18154371e+10  1.03e+01 5.59e-07  1.79e+04    49s
  25   8.10484294e+09  2.46698279e+10  8.14e+00 5.69e-07  1.32e+04    49s
  26   8.17043757e+09  2.27887950e+10  5.76e+00 9.49e-07  1.05e+04    50s
  27   8.19561876e+09  2.06873707e+10  4.85e+00 8.01e-07  8.82e+03    51s
  28   8.20923411e+09  1.70089614e+10  4.41e+00 5.78e-07  6.73e+03    52s
  29   8.26054407e+09  1.64113753e+10  3.56e+00 4.89e-07  5.80e+03    53s
  30   8.27128738e+09  1.54720013e+10  3.35e+00 4.67e-07  5.12e+03    54s
  31   8.27928395e+09  1.53966977e+10  3.28e+00 5.91e-07  5.03e+03    55s
  32   8.27983992e+09  1.53450024e+10  3.17e+00 3.10e-07  4.94e+03    55s
  33   8.30561011e+09  1.50049351e+10  2.88e+00 7.14e-07  4.55e+03    56s
  34   8.31161249e+09  1.37401732e+10  2.80e+00 6.96e-07  3.83e+03    57s
  35   8.35175130e+09  1.25771937e+10  2.09e+00 9.41e-07  2.81e+03    58s
  36   8.39745874e+09  1.14123443e+10  1.51e+00 4.98e-07  1.88e+03    58s
  37   8.40170881e+09  1.09583088e+10  1.35e+00 7.72e-07  1.57e+03    59s
  38   8.43189871e+09  1.01131048e+10  1.01e+00 5.22e-07  9.85e+02    60s
  39   8.47144801e+09  9.74545204e+09  6.46e-01 6.02e-07  6.76e+02    61s
  40   8.48450844e+09  9.35054675e+09  5.70e-01 7.96e-07  4.57e+02    62s
  41   8.51637356e+09  9.23441018e+09  4.22e-01 8.36e-07  3.59e+02    62s
  42   8.53742088e+09  9.09425727e+09  3.59e-01 6.95e-07  2.74e+02    63s
  43   8.57004764e+09  9.00177959e+09  2.65e-01 5.22e-07  2.05e+02    64s
  44   8.60195176e+09  8.94597062e+09  1.82e-01 6.80e-07  1.57e+02    65s
  45   8.62568065e+09  8.88139737e+09  1.35e-01 5.92e-07  1.15e+02    66s
  46   8.63270673e+09  8.87436186e+09  1.21e-01 7.51e-07  1.08e+02    66s
  47   8.65668670e+09  8.82669555e+09  8.05e-02 4.52e-07  7.46e+01    67s
  48   8.66292190e+09  8.81752139e+09  7.16e-02 6.07e-07  6.76e+01    68s
  49   8.67545038e+09  8.80016653e+09  5.33e-02 7.09e-07  5.39e+01    69s
  50   8.68128235e+09  8.78665090e+09  4.54e-02 4.77e-07  4.55e+01    70s
  51   8.68340702e+09  8.77145166e+09  4.26e-02 5.95e-07  3.82e+01    71s
  52   8.68676996e+09  8.76685162e+09  3.86e-02 3.76e-07  3.47e+01    71s
  53   8.69126721e+09  8.76132974e+09  3.37e-02 7.39e-07  3.03e+01    72s
  54   8.69749063e+09  8.75581455e+09  2.75e-02 7.23e-07  2.52e+01    73s
  55   8.70210871e+09  8.74877080e+09  2.28e-02 7.04e-07  2.01e+01    74s
  56   8.70559250e+09  8.74424968e+09  1.92e-02 5.56e-07  1.67e+01    74s
  57   8.70926669e+09  8.74012642e+09  1.58e-02 4.91e-07  1.33e+01    75s
  58   8.71032032e+09  8.73855366e+09  1.49e-02 6.66e-07  1.22e+01    76s
  59   8.71344855e+09  8.73546216e+09  1.21e-02 4.98e-07  9.52e+00    77s
  60   8.71768829e+09  8.73393943e+09  8.21e-03 5.92e-07  6.97e+00    78s
  61   8.71875647e+09  8.73360753e+09  7.34e-03 5.33e-07  6.36e+00    78s
  62   8.72058377e+09  8.73294748e+09  5.94e-03 4.88e-07  5.28e+00    79s
  63   8.72136652e+09  8.73259726e+09  5.38e-03 5.37e-07  4.79e+00    80s
  64   8.72324185e+09  8.73165110e+09  4.03e-03 4.83e-07  3.59e+00    81s
  65   8.72492447e+09  8.73116599e+09  2.89e-03 4.88e-07  2.65e+00    82s
  66   8.72597189e+09  8.73078491e+09  2.21e-03 5.08e-07  2.05e+00    82s
  67   8.72711294e+09  8.73048544e+09  1.48e-03 3.72e-07  1.43e+00    83s
  68   8.72778230e+09  8.73029956e+09  1.05e-03 3.90e-07  1.06e+00    84s
  69   8.72836265e+09  8.73012830e+09  6.82e-04 5.67e-07  7.41e-01    85s
  70   8.72863336e+09  8.72992789e+09  5.13e-04 5.98e-07  5.44e-01    86s
  71   8.72888875e+09  8.72973595e+09  3.56e-04 4.98e-07  3.58e-01    87s
  72   8.72918110e+09  8.72964252e+09  1.80e-04 4.45e-07  1.94e-01    88s
  73   8.72936576e+09  8.72952337e+09  6.71e-05 4.35e-07  6.67e-02    89s
  74   8.72947047e+09  8.72949021e+09  6.47e-06 3.41e-07  8.23e-03    89s
  75   8.72948250e+09  8.72948682e+09  1.25e-06 5.61e-07  1.77e-03    90s
  76   8.72948371e+09  8.72948560e+09  5.90e-07 3.76e-07  7.81e-04    90s
  77   8.72948482e+09  8.72948510e+09  5.58e-08 4.47e-07  1.10e-04    91s
  78   8.72948491e+09  8.72948496e+09  3.29e-08 3.66e-07  1.85e-05    91s
  79   8.72948493e+09  8.72948493e+09  9.02e-09 7.04e-07  1.04e-06    92s
  80   8.72948493e+09  8.72948493e+09  8.34e-10 8.80e-07  1.49e-09    93s

Barrier solved model in 80 iterations and 92.53 seconds (76.28 work units)
Optimal objective 8.72948493e+09


Root crossover log...

   36293 DPushes remaining with DInf 7.4019285e-05                93s
       0 DPushes remaining with DInf 0.0000000e+00                94s

    1124 PPushes remaining with PInf 0.0000000e+00                94s
       7 PPushes remaining with PInf 0.0000000e+00                94s

  Push phase complete: Pinf 0.0000000e+00, Dinf 1.7191371e+03     94s


Root simplex log...

Iteration    Objective       Primal Inf.    Dual Inf.      Time
   37400    8.7294849e+09   0.000000e+00   1.719176e+03     94s
   37415    8.7294849e+09   0.000000e+00   0.000000e+00     95s
Concurrent spin time: 0.05s

Solved with barrier
   37415    8.7294849e+09   0.000000e+00   0.000000e+00     95s

Root relaxation: objective 8.729485e+09, 37415 iterations, 66.40 seconds (49.32 work units)

    Nodes    |    Current Node    |     Objective Bounds      |     Work
 Expl Unexpl |  Obj  Depth IntInf | Incumbent    BestBd   Gap | It/Node Time

     0     0 8.7295e+09    0  285 1.2143e+09 8.7295e+09   619%     -  100s
     0     0 8.7294e+09    0  260 1.2143e+09 8.7294e+09   619%     -  157s
H    0     0                    8.632030e+09 8.7294e+09  1.13%     -  185s
     0     0 8.7294e+09    0  262 8.6320e+09 8.7294e+09  1.13%     -  188s
     0     0 8.7294e+09    0  255 8.6320e+09 8.7294e+09  1.13%     -  218s
     0     0 8.7294e+09    0  254 8.6320e+09 8.7294e+09  1.13%     -  261s
     0     0 8.7294e+09    0  231 8.6320e+09 8.7294e+09  1.13%     -  275s
H    0     0                    8.643003e+09 8.7294e+09  1.00%     -  291s

Cutting planes:
  Cover: 2
  Implied bound: 4
  Clique: 1
  MIR: 11
  Flow cover: 5
  GUB cover: 1
  Network: 2
  RLT: 11
  Relax-and-lift: 1

Explored 1 nodes (53250 simplex iterations) in 291.53 seconds (291.17 work units)
Thread count was 20 (of 40 available processors)

Solution count 3: 8.643e+09 8.63203e+09 1.21427e+09 

Optimal solution found (tolerance 1.00e-02)
Best objective 8.643003146563e+09, best bound 8.729390925339e+09, gap 0.9995%
