
Gurobi 10.0.1 (linux64) logging started Fri May 26 00:02:32 2023

Set parameter LogFile to value "logFiles/A-2L-A/A-2L-6U-41F-15V-365D/basic-05-26-2023, 00-02-H50-P80-O15.log"
Gurobi Optimizer version 10.0.1 build v10.0.1rc0 (linux64)

CPU model: Intel(R) Xeon(R) Gold 5115 CPU @ 2.40GHz, instruction set [SSE2|AVX|AVX2|AVX512]
Thread count: 20 physical cores, 40 logical processors, using up to 20 threads

Optimize a model with 24543 rows, 453439 columns and 2123692 nonzeros
Model fingerprint: 0x58fd30c7
Variable types: 289031 continuous, 164408 integer (164408 binary)
Coefficient statistics:
  Matrix range     [1e+00, 2e+05]
  Objective range  [4e+01, 2e+07]
  Bounds range     [1e+00, 1e+00]
  RHS range        [1e+00, 2e+06]
Presolve removed 10317 rows and 13991 columns (presolve time = 5s) ...
Presolve removed 10292 rows and 14017 columns
Presolve time: 8.28s
Presolved: 14251 rows, 439422 columns, 1827578 nonzeros
Variable types: 280478 continuous, 158944 integer (158931 binary)
Deterministic concurrent LP optimizer: primal simplex, dual simplex, and barrier
Showing barrier log only...

Root barrier log...

Ordering time: 0.56s

Barrier statistics:
 AA' NZ     : 9.749e+05
 Factor NZ  : 7.786e+06 (roughly 250 MB of memory)
 Factor Ops : 1.410e+10 (less than 1 second per iteration)
 Threads    : 17

                  Objective                Residual
Iter       Primal          Dual         Primal    Dual     Compl     Time
   0  -1.69933088e+16  1.11603929e+13  7.51e+08 6.80e+05  1.11e+12    12s
   1  -4.92638379e+15  1.51722669e+13  2.18e+08 5.25e+06  3.23e+11    12s
   2  -1.38906782e+15  1.43745033e+13  6.15e+07 1.87e-08  9.53e+10    13s
   3  -4.33166043e+13  1.04358675e+13  1.92e+06 2.25e-08  2.99e+09    13s
   4  -8.94188026e+12  4.77634761e+12  3.96e+05 2.24e-08  6.40e+08    13s
   5  -1.61980881e+12  3.72084615e+12  7.18e+04 2.00e-08  1.19e+08    13s
   6  -7.76950464e+11  3.38234046e+12  3.45e+04 1.50e-08  5.82e+07    13s
   7  -2.19357535e+11  3.05683545e+12  9.83e+03 1.50e-08  1.86e+07    14s
   8  -1.02759536e+11  2.16029504e+12  4.67e+03 1.30e-08  9.07e+06    14s
   9  -4.34977511e+10  9.89361390e+11  2.05e+03 1.82e-08  3.58e+06    14s
  10  -3.90967901e+09  2.84048156e+11  2.96e+02 1.96e-08  6.20e+05    14s
  11   8.28544682e+08  1.27221213e+11  1.05e+02 2.71e-08  2.22e+05    15s
  12   1.79356846e+09  6.83242297e+10  5.21e+01 3.14e-08  1.14e+05    15s
  13   2.19571566e+09  4.24821421e+10  3.16e+01 3.84e-08  6.85e+04    15s
  14   2.39494637e+09  2.55834882e+10  2.13e+01 4.08e-08  4.15e+04    15s
  15   2.50779294e+09  1.92290264e+10  1.55e+01 4.59e-08  2.99e+04    15s
  16   2.60320009e+09  1.74990731e+10  9.72e+00 5.17e-08  2.41e+04    16s
  17   2.64107447e+09  1.26478943e+10  7.81e+00 5.68e-08  1.70e+04    16s
  18   2.67008170e+09  1.11248469e+10  6.82e+00 7.88e-08  1.42e+04    17s
  19   2.69170111e+09  8.57065798e+09  5.50e+00 5.41e-08  1.04e+04    17s
  20   2.72574201e+09  7.37808152e+09  3.86e+00 6.42e-08  7.88e+03    17s
  21   2.76368545e+09  6.08903430e+09  2.38e+00 7.01e-08  5.30e+03    18s
  22   2.77278109e+09  5.07391929e+09  2.13e+00 6.64e-08  3.84e+03    18s
  23   2.80761123e+09  4.24444276e+09  1.40e+00 6.46e-08  2.31e+03    18s
  24   2.85584132e+09  3.99863980e+09  5.97e-01 7.21e-08  1.56e+03    18s
  25   2.86586693e+09  3.90845379e+09  4.54e-01 6.61e-08  1.38e+03    19s
  26   2.87511723e+09  3.57136554e+09  3.55e-01 6.49e-08  9.15e+02    19s
  27   2.90152480e+09  3.40348169e+09  1.17e-01 6.70e-08  6.05e+02    19s
  28   2.90923335e+09  3.20369855e+09  8.51e-02 1.00e-07  3.54e+02    20s
  29   2.92280450e+09  3.10979883e+09  4.54e-02 1.15e-07  2.22e+02    20s
  30   2.92661855e+09  3.02883459e+09  3.80e-02 1.24e-07  1.23e+02    20s
  31   2.92894663e+09  3.02686120e+09  3.43e-02 1.23e-07  1.17e+02    20s
  32   2.93220598e+09  3.00341928e+09  2.93e-02 1.29e-07  8.57e+01    21s
  33   2.93951795e+09  2.99809520e+09  1.99e-02 1.15e-07  6.98e+01    21s
  34   2.94591579e+09  2.98539898e+09  1.23e-02 1.38e-07  4.68e+01    21s
  35   2.94901564e+09  2.98021363e+09  8.93e-03 1.39e-07  3.69e+01    21s
  36   2.95128648e+09  2.97653035e+09  6.73e-03 1.45e-07  2.97e+01    22s
  37   2.95215776e+09  2.97231486e+09  6.01e-03 1.41e-07  2.38e+01    22s
  38   2.95358625e+09  2.96987488e+09  4.99e-03 1.14e-07  1.93e+01    22s
  39   2.95472964e+09  2.96787567e+09  4.19e-03 1.29e-07  1.56e+01    23s
  40   2.95618402e+09  2.96721038e+09  3.19e-03 1.40e-07  1.30e+01    23s
  41   2.95680172e+09  2.96650397e+09  2.78e-03 1.60e-07  1.14e+01    23s
  42   2.95720605e+09  2.96598943e+09  2.55e-03 1.59e-07  1.04e+01    23s
  43   2.95781475e+09  2.96519451e+09  2.18e-03 1.80e-07  8.72e+00    24s
  44   2.95854309e+09  2.96479838e+09  1.78e-03 1.30e-07  7.38e+00    24s
  45   2.95915243e+09  2.96402223e+09  1.46e-03 1.46e-07  5.76e+00    24s
  46   2.96062678e+09  2.96363887e+09  7.05e-04 1.17e-07  3.53e+00    25s
  47   2.96096481e+09  2.96313289e+09  5.50e-04 1.22e-07  2.55e+00    25s
  48   2.96125513e+09  2.96302060e+09  4.24e-04 1.56e-07  2.07e+00    25s
  49   2.96137701e+09  2.96281510e+09  3.72e-04 1.41e-07  1.69e+00    25s
  50   2.96153009e+09  2.96277966e+09  3.12e-04 1.49e-07  1.47e+00    26s
  51   2.96163992e+09  2.96272074e+09  2.68e-04 1.73e-07  1.27e+00    26s
  52   2.96168470e+09  2.96271418e+09  2.51e-04 1.74e-07  1.21e+00    26s
  53   2.96171023e+09  2.96268223e+09  2.41e-04 2.26e-07  1.14e+00    27s
  54   2.96183960e+09  2.96256503e+09  1.90e-04 1.50e-07  8.55e-01    27s
  55   2.96199460e+09  2.96249875e+09  1.27e-04 1.64e-07  5.94e-01    27s
  56   2.96210555e+09  2.96239105e+09  8.43e-05 1.45e-07  3.38e-01    27s
  57   2.96224315e+09  2.96235147e+09  3.13e-05 1.13e-07  1.28e-01    28s
  58   2.96230216e+09  2.96233740e+09  9.45e-06 1.29e-07  4.16e-02    28s
  59   2.96231676e+09  2.96232927e+09  3.84e-06 1.23e-07  1.49e-02    28s
  60   2.96231852e+09  2.96232795e+09  3.61e-06 1.34e-07  1.13e-02    28s
  61   2.96232282e+09  2.96232759e+09  1.61e-05 1.24e-07  5.70e-03    29s
  62   2.96232651e+09  2.96232759e+09  4.74e-05 1.58e-07  1.31e-03    29s
  63   2.96232674e+09  2.96232755e+09  4.64e-05 1.25e-07  9.89e-04    29s
  64   2.96232704e+09  2.96232754e+09  4.78e-05 1.15e-07  6.20e-04    29s
  65   2.96232732e+09  2.96232753e+09  1.80e-05 1.31e-07  2.46e-04    29s
  66   2.96232749e+09  2.96232752e+09  1.56e-06 1.45e-07  3.75e-05    30s
  67   2.96232751e+09  2.96232751e+09  4.20e-08 1.48e-07  7.26e-07    30s
  68   2.96232751e+09  2.96232751e+09  1.57e-07 1.19e-07  1.94e-10    30s

Barrier solved model in 68 iterations and 30.36 seconds (27.50 work units)
Optimal objective 2.96232751e+09


Root crossover log...

   11783 DPushes remaining with DInf 0.0000000e+00                30s
       0 DPushes remaining with DInf 0.0000000e+00                31s

     974 PPushes remaining with PInf 2.8087181e-06                31s
       0 PPushes remaining with PInf 0.0000000e+00                31s

  Push phase complete: Pinf 0.0000000e+00, Dinf 3.3300766e+05     31s


Root simplex log...

Iteration    Objective       Primal Inf.    Dual Inf.      Time
   12755    2.9623275e+09   0.000000e+00   3.330077e+05     31s
   12995    2.9623275e+09   0.000000e+00   0.000000e+00     32s
Concurrent spin time: 0.02s

Solved with barrier
   12995    2.9623275e+09   0.000000e+00   0.000000e+00     32s

Root relaxation: objective 2.962328e+09, 12995 iterations, 22.10 seconds (16.13 work units)

    Nodes    |    Current Node    |     Objective Bounds      |     Work
 Expl Unexpl |  Obj  Depth IntInf | Incumbent    BestBd   Gap | It/Node Time

     0     0 2.9623e+09    0  158          - 2.9623e+09      -     -   33s
     0     0 2.9623e+09    0  157          - 2.9623e+09      -     -   48s
     0     0 2.9622e+09    0  149          - 2.9622e+09      -     -   65s
     0     0 2.9622e+09    0  143          - 2.9622e+09      -     -   66s
     0     0 2.9622e+09    0  135          - 2.9622e+09      -     -   74s
     0     0 2.9622e+09    0  135          - 2.9622e+09      -     -   78s
     0     0 2.9621e+09    0  155          - 2.9621e+09      -     -   87s
     0     0 2.9621e+09    0  159          - 2.9621e+09      -     -   92s
     0     0 2.9621e+09    0  170          - 2.9621e+09      -     -  100s
     0     0 2.9621e+09    0  176          - 2.9621e+09      -     -  103s
     0     0 2.9621e+09    0  174          - 2.9621e+09      -     -  108s
     0     0 2.9621e+09    0  170          - 2.9621e+09      -     -  111s
     0     0 2.9621e+09    0  173          - 2.9621e+09      -     -  115s
     0     0 2.9621e+09    0  173          - 2.9621e+09      -     -  117s
     0     0 2.9621e+09    0  164          - 2.9621e+09      -     -  121s
     0     0 2.9621e+09    0  168          - 2.9621e+09      -     -  123s
     0     0 2.9621e+09    0  166          - 2.9621e+09      -     -  126s
     0     0 2.9621e+09    0  153          - 2.9621e+09      -     -  130s
     0     2 2.9621e+09    0  145          - 2.9621e+09      -     -  177s
     1     4 2.9621e+09    1  141          - 2.9621e+09      -  4139  188s
     3     8 2.9621e+09    2  145          - 2.9621e+09      -  1724  196s
     7    16 2.9621e+09    3  157          - 2.9621e+09      -   879  207s
    15    32 2.9621e+09    4  168          - 2.9621e+09      -   599  222s
    31    52 2.9621e+09    5  157          - 2.9621e+09      -   590  234s
    51    72 2.9621e+09    6  154          - 2.9621e+09      -   412  245s
    71    92 2.9621e+09    6  160          - 2.9621e+09      -   369  253s
    91   112 2.9621e+09    7  154          - 2.9621e+09      -   325  265s
   111   132 2.9621e+09    7  160          - 2.9621e+09      -   322  276s
   131   152 2.9621e+09    8  157          - 2.9621e+09      -   295  288s
   151   172 2.9621e+09    8  163          - 2.9621e+09      -   297  300s
   171   206 2.9621e+09    9  155          - 2.9621e+09      -   298  323s
   205   294 2.9621e+09   10  156          - 2.9621e+09      -   348  354s
H  236   294                    2.935031e+09 2.9621e+09  0.92%   342  355s

Cutting planes:
  Cover: 15
  Implied bound: 22
  Clique: 2
  MIR: 45
  Flow cover: 42
  GUB cover: 4
  RLT: 13
  Relax-and-lift: 13

Explored 293 nodes (124475 simplex iterations) in 355.42 seconds (361.92 work units)
Thread count was 20 (of 40 available processors)

Solution count 2: 2.93503e+09 2.93503e+09 

Optimal solution found (tolerance 1.00e-02)
Best objective 2.935031332164e+09, best bound 2.962131049901e+09, gap 0.9233%
Gurobi Optimizer version 10.0.1 build v10.0.1rc0 (linux64)

CPU model: Intel(R) Xeon(R) Gold 5115 CPU @ 2.40GHz, instruction set [SSE2|AVX|AVX2|AVX512]
Thread count: 20 physical cores, 40 logical processors, using up to 20 threads

Optimize a model with 34730 rows, 681722 columns and 3280487 nonzeros
Model fingerprint: 0x1ccd1481
Variable types: 356111 continuous, 325611 integer (325611 binary)
Coefficient statistics:
  Matrix range     [1e+00, 2e+05]
  Objective range  [4e+01, 2e+07]
  Bounds range     [1e+00, 3e+05]
  RHS range        [1e+00, 2e+06]
Presolve removed 25641 rows and 465974 columns (presolve time = 5s) ...
Presolve removed 25641 rows and 465974 columns (presolve time = 10s) ...
Presolve removed 25878 rows and 475150 columns
Presolve time: 12.33s
Presolved: 8852 rows, 206572 columns, 843773 nonzeros
Variable types: 176715 continuous, 29857 integer (29847 binary)
Deterministic concurrent LP optimizer: primal simplex, dual simplex, and barrier
Showing barrier log only...

Root barrier log...

Ordering time: 0.23s

Barrier statistics:
 AA' NZ     : 4.819e+05
 Factor NZ  : 3.230e+06 (roughly 110 MB of memory)
 Factor Ops : 3.415e+09 (less than 1 second per iteration)
 Threads    : 17

                  Objective                Residual
Iter       Primal          Dual         Primal    Dual     Compl     Time
   0  -2.44260809e+15  1.61416000e+13  1.49e+08 3.54e+06  3.28e+11    15s
   1  -1.20404101e+15  1.45320871e+13  7.35e+07 4.83e+06  1.63e+11    15s
   2  -7.42000977e+13  1.12755756e+13  4.53e+06 5.06e+05  1.02e+10    15s
   3  -4.88222865e+12  4.90525535e+12  2.98e+05 7.18e+03  6.93e+08    15s
   4  -4.89117260e+11  1.62225579e+12  3.00e+04 7.52e+02  7.24e+07    15s
   5  -1.02113424e+11  9.82378235e+11  6.32e+03 2.76e+02  1.66e+07    15s
   6  -4.60059110e+10  6.46672072e+11  2.90e+03 1.09e+02  7.75e+06    16s
   7  -2.26318430e+10  5.27635009e+11  1.47e+03 7.38e+01  4.28e+06    16s
   8  -4.14490871e+09  3.79307585e+11  3.43e+02 4.33e+01  1.56e+06    16s
   9  -1.17957924e+09  1.50513931e+11  1.61e+02 1.29e+01  6.12e+05    16s
  10   3.71925819e+08  9.90749082e+10  6.62e+01 8.33e+00  3.35e+05    16s
  11   1.17840721e+09  2.71803207e+10  1.78e+01 1.93e+00  8.73e+04    16s
  12   1.27826114e+09  1.82922818e+10  1.19e+01 1.25e+00  5.76e+04    16s
  13   1.32609209e+09  1.61548470e+10  9.04e+00 1.10e+00  4.86e+04    16s
  14   1.36293308e+09  1.29621807e+10  6.78e+00 8.71e-01  3.78e+04    16s
  15   1.39034953e+09  8.06224656e+09  4.89e+00 5.42e-01  2.46e+04    17s
  16   1.41967333e+09  7.39981032e+09  2.70e+00 4.94e-01  1.91e+04    17s
  17   1.42823319e+09  4.87835438e+09  2.22e+00 2.91e-01  1.21e+04    17s
  18   1.46935500e+09  4.75832191e+09  1.07e+00 2.75e-01  9.64e+03    17s
  19   1.50344943e+09  3.13022823e+09  4.51e-01 1.17e-01  4.38e+03    17s
  20   1.53581747e+09  2.43917340e+09  8.81e-02 6.03e-02  2.23e+03    17s
  21   1.56735270e+09  2.03565359e+09  3.43e-02 2.83e-02  1.14e+03    17s
  22   1.57279713e+09  1.98563974e+09  2.99e-02 2.46e-02  1.00e+03    18s
  23   1.58544179e+09  1.95381304e+09  2.40e-02 2.23e-02  8.91e+02    18s
  24   1.59073016e+09  1.92127569e+09  2.04e-02 2.00e-02  7.99e+02    18s
  25   1.60179343e+09  1.84189019e+09  1.44e-02 1.43e-02  5.79e+02    18s
  26   1.61024796e+09  1.79514872e+09  1.02e-02 1.09e-02  4.45e+02    18s
  27   1.61424285e+09  1.75256108e+09  8.47e-03 7.71e-03  3.33e+02    18s
  28   1.62764318e+09  1.71559019e+09  3.60e-03 4.89e-03  2.11e+02    18s
  29   1.63675821e+09  1.67616765e+09  1.51e-03 1.84e-03  9.45e+01    18s
  30   1.63770376e+09  1.67299199e+09  1.36e-03 1.65e-03  8.47e+01    18s
  31   1.63937948e+09  1.66552186e+09  1.13e-03 1.07e-03  6.27e+01    19s
  32   1.64081779e+09  1.66040422e+09  9.60e-04 6.73e-04  4.70e+01    19s
  33   1.64320732e+09  1.65743615e+09  6.70e-04 4.34e-04  3.41e+01    19s
  34   1.64466777e+09  1.65556196e+09  5.43e-04 3.15e-04  2.61e+01    19s
  35   1.64647389e+09  1.65429287e+09  3.84e-04 2.18e-04  1.88e+01    19s
  36   1.64861962e+09  1.65334904e+09  2.09e-04 1.39e-04  1.13e+01    19s
  37   1.64959369e+09  1.65282322e+09  1.43e-04 9.68e-05  7.75e+00    20s
  38   1.65029526e+09  1.65254235e+09  1.01e-04 7.02e-05  5.39e+00    20s
  39   1.65108174e+09  1.65236565e+09  4.94e-05 4.79e-05  3.08e+00    20s
  40   1.65121163e+09  1.65228576e+09  4.14e-05 3.92e-05  2.58e+00    20s
  41   1.65138187e+09  1.65218599e+09  3.11e-05 2.80e-05  1.93e+00    20s
  42   1.65165696e+09  1.65209915e+09  1.51e-05 1.82e-05  1.06e+00    20s
  43   1.65183697e+09  1.65198942e+09  5.33e-06 4.99e-06  3.66e-01    21s
  44   1.65190295e+09  1.65195659e+09  1.93e-06 1.28e-06  1.29e-01    21s
  45   1.65193288e+09  1.65195011e+09  4.79e-07 6.59e-07  4.13e-02    21s
  46   1.65193975e+09  1.65194880e+09  1.62e-07 5.33e-07  2.17e-02    21s
  47   1.65194032e+09  1.65194803e+09  1.34e-07 4.53e-07  1.85e-02    21s
  48   1.65194179e+09  1.65194618e+09  3.96e-07 2.84e-07  1.05e-02    21s
  49   1.65194210e+09  1.65194542e+09  2.57e-07 2.11e-07  7.97e-03    21s
  50   1.65194273e+09  1.65194419e+09  3.78e-07 9.54e-08  3.50e-03    22s
  51   1.65194312e+09  1.65194341e+09  2.88e-07 2.02e-08  6.91e-04    22s
  52   1.65194315e+09  1.65194320e+09  7.52e-07 5.47e-09  1.16e-04    22s
  53   1.65194316e+09  1.65194317e+09  1.40e-07 4.71e-09  2.25e-05    22s
  54   1.65194316e+09  1.65194316e+09  8.16e-09 7.45e-09  8.62e-07    22s
  55   1.65194316e+09  1.65194316e+09  3.97e-09 7.45e-09  1.37e-10    22s

Barrier solved model in 55 iterations and 22.39 seconds (17.18 work units)
Optimal objective 1.65194316e+09


Root crossover log...

    6134 DPushes remaining with DInf 0.0000000e+00                22s
       0 DPushes remaining with DInf 0.0000000e+00                23s

     503 PPushes remaining with PInf 1.4458026e-05                23s
       0 PPushes remaining with PInf 0.0000000e+00                23s

  Push phase complete: Pinf 0.0000000e+00, Dinf 4.6807088e-08     23s


Root simplex log...

Iteration    Objective       Primal Inf.    Dual Inf.      Time
    6185    1.6519432e+09   0.000000e+00   0.000000e+00     23s
Concurrent spin time: 0.00s

Solved with barrier
    6185    1.6519432e+09   0.000000e+00   0.000000e+00     23s

Root relaxation: objective 1.651943e+09, 6185 iterations, 9.32 seconds (4.76 work units)

    Nodes    |    Current Node    |     Objective Bounds      |     Work
 Expl Unexpl |  Obj  Depth IntInf | Incumbent    BestBd   Gap | It/Node Time

     0     0 1.6519e+09    0  127          - 1.6519e+09      -     -   24s
     0     0 1.6519e+09    0  146          - 1.6519e+09      -     -   32s
     0     0 1.6519e+09    0  134          - 1.6519e+09      -     -   38s
     0     0 1.6519e+09    0  139          - 1.6519e+09      -     -   41s
     0     0 1.6518e+09    0  145          - 1.6518e+09      -     -   49s
     0     0 1.6518e+09    0  145          - 1.6518e+09      -     -   52s
     0     0 1.6518e+09    0  146          - 1.6518e+09      -     -   53s
     0     0 1.6518e+09    0  154          - 1.6518e+09      -     -   58s
     0     0 1.6518e+09    0  146          - 1.6518e+09      -     -   61s
     0     0 1.6518e+09    0  148          - 1.6518e+09      -     -   61s
     0     0 1.6518e+09    0  155          - 1.6518e+09      -     -   65s
     0     0 1.6518e+09    0  156          - 1.6518e+09      -     -   67s
     0     0 1.6518e+09    0  161          - 1.6518e+09      -     -   70s
     0     0 1.6518e+09    0  158          - 1.6518e+09      -     -   72s
     0     0 1.6518e+09    0  162          - 1.6518e+09      -     -   74s
     0     0 1.6518e+09    0  161          - 1.6518e+09      -     -   75s
     0     0 1.6518e+09    0  169          - 1.6518e+09      -     -   77s
     0     0 1.6518e+09    0  165          - 1.6518e+09      -     -   81s
     0     2 1.6518e+09    0  165          - 1.6518e+09      -     -  119s
     1     4 1.6518e+09    1  145          - 1.6518e+09      -   855  127s
     3     8 1.6518e+09    2  143          - 1.6518e+09      -   750  135s
     7    16 1.6518e+09    3  143          - 1.6518e+09      -   779  152s
    15    32 1.6518e+09    4  144          - 1.6518e+09      -   865  174s
    31    52 1.6518e+09    5  148          - 1.6518e+09      -  1083  189s
    51    72 1.6518e+09    6  146          - 1.6518e+09      -   929  200s
    71    92 1.6518e+09    6  136          - 1.6518e+09      -   901  229s
    91   112 1.6518e+09    7  145          - 1.6518e+09      -   906  257s
   111   132 1.6518e+09    8  146          - 1.6518e+09      -   889  278s
   131   153 1.6518e+09    9  144          - 1.6518e+09      -   882  295s
   152   173 1.6518e+09   10  148          - 1.6518e+09      -   867  322s
   172   247 1.6518e+09   11  145          - 1.6518e+09      -   884  357s
   246   422 1.6518e+09   16  138          - 1.6518e+09      -   750  435s
   421   833 1.6518e+09   24  112          - 1.6518e+09      -   654  545s
H  514   833                    1.634107e+09 1.6518e+09  1.08%   616  546s
   832  1954 1.6517e+09   37  127 1.6341e+09 1.6518e+09  1.08%   535  813s
  2074  4083 1.6517e+09   91  112 1.6341e+09 1.6518e+09  1.08%   318 1039s
H 4281  4247                    1.641561e+09 1.6518e+09  0.63%   236 1273s
H 4302  4216                    1.644425e+09 1.6518e+09  0.45%   235 1273s
H 4302  4171                    1.646613e+09 1.6518e+09  0.32%   235 1273s
H 4323  4142                    1.647332e+09 1.6518e+09  0.27%   235 1273s

Cutting planes:
  Cover: 19
  Implied bound: 13
  Clique: 1
  MIR: 29
  Flow cover: 39
  Network: 16
  RLT: 13
  Relax-and-lift: 19

Explored 4512 nodes (1076324 simplex iterations) in 1273.93 seconds (704.81 work units)
Thread count was 20 (of 40 available processors)

Solution count 5: 1.64733e+09 1.64661e+09 1.64442e+09 ... 1.63411e+09

Optimal solution found (tolerance 1.00e-02)
Best objective 1.647332069901e+09, best bound 1.651821228251e+09, gap 0.2725%
Gurobi Optimizer version 10.0.1 build v10.0.1rc0 (linux64)

CPU model: Intel(R) Xeon(R) Gold 5115 CPU @ 2.40GHz, instruction set [SSE2|AVX|AVX2|AVX512]
Thread count: 20 physical cores, 40 logical processors, using up to 20 threads

Optimize a model with 43660 rows, 909594 columns and 4973489 nonzeros
Model fingerprint: 0xa96da242
Variable types: 361163 continuous, 548431 integer (548431 binary)
Coefficient statistics:
  Matrix range     [1e+00, 2e+05]
  Objective range  [4e+01, 2e+07]
  Bounds range     [1e+00, 3e+05]
  RHS range        [1e+00, 3e+06]
Presolve removed 35612 rows and 714701 columns
Presolve time: 3.84s

Explored 0 nodes (0 simplex iterations) in 4.50 seconds (8.14 work units)
Thread count was 1 (of 40 available processors)

Solution count 0

Model is infeasible or unbounded
Best objective -, best bound -, gap -
IIS computation: initial model status unknown, solving to determine model status
Presolve removed 35623 rows and 715075 columns
Presolve time: 3.80s

Explored 0 nodes (0 simplex iterations) in 4.74 seconds (8.13 work units)
Thread count was 1 (of 40 available processors)

Solution count 0
No other solutions better than -1e+100

Model is infeasible
Best objective -, best bound -, gap -

Computing Irreducible Inconsistent Subsystem (IIS)...

           Constraints          |            Bounds           |  Runtime
      Min       Max     Guess   |   Min       Max     Guess   |
--------------------------------------------------------------------------
        0     31965         -         0    679680         -           5s
        0     31965         -         0    679680         -          13s
        0     29789         -         0    679680         -          29s
        0     29789         -         0    679680         -          40s
        0     29789         -         0    679680         -          54s
        0     29789         -         0    679680         -          67s
        0     29789         -         0    679680         -          81s
        0     29789         -         0    679680         -          94s
        0     29789         -         0    679680         -         107s
        0     29789         -         0    679680         -         120s
        0     29789         -         0    679680         -         132s
        0     29789         -         0    679680         -         144s
        0     29789         -         0    679680         -         157s
        0     29789         -         0    679680         -         169s
        0     29789         -         0    679680         -         181s
        0     29789         -         0    679680         -         195s
        0     29789         -         0    679680         -         210s
        0     29789         -         0    679680         -         228s
        0     29789         -         0    679680         -         238s
        0     29789         -         0    679680         -         252s
        0     29789         -         0    679680         -         265s
        0     29789         -         0    679680         -         278s
        0     29789         -         0    679680         -         294s
        0     29789         -         0    679680         -         306s
        0     29789         -         0    679680         -         323s
        0     29789         -         0    679680         -         344s
        0     29789         -         0    679680         -         360s
        0     29789         -         0    679680         -         373s
        0     29789         -         0    679680         -         386s
        0     29789         -         0    679680         -         411s
        0     29789         -         0    679680         -         429s
        0     29789         -         0    679680         -         443s
        0     29789         -         0    679680         -         460s
        0     29789         -         0    679680         -         479s
        0     29789         -         0    679680         -         495s
        0     29789         -         0    679680         -         513s
        0     29789         -         0    679680         -         529s
        0     29417         -         0    673530         -         534s
        0     29417         -         0    673530         -         551s
        0     29045         -         0    673241         -         557s
        0     28673         -         0    672908         -         562s
        0     28301         -         0    672545         -         568s
        0     28301         -         0    672545         -         581s
        0     27929         -         0    672072         -         586s
        0     27557         -         0    671576         -         592s
        0     27557        40         0    671576         -         606s
        0     27557        40         0    671576         -         618s
        0     27557        87         0    671576         -         633s
        0     27557        90         0    671576         -         649s
        0     27557        93         0    671576         -         661s
        0     27185        86         0    670976         -         668s
        0     27185        89         0    670976         -         686s
        0     26813        83         0    670339         -         693s
        0     26813        86         0    670339         -         710s
        0     26813        88         0    670339         -         724s
        0     26813        90         0    670339         -         740s
        0     26441        85         0    669591         -         748s
        0     26069        80         0    668777         -         754s
        0     25697        77         0    667988         -         760s
        0     25697        78         0    667988         -         772s
        0     25697        80         0    667988         -         785s
        0     25697        82         0    667988         -         798s
        0     25325        78         0    667063         -         804s
        0     25325        80         0    667063         -         816s
        0     25325        81         0    667063         -         829s
        0     24953        78         0    666056         -         834s
        0     24953        79         0    666056         -         846s
        0     24581        76         0    665066         -         852s
        0     24209        73         0    664073         -         857s
        0     24209        74         0    664073         -         870s
        0     23837        72         0    662733         -         875s
        0     23837        73         0    662733         -         888s
        0     23837        74         0    662733         -         899s
        0     23465        72         0    661426         -         905s
        0     23093        69         0    660050         -         911s
        0     23093        70         0    660050         -         925s
        0     23093        71         0    660050         -         939s
        0     23093        73         0    660050         -         951s
        0     23093        74         0    660050         -         964s
        0     23093        75         0    660050         -         976s
        0     23093        76         0    660050         -         988s
        0     23093        78         0    660050         -        1001s
        0     22721        75         0    658437         -        1007s
        0     22349        73         0    656293         -        1012s
        0     21977        71         0    653773         -        1017s
        0     21977        73         0    653773         -        1030s
        0     21977        73         0    653773         -        1042s
        0     21977        75         0    653773         -        1056s
        0     21605        74         0    651494         -        1061s
        0     21605        75         0    651494         -        1074s
        0     21605        76         0    651494         -        1085s
        0     21605        77         0    651494         -        1095s
        0     21605        78         0    651494         -        1107s
        0     21605        79         0    651494         -        1118s
        0     21605        80         0    651494         -        1130s
        0     21605        82         0    651494         -        1143s
        0     21233        79         0    649688         -        1148s
        0     21233        80         0    649688         -        1159s
        0     21233        81         0    649688         -        1169s
        0     21233        82         0    649688         -        1180s
        0     20861        79         0    647012         -        1185s
        0     20861        81         0    647012         -        1198s
        0     20489        79         0    645152         -        1203s
        0     20489        79         0    645152         -        1215s
        0     20489        80         0    645152         -        1229s
        0     20489        80         0    645152         -        1242s
        0     20489        81         0    645152         -        1256s
        0     20489        82         0    645152         -        1268s
        0     20489        82         0    645152         -        1280s
        0     20489        83         0    645152         -        1291s
        0     20117        81         0    642302         -        1296s
        0     20117        81         0    642302         -        1307s
        0     19745        79         0    639515         -        1312s
        0     19745        81         0    639515         -        1323s
        0     19373        79         0    636408         -        1328s
        0     19373        79         0    636408         -        1338s
        0     19373        80         0    636408         -        1348s
        0     19373        80         0    636408         -        1359s
        0     19373        81         0    636408         -        1369s
        0     19373        81         0    636408         -        1379s
        0     19373        82         0    636408         -        1388s
        0     19373        82         0    636408         -        1399s
        0     19001        80         0    634037         -        1404s
        0     19001        81         0    634037         -        1414s
        0     19001        82         0    634037         -        1423s
        0     19001        83         0    634037         -        1434s
        0     19001        84         0    634037         -        1444s
        0     18629        82         0    630249         -        1448s
        0     18629        82         0    630249         -        1458s
        0     18629        83         0    630249         -        1468s
        0     18629        83         0    630249         -        1479s
        0     18629        84         0    630249         -        1488s
        0     18257        82         0    625961         -        1493s
        0     18257        83         0    625961         -        1501s
        0     17885        81         0    623429         -        1505s
        0     17885        82         0    623429         -        1515s
        0     17513        81         0    620561         -        1519s
        0     17513        81         0    620561         -        1527s
        0     17513        82         0    620561         -        1537s
        0     17513        82         0    620561         -        1546s
        0     17513        83         0    620561         -        1555s
        0     17513        84         0    620561         -        1565s
        0     17327        83         0    618546         -        1569s
        0     17327        84         0    618546         -        1576s
        0     17327        85         0    618546         -        1584s
        0     17327        85         0    618546         -        1592s
        0     17141        84         0    616959         -        1595s
        0     17141        85         0    616959         -        1603s
        0     17141        85         0    616959         -        1611s
        0     16955        85         0    615328         -        1615s
        0     16583        83         0    612258         -        1622s
        0     16583        84         0    612258         -        1628s
        0     16397        83         0    610066         -        1632s
        0     16211        82         0    608136         -        1635s
        0     16025        82         0    606299         -        1644s
        0     16024        82         0    606299         -        1647s
        0     16023        82         0    606296         -        1650s
        0     16021        82         0    606260         -        1657s
        1     16020        82         0    606046         -        1665s
        1     16020        83         0    606046         -        1670s
        1     16018        83         0    606046         -        1677s
        1     16016        83         0    606046         -        1683s
        1     16015        83         0    606046         -        1686s
        1     16013        83         0    606046         -        1693s
        1     16012        83         0    606046         -        1696s
        2     16012        83         0    606046         -        1701s
        2     15640        81         0    601106         -        1708s
        2     15454        80         0    599274         -        1711s
        2     15454        81         0    599274         -        1716s
        2     15454        81         0    599274         -        1723s
        2     15454        82         0    599274         -        1729s
        2     15082        80         0    593716         -        1731s
        2     15082        81         0    593716         -        1739s
        2     15082        81         0    593716         -        1740s
        2     15082        82         0    593716         -        1746s
        2     15082        82         0    593716         -        1751s
        2     14710        82         0    588922         -        1759s
        2     14710        82         0    588922         -        1760s
        2     14338        81         0    584191         -        1767s
        2     13966        79         0    578137         -        1774s
        2     13594        78         0    570293         -        1776s
        2     13594        78         0    570293         -        1781s
        2     13594        78         0    570293         -        1786s
        2     13594        78         0    570293         -        1790s
        2     13594        79         0    570293         -        1795s
        2     13594        79         0    570293         -        1801s
        2     13594        80         0    570293         -        1807s
        2     13594        80         0    570293         -        1812s
        2     13594        80         0    570293         -        1818s
        2     13408        80         0    565653         -        1821s
        2     13408        80         0    565653         -        1826s
        2     13036        79         0    559822         -        1831s
        2     13036        79         0    559822         -        1836s
        2     13036        80         0    559822         -        1841s
        2     13036        80         0    559822         -        1847s
        2     13034        80         0    559822         -        1851s
        2     13032        80         0    559822         -        1856s
        2     13030        80         0    559822         -        1860s
        2     13027        80         0    559822         -        1867s
        3     13027        80         0    559822         -        1872s
        3     12841        80         0    557336         -        1880s
        3     12841        80         0    557336         -        1881s
        3     12841        81         0    557336         -        1886s
        3     12469        80         0    549691         -        1891s
        3     12469        80         0    549691         -        1896s
        3     12469        80         0    549691         -        1901s
        3     12283        80         0    546195         -        1908s
        3     12283        80         0    546195         -        1912s
        3     12097        80         0    541460         -        1919s
        3     12097        80         0    541460         -        1923s
        3     12097        80         0    541460         -        1927s
        3     12097        81         0    541460         -        1932s
        3     11911        80         0    535964         -        1938s
        3     11725        80         0    533434         -        1940s
        3     11725        81         0    533434         -        1947s
        3     11725        81         0    533434         -        1952s
        3     11725        82         0    533434         -        1955s
        3     11539        81         0    528853         -        1961s
        3     11539        82         0    528853         -        1967s
        3     11353        82         0    524102         -        1970s
        3     11167        81         0    519748         -        1975s
        3     11167        82         0    519748         -        1983s
        3     11167        82         0    519748         -        1985s
        3     11167        83         0    519748         -        1991s
        3     11167        83         0    519748         -        1996s
        3     10981        83         0    516649         -        2000s
        3     10981        83         0    516649         -        2006s
        3     10981        84         0    516649         -        2011s
        3     10981        84         0    516649         -        2016s
        3     10795        84         0    513499         -        2021s
        3     10795        84         0    513499         -        2025s
        3     10795        85         0    513499         -        2031s
        3     10795        85         0    513499         -        2035s
        3     10795        86         0    513499         -        2040s
        3     10609        86         0    508613         -        2047s
        3     10423        85         0    502405         -        2052s
        3     10237        84         0    499125         -        2056s
        3     10237        85         0    499125         -        2061s
        3     10237        85         0    499125         -        2066s
        3     10051        85         0    495335         -        2070s
        3     10051        85         0    495335         -        2075s
        3      9865        85         0    490295         -        2081s
        3      9865        85         0    490295         -        2086s
        3      9679        85         0    483417         -        2092s
        3      9679        85         0    483417         -        2097s
        3      9493        85         0    479199         -        2101s
        3      9307        84         0    475814         -        2107s
        3      9307        85         0    475814         -        2110s
        3      9121        84         0    471046         -        2116s
        3      8935        84         0    467155         -        2120s
        3      8935        84         0    467155         -        2126s
        3      8935        85         0    467155         -        2130s
        3      8935        85         0    467155         -        2137s
        3      8935        86         0    467155         -        2141s
        3      8749        85         0    460454         -        2147s
        3      8749        86         0    460454         -        2152s
        3      8656        86         0    458611         -        2156s
        3      8470        86         0    451757         -        2161s
        3      8470        86         0    451757         -        2165s
        3      8284        86         0    447876         -        2170s
        3      8284        86         0    447876         -        2177s
        3      8284        87         0    447876         -        2181s
        3      8284        87         0    447876         -        2186s
        3      8284        88         0    447876         -        2192s
        3      8192        88         0    445715         -        2197s
        3      8054        87         0    440571         -        2201s
        3      7962        87         0    438183         -        2206s
        3      7958        87         0    438164         -        2211s
        3      7954        87         0    438095         -        2216s
        4      7907        87         0    436360         -        2221s
        4      7905        87         0    436360         -        2226s
        4      7901        87         0    436344         -        2231s
        5      7900        88         0    436320         -        2236s
        5      7897        88         0    436281         -        2240s
        5      7893        88         0    436270         -        2245s
        6      7846        88         0    435254         -        2250s
        6      7798        88         0    434099         -        2256s
        6      7794        88         0    434051         -        2261s
        7      7792        88         0    434051         -        2266s
        7      7700        88         0    431679         -        2271s
        7      7608        87         0    429361         -        2276s
        7      7604        87         0    429361         -        2281s
        7      7600        87         0    428378         -        2286s
        8      7508        87         0    426132         -        2292s
        8      7416        87         0    423965         -        2295s
        8      7416        88         0    423965         -        2301s
        8      7140        87         0    415046         -        2305s
        8      7048        87         0    412850         -        2310s
        8      6956        87         0    410270         -        2315s
        8      6772        86         0    404237         -        2322s
        8      6680        86         0    399649         -        2327s
        8      6588        86         0    397167         -        2331s
        8      6496        86         0    393974         -        2337s
        8      6220        85         0    368103         -        2340s
        8      6220        86         0    368103         -        2346s
        8      6128        86         0    364903         -        2351s
        8      5944        85         0    358723         -        2355s
        8      5852        85         0    355276         -        2360s
        8      5760        85         0    352129         -        2366s
        8      5668        85         0    347784         -        2370s
        8      5668        86         0    347784         -        2376s
        8      5576        86         0    345497         -        2381s
        8      5392        86         0    338681         -        2386s
        8      5392        86         0    338681         -        2391s
        8      5392        87         0    338681         -        2396s
        8      5392        87         0    338681         -        2400s
        8      5388        88         0    338585         -        2405s
       10      5387        88         0    338551         -        2411s
       11      5294        88         0    334945         -        2416s
       11      5291        88         0    334620         -        2420s
       11      5286        88         0    334576         -        2425s
       12      5193        88         0    328121         -        2430s
       12      5192        89         0    328112         -        2435s
       12      5186        89         0    328013         -        2441s
       13      5094        89         0    322696         -        2446s
       13      5089        89         0    322593         -        2451s
       14      5085        89         0    322494         -        2456s
       14      4947        89         0    318735         -        2461s
       14      4898        89         0    317432         -        2466s
       15      4895        89         0    317432         -        2471s
       16      4848        89         0    315875         -        2476s
       16      4664        88         0    308807         -        2481s
       16      4661        88         0    308802         -        2486s
       16      4656        88         0    308779         -        2490s
       17      4563        88         0    304890         -        2496s
       17      4561        89         0    304890         -        2501s
       17      4556        89         0    304857         -        2505s
       18      4417        88         0    281894         -        2510s
       18      4322        88         0    264001         -        2516s
       19      4322        89         0    264001         -        2521s
       19      4317        89         0    263228         -        2525s
       20      4267        88         0    259053         -        2531s
       20      4263        89         0    259040         -        2535s
       21      4258        89         0    258954         -        2541s
       21      4120        88         0    254409         -        2545s
       21      4071        88         0    252714         -        2550s
       22      4070        89         0    252705         -        2556s
       22      4022        89         0    251448         -        2561s
       22      4017        89         0    251259         -        2565s
       23      4014        89         0    251210         -        2570s
       23      4008        89         0    251163         -        2575s
       24      3870        89         0    242307         -        2581s
       25      3824        89         0    240721         -        2585s
       25      3818        89         0    240642         -        2590s
       26      3815        89         0    240567         -        2595s
       26      3809        89         0    240486         -        2601s
       27      3807        90         0    240470         -        2606s
       27      3803        90         0    240314         -        2610s
       28      3798        90         0    237613         -        2616s
       28      3614        89         0    231695         -        2620s
       29      3610        89         0    231588         -        2625s
       30      3562        90         0    223724         -        2630s
       31      3558        90         0    223696         -        2636s
       31      3552        90         0    223559         -        2641s
       32      3549        90         0    223517         -        2645s
       32      3543        90         0    223365         -        2650s
       34      3497        91         0    221749         -        2656s
       34      3491        91         0    221643         -        2661s
       36      3489        91         0    221554         -        2666s
       36      3441        91         0    219040         -        2670s
       37      3437        91         0    218991         -        2675s
       37      3432        92         0    218971         -        2680s
       38      3428        92         0    218862         -        2686s
       38      3422        92         0    218741         -        2691s
       39      3329        92         0    213266         -        2695s
       40      3325        92         0    212283         -        2701s
       41      3321        92         0    212188         -        2705s
       41      3183        92         0    205179         -        2711s
       41      3179        92         0    204506         -        2715s
       42      3175        92         0    204497         -        2720s
       42      3125        92         0    202813         -        2726s
       43      3122        93         0    202314         -        2730s
       44      3072        92         0    197876         -        2735s
       44      3067        93         0    197829         -        2740s
       45      3018        93         0    196362         -        2745s
       45      3012        93         0    196294         -        2750s
       46      2963        93         0    194566         -        2756s
       46      2915        93         0    190779         -        2760s
       46      2909        93         0    190762         -        2765s
       48      2905        93         0    190734         -        2771s
       48      2721        93         0    182140         -        2775s
       48      2671        93         0    180232         -        2780s
       49      2621        93         0    178394         -        2786s
       50      2617        93         0    178343         -        2790s
       51      2570        93         0    176330         -        2795s
       51      2564        94         0    176282         -        2801s
       52      2560        94         0    176188         -        2806s
       53      2556        94         0    176095         -        2811s
       54      2417        93         0    169029         -        2815s
       54      2411        93         0    168826         -        2820s
       55      2406        94         0    168698         -        2826s
       56      2357        94         0    166783         -        2830s
       57      2307        94         0    164916         -        2836s
       57      2257        94         0    162905         -        2840s
       60      2211        94         0    156687         -        2846s
       60      2205        94         0    156510         -        2850s
       61      2065        93         0    150826         -        2855s
       61      2059        94         0    150686         -        2861s
       62      2011        94         0    146391         -        2865s
       63      2006        94         0    146186         -        2871s
       63      2000        94         0    146082         -        2875s
       64      1951        94         0    144118         -        2881s
       65      1947        95         0    143994         -        2885s
       66      1941        95         0    143233         -        2891s
       66      1891        95         0    141333         -        2896s
       67      1797        95         0    123862         -        2901s
       68      1704        95         0    120148         -        2906s
       69      1700        95         0    120002         -        2910s
       70      1697        96         0    119879         -        2915s
       71      1693        96         0    119711         -        2920s
       73      1690        97         0    119565         -        2926s
       73      1640        97         0    117500         -        2930s
       74      1591        97         0    115402         -        2935s
       75      1587        97         0    115276         -        2940s
       76      1537        97         0    112435         -        2945s
       77      1353        97         0     99218         -        2951s
       78      1349        97         0     98444         -        2955s
       78      1208        96         0     89173         -        2960s
       80      1069        95         0     75896         -        2966s
       81       930        94         0     53064         -        2970s
       82       791        94         0     43329         -        2975s
       84       697        93         0     35484         -        2981s
       86       581        94         0     29996         -        2986s
       88       530        94         0     27572         -        2990s
       90       485        95         0     25177         -        2995s
       92       326        94         0     17057         -        3001s
       92       206        93         0      5566         -        3006s
       92       149        92         0      3241         -        3010s
       92       135        92         0      2881         -        3015s
       92       128        92         0      2597         -        3020s
       92       121        92         0      2405         -        3025s
       92       113        92         0      1897         -        3031s
       93       107        93         0      1446         -        3035s
       93       100        93         0      1169         -        3040s
       93        93        93         0       802         -        3045s
       93        93        93         0       802         -        3051s
       93        93        93         0       802         -        3055s
       93        93        93         0       802         -        3060s
       93        93        93         0       802         -        3066s
       93        93        93         0       802         -        3070s
       93        93        93         0       802         -        3075s
       93        93        93         0       802       802        3080s
       93        93        93         0       802       802        3085s
       93        93        93         0       802       802        3091s
       93        93        93        54       801       544        3107s
       93        93        93        93       800       479        3120s
       93        93        93       143       799       499        3133s
       93        93        93       201       798       534        3146s
       93        93        93       259       797       559        3160s
       93        93        93       311       796       570        3173s
       93        93        93       366       795       586        3186s
       93        93        93       415       794       595        3199s
       93        93        93       476       793       616        3212s
       93        93        93       532       792       633        3225s
       93        93        93       534       787       632        3231s
       93        93        93       534       780       630        3236s
       93        93        93       534       773       627        3241s
       93        93        93       534       766       624        3246s
       93        93        93       534       759       621        3251s
       93        93        93       534       752       618        3255s
       93        93        93       534       745       615        3260s
       93        93        93       534       738       612        3265s
       93        93        93       534       731       609        3270s
       93        93        93       534       724       606        3275s
       93        93        93       534       716       602        3281s
       93        93        93       534       709       599        3285s
       93        93        93       534       702       596        3290s
       93        93        93       534       695       592        3295s
       93        93        93       534       688       589        3300s
       93        93        93       534       680       585        3306s
       93        93        93       534       673       582        3310s
       93        93        93       534       666       579        3315s
       93        93        93       534       658       575        3321s
       93        93        93       534       651       572        3325s
       93        93        93       534       644       569        3330s
       93        93        93       534       636       565        3335s
       93        93        93       534       629       562        3340s
       93        93        93       534       621       558        3346s
       93        93        93       534       614       555        3350s
       93        93        93       534       607       552        3355s
       93        93        93       534       599       548        3361s
       93        93        93       534       592       545        3365s
       93        93        93       534       585       543        3370s
       93        93        93       534       578       540        3375s
       93        93        93       534       571       538        3380s
       93        93        93       534       563       536        3386s
       93        93        93       534       556       535        3391s
       93        93        93       534       549       534        3395s
       93        93        93       534       542       534        3400s
       93        93        93       534       534       534        3406s
       93        93        93       534       534       534        3406s

IIS computed: 93 constraints, 534 bounds
IIS runtime: 3405.63 seconds (2357.30 work units)
