
Gurobi 10.0.1 (win64) logging started Wed May 24 11:49:26 2023

Set parameter LogFile to value "logFiles/A-2L-A/A-2L-6U-41F-15V-365D/basic-05-24-2023, 11-49-H70-P50-O15.log"
Gurobi Optimizer version 10.0.1 build v10.0.1rc0 (win64)

CPU model: Intel(R) Core(TM) i7-10700 CPU @ 2.90GHz, instruction set [SSE2|AVX|AVX2]
Thread count: 8 physical cores, 16 logical processors, using up to 16 threads

Optimize a model with 22840 rows, 409728 columns and 1861509 nonzeros
Model fingerprint: 0x6f027dce
Variable types: 158061 continuous, 251667 integer (251667 binary)
Coefficient statistics:
  Matrix range     [1e+00, 2e+05]
  Objective range  [4e+01, 2e+07]
  Bounds range     [1e+00, 1e+00]
  RHS range        [1e+00, 1e+06]
Presolve removed 9680 rows and 13917 columns
Presolve time: 4.64s
Presolved: 13160 rows, 395811 columns, 1746662 nonzeros
Variable types: 149611 continuous, 246200 integer (246194 binary)
Deterministic concurrent LP optimizer: primal simplex, dual simplex, and barrier
Showing barrier log only...

Root barrier log...

Ordering time: 1.28s

Barrier statistics:
 AA' NZ     : 8.789e+05
 Factor NZ  : 4.764e+06 (roughly 200 MB of memory)
 Factor Ops : 4.475e+09 (less than 1 second per iteration)
 Threads    : 5

                  Objective                Residual
Iter       Primal          Dual         Primal    Dual     Compl     Time
   0  -1.04068012e+16  1.09470125e+13  5.68e+08 1.09e+07  1.13e+12     9s
   1  -2.56671887e+15  1.31566845e+13  1.40e+08 1.03e+07  2.82e+11     9s
   2  -6.68883648e+14  1.33459519e+13  3.74e+07 6.19e+06  7.58e+10     9s
   3  -6.82822071e+13  1.15698676e+13  4.16e+06 1.19e-07  8.91e+09     9s
   4  -3.48231850e+12  8.08520115e+12  2.12e+05 5.96e-08  4.64e+08    10s
   5  -1.10053464e+12  6.11686277e+12  6.70e+04 2.61e-08  1.51e+08    10s
   6  -6.23268292e+11  4.88829258e+12  3.81e+04 2.24e-08  8.61e+07    10s
   7  -1.25342148e+11  3.82751209e+12  7.82e+03 2.98e-08  2.06e+07    11s
   8  -5.26318050e+10  2.51827953e+12  3.44e+03 5.51e-07  9.45e+06    11s
   9  -1.63470506e+10  1.23200828e+12  1.20e+03 5.89e-07  3.43e+06    11s
  10  -2.68315599e+09  4.26183842e+11  2.84e+02 2.94e-07  9.11e+05    12s
  11   5.19085844e+08  2.21228554e+11  8.35e+01 1.62e-07  3.80e+05    12s
  12   1.20474468e+09  9.46063704e+10  4.13e+01 9.41e-08  1.66e+05    12s
  13   1.51374894e+09  6.73384969e+10  2.24e+01 7.92e-08  1.10e+05    13s
  14   1.62933759e+09  4.66273668e+10  1.53e+01 6.91e-08  7.54e+04    13s
  15   1.70012438e+09  4.18688364e+10  1.10e+01 7.75e-08  6.42e+04    13s
  16   1.74260772e+09  2.98388853e+10  8.27e+00 1.01e-07  4.61e+04    14s
  17   1.76442248e+09  2.03745329e+10  6.84e+00 1.03e-07  3.25e+04    14s
  18   1.78212755e+09  1.61089501e+10  5.68e+00 1.17e-07  2.56e+04    14s
  19   1.79184695e+09  1.24399468e+10  4.53e+00 1.19e-07  1.95e+04    15s
  20   1.82715543e+09  1.15415260e+10  2.54e+00 1.37e-07  1.56e+04    15s
  21   1.86500353e+09  8.48628945e+09  1.31e+00 1.29e-07  9.92e+03    16s
  22   1.90290449e+09  5.85505470e+09  5.43e-01 1.19e-07  5.52e+03    16s
  23   1.94269001e+09  3.54894362e+09  1.52e-01 1.35e-07  2.13e+03    17s
  24   1.97597756e+09  3.18229672e+09  8.20e-02 1.49e-07  1.57e+03    17s
  25   1.98986425e+09  3.09007270e+09  5.85e-02 1.79e-07  1.42e+03    17s
  26   1.99663321e+09  2.89847695e+09  4.95e-02 1.49e-07  1.17e+03    17s
  27   1.99751631e+09  2.82359921e+09  4.82e-02 1.79e-07  1.07e+03    18s
  28   2.01993103e+09  2.54504717e+09  2.71e-02 2.01e-07  6.76e+02    18s
  29   2.03409649e+09  2.38886877e+09  1.98e-02 2.27e-07  4.56e+02    18s
  30   2.04440322e+09  2.29372422e+09  1.58e-02 2.26e-07  3.21e+02    19s
  31   2.05675095e+09  2.20550907e+09  1.07e-02 1.95e-07  1.92e+02    19s
  32   2.06618766e+09  2.18540137e+09  7.42e-03 2.09e-07  1.53e+02    20s
  33   2.07070937e+09  2.15676627e+09  6.15e-03 2.11e-07  1.11e+02    20s
  34   2.07730336e+09  2.14780205e+09  4.39e-03 2.57e-07  9.07e+01    21s
  35   2.08142977e+09  2.13152152e+09  3.43e-03 2.55e-07  6.46e+01    21s
  36   2.08481366e+09  2.12381186e+09  2.69e-03 2.39e-07  5.03e+01    21s
  37   2.08803241e+09  2.11886450e+09  2.02e-03 2.66e-07  3.97e+01    22s
  38   2.09119121e+09  2.11444096e+09  1.38e-03 2.57e-07  2.99e+01    22s
  39   2.09171649e+09  2.11256491e+09  1.29e-03 2.92e-07  2.68e+01    23s
  40   2.09358172e+09  2.11124032e+09  9.43e-04 3.34e-07  2.27e+01    23s
  41   2.09490599e+09  2.10860870e+09  7.42e-04 2.93e-07  1.76e+01    24s
  42   2.09628269e+09  2.10751196e+09  5.35e-04 3.30e-07  1.44e+01    24s
  43   2.09710265e+09  2.10540475e+09  4.27e-04 2.70e-07  1.07e+01    24s
  44   2.09800978e+09  2.10431616e+09  3.17e-04 2.76e-07  8.10e+00    25s
  45   2.09844049e+09  2.10330380e+09  2.69e-04 2.69e-07  6.26e+00    25s
  46   2.09929586e+09  2.10285196e+09  1.74e-04 3.04e-07  4.57e+00    26s
  47   2.09996102e+09  2.10236912e+09  1.02e-04 2.83e-07  3.09e+00    26s
  48   2.10025396e+09  2.10209902e+09  7.42e-05 2.38e-07  2.36e+00    27s
  49   2.10046558e+09  2.10169428e+09  5.46e-05 2.26e-07  1.58e+00    27s
  50   2.10060249e+09  2.10158043e+09  4.16e-05 2.76e-07  1.26e+00    28s
  51   2.10076671e+09  2.10154643e+09  2.70e-05 3.35e-07  9.98e-01    28s
  52   2.10089208e+09  2.10134749e+09  1.62e-05 2.91e-07  5.83e-01    29s
  53   2.10090988e+09  2.10126960e+09  1.47e-05 2.70e-07  4.62e-01    29s
  54   2.10102982e+09  2.10119188e+09  5.10e-06 2.11e-07  2.07e-01    29s
  55   2.10106837e+09  2.10114779e+09  2.17e-06 1.69e-07  1.01e-01    30s
  56   2.10108319e+09  2.10111812e+09  2.36e-06 2.61e-07  4.46e-02    30s
  57   2.10109105e+09  2.10110697e+09  2.54e-06 3.82e-07  2.03e-02    31s
  58   2.10109543e+09  2.10110092e+09  2.09e-06 4.64e-07  7.00e-03    31s
  59   2.10109637e+09  2.10109964e+09  3.68e-06 5.11e-07  4.14e-03    31s
  60   2.10109672e+09  2.10109798e+09  6.93e-07 4.13e-07  1.60e-03    32s
  61   2.10109681e+09  2.10109688e+09  3.47e-07 4.83e-07  9.10e-05    32s
  62   2.10109681e+09  2.10109682e+09  2.54e-07 4.73e-07  1.98e-05    33s
  63   2.10109682e+09  2.10109682e+09  2.06e-08 5.60e-07  1.42e-06    33s
  64   2.10109682e+09  2.10109682e+09  4.66e-07 4.87e-07  3.46e-08    33s
  65   2.10109682e+09  2.10109682e+09  8.52e-07 4.77e-07  8.70e-11    34s

Barrier solved model in 65 iterations and 33.68 seconds (24.40 work units)
Optimal objective 2.10109682e+09


Root crossover log...

   10613 DPushes remaining with DInf 0.0000000e+00                34s
       0 DPushes remaining with DInf 0.0000000e+00                34s

     672 PPushes remaining with PInf 1.3429194e-06                34s
       0 PPushes remaining with PInf 0.0000000e+00                34s

  Push phase complete: Pinf 0.0000000e+00, Dinf 4.9923165e+03     34s


Root simplex log...

Iteration    Objective       Primal Inf.    Dual Inf.      Time
   11277    2.1010968e+09   0.000000e+00   4.992317e+03     34s
   11289    2.1010968e+09   0.000000e+00   0.000000e+00     35s
Concurrent spin time: 0.00s

Solved with barrier
   11355    2.1010968e+09   0.000000e+00   0.000000e+00     35s
Extra simplex iterations after uncrush: 66

Root relaxation: objective 2.101097e+09, 11355 iterations, 29.11 seconds (14.91 work units)
Total elapsed time = 35.10s

    Nodes    |    Current Node    |     Objective Bounds      |     Work
 Expl Unexpl |  Obj  Depth IntInf | Incumbent    BestBd   Gap | It/Node Time

     0     0 2.1011e+09    0  306          - 2.1011e+09      -     -   36s
     0     0 2.1006e+09    0  354          - 2.1006e+09      -     -   45s
     0     0 2.1005e+09    0  325          - 2.1005e+09      -     -   52s
     0     0 2.1005e+09    0  334          - 2.1005e+09      -     -   54s
     0     0 2.1005e+09    0  341          - 2.1005e+09      -     -   55s
     0     0 2.1004e+09    0  332          - 2.1004e+09      -     -   65s
     0     0 2.1004e+09    0  333          - 2.1004e+09      -     -   71s
     0     0 2.1004e+09    0  339          - 2.1004e+09      -     -   71s
     0     0 2.1004e+09    0  331          - 2.1004e+09      -     -   81s
     0     0 2.1004e+09    0  340          - 2.1004e+09      -     -   85s
     0     0 2.1004e+09    0  343          - 2.1004e+09      -     -   85s
     0     0 2.1004e+09    0  335          - 2.1004e+09      -     -   94s
     0     0 2.1004e+09    0  348          - 2.1004e+09      -     -   96s
     0     0 2.1004e+09    0  326          - 2.1004e+09      -     -  105s
     0     0 2.1004e+09    0  333          - 2.1004e+09      -     -  108s
     0     0 2.1004e+09    0  330          - 2.1004e+09      -     -  112s
     0     0 2.1004e+09    0  327          - 2.1004e+09      -     -  114s
     0     0 2.1003e+09    0  334          - 2.1003e+09      -     -  130s
     0     0 2.1003e+09    0  343          - 2.1003e+09      -     -  133s
     0     0 2.1002e+09    0  293          - 2.1002e+09      -     -  145s
     0     0 2.1002e+09    0  307          - 2.1002e+09      -     -  147s
     0     0 2.1002e+09    0  312          - 2.1002e+09      -     -  148s
     0     0 2.1002e+09    0  311          - 2.1002e+09      -     -  150s
     0     0 2.1002e+09    0  313          - 2.1002e+09      -     -  152s
     0     0 2.1002e+09    0  298          - 2.1002e+09      -     -  155s
     0     0 2.1002e+09    0  296          - 2.1002e+09      -     -  157s
     0     0 2.1002e+09    0  307          - 2.1002e+09      -     -  162s
     0     0 2.1002e+09    0  309          - 2.1002e+09      -     -  166s
     0     0 2.1002e+09    0  313          - 2.1002e+09      -     -  166s
     0     0 2.1002e+09    0  305          - 2.1002e+09      -     -  168s
     0     0 2.1002e+09    0  320          - 2.1002e+09      -     -  170s
     0     0 2.1002e+09    0  326          - 2.1002e+09      -     -  171s
H    0     0                    7.681381e+08 2.1002e+09   173%     -  171s
     0     0 2.1002e+09    0  310 7.6814e+08 2.1002e+09   173%     -  174s
H    0     0                    2.044471e+09 2.1002e+09  2.72%     -  192s
H    0     0                    2.044822e+09 2.1002e+09  2.71%     -  199s
H    0     0                    2.065271e+09 2.1002e+09  1.69%     -  205s

Cutting planes:
  Cover: 4
  Implied bound: 13
  MIR: 43
  Flow cover: 39
  RLT: 7
  Relax-and-lift: 66

Explored 1 nodes (51106 simplex iterations) in 205.88 seconds (315.34 work units)
Thread count was 16 (of 16 available processors)

Solution count 4: 2.06527e+09 2.04482e+09 2.04447e+09 7.68138e+08 

Optimal solution found (tolerance 2.00e-02)
Best objective 2.065271164915e+09, best bound 2.100161680948e+09, gap 1.6894%
Gurobi Optimizer version 10.0.1 build v10.0.1rc0 (win64)

CPU model: Intel(R) Core(TM) i7-10700 CPU @ 2.90GHz, instruction set [SSE2|AVX|AVX2]
Thread count: 8 physical cores, 16 logical processors, using up to 16 threads

Optimize a model with 36259 rows, 725817 columns and 4074693 nonzeros
Model fingerprint: 0x5473c043
Variable types: 225027 continuous, 500790 integer (500790 binary)
Coefficient statistics:
  Matrix range     [1e+00, 2e+05]
  Objective range  [4e+01, 2e+07]
  Bounds range     [1e+00, 3e+05]
  RHS range        [1e+00, 3e+06]
Presolve removed 26823 rows and 499044 columns (presolve time = 5s) ...
Presolve removed 26799 rows and 499020 columns
Presolve time: 5.18s
Presolved: 9460 rows, 226797 columns, 1066963 nonzeros
Variable types: 125512 continuous, 101285 integer (101274 binary)
Deterministic concurrent LP optimizer: primal simplex, dual simplex, and barrier
Showing barrier log only...

Root barrier log...

Ordering time: 0.55s

Barrier statistics:
 AA' NZ     : 5.432e+05
 Factor NZ  : 3.383e+06 (roughly 120 MB of memory)
 Factor Ops : 3.050e+09 (less than 1 second per iteration)
 Threads    : 5

                  Objective                Residual
Iter       Primal          Dual         Primal    Dual     Compl     Time
   0  -2.87339057e+15  1.13433825e+13  3.46e+08 2.80e+06  2.75e+11     8s
   1  -9.82196578e+14  9.55229414e+12  1.19e+08 2.86e+06  9.55e+10     8s
   2  -2.54445023e+14  4.81761953e+12  3.08e+07 1.34e+05  2.51e+10     8s
   3  -5.19703018e+12  2.94361112e+12  6.29e+05 1.73e+03  5.20e+08     8s
   4  -4.36544817e+11  1.25731063e+12  5.26e+04 6.51e+01  4.61e+07     8s
   5  -1.46964231e+11  7.94041478e+11  1.76e+04 1.12e-08  1.61e+07     8s
   6  -3.75360161e+10  5.93406137e+11  4.47e+03 9.31e-09  4.93e+06     9s
   7  -6.61965346e+09  2.41356655e+11  7.97e+02 9.31e-09  1.18e+06     9s
   8  -7.27155826e+08  6.20796149e+10  2.02e+02 1.02e-08  2.75e+05     9s
   9   1.04082604e+09  1.94476118e+10  4.25e+01 9.60e-09  6.66e+04     9s
  10   1.28124635e+09  9.90012005e+09  2.11e+01 2.06e-08  3.17e+04     9s
  11   1.31715152e+09  7.39756783e+09  1.79e+01 1.70e-08  2.44e+04    10s
  12   1.34398480e+09  5.86458552e+09  1.56e+01 1.97e-08  1.97e+04    10s
  13   1.41690661e+09  4.71966190e+09  9.03e+00 2.29e-08  1.28e+04    10s
  14   1.42706476e+09  4.15086632e+09  8.16e+00 3.27e-08  1.10e+04    10s
  15   1.44428358e+09  3.39412333e+09  7.10e+00 2.78e-08  8.34e+03    10s
  16   1.45952117e+09  2.97132254e+09  6.13e+00 2.40e-08  6.67e+03    11s
  17   1.46740693e+09  2.76079278e+09  5.72e+00 2.43e-08  5.86e+03    11s
  18   1.50454977e+09  2.53354484e+09  3.46e+00 1.99e-08  3.96e+03    11s
  19   1.54857274e+09  2.30132247e+09  1.34e+00 1.71e-08  2.27e+03    11s
  20   1.57040017e+09  1.92040239e+09  8.19e-01 1.06e-08  1.04e+03    12s
  21   1.58231180e+09  1.88958160e+09  6.03e-01 1.42e-08  8.60e+02    12s
  22   1.59381842e+09  1.82508954e+09  4.44e-01 1.00e-08  6.23e+02    12s
  23   1.59865084e+09  1.77083165e+09  3.92e-01 6.30e-09  4.61e+02    12s
  24   1.60444668e+09  1.73718759e+09  3.37e-01 5.47e-09  3.52e+02    12s
  25   1.60749460e+09  1.72225527e+09  3.10e-01 4.90e-09  3.02e+02    12s
  26   1.61540072e+09  1.71317420e+09  2.51e-01 5.58e-09  2.52e+02    13s
  27   1.62067241e+09  1.68438702e+09  2.09e-01 4.53e-09  1.63e+02    13s
  28   1.62850404e+09  1.67583340e+09  1.59e-01 4.26e-09  1.20e+02    13s
  29   1.63394211e+09  1.66950618e+09  1.27e-01 4.59e-09  8.94e+01    13s
  30   1.63675138e+09  1.66499324e+09  1.06e-01 4.06e-09  7.06e+01    14s
  31   1.64236021e+09  1.66249026e+09  6.94e-02 5.25e-09  4.94e+01    14s
  32   1.64406335e+09  1.66062669e+09  5.87e-02 5.17e-09  4.05e+01    14s
  33   1.64606635e+09  1.65849730e+09  4.66e-02 6.71e-09  3.03e+01    14s
  34   1.64779744e+09  1.65744572e+09  3.60e-02 5.90e-09  2.34e+01    15s
  35   1.64853075e+09  1.65723427e+09  3.24e-02 7.05e-09  2.11e+01    15s
  36   1.64935077e+09  1.65662976e+09  2.86e-02 6.76e-09  1.77e+01    15s
  37   1.64977882e+09  1.65652188e+09  2.62e-02 7.75e-09  1.64e+01    15s
  38   1.65077338e+09  1.65623008e+09  2.12e-02 6.00e-09  1.32e+01    16s
  39   1.65194028e+09  1.65600227e+09  1.57e-02 7.57e-09  9.81e+00    16s
  40   1.65253590e+09  1.65586222e+09  1.27e-02 5.17e-09  8.02e+00    16s
  41   1.65319302e+09  1.65564823e+09  9.45e-03 4.75e-09  5.91e+00    16s
  42   1.65363694e+09  1.65556821e+09  7.24e-03 5.00e-09  4.63e+00    16s
  43   1.65385979e+09  1.65548792e+09  6.18e-03 6.02e-09  3.91e+00    17s
  44   1.65413488e+09  1.65541514e+09  4.79e-03 4.19e-09  3.06e+00    17s
  45   1.65436339e+09  1.65533352e+09  3.68e-03 4.22e-09  2.32e+00    17s
  46   1.65462950e+09  1.65529505e+09  2.45e-03 5.94e-09  1.59e+00    17s
  47   1.65472208e+09  1.65525972e+09  2.00e-03 3.95e-09  1.28e+00    18s
  48   1.65485689e+09  1.65523173e+09  1.36e-03 4.69e-09  8.92e-01    18s
  49   1.65494512e+09  1.65521784e+09  9.63e-04 5.19e-09  6.48e-01    18s
  50   1.65502341e+09  1.65519481e+09  6.00e-04 3.92e-09  4.07e-01    18s
  51   1.65506165e+09  1.65518784e+09  4.25e-04 4.27e-09  2.99e-01    19s
  52   1.65508188e+09  1.65518144e+09  3.30e-04 4.21e-09  2.35e-01    19s
  53   1.65510036e+09  1.65517633e+09  2.44e-04 5.06e-09  1.79e-01    19s
  54   1.65512325e+09  1.65517062e+09  1.38e-04 5.48e-09  1.11e-01    19s
  55   1.65513173e+09  1.65516961e+09  1.01e-04 6.46e-09  8.82e-02    20s
  56   1.65514790e+09  1.65516271e+09  2.92e-05 7.08e-09  3.40e-02    20s
  57   1.65515012e+09  1.65515948e+09  1.99e-05 6.31e-09  2.16e-02    20s
  58   1.65515226e+09  1.65515809e+09  1.09e-05 6.43e-09  1.33e-02    20s
  59   1.65515449e+09  1.65515661e+09  1.95e-06 4.55e-09  4.76e-03    20s
  60   1.65515456e+09  1.65515563e+09  1.69e-06 4.99e-09  2.44e-03    21s
  61   1.65515488e+09  1.65515524e+09  9.52e-07 6.18e-09  8.26e-04    21s
  62   1.65515502e+09  1.65515509e+09  2.41e-07 5.12e-09  1.69e-04    21s
  63   1.65515505e+09  1.65515506e+09  6.58e-08 5.88e-09  3.24e-05    21s
  64   1.65515506e+09  1.65515506e+09  3.08e-06 5.59e-09  9.07e-06    21s
  65   1.65515506e+09  1.65515506e+09  1.38e-07 7.68e-09  1.66e-07    22s
  66   1.65515506e+09  1.65515506e+09  2.26e-09 5.49e-09  2.72e-10    22s

Barrier solved model in 66 iterations and 21.75 seconds (22.43 work units)
Optimal objective 1.65515506e+09


Root crossover log...

    6631 DPushes remaining with DInf 0.0000000e+00                22s
       0 DPushes remaining with DInf 0.0000000e+00                22s

     349 PPushes remaining with PInf 0.0000000e+00                22s
       0 PPushes remaining with PInf 0.0000000e+00                22s

  Push phase complete: Pinf 0.0000000e+00, Dinf 9.4170566e-08     22s


Root simplex log...

Iteration    Objective       Primal Inf.    Dual Inf.      Time
    6933    1.6551551e+09   0.000000e+00   0.000000e+00     22s
Concurrent spin time: 0.00s

Solved with barrier
    6933    1.6551551e+09   0.000000e+00   0.000000e+00     22s

Root relaxation: objective 1.655155e+09, 6933 iterations, 16.18 seconds (8.82 work units)

    Nodes    |    Current Node    |     Objective Bounds      |     Work
 Expl Unexpl |  Obj  Depth IntInf | Incumbent    BestBd   Gap | It/Node Time

     0     0 1.6552e+09    0  236          - 1.6552e+09      -     -   22s
     0     0 1.6550e+09    0  263          - 1.6550e+09      -     -   28s
     0     0 1.6550e+09    0  236          - 1.6550e+09      -     -   34s
     0     0 1.6550e+09    0  249          - 1.6550e+09      -     -   35s
     0     0 1.6550e+09    0  245          - 1.6550e+09      -     -   35s
     0     0 1.6549e+09    0  249          - 1.6549e+09      -     -   40s
     0     0 1.6549e+09    0  233          - 1.6549e+09      -     -   43s
     0     0 1.6549e+09    0  238          - 1.6549e+09      -     -   43s
     0     0 1.6549e+09    0  243          - 1.6549e+09      -     -   47s
     0     0 1.6549e+09    0  246          - 1.6549e+09      -     -   49s
     0     0 1.6549e+09    0  248          - 1.6549e+09      -     -   50s
     0     0 1.6548e+09    0  273          - 1.6548e+09      -     -   54s
     0     0 1.6548e+09    0  256          - 1.6548e+09      -     -   56s
     0     0 1.6548e+09    0  260          - 1.6548e+09      -     -   57s
     0     0 1.6548e+09    0  248          - 1.6548e+09      -     -   58s
     0     0 1.6548e+09    0  290          - 1.6548e+09      -     -   60s
     0     0 1.6548e+09    0  263          - 1.6548e+09      -     -   61s
     0     0 1.6548e+09    0  235          - 1.6548e+09      -     -   81s
     0     0 1.6548e+09    0  257          - 1.6548e+09      -     -   88s
     0     0 1.6548e+09    0  262          - 1.6548e+09      -     -   95s
     0     0 1.6548e+09    0  256          - 1.6548e+09      -     -   99s
     0     0 1.6548e+09    0  265          - 1.6548e+09      -     -  100s
     0     0 1.6548e+09    0  263          - 1.6548e+09      -     -  101s
     0     0 1.6547e+09    0  278          - 1.6547e+09      -     -  105s
     0     0 1.6547e+09    0  294          - 1.6547e+09      -     -  106s
     0     0 1.6547e+09    0  286          - 1.6547e+09      -     -  109s
     0     0 1.6547e+09    0  285          - 1.6547e+09      -     -  111s
     0     0 1.6547e+09    0  289          - 1.6547e+09      -     -  112s
     0     0 1.6546e+09    0  311          - 1.6546e+09      -     -  116s
     0     0 1.6546e+09    0  333          - 1.6546e+09      -     -  118s
     0     0 1.6546e+09    0  339          - 1.6546e+09      -     -  118s
     0     0 1.6546e+09    0  306          - 1.6546e+09      -     -  120s
     0     0 1.6546e+09    0  317          - 1.6546e+09      -     -  122s
     0     0 1.6546e+09    0  322          - 1.6546e+09      -     -  123s
     0     0 1.6546e+09    0  322          - 1.6546e+09      -     -  123s
     0     0 1.6546e+09    0  295          - 1.6546e+09      -     -  126s
     0     0 1.6546e+09    0  297          - 1.6546e+09      -     -  127s
     0     0 1.6546e+09    0  297          - 1.6546e+09      -     -  127s
     0     0 1.6546e+09    0  342          - 1.6546e+09      -     -  129s
     0     0 1.6546e+09    0  332          - 1.6546e+09      -     -  131s
     0     0 1.6546e+09    0  320          - 1.6546e+09      -     -  131s
     0     0 1.6546e+09    0  320          - 1.6546e+09      -     -  132s
     0     0 1.6546e+09    0  338          - 1.6546e+09      -     -  133s
     0     0 1.6546e+09    0  327          - 1.6546e+09      -     -  134s
     0     0 1.6546e+09    0  338          - 1.6546e+09      -     -  135s
     0     0 1.6546e+09    0  301          - 1.6546e+09      -     -  136s
     0     0 1.6546e+09    0  290          - 1.6546e+09      -     -  137s
     0     2 1.6546e+09    0  290          - 1.6546e+09      -     -  155s
     3     8 1.6546e+09    2  293          - 1.6546e+09      -   797  164s
     7    16 1.6546e+09    3  285          - 1.6546e+09      -   720  176s
    15    24 1.6545e+09    4  297          - 1.6545e+09      -   647  196s
    23    32 1.6545e+09    5  291          - 1.6545e+09      -   804  213s
    31    40 1.6545e+09    5  285          - 1.6545e+09      -   912  221s
    39    48 1.6545e+09    6  281          - 1.6545e+09      -   802  229s
    47    56 1.6545e+09    7  282          - 1.6545e+09      -   715  236s
    55    66 1.6545e+09    8  289          - 1.6545e+09      -   639  245s
    65    75 1.6545e+09    9  262          - 1.6545e+09      -   581  254s
    74    98 1.6545e+09   10  265          - 1.6545e+09      -   544  287s
    97   131 1.6545e+09   11  260          - 1.6545e+09      -   556  333s
   130   186 1.6543e+09   16  225          - 1.6545e+09      -   568  424s
   185   306 1.6545e+09   24  251          - 1.6545e+09      -   593  575s
   305   587 1.6545e+09   43  283          - 1.6545e+09      -   544  868s
   586  1033 1.6545e+09   68  280          - 1.6545e+09      -   481 1353s
  1032  1689 1.6545e+09  118  278          - 1.6545e+09      -   489 1847s
  1692  2554 1.6544e+09  183  247          - 1.6545e+09      -   446 2288s
  2561  3470 1.6543e+09  311  222          - 1.6545e+09      -   382 2643s
  3481  4420 1.6543e+09  441  225          - 1.6545e+09      -   330 2937s
  4431  5373 1.6542e+09  570  236          - 1.6545e+09      -   290 3234s
H 5321  5373                    1.554483e+09 1.6545e+09  6.44%   264 3235s
H 5384  5683                    1.554862e+09 1.6545e+09  6.41%   263 3424s
H 5384  5683                    1.616561e+09 1.6545e+09  2.35%   263 3424s
H 5431  5683                    1.617673e+09 1.6545e+09  2.28%   262 3425s
H 5501  5683                    1.621831e+09 1.6545e+09  2.02%   261 3425s
H 5694  6661                    1.623224e+09 1.6545e+09  1.93%   259 3759s
H 5815  6661                    1.630560e+09 1.6545e+09  1.47%   257 3760s

Cutting planes:
  Cover: 22
  Implied bound: 32
  Clique: 3
  MIR: 74
  Flow cover: 54
  GUB cover: 1
  RLT: 5
  Relax-and-lift: 58

Explored 6672 nodes (1663361 simplex iterations) in 3760.94 seconds (1804.29 work units)
Thread count was 16 (of 16 available processors)

Solution count 7: 1.63056e+09 1.62322e+09 1.62183e+09 ... 1.55448e+09

Optimal solution found (tolerance 2.00e-02)
Best objective 1.630560034772e+09, best bound 1.654548037221e+09, gap 1.4712%
Gurobi Optimizer version 10.0.1 build v10.0.1rc0 (win64)

CPU model: Intel(R) Core(TM) i7-10700 CPU @ 2.90GHz, instruction set [SSE2|AVX|AVX2]
Thread count: 8 physical cores, 16 logical processors, using up to 16 threads

Optimize a model with 48749 rows, 1041326 columns and 6354293 nonzeros
Model fingerprint: 0x40b7095d
Variable types: 230417 continuous, 810909 integer (810909 binary)
Coefficient statistics:
  Matrix range     [1e+00, 2e+05]
  Objective range  [4e+01, 2e+07]
  Bounds range     [1e+00, 3e+05]
  RHS range        [1e+00, 3e+06]
Presolve removed 38563 rows and 813169 columns
Presolve time: 1.34s

Explored 0 nodes (0 simplex iterations) in 1.94 seconds (4.18 work units)
Thread count was 1 (of 16 available processors)

Solution count 0

Model is infeasible or unbounded
Best objective -, best bound -, gap -
IIS computation: initial model status unknown, solving to determine model status
Presolve removed 38574 rows and 813545 columns
Presolve time: 1.33s

Explored 0 nodes (0 simplex iterations) in 2.26 seconds (4.18 work units)
Thread count was 1 (of 16 available processors)

Solution count 0
No other solutions better than -1e+100

Model is infeasible
Best objective -, best bound -, gap -

Computing Irreducible Inconsistent Subsystem (IIS)...

           Constraints          |            Bounds           |  Runtime
      Min       Max     Guess   |   Min       Max     Guess   |
--------------------------------------------------------------------------
        0     36116         -         0    724009         -           2s
        0     36116         -         0    724009         -           8s
        0     33066         -         0    724009         -          20s
        0     33066         -         0    724009         -          29s
        0     29760         -         0    712815         -          31s
        0     21696         -         0    669816         -          36s
        0     17575         -         0    626412         -          40s
        0     11533         -         0    520082         -          46s
        0      8408         -         0    439754         -          51s
        0      5518         -         0    336325         -          55s
        0      4024        10         0    257793         -          60s
        0      2377        10         0    148447         -          65s
        0      1405        10         0     99889         -          71s
        0      1026         4         0     54631         -          75s
        0       675         4         0     36404         -          80s
        0       361         4         0     22076         -          85s
        0       215         4         0     10791         -          91s
        0       189         4         0      9619         -          95s
        1       185         4         0      9394         -         100s
        2       162         4         0      8597         -         105s
        3       129         4         0      6852         -         110s
        4       124         5         0      6759         -         115s
        4        82         5         0      5330         -         121s
        5        52         5         0      4086         -         125s
        5        46         5         0      3913         -         130s
        5        39         5         0      2608         -         136s
        5        33         5         0      2321         -         140s
        5        26         5         0      1866         -         145s
        5        19         5         0      1617         -         150s
        5        12         5         0      1423         -         155s
        5         5         5         0      1001         -         160s
        5         5         5         0      1001         -         166s
        5         5         5         0      1001         -         170s
        5         5         5         0      1001         -         175s
        5         5         5         0      1001         -         180s
        5         5         5         0      1001         -         185s
        5         5         5         0      1001         -         190s
        5         5         5         0      1001      1001         195s
        5         5         5         0      1001      1001         200s
        5         5         5         0      1001      1001         205s
        5         5         5         0      1001      1001         210s
        5         5         5        22      1000       695         217s
        5         5         5        47       999       740         223s
        5         5         5        76       998       798         230s
        5         5         5        99       997       782         236s
        5         5         5       121       996       768         243s
        5         5         5       143       995       760         249s
        5         5         5       167       994       763         256s
        5         5         5       197       993       789         262s
        5         5         5       225       992       802         268s
        5         5         5       251       991       808         275s
        5         5         5       279       990       818         283s
        5         5         5       304       989       820         289s
        5         5         5       331       988       826         297s
        5         5         5       358       987       832         303s
        5         5         5       387       986       841         310s
        5         5         5       414       985       845         317s
        5         5         5       444       984       855         323s
        5         5         5       470       983       857         330s
        5         5         5       499       982       864         337s
        5         5         5       528       981       870         344s
        5         5         5       555       980       873         351s
        5         5         5       583       979       878         358s
        5         5         5       608       978       879         365s
        5         5         5       635       977       883         372s
        5         5         5       662       976       886         379s
        5         5         5       690       975       891         386s
        5         5         5       716       974       894         393s
        5         5         5       744       973       898         400s
        5         5         5       771       972       902         407s
        5         5         5       796       971       905         414s
        5         5         5       824       970       911         421s
        5         5         5       831       968       911         425s
        5         5         5       831       961       909         430s
        5         5         5       831       954       906         435s
        5         5         5       831       947       903         440s
        5         5         5       831       940       899         445s
        5         5         5       831       933       896         450s
        5         5         5       831       926       892         455s
        5         5         5       831       919       887         460s
        5         5         5       831       912       883         465s
        5         5         5       831       905       878         470s
        5         5         5       831       898       873         475s
        5         5         5       831       891       869         480s
        5         5         5       831       884       864         485s
        5         5         5       831       876       858         491s
        5         5         5       831       869       854         496s
        5         5         5       831       862       849         501s
        5         5         5       831       855       844         505s
        5         5         5       831       848       840         510s
        5         5         5       831       841       835         515s
        5         5         5       831       834       831         520s
        5         5         5       831       831       831         522s

IIS computed: 5 constraints, 831 bounds
IIS runtime: 522.60 seconds (132.19 work units)
