
Gurobi 10.0.1 (linux64) logging started Sun May 28 00:21:04 2023

Set parameter LogFile to value "logFiles/A-2L-A/A-2L-6U-41F-15V-365D/basic-05-28-2023, 00-21-H70-P50-O15.log"
Gurobi Optimizer version 10.0.1 build v10.0.1rc0 (linux64)

CPU model: Intel(R) Xeon(R) Gold 5115 CPU @ 2.40GHz, instruction set [SSE2|AVX|AVX2|AVX512]
Thread count: 20 physical cores, 40 logical processors, using up to 20 threads

Optimize a model with 22846 rows, 409729 columns and 1716903 nonzeros
Model fingerprint: 0x9d4b64d6
Variable types: 158061 continuous, 251668 integer (251668 binary)
Coefficient statistics:
  Matrix range     [1e+00, 2e+05]
  Objective range  [4e+01, 2e+07]
  Bounds range     [1e+00, 1e+00]
  RHS range        [1e+00, 1e+06]
Presolve removed 9707 rows and 13940 columns (presolve time = 5s) ...
Presolve removed 9690 rows and 13925 columns
Presolve time: 6.82s
Presolved: 13156 rows, 395804 columns, 1601075 nonzeros
Variable types: 149609 continuous, 246195 integer (246189 binary)
Deterministic concurrent LP optimizer: primal simplex, dual simplex, and barrier
Showing barrier log only...

Root barrier log...

Ordering time: 0.59s

Barrier statistics:
 AA' NZ     : 8.586e+05
 Factor NZ  : 6.764e+06 (roughly 200 MB of memory)
 Factor Ops : 1.146e+10 (less than 1 second per iteration)
 Threads    : 17

                  Objective                Residual
Iter       Primal          Dual         Primal    Dual     Compl     Time
   0  -1.05335312e+16  1.75548652e+13  5.74e+08 1.10e+07  1.15e+12    10s
   1  -2.68931880e+15  2.18601138e+13  1.47e+08 1.04e+07  2.96e+11    11s
   2  -7.23673335e+14  2.27042301e+13  4.03e+07 5.56e+06  8.22e+10    11s
   3  -2.74249058e+13  1.88365987e+13  1.65e+06 1.77e+04  3.48e+09    11s
   4  -2.02915569e+12  7.07132938e+12  1.22e+05 4.10e-08  2.64e+08    11s
   5  -6.89805514e+11  6.21876370e+12  4.19e+04 3.35e-08  9.47e+07    11s
   6  -2.41092347e+11  5.03791297e+12  1.49e+04 2.98e-08  3.64e+07    12s
   7  -1.03277825e+11  3.96074239e+12  6.54e+03 3.69e+01  1.75e+07    12s
   8  -5.83817257e+10  3.11671171e+12  3.81e+03 1.62e-08  1.08e+07    12s
   9  -3.59591297e+10  1.42820053e+12  2.51e+03 2.14e-08  5.64e+06    12s
  10  -2.96701149e+09  1.07970100e+12  3.68e+02 2.14e-08  1.89e+06    12s
  11   1.02282528e+09  3.93374413e+11  1.09e+02 3.59e-08  6.28e+05    13s
  12   2.01823192e+09  1.92340758e+11  4.43e+01 4.09e-08  2.93e+05    13s
  13   2.25458579e+09  1.14757040e+11  3.01e+01 4.45e-08  1.78e+05    13s
  14   2.37167621e+09  9.68763887e+10  2.31e+01 6.51e-08  1.47e+05    13s
  15   2.49954948e+09  5.79255559e+10  1.52e+01 1.09e-07  8.89e+04    13s
  16   2.59316606e+09  3.94502742e+10  9.46e+00 1.39e-07  5.87e+04    14s
  17   2.60881813e+09  3.53200630e+10  8.51e+00 1.05e-07  5.23e+04    14s
  18   2.64601861e+09  2.09034885e+10  6.25e+00 1.32e-07  3.14e+04    14s
  19   2.66830760e+09  1.31092117e+10  4.87e+00 1.11e-07  1.96e+04    14s
  20   2.69770140e+09  1.09418551e+10  2.87e+00 1.24e-07  1.41e+04    15s
  21   2.74702589e+09  8.40124495e+09  1.37e+00 1.16e-07  8.72e+03    15s
  22   2.80105839e+09  5.83145812e+09  5.53e-01 1.28e-07  4.31e+03    15s
  23   2.82791751e+09  4.45713340e+09  2.77e-01 1.23e-07  2.24e+03    15s
  24   2.84960078e+09  4.18575590e+09  1.48e-01 1.39e-07  1.78e+03    15s
  25   2.86493988e+09  3.90332525e+09  1.06e-01 1.65e-07  1.37e+03    16s
  26   2.86861151e+09  3.55718241e+09  9.92e-02 1.17e-07  9.16e+02    16s
  27   2.89805240e+09  3.50511686e+09  3.54e-02 1.34e-07  7.83e+02    16s
  28   2.91039716e+09  3.33204600e+09  2.28e-02 1.35e-07  5.42e+02    16s
  29   2.92339731e+09  3.18693418e+09  1.46e-02 1.42e-07  3.39e+02    16s
  30   2.94175189e+09  3.07558472e+09  6.79e-03 2.26e-07  1.72e+02    17s
  31   2.95267965e+09  3.04095135e+09  3.46e-03 2.19e-07  1.13e+02    17s
  32   2.95595101e+09  3.03089963e+09  2.69e-03 2.59e-07  9.58e+01    17s
  33   2.95995842e+09  3.02731912e+09  1.85e-03 3.02e-07  8.58e+01    17s
  34   2.96201008e+09  3.00207444e+09  1.45e-03 3.02e-07  5.13e+01    17s
  35   2.96326385e+09  2.99663710e+09  1.24e-03 2.58e-07  4.28e+01    18s
  36   2.96765702e+09  2.99119366e+09  5.70e-04 2.44e-07  3.00e+01    18s
  37   2.96879946e+09  2.98605836e+09  4.58e-04 2.83e-07  2.20e+01    18s
  38   2.97065001e+09  2.98406171e+09  3.02e-04 2.49e-07  1.71e+01    18s
  39   2.97191063e+09  2.98190631e+09  2.22e-04 2.89e-07  1.27e+01    19s
  40   2.97300543e+09  2.97997852e+09  1.63e-04 2.95e-07  8.90e+00    19s
  41   2.97391932e+09  2.97909028e+09  1.15e-04 2.71e-07  6.60e+00    19s
  42   2.97491807e+09  2.97820341e+09  6.60e-05 3.39e-07  4.19e+00    19s
  43   2.97532658e+09  2.97767913e+09  4.68e-05 3.01e-07  3.00e+00    19s
  44   2.97547761e+09  2.97732805e+09  3.98e-05 3.46e-07  2.36e+00    20s
  45   2.97563547e+09  2.97702794e+09  3.28e-05 4.12e-07  1.78e+00    20s
  46   2.97603219e+09  2.97677853e+09  1.51e-05 4.35e-07  9.53e-01    20s
  47   2.97612914e+09  2.97670080e+09  1.07e-05 3.87e-07  7.29e-01    20s
  48   2.97621596e+09  2.97666222e+09  6.77e-06 5.57e-07  5.68e-01    21s
  49   2.97625735e+09  2.97658876e+09  4.93e-06 5.10e-07  4.22e-01    21s
  50   2.97626614e+09  2.97653955e+09  4.55e-06 5.35e-07  3.49e-01    21s
  51   2.97630699e+09  2.97649892e+09  2.86e-06 5.58e-07  2.45e-01    21s
  52   2.97634349e+09  2.97646771e+09  1.40e-06 4.58e-07  1.58e-01    21s
  53   2.97636472e+09  2.97641351e+09  5.87e-07 4.77e-07  6.21e-02    22s
  54   2.97637369e+09  2.97639191e+09  3.78e-07 4.13e-07  2.32e-02    22s
  55   2.97637742e+09  2.97638106e+09  1.26e-07 5.19e-07  4.65e-03    22s
  56   2.97637770e+09  2.97638002e+09  2.63e-07 4.47e-07  2.97e-03    22s
  57   2.97637808e+09  2.97637928e+09  1.35e-07 5.36e-07  1.56e-03    23s
  58   2.97637898e+09  2.97637911e+09  2.35e-07 5.26e-07  1.68e-04    23s
  59   2.97637903e+09  2.97637903e+09  8.47e-07 5.36e-07  9.31e-07    23s
  60   2.97637903e+09  2.97637903e+09  8.24e-10 4.77e-07  1.19e-10    23s

Barrier solved model in 60 iterations and 23.18 seconds (19.83 work units)
Optimal objective 2.97637903e+09


Root crossover log...

   10685 DPushes remaining with DInf 0.0000000e+00                23s
       0 DPushes remaining with DInf 0.0000000e+00                23s

     659 PPushes remaining with PInf 0.0000000e+00                23s
      72 PPushes remaining with PInf 0.0000000e+00                23s

  Push phase complete: Pinf 0.0000000e+00, Dinf 9.0826745e-08     23s


Root simplex log...

Iteration    Objective       Primal Inf.    Dual Inf.      Time
   11271    2.9763790e+09   1.401098e+02   0.000000e+00     24s
   11277    2.9763790e+09   0.000000e+00   0.000000e+00     24s
Concurrent spin time: 0.01s

Solved with barrier
   11286    2.9763790e+09   0.000000e+00   0.000000e+00     24s
Extra simplex iterations after uncrush: 9

Root relaxation: objective 2.976379e+09, 11286 iterations, 15.86 seconds (11.44 work units)

    Nodes    |    Current Node    |     Objective Bounds      |     Work
 Expl Unexpl |  Obj  Depth IntInf | Incumbent    BestBd   Gap | It/Node Time

     0     0 2.9764e+09    0  251          - 2.9764e+09      -     -   25s
H    0     0                    2.877268e+09 2.9764e+09  3.44%     -   30s
     0     0 2.9761e+09    0  269 2.8773e+09 2.9761e+09  3.43%     -   47s
H    0     0                    2.948194e+09 2.9761e+09  0.95%     -   64s

Cutting planes:
  Cover: 2
  Implied bound: 32
  Clique: 1
  MIR: 19
  Flow cover: 24
  RLT: 34
  Relax-and-lift: 5

Explored 1 nodes (19963 simplex iterations) in 64.18 seconds (55.72 work units)
Thread count was 20 (of 40 available processors)

Solution count 3: 2.94819e+09 2.94819e+09 2.87727e+09 

Optimal solution found (tolerance 1.00e-02)
Best objective 2.948193563080e+09, best bound 2.976070731366e+09, gap 0.9456%
Gurobi Optimizer version 10.0.1 build v10.0.1rc0 (linux64)

CPU model: Intel(R) Xeon(R) Gold 5115 CPU @ 2.40GHz, instruction set [SSE2|AVX|AVX2|AVX512]
Thread count: 20 physical cores, 40 logical processors, using up to 20 threads

Optimize a model with 36265 rows, 725850 columns and 3830755 nonzeros
Model fingerprint: 0x0c8fb9ce
Variable types: 225042 continuous, 500808 integer (500808 binary)
Coefficient statistics:
  Matrix range     [1e+00, 2e+05]
  Objective range  [4e+01, 2e+07]
  Bounds range     [1e+00, 3e+05]
  RHS range        [1e+00, 3e+06]
Presolve removed 18035 rows and 260900 columns
Presolve time: 0.37s

Explored 0 nodes (0 simplex iterations) in 0.88 seconds (0.52 work units)
Thread count was 1 (of 40 available processors)

Solution count 0

Model is infeasible or unbounded
Best objective -, best bound -, gap -
IIS computation: initial model status unknown, solving to determine model status
Presolve removed 18037 rows and 261352 columns
Presolve time: 0.36s

Explored 0 nodes (0 simplex iterations) in 1.14 seconds (0.52 work units)
Thread count was 1 (of 40 available processors)

Solution count 0
No other solutions better than -1e+100

Model is infeasible
Best objective -, best bound -, gap -

IIS computed: 1 constraints, 155 bounds
IIS runtime: 1.18 seconds (0.52 work units)
