
Gurobi 10.0.1 (linux64) logging started Mon May 29 03:59:58 2023

Set parameter LogFile to value "logFiles/A-2L-A/A-2L-6U-41F-15V-365D/basic-05-29-2023, 03-59-H70-P50-O15.log"
Gurobi Optimizer version 10.0.1 build v10.0.1rc0 (linux64)

CPU model: Intel(R) Xeon(R) Gold 5115 CPU @ 2.40GHz, instruction set [SSE2|AVX|AVX2|AVX512]
Thread count: 20 physical cores, 40 logical processors, using up to 20 threads

Optimize a model with 22998 rows, 409729 columns and 1726935 nonzeros
Model fingerprint: 0xa5b4af9a
Variable types: 158061 continuous, 251668 integer (251668 binary)
Coefficient statistics:
  Matrix range     [1e+00, 2e+05]
  Objective range  [4e+01, 2e+07]
  Bounds range     [1e+00, 1e+00]
  RHS range        [1e+00, 1e+06]

Loaded user MIP start with objective 6.9956e+08

Presolve removed 9746 rows and 9694 columns (presolve time = 5s) ...
Presolve removed 9729 rows and 9679 columns
Presolve time: 7.15s
Presolved: 13269 rows, 400050 columns, 1618044 nonzeros
Found heuristic solution: objective 7.057357e+08
Variable types: 153855 continuous, 246195 integer (246189 binary)
Deterministic concurrent LP optimizer: primal simplex, dual simplex, and barrier
Showing barrier log only...

Root barrier log...

Ordering time: 0.60s

Barrier statistics:
 AA' NZ     : 8.689e+05
 Factor NZ  : 6.891e+06 (roughly 220 MB of memory)
 Factor Ops : 1.181e+10 (less than 1 second per iteration)
 Threads    : 18

                  Objective                Residual
Iter       Primal          Dual         Primal    Dual     Compl     Time
   0  -1.08033786e+16  7.66913209e+11  5.74e+08 4.04e+04  5.46e+10    11s
   1  -2.64821737e+15  1.04374231e+12  1.41e+08 4.04e+05  1.36e+10    12s
   2  -6.87765210e+14  1.15158251e+12  3.67e+07 1.16e+04  3.59e+09    12s
   3  -1.60234815e+13  7.88341692e+11  8.56e+05 1.63e-09  8.48e+07    12s
   4  -1.63444370e+12  2.76725038e+11  8.73e+04 1.86e-09  8.94e+06    12s
   5  -3.06714888e+11  2.00077828e+11  1.64e+04 1.05e-09  1.85e+06    12s
   6  -2.12560131e+11  1.84966989e+11  1.14e+04 1.25e-09  1.33e+06    12s
   7  -9.85005822e+10  1.38861758e+11  5.32e+03 1.05e-09  6.63e+05    13s
   8  -4.81195067e+10  9.50107589e+10  2.63e+03 9.31e-10  3.40e+05    13s
   9  -2.29782665e+10  7.92608989e+10  1.29e+03 1.05e-09  2.03e+05    13s
  10  -2.10490920e+09  2.11152173e+10  1.67e+02 2.10e-09  3.65e+04    13s
  11   1.91307857e+08  5.31954648e+09  4.41e+01 2.10e-09  8.11e+03    14s
  12   4.79520731e+08  4.19093097e+09  2.91e+01 3.26e-09  5.78e+03    14s
  13   6.13216442e+08  3.19270128e+09  2.23e+01 3.67e-09  4.12e+03    14s
  14   7.21951478e+08  2.76335986e+09  1.69e+01 3.99e-09  3.25e+03    14s
  15   8.18587514e+08  2.18086545e+09  1.22e+01 6.46e-09  2.23e+03    14s
  16   8.46727957e+08  2.05001317e+09  1.09e+01 5.59e-09  1.98e+03    14s
  17   9.12238648e+08  1.82241648e+09  7.98e+00 4.89e-09  1.49e+03    15s
  18   9.35606089e+08  1.72063887e+09  6.97e+00 6.52e-09  1.29e+03    15s
  19   9.51660857e+08  1.61850647e+09  6.35e+00 6.05e-09  1.10e+03    15s
  20   9.85832225e+08  1.56248443e+09  5.03e+00 9.43e-09  9.34e+02    16s
  21   1.01856546e+09  1.53024694e+09  3.82e+00 9.22e-09  7.99e+02    16s
  22   1.06162649e+09  1.43869840e+09  2.30e+00 7.27e-09  5.63e+02    16s
  23   1.10633608e+09  1.29294301e+09  8.66e-01 7.28e-09  2.61e+02    16s
  24   1.12131894e+09  1.22410438e+09  4.96e-01 6.90e-09  1.41e+02    16s
  25   1.12354271e+09  1.19814676e+09  4.47e-01 6.98e-09  1.02e+02    17s
  26   1.13130888e+09  1.18751194e+09  2.88e-01 7.97e-09  7.55e+01    17s
  27   1.13412158e+09  1.17976207e+09  2.39e-01 7.45e-09  6.09e+01    17s
  28   1.13740385e+09  1.17720741e+09  1.86e-01 8.00e-09  5.27e+01    17s
  29   1.14084867e+09  1.16998073e+09  1.41e-01 9.31e-09  3.83e+01    17s
  30   1.14554624e+09  1.16580355e+09  8.15e-02 7.73e-09  2.63e+01    18s
  31   1.14894862e+09  1.16250887e+09  4.80e-02 9.31e-09  1.75e+01    18s
  32   1.15007492e+09  1.16098332e+09  3.85e-02 8.38e-09  1.41e+01    18s
  33   1.15173386e+09  1.15929678e+09  2.52e-02 8.32e-09  9.75e+00    18s
  34   1.15262673e+09  1.15842421e+09  1.87e-02 8.85e-09  7.46e+00    19s
  35   1.15328919e+09  1.15770066e+09  1.43e-02 7.92e-09  5.68e+00    19s
  36   1.15377505e+09  1.15701897e+09  1.11e-02 9.55e-09  4.19e+00    19s
  37   1.15434259e+09  1.15654549e+09  7.47e-03 9.49e-09  2.84e+00    19s
  38   1.15491932e+09  1.15608306e+09  3.84e-03 1.09e-08  1.50e+00    20s
  39   1.15522280e+09  1.15592568e+09  1.98e-03 9.63e-09  9.04e-01    20s
  40   1.15534522e+09  1.15574938e+09  1.23e-03 7.04e-09  5.21e-01    20s
  41   1.15535859e+09  1.15572533e+09  1.15e-03 8.21e-09  4.74e-01    20s
  42   1.15540879e+09  1.15569619e+09  8.64e-04 9.20e-09  3.71e-01    20s
  43   1.15544699e+09  1.15566102e+09  6.49e-04 1.02e-08  2.76e-01    21s
  44   1.15552163e+09  1.15561375e+09  2.21e-04 8.03e-09  1.18e-01    21s
  45   1.15555930e+09  1.15559000e+09  1.68e-05 7.45e-09  3.86e-02    21s
  46   1.15556272e+09  1.15556548e+09  1.16e-06 8.85e-09  3.46e-03    21s
  47   1.15556316e+09  1.15556446e+09  3.42e-07 8.03e-09  1.63e-03    21s
  48   1.15556335e+09  1.15556340e+09  7.78e-08 1.68e-08  6.39e-05    22s
  49   1.15556336e+09  1.15556336e+09  5.95e-09 1.68e-08  3.89e-07    22s
  50   1.15556336e+09  1.15556336e+09  1.35e-09 1.52e-08  9.54e-11    22s

Barrier solved model in 50 iterations and 21.97 seconds (21.40 work units)
Optimal objective 1.15556336e+09


Root crossover log...

   10658 DPushes remaining with DInf 0.0000000e+00                22s
       0 DPushes remaining with DInf 0.0000000e+00                22s

     700 PPushes remaining with PInf 0.0000000e+00                22s
       1 PPushes remaining with PInf 4.3384489e+01                22s

  Push phase complete: Pinf 4.3384489e+01, Dinf 3.5165418e+03     22s


Root simplex log...

Iteration    Objective       Primal Inf.    Dual Inf.      Time
   11360    1.1555634e+09   0.000000e+00   3.516542e+03     22s
   11397    1.1555634e+09   0.000000e+00   0.000000e+00     22s
Concurrent spin time: 0.02s

Solved with barrier
   11406    1.1555634e+09   0.000000e+00   0.000000e+00     23s
Extra simplex iterations after uncrush: 9

Root relaxation: objective 1.155563e+09, 11406 iterations, 13.65 seconds (10.17 work units)

    Nodes    |    Current Node    |     Objective Bounds      |     Work
 Expl Unexpl |  Obj  Depth IntInf | Incumbent    BestBd   Gap | It/Node Time

     0     0 1.1556e+09    0  265 7.0574e+08 1.1556e+09  63.7%     -   24s
H    0     0                    1.064168e+09 1.1556e+09  8.59%     -   30s
H    0     0                    1.064535e+09 1.1556e+09  8.55%     -   32s
     0     0 1.1553e+09    0  286 1.0645e+09 1.1553e+09  8.52%     -   42s
     0     0 1.1551e+09    0  278 1.0645e+09 1.1551e+09  8.51%     -   67s
     0     0 1.1551e+09    0  277 1.0645e+09 1.1551e+09  8.51%     -   67s
     0     0 1.1550e+09    0  250 1.0645e+09 1.1550e+09  8.50%     -   74s
H    0     0                    1.079830e+09 1.1550e+09  6.97%     -   77s
     0     0 1.1550e+09    0  239 1.0798e+09 1.1550e+09  6.96%     -   78s
     0     0 1.1550e+09    0  242 1.0798e+09 1.1550e+09  6.96%     -   80s
     0     0 1.1550e+09    0  242 1.0798e+09 1.1550e+09  6.96%     -   81s
     0     0 1.1550e+09    0  259 1.0798e+09 1.1550e+09  6.96%     -   94s
H    0     0                    1.082598e+09 1.1550e+09  6.69%     -  105s
H    0     0                    1.096284e+09 1.1550e+09  5.36%     -  113s
     0     0 1.1550e+09    0  262 1.0963e+09 1.1550e+09  5.36%     -  115s
     0     0 1.1550e+09    0  265 1.0963e+09 1.1550e+09  5.36%     -  115s
     0     0 1.1550e+09    0  266 1.0963e+09 1.1550e+09  5.36%     -  125s
H    0     0                    1.104563e+09 1.1550e+09  4.57%     -  138s
     0     0 1.1547e+09    0  265 1.1046e+09 1.1547e+09  4.54%     -  141s
     0     0 1.1547e+09    0  280 1.1046e+09 1.1547e+09  4.54%     -  142s
     0     0 1.1547e+09    0  292 1.1046e+09 1.1547e+09  4.54%     -  151s
     0     0 1.1547e+09    0  287 1.1046e+09 1.1547e+09  4.54%     -  165s
     0     0 1.1547e+09    0  289 1.1046e+09 1.1547e+09  4.54%     -  176s
H    0     0                    1.105067e+09 1.1547e+09  4.49%     -  186s
     0     0 1.1547e+09    0  288 1.1051e+09 1.1547e+09  4.49%     -  187s
     0     0 1.1547e+09    0  291 1.1051e+09 1.1547e+09  4.49%     -  189s
     0     0 1.1547e+09    0  294 1.1051e+09 1.1547e+09  4.49%     -  189s
     0     0 1.1547e+09    0  290 1.1051e+09 1.1547e+09  4.49%     -  191s
     0     0 1.1547e+09    0  290 1.1051e+09 1.1547e+09  4.49%     -  200s
     0     0 1.1547e+09    0  278 1.1051e+09 1.1547e+09  4.49%     -  209s
     0     0 1.1547e+09    0  287 1.1051e+09 1.1547e+09  4.49%     -  211s
     0     0 1.1547e+09    0  310 1.1051e+09 1.1547e+09  4.49%     -  212s
     0     0 1.1547e+09    0  293 1.1051e+09 1.1547e+09  4.49%     -  214s
H    0     0                    1.129773e+09 1.1547e+09  2.20%     -  222s
     0     0 1.1547e+09    0  301 1.1298e+09 1.1547e+09  2.20%     -  222s
     0     0 1.1547e+09    0  288 1.1298e+09 1.1547e+09  2.20%     -  228s
     0     0 1.1547e+09    0  288 1.1298e+09 1.1547e+09  2.20%     -  231s
     0     2 1.1547e+09    0  270 1.1298e+09 1.1547e+09  2.20%     -  264s
     1     4 1.1547e+09    1  269 1.1298e+09 1.1547e+09  2.20%  1900  267s
     3     8 1.1547e+09    2  274 1.1298e+09 1.1547e+09  2.20%   725  274s
     7    16 1.1547e+09    3  273 1.1298e+09 1.1547e+09  2.20%   477  284s
    15    32 1.1547e+09    4  273 1.1298e+09 1.1547e+09  2.20%   634  297s
H   31    52                    1.131802e+09 1.1547e+09  2.02%   788  332s
H   31    52                    1.135463e+09 1.1547e+09  1.69%   788  332s
H   34    52                    1.139136e+09 1.1547e+09  1.36%   770  333s
H   35    52                    1.140020e+09 1.1547e+09  1.28%   754  334s
H   45    52                    1.140022e+09 1.1547e+09  1.28%   667  334s
    51    72 1.1547e+09    6  285 1.1400e+09 1.1547e+09  1.28%   746  346s
    71    92 1.1547e+09    7  274 1.1400e+09 1.1547e+09  1.28%   711  360s
    91   112 1.1546e+09    7  247 1.1400e+09 1.1547e+09  1.28%   685  374s
    92   112 1.1546e+09    7  239 1.1400e+09 1.1547e+09  1.28%   696  375s
   111   133 1.1547e+09    8  292 1.1400e+09 1.1547e+09  1.28%   680  390s
   132   153 1.1547e+09    9  290 1.1400e+09 1.1547e+09  1.28%   659  399s
   152   235 1.1546e+09    9  243 1.1400e+09 1.1547e+09  1.28%   633  549s
H  185   235                    1.144393e+09 1.1547e+09  0.90%   609  550s

Cutting planes:
  Cover: 29
  Implied bound: 59
  Clique: 3
  MIR: 51
  Flow cover: 85
  GUB cover: 8
  Zero half: 1
  Network: 5
  RLT: 91
  Relax-and-lift: 49

Explored 234 nodes (162292 simplex iterations) in 550.15 seconds (559.16 work units)
Thread count was 20 (of 40 available processors)

Solution count 10: 1.14439e+09 1.14002e+09 1.14002e+09 ... 1.09628e+09

Optimal solution found (tolerance 1.00e-02)
Best objective 1.144393453658e+09, best bound 1.154654962066e+09, gap 0.8967%
Gurobi Optimizer version 10.0.1 build v10.0.1rc0 (linux64)

CPU model: Intel(R) Xeon(R) Gold 5115 CPU @ 2.40GHz, instruction set [SSE2|AVX|AVX2|AVX512]
Thread count: 20 physical cores, 40 logical processors, using up to 20 threads

Optimize a model with 34665 rows, 724386 columns and 3815887 nonzeros
Model fingerprint: 0x3befd2c1
Variable types: 224004 continuous, 500382 integer (500382 binary)
Coefficient statistics:
  Matrix range     [1e+00, 2e+05]
  Objective range  [4e+01, 2e+07]
  Bounds range     [1e+00, 3e+05]
  RHS range        [1e+00, 3e+06]

User MIP start did not produce a new incumbent solution
User MIP start violates constraint flow[AD-1,FU,96] by 1.000000000

Presolve removed 18007 rows and 263742 columns
Presolve time: 0.33s

Explored 0 nodes (0 simplex iterations) in 1.97 seconds (1.19 work units)
Thread count was 1 (of 40 available processors)

Solution count 0

Model is infeasible or unbounded
Best objective -, best bound -, gap -
IIS computation: initial model status unknown, solving to determine model status
Presolve removed 18007 rows and 264102 columns
Presolve time: 0.33s

Explored 0 nodes (0 simplex iterations) in 1.21 seconds (0.58 work units)
Thread count was 1 (of 40 available processors)

Solution count 0
No other solutions better than -1e+100

Model is infeasible
Best objective -, best bound -, gap -

IIS computed: 1 constraints, 119 bounds
IIS runtime: 1.28 seconds (0.58 work units)
