
Gurobi 10.0.1 (linux64) logging started Thu May 25 14:17:43 2023

Set parameter LogFile to value "logFiles/A-2L-A/A-2L-6U-41F-15V-365D/basic-05-25-2023, 14-17-H70-P50-O15.log"
Gurobi Optimizer version 10.0.1 build v10.0.1rc0 (linux64)

CPU model: Intel(R) Xeon(R) Gold 5115 CPU @ 2.40GHz, instruction set [SSE2|AVX|AVX2|AVX512]
Thread count: 20 physical cores, 40 logical processors, using up to 20 threads

Optimize a model with 22840 rows, 409729 columns and 1861511 nonzeros
Model fingerprint: 0x212e42fd
Variable types: 158061 continuous, 251668 integer (251668 binary)
Coefficient statistics:
  Matrix range     [1e+00, 2e+05]
  Objective range  [4e+01, 2e+07]
  Bounds range     [1e+00, 1e+00]
  RHS range        [1e+00, 1e+06]
Presolve removed 9697 rows and 13887 columns (presolve time = 5s) ...
Presolve removed 9680 rows and 13919 columns
Presolve time: 8.37s
Presolved: 13160 rows, 395810 columns, 1746548 nonzeros
Variable types: 149611 continuous, 246199 integer (246193 binary)
Deterministic concurrent LP optimizer: primal simplex, dual simplex, and barrier
Showing barrier log only...

Root barrier log...

Ordering time: 1.05s

Barrier statistics:
 AA' NZ     : 8.784e+05
 Factor NZ  : 6.859e+06 (roughly 200 MB of memory)
 Factor Ops : 1.160e+10 (less than 1 second per iteration)
 Threads    : 17

                  Objective                Residual
Iter       Primal          Dual         Primal    Dual     Compl     Time
   0  -1.04068110e+16  1.09615382e+13  5.68e+08 1.09e+07  1.13e+12    13s
   1  -2.27028484e+15  1.34494146e+13  1.24e+08 1.03e+07  2.49e+11    14s
   2  -6.59127791e+14  1.37264764e+13  3.68e+07 6.13e+06  7.46e+10    14s
   3  -1.02366771e+14  1.17176016e+13  6.15e+06 1.19e-07  1.32e+10    14s
   4  -4.10272712e+12  8.70201699e+12  2.46e+05 4.47e-08  5.39e+08    15s
   5  -1.50565012e+12  6.61293344e+12  9.05e+04 3.73e-08  2.01e+08    15s
   6  -9.30559141e+11  5.46429541e+12  5.60e+04 2.98e-08  1.26e+08    15s
   7  -2.31854061e+11  4.85653910e+12  1.41e+04 2.00e-08  3.57e+07    16s
   8  -1.12361546e+11  3.61959730e+12  6.91e+03 2.98e-08  1.82e+07    16s
   9  -7.05216022e+10  2.49527042e+12  4.43e+03 2.31e-07  1.11e+07    16s
  10  -1.13917260e+10  1.29466816e+12  8.13e+02 8.57e-08  2.90e+06    17s
  11  -1.39239760e+09  2.72564666e+11  1.92e+02 9.87e-08  5.80e+05    17s
  12   6.61677164e+08  2.07236555e+11  7.06e+01 8.01e-08  3.45e+05    17s
  13   1.23467395e+09  1.07619280e+11  3.72e+01 3.85e-08  1.78e+05    18s
  14   1.38383241e+09  7.40635833e+10  2.85e+01 5.96e-08  1.25e+05    18s
  15   1.59312005e+09  4.35707595e+10  1.61e+01 1.04e-07  7.30e+04    18s
  16   1.71961790e+09  2.98216862e+10  9.02e+00 1.23e-07  4.69e+04    19s
  17   1.73597050e+09  2.32787315e+10  8.04e+00 1.12e-07  3.77e+04    19s
  18   1.77840417e+09  1.88318145e+10  5.60e+00 1.32e-07  2.89e+04    20s
  19   1.78690415e+09  1.50554137e+10  5.08e+00 1.34e-07  2.35e+04    20s
  20   1.78815759e+09  1.37740524e+10  4.94e+00 1.45e-07  2.17e+04    21s
  21   1.81717772e+09  1.06810570e+10  2.30e+00 1.62e-07  1.44e+04    21s
  22   1.85039215e+09  8.99012285e+09  1.39e+00 1.45e-07  1.08e+04    22s
  23   1.87754319e+09  6.01401172e+09  8.65e-01 1.44e-07  6.13e+03    22s
  24   1.91737352e+09  4.11243938e+09  4.02e-01 1.33e-07  3.08e+03    23s
  25   1.95145697e+09  3.27189654e+09  1.66e-01 1.29e-07  1.77e+03    23s
  26   1.97338816e+09  3.10298107e+09  9.82e-02 1.49e-07  1.48e+03    24s
  27   1.98734935e+09  2.75510492e+09  7.56e-02 1.55e-07  1.01e+03    24s
  28   2.00692190e+09  2.59522719e+09  5.23e-02 1.52e-07  7.66e+02    24s
  29   2.01793602e+09  2.49924100e+09  4.31e-02 1.49e-07  6.26e+02    24s
  30   2.02815053e+09  2.39563179e+09  3.54e-02 1.39e-07  4.79e+02    25s
  31   2.04132029e+09  2.26537517e+09  2.50e-02 2.24e-07  2.92e+02    25s
  32   2.05381351e+09  2.20662240e+09  1.63e-02 2.26e-07  1.99e+02    26s
  33   2.06173208e+09  2.17682889e+09  1.24e-02 2.68e-07  1.50e+02    26s
  34   2.06469859e+09  2.15736142e+09  1.11e-02 2.50e-07  1.21e+02    26s
  35   2.07014920e+09  2.13876602e+09  8.84e-03 2.82e-07  8.99e+01    27s
  36   2.07705562e+09  2.13491877e+09  6.42e-03 2.39e-07  7.54e+01    27s
  37   2.07972472e+09  2.12870757e+09  5.57e-03 2.65e-07  6.39e+01    27s
  38   2.08461175e+09  2.12139345e+09  4.03e-03 2.39e-07  4.79e+01    28s
  39   2.08719288e+09  2.11651335e+09  3.25e-03 3.08e-07  3.82e+01    28s
  40   2.09058872e+09  2.11135042e+09  2.31e-03 2.73e-07  2.71e+01    28s
  41   2.09256050e+09  2.10886220e+09  1.80e-03 2.79e-07  2.13e+01    29s
  42   2.09360329e+09  2.10728285e+09  1.54e-03 3.16e-07  1.79e+01    29s
  43   2.09557816e+09  2.10590126e+09  1.06e-03 2.98e-07  1.34e+01    30s
  44   2.09727782e+09  2.10478985e+09  6.80e-04 3.15e-07  9.75e+00    30s
  45   2.09803303e+09  2.10409468e+09  5.28e-04 3.46e-07  7.86e+00    31s
  46   2.09873582e+09  2.10350065e+09  3.98e-04 3.44e-07  6.17e+00    31s
  47   2.09950758e+09  2.10274444e+09  2.55e-04 3.21e-07  4.19e+00    31s
  48   2.10006272e+09  2.10227661e+09  1.58e-04 3.58e-07  2.86e+00    32s
  49   2.10018489e+09  2.10195742e+09  1.39e-04 2.98e-07  2.29e+00    32s
  50   2.10050329e+09  2.10178098e+09  9.11e-05 2.81e-07  1.65e+00    33s
  51   2.10063395e+09  2.10151878e+09  7.13e-05 2.64e-07  1.15e+00    33s
  52   2.10064530e+09  2.10147358e+09  6.86e-05 3.06e-07  1.07e+00    34s
  53   2.10078599e+09  2.10139480e+09  4.73e-05 2.83e-07  7.88e-01    34s
  54   2.10090099e+09  2.10135629e+09  3.09e-05 3.13e-07  5.88e-01    35s
  55   2.10100772e+09  2.10127814e+09  1.55e-05 2.68e-07  3.48e-01    35s
  56   2.10105072e+09  2.10120637e+09  9.45e-06 2.22e-07  2.01e-01    35s
  57   2.10108018e+09  2.10118774e+09  5.40e-06 2.84e-07  1.38e-01    36s
  58   2.10110452e+09  2.10115309e+09  2.06e-06 2.73e-07  6.23e-02    36s
  59   2.10111584e+09  2.10113425e+09  6.30e-07 2.38e-07  2.36e-02    37s
  60   2.10111998e+09  2.10112531e+09  1.94e-07 2.48e-07  6.82e-03    37s
  61   2.10112074e+09  2.10112243e+09  9.14e-08 2.15e-07  2.17e-03    37s
  62   2.10112121e+09  2.10112141e+09  9.59e-08 2.38e-07  2.60e-04    38s
  63   2.10112130e+09  2.10112135e+09  1.88e-07 2.37e-07  5.57e-05    38s
  64   2.10112133e+09  2.10112134e+09  3.95e-07 2.78e-07  1.26e-06    38s
  65   2.10112134e+09  2.10112134e+09  4.85e-08 2.39e-07  5.41e-10    39s

Barrier solved model in 65 iterations and 38.69 seconds (24.08 work units)
Optimal objective 2.10112134e+09


Root crossover log...

   10638 DPushes remaining with DInf 0.0000000e+00                39s
       0 DPushes remaining with DInf 0.0000000e+00                39s

     638 PPushes remaining with PInf 0.0000000e+00                39s
       0 PPushes remaining with PInf 0.0000000e+00                39s

  Push phase complete: Pinf 0.0000000e+00, Dinf 6.5038364e-08     39s


Root simplex log...

Iteration    Objective       Primal Inf.    Dual Inf.      Time
   11267    2.1011213e+09   0.000000e+00   0.000000e+00     39s
Concurrent spin time: 8.00s (can be avoided by choosing Method=3)

Solved with barrier
   11334    2.1011213e+09   0.000000e+00   0.000000e+00     48s
Extra simplex iterations after uncrush: 67

Root relaxation: objective 2.101121e+09, 11334 iterations, 37.82 seconds (14.44 work units)

    Nodes    |    Current Node    |     Objective Bounds      |     Work
 Expl Unexpl |  Obj  Depth IntInf | Incumbent    BestBd   Gap | It/Node Time

     0     0 2.1011e+09    0  303          - 2.1011e+09      -     -   50s
     0     0 2.1007e+09    0  324          - 2.1007e+09      -     -   72s
     0     0 2.1006e+09    0  324          - 2.1006e+09      -     -   88s
     0     0 2.1006e+09    0  310          - 2.1006e+09      -     -   91s
     0     0 2.1006e+09    0  319          - 2.1006e+09      -     -   92s
     0     0 2.1005e+09    0  313          - 2.1005e+09      -     -  117s
H    0     0                    2.029684e+09 2.1005e+09  3.49%     -  127s
H    0     0                    2.043774e+09 2.1005e+09  2.77%     -  144s
     0     0 2.1004e+09    0  313 2.0438e+09 2.1004e+09  2.77%     -  155s
     0     0 2.1004e+09    0  330 2.0438e+09 2.1004e+09  2.77%     -  158s
     0     0 2.1004e+09    0  331 2.0438e+09 2.1004e+09  2.77%     -  158s
     0     0 2.1004e+09    0  307 2.0438e+09 2.1004e+09  2.77%     -  174s
H    0     0                    2.053705e+09 2.1004e+09  2.27%     -  184s
H    0     0                    2.063604e+09 2.1004e+09  1.78%     -  207s
     0     0 2.1004e+09    0  308 2.0636e+09 2.1004e+09  1.78%     -  210s
     0     0 2.1004e+09    0  308 2.0636e+09 2.1004e+09  1.78%     -  210s
     0     0 2.1003e+09    0  338 2.0636e+09 2.1003e+09  1.78%     -  246s
     0     0 2.1003e+09    0  346 2.0636e+09 2.1003e+09  1.78%     -  256s
     0     0 2.1003e+09    0  345 2.0636e+09 2.1003e+09  1.78%     -  256s
     0     0 2.1003e+09    0  304 2.0636e+09 2.1003e+09  1.78%     -  279s
H    0     0                    2.066705e+09 2.1003e+09  1.62%     -  315s
     0     0 2.1002e+09    0  310 2.0667e+09 2.1002e+09  1.62%     -  317s
     0     0 2.1002e+09    0  318 2.0667e+09 2.1002e+09  1.62%     -  319s
     0     0 2.1002e+09    0  323 2.0667e+09 2.1002e+09  1.62%     -  347s
     0     0 2.1002e+09    0  326 2.0667e+09 2.1002e+09  1.62%     -  353s
     0     0 2.1002e+09    0  309 2.0667e+09 2.1002e+09  1.62%     -  379s
     0     0 2.1002e+09    0  321 2.0667e+09 2.1002e+09  1.62%     -  390s
     0     0 2.1002e+09    0  315 2.0667e+09 2.1002e+09  1.62%     -  396s
H    0     0                    2.067603e+09 2.1002e+09  1.58%     -  413s
     0     0 2.1002e+09    0  313 2.0676e+09 2.1002e+09  1.58%     -  413s
     0     0 2.1002e+09    0  315 2.0676e+09 2.1002e+09  1.58%     -  429s
     0     0 2.1002e+09    0  316 2.0676e+09 2.1002e+09  1.58%     -  434s
     0     0 2.1002e+09    0  317 2.0676e+09 2.1002e+09  1.58%     -  435s
     0     0 2.1002e+09    0  308 2.0676e+09 2.1002e+09  1.58%     -  441s
     0     2 2.1002e+09    0  304 2.0676e+09 2.1002e+09  1.58%     -  532s
     1     4 2.1002e+09    1  299 2.0676e+09 2.1002e+09  1.58%  3210  542s
     3     8 2.1002e+09    2  303 2.0676e+09 2.1002e+09  1.58%  1563  561s
     7    16 2.1002e+09    3  294 2.0676e+09 2.1002e+09  1.58%  1268  581s
    15    32 2.1002e+09    4  306 2.0676e+09 2.1002e+09  1.58%  1070  641s
H   31    52                    2.077388e+09 2.1002e+09  1.10%  1559  726s
H   32    52                    2.081665e+09 2.1002e+09  0.89%  1512  726s
H   37    52                    2.083135e+09 2.1002e+09  0.82%  1368  727s

Cutting planes:
  Cover: 19
  Implied bound: 56
  Clique: 1
  MIR: 61
  Flow cover: 75
  GUB cover: 1
  RLT: 20
  Relax-and-lift: 87

Explored 51 nodes (106442 simplex iterations) in 728.04 seconds (493.94 work units)
Thread count was 20 (of 40 available processors)

Solution count 9: 2.08314e+09 2.08166e+09 2.07739e+09 ... 2.02968e+09

Optimal solution found (tolerance 1.00e-02)
Best objective 2.083135397197e+09, best bound 2.100224730028e+09, gap 0.8204%
Gurobi Optimizer version 10.0.1 build v10.0.1rc0 (linux64)

CPU model: Intel(R) Xeon(R) Gold 5115 CPU @ 2.40GHz, instruction set [SSE2|AVX|AVX2|AVX512]
Thread count: 20 physical cores, 40 logical processors, using up to 20 threads

Optimize a model with 36259 rows, 725850 columns and 4074789 nonzeros
Model fingerprint: 0x2ea2efc7
Variable types: 225042 continuous, 500808 integer (500808 binary)
Coefficient statistics:
  Matrix range     [1e+00, 2e+05]
  Objective range  [4e+01, 2e+07]
  Bounds range     [3e-15, 3e+05]
  RHS range        [1e+00, 3e+06]
Presolve removed 27024 rows and 510101 columns (presolve time = 5s) ...
Presolve removed 27006 rows and 510451 columns
Presolve time: 8.61s
Presolved: 9253 rows, 215399 columns, 989837 nonzeros
Variable types: 125586 continuous, 89813 integer (89801 binary)
Deterministic concurrent LP optimizer: primal simplex, dual simplex, and barrier
Showing barrier log only...

Root barrier log...

Ordering time: 0.78s

Barrier statistics:
 AA' NZ     : 5.132e+05
 Factor NZ  : 3.206e+06 (roughly 120 MB of memory)
 Factor Ops : 2.848e+09 (less than 1 second per iteration)
 Threads    : 17

                  Objective                Residual
Iter       Primal          Dual         Primal    Dual     Compl     Time
   0  -2.56560062e+15  8.23283608e+12  2.09e+08 2.80e+06  2.60e+11    11s
   1  -8.87915885e+14  7.87086506e+12  7.28e+07 3.14e+06  9.15e+10    12s
   2  -2.40125114e+14  5.09494320e+12  1.97e+07 1.03e+05  2.57e+10    12s
   3  -8.45085960e+12  3.10197486e+12  6.93e+05 1.43e+03  9.14e+08    12s

Barrier performed 3 iterations in 11.82 seconds (16.92 work units)
Barrier solve interrupted - model solved by another algorithm

Concurrent spin time: 0.11s

Solved with dual simplex

Root relaxation: infeasible, 9717 iterations, 2.13 seconds (1.49 work units)

    Nodes    |    Current Node    |     Objective Bounds      |     Work
 Expl Unexpl |  Obj  Depth IntInf | Incumbent    BestBd   Gap | It/Node Time

     0     0 infeasible    0               - infeasible      -     -   11s

Explored 1 nodes (9717 simplex iterations) in 11.85 seconds (16.47 work units)
Thread count was 20 (of 40 available processors)

Solution count 0
No other solutions better than -1e+100

Model is infeasible or unbounded
Best objective -, best bound -, gap -
IIS computation: initial model status unknown, solving to determine model status
Presolve removed 27026 rows and 510125 columns (presolve time = 5s) ...
Presolve removed 27000 rows and 510103 columns
Presolve time: 5.59s
Presolved: 9259 rows, 215747 columns, 1012324 nonzeros
Variable types: 125905 continuous, 89842 integer (89830 binary)
Deterministic concurrent LP optimizer: primal simplex, dual simplex, and barrier
Showing barrier log only...

Root barrier log...

Ordering time: 0.07s

Barrier performed 0 iterations in 7.68 seconds (10.92 work units)
Barrier solve interrupted - model solved by another algorithm

Concurrent spin time: 0.00s

Solved with dual simplex

Root relaxation: infeasible, 254 iterations, 0.71 seconds (0.57 work units)

    Nodes    |    Current Node    |     Objective Bounds      |     Work
 Expl Unexpl |  Obj  Depth IntInf | Incumbent    BestBd   Gap | It/Node Time

     0     0 infeasible    0               - infeasible      -     -    7s

Explored 1 nodes (254 simplex iterations) in 7.87 seconds (10.78 work units)
Thread count was 20 (of 40 available processors)

Solution count 0
No other solutions better than -1e+100

Model is infeasible
Best objective -, best bound -, gap -

Computing Irreducible Inconsistent Subsystem (IIS)...

           Constraints          |            Bounds           |  Runtime
      Min       Max     Guess   |   Min       Max     Guess   |
--------------------------------------------------------------------------
        0     25656         -         0    411817         -           8s
        0         9         -         0       451         -          11s
        5         6         -         0       449         -          15s
        6         6         6         0       449         -          20s
        6         6         6         0       449         -          25s
        6         6         6         0       449         -          30s
        6         6         6         0       449         -          35s
        6         6         6         0       449       449          40s
        6         6         6        79       448       443          54s
        6         6         6       158       447       443          64s
        6         6         6       238       447       446          74s
        6         6         6       318       447       446          85s
        6         6         6       398       447       447          95s
        6         6         6       447       447       447         101s
        6         6         6       447       447       447         102s

IIS computed: 6 constraints, 447 bounds
IIS runtime: 101.53 seconds (15.83 work units)
