
Gurobi 10.0.1 (linux64) logging started Wed May 24 11:54:33 2023

Set parameter LogFile to value "logFiles/A-2L-A/A-2L-6U-41F-15V-365D/basic-05-24-2023, 11-54-H70-P50-O15.log"
Gurobi Optimizer version 10.0.1 build v10.0.1rc0 (linux64)

CPU model: Intel(R) Xeon(R) Gold 5115 CPU @ 2.40GHz, instruction set [SSE2|AVX|AVX2|AVX512]
Thread count: 20 physical cores, 40 logical processors, using up to 20 threads

Optimize a model with 22841 rows, 409700 columns and 1861455 nonzeros
Model fingerprint: 0x6c4342b2
Variable types: 158033 continuous, 251667 integer (251667 binary)
Coefficient statistics:
  Matrix range     [1e+00, 2e+05]
  Objective range  [4e+01, 2e+07]
  Bounds range     [1e+00, 1e+00]
  RHS range        [1e+00, 1e+06]
Presolve removed 9698 rows and 14397 columns (presolve time = 5s) ...
Presolve removed 9681 rows and 14429 columns
Presolve time: 7.33s
Presolved: 13160 rows, 395271 columns, 1744415 nonzeros
Variable types: 149611 continuous, 245660 integer (245654 binary)
Deterministic concurrent LP optimizer: primal simplex, dual simplex, and barrier
Showing barrier log only...

Root barrier log...

Ordering time: 0.87s

Barrier statistics:
 AA' NZ     : 8.778e+05
 Factor NZ  : 6.764e+06 (roughly 200 MB of memory)
 Factor Ops : 1.118e+10 (less than 1 second per iteration)
 Threads    : 17

                  Objective                Residual
Iter       Primal          Dual         Primal    Dual     Compl     Time
   0  -1.03815961e+16  1.45550474e+13  5.68e+08 1.09e+07  1.12e+12    11s
   1  -2.26465448e+15  1.66432143e+13  1.24e+08 1.03e+07  2.47e+11    11s
   2  -6.57521697e+14  1.67839165e+13  3.68e+07 6.14e+06  7.40e+10    12s
   3  -8.72113977e+13  1.44914465e+13  5.09e+06 8.94e-08  1.08e+10    12s
   4  -4.47907555e+12  9.72277440e+12  2.61e+05 1.49e-07  5.67e+08    12s
   5  -1.39149618e+12  6.83572712e+12  8.12e+04 5.96e-08  1.80e+08    12s
   6  -8.32434726e+11  5.47581624e+12  4.87e+04 4.47e-08  1.09e+08    12s
   7  -1.41350701e+11  4.14741355e+12  8.42e+03 4.47e-08  2.24e+07    13s
   8  -8.44241264e+10  3.78432030e+12  5.10e+03 4.10e-08  1.49e+07    13s
   9  -5.08046556e+10  2.30387221e+12  3.17e+03 3.97e-07  8.46e+06    13s
  10  -5.28723466e+09  8.47234312e+11  4.28e+02 3.95e-07  1.69e+06    13s
  11  -4.90187065e+07  2.95229811e+11  1.12e+02 2.16e-07  5.12e+05    13s
  12   1.11537593e+09  1.32552269e+11  4.42e+01 6.71e-08  2.18e+05    14s
  13   1.29451170e+09  8.61924394e+10  3.39e+01 5.47e-08  1.47e+05    14s
  14   1.47303509e+09  5.69158678e+10  2.36e+01 6.22e-08  9.82e+04    14s
  15   1.57188845e+09  2.95257425e+10  1.78e+01 1.19e-07  5.71e+04    14s
  16   1.70471476e+09  2.89768439e+10  9.94e+00 1.17e-07  4.70e+04    14s
  17   1.71802773e+09  2.18817263e+10  9.17e+00 1.45e-07  3.73e+04    15s
  18   1.76584675e+09  1.70682043e+10  6.49e+00 1.30e-07  2.77e+04    15s
  19   1.77802015e+09  1.37443814e+10  5.69e+00 1.30e-07  2.27e+04    15s
  20   1.81399403e+09  1.13005089e+10  2.73e+00 1.27e-07  1.58e+04    15s
  21   1.83826793e+09  8.56181995e+09  1.89e+00 1.39e-07  1.09e+04    16s
  22   1.86097484e+09  6.57071105e+09  1.34e+00 1.34e-07  7.48e+03    16s
  23   1.90923269e+09  5.30216980e+09  5.94e-01 1.39e-07  4.88e+03    16s
  24   1.94672826e+09  3.62219395e+09  3.09e-01 1.34e-07  2.33e+03    17s
  25   1.97445998e+09  2.99724638e+09  1.80e-01 1.63e-07  1.39e+03    17s
  26   1.98355004e+09  2.83295331e+09  1.47e-01 1.54e-07  1.15e+03    17s
  27   1.99683994e+09  2.60218574e+09  1.07e-01 1.36e-07  8.12e+02    17s
  28   2.00401549e+09  2.54835583e+09  9.11e-02 1.66e-07  7.27e+02    18s
  29   2.01317016e+09  2.47900632e+09  7.72e-02 1.71e-07  6.20e+02    18s
  30   2.02193789e+09  2.37622183e+09  6.40e-02 1.85e-07  4.72e+02    18s
  31   2.03816468e+09  2.26649520e+09  4.13e-02 1.46e-07  3.03e+02    18s
  32   2.05089054e+09  2.21415935e+09  2.83e-02 1.51e-07  2.16e+02    18s
  33   2.05970404e+09  2.18044511e+09  2.04e-02 1.42e-07  1.59e+02    19s
  34   2.06519726e+09  2.15663479e+09  1.67e-02 1.83e-07  1.21e+02    19s
  35   2.07228961e+09  2.13430992e+09  1.22e-02 1.49e-07  8.21e+01    19s
  36   2.07627855e+09  2.12478798e+09  9.83e-03 1.49e-07  6.43e+01    19s
  37   2.07833880e+09  2.11980618e+09  8.84e-03 1.44e-07  5.51e+01    20s
  38   2.08206316e+09  2.11358243e+09  6.95e-03 1.59e-07  4.19e+01    20s
  39   2.08688155e+09  2.11102785e+09  4.47e-03 1.44e-07  3.19e+01    20s
  40   2.08915290e+09  2.10725723e+09  3.45e-03 1.49e-07  2.39e+01    20s
  41   2.09091023e+09  2.10586749e+09  2.71e-03 1.64e-07  1.97e+01    21s
  42   2.09186713e+09  2.10402249e+09  2.34e-03 1.76e-07  1.61e+01    21s
  43   2.09295554e+09  2.10240840e+09  1.91e-03 1.40e-07  1.25e+01    21s
  44   2.09433663e+09  2.10145939e+09  1.39e-03 1.36e-07  9.43e+00    21s
  45   2.09524600e+09  2.10093054e+09  1.07e-03 1.54e-07  7.51e+00    22s
  46   2.09592540e+09  2.10042756e+09  8.39e-04 1.64e-07  5.95e+00    22s
  47   2.09629445e+09  2.09999003e+09  7.18e-04 1.47e-07  4.89e+00    22s
  48   2.09673320e+09  2.09968228e+09  5.69e-04 1.66e-07  3.90e+00    22s
  49   2.09703720e+09  2.09951362e+09  4.69e-04 1.66e-07  3.28e+00    23s
  50   2.09724357e+09  2.09938655e+09  4.04e-04 1.83e-07  2.83e+00    23s
  51   2.09768138e+09  2.09922601e+09  2.66e-04 2.08e-07  2.04e+00    23s
  52   2.09797807e+09  2.09900177e+09  1.75e-04 1.49e-07  1.35e+00    24s
  53   2.09808733e+09  2.09883726e+09  1.41e-04 1.37e-07  9.92e-01    24s
  54   2.09815649e+09  2.09882700e+09  1.20e-04 1.71e-07  8.85e-01    24s
  55   2.09828966e+09  2.09868896e+09  7.93e-05 1.46e-07  5.30e-01    24s
  56   2.09843285e+09  2.09865657e+09  3.68e-05 1.24e-07  2.95e-01    25s
  57   2.09847305e+09  2.09860319e+09  2.49e-05 1.35e-07  1.72e-01    25s
  58   2.09849015e+09  2.09859445e+09  2.01e-05 1.31e-07  1.38e-01    25s
  59   2.09849442e+09  2.09859259e+09  1.88e-05 1.51e-07  1.30e-01    25s
  60   2.09850630e+09  2.09858805e+09  1.54e-05 1.52e-07  1.08e-01    26s
  61   2.09850882e+09  2.09858652e+09  1.46e-05 1.87e-07  1.03e-01    26s
  62   2.09851921e+09  2.09858263e+09  1.18e-05 2.04e-07  8.40e-02    26s
  63   2.09852186e+09  2.09858186e+09  1.10e-05 1.84e-07  7.94e-02    26s
  64   2.09853379e+09  2.09857528e+09  7.64e-06 1.79e-07  5.49e-02    26s
  65   2.09854751e+09  2.09856787e+09  3.85e-06 1.49e-07  2.69e-02    27s
  66   2.09855756e+09  2.09856382e+09  1.51e-06 1.22e-07  8.27e-03    27s
  67   2.09856095e+09  2.09856330e+09  8.38e-07 1.50e-07  3.06e-03    27s
  68   2.09856145e+09  2.09856264e+09  4.02e-07 1.39e-07  1.55e-03    27s
  69   2.09856183e+09  2.09856206e+09  8.33e-08 1.31e-07  2.97e-04    28s
  70   2.09856193e+09  2.09856193e+09  1.07e-07 1.74e-07  2.21e-06    28s
  71   2.09856193e+09  2.09856193e+09  9.58e-09 1.20e-07  8.91e-10    28s

Barrier solved model in 71 iterations and 27.94 seconds (25.09 work units)
Optimal objective 2.09856193e+09


Root crossover log...

   10673 DPushes remaining with DInf 0.0000000e+00                28s
       0 DPushes remaining with DInf 0.0000000e+00                28s

     540 PPushes remaining with PInf 0.0000000e+00                28s
       0 PPushes remaining with PInf 0.0000000e+00                28s

  Push phase complete: Pinf 0.0000000e+00, Dinf 7.2646230e-08     28s


Root simplex log...

Iteration    Objective       Primal Inf.    Dual Inf.      Time
   11207    2.0985619e+09   0.000000e+00   0.000000e+00     28s
Concurrent spin time: 0.02s

Solved with barrier
   11273    2.0985619e+09   0.000000e+00   0.000000e+00     29s
Extra simplex iterations after uncrush: 66

Root relaxation: objective 2.098562e+09, 11273 iterations, 19.92 seconds (15.40 work units)

    Nodes    |    Current Node    |     Objective Bounds      |     Work
 Expl Unexpl |  Obj  Depth IntInf | Incumbent    BestBd   Gap | It/Node Time

     0     0 2.0986e+09    0  296          - 2.0986e+09      -     -   30s
     0     0 2.0980e+09    0  287          - 2.0980e+09      -     -   48s
     0     0 2.0980e+09    0  303          - 2.0980e+09      -     -   55s
     0     0 2.0980e+09    0  308          - 2.0980e+09      -     -   57s
     0     0 2.0980e+09    0  309          - 2.0980e+09      -     -   59s
     0     0 2.0979e+09    0  316          - 2.0979e+09      -     -   72s
     0     0 2.0979e+09    0  301          - 2.0979e+09      -     -   80s
     0     0 2.0979e+09    0  307          - 2.0979e+09      -     -   81s
     0     0 2.0979e+09    0  318          - 2.0979e+09      -     -   91s
     0     0 2.0979e+09    0  322          - 2.0979e+09      -     -   97s
     0     0 2.0979e+09    0  306          - 2.0979e+09      -     -  109s
     0     0 2.0979e+09    0  312          - 2.0979e+09      -     -  113s
     0     0 2.0979e+09    0  326          - 2.0979e+09      -     -  116s
     0     0 2.0979e+09    0  320          - 2.0979e+09      -     -  119s
     0     0 2.0979e+09    0  304          - 2.0979e+09      -     -  133s
     0     0 2.0979e+09    0  310          - 2.0979e+09      -     -  138s
     0     0 2.0979e+09    0  319          - 2.0979e+09      -     -  139s
     0     0 2.0979e+09    0  320          - 2.0979e+09      -     -  141s
     0     0 2.0979e+09    0  327          - 2.0979e+09      -     -  143s
     0     0 2.0979e+09    0  313          - 2.0979e+09      -     -  146s
     0     0 2.0979e+09    0  299          - 2.0979e+09      -     -  149s
     0     2 2.0979e+09    0  293          - 2.0979e+09      -     -  214s
     1     4 2.0979e+09    1  302          - 2.0979e+09      -  4023  221s
     3     8 2.0979e+09    2  292          - 2.0979e+09      -  2013  228s
     7    16 2.0979e+09    3  288          - 2.0979e+09      -  1087  243s
    15    32 2.0979e+09    4  298          - 2.0979e+09      -   994  263s
    31    52 2.0979e+09    5  303          - 2.0979e+09      -  1215  284s
    51    72 2.0979e+09    6  302          - 2.0979e+09      -  1007  298s
    71    92 2.0979e+09    6  286          - 2.0979e+09      -   947  314s
    91   112 2.0979e+09    7  300          - 2.0979e+09      -   872  328s
   111   132 2.0979e+09    7  277          - 2.0979e+09      -   863  344s
   131   153 2.0979e+09    8  313          - 2.0979e+09      -   856  357s
   152   196 2.0979e+09    8  286          - 2.0979e+09      -   806  379s
   195   283 2.0979e+09   10  277          - 2.0979e+09      -   741  425s
   282   450 2.0979e+09   12  299          - 2.0979e+09      -   696  511s
   449   878 2.0979e+09   18  277          - 2.0979e+09      -   672  718s
H  664   878                    2.036881e+09 2.0979e+09  2.99%   573  718s
H  877  2332                    2.037111e+09 2.0979e+09  2.98%   530 1028s
H 1031  2332                    2.037926e+09 2.0979e+09  2.94%   485 1028s
H 1108  2332                    2.071329e+09 2.0979e+09  1.28%   469 1029s
H 1174  2332                    2.075882e+09 2.0979e+09  1.06%   465 1030s
H 2389  3327                    2.076114e+09 2.0979e+09  1.05%   344 1272s
H 2389  3327                    2.081015e+09 2.0979e+09  0.81%   344 1273s
H 2735  3327                    2.082541e+09 2.0979e+09  0.74%   331 1273s
H 3248  3327                    2.082584e+09 2.0979e+09  0.73%   304 1274s

Cutting planes:
  Cover: 3
  Implied bound: 23
  MIR: 40
  Flow cover: 37
  RLT: 20
  Relax-and-lift: 46

Explored 3477 nodes (1090797 simplex iterations) in 1274.68 seconds (1404.37 work units)
Thread count was 20 (of 40 available processors)

Solution count 9: 2.08258e+09 2.08254e+09 2.08102e+09 ... 2.03688e+09

Optimal solution found (tolerance 1.00e-02)
Best objective 2.082584194436e+09, best bound 2.097867390966e+09, gap 0.7339%
Gurobi Optimizer version 10.0.1 build v10.0.1rc0 (linux64)

CPU model: Intel(R) Xeon(R) Gold 5115 CPU @ 2.40GHz, instruction set [SSE2|AVX|AVX2|AVX512]
Thread count: 20 physical cores, 40 logical processors, using up to 20 threads

Optimize a model with 36259 rows, 725786 columns and 4074600 nonzeros
Model fingerprint: 0x25f0cd3e
Variable types: 225027 continuous, 500759 integer (500759 binary)
Coefficient statistics:
  Matrix range     [1e+00, 2e+05]
  Objective range  [4e+01, 2e+07]
  Bounds range     [1e-13, 3e+05]
  RHS range        [1e+00, 3e+06]
Presolve removed 26095 rows and 466260 columns (presolve time = 5s) ...
Presolve removed 26282 rows and 473040 columns
Presolve time: 9.65s
Presolved: 9977 rows, 252746 columns, 1179462 nonzeros
Variable types: 146870 continuous, 105876 integer (105866 binary)
Deterministic concurrent LP optimizer: primal simplex, dual simplex, and barrier
Showing barrier log only...

Root barrier log...

Ordering time: 0.75s

Barrier performed 0 iterations in 12.70 seconds (17.62 work units)
Barrier solve interrupted - model solved by another algorithm

Concurrent spin time: 0.00s

Solved with dual simplex

Root relaxation: infeasible, 2315 iterations, 1.63 seconds (1.04 work units)

    Nodes    |    Current Node    |     Objective Bounds      |     Work
 Expl Unexpl |  Obj  Depth IntInf | Incumbent    BestBd   Gap | It/Node Time

     0     0 infeasible    0               - infeasible      -     -   12s

Explored 1 nodes (2315 simplex iterations) in 12.72 seconds (16.66 work units)
Thread count was 20 (of 40 available processors)

Solution count 0
No other solutions better than -1e+100

Model is infeasible or unbounded
Best objective -, best bound -, gap -
