
Gurobi 10.0.1 (linux64) logging started Sun May 21 16:08:51 2023

Set parameter LogFile to value "logFiles/A-2L-D/A-2L-6U-15F-15V-240D/basic-05-21-2023, 16-08-H90-P90-O15.log"
Gurobi Optimizer version 10.0.1 build v10.0.1rc0 (linux64)

CPU model: Intel(R) Xeon(R) Gold 5115 CPU @ 2.40GHz, instruction set [SSE2|AVX|AVX2|AVX512]
Thread count: 20 physical cores, 40 logical processors, using up to 20 threads

Optimize a model with 59290 rows, 747350 columns and 4222392 nonzeros
Model fingerprint: 0xb7374bab
Variable types: 392949 continuous, 354401 integer (354401 binary)
Coefficient statistics:
  Matrix range     [1e+00, 2e+05]
  Objective range  [4e+01, 3e+07]
  Bounds range     [1e+00, 1e+00]
  RHS range        [1e+00, 4e+06]
Presolve removed 36403 rows and 16085 columns (presolve time = 5s) ...
Presolve removed 36986 rows and 16100 columns (presolve time = 10s) ...
Presolve removed 36986 rows and 16100 columns (presolve time = 15s) ...
Presolve removed 36942 rows and 16056 columns
Presolve time: 15.42s
Presolved: 22348 rows, 731294 columns, 3486646 nonzeros
Variable types: 381956 continuous, 349338 integer (349319 binary)
Deterministic concurrent LP optimizer: primal simplex, dual simplex, and barrier
Showing barrier log only...

Root barrier log...

Ordering time: 1.54s

Barrier statistics:
 AA' NZ     : 1.725e+06
 Factor NZ  : 1.357e+07 (roughly 400 MB of memory)
 Factor Ops : 2.818e+10 (less than 1 second per iteration)
 Threads    : 17

                  Objective                Residual
Iter       Primal          Dual         Primal    Dual     Compl     Time
   0  -5.95296060e+16  5.93624205e+13  2.78e+09 8.98e+06  3.14e+12    23s
   1  -1.56439765e+16  7.38577960e+13  7.31e+08 7.75e+06  8.35e+11    24s
   2  -4.03608764e+15  7.74654179e+13  1.89e+08 7.48e+05  2.24e+11    24s
   3  -4.01816735e+13  6.06748428e+13  1.89e+06 8.65e+03  2.28e+09    25s
   4  -1.41029533e+13  1.77863460e+13  6.62e+05 8.97e+02  8.32e+08    25s
   5  -1.12617161e+12  1.05969378e+13  5.28e+04 2.56e+02  7.26e+07    26s
   6  -4.76030287e+11  9.43548504e+12  2.24e+04 2.19e+02  3.37e+07    26s
   7  -2.31230845e+11  4.87533740e+12  1.09e+04 4.89e+01  1.51e+07    26s
   8  -1.53303313e+11  4.00458641e+12  7.28e+03 5.37e+01  1.02e+07    27s
   9  -9.92361523e+10  2.16556342e+12  4.75e+03 1.13e+01  5.84e+06    27s
  10  -4.99374401e+10  1.57023711e+12  2.45e+03 6.80e+00  3.21e+06    28s
  11  -1.66525455e+10  4.69776426e+11  8.94e+02 5.07e-01  1.00e+06    28s
  12  -7.03053305e+09  2.69853829e+11  4.46e+02 1.66e-01  5.09e+05    29s
  13  -1.10135327e+09  1.27350839e+11  1.70e+02 3.67e-02  2.05e+05    29s
  14   1.92376743e+08  8.78532487e+10  1.12e+02 1.63e-02  1.36e+05    29s
  15   1.09049595e+09  6.25417307e+10  7.13e+01 1.25e-07  9.07e+04    30s
  16   1.97015523e+09  4.10490810e+10  3.18e+01 1.08e-07  4.83e+04    30s
  17   2.13568161e+09  2.76057547e+10  2.44e+01 1.31e-07  3.40e+04    31s
  18   2.19071446e+09  2.12978934e+10  2.20e+01 2.05e-07  2.82e+04    31s
  19   2.25000595e+09  1.58790786e+10  1.95e+01 1.08e-07  2.27e+04    31s
  20   2.32750159e+09  1.45980980e+10  1.62e+01 1.78e-07  1.94e+04    32s
  21   2.53385877e+09  1.18673411e+10  7.71e+00 2.36e-07  1.17e+04    32s
  22   2.61617116e+09  1.09605180e+10  4.56e+00 2.50e-07  8.78e+03    33s
  23   2.64234701e+09  8.26095365e+09  3.69e+00 2.05e-07  6.19e+03    33s
  24   2.66781439e+09  7.19440586e+09  3.18e+00 1.44e-07  5.00e+03    34s
  25   2.67867020e+09  6.85366177e+09  2.97e+00 2.17e-07  4.58e+03    34s
  26   2.68447370e+09  6.38566952e+09  2.83e+00 2.58e-07  4.11e+03    35s
  27   2.70984509e+09  6.10158588e+09  2.35e+00 2.13e-07  3.59e+03    35s
  28   2.73988870e+09  5.71786144e+09  1.79e+00 2.31e-07  2.95e+03    36s
  29   2.75931017e+09  5.12888287e+09  1.43e+00 1.83e-07  2.28e+03    36s
  30   2.77443936e+09  4.51090237e+09  1.16e+00 1.58e-07  1.64e+03    37s
  31   2.78650766e+09  4.29074518e+09  9.23e-01 1.71e-07  1.37e+03    37s
  32   2.80512833e+09  3.88448934e+09  5.96e-01 2.11e-07  9.21e+02    38s
  33   2.83163286e+09  3.64353034e+09  2.02e-01 2.44e-07  6.08e+02    38s
  34   2.84438582e+09  3.33341596e+09  7.23e-02 2.01e-07  3.49e+02    39s
  35   2.84949942e+09  3.22572291e+09  5.42e-02 2.15e-07  2.67e+02    39s
  36   2.85117020e+09  3.20853758e+09  4.84e-02 2.32e-07  2.53e+02    39s
  37   2.85356626e+09  3.16399128e+09  4.25e-02 2.31e-07  2.19e+02    40s
  38   2.85543065e+09  3.08904280e+09  3.77e-02 3.00e-07  1.65e+02    40s
  39   2.85986403e+09  3.07450112e+09  2.64e-02 1.88e-07  1.51e+02    41s
  40   2.86166666e+09  2.99869848e+09  2.30e-02 2.47e-07  9.66e+01    41s
  41   2.86605774e+09  2.98500242e+09  1.48e-02 2.11e-07  8.31e+01    42s
  42   2.86672291e+09  2.96595286e+09  1.37e-02 2.25e-07  6.95e+01    42s
  43   2.87054630e+09  2.95389173e+09  8.22e-03 2.96e-07  5.80e+01    43s
  44   2.87456805e+09  2.93639089e+09  4.58e-03 2.38e-07  4.28e+01    43s
  45   2.87669310e+09  2.91826872e+09  3.56e-03 3.32e-07  2.89e+01    43s
  46   2.87912903e+09  2.90688928e+09  2.65e-03 4.03e-07  1.93e+01    44s
  47   2.88027185e+09  2.90172283e+09  2.29e-03 3.07e-07  1.50e+01    44s
  48   2.88134465e+09  2.89960461e+09  2.01e-03 4.60e-07  1.27e+01    45s
  49   2.88277481e+09  2.89830662e+09  1.64e-03 4.94e-07  1.08e+01    46s
  50   2.88368489e+09  2.89656783e+09  1.44e-03 3.66e-07  8.99e+00    46s
  51   2.88516375e+09  2.89585357e+09  1.11e-03 5.00e-07  7.45e+00    47s
  52   2.88535555e+09  2.89520344e+09  1.07e-03 4.66e-07  6.87e+00    47s
  53   2.88598588e+09  2.89505600e+09  9.46e-04 4.59e-07  6.32e+00    48s
  54   2.88673693e+09  2.89452150e+09  8.09e-04 4.39e-07  5.43e+00    48s
  55   2.88726943e+09  2.89419224e+09  7.17e-04 5.15e-07  4.83e+00    49s
  56   2.88793642e+09  2.89376626e+09  6.09e-04 6.59e-07  4.07e+00    49s
  57   2.88807536e+09  2.89361031e+09  5.86e-04 5.76e-07  3.86e+00    50s
  58   2.88871844e+09  2.89339977e+09  4.82e-04 4.15e-07  3.26e+00    51s
  59   2.88892486e+09  2.89313141e+09  4.49e-04 3.62e-07  2.94e+00    51s
  60   2.88949649e+09  2.89289640e+09  3.62e-04 3.86e-07  2.37e+00    52s
  61   2.88972520e+09  2.89274634e+09  3.27e-04 4.03e-07  2.11e+00    53s
  62   2.89012477e+09  2.89259738e+09  2.64e-04 4.47e-07  1.73e+00    53s
  63   2.89022102e+09  2.89241791e+09  2.49e-04 5.42e-07  1.54e+00    54s
  64   2.89061671e+09  2.89233887e+09  1.88e-04 6.39e-07  1.20e+00    55s
  65   2.89085836e+09  2.89223268e+09  1.52e-04 4.03e-07  9.61e-01    55s
  66   2.89108643e+09  2.89212883e+09  1.16e-04 5.13e-07  7.29e-01    56s
  67   2.89133973e+09  2.89208753e+09  7.90e-05 2.95e-07  5.23e-01    57s
  68   2.89155032e+09  2.89202438e+09  4.63e-05 3.72e-07  3.31e-01    58s
  69   2.89168821e+09  2.89194976e+09  2.54e-05 4.24e-07  1.83e-01    58s
  70   2.89176838e+09  2.89193173e+09  1.33e-05 4.31e-07  1.14e-01    59s
  71   2.89180145e+09  2.89187671e+09  8.52e-06 4.77e-07  5.28e-02    60s
  72   2.89183849e+09  2.89187369e+09  3.29e-06 3.40e-07  2.46e-02    60s
  73   2.89184769e+09  2.89186732e+09  2.04e-06 3.77e-07  1.37e-02    61s
  74   2.89185647e+09  2.89186390e+09  8.32e-07 3.55e-07  5.22e-03    61s
  75   2.89186154e+09  2.89186328e+09  1.63e-07 3.18e-07  1.22e-03    62s
  76   2.89186273e+09  2.89186285e+09  9.22e-08 5.36e-07  8.61e-05    62s
  77   2.89186281e+09  2.89186282e+09  9.39e-07 3.18e-07  3.55e-06    63s
  78   2.89186282e+09  2.89186282e+09  1.46e-07 4.77e-07  6.60e-11    63s

Barrier solved model in 78 iterations and 63.39 seconds (52.96 work units)
Optimal objective 2.89186282e+09


Root crossover log...

   18203 DPushes remaining with DInf 0.0000000e+00                64s
       0 DPushes remaining with DInf 0.0000000e+00                65s

     997 PPushes remaining with PInf 0.0000000e+00                65s
       0 PPushes remaining with PInf 0.0000000e+00                65s

  Push phase complete: Pinf 0.0000000e+00, Dinf 5.6156390e-01     65s


Root simplex log...

Iteration    Objective       Primal Inf.    Dual Inf.      Time
   19165    2.8918628e+09   0.000000e+00   5.615638e-01     65s
   19168    2.8918628e+09   0.000000e+00   0.000000e+00     65s
Concurrent spin time: 0.06s

Solved with barrier
   19168    2.8918628e+09   0.000000e+00   0.000000e+00     66s

Root relaxation: objective 2.891863e+09, 19168 iterations, 47.32 seconds (32.30 work units)

    Nodes    |    Current Node    |     Objective Bounds      |     Work
 Expl Unexpl |  Obj  Depth IntInf | Incumbent    BestBd   Gap | It/Node Time

     0     0 2.8919e+09    0  412          - 2.8919e+09      -     -   70s
     0     0 2.8918e+09    0  415          - 2.8918e+09      -     -  155s
     0     0 2.8918e+09    0  412          - 2.8918e+09      -     -  204s
     0     0 2.8918e+09    0  425          - 2.8918e+09      -     -  233s
     0     0 2.8918e+09    0  406          - 2.8918e+09      -     -  238s
     0     0 2.8917e+09    0  412          - 2.8917e+09      -     -  302s
     0     0 2.8917e+09    0  422          - 2.8917e+09      -     -  331s
     0     0 2.8917e+09    0  427          - 2.8917e+09      -     -  332s
     0     0 2.8917e+09    0  436          - 2.8917e+09      -     -  391s
     0     0 2.8917e+09    0  423          - 2.8917e+09      -     -  429s
     0     0 2.8917e+09    0  420          - 2.8917e+09      -     -  436s
     0     0 2.8917e+09    0  399          - 2.8917e+09      -     -  487s
     0     0 2.8917e+09    0  416          - 2.8917e+09      -     -  520s
     0     0 2.8917e+09    0  410          - 2.8917e+09      -     -  537s
     0     0 2.8917e+09    0  417          - 2.8917e+09      -     -  544s
     0     0 2.8917e+09    0  402          - 2.8917e+09      -     -  560s
     0     0 2.8917e+09    0  413          - 2.8917e+09      -     -  582s
     0     0 2.8917e+09    0  384          - 2.8917e+09      -     -  610s
     0     0 2.8917e+09    0  402          - 2.8917e+09      -     -  634s
     0     0 2.8917e+09    0  418          - 2.8917e+09      -     -  657s
     0     0 2.8917e+09    0  405          - 2.8917e+09      -     -  666s
     0     0 2.8917e+09    0  417          - 2.8917e+09      -     -  674s
     0     0 2.8917e+09    0  395          - 2.8917e+09      -     -  715s
     0     2 2.8917e+09    0  391          - 2.8917e+09      -     -  896s
     1     4 2.8917e+09    1  394          - 2.8917e+09      -  9765  976s
     3     8 2.8917e+09    2  380          - 2.8917e+09      -  5591 1061s
     7    16 2.8917e+09    3  403          - 2.8917e+09      -  3616 1162s
    15    32 2.8917e+09    4  412          - 2.8917e+09      -  3180 1373s
    31    52 2.8917e+09    5  429          - 2.8917e+09      -  3271 1467s
    51    72 2.8917e+09    6  433          - 2.8917e+09      -  2693 1562s
    71    92 2.8917e+09    6  428          - 2.8917e+09      -  2440 1717s
    91   112 2.8917e+09    7  421          - 2.8917e+09      -  2275 1861s
   111   138 2.8917e+09    7  431          - 2.8917e+09      -  2202 1952s
   137   163 2.8917e+09    8  430          - 2.8917e+09      -  2003 2071s
   162   190 2.8916e+09    8  387          - 2.8917e+09      -  1999 2216s
   189   242 2.8917e+09    9  427          - 2.8917e+09      -  1856 2412s
   241   335 2.8917e+09   10  423          - 2.8917e+09      -  1746 2742s
   334   512 2.8917e+09   13  429          - 2.8917e+09      -  1720 3324s
   511   829 2.8917e+09   24  423          - 2.8917e+09      -  1575 4532s
   828  1283 2.8917e+09   34  397          - 2.8917e+09      -  1539 6293s
H 1074  1283                    2.875914e+09 2.8917e+09  0.55%  1496 6295s

Cutting planes:
  Cover: 29
  Implied bound: 75
  Clique: 1
  MIR: 83
  Flow cover: 116
  GUB cover: 3
  Network: 1
  RLT: 17
  Relax-and-lift: 43

Explored 1282 nodes (1966950 simplex iterations) in 6295.75 seconds (5018.01 work units)
Thread count was 20 (of 40 available processors)

Solution count 1: 2.87591e+09 

Optimal solution found (tolerance 5.00e-02)
Best objective 2.875913599404e+09, best bound 2.891705626643e+09, gap 0.5491%
Gurobi Optimizer version 10.0.1 build v10.0.1rc0 (linux64)

CPU model: Intel(R) Xeon(R) Gold 5115 CPU @ 2.40GHz, instruction set [SSE2|AVX|AVX2|AVX512]
Thread count: 20 physical cores, 40 logical processors, using up to 20 threads

Optimize a model with 90366 rows, 1004950 columns and 6386561 nonzeros
Model fingerprint: 0x3b704b2d
Variable types: 252595 continuous, 752355 integer (752355 binary)
Coefficient statistics:
  Matrix range     [1e+00, 2e+05]
  Objective range  [4e+01, 3e+07]
  Bounds range     [1e+00, 3e+05]
  RHS range        [1e+00, 5e+06]
Presolve removed 72848 rows and 644229 columns (presolve time = 5s) ...
Presolve removed 74553 rows and 682280 columns (presolve time = 10s) ...
Presolve removed 74553 rows and 682280 columns (presolve time = 16s) ...
Presolve removed 75204 rows and 698145 columns
Presolve time: 19.88s
Presolved: 15162 rows, 306805 columns, 1403857 nonzeros
Variable types: 127746 continuous, 179059 integer (179041 binary)
Deterministic concurrent LP optimizer: primal simplex, dual simplex, and barrier
Showing barrier log only...

Root barrier log...

Ordering time: 0.60s

Barrier statistics:
 AA' NZ     : 7.520e+05
 Factor NZ  : 4.685e+06 (roughly 170 MB of memory)
 Factor Ops : 5.669e+09 (less than 1 second per iteration)
 Threads    : 17

                  Objective                Residual
Iter       Primal          Dual         Primal    Dual     Compl     Time
   0  -1.39111473e+16  3.63741292e+12  4.34e+08 1.16e+05  7.47e+10    24s
   1  -5.40988317e+15  3.12235335e+12  1.69e+08 3.29e+05  2.95e+10    24s
   2  -4.73490629e+14  1.98399653e+12  1.49e+07 1.71e+04  2.65e+09    24s
   3  -1.10776853e+13  8.58987192e+11  3.49e+05 1.40e-09  6.33e+07    25s
   4  -4.53018877e+12  2.57957249e+11  1.43e+05 2.21e-09  2.60e+07    25s
   5  -5.80199729e+11  1.41237769e+11  1.83e+04 1.05e-09  3.57e+06    25s
   6  -2.86269209e+11  1.05806306e+11  9.04e+03 1.05e-09  1.79e+06    25s
   7  -8.34455639e+10  7.66508678e+10  2.67e+03 9.31e-10  5.77e+05    25s
   8  -2.61714203e+10  4.29672705e+10  8.83e+02 1.05e-09  2.00e+05    25s
   9  -1.14903822e+10  2.45510334e+10  4.25e+02 1.86e-09  9.41e+04    25s
  10  -7.93691305e+09  1.38665567e+10  3.14e+02 1.64e-08  5.88e+04    26s
  11  -1.88460455e+09  8.44872852e+09  1.27e+02 1.49e-08  2.58e+04    26s
  12   1.22335380e+08  6.73005444e+09  6.64e+01 7.57e-09  1.54e+04    26s
  13   2.19464553e+08  6.53061521e+09  6.36e+01 8.50e-09  1.47e+04    26s
  14   3.46490217e+08  6.10905758e+09  6.00e+01 7.57e-09  1.36e+04    26s
  15   5.77675845e+08  5.01607945e+09  5.32e+01 6.52e-09  1.09e+04    26s
  16   1.15965883e+09  4.60118796e+09  3.60e+01 4.19e-09  8.09e+03    27s
  17   1.71627984e+09  3.94955378e+09  1.87e+01 4.89e-09  4.95e+03    27s
  18   1.95280569e+09  3.46830242e+09  1.17e+01 4.77e-09  3.32e+03    27s
  19   2.03819609e+09  3.16212976e+09  9.33e+00 6.05e-09  2.54e+03    27s
  20   2.07599522e+09  3.07607833e+09  8.21e+00 5.15e-09  2.27e+03    27s
  21   2.08680703e+09  2.94023219e+09  7.89e+00 8.15e-09  2.03e+03    28s
  22   2.18563111e+09  2.86387833e+09  4.91e+00 5.76e-09  1.52e+03    28s
  23   2.21936603e+09  2.77131188e+09  3.82e+00 6.29e-09  1.25e+03    28s
  24   2.23483050e+09  2.61723923e+09  3.31e+00 5.68e-09  9.38e+02    28s
  25   2.28130363e+09  2.52075068e+09  1.77e+00 5.68e-09  5.39e+02    28s
  26   2.30904595e+09  2.46585614e+09  8.67e-01 4.42e-09  3.19e+02    29s
  27   2.32113809e+09  2.39516589e+09  4.83e-01 4.42e-09  1.38e+02    29s
  28   2.32351065e+09  2.38163568e+09  4.15e-01 3.26e-09  1.05e+02    29s
  29   2.32725880e+09  2.37730108e+09  3.07e-01 3.84e-09  8.83e+01    29s
  30   2.33011297e+09  2.37191334e+09  2.27e-01 3.84e-09  7.16e+01    29s
  31   2.33212829e+09  2.36356402e+09  1.78e-01 3.73e-09  5.18e+01    30s
  32   2.33514717e+09  2.35748636e+09  1.12e-01 2.33e-09  3.58e+01    30s
  33   2.33767395e+09  2.35341833e+09  6.14e-02 3.84e-09  2.50e+01    30s
  34   2.33870514e+09  2.34948556e+09  4.65e-02 4.42e-09  1.67e+01    30s
  35   2.33900829e+09  2.34905853e+09  4.25e-02 4.19e-09  1.56e+01    30s
  36   2.34023799e+09  2.34768925e+09  2.73e-02 3.61e-09  1.16e+01    30s
  37   2.34099163e+09  2.34644814e+09  2.06e-02 3.49e-09  8.42e+00    31s
  38   2.34175058e+09  2.34577617e+09  1.53e-02 3.84e-09  6.20e+00    31s
  39   2.34226241e+09  2.34540594e+09  1.23e-02 2.71e-09  4.82e+00    31s
  40   2.34262876e+09  2.34521877e+09  1.02e-02 3.73e-09  3.97e+00    31s
  41   2.34311808e+09  2.34508129e+09  7.54e-03 3.84e-09  3.01e+00    32s
  42   2.34359767e+09  2.34485908e+09  4.88e-03 3.84e-09  1.93e+00    32s
  43   2.34387891e+09  2.34481741e+09  3.37e-03 2.44e-09  1.44e+00    32s
  44   2.34404967e+09  2.34477386e+09  2.46e-03 2.47e-09  1.12e+00    32s
  45   2.34418386e+09  2.34470696e+09  1.79e-03 3.84e-09  8.07e-01    32s
  46   2.34420943e+09  2.34468939e+09  1.65e-03 2.91e-09  7.40e-01    33s
  47   2.34428436e+09  2.34464186e+09  1.28e-03 3.38e-09  5.50e-01    33s
  48   2.34438336e+09  2.34460525e+09  8.06e-04 2.04e-09  3.41e-01    33s
  49   2.34446263e+09  2.34459033e+09  4.34e-04 2.21e-09  1.97e-01    33s
  50   2.34452299e+09  2.34457269e+09  1.56e-04 1.86e-09  7.70e-02    34s
  51   2.34454794e+09  2.34456190e+09  4.41e-05 1.98e-09  2.16e-02    34s
  52   2.34455138e+09  2.34456115e+09  2.89e-05 4.19e-09  1.52e-02    34s
  53   2.34455277e+09  2.34455939e+09  2.27e-05 4.19e-09  1.02e-02    34s
  54   2.34455649e+09  2.34455892e+09  7.00e-06 2.44e-09  3.79e-03    34s
  55   2.34455739e+09  2.34455843e+09  3.18e-06 5.70e-09  1.61e-03    34s
  56   2.34455808e+09  2.34455818e+09  2.84e-07 3.96e-09  1.50e-04    34s
  57   2.34455815e+09  2.34455815e+09  4.25e-08 3.73e-09  8.50e-07    35s
  58   2.34455815e+09  2.34455815e+09  5.78e-10 3.73e-09  3.85e-11    35s

Barrier solved model in 58 iterations and 34.79 seconds (38.30 work units)
Optimal objective 2.34455815e+09


Root crossover log...

    8090 DPushes remaining with DInf 0.0000000e+00                35s
       0 DPushes remaining with DInf 0.0000000e+00                35s

    1241 PPushes remaining with PInf 0.0000000e+00                35s
       0 PPushes remaining with PInf 0.0000000e+00                35s

  Push phase complete: Pinf 0.0000000e+00, Dinf 3.0878056e-08     35s


Root simplex log...

Iteration    Objective       Primal Inf.    Dual Inf.      Time
    9237    2.3445581e+09   0.000000e+00   0.000000e+00     35s
Concurrent spin time: 0.96s

Solved with barrier
    9237    2.3445581e+09   0.000000e+00   0.000000e+00     36s

Root relaxation: objective 2.344558e+09, 9237 iterations, 14.20 seconds (8.78 work units)

    Nodes    |    Current Node    |     Objective Bounds      |     Work
 Expl Unexpl |  Obj  Depth IntInf | Incumbent    BestBd   Gap | It/Node Time

     0     0 2.3446e+09    0  181          - 2.3446e+09      -     -   37s
     0     0 2.3445e+09    0  203          - 2.3445e+09      -     -   46s
     0     0 2.3445e+09    0  201          - 2.3445e+09      -     -   53s
     0     0 2.3445e+09    0  200          - 2.3445e+09      -     -   61s
     0     0 2.3445e+09    0  191          - 2.3445e+09      -     -   63s
     0     0 2.3445e+09    0  161          - 2.3445e+09      -     -   91s
     0     0 2.3445e+09    0  185          - 2.3445e+09      -     -  100s
     0     0 2.3445e+09    0  199          - 2.3445e+09      -     -  108s
     0     0 2.3445e+09    0  205          - 2.3445e+09      -     -  112s
     0     0 2.3445e+09    0  206          - 2.3445e+09      -     -  112s
     0     0 2.3445e+09    0  205          - 2.3445e+09      -     -  119s
     0     0 2.3445e+09    0  207          - 2.3445e+09      -     -  121s
     0     0 2.3444e+09    0  215          - 2.3444e+09      -     -  127s
     0     0 2.3444e+09    0  239          - 2.3444e+09      -     -  131s
     0     0 2.3443e+09    0  208          - 2.3443e+09      -     -  137s
     0     0 2.3443e+09    0  194          - 2.3443e+09      -     -  141s
     0     0 2.3443e+09    0  196          - 2.3443e+09      -     -  142s
     0     0 2.3441e+09    0  212          - 2.3441e+09      -     -  148s
     0     0 2.3441e+09    0  200          - 2.3441e+09      -     -  152s
     0     0 2.3441e+09    0  178          - 2.3441e+09      -     -  157s
     0     0 2.3441e+09    0  186          - 2.3441e+09      -     -  161s
     0     0 2.3439e+09    0  129          - 2.3439e+09      -     -  167s
     0     0 2.3439e+09    0  135          - 2.3439e+09      -     -  169s
     0     0 2.3439e+09    0  146          - 2.3439e+09      -     -  173s
     0     0 2.3439e+09    0  135          - 2.3439e+09      -     -  177s
     0     0 2.3439e+09    0  126          - 2.3439e+09      -     -  182s
     0     0 2.3439e+09    0  163          - 2.3439e+09      -     -  184s
     0     0 2.3439e+09    0  194          - 2.3439e+09      -     -  189s
     0     0 2.3439e+09    0  182          - 2.3439e+09      -     -  199s
     0     2 2.3439e+09    0  181          - 2.3439e+09      -     -  247s
     1     5 2.3439e+09    1  173          - 2.3439e+09      -  1506  261s
     3     8 2.3439e+09    2  174          - 2.3439e+09      -   797  272s
     7    16 2.3439e+09    3  168          - 2.3439e+09      -   654  287s
    15    32 2.3439e+09    4  178          - 2.3439e+09      -   553  304s
    31    52 2.3439e+09    5  161          - 2.3439e+09      -   672  321s
    51    72 2.3439e+09    6  176          - 2.3439e+09      -   595  333s
    71    92 2.3439e+09    6  172          - 2.3439e+09      -   598  347s
    91   112 2.3439e+09    7  180          - 2.3439e+09      -   526  361s
   111   132 2.3439e+09    7  152          - 2.3439e+09      -   493  376s
   131   151 2.3439e+09    8  181          - 2.3439e+09      -   506  391s
   152   171 2.3439e+09    8  147          - 2.3439e+09      -   512  408s
   172   191 2.3439e+09    9  184          - 2.3439e+09      -   508  422s
H  175   191                    2.275084e+09 2.3439e+09  3.02%   503  422s
H  178   191                    2.289723e+09 2.3439e+09  2.36%   502  423s

Cutting planes:
  Cover: 46
  Implied bound: 83
  Clique: 7
  MIR: 54
  Flow cover: 85
  GUB cover: 6
  RLT: 10
  Relax-and-lift: 36

Explored 194 nodes (134767 simplex iterations) in 423.57 seconds (403.74 work units)
Thread count was 20 (of 40 available processors)

Solution count 3: 2.28972e+09 2.28972e+09 2.27508e+09 

Optimal solution found (tolerance 5.00e-02)
Warning: max bound violation (2.0690e-06) exceeds tolerance
Best objective 2.289723025195e+09, best bound 2.343868385666e+09, gap 2.3647%
Gurobi Optimizer version 10.0.1 build v10.0.1rc0 (linux64)

CPU model: Intel(R) Xeon(R) Gold 5115 CPU @ 2.40GHz, instruction set [SSE2|AVX|AVX2|AVX512]
Thread count: 20 physical cores, 40 logical processors, using up to 20 threads

Optimize a model with 90186 rows, 1009908 columns and 6223852 nonzeros
Model fingerprint: 0x62c000c5
Variable types: 10786 continuous, 999122 integer (999122 binary)
Coefficient statistics:
  Matrix range     [1e+00, 2e+05]
  Objective range  [4e+01, 3e+07]
  Bounds range     [1e+00, 3e+05]
  RHS range        [1e+00, 5e+06]
Presolve removed 84520 rows and 970255 columns
Presolve time: 4.05s
Presolved: 5666 rows, 39653 columns, 179433 nonzeros
Variable types: 1975 continuous, 37678 integer (37671 binary)
Deterministic concurrent LP optimizer: primal and dual simplex
Showing first log only...


Root simplex log...

Iteration    Objective       Primal Inf.    Dual Inf.      Time
    5584    1.7519076e+09   3.616882e+00   3.493722e+09      5s
    8636    2.2107037e+09   0.000000e+00   1.099258e+11      5s
   32643    2.3362685e+09   0.000000e+00   0.000000e+00      6s
Concurrent spin time: 0.08s

Solved with primal simplex
   32643    2.3362685e+09   0.000000e+00   0.000000e+00      6s

Root relaxation: objective 2.336269e+09, 32643 iterations, 1.21 seconds (1.22 work units)

    Nodes    |    Current Node    |     Objective Bounds      |     Work
 Expl Unexpl |  Obj  Depth IntInf | Incumbent    BestBd   Gap | It/Node Time

     0     0 2.3363e+09    0   94          - 2.3363e+09      -     -    6s
H    0     0                    2.291787e+09 2.3363e+09  1.94%     -   10s

Explored 1 nodes (33210 simplex iterations) in 11.06 seconds (8.43 work units)
Thread count was 20 (of 40 available processors)

Solution count 1: 2.29179e+09 

Optimal solution found (tolerance 5.00e-02)
Best objective 2.291786676125e+09, best bound 2.336268543181e+09, gap 1.9409%
