
Gurobi 10.0.1 (linux64) logging started Sun May 21 20:03:25 2023

Set parameter LogFile to value "logFiles/A-2L-D/A-2L-6U-15F-15V-240D/basic-05-21-2023, 20-03-H70-P50-O15.log"
Gurobi Optimizer version 10.0.1 build v10.0.1rc0 (linux64)

CPU model: Intel(R) Xeon(R) Gold 5115 CPU @ 2.40GHz, instruction set [SSE2|AVX|AVX2|AVX512]
Thread count: 20 physical cores, 40 logical processors, using up to 20 threads

Optimize a model with 40051 rows, 437086 columns and 2165489 nonzeros
Model fingerprint: 0x53de06ab
Variable types: 185660 continuous, 251426 integer (251426 binary)
Coefficient statistics:
  Matrix range     [1e+00, 2e+05]
  Objective range  [4e+01, 3e+07]
  Bounds range     [1e+00, 1e+00]
  RHS range        [1e+00, 3e+06]
Presolve removed 26690 rows and 15475 columns (presolve time = 5s) ...
Presolve removed 26659 rows and 15445 columns
Presolve time: 8.63s
Presolved: 13392 rows, 421641 columns, 1918639 nonzeros
Variable types: 175137 continuous, 246504 integer (246491 binary)
Deterministic concurrent LP optimizer: primal simplex, dual simplex, and barrier
Showing barrier log only...

Root barrier log...

Ordering time: 1.64s

Barrier statistics:
 AA' NZ     : 9.261e+05
 Factor NZ  : 4.717e+06 (roughly 200 MB of memory)
 Factor Ops : 4.529e+09 (less than 1 second per iteration)
 Threads    : 17

                  Objective                Residual
Iter       Primal          Dual         Primal    Dual     Compl     Time
   0  -2.64830135e+16  4.33728803e+13  1.68e+09 1.13e+07  3.14e+12    14s
   1  -6.96993212e+15  5.42101184e+13  4.44e+08 8.11e+06  8.31e+11    15s
   2  -1.35262694e+15  5.79159831e+13  8.64e+07 1.64e+05  1.65e+11    15s
   3  -1.31544036e+13  4.10355717e+13  8.40e+05 4.79e+02  1.66e+09    15s
   4  -2.49338971e+12  1.20185180e+13  1.59e+05 2.99e-08  3.20e+08    15s
   5  -4.34502385e+11  9.40764699e+12  2.78e+04 2.25e-08  6.43e+07    15s
   6  -2.13245808e+11  6.01953910e+12  1.37e+04 1.99e-08  3.20e+07    16s
   7  -1.59785525e+11  5.56530064e+12  1.03e+04 1.48e+01  2.50e+07    16s
   8  -1.37519628e+11  3.35086178e+12  8.87e+03 2.06e-08  1.84e+07    16s
   9  -6.72808634e+10  1.90977926e+12  4.40e+03 2.32e-08  8.77e+06    16s
  10  -4.65981471e+10  1.40363416e+12  3.09e+03 2.06e-08  5.98e+06    16s
  11  -3.43868193e+10  1.12202239e+12  2.31e+03 2.15e-08  4.43e+06    16s
  12  -9.99405411e+09  4.11000580e+11  7.67e+02 2.85e-08  1.39e+06    17s
  13  -3.13629931e+08  1.87880403e+11  1.55e+02 3.39e-08  3.92e+05    17s
  14   2.97927975e+08  1.29966826e+11  1.17e+02 4.64e-08  2.79e+05    17s
  15   8.19717127e+08  1.14161258e+11  8.56e+01 1.12e-07  2.26e+05    17s
  16   1.42896366e+09  9.26707452e+10  4.85e+01 1.21e-07  1.60e+05    17s
  17   1.51209564e+09  7.45451314e+10  4.35e+01 1.44e-07  1.33e+05    18s
  18   1.66244215e+09  4.97944069e+10  3.44e+01 1.39e-07  9.40e+04    18s
  19   1.93814991e+09  3.42307255e+10  1.79e+01 2.10e-07  5.80e+04    18s
  20   2.02558815e+09  2.09421527e+10  1.28e+01 2.22e-07  3.66e+04    18s
  21   2.06949224e+09  1.65166050e+10  1.03e+01 2.19e-07  2.86e+04    18s
  22   2.09428859e+09  1.17777962e+10  9.02e+00 2.42e-07  2.15e+04    19s
  23   2.10679823e+09  1.11429186e+10  8.36e+00 2.49e-07  2.00e+04    19s
  24   2.16531758e+09  9.04356064e+09  5.64e+00 2.04e-07  1.43e+04    19s
  25   2.21693520e+09  8.07294312e+09  3.43e+00 1.93e-07  1.06e+04    19s
  26   2.26065780e+09  5.99320994e+09  2.18e+00 2.95e-07  6.48e+03    20s
  27   2.29550839e+09  5.27450347e+09  1.52e+00 2.38e-07  4.86e+03    20s
  28   2.32434017e+09  4.40286601e+09  1.11e+00 2.72e-07  3.30e+03    20s
  29   2.34634400e+09  4.05484750e+09  8.99e-01 3.01e-07  2.64e+03    20s
  30   2.35977587e+09  3.40874245e+09  7.54e-01 2.92e-07  1.65e+03    21s
  31   2.39580576e+09  3.20126481e+09  3.60e-01 3.17e-07  1.13e+03    21s
  32   2.40130312e+09  3.08539990e+09  3.17e-01 3.02e-07  9.53e+02    21s
  33   2.43168072e+09  2.80671411e+09  1.40e-01 2.39e-07  4.93e+02    21s
  34   2.44474522e+09  2.76253455e+09  9.28e-02 2.04e-07  4.07e+02    22s
  35   2.44798257e+09  2.74689480e+09  8.54e-02 2.38e-07  3.82e+02    22s
  36   2.44852862e+09  2.68384226e+09  8.38e-02 2.48e-07  3.04e+02    22s
  37   2.45608857e+09  2.65142227e+09  5.82e-02 3.31e-07  2.48e+02    22s
  38   2.45883310e+09  2.63544099e+09  5.17e-02 2.27e-07  2.24e+02    22s
  39   2.46181741e+09  2.60933618e+09  4.50e-02 3.65e-07  1.87e+02    23s
  40   2.46757805e+09  2.57096694e+09  3.27e-02 5.60e-07  1.31e+02    23s
  41   2.47196949e+09  2.54554207e+09  2.55e-02 4.35e-07  9.32e+01    23s
  42   2.47828132e+09  2.53285091e+09  1.67e-02 3.86e-07  6.85e+01    23s
  43   2.48119144e+09  2.52806087e+09  1.33e-02 4.69e-07  5.86e+01    24s
  44   2.48325421e+09  2.52387489e+09  1.10e-02 4.00e-07  5.07e+01    24s
  45   2.48459847e+09  2.51910080e+09  9.70e-03 3.77e-07  4.31e+01    24s
  46   2.48744807e+09  2.51169862e+09  7.13e-03 3.90e-07  3.03e+01    24s
  47   2.49050635e+09  2.50717202e+09  4.81e-03 2.80e-07  2.08e+01    25s
  48   2.49183098e+09  2.50623750e+09  3.92e-03 3.40e-07  1.79e+01    25s
  49   2.49263843e+09  2.50522094e+09  3.41e-03 4.22e-07  1.57e+01    25s
  50   2.49356354e+09  2.50464387e+09  2.89e-03 3.00e-07  1.38e+01    26s
  51   2.49453238e+09  2.50346969e+09  2.45e-03 2.88e-07  1.11e+01    26s
  52   2.49555637e+09  2.50318639e+09  1.97e-03 4.47e-07  9.48e+00    26s
  53   2.49596265e+09  2.50234829e+09  1.77e-03 3.32e-07  7.96e+00    27s
  54   2.49719743e+09  2.50176237e+09  1.23e-03 3.00e-07  5.68e+00    27s
  55   2.49757436e+09  2.50153837e+09  1.07e-03 2.99e-07  4.93e+00    27s
  56   2.49825377e+09  2.50136805e+09  7.85e-04 2.51e-07  3.87e+00    28s
  57   2.49874336e+09  2.50097195e+09  5.86e-04 3.20e-07  2.77e+00    28s
  58   2.49910624e+09  2.50081418e+09  4.38e-04 3.07e-07  2.12e+00    29s
  59   2.49958401e+09  2.50070406e+09  2.49e-04 3.36e-07  1.38e+00    29s
  60   2.49982836e+09  2.50049736e+09  1.55e-04 2.30e-07  8.29e-01    29s
  61   2.50007421e+09  2.50039419e+09  6.29e-05 2.85e-07  3.94e-01    30s
  62   2.50017945e+09  2.50034336e+09  2.23e-05 2.41e-07  2.00e-01    30s
  63   2.50021140e+09  2.50029647e+09  1.15e-05 3.16e-07  1.04e-01    30s
  64   2.50021490e+09  2.50028910e+09  1.05e-05 3.65e-07  9.06e-02    30s
  65   2.50023177e+09  2.50026540e+09  5.29e-06 2.92e-07  4.12e-02    31s
  66   2.50024220e+09  2.50026014e+09  2.12e-06 3.35e-07  2.18e-02    31s
  67   2.50024587e+09  2.50025906e+09  1.10e-06 2.98e-07  1.59e-02    31s
  68   2.50024821e+09  2.50025615e+09  4.82e-07 3.56e-07  9.55e-03    31s
  69   2.50024895e+09  2.50025184e+09  2.95e-07 2.91e-07  3.51e-03    32s
  70   2.50024925e+09  2.50025080e+09  2.23e-07 2.59e-07  1.91e-03    32s
  71   2.50025019e+09  2.50025049e+09  6.69e-09 2.82e-07  3.53e-04    32s
  72   2.50025023e+09  2.50025024e+09  8.99e-09 2.38e-07  9.06e-06    33s
  73   2.50025023e+09  2.50025023e+09  1.08e-06 2.65e-07  1.83e-06    33s
  74   2.50025023e+09  2.50025023e+09  3.00e-08 2.44e-07  3.42e-08    33s
  75   2.50025023e+09  2.50025023e+09  1.00e-07 2.39e-07  1.68e-10    33s

Barrier solved model in 75 iterations and 33.48 seconds (26.19 work units)
Optimal objective 2.50025023e+09


Root crossover log...

   10536 DPushes remaining with DInf 0.0000000e+00                34s
       0 DPushes remaining with DInf 0.0000000e+00                34s

     727 PPushes remaining with PInf 0.0000000e+00                34s
       0 PPushes remaining with PInf 0.0000000e+00                34s

  Push phase complete: Pinf 0.0000000e+00, Dinf 6.9640009e-08     34s


Root simplex log...

Iteration    Objective       Primal Inf.    Dual Inf.      Time
   11242    2.5002502e+09   0.000000e+00   0.000000e+00     34s
Concurrent spin time: 0.06s

Solved with barrier
   11290    2.5002502e+09   0.000000e+00   0.000000e+00     34s
Extra simplex iterations after uncrush: 48

Root relaxation: objective 2.500250e+09, 11290 iterations, 23.70 seconds (15.22 work units)
Total elapsed time = 35.17s

    Nodes    |    Current Node    |     Objective Bounds      |     Work
 Expl Unexpl |  Obj  Depth IntInf | Incumbent    BestBd   Gap | It/Node Time

     0     0 2.5003e+09    0  223          - 2.5003e+09      -     -   36s
     0     0 2.5002e+09    0  213          - 2.5002e+09      -     -   59s
     0     0 2.5002e+09    0  193          - 2.5002e+09      -     -   69s
     0     0 2.5002e+09    0  198          - 2.5002e+09      -     -   70s
     0     0 2.5002e+09    0  197          - 2.5002e+09      -     -   83s
H    0     0                    2.469889e+09 2.5002e+09  1.23%     -   90s
H    0     0                    2.473673e+09 2.5002e+09  1.07%     -   93s
     0     0 2.5002e+09    0  199 2.4737e+09 2.5002e+09  1.07%     -   95s
     0     0 2.5002e+09    0  220 2.4737e+09 2.5002e+09  1.07%     -  109s
H    0     0                    2.487895e+09 2.5002e+09  0.49%     -  124s

Cutting planes:
  Cover: 2
  Implied bound: 19
  MIR: 27
  Flow cover: 26
  GUB cover: 2
  RLT: 5
  Relax-and-lift: 16

Explored 1 nodes (23230 simplex iterations) in 124.08 seconds (102.20 work units)
Thread count was 20 (of 40 available processors)

Solution count 3: 2.4879e+09 2.47367e+09 2.46989e+09 

Optimal solution found (tolerance 1.00e-02)
Best objective 2.487895185695e+09, best bound 2.500191989949e+09, gap 0.4943%
