
Gurobi 10.0.1 (linux64) logging started Sun May 21 20:08:17 2023

Set parameter LogFile to value "logFiles/A-2L-D/A-2L-6U-15F-15V-240D/basic-05-21-2023, 20-08-H80-P60-O10.log"
Gurobi Optimizer version 10.0.1 build v10.0.1rc0 (linux64)

CPU model: Intel(R) Xeon(R) Gold 5115 CPU @ 2.40GHz, instruction set [SSE2|AVX|AVX2|AVX512]
Thread count: 20 physical cores, 40 logical processors, using up to 20 threads

Optimize a model with 46427 rows, 546707 columns and 2652753 nonzeros
Model fingerprint: 0xdd13fa24
Variable types: 272030 continuous, 274677 integer (274677 binary)
Coefficient statistics:
  Matrix range     [1e+00, 2e+05]
  Objective range  [4e+01, 3e+07]
  Bounds range     [1e+00, 1e+00]
  RHS range        [1e+00, 3e+06]
Presolve removed 29892 rows and 16388 columns (presolve time = 5s) ...
Presolve removed 29861 rows and 16363 columns
Presolve time: 9.31s
Presolved: 16566 rows, 530344 columns, 2389841 nonzeros
Variable types: 260707 continuous, 269637 integer (269624 binary)
Deterministic concurrent LP optimizer: primal simplex, dual simplex, and barrier
Showing barrier log only...

Root barrier log...

Ordering time: 3.45s

Barrier statistics:
 AA' NZ     : 1.199e+06
 Factor NZ  : 6.279e+06 (roughly 270 MB of memory)
 Factor Ops : 6.760e+09 (less than 1 second per iteration)
 Threads    : 17

                  Objective                Residual
Iter       Primal          Dual         Primal    Dual     Compl     Time
   0  -3.47515030e+16  4.91203550e+13  1.83e+09 9.76e+06  3.04e+12    17s
   1  -9.04052568e+15  5.95857956e+13  4.76e+08 9.00e+06  7.99e+11    17s
   2  -1.61913391e+15  6.29128775e+13  8.56e+07 2.47e+06  1.48e+11    18s
   3  -6.21278742e+13  4.88923566e+13  3.30e+06 9.77e+04  5.81e+09    18s
   4  -1.03413919e+13  2.38839523e+13  5.50e+05 5.95e+03  1.01e+09    18s
   5  -4.05204311e+12  1.65803582e+13  2.15e+05 3.75e+03  4.05e+08    18s
   6  -6.19559653e+11  1.04052132e+13  3.30e+04 1.98e+03  6.90e+07    19s
   7  -3.82654614e+11  6.78905633e+12  2.04e+04 9.20e+02  4.10e+07    19s
   8  -3.41387871e+11  6.48402240e+12  1.82e+04 8.41e+02  3.68e+07    19s
   9  -1.81410577e+11  3.64339896e+12  9.74e+03 1.93e+02  1.83e+07    19s
  10  -8.73162418e+10  2.03796401e+12  4.75e+03 4.85e+01  8.51e+06    20s
  11  -5.32351052e+10  1.55430934e+12  2.95e+03 3.02e+01  5.35e+06    20s
  12  -2.32714326e+10  7.05183621e+11  1.37e+03 7.09e+00  2.27e+06    20s
  13  -1.08218607e+10  3.01151201e+11  7.12e+02 1.61e+00  1.04e+06    20s
  14  -5.05875188e+09  1.74338759e+11  4.09e+02 6.56e-01  5.82e+05    20s
  15   1.05001686e+08  8.91879373e+10  1.39e+02 2.51e-01  2.19e+05    21s
  16   1.10608635e+09  7.83360296e+10  8.70e+01 2.17e-01  1.57e+05    21s
  17   1.41503574e+09  5.18826192e+10  7.11e+01 9.34e-02  1.17e+05    21s
  18   1.86955629e+09  3.68310850e+10  4.79e+01 3.97e-02  7.94e+04    21s
  19   2.20693529e+09  2.39747634e+10  3.07e+01 2.70e-03  5.03e+04    22s
  20   2.31711167e+09  1.55995168e+10  2.53e+01 1.26e-07  3.58e+04    22s
  21   2.37631611e+09  1.19356946e+10  2.24e+01 1.35e-07  2.87e+04    22s
  22   2.43750614e+09  1.12558021e+10  1.95e+01 1.96e-07  2.55e+04    22s
  23   2.55618449e+09  9.24166549e+09  1.41e+01 1.31e-07  1.86e+04    23s
  24   2.61568117e+09  8.62696387e+09  1.14e+01 1.19e-07  1.56e+04    23s
  25   2.70760890e+09  8.37206776e+09  8.24e+00 1.35e-07  1.24e+04    23s
  26   2.72907822e+09  7.09767534e+09  7.05e+00 1.99e-07  9.89e+03    24s
  27   2.74249044e+09  7.06263953e+09  6.63e+00 1.75e-07  9.49e+03    24s
  28   2.79447243e+09  6.68588331e+09  5.11e+00 2.04e-07  7.77e+03    24s
  29   2.81787125e+09  6.36013849e+09  4.61e+00 1.85e-07  6.94e+03    24s
  30   2.84157224e+09  5.98709397e+09  4.11e+00 2.30e-07  6.02e+03    25s
  31   2.85507354e+09  5.80766160e+09  3.84e+00 2.36e-07  5.56e+03    25s
  32   2.89520838e+09  4.81349516e+09  3.11e+00 1.36e-07  3.68e+03    25s
  33   2.95689964e+09  4.11389369e+09  1.96e+00 1.13e-07  2.10e+03    26s
  34   2.97823497e+09  3.97992625e+09  1.64e+00 1.22e-07  1.73e+03    26s
  35   3.01121045e+09  3.73679283e+09  1.18e+00 1.58e-07  1.15e+03    26s
  36   3.03340618e+09  3.60946464e+09  8.99e-01 1.70e-07  8.64e+02    27s
  37   3.04837360e+09  3.57131557e+09  7.19e-01 1.70e-07  7.39e+02    27s
  38   3.06269082e+09  3.52243087e+09  5.47e-01 1.95e-07  6.10e+02    27s
  39   3.07043332e+09  3.44376661e+09  4.93e-01 1.91e-07  4.94e+02    27s
  40   3.07539839e+09  3.36539921e+09  4.44e-01 1.49e-07  3.82e+02    28s
  41   3.08356098e+09  3.31801734e+09  3.77e-01 1.33e-07  3.04e+02    28s
  42   3.09410281e+09  3.30064482e+09  2.74e-01 1.68e-07  2.52e+02    28s
  43   3.10311903e+09  3.24703394e+09  2.08e-01 1.56e-07  1.71e+02    29s
  44   3.10392355e+09  3.23016163e+09  2.02e-01 1.43e-07  1.51e+02    29s
  45   3.10946619e+09  3.20501787e+09  1.64e-01 1.31e-07  1.13e+02    29s
  46   3.11407605e+09  3.19286579e+09  1.34e-01 1.85e-07  9.18e+01    30s
  47   3.11822726e+09  3.17478553e+09  1.10e-01 1.40e-07  6.54e+01    30s
  48   3.12023796e+09  3.16585076e+09  9.93e-02 1.67e-07  5.27e+01    30s
  49   3.12732592e+09  3.16330110e+09  6.43e-02 1.78e-07  4.00e+01    31s
  50   3.13127430e+09  3.16021886e+09  4.60e-02 1.48e-07  3.14e+01    31s
  51   3.13380114e+09  3.15827504e+09  3.63e-02 1.34e-07  2.62e+01    31s
  52   3.13432136e+09  3.15553513e+09  3.43e-02 1.28e-07  2.29e+01    31s
  53   3.13623240e+09  3.15309451e+09  2.77e-02 1.28e-07  1.81e+01    32s
  54   3.13669276e+09  3.15238656e+09  2.63e-02 1.07e-07  1.69e+01    32s
  55   3.13876817e+09  3.15137751e+09  2.05e-02 1.02e-07  1.35e+01    32s
  56   3.13996198e+09  3.15018213e+09  1.70e-02 9.33e-08  1.09e+01    33s
  57   3.14215466e+09  3.14960702e+09  1.11e-02 1.30e-07  7.85e+00    33s
  58   3.14233232e+09  3.14906161e+09  1.06e-02 1.33e-07  7.13e+00    33s
  59   3.14266030e+09  3.14895459e+09  9.70e-03 1.25e-07  6.65e+00    34s
  60   3.14319301e+09  3.14854601e+09  8.38e-03 1.18e-07  5.66e+00    34s
  61   3.14381159e+09  3.14834474e+09  6.91e-03 1.10e-07  4.77e+00    34s
  62   3.14444439e+09  3.14821575e+09  5.57e-03 1.27e-07  3.95e+00    35s
  63   3.14454933e+09  3.14806250e+09  5.34e-03 1.27e-07  3.70e+00    35s
  64   3.14528329e+09  3.14793550e+09  3.78e-03 1.51e-07  2.77e+00    35s
  65   3.14573420e+09  3.14780861e+09  2.89e-03 1.20e-07  2.16e+00    36s
  66   3.14595080e+09  3.14770992e+09  2.48e-03 1.00e-07  1.84e+00    36s
  67   3.14616527e+09  3.14763192e+09  2.06e-03 1.12e-07  1.53e+00    36s
  68   3.14625655e+09  3.14755953e+09  1.89e-03 9.42e-08  1.36e+00    37s
  69   3.14658393e+09  3.14752127e+09  1.27e-03 7.22e-08  9.73e-01    37s
  70   3.14684715e+09  3.14744529e+09  7.72e-04 8.94e-08  6.18e-01    37s
  71   3.14690284e+09  3.14740195e+09  6.71e-04 7.68e-08  5.17e-01    38s
  72   3.14703630e+09  3.14735690e+09  4.31e-04 7.29e-08  3.32e-01    38s
  73   3.14708362e+09  3.14733880e+09  3.44e-04 1.22e-07  2.64e-01    38s
  74   3.14710744e+09  3.14733666e+09  3.03e-04 1.38e-07  2.37e-01    39s
  75   3.14715845e+09  3.14731697e+09  2.13e-04 1.37e-07  1.64e-01    39s
  76   3.14717400e+09  3.14729945e+09  1.87e-04 7.99e-08  1.31e-01    40s
  77   3.14720427e+09  3.14729786e+09  1.33e-04 9.35e-08  9.72e-02    40s
  78   3.14724484e+09  3.14728923e+09  6.11e-05 8.04e-08  4.60e-02    40s
  79   3.14726206e+09  3.14728421e+09  3.25e-05 6.46e-08  2.31e-02    40s
  80   3.14727433e+09  3.14728329e+09  1.18e-05 5.96e-08  9.26e-03    41s
  81   3.14727626e+09  3.14728283e+09  8.72e-06 6.78e-08  6.79e-03    41s
  82   3.14727884e+09  3.14728235e+09  4.46e-06 7.45e-08  3.62e-03    41s
  83   3.14728103e+09  3.14728199e+09  9.29e-07 7.58e-08  9.76e-04    42s
  84   3.14728152e+09  3.14728169e+09  2.20e-07 8.94e-08  1.78e-04    42s
  85   3.14728167e+09  3.14728168e+09  3.01e-09 6.53e-08  3.10e-06    42s
  86   3.14728168e+09  3.14728168e+09  3.99e-10 1.04e-07  2.69e-08    43s
  87   3.14728168e+09  3.14728168e+09  3.24e-10 7.49e-08  9.29e-11    43s

Barrier solved model in 87 iterations and 42.82 seconds (36.67 work units)
Optimal objective 3.14728168e+09


Root crossover log...

   13145 DPushes remaining with DInf 0.0000000e+00                43s
       0 DPushes remaining with DInf 0.0000000e+00                43s

    1666 PPushes remaining with PInf 0.0000000e+00                43s
       0 PPushes remaining with PInf 0.0000000e+00                43s

  Push phase complete: Pinf 0.0000000e+00, Dinf 1.0312616e+04     43s


Root simplex log...

Iteration    Objective       Primal Inf.    Dual Inf.      Time
   14764    3.1472817e+09   0.000000e+00   1.031262e+04     43s
   14773    3.1472817e+09   0.000000e+00   0.000000e+00     43s
Concurrent spin time: 0.08s

Solved with barrier
   14773    3.1472817e+09   0.000000e+00   0.000000e+00     44s

Root relaxation: objective 3.147282e+09, 14773 iterations, 32.42 seconds (23.07 work units)
Total elapsed time = 45.07s

    Nodes    |    Current Node    |     Objective Bounds      |     Work
 Expl Unexpl |  Obj  Depth IntInf | Incumbent    BestBd   Gap | It/Node Time

     0     0 3.1473e+09    0  286          - 3.1473e+09      -     -   46s
     0     0 3.1473e+09    0  255          - 3.1473e+09      -     -   70s
     0     0 3.1473e+09    0  250          - 3.1473e+09      -     -   81s
     0     0 3.1473e+09    0  250          - 3.1473e+09      -     -   93s
     0     0 3.1473e+09    0  250          - 3.1473e+09      -     -   96s
     0     0 3.1473e+09    0  218          - 3.1473e+09      -     -  103s
     0     0 3.1473e+09    0  229          - 3.1473e+09      -     -  110s
     0     0 3.1473e+09    0  254          - 3.1473e+09      -     -  125s
     0     0 3.1473e+09    0  259          - 3.1473e+09      -     -  127s
     0     0 3.1473e+09    0  253          - 3.1473e+09      -     -  137s
     0     0 3.1473e+09    0  252          - 3.1473e+09      -     -  143s
     0     0 3.1472e+09    0  268          - 3.1472e+09      -     -  157s
     0     0 3.1472e+09    0  265          - 3.1472e+09      -     -  162s
     0     0 3.1472e+09    0  266          - 3.1472e+09      -     -  170s
     0     0 3.1472e+09    0  264          - 3.1472e+09      -     -  176s
     0     0 3.1472e+09    0  256          - 3.1472e+09      -     -  184s
     0     0 3.1472e+09    0  235          - 3.1472e+09      -     -  190s
     0     2 3.1472e+09    0  234          - 3.1472e+09      -     -  270s
     1     4 3.1472e+09    1  239          - 3.1472e+09      -  8551  292s
     3     8 3.1472e+09    2  240          - 3.1472e+09      -  3235  321s
     7    16 3.1472e+09    3  240          - 3.1472e+09      -  1978  349s
    15    32 3.1472e+09    4  245          - 3.1472e+09      -  1289  399s
    31    52 3.1472e+09    5  247          - 3.1472e+09      -  1074  440s
    51    72 3.1472e+09    6  249          - 3.1472e+09      -  1097  482s
    71    92 3.1472e+09    7  219          - 3.1472e+09      -  1141  518s

Cutting planes:
  Cover: 36
  Implied bound: 49
  Clique: 1
  MIR: 71
  Flow cover: 65
  GUB cover: 2
  Network: 15
  RLT: 15
  Relax-and-lift: 21

Explored 91 nodes (137507 simplex iterations) in 518.88 seconds (530.28 work units)
Thread count was 20 (of 40 available processors)

Solution count 0

Solve interrupted
Best objective -, best bound 3.147243532527e+09, gap -
IIS computation: initial model status unknown, solving to determine model status
Presolve removed 28383 rows and 29 columns
Presolve time: 0.16s

Explored 0 nodes (0 simplex iterations) in 1.00 seconds (0.38 work units)
Thread count was 1 (of 40 available processors)

Solution count 0

Solve interrupted
Best objective -, best bound -, gap -
IIS runtime: 1.01 seconds (0.38 work units)
