
Gurobi 10.0.1 (linux64) logging started Sat May 20 01:08:17 2023

Set parameter LogFile to value "logFiles/A-2L-D/A-2L-6U-15F-15V-240D/basic-05-20-2023, 01-08-H90-P110-O7.log"
Gurobi Optimizer version 10.0.1 build v10.0.1rc0 (linux64)

CPU model: Intel(R) Xeon(R) Gold 5115 CPU @ 2.40GHz, instruction set [SSE2|AVX|AVX2|AVX512]
Thread count: 20 physical cores, 40 logical processors, using up to 20 threads

Optimize a model with 65698 rows, 851794 columns and 4688613 nonzeros
Model fingerprint: 0xa73c5f83
Variable types: 541990 continuous, 309804 integer (309804 binary)
Coefficient statistics:
  Matrix range     [1e+00, 2e+05]
  Objective range  [4e+01, 3e+07]
  Bounds range     [1e+00, 1e+00]
  RHS range        [1e+00, 4e+06]
Presolve removed 39630 rows and 15047 columns (presolve time = 5s) ...
Presolve removed 40410 rows and 15249 columns (presolve time = 10s) ...
Presolve removed 40411 rows and 15256 columns (presolve time = 15s) ...
Presolve removed 40368 rows and 15213 columns
Presolve time: 18.50s
Presolved: 25330 rows, 836581 columns, 3943881 nonzeros
Variable types: 531837 continuous, 304744 integer (304726 binary)
Deterministic concurrent LP optimizer: primal simplex, dual simplex, and barrier
Showing barrier log only...

Root barrier log...

Ordering time: 1.74s

Barrier statistics:
 AA' NZ     : 1.990e+06
 Factor NZ  : 1.609e+07 (roughly 500 MB of memory)
 Factor Ops : 3.512e+10 (less than 1 second per iteration)
 Threads    : 17

                  Objective                Residual
Iter       Primal          Dual         Primal    Dual     Compl     Time
   0  -6.90138345e+16  1.13067376e+14  2.49e+09 1.81e+07  5.80e+12    28s
   1  -1.82725006e+16  1.37016991e+14  6.60e+08 1.56e+07  1.54e+12    28s
   2  -3.41609987e+15  1.50931739e+14  1.24e+08 9.46e+05  2.97e+11    29s
   3  -5.53760616e+13  1.10931225e+14  2.01e+06 5.71e+03  4.88e+09    29s
   4  -2.67979106e+13  6.39243385e+13  9.72e+05 1.57e+03  2.36e+09    30s
   5  -6.28725569e+12  2.62458807e+13  2.28e+05 2.32e+02  5.65e+08    30s
   6  -1.64471951e+12  2.21708311e+13  5.97e+04 1.36e+02  1.56e+08    31s
   7  -4.45898002e+11  1.65974788e+13  1.63e+04 7.92e+01  4.78e+07    31s
   8  -2.62197000e+11  1.07739178e+13  9.76e+03 2.38e+01  2.71e+07    32s
   9  -1.69133318e+11  5.90115290e+12  6.44e+03 3.74e-08  1.56e+07    33s
  10  -1.05400874e+11  4.28134579e+12  4.09e+03 3.73e-08  9.79e+06    34s
  11  -7.56476101e+10  2.65291955e+12  2.98e+03 4.20e-08  6.46e+06    34s
  12  -2.87060263e+10  1.00438422e+12  1.19e+03 5.08e-08  2.35e+06    34s
  13  -8.47007227e+09  3.87068212e+11  4.30e+02 5.10e-08  8.17e+05    35s
  14  -6.45509122e+08  1.84338668e+11  1.37e+02 7.35e-08  2.89e+05    35s
  15   2.38056980e+08  1.19979835e+11  1.05e+02 1.00e-07  2.05e+05    36s
  16   8.87721513e+08  9.78833480e+10  8.11e+01 1.37e-07  1.62e+05    36s
  17   1.86779419e+09  8.16736377e+10  4.56e+01 1.09e-07  1.06e+05    37s
  18   2.11066388e+09  5.68129529e+10  3.68e+01 1.33e-07  7.93e+04    37s
  19   2.24355732e+09  4.12675352e+10  3.21e+01 1.92e-07  6.29e+04    38s
  20   2.42168785e+09  2.73208260e+10  2.57e+01 1.22e-07  4.53e+04    38s
  21   2.80053735e+09  1.97190794e+10  1.22e+01 2.18e-07  2.46e+04    39s
  22   2.94265619e+09  1.71744914e+10  7.33e+00 1.87e-07  1.72e+04    39s
  23   2.96984527e+09  1.50948800e+10  6.48e+00 1.90e-07  1.48e+04    40s
  24   3.00145377e+09  1.49137634e+10  5.49e+00 2.13e-07  1.35e+04    40s
  25   3.04829267e+09  1.30469456e+10  4.23e+00 2.53e-07  1.07e+04    41s
  26   3.08124843e+09  1.13765766e+10  3.50e+00 2.79e-07  8.74e+03    42s
  27   3.11757573e+09  9.60474345e+09  2.63e+00 2.89e-07  6.51e+03    42s
  28   3.16145823e+09  8.45068834e+09  1.78e+00 2.86e-07  4.80e+03    43s
  29   3.18583145e+09  7.29331257e+09  1.37e+00 2.88e-07  3.57e+03    43s
  30   3.20123153e+09  5.92267449e+09  1.12e+00 2.15e-07  2.38e+03    44s
  31   3.24838990e+09  4.98567941e+09  4.79e-01 2.56e-07  1.29e+03    44s
  32   3.28147886e+09  3.93417352e+09  1.71e-01 4.48e-07  4.45e+02    45s
  33   3.29903817e+09  3.70466439e+09  7.67e-02 2.96e-07  2.62e+02    45s
  34   3.29976183e+09  3.61107521e+09  7.43e-02 3.74e-07  2.03e+02    46s
  35   3.30313594e+09  3.51958388e+09  6.44e-02 2.56e-07  1.43e+02    46s
  36   3.30333812e+09  3.51493288e+09  6.39e-02 3.14e-07  1.40e+02    47s
  37   3.30928251e+09  3.50146136e+09  5.12e-02 3.45e-07  1.25e+02    47s
  38   3.31379263e+09  3.45755169e+09  4.28e-02 4.02e-07  9.40e+01    48s
  39   3.32176511e+09  3.41632291e+09  2.99e-02 2.54e-07  6.18e+01    48s
  40   3.32685526e+09  3.39714990e+09  2.35e-02 3.36e-07  4.60e+01    49s
  41   3.33143208e+09  3.38537167e+09  1.89e-02 2.90e-07  3.53e+01    50s
  42   3.33262251e+09  3.38048609e+09  1.77e-02 4.84e-07  3.14e+01    50s
  43   3.33629583e+09  3.37730861e+09  1.42e-02 3.16e-07  2.68e+01    51s
  44   3.34040078e+09  3.37191814e+09  1.08e-02 3.14e-07  2.05e+01    51s
  45   3.34083197e+09  3.37037974e+09  1.05e-02 3.94e-07  1.93e+01    52s
  46   3.34212031e+09  3.36667338e+09  9.35e-03 5.56e-07  1.61e+01    52s
  47   3.34437436e+09  3.36483662e+09  7.89e-03 3.53e-07  1.34e+01    53s
  48   3.34495147e+09  3.36416933e+09  7.50e-03 4.77e-07  1.26e+01    54s
  49   3.34561944e+09  3.36366848e+09  7.05e-03 4.05e-07  1.18e+01    54s
  50   3.34686317e+09  3.36311898e+09  6.23e-03 5.37e-07  1.06e+01    55s
  51   3.34808591e+09  3.36270061e+09  5.48e-03 5.97e-07  9.51e+00    55s
  52   3.34870563e+09  3.36191297e+09  5.09e-03 5.50e-07  8.59e+00    56s
  53   3.34949456e+09  3.36145751e+09  4.61e-03 5.82e-07  7.78e+00    57s
  54   3.34972952e+09  3.36120990e+09  4.46e-03 5.83e-07  7.47e+00    57s
  55   3.35027637e+09  3.36080041e+09  4.12e-03 6.93e-07  6.85e+00    57s
  56   3.35051509e+09  3.36067721e+09  3.97e-03 7.95e-07  6.61e+00    58s
  57   3.35107430e+09  3.36042786e+09  3.62e-03 6.76e-07  6.08e+00    59s
  58   3.35154716e+09  3.36020188e+09  3.35e-03 8.24e-07  5.62e+00    59s
  59   3.35166488e+09  3.36006127e+09  3.28e-03 8.58e-07  5.46e+00    60s
  60   3.35202245e+09  3.35979016e+09  3.08e-03 9.25e-07  5.05e+00    60s
  61   3.35233316e+09  3.35959112e+09  2.91e-03 8.63e-07  4.72e+00    61s
  62   3.35269581e+09  3.35942908e+09  2.71e-03 5.94e-07  4.38e+00    62s
  63   3.35315873e+09  3.35931818e+09  2.47e-03 6.45e-07  4.00e+00    62s
  64   3.35371320e+09  3.35919614e+09  2.19e-03 5.70e-07  3.56e+00    63s
  65   3.35425559e+09  3.35902273e+09  1.92e-03 7.65e-07  3.09e+00    64s
  66   3.35465491e+09  3.35887151e+09  1.72e-03 6.68e-07  2.74e+00    64s
  67   3.35488719e+09  3.35875116e+09  1.60e-03 7.14e-07  2.51e+00    65s
  68   3.35535000e+09  3.35862034e+09  1.36e-03 6.49e-07  2.12e+00    66s
  69   3.35586497e+09  3.35850485e+09  1.09e-03 3.84e-07  1.71e+00    66s
  70   3.35616305e+09  3.35842800e+09  9.46e-04 3.39e-07  1.47e+00    67s
  71   3.35639298e+09  3.35839166e+09  8.32e-04 3.21e-07  1.30e+00    67s
  72   3.35652285e+09  3.35835246e+09  7.67e-04 4.09e-07  1.19e+00    68s
  73   3.35661711e+09  3.35830451e+09  7.17e-04 3.46e-07  1.09e+00    69s
  74   3.35674813e+09  3.35827164e+09  6.58e-04 5.29e-07  9.89e-01    69s
  75   3.35684398e+09  3.35824330e+09  6.08e-04 4.67e-07  9.08e-01    70s
  76   3.35690783e+09  3.35822356e+09  5.76e-04 4.18e-07  8.53e-01    71s
  77   3.35709006e+09  3.35820838e+09  4.82e-04 5.08e-07  7.25e-01    71s
  78   3.35738490e+09  3.35815415e+09  3.25e-04 3.29e-07  4.98e-01    72s
  79   3.35750909e+09  3.35810014e+09  2.63e-04 2.44e-07  3.83e-01    73s
  80   3.35769459e+09  3.35808191e+09  1.64e-04 2.71e-07  2.50e-01    73s
  81   3.35775560e+09  3.35807197e+09  1.31e-04 2.41e-07  2.04e-01    74s
  82   3.35783029e+09  3.35805498e+09  9.23e-05 2.17e-07  1.45e-01    75s
  83   3.35790430e+09  3.35803813e+09  5.37e-05 2.73e-07  8.62e-02    75s
  84   3.35791537e+09  3.35803091e+09  4.83e-05 1.95e-07  7.46e-02    76s
  85   3.35797346e+09  3.35802875e+09  1.85e-05 2.33e-07  3.52e-02    77s
  86   3.35798968e+09  3.35801474e+09  1.02e-05 2.84e-07  1.62e-02    77s
  87   3.35799836e+09  3.35801356e+09  5.96e-06 4.37e-07  9.77e-03    78s
  88   3.35800557e+09  3.35801220e+09  2.44e-06 3.26e-07  4.25e-03    79s
  89   3.35801004e+09  3.35801113e+09  2.73e-07 2.74e-07  6.85e-04    79s
  90   3.35801037e+09  3.35801096e+09  1.56e-07 3.20e-07  3.75e-04    80s
  91   3.35801076e+09  3.35801091e+09  1.77e-08 3.03e-07  8.94e-05    81s
  92   3.35801081e+09  3.35801085e+09  4.24e-09 2.69e-07  2.33e-05    81s
  93   3.35801083e+09  3.35801083e+09  8.38e-08 4.00e-07  1.30e-06    82s
  94   3.35801083e+09  3.35801083e+09  2.44e-07 2.40e-07  5.00e-09    83s

Barrier solved model in 94 iterations and 82.53 seconds (68.97 work units)
Optimal objective 3.35801083e+09


Root crossover log...

   20941 DPushes remaining with DInf 0.0000000e+00                83s
       0 DPushes remaining with DInf 0.0000000e+00                84s

     884 PPushes remaining with PInf 1.1267013e-04                84s
       0 PPushes remaining with PInf 0.0000000e+00                84s

  Push phase complete: Pinf 0.0000000e+00, Dinf 2.7515470e+01     84s


Root simplex log...

Iteration    Objective       Primal Inf.    Dual Inf.      Time
   21788    3.3580108e+09   0.000000e+00   2.751547e+01     84s
   21791    3.3580108e+09   0.000000e+00   0.000000e+00     84s
Concurrent spin time: 0.02s

Solved with barrier
   21791    3.3580108e+09   0.000000e+00   0.000000e+00     85s

Root relaxation: objective 3.358011e+09, 21791 iterations, 62.99 seconds (46.04 work units)
Total elapsed time = 85.01s

    Nodes    |    Current Node    |     Objective Bounds      |     Work
 Expl Unexpl |  Obj  Depth IntInf | Incumbent    BestBd   Gap | It/Node Time

     0     0 3.3580e+09    0  436          - 3.3580e+09      -     -   88s
     0     0 3.3579e+09    0  399          - 3.3579e+09      -     -  228s
     0     0 3.3579e+09    0  388          - 3.3579e+09      -     -  274s
     0     0 3.3579e+09    0  397          - 3.3579e+09      -     -  286s
     0     0 3.3579e+09    0  385          - 3.3579e+09      -     -  403s
     0     0 3.3579e+09    0  395          - 3.3579e+09      -     -  421s
     0     0 3.3579e+09    0  412          - 3.3579e+09      -     -  499s
     0     0 3.3579e+09    0  392          - 3.3579e+09      -     -  613s
     0     0 3.3579e+09    0  378          - 3.3579e+09      -     -  689s
     0     0 3.3579e+09    0  403          - 3.3579e+09      -     -  725s
     0     0 3.3579e+09    0  392          - 3.3579e+09      -     -  742s
     0     0 3.3579e+09    0  400          - 3.3579e+09      -     -  771s
     0     0 3.3579e+09    0  409          - 3.3579e+09      -     -  788s
     0     0 3.3579e+09    0  407          - 3.3579e+09      -     -  836s
     0     0 3.3579e+09    0  405          - 3.3579e+09      -     -  847s
     0     2 3.3579e+09    0  398          - 3.3579e+09      -     - 1175s
     1     4 3.3579e+09    1  394          - 3.3579e+09      - 10442 1429s
     3     8 3.3579e+09    2  400          - 3.3579e+09      - 10690 1508s
     7    16 3.3579e+09    3  394          - 3.3579e+09      -  6240 1728s
    15    32 3.3579e+09    4  382          - 3.3579e+09      -  5125 1944s
    31    52 3.3579e+09    5  382          - 3.3579e+09      -  8023 4613s
    51    72 3.3579e+09    6  377          - 3.3579e+09      - 55138 5156s
H   67    72                    3.331319e+09 3.3579e+09  0.80% 42855 5158s
    71    92 3.3571e+09    6  330 3.3313e+09 3.3579e+09  0.80% 40697 5868s
H   73    92                    3.333023e+09 3.3579e+09  0.75% 39633 5872s
    91   112 3.3579e+09    7  375 3.3330e+09 3.3579e+09  0.75% 32490 6419s
   111   141 3.3579e+09    7  355 3.3330e+09 3.3579e+09  0.75% 27338 6906s
   140   165 3.3579e+09    8  371 3.3330e+09 3.3579e+09  0.75% 22195 7307s
H  142   165                    3.333061e+09 3.3579e+09  0.74% 21918 7309s
H  153   165                    3.337735e+09 3.3579e+09  0.60% 20572 7311s
   164   196 3.3579e+09    9  401 3.3377e+09 3.3579e+09  0.60% 19306 7960s
H  195   216                    3.340705e+09 3.3579e+09  0.51% 16520 21607s
H  195   216                    3.347603e+09 3.3579e+09  0.31% 16520 21610s
H  203   216                    3.351963e+09 3.3579e+09  0.18% 15984 21614s

Cutting planes:
  Cover: 28
  Implied bound: 74
  Clique: 1
  MIR: 45
  Flow cover: 70
  GUB cover: 1
  Zero half: 3
  Network: 2
  RLT: 21
  Relax-and-lift: 33

Explored 215 nodes (3351945 simplex iterations) in 21616.93 seconds (9695.52 work units)
Thread count was 20 (of 40 available processors)

Solution count 7: 3.35196e+09 3.3476e+09 3.34071e+09 ... 3.33132e+09

Time limit reached
Best objective 3.351963198545e+09, best bound 3.357855826189e+09, gap 0.1758%
Gurobi Optimizer version 10.0.1 build v10.0.1rc0 (linux64)

CPU model: Intel(R) Xeon(R) Gold 5115 CPU @ 2.40GHz, instruction set [SSE2|AVX|AVX2|AVX512]
Thread count: 20 physical cores, 40 logical processors, using up to 20 threads

Optimize a model with 103866 rows, 1224727 columns and 6386561 nonzeros
Model fingerprint: 0xa44f607e
Variable types: 254035 continuous, 970692 integer (970692 binary)
Coefficient statistics:
  Matrix range     [1e+00, 2e+05]
  Objective range  [4e+01, 3e+07]
  Bounds range     [5e-10, 3e+05]
  RHS range        [1e+00, 5e+06]
Presolve removed 77949 rows and 683195 columns (presolve time = 5s) ...
Presolve removed 78151 rows and 693560 columns (presolve time = 10s) ...
Presolve removed 80173 rows and 704224 columns (presolve time = 15s) ...
Presolve removed 82393 rows and 705985 columns (presolve time = 20s) ...
Presolve removed 82769 rows and 724147 columns (presolve time = 25s) ...
Presolve removed 82769 rows and 724147 columns (presolve time = 30s) ...
Presolve removed 82901 rows and 726126 columns (presolve time = 35s) ...
Presolve removed 82902 rows and 726213 columns (presolve time = 40s) ...
Presolve removed 82902 rows and 726234 columns (presolve time = 45s) ...
Presolve removed 82902 rows and 726234 columns (presolve time = 50s) ...
Presolve removed 82902 rows and 726234 columns (presolve time = 55s) ...
Presolve removed 82900 rows and 726192 columns
Presolve time: 59.87s
Presolved: 20966 rows, 498535 columns, 2398550 nonzeros
Variable types: 214877 continuous, 283658 integer (283640 binary)
Deterministic concurrent LP optimizer: primal simplex, dual simplex, and barrier
Showing barrier log only...

Root barrier log...

Elapsed ordering time = 10s
Elapsed ordering time = 10s
Ordering time: 12.39s

Barrier statistics:
 AA' NZ     : 1.235e+06
 Factor NZ  : 6.634e+06 (roughly 260 MB of memory)
 Factor Ops : 7.152e+09 (less than 1 second per iteration)
 Threads    : 17

                  Objective                Residual
Iter       Primal          Dual         Primal    Dual     Compl     Time
   0  -2.93394082e+16  2.47288070e+12  1.62e+09 1.60e+05  1.22e+11    89s
   1  -6.16484356e+15  3.10142951e+12  3.41e+08 4.06e+05  2.57e+10    90s
   2  -6.84442198e+14  2.71189533e+12  3.79e+07 1.63e-09  2.88e+09    91s
   3  -7.06822505e+13  1.74258172e+12  3.91e+06 1.63e-09  3.00e+08    92s
   4  -1.41269968e+13  9.51192768e+11  7.82e+05 1.63e-09  6.08e+07    93s
   5  -2.13859776e+12  3.85654014e+11  1.18e+05 1.51e-09  9.46e+06    94s
   6  -1.61949252e+12  3.26693705e+11  8.97e+04 1.28e-09  7.21e+06    95s
   7  -9.24520342e+11  3.19661646e+11  5.12e+04 1.40e-09  4.25e+06    96s
   8  -6.14288665e+11  2.49900861e+11  3.41e+04 1.16e-09  2.84e+06    97s
   9  -2.81490385e+11  2.10424423e+11  1.57e+04 1.05e-09  1.38e+06    97s
  10  -7.57532530e+10  1.29453710e+11  4.30e+03 1.05e-09  4.30e+05    98s
  11  -2.40333901e+10  5.61722081e+10  1.44e+03 1.28e-09  1.43e+05    99s
  12  -6.99133834e+09  3.14535555e+10  5.03e+02 1.28e-09  5.78e+04   100s
  13  -7.53793015e+08  1.78354412e+10  1.62e+02 1.36e-09  2.42e+04   101s
  14   4.61206329e+08  1.14189993e+10  9.72e+01 2.88e-09  1.43e+04   102s
  15   1.20010546e+09  9.49046005e+09  5.83e+01 2.82e-09  1.02e+04   103s
  16   1.50423261e+09  7.07852936e+09  4.25e+01 2.82e-09  6.99e+03   104s
  17   1.58123810e+09  6.88507731e+09  3.88e+01 3.75e-09  6.59e+03   105s
  18   1.69623292e+09  5.99035850e+09  3.34e+01 3.96e-09  5.41e+03   106s
  19   1.79809089e+09  5.32973788e+09  2.83e+01 3.96e-09  4.48e+03   106s
  20   1.94374571e+09  4.53792539e+09  2.08e+01 3.46e-09  3.29e+03   107s
  21   2.13807482e+09  3.73164443e+09  1.13e+01 3.43e-09  1.97e+03   109s
  22   2.15734032e+09  3.61447414e+09  1.04e+01 3.84e-09  1.80e+03   110s
  23   2.24141276e+09  3.08217729e+09  6.35e+00 4.07e-09  1.05e+03   111s
  24   2.27788038e+09  2.84904556e+09  4.54e+00 4.31e-09  7.21e+02   112s
  25   2.30135543e+09  2.82650892e+09  3.34e+00 5.12e-09  6.33e+02   112s
  26   2.31921226e+09  2.71327518e+09  2.39e+00 5.12e-09  4.62e+02   113s
  27   2.32619327e+09  2.59372505e+09  2.02e+00 4.54e-09  3.12e+02   114s
  28   2.34728678e+09  2.54825554e+09  9.14e-01 4.19e-09  2.18e+02   115s
  29   2.35044960e+09  2.48465840e+09  7.62e-01 3.14e-09  1.42e+02   116s
  30   2.35739453e+09  2.46405849e+09  4.66e-01 3.03e-09  1.10e+02   117s
  31   2.36079461e+09  2.43602623e+09  3.36e-01 2.33e-09  7.61e+01   118s
  32   2.36316692e+09  2.40539069e+09  2.54e-01 1.86e-09  4.11e+01   119s
  33   2.36653343e+09  2.39356206e+09  1.72e-01 1.51e-09  2.58e+01   121s
  34   2.36764364e+09  2.38977870e+09  1.48e-01 1.63e-09  2.09e+01   122s
  35   2.36984388e+09  2.38848976e+09  1.10e-01 1.75e-09  1.77e+01   122s
  36   2.37059979e+09  2.38718452e+09  9.75e-02 1.86e-09  1.57e+01   123s
  37   2.37124381e+09  2.38590084e+09  8.77e-02 1.86e-09  1.38e+01   124s
  38   2.37251799e+09  2.38491796e+09  6.90e-02 2.18e-09  1.17e+01   125s
  39   2.37304411e+09  2.38393511e+09  6.19e-02 2.47e-09  1.03e+01   126s
  40   2.37350135e+09  2.38344763e+09  5.62e-02 2.36e-09  9.37e+00   127s
  41   2.37361919e+09  2.38291621e+09  5.48e-02 2.10e-09  8.73e+00   128s
  42   2.37424736e+09  2.38253345e+09  4.77e-02 2.33e-09  7.79e+00   129s
  43   2.37516669e+09  2.38205940e+09  3.76e-02 2.15e-09  6.49e+00   130s
  44   2.37564613e+09  2.38167483e+09  3.31e-02 2.27e-09  5.67e+00   131s
  45   2.37594464e+09  2.38140374e+09  3.02e-02 2.27e-09  5.13e+00   132s
  46   2.37609874e+09  2.38132182e+09  2.88e-02 2.18e-09  4.91e+00   133s
  47   2.37642813e+09  2.38116214e+09  2.57e-02 2.10e-09  4.45e+00   134s
  48   2.37687372e+09  2.38102705e+09  2.17e-02 2.10e-09  3.92e+00   135s
  49   2.37733461e+09  2.38079500e+09  1.77e-02 1.89e-09  3.27e+00   136s
  50   2.37774381e+09  2.38055058e+09  1.44e-02 1.80e-09  2.65e+00   137s
  51   2.37804259e+09  2.38030233e+09  1.20e-02 2.04e-09  2.13e+00   138s
  52   2.37857790e+09  2.38007176e+09  7.97e-03 1.34e-09  1.41e+00   139s
  53   2.37875359e+09  2.37994304e+09  6.65e-03 1.60e-09  1.12e+00   140s
  54   2.37925817e+09  2.37988088e+09  2.98e-03 1.51e-09  5.90e-01   142s
  55   2.37943765e+09  2.37973520e+09  1.63e-03 1.16e-09  2.79e-01   143s
  56   2.37960461e+09  2.37968745e+09  4.04e-04 1.25e-09  7.84e-02   144s
  57   2.37964699e+09  2.37966952e+09  1.07e-04 1.63e-09  2.14e-02   145s
  58   2.37965820e+09  2.37966526e+09  3.10e-05 1.51e-09  6.72e-03   145s
  59   2.37966015e+09  2.37966319e+09  1.84e-05 1.63e-09  2.84e-03   146s
  60   2.37966291e+09  2.37966302e+09  1.50e-06 1.75e-09  1.08e-04   147s
  61   2.37966299e+09  2.37966299e+09  3.21e-08 1.51e-09  3.01e-07   148s
  62   2.37966299e+09  2.37966299e+09  8.55e-09 1.98e-09  8.70e-11   149s

Barrier solved model in 62 iterations and 148.58 seconds (42.07 work units)
Optimal objective 2.37966299e+09


Root crossover log...

   13890 DPushes remaining with DInf 0.0000000e+00               149s
       0 DPushes remaining with DInf 0.0000000e+00               151s

     552 PPushes remaining with PInf 0.0000000e+00               151s
       0 PPushes remaining with PInf 0.0000000e+00               151s

  Push phase complete: Pinf 0.0000000e+00, Dinf 1.0096541e+00    151s


Root simplex log...

Iteration    Objective       Primal Inf.    Dual Inf.      Time
   14175    2.3796630e+09   0.000000e+00   1.009654e+00    151s
   14177    2.3796630e+09   0.000000e+00   0.000000e+00    151s
Concurrent spin time: 2.05s

Solved with barrier
   14177    2.3796630e+09   0.000000e+00   0.000000e+00    154s

Root relaxation: objective 2.379663e+09, 14177 iterations, 85.22 seconds (16.77 work units)
Total elapsed time = 155.98s

    Nodes    |    Current Node    |     Objective Bounds      |     Work
 Expl Unexpl |  Obj  Depth IntInf | Incumbent    BestBd   Gap | It/Node Time

     0     0 2.3797e+09    0  266          - 2.3797e+09      -     -  161s
     0     0 2.3796e+09    0  320          - 2.3796e+09      -     -  230s
     0     0 2.3796e+09    0  331          - 2.3796e+09      -     -  284s
     0     0 2.3796e+09    0  334          - 2.3796e+09      -     -  286s
     0     0 2.3794e+09    0  336          - 2.3794e+09      -     -  323s
     0     0 2.3794e+09    0  352          - 2.3794e+09      -     -  358s
     0     0 2.3794e+09    0  367          - 2.3794e+09      -     -  369s
     0     0 2.3794e+09    0  368          - 2.3794e+09      -     -  370s
     0     0 2.3794e+09    0  317          - 2.3794e+09      -     -  434s
     0     0 2.3794e+09    0  336          - 2.3794e+09      -     -  456s
     0     0 2.3794e+09    0  347          - 2.3794e+09      -     -  460s
     0     0 2.3794e+09    0  352          - 2.3794e+09      -     -  510s
     0     0 2.3794e+09    0  365          - 2.3794e+09      -     -  546s
     0     0 2.3794e+09    0  354          - 2.3794e+09      -     -  578s
     0     0 2.3794e+09    0  362          - 2.3794e+09      -     -  586s
     0     0 2.3793e+09    0  358          - 2.3793e+09      -     -  641s
     0     0 2.3793e+09    0  357          - 2.3793e+09      -     -  657s
     0     0 2.3793e+09    0  362          - 2.3793e+09      -     -  699s
     0     0 2.3793e+09    0  381          - 2.3793e+09      -     -  714s
     0     0 2.3793e+09    0  381          - 2.3793e+09      -     -  714s
     0     0 2.3793e+09    0  373          - 2.3793e+09      -     -  727s
     0     0 2.3793e+09    0  370          - 2.3793e+09      -     -  742s
     0     0 2.3793e+09    0  335          - 2.3793e+09      -     -  759s
     0     0 2.3793e+09    0  333          - 2.3793e+09      -     -  773s
     0     0 2.3793e+09    0  378          - 2.3793e+09      -     -  796s
     0     0 2.3793e+09    0  366          - 2.3793e+09      -     -  806s
     0     0 2.3793e+09    0  368          - 2.3793e+09      -     -  810s
     0     0 2.3793e+09    0  382          - 2.3793e+09      -     -  831s
     0     0 2.3793e+09    0  391          - 2.3793e+09      -     -  839s
     0     0 2.3792e+09    0  341          - 2.3792e+09      -     -  866s
     0     0 2.3792e+09    0  360          - 2.3792e+09      -     -  871s
     0     0 2.3792e+09    0  357          - 2.3792e+09      -     -  887s
     0     0 2.3792e+09    0  376          - 2.3792e+09      -     -  897s
     0     0 2.3792e+09    0  376          - 2.3792e+09      -     -  898s
     0     0 2.3792e+09    0  374          - 2.3792e+09      -     -  909s
     0     0 2.3792e+09    0  389          - 2.3792e+09      -     -  917s
     0     0 2.3792e+09    0  387          - 2.3792e+09      -     -  921s
     0     0 2.3792e+09    0  384          - 2.3792e+09      -     -  924s
     0     0 2.3792e+09    0  349          - 2.3792e+09      -     -  936s
     0     0 2.3792e+09    0  369          - 2.3792e+09      -     -  944s
     0     0 2.3792e+09    0  366          - 2.3792e+09      -     -  955s
     0     0 2.3792e+09    0  373          - 2.3792e+09      -     -  961s
     0     0 2.3792e+09    0  369          - 2.3792e+09      -     -  975s
     0     0 2.3792e+09    0  368          - 2.3792e+09      -     -  982s
     0     0 2.3792e+09    0  373          - 2.3792e+09      -     -  983s
     0     0 2.3792e+09    0  340          - 2.3792e+09      -     - 1005s
     0     0 2.3792e+09    0  356          - 2.3792e+09      -     - 1018s
     0     0 2.3792e+09    0  367          - 2.3792e+09      -     - 1023s
     0     0 2.3792e+09    0  384          - 2.3792e+09      -     - 1025s
     0     0 2.3792e+09    0  385          - 2.3792e+09      -     - 1026s
     0     0 2.3792e+09    0  391          - 2.3792e+09      -     - 1043s
     0     0 2.3792e+09    0  385          - 2.3792e+09      -     - 1060s
     0     0 2.3792e+09    0  375          - 2.3792e+09      -     - 1072s
     0     0 2.3792e+09    0  382          - 2.3792e+09      -     - 1074s
     0     0 2.3792e+09    0  377          - 2.3792e+09      -     - 1083s
     0     0 2.3792e+09    0  387          - 2.3792e+09      -     - 1089s
     0     0 2.3792e+09    0  383          - 2.3792e+09      -     - 1092s
     0     0 2.3792e+09    0  375          - 2.3792e+09      -     - 1098s
     0     2 2.3792e+09    0  375          - 2.3792e+09      -     - 1219s
     1     4 2.3792e+09    1  354          - 2.3792e+09      -  1263 1233s
     3     8 2.3792e+09    2  358          - 2.3792e+09      -   754 1259s
     6     8 2.3723e+09    2  342          - 2.3792e+09      -  1058 1260s
     7    16 2.3792e+09    3  355          - 2.3792e+09      -   982 1293s
    15    32 2.3792e+09    4  360          - 2.3792e+09      -  1197 1378s
    31    52 2.3792e+09    5  370          - 2.3792e+09      -  2178 1435s
    51    72 2.3792e+09    6  365          - 2.3792e+09      -  1769 1477s
    71    92 2.3792e+09    6  363          - 2.3792e+09      -  1557 1515s
    91   112 2.3792e+09    7  350          - 2.3792e+09      -  1401 1555s
   111   133 2.3791e+09    8  306          - 2.3792e+09      -  1307 1596s
   132   156 2.3791e+09    9  322          - 2.3792e+09      -  1247 1643s
   155   177 2.3791e+09   11  319          - 2.3792e+09      -  1168 1695s
   176   202 2.3789e+09   12  353          - 2.3792e+09      -  1168 1759s
   201   226 2.3788e+09   12  295          - 2.3792e+09      -  1135 1818s
   225   247 2.3789e+09   13  354          - 2.3792e+09      -  1100 1887s
   246   272 2.3789e+09   14  351          - 2.3792e+09      -  1159 1945s
   271   293 2.3789e+09   16  352          - 2.3792e+09      -  1176 2000s
   292   318 2.3789e+09   18  342          - 2.3792e+09      -  1202 2122s
   317   340 2.3789e+09   19  339          - 2.3792e+09      -  1302 2193s
   339   366 2.3785e+09   20  336          - 2.3792e+09      -  1347 2255s
   365   392 2.3789e+09   21  351          - 2.3792e+09      -  1355 2322s
   391   424 2.3789e+09   22  349          - 2.3792e+09      -  1363 2382s
   423   453 2.3788e+09   23  337          - 2.3792e+09      -  1350 2446s
   452   483 2.3788e+09   24  375          - 2.3792e+09      -  1334 2522s
   482   519 2.3787e+09   25  327          - 2.3792e+09      -  1329 2587s
   518   560 2.3787e+09   26  351          - 2.3792e+09      -  1308 2654s
   559   603 2.3787e+09   28  340          - 2.3792e+09      -  1286 2761s
   602   653 2.3787e+09   30  328          - 2.3792e+09      -  1263 2841s
   652   716 2.3787e+09   31  326          - 2.3792e+09      -  1234 2952s
   715   778 2.3786e+09   34  337          - 2.3792e+09      -  1196 3030s
   777   847 2.3785e+09   36  328          - 2.3792e+09      -  1169 3091s
   846   867 2.3785e+09   38  323          - 2.3792e+09      -  1126 3294s
H  854   867                    2.313520e+09 2.3792e+09  2.84%  1124 3295s
H  861   867                    2.338432e+09 2.3792e+09  1.74%  1120 3296s
H  866   939                    2.347353e+09 2.3792e+09  1.35%  1122 3365s
   938  1016 2.3785e+09   41  342 2.3474e+09 2.3792e+09  1.35%  1083 3440s
H 1017  1036                    2.348320e+09 2.3792e+09  1.31%  1042 4949s
H 1017  1036                    2.350704e+09 2.3792e+09  1.21%  1042 4950s
H 1017  1036                    2.353152e+09 2.3792e+09  1.11%  1042 4951s
H 1019  1036                    2.357700e+09 2.3792e+09  0.91%  1041 4952s
H 1026  1036                    2.359321e+09 2.3792e+09  0.84%  1038 4953s
H 1027  1036                    2.360820e+09 2.3792e+09  0.78%  1037 4954s
H 1035  1036                    2.365179e+09 2.3792e+09  0.59%  1034 4955s
  1037  1135 2.3782e+09   44  336 2.3652e+09 2.3792e+09  0.59%  1034 5077s
  1136  1246 2.3782e+09   47  331 2.3652e+09 2.3792e+09  0.59%   996 5223s
  1247  1328 2.3782e+09   57  338 2.3652e+09 2.3792e+09  0.59%   959 5344s
  1329  1423 2.3782e+09   62  323 2.3652e+09 2.3792e+09  0.59%   950 5451s
  1424  1509 2.3782e+09   70  331 2.3652e+09 2.3792e+09  0.59%   934 5541s
  1517  1636 2.3782e+09   73  329 2.3652e+09 2.3792e+09  0.59%   923 5637s
  1651  1770 2.3782e+09   78  316 2.3652e+09 2.3792e+09  0.59%   889 5750s
  1787  1890 2.3782e+09   83  314 2.3652e+09 2.3792e+09  0.59%   870 5953s
  1927  2032 2.3782e+09   87  320 2.3652e+09 2.3792e+09  0.59%   846 6108s
  2081  2169 2.3782e+09   90  310 2.3652e+09 2.3792e+09  0.59%   823 6297s
  2237  2320 2.3782e+09   99  304 2.3652e+09 2.3792e+09  0.59%   798 6591s
  2410  2443 2.3781e+09  102  307 2.3652e+09 2.3792e+09  0.59%   780 6794s
  2536  2614 2.3781e+09  104  313 2.3652e+09 2.3792e+09  0.59%   778 6946s
  2714  2792 2.3781e+09  109  311 2.3652e+09 2.3792e+09  0.59%   760 7089s
  2894  2989 2.3781e+09  113  299 2.3652e+09 2.3792e+09  0.59%   745 7256s
  3108  3212 2.3781e+09  125  295 2.3652e+09 2.3792e+09  0.59%   725 7521s
  3334  3449 2.3781e+09  129  297 2.3652e+09 2.3792e+09  0.59%   708 7766s
  3606  3724 2.3781e+09  137  296 2.3652e+09 2.3792e+09  0.59%   684 7919s
  3890  4032 2.3780e+09  146  302 2.3652e+09 2.3792e+09  0.59%   661 8124s
  4200  4080 2.3780e+09  149  308 2.3652e+09 2.3792e+09  0.59%   637 9195s
H 4201  4059                    2.365391e+09 2.3792e+09  0.58%   637 9196s
H 4202  4059                    2.365572e+09 2.3792e+09  0.57%   637 9197s
H 4215  4059                    2.365578e+09 2.3792e+09  0.57%   636 9198s
H 4217  4058                    2.366523e+09 2.3792e+09  0.53%   636 9199s
  4248  4395 2.3780e+09  150  308 2.3665e+09 2.3792e+09  0.53%   634 9340s
  4587  4752 2.3780e+09  161  307 2.3665e+09 2.3792e+09  0.53%   613 9488s
  4944  5156 2.3780e+09  178  291 2.3665e+09 2.3792e+09  0.53%   593 9787s
  5350  5642 2.3780e+09  185  314 2.3665e+09 2.3792e+09  0.53%   570 10080s
  5836  6153 2.3780e+09  204  321 2.3665e+09 2.3792e+09  0.53%   544 10398s
  6351  6651 2.3780e+09  230  308 2.3665e+09 2.3792e+09  0.53%   520 10694s
  6859  7126 2.3780e+09  249  312 2.3665e+09 2.3792e+09  0.53%   500 11761s
  7345  7684 2.3780e+09  273  339 2.3665e+09 2.3792e+09  0.53%   485 12153s
  7923  8312 2.3780e+09  297  304 2.3665e+09 2.3792e+09  0.53%   468 12525s
  8565  8901 2.3780e+09  315  326 2.3665e+09 2.3792e+09  0.53%   452 12922s
  9169  9601 2.3780e+09  334  320 2.3665e+09 2.3792e+09  0.53%   440 13336s
  9883 10399 2.3779e+09  348  352 2.3665e+09 2.3792e+09  0.53%   425 13730s
 10710 10922 2.3779e+09  380  322 2.3665e+09 2.3792e+09  0.53%   408 13965s

Cutting planes:
  Cover: 26
  Implied bound: 26
  Clique: 3
  MIR: 66
  Flow cover: 66
  GUB cover: 7
  Mod-K: 1
  Network: 19
  RLT: 11
  Relax-and-lift: 6

Explored 11239 nodes (4516392 simplex iterations) in 13965.57 seconds (9248.21 work units)
Thread count was 20 (of 40 available processors)

Solution count 10: 2.36652e+09 2.36558e+09 2.36557e+09 ... 2.3507e+09

Solve interrupted
Best objective 2.366522712957e+09, best bound 2.379157534003e+09, gap 0.5339%
IIS computation: initial model status unknown, solving to determine model status
Presolve removed 75942 rows and 604866 columns
Presolve time: 1.43s

Explored 0 nodes (0 simplex iterations) in 5.10 seconds (1.42 work units)
Thread count was 1 (of 40 available processors)

Solution count 0

Solve interrupted
Best objective -, best bound -, gap -
IIS runtime: 5.13 seconds (1.42 work units)
