
Gurobi 10.0.1 (linux64) logging started Sun May 21 20:40:27 2023

Set parameter LogFile to value "logFiles/A-2L-D/A-2L-6U-15F-15V-240D/basic-05-21-2023, 20-40-H70-P50-O15.log"
Gurobi Optimizer version 10.0.1 build v10.0.1rc0 (linux64)

CPU model: Intel(R) Xeon(R) Gold 5115 CPU @ 2.40GHz, instruction set [SSE2|AVX|AVX2|AVX512]
Thread count: 20 physical cores, 40 logical processors, using up to 20 threads

Optimize a model with 40051 rows, 437086 columns and 2165489 nonzeros
Model fingerprint: 0x161848ee
Variable types: 185660 continuous, 251426 integer (251426 binary)
Coefficient statistics:
  Matrix range     [1e+00, 2e+05]
  Objective range  [4e+01, 3e+07]
  Bounds range     [1e+00, 1e+00]
  RHS range        [1e+00, 3e+06]
Presolve removed 26690 rows and 15475 columns (presolve time = 5s) ...
Presolve removed 26659 rows and 15445 columns
Presolve time: 8.15s
Presolved: 13392 rows, 421641 columns, 1918639 nonzeros
Variable types: 175137 continuous, 246504 integer (246491 binary)
Deterministic concurrent LP optimizer: primal simplex, dual simplex, and barrier
Showing barrier log only...

Root barrier log...

Ordering time: 1.61s

Barrier statistics:
 AA' NZ     : 9.261e+05
 Factor NZ  : 4.717e+06 (roughly 200 MB of memory)
 Factor Ops : 4.529e+09 (less than 1 second per iteration)
 Threads    : 17

                  Objective                Residual
Iter       Primal          Dual         Primal    Dual     Compl     Time
   0  -2.64830135e+16  4.33728803e+13  1.68e+09 1.13e+07  3.14e+12    14s
   1  -6.96993212e+15  5.42101184e+13  4.44e+08 8.11e+06  8.31e+11    14s
   2  -1.35262694e+15  5.79159831e+13  8.64e+07 1.64e+05  1.65e+11    14s
   3  -1.31544036e+13  4.10355717e+13  8.40e+05 4.79e+02  1.66e+09    14s
   4  -2.49338971e+12  1.20185180e+13  1.59e+05 2.99e-08  3.20e+08    15s
   5  -4.34502385e+11  9.40764699e+12  2.78e+04 2.62e-08  6.43e+07    15s
   6  -2.13245808e+11  6.01953910e+12  1.37e+04 1.99e-08  3.20e+07    15s
   7  -1.59785525e+11  5.56530064e+12  1.03e+04 1.48e+01  2.50e+07    15s
   8  -1.37519628e+11  3.35086178e+12  8.87e+03 1.87e-08  1.84e+07    15s
   9  -6.72808634e+10  1.90977926e+12  4.40e+03 2.24e-08  8.77e+06    15s
  10  -4.65981471e+10  1.40363416e+12  3.09e+03 2.62e-08  5.98e+06    16s
  11  -3.43868193e+10  1.12202239e+12  2.31e+03 2.61e-08  4.43e+06    16s
  12  -9.99405411e+09  4.11000580e+11  7.67e+02 3.40e-08  1.39e+06    16s
  13  -3.13629931e+08  1.87880403e+11  1.55e+02 3.31e-08  3.92e+05    16s
  14   2.97927975e+08  1.29966826e+11  1.17e+02 3.73e-08  2.79e+05    16s
  15   8.19717127e+08  1.14161258e+11  8.56e+01 1.34e-07  2.26e+05    17s
  16   1.42896366e+09  9.26707452e+10  4.85e+01 8.48e-08  1.60e+05    17s
  17   1.51209564e+09  7.45451314e+10  4.35e+01 1.04e-07  1.33e+05    17s
  18   1.66244215e+09  4.97944069e+10  3.44e+01 1.24e-07  9.40e+04    17s
  19   1.93814991e+09  3.42307255e+10  1.79e+01 2.85e-07  5.80e+04    17s
  20   2.02558815e+09  2.09421527e+10  1.28e+01 1.85e-07  3.66e+04    18s
  21   2.06949224e+09  1.65166050e+10  1.03e+01 2.61e-07  2.86e+04    18s
  22   2.09428859e+09  1.17777962e+10  9.02e+00 2.10e-07  2.15e+04    18s
  23   2.10679823e+09  1.11429186e+10  8.36e+00 1.98e-07  2.00e+04    18s
  24   2.16531758e+09  9.04356064e+09  5.64e+00 2.23e-07  1.43e+04    18s
  25   2.21693520e+09  8.07294312e+09  3.43e+00 2.12e-07  1.06e+04    19s
  26   2.26065780e+09  5.99320995e+09  2.18e+00 1.83e-07  6.48e+03    19s
  27   2.29550839e+09  5.27450347e+09  1.52e+00 1.87e-07  4.86e+03    19s
  28   2.32434017e+09  4.40286601e+09  1.11e+00 1.87e-07  3.30e+03    19s
  29   2.34634400e+09  4.05484750e+09  8.99e-01 2.44e-07  2.64e+03    20s
  30   2.35977587e+09  3.40874245e+09  7.54e-01 2.49e-07  1.65e+03    20s
  31   2.39580576e+09  3.20126481e+09  3.60e-01 2.51e-07  1.13e+03    20s
  32   2.40130312e+09  3.08539979e+09  3.17e-01 3.61e-07  9.53e+02    20s
  33   2.43168072e+09  2.80671406e+09  1.40e-01 3.50e-07  4.93e+02    21s
  34   2.44474522e+09  2.76253445e+09  9.28e-02 4.93e-07  4.07e+02    21s
  35   2.44798257e+09  2.74689472e+09  8.54e-02 4.94e-07  3.82e+02    21s
  36   2.44852862e+09  2.68384212e+09  8.38e-02 3.26e-07  3.04e+02    21s
  37   2.45608861e+09  2.65142209e+09  5.82e-02 4.03e-07  2.48e+02    21s
  38   2.45883300e+09  2.63544118e+09  5.17e-02 3.26e-07  2.24e+02    21s
  39   2.46181745e+09  2.60933582e+09  4.50e-02 2.65e-07  1.87e+02    22s
  40   2.46757810e+09  2.57096672e+09  3.27e-02 3.67e-07  1.31e+02    22s
  41   2.47196946e+09  2.54554209e+09  2.55e-02 2.61e-07  9.32e+01    22s
  42   2.47828132e+09  2.53285093e+09  1.67e-02 3.15e-07  6.85e+01    22s
  43   2.48119145e+09  2.52806085e+09  1.33e-02 2.97e-07  5.86e+01    23s
  44   2.48325422e+09  2.52387483e+09  1.10e-02 3.49e-07  5.07e+01    23s
  45   2.48459847e+09  2.51910048e+09  9.70e-03 3.59e-07  4.31e+01    23s
  46   2.48744807e+09  2.51169849e+09  7.13e-03 2.72e-07  3.03e+01    23s
  47   2.49050505e+09  2.50717196e+09  4.81e-03 2.64e-07  2.08e+01    24s
  48   2.49183101e+09  2.50623807e+09  3.92e-03 2.01e-07  1.79e+01    24s
  49   2.49263885e+09  2.50522133e+09  3.41e-03 2.09e-07  1.57e+01    24s
  50   2.49356823e+09  2.50464199e+09  2.89e-03 4.13e-07  1.38e+01    24s
  51   2.49453305e+09  2.50346873e+09  2.45e-03 3.00e-07  1.11e+01    25s
  52   2.49555406e+09  2.50318500e+09  1.97e-03 2.44e-07  9.48e+00    25s
  53   2.49596185e+09  2.50234800e+09  1.77e-03 2.59e-07  7.96e+00    25s
  54   2.49719726e+09  2.50176193e+09  1.23e-03 2.10e-07  5.68e+00    25s
  55   2.49757910e+09  2.50153856e+09  1.07e-03 2.01e-07  4.93e+00    26s
  56   2.49828696e+09  2.50136089e+09  7.71e-04 2.63e-07  3.82e+00    26s
  57   2.49869780e+09  2.50107878e+09  6.04e-04 3.01e-07  2.96e+00    26s
  58   2.49895657e+09  2.50081071e+09  5.00e-04 2.19e-07  2.31e+00    27s
  59   2.49929235e+09  2.50073716e+09  3.68e-04 2.98e-07  1.80e+00    27s
  60   2.49967851e+09  2.50052031e+09  2.15e-04 2.24e-07  1.05e+00    27s
  61   2.49994856e+09  2.50034772e+09  1.11e-04 2.10e-07  4.99e-01    28s
  62   2.50013312e+09  2.50030528e+09  4.19e-05 2.70e-07  2.14e-01    28s
  63   2.50013703e+09  2.50028663e+09  4.05e-05 2.24e-07  1.87e-01    28s
  64   2.50019068e+09  2.50027263e+09  2.13e-05 3.63e-07  1.02e-01    28s
  65   2.50021303e+09  2.50026987e+09  1.32e-05 3.73e-07  7.05e-02    28s
  66   2.50022015e+09  2.50026771e+09  1.06e-05 3.58e-07  5.88e-02    29s
  67   2.50023144e+09  2.50025597e+09  6.47e-06 2.55e-07  3.06e-02    29s
  68   2.50024149e+09  2.50025357e+09  2.95e-06 2.99e-07  1.50e-02    29s
  69   2.50024354e+09  2.50025266e+09  2.26e-06 3.94e-07  1.13e-02    29s
  70   2.50024573e+09  2.50025143e+09  1.51e-06 2.62e-07  7.12e-03    29s
  71   2.50024695e+09  2.50025085e+09  1.09e-06 2.87e-07  4.90e-03    30s
  72   2.50024957e+09  2.50025050e+09  1.93e-07 2.89e-07  1.15e-03    30s
  73   2.50025019e+09  2.50025033e+09  1.06e-08 2.66e-07  1.69e-04    30s
  74   2.50025022e+09  2.50025023e+09  5.18e-08 2.45e-07  2.06e-05    31s
  75   2.50025023e+09  2.50025023e+09  4.89e-07 2.53e-07  1.49e-06    31s
  76   2.50025023e+09  2.50025023e+09  1.28e-08 2.39e-07  8.36e-10    31s

Barrier solved model in 76 iterations and 31.06 seconds (26.30 work units)
Optimal objective 2.50025023e+09


Root crossover log...

   10567 DPushes remaining with DInf 0.0000000e+00                31s
       0 DPushes remaining with DInf 0.0000000e+00                31s

     731 PPushes remaining with PInf 1.3397538e-06                31s
       0 PPushes remaining with PInf 0.0000000e+00                31s

  Push phase complete: Pinf 0.0000000e+00, Dinf 1.4731441e+02     31s


Root simplex log...

Iteration    Objective       Primal Inf.    Dual Inf.      Time
   11277    2.5002502e+09   0.000000e+00   1.473144e+02     31s
   11281    2.5002502e+09   0.000000e+00   0.000000e+00     32s
Concurrent spin time: 0.64s

Solved with barrier
   11329    2.5002502e+09   0.000000e+00   0.000000e+00     32s
Extra simplex iterations after uncrush: 48

Root relaxation: objective 2.500250e+09, 11329 iterations, 22.47 seconds (15.37 work units)

    Nodes    |    Current Node    |     Objective Bounds      |     Work
 Expl Unexpl |  Obj  Depth IntInf | Incumbent    BestBd   Gap | It/Node Time

     0     0 2.5003e+09    0  221          - 2.5003e+09      -     -   34s
     0     0 2.5002e+09    0  198          - 2.5002e+09      -     -   49s
     0     0 2.5002e+09    0  178          - 2.5002e+09      -     -   59s
     0     0 2.5002e+09    0  182          - 2.5002e+09      -     -   60s
     0     0 2.5002e+09    0  201          - 2.5002e+09      -     -   71s
H    0     0                    2.471309e+09 2.5002e+09  1.17%     -   89s
H    0     0                    2.474199e+09 2.5002e+09  1.05%     -   98s
     0     0 2.5002e+09    0  210 2.4742e+09 2.5002e+09  1.05%     -  100s
     0     0 2.5002e+09    0  205 2.4742e+09 2.5002e+09  1.05%     -  101s
     0     0 2.5002e+09    0  216 2.4742e+09 2.5002e+09  1.05%     -  112s
H    0     0                    2.487724e+09 2.5002e+09  0.50%     -  124s

Cutting planes:
  Cover: 4
  Implied bound: 17
  MIR: 23
  Flow cover: 35
  GUB cover: 2
  RLT: 3
  Relax-and-lift: 21

Explored 1 nodes (22532 simplex iterations) in 124.05 seconds (104.81 work units)
Thread count was 20 (of 40 available processors)

Solution count 3: 2.48772e+09 2.4742e+09 2.47131e+09 

Optimal solution found (tolerance 1.00e-02)
Best objective 2.487724349415e+09, best bound 2.500177490705e+09, gap 0.5006%
Gurobi Optimizer version 10.0.1 build v10.0.1rc0 (linux64)

CPU model: Intel(R) Xeon(R) Gold 5115 CPU @ 2.40GHz, instruction set [SSE2|AVX|AVX2|AVX512]
Thread count: 20 physical cores, 40 logical processors, using up to 20 threads

Optimize a model with 71150 rows, 815944 columns and 4481341 nonzeros
Model fingerprint: 0x3b5bbb1c
Variable types: 263751 continuous, 552193 integer (552193 binary)
Coefficient statistics:
  Matrix range     [1e+00, 2e+05]
  Objective range  [4e+01, 3e+07]
  Bounds range     [1e+00, 3e+05]
  RHS range        [1e+00, 4e+06]
Presolve removed 57220 rows and 511582 columns (presolve time = 5s) ...
Presolve removed 58081 rows and 534499 columns (presolve time = 10s) ...
Presolve removed 58044 rows and 534462 columns
Presolve time: 11.45s
Presolved: 13106 rows, 281482 columns, 1276292 nonzeros
Variable types: 123250 continuous, 158232 integer (158216 binary)
Deterministic concurrent LP optimizer: primal simplex, dual simplex, and barrier
Showing barrier log only...

Root barrier log...

Ordering time: 1.04s

Barrier statistics:
 AA' NZ     : 6.725e+05
 Factor NZ  : 3.618e+06 (roughly 150 MB of memory)
 Factor Ops : 3.397e+09 (less than 1 second per iteration)
 Threads    : 17

                  Objective                Residual
Iter       Primal          Dual         Primal    Dual     Compl     Time
   0  -1.10922009e+16  3.84884497e+13  6.06e+08 4.25e+06  1.39e+12    15s
   1  -2.35324013e+15  3.77690874e+13  1.30e+08 6.09e+06  3.01e+11    15s
   2  -3.58496840e+14  2.44563086e+13  1.99e+07 2.87e+05  4.70e+10    16s
   3  -2.17975076e+13  1.62236115e+13  1.22e+06 2.25e-08  2.90e+09    16s
   4  -8.55265459e+12  1.11410673e+13  4.76e+05 1.99e-08  1.14e+09    16s
   5  -1.72106418e+12  4.87535529e+12  9.58e+04 2.25e-08  2.33e+08    16s
   6  -3.68257309e+11  2.57770528e+12  2.05e+04 1.86e-08  5.23e+07    16s
   7  -1.05652225e+11  1.39690764e+12  5.95e+03 1.87e-08  1.57e+07    16s
   8  -2.90471081e+10  9.13418228e+11  1.70e+03 1.68e-08  5.03e+06    16s
   9  -1.86315297e+10  4.34771700e+11  1.13e+03 4.66e-08  2.67e+06    17s
  10  -7.50261521e+09  1.69274137e+11  5.12e+02 2.24e-08  1.04e+06    17s
  11  -2.86204233e+09  1.32701923e+11  2.57e+02 5.96e-08  5.97e+05    17s
  12   5.78117989e+07  5.98399148e+10  9.65e+01 5.96e-08  2.31e+05    17s
  13   8.90529066e+08  4.49051078e+10  5.17e+01 5.96e-08  1.44e+05    17s
  14   1.32195289e+09  2.40133888e+10  2.87e+01 4.10e-08  7.71e+04    17s
  15   1.49767418e+09  1.78820073e+10  1.95e+01 2.99e-08  5.42e+04    17s
  16   1.57417431e+09  9.00397865e+09  1.57e+01 4.01e-08  3.38e+04    17s
  17   1.66709917e+09  7.12216793e+09  1.10e+01 4.60e-08  2.44e+04    18s
  18   1.70947770e+09  6.20019998e+09  9.06e+00 6.62e-08  2.01e+04    18s
  19   1.74253358e+09  5.70485266e+09  7.69e+00 5.95e-08  1.72e+04    18s
  20   1.77877482e+09  5.09612211e+09  6.03e+00 5.98e-08  1.37e+04    18s
  21   1.79082156e+09  4.53401396e+09  5.67e+00 5.38e-08  1.19e+04    18s
  22   1.85959937e+09  3.74374446e+09  3.24e+00 4.78e-08  7.08e+03    18s
  23   1.88031318e+09  3.54880376e+09  2.62e+00 5.06e-08  5.85e+03    18s
  24   1.88928013e+09  3.27598104e+09  2.36e+00 5.06e-08  4.90e+03    19s
  25   1.90547318e+09  2.93906637e+09  1.83e+00 3.41e-08  3.53e+03    19s
  26   1.93445581e+09  2.51896211e+09  1.05e+00 2.34e-08  1.81e+03    19s
  27   1.96684645e+09  2.29289798e+09  3.21e-01 1.54e-08  7.54e+02    19s
  28   1.97996495e+09  2.18230575e+09  1.41e-01 1.21e-08  4.13e+02    19s
  29   1.98161276e+09  2.13653814e+09  1.23e-01 1.20e-08  3.12e+02    19s
  30   1.98336387e+09  2.10726198e+09  1.06e-01 9.78e-09  2.45e+02    19s
  31   1.98608227e+09  2.09097511e+09  8.18e-02 1.01e-08  2.03e+02    20s
  32   1.98778298e+09  2.07159303e+09  6.90e-02 1.05e-08  1.60e+02    20s
  33   1.99031255e+09  2.05745351e+09  5.33e-02 9.84e-09  1.27e+02    20s
  34   1.99194284e+09  2.04834774e+09  4.60e-02 9.43e-09  1.06e+02    20s
  35   1.99265980e+09  2.04058869e+09  4.26e-02 8.85e-09  8.94e+01    20s
  36   1.99289710e+09  2.03796788e+09  4.15e-02 1.25e-08  8.40e+01    20s
  37   1.99511335e+09  2.03130920e+09  3.10e-02 1.10e-08  6.68e+01    20s
  38   1.99624089e+09  2.02682865e+09  2.63e-02 9.14e-09  5.62e+01    21s
  39   1.99757292e+09  2.02346852e+09  2.08e-02 7.86e-09  4.73e+01    21s
  40   1.99906035e+09  2.01839698e+09  1.63e-02 1.12e-08  3.52e+01    21s
  41   2.00004876e+09  2.01533284e+09  1.36e-02 9.31e-09  2.77e+01    21s
  42   2.00108389e+09  2.01397930e+09  1.10e-02 1.02e-08  2.33e+01    21s
  43   2.00250335e+09  2.01194747e+09  8.23e-03 1.01e-08  1.71e+01    21s
  44   2.00339643e+09  2.01160113e+09  6.62e-03 7.92e-09  1.48e+01    21s
  45   2.00405804e+09  2.01119950e+09  5.60e-03 1.09e-08  1.29e+01    22s
  46   2.00482305e+09  2.01020783e+09  4.46e-03 8.91e-09  9.69e+00    22s
  47   2.00533654e+09  2.00995987e+09  3.77e-03 9.84e-09  8.32e+00    22s
  48   2.00597541e+09  2.00950965e+09  2.95e-03 9.66e-09  6.36e+00    22s
  49   2.00637563e+09  2.00930607e+09  2.45e-03 9.78e-09  5.27e+00    22s
  50   2.00677784e+09  2.00915179e+09  1.96e-03 8.06e-09  4.27e+00    22s
  51   2.00719407e+09  2.00899239e+09  1.48e-03 8.85e-09  3.23e+00    23s
  52   2.00743869e+09  2.00894429e+09  1.21e-03 1.31e-08  2.70e+00    23s
  53   2.00764938e+09  2.00884789e+09  9.92e-04 1.12e-08  2.15e+00    23s
  54   2.00781553e+09  2.00881774e+09  8.21e-04 8.85e-09  1.80e+00    23s
  55   2.00803196e+09  2.00874536e+09  5.98e-04 7.51e-09  1.28e+00    23s
  56   2.00825462e+09  2.00871011e+09  3.70e-04 9.31e-09  8.18e-01    23s
  57   2.00848706e+09  2.00866992e+09  1.41e-04 7.57e-09  3.28e-01    24s
  58   2.00853200e+09  2.00865000e+09  9.74e-05 1.12e-08  2.12e-01    24s
  59   2.00854304e+09  2.00864713e+09  8.73e-05 1.12e-08  1.87e-01    24s
  60   2.00856805e+09  2.00864353e+09  6.31e-05 7.80e-09  1.36e-01    24s
  61   2.00858293e+09  2.00864265e+09  4.86e-05 8.18e-09  1.07e-01    24s
  62   2.00860952e+09  2.00864007e+09  2.30e-05 1.12e-08  5.48e-02    24s
  63   2.00862579e+09  2.00863736e+09  7.99e-06 8.73e-09  2.08e-02    24s
  64   2.00863269e+09  2.00863532e+09  2.65e-06 1.12e-08  4.73e-03    25s
  65   2.00863456e+09  2.00863484e+09  2.17e-07 1.12e-08  5.17e-04    25s
  66   2.00863480e+09  2.00863480e+09  4.25e-08 1.13e-08  1.83e-06    25s
  67   2.00863480e+09  2.00863480e+09  2.34e-08 8.27e-09  3.77e-10    25s

Barrier solved model in 67 iterations and 24.96 seconds (27.08 work units)
Optimal objective 2.00863480e+09


Root crossover log...

    7561 DPushes remaining with DInf 0.0000000e+00                25s
       0 DPushes remaining with DInf 0.0000000e+00                25s

     605 PPushes remaining with PInf 0.0000000e+00                25s
       0 PPushes remaining with PInf 0.0000000e+00                25s

  Push phase complete: Pinf 0.0000000e+00, Dinf 3.5615495e-08     25s


Root simplex log...

Iteration    Objective       Primal Inf.    Dual Inf.      Time
    7924    2.0086348e+09   0.000000e+00   0.000000e+00     25s
Concurrent spin time: 0.01s

Solved with barrier
    7924    2.0086348e+09   0.000000e+00   0.000000e+00     25s

Root relaxation: objective 2.008635e+09, 7924 iterations, 12.45 seconds (9.20 work units)

    Nodes    |    Current Node    |     Objective Bounds      |     Work
 Expl Unexpl |  Obj  Depth IntInf | Incumbent    BestBd   Gap | It/Node Time

     0     0 2.0086e+09    0  224          - 2.0086e+09      -     -   27s
H    0     0                    1.931383e+09 2.0086e+09  4.00%     -   38s
     0     0 2.0083e+09    0  230 1.9314e+09 2.0083e+09  3.98%     -   46s
H    0     0                    1.933858e+09 2.0083e+09  3.85%     -   54s
     0     0 2.0083e+09    0  211 1.9339e+09 2.0083e+09  3.85%     -   57s
     0     0 2.0083e+09    0  211 1.9339e+09 2.0083e+09  3.85%     -   58s
     0     0 2.0083e+09    0  209 1.9339e+09 2.0083e+09  3.85%     -   59s
     0     0 2.0083e+09    0  243 1.9339e+09 2.0083e+09  3.85%     -   65s
H    0     0                    1.933860e+09 2.0083e+09  3.85%     -   76s
     0     0 2.0083e+09    0  233 1.9339e+09 2.0083e+09  3.85%     -   76s
     0     0 2.0075e+09    0  250 1.9339e+09 2.0075e+09  3.81%     -   82s
     0     0 2.0075e+09    0  242 1.9339e+09 2.0075e+09  3.81%     -   86s
     0     0 2.0072e+09    0  256 1.9339e+09 2.0072e+09  3.79%     -   90s
     0     0 2.0070e+09    0  234 1.9339e+09 2.0070e+09  3.78%     -   94s
     0     0 2.0070e+09    0  257 1.9339e+09 2.0070e+09  3.78%     -   95s
     0     0 2.0070e+09    0  258 1.9339e+09 2.0070e+09  3.78%     -   95s
     0     0 2.0046e+09    0  252 1.9339e+09 2.0046e+09  3.66%     -  101s
     0     0 2.0045e+09    0  271 1.9339e+09 2.0045e+09  3.65%     -  105s
     0     0 2.0045e+09    0  272 1.9339e+09 2.0045e+09  3.65%     -  105s
     0     0 2.0045e+09    0  272 1.9339e+09 2.0045e+09  3.65%     -  105s
     0     0 2.0042e+09    0  267 1.9339e+09 2.0042e+09  3.64%     -  111s
     0     0 2.0042e+09    0  274 1.9339e+09 2.0042e+09  3.64%     -  114s
     0     0 2.0042e+09    0  274 1.9339e+09 2.0042e+09  3.64%     -  115s
     0     0 2.0037e+09    0  266 1.9339e+09 2.0037e+09  3.61%     -  122s
H    0     0                    1.936931e+09 2.0037e+09  3.45%     -  131s
     0     0 2.0037e+09    0  269 1.9369e+09 2.0037e+09  3.45%     -  133s
     0     0 2.0037e+09    0  271 1.9369e+09 2.0037e+09  3.45%     -  133s
     0     0 2.0036e+09    0  280 1.9369e+09 2.0036e+09  3.44%     -  134s
     0     0 2.0036e+09    0  281 1.9369e+09 2.0036e+09  3.44%     -  134s
     0     0 2.0034e+09    0  280 1.9369e+09 2.0034e+09  3.43%     -  139s
     0     0 2.0034e+09    0  251 1.9369e+09 2.0034e+09  3.43%     -  143s
     0     0 2.0034e+09    0  260 1.9369e+09 2.0034e+09  3.43%     -  144s
     0     0 2.0034e+09    0  266 1.9369e+09 2.0034e+09  3.43%     -  148s
     0     0 2.0034e+09    0  264 1.9369e+09 2.0034e+09  3.43%     -  150s
     0     0 2.0034e+09    0  254 1.9369e+09 2.0034e+09  3.43%     -  156s
H    0     0                    1.952150e+09 2.0034e+09  2.63%     -  170s
     0     0 2.0034e+09    0  266 1.9521e+09 2.0034e+09  2.63%     -  172s
     0     0 2.0034e+09    0  264 1.9521e+09 2.0034e+09  2.63%     -  176s
     0     0 2.0034e+09    0  271 1.9521e+09 2.0034e+09  2.63%     -  180s
     0     0 2.0034e+09    0  281 1.9521e+09 2.0034e+09  2.63%     -  183s
     0     0 2.0034e+09    0  276 1.9521e+09 2.0034e+09  2.63%     -  186s
H    0     2                    1.969490e+09 2.0034e+09  1.72%     -  265s
     0     2 2.0034e+09    0  274 1.9695e+09 2.0034e+09  1.72%     -  265s
     1     4 2.0034e+09    1  265 1.9695e+09 2.0034e+09  1.72%  1679  272s
     3     8 2.0034e+09    2  266 1.9695e+09 2.0034e+09  1.72%  1046  281s
     7    16 2.0034e+09    3  271 1.9695e+09 2.0034e+09  1.72%   853  296s
    15    32 2.0034e+09    4  258 1.9695e+09 2.0034e+09  1.72%  1038  315s
H   31    52                    1.971153e+09 2.0034e+09  1.64%  1123  346s
H   41    52                    1.987091e+09 2.0034e+09  0.82%  1006  347s

Cutting planes:
  Cover: 51
  Implied bound: 112
  Clique: 4
  MIR: 86
  StrongCG: 1
  Flow cover: 94
  GUB cover: 9
  Zero half: 2
  Mod-K: 1
  RLT: 9
  Relax-and-lift: 46

Explored 51 nodes (72232 simplex iterations) in 347.62 seconds (408.66 work units)
Thread count was 20 (of 40 available processors)

Solution count 8: 1.98709e+09 1.97115e+09 1.96949e+09 ... 1.93138e+09

Optimal solution found (tolerance 1.00e-02)
Best objective 1.987091051813e+09, best bound 2.003401147836e+09, gap 0.8208%
Gurobi Optimizer version 10.0.1 build v10.0.1rc0 (linux64)

CPU model: Intel(R) Xeon(R) Gold 5115 CPU @ 2.40GHz, instruction set [SSE2|AVX|AVX2|AVX512]
Thread count: 20 physical cores, 40 logical processors, using up to 20 threads

Optimize a model with 91172 rows, 1016279 columns and 6298445 nonzeros
Model fingerprint: 0x884f97ba
Variable types: 105493 continuous, 910786 integer (910786 binary)
Coefficient statistics:
  Matrix range     [1e+00, 2e+05]
  Objective range  [4e+01, 3e+07]
  Bounds range     [4e-11, 3e+05]
  RHS range        [1e+00, 5e+06]
Presolve removed 80647 rows and 835496 columns (presolve time = 5s) ...
Presolve removed 81019 rows and 842666 columns
Presolve time: 8.89s
Presolved: 10153 rows, 173613 columns, 791805 nonzeros
Variable types: 51432 continuous, 122181 integer (122151 binary)
Deterministic concurrent LP optimizer: primal simplex, dual simplex, and barrier
Showing barrier log only...

Root barrier log...

Ordering time: 0.65s

Barrier statistics:
 AA' NZ     : 4.144e+05
 Factor NZ  : 2.070e+06 (roughly 90 MB of memory)
 Factor Ops : 1.477e+09 (less than 1 second per iteration)
 Threads    : 17

                  Objective                Residual
Iter       Primal          Dual         Primal    Dual     Compl     Time
   0  -7.85463617e+15  1.94111490e+12  3.45e+08 2.69e+05  1.21e+11    12s
   1  -2.26444409e+15  2.08314006e+12  1.00e+08 4.45e+05  3.52e+10    12s
   2  -6.50138620e+14  1.28364946e+12  2.88e+07 2.24e+04  1.02e+10    12s
   3  -4.05484150e+13  8.06049883e+11  1.80e+06 1.63e-09  6.42e+08    12s
   4  -4.84374493e+12  5.06086953e+11  2.15e+05 1.63e-09  8.03e+07    12s
   5  -1.02876806e+12  3.19126654e+11  4.57e+04 1.40e-09  1.76e+07    12s
   6  -5.80062037e+11  2.17665555e+11  2.58e+04 1.28e-09  1.00e+07    12s
   7  -9.72718528e+10  1.09738682e+11  4.40e+03 1.40e-09  1.90e+06    12s
   8  -1.82123609e+10  9.24813992e+10  9.00e+02 1.16e-09  5.76e+05    12s
   9  -6.90948345e+09  2.74814434e+10  4.01e+02 1.63e-09  1.79e+05    12s
  10  -6.47227948e+08  1.69132670e+10  1.26e+02 1.28e-09  7.34e+04    12s
  11   3.86464186e+08  9.86661744e+09  8.13e+01 2.33e-09  4.09e+04    13s
  12   1.21556633e+09  7.92466039e+09  4.64e+01 2.85e-09  2.70e+04    13s
  13   1.47120927e+09  6.39765396e+09  3.56e+01 4.48e-09  1.99e+04    13s
  14   1.61784227e+09  6.06729920e+09  2.96e+01 5.18e-09  1.76e+04    13s
  15   1.78794138e+09  5.49890333e+09  2.32e+01 4.42e-09  1.44e+04    13s
  16   1.81125336e+09  5.09439300e+09  2.19e+01 5.12e-09  1.30e+04    13s
  17   2.02768166e+09  4.20182279e+09  1.32e+01 3.35e-09  8.38e+03    13s
  18   2.08528913e+09  3.94927764e+09  1.08e+01 3.09e-09  7.13e+03    13s
  19   2.21071996e+09  3.19250355e+09  5.85e+00 4.22e-09  3.83e+03    13s
  20   2.27322379e+09  3.03128897e+09  3.38e+00 3.78e-09  2.79e+03    13s
  21   2.28368382e+09  2.94446155e+09  2.96e+00 4.07e-09  2.46e+03    13s
  22   2.29862488e+09  2.80932523e+09  2.37e+00 4.19e-09  1.95e+03    13s
  23   2.31302096e+09  2.75230759e+09  1.78e+00 5.24e-09  1.64e+03    13s
  24   2.31987922e+09  2.63140695e+09  1.43e+00 3.84e-09  1.18e+03    14s
  25   2.33568585e+09  2.50295885e+09  7.33e-01 4.19e-09  6.02e+02    14s
  26   2.34200514e+09  2.42485306e+09  4.26e-01 2.84e-09  2.84e+02    14s
  27   2.34712657e+09  2.38747358e+09  2.00e-01 2.50e-09  1.27e+02    14s
  28   2.34985832e+09  2.37675676e+09  9.60e-02 1.63e-09  8.04e+01    14s
  29   2.35034027e+09  2.37286733e+09  8.17e-02 1.51e-09  6.66e+01    14s
  30   2.35098022e+09  2.36996752e+09  6.46e-02 1.54e-09  5.56e+01    14s
  31   2.35171415e+09  2.36779389e+09  4.73e-02 1.75e-09  4.68e+01    14s
  32   2.35190140e+09  2.36640834e+09  4.34e-02 1.80e-09  4.20e+01    14s
  33   2.35330027e+09  2.36262416e+09  1.69e-02 1.40e-09  2.69e+01    14s
  34   2.35356781e+09  2.36147970e+09  1.43e-02 1.40e-09  2.28e+01    14s
  35   2.35391852e+09  2.35936561e+09  1.12e-02 1.28e-09  1.56e+01    15s
  36   2.35438456e+09  2.35879768e+09  7.97e-03 1.40e-09  1.26e+01    15s
  37   2.35467189e+09  2.35849477e+09  6.42e-03 1.40e-09  1.10e+01    15s
  38   2.35508509e+09  2.35811488e+09  4.41e-03 1.43e-09  8.70e+00    15s
  39   2.35537613e+09  2.35780902e+09  3.31e-03 1.40e-09  6.99e+00    15s
  40   2.35563429e+09  2.35758236e+09  2.58e-03 1.34e-09  5.60e+00    15s
  41   2.35590371e+09  2.35731367e+09  1.84e-03 1.28e-09  4.05e+00    15s
  42   2.35604116e+09  2.35719365e+09  1.50e-03 1.40e-09  3.31e+00    15s
  43   2.35622799e+09  2.35702094e+09  1.05e-03 1.40e-09  2.28e+00    15s
  44   2.35630372e+09  2.35697112e+09  8.79e-04 1.51e-09  1.92e+00    16s
  45   2.35638696e+09  2.35689770e+09  7.02e-04 1.40e-09  1.47e+00    16s
  46   2.35651365e+09  2.35682883e+09  4.29e-04 1.16e-09  9.04e-01    16s
  47   2.35659567e+09  2.35680484e+09  2.60e-04 1.40e-09  6.01e-01    16s
  48   2.35663474e+09  2.35677302e+09  1.80e-04 1.16e-09  3.97e-01    16s
  49   2.35666445e+09  2.35675825e+09  1.19e-04 1.16e-09  2.69e-01    16s
  50   2.35668836e+09  2.35673757e+09  7.06e-05 1.28e-09  1.41e-01    16s
  51   2.35670130e+09  2.35673193e+09  4.50e-05 1.40e-09  8.78e-02    16s
  52   2.35671094e+09  2.35672830e+09  2.60e-05 1.28e-09  4.98e-02    16s
  53   2.35671868e+09  2.35672586e+09  1.15e-05 1.40e-09  2.05e-02    16s
  54   2.35672287e+09  2.35672553e+09  3.74e-06 1.40e-09  7.62e-03    16s
  55   2.35672437e+09  2.35672518e+09  1.10e-06 1.40e-09  2.33e-03    17s
  56   2.35672466e+09  2.35672507e+09  6.45e-07 1.40e-09  1.19e-03    17s
  57   2.35672504e+09  2.35672507e+09  4.04e-08 1.40e-09  7.52e-05    17s
  58   2.35672506e+09  2.35672506e+09  2.85e-09 1.40e-09  2.15e-07    17s
  59   2.35672506e+09  2.35672506e+09  1.69e-09 1.40e-09  8.91e-11    17s

Barrier solved model in 59 iterations and 16.91 seconds (17.74 work units)
Optimal objective 2.35672506e+09


Root crossover log...

    5009 DPushes remaining with DInf 0.0000000e+00                17s
       0 DPushes remaining with DInf 0.0000000e+00                17s

     510 PPushes remaining with PInf 8.6624717e-06                17s
       0 PPushes remaining with PInf 0.0000000e+00                17s

  Push phase complete: Pinf 0.0000000e+00, Dinf 2.3617531e-08     17s


Root simplex log...

Iteration    Objective       Primal Inf.    Dual Inf.      Time
    5405    2.3567251e+09   0.000000e+00   0.000000e+00     17s
Concurrent spin time: 0.01s

Solved with barrier
    5405    2.3567251e+09   0.000000e+00   0.000000e+00     17s

Root relaxation: objective 2.356725e+09, 5405 iterations, 6.93 seconds (4.69 work units)

    Nodes    |    Current Node    |     Objective Bounds      |     Work
 Expl Unexpl |  Obj  Depth IntInf | Incumbent    BestBd   Gap | It/Node Time

     0     0 2.3567e+09    0  158          - 2.3567e+09      -     -   18s
     0     0 2.3567e+09    0  170          - 2.3567e+09      -     -   28s
H    0     0                    2.342703e+09 2.3567e+09  0.60%     -   40s

Cutting planes:
  Cover: 1
  Implied bound: 8
  MIR: 10
  Flow cover: 13
  RLT: 8

Explored 1 nodes (7900 simplex iterations) in 40.17 seconds (34.73 work units)
Thread count was 20 (of 40 available processors)

Solution count 1: 2.3427e+09 

Optimal solution found (tolerance 1.00e-02)
Best objective 2.342702506893e+09, best bound 2.356662604121e+09, gap 0.5959%
Gurobi Optimizer version 10.0.1 build v10.0.1rc0 (linux64)

CPU model: Intel(R) Xeon(R) Gold 5115 CPU @ 2.40GHz, instruction set [SSE2|AVX|AVX2|AVX512]
Thread count: 20 physical cores, 40 logical processors, using up to 20 threads

Optimize a model with 91032 rows, 1021169 columns and 6179610 nonzeros
Model fingerprint: 0x07be3082
Variable types: 16171 continuous, 1004998 integer (1004998 binary)
Coefficient statistics:
  Matrix range     [1e+00, 2e+05]
  Objective range  [4e+01, 3e+07]
  Bounds range     [4e-11, 3e+05]
  RHS range        [1e+00, 5e+06]
Presolve removed 88461 rows and 1015379 columns
Presolve time: 2.77s
Presolved: 2571 rows, 5790 columns, 26751 nonzeros
Variable types: 1066 continuous, 4724 integer (4721 binary)

Root relaxation: objective 2.336613e+09, 2995 iterations, 0.08 seconds (0.08 work units)

    Nodes    |    Current Node    |     Objective Bounds      |     Work
 Expl Unexpl |  Obj  Depth IntInf | Incumbent    BestBd   Gap | It/Node Time

     0     0 2.3366e+09    0   54          - 2.3366e+09      -     -    3s
H    0     0                    2.223983e+09 2.3366e+09  5.06%     -    3s
H    0     0                    2.323218e+09 2.3366e+09  0.58%     -    3s

Explored 1 nodes (3015 simplex iterations) in 3.80 seconds (2.13 work units)
Thread count was 20 (of 40 available processors)

Solution count 2: 2.32322e+09 2.22398e+09 

Optimal solution found (tolerance 1.00e-02)
Best objective 2.323217951038e+09, best bound 2.336612794452e+09, gap 0.5766%
