
Gurobi 10.0.1 (linux64) logging started Sat May 20 11:56:48 2023

Set parameter LogFile to value "logFiles/A-2L-D/A-2L-6U-15F-15V-240D/basic-05-20-2023, 11-56-H90-P90-O7.log"
Gurobi Optimizer version 10.0.1 build v10.0.1rc0 (linux64)

CPU model: Intel(R) Xeon(R) Gold 5115 CPU @ 2.40GHz, instruction set [SSE2|AVX|AVX2|AVX512]
Thread count: 20 physical cores, 40 logical processors, using up to 20 threads

Optimize a model with 59290 rows, 747350 columns and 4222392 nonzeros
Model fingerprint: 0x175aa1f9
Variable types: 437546 continuous, 309804 integer (309804 binary)
Coefficient statistics:
  Matrix range     [1e+00, 2e+05]
  Objective range  [4e+01, 3e+07]
  Bounds range     [1e+00, 1e+00]
  RHS range        [1e+00, 4e+06]
Presolve removed 37082 rows and 16129 columns (presolve time = 5s) ...
Presolve removed 37082 rows and 16144 columns (presolve time = 10s) ...
Presolve removed 37082 rows and 16144 columns (presolve time = 15s) ...
Presolve removed 37039 rows and 16101 columns
Presolve time: 15.01s
Presolved: 22251 rows, 731249 columns, 3486203 nonzeros
Variable types: 426505 continuous, 304744 integer (304726 binary)
Deterministic concurrent LP optimizer: primal simplex, dual simplex, and barrier
Showing barrier log only...

Root barrier log...

Elapsed ordering time = 5s
Ordering time: 5.71s

Barrier statistics:
 AA' NZ     : 1.725e+06
 Factor NZ  : 1.034e+07 (roughly 400 MB of memory)
 Factor Ops : 1.471e+10 (less than 1 second per iteration)
 Threads    : 17

                  Objective                Residual
Iter       Primal          Dual         Primal    Dual     Compl     Time
   0  -5.95294603e+16  5.93394816e+13  2.49e+09 8.98e+06  3.14e+12    27s
   1  -1.57092923e+16  7.30713322e+13  6.59e+08 7.68e+06  8.35e+11    28s
   2  -2.03249023e+15  7.69281270e+13  8.57e+07 5.37e+05  1.13e+11    28s
   3  -2.60831901e+13  5.54778098e+13  1.10e+06 4.20e+03  1.49e+09    28s
   4  -3.48919932e+12  1.60869360e+13  1.47e+05 2.07e+02  2.10e+08    29s
   5  -6.16766681e+11  1.08692063e+13  2.60e+04 9.44e+01  4.22e+07    29s
   6  -2.04701661e+11  7.94148251e+12  8.68e+03 9.39e+01  1.65e+07    29s
   7  -1.18930018e+11  6.03297340e+12  5.08e+03 5.92e+01  1.02e+07    30s
   8  -9.03898725e+10  3.53611704e+12  3.89e+03 2.65e+01  6.55e+06    30s
   9  -5.12449084e+10  2.85447399e+12  2.25e+03 1.95e+01  4.24e+06    30s
  10  -1.61847385e+10  1.16373220e+12  7.79e+02 5.46e+00  1.48e+06    31s
  11  -6.05705270e+09  4.20742480e+11  3.57e+02 1.22e+00  5.70e+05    31s
  12  -8.41857705e+08  2.45418433e+11  1.41e+02 6.34e-01  2.75e+05    32s
  13  -5.20508643e+07  1.94415582e+11  1.09e+02 4.95e-01  2.14e+05    32s
  14   1.86089134e+08  1.45298819e+11  9.95e+01 3.20e-01  1.74e+05    32s
  15   1.74878808e+09  1.25680738e+11  3.70e+01 2.69e-01  1.12e+05    32s
  16   1.97947914e+09  8.00071640e+10  2.78e+01 1.61e-01  7.43e+04    33s
  17   2.23028675e+09  4.14157630e+10  1.78e+01 8.56e-02  4.07e+04    33s
  18   2.30124921e+09  2.47511100e+10  1.51e+01 4.29e-02  2.73e+04    34s
  19   2.36421120e+09  2.08393189e+10  1.27e+01 3.50e-02  2.27e+04    34s
  20   2.44964526e+09  1.96294793e+10  9.49e+00 3.24e-02  1.93e+04    34s
  21   2.51821202e+09  1.68626082e+10  6.97e+00 2.77e-02  1.54e+04    35s
  22   2.62148673e+09  1.16562868e+10  3.36e+00 1.69e-02  8.76e+03    35s
  23   2.65766575e+09  9.58504334e+09  2.77e+00 1.33e-02  6.74e+03    36s
  24   2.70305094e+09  7.96437222e+09  1.89e+00 9.59e-03  4.85e+03    36s
  25   2.72449903e+09  6.99880379e+09  1.54e+00 7.49e-03  3.86e+03    36s
  26   2.75022397e+09  5.93566855e+09  1.17e+00 5.25e-03  2.80e+03    37s
  27   2.76638298e+09  4.76048922e+09  9.53e-01 2.95e-03  1.76e+03    37s
  28   2.78554982e+09  4.34298929e+09  7.10e-01 2.21e-03  1.33e+03    38s
  29   2.79645390e+09  3.56379750e+09  5.76e-01 8.84e-04  6.79e+02    38s
  30   2.82425126e+09  3.38293340e+09  2.82e-01 6.19e-04  4.49e+02    38s
  31   2.84337710e+09  3.28674632e+09  1.21e-01 4.90e-04  3.29e+02    39s
  32   2.85136960e+09  3.13796883e+09  7.87e-02 3.09e-04  2.10e+02    39s
  33   2.85425157e+09  3.11341383e+09  6.59e-02 2.77e-04  1.89e+02    39s
  34   2.85739386e+09  3.08780257e+09  5.30e-02 2.39e-04  1.67e+02    40s
  35   2.86091115e+09  3.03688507e+09  3.85e-02 1.74e-04  1.27e+02    40s
  36   2.86196287e+09  3.01483570e+09  3.51e-02 1.47e-04  1.10e+02    40s
  37   2.86422146e+09  2.99328715e+09  2.81e-02 1.22e-04  9.25e+01    41s
  38   2.86446081e+09  2.96244783e+09  2.75e-02 8.50e-05  7.10e+01    41s
  39   2.87205503e+09  2.93631778e+09  1.05e-02 5.43e-05  4.54e+01    42s
  40   2.87290158e+09  2.92021844e+09  9.61e-03 3.14e-05  3.37e+01    42s
  41   2.87774061e+09  2.90997966e+09  5.28e-03 1.93e-05  2.28e+01    43s
  42   2.87823855e+09  2.90849934e+09  5.00e-03 1.64e-05  2.14e+01    43s
  43   2.88094515e+09  2.90348860e+09  3.39e-03 9.11e-06  1.59e+01    43s
  44   2.88433513e+09  2.90024006e+09  1.79e-03 4.53e-06  1.11e+01    44s
  45   2.88546515e+09  2.89805047e+09  1.42e-03 1.73e-06  8.80e+00    44s
  46   2.88667097e+09  2.89623158e+09  1.07e-03 8.09e-07  6.69e+00    45s
  47   2.88726372e+09  2.89583234e+09  9.17e-04 7.81e-07  5.99e+00    45s
  48   2.88807872e+09  2.89466214e+09  7.24e-04 3.24e-07  4.61e+00    46s
  49   2.88837354e+09  2.89412780e+09  6.63e-04 3.60e-07  4.03e+00    46s
  50   2.88887366e+09  2.89385239e+09  5.61e-04 3.73e-07  3.49e+00    47s
  51   2.88943860e+09  2.89336003e+09  4.49e-04 3.55e-07  2.75e+00    47s
  52   2.88995759e+09  2.89314225e+09  3.47e-04 3.12e-07  2.23e+00    48s
  53   2.89047689e+09  2.89282183e+09  2.47e-04 2.71e-07  1.64e+00    48s
  54   2.89084618e+09  2.89263290e+09  1.78e-04 3.36e-07  1.25e+00    49s
  55   2.89094595e+09  2.89240972e+09  1.60e-04 5.22e-07  1.03e+00    49s
  56   2.89123780e+09  2.89225990e+09  1.08e-04 3.06e-07  7.15e-01    50s
  57   2.89140527e+09  2.89213723e+09  7.83e-05 2.84e-07  5.13e-01    50s
  58   2.89157379e+09  2.89205579e+09  4.81e-05 2.71e-07  3.37e-01    51s
  59   2.89171863e+09  2.89194394e+09  2.36e-05 2.96e-07  1.58e-01    51s
  60   2.89181427e+09  2.89192588e+09  7.61e-06 2.47e-07  7.76e-02    52s
  61   2.89184271e+09  2.89189287e+09  3.01e-06 2.72e-07  3.48e-02    52s
  62   2.89184874e+09  2.89187210e+09  2.08e-06 3.36e-07  1.64e-02    52s
  63   2.89185698e+09  2.89186480e+09  3.87e-06 4.27e-07  5.52e-03    52s
  64   2.89186177e+09  2.89186389e+09  6.47e-07 2.59e-07  1.48e-03    53s
  65   2.89186278e+09  2.89186284e+09  2.02e-07 4.97e-07  4.34e-05    53s
  66   2.89186282e+09  2.89186282e+09  1.03e-07 3.71e-07  3.16e-07    54s
  67   2.89186282e+09  2.89186282e+09  9.03e-08 3.58e-07  3.54e-10    54s

Barrier solved model in 67 iterations and 54.06 seconds (48.17 work units)
Optimal objective 2.89186282e+09


Root crossover log...

   18222 DPushes remaining with DInf 0.0000000e+00                54s
       0 DPushes remaining with DInf 0.0000000e+00                55s

    1002 PPushes remaining with PInf 0.0000000e+00                55s
       0 PPushes remaining with PInf 0.0000000e+00                55s

  Push phase complete: Pinf 0.0000000e+00, Dinf 8.0100523e+00     56s


Root simplex log...

Iteration    Objective       Primal Inf.    Dual Inf.      Time
   19189    2.8918628e+09   0.000000e+00   8.010051e+00     56s
   19208    2.8918628e+09   0.000000e+00   0.000000e+00     56s
Concurrent spin time: 4.01s (can be avoided by choosing Method=3)

Solved with barrier
   19208    2.8918628e+09   0.000000e+00   0.000000e+00     60s

Root relaxation: objective 2.891863e+09, 19208 iterations, 42.51 seconds (27.97 work units)

    Nodes    |    Current Node    |     Objective Bounds      |     Work
 Expl Unexpl |  Obj  Depth IntInf | Incumbent    BestBd   Gap | It/Node Time

     0     0 2.8919e+09    0  366          - 2.8919e+09      -     -   64s
     0     0 2.8918e+09    0  375          - 2.8918e+09      -     -  167s
     0     0 2.8918e+09    0  337          - 2.8918e+09      -     -  212s
     0     0 2.8918e+09    0  342          - 2.8918e+09      -     -  224s
     0     0 2.8918e+09    0  367          - 2.8918e+09      -     -  280s
     0     0 2.8918e+09    0  344          - 2.8918e+09      -     -  313s
     0     0 2.8918e+09    0  352          - 2.8918e+09      -     -  316s
     0     0 2.8917e+09    0  363          - 2.8917e+09      -     -  370s
     0     0 2.8917e+09    0  330          - 2.8917e+09      -     -  416s
     0     0 2.8917e+09    0  346          - 2.8917e+09      -     -  438s
     0     0 2.8917e+09    0  356          - 2.8917e+09      -     -  441s

Cutting planes:
  Cover: 8
  Implied bound: 29
  Clique: 2
  MIR: 27
  Flow cover: 42
  GUB cover: 1
  RLT: 8
  Relax-and-lift: 14

Explored 1 nodes (58365 simplex iterations) in 442.75 seconds (385.18 work units)
Thread count was 20 (of 40 available processors)

Solution count 0

Solve interrupted
Best objective -, best bound 2.891737520435e+09, gap -
IIS computation: initial model status unknown, solving to determine model status

Explored 0 nodes (0 simplex iterations) in 0.26 seconds (0.00 work units)
Thread count was 1 (of 40 available processors)

Solution count 0

Solve interrupted
Best objective -, best bound -, gap -
IIS runtime: 0.31 seconds (0.00 work units)
