
Gurobi 10.0.1 (linux64) logging started Sat May 20 11:56:25 2023

Set parameter LogFile to value "logFiles/A-2L-D/A-2L-6U-15F-15V-240D/basic-05-20-2023, 11-56-H90-P110-O7.log"
Gurobi Optimizer version 10.0.1 build v10.0.1rc0 (linux64)

CPU model: Intel(R) Xeon(R) Gold 5115 CPU @ 2.40GHz, instruction set [SSE2|AVX|AVX2|AVX512]
Thread count: 20 physical cores, 40 logical processors, using up to 20 threads

Optimize a model with 65698 rows, 851794 columns and 4688613 nonzeros
Model fingerprint: 0x35b79b83
Variable types: 541990 continuous, 309804 integer (309804 binary)
Coefficient statistics:
  Matrix range     [1e+00, 2e+05]
  Objective range  [4e+01, 3e+07]
  Bounds range     [1e+00, 1e+00]
  RHS range        [1e+00, 4e+06]
Presolve removed 39630 rows and 15047 columns (presolve time = 5s) ...
Presolve removed 40411 rows and 15256 columns (presolve time = 10s) ...
Presolve removed 40411 rows and 15256 columns (presolve time = 15s) ...
Presolve removed 40368 rows and 15213 columns
Presolve time: 15.35s
Presolved: 25330 rows, 836581 columns, 3943881 nonzeros
Variable types: 531837 continuous, 304744 integer (304726 binary)
Deterministic concurrent LP optimizer: primal simplex, dual simplex, and barrier
Showing barrier log only...

Root barrier log...

Ordering time: 1.76s

Barrier statistics:
 AA' NZ     : 1.990e+06
 Factor NZ  : 1.609e+07 (roughly 500 MB of memory)
 Factor Ops : 3.512e+10 (less than 1 second per iteration)
 Threads    : 17

                  Objective                Residual
Iter       Primal          Dual         Primal    Dual     Compl     Time
   0  -6.90138345e+16  1.13067376e+14  2.49e+09 1.81e+07  5.80e+12    24s
   1  -1.82725006e+16  1.37016991e+14  6.60e+08 1.56e+07  1.54e+12    24s
   2  -3.41609996e+15  1.50931750e+14  1.24e+08 9.46e+05  2.97e+11    25s
   3  -5.53758897e+13  1.10931241e+14  2.01e+06 5.71e+03  4.88e+09    25s
   4  -2.67975504e+13  6.39239642e+13  9.72e+05 1.57e+03  2.36e+09    26s
   5  -6.28800035e+12  2.62454540e+13  2.28e+05 2.32e+02  5.65e+08    26s
   6  -1.64416077e+12  2.21703900e+13  5.97e+04 1.36e+02  1.56e+08    27s
   7  -4.45493801e+11  1.65965670e+13  1.62e+04 7.92e+01  4.78e+07    27s
   8  -2.62203241e+11  1.07731036e+13  9.76e+03 2.38e+01  2.71e+07    28s
   9  -1.69095170e+11  5.90029446e+12  6.44e+03 4.10e-08  1.56e+07    29s
  10  -1.05400671e+11  4.28107017e+12  4.09e+03 3.74e-08  9.79e+06    30s
  11  -7.56516992e+10  2.65250881e+12  2.98e+03 4.10e-08  6.46e+06    30s
  12  -2.87027455e+10  1.00435498e+12  1.19e+03 4.80e-08  2.35e+06    31s
  13  -8.47170098e+09  3.87057021e+11  4.30e+02 5.17e-08  8.17e+05    31s
  14  -6.45590732e+08  1.84438875e+11  1.37e+02 6.58e-08  2.89e+05    32s
  15   2.37997989e+08  1.20008582e+11  1.05e+02 8.57e-08  2.05e+05    32s
  16   8.88105077e+08  9.79240625e+10  8.11e+01 1.09e-07  1.62e+05    33s
  17   1.86769991e+09  8.17211224e+10  4.56e+01 1.22e-07  1.06e+05    33s
  18   2.11097083e+09  5.68426014e+10  3.68e+01 1.44e-07  7.93e+04    33s
  19   2.24380228e+09  4.12896794e+10  3.21e+01 1.42e-07  6.29e+04    34s
  20   2.42134681e+09  2.73222523e+10  2.57e+01 2.11e-07  4.53e+04    34s
  21   2.79589654e+09  1.97904578e+10  1.24e+01 1.50e-07  2.48e+04    35s
  22   2.81044958e+09  1.73468196e+10  1.19e+01 1.64e-07  2.27e+04    35s
  23   2.91075156e+09  1.58645252e+10  8.50e+00 2.00e-07  1.77e+04    36s
  24   2.94644956e+09  1.53650455e+10  7.37e+00 2.11e-07  1.61e+04    37s
  25   3.00118564e+09  1.31436467e+10  5.74e+00 2.20e-07  1.26e+04    37s
  26   3.05412704e+09  1.15968340e+10  4.46e+00 2.72e-07  1.00e+04    38s
  27   3.07710924e+09  9.98742001e+09  3.87e+00 3.10e-07  8.13e+03    38s
  28   3.09407567e+09  9.72487149e+09  3.58e+00 4.15e-07  7.61e+03    39s
  29   3.09737895e+09  8.82039300e+09  3.35e+00 4.29e-07  6.70e+03    39s
  30   3.11203882e+09  8.03216647e+09  3.06e+00 4.49e-07  5.75e+03    40s
  31   3.15440835e+09  6.50657767e+09  2.31e+00 3.31e-07  3.83e+03    40s
  32   3.18435548e+09  5.58116619e+09  1.77e+00 2.21e-07  2.62e+03    41s
  33   3.25346497e+09  4.76456151e+09  5.61e-01 2.67e-07  1.21e+03    42s
  34   3.27682533e+09  4.29713494e+09  2.80e-01 2.25e-07  7.30e+02    42s
  35   3.28950240e+09  3.80156847e+09  1.85e-01 2.08e-07  3.59e+02    43s
  36   3.29490735e+09  3.60961007e+09  1.52e-01 2.47e-07  2.22e+02    43s
  37   3.29961033e+09  3.56203917e+09  1.31e-01 3.13e-07  1.85e+02    43s
  38   3.30258064e+09  3.48520486e+09  1.18e-01 2.40e-07  1.31e+02    44s
  39   3.31055614e+09  3.47818394e+09  8.77e-02 3.18e-07  1.16e+02    44s
  40   3.31877388e+09  3.43007192e+09  6.18e-02 3.00e-07  7.68e+01    45s
  41   3.32005205e+09  3.41975614e+09  5.86e-02 2.82e-07  6.92e+01    45s
  42   3.32774594e+09  3.39058922e+09  4.25e-02 2.13e-07  4.35e+01    46s
  43   3.33051813e+09  3.38023884e+09  3.71e-02 2.68e-07  3.47e+01    47s
  44   3.33464069e+09  3.37706541e+09  2.95e-02 2.73e-07  2.91e+01    47s
  45   3.33714836e+09  3.37278692e+09  2.51e-02 2.82e-07  2.44e+01    48s
  46   3.33992544e+09  3.37003959e+09  2.10e-02 2.87e-07  2.05e+01    48s
  47   3.34191369e+09  3.36744364e+09  1.82e-02 2.01e-07  1.74e+01    49s
  48   3.34296632e+09  3.36582985e+09  1.68e-02 2.25e-07  1.57e+01    49s
  49   3.34343472e+09  3.36443126e+09  1.61e-02 2.28e-07  1.44e+01    50s
  50   3.34489703e+09  3.36353141e+09  1.41e-02 2.44e-07  1.28e+01    50s
  51   3.34551619e+09  3.36293220e+09  1.33e-02 2.24e-07  1.19e+01    51s
  52   3.34668238e+09  3.36228994e+09  1.19e-02 2.05e-07  1.06e+01    52s
  53   3.34723397e+09  3.36210895e+09  1.12e-02 2.91e-07  1.01e+01    52s
  54   3.34859941e+09  3.36145194e+09  9.58e-03 2.87e-07  8.72e+00    53s
  55   3.34912943e+09  3.36079626e+09  8.96e-03 2.65e-07  7.92e+00    53s
  56   3.34985244e+09  3.36036146e+09  8.15e-03 2.43e-07  7.12e+00    54s
  57   3.35012998e+09  3.36022180e+09  7.84e-03 2.26e-07  6.84e+00    54s
  58   3.35049976e+09  3.36003809e+09  7.44e-03 2.21e-07  6.46e+00    55s
  59   3.35081007e+09  3.35982633e+09  7.10e-03 2.98e-07  6.09e+00    56s
  60   3.35099301e+09  3.35975793e+09  6.90e-03 2.72e-07  5.92e+00    56s
  61   3.35131666e+09  3.35955187e+09  6.55e-03 2.73e-07  5.56e+00    57s
  62   3.35175005e+09  3.35945776e+09  6.15e-03 2.34e-07  5.20e+00    57s
  63   3.35192676e+09  3.35937689e+09  5.96e-03 2.23e-07  5.03e+00    58s
  64   3.35253634e+09  3.35925684e+09  5.30e-03 2.86e-07  4.52e+00    58s
  65   3.35291246e+09  3.35912863e+09  4.92e-03 2.82e-07  4.17e+00    59s
  66   3.35335014e+09  3.35899979e+09  4.47e-03 3.07e-07  3.78e+00    60s
  67   3.35429780e+09  3.35886544e+09  3.56e-03 2.44e-07  3.04e+00    60s
  68   3.35453970e+09  3.35877309e+09  3.33e-03 2.87e-07  2.81e+00    61s
  69   3.35489120e+09  3.35866876e+09  2.99e-03 2.81e-07  2.51e+00    62s
  70   3.35506728e+09  3.35861827e+09  2.82e-03 2.49e-07  2.36e+00    62s
  71   3.35556261e+09  3.35851427e+09  2.35e-03 2.89e-07  1.96e+00    63s
  72   3.35589811e+09  3.35844566e+09  2.02e-03 2.33e-07  1.69e+00    63s
  73   3.35619410e+09  3.35839353e+09  1.75e-03 1.84e-07  1.45e+00    64s
  74   3.35635758e+09  3.35834729e+09  1.60e-03 1.85e-07  1.31e+00    65s
  75   3.35649819e+09  3.35830964e+09  1.46e-03 1.91e-07  1.20e+00    65s
  76   3.35656912e+09  3.35828585e+09  1.39e-03 2.21e-07  1.13e+00    66s
  77   3.35660796e+09  3.35826312e+09  1.35e-03 2.33e-07  1.09e+00    67s
  78   3.35672882e+09  3.35824641e+09  1.23e-03 2.26e-07  1.00e+00    67s
  79   3.35680414e+09  3.35821999e+09  1.16e-03 2.45e-07  9.34e-01    68s
  80   3.35696938e+09  3.35820444e+09  1.00e-03 2.01e-07  8.13e-01    68s
  81   3.35725322e+09  3.35815816e+09  7.30e-04 2.10e-07  5.95e-01    69s
  82   3.35741306e+09  3.35811594e+09  5.77e-04 1.51e-07  4.62e-01    70s
  83   3.35758108e+09  3.35808602e+09  4.13e-04 1.71e-07  3.32e-01    70s
  84   3.35763936e+09  3.35808185e+09  3.57e-04 1.84e-07  2.90e-01    71s
  85   3.35772056e+09  3.35806552e+09  2.76e-04 1.65e-07  2.26e-01    72s
  86   3.35777076e+09  3.35805624e+09  2.29e-04 1.40e-07  1.87e-01    72s
  87   3.35787736e+09  3.35803973e+09  1.26e-04 2.27e-07  1.06e-01    73s
  88   3.35795532e+09  3.35803731e+09  5.14e-05 2.49e-07  5.26e-02    74s
  89   3.35798720e+09  3.35802109e+09  2.14e-05 1.65e-07  2.18e-02    74s
  90   3.35799552e+09  3.35801683e+09  1.37e-05 1.22e-07  1.37e-02    75s
  91   3.35800521e+09  3.35801448e+09  4.98e-06 1.63e-07  5.90e-03    76s
  92   3.35800805e+09  3.35801295e+09  2.40e-06 1.64e-07  3.11e-03    76s
  93   3.35800917e+09  3.35801244e+09  1.40e-06 2.35e-07  2.06e-03    77s
  94   3.35801062e+09  3.35801134e+09  1.48e-07 1.61e-07  4.40e-04    77s
  95   3.35801081e+09  3.35801088e+09  8.10e-08 1.79e-07  4.39e-05    78s
  96   3.35801083e+09  3.35801083e+09  9.69e-08 1.45e-07  9.46e-07    78s
  97   3.35801083e+09  3.35801083e+09  1.78e-07 1.79e-07  1.22e-10    79s

Barrier solved model in 97 iterations and 79.06 seconds (69.56 work units)
Optimal objective 3.35801083e+09


Root crossover log...

   20952 DPushes remaining with DInf 0.0000000e+00                79s
       6 DPushes remaining with DInf 0.0000000e+00                81s
       0 DPushes remaining with DInf 0.0000000e+00                81s

     880 PPushes remaining with PInf 6.0235275e-06                81s
       0 PPushes remaining with PInf 0.0000000e+00                81s

  Push phase complete: Pinf 0.0000000e+00, Dinf 6.2652589e-02     81s


Root simplex log...

Iteration    Objective       Primal Inf.    Dual Inf.      Time
   21796    3.3580108e+09   0.000000e+00   6.265244e-02     81s
   21798    3.3580108e+09   0.000000e+00   0.000000e+00     81s
Concurrent spin time: 0.06s

Solved with barrier
   21798    3.3580108e+09   0.000000e+00   0.000000e+00     81s

Root relaxation: objective 3.358011e+09, 21798 iterations, 63.22 seconds (46.65 work units)

    Nodes    |    Current Node    |     Objective Bounds      |     Work
 Expl Unexpl |  Obj  Depth IntInf | Incumbent    BestBd   Gap | It/Node Time

     0     0 3.3580e+09    0  432          - 3.3580e+09      -     -   86s
     0     0 3.3579e+09    0  392          - 3.3579e+09      -     -  196s
     0     0 3.3579e+09    0  368          - 3.3579e+09      -     -  255s
     0     0 3.3579e+09    0  377          - 3.3579e+09      -     -  262s
     0     0 3.3579e+09    0  400          - 3.3579e+09      -     -  383s
     0     0 3.3579e+09    0  393          - 3.3579e+09      -     -  475s
     0     0 3.3579e+09    0  397          - 3.3579e+09      -     -  483s
     0     0          -    0               - 3.3579e+09      -     -  510s

Cutting planes:
  Cover: 16
  Implied bound: 34
  Clique: 2
  MIR: 37
  Flow cover: 47
  GUB cover: 5
  Zero half: 4
  Network: 6
  RLT: 13
  Relax-and-lift: 10

Explored 1 nodes (60689 simplex iterations) in 510.10 seconds (443.21 work units)
Thread count was 20 (of 40 available processors)

Solution count 0

Solve interrupted
Best objective -, best bound 3.357871947305e+09, gap -
IIS computation: initial model status unknown, solving to determine model status

Explored 0 nodes (0 simplex iterations) in 0.28 seconds (0.00 work units)
Thread count was 1 (of 40 available processors)

Solution count 0

Solve interrupted
Best objective -, best bound -, gap -
IIS runtime: 0.31 seconds (0.00 work units)
