
Gurobi 10.0.1 (linux64) logging started Sun May 21 05:49:51 2023

Set parameter LogFile to value "logFiles/N-1L-A/N-1L-16U-22F-23V-240D/basic-05-21-2023, 05-49-H90-P90-O7.log"
Gurobi Optimizer version 10.0.1 build v10.0.1rc0 (linux64)

CPU model: Intel(R) Xeon(R) Gold 5115 CPU @ 2.40GHz, instruction set [SSE2|AVX|AVX2|AVX512]
Thread count: 20 physical cores, 40 logical processors, using up to 20 threads

Optimize a model with 146191 rows, 1987094 columns and 13562817 nonzeros
Model fingerprint: 0xa0734fa8
Variable types: 1046466 continuous, 940628 integer (940628 binary)
Coefficient statistics:
  Matrix range     [1e+00, 2e+05]
  Objective range  [4e+01, 3e+07]
  Bounds range     [1e+00, 1e+00]
  RHS range        [1e+00, 4e+06]
Presolve removed 72826 rows and 33748 columns (presolve time = 5s) ...
Presolve removed 74237 rows and 35587 columns (presolve time = 10s) ...
Presolve removed 74237 rows and 35587 columns (presolve time = 15s) ...
Presolve removed 75662 rows and 40115 columns (presolve time = 20s) ...
Presolve removed 75678 rows and 40131 columns (presolve time = 25s) ...
Presolve removed 75678 rows and 40131 columns (presolve time = 30s) ...
Presolve removed 75678 rows and 40147 columns (presolve time = 35s) ...
Presolve removed 75678 rows and 40156 columns (presolve time = 40s) ...
Presolve removed 75678 rows and 40156 columns (presolve time = 45s) ...
Presolve removed 75678 rows and 40156 columns (presolve time = 50s) ...
Presolve removed 75574 rows and 40052 columns
Presolve time: 51.40s
Presolved: 70617 rows, 1947042 columns, 10217328 nonzeros
Variable types: 1019692 continuous, 927350 integer (927350 binary)
Deterministic concurrent LP optimizer: primal simplex, dual simplex, and barrier
Showing barrier log only...

Root barrier log...

Elapsed ordering time = 5s
Ordering time: 5.50s

Barrier statistics:
 AA' NZ     : 4.962e+06
 Factor NZ  : 1.686e+07 (roughly 1.0 GB of memory)
 Factor Ops : 2.869e+10 (less than 1 second per iteration)
 Threads    : 17

                  Objective                Residual
Iter       Primal          Dual         Primal    Dual     Compl     Time
   0  -2.82009559e+16  2.16017526e+14  1.58e+09 7.80e+06  1.07e+12    79s
   1  -1.01610416e+16  1.94974402e+14  5.71e+08 1.01e+07  3.90e+11    80s
   2  -4.03955557e+15  1.45266771e+14  2.27e+08 2.10e+06  1.59e+11    81s
   3  -2.44583202e+14  9.88835746e+13  1.38e+07 2.76e+04  9.78e+09    82s
   4  -5.39452875e+13  5.69134129e+13  3.04e+06 6.63e+03  2.18e+09    83s
   5  -1.66452736e+13  3.62477004e+13  9.38e+05 1.39e+03  6.80e+08    84s
   6  -1.49882434e+13  3.28810291e+13  8.45e+05 9.91e+02  6.15e+08    85s
   7  -2.30540170e+12  2.86593075e+13  1.30e+05 5.39e+02  1.01e+08    86s
   8  -1.06403236e+12  2.64190661e+13  6.02e+04 3.77e+02  4.94e+07    87s
   9  -7.69731921e+11  2.29844176e+13  4.36e+04 2.22e+02  3.58e+07    88s
  10  -3.37940736e+11  1.70674692e+13  1.93e+04 5.72e+01  1.67e+07    89s
  11  -1.49641400e+11  1.00737565e+13  8.74e+03 1.74e+01  7.51e+06    89s
  12  -1.03797862e+11  6.06143778e+12  6.17e+03 5.34e+00  4.69e+06    90s
  13  -2.26209831e+10  2.08703452e+12  1.61e+03 3.12e-08  1.24e+06    91s
  14  -5.13456713e+09  9.51834443e+11  6.42e+02 3.03e-08  4.87e+05    92s
  15   2.38917905e+09  2.50237875e+11  2.25e+02 3.19e-08  1.35e+05    93s
  16   5.24634144e+09  1.20162959e+11  6.73e+01 2.92e-08  5.00e+04    94s
  17   5.44687999e+09  9.85983147e+10  5.62e+01 3.07e-08  4.09e+04    95s
  18   5.69044129e+09  7.76481881e+10  4.28e+01 6.23e-08  3.13e+04    96s
  19   5.89678524e+09  6.83986578e+10  3.16e+01 5.45e-08  2.55e+04    97s
  20   5.92045308e+09  6.52125548e+10  3.03e+01 7.58e-08  2.43e+04    97s
  21   5.93777930e+09  6.21490430e+10  2.94e+01 8.66e-08  2.32e+04    98s
  22   6.07068674e+09  5.20356734e+10  2.23e+01 8.24e-08  1.84e+04   100s
  23   6.20663388e+09  4.31929433e+10  1.51e+01 9.89e-08  1.40e+04   101s
  24   6.28160218e+09  4.06360505e+10  1.15e+01 1.24e-07  1.23e+04   102s
  25   6.30835160e+09  2.94192361e+10  1.02e+01 1.70e-07  8.98e+03   104s
  26   6.35114497e+09  2.81723307e+10  8.25e+00 1.96e-07  8.06e+03   105s
  27   6.40556894e+09  2.32272993e+10  5.73e+00 1.58e-07  6.05e+03   107s
  28   6.46266176e+09  2.01914198e+10  3.16e+00 2.14e-07  4.51e+03   108s
  29   6.49228220e+09  1.75048450e+10  1.98e+00 2.02e-07  3.43e+03   110s
  30   6.50386302e+09  1.63383887e+10  1.66e+00 2.19e-07  3.01e+03   111s
  31   6.53009278e+09  1.58139966e+10  1.35e+00 2.36e-07  2.77e+03   112s
  32   6.54592890e+09  1.26525485e+10  1.16e+00 2.46e-07  1.82e+03   114s
  33   6.60514224e+09  1.16965052e+10  6.68e-01 3.06e-07  1.44e+03   115s
  34   6.61816545e+09  1.04383443e+10  6.10e-01 2.65e-07  1.08e+03   117s
  35   6.63229758e+09  1.03644008e+10  5.57e-01 2.99e-07  1.05e+03   118s
  36   6.64620067e+09  9.84588307e+09  5.07e-01 3.28e-07  8.95e+02   119s
  37   6.65576460e+09  9.53347501e+09  4.73e-01 3.94e-07  8.02e+02   120s
  38   6.69260345e+09  8.79715188e+09  3.81e-01 3.00e-07  5.82e+02   122s
  39   6.71269773e+09  8.20130619e+09  3.35e-01 3.31e-07  4.12e+02   123s
  40   6.75124958e+09  7.68774524e+09  2.27e-01 2.63e-07  2.56e+02   125s
  41   6.78865702e+09  7.28137314e+09  1.52e-01 2.59e-07  1.35e+02   126s
  42   6.80469458e+09  7.10764767e+09  1.23e-01 2.59e-07  8.34e+01   128s
  43   6.81152182e+09  7.04666259e+09  1.11e-01 2.41e-07  6.49e+01   129s
  44   6.81719678e+09  7.02194225e+09  1.00e-01 2.55e-07  5.65e+01   130s
  45   6.82373089e+09  7.00184621e+09  8.76e-02 2.88e-07  4.91e+01   131s
  46   6.83449576e+09  6.97326481e+09  6.96e-02 2.84e-07  3.81e+01   132s
  47   6.83888717e+09  6.95638710e+09  6.18e-02 2.71e-07  3.24e+01   133s
  48   6.84457456e+09  6.95045038e+09  5.39e-02 2.86e-07  2.91e+01   134s
  49   6.85052254e+09  6.94156059e+09  4.47e-02 3.31e-07  2.49e+01   135s
  50   6.85372960e+09  6.93680308e+09  4.01e-02 3.60e-07  2.27e+01   136s
  51   6.85588781e+09  6.93126895e+09  3.73e-02 3.69e-07  2.06e+01   137s
  52   6.85638681e+09  6.93025996e+09  3.66e-02 4.32e-07  2.02e+01   138s
  53   6.85723693e+09  6.92507968e+09  3.54e-02 3.38e-07  1.86e+01   139s
  54   6.86152738e+09  6.92069666e+09  2.98e-02 3.62e-07  1.62e+01   140s
  55   6.86350343e+09  6.91921251e+09  2.75e-02 3.11e-07  1.52e+01   141s
  56   6.86664942e+09  6.91456101e+09  2.38e-02 3.19e-07  1.31e+01   142s
  57   6.86862556e+09  6.91189765e+09  2.17e-02 3.68e-07  1.18e+01   143s
  58   6.86967641e+09  6.91087513e+09  2.06e-02 3.07e-07  1.12e+01   144s
  59   6.87189775e+09  6.90752901e+09  1.84e-02 3.41e-07  9.71e+00   145s
  60   6.87365850e+09  6.90629052e+09  1.66e-02 3.66e-07  8.88e+00   146s
  61   6.87518754e+09  6.90535578e+09  1.52e-02 4.17e-07  8.20e+00   147s
  62   6.87674395e+09  6.90363543e+09  1.37e-02 3.20e-07  7.31e+00   148s
  63   6.87847362e+09  6.90234918e+09  1.22e-02 2.92e-07  6.49e+00   149s
  64   6.88017518e+09  6.90156608e+09  1.06e-02 2.51e-07  5.81e+00   150s
  65   6.88229288e+09  6.90115368e+09  8.74e-03 2.42e-07  5.10e+00   151s
  66   6.88337437e+09  6.89999847e+09  7.81e-03 2.39e-07  4.49e+00   152s
  67   6.88430409e+09  6.89976307e+09  7.04e-03 2.74e-07  4.17e+00   153s
  68   6.88462336e+09  6.89839453e+09  6.78e-03 2.53e-07  3.72e+00   154s
  69   6.88508025e+09  6.89791527e+09  6.41e-03 2.73e-07  3.47e+00   155s
  70   6.88554515e+09  6.89770266e+09  6.05e-03 2.57e-07  3.29e+00   157s
  71   6.88650581e+09  6.89734123e+09  5.30e-03 2.28e-07  2.93e+00   158s
  72   6.88819290e+09  6.89660627e+09  3.98e-03 2.21e-07  2.27e+00   159s
  73   6.88876573e+09  6.89598100e+09  3.55e-03 2.21e-07  1.95e+00   160s
  74   6.88968417e+09  6.89541248e+09  2.85e-03 1.91e-07  1.55e+00   161s
  75   6.89093487e+09  6.89520278e+09  1.90e-03 1.82e-07  1.15e+00   162s
  76   6.89162123e+09  6.89477667e+09  1.37e-03 1.61e-07  8.46e-01   163s
  77   6.89258904e+09  6.89442727e+09  6.35e-04 1.76e-07  4.89e-01   164s
  78   6.89285042e+09  6.89412892e+09  4.51e-04 1.63e-07  3.40e-01   165s
  79   6.89299510e+09  6.89397433e+09  3.47e-04 1.46e-07  2.61e-01   166s
  80   6.89316056e+09  6.89387358e+09  2.29e-04 1.35e-07  1.89e-01   167s
  81   6.89336895e+09  6.89369212e+09  8.48e-05 1.41e-07  8.53e-02   168s
  82   6.89345680e+09  6.89356793e+09  2.88e-05 1.40e-07  2.93e-02   169s
  83   6.89349063e+09  6.89353765e+09  8.04e-06 1.65e-07  1.23e-02   170s
  84   6.89349717e+09  6.89352367e+09  7.37e-05 1.40e-07  6.91e-03   171s
  85   6.89349905e+09  6.89350853e+09  5.58e-05 1.37e-07  2.51e-03   172s
  86   6.89350294e+09  6.89350573e+09  1.73e-05 1.40e-07  7.36e-04   173s
  87   6.89350354e+09  6.89350451e+09  8.45e-06 1.38e-07  2.59e-04   174s
  88   6.89350395e+09  6.89350423e+09  2.24e-06 1.42e-07  7.35e-05   175s
  89   6.89350405e+09  6.89350414e+09  7.49e-07 1.56e-07  2.24e-05   176s
  90   6.89350411e+09  6.89350411e+09  2.81e-08 1.60e-07  1.70e-07   177s
  91   6.89350411e+09  6.89350411e+09  2.83e-08 1.79e-07  9.84e-11   178s

Barrier solved model in 91 iterations and 178.33 seconds (151.69 work units)
Optimal objective 6.89350411e+09


Root crossover log...

   61720 DPushes remaining with DInf 0.0000000e+00               179s
       0 DPushes remaining with DInf 0.0000000e+00               182s

    4067 PPushes remaining with PInf 9.6868473e-05               182s
       0 PPushes remaining with PInf 0.0000000e+00               183s

  Push phase complete: Pinf 0.0000000e+00, Dinf 8.3555677e+04    183s


Root simplex log...

Iteration    Objective       Primal Inf.    Dual Inf.      Time
   65655    6.8935041e+09   0.000000e+00   8.355568e+04    183s
   65657    6.8935041e+09   0.000000e+00   0.000000e+00    183s
Concurrent spin time: 0.04s

Solved with barrier
   65657    6.8935041e+09   0.000000e+00   0.000000e+00    184s

Root relaxation: objective 6.893504e+09, 65657 iterations, 123.36 seconds (83.13 work units)
Total elapsed time = 191.36s
Total elapsed time = 196.39s

    Nodes    |    Current Node    |     Objective Bounds      |     Work
 Expl Unexpl |  Obj  Depth IntInf | Incumbent    BestBd   Gap | It/Node Time

     0     0 6.8935e+09    0  431          - 6.8935e+09      -     -  204s
     0     0 6.8935e+09    0  434          - 6.8935e+09      -     -  919s
     0     0 6.8935e+09    0  415          - 6.8935e+09      -     - 1018s
     0     0 6.8935e+09    0  454          - 6.8935e+09      -     - 1337s
     0     0 6.8935e+09    0  452          - 6.8935e+09      -     - 1521s
     0     0 6.8934e+09    0  416          - 6.8934e+09      -     - 2091s
     0     0 6.8934e+09    0  409          - 6.8934e+09      -     - 2332s
     0     0 6.8934e+09    0  411          - 6.8934e+09      -     - 2368s
     0     0 6.8929e+09    0  412          - 6.8929e+09      -     - 3477s
     0     0 6.8929e+09    0  401          - 6.8929e+09      -     - 3718s
     0     0 6.8929e+09    0  424          - 6.8929e+09      -     - 3904s
     0     0 6.8929e+09    0  399          - 6.8929e+09      -     - 4022s
     0     0 6.8929e+09    0  411          - 6.8929e+09      -     - 4198s
     0     0 6.8929e+09    0  416          - 6.8929e+09      -     - 4298s
     0     0 6.8929e+09    0  409          - 6.8929e+09      -     - 4519s
     0     0 6.8929e+09    0  402          - 6.8929e+09      -     - 4630s
     0     0 6.8929e+09    0  413          - 6.8929e+09      -     - 5029s
     0     0 6.8929e+09    0  454          - 6.8929e+09      -     - 5187s
     0     0 6.8929e+09    0  442          - 6.8929e+09      -     - 6132s
H    0     0                    3.388749e+09 6.8929e+09   103%     - 6134s
     0     0 6.8929e+09    0  400 3.3887e+09 6.8929e+09   103%     - 6192s
     0     2 6.8929e+09    0  393 3.3887e+09 6.8929e+09   103%     - 7636s
     1     4 6.8929e+09    1  418 3.3887e+09 6.8929e+09   103% 20710 8513s
     3     8 6.8929e+09    2  393 3.3887e+09 6.8929e+09   103% 14266 10137s
     7    13 6.8929e+09    3  411 3.3887e+09 6.8929e+09   103% 19778 10800s

Cutting planes:
  Cover: 6
  Implied bound: 18
  Clique: 2
  MIR: 49
  StrongCG: 1
  Flow cover: 22
  GUB cover: 1
  Network: 3
  RLT: 15
  Relax-and-lift: 4

Cleanup yields a better solution

Explored 12 nodes (431658 simplex iterations) in 10800.83 seconds (10445.72 work units)
Thread count was 20 (of 40 available processors)

Solution count 2: 5.3614e+09 3.38875e+09 

Time limit reached
Best objective 5.361396359100e+09, best bound 6.892903077151e+09, gap 28.5654%
Gurobi Optimizer version 10.0.1 build v10.0.1rc0 (linux64)

CPU model: Intel(R) Xeon(R) Gold 5115 CPU @ 2.40GHz, instruction set [SSE2|AVX|AVX2|AVX512]
Thread count: 20 physical cores, 40 logical processors, using up to 20 threads

Optimize a model with 215774 rows, 2616068 columns and 20602419 nonzeros
Model fingerprint: 0x99b80632
Variable types: 619115 continuous, 1996953 integer (1996953 binary)
Coefficient statistics:
  Matrix range     [1e+00, 2e+05]
  Objective range  [4e+01, 3e+07]
  Bounds range     [2e-08, 3e+05]
  RHS range        [1e+00, 4e+06]
Presolve removed 144961 rows and 916692 columns (presolve time = 6s) ...
Presolve removed 167090 rows and 1534126 columns (presolve time = 10s) ...
Presolve removed 176668 rows and 1868767 columns (presolve time = 15s) ...
Presolve removed 178520 rows and 1871155 columns (presolve time = 20s) ...
Presolve removed 178532 rows and 1871155 columns (presolve time = 25s) ...
Presolve removed 188228 rows and 2030481 columns (presolve time = 30s) ...
Presolve removed 188256 rows and 2031513 columns (presolve time = 35s) ...
Presolve removed 188260 rows and 2031517 columns (presolve time = 40s) ...
Presolve removed 188288 rows and 2032514 columns (presolve time = 45s) ...
Presolve removed 188316 rows and 2033467 columns (presolve time = 50s) ...
Presolve removed 188990 rows and 2056085 columns (presolve time = 55s) ...
Presolve removed 190863 rows and 2124018 columns (presolve time = 60s) ...
Presolve removed 190869 rows and 2124018 columns (presolve time = 65s) ...
Presolve removed 190869 rows and 2124018 columns (presolve time = 72s) ...
Presolve removed 190789 rows and 2123938 columns
Presolve time: 73.35s
Presolved: 24985 rows, 492130 columns, 2475530 nonzeros
Variable types: 208079 continuous, 284051 integer (284051 binary)
Deterministic concurrent LP optimizer: primal simplex, dual simplex, and barrier
Showing barrier log only...

Root barrier log...

Ordering time: 1.37s

Barrier statistics:
 AA' NZ     : 1.286e+06
 Factor NZ  : 3.309e+06 (roughly 230 MB of memory)
 Factor Ops : 1.886e+09 (less than 1 second per iteration)
 Threads    : 17

                  Objective                Residual
Iter       Primal          Dual         Primal    Dual     Compl     Time
   0  -2.59252217e+15  2.49884846e+13  1.28e+08 1.08e+06  6.69e+10    85s
   1  -1.51583103e+15  1.31371724e+13  7.51e+07 8.75e+05  4.02e+10    85s
   2  -1.17165438e+14  6.57019352e+12  5.86e+06 4.25e+04  3.21e+09    85s
   3  -1.80735641e+13  4.30596398e+12  9.04e+05 3.07e+03  5.01e+08    86s
   4  -2.82112565e+12  2.29216314e+12  1.41e+05 1.52e+02  8.08e+07    86s
   5  -6.46619681e+11  1.53222932e+12  3.24e+04 2.40e+01  1.96e+07    87s
   6  -5.23225510e+11  1.27870176e+12  2.62e+04 7.22e+00  1.55e+07    87s
   7  -3.51190315e+11  1.09366186e+12  1.76e+04 5.59e-09  1.04e+07    87s
   8  -1.68064443e+11  8.74390321e+11  8.50e+03 5.59e-09  5.06e+06    87s
   9  -6.76627707e+10  5.30014565e+11  3.50e+03 4.66e-09  2.02e+06    88s
  10  -3.60596465e+10  2.98317789e+11  1.93e+03 4.25e-09  9.99e+05    88s
  11  -2.43843785e+09  1.37989520e+11  2.65e+02 4.95e-09  2.18e+05    88s
  12   1.38210813e+09  6.54634446e+10  7.60e+01 5.36e-09  8.38e+04    89s
  13   1.87192342e+09  4.94645629e+10  5.19e+01 8.32e-09  6.08e+04    89s
  14   2.17941275e+09  3.37382304e+10  3.68e+01 1.68e-08  4.06e+04    89s
  15   2.32449919e+09  3.13733659e+10  2.97e+01 3.47e-08  3.64e+04    90s
  16   2.45908913e+09  2.88347359e+10  2.33e+01 1.87e-08  3.22e+04    90s
  17   2.59039826e+09  1.94436872e+10  1.72e+01 1.59e-08  2.11e+04    90s
  18   2.71447875e+09  1.55204697e+10  1.15e+01 2.47e-08  1.60e+04    91s
  19   2.78045331e+09  1.35374107e+10  8.53e+00 3.50e-08  1.33e+04    91s
  20   2.81120889e+09  1.03747951e+10  7.12e+00 7.82e-08  1.03e+04    92s
  21   2.83194149e+09  8.94956061e+09  6.13e+00 8.61e-08  8.77e+03    92s
  22   2.84686377e+09  8.25911577e+09  5.47e+00 1.16e-07  7.91e+03    93s
  23   2.86006461e+09  7.66410790e+09  5.24e+00 1.14e-07  7.34e+03    93s
  24   2.86905191e+09  7.44979510e+09  4.93e+00 1.08e-07  6.98e+03    94s
  25   2.89357123e+09  7.00807858e+09  4.46e+00 1.15e-07  6.34e+03    94s
  26   2.91912437e+09  6.89775468e+09  4.13e+00 1.15e-07  6.05e+03    95s
  27   2.92521830e+09  6.66819890e+09  4.04e+00 1.56e-07  5.76e+03    95s
  28   2.93730749e+09  6.38586865e+09  3.89e+00 1.56e-07  5.36e+03    96s
  29   2.95323382e+09  6.21958800e+09  3.65e+00 1.80e-07  5.06e+03    96s
  30   2.97128851e+09  5.86247268e+09  3.38e+00 2.05e-07  4.53e+03    97s
  31   2.98824036e+09  5.55014447e+09  3.14e+00 1.66e-07  4.02e+03    97s
  32   3.01852872e+09  5.21409172e+09  2.63e+00 1.30e-07  3.35e+03    98s
  33   3.03123065e+09  4.90459973e+09  2.42e+00 1.56e-07  2.87e+03    98s
  34   3.05299765e+09  4.48848079e+09  2.04e+00 1.42e-07  2.17e+03    99s
  35   3.05927401e+09  4.26493227e+09  1.83e+00 1.17e-07  1.81e+03    99s
  36   3.07743420e+09  4.06094218e+09  1.46e+00 8.66e-08  1.42e+03    99s
  37   3.08350726e+09  3.96305480e+09  1.32e+00 8.71e-08  1.25e+03   100s
  38   3.08730347e+09  3.72751972e+09  1.21e+00 7.45e-08  9.14e+02   100s
  39   3.10391494e+09  3.53862361e+09  7.46e-01 4.52e-08  5.66e+02   101s
  40   3.11264885e+09  3.37994041e+09  4.97e-01 3.17e-08  3.29e+02   101s
  41   3.11677732e+09  3.29740059e+09  3.94e-01 2.28e-08  2.14e+02   102s
  42   3.11759143e+09  3.29030903e+09  3.74e-01 2.65e-08  2.03e+02   102s
  43   3.12077274e+09  3.27407751e+09  2.98e-01 2.47e-08  1.75e+02   103s
  44   3.12126499e+09  3.25927700e+09  2.85e-01 2.19e-08  1.57e+02   103s
  45   3.12153210e+09  3.23758706e+09  2.79e-01 2.05e-08  1.32e+02   103s
  46   3.12252797e+09  3.22342563e+09  2.57e-01 2.05e-08  1.13e+02   104s
  47   3.12552728e+09  3.20314226e+09  2.00e-01 1.40e-08  8.48e+01   104s
  48   3.13005054e+09  3.18372500e+09  1.16e-01 1.12e-08  5.66e+01   104s
  49   3.13026180e+09  3.17959536e+09  1.13e-01 8.85e-09  5.18e+01   104s
  50   3.13230469e+09  3.17370560e+09  8.60e-02 1.07e-08  4.30e+01   105s
  51   3.13260064e+09  3.16918203e+09  8.23e-02 8.85e-09  3.79e+01   105s
  52   3.13293916e+09  3.16653558e+09  7.83e-02 8.85e-09  3.46e+01   105s
  53   3.13351170e+09  3.16114739e+09  7.21e-02 9.31e-09  2.83e+01   106s
  54   3.13374276e+09  3.16030192e+09  6.98e-02 1.12e-08  2.71e+01   106s
  55   3.13523563e+09  3.15774290e+09  5.54e-02 9.31e-09  2.29e+01   106s
  56   3.13553605e+09  3.15682266e+09  5.29e-02 1.12e-08  2.16e+01   106s
  57   3.13756052e+09  3.15497880e+09  4.01e-02 8.85e-09  1.76e+01   107s
  58   3.13829353e+09  3.15269490e+09  3.54e-02 6.05e-09  1.45e+01   107s
  59   3.13843941e+09  3.15199467e+09  3.45e-02 6.98e-09  1.37e+01   107s
  60   3.13938645e+09  3.15098162e+09  2.93e-02 6.05e-09  1.17e+01   108s
  61   3.14010972e+09  3.15022160e+09  2.64e-02 6.98e-09  1.02e+01   108s
  62   3.14028955e+09  3.14963785e+09  2.56e-02 8.38e-09  9.40e+00   108s
  63   3.14299840e+09  3.14910567e+09  1.41e-02 7.92e-09  6.14e+00   109s
  64   3.14385051e+09  3.14862756e+09  1.14e-02 6.98e-09  4.80e+00   109s
  65   3.14504414e+09  3.14822384e+09  7.37e-03 6.52e-09  3.20e+00   110s
  66   3.14548619e+09  3.14806169e+09  6.00e-03 7.45e-09  2.59e+00   110s
  67   3.14613021e+09  3.14779267e+09  3.94e-03 5.12e-09  1.67e+00   111s
  68   3.14638578e+09  3.14775782e+09  3.15e-03 7.45e-09  1.38e+00   111s
  69   3.14695833e+09  3.14754004e+09  1.35e-03 4.66e-09  5.85e-01   112s
  70   3.14698142e+09  3.14747344e+09  1.28e-03 4.66e-09  4.94e-01   112s
  71   3.14725005e+09  3.14743036e+09  4.49e-04 6.05e-09  1.81e-01   113s
  72   3.14737631e+09  3.14741197e+09  8.64e-05 4.66e-09  3.58e-02   113s
  73   3.14740133e+09  3.14740896e+09  1.68e-05 5.12e-09  7.67e-03   113s
  74   3.14740346e+09  3.14740760e+09  1.08e-05 5.12e-09  4.16e-03   113s
  75   3.14740741e+09  3.14740743e+09  2.64e-08 5.12e-09  1.36e-05   114s
  76   3.14740742e+09  3.14740742e+09  1.68e-09 5.59e-09  3.63e-10   114s

Barrier solved model in 76 iterations and 114.13 seconds (75.59 work units)
Optimal objective 3.14740742e+09


Root crossover log...

   16499 DPushes remaining with DInf 0.0000000e+00               114s
       0 DPushes remaining with DInf 0.0000000e+00               115s

    2734 PPushes remaining with PInf 0.0000000e+00               115s
       0 PPushes remaining with PInf 0.0000000e+00               115s

  Push phase complete: Pinf 0.0000000e+00, Dinf 1.1656866e+06    115s


Root simplex log...

Iteration    Objective       Primal Inf.    Dual Inf.      Time
   19156    3.1474074e+09   0.000000e+00   1.165687e+06    115s
   19178    3.1474074e+09   0.000000e+00   0.000000e+00    115s
Concurrent spin time: 3.03s

Solved with barrier
   19184    3.1474074e+09   0.000000e+00   0.000000e+00    119s
Extra simplex iterations after uncrush: 6

Root relaxation: objective 3.147407e+09, 19184 iterations, 39.11 seconds (15.31 work units)
Total elapsed time = 120.56s

    Nodes    |    Current Node    |     Objective Bounds      |     Work
 Expl Unexpl |  Obj  Depth IntInf | Incumbent    BestBd   Gap | It/Node Time

     0     0 3.1474e+09    0  108          - 3.1474e+09      -     -  123s
     0     0 3.1473e+09    0  187          - 3.1473e+09      -     -  158s
     0     0 3.1471e+09    0  203          - 3.1471e+09      -     -  214s
     0     0 3.1470e+09    0  175          - 3.1470e+09      -     -  244s
     0     0 3.1470e+09    0  167          - 3.1470e+09      -     -  254s
     0     0 3.1470e+09    0  167          - 3.1470e+09      -     -  254s
     0     0 3.1469e+09    0  192          - 3.1469e+09      -     -  291s
     0     0 3.1468e+09    0  197          - 3.1468e+09      -     -  318s
     0     0 3.1468e+09    0  197          - 3.1468e+09      -     -  319s
     0     0 3.1460e+09    0  171          - 3.1460e+09      -     -  336s
     0     0 3.1460e+09    0  156          - 3.1460e+09      -     -  369s
     0     0 3.1460e+09    0  153          - 3.1460e+09      -     -  371s
     0     0 3.1460e+09    0  175          - 3.1460e+09      -     -  403s
H    0     0                    3.134814e+09 3.1460e+09  0.36%     -  440s
     0     0 3.1460e+09    0  172 3.1348e+09 3.1460e+09  0.36%     -  449s
     0     0 3.1449e+09    0  199 3.1348e+09 3.1449e+09  0.32%     -  543s
     0     0 3.1449e+09    0  206 3.1348e+09 3.1449e+09  0.32%     -  606s
     0     0 3.1449e+09    0  202 3.1348e+09 3.1449e+09  0.32%     -  616s
     0     0 3.1449e+09    0  204 3.1348e+09 3.1449e+09  0.32%     -  655s
     0     0 3.1449e+09    0  217 3.1348e+09 3.1449e+09  0.32%     -  661s
     0     0 3.1449e+09    0  221 3.1348e+09 3.1449e+09  0.32%     -  682s
     0     0 3.1449e+09    0  209 3.1348e+09 3.1449e+09  0.32%     -  746s
     0     0 3.1449e+09    0  207 3.1348e+09 3.1449e+09  0.32%     -  762s
     0     0 3.1449e+09    0  199 3.1348e+09 3.1449e+09  0.32%     -  786s
     0     0 3.1449e+09    0  197 3.1348e+09 3.1449e+09  0.32%     -  788s
     0     0 3.1449e+09    0  197 3.1348e+09 3.1449e+09  0.32%     -  799s
     0     0 3.1449e+09    0  200 3.1348e+09 3.1449e+09  0.32%     -  831s
     0     0 3.1449e+09    0  201 3.1348e+09 3.1449e+09  0.32%     -  846s
     0     0 3.1449e+09    0  204 3.1348e+09 3.1449e+09  0.32%     -  856s
     0     0 3.1449e+09    0  222 3.1348e+09 3.1449e+09  0.32%     -  863s
     0     0 3.1449e+09    0  196 3.1348e+09 3.1449e+09  0.32%     -  886s
H    0     0                    3.137797e+09 3.1449e+09  0.23%     -  924s
     0     2 3.1449e+09    0  191 3.1378e+09 3.1449e+09  0.23%     -  970s
     1     4 3.1449e+09    1  160 3.1378e+09 3.1449e+09  0.23%  3734 1023s
     3     8 3.1449e+09    2  180 3.1378e+09 3.1449e+09  0.23%  2518 1062s
     7    16 3.1449e+09    3  185 3.1378e+09 3.1449e+09  0.23%  1334 1088s
    15    32 3.1449e+09    4  191 3.1378e+09 3.1449e+09  0.23%   875 1153s
    31    52 3.1449e+09    5  177 3.1378e+09 3.1449e+09  0.23%  1044 1269s
H   33    52                    3.137929e+09 3.1449e+09  0.22%  1012 1270s
H   39    52                    3.139113e+09 3.1449e+09  0.18%   975 1272s
    51    72 3.1445e+09    6  197 3.1391e+09 3.1449e+09  0.18%   993 1367s
    71    92 3.1445e+09    6  214 3.1391e+09 3.1449e+09  0.18%  1241 1452s
    91   112 3.1444e+09    7  163 3.1391e+09 3.1449e+09  0.18%  1328 1504s
   111   132 3.1444e+09    7  208 3.1391e+09 3.1449e+09  0.18%  1269 1579s
H  112   132                    3.139226e+09 3.1449e+09  0.18%  1258 1580s
   131   156 3.1444e+09    8  169 3.1392e+09 3.1449e+09  0.18%  1199 1627s
   155   176 3.1444e+09    9  186 3.1392e+09 3.1449e+09  0.18%  1105 2816s
H  165   176                    3.139629e+09 3.1449e+09  0.17%  1055 2818s
H  171   176                    3.142840e+09 3.1449e+09  0.06%  1042 2819s

Cutting planes:
  Cover: 60
  Implied bound: 17
  MIR: 44
  Flow cover: 58
  GUB cover: 7
  RLT: 4
  Relax-and-lift: 21

Explored 175 nodes (234158 simplex iterations) in 2820.01 seconds (1889.76 work units)
Thread count was 20 (of 40 available processors)

Solution count 7: 3.14284e+09 3.13963e+09 3.13923e+09 ... 3.13481e+09

Optimal solution found (tolerance 1.00e-03)
Best objective 3.142839508807e+09, best bound 3.144877814813e+09, gap 0.0649%
Gurobi Optimizer version 10.0.1 build v10.0.1rc0 (linux64)

CPU model: Intel(R) Xeon(R) Gold 5115 CPU @ 2.40GHz, instruction set [SSE2|AVX|AVX2|AVX512]
Thread count: 20 physical cores, 40 logical processors, using up to 20 threads

Optimize a model with 215684 rows, 2628249 columns and 20069309 nonzeros
Model fingerprint: 0x6df66b47
Variable types: 18239 continuous, 2610010 integer (2610010 binary)
Coefficient statistics:
  Matrix range     [1e+00, 2e+05]
  Objective range  [4e+01, 3e+07]
  Bounds range     [7e-16, 3e+05]
  RHS range        [1e+00, 4e+06]
Presolve removed 204259 rows and 2531807 columns (presolve time = 5s) ...
Presolve removed 207353 rows and 2531882 columns
Presolve time: 8.49s
Presolved: 8331 rows, 96367 columns, 467617 nonzeros
Variable types: 1880 continuous, 94487 integer (94487 binary)
Deterministic concurrent LP optimizer: primal and dual simplex
Showing first log only...


Root simplex log...

Iteration    Objective       Primal Inf.    Dual Inf.      Time
       0    2.2634040e+09   1.520006e+05   8.532074e+12     11s
   30271    2.9103343e+09   0.000000e+00   4.781433e+10     13s
   36659    3.1558911e+09   0.000000e+00   1.771690e+11     15s
Concurrent spin time: 0.51s

Solved with dual simplex

Root simplex log...

Iteration    Objective       Primal Inf.    Dual Inf.      Time
   35063    3.1946222e+09   0.000000e+00   0.000000e+00     18s
Extra simplex iterations after uncrush: 4

Root relaxation: objective 3.194622e+09, 35063 iterations, 7.91 seconds (7.99 work units)

    Nodes    |    Current Node    |     Objective Bounds      |     Work
 Expl Unexpl |  Obj  Depth IntInf | Incumbent    BestBd   Gap | It/Node Time

     0     0 3.1946e+09    0   68          - 3.1946e+09      -     -   18s
H    0     0                    3.163068e+09 3.1946e+09  1.00%     -   26s
H    0     0                    3.169944e+09 3.1946e+09  0.78%     -   29s
     0     0 3.1945e+09    0  106 3.1699e+09 3.1945e+09  0.77%     -   33s
     0     0 3.1945e+09    0  107 3.1699e+09 3.1945e+09  0.77%     -   43s
     0     0 3.1945e+09    0  108 3.1699e+09 3.1945e+09  0.77%     -   43s
     0     0 3.1944e+09    0  118 3.1699e+09 3.1944e+09  0.77%     -   45s
     0     0 3.1944e+09    0  118 3.1699e+09 3.1944e+09  0.77%     -   46s
     0     0 3.1935e+09    0   98 3.1699e+09 3.1935e+09  0.74%     -   46s
     0     0 3.1935e+09    0  107 3.1699e+09 3.1935e+09  0.74%     -   49s
     0     0 3.1935e+09    0  110 3.1699e+09 3.1935e+09  0.74%     -   50s
     0     0 3.1922e+09    0  113 3.1699e+09 3.1922e+09  0.70%     -   51s
     0     0 3.1922e+09    0  117 3.1699e+09 3.1922e+09  0.70%     -   51s
     0     0 3.1922e+09    0  120 3.1699e+09 3.1922e+09  0.70%     -   52s
     0     0 3.1922e+09    0  119 3.1699e+09 3.1922e+09  0.70%     -   53s
     0     0 3.1922e+09    0  126 3.1699e+09 3.1922e+09  0.70%     -   54s
     0     0 3.1922e+09    0   96 3.1699e+09 3.1922e+09  0.70%     -   54s
     0     0 3.1922e+09    0  101 3.1699e+09 3.1922e+09  0.70%     -   54s
     0     0 3.1922e+09    0   98 3.1699e+09 3.1922e+09  0.70%     -   55s
     0     0 3.1922e+09    0   99 3.1699e+09 3.1922e+09  0.70%     -   56s
     0     0 3.1922e+09    0   94 3.1699e+09 3.1922e+09  0.70%     -   57s
     0     0 3.1922e+09    0  110 3.1699e+09 3.1922e+09  0.70%     -   57s
     0     0 3.1922e+09    0  111 3.1699e+09 3.1922e+09  0.70%     -   57s
     0     0 3.1922e+09    0  110 3.1699e+09 3.1922e+09  0.70%     -   58s
     0     0 3.1922e+09    0  112 3.1699e+09 3.1922e+09  0.70%     -   58s
     0     0 3.1922e+09    0  113 3.1699e+09 3.1922e+09  0.70%     -   59s
     0     0 3.1922e+09    0  112 3.1699e+09 3.1922e+09  0.70%     -   60s
     0     0 3.1922e+09    0  118 3.1699e+09 3.1922e+09  0.70%     -   60s
     0     0 3.1922e+09    0  118 3.1699e+09 3.1922e+09  0.70%     -   61s
     0     0 3.1922e+09    0  116 3.1699e+09 3.1922e+09  0.70%     -   62s
     0     0 3.1922e+09    0  119 3.1699e+09 3.1922e+09  0.70%     -   63s
     0     0 3.1922e+09    0  118 3.1699e+09 3.1922e+09  0.70%     -   63s
     0     0 3.1922e+09    0  112 3.1699e+09 3.1922e+09  0.70%     -   64s
     0     0 3.1922e+09    0  114 3.1699e+09 3.1922e+09  0.70%     -   65s
     0     0 3.1922e+09    0  112 3.1699e+09 3.1922e+09  0.70%     -   65s
     0     0 3.1922e+09    0  111 3.1699e+09 3.1922e+09  0.70%     -   66s
H    0     2                    3.170917e+09 3.1922e+09  0.67%     -   76s
     0     2 3.1922e+09    0  108 3.1709e+09 3.1922e+09  0.67%     -   76s
     7    16 3.1922e+09    3  101 3.1709e+09 3.1922e+09  0.67%   426   80s
H   31    52                    3.171790e+09 3.1922e+09  0.64%   434  105s
H   32    52                    3.172381e+09 3.1922e+09  0.62%   428  105s
H   34    52                    3.172525e+09 3.1922e+09  0.62%   413  106s
H   48    52                    3.172829e+09 3.1922e+09  0.61%   338  106s
    51    72 3.1922e+09    6  116 3.1728e+09 3.1922e+09  0.61%   330  114s
    71    92 3.1922e+09    7  117 3.1728e+09 3.1922e+09  0.61%   297  116s
   138   162 3.1922e+09   10  119 3.1728e+09 3.1922e+09  0.61%   198  121s
   209   238 3.1922e+09   13  107 3.1728e+09 3.1922e+09  0.61%   162  126s
   316   435 3.1922e+09   16  108 3.1728e+09 3.1922e+09  0.61%   136  133s
   452   665 3.1922e+09   21  109 3.1728e+09 3.1922e+09  0.61%   119  139s
   695  1104 3.1922e+09   35  108 3.1728e+09 3.1922e+09  0.61%   100  147s
  1157  1473 3.1922e+09   44   99 3.1728e+09 3.1922e+09  0.61%  79.5  155s
H 1168  1473                    3.172834e+09 3.1922e+09  0.61%  79.8  155s
H 1188  1473                    3.172837e+09 3.1922e+09  0.61%  79.1  156s
H 1203  1473                    3.172840e+09 3.1922e+09  0.61%  79.1  156s
H 1586  2190                    3.172850e+09 3.1922e+09  0.61%  66.9  166s
  2399  2713 3.1921e+09   78   94 3.1728e+09 3.1922e+09  0.61%  57.3  177s
H 2471  2619                    3.173308e+09 3.1922e+09  0.59%  58.4  178s
  2967  3475 3.1921e+09  102   91 3.1733e+09 3.1922e+09  0.59%  54.4  190s
H 3878  3627                    3.173531e+09 3.1922e+09  0.59%  52.6  207s
H 3891  3596                    3.173621e+09 3.1922e+09  0.58%  52.7  207s
H 3907  3413                    3.174258e+09 3.1922e+09  0.56%  52.6  207s
H 4018  3387                    3.174898e+09 3.1922e+09  0.54%  52.6  208s
  4070  4978 3.1920e+09  142   74 3.1749e+09 3.1922e+09  0.54%  52.5  225s
H 5661  6729                    3.174908e+09 3.1922e+09  0.54%  49.0  247s
H 6158  6729                    3.174928e+09 3.1922e+09  0.54%  47.1  248s
H 6538  6728                    3.174963e+09 3.1922e+09  0.54%  46.9  248s
H 7102  6728                    3.174970e+09 3.1922e+09  0.54%  45.5  248s
  7414  8931 3.1920e+09  343   62 3.1750e+09 3.1922e+09  0.54%  45.2  267s
H 9208  8931                    3.174981e+09 3.1922e+09  0.54%  42.8  268s
  9617 11233 3.1920e+09  406   60 3.1750e+09 3.1922e+09  0.54%  42.2  287s
H10132 11233                    3.174982e+09 3.1922e+09  0.54%  41.6  287s
 11920 11234 3.1822e+09  449  111 3.1750e+09 3.1922e+09  0.54%  39.8  448s
H11921 10673                    3.174983e+09 3.1922e+09  0.54%  39.8  463s
 11922 10673 3.1919e+09  486   81 3.1750e+09 3.1922e+09  0.54%  39.8  466s
H11922 10139                    3.174989e+09 3.1887e+09  0.43%  39.8  470s
H11922  9632                    3.175247e+09 3.1887e+09  0.42%  39.8  501s
 11924  9634 3.1875e+09  147  115 3.1752e+09 3.1875e+09  0.38%  39.8  505s
 11927  9636 3.1756e+09  747   85 3.1752e+09 3.1870e+09  0.37%  39.7  523s
 11928  9636 3.1869e+09  267  109 3.1752e+09 3.1869e+09  0.37%  39.7  527s
 11930  9638 3.1830e+09   37  103 3.1752e+09 3.1862e+09  0.35%  39.7  530s
 11934  9640 3.1836e+09   29   90 3.1752e+09 3.1836e+09  0.26%  39.7  539s
 11935  9641 3.1828e+09  516  112 3.1752e+09 3.1828e+09  0.24%  39.7  540s
 11940  9644 3.1799e+09  392  105 3.1752e+09 3.1799e+09  0.15%  39.7  550s
 11945  9648 3.1796e+09  367   81 3.1752e+09 3.1796e+09  0.14%  39.7  559s
 11946  9648 3.1795e+09  369  117 3.1752e+09 3.1795e+09  0.14%  39.7  560s
 11949  9650 3.1794e+09  371  108 3.1752e+09 3.1794e+09  0.13%  39.7  576s
 11953  9653 3.1794e+09  324  108 3.1752e+09 3.1794e+09  0.13%  39.7  582s
 11955  9654 3.1794e+09  458  102 3.1752e+09 3.1794e+09  0.13%  39.7  586s
 11961  9658 3.1791e+09   67  125 3.1752e+09 3.1791e+09  0.12%  39.6  591s
 11965  9661 3.1791e+09  205  126 3.1752e+09 3.1791e+09  0.12%  39.6  596s

Cutting planes:
  Gomory: 2
  Cover: 16
  Implied bound: 2
  Clique: 2
  MIR: 25
  Flow cover: 22
  GUB cover: 6
  RLT: 6
  Relax-and-lift: 5

Explored 11965 nodes (664618 simplex iterations) in 599.99 seconds (500.86 work units)
Thread count was 20 (of 40 available processors)

Solution count 10: 3.17525e+09 3.17499e+09 3.17498e+09 ... 3.1749e+09

Optimal solution found (tolerance 1.00e-03)
Best objective 3.175247015296e+09, best bound 3.178346677964e+09, gap 0.0976%
