
Gurobi 10.0.1 (linux64) logging started Mon May 22 03:30:00 2023

Set parameter LogFile to value "logFiles/N-1L-A/N-1L-16U-22F-23V-240D/basic-05-22-2023, 03-29-H70-P50-O15.log"
Gurobi Optimizer version 10.0.1 build v10.0.1rc0 (linux64)

CPU model: Intel(R) Xeon(R) Gold 5115 CPU @ 2.40GHz, instruction set [SSE2|AVX|AVX2|AVX512]
Thread count: 20 physical cores, 40 logical processors, using up to 20 threads

Optimize a model with 98393 rows, 1238871 columns and 7234440 nonzeros
Model fingerprint: 0xa8af3aeb
Variable types: 441749 continuous, 797122 integer (797122 binary)
Coefficient statistics:
  Matrix range     [1e+00, 2e+05]
  Objective range  [4e+01, 3e+07]
  Bounds range     [1e+00, 1e+00]
  RHS range        [1e+00, 2e+06]
Presolve removed 54127 rows and 35211 columns (presolve time = 5s) ...
Presolve removed 54742 rows and 39816 columns (presolve time = 10s) ...
Presolve removed 54758 rows and 39852 columns (presolve time = 15s) ...
Presolve removed 54759 rows and 39860 columns (presolve time = 20s) ...
Presolve removed 54759 rows and 39888 columns (presolve time = 25s) ...
Presolve removed 54759 rows and 39888 columns (presolve time = 30s) ...
Presolve removed 54678 rows and 39807 columns
Presolve time: 30.85s
Presolved: 43715 rows, 1199064 columns, 6166879 nonzeros
Variable types: 415220 continuous, 783844 integer (783844 binary)
Deterministic concurrent LP optimizer: primal simplex, dual simplex, and barrier
Showing barrier log only...

Root barrier log...

Ordering time: 2.39s

Barrier statistics:
 AA' NZ     : 2.907e+06
 Factor NZ  : 9.055e+06 (roughly 600 MB of memory)
 Factor Ops : 1.310e+10 (less than 1 second per iteration)
 Threads    : 17

                  Objective                Residual
Iter       Primal          Dual         Primal    Dual     Compl     Time
   0  -1.34990655e+16  1.02173125e+14  1.09e+09 7.80e+06  9.19e+11    46s
   1  -4.83612626e+15  9.86549119e+13  3.90e+08 1.07e+07  3.32e+11    46s
   2  -2.08493275e+15  8.32649525e+13  1.68e+08 2.89e+06  1.46e+11    47s
   3  -1.52480370e+14  5.91058126e+13  1.24e+07 3.10e+05  1.10e+10    47s
   4  -1.44727003e+13  3.09796498e+13  1.17e+06 1.92e+04  1.06e+09    48s
   5  -8.32397013e+12  2.30580482e+13  6.75e+05 5.03e+03  6.24e+08    48s
   6  -1.77506048e+12  1.99721769e+13  1.44e+05 3.67e+03  1.39e+08    49s
   7  -7.12635578e+11  1.75215169e+13  5.80e+04 1.60e+03  5.94e+07    49s
   8  -6.81942258e+11  1.47814540e+13  5.55e+04 1.14e+03  5.42e+07    50s
   9  -3.55175305e+11  9.59672157e+12  2.91e+04 6.58e+01  2.73e+07    50s
  10  -9.80363945e+10  7.23439940e+12  8.33e+03 1.56e+01  9.26e+06    51s
  11  -5.16938485e+10  4.67058790e+12  4.60e+03 4.44e+00  5.07e+06    51s
  12  -1.31135499e+10  1.04443979e+12  1.50e+03 3.07e-08  1.26e+06    52s
  13   2.52594786e+09  3.78879257e+11  2.60e+02 3.36e-08  2.76e+05    53s
  14   4.83392144e+09  1.69899875e+11  7.90e+01 3.18e-08  1.02e+05    53s
  15   5.26669342e+09  1.12376238e+11  4.52e+01 3.60e-08  6.27e+04    53s
  16   5.35311548e+09  9.23790512e+10  3.85e+01 4.82e-08  5.16e+04    54s
  17   5.41341821e+09  7.59092638e+10  3.38e+01 1.15e-07  4.31e+04    54s
  18   5.53645041e+09  6.73976908e+10  2.45e+01 9.50e-08  3.57e+04    55s
  19   5.65540452e+09  5.38253580e+10  1.59e+01 1.26e-07  2.66e+04    56s
  20   5.66112267e+09  5.14229707e+10  1.55e+01 1.73e-07  2.54e+04    56s
  21   5.72866484e+09  3.61098947e+10  1.06e+01 1.47e-07  1.72e+04    57s
  22   5.73818263e+09  3.52166346e+10  9.95e+00 1.41e-07  1.65e+04    58s
  23   5.75814471e+09  2.66126751e+10  8.51e+00 1.73e-07  1.24e+04    59s
  24   5.78344711e+09  2.28140051e+10  6.67e+00 1.52e-07  1.01e+04    60s
  25   5.80928354e+09  1.70353860e+10  4.73e+00 2.05e-07  6.84e+03    60s
  26   5.81393260e+09  1.66163152e+10  4.44e+00 2.35e-07  6.48e+03    61s
  27   5.83834324e+09  1.44666166e+10  2.96e+00 2.73e-07  4.88e+03    62s
  28   5.88353912e+09  1.36205170e+10  1.60e+00 3.01e-07  3.89e+03    63s
  29   5.88531472e+09  1.28827760e+10  1.58e+00 2.64e-07  3.54e+03    64s
  30   5.92621115e+09  1.21178792e+10  1.12e+00 3.15e-07  2.99e+03    65s
  31   5.92439809e+09  1.11351807e+10  1.06e+00 2.60e-07  2.52e+03    65s
  32   5.99862512e+09  9.45542085e+09  2.72e-01 2.83e-07  1.51e+03    66s
  33   6.01226375e+09  8.50700768e+09  2.40e-01 3.18e-07  1.09e+03    67s
  34   6.03279423e+09  7.84059918e+09  1.92e-01 3.12e-07  7.86e+02    68s
  35   6.07133836e+09  7.50208074e+09  1.41e-01 3.47e-07  6.18e+02    69s
  36   6.09952383e+09  7.30677363e+09  1.11e-01 3.36e-07  5.19e+02    69s
  37   6.10622436e+09  7.16165327e+09  1.03e-01 2.54e-07  4.53e+02    69s
  38   6.11090753e+09  6.95542745e+09  9.85e-02 1.46e-03  3.63e+02    70s
  39   6.12335925e+09  6.83597030e+09  8.78e-02 6.06e-04  3.07e+02    70s
  40   6.12731198e+09  6.78672372e+09  8.39e-02 2.41e-04  2.84e+02    71s
  41   6.14518029e+09  6.66982854e+09  7.03e-02 2.97e-07  2.26e+02    71s
  42   6.15399732e+09  6.54477815e+09  6.51e-02 2.74e-07  1.69e+02    72s
  43   6.16844581e+09  6.50976241e+09  5.46e-02 2.92e-07  1.47e+02    72s
  44   6.17493301e+09  6.46089623e+09  5.02e-02 3.66e-07  1.24e+02    72s
  45   6.18140193e+09  6.40552681e+09  4.49e-02 3.81e-07  9.72e+01    73s
  46   6.18921370e+09  6.38021593e+09  3.90e-02 3.00e-07  8.28e+01    73s
  47   6.19843616e+09  6.33226648e+09  3.22e-02 2.97e-07  5.83e+01    74s
  48   6.20384166e+09  6.31261756e+09  2.83e-02 2.85e-07  4.76e+01    74s
  49   6.20965919e+09  6.30283185e+09  2.47e-02 3.37e-07  4.08e+01    75s
  50   6.21526742e+09  6.29858526e+09  2.14e-02 3.37e-07  3.64e+01    75s
  51   6.21733580e+09  6.28951748e+09  2.03e-02 3.33e-07  3.17e+01    76s
  52   6.21862145e+09  6.28681243e+09  1.95e-02 3.42e-07  2.99e+01    76s
  53   6.22667623e+09  6.28145090e+09  1.47e-02 3.59e-07  2.40e+01    76s
  54   6.23043739e+09  6.27816982e+09  1.28e-02 3.65e-07  2.09e+01    77s
  55   6.23376957e+09  6.27488815e+09  1.10e-02 4.52e-07  1.80e+01    77s
  56   6.23821270e+09  6.27054839e+09  8.77e-03 3.14e-07  1.41e+01    78s
  57   6.24140589e+09  6.26862537e+09  7.40e-03 3.02e-07  1.19e+01    79s
  58   6.24552211e+09  6.26712028e+09  5.74e-03 3.82e-07  9.42e+00    79s
  59   6.24626135e+09  6.26670056e+09  5.45e-03 4.30e-07  8.91e+00    80s
  60   6.24654745e+09  6.26645288e+09  5.34e-03 4.07e-07  8.68e+00    81s
  61   6.24798804e+09  6.26507850e+09  4.81e-03 3.51e-07  7.46e+00    82s
  62   6.24966636e+09  6.26481232e+09  4.12e-03 4.44e-07  6.60e+00    82s
  63   6.25184868e+09  6.26459491e+09  3.23e-03 4.00e-07  5.54e+00    83s
  64   6.25263776e+09  6.26329535e+09  2.91e-03 3.57e-07  4.64e+00    84s
  65   6.25421455e+09  6.26289974e+09  2.31e-03 4.12e-07  3.78e+00    84s
  66   6.25635461e+09  6.26200466e+09  1.42e-03 2.88e-07  2.45e+00    85s
  67   6.25686009e+09  6.26167562e+09  1.23e-03 2.84e-07  2.09e+00    86s
  68   6.25813138e+09  6.26123707e+09  7.57e-04 2.65e-07  1.35e+00    86s
  69   6.25879870e+09  6.26068561e+09  5.06e-04 2.14e-07  8.21e-01    87s
  70   6.25980867e+09  6.26049709e+09  1.37e-04 2.87e-07  2.96e-01    88s
  71   6.26001244e+09  6.26038256e+09  6.23e-05 2.49e-07  1.59e-01    89s
  72   6.26007449e+09  6.26035965e+09  4.10e-05 2.58e-07  1.22e-01    89s
  73   6.26015818e+09  6.26026673e+09  1.11e-05 2.65e-07  4.61e-02    90s
  74   6.26017902e+09  6.26021258e+09  5.22e-06 2.60e-07  1.44e-02    90s
  75   6.26019484e+09  6.26020124e+09  1.05e-06 2.55e-07  2.73e-03    91s
  76   6.26019724e+09  6.26019854e+09  1.78e-07 2.90e-07  5.57e-04    91s
  77   6.26019770e+09  6.26019801e+09  4.72e-07 2.47e-07  1.35e-04    92s
  78   6.26019788e+09  6.26019792e+09  3.28e-07 2.39e-07  1.65e-05    93s
  79   6.26019789e+09  6.26019789e+09  6.44e-08 2.33e-07  2.60e-06    93s
  80   6.26019789e+09  6.26019789e+09  1.47e-08 3.19e-07  8.39e-09    94s

Barrier solved model in 80 iterations and 93.70 seconds (79.20 work units)
Optimal objective 6.26019789e+09


Root crossover log...

   37198 DPushes remaining with DInf 1.3997203e-05                94s
       0 DPushes remaining with DInf 0.0000000e+00                95s

    4552 PPushes remaining with PInf 1.0707873e-04                95s
       0 PPushes remaining with PInf 0.0000000e+00                95s

  Push phase complete: Pinf 0.0000000e+00, Dinf 2.7622905e+06     95s


Root simplex log...

Iteration    Objective       Primal Inf.    Dual Inf.      Time
   41649    6.2601979e+09   0.000000e+00   2.762291e+06     95s
   41737    6.2601979e+09   0.000000e+00   0.000000e+00     95s
Concurrent spin time: 0.03s

Solved with barrier
   42003    6.2601979e+09   0.000000e+00   0.000000e+00     96s
Extra simplex iterations after uncrush: 266

Root relaxation: objective 6.260198e+09, 42003 iterations, 60.04 seconds (41.60 work units)
Total elapsed time = 101.32s

    Nodes    |    Current Node    |     Objective Bounds      |     Work
 Expl Unexpl |  Obj  Depth IntInf | Incumbent    BestBd   Gap | It/Node Time

     0     0 6.2602e+09    0  315          - 6.2602e+09      -     -  107s
     0     0 6.2602e+09    0  351          - 6.2602e+09      -     -  261s
     0     0 6.2601e+09    0  327          - 6.2601e+09      -     -  409s
     0     0 6.2601e+09    0  335          - 6.2601e+09      -     -  456s
     0     0 6.2601e+09    0  338          - 6.2601e+09      -     -  539s
     0     0 6.2601e+09    0  337          - 6.2601e+09      -     -  582s
     0     0 6.2599e+09    0  351          - 6.2599e+09      -     -  639s
     0     0 6.2599e+09    0  338          - 6.2599e+09      -     -  665s
     0     0 6.2599e+09    0  354          - 6.2599e+09      -     -  705s
     0     0 6.2599e+09    0  352          - 6.2599e+09      -     -  774s
     0     0 6.2599e+09    0  350          - 6.2599e+09      -     -  911s
     0     0 6.2599e+09    0  345          - 6.2599e+09      -     -  957s
     0     0 6.2599e+09    0  352          - 6.2599e+09      -     - 1013s
     0     0 6.2599e+09    0  334          - 6.2599e+09      -     - 1052s
     0     0 6.2599e+09    0  328          - 6.2599e+09      -     - 1131s
     0     0 6.2599e+09    0  326          - 6.2599e+09      -     - 1160s
     0     0 6.2599e+09    0  328          - 6.2599e+09      -     - 1260s
     0     0 6.2599e+09    0  299          - 6.2599e+09      -     - 1301s
H    0     0                    6.240635e+09 6.2599e+09  0.31%     - 1587s

Cutting planes:
  Cover: 4
  Implied bound: 6
  Clique: 2
  MIR: 47
  Flow cover: 20
  Network: 3
  RLT: 10
  Relax-and-lift: 5

Explored 1 nodes (159079 simplex iterations) in 1588.02 seconds (1512.41 work units)
Thread count was 20 (of 40 available processors)

Solution count 1: 6.24063e+09 

Optimal solution found (tolerance 1.00e-02)
Best objective 6.240634623946e+09, best bound 6.259857228565e+09, gap 0.3080%
Gurobi Optimizer version 10.0.1 build v10.0.1rc0 (linux64)

CPU model: Intel(R) Xeon(R) Gold 5115 CPU @ 2.40GHz, instruction set [SSE2|AVX|AVX2|AVX512]
Thread count: 20 physical cores, 40 logical processors, using up to 20 threads

Optimize a model with 172027 rows, 2136667 columns and 14000043 nonzeros
Model fingerprint: 0x6661d1b7
Variable types: 636520 continuous, 1500147 integer (1500147 binary)
Coefficient statistics:
  Matrix range     [1e+00, 2e+05]
  Objective range  [4e+01, 3e+07]
  Bounds range     [1e+00, 3e+05]
  RHS range        [1e+00, 4e+06]
Presolve removed 135945 rows and 1425614 columns (presolve time = 6s) ...
Presolve removed 141593 rows and 1483479 columns (presolve time = 10s) ...
Presolve removed 141661 rows and 1483808 columns (presolve time = 15s) ...
Presolve removed 141677 rows and 1484072 columns (presolve time = 20s) ...
Presolve removed 141617 rows and 1484012 columns
Presolve time: 24.74s
Presolved: 30410 rows, 652655 columns, 3321622 nonzeros
Variable types: 252100 continuous, 400555 integer (400555 binary)
Deterministic concurrent LP optimizer: primal simplex, dual simplex, and barrier
Showing barrier log only...

Root barrier log...

Ordering time: 1.41s

Barrier statistics:
 AA' NZ     : 1.682e+06
 Factor NZ  : 4.741e+06 (roughly 300 MB of memory)
 Factor Ops : 4.223e+09 (less than 1 second per iteration)
 Threads    : 17

                  Objective                Residual
Iter       Primal          Dual         Primal    Dual     Compl     Time
   0  -3.01752658e+15  8.68719046e+13  2.53e+08 4.79e+06  2.77e+11    33s
   1  -1.75941033e+15  6.29817532e+13  1.47e+08 5.65e+06  1.65e+11    33s
   2  -2.40014462e+14  4.43058672e+13  2.01e+07 1.24e+06  2.31e+10    34s
   3  -6.73753937e+13  2.83751797e+13  5.63e+06 9.33e+04  6.52e+09    34s
   4  -1.65462811e+13  1.73849425e+13  1.38e+06 3.35e-08  1.64e+09    34s
   5  -5.10703547e+12  1.41641253e+13  4.27e+05 1.67e+03  5.15e+08    35s
   6  -1.86485954e+12  1.09476846e+13  1.56e+05 2.51e-08  1.92e+08    35s
   7  -9.86918584e+11  8.22366639e+12  8.21e+04 5.32e+02  1.03e+08    35s
   8  -8.91617501e+11  7.33095807e+12  7.41e+04 3.78e+02  9.17e+07    35s
   9  -3.27772641e+11  5.58114343e+12  2.71e+04 7.05e+01  3.46e+07    36s
  10  -2.05985846e+11  4.23000485e+12  1.71e+04 1.25e+01  2.11e+07    36s
  11  -1.53625117e+11  3.19332284e+12  1.28e+04 1.96e-08  1.49e+07    36s
  12  -6.28455529e+10  2.17433534e+12  5.37e+03 1.91e-08  6.41e+06    36s
  13  -2.73409473e+10  1.00319304e+12  2.45e+03 2.12e-08  2.65e+06    37s
  14  -5.53866913e+09  5.18957127e+11  6.41e+02 1.98e-08  8.44e+05    37s
  15  -5.72735639e+08  2.32269883e+11  2.32e+02 2.26e-08  3.27e+05    37s
  16   1.13243395e+09  1.58042757e+11  9.89e+01 2.61e-08  1.84e+05    38s
  17   1.75385575e+09  9.38111083e+10  5.54e+01 2.18e-08  1.05e+05    38s
  18   2.07939923e+09  7.35138119e+10  3.27e+01 2.88e-08  7.47e+04    38s
  19   2.16723346e+09  6.97677199e+10  2.66e+01 2.78e-08  6.80e+04    39s
  20   2.30185610e+09  6.17976034e+10  1.75e+01 3.16e-08  5.63e+04    39s
  21   2.38282969e+09  5.08128573e+10  1.22e+01 3.14e-08  4.46e+04    39s
  22   2.42741871e+09  3.28162636e+10  9.30e+00 5.87e-08  2.90e+04    39s
  23   2.47670351e+09  2.58718458e+10  6.13e+00 9.50e-08  2.20e+04    40s
  24   2.50045816e+09  2.29895456e+10  4.50e+00 1.02e-07  1.89e+04    40s
  25   2.51533945e+09  2.00454925e+10  3.40e+00 1.36e-07  1.61e+04    41s
  26   2.53019343e+09  1.54415525e+10  2.43e+00 1.69e-07  1.21e+04    41s
  27   2.54694433e+09  1.33673531e+10  1.75e+00 2.12e-07  9.95e+03    41s
  28   2.56261089e+09  1.18099480e+10  1.41e+00 2.31e-07  8.34e+03    42s
  29   2.59465140e+09  8.60383495e+09  9.79e-01 1.31e-07  5.25e+03    42s
  30   2.61651992e+09  7.27380497e+09  7.85e-01 1.62e-07  4.02e+03    43s
  31   2.63515101e+09  6.61151179e+09  6.47e-01 1.69e-07  3.38e+03    43s
  32   2.64492260e+09  5.55738968e+09  5.71e-01 1.45e-07  2.46e+03    44s
  33   2.66918075e+09  4.83024500e+09  4.02e-01 1.02e-07  1.79e+03    44s
  34   2.68146119e+09  4.25046382e+09  3.13e-01 9.03e-08  1.28e+03    44s
  35   2.68661587e+09  3.85249835e+09  2.85e-01 7.36e-08  9.49e+02    45s
  36   2.69344583e+09  3.64821891e+09  2.46e-01 6.33e-08  7.72e+02    45s
  37   2.70110485e+09  3.41969851e+09  2.13e-01 4.38e-08  5.78e+02    45s
  38   2.70731600e+09  3.36156185e+09  1.88e-01 3.59e-08  5.24e+02    46s
  39   2.71502921e+09  3.20847104e+09  1.56e-01 2.79e-08  3.93e+02    46s
  40   2.71888927e+09  3.20192812e+09  1.41e-01 3.26e-08  3.83e+02    47s
  41   2.71963828e+09  3.15030052e+09  1.38e-01 3.07e-08  3.41e+02    47s
  42   2.72856637e+09  3.08107917e+09  1.08e-01 2.24e-08  2.78e+02    47s
  43   2.72858859e+09  3.05707987e+09  1.03e-01 2.19e-08  2.59e+02    48s
  44   2.73162944e+09  2.98218670e+09  9.39e-02 1.68e-08  1.97e+02    48s
  45   2.73790576e+09  2.93339850e+09  7.11e-02 1.26e-08  1.53e+02    48s
  46   2.74181215e+09  2.87877081e+09  6.02e-02 1.26e-08  1.07e+02    49s
  47   2.74567520e+09  2.85551774e+09  5.10e-02 1.49e-08  8.55e+01    49s
  48   2.75055504e+09  2.82736311e+09  3.84e-02 1.07e-08  5.96e+01    49s
  49   2.75516406e+09  2.82145286e+09  2.90e-02 1.12e-08  5.14e+01    50s
  50   2.75671331e+09  2.81414709e+09  2.66e-02 9.78e-09  4.45e+01    50s
  51   2.76049543e+09  2.80773123e+09  1.97e-02 6.98e-09  3.65e+01    51s
  52   2.76202588e+09  2.80406076e+09  1.75e-02 6.98e-09  3.25e+01    51s
  53   2.76370768e+09  2.79908390e+09  1.55e-02 4.66e-09  2.73e+01    51s
  54   2.76522345e+09  2.79620170e+09  1.37e-02 5.59e-09  2.39e+01    52s
  55   2.76679709e+09  2.79347386e+09  1.21e-02 5.59e-09  2.06e+01    52s
  56   2.76866557e+09  2.79089887e+09  1.03e-02 4.66e-09  1.72e+01    52s
  57   2.77103153e+09  2.78913104e+09  7.93e-03 4.66e-09  1.40e+01    53s
  58   2.77305209e+09  2.78778565e+09  6.13e-03 4.66e-09  1.14e+01    53s
  59   2.77361953e+09  2.78628754e+09  5.65e-03 4.66e-09  9.78e+00    54s
  60   2.77520134e+09  2.78544712e+09  4.34e-03 4.66e-09  7.91e+00    54s
  61   2.77609627e+09  2.78497511e+09  3.64e-03 4.66e-09  6.85e+00    54s
  62   2.77722581e+09  2.78385198e+09  2.79e-03 4.66e-09  5.11e+00    55s
  63   2.77837186e+09  2.78316922e+09  1.93e-03 4.07e-09  3.70e+00    55s
  64   2.77869373e+09  2.78283314e+09  1.69e-03 4.19e-09  3.19e+00    55s
  65   2.77932226e+09  2.78241723e+09  1.25e-03 4.66e-09  2.39e+00    56s
  66   2.78015311e+09  2.78194619e+09  6.78e-04 5.12e-09  1.38e+00    56s
  67   2.78045022e+09  2.78156193e+09  4.82e-04 3.61e-09  8.58e-01    57s
  68   2.78081559e+09  2.78142808e+09  2.39e-04 4.42e-09  4.73e-01    57s
  69   2.78107169e+09  2.78131415e+09  7.10e-05 5.01e-09  1.87e-01    57s
  70   2.78111607e+09  2.78125326e+09  4.42e-05 6.05e-09  1.06e-01    58s
  71   2.78113808e+09  2.78124374e+09  3.10e-05 5.06e-09  8.15e-02    58s
  72   2.78117315e+09  2.78121756e+09  1.01e-05 4.89e-09  3.42e-02    58s
  73   2.78118548e+09  2.78120185e+09  3.62e-06 4.31e-09  1.26e-02    58s
  74   2.78118847e+09  2.78119567e+09  2.12e-06 3.38e-09  5.55e-03    59s
  75   2.78119169e+09  2.78119382e+09  1.31e-06 5.18e-09  1.64e-03    59s
  76   2.78119281e+09  2.78119306e+09  1.04e-07 5.70e-09  1.94e-04    59s
  77   2.78119291e+09  2.78119291e+09  1.11e-08 4.31e-09  3.14e-06    59s
  78   2.78119291e+09  2.78119291e+09  5.91e-09 5.24e-09  3.88e-10    60s

Barrier solved model in 78 iterations and 59.73 seconds (60.29 work units)
Optimal objective 2.78119291e+09


Root crossover log...

   22448 DPushes remaining with DInf 0.0000000e+00                60s
     111 DPushes remaining with DInf 0.0000000e+00                60s
       0 DPushes remaining with DInf 0.0000000e+00                60s

    3587 PPushes remaining with PInf 0.0000000e+00                60s
       0 PPushes remaining with PInf 0.0000000e+00                61s

  Push phase complete: Pinf 0.0000000e+00, Dinf 5.9636878e-01     61s


Root simplex log...

Iteration    Objective       Primal Inf.    Dual Inf.      Time
   25840    2.7811929e+09   0.000000e+00   5.963686e-01     61s
   25842    2.7811929e+09   0.000000e+00   0.000000e+00     61s
Concurrent spin time: 0.00s

Solved with barrier
   25842    2.7811929e+09   0.000000e+00   0.000000e+00     61s

Root relaxation: objective 2.781193e+09, 25842 iterations, 32.85 seconds (22.53 work units)

    Nodes    |    Current Node    |     Objective Bounds      |     Work
 Expl Unexpl |  Obj  Depth IntInf | Incumbent    BestBd   Gap | It/Node Time

     0     0 2.7812e+09    0  321          - 2.7812e+09      -     -   65s
     0     0 2.7811e+09    0  299          - 2.7811e+09      -     -  189s
     0     0 2.7809e+09    0  256          - 2.7809e+09      -     -  274s
     0     0 2.7809e+09    0  286          - 2.7809e+09      -     -  313s
     0     0 2.7809e+09    0  289          - 2.7809e+09      -     -  331s
     0     0 2.7809e+09    0  271          - 2.7809e+09      -     -  364s
     0     0 2.7809e+09    0  273          - 2.7809e+09      -     -  390s
     0     0 2.7809e+09    0  283          - 2.7809e+09      -     -  418s
     0     0 2.7809e+09    0  277          - 2.7809e+09      -     -  464s
     0     0 2.7809e+09    0  272          - 2.7809e+09      -     -  470s
     0     0 2.7809e+09    0  267          - 2.7809e+09      -     -  504s
     0     0 2.7809e+09    0  273          - 2.7809e+09      -     -  530s
     0     0 2.7809e+09    0  278          - 2.7809e+09      -     -  563s
     0     0 2.7809e+09    0  267          - 2.7809e+09      -     -  596s
     0     0 2.7809e+09    0  255          - 2.7809e+09      -     -  607s
     0     0 2.7805e+09    0  284          - 2.7805e+09      -     -  676s
     0     0 2.7805e+09    0  303          - 2.7805e+09      -     -  714s
     0     0 2.7805e+09    0  284          - 2.7805e+09      -     -  722s
     0     0 2.7803e+09    0  296          - 2.7803e+09      -     -  775s
     0     0 2.7803e+09    0  289          - 2.7803e+09      -     -  815s
     0     0 2.7803e+09    0  292          - 2.7803e+09      -     -  826s
     0     0 2.7803e+09    0  295          - 2.7803e+09      -     -  866s
     0     0 2.7803e+09    0  282          - 2.7803e+09      -     -  885s
     0     0 2.7802e+09    0  269          - 2.7802e+09      -     -  907s
     0     0 2.7802e+09    0  263          - 2.7802e+09      -     -  916s
     0     0 2.7802e+09    0  267          - 2.7802e+09      -     -  939s
     0     0 2.7802e+09    0  295          - 2.7802e+09      -     - 1012s
     0     0 2.7802e+09    0  298          - 2.7802e+09      -     - 1040s
     0     0 2.7802e+09    0  303          - 2.7802e+09      -     - 1050s
     0     0 2.7798e+09    0  296          - 2.7798e+09      -     - 1122s
     0     0 2.7798e+09    0  280          - 2.7798e+09      -     - 1133s
     0     0 2.7798e+09    0  266          - 2.7798e+09      -     - 1173s
     0     0 2.7798e+09    0  259          - 2.7798e+09      -     - 1189s
     0     0 2.7798e+09    0  268          - 2.7798e+09      -     - 1195s
     0     0 2.7798e+09    0  264          - 2.7798e+09      -     - 1204s
     0     0 2.7798e+09    0  263          - 2.7798e+09      -     - 1226s
     0     0 2.7798e+09    0  268          - 2.7798e+09      -     - 1251s
     0     0 2.7798e+09    0  277          - 2.7798e+09      -     - 1269s
     0     0 2.7798e+09    0  264          - 2.7798e+09      -     - 1300s
     0     2 2.7798e+09    0  260          - 2.7798e+09      -     - 1544s
     1     4 2.7798e+09    1  262          - 2.7798e+09      -  6139 1594s
     2     4 2.7798e+09    1  252          - 2.7798e+09      -  4054 1595s
     3     8 2.7798e+09    2  257          - 2.7798e+09      -  2912 1690s
     7    16 2.7798e+09    3  274          - 2.7798e+09      -  2946 1785s
    15    32 2.7798e+09    4  275          - 2.7798e+09      -  2946 1935s
    31    52 2.7798e+09    5  275          - 2.7798e+09      -  3135 2115s
    51    72 2.7798e+09    6  281          - 2.7798e+09      -  2988 2294s
    71    92 2.7798e+09    6  273          - 2.7798e+09      -  3180 2461s
    91   112 2.7798e+09    7  279          - 2.7798e+09      -  3152 2633s
H   92   112                    2.671116e+09 2.7798e+09  4.07%  3117 2635s
H  111   133                    2.671116e+09 2.7798e+09  4.07%  2991 2788s
H  112   133                    2.696254e+09 2.7798e+09  3.10%  2981 2789s
H  118   133                    2.702886e+09 2.7798e+09  2.84%  3006 2791s
H  120   133                    2.724741e+09 2.7798e+09  2.02%  2964 2792s
   132   153 2.7798e+09    8  272 2.7247e+09 2.7798e+09  2.02%  2805 2890s
   152   228 2.7798e+09    8  281 2.7247e+09 2.7798e+09  2.02%  2659 3551s
H  205   228                    2.753999e+09 2.7798e+09  0.94%  2500 3553s

Cutting planes:
  Cover: 31
  Implied bound: 15
  MIR: 69
  Flow cover: 16
  GUB cover: 3
  RLT: 8
  Relax-and-lift: 3

Explored 227 nodes (679170 simplex iterations) in 3553.69 seconds (3862.44 work units)
Thread count was 20 (of 40 available processors)

Solution count 5: 2.754e+09 2.72474e+09 2.70289e+09 ... 2.67112e+09

Optimal solution found (tolerance 1.00e-02)
Best objective 2.753999344213e+09, best bound 2.779762068642e+09, gap 0.9355%
Gurobi Optimizer version 10.0.1 build v10.0.1rc0 (linux64)

CPU model: Intel(R) Xeon(R) Gold 5115 CPU @ 2.40GHz, instruction set [SSE2|AVX|AVX2|AVX512]
Thread count: 20 physical cores, 40 logical processors, using up to 20 threads

Optimize a model with 216204 rows, 2639898 columns and 20305016 nonzeros
Model fingerprint: 0xbcc45873
Variable types: 267656 continuous, 2372242 integer (2372242 binary)
Coefficient statistics:
  Matrix range     [1e+00, 2e+05]
  Objective range  [4e+01, 3e+07]
  Bounds range     [9e-11, 3e+05]
  RHS range        [1e+00, 4e+06]
Presolve removed 190017 rows and 2103498 columns (presolve time = 5s) ...
Presolve removed 193281 rows and 2127644 columns (presolve time = 10s) ...
Presolve removed 193284 rows and 2127867 columns (presolve time = 15s) ...
Presolve removed 193290 rows and 2127867 columns (presolve time = 20s) ...
Presolve removed 193248 rows and 2127825 columns
Presolve time: 20.53s
Presolved: 22956 rows, 512073 columns, 2721488 nonzeros
Variable types: 152911 continuous, 359162 integer (359141 binary)
Deterministic concurrent LP optimizer: primal simplex, dual simplex, and barrier
Showing barrier log only...

Root barrier log...

Ordering time: 0.88s

Barrier statistics:
 AA' NZ     : 1.273e+06
 Factor NZ  : 3.320e+06 (roughly 240 MB of memory)
 Factor Ops : 2.472e+09 (less than 1 second per iteration)
 Threads    : 17

                  Objective                Residual
Iter       Primal          Dual         Primal    Dual     Compl     Time
   0  -2.19789019e+15  9.18458522e+12  2.58e+08 7.27e+05  4.71e+10    28s
   1  -1.14659665e+15  7.17613630e+12  1.35e+08 8.79e+05  2.51e+10    28s
   2  -1.64109432e+14  5.30586572e+12  1.93e+07 5.63e+04  3.74e+09    28s
   3  -3.09212857e+13  3.17286091e+12  3.64e+06 2.60e+02  7.10e+08    29s
   4  -3.71352693e+12  1.84770671e+12  4.36e+05 9.91e+01  8.92e+07    29s
   5  -1.78430137e+12  1.44725007e+12  2.10e+05 3.26e-09  4.34e+07    29s
   6  -3.67070937e+11  1.26574926e+12  4.31e+04 2.40e+01  9.90e+06    29s
   7  -2.40996906e+11  9.77723716e+11  2.83e+04 1.07e+01  6.50e+06    29s
   8  -9.47765223e+10  7.59893833e+11  1.13e+04 5.27e+00  2.86e+06    30s
   9  -2.41225100e+10  4.09941189e+11  3.17e+03 2.56e-09  9.03e+05    30s
  10  -9.68165361e+09  2.17395777e+11  1.50e+03 2.79e-09  4.09e+05    30s
  11  -4.76029008e+09  8.62706792e+10  9.28e+02 4.19e-09  1.82e+05    30s
  12   2.83982379e+08  3.19821406e+10  3.38e+02 3.73e-09  5.91e+04    30s
  13   2.40300151e+09  1.87520324e+10  9.03e+01 3.26e-09  2.31e+04    31s
  14   2.76528810e+09  1.69535519e+10  4.89e+01 3.84e-09  1.78e+04    31s
  15   2.97340635e+09  1.29830928e+10  2.59e+01 5.59e-09  1.19e+04    31s
  16   3.06728806e+09  1.13717597e+10  1.63e+01 6.58e-09  9.56e+03    31s
  17   3.09351417e+09  1.03819778e+10  1.61e+01 6.87e-09  8.42e+03    32s
  18   3.12898195e+09  8.96356841e+09  1.09e+01 1.35e-08  6.78e+03    32s
  19   3.16864478e+09  7.71927902e+09  8.06e+00 1.77e-08  5.33e+03    32s
  20   3.19176962e+09  6.39915398e+09  6.38e+00 4.56e-08  4.02e+03    32s
  21   3.20449130e+09  6.38258536e+09  5.70e+00 6.98e-08  3.87e+03    33s
  22   3.21909526e+09  5.57035329e+09  5.06e+00 8.10e-08  3.09e+03    33s
  23   3.24618096e+09  5.22034693e+09  4.05e+00 7.17e-08  2.53e+03    33s
  24   3.25910629e+09  5.06311328e+09  3.78e+00 5.87e-08  2.31e+03    34s
  25   3.26029587e+09  5.05866309e+09  3.70e+00 7.03e-08  2.29e+03    34s
  26   3.27359444e+09  4.76954694e+09  3.30e+00 5.63e-08  1.92e+03    34s
  27   3.28003779e+09  4.61295981e+09  3.14e+00 2.28e-08  1.71e+03    34s
  28   3.28729930e+09  4.42859170e+09  2.92e+00 2.42e-08  1.46e+03    35s
  29   3.29372482e+09  4.31190971e+09  2.70e+00 2.51e-08  1.29e+03    35s
  30   3.30050958e+09  4.23361486e+09  2.43e+00 2.24e-08  1.17e+03    35s
  31   3.30785633e+09  4.08982814e+09  2.16e+00 2.00e-08  9.70e+02    36s
  32   3.30985227e+09  4.07937362e+09  2.08e+00 2.05e-08  9.48e+02    36s
  33   3.31599608e+09  4.05013283e+09  1.85e+00 2.14e-08  8.86e+02    36s
  34   3.32318278e+09  3.87461584e+09  1.58e+00 2.33e-08  6.57e+02    36s
  35   3.33574158e+09  3.79598461e+09  1.12e+00 2.33e-08  5.24e+02    37s
  36   3.34675314e+09  3.64132270e+09  6.05e-01 1.40e-08  3.17e+02    37s
  37   3.35143746e+09  3.54654026e+09  4.80e-01 1.30e-08  2.06e+02    37s
  38   3.35555172e+09  3.46440971e+09  3.41e-01 6.98e-09  1.12e+02    38s
  39   3.35994400e+09  3.43268089e+09  2.31e-01 4.66e-09  7.32e+01    38s
  40   3.36178357e+09  3.41707272e+09  1.95e-01 4.19e-09  5.50e+01    38s
  41   3.36215210e+09  3.41403755e+09  1.89e-01 3.73e-09  5.15e+01    38s
  42   3.36557341e+09  3.40978332e+09  1.28e-01 4.19e-09  4.36e+01    38s
  43   3.36647678e+09  3.40696501e+09  1.15e-01 5.59e-09  3.98e+01    39s
  44   3.36730021e+09  3.40446115e+09  1.05e-01 5.59e-09  3.65e+01    39s
  45   3.36840828e+09  3.39994185e+09  9.20e-02 6.05e-09  3.09e+01    39s
  46   3.36920664e+09  3.39777968e+09  8.38e-02 6.05e-09  2.79e+01    39s
  47   3.37037589e+09  3.39717400e+09  7.28e-02 5.59e-09  2.62e+01    39s
  48   3.37153159e+09  3.39433946e+09  6.29e-02 5.59e-09  2.22e+01    39s
  49   3.37253503e+09  3.39202721e+09  5.53e-02 5.12e-09  1.90e+01    40s
  50   3.37355421e+09  3.39100926e+09  4.91e-02 5.59e-09  1.70e+01    40s
  51   3.37457129e+09  3.39008403e+09  4.35e-02 8.38e-09  1.51e+01    40s
  52   3.37582591e+09  3.38886137e+09  3.58e-02 6.98e-09  1.27e+01    40s
  53   3.37662156e+09  3.38772876e+09  3.15e-02 5.12e-09  1.08e+01    40s
  54   3.37704109e+09  3.38723982e+09  2.96e-02 5.12e-09  9.89e+00    41s
  55   3.37818956e+09  3.38678069e+09  2.43e-02 4.66e-09  8.33e+00    41s
  56   3.37896541e+09  3.38636375e+09  2.09e-02 5.59e-09  7.17e+00    41s
  57   3.37969122e+09  3.38624167e+09  1.78e-02 4.19e-09  6.35e+00    41s
  58   3.38124599e+09  3.38571822e+09  1.13e-02 3.73e-09  4.34e+00    42s
  59   3.38235228e+09  3.38527020e+09  6.73e-03 4.66e-09  2.83e+00    42s
  60   3.38241044e+09  3.38474935e+09  6.53e-03 2.79e-09  2.27e+00    42s
  61   3.38313723e+09  3.38445238e+09  3.72e-03 3.26e-09  1.27e+00    43s
  62   3.38359822e+09  3.38439649e+09  2.00e-03 3.26e-09  7.74e-01    43s
  63   3.38369787e+09  3.38422292e+09  1.63e-03 4.19e-09  5.08e-01    43s
  64   3.38404283e+09  3.38417535e+09  3.64e-04 3.26e-09  1.28e-01    43s
  65   3.38411714e+09  3.38415461e+09  9.45e-05 3.13e-09  3.63e-02    44s
  66   3.38413708e+09  3.38414879e+09  2.35e-05 3.16e-09  1.14e-02    44s
  67   3.38414242e+09  3.38414485e+09  4.81e-06 2.79e-09  2.36e-03    44s
  68   3.38414355e+09  3.38414414e+09  1.21e-06 2.33e-09  5.76e-04    44s
  69   3.38414371e+09  3.38414395e+09  6.93e-07 3.73e-09  2.31e-04    44s
  70   3.38414393e+09  3.38414393e+09  2.76e-09 3.27e-09  3.54e-07    45s
  71   3.38414393e+09  3.38414393e+09  3.47e-09 3.73e-09  6.13e-11    45s

Barrier solved model in 71 iterations and 44.76 seconds (43.80 work units)
Optimal objective 3.38414393e+09


Root crossover log...

   16850 DPushes remaining with DInf 0.0000000e+00                45s
      38 DPushes remaining with DInf 0.0000000e+00                45s
       0 DPushes remaining with DInf 0.0000000e+00                45s

    1835 PPushes remaining with PInf 0.0000000e+00                45s
       0 PPushes remaining with PInf 0.0000000e+00                45s

  Push phase complete: Pinf 0.0000000e+00, Dinf 1.3825609e-07     45s


Root simplex log...

Iteration    Objective       Primal Inf.    Dual Inf.      Time
   18367    3.3841439e+09   0.000000e+00   0.000000e+00     45s
Concurrent spin time: 0.01s

Solved with barrier
   18367    3.3841439e+09   0.000000e+00   0.000000e+00     45s

Root relaxation: objective 3.384144e+09, 18367 iterations, 21.20 seconds (14.59 work units)

    Nodes    |    Current Node    |     Objective Bounds      |     Work
 Expl Unexpl |  Obj  Depth IntInf | Incumbent    BestBd   Gap | It/Node Time

     0     0 3.3841e+09    0  121          - 3.3841e+09      -     -   48s
H    0     0                    3.051721e+09 3.3841e+09  10.9%     -   52s
H    0     0                    3.052174e+09 3.3841e+09  10.9%     -   56s
     0     0 3.3833e+09    0   83 3.0522e+09 3.3833e+09  10.9%     -   62s
H    0     0                    3.259017e+09 3.3833e+09  3.81%     -   71s
     0     0 3.3833e+09    0   98 3.2590e+09 3.3833e+09  3.81%     -   72s
     0     0 3.3833e+09    0   87 3.2590e+09 3.3833e+09  3.81%     -   77s
     0     0 3.3833e+09    0   99 3.2590e+09 3.3833e+09  3.81%     -   88s
     0     0 3.3833e+09    0   97 3.2590e+09 3.3833e+09  3.81%     -   90s
     0     0 3.3833e+09    0   74 3.2590e+09 3.3833e+09  3.81%     -   96s
H    0     0                    3.352976e+09 3.3833e+09  0.91%     -  102s

Cutting planes:
  Learned: 1
  Cover: 10
  Implied bound: 9
  Clique: 4
  MIR: 8
  Flow cover: 9
  RLT: 2
  Relax-and-lift: 10

Explored 1 nodes (31189 simplex iterations) in 102.62 seconds (100.61 work units)
Thread count was 20 (of 40 available processors)

Solution count 5: 3.35298e+09 3.35298e+09 3.25902e+09 ... 3.05172e+09

Optimal solution found (tolerance 1.00e-02)
Best objective 3.352975756915e+09, best bound 3.383339320656e+09, gap 0.9056%
Gurobi Optimizer version 10.0.1 build v10.0.1rc0 (linux64)

CPU model: Intel(R) Xeon(R) Gold 5115 CPU @ 2.40GHz, instruction set [SSE2|AVX|AVX2|AVX512]
Thread count: 20 physical cores, 40 logical processors, using up to 20 threads

Optimize a model with 216134 rows, 2651435 columns and 19892586 nonzeros
Model fingerprint: 0x7c3efcf5
Variable types: 29897 continuous, 2621538 integer (2621538 binary)
Coefficient statistics:
  Matrix range     [1e+00, 2e+05]
  Objective range  [4e+01, 3e+07]
  Bounds range     [9e-11, 3e+05]
  RHS range        [1e+00, 4e+06]
Presolve removed 213236 rows and 2632293 columns (presolve time = 5s) ...
Presolve removed 213239 rows and 2632527 columns
Presolve time: 6.76s
Presolved: 2895 rows, 18908 columns, 105684 nonzeros
Variable types: 965 continuous, 17943 integer (17943 binary)
Found heuristic solution: objective 3.282532e+09
Deterministic concurrent LP optimizer: primal and dual simplex
Showing first log only...


Root simplex log...

Iteration    Objective       Primal Inf.    Dual Inf.      Time
       0    2.9043603e+09   1.844819e+04   1.872065e+12      8s
    1372    3.3412072e+09   0.000000e+00   3.186533e+08      8s
    5057    3.4019386e+09   0.000000e+00   0.000000e+00      8s
Concurrent spin time: 0.00s

Solved with primal simplex
    5111    3.4019386e+09   0.000000e+00   0.000000e+00      8s
Extra simplex iterations after uncrush: 54

Root relaxation: objective 3.401939e+09, 5111 iterations, 0.18 seconds (0.18 work units)

    Nodes    |    Current Node    |     Objective Bounds      |     Work
 Expl Unexpl |  Obj  Depth IntInf | Incumbent    BestBd   Gap | It/Node Time

     0     0 3.4019e+09    0   32 3.2825e+09 3.4019e+09  3.64%     -    8s
H    0     0                    3.350295e+09 3.4019e+09  1.54%     -    8s
H    0     0                    3.361905e+09 3.4019e+09  1.19%     -    8s
H    0     0                    3.361921e+09 3.4019e+09  1.19%     -    8s
H    0     0                    3.364369e+09 3.4019e+09  1.12%     -    8s
H    0     0                    3.366772e+09 3.4019e+09  1.04%     -    9s
     0     0 3.3882e+09    0   41 3.3668e+09 3.3882e+09  0.64%     -    9s

Cutting planes:
  Cover: 7
  Implied bound: 1
  Clique: 1
  MIR: 7
  StrongCG: 2
  Flow cover: 9
  GUB cover: 2
  RLT: 1
  Relax-and-lift: 1

Explored 1 nodes (5733 simplex iterations) in 9.78 seconds (7.29 work units)
Thread count was 20 (of 40 available processors)

Solution count 6: 3.36677e+09 3.36437e+09 3.36192e+09 ... 3.28253e+09

Optimal solution found (tolerance 1.00e-02)
Best objective 3.366772444989e+09, best bound 3.388229188258e+09, gap 0.6373%
