
Gurobi 10.0.1 (linux64) logging started Mon May 22 17:08:20 2023

Set parameter LogFile to value "logFiles/N-1L-A/N-1L-16U-22F-23V-240D/basic-05-22-2023, 17-08-H90-P70-O7.log"
Gurobi Optimizer version 10.0.1 build v10.0.1rc0 (linux64)

CPU model: Intel(R) Xeon(R) Gold 5115 CPU @ 2.40GHz, instruction set [SSE2|AVX|AVX2|AVX512]
Thread count: 20 physical cores, 40 logical processors, using up to 20 threads

Optimize a model with 130265 rows, 1741269 columns and 10791671 nonzeros
Model fingerprint: 0xb196f2d1
Variable types: 800641 continuous, 940628 integer (940628 binary)
Coefficient statistics:
  Matrix range     [1e+00, 2e+05]
  Objective range  [4e+01, 3e+07]
  Bounds range     [1e+00, 1e+00]
  RHS range        [1e+00, 3e+06]
Presolve removed 66309 rows and 33866 columns (presolve time = 5s) ...
Presolve removed 67394 rows and 34951 columns (presolve time = 10s) ...
Presolve removed 68490 rows and 34967 columns (presolve time = 15s) ...
Presolve removed 68490 rows and 34967 columns (presolve time = 20s) ...
Presolve removed 68490 rows and 34967 columns (presolve time = 25s) ...
Presolve removed 68490 rows and 34971 columns (presolve time = 30s) ...
Presolve removed 68490 rows and 34971 columns (presolve time = 35s) ...
Presolve removed 68402 rows and 34883 columns
Presolve time: 39.08s
Presolved: 61863 rows, 1706386 columns, 8794430 nonzeros
Variable types: 779036 continuous, 927350 integer (927350 binary)
Deterministic concurrent LP optimizer: primal simplex, dual simplex, and barrier
Showing barrier log only...

Root barrier log...

Ordering time: 4.19s

Barrier statistics:
 AA' NZ     : 4.269e+06
 Factor NZ  : 1.426e+07 (roughly 800 MB of memory)
 Factor Ops : 2.332e+10 (less than 1 second per iteration)
 Threads    : 17

                  Objective                Residual
Iter       Primal          Dual         Primal    Dual     Compl     Time
   0  -2.20305589e+16  1.61846285e+14  1.43e+09 7.98e+06  9.56e+11    61s
   1  -7.93732122e+15  1.51190850e+14  5.15e+08 9.99e+06  3.47e+11    62s
   2  -3.15785028e+15  1.17947021e+14  2.05e+08 1.81e+06  1.41e+11    62s
   3  -2.07560830e+14  8.09218746e+13  1.35e+07 2.82e+04  9.50e+09    64s
   4  -4.94075751e+13  4.57519677e+13  3.22e+06 3.69e+03  2.29e+09    64s
   5  -1.40220629e+13  3.25241627e+13  9.13e+05 1.10e+03  6.56e+08    65s
   6  -8.65228256e+12  2.87754192e+13  5.63e+05 7.27e+02  4.10e+08    66s
   7  -2.28469018e+12  2.61739909e+13  1.49e+05 5.31e+02  1.13e+08    67s
   8  -1.28112439e+12  2.24751082e+13  8.35e+04 3.61e+02  6.49e+07    67s
   9  -7.67663326e+11  1.80732599e+13  5.01e+04 1.58e+02  3.89e+07    68s
  10  -4.30728615e+11  1.47963578e+13  2.83e+04 8.16e+01  2.24e+07    69s
  11  -1.16979218e+11  8.75330723e+12  7.89e+03 1.73e+01  7.01e+06    70s
  12  -9.12313491e+10  4.79219855e+12  6.22e+03 5.39e+00  4.50e+06    71s
  13  -3.72926937e+10  2.11352645e+12  2.73e+03 8.47e-01  1.80e+06    72s
  14  -1.36972434e+10  7.94523906e+11  1.21e+03 3.11e-08  6.81e+05    72s
  15  -4.43455672e+08  3.04393175e+11  3.56e+02 3.35e-08  2.05e+05    73s
  16   3.75539580e+09  9.58950425e+10  8.71e+01 3.26e-08  5.33e+04    74s
  17   4.14703779e+09  7.13146307e+10  6.21e+01 3.31e-08  3.81e+04    75s
  18   4.25046518e+09  6.32881678e+10  5.55e+01 3.99e-08  3.34e+04    76s
  19   4.40566578e+09  5.61653082e+10  4.57e+01 4.78e-08  2.84e+04    76s
  20   4.46636354e+09  5.27523988e+10  4.19e+01 6.93e-08  2.63e+04    77s
  21   4.64270416e+09  4.22475989e+10  3.09e+01 6.59e-08  1.98e+04    78s
  22   4.85624577e+09  3.40993415e+10  1.77e+01 9.58e-08  1.37e+04    79s
  23   4.92434840e+09  2.97792827e+10  1.40e+01 7.68e-08  1.13e+04    80s
  24   4.97467901e+09  2.11337833e+10  1.12e+01 1.36e-07  7.98e+03    81s
  25   5.08087764e+09  1.66330638e+10  5.34e+00 1.46e-07  4.99e+03    83s
  26   5.08707777e+09  1.62679374e+10  5.03e+00 1.98e-07  4.78e+03    84s
  27   5.10263802e+09  1.45350351e+10  4.19e+00 2.03e-07  3.99e+03    85s
  28   5.13072440e+09  1.30914333e+10  2.89e+00 1.91e-07  3.15e+03    86s
  29   5.17425107e+09  1.29771757e+10  2.16e+00 2.29e-07  2.89e+03    87s
  30   5.18705032e+09  1.09174746e+10  1.96e+00 1.83e-07  2.15e+03    89s
  31   5.20198345e+09  1.07365818e+10  1.89e+00 1.91e-07  2.07e+03    90s
  32   5.22473348e+09  1.04901650e+10  1.69e+00 2.19e-07  1.93e+03    91s
  33   5.25402227e+09  1.00441201e+10  1.29e+00 1.72e-07  1.68e+03    92s
  34   5.26364577e+09  9.87172703e+09  1.20e+00 1.81e-07  1.61e+03    93s
  35   5.29901293e+09  8.52369979e+09  8.72e-01 1.81e-07  1.09e+03    95s
  36   5.31302745e+09  8.13454534e+09  7.97e-01 1.89e-07  9.51e+02    96s
  37   5.32002204e+09  7.95769033e+09  7.45e-01 1.70e-07  8.84e+02    97s
  38   5.34161051e+09  7.41570527e+09  6.27e-01 1.83e-07  6.88e+02    98s
  39   5.38109578e+09  6.50507767e+09  4.51e-01 1.54e-07  3.68e+02   100s
  40   5.40895313e+09  6.23729257e+09  3.54e-01 1.32e-07  2.68e+02   101s
  41   5.43511224e+09  5.84557019e+09  2.59e-01 1.40e-07  1.34e+02   102s
  42   5.45082996e+09  5.75010891e+09  2.22e-01 1.33e-07  9.77e+01   103s
  43   5.46252355e+09  5.69963757e+09  1.93e-01 1.44e-07  7.73e+01   104s
  44   5.46917705e+09  5.65839792e+09  1.77e-01 1.70e-07  6.19e+01   105s
  45   5.48033202e+09  5.63418934e+09  1.47e-01 1.46e-07  5.00e+01   107s
  46   5.48905244e+09  5.62055483e+09  1.25e-01 1.75e-07  4.26e+01   108s
  47   5.49128716e+09  5.61446174e+09  1.19e-01 1.65e-07  3.98e+01   109s
  48   5.49877296e+09  5.60745557e+09  9.84e-02 1.63e-07  3.48e+01   110s
  49   5.50845513e+09  5.59247566e+09  7.69e-02 1.39e-07  2.68e+01   111s
  50   5.51358255e+09  5.58677855e+09  6.56e-02 1.69e-07  2.32e+01   112s
  51   5.51700100e+09  5.58452546e+09  5.93e-02 1.85e-07  2.14e+01   113s
  52   5.51949403e+09  5.57771487e+09  5.40e-02 1.86e-07  1.84e+01   114s
  53   5.52340993e+09  5.57302591e+09  4.51e-02 1.64e-07  1.56e+01   115s
  54   5.52632760e+09  5.56894487e+09  3.96e-02 1.72e-07  1.34e+01   116s
  55   5.52779662e+09  5.56655374e+09  3.70e-02 1.51e-07  1.22e+01   117s
  56   5.53145009e+09  5.56397677e+09  3.08e-02 1.88e-07  1.02e+01   118s
  57   5.53485127e+09  5.56170597e+09  2.48e-02 1.91e-07  8.40e+00   119s
  58   5.53588586e+09  5.56044418e+09  2.31e-02 1.72e-07  7.68e+00   120s
  59   5.53908287e+09  5.55866572e+09  1.84e-02 1.64e-07  6.11e+00   121s
  60   5.53982561e+09  5.55815133e+09  1.72e-02 1.64e-07  5.72e+00   123s
  61   5.54139293e+09  5.55696878e+09  1.51e-02 1.37e-07  4.86e+00   124s
  62   5.54207454e+09  5.55667358e+09  1.41e-02 1.56e-07  4.55e+00   125s
  63   5.54457802e+09  5.55604462e+09  1.06e-02 1.60e-07  3.56e+00   126s
  64   5.54577358e+09  5.55554781e+09  8.95e-03 1.45e-07  3.03e+00   127s
  65   5.54704598e+09  5.55508531e+09  7.21e-03 1.65e-07  2.49e+00   128s
  66   5.54787082e+09  5.55491889e+09  6.13e-03 1.50e-07  2.18e+00   130s
  67   5.54807531e+09  5.55477048e+09  5.85e-03 1.79e-07  2.07e+00   131s
  68   5.54822950e+09  5.55465228e+09  5.64e-03 2.27e-07  1.99e+00   132s
  69   5.54906366e+09  5.55426362e+09  4.54e-03 1.50e-07  1.61e+00   133s
  70   5.54973277e+09  5.55387626e+09  3.67e-03 1.39e-07  1.28e+00   134s
  71   5.55039268e+09  5.55354929e+09  2.81e-03 1.12e-07  9.76e-01   136s
  72   5.55062244e+09  5.55342724e+09  2.51e-03 1.06e-07  8.68e-01   137s
  73   5.55149162e+09  5.55314132e+09  1.39e-03 8.52e-08  5.09e-01   138s
  74   5.55190059e+09  5.55305954e+09  8.70e-04 8.48e-08  3.56e-01   139s
  75   5.55218625e+09  5.55278920e+09  5.05e-04 6.85e-08  1.86e-01   140s
  76   5.55246503e+09  5.55271594e+09  1.75e-04 9.49e-08  7.68e-02   141s
  77   5.55248805e+09  5.55265598e+09  1.48e-04 7.76e-08  5.18e-02   142s
  78   5.55252112e+09  5.55262750e+09  1.10e-04 6.66e-08  3.31e-02   143s
  79   5.55255695e+09  5.55262164e+09  6.67e-05 6.69e-08  2.02e-02   144s
  80   5.55258375e+09  5.55261972e+09  3.65e-05 7.05e-08  1.12e-02   145s
  81   5.55260222e+09  5.55261725e+09  1.82e-05 8.20e-08  4.69e-03   145s
  82   5.55260576e+09  5.55261716e+09  1.37e-05 6.48e-08  3.55e-03   146s
  83   5.55260679e+09  5.55261715e+09  1.23e-05 8.31e-08  3.23e-03   147s
  84   5.55260956e+09  5.55261691e+09  8.73e-06 8.27e-08  2.29e-03   148s
  85   5.55261436e+09  5.55261664e+09  2.62e-06 8.54e-08  7.07e-04   149s
  86   5.55261535e+09  5.55261630e+09  1.49e-06 8.24e-08  2.98e-04   150s
  87   5.55261610e+09  5.55261628e+09  2.31e-07 6.80e-08  5.58e-05   151s
  88   5.55261625e+09  5.55261625e+09  2.57e-08 9.17e-08  1.56e-06   152s
  89   5.55261625e+09  5.55261625e+09  3.89e-08 7.37e-08  1.16e-08   153s
  90   5.55261625e+09  5.55261625e+09  8.75e-09 8.97e-08  7.16e-11   154s

Barrier solved model in 90 iterations and 153.86 seconds (131.19 work units)
Optimal objective 5.55261625e+09


Root crossover log...

   54126 DPushes remaining with DInf 1.9780544e-05               154s
       0 DPushes remaining with DInf 0.0000000e+00               157s

    3810 PPushes remaining with PInf 8.7658204e-06               157s
       0 PPushes remaining with PInf 0.0000000e+00               157s

  Push phase complete: Pinf 0.0000000e+00, Dinf 2.6737616e+01    157s


Root simplex log...

Iteration    Objective       Primal Inf.    Dual Inf.      Time
   57831    5.5526162e+09   0.000000e+00   2.673762e+01    157s
   57835    5.5526162e+09   0.000000e+00   0.000000e+00    157s
Concurrent spin time: 0.08s

Solved with barrier
   57835    5.5526162e+09   0.000000e+00   0.000000e+00    158s

Root relaxation: objective 5.552616e+09, 57835 iterations, 111.89 seconds (75.74 work units)
Total elapsed time = 161.51s
Total elapsed time = 166.27s

    Nodes    |    Current Node    |     Objective Bounds      |     Work
 Expl Unexpl |  Obj  Depth IntInf | Incumbent    BestBd   Gap | It/Node Time

     0     0 5.5526e+09    0  403          - 5.5526e+09      -     -  169s
     0     0 5.5526e+09    0  430          - 5.5526e+09      -     -  499s
     0     0 5.5526e+09    0  413          - 5.5526e+09      -     -  628s
     0     0 5.5526e+09    0  417          - 5.5526e+09      -     -  637s
     0     0 5.5525e+09    0  418          - 5.5525e+09      -     -  734s
     0     0 5.5525e+09    0  402          - 5.5525e+09      -     -  831s
     0     0 5.5524e+09    0  435          - 5.5524e+09      -     - 1204s
     0     0 5.5524e+09    0  375          - 5.5524e+09      -     - 1399s
     0     0 5.5524e+09    0  388          - 5.5524e+09      -     - 1425s
     0     0 5.5523e+09    0  402          - 5.5523e+09      -     - 1613s
     0     0 5.5522e+09    0  413          - 5.5522e+09      -     - 1726s
     0     0 5.5522e+09    0  409          - 5.5522e+09      -     - 1753s
     0     0 5.5519e+09    0  377          - 5.5519e+09      -     - 2168s
     0     0 5.5519e+09    0  370          - 5.5519e+09      -     - 2229s
     0     0 5.5519e+09    0  377          - 5.5519e+09      -     - 2476s
     0     0 5.5519e+09    0  380          - 5.5519e+09      -     - 2572s
     0     0 5.5519e+09    0  380          - 5.5519e+09      -     - 2669s
     0     0 5.5519e+09    0  364          - 5.5519e+09      -     - 2757s
     0     0 5.5519e+09    0  417          - 5.5519e+09      -     - 2947s
     0     0 5.5519e+09    0  381          - 5.5519e+09      -     - 3084s
     0     0 5.5519e+09    0  375          - 5.5519e+09      -     - 3147s
     0     0 5.5519e+09    0  352          - 5.5519e+09      -     - 3223s
     0     0 5.5519e+09    0  404          - 5.5519e+09      -     - 3348s
     0     0 5.5519e+09    0  375          - 5.5519e+09      -     - 3422s
     0     2 5.5519e+09    0  364          - 5.5519e+09      -     - 4189s
     1     4 5.5519e+09    1  361          - 5.5519e+09      - 26210 4521s
     3     8 5.5519e+09    2  372          - 5.5519e+09      - 13848 5057s
     7    16 5.5519e+09    3  368          - 5.5519e+09      - 10113 5722s
    15    32 5.5519e+09    4  368          - 5.5519e+09      -  8169 6457s
    31    40 5.5519e+09    5  382          - 5.5519e+09      - 32335 10800s

Cutting planes:
  Cover: 14
  Implied bound: 28
  Clique: 2
  MIR: 41
  Flow cover: 29
  Network: 3
  RLT: 21
  Relax-and-lift: 4

Explored 39 nodes (4863103 simplex iterations) in 10800.71 seconds (13564.56 work units)
Thread count was 20 (of 40 available processors)

Solution count 0

Time limit reached
Best objective -, best bound 5.551932037895e+09, gap -
