
Gurobi 10.0.1 (linux64) logging started Sun May 28 13:17:37 2023

Set parameter LogFile to value "logFiles/N-1L-B/N-1L-13U-20F-23V-240D/basic-05-28-2023, 13-17-H70-P50-O15.log"
Gurobi Optimizer version 10.0.1 build v10.0.1rc0 (linux64)

CPU model: Intel(R) Xeon(R) Gold 5115 CPU @ 2.40GHz, instruction set [SSE2|AVX|AVX2|AVX512]
Thread count: 20 physical cores, 40 logical processors, using up to 20 threads

Optimize a model with 91440 rows, 1108500 columns and 5744469 nonzeros
Model fingerprint: 0x3704a1d8
Variable types: 401573 continuous, 706927 integer (706927 binary)
Coefficient statistics:
  Matrix range     [1e+00, 2e+05]
  Objective range  [4e+01, 3e+07]
  Bounds range     [1e+00, 1e+00]
  RHS range        [1e+00, 2e+06]

Loaded user MIP start with objective 1.28595e+09

Presolve removed 56087 rows and 31823 columns (presolve time = 5s) ...
Presolve removed 56100 rows and 36088 columns (presolve time = 10s) ...
Presolve removed 56100 rows and 36100 columns (presolve time = 15s) ...
Presolve removed 56109 rows and 36316 columns (presolve time = 20s) ...
Presolve removed 56043 rows and 36250 columns
Presolve time: 23.98s
Presolved: 35397 rows, 1072250 columns, 4567778 nonzeros
Variable types: 377893 continuous, 694357 integer (694357 binary)
Deterministic concurrent LP optimizer: primal simplex, dual simplex, and barrier
Showing barrier log only...

Root barrier log...

Ordering time: 1.26s

Barrier statistics:
 AA' NZ     : 2.405e+06
 Factor NZ  : 7.426e+06 (roughly 500 MB of memory)
 Factor Ops : 1.021e+10 (less than 1 second per iteration)
 Threads    : 18

                  Objective                Residual
Iter       Primal          Dual         Primal    Dual     Compl     Time
   0  -2.76809023e+16  9.95921771e+13  1.33e+09 4.77e+06  1.63e+12    33s
   1  -6.77954958e+15  1.11232288e+14  3.26e+08 3.40e+06  4.12e+11    33s
   2  -6.63834951e+14  8.02730342e+13  3.21e+07 4.87e+04  4.09e+10    34s
   3  -3.71431753e+13  4.52570041e+13  1.79e+06 2.73e-08  2.31e+09    34s
   4  -1.36971038e+13  2.09661964e+13  6.62e+05 2.98e-08  8.79e+08    35s
   5  -9.90790965e+12  1.92451034e+13  4.79e+05 4.47e-08  6.38e+08    35s
   6  -4.28682901e+12  1.78502692e+13  2.07e+05 2.00e-08  2.80e+08    35s
   7  -2.79972595e+12  1.55916096e+13  1.35e+05 1.86e-08  1.84e+08    36s
   8  -1.91213321e+12  1.53627252e+13  9.26e+04 5.26e+00  1.28e+08    36s
   9  -9.00772025e+11  1.40923027e+13  4.38e+04 5.79e+00  6.30e+07    36s
  10  -5.58640947e+11  1.18300175e+13  2.73e+04 3.06e+00  3.93e+07    37s
  11  -3.37694354e+11  8.35617580e+12  1.67e+04 1.98e-08  2.27e+07    37s
  12  -2.41285664e+11  5.94098324e+12  1.20e+04 2.05e-08  1.54e+07    38s
  13  -1.15471491e+11  5.18611267e+12  5.98e+03 2.05e-08  8.50e+06    38s
  14  -8.52858126e+10  3.91633388e+12  4.53e+03 2.17e-08  6.15e+06    39s
  15  -5.26715086e+10  2.59097680e+12  2.96e+03 2.51e-08  3.81e+06    39s
  16  -3.17275693e+10  1.43392093e+12  1.95e+03 3.03e-08  2.21e+06    39s
  17  -3.87001504e+09  5.22538400e+11  6.12e+02 3.26e-08  6.59e+05    40s
  18   6.14459562e+09  2.09403006e+11  1.31e+02 3.39e-08  1.73e+05    40s
  19   7.70880088e+09  1.26786164e+11  5.62e+01 3.54e-07  8.76e+04    41s
  20   8.12430429e+09  9.92834371e+10  3.63e+01 3.21e-07  6.30e+04    41s
  21   8.40740945e+09  7.75874767e+10  2.30e+01 2.06e-07  4.54e+04    41s
  22   8.45039504e+09  7.01899687e+10  2.09e+01 2.55e-07  4.08e+04    42s
  23   8.50117963e+09  6.10553473e+10  1.87e+01 3.34e-07  3.54e+04    42s
  24   8.62776382e+09  4.69037771e+10  1.30e+01 2.28e-07  2.56e+04    43s
  25   8.66246342e+09  3.68866847e+10  1.14e+01 3.51e-07  2.01e+04    43s
  26   8.75550103e+09  2.94888901e+10  7.16e+00 5.59e-07  1.41e+04    44s
  27   8.80868503e+09  2.58565122e+10  4.73e+00 3.89e-07  1.10e+04    45s
  28   8.83609860e+09  2.40328314e+10  3.48e+00 4.76e-07  9.29e+03    45s
  29   8.85315408e+09  1.92721150e+10  2.74e+00 3.51e-07  6.56e+03    46s
  30   8.87560201e+09  1.72356992e+10  2.00e+00 3.84e-07  5.10e+03    47s
  31   8.88587269e+09  1.69570663e+10  1.81e+00 5.71e-07  4.85e+03    47s
  32   8.92083241e+09  1.54453352e+10  1.53e+00 6.56e-07  3.86e+03    48s
  33   8.96088209e+09  1.42694689e+10  1.14e+00 4.99e-07  3.04e+03    49s
  34   8.97752260e+09  1.29153802e+10  9.70e-01 6.14e-07  2.25e+03    49s
  35   8.99783414e+09  1.22597197e+10  8.37e-01 4.30e-07  1.84e+03    50s
  36   9.01725065e+09  1.09293844e+10  6.85e-01 5.08e-07  1.08e+03    51s
  37   9.03948566e+09  1.05629045e+10  5.83e-01 5.21e-07  8.50e+02    51s
  38   9.10228809e+09  1.02548143e+10  3.52e-01 3.55e-07  6.11e+02    52s
  39   9.12500274e+09  9.84905477e+09  2.51e-01 3.94e-07  3.79e+02    53s
  40   9.15629558e+09  9.72170453e+09  1.83e-01 2.68e-07  2.90e+02    54s
  41   9.16944154e+09  9.61080473e+09  1.62e-01 2.40e-07  2.27e+02    54s
  42   9.21250928e+09  9.49323933e+09  9.43e-02 3.88e-07  1.42e+02    55s
  43   9.21982391e+09  9.43780482e+09  8.54e-02 2.79e-07  1.11e+02    56s
  44   9.22962199e+09  9.39553041e+09  7.26e-02 3.98e-07  8.43e+01    56s
  45   9.24432804e+09  9.36509220e+09  5.37e-02 2.61e-07  6.11e+01    57s
  46   9.24928263e+09  9.34519706e+09  4.68e-02 3.91e-07  4.86e+01    58s
  47   9.25376668e+09  9.33572783e+09  4.10e-02 5.04e-07  4.14e+01    58s
  48   9.26361363e+09  9.32496741e+09  2.80e-02 4.68e-07  3.06e+01    59s
  49   9.26896586e+09  9.31987503e+09  2.19e-02 3.61e-07  2.53e+01    60s
  50   9.27234537e+09  9.31487450e+09  1.87e-02 3.35e-07  2.11e+01    60s
  51   9.27788565e+09  9.31373852e+09  1.38e-02 4.49e-07  1.77e+01    61s
  52   9.28182627e+09  9.31000437e+09  1.08e-02 3.25e-07  1.39e+01    62s
  53   9.28474876e+09  9.30826335e+09  8.71e-03 3.72e-07  1.15e+01    62s
  54   9.28609806e+09  9.30610990e+09  7.78e-03 3.17e-07  9.83e+00    63s
  55   9.28864438e+09  9.30523205e+09  6.14e-03 3.75e-07  8.13e+00    64s
  56   9.29126523e+09  9.30340034e+09  4.46e-03 3.51e-07  5.94e+00    65s
  57   9.29322546e+09  9.30288949e+09  3.29e-03 5.13e-07  4.72e+00    65s
  58   9.29462041e+09  9.30192217e+09  2.49e-03 4.37e-07  3.56e+00    66s
  59   9.29617351e+09  9.30127487e+09  1.61e-03 3.21e-07  2.48e+00    67s
  60   9.29718605e+09  9.30078827e+09  1.07e-03 3.07e-07  1.75e+00    67s
  61   9.29806477e+09  9.30009115e+09  6.10e-04 2.70e-07  9.84e-01    68s
  62   9.29865179e+09  9.29976694e+09  3.15e-04 2.67e-07  5.40e-01    69s
  63   9.29892694e+09  9.29958026e+09  1.78e-04 2.57e-07  3.16e-01    69s
  64   9.29913988e+09  9.29941523e+09  7.34e-05 5.44e-07  1.33e-01    70s
  65   9.29919369e+09  9.29939468e+09  4.78e-05 4.25e-07  9.69e-02    70s
  66   9.29919800e+09  9.29938506e+09  4.58e-05 5.35e-07  9.03e-02    70s
  67   9.29924793e+09  9.29934259e+09  2.27e-05 4.42e-07  4.57e-02    71s
  68   9.29927161e+09  9.29931615e+09  1.29e-05 4.26e-07  2.17e-02    71s
  69   9.29929321e+09  9.29930784e+09  3.70e-06 3.76e-07  7.08e-03    71s
  70   9.29929734e+09  9.29930626e+09  2.02e-06 4.01e-07  4.30e-03    72s
  71   9.29930056e+09  9.29930468e+09  7.42e-07 6.07e-07  1.97e-03    72s
  72   9.29930204e+09  9.29930404e+09  1.51e-07 3.78e-07  9.46e-04    73s
  73   9.29930233e+09  9.29930318e+09  3.18e-07 4.64e-07  4.01e-04    73s
  74   9.29930239e+09  9.29930287e+09  2.41e-07 2.54e-07  2.25e-04    74s
  75   9.29930246e+09  9.29930261e+09  6.30e-08 3.24e-07  6.78e-05    74s
  76   9.29930248e+09  9.29930254e+09  5.44e-08 4.96e-07  3.02e-05    74s
  77   9.29930250e+09  9.29930252e+09  5.57e-08 3.24e-07  6.84e-06    75s
  78   9.29930251e+09  9.29930251e+09  7.97e-08 4.17e-07  2.10e-06    75s
  79   9.29930251e+09  9.29930251e+09  5.75e-09 3.18e-07  3.81e-08    76s
  80   9.29930251e+09  9.29930251e+09  1.48e-09 6.05e-07  2.57e-09    76s

Barrier solved model in 80 iterations and 76.17 seconds (60.90 work units)
Optimal objective 9.29930251e+09


Root crossover log...

   30696 DPushes remaining with DInf 2.8300704e-04                76s
       0 DPushes remaining with DInf 0.0000000e+00                77s

    1521 PPushes remaining with PInf 0.0000000e+00                77s
       0 PPushes remaining with PInf 1.1956025e+06                77s

  Push phase complete: Pinf 1.1956025e+06, Dinf 1.4448641e+09     77s


Root simplex log...

Iteration    Objective       Primal Inf.    Dual Inf.      Time
   32204    9.2993112e+09   0.000000e+00   1.444864e+09     77s
   40475    9.2993453e+09   0.000000e+00   1.214516e+14     80s
Warning: 1 variables dropped from basis
Warning: switch to quad precision
   40876   -2.5108899e+10   0.000000e+00   1.006474e+14     86s
   41419   -2.5108852e+10   0.000000e+00   8.645945e+16     93s
   41943   -2.5106296e+10   0.000000e+00   5.004945e+13     99s
   42446   -2.5105540e+10   0.000000e+00   6.700772e+12    105s
   42959   -2.5104378e+10   0.000000e+00   9.621352e+13    110s
   43249   -2.5101344e+10   0.000000e+00   9.369281e+13    118s
   43682   -2.5098865e+10   0.000000e+00   2.208534e+13    123s
   44266   -2.5098369e+10   0.000000e+00   2.340255e+13    129s
   44727   -2.5098121e+10   0.000000e+00   2.239496e+13    136s
   45210   -2.5097889e+10   0.000000e+00   1.183630e+12    142s
   45692   -2.5097567e+10   0.000000e+00   1.499108e+13    148s
   46275   -2.5097287e+10   0.000000e+00   5.401096e+12    155s
   46900   -2.5096370e+10   0.000000e+00   8.023961e+12    160s
   47180   -2.5095476e+10   0.000000e+00   1.519703e+14    167s
   47460   -2.5094170e+10   0.000000e+00   1.418914e+13    174s
   47760   -2.5092778e+10   0.000000e+00   7.789854e+12    181s
   48244   -2.5092017e+10   0.000000e+00   1.193294e+13    187s
   48798   -2.5091257e+10   0.000000e+00   7.963905e+12    193s
   49178   -2.5090227e+10   0.000000e+00   1.832183e+12    201s
   49438   -2.5089488e+10   0.000000e+00   2.693212e+12    208s
   49900   -2.5087949e+10   0.000000e+00   1.539289e+12    215s
   50170   -2.5087534e+10   0.000000e+00   1.748413e+12    222s
   50450   -2.5086495e+10   0.000000e+00   2.862217e+12    229s
   50660   -2.5086028e+10   0.000000e+00   2.389410e+13    237s
   50900   -2.5085791e+10   0.000000e+00   1.245941e+12    244s
   51180   -2.5085604e+10   0.000000e+00   1.277633e+12    251s
   51430   -2.5085391e+10   0.000000e+00   1.478656e+12    259s
   51700   -2.5085204e+10   0.000000e+00   1.851806e+12    267s
   52010   -2.5084949e+10   0.000000e+00   1.664619e+12    274s
   52250   -2.5084745e+10   0.000000e+00   1.464705e+12    282s
   52602   -2.5084561e+10   0.000000e+00   2.139157e+12    289s
   52862   -2.5084320e+10   0.000000e+00   2.593456e+12    296s
   53172   -2.5084166e+10   0.000000e+00   9.261873e+13    303s
   53402   -2.5083839e+10   0.000000e+00   3.868060e+12    311s
   53632   -2.5082711e+10   0.000000e+00   2.931141e+13    319s
   54122   -2.5081620e+10   0.000000e+00   6.480559e+12    326s
   54372   -2.5080896e+10   0.000000e+00   2.028858e+13    334s
   54622   -2.5079661e+10   0.000000e+00   6.807122e+13    341s
   55023   -2.5078974e+10   0.000000e+00   2.944447e+12    348s
   55516   -2.5078450e+10   0.000000e+00   4.552330e+12    354s
   55796   -2.5077979e+10   0.000000e+00   3.065920e+12    362s
   56157   -2.5076246e+10   0.000000e+00   5.427881e+12    369s
   56487   -2.5075167e+10   0.000000e+00   4.293506e+12    377s
   56767   -2.5074180e+10   0.000000e+00   1.382654e+13    384s
   57217   -2.5073742e+10   0.000000e+00   2.900923e+12    391s
   57558   -2.5073603e+10   0.000000e+00   8.681156e+12    398s
   58080   -2.5073319e+10   0.000000e+00   1.213073e+13    405s
   58370   -2.5072672e+10   0.000000e+00   2.051751e+12    412s
   58660   -2.5071936e+10   0.000000e+00   3.158911e+12    420s
   59050   -2.5071286e+10   0.000000e+00   2.136660e+12    427s
   59300   -2.5070635e+10   0.000000e+00   2.099130e+12    435s
   59570   -2.5069352e+10   0.000000e+00   1.283355e+12    443s
   59890   -2.5068883e+10   0.000000e+00   1.516784e+12    451s
   60110   -2.5067432e+10   0.000000e+00   9.794408e+12    459s
   60330   -2.5066335e+10   0.000000e+00   3.719138e+11    467s
   60580   -2.5065472e+10   0.000000e+00   1.120756e+12    475s
   60780   -2.5064740e+10   0.000000e+00   9.720384e+11    483s
   61050   -2.5063425e+10   0.000000e+00   8.233667e+12    491s
   61300   -2.5062664e+10   0.000000e+00   2.141132e+12    499s
   61590   -2.5061996e+10   0.000000e+00   1.183960e+12    507s
   61800   -2.5061185e+10   0.000000e+00   6.501348e+11    515s
   62040   -2.5060098e+10   0.000000e+00   1.102250e+12    523s
   62240   -2.5058809e+10   0.000000e+00   1.641273e+12    531s
   62380   -2.5057977e+10   0.000000e+00   1.304030e+12    539s
   62530   -2.5057225e+10   0.000000e+00   4.447523e+11    547s
   62700   -2.5056499e+10   0.000000e+00   1.513181e+11    555s
   62870   -2.5055462e+10   0.000000e+00   2.043547e+11    563s
   63010   -2.5054730e+10   0.000000e+00   3.323324e+11    570s
   63170   -2.5054060e+10   0.000000e+00   1.965897e+11    577s
   63350   -2.5053457e+10   0.000000e+00   1.119187e+11    585s
   63540   -2.5052927e+10   0.000000e+00   7.591519e+10    592s
   63730   -2.5052504e+10   0.000000e+00   7.636436e+10    600s
   63930   -2.5052042e+10   0.000000e+00   5.617645e+11    607s
   64130   -2.5051550e+10   0.000000e+00   3.217662e+10    616s
   64330   -2.5051108e+10   0.000000e+00   2.214893e+12    623s
   64600   -2.5050432e+10   0.000000e+00   6.705458e+10    631s
   64810   -2.5050117e+10   0.000000e+00   3.317085e+11    639s
   65030   -2.5049758e+10   0.000000e+00   7.635228e+11    647s
   65250   -2.5049469e+10   0.000000e+00   1.556968e+11    654s
   65460   -2.5049251e+10   0.000000e+00   1.265870e+11    662s
   65700   -2.5049036e+10   0.000000e+00   5.512199e+10    671s
   65910   -2.5048860e+10   0.000000e+00   1.398658e+10    678s
   66110   -2.5048674e+10   0.000000e+00   1.172989e+10    686s
   66350   -2.5048486e+10   0.000000e+00   5.736828e+10    694s
   66650   -2.5048204e+10   0.000000e+00   4.476811e+09    702s
   66980   -2.5047901e+10   0.000000e+00   7.751757e+09    709s
   67210   -2.5047764e+10   0.000000e+00   1.088091e+10    716s
   67440   -2.5047646e+10   0.000000e+00   6.630610e+09    724s
   67680   -2.5047541e+10   0.000000e+00   1.793619e+10    731s
   67970   -2.5047446e+10   0.000000e+00   3.423749e+09    738s
   68230   -2.5047300e+10   0.000000e+00   7.146739e+10    745s
   68460   -2.5047222e+10   0.000000e+00   3.924154e+09    753s
   68690   -2.5047167e+10   0.000000e+00   1.715691e+10    760s
   69030   -2.5046992e+10   0.000000e+00   8.536014e+09    767s
   69250   -2.5046958e+10   0.000000e+00   4.660891e+09    774s
   69651   -2.5046803e+10   0.000000e+00   1.203583e+09    781s
   69881   -2.5046772e+10   0.000000e+00   5.854894e+08    788s
   70111   -2.5046738e+10   0.000000e+00   4.032825e+08    794s
   70401   -2.5046636e+10   0.000000e+00   1.130277e+08    801s
   70691   -2.5046596e+10   0.000000e+00   1.402780e+08    809s
   71072   -2.5046527e+10   0.000000e+00   2.028664e+08    815s
   71423   -2.5046420e+10   0.000000e+00   5.614836e+10    821s
   71653   -2.5045917e+10   0.000000e+00   2.026457e+11    829s
   71873   -2.5045341e+10   0.000000e+00   1.717632e+11    836s
   72093   -2.5044584e+10   0.000000e+00   1.718178e+11    845s
   72454   -2.5044016e+10   0.000000e+00   9.480886e+10    852s
   72684   -2.5043197e+10   0.000000e+00   9.386733e+10    860s
   73004   -2.5042579e+10   0.000000e+00   5.400555e+12    867s
   73305   -2.5042052e+10   0.000000e+00   3.550259e+12    874s
   73635   -2.5041476e+10   0.000000e+00   3.065045e+11    882s
   73845   -2.5041010e+10   0.000000e+00   1.283963e+11    889s
   74105   -2.5040432e+10   0.000000e+00   3.900910e+11    898s
   74275   -2.5039908e+10   0.000000e+00   7.619524e+10    906s
   74515   -2.5039284e+10   0.000000e+00   1.245489e+12    915s
   74725   -2.5038720e+10   0.000000e+00   3.959408e+11    924s
   74955   -2.5037994e+10   0.000000e+00   1.426450e+11    933s
   75245   -2.5037595e+10   0.000000e+00   3.428299e+11    944s
   75435   -2.5037150e+10   0.000000e+00   9.828040e+10    952s
   75675   -2.5036687e+10   0.000000e+00   7.677229e+10    960s
   75935   -2.5036441e+10   0.000000e+00   7.259007e+10    967s
   76175   -2.5036173e+10   0.000000e+00   7.513556e+10    975s
   76445   -2.5035861e+10   0.000000e+00   3.277936e+10    983s
   76645   -2.5035654e+10   0.000000e+00   4.129747e+10    991s
   76865   -2.5035351e+10   0.000000e+00   6.476822e+10    999s
   77085   -2.5035054e+10   0.000000e+00   6.404920e+10   1007s
   77305   -2.5034854e+10   0.000000e+00   7.080355e+10   1015s
   77525   -2.5034695e+10   0.000000e+00   1.125633e+11   1023s
   77785   -2.5034511e+10   0.000000e+00   2.081245e+11   1032s
   78015   -2.5034357e+10   0.000000e+00   3.545395e+11   1040s
   78245   -2.5034176e+10   0.000000e+00   8.320742e+11   1047s
   78455   -2.5033990e+10   0.000000e+00   1.992588e+10   1055s
   78675   -2.5033803e+10   0.000000e+00   4.254238e+10   1063s
   78905   -2.5033666e+10   0.000000e+00   1.834074e+10   1071s
   79135   -2.5033543e+10   0.000000e+00   1.136483e+11   1079s
   79415   -2.5033393e+10   0.000000e+00   2.370728e+11   1086s
   79655   -2.5033275e+10   0.000000e+00   1.196474e+10   1094s
   79865   -2.5033139e+10   0.000000e+00   8.903309e+10   1103s
   80075   -2.5033014e+10   0.000000e+00   3.847918e+11   1111s
   80305   -2.5032911e+10   0.000000e+00   1.305767e+10   1118s
   80545   -2.5032748e+10   0.000000e+00   3.611111e+10   1126s
   80775   -2.5032639e+10   0.000000e+00   5.473764e+10   1134s
   80975   -2.5032547e+10   0.000000e+00   7.863181e+10   1142s
   81205   -2.5032438e+10   0.000000e+00   1.175226e+12   1151s
   81435   -2.5032318e+10   0.000000e+00   7.072418e+11   1159s
   81655   -2.5032209e+10   0.000000e+00   2.637331e+11   1166s
   81875   -2.5032110e+10   0.000000e+00   2.429998e+12   1173s
   82095   -2.5032038e+10   0.000000e+00   2.892117e+11   1181s
   82315   -2.5031962e+10   0.000000e+00   8.543502e+11   1188s
   82565   -2.5031872e+10   0.000000e+00   4.409897e+11   1196s
   82815   -2.5031768e+10   0.000000e+00   1.886296e+10   1204s
   83055   -2.5031650e+10   0.000000e+00   9.468882e+09   1212s
   83255   -2.5031552e+10   0.000000e+00   4.357562e+10   1220s
   83475   -2.5031494e+10   0.000000e+00   4.099855e+10   1227s
   83715   -2.5031429e+10   0.000000e+00   7.314448e+10   1234s
   83985   -2.5031353e+10   0.000000e+00   5.424509e+09   1242s
   84185   -2.5031289e+10   0.000000e+00   5.316510e+10   1249s
   84425   -2.5031228e+10   0.000000e+00   1.057069e+10   1257s
   84655   -2.5031174e+10   0.000000e+00   3.351970e+09   1265s
   84905   -2.5031116e+10   0.000000e+00   7.088361e+09   1273s
   85125   -2.5031023e+10   0.000000e+00   3.020418e+10   1280s
   85355   -2.5030945e+10   0.000000e+00   2.824686e+09   1288s
   85615   -2.5030888e+10   0.000000e+00   9.592642e+09   1296s
   85855   -2.5030856e+10   0.000000e+00   1.187045e+09   1303s
   86095   -2.5030820e+10   0.000000e+00   1.388726e+09   1311s
   86315   -2.5030786e+10   0.000000e+00   1.919475e+09   1319s
   86515   -2.5030737e+10   0.000000e+00   3.433632e+09   1326s
   86715   -2.5030688e+10   0.000000e+00   2.874026e+09   1334s
   86945   -2.5030651e+10   0.000000e+00   8.674311e+11   1342s
   87185   -2.5030616e+10   0.000000e+00   6.950250e+10   1350s
   87395   -2.5030588e+10   0.000000e+00   6.599796e+11   1358s
   87605   -2.5030568e+10   0.000000e+00   2.833954e+11   1365s
   87815   -2.5030544e+10   0.000000e+00   5.734109e+11   1373s
   88015   -2.5030516e+10   0.000000e+00   7.307258e+10   1381s
   88245   -2.5030494e+10   0.000000e+00   2.694350e+09   1389s
   88455   -2.5030468e+10   0.000000e+00   8.054350e+08   1397s
   88645   -2.5030448e+10   0.000000e+00   3.857064e+08   1404s
   88875   -2.5030429e+10   0.000000e+00   5.359312e+09   1412s
   89085   -2.5030413e+10   0.000000e+00   1.675301e+09   1419s
   89285   -2.5030400e+10   0.000000e+00   1.489254e+09   1427s
   89485   -2.5030382e+10   0.000000e+00   2.142528e+08   1435s
   89705   -2.5030371e+10   0.000000e+00   1.845319e+09   1443s
   89925   -2.5030358e+10   0.000000e+00   5.220068e+09   1451s
   90155   -2.5030332e+10   0.000000e+00   4.230017e+08   1458s
   90345   -2.5030317e+10   0.000000e+00   9.201226e+08   1466s
   90545   -2.5030301e+10   0.000000e+00   5.362985e+09   1474s
   90725   -2.5030282e+10   0.000000e+00   1.602905e+09   1482s
   90925   -2.5030242e+10   0.000000e+00   1.881670e+09   1490s
   91125   -2.5030221e+10   0.000000e+00   1.415390e+10   1498s
   91335   -2.5030198e+10   0.000000e+00   7.560864e+08   1506s
   91535   -2.5030175e+10   0.000000e+00   8.011810e+08   1514s
   91715   -2.5030143e+10   0.000000e+00   9.344822e+09   1521s
   91925   -2.5030107e+10   0.000000e+00   7.258558e+09   1529s
   92135   -2.5030075e+10   0.000000e+00   3.265168e+09   1537s
   92325   -2.5030060e+10   0.000000e+00   1.008121e+11   1544s
   92525   -2.5030029e+10   0.000000e+00   3.895187e+10   1552s
   92735   -2.5029983e+10   0.000000e+00   3.994649e+08   1560s
   92965   -2.5029954e+10   0.000000e+00   1.015544e+09   1567s
   93185   -2.5029926e+10   0.000000e+00   2.330916e+09   1575s
   93385   -2.5029887e+10   0.000000e+00   1.013398e+09   1583s
   93585   -2.5029857e+10   0.000000e+00   6.475729e+09   1591s
   93785   -2.5029824e+10   0.000000e+00   1.539254e+09   1599s
   93985   -2.5029792e+10   0.000000e+00   1.437348e+09   1607s
   94185   -2.5029774e+10   0.000000e+00   2.446521e+09   1614s
   94385   -2.5029755e+10   0.000000e+00   2.133108e+09   1622s
   94575   -2.5029743e+10   0.000000e+00   2.534330e+10   1629s
   94815   -2.5029732e+10   0.000000e+00   1.204104e+09   1637s
   95035   -2.5029710e+10   0.000000e+00   4.063064e+10   1645s
   95235   -2.5029689e+10   0.000000e+00   5.691230e+09   1653s
   95445   -2.5029674e+10   0.000000e+00   6.075244e+10   1661s
   95655   -2.5029664e+10   0.000000e+00   1.892420e+08   1668s
   95855   -2.5029656e+10   0.000000e+00   6.428979e+07   1676s
   96065   -2.5029647e+10   0.000000e+00   1.450894e+08   1684s
   96255   -2.5029636e+10   0.000000e+00   1.215165e+08   1692s
   96465   -2.5029621e+10   0.000000e+00   9.241607e+08   1699s
   96685   -2.5029612e+10   0.000000e+00   1.497109e+08   1708s
   96895   -2.5029599e+10   0.000000e+00   2.632284e+10   1716s
   97105   -2.5029585e+10   0.000000e+00   8.515210e+11   1724s
   97305   -2.5029577e+10   0.000000e+00   1.571868e+07   1732s
   97515   -2.5029571e+10   0.000000e+00   1.784667e+07   1740s
   97725   -2.5029566e+10   0.000000e+00   1.559418e+07   1748s
   97935   -2.5029561e+10   0.000000e+00   5.119055e+07   1755s
   98145   -2.5029557e+10   0.000000e+00   1.018153e+07   1762s
   98355   -2.5029555e+10   0.000000e+00   2.367674e+06   1769s
   98565   -2.5029554e+10   0.000000e+00   2.677813e+05   1777s
   98874    9.3310686e+09   1.337255e+06   0.000000e+00   1780s
   99662    9.3308208e+09   8.537378e+04   0.000000e+00   1785s
  101632    9.3118330e+09   2.290245e+06   0.000000e+00   1790s
  104089    9.3095129e+09   1.779013e+06   0.000000e+00   1795s
  107092    9.3071205e+09   8.096946e+05   0.000000e+00   1800s
  109913    9.3058190e+09   1.299463e+07   0.000000e+00   1805s
  111539    9.3051761e+09   8.933251e+05   0.000000e+00   1810s
  113996    9.3042854e+09   4.374714e+06   0.000000e+00   1816s
  115270    9.3041242e+09   1.139777e+06   0.000000e+00   1820s
  116635    9.3038727e+09   3.296817e+05   0.000000e+00   1825s
  118455    9.3036021e+09   1.069434e+05   0.000000e+00   1830s
  120093    9.3033264e+09   4.051120e+05   0.000000e+00   1835s
  121913    9.3031040e+09   3.793489e+05   0.000000e+00   1840s
  123096    9.3030238e+09   1.027268e+05   0.000000e+00   1846s
  123642    9.3030030e+09   1.362588e+05   0.000000e+00   1851s
  124825    9.3027902e+09   5.614351e+05   0.000000e+00   1855s
  126099    9.3024821e+09   5.422306e+05   0.000000e+00   1860s
  126845    9.3023167e+09   7.811741e+07   0.000000e+00   1867s
  127664    9.3021244e+09   2.492447e+05   0.000000e+00   1870s
  128533    9.3020291e+09   2.988547e+05   0.000000e+00   1875s
  129664    9.3019350e+09   1.561268e+05   0.000000e+00   1881s
  130087    9.3018582e+09   9.447850e+05   0.000000e+00   1885s
  131158    9.3018007e+09   5.079187e+06   0.000000e+00   1891s
  131894    9.3017715e+09   1.345769e+06   0.000000e+00   1895s
  132944    9.3017488e+09   7.262806e+05   0.000000e+00   1900s
  134218    9.3016870e+09   1.003777e+07   0.000000e+00   1905s
  135034    9.3016767e+09   8.046475e+05   0.000000e+00   1910s
  135842    9.3016453e+09   1.249237e+05   0.000000e+00   1916s
  136427    9.3015974e+09   2.855516e+05   0.000000e+00   1920s
  137396    9.3015611e+09   2.012256e+06   0.000000e+00   1925s
  138173    9.3015293e+09   1.566291e+05   0.000000e+00   1932s
  138566    9.3015157e+09   3.217829e+05   0.000000e+00   1936s
  139071    9.3014957e+09   6.464882e+05   0.000000e+00   1940s
  139332    9.3014849e+09   9.106472e+05   0.000000e+00   1945s
  139906    9.3014745e+09   3.428482e+05   0.000000e+00   1952s
  140339    9.3014561e+09   5.618669e+05   0.000000e+00   1957s
  140743    9.3014484e+09   1.612436e+06   0.000000e+00   1960s
  141206    9.3014052e+09   4.699140e+05   0.000000e+00   1965s
  142155    9.3013794e+09   4.330619e+05   0.000000e+00   1971s
  142842    9.3013457e+09   1.195720e+06   0.000000e+00   1976s
  143396    9.3013249e+09   6.979697e+05   0.000000e+00   1981s
  143999    9.3012994e+09   8.346466e+05   0.000000e+00   1985s
  144502    9.3012859e+09   4.709360e+06   0.000000e+00   1990s
  144893    9.3012784e+09   1.027518e+06   0.000000e+00   1995s
  145537    9.3012730e+09   8.354190e+05   0.000000e+00   2002s
  145808    9.3012685e+09   4.052473e+05   0.000000e+00   2005s
  146178    9.3012676e+09   7.097190e+05   0.000000e+00   2011s
  146458    9.3012611e+09   2.827100e+05   0.000000e+00   2016s
  147103    9.3012239e+09   8.104758e+04   0.000000e+00   2021s
  147535    9.3012142e+09   1.200752e+05   0.000000e+00   2027s
  147979    9.3011889e+09   1.325886e+06   0.000000e+00   2031s
  149140    9.3011723e+09   2.782592e+06   0.000000e+00   2035s
  149998    9.3011083e+09   3.969297e+05   0.000000e+00   2040s
  150390    9.3010412e+09   1.030759e+05   0.000000e+00   2046s
  150903    9.3009520e+09   2.412560e+05   0.000000e+00   2052s
  151134    9.3009203e+09   1.953205e+05   0.000000e+00   2056s
  151364    9.3008908e+09   6.459499e+04   0.000000e+00   2061s
  151777    9.3008648e+09   8.456831e+05   0.000000e+00   2066s
  152332    9.3008446e+09   2.221217e+05   0.000000e+00   2071s
  152592    9.3007967e+09   3.583670e+05   0.000000e+00   2076s
  152953    9.3004766e+09   1.520039e+07   0.000000e+00   2081s
  154226    9.3002642e+09   1.275998e+06   0.000000e+00   2085s
  154972    9.3001467e+09   4.222559e+05   0.000000e+00   2091s
  155546    9.3000744e+09   2.461736e+06   0.000000e+00   2095s
  156788    9.3000219e+09   1.282264e+06   0.000000e+00   2100s
  158062    9.2999483e+09   8.501496e+07   0.000000e+00   2105s
  159578    9.2996046e+09   2.351789e+07   0.000000e+00   2110s
  160404    9.2995480e+09   2.592815e+07   0.000000e+00   2117s
  160614    9.2995408e+09   2.577788e+05   0.000000e+00   2121s
  161207    9.2995339e+09   6.174011e+05   0.000000e+00   2127s
  161477    9.2995290e+09   6.711430e+05   0.000000e+00   2131s
  162174    9.2995219e+09   3.436479e+05   0.000000e+00   2135s
  162809    9.2994918e+09   4.094271e+06   0.000000e+00   2140s
  163100    9.2994871e+09   3.634141e+06   0.000000e+00   2145s
  163583    9.2994634e+09   3.249039e+06   0.000000e+00   2154s
  163744    9.2994614e+09   8.262481e+06   0.000000e+00   2156s
  163975    9.2994608e+09   9.857332e+06   0.000000e+00   2161s
  164883    9.2994475e+09   2.652725e+07   0.000000e+00   2166s
  165994    9.2994445e+09   7.854974e+06   0.000000e+00   2171s
  166540    9.2994404e+09   7.339795e+06   0.000000e+00   2175s
  167044    9.2994344e+09   1.436596e+07   0.000000e+00   2180s
  167852    9.2993792e+09   4.656081e+07   0.000000e+00   2185s
  168647    9.2993539e+09   1.181725e+07   0.000000e+00   2191s
  169101    9.2993503e+09   1.072176e+07   0.000000e+00   2195s
  169392    9.2993483e+09   1.364090e+07   0.000000e+00   2200s
  170290    9.2993386e+09   4.581560e+06   0.000000e+00   2206s
  171361    9.2993250e+09   9.796437e+06   0.000000e+00   2211s
  172088    9.2993185e+09   3.319691e+05   0.000000e+00   2216s
  172815    9.2993176e+09   1.058996e+05   0.000000e+00   2220s
  173359    9.2993167e+09   1.898233e+06   0.000000e+00   2227s
  173539    9.2993162e+09   7.111829e+05   0.000000e+00   2231s
  173860    9.2993159e+09   2.509178e+05   0.000000e+00   2237s
  174222    9.2993153e+09   8.575925e+05   0.000000e+00   2241s
  174432    9.2993145e+09   1.167362e+05   0.000000e+00   2245s
  174632    9.2993141e+09   2.475781e+05   0.000000e+00   2250s
  174852    9.2993137e+09   2.579458e+06   0.000000e+00   2256s
  175213    9.2993132e+09   2.123064e+05   0.000000e+00   2262s
  175403    9.2993127e+09   6.212507e+05   0.000000e+00   2266s
  175754    9.2993122e+09   6.601150e+05   0.000000e+00   2272s
  175964    9.2993112e+09   6.832618e+04   0.000000e+00   2277s
  176175    9.2993103e+09   5.222665e+04   0.000000e+00   2280s
  176395    9.2993102e+09   7.135082e+05   0.000000e+00   2287s
  176595    9.2993099e+09   8.712132e+04   0.000000e+00   2293s
  176695    9.2993098e+09   9.423289e+04   0.000000e+00   2295s
  176925    9.2993090e+09   1.454580e+04   0.000000e+00   2302s
  177035    9.2993084e+09   9.750916e+04   0.000000e+00   2305s
  177336    9.2993081e+09   1.113862e+05   0.000000e+00   2312s
  177607    9.2993074e+09   1.717444e+04   0.000000e+00   2316s
  178111    9.2993054e+09   2.633881e+04   0.000000e+00   2320s
  178695    9.2993042e+09   6.476734e+04   0.000000e+00   2328s
  178835    9.2993042e+09   2.285173e+04   0.000000e+00   2332s
  179125    9.2993037e+09   2.831014e+05   0.000000e+00   2337s
  179396    9.2993034e+09   1.858363e+04   0.000000e+00   2341s
  179706    9.2993029e+09   8.113564e+04   0.000000e+00   2348s
  179806    9.2993028e+09   4.426853e+03   0.000000e+00   2351s
  180026    9.2993027e+09   7.837253e+01   0.000000e+00   2358s
  180146    9.2993026e+09   1.205348e+04   0.000000e+00   2361s
  180356    9.2993025e+09   2.273094e+03   0.000000e+00   2368s
  180476    9.2993025e+09   1.621147e+02   0.000000e+00   2372s
  180596    9.2993025e+09   4.327972e-01   0.000000e+00   2376s
  180599    9.2993025e+09   0.000000e+00   0.000000e+00   2376s
Concurrent spin time: 484.04s (can be avoided by choosing Method=3)

Solved with barrier
  180599    9.2993025e+09   0.000000e+00   0.000000e+00   2377s

Root relaxation: objective 9.299303e+09, 180599 iterations, 2350.29 seconds (1302.40 work units)
Total elapsed time = 2380.20s

    Nodes    |    Current Node    |     Objective Bounds      |     Work
 Expl Unexpl |  Obj  Depth IntInf | Incumbent    BestBd   Gap | It/Node Time

     0     0 9.2993e+09    0  359 1.2860e+09 9.2993e+09   623%     - 2381s
H    0     0                    9.198152e+09 9.2993e+09  1.10%     - 2391s
     0     0 9.2993e+09    0  382 9.1982e+09 9.2993e+09  1.10%     - 2469s
H    0     0                    9.291615e+09 9.2993e+09  0.08%     - 2525s

Cutting planes:
  Cover: 4
  Implied bound: 2
  Clique: 1
  MIR: 11
  Flow cover: 7
  GUB cover: 1
  Network: 4

Explored 1 nodes (201502 simplex iterations) in 2525.76 seconds (1470.69 work units)
Thread count was 20 (of 40 available processors)

Solution count 3: 9.29162e+09 9.19815e+09 1.28595e+09 

Optimal solution found (tolerance 1.00e-02)
Best objective 9.291615140705e+09, best bound 9.299274615120e+09, gap 0.0824%
Gurobi Optimizer version 10.0.1 build v10.0.1rc0 (linux64)

CPU model: Intel(R) Xeon(R) Gold 5115 CPU @ 2.40GHz, instruction set [SSE2|AVX|AVX2|AVX512]
Thread count: 20 physical cores, 40 logical processors, using up to 20 threads

Optimize a model with 153621 rows, 1926472 columns and 11381373 nonzeros
Model fingerprint: 0x279ceb5f
Variable types: 579492 continuous, 1346980 integer (1346980 binary)
Coefficient statistics:
  Matrix range     [1e+00, 2e+05]
  Objective range  [4e+01, 3e+07]
  Bounds range     [1e+00, 3e+05]
  RHS range        [1e+00, 3e+06]

User MIP start did not produce a new incumbent solution
User MIP start violates constraint flow[RIV,NGBON,122] by 1.000000000
Processed MIP start in 1.39 seconds (0.53 work units)

Presolve removed 122991 rows and 1275022 columns (presolve time = 5s) ...
Presolve removed 125920 rows and 1293314 columns (presolve time = 10s) ...
Presolve removed 125969 rows and 1293518 columns (presolve time = 15s) ...
Presolve removed 125969 rows and 1293518 columns (presolve time = 20s) ...
Presolve removed 125969 rows and 1293518 columns (presolve time = 29s) ...
Presolve removed 126018 rows and 1293641 columns (presolve time = 30s) ...
Presolve removed 125975 rows and 1293598 columns
Presolve time: 30.16s
Presolved: 27646 rows, 632874 columns, 2916727 nonzeros
Variable types: 233296 continuous, 399578 integer (399578 binary)
Deterministic concurrent LP optimizer: primal simplex, dual simplex, and barrier
Showing barrier log only...

Root barrier log...

Ordering time: 0.83s

Barrier statistics:
 AA' NZ     : 1.554e+06
 Factor NZ  : 4.278e+06 (roughly 300 MB of memory)
 Factor Ops : 3.894e+09 (less than 1 second per iteration)
 Threads    : 17

                  Objective                Residual
Iter       Primal          Dual         Primal    Dual     Compl     Time
   0  -1.03220246e+16  2.84433689e+13  6.99e+08 3.05e+06  5.57e+11    42s
   1  -3.30483852e+15  3.22884525e+13  2.24e+08 4.20e+06  1.82e+11    43s
   2  -4.38631012e+14  2.76063600e+13  2.99e+07 4.20e+05  2.47e+10    43s
   3  -9.31795229e+13  2.11162651e+13  6.36e+06 2.23e-08  5.31e+09    43s
   4  -2.52556951e+13  1.31785632e+13  1.72e+06 2.24e-08  1.49e+09    44s
   5  -1.13466482e+13  1.05069500e+13  7.73e+05 1.86e-08  6.72e+08    44s
   6  -8.19735354e+12  9.06256919e+12  5.58e+05 1.68e-08  4.88e+08    44s
   7  -2.38121466e+12  6.37387963e+12  1.62e+05 1.49e-08  1.46e+08    44s
   8  -1.82374959e+12  5.69399772e+12  1.24e+05 1.68e-08  1.12e+08    45s
   9  -4.04979817e+11  4.30977413e+12  2.77e+04 1.49e-08  2.68e+07    45s
  10  -1.76788378e+11  3.94737956e+12  1.22e+04 1.63e-08  1.32e+07    45s
  11  -6.79124121e+10  3.08268209e+12  4.79e+03 1.30e-08  6.13e+06    45s
  12  -5.00830242e+10  2.20144199e+12  3.58e+03 1.30e-08  4.25e+06    46s
  13  -2.87563051e+10  1.34064035e+12  2.13e+03 1.42e-08  2.39e+06    46s
  14  -9.45274134e+09  4.51173788e+11  8.20e+02 1.73e-08  7.78e+05    46s
  15  -1.95882195e+09  1.98901056e+11  3.12e+02 1.66e-08  2.97e+05    47s
  16   1.31642126e+09  1.28491391e+11  9.09e+01 1.65e-08  1.38e+05    47s
  17   1.74665094e+09  9.48085932e+10  6.21e+01 2.22e-08  9.84e+04    47s
  18   2.03532718e+09  7.74129229e+10  4.30e+01 5.45e-08  7.65e+04    47s
  19   2.22653393e+09  6.49016871e+10  3.06e+01 1.09e-07  6.16e+04    47s
  20   2.38782809e+09  4.41987175e+10  2.04e+01 8.28e-08  4.09e+04    48s
  21   2.52759996e+09  3.03953720e+10  1.17e+01 8.10e-08  2.67e+04    48s
  22   2.60730658e+09  2.32967496e+10  6.73e+00 1.17e-07  1.92e+04    48s
  23   2.62331467e+09  1.93762052e+10  5.72e+00 1.06e-07  1.60e+04    49s
  24   2.64650311e+09  1.80800079e+10  4.65e+00 1.37e-07  1.46e+04    49s
  25   2.66273320e+09  1.65277224e+10  3.91e+00 1.42e-07  1.31e+04    49s
  26   2.68142981e+09  1.29793129e+10  3.05e+00 2.04e-07  1.01e+04    49s
  27   2.70676180e+09  1.10182858e+10  2.34e+00 2.02e-07  7.93e+03    50s
  28   2.71912222e+09  8.86664653e+09  2.05e+00 1.72e-07  5.92e+03    50s
  29   2.73568427e+09  8.30949829e+09  1.77e+00 1.56e-07  5.28e+03    50s
  30   2.74867792e+09  7.56884557e+09  1.55e+00 1.53e-07  4.52e+03    51s
  31   2.75899705e+09  6.52283581e+09  1.31e+00 1.50e-07  3.48e+03    51s
  32   2.77039728e+09  5.27007743e+09  1.01e+00 1.16e-07  2.27e+03    51s
  33   2.77786264e+09  4.52551697e+09  8.49e-01 1.01e-07  1.57e+03    52s
  34   2.78220804e+09  4.15338544e+09  7.45e-01 8.24e-08  1.22e+03    52s
  35   2.79584514e+09  3.74414785e+09  5.50e-01 5.68e-08  8.24e+02    53s
  36   2.82242215e+09  3.53254423e+09  2.26e-01 5.31e-08  5.83e+02    53s
  37   2.82980410e+09  3.24683034e+09  1.79e-01 3.21e-08  3.40e+02    53s
  38   2.83657735e+09  3.14353943e+09  1.52e-01 2.61e-08  2.49e+02    54s
  39   2.84310474e+09  3.08689636e+09  1.27e-01 2.70e-08  1.97e+02    54s
  40   2.84894715e+09  3.05110197e+09  1.09e-01 2.84e-08  1.63e+02    54s
  41   2.85126314e+09  3.00630608e+09  1.03e-01 2.00e-08  1.24e+02    54s
  42   2.86327650e+09  2.99695878e+09  6.94e-02 2.14e-08  1.07e+02    55s
  43   2.86169946e+09  2.97925851e+09  6.47e-02 1.82e-08  9.37e+01    55s
  44   2.86539721e+09  2.97428402e+09  5.72e-02 1.82e-08  8.67e+01    55s
  45   2.86728310e+09  2.96374632e+09  5.39e-02 1.86e-08  7.68e+01    55s
  46   2.86843871e+09  2.95945213e+09  5.18e-02 2.10e-08  7.24e+01    56s
  47   2.87458234e+09  2.95170422e+09  4.19e-02 1.82e-08  6.13e+01    56s
  48   2.87486924e+09  2.94793690e+09  4.03e-02 1.72e-08  5.80e+01    56s
  49   2.87883256e+09  2.94248120e+09  3.49e-02 1.86e-08  5.05e+01    56s
  50   2.88307080e+09  2.93954124e+09  2.82e-02 1.91e-08  4.47e+01    57s
  51   2.88572663e+09  2.93160246e+09  2.39e-02 1.54e-08  3.63e+01    57s
  52   2.88654390e+09  2.92958325e+09  2.26e-02 1.91e-08  3.41e+01    57s
  53   2.88923869e+09  2.92580932e+09  1.86e-02 1.91e-08  2.89e+01    58s
  54   2.89061371e+09  2.92446776e+09  1.68e-02 1.68e-08  2.68e+01    58s
  55   2.89171886e+09  2.92187992e+09  1.53e-02 1.54e-08  2.38e+01    58s
  56   2.89294219e+09  2.91985169e+09  1.37e-02 1.58e-08  2.13e+01    58s
  57   2.89426045e+09  2.91813290e+09  1.20e-02 1.49e-08  1.89e+01    59s
  58   2.89612760e+09  2.91731411e+09  9.90e-03 1.58e-08  1.67e+01    59s
  59   2.89689692e+09  2.91602850e+09  9.11e-03 1.77e-08  1.51e+01    59s
  60   2.89766071e+09  2.91580540e+09  8.44e-03 2.00e-08  1.43e+01    59s
  61   2.89796318e+09  2.91501824e+09  8.15e-03 1.82e-08  1.35e+01    60s
  62   2.89939057e+09  2.91402782e+09  6.89e-03 2.05e-08  1.16e+01    60s
  63   2.90054176e+09  2.91371332e+09  5.92e-03 1.63e-08  1.04e+01    60s
  64   2.90105784e+09  2.91295253e+09  5.49e-03 1.68e-08  9.38e+00    60s
  65   2.90241298e+09  2.91262337e+09  4.39e-03 1.54e-08  8.05e+00    61s
  66   2.90285285e+09  2.91194509e+09  4.04e-03 1.44e-08  7.17e+00    61s
  67   2.90360103e+09  2.91183171e+09  3.44e-03 1.26e-08  6.49e+00    61s
  68   2.90417026e+09  2.91150866e+09  3.01e-03 1.44e-08  5.79e+00    62s
  69   2.90473555e+09  2.91054066e+09  2.57e-03 1.07e-08  4.58e+00    62s
  70   2.90487624e+09  2.91043220e+09  2.45e-03 1.40e-08  4.38e+00    62s
  71   2.90531269e+09  2.91025987e+09  2.11e-03 1.86e-08  3.90e+00    62s
  72   2.90556831e+09  2.91003195e+09  1.92e-03 2.14e-08  3.52e+00    63s
  73   2.90575219e+09  2.90983782e+09  1.79e-03 2.10e-08  3.22e+00    63s
  74   2.90624571e+09  2.90966196e+09  1.42e-03 1.96e-08  2.69e+00    63s
  75   2.90683463e+09  2.90934891e+09  9.80e-04 1.54e-08  1.98e+00    63s
  76   2.90714434e+09  2.90905010e+09  7.61e-04 9.31e-09  1.50e+00    64s
  77   2.90744044e+09  2.90891090e+09  5.59e-04 1.26e-08  1.16e+00    64s
  78   2.90752674e+09  2.90883573e+09  5.02e-04 1.54e-08  1.03e+00    64s
  79   2.90769206e+09  2.90880339e+09  3.93e-04 1.40e-08  8.76e-01    65s
  80   2.90781398e+09  2.90868019e+09  3.11e-04 1.21e-08  6.82e-01    65s
  81   2.90789948e+09  2.90863306e+09  2.54e-04 1.63e-08  5.78e-01    65s
  82   2.90800364e+09  2.90858673e+09  1.86e-04 1.82e-08  4.59e-01    65s
  83   2.90808135e+09  2.90848066e+09  1.35e-04 9.78e-09  3.15e-01    66s
  84   2.90819309e+09  2.90839661e+09  6.33e-05 7.92e-09  1.60e-01    66s
  85   2.90825256e+09  2.90836233e+09  2.75e-05 9.78e-09  8.64e-02    66s
  86   2.90825885e+09  2.90833405e+09  2.38e-05 7.45e-09  5.92e-02    67s
  87   2.90826682e+09  2.90832341e+09  1.91e-05 7.45e-09  4.46e-02    67s
  88   2.90828625e+09  2.90831439e+09  8.29e-06 7.45e-09  2.22e-02    67s
  89   2.90829482e+09  2.90830894e+09  3.37e-06 1.02e-08  1.11e-02    67s
  90   2.90829932e+09  2.90830376e+09  4.07e-06 1.16e-08  3.49e-03    67s
  91   2.90829986e+09  2.90830336e+09  2.88e-06 1.35e-08  2.76e-03    68s
  92   2.90830056e+09  2.90830212e+09  1.41e-06 7.45e-09  1.22e-03    68s
  93   2.90830092e+09  2.90830182e+09  5.58e-07 9.78e-09  7.07e-04    68s
  94   2.90830107e+09  2.90830144e+09  2.24e-07 1.07e-08  2.89e-04    68s
  95   2.90830112e+09  2.90830123e+09  1.15e-07 8.85e-09  8.18e-05    69s
  96   2.90830117e+09  2.90830119e+09  2.54e-08 1.16e-08  1.35e-05    69s
  97   2.90830119e+09  2.90830119e+09  4.14e-09 9.78e-09  9.19e-09    70s

Barrier solved model in 97 iterations and 69.57 seconds (65.08 work units)
Optimal objective 2.90830119e+09


Root crossover log...

   22054 DPushes remaining with DInf 0.0000000e+00                70s
       0 DPushes remaining with DInf 0.0000000e+00                70s

     550 PPushes remaining with PInf 0.0000000e+00                70s
      48 PPushes remaining with PInf 3.3252665e+02                71s

  Push phase complete: Pinf 3.3252665e+02, Dinf 4.6502254e+08     71s


Root simplex log...

Iteration    Objective       Primal Inf.    Dual Inf.      Time
   22258    2.9083342e+09   1.204611e+05   0.000000e+00     71s
   22698    2.9084007e+09   3.382804e+05   0.000000e+00     75s
   23118    2.9083831e+09   1.855158e+04   0.000000e+00     80s
   23518    2.9083718e+09   1.388063e+05   0.000000e+00     85s
   24028    2.9083641e+09   2.920828e+04   0.000000e+00     91s
   24428    2.9083602e+09   2.061270e+03   0.000000e+00     96s
   24768    2.9083588e+09   9.360645e+03   0.000000e+00    100s
   25128    2.9083583e+09   7.213868e+01   0.000000e+00    105s
   33498    2.9083016e+09   0.000000e+00   6.964701e+07    110s
   38549    2.9083052e+09   0.000000e+00   1.200370e+06    115s
   38914    2.9083013e+09   0.000000e+00   0.000000e+00    118s
Concurrent spin time: 0.01s

Solved with barrier
   38914    2.9083013e+09   0.000000e+00   0.000000e+00    118s

Root relaxation: objective 2.908301e+09, 38914 iterations, 79.73 seconds (70.78 work units)

    Nodes    |    Current Node    |     Objective Bounds      |     Work
 Expl Unexpl |  Obj  Depth IntInf | Incumbent    BestBd   Gap | It/Node Time

     0     0 2.9083e+09    0  312          - 2.9083e+09      -     -  120s
Another try with MIP start
H    0     0                    2.883871e+09 2.9083e+09  0.85%     -  241s

Explored 1 nodes (45188 simplex iterations) in 241.94 seconds (272.99 work units)
Thread count was 20 (of 40 available processors)

Solution count 2: 2.88387e+09 2.88387e+09 

Optimal solution found (tolerance 1.00e-02)
Best objective 2.883871180270e+09, best bound 2.908301253580e+09, gap 0.8471%
Gurobi Optimizer version 10.0.1 build v10.0.1rc0 (linux64)

CPU model: Intel(R) Xeon(R) Gold 5115 CPU @ 2.40GHz, instruction set [SSE2|AVX|AVX2|AVX512]
Thread count: 20 physical cores, 40 logical processors, using up to 20 threads

Optimize a model with 195063 rows, 2324431 columns and 14460200 nonzeros
Model fingerprint: 0x388b8aeb
Variable types: 190476 continuous, 2133955 integer (2133955 binary)
Coefficient statistics:
  Matrix range     [1e+00, 2e+05]
  Objective range  [4e+01, 3e+07]
  Bounds range     [1e+00, 3e+05]
  RHS range        [1e+00, 3e+06]

Processing user MIP start: 0 nodes explored in subMIP, total elapsed time 5s
Processing user MIP start: 0 nodes explored in subMIP, total elapsed time 10s
Processing user MIP start: 0 nodes explored in subMIP, total elapsed time 15s
Processing user MIP start: 0 nodes explored in subMIP, total elapsed time 20s
Processing user MIP start: 0 nodes explored in subMIP, total elapsed time 25s
Processing user MIP start: 0 nodes explored in subMIP, total elapsed time 30s
Processing user MIP start: 0 nodes explored in subMIP, total elapsed time 35s
Processing user MIP start: 0 nodes explored in subMIP, total elapsed time 40s
Processing user MIP start: 0 nodes explored in subMIP, total elapsed time 45s
Processing user MIP start: 0 nodes explored in subMIP, total elapsed time 50s
Processing user MIP start: 0 nodes explored in subMIP, total elapsed time 55s
Processing user MIP start: 0 nodes explored in subMIP, total elapsed time 60s
Processing user MIP start: 0 nodes explored in subMIP, total elapsed time 65s
Processing user MIP start: 0 nodes explored in subMIP, total elapsed time 70s
Processing user MIP start: 0 nodes explored in subMIP, total elapsed time 75s
Processing user MIP start: 0 nodes explored in subMIP, total elapsed time 80s
Processing user MIP start: 0 nodes explored in subMIP, total elapsed time 85s
Processing user MIP start: 0 nodes explored in subMIP, total elapsed time 90s
Processing user MIP start: 0 nodes explored in subMIP, total elapsed time 95s
Processing user MIP start: 0 nodes explored in subMIP, total elapsed time 100s
Processing user MIP start: 0 nodes explored in subMIP, total elapsed time 105s
Processing user MIP start: 0 nodes explored in subMIP, total elapsed time 110s
Processing user MIP start: 0 nodes explored in subMIP, total elapsed time 115s
Processing user MIP start: 0 nodes explored in subMIP, total elapsed time 121s
Processing user MIP start: 0 nodes explored in subMIP, total elapsed time 125s
Processing user MIP start: 0 nodes explored in subMIP, total elapsed time 130s
Processing user MIP start: 0 nodes explored in subMIP, total elapsed time 136s
Processing user MIP start: 0 nodes explored in subMIP, total elapsed time 140s
Processing user MIP start: 0 nodes explored in subMIP, total elapsed time 145s
Processing user MIP start: 0 nodes explored in subMIP, total elapsed time 151s
Processing user MIP start: 0 nodes explored in subMIP, total elapsed time 156s
Processing user MIP start: 0 nodes explored in subMIP, total elapsed time 161s
Processing user MIP start: 0 nodes explored in subMIP, total elapsed time 166s
Processing user MIP start: 0 nodes explored in subMIP, total elapsed time 171s
Processing user MIP start: 0 nodes explored in subMIP, total elapsed time 175s
Processing user MIP start: 0 nodes explored in subMIP, total elapsed time 180s
Processing user MIP start: 0 nodes explored in subMIP, total elapsed time 187s
Processing user MIP start: 0 nodes explored in subMIP, total elapsed time 191s
Processing user MIP start: 0 nodes explored in subMIP, total elapsed time 195s
Processing user MIP start: 0 nodes explored in subMIP, total elapsed time 201s
Processing user MIP start: 0 nodes explored in subMIP, total elapsed time 206s
Processing user MIP start: 0 nodes explored in subMIP, total elapsed time 210s
Processing user MIP start: 0 nodes explored in subMIP, total elapsed time 216s
Processing user MIP start: 0 nodes explored in subMIP, total elapsed time 220s
Processing user MIP start: 0 nodes explored in subMIP, total elapsed time 226s
Processing user MIP start: 0 nodes explored in subMIP, total elapsed time 232s
Processing user MIP start: 0 nodes explored in subMIP, total elapsed time 236s
Processing user MIP start: 0 nodes explored in subMIP, total elapsed time 241s
Processing user MIP start: 0 nodes explored in subMIP, total elapsed time 246s
Processing user MIP start: 0 nodes explored in subMIP, total elapsed time 252s
Processing user MIP start: 0 nodes explored in subMIP, total elapsed time 256s
Processing user MIP start: 0 nodes explored in subMIP, total elapsed time 261s
Processing user MIP start: 0 nodes explored in subMIP, total elapsed time 265s
Processing user MIP start: 0 nodes explored in subMIP, total elapsed time 273s
Processing user MIP start: 0 nodes explored in subMIP, total elapsed time 278s
Processing user MIP start: 0 nodes explored in subMIP, total elapsed time 281s
Processing user MIP start: 0 nodes explored in subMIP, total elapsed time 286s
Processing user MIP start: 0 nodes explored in subMIP, total elapsed time 292s
Processing user MIP start: 0 nodes explored in subMIP, total elapsed time 296s
Processing user MIP start: 0 nodes explored in subMIP, total elapsed time 302s
Processing user MIP start: 0 nodes explored in subMIP, total elapsed time 306s
User MIP start produced solution with objective 3.03969e+09 (309.04s)
Processing user MIP start: 0 nodes explored in subMIP, total elapsed time 310s
User MIP start produced solution with objective 3.0419e+09 (311.72s)
Processing user MIP start: 0 nodes explored in subMIP, total elapsed time 315s
Processing user MIP start: 0 nodes explored in subMIP, total elapsed time 320s
Processing user MIP start: 0 nodes explored in subMIP, total elapsed time 325s
Processing user MIP start: 0 nodes explored in subMIP, total elapsed time 332s
Processing user MIP start: 0 nodes explored in subMIP, total elapsed time 335s
Processing user MIP start: 0 nodes explored in subMIP, total elapsed time 340s
User MIP start produced solution with objective 3.59647e+09 (342.01s)
Processing user MIP start: 0 nodes explored in subMIP, total elapsed time 346s
Processing user MIP start: 0 nodes explored in subMIP, total elapsed time 350s
Processing user MIP start: 0 nodes explored in subMIP, total elapsed time 356s
Processing user MIP start: 0 nodes explored in subMIP, total elapsed time 361s
User MIP start produced solution with objective 3.59655e+09 (364.57s)
Processing user MIP start: 0 nodes explored in subMIP, total elapsed time 365s
Processing user MIP start: 0 nodes explored in subMIP, total elapsed time 370s
User MIP start produced solution with objective 3.61789e+09 (374.12s)
Processing user MIP start: 0 nodes explored in subMIP, total elapsed time 375s
Processing user MIP start: 0 nodes explored in subMIP, total elapsed time 380s
Processing user MIP start: 0 nodes explored in subMIP, total elapsed time 385s
Processing user MIP start: 0 nodes explored in subMIP, total elapsed time 391s
User MIP start produced solution with objective 3.68258e+09 (394.48s)
Processing user MIP start: 0 nodes explored in subMIP, total elapsed time 395s
Processing user MIP start: 0 nodes explored in subMIP, total elapsed time 400s
Processing user MIP start: 0 nodes explored in subMIP, total elapsed time 406s
Processing user MIP start: 0 nodes explored in subMIP, total elapsed time 410s
User MIP start produced solution with objective 3.6867e+09 (415.30s)
Processing user MIP start: 0 nodes explored in subMIP, total elapsed time 415s
Processing user MIP start: 0 nodes explored in subMIP, total elapsed time 420s
Processing user MIP start: 0 nodes explored in subMIP, total elapsed time 425s
User MIP start produced solution with objective 3.68891e+09 (429.51s)
Processing user MIP start: 0 nodes explored in subMIP, total elapsed time 431s
Processing user MIP start: 0 nodes explored in subMIP, total elapsed time 435s
Processing user MIP start: 0 nodes explored in subMIP, total elapsed time 440s
Processing user MIP start: 0 nodes explored in subMIP, total elapsed time 445s
Processing user MIP start: 0 nodes explored in subMIP, total elapsed time 450s
Processing user MIP start: 0 nodes explored in subMIP, total elapsed time 455s
Processing user MIP start: 0 nodes explored in subMIP, total elapsed time 460s
Processing user MIP start: 0 nodes explored in subMIP, total elapsed time 466s
Processing user MIP start: 0 nodes explored in subMIP, total elapsed time 470s
Processing user MIP start: 0 nodes explored in subMIP, total elapsed time 475s
Processing user MIP start: 0 nodes explored in subMIP, total elapsed time 480s
Processing user MIP start: 0 nodes explored in subMIP, total elapsed time 485s
Processing user MIP start: 0 nodes explored in subMIP, total elapsed time 490s
Processing user MIP start: 0 nodes explored in subMIP, total elapsed time 495s
Processing user MIP start: 0 nodes explored in subMIP, total elapsed time 500s
Processing user MIP start: 0 nodes explored in subMIP, total elapsed time 505s
Processing user MIP start: 0 nodes explored in subMIP, total elapsed time 510s
Processing user MIP start: 0 nodes explored in subMIP, total elapsed time 515s
Processing user MIP start: 0 nodes explored in subMIP, total elapsed time 520s
Processing user MIP start: 0 nodes explored in subMIP, total elapsed time 525s
Processing user MIP start: 0 nodes explored in subMIP, total elapsed time 530s
Processing user MIP start: 0 nodes explored in subMIP, total elapsed time 535s
Processing user MIP start: 1 nodes explored in subMIP, total elapsed time 541s
Processing user MIP start: 1 nodes explored in subMIP, total elapsed time 546s
Processing user MIP start: 1 nodes explored in subMIP, total elapsed time 550s
Processing user MIP start: 2 nodes explored in subMIP, total elapsed time 556s
Processing user MIP start: 2 nodes explored in subMIP, total elapsed time 560s
Processing user MIP start: 3 nodes explored in subMIP, total elapsed time 565s
Processing user MIP start: 4 nodes explored in subMIP, total elapsed time 570s
Processing user MIP start: 5 nodes explored in subMIP, total elapsed time 575s
Processing user MIP start: 5 nodes explored in subMIP, total elapsed time 580s
Processing user MIP start: 6 nodes explored in subMIP, total elapsed time 586s
Processing user MIP start: 6 nodes explored in subMIP, total elapsed time 590s
Processing user MIP start: 7 nodes explored in subMIP, total elapsed time 596s
Processing user MIP start: 8 nodes explored in subMIP, total elapsed time 600s
Processing user MIP start: 8 nodes explored in subMIP, total elapsed time 605s
Processing user MIP start: 9 nodes explored in subMIP, total elapsed time 611s
Processing user MIP start: 10 nodes explored in subMIP, total elapsed time 615s
Processing user MIP start: 10 nodes explored in subMIP, total elapsed time 622s
Processing user MIP start: 10 nodes explored in subMIP, total elapsed time 625s
Processing user MIP start: 11 nodes explored in subMIP, total elapsed time 630s
Processing user MIP start: 12 nodes explored in subMIP, total elapsed time 635s
Processing user MIP start: 13 nodes explored in subMIP, total elapsed time 641s
Processing user MIP start: 13 nodes explored in subMIP, total elapsed time 645s
Processing user MIP start: 14 nodes explored in subMIP, total elapsed time 650s
Processing user MIP start: 15 nodes explored in subMIP, total elapsed time 655s
Processing user MIP start: 16 nodes explored in subMIP, total elapsed time 661s
Processing user MIP start: 17 nodes explored in subMIP, total elapsed time 665s
Processing user MIP start: 18 nodes explored in subMIP, total elapsed time 670s
Processing user MIP start: 19 nodes explored in subMIP, total elapsed time 675s
Processing user MIP start: 19 nodes explored in subMIP, total elapsed time 680s
Processing user MIP start: 19 nodes explored in subMIP, total elapsed time 685s
Processing user MIP start: 21 nodes explored in subMIP, total elapsed time 690s
Processing user MIP start: 21 nodes explored in subMIP, total elapsed time 695s
Processing user MIP start: 23 nodes explored in subMIP, total elapsed time 700s
Processing user MIP start: 24 nodes explored in subMIP, total elapsed time 705s
Processing user MIP start: 25 nodes explored in subMIP, total elapsed time 710s
Processing user MIP start: 26 nodes explored in subMIP, total elapsed time 715s
Processing user MIP start: 27 nodes explored in subMIP, total elapsed time 720s
Processing user MIP start: 29 nodes explored in subMIP, total elapsed time 725s
Processing user MIP start: 31 nodes explored in subMIP, total elapsed time 730s
Processing user MIP start: 32 nodes explored in subMIP, total elapsed time 735s
Processing user MIP start: 33 nodes explored in subMIP, total elapsed time 740s
Processing user MIP start: 34 nodes explored in subMIP, total elapsed time 746s
Processing user MIP start: 34 nodes explored in subMIP, total elapsed time 750s
Processing user MIP start: 35 nodes explored in subMIP, total elapsed time 755s
Processing user MIP start: 37 nodes explored in subMIP, total elapsed time 760s
Processing user MIP start: 38 nodes explored in subMIP, total elapsed time 765s
Processing user MIP start: 40 nodes explored in subMIP, total elapsed time 770s
Processing user MIP start: 41 nodes explored in subMIP, total elapsed time 775s
Processing user MIP start: 43 nodes explored in subMIP, total elapsed time 781s
Processing user MIP start: 44 nodes explored in subMIP, total elapsed time 786s
Processing user MIP start: 45 nodes explored in subMIP, total elapsed time 790s
Processing user MIP start: 46 nodes explored in subMIP, total elapsed time 795s
Processing user MIP start: 47 nodes explored in subMIP, total elapsed time 801s
Processing user MIP start: 48 nodes explored in subMIP, total elapsed time 805s
Processing user MIP start: 49 nodes explored in subMIP, total elapsed time 810s
Processing user MIP start: 50 nodes explored in subMIP, total elapsed time 815s
Processing user MIP start: 51 nodes explored in subMIP, total elapsed time 821s
Processing user MIP start: 51 nodes explored in subMIP, total elapsed time 825s
Processing user MIP start: 51 nodes explored in subMIP, total elapsed time 830s
Processing user MIP start: 53 nodes explored in subMIP, total elapsed time 835s
Processing user MIP start: 55 nodes explored in subMIP, total elapsed time 840s
Processing user MIP start: 56 nodes explored in subMIP, total elapsed time 845s
Processing user MIP start: 57 nodes explored in subMIP, total elapsed time 851s
Processing user MIP start: 58 nodes explored in subMIP, total elapsed time 856s
Processing user MIP start: 59 nodes explored in subMIP, total elapsed time 860s
Processing user MIP start: 60 nodes explored in subMIP, total elapsed time 866s
Processing user MIP start: 61 nodes explored in subMIP, total elapsed time 870s
Processing user MIP start: 62 nodes explored in subMIP, total elapsed time 875s
Processing user MIP start: 63 nodes explored in subMIP, total elapsed time 880s
Processing user MIP start: 65 nodes explored in subMIP, total elapsed time 885s
Processing user MIP start: 67 nodes explored in subMIP, total elapsed time 890s
Processing user MIP start: 69 nodes explored in subMIP, total elapsed time 895s
Processing user MIP start: 70 nodes explored in subMIP, total elapsed time 900s
Processing user MIP start: 72 nodes explored in subMIP, total elapsed time 905s
Processing user MIP start: 72 nodes explored in subMIP, total elapsed time 910s
Processing user MIP start: 74 nodes explored in subMIP, total elapsed time 915s
Processing user MIP start: 75 nodes explored in subMIP, total elapsed time 920s
Processing user MIP start: 76 nodes explored in subMIP, total elapsed time 925s
Processing user MIP start: 77 nodes explored in subMIP, total elapsed time 930s
Processing user MIP start: 78 nodes explored in subMIP, total elapsed time 936s
Processing user MIP start: 78 nodes explored in subMIP, total elapsed time 940s
Processing user MIP start: 79 nodes explored in subMIP, total elapsed time 945s
Processing user MIP start: 80 nodes explored in subMIP, total elapsed time 950s
Processing user MIP start: 80 nodes explored in subMIP, total elapsed time 955s
Processing user MIP start: 82 nodes explored in subMIP, total elapsed time 960s
Processing user MIP start: 84 nodes explored in subMIP, total elapsed time 965s
Processing user MIP start: 86 nodes explored in subMIP, total elapsed time 970s
Processing user MIP start: 87 nodes explored in subMIP, total elapsed time 975s
Processing user MIP start: 89 nodes explored in subMIP, total elapsed time 981s
Processing user MIP start: 90 nodes explored in subMIP, total elapsed time 985s
Processing user MIP start: 92 nodes explored in subMIP, total elapsed time 990s
Processing user MIP start: 94 nodes explored in subMIP, total elapsed time 995s
Processing user MIP start: 96 nodes explored in subMIP, total elapsed time 1000s
Processing user MIP start: 97 nodes explored in subMIP, total elapsed time 1005s
Processing user MIP start: 99 nodes explored in subMIP, total elapsed time 1010s
Processing user MIP start: 101 nodes explored in subMIP, total elapsed time 1016s
Processing user MIP start: 103 nodes explored in subMIP, total elapsed time 1020s
Processing user MIP start: 105 nodes explored in subMIP, total elapsed time 1026s
Processing user MIP start: 107 nodes explored in subMIP, total elapsed time 1030s
Processing user MIP start: 109 nodes explored in subMIP, total elapsed time 1035s
Processing user MIP start: 110 nodes explored in subMIP, total elapsed time 1040s
Processing user MIP start: 111 nodes explored in subMIP, total elapsed time 1045s
Processing user MIP start: 111 nodes explored in subMIP, total elapsed time 1050s
Processing user MIP start: 113 nodes explored in subMIP, total elapsed time 1055s
Processing user MIP start: 115 nodes explored in subMIP, total elapsed time 1060s
Processing user MIP start: 117 nodes explored in subMIP, total elapsed time 1065s
Processing user MIP start: 119 nodes explored in subMIP, total elapsed time 1071s
Processing user MIP start: 121 nodes explored in subMIP, total elapsed time 1075s
Processing user MIP start: 123 nodes explored in subMIP, total elapsed time 1080s
Processing user MIP start: 124 nodes explored in subMIP, total elapsed time 1085s
Processing user MIP start: 125 nodes explored in subMIP, total elapsed time 1091s
Processing user MIP start: 126 nodes explored in subMIP, total elapsed time 1095s
Processing user MIP start: 128 nodes explored in subMIP, total elapsed time 1101s
Processing user MIP start: 129 nodes explored in subMIP, total elapsed time 1106s
Processing user MIP start: 129 nodes explored in subMIP, total elapsed time 1110s
Processing user MIP start: 129 nodes explored in subMIP, total elapsed time 1115s
Processing user MIP start: 131 nodes explored in subMIP, total elapsed time 1120s
Processing user MIP start: 133 nodes explored in subMIP, total elapsed time 1125s
Processing user MIP start: 133 nodes explored in subMIP, total elapsed time 1131s
Processing user MIP start: 135 nodes explored in subMIP, total elapsed time 1135s
Processing user MIP start: 136 nodes explored in subMIP, total elapsed time 1140s
Processing user MIP start: 137 nodes explored in subMIP, total elapsed time 1146s
Processing user MIP start: 138 nodes explored in subMIP, total elapsed time 1150s
Processing user MIP start: 140 nodes explored in subMIP, total elapsed time 1155s
Processing user MIP start: 142 nodes explored in subMIP, total elapsed time 1160s
Processing user MIP start: 143 nodes explored in subMIP, total elapsed time 1165s
Processing user MIP start: 145 nodes explored in subMIP, total elapsed time 1170s
Processing user MIP start: 147 nodes explored in subMIP, total elapsed time 1175s
Processing user MIP start: 149 nodes explored in subMIP, total elapsed time 1181s
Processing user MIP start: 151 nodes explored in subMIP, total elapsed time 1185s
Processing user MIP start: 153 nodes explored in subMIP, total elapsed time 1190s
Processing user MIP start: 154 nodes explored in subMIP, total elapsed time 1195s
Processing user MIP start: 156 nodes explored in subMIP, total elapsed time 1200s
Processing user MIP start: 157 nodes explored in subMIP, total elapsed time 1205s
Processing user MIP start: 159 nodes explored in subMIP, total elapsed time 1210s
Processing user MIP start: 160 nodes explored in subMIP, total elapsed time 1215s
Processing user MIP start: 161 nodes explored in subMIP, total elapsed time 1220s
Processing user MIP start: 162 nodes explored in subMIP, total elapsed time 1226s
Processing user MIP start: 163 nodes explored in subMIP, total elapsed time 1230s
Processing user MIP start: 165 nodes explored in subMIP, total elapsed time 1236s
Processing user MIP start: 166 nodes explored in subMIP, total elapsed time 1240s
Processing user MIP start: 168 nodes explored in subMIP, total elapsed time 1245s
Processing user MIP start: 170 nodes explored in subMIP, total elapsed time 1250s
Processing user MIP start: 171 nodes explored in subMIP, total elapsed time 1255s
Processing user MIP start: 173 nodes explored in subMIP, total elapsed time 1260s
Processing user MIP start: 176 nodes explored in subMIP, total elapsed time 1265s
Processing user MIP start: 178 nodes explored in subMIP, total elapsed time 1270s
Processing user MIP start: 180 nodes explored in subMIP, total elapsed time 1275s
User MIP start produced solution with objective 3.68899e+09 (1280.52s)
Processing user MIP start: 181 nodes explored in subMIP, total elapsed time 1280s
Processing user MIP start: 182 nodes explored in subMIP, total elapsed time 1285s
Processing user MIP start: 185 nodes explored in subMIP, total elapsed time 1290s
Processing user MIP start: 187 nodes explored in subMIP, total elapsed time 1295s
Processing user MIP start: 187 nodes explored in subMIP, total elapsed time 1300s
Processing user MIP start: 187 nodes explored in subMIP, total elapsed time 1305s
Processing user MIP start: 187 nodes explored in subMIP, total elapsed time 1310s
Processing user MIP start: 188 nodes explored in subMIP, total elapsed time 1315s
Processing user MIP start: 190 nodes explored in subMIP, total elapsed time 1321s
Processing user MIP start: 191 nodes explored in subMIP, total elapsed time 1326s
Processing user MIP start: 192 nodes explored in subMIP, total elapsed time 1330s
Processing user MIP start: 194 nodes explored in subMIP, total elapsed time 1335s
Processing user MIP start: 196 nodes explored in subMIP, total elapsed time 1340s
Processing user MIP start: 198 nodes explored in subMIP, total elapsed time 1345s
Processing user MIP start: 199 nodes explored in subMIP, total elapsed time 1350s
Processing user MIP start: 199 nodes explored in subMIP, total elapsed time 1355s
Processing user MIP start: 202 nodes explored in subMIP, total elapsed time 1360s
Processing user MIP start: 204 nodes explored in subMIP, total elapsed time 1365s
Processing user MIP start: 206 nodes explored in subMIP, total elapsed time 1370s
Processing user MIP start: 207 nodes explored in subMIP, total elapsed time 1375s
Processing user MIP start: 207 nodes explored in subMIP, total elapsed time 1380s
Processing user MIP start: 210 nodes explored in subMIP, total elapsed time 1385s
Processing user MIP start: 212 nodes explored in subMIP, total elapsed time 1390s
Processing user MIP start: 214 nodes explored in subMIP, total elapsed time 1395s
Processing user MIP start: 218 nodes explored in subMIP, total elapsed time 1400s
Processing user MIP start: 221 nodes explored in subMIP, total elapsed time 1405s
Processing user MIP start: 224 nodes explored in subMIP, total elapsed time 1410s
Processing user MIP start: 226 nodes explored in subMIP, total elapsed time 1415s
Processing user MIP start: 228 nodes explored in subMIP, total elapsed time 1420s
Processing user MIP start: 230 nodes explored in subMIP, total elapsed time 1425s
Processing user MIP start: 232 nodes explored in subMIP, total elapsed time 1430s
Processing user MIP start: 233 nodes explored in subMIP, total elapsed time 1435s
Processing user MIP start: 233 nodes explored in subMIP, total elapsed time 1440s
User MIP start produced solution with objective 3.68905e+09 (1441.79s)
Processing user MIP start: 234 nodes explored in subMIP, total elapsed time 1445s
Processing user MIP start: 237 nodes explored in subMIP, total elapsed time 1450s
Processing user MIP start: 238 nodes explored in subMIP, total elapsed time 1455s
Processing user MIP start: 241 nodes explored in subMIP, total elapsed time 1460s
Processing user MIP start: 243 nodes explored in subMIP, total elapsed time 1466s
Processing user MIP start: 245 nodes explored in subMIP, total elapsed time 1470s
Processing user MIP start: 247 nodes explored in subMIP, total elapsed time 1475s
Processing user MIP start: 249 nodes explored in subMIP, total elapsed time 1480s
Processing user MIP start: 252 nodes explored in subMIP, total elapsed time 1485s
Processing user MIP start: 255 nodes explored in subMIP, total elapsed time 1490s
Processing user MIP start: 257 nodes explored in subMIP, total elapsed time 1496s
Processing user MIP start: 259 nodes explored in subMIP, total elapsed time 1500s
Processing user MIP start: 259 nodes explored in subMIP, total elapsed time 1505s
Processing user MIP start: 261 nodes explored in subMIP, total elapsed time 1510s
Processing user MIP start: 263 nodes explored in subMIP, total elapsed time 1515s
Processing user MIP start: 265 nodes explored in subMIP, total elapsed time 1520s
Processing user MIP start: 267 nodes explored in subMIP, total elapsed time 1525s
Processing user MIP start: 269 nodes explored in subMIP, total elapsed time 1530s
Processing user MIP start: 271 nodes explored in subMIP, total elapsed time 1535s
Processing user MIP start: 274 nodes explored in subMIP, total elapsed time 1540s
Processing user MIP start: 276 nodes explored in subMIP, total elapsed time 1545s
Processing user MIP start: 278 nodes explored in subMIP, total elapsed time 1550s
Processing user MIP start: 279 nodes explored in subMIP, total elapsed time 1555s
Processing user MIP start: 283 nodes explored in subMIP, total elapsed time 1560s
Processing user MIP start: 285 nodes explored in subMIP, total elapsed time 1565s
Processing user MIP start: 285 nodes explored in subMIP, total elapsed time 1570s
Processing user MIP start: 285 nodes explored in subMIP, total elapsed time 1575s
Processing user MIP start: 288 nodes explored in subMIP, total elapsed time 1580s
Processing user MIP start: 291 nodes explored in subMIP, total elapsed time 1585s
Processing user MIP start: 294 nodes explored in subMIP, total elapsed time 1590s
Processing user MIP start: 296 nodes explored in subMIP, total elapsed time 1595s
Processing user MIP start: 297 nodes explored in subMIP, total elapsed time 1601s
Processing user MIP start: 300 nodes explored in subMIP, total elapsed time 1605s
Processing user MIP start: 302 nodes explored in subMIP, total elapsed time 1610s
Processing user MIP start: 305 nodes explored in subMIP, total elapsed time 1616s
Processing user MIP start: 305 nodes explored in subMIP, total elapsed time 1620s
Processing user MIP start: 307 nodes explored in subMIP, total elapsed time 1625s
Processing user MIP start: 311 nodes explored in subMIP, total elapsed time 1630s
Processing user MIP start: 312 nodes explored in subMIP, total elapsed time 1635s
Processing user MIP start: 315 nodes explored in subMIP, total elapsed time 1640s
Processing user MIP start: 319 nodes explored in subMIP, total elapsed time 1645s
Processing user MIP start: 321 nodes explored in subMIP, total elapsed time 1651s
Processing user MIP start: 323 nodes explored in subMIP, total elapsed time 1655s
Processing user MIP start: 324 nodes explored in subMIP, total elapsed time 1660s
Processing user MIP start: 327 nodes explored in subMIP, total elapsed time 1665s
Processing user MIP start: 332 nodes explored in subMIP, total elapsed time 1670s
Processing user MIP start: 337 nodes explored in subMIP, total elapsed time 1676s
Processing user MIP start: 337 nodes explored in subMIP, total elapsed time 1680s
Processing user MIP start: 340 nodes explored in subMIP, total elapsed time 1685s
Processing user MIP start: 344 nodes explored in subMIP, total elapsed time 1691s
Processing user MIP start: 345 nodes explored in subMIP, total elapsed time 1696s
Processing user MIP start: 347 nodes explored in subMIP, total elapsed time 1701s
Processing user MIP start: 349 nodes explored in subMIP, total elapsed time 1705s
Processing user MIP start: 350 nodes explored in subMIP, total elapsed time 1710s
Processing user MIP start: 354 nodes explored in subMIP, total elapsed time 1715s
Processing user MIP start: 357 nodes explored in subMIP, total elapsed time 1720s
Processing user MIP start: 359 nodes explored in subMIP, total elapsed time 1725s
Processing user MIP start: 361 nodes explored in subMIP, total elapsed time 1730s
Processing user MIP start: 363 nodes explored in subMIP, total elapsed time 1735s
Processing user MIP start: 367 nodes explored in subMIP, total elapsed time 1740s
Processing user MIP start: 371 nodes explored in subMIP, total elapsed time 1745s
Processing user MIP start: 374 nodes explored in subMIP, total elapsed time 1750s
Processing user MIP start: 375 nodes explored in subMIP, total elapsed time 1755s
Processing user MIP start: 376 nodes explored in subMIP, total elapsed time 1760s
Processing user MIP start: 378 nodes explored in subMIP, total elapsed time 1765s
Processing user MIP start: 381 nodes explored in subMIP, total elapsed time 1770s
Processing user MIP start: 383 nodes explored in subMIP, total elapsed time 1775s
Processing user MIP start: 385 nodes explored in subMIP, total elapsed time 1780s
Processing user MIP start: 388 nodes explored in subMIP, total elapsed time 1785s
Processing user MIP start: 389 nodes explored in subMIP, total elapsed time 1790s
User MIP start produced solution with objective 3.68957e+09 (1794.11s)
Processing user MIP start: 389 nodes explored in subMIP, total elapsed time 1795s
Processing user MIP start: 394 nodes explored in subMIP, total elapsed time 1800s
Processing user MIP start: 395 nodes explored in subMIP, total elapsed time 1805s
Processing user MIP start: 396 nodes explored in subMIP, total elapsed time 1810s
Processing user MIP start: 398 nodes explored in subMIP, total elapsed time 1815s
Processing user MIP start: 401 nodes explored in subMIP, total elapsed time 1820s
Processing user MIP start: 404 nodes explored in subMIP, total elapsed time 1825s
Processing user MIP start: 406 nodes explored in subMIP, total elapsed time 1830s
Processing user MIP start: 410 nodes explored in subMIP, total elapsed time 1835s
Processing user MIP start: 413 nodes explored in subMIP, total elapsed time 1840s
Processing user MIP start: 415 nodes explored in subMIP, total elapsed time 1845s
Processing user MIP start: 419 nodes explored in subMIP, total elapsed time 1850s
Processing user MIP start: 421 nodes explored in subMIP, total elapsed time 1855s
Processing user MIP start: 427 nodes explored in subMIP, total elapsed time 1860s
Processing user MIP start: 431 nodes explored in subMIP, total elapsed time 1865s
User MIP start produced solution with objective 3.68958e+09 (1867.01s)
Processing user MIP start: 433 nodes explored in subMIP, total elapsed time 1870s
Processing user MIP start: 436 nodes explored in subMIP, total elapsed time 1875s
Processing user MIP start: 441 nodes explored in subMIP, total elapsed time 1880s
Processing user MIP start: 441 nodes explored in subMIP, total elapsed time 1885s
Processing user MIP start: 443 nodes explored in subMIP, total elapsed time 1890s
Processing user MIP start: 447 nodes explored in subMIP, total elapsed time 1895s
Processing user MIP start: 454 nodes explored in subMIP, total elapsed time 1900s
Processing user MIP start: 457 nodes explored in subMIP, total elapsed time 1905s
Processing user MIP start: 462 nodes explored in subMIP, total elapsed time 1910s
Processing user MIP start: 467 nodes explored in subMIP, total elapsed time 1915s
Processing user MIP start: 469 nodes explored in subMIP, total elapsed time 1920s
Processing user MIP start: 471 nodes explored in subMIP, total elapsed time 1925s
Processing user MIP start: 475 nodes explored in subMIP, total elapsed time 1930s
Processing user MIP start: 480 nodes explored in subMIP, total elapsed time 1935s
Processing user MIP start: 486 nodes explored in subMIP, total elapsed time 1940s
Processing user MIP start: 491 nodes explored in subMIP, total elapsed time 1945s
Processing user MIP start: 493 nodes explored in subMIP, total elapsed time 1950s
Processing user MIP start: 494 nodes explored in subMIP, total elapsed time 1955s
Processing user MIP start: 496 nodes explored in subMIP, total elapsed time 1960s
User MIP start produced solution with objective 3.68958e+09 (1962.58s)
Loaded user MIP start with objective 3.68958e+09
Processed MIP start in 1962.45 seconds (2487.72 work units)

Presolve removed 176672 rows and 1907414 columns (presolve time = 5s) ...
Presolve removed 176681 rows and 1907446 columns (presolve time = 10s) ...
Presolve removed 176669 rows and 1907434 columns
Presolve time: 12.04s
Presolved: 18394 rows, 416997 columns, 1701288 nonzeros
Variable types: 108493 continuous, 308504 integer (308484 binary)
Deterministic concurrent LP optimizer: primal simplex, dual simplex, and barrier
Showing barrier log only...

Root barrier log...

Ordering time: 0.44s

Barrier statistics:
 AA' NZ     : 9.534e+05
 Factor NZ  : 2.358e+06 (roughly 200 MB of memory)
 Factor Ops : 1.421e+09 (less than 1 second per iteration)
 Threads    : 18

                  Objective                Residual
Iter       Primal          Dual         Primal    Dual     Compl     Time
   0  -1.39921461e+15  3.92063927e+12  1.27e+08 6.34e+05  3.24e+10  1982s
   1  -6.34282809e+14  4.21920562e+12  5.76e+07 1.03e+06  1.49e+10  1982s
   2  -1.06842921e+14  4.17701038e+12  9.83e+06 4.62e+05  2.58e+09  1982s
   3  -7.97404231e+12  2.89568119e+12  7.32e+05 5.29e-09  2.00e+08  1982s
   4  -1.29740826e+12  1.12264184e+12  1.19e+05 7.95e-09  3.37e+07  1982s
   5  -8.98676478e+11  9.81350632e+11  8.24e+04 4.42e-09  2.35e+07  1983s
   6  -2.59645917e+11  7.44532060e+11  2.40e+04 5.15e-09  7.29e+06  1983s
   7  -9.85967034e+10  5.67535874e+11  9.26e+03 1.78e-08  3.04e+06  1983s
   8  -7.08602791e+10  4.56337981e+11  6.74e+03 3.50e-08  2.16e+06  1983s
   9  -2.48238320e+10  2.87244101e+11  2.56e+03 4.52e-08  8.80e+05  1983s
  10  -1.69136985e+10  1.28092656e+11  1.84e+03 3.08e-08  4.67e+05  1983s
  11  -1.29066914e+09  5.85963309e+10  4.19e+02 7.22e-08  1.28e+05  1983s
  12   1.90578250e+09  3.17987113e+10  1.29e+02 6.45e-08  5.09e+04  1984s
  13   2.45499280e+09  2.33818367e+10  8.05e+01 8.89e-08  3.40e+04  1984s
  14   2.71996302e+09  2.09358564e+10  5.75e+01 6.17e-08  2.81e+04  1984s
  15   2.92238355e+09  1.85840393e+10  3.97e+01 6.58e-08  2.31e+04  1984s
  16   3.06451341e+09  1.70561468e+10  2.75e+01 6.46e-08  1.98e+04  1984s
  17   3.16094258e+09  1.45498008e+10  1.93e+01 6.86e-08  1.58e+04  1984s
  18   3.24613470e+09  1.08028993e+10  1.20e+01 5.08e-08  1.06e+04  1985s
  19   3.26943197e+09  8.40691158e+09  1.01e+01 3.47e-08  7.77e+03  1985s
  20   3.30001827e+09  7.28139544e+09  7.62e+00 3.49e-08  6.20e+03  1985s
  21   3.32545240e+09  6.71929640e+09  6.57e+00 4.42e-08  5.37e+03  1985s
  22   3.34820784e+09  5.92823225e+09  5.57e+00 4.80e-08  4.32e+03  1985s
  23   3.38836461e+09  5.70802679e+09  4.28e+00 5.63e-08  3.74e+03  1986s
  24   3.42340201e+09  5.40792607e+09  3.37e+00 7.17e-08  3.15e+03  1986s
  25   3.46931630e+09  5.16348218e+09  2.31e+00 6.43e-08  2.56e+03  1986s
  26   3.49377996e+09  4.91471440e+09  1.68e+00 5.45e-08  2.10e+03  1986s
  27   3.51378035e+09  4.69294279e+09  1.27e+00 4.05e-08  1.70e+03  1986s
  28   3.51841050e+09  4.53582257e+09  1.14e+00 3.77e-08  1.46e+03  1987s
  29   3.56930419e+09  4.17961003e+09  4.91e-01 3.40e-08  8.16e+02  1987s
  30   3.58682564e+09  4.01478012e+09  3.93e-01 2.75e-08  5.64e+02  1987s
  31   3.61443131e+09  3.90498141e+09  2.51e-01 1.96e-08  3.73e+02  1987s
  32   3.61611523e+09  3.89418846e+09  2.45e-01 1.96e-08  3.57e+02  1987s
  33   3.62391720e+09  3.87461336e+09  2.18e-01 1.58e-08  3.20e+02  1988s
  34   3.63065679e+09  3.84607860e+09  1.94e-01 1.40e-08  2.74e+02  1988s
  35   3.63254295e+09  3.83018361e+09  1.88e-01 1.21e-08  2.51e+02  1988s
  36   3.63417032e+09  3.82710768e+09  1.83e-01 1.12e-08  2.45e+02  1988s
  37   3.63858456e+09  3.81407376e+09  1.67e-01 1.21e-08  2.22e+02  1988s
  38   3.64088791e+09  3.80960091e+09  1.60e-01 1.16e-08  2.13e+02  1988s
  39   3.64159310e+09  3.80770059e+09  1.58e-01 1.21e-08  2.09e+02  1988s
  40   3.64252227e+09  3.80516211e+09  1.55e-01 1.16e-08  2.05e+02  1989s
  41   3.64317824e+09  3.80359398e+09  1.54e-01 1.26e-08  2.02e+02  1989s
  42   3.64454038e+09  3.80013710e+09  1.50e-01 1.12e-08  1.96e+02  1989s
  43   3.64579655e+09  3.79418165e+09  1.47e-01 9.78e-09  1.87e+02  1989s
  44   3.64686441e+09  3.79213718e+09  1.44e-01 1.07e-08  1.83e+02  1989s
  45   3.64995925e+09  3.78638923e+09  1.35e-01 1.12e-08  1.71e+02  1990s
  46   3.65624194e+09  3.76340449e+09  1.19e-01 6.98e-09  1.34e+02  1990s
  47   3.66199800e+09  3.75741672e+09  1.03e-01 6.52e-09  1.19e+02  1990s
  48   3.66590628e+09  3.75145608e+09  9.36e-02 6.52e-09  1.07e+02  1990s
  49   3.67530586e+09  3.74316298e+09  7.10e-02 5.59e-09  8.41e+01  1990s
  50   3.67693287e+09  3.73869673e+09  6.75e-02 5.59e-09  7.65e+01  1991s
  51   3.67965080e+09  3.73686112e+09  6.15e-02 7.45e-09  7.08e+01  1991s
  52   3.68197489e+09  3.73205685e+09  5.66e-02 5.59e-09  6.20e+01  1991s
  53   3.68479133e+09  3.72883885e+09  5.02e-02 4.66e-09  5.44e+01  1991s
  54   3.68746836e+09  3.72849485e+09  4.43e-02 6.52e-09  5.06e+01  1991s
  55   3.68883449e+09  3.72645566e+09  4.17e-02 5.59e-09  4.64e+01  1992s
  56   3.69091674e+09  3.72467120e+09  3.74e-02 5.59e-09  4.16e+01  1992s
  57   3.69383807e+09  3.72334016e+09  3.21e-02 5.59e-09  3.63e+01  1992s
  58   3.69542924e+09  3.72264926e+09  2.92e-02 4.66e-09  3.35e+01  1992s
  59   3.69685902e+09  3.72158367e+09  2.67e-02 5.59e-09  3.04e+01  1992s
  60   3.69820212e+09  3.72108407e+09  2.44e-02 5.59e-09  2.81e+01  1993s
  61   3.69987012e+09  3.72044491e+09  2.14e-02 4.19e-09  2.53e+01  1993s
  62   3.70145532e+09  3.71989849e+09  1.89e-02 4.66e-09  2.26e+01  1993s
  63   3.70267778e+09  3.71951517e+09  1.69e-02 5.12e-09  2.06e+01  1993s
  64   3.70364932e+09  3.71843984e+09  1.54e-02 4.66e-09  1.81e+01  1994s
  65   3.70477510e+09  3.71796679e+09  1.37e-02 5.59e-09  1.62e+01  1994s
  66   3.70605130e+09  3.71729545e+09  1.17e-02 4.66e-09  1.38e+01  1994s
  67   3.70695878e+09  3.71675169e+09  1.03e-02 3.73e-09  1.20e+01  1994s
  68   3.70815860e+09  3.71616149e+09  8.44e-03 5.12e-09  9.82e+00  1994s
  69   3.70979974e+09  3.71565234e+09  5.99e-03 4.66e-09  7.18e+00  1995s
  70   3.71126606e+09  3.71539913e+09  3.75e-03 4.66e-09  5.05e+00  1995s
  71   3.71149281e+09  3.71504687e+09  3.41e-03 6.05e-09  4.35e+00  1995s
  72   3.71189545e+09  3.71471391e+09  2.80e-03 4.66e-09  3.45e+00  1995s
  73   3.71242605e+09  3.71459572e+09  1.98e-03 5.12e-09  2.65e+00  1995s
  74   3.71258317e+09  3.71445766e+09  1.74e-03 4.19e-09  2.29e+00  1996s
  75   3.71282161e+09  3.71431990e+09  2.45e-03 3.73e-09  1.83e+00  1996s
  76   3.71311675e+09  3.71420912e+09  1.06e-03 4.19e-09  1.33e+00  1996s
  77   3.71336719e+09  3.71410820e+09  6.70e-04 4.66e-09  9.03e-01  1996s
  78   3.71349659e+09  3.71408557e+09  4.70e-04 6.05e-09  7.15e-01  1996s
  79   3.71364264e+09  3.71391172e+09  2.03e-04 4.66e-09  3.26e-01  1997s
  80   3.71368778e+09  3.71386785e+09  1.19e-04 5.12e-09  2.18e-01  1997s
  81   3.71372642e+09  3.71378131e+09  4.56e-05 5.12e-09  6.67e-02  1997s
  82   3.71374868e+09  3.71376349e+09  2.67e-06 3.14e-09  1.78e-02  1997s
  83   3.71375091e+09  3.71375358e+09  3.15e-07 4.66e-09  3.20e-03  1997s
  84   3.71375131e+09  3.71375136e+09  1.65e-07 3.73e-09  5.64e-05  1997s
  85   3.71375133e+09  3.71375133e+09  9.91e-09 4.66e-09  2.54e-09  1998s

Barrier solved model in 85 iterations and 1997.57 seconds (2518.65 work units)
Optimal objective 3.71375133e+09


Root crossover log...

   13264 DPushes remaining with DInf 0.0000000e+00              1998s
       0 DPushes remaining with DInf 0.0000000e+00              1998s

     562 PPushes remaining with PInf 0.0000000e+00              1998s
       7 PPushes remaining with PInf 0.0000000e+00              1998s

  Push phase complete: Pinf 0.0000000e+00, Dinf 1.5986326e+03   1998s


Root simplex log...

Iteration    Objective       Primal Inf.    Dual Inf.      Time
   11936    3.7137513e+09   1.119313e-01   0.000000e+00   1998s
   11966    3.7137513e+09   0.000000e+00   0.000000e+00   1998s
Concurrent spin time: 0.01s

Solved with barrier
   12055    3.7137513e+09   0.000000e+00   0.000000e+00   1998s
Extra simplex iterations after uncrush: 89

Root relaxation: objective 3.713751e+09, 12055 iterations, 18.85 seconds (13.14 work units)

    Nodes    |    Current Node    |     Objective Bounds      |     Work
 Expl Unexpl |  Obj  Depth IntInf | Incumbent    BestBd   Gap | It/Node Time

     0     0 3.7138e+09    0  228 3.6896e+09 3.7138e+09  0.66%     - 1999s

Explored 1 nodes (14641 simplex iterations) in 1999.63 seconds (2519.53 work units)
Thread count was 20 (of 40 available processors)

Solution count 10: 3.68958e+09 3.68958e+09 3.68957e+09 ... 3.59655e+09

Optimal solution found (tolerance 1.00e-02)
Best objective 3.689576489702e+09, best bound 3.713751325297e+09, gap 0.6552%
Gurobi Optimizer version 10.0.1 build v10.0.1rc0 (linux64)

CPU model: Intel(R) Xeon(R) Gold 5115 CPU @ 2.40GHz, instruction set [SSE2|AVX|AVX2|AVX512]
Thread count: 20 physical cores, 40 logical processors, using up to 20 threads

Optimize a model with 194993 rows, 2334123 columns and 14086452 nonzeros
Model fingerprint: 0x835463a4
Variable types: 26489 continuous, 2307634 integer (2307634 binary)
Coefficient statistics:
  Matrix range     [1e+00, 2e+05]
  Objective range  [4e+01, 3e+07]
  Bounds range     [1e+00, 3e+05]
  RHS range        [1e+00, 3e+06]

User MIP start produced solution with objective 3.41865e+09 (4.20s)
User MIP start produced solution with objective 3.73701e+09 (4.31s)
User MIP start produced solution with objective 3.73706e+09 (4.47s)
User MIP start produced solution with objective 3.73706e+09 (4.63s)
Loaded user MIP start with objective 3.73706e+09
Processed MIP start in 4.48 seconds (2.92 work units)

Presolve removed 192660 rows and 2324217 columns
Presolve time: 4.38s
Presolved: 2333 rows, 9906 columns, 30591 nonzeros
Variable types: 889 continuous, 9017 integer (9017 binary)

Root simplex log...

Iteration    Objective       Primal Inf.    Dual Inf.      Time
       0    9.1971840e+09   2.439903e+05   0.000000e+00      9s
    3473    3.7392367e+09   0.000000e+00   0.000000e+00      9s

Root relaxation: objective 3.739237e+09, 3473 iterations, 0.07 seconds (0.07 work units)

    Nodes    |    Current Node    |     Objective Bounds      |     Work
 Expl Unexpl |  Obj  Depth IntInf | Incumbent    BestBd   Gap | It/Node Time

     0     0 3.7392e+09    0   60 3.7371e+09 3.7392e+09  0.06%     -    9s

Explored 1 nodes (3483 simplex iterations) in 9.43 seconds (6.38 work units)
Thread count was 20 (of 40 available processors)

Solution count 3: 3.73706e+09 3.73701e+09 3.41865e+09 

Optimal solution found (tolerance 1.00e-02)
Best objective 3.737061620020e+09, best bound 3.739236713440e+09, gap 0.0582%
