
Gurobi 10.0.1 (linux64) logging started Wed May 24 09:25:39 2023

Set parameter LogFile to value "logFiles/A-2L-A/A-2L-6U-17F-15V-120D/basic-05-24-2023, 09-25-H70-P50-O15.log"
Gurobi Optimizer version 10.0.1 build v10.0.1rc0 (linux64)

CPU model: Intel(R) Xeon(R) Gold 5115 CPU @ 2.40GHz, instruction set [SSE2|AVX|AVX2|AVX512]
Thread count: 20 physical cores, 40 logical processors, using up to 20 threads

Optimize a model with 20925 rows, 346946 columns and 1665790 nonzeros
Model fingerprint: 0x5fe0a7c5
Variable types: 95279 continuous, 251667 integer (251667 binary)
Coefficient statistics:
  Matrix range     [1e+00, 2e+05]
  Objective range  [4e+01, 2e+07]
  Bounds range     [1e+00, 1e+00]
  RHS range        [1e+00, 1e+06]
Presolve removed 8589 rows and 11301 columns (presolve time = 5s) ...
Presolve removed 8572 rows and 11286 columns
Presolve time: 7.05s
Presolved: 12353 rows, 335660 columns, 1534436 nonzeros
Variable types: 90056 continuous, 245604 integer (245598 binary)
Deterministic concurrent LP optimizer: primal simplex, dual simplex, and barrier
Showing barrier log only...

Root barrier log...

Ordering time: 0.78s

Barrier statistics:
 AA' NZ     : 7.907e+05
 Factor NZ  : 6.430e+06 (roughly 200 MB of memory)
 Factor Ops : 1.058e+10 (less than 1 second per iteration)
 Threads    : 17

                  Objective                Residual
Iter       Primal          Dual         Primal    Dual     Compl     Time
   0  -8.46917216e+15  1.17774111e+13  5.68e+08 9.25e+06  9.25e+11    11s
   1  -1.85610346e+15  1.32488173e+13  1.25e+08 6.88e+06  2.05e+11    11s
   2  -5.19696410e+14  1.24229675e+13  3.49e+07 4.38e+05  5.97e+10    11s
   3  -1.60936489e+13  1.03201638e+13  1.08e+06 7.68e+03  1.87e+09    11s
   4  -2.07791639e+12  5.45877877e+12  1.40e+05 8.60e+02  2.49e+08    11s
   5  -3.20311075e+11  3.53201093e+12  2.16e+04 5.44e+02  4.20e+07    12s
   6  -1.95179880e+11  2.83967476e+12  1.32e+04 3.12e+02  2.57e+07    12s
   7  -8.15474322e+10  1.76325999e+12  5.54e+03 6.40e+01  1.08e+07    12s
   8  -3.83441254e+10  1.11582530e+12  2.64e+03 2.10e+01  5.16e+06    12s
   9  -2.03999811e+10  3.32254300e+11  1.44e+03 2.14e-08  2.06e+06    12s
  10  -1.56610805e+09  1.03697501e+11  1.69e+02 2.40e-08  3.17e+05    12s
  11   4.92727086e+07  3.69568917e+10  6.26e+01 3.25e-08  1.12e+05    13s
  12   3.30862328e+08  2.44298343e+10  4.41e+01 3.27e-08  7.56e+04    13s
  13   6.25344957e+08  1.72982499e+10  2.49e+01 2.97e-08  4.73e+04    13s
  14   7.79794821e+08  1.20987664e+10  1.49e+01 3.33e-08  3.03e+04    13s
  15   8.07718107e+08  9.12562349e+09  1.31e+01 5.39e-08  2.43e+04    13s
  16   8.37817156e+08  7.32225616e+09  1.12e+01 5.12e-08  1.98e+04    13s
  17   8.51859928e+08  6.36766729e+09  1.02e+01 6.38e-08  1.74e+04    14s
  18   8.69361805e+08  4.69922836e+09  8.69e+00 5.91e-08  1.33e+04    14s
  19   8.79647259e+08  4.14534203e+09  8.00e+00 6.71e-08  1.16e+04    14s
  20   8.92808502e+08  3.80019625e+09  7.09e+00 6.83e-08  1.02e+04    14s
  21   9.11187492e+08  3.56117927e+09  5.89e+00 7.82e-08  8.71e+03    14s
  22   9.43174803e+08  2.88573071e+09  3.84e+00 6.90e-08  5.80e+03    15s
  23   9.65846161e+08  2.01347211e+09  2.58e+00 6.00e-08  3.15e+03    15s
  24   9.99893297e+08  1.72029599e+09  9.90e-01 6.14e-08  1.61e+03    15s
  25   1.01063284e+09  1.63619704e+09  7.10e-01 6.15e-08  1.29e+03    15s
  26   1.01789404e+09  1.51129545e+09  5.67e-01 5.41e-08  9.83e+02    15s
  27   1.02640576e+09  1.49176872e+09  4.23e-01 6.91e-08  8.74e+02    16s
  28   1.03085578e+09  1.36300757e+09  3.71e-01 7.18e-08  6.24e+02    16s
  29   1.04003691e+09  1.27792351e+09  2.75e-01 8.44e-08  4.35e+02    16s
  30   1.04780930e+09  1.24245033e+09  2.04e-01 6.94e-08  3.44e+02    16s
  31   1.05067263e+09  1.19920040e+09  1.87e-01 6.90e-08  2.63e+02    16s
  32   1.05952217e+09  1.17108573e+09  1.43e-01 8.26e-08  1.95e+02    17s
  33   1.06438573e+09  1.16201264e+09  1.19e-01 6.45e-08  1.68e+02    17s
  34   1.06835142e+09  1.14818593e+09  1.03e-01 7.10e-08  1.37e+02    17s
  35   1.07102261e+09  1.13741265e+09  9.31e-02 6.92e-08  1.14e+02    17s
  36   1.07478049e+09  1.13608335e+09  7.86e-02 7.52e-08  1.04e+02    17s
  37   1.07851330e+09  1.12440985e+09  6.53e-02 7.59e-08  7.83e+01    18s
  38   1.08286462e+09  1.11564178e+09  5.28e-02 5.75e-08  5.61e+01    18s
  39   1.08457772e+09  1.11417572e+09  4.81e-02 6.58e-08  5.06e+01    18s
  40   1.08674533e+09  1.11135520e+09  4.15e-02 6.47e-08  4.20e+01    18s
  41   1.08856728e+09  1.10941902e+09  3.64e-02 7.24e-08  3.56e+01    18s
  42   1.09065582e+09  1.10786461e+09  3.06e-02 8.33e-08  2.93e+01    19s
  43   1.09131967e+09  1.10716054e+09  2.87e-02 8.71e-08  2.70e+01    19s
  44   1.09346363e+09  1.10664970e+09  2.31e-02 7.99e-08  2.23e+01    19s
  45   1.09426443e+09  1.10580999e+09  2.11e-02 6.66e-08  1.95e+01    19s
  46   1.09494864e+09  1.10529390e+09  1.93e-02 5.13e-08  1.75e+01    20s
  47   1.09583756e+09  1.10490252e+09  1.70e-02 6.12e-08  1.53e+01    20s
  48   1.09641439e+09  1.10450099e+09  1.55e-02 5.46e-08  1.37e+01    20s
  49   1.09706685e+09  1.10427813e+09  1.38e-02 5.52e-08  1.22e+01    20s
  50   1.09774989e+09  1.10403803e+09  1.20e-02 4.59e-08  1.06e+01    20s
  51   1.09833010e+09  1.10384827e+09  1.06e-02 4.67e-08  9.27e+00    21s
  52   1.09883151e+09  1.10374959e+09  9.20e-03 5.63e-08  8.23e+00    21s
  53   1.09926579e+09  1.10358630e+09  8.09e-03 4.59e-08  7.22e+00    21s
  54   1.09961075e+09  1.10347417e+09  7.30e-03 4.33e-08  6.45e+00    21s
  55   1.09969958e+09  1.10342609e+09  7.10e-03 4.55e-08  6.22e+00    21s
  56   1.09986201e+09  1.10337364e+09  6.68e-03 4.81e-08  5.86e+00    22s
  57   1.09997438e+09  1.10335084e+09  6.40e-03 4.80e-08  5.64e+00    22s
  58   1.10022405e+09  1.10324757e+09  5.79e-03 5.55e-08  5.04e+00    22s
  59   1.10047408e+09  1.10317160e+09  5.23e-03 5.59e-08  4.50e+00    22s
  60   1.10071060e+09  1.10310882e+09  4.67e-03 4.46e-08  4.00e+00    23s
  61   1.10110139e+09  1.10299810e+09  3.63e-03 4.68e-08  3.15e+00    23s
  62   1.10135613e+09  1.10291517e+09  2.96e-03 4.49e-08  2.59e+00    23s
  63   1.10150971e+09  1.10285199e+09  2.59e-03 4.69e-08  2.23e+00    23s
  64   1.10168188e+09  1.10281952e+09  2.18e-03 4.17e-08  1.88e+00    23s
  65   1.10181273e+09  1.10278452e+09  1.87e-03 4.82e-08  1.61e+00    24s
  66   1.10196078e+09  1.10276471e+09  1.54e-03 4.64e-08  1.33e+00    24s
  67   1.10212170e+09  1.10274931e+09  1.18e-03 4.58e-08  1.03e+00    24s
  68   1.10217634e+09  1.10270230e+09  1.05e-03 3.92e-08  8.68e-01    24s
  69   1.10223479e+09  1.10268993e+09  9.07e-04 3.85e-08  7.51e-01    25s
  70   1.10229948e+09  1.10267508e+09  7.51e-04 3.64e-08  6.19e-01    25s
  71   1.10236913e+09  1.10266711e+09  5.91e-04 3.90e-08  4.91e-01    25s
  72   1.10239748e+09  1.10265551e+09  5.26e-04 3.38e-08  4.25e-01    25s
  73   1.10242435e+09  1.10265061e+09  4.62e-04 3.65e-08  3.73e-01    26s
  74   1.10248057e+09  1.10264979e+09  3.30e-04 4.66e-08  2.77e-01    26s
  75   1.10254662e+09  1.10263250e+09  1.76e-04 2.99e-08  1.41e-01    26s
  76   1.10257886e+09  1.10262991e+09  1.03e-04 2.94e-08  8.40e-02    26s
  77   1.10261244e+09  1.10262608e+09  2.68e-05 3.07e-08  2.24e-02    26s
  78   1.10262308e+09  1.10262540e+09  4.45e-06 3.06e-08  3.79e-03    27s
  79   1.10262532e+09  1.10262536e+09  9.04e-08 3.34e-08  5.89e-05    27s
  80   1.10262536e+09  1.10262536e+09  1.43e-06 3.77e-08  1.08e-06    27s
  81   1.10262536e+09  1.10262536e+09  2.20e-09 3.00e-08  9.42e-11    27s

Barrier solved model in 81 iterations and 27.17 seconds (24.04 work units)
Optimal objective 1.10262536e+09


Root crossover log...

    9973 DPushes remaining with DInf 0.0000000e+00                27s
       0 DPushes remaining with DInf 0.0000000e+00                27s

     539 PPushes remaining with PInf 0.0000000e+00                27s
       0 PPushes remaining with PInf 0.0000000e+00                27s

  Push phase complete: Pinf 0.0000000e+00, Dinf 1.8996719e+04     27s


Root simplex log...

Iteration    Objective       Primal Inf.    Dual Inf.      Time
   10505    1.1026254e+09   0.000000e+00   1.899672e+04     27s
   10513    1.1026254e+09   0.000000e+00   0.000000e+00     28s
Concurrent spin time: 0.01s

Solved with barrier
   10588    1.1026254e+09   0.000000e+00   0.000000e+00     28s
Extra simplex iterations after uncrush: 75

Root relaxation: objective 1.102625e+09, 10588 iterations, 19.36 seconds (15.00 work units)

    Nodes    |    Current Node    |     Objective Bounds      |     Work
 Expl Unexpl |  Obj  Depth IntInf | Incumbent    BestBd   Gap | It/Node Time

     0     0 1.1026e+09    0  312          - 1.1026e+09      -     -   29s
     0     0 1.1020e+09    0  337          - 1.1020e+09      -     -   62s
     0     0 1.1019e+09    0  335          - 1.1019e+09      -     -   70s
     0     0 1.1019e+09    0  340          - 1.1019e+09      -     -   71s
     0     0 1.1019e+09    0  325          - 1.1019e+09      -     -   74s
     0     0 1.1019e+09    0  327          - 1.1019e+09      -     -   75s
     0     0 1.1019e+09    0  328          - 1.1019e+09      -     -   75s
     0     0 1.1019e+09    0  322          - 1.1019e+09      -     -   78s
     0     0 1.1019e+09    0  332          - 1.1019e+09      -     -   78s
     0     0 1.1018e+09    0  323          - 1.1018e+09      -     -   88s
     0     0 1.1018e+09    0  321          - 1.1018e+09      -     -   93s
     0     0 1.1018e+09    0  315          - 1.1018e+09      -     -   95s
     0     0 1.1018e+09    0  320          - 1.1018e+09      -     -   95s
     0     0 1.1018e+09    0  325          - 1.1018e+09      -     -  102s
H    0     0                    1.062238e+09 1.1018e+09  3.72%     -  109s
H    0     0                    1.084370e+09 1.1018e+09  1.61%     -  183s
     0     0 1.1018e+09    0  339 1.0844e+09 1.1018e+09  1.60%     -  185s
     0     0 1.1018e+09    0  338 1.0844e+09 1.1018e+09  1.60%     -  186s
     0     0 1.1018e+09    0  311 1.0844e+09 1.1018e+09  1.60%     -  194s
     0     0 1.1018e+09    0  314 1.0844e+09 1.1018e+09  1.60%     -  198s
     0     0 1.1018e+09    0  319 1.0844e+09 1.1018e+09  1.60%     -  204s
     0     0 1.1018e+09    0  326 1.0844e+09 1.1018e+09  1.60%     -  207s
     0     0 1.1018e+09    0  315 1.0844e+09 1.1018e+09  1.60%     -  212s
H    0     0                    1.085196e+09 1.1018e+09  1.53%     -  219s
     0     0 1.1018e+09    0  315 1.0852e+09 1.1018e+09  1.53%     -  219s
     0     0 1.1018e+09    0  317 1.0852e+09 1.1018e+09  1.53%     -  225s
     0     0 1.1018e+09    0  317 1.0852e+09 1.1018e+09  1.53%     -  229s
     0     0 1.1018e+09    0  316 1.0852e+09 1.1018e+09  1.53%     -  234s
     0     0 1.1018e+09    0  308 1.0852e+09 1.1018e+09  1.53%     -  237s
H    0     0                    1.086064e+09 1.1017e+09  1.44%     -  279s
H    0     2                    1.086080e+09 1.1017e+09  1.44%     -  285s
     0     2 1.1017e+09    0  297 1.0861e+09 1.1017e+09  1.44%     -  285s
     1     4 1.1017e+09    1  299 1.0861e+09 1.1017e+09  1.44%  4173  293s
     3     8 1.1017e+09    2  310 1.0861e+09 1.1017e+09  1.44%  2002  297s
     7    16 1.1017e+09    3  316 1.0861e+09 1.1017e+09  1.44%  1033  310s
    15    32 1.1017e+09    4  314 1.0861e+09 1.1017e+09  1.44%   962  332s
H   31    52                    1.086206e+09 1.1017e+09  1.43%  1057  382s
H   32    52                    1.087323e+09 1.1017e+09  1.32%  1036  383s
H   33    52                    1.087800e+09 1.1017e+09  1.28%  1021  384s
H   34    52                    1.087918e+09 1.1017e+09  1.27%  1008  384s
H   35    52                    1.088331e+09 1.1017e+09  1.23%   992  385s
H   51    72                    1.094546e+09 1.1017e+09  0.66%  1014  493s
H   52    72                    1.097173e+09 1.1017e+09  0.41%   999  494s
H   53    72                    1.097560e+09 1.1017e+09  0.38%   986  494s

Cutting planes:
  Cover: 14
  Implied bound: 67
  Clique: 3
  MIR: 64
  StrongCG: 1
  Flow cover: 64
  GUB cover: 2
  RLT: 18
  Relax-and-lift: 51

Explored 71 nodes (93977 simplex iterations) in 495.15 seconds (558.92 work units)
Thread count was 20 (of 40 available processors)

Solution count 10: 1.09756e+09 1.09717e+09 1.09455e+09 ... 1.08606e+09

Optimal solution found (tolerance 1.00e-02)
Best objective 1.097560325114e+09, best bound 1.101725068437e+09, gap 0.3795%
Gurobi Optimizer version 10.0.1 build v10.0.1rc0 (linux64)

CPU model: Intel(R) Xeon(R) Gold 5115 CPU @ 2.40GHz, instruction set [SSE2|AVX|AVX2|AVX512]
Thread count: 20 physical cores, 40 logical processors, using up to 20 threads

Optimize a model with 20883 rows, 352470 columns and 1567200 nonzeros
Model fingerprint: 0xc654e0be
Variable types: 1316 continuous, 351154 integer (351154 binary)
Coefficient statistics:
  Matrix range     [1e+00, 2e+05]
  Objective range  [4e+01, 2e+07]
  Bounds range     [1e+00, 3e+05]
  RHS range        [1e+00, 1e+06]
Presolve removed 19371 rows and 340702 columns
Presolve time: 0.68s
Presolved: 1512 rows, 11768 columns, 41645 nonzeros
Variable types: 355 continuous, 11413 integer (11380 binary)
Found heuristic solution: objective 1.637228e+09

Root relaxation: objective 1.826146e+09, 2974 iterations, 0.05 seconds (0.05 work units)

    Nodes    |    Current Node    |     Objective Bounds      |     Work
 Expl Unexpl |  Obj  Depth IntInf | Incumbent    BestBd   Gap | It/Node Time

     0     0 1.8261e+09    0   79 1.6372e+09 1.8261e+09  11.5%     -    0s
H    0     0                    1.815574e+09 1.8261e+09  0.58%     -    1s

Explored 1 nodes (3002 simplex iterations) in 1.04 seconds (0.78 work units)
Thread count was 20 (of 40 available processors)

Solution count 2: 1.81557e+09 1.63723e+09 

Optimal solution found (tolerance 1.00e-02)
Best objective 1.815574122765e+09, best bound 1.826146462818e+09, gap 0.5823%
