
Gurobi 9.5.1 (win64) logging started Mon May 29 00:57:23 2023

Set parameter LogFile to value "logFiles/A-2L-A/A-2L-6U-17F-15V-120D/basic-05-29-2023, 00-57-H70-P50-O15.log"
Gurobi Optimizer version 9.5.1 build v9.5.1rc2 (win64)
Thread count: 8 physical cores, 16 logical processors, using up to 16 threads
Optimize a model with 29213 rows, 348149 columns and 1833668 nonzeros
Model fingerprint: 0xf14e5192
Variable types: 95316 continuous, 252833 integer (252833 binary)
Coefficient statistics:
  Matrix range     [1e+00, 2e+05]
  Objective range  [4e+01, 2e+07]
  Bounds range     [1e+00, 1e+00]
  RHS range        [1e+00, 2e+06]
Presolve removed 15891 rows and 19045 columns (presolve time = 5s) ...
Presolve removed 15863 rows and 19017 columns
Presolve time: 5.02s
Presolved: 13350 rows, 329132 columns, 1474683 nonzeros
Variable types: 81846 continuous, 247286 integer (247274 binary)

Deterministic concurrent LP optimizer: primal and dual simplex
Showing first log only...


Root simplex log...

Iteration    Objective       Primal Inf.    Dual Inf.      Time
       0    6.2376101e+08   1.498654e+06   2.313057e+15      7s
   76857    7.4939397e+08   2.796812e+01   1.769963e+13     10s
  107119    7.4760423e+08   1.449872e+01   9.937165e+12     15s
  132753    8.4561593e+08   8.140431e+05   0.000000e+00     20s
  145067    8.3332595e+08   1.056878e+05   0.000000e+00     25s
  151099    8.3251066e+08   3.726135e+05   0.000000e+00     30s
  154393    8.3224806e+08   4.502884e+05   0.000000e+00     35s
  157643    8.3188502e+08   1.772427e+06   0.000000e+00     40s
  160673    8.3157286e+08   1.628457e+05   0.000000e+00     45s
  164553    8.3127174e+08   2.482708e+05   0.000000e+00     50s
  169223    8.3058681e+08   1.113345e+05   0.000000e+00     55s
  173533    8.3045386e+08   1.664170e+05   0.000000e+00     60s
  177437    8.3035334e+08   1.086974e+06   0.000000e+00     65s
  179947    8.3030431e+08   9.865087e+04   0.000000e+00     70s
  182147    8.3026362e+08   2.195952e+05   0.000000e+00     75s
  183777    8.3024660e+08   1.013529e+05   0.000000e+00     80s
  185537    8.3022735e+08   1.069699e+04   0.000000e+00     86s
  186837    8.3021510e+08   1.587745e+05   0.000000e+00     91s
  187727    8.3020638e+08   6.307673e+04   0.000000e+00     95s
  189017    8.3018981e+08   1.533330e+05   0.000000e+00    100s
  190417    8.3017942e+08   1.372567e+04   0.000000e+00    105s
  191657    8.3016590e+08   9.643865e+04   0.000000e+00    110s
  193117    8.3014808e+08   9.204139e+04   0.000000e+00    115s
  194387    8.3014059e+08   1.072538e+04   0.000000e+00    120s
  195297    8.3013314e+08   2.088615e+04   0.000000e+00    125s
  196227    8.3012607e+08   7.939967e+04   0.000000e+00    130s
  197207    8.3012143e+08   8.148120e+04   0.000000e+00    135s
  198247    8.3011202e+08   7.442365e+03   0.000000e+00    140s
  199367    8.3010094e+08   2.673550e+05   0.000000e+00    145s
  200277    8.3009194e+08   1.639922e+05   0.000000e+00    151s
  201117    8.3008501e+08   1.726357e+05   0.000000e+00    155s
  201977    8.3007575e+08   1.759561e+05   0.000000e+00    160s
  203317    8.3006377e+08   6.787496e+04   0.000000e+00    165s
  204287    8.3005252e+08   1.512644e+04   0.000000e+00    170s
  205207    8.3004467e+08   2.741753e+04   0.000000e+00    175s
  205997    8.3004044e+08   2.085384e+05   0.000000e+00    180s
  206607    8.3003897e+08   0.000000e+00   0.000000e+00    184s
  206607    8.3003897e+08   0.000000e+00   0.000000e+00    184s
Concurrent spin time: 1.66s

Solved with primal simplex

Root relaxation: objective 8.300390e+08, 206607 iterations, 180.25 seconds (130.01 work units)

    Nodes    |    Current Node    |     Objective Bounds      |     Work
 Expl Unexpl |  Obj  Depth IntInf | Incumbent    BestBd   Gap | It/Node Time

     0     0 8.3004e+08    0  320          - 8.3004e+08      -     -  187s
     0     0 8.2998e+08    0  331          - 8.2998e+08      -     -  207s
     0     0 8.2988e+08    0  323          - 8.2988e+08      -     -  218s
     0     0 8.2988e+08    0  331          - 8.2988e+08      -     -  220s
     0     0 8.2988e+08    0  331          - 8.2988e+08      -     -  220s
     0     0 8.2987e+08    0  362          - 8.2987e+08      -     -  235s
     0     0 8.2986e+08    0  347          - 8.2986e+08      -     -  242s
     0     0 8.2986e+08    0  343          - 8.2986e+08      -     -  242s
     0     0 8.2986e+08    0  380          - 8.2986e+08      -     -  246s
H    0     0                    8.114720e+08 8.2986e+08  2.27%     -  254s
H    0     0                    8.266678e+08 8.2986e+08  0.39%     -  327s

Cutting planes:
  Cover: 7
  Implied bound: 18
  Clique: 1
  MIR: 42
  Flow cover: 36
  GUB cover: 2
  RLT: 27
  Relax-and-lift: 9

Explored 1 nodes (217830 simplex iterations) in 327.71 seconds (368.61 work units)
Thread count was 16 (of 16 available processors)

Solution count 2: 8.26668e+08 8.11472e+08 

Optimal solution found (tolerance 1.00e-02)
Best objective 8.266677844864e+08, best bound 8.298579773096e+08, gap 0.3859%
Gurobi Optimizer version 9.5.1 build v9.5.1rc2 (win64)
Thread count: 8 physical cores, 16 logical processors, using up to 16 threads
Optimize a model with 23639 rows, 353230 columns and 1760704 nonzeros
Model fingerprint: 0xd9bfe011
Variable types: 1316 continuous, 351914 integer (351914 binary)
Coefficient statistics:
  Matrix range     [1e+00, 2e+05]
  Objective range  [4e+01, 2e+07]
  Bounds range     [1e+00, 3e+05]
  RHS range        [1e+00, 2e+06]
Presolve removed 20685 rows and 324830 columns
Presolve time: 0.65s
Presolved: 2954 rows, 28400 columns, 116711 nonzeros
Variable types: 678 continuous, 27722 integer (27718 binary)

Root relaxation: objective 8.426745e+08, 6768 iterations, 0.42 seconds (0.74 work units)

    Nodes    |    Current Node    |     Objective Bounds      |     Work
 Expl Unexpl |  Obj  Depth IntInf | Incumbent    BestBd   Gap | It/Node Time

     0     0 8.4267e+08    0   73          - 8.4267e+08      -     -    1s
H    0     0                    7.949294e+08 8.4267e+08  6.01%     -    1s
H    0     0                    8.040161e+08 8.4267e+08  4.81%     -    3s
H    0     0                    8.249795e+08 8.4267e+08  2.14%     -    3s
     0     0 8.4243e+08    0   62 8.2498e+08 8.4243e+08  2.12%     -    4s
H    0     0                    8.324315e+08 8.4243e+08  1.20%     -    6s
     0     0 8.4088e+08    0   61 8.3243e+08 8.4088e+08  1.02%     -    6s
     0     0 8.4088e+08    0   61 8.3243e+08 8.4088e+08  1.02%     -    7s
     0     0 8.4088e+08    0   83 8.3243e+08 8.4088e+08  1.02%     -    7s
H    0     0                    8.326570e+08 8.4088e+08  0.99%     -    7s

Cutting planes:
  Gomory: 4
  Lift-and-project: 2
  Cover: 5
  Implied bound: 8
  Clique: 2
  MIR: 13
  Flow cover: 21
  GUB cover: 1
  Network: 1
  RLT: 2
  Relax-and-lift: 3

Explored 1 nodes (7305 simplex iterations) in 7.52 seconds (8.22 work units)
Thread count was 16 (of 16 available processors)

Solution count 5: 8.32657e+08 8.32431e+08 8.2498e+08 ... 7.94929e+08

Optimal solution found (tolerance 1.00e-02)
Best objective 8.326569997270e+08, best bound 8.408824851386e+08, gap 0.9879%
