
Gurobi 9.5.1 (win64) logging started Mon May 29 01:46:21 2023

Set parameter LogFile to value "logFiles/A-2L-A/A-2L-6U-17F-15V-120D/basic-05-29-2023, 01-46-H70-P50-O15.log"
Gurobi Optimizer version 9.5.1 build v9.5.1rc2 (win64)
Thread count: 8 physical cores, 16 logical processors, using up to 16 threads
Optimize a model with 29213 rows, 347421 columns and 1832940 nonzeros
Model fingerprint: 0x7d05f96d
Variable types: 95316 continuous, 252105 integer (252105 binary)
Coefficient statistics:
  Matrix range     [1e+00, 2e+05]
  Objective range  [4e+01, 2e+07]
  Bounds range     [1e+00, 1e+00]
  RHS range        [1e+00, 2e+06]
Presolve removed 17494 rows and 52333 columns
Presolve time: 4.24s
Presolved: 11719 rows, 295088 columns, 1321183 nonzeros
Variable types: 50586 continuous, 244502 integer (244490 binary)

Deterministic concurrent LP optimizer: primal and dual simplex
Showing first log only...


Root simplex log...

Iteration    Objective       Primal Inf.    Dual Inf.      Time
       0    6.2330694e+08   1.495536e+06   2.655400e+15      6s
  106618    7.7732542e+08   3.220305e+02   7.097581e+10     10s
  169604    7.2287655e+09   2.271584e+05   0.000000e+00     15s
  191444    8.4600606e+08   3.887049e+05   0.000000e+00     20s
  202052    8.3485909e+08   3.193661e+05   0.000000e+00     25s
  209646    8.3166908e+08   2.916514e+05   0.000000e+00     30s
  214260    8.3054047e+08   1.507349e+05   0.000000e+00     35s
  218944    8.3008724e+08   2.790860e+05   0.000000e+00     40s
  222102    8.2994174e+08   2.698953e+05   0.000000e+00     45s
  225948    8.2980213e+08   4.818677e+04   0.000000e+00     50s
  228926    8.2970150e+08   9.537004e+04   0.000000e+00     55s
  231578    8.2959428e+08   6.450954e+04   0.000000e+00     60s
  234412    8.2947656e+08   1.019699e+05   0.000000e+00     65s
  236934    8.2939949e+08   1.544583e+05   0.000000e+00     70s
  239338    8.2931592e+08   3.883638e+04   0.000000e+00     75s
  241652    8.2924361e+08   1.439611e+05   0.000000e+00     80s
  243832    8.2919401e+08   9.778115e+04   0.000000e+00     85s
  245650    8.2916118e+08   4.757214e+04   0.000000e+00     90s
  247488    8.2913063e+08   1.858667e+06   0.000000e+00     95s
  249168    8.2911314e+08   2.492577e+05   0.000000e+00    100s
  250712    8.2909987e+08   1.110388e+04   0.000000e+00    105s
  252092    8.2908907e+08   2.515886e+04   0.000000e+00    110s
  253372    8.2907740e+08   1.395224e+05   0.000000e+00    115s
  254532    8.2906505e+08   2.053487e+04   0.000000e+00    120s
  255492    8.2905606e+08   5.451762e+03   0.000000e+00    125s
  256522    8.2904826e+08   1.298707e+04   0.000000e+00    130s
  257452    8.2904508e+08   3.662262e+04   0.000000e+00    135s
  257922    8.2904421e+08   0.000000e+00   0.000000e+00    138s
  257922    8.2904421e+08   0.000000e+00   0.000000e+00    138s
Concurrent spin time: 0.00s

Solved with primal simplex

Root relaxation: objective 8.290442e+08, 257922 iterations, 133.38 seconds (110.61 work units)

    Nodes    |    Current Node    |     Objective Bounds      |     Work
 Expl Unexpl |  Obj  Depth IntInf | Incumbent    BestBd   Gap | It/Node Time

     0     0 8.2904e+08    0  346          - 8.2904e+08      -     -  139s
H    0     0                    8.125583e+08 8.2904e+08  2.03%     -  145s
H    0     0                    8.136422e+08 8.2904e+08  1.89%     -  156s
     0     0 8.2896e+08    0  325 8.1364e+08 8.2896e+08  1.88%     -  177s
H    0     0                    8.230997e+08 8.2896e+08  0.71%     -  300s

Cutting planes:
  Cover: 5
  Implied bound: 11
  Clique: 1
  MIR: 10
  Flow cover: 10
  GUB cover: 2
  RLT: 42
  Relax-and-lift: 2

Explored 1 nodes (265718 simplex iterations) in 300.32 seconds (399.43 work units)
Thread count was 16 (of 16 available processors)

Solution count 3: 8.231e+08 8.13642e+08 8.12558e+08 

Optimal solution found (tolerance 1.00e-02)
Best objective 8.230997495001e+08, best bound 8.289596943182e+08, gap 0.7119%
Gurobi Optimizer version 9.5.1 build v9.5.1rc2 (win64)
Thread count: 8 physical cores, 16 logical processors, using up to 16 threads
Optimize a model with 23639 rows, 353230 columns and 1760704 nonzeros
Model fingerprint: 0x9cc42b3e
Variable types: 1316 continuous, 351914 integer (351914 binary)
Coefficient statistics:
  Matrix range     [1e+00, 2e+05]
  Objective range  [4e+01, 2e+07]
  Bounds range     [1e+00, 3e+05]
  RHS range        [1e+00, 2e+06]
Presolve removed 20831 rows and 329889 columns
Presolve time: 0.55s
Presolved: 2808 rows, 23341 columns, 95846 nonzeros
Variable types: 702 continuous, 22639 integer (22635 binary)

Root relaxation: objective 8.404922e+08, 7841 iterations, 0.39 seconds (0.80 work units)

    Nodes    |    Current Node    |     Objective Bounds      |     Work
 Expl Unexpl |  Obj  Depth IntInf | Incumbent    BestBd   Gap | It/Node Time

     0     0 8.4049e+08    0   83          - 8.4049e+08      -     -    1s
H    0     0                    8.103445e+08 8.4049e+08  3.72%     -    1s
H    0     0                    8.106222e+08 8.4049e+08  3.68%     -    2s
     0     0 8.3965e+08    0   67 8.1062e+08 8.3965e+08  3.58%     -    2s
H    0     0                    8.151139e+08 8.3965e+08  3.01%     -    3s
H    0     0                    8.154700e+08 8.3965e+08  2.97%     -    3s
     0     0 8.3810e+08    0   70 8.1547e+08 8.3810e+08  2.77%     -    3s
     0     0 8.3810e+08    0   70 8.1547e+08 8.3810e+08  2.77%     -    3s
     0     0 8.3810e+08    0   69 8.1547e+08 8.3810e+08  2.77%     -    3s
     0     0 8.3810e+08    0   87 8.1547e+08 8.3810e+08  2.77%     -    4s
     0     0 8.3810e+08    0   83 8.1547e+08 8.3810e+08  2.77%     -    4s
     0     0 8.3810e+08    0   74 8.1547e+08 8.3810e+08  2.77%     -    4s
     0     0 8.3810e+08    0   77 8.1547e+08 8.3810e+08  2.77%     -    4s
     0     0 8.3810e+08    0   78 8.1547e+08 8.3810e+08  2.77%     -    4s
     0     0 8.3809e+08    0   85 8.1547e+08 8.3809e+08  2.77%     -    4s
     0     0 8.3809e+08    0   83 8.1547e+08 8.3809e+08  2.77%     -    4s
     0     0 8.3809e+08    0   86 8.1547e+08 8.3809e+08  2.77%     -    4s
     0     0 8.3780e+08    0   81 8.1547e+08 8.3780e+08  2.74%     -    5s
     0     0 8.3772e+08    0   90 8.1547e+08 8.3772e+08  2.73%     -    5s
     0     0 8.3772e+08    0   90 8.1547e+08 8.3772e+08  2.73%     -    5s
     0     0 8.3771e+08    0   77 8.1547e+08 8.3771e+08  2.73%     -    6s
     0     0 8.3771e+08    0   84 8.1547e+08 8.3771e+08  2.73%     -    6s
     0     0 8.3771e+08    0   81 8.1547e+08 8.3771e+08  2.73%     -    6s
     0     0 8.3771e+08    0   65 8.1547e+08 8.3771e+08  2.73%     -    6s
     0     2 8.3768e+08    0   63 8.1547e+08 8.3768e+08  2.72%     -    7s
    31    40 8.3764e+08    6   89 8.1547e+08 8.3765e+08  2.72%  85.3   12s
H   33    40                    8.188860e+08 8.3765e+08  2.29%  80.2   12s
H   34    40                    8.192721e+08 8.3765e+08  2.24%  78.1   12s
H   35    40                    8.197845e+08 8.3765e+08  2.18%  75.9   12s
H   37    40                    8.262036e+08 8.3765e+08  1.39%  72.2   12s
   194   199 8.3759e+08   22   94 8.2620e+08 8.3765e+08  1.39%  41.8   15s
H 1142  1131                    8.262805e+08 8.3765e+08  1.38%  24.6   19s
H 1162  1127                    8.268836e+08 8.3765e+08  1.30%  24.3   20s
H 2267  2248                    8.271097e+08 8.3765e+08  1.27%  15.9   24s
H 2273  2247                    8.271863e+08 8.3765e+08  1.27%  16.1   24s
H 2309  2247                    8.271866e+08 8.3765e+08  1.27%  15.9   24s
  2357  2386 8.3699e+08  184   54 8.2719e+08 8.3765e+08  1.27%  15.7   25s
H 3411  3444                    8.272406e+08 8.3765e+08  1.26%  13.1   28s
  3880  3893 8.3694e+08  281   59 8.2724e+08 8.3765e+08  1.26%  12.4   30s
H 4562  4446                    8.274888e+08 8.3765e+08  1.23%  12.0   32s
H 4624  4477                    8.276051e+08 8.3765e+08  1.21%  11.9   34s
H 4626  4451                    8.282960e+08 8.3765e+08  1.13%  11.9   34s
  4659  4757 8.3690e+08  341   54 8.2830e+08 8.3765e+08  1.13%  12.0   35s
H 4980  5032                    8.283102e+08 8.3765e+08  1.13%  11.6   37s
H 5063  5026                    8.286335e+08 8.3765e+08  1.09%  11.5   37s
H 5746  5430                    8.286638e+08 8.3765e+08  1.08%  11.1   41s
H 5748  5428                    8.288293e+08 8.3765e+08  1.06%  11.1   41s
H 5749  5428                    8.288595e+08 8.3765e+08  1.06%  11.1   41s
  7051  6564 8.3452e+08  518   65 8.2886e+08 8.3765e+08  1.06%  10.5   50s
H 7052  6236                    8.288764e+08 8.3765e+08  1.06%  10.5   51s
H 7054  5925                    8.290060e+08 8.3765e+08  1.04%  10.5   53s
  7062  5930 8.3459e+08  396   94 8.2901e+08 8.3760e+08  1.04%  10.5   55s
  7092  5950 8.3359e+08  590  136 8.2901e+08 8.3742e+08  1.01%  10.5   60s
H 7095  5654                    8.290357e+08 8.3741e+08  1.01%  10.5   60s
H 7101  5377                    8.290432e+08 8.3741e+08  1.01%  12.2   62s
H 7105  5109                    8.290668e+08 8.3741e+08  1.01%  12.2   65s

Cutting planes:
  Gomory: 3
  Cover: 27
  Implied bound: 2
  MIR: 28
  StrongCG: 1
  Flow cover: 20
  GUB cover: 10
  Network: 3
  RLT: 2
  Relax-and-lift: 8

Explored 7120 nodes (108267 simplex iterations) in 68.62 seconds (91.56 work units)
Thread count was 16 (of 16 available processors)

Solution count 10: 8.29067e+08 8.29043e+08 8.29036e+08 ... 8.2831e+08

Optimal solution found (tolerance 1.00e-02)
Best objective 8.290668491667e+08, best bound 8.373557053654e+08, gap 0.9998%
