
Gurobi 10.0.1 (linux64) logging started Wed May 24 14:06:36 2023

Set parameter LogFile to value "logFiles/A-2L-A/A-2L-6U-17F-15V-120D/basic-05-24-2023, 14-06-H70-P50-O15.log"
Gurobi Optimizer version 10.0.1 build v10.0.1rc0 (linux64)

CPU model: Intel(R) Xeon(R) Gold 5115 CPU @ 2.40GHz, instruction set [SSE2|AVX|AVX2|AVX512]
Thread count: 20 physical cores, 40 logical processors, using up to 20 threads

Optimize a model with 22397 rows, 352830 columns and 1673364 nonzeros
Model fingerprint: 0x896279d2
Variable types: 161824 continuous, 191006 integer (191006 binary)
Coefficient statistics:
  Matrix range     [1e+00, 2e+05]
  Objective range  [4e+01, 2e+07]
  Bounds range     [1e+00, 1e+00]
  RHS range        [1e+00, 1e+06]
Presolve removed 10011 rows and 35651 columns (presolve time = 5s) ...
Presolve removed 9993 rows and 35684 columns
Presolve time: 7.04s
Presolved: 12404 rows, 317146 columns, 1451275 nonzeros
Variable types: 135999 continuous, 181147 integer (181138 binary)
Deterministic concurrent LP optimizer: primal simplex, dual simplex, and barrier
Showing barrier log only...

Root barrier log...

Ordering time: 1.42s

Barrier statistics:
 AA' NZ     : 7.591e+05
 Factor NZ  : 4.042e+06 (roughly 170 MB of memory)
 Factor Ops : 3.374e+09 (less than 1 second per iteration)
 Threads    : 17

                  Objective                Residual
Iter       Primal          Dual         Primal    Dual     Compl     Time
   0  -7.76973407e+15  6.81653317e+12  5.20e+08 6.19e+06  5.80e+11    11s
   1  -1.83753397e+15  8.48193455e+12  1.23e+08 4.62e+06  1.39e+11    11s
   2  -5.61627149e+14  6.87158763e+12  3.77e+07 3.97e-08  4.40e+10    11s
   3  -4.96854795e+12  5.07132058e+12  3.34e+05 2.48e-08  3.98e+08    12s
   4  -6.29974198e+11  2.25777508e+12  4.24e+04 1.50e-08  5.31e+07    12s
   5  -1.73577594e+11  1.48851360e+12  1.17e+04 1.49e-08  1.56e+07    12s
   6  -1.00115471e+11  9.55535528e+11  6.77e+03 1.50e-08  8.56e+06    12s
   7  -5.49791693e+10  5.52918905e+11  3.75e+03 7.27e-08  4.39e+06    12s
   8  -4.68830668e+10  3.59881444e+11  3.20e+03 1.47e-07  3.34e+06    12s
   9  -1.89668780e+10  2.77713996e+11  1.33e+03 1.75e-07  1.54e+06    12s
  10  -3.50951204e+09  1.43481825e+11  2.98e+02 6.39e-08  4.47e+05    12s
  11  -6.93044657e+08  6.47246446e+10  1.11e+02 8.56e-08  1.77e+05    13s
  12   3.88500881e+08  3.09303970e+10  3.99e+01 2.95e-08  7.39e+04    13s
  13   5.84883351e+08  1.96223955e+10  2.71e+01 3.21e-08  4.80e+04    13s
  14   7.53445062e+08  1.26986221e+10  1.64e+01 4.68e-08  2.99e+04    13s
  15   8.39148538e+08  9.78142286e+09  1.10e+01 8.22e-08  2.17e+04    13s
  16   8.64045681e+08  9.26127414e+09  9.41e+00 6.33e-08  1.98e+04    13s
  17   8.76778567e+08  7.26587123e+09  8.64e+00 6.04e-08  1.62e+04    13s
  18   8.99933096e+08  5.37525039e+09  7.30e+00 8.24e-08  1.22e+04    14s
  19   9.34830778e+08  4.15150814e+09  5.80e+00 6.78e-08  9.06e+03    14s
  20   9.73851807e+08  3.93188664e+09  4.42e+00 7.77e-08  7.62e+03    14s
  21   9.96196714e+08  3.00276786e+09  3.72e+00 7.18e-08  5.46e+03    14s
  22   1.03917245e+09  2.45665094e+09  2.37e+00 8.47e-08  3.56e+03    14s
  23   1.06142376e+09  2.24123753e+09  1.76e+00 9.46e-08  2.78e+03    14s
  24   1.08108082e+09  2.05455046e+09  1.27e+00 8.08e-08  2.15e+03    15s
  25   1.10835874e+09  1.85594525e+09  6.63e-01 7.73e-08  1.47e+03    15s
  26   1.12062765e+09  1.61666249e+09  4.69e-01 7.00e-08  9.44e+02    15s
  27   1.13984295e+09  1.49141119e+09  2.13e-01 8.89e-08  6.15e+02    15s
  28   1.15172580e+09  1.33832089e+09  1.11e-01 7.05e-08  3.18e+02    15s
  29   1.16113228e+09  1.30694482e+09  7.93e-02 7.53e-08  2.45e+02    15s
  30   1.16663478e+09  1.27891684e+09  6.38e-02 9.56e-08  1.88e+02    16s
  31   1.17097221e+09  1.26435607e+09  5.40e-02 1.13e-07  1.57e+02    16s
  32   1.17282214e+09  1.26133233e+09  4.95e-02 1.08e-07  1.48e+02    16s
  33   1.17512385e+09  1.26003284e+09  4.41e-02 1.68e-07  1.41e+02    16s
  34   1.17896659e+09  1.24695180e+09  3.63e-02 1.68e-07  1.13e+02    16s
  35   1.18010245e+09  1.23350184e+09  3.42e-02 1.50e-07  8.96e+01    16s
  36   1.18262305e+09  1.22626901e+09  2.99e-02 1.05e-07  7.35e+01    16s
  37   1.18720944e+09  1.22127949e+09  2.30e-02 1.05e-07  5.73e+01    17s
  38   1.18959379e+09  1.21826706e+09  1.95e-02 1.19e-07  4.82e+01    17s
  39   1.19159115e+09  1.21463875e+09  1.70e-02 1.25e-07  3.89e+01    17s
  40   1.19439336e+09  1.21292202e+09  1.31e-02 1.29e-07  3.12e+01    17s
  41   1.19643972e+09  1.21085928e+09  1.05e-02 1.24e-07  2.43e+01    17s
  42   1.19768916e+09  1.20940491e+09  8.52e-03 1.39e-07  1.97e+01    18s
  43   1.19919712e+09  1.20892430e+09  6.63e-03 1.36e-07  1.63e+01    18s
  44   1.20049146e+09  1.20762930e+09  5.04e-03 1.29e-07  1.20e+01    18s
  45   1.20142950e+09  1.20711602e+09  3.95e-03 1.35e-07  9.54e+00    18s
  46   1.20203687e+09  1.20669792e+09  3.25e-03 1.54e-07  7.82e+00    18s
  47   1.20299896e+09  1.20639818e+09  2.15e-03 1.55e-07  5.67e+00    18s
  48   1.20322650e+09  1.20616741e+09  1.90e-03 1.30e-07  4.91e+00    19s
  49   1.20373163e+09  1.20597544e+09  1.38e-03 1.38e-07  3.73e+00    19s
  50   1.20400791e+09  1.20574099e+09  1.09e-03 1.27e-07  2.89e+00    19s
  51   1.20432658e+09  1.20555166e+09  7.55e-04 1.35e-07  2.04e+00    19s
  52   1.20458126e+09  1.20545606e+09  5.10e-04 1.42e-07  1.45e+00    19s
  53   1.20468455e+09  1.20541077e+09  4.17e-04 1.36e-07  1.20e+00    20s
  54   1.20477011e+09  1.20535986e+09  3.41e-04 1.19e-07  9.78e-01    20s
  55   1.20479396e+09  1.20532589e+09  3.20e-04 1.27e-07  8.84e-01    20s
  56   1.20484491e+09  1.20530745e+09  2.74e-04 1.26e-07  7.68e-01    20s
  57   1.20492766e+09  1.20527104e+09  2.04e-04 1.28e-07  5.70e-01    20s
  58   1.20495146e+09  1.20525231e+09  1.83e-04 1.28e-07  5.00e-01    21s
  59   1.20499989e+09  1.20522589e+09  1.41e-04 1.21e-07  3.76e-01    21s
  60   1.20508965e+09  1.20520160e+09  6.26e-05 1.17e-07  1.86e-01    21s
  61   1.20514247e+09  1.20516852e+09  1.82e-05 1.19e-07  4.38e-02    21s
  62   1.20515112e+09  1.20516607e+09  1.11e-05 1.06e-07  2.53e-02    21s
  63   1.20516144e+09  1.20516539e+09  2.96e-06 9.99e-08  6.66e-03    21s
  64   1.20516434e+09  1.20516534e+09  6.83e-07 9.56e-08  1.68e-03    22s
  65   1.20516485e+09  1.20516529e+09  2.95e-07 1.01e-07  7.46e-04    22s
  66   1.20516508e+09  1.20516526e+09  1.16e-07 1.08e-07  3.00e-04    22s
  67   1.20516524e+09  1.20516525e+09  2.41e-08 1.34e-07  4.11e-06    22s
  68   1.20516525e+09  1.20516525e+09  6.70e-09 1.02e-07  5.39e-10    22s

Barrier solved model in 68 iterations and 22.29 seconds (21.02 work units)
Optimal objective 1.20516525e+09


Root crossover log...

    9181 DPushes remaining with DInf 0.0000000e+00                22s
       0 DPushes remaining with DInf 0.0000000e+00                23s

     830 PPushes remaining with PInf 0.0000000e+00                23s
       0 PPushes remaining with PInf 0.0000000e+00                23s

  Push phase complete: Pinf 0.0000000e+00, Dinf 9.8717911e+04     23s


Root simplex log...

Iteration    Objective       Primal Inf.    Dual Inf.      Time
    8739    1.2051652e+09   0.000000e+00   9.871791e+04     23s
    8761    1.2051652e+09   0.000000e+00   0.000000e+00     23s
Concurrent spin time: 0.01s

Solved with barrier
    8806    1.2051652e+09   0.000000e+00   0.000000e+00     23s
Extra simplex iterations after uncrush: 45

Root relaxation: objective 1.205165e+09, 8806 iterations, 14.65 seconds (11.29 work units)

    Nodes    |    Current Node    |     Objective Bounds      |     Work
 Expl Unexpl |  Obj  Depth IntInf | Incumbent    BestBd   Gap | It/Node Time

     0     0 1.2052e+09    0  263          - 1.2052e+09      -     -   24s
     0     0 1.2041e+09    0  267          - 1.2041e+09      -     -   45s
     0     0 1.2041e+09    0  296          - 1.2041e+09      -     -   52s
     0     0 1.2041e+09    0  285          - 1.2041e+09      -     -   53s
     0     0 1.2041e+09    0  286          - 1.2041e+09      -     -   53s
     0     0 1.2036e+09    0  307          - 1.2036e+09      -     -   67s
H    0     0                    1.163062e+09 1.2036e+09  3.48%     -   87s
     0     0 1.2036e+09    0  269 1.1631e+09 1.2036e+09  3.48%     -   91s
     0     0 1.2035e+09    0  278 1.1631e+09 1.2035e+09  3.48%     -   95s
     0     0 1.2035e+09    0  279 1.1631e+09 1.2035e+09  3.48%     -   97s
     0     0 1.2035e+09    0  297 1.1631e+09 1.2035e+09  3.48%     -  112s
H    0     0                    1.165638e+09 1.2035e+09  3.25%     -  127s
     0     0 1.2035e+09    0  274 1.1656e+09 1.2035e+09  3.25%     -  131s
     0     0 1.2035e+09    0  283 1.1656e+09 1.2035e+09  3.25%     -  134s
     0     0 1.2035e+09    0  278 1.1656e+09 1.2035e+09  3.25%     -  135s
     0     0 1.2035e+09    0  271 1.1656e+09 1.2035e+09  3.25%     -  142s
H    0     0                    1.170873e+09 1.2035e+09  2.79%     -  159s
     0     0 1.2035e+09    0  310 1.1709e+09 1.2035e+09  2.79%     -  164s
     0     0 1.2035e+09    0  305 1.1709e+09 1.2035e+09  2.79%     -  165s
     0     0 1.2035e+09    0  310 1.1709e+09 1.2035e+09  2.79%     -  175s
     0     0 1.2035e+09    0  321 1.1709e+09 1.2035e+09  2.79%     -  198s
     0     0 1.2035e+09    0  330 1.1709e+09 1.2035e+09  2.79%     -  200s
     0     0 1.2035e+09    0  328 1.1709e+09 1.2035e+09  2.79%     -  209s
     0     0 1.2035e+09    0  339 1.1709e+09 1.2035e+09  2.79%     -  214s
     0     0 1.2035e+09    0  330 1.1709e+09 1.2035e+09  2.79%     -  216s
     0     0 1.2035e+09    0  336 1.1709e+09 1.2035e+09  2.79%     -  230s
     0     0 1.2035e+09    0  319 1.1709e+09 1.2035e+09  2.79%     -  237s
     0     0 1.2035e+09    0  316 1.1709e+09 1.2035e+09  2.79%     -  238s
     0     0 1.2035e+09    0  316 1.1709e+09 1.2035e+09  2.78%     -  246s
     0     0 1.2035e+09    0  317 1.1709e+09 1.2035e+09  2.78%     -  255s
     0     0 1.2035e+09    0  324 1.1709e+09 1.2035e+09  2.78%     -  256s
     0     0 1.2035e+09    0  303 1.1709e+09 1.2035e+09  2.78%     -  261s
H    0     0                    1.171357e+09 1.2035e+09  2.74%     -  282s
     0     0 1.2035e+09    0  318 1.1714e+09 1.2035e+09  2.74%     -  284s
     0     0 1.2035e+09    0  311 1.1714e+09 1.2035e+09  2.74%     -  285s
     0     0 1.2035e+09    0  307 1.1714e+09 1.2035e+09  2.74%     -  289s
     0     0 1.2035e+09    0  307 1.1714e+09 1.2035e+09  2.74%     -  293s
H    0     2                    1.171492e+09 1.2035e+09  2.73%     -  390s
     0     2 1.2035e+09    0  301 1.1715e+09 1.2035e+09  2.73%     -  390s
     1     4 1.2035e+09    1  294 1.1715e+09 1.2035e+09  2.73%  3540  399s
     3     8 1.2035e+09    2  299 1.1715e+09 1.2035e+09  2.73%  1947  423s
     7    16 1.2035e+09    3  321 1.1715e+09 1.2035e+09  2.73%  2584  453s
    15    32 1.2035e+09    4  314 1.1715e+09 1.2035e+09  2.73%  3032  509s
H   31    52                    1.175399e+09 1.2035e+09  2.39%  3608  577s
    51    72 1.2035e+09    6  341 1.1754e+09 1.2035e+09  2.39%  3196  591s
    71    92 1.2035e+09    7  327 1.1754e+09 1.2035e+09  2.39%  2564  610s
    91   112 1.2035e+09    8  351 1.1754e+09 1.2035e+09  2.39%  2178  734s
H   94   112                    1.176728e+09 1.2035e+09  2.27%  2111  735s
H   96   112                    1.179744e+09 1.2035e+09  2.01%  2076  735s
H   98   112                    1.183159e+09 1.2035e+09  1.72%  2054  736s
   111   136 1.2034e+09    8  307 1.1832e+09 1.2035e+09  1.72%  2019  762s
   135   164 1.2034e+09    9  353 1.1832e+09 1.2035e+09  1.72%  1987  791s
   163   193 1.2034e+09   10  350 1.1832e+09 1.2035e+09  1.72%  1819  816s
   192   217 1.2032e+09   11  346 1.1832e+09 1.2035e+09  1.72%  1701  857s
   216   251 1.2032e+09   12  335 1.1832e+09 1.2035e+09  1.72%  1695  877s
   250   286 1.2032e+09   13  320 1.1832e+09 1.2035e+09  1.72%  1562  901s
   285   311 1.2031e+09   14  343 1.1832e+09 1.2035e+09  1.72%  1463  942s
   311   350 1.2031e+09   15  295 1.1832e+09 1.2035e+09  1.72%  1450  962s
   352   388 1.2031e+09   15  332 1.1832e+09 1.2035e+09  1.72%  1340  980s
   392   428 1.2030e+09   16  268 1.1832e+09 1.2035e+09  1.72%  1258  996s
   433   467 1.2028e+09   17  282 1.1832e+09 1.2035e+09  1.72%  1186 1018s
   477   517 1.2028e+09   18  264 1.1832e+09 1.2035e+09  1.72%  1117 1050s
   530   567 1.2028e+09   19  266 1.1832e+09 1.2035e+09  1.72%  1065 1069s
   586   619 1.2028e+09   21  272 1.1832e+09 1.2035e+09  1.72%   998 1172s
H  643   658                    1.189154e+09 1.2035e+09  1.20%   941 1304s
H  684   715                    1.189229e+09 1.2035e+09  1.20%   905 1332s
H  701   715                    1.189274e+09 1.2035e+09  1.19%   905 1333s
H  731   715                    1.189317e+09 1.2035e+09  1.19%   885 1333s
   746   788 1.2028e+09   26  227 1.1893e+09 1.2035e+09  1.19%   883 1371s
   825   809 1.2028e+09   28  231 1.1893e+09 1.2035e+09  1.19%   856 1435s
H  830   809                    1.189368e+09 1.2035e+09  1.18%   853 1436s
H  844   809                    1.189432e+09 1.2035e+09  1.18%   848 1437s
   847   884 1.2028e+09   29  231 1.1894e+09 1.2035e+09  1.18%   847 1469s
   931   974 1.2028e+09   30  230 1.1894e+09 1.2035e+09  1.18%   823 1497s
  1031  1069 1.2028e+09   33  242 1.1894e+09 1.2035e+09  1.18%   783 1524s
  1143  1176 1.2027e+09   37  208 1.1894e+09 1.2035e+09  1.18%   742 1553s
  1265  1276 1.2028e+09   38  243 1.1894e+09 1.2035e+09  1.18%   704 1590s
  1405  1413 1.2027e+09   44  243 1.1894e+09 1.2035e+09  1.18%   670 1622s
  1569  1523 1.2026e+09   55  232 1.1894e+09 1.2035e+09  1.18%   630 1650s
  1715  1559 1.2027e+09   56  264 1.1894e+09 1.2035e+09  1.18%   602 1687s
H 1716  1559                    1.189434e+09 1.2035e+09  1.18%   602 1687s
H 1720  1559                    1.189467e+09 1.2035e+09  1.18%   603 1688s
H 1749  1559                    1.189476e+09 1.2035e+09  1.18%   595 1689s
  1789  1674 1.2027e+09   57  281 1.1895e+09 1.2035e+09  1.18%   586 1718s
  1920  1803 1.2027e+09   58  273 1.1895e+09 1.2035e+09  1.18%   573 1762s
  2067  1959 1.2027e+09   60  259 1.1895e+09 1.2035e+09  1.18%   560 1790s
  2230  2128 1.2027e+09   70  254 1.1895e+09 1.2035e+09  1.18%   543 1818s
  2399  2309 1.2027e+09   78  250 1.1895e+09 1.2035e+09  1.18%   527 1861s
  2583  2478 1.2027e+09   86  269 1.1895e+09 1.2035e+09  1.18%   518 1928s
  2763  2649 1.2027e+09   98  265 1.1895e+09 1.2035e+09  1.18%   513 1981s
H 2814  2649                    1.189565e+09 1.2035e+09  1.17%   515 1982s
  2939  2866 1.2027e+09  105  253 1.1896e+09 1.2035e+09  1.17%   508 2168s
  3156  3117 1.2026e+09  107  227 1.1896e+09 1.2035e+09  1.17%   499 2217s
  3407  3441 1.2026e+09  114  243 1.1896e+09 1.2035e+09  1.17%   488 2262s
  3731  3790 1.2026e+09  130  243 1.1896e+09 1.2035e+09  1.17%   468 2313s
  4081  4001 1.2025e+09  139  232 1.1896e+09 1.2035e+09  1.17%   449 2352s
H 4120  4001                    1.189566e+09 1.2035e+09  1.17%   447 2353s
H 4204  4001                    1.189568e+09 1.2035e+09  1.17%   441 2354s
  4292  4419 1.2026e+09  139  233 1.1896e+09 1.2035e+09  1.17%   435 2402s
  4710  4829 1.2026e+09  165  223 1.1896e+09 1.2035e+09  1.17%   414 2460s
  5121  5290 1.2012e+09  196  182 1.1896e+09 1.2035e+09  1.17%   397 2513s
  5584  5454 1.2025e+09  201  199 1.1896e+09 1.2035e+09  1.17%   378 2619s
H 5592  5443                    1.189868e+09 1.2035e+09  1.14%   378 2620s
H 5609  5428                    1.190377e+09 1.2035e+09  1.10%   377 2621s
H 5682  5428                    1.190833e+09 1.2035e+09  1.06%   374 2621s
  5748  5978 1.2025e+09  202  188 1.1908e+09 1.2035e+09  1.06%   371 2676s
  6298  6630 1.2025e+09  215  226 1.1908e+09 1.2035e+09  1.06%   354 2730s
H 6951  6876                    1.190841e+09 1.2035e+09  1.06%   334 2783s
H 6965  6876                    1.190868e+09 1.2035e+09  1.06%   334 2783s
H 6977  6873                    1.191879e+09 1.2035e+09  0.97%   334 2784s
H 7065  6783                    1.193169e+09 1.2035e+09  0.86%   332 2784s

Cutting planes:
  Cover: 43
  Implied bound: 206
  Clique: 7
  MIR: 142
  Flow cover: 120
  GUB cover: 2
  RLT: 16
  Relax-and-lift: 94

Explored 7198 nodes (2409735 simplex iterations) in 2785.04 seconds (3179.31 work units)
Thread count was 20 (of 40 available processors)

Solution count 10: 1.19317e+09 1.19188e+09 1.19087e+09 ... 1.18956e+09

Optimal solution found (tolerance 1.00e-02)
Best objective 1.193169071162e+09, best bound 1.203452412270e+09, gap 0.8619%
Gurobi Optimizer version 10.0.1 build v10.0.1rc0 (linux64)

CPU model: Intel(R) Xeon(R) Gold 5115 CPU @ 2.40GHz, instruction set [SSE2|AVX|AVX2|AVX512]
Thread count: 20 physical cores, 40 logical processors, using up to 20 threads

Optimize a model with 24299 rows, 358453 columns and 1634688 nonzeros
Model fingerprint: 0xf9c0bd4b
Variable types: 6119 continuous, 352334 integer (352334 binary)
Coefficient statistics:
  Matrix range     [1e+00, 2e+05]
  Objective range  [4e+01, 2e+07]
  Bounds range     [1e+00, 3e+05]
  RHS range        [1e+00, 1e+06]
Presolve removed 22418 rows and 347459 columns
Presolve time: 0.68s
Presolved: 1881 rows, 10994 columns, 43481 nonzeros
Variable types: 541 continuous, 10453 integer (10453 binary)

Root relaxation: objective 1.133774e+09, 3369 iterations, 0.09 seconds (0.10 work units)

    Nodes    |    Current Node    |     Objective Bounds      |     Work
 Expl Unexpl |  Obj  Depth IntInf | Incumbent    BestBd   Gap | It/Node Time

     0     0 1.1338e+09    0   96          - 1.1338e+09      -     -    0s
H    0     0                    7.900421e+08 1.1338e+09  43.5%     -    0s
H    0     0                    9.680065e+08 1.1338e+09  17.1%     -    1s
H    0     0                    1.022337e+09 1.1338e+09  10.9%     -    1s
H    0     0                    1.119814e+09 1.1335e+09  1.22%     -    1s
     0     0 1.1335e+09    0   76 1.1198e+09 1.1335e+09  1.22%     -    1s
H    0     0                    1.126083e+09 1.1335e+09  0.66%     -    2s

Cutting planes:
  Gomory: 5
  Cover: 2
  Implied bound: 10
  Clique: 1
  MIR: 11
  Flow cover: 17
  Network: 6
  RLT: 1

Explored 1 nodes (3680 simplex iterations) in 2.88 seconds (1.92 work units)
Thread count was 20 (of 40 available processors)

Solution count 5: 1.12608e+09 1.11981e+09 1.02234e+09 ... 7.90042e+08

Optimal solution found (tolerance 1.00e-02)
Best objective 1.126083103583e+09, best bound 1.133480869256e+09, gap 0.6569%
