
Gurobi 9.5.2 (mac64[x86]) logging started Wed Feb 22 16:48:36 2023

Set parameter LogFile to value "logFiles/A-1L-60D/A-1L-6U-11F-7V-60D-a.log"
Gurobi Optimizer version 9.5.2 build v9.5.2rc0 (mac64[x86])
Thread count: 4 physical cores, 8 logical processors, using up to 8 threads
Optimize a model with 5250 rows, 45943 columns and 377217 nonzeros
Model fingerprint: 0x6b2ff98e
Variable types: 620 continuous, 45323 integer (45323 binary)
Coefficient statistics:
  Matrix range     [1e+00, 2e+05]
  Objective range  [4e+01, 2e+07]
  Bounds range     [1e+00, 1e+00]
  RHS range        [1e+00, 5e+05]
Presolve removed 2701 rows and 7493 columns
Presolve time: 1.20s
Presolved: 2549 rows, 38450 columns, 280009 nonzeros
Variable types: 609 continuous, 37841 integer (37837 binary)

Root relaxation: objective 2.191064e+08, 5573 iterations, 1.15 seconds (1.05 work units)

    Nodes    |    Current Node    |     Objective Bounds      |     Work
 Expl Unexpl |  Obj  Depth IntInf | Incumbent    BestBd   Gap | It/Node Time

     0     0 2.1911e+08    0   71          - 2.1911e+08      -     -    3s
H    0     0                    2.125805e+08 2.1911e+08  3.07%     -    9s
     0     0 2.1779e+08    0   64 2.1258e+08 2.1779e+08  2.45%     -   10s
H    0     0                    2.137371e+08 2.1779e+08  1.90%     -   18s
     0     0 2.1779e+08    0   63 2.1374e+08 2.1779e+08  1.90%     -   18s
     0     0 2.1779e+08    0   60 2.1374e+08 2.1779e+08  1.90%     -   19s
H    0     0                    2.138087e+08 2.1779e+08  1.86%     -   22s
     0     0 2.1779e+08    0   59 2.1381e+08 2.1779e+08  1.86%     -   22s
     0     0 2.1779e+08    0   60 2.1381e+08 2.1779e+08  1.86%     -   22s
     0     0 2.1779e+08    0   73 2.1381e+08 2.1779e+08  1.86%     -   22s
     0     0 2.1779e+08    0   74 2.1381e+08 2.1779e+08  1.86%     -   23s
     0     0 2.1779e+08    0   70 2.1381e+08 2.1779e+08  1.86%     -   23s
     0     0 2.1779e+08    0   72 2.1381e+08 2.1779e+08  1.86%     -   23s
     0     0 2.1779e+08    0   80 2.1381e+08 2.1779e+08  1.86%     -   23s
     0     0 2.1779e+08    0   74 2.1381e+08 2.1779e+08  1.86%     -   23s
     0     0 2.1779e+08    0   76 2.1381e+08 2.1779e+08  1.86%     -   24s
     0     0 2.1779e+08    0   79 2.1381e+08 2.1779e+08  1.86%     -   24s
     0     0 2.1779e+08    0   80 2.1381e+08 2.1779e+08  1.86%     -   24s
     0     0 2.1779e+08    0   80 2.1381e+08 2.1779e+08  1.86%     -   24s
     0     0 2.1779e+08    0   80 2.1381e+08 2.1779e+08  1.86%     -   24s
     0     0 2.1779e+08    0   67 2.1381e+08 2.1779e+08  1.86%     -   25s
     0     0 2.1779e+08    0   72 2.1381e+08 2.1779e+08  1.86%     -   25s
     0     0 2.1779e+08    0   69 2.1381e+08 2.1779e+08  1.86%     -   25s
     0     0 2.1779e+08    0   69 2.1381e+08 2.1779e+08  1.86%     -   26s
     0     0 2.1779e+08    0   74 2.1381e+08 2.1779e+08  1.86%     -   29s
H    0     0                    2.147745e+08 2.1779e+08  1.40%     -   32s
     0     0 2.1777e+08    0   79 2.1477e+08 2.1777e+08  1.40%     -   33s
     0     0 2.1775e+08    0   43 2.1477e+08 2.1775e+08  1.38%     -   38s
     0     0 2.1775e+08    0   49 2.1477e+08 2.1775e+08  1.38%     -   38s
     0     0 2.1775e+08    0   54 2.1477e+08 2.1775e+08  1.38%     -   39s
     0     0 2.1775e+08    0   48 2.1477e+08 2.1775e+08  1.38%     -   39s
     0     0 2.1775e+08    0   50 2.1477e+08 2.1775e+08  1.38%     -   40s
     0     0 2.1775e+08    0   49 2.1477e+08 2.1775e+08  1.38%     -   40s
     0     0 2.1775e+08    0   64 2.1477e+08 2.1775e+08  1.38%     -   40s
     0     0 2.1775e+08    0   65 2.1477e+08 2.1775e+08  1.38%     -   40s
     0     0 2.1775e+08    0   78 2.1477e+08 2.1775e+08  1.38%     -   40s
     0     0 2.1775e+08    0   73 2.1477e+08 2.1775e+08  1.38%     -   41s
     0     0 2.1775e+08    0   78 2.1477e+08 2.1775e+08  1.38%     -   44s
H    0     0                    2.147745e+08 2.1775e+08  1.38%     -   46s
     0     0 2.1775e+08    0   72 2.1477e+08 2.1775e+08  1.38%     -   48s
H    0     0                    2.149002e+08 2.1775e+08  1.33%     -   54s
H    0     0                    2.150042e+08 2.1775e+08  1.28%     -   55s
     0     0 2.1774e+08    0   71 2.1500e+08 2.1774e+08  1.27%     -   55s
     0     0 2.1774e+08    0   71 2.1500e+08 2.1774e+08  1.27%     -   55s
     0     0 2.1774e+08    0   72 2.1500e+08 2.1774e+08  1.27%     -   55s
     0     0 2.1774e+08    0   76 2.1500e+08 2.1774e+08  1.27%     -   55s
     0     0 2.1774e+08    0   78 2.1500e+08 2.1774e+08  1.27%     -   55s
     0     0 2.1774e+08    0   79 2.1500e+08 2.1774e+08  1.27%     -   56s
     0     0 2.1774e+08    0   80 2.1500e+08 2.1774e+08  1.27%     -   56s
     0     0 2.1774e+08    0   76 2.1500e+08 2.1774e+08  1.27%     -   56s
     0     0 2.1774e+08    0   76 2.1500e+08 2.1774e+08  1.27%     -   56s
     0     0 2.1774e+08    0   76 2.1500e+08 2.1774e+08  1.27%     -   56s
     0     0 2.1774e+08    0   74 2.1500e+08 2.1774e+08  1.27%     -   57s
     0     2 2.1774e+08    0   73 2.1500e+08 2.1774e+08  1.27%     -   58s
    10    13 2.1774e+08    4   69 2.1500e+08 2.1774e+08  1.27%   127   60s

Cutting planes:
  Cover: 14
  Implied bound: 12
  Clique: 4
  MIR: 17
  Flow cover: 24
  GUB cover: 2
  Network: 4
  RLT: 3
  Relax-and-lift: 13

Explored 14 nodes (21898 simplex iterations) in 60.02 seconds (36.77 work units)
Thread count was 8 (of 8 available processors)

Solution count 7: 2.15004e+08 2.149e+08 2.14775e+08 ... 2.1258e+08

Time limit reached
Best objective 2.150041526944e+08, best bound 2.177382750465e+08, gap 1.2717%

Gurobi 9.5.2 (mac64[x86]) logging started Wed Feb 22 18:01:46 2023

Set parameter LogFile to value "logFiles/A-1L-60D/A-1L-6U-11F-7V-60D-a.log"
Gurobi Optimizer version 9.5.2 build v9.5.2rc0 (mac64[x86])
Thread count: 4 physical cores, 8 logical processors, using up to 8 threads
Optimize a model with 5250 rows, 45943 columns and 377217 nonzeros
Model fingerprint: 0xa60d9c55
Variable types: 620 continuous, 45323 integer (45323 binary)
Coefficient statistics:
  Matrix range     [1e+00, 2e+05]
  Objective range  [4e+01, 2e+07]
  Bounds range     [1e+00, 1e+00]
  RHS range        [1e+00, 5e+05]
Presolve removed 2701 rows and 7493 columns
Presolve time: 1.29s
Presolved: 2549 rows, 38450 columns, 280009 nonzeros
Variable types: 609 continuous, 37841 integer (37837 binary)

Root relaxation: objective 2.191064e+08, 5573 iterations, 1.09 seconds (1.05 work units)

    Nodes    |    Current Node    |     Objective Bounds      |     Work
 Expl Unexpl |  Obj  Depth IntInf | Incumbent    BestBd   Gap | It/Node Time

     0     0 2.1911e+08    0   71          - 2.1911e+08      -     -    3s
H    0     0                    2.125805e+08 2.1911e+08  3.07%     -    8s
     0     0 2.1779e+08    0   64 2.1258e+08 2.1779e+08  2.45%     -    9s
H    0     0                    2.137371e+08 2.1779e+08  1.90%     -   17s
     0     0 2.1779e+08    0   63 2.1374e+08 2.1779e+08  1.90%     -   18s
     0     0 2.1779e+08    0   60 2.1374e+08 2.1779e+08  1.90%     -   18s
H    0     0                    2.138087e+08 2.1779e+08  1.86%     -   23s
     0     0 2.1779e+08    0   59 2.1381e+08 2.1779e+08  1.86%     -   23s
     0     0 2.1779e+08    0   60 2.1381e+08 2.1779e+08  1.86%     -   23s
     0     0 2.1779e+08    0   73 2.1381e+08 2.1779e+08  1.86%     -   24s
     0     0 2.1779e+08    0   74 2.1381e+08 2.1779e+08  1.86%     -   24s
     0     0 2.1779e+08    0   70 2.1381e+08 2.1779e+08  1.86%     -   24s
     0     0 2.1779e+08    0   72 2.1381e+08 2.1779e+08  1.86%     -   24s
     0     0 2.1779e+08    0   80 2.1381e+08 2.1779e+08  1.86%     -   24s
     0     0 2.1779e+08    0   74 2.1381e+08 2.1779e+08  1.86%     -   25s
     0     0 2.1779e+08    0   76 2.1381e+08 2.1779e+08  1.86%     -   25s
     0     0 2.1779e+08    0   79 2.1381e+08 2.1779e+08  1.86%     -   25s
     0     0 2.1779e+08    0   80 2.1381e+08 2.1779e+08  1.86%     -   25s
     0     0 2.1779e+08    0   80 2.1381e+08 2.1779e+08  1.86%     -   25s
     0     0 2.1779e+08    0   80 2.1381e+08 2.1779e+08  1.86%     -   25s
     0     0 2.1779e+08    0   67 2.1381e+08 2.1779e+08  1.86%     -   26s
     0     0 2.1779e+08    0   72 2.1381e+08 2.1779e+08  1.86%     -   26s
     0     0 2.1779e+08    0   69 2.1381e+08 2.1779e+08  1.86%     -   26s
     0     0 2.1779e+08    0   69 2.1381e+08 2.1779e+08  1.86%     -   28s
     0     0 2.1779e+08    0   74 2.1381e+08 2.1779e+08  1.86%     -   30s
H    0     0                    2.147745e+08 2.1779e+08  1.40%     -   33s
     0     0 2.1777e+08    0   79 2.1477e+08 2.1777e+08  1.40%     -   34s
     0     0 2.1775e+08    0   43 2.1477e+08 2.1775e+08  1.38%     -   39s
     0     0 2.1775e+08    0   49 2.1477e+08 2.1775e+08  1.38%     -   39s
     0     0 2.1775e+08    0   54 2.1477e+08 2.1775e+08  1.38%     -   40s
     0     0 2.1775e+08    0   48 2.1477e+08 2.1775e+08  1.38%     -   41s
     0     0 2.1775e+08    0   50 2.1477e+08 2.1775e+08  1.38%     -   41s
     0     0 2.1775e+08    0   49 2.1477e+08 2.1775e+08  1.38%     -   41s
     0     0 2.1775e+08    0   64 2.1477e+08 2.1775e+08  1.38%     -   41s
     0     0 2.1775e+08    0   65 2.1477e+08 2.1775e+08  1.38%     -   41s
     0     0 2.1775e+08    0   78 2.1477e+08 2.1775e+08  1.38%     -   41s
     0     0 2.1775e+08    0   73 2.1477e+08 2.1775e+08  1.38%     -   43s
     0     0 2.1775e+08    0   78 2.1477e+08 2.1775e+08  1.38%     -   45s
H    0     0                    2.147745e+08 2.1775e+08  1.38%     -   47s
     0     0 2.1775e+08    0   72 2.1477e+08 2.1775e+08  1.38%     -   48s
H    0     0                    2.149002e+08 2.1775e+08  1.33%     -   52s
H    0     0                    2.150042e+08 2.1775e+08  1.28%     -   52s
     0     0 2.1774e+08    0   71 2.1500e+08 2.1774e+08  1.27%     -   52s
     0     0 2.1774e+08    0   71 2.1500e+08 2.1774e+08  1.27%     -   53s
     0     0 2.1774e+08    0   72 2.1500e+08 2.1774e+08  1.27%     -   53s
     0     0 2.1774e+08    0   76 2.1500e+08 2.1774e+08  1.27%     -   53s
     0     0 2.1774e+08    0   78 2.1500e+08 2.1774e+08  1.27%     -   53s
     0     0 2.1774e+08    0   79 2.1500e+08 2.1774e+08  1.27%     -   53s
     0     0 2.1774e+08    0   80 2.1500e+08 2.1774e+08  1.27%     -   54s
     0     0 2.1774e+08    0   76 2.1500e+08 2.1774e+08  1.27%     -   54s
     0     0 2.1774e+08    0   76 2.1500e+08 2.1774e+08  1.27%     -   54s
     0     0 2.1774e+08    0   76 2.1500e+08 2.1774e+08  1.27%     -   54s
     0     0 2.1774e+08    0   74 2.1500e+08 2.1774e+08  1.27%     -   55s
     0     2 2.1774e+08    0   73 2.1500e+08 2.1774e+08  1.27%     -   55s
H   30    30                    2.150930e+08 2.1774e+08  1.23%  64.3   59s
    31    33 2.1774e+08   10   58 2.1509e+08 2.1774e+08  1.23%  63.3   60s

Cutting planes:
  Cover: 14
  Implied bound: 12
  Clique: 4
  MIR: 17
  Flow cover: 24
  GUB cover: 2
  Network: 4
  RLT: 3
  Relax-and-lift: 13

Explored 34 nodes (22543 simplex iterations) in 60.03 seconds (39.21 work units)
Thread count was 8 (of 8 available processors)

Solution count 8: 2.15093e+08 2.15004e+08 2.149e+08 ... 2.1258e+08

Time limit reached
Best objective 2.150930264445e+08, best bound 2.177380870182e+08, gap 1.2297%

Gurobi 9.5.2 (mac64[x86]) logging started Wed Feb 22 18:03:12 2023

Set parameter LogFile to value "logFiles/A-1L-60D/A-1L-6U-11F-7V-60D-a.log"
Gurobi Optimizer version 9.5.2 build v9.5.2rc0 (mac64[x86])
Thread count: 4 physical cores, 8 logical processors, using up to 8 threads
Optimize a model with 5498 rows, 46067 columns and 377589 nonzeros
Model fingerprint: 0xe9d3145f
Variable types: 744 continuous, 45323 integer (45323 binary)
Coefficient statistics:
  Matrix range     [1e+00, 2e+05]
  Objective range  [4e+01, 2e+07]
  Bounds range     [1e+00, 1e+00]
  RHS range        [1e+00, 5e+05]
Presolve removed 2949 rows and 7496 columns
Presolve time: 1.25s
Presolved: 2549 rows, 38571 columns, 280130 nonzeros
Variable types: 730 continuous, 37841 integer (37837 binary)

Root relaxation: objective 2.191064e+08, 8109 iterations, 0.95 seconds (0.93 work units)

    Nodes    |    Current Node    |     Objective Bounds      |     Work
 Expl Unexpl |  Obj  Depth IntInf | Incumbent    BestBd   Gap | It/Node Time

     0     0 2.1911e+08    0   70          - 2.1911e+08      -     -    2s
H    0     0                    2.027601e+08 2.1911e+08  8.06%     -    4s
H    0     0                    2.034398e+08 2.1911e+08  7.70%     -    6s
H    0     0                    2.044648e+08 2.1911e+08  7.16%     -    7s
H    0     0                    2.123226e+08 2.1835e+08  2.84%     -    8s
     0     0 2.1835e+08    0   65 2.1232e+08 2.1835e+08  2.84%     -    8s
H    0     0                    2.139509e+08 2.1835e+08  2.06%     -   18s
H    0     0                    2.139933e+08 2.1835e+08  2.04%     -   18s
     0     0 2.1779e+08    0   65 2.1399e+08 2.1779e+08  1.78%     -   18s
     0     0 2.1779e+08    0   65 2.1399e+08 2.1779e+08  1.78%     -   19s
     0     0 2.1779e+08    0   69 2.1399e+08 2.1779e+08  1.78%     -   19s
     0     0 2.1779e+08    0   64 2.1399e+08 2.1779e+08  1.78%     -   19s
     0     0 2.1779e+08    0   71 2.1399e+08 2.1779e+08  1.78%     -   22s
     0     0 2.1779e+08    0   63 2.1399e+08 2.1779e+08  1.78%     -   23s
H    0     0                    2.140322e+08 2.1779e+08  1.76%     -   26s
     0     0 2.1779e+08    0   75 2.1403e+08 2.1779e+08  1.76%     -   26s
     0     0 2.1779e+08    0   72 2.1403e+08 2.1779e+08  1.76%     -   26s
     0     0 2.1779e+08    0   66 2.1403e+08 2.1779e+08  1.76%     -   27s
     0     0 2.1779e+08    0   72 2.1403e+08 2.1779e+08  1.76%     -   27s
     0     0 2.1779e+08    0   76 2.1403e+08 2.1779e+08  1.76%     -   27s
     0     0 2.1779e+08    0   75 2.1403e+08 2.1779e+08  1.76%     -   27s
H    0     0                    2.141275e+08 2.1779e+08  1.71%     -   30s
H    0     0                    2.141751e+08 2.1779e+08  1.69%     -   31s
     0     0 2.1779e+08    0   75 2.1418e+08 2.1779e+08  1.69%     -   31s
     0     0 2.1779e+08    0   77 2.1418e+08 2.1779e+08  1.69%     -   31s
     0     0 2.1777e+08    0   70 2.1418e+08 2.1777e+08  1.68%     -   32s
     0     0 2.1777e+08    0   68 2.1418e+08 2.1777e+08  1.68%     -   32s
     0     0 2.1774e+08    0   74 2.1418e+08 2.1774e+08  1.67%     -   37s
     0     0 2.1774e+08    0   71 2.1418e+08 2.1774e+08  1.67%     -   41s
     0     0 2.1774e+08    0   71 2.1418e+08 2.1774e+08  1.67%     -   46s
     0     0 2.1774e+08    0   72 2.1418e+08 2.1774e+08  1.67%     -   47s
     0     0 2.1774e+08    0   73 2.1418e+08 2.1774e+08  1.67%     -   47s
     0     0 2.1774e+08    0   72 2.1418e+08 2.1774e+08  1.67%     -   47s
     0     0 2.1774e+08    0   72 2.1418e+08 2.1774e+08  1.67%     -   47s
     0     0 2.1774e+08    0   69 2.1418e+08 2.1774e+08  1.67%     -   47s
     0     0 2.1774e+08    0   63 2.1418e+08 2.1774e+08  1.67%     -   48s
H    0     0                    2.145941e+08 2.1771e+08  1.45%     -   54s
     0     2 2.1771e+08    0   58 2.1459e+08 2.1771e+08  1.45%     -   54s
     1     3 2.1771e+08    1   51 2.1459e+08 2.1771e+08  1.45%   432   55s
   114   116 2.1771e+08   38   53 2.1459e+08 2.1771e+08  1.45%  34.8   60s
H  116   116                    2.150870e+08 2.1771e+08  1.22%  34.6   60s
H  117   116                    2.150933e+08 2.1771e+08  1.22%  34.4   60s

Cutting planes:
  Cover: 10
  Implied bound: 22
  MIR: 23
  Flow cover: 45
  GUB cover: 2
  Network: 3
  RLT: 7
  Relax-and-lift: 5

Explored 118 nodes (26408 simplex iterations) in 60.39 seconds (42.84 work units)
Thread count was 8 (of 8 available processors)

Solution count 10: 2.15093e+08 2.15087e+08 2.14594e+08 ... 2.04465e+08

Time limit reached
Best objective 2.150933269282e+08, best bound 2.177125403038e+08, gap 1.2177%

Gurobi 9.5.2 (mac64[x86]) logging started Wed Feb 22 18:12:45 2023

Set parameter LogFile to value "logFiles/A-1L-60D/A-1L-6U-11F-7V-60D-a.log"
Gurobi Optimizer version 9.5.2 build v9.5.2rc0 (mac64[x86])
Thread count: 4 physical cores, 8 logical processors, using up to 8 threads
Optimize a model with 5250 rows, 45943 columns and 377217 nonzeros
Model fingerprint: 0x6bc31367
Variable types: 620 continuous, 45323 integer (45323 binary)
Coefficient statistics:
  Matrix range     [1e+00, 2e+05]
  Objective range  [4e+01, 2e+07]
  Bounds range     [1e+00, 1e+00]
  RHS range        [1e+00, 5e+05]
Presolve removed 2701 rows and 7493 columns
Presolve time: 1.19s
Presolved: 2549 rows, 38450 columns, 280009 nonzeros
Variable types: 609 continuous, 37841 integer (37837 binary)

Root relaxation: objective 2.191064e+08, 5573 iterations, 1.01 seconds (1.05 work units)

    Nodes    |    Current Node    |     Objective Bounds      |     Work
 Expl Unexpl |  Obj  Depth IntInf | Incumbent    BestBd   Gap | It/Node Time

     0     0 2.1911e+08    0   71          - 2.1911e+08      -     -    2s
H    0     0                    2.125805e+08 2.1911e+08  3.07%     -    9s
     0     0 2.1779e+08    0   64 2.1258e+08 2.1779e+08  2.45%     -   10s
H    0     0                    2.137371e+08 2.1779e+08  1.90%     -   18s
     0     0 2.1779e+08    0   63 2.1374e+08 2.1779e+08  1.90%     -   18s
     0     0 2.1779e+08    0   60 2.1374e+08 2.1779e+08  1.90%     -   19s
H    0     0                    2.138087e+08 2.1779e+08  1.86%     -   23s
     0     0 2.1779e+08    0   59 2.1381e+08 2.1779e+08  1.86%     -   23s
     0     0 2.1779e+08    0   60 2.1381e+08 2.1779e+08  1.86%     -   23s
     0     0 2.1779e+08    0   73 2.1381e+08 2.1779e+08  1.86%     -   24s
     0     0 2.1779e+08    0   74 2.1381e+08 2.1779e+08  1.86%     -   24s
     0     0 2.1779e+08    0   70 2.1381e+08 2.1779e+08  1.86%     -   24s
     0     0 2.1779e+08    0   72 2.1381e+08 2.1779e+08  1.86%     -   24s
     0     0 2.1779e+08    0   80 2.1381e+08 2.1779e+08  1.86%     -   25s
     0     0 2.1779e+08    0   74 2.1381e+08 2.1779e+08  1.86%     -   25s
     0     0 2.1779e+08    0   76 2.1381e+08 2.1779e+08  1.86%     -   25s
     0     0 2.1779e+08    0   79 2.1381e+08 2.1779e+08  1.86%     -   25s
     0     0 2.1779e+08    0   80 2.1381e+08 2.1779e+08  1.86%     -   25s
     0     0 2.1779e+08    0   80 2.1381e+08 2.1779e+08  1.86%     -   26s
     0     0 2.1779e+08    0   80 2.1381e+08 2.1779e+08  1.86%     -   26s
     0     0 2.1779e+08    0   67 2.1381e+08 2.1779e+08  1.86%     -   26s
     0     0 2.1779e+08    0   72 2.1381e+08 2.1779e+08  1.86%     -   26s
     0     0 2.1779e+08    0   69 2.1381e+08 2.1779e+08  1.86%     -   27s
     0     0 2.1779e+08    0   69 2.1381e+08 2.1779e+08  1.86%     -   28s
     0     0 2.1779e+08    0   74 2.1381e+08 2.1779e+08  1.86%     -   31s
H    0     0                    2.147745e+08 2.1779e+08  1.40%     -   34s
     0     0 2.1777e+08    0   79 2.1477e+08 2.1777e+08  1.40%     -   35s
     0     0 2.1775e+08    0   43 2.1477e+08 2.1775e+08  1.38%     -   41s
     0     0 2.1775e+08    0   49 2.1477e+08 2.1775e+08  1.38%     -   41s
     0     0 2.1775e+08    0   54 2.1477e+08 2.1775e+08  1.38%     -   42s
     0     0 2.1775e+08    0   48 2.1477e+08 2.1775e+08  1.38%     -   43s
     0     0 2.1775e+08    0   50 2.1477e+08 2.1775e+08  1.38%     -   43s
     0     0 2.1775e+08    0   49 2.1477e+08 2.1775e+08  1.38%     -   43s
     0     0 2.1775e+08    0   64 2.1477e+08 2.1775e+08  1.38%     -   43s
     0     0 2.1775e+08    0   65 2.1477e+08 2.1775e+08  1.38%     -   43s
     0     0 2.1775e+08    0   78 2.1477e+08 2.1775e+08  1.38%     -   44s
     0     0 2.1775e+08    0   73 2.1477e+08 2.1775e+08  1.38%     -   45s
     0     0 2.1775e+08    0   78 2.1477e+08 2.1775e+08  1.38%     -   47s
H    0     0                    2.147745e+08 2.1775e+08  1.38%     -   51s
     0     0 2.1775e+08    0   72 2.1477e+08 2.1775e+08  1.38%     -   51s
H    0     0                    2.149002e+08 2.1775e+08  1.33%     -   58s
H    0     0                    2.150042e+08 2.1775e+08  1.28%     -   58s
     0     0 2.1774e+08    0   71 2.1500e+08 2.1774e+08  1.27%     -   58s
     0     0 2.1774e+08    0   71 2.1500e+08 2.1774e+08  1.27%     -   59s
     0     0 2.1774e+08    0   72 2.1500e+08 2.1774e+08  1.27%     -   59s
     0     0 2.1774e+08    0   76 2.1500e+08 2.1774e+08  1.27%     -   59s
     0     0 2.1774e+08    0   78 2.1500e+08 2.1774e+08  1.27%     -   59s
     0     0 2.1774e+08    0   79 2.1500e+08 2.1774e+08  1.27%     -   59s
     0     0 2.1774e+08    0   80 2.1500e+08 2.1774e+08  1.27%     -   60s
     0     0 2.1774e+08    0   76 2.1500e+08 2.1774e+08  1.27%     -   60s
     0     0 2.1774e+08    0   76 2.1500e+08 2.1774e+08  1.27%     -   60s
     0     0 2.1774e+08    0   76 2.1500e+08 2.1774e+08  1.27%     -   60s
     0     0 2.1774e+08    0   74 2.1500e+08 2.1774e+08  1.27%     -   61s
     0     2 2.1774e+08    0   73 2.1500e+08 2.1774e+08  1.27%     -   61s
    22    26 2.1774e+08    7   47 2.1500e+08 2.1774e+08  1.27%  73.0   65s
H   30    30                    2.150930e+08 2.1774e+08  1.23%  64.3   67s
    86    92 2.1773e+08   21   51 2.1509e+08 2.1774e+08  1.23%  36.8   70s
   121   136 2.1772e+08   26   52 2.1509e+08 2.1774e+08  1.23%  31.4   76s
H  195   213                    2.150930e+08 2.1774e+08  1.23%  26.8   79s
H  209   213                    2.151096e+08 2.1774e+08  1.22%  25.8   79s
   221   264 2.1771e+08   40   54 2.1511e+08 2.1774e+08  1.22%  25.5   80s
H  591   526                    2.152795e+08 2.1774e+08  1.14%  18.8   87s
H  595   530                    2.152795e+08 2.1774e+08  1.14%  18.6   92s
H  597   530                    2.152965e+08 2.1774e+08  1.13%  18.6   92s
   884   867 2.1762e+08  233   43 2.1530e+08 2.1774e+08  1.13%  14.2   95s
  1548  1385 2.1760e+08  429   39 2.1530e+08 2.1774e+08  1.13%   9.7  100s
  2010  1689 2.1759e+08  545   41 2.1530e+08 2.1774e+08  1.13%   9.3  107s
H 2012  1689                    2.152965e+08 2.1774e+08  1.13%   9.3  107s
  2233  1936 2.1758e+08  599   35 2.1530e+08 2.1774e+08  1.13%   9.4  110s
  3153  2730 2.1756e+08  772   34 2.1530e+08 2.1774e+08  1.13%   8.8  115s
  3495  3013 2.1755e+08  856   37 2.1530e+08 2.1774e+08  1.13%   8.7  120s
  4216  3483 2.1750e+08  971   35 2.1530e+08 2.1774e+08  1.13%   8.5  125s
  5114  3943 2.1763e+08   56   69 2.1530e+08 2.1774e+08  1.13%   8.5  135s
  5117  3945 2.1716e+08  834   50 2.1530e+08 2.1774e+08  1.13%   8.5  140s
  5133  3956 2.1603e+08 1292   81 2.1530e+08 2.1746e+08  1.01%   8.4  145s
  5151  3968 2.1744e+08  849   95 2.1530e+08 2.1744e+08  1.00%   8.4  150s
H 5163  3776                    2.152965e+08 2.1744e+08  1.00%   8.4  154s
  5165  3777 2.1710e+08  251   88 2.1530e+08 2.1744e+08  1.00%   8.4  155s
  5176  3786 2.1629e+08  758   62 2.1530e+08 2.1744e+08  1.00%  10.6  161s
  5183  3791 2.1604e+08  916   84 2.1530e+08 2.1744e+08  1.00%  10.6  167s
  5188  3794 2.1735e+08   88   93 2.1530e+08 2.1744e+08  0.99%  10.6  170s
  5199  3801 2.1744e+08  919   91 2.1530e+08 2.1744e+08  0.99%  10.6  175s
  5202  3806 2.1739e+08   21   80 2.1530e+08 2.1739e+08  0.97%  12.3  183s
  5204  3810 2.1739e+08   22   77 2.1530e+08 2.1739e+08  0.97%  12.3  185s
  5230  3823 2.1739e+08   26   64 2.1530e+08 2.1739e+08  0.97%  13.4  199s
H 5232  3631                    2.152965e+08 2.1739e+08  0.97%  13.4  199s
  5234  3635 2.1569e+08   26   68 2.1530e+08 2.1739e+08  0.97%  13.6  201s
  5287  3674 2.1739e+08   33   71 2.1530e+08 2.1739e+08  0.97%  14.6  205s
  5381  3741 2.1739e+08   40   56 2.1530e+08 2.1739e+08  0.97%  16.3  210s
  5568  3871 2.1739e+08   56   66 2.1530e+08 2.1739e+08  0.97%  18.6  215s
  5719  3971 2.1738e+08   69   52 2.1530e+08 2.1739e+08  0.97%  20.2  220s
H 5757  3785                    2.153666e+08 2.1739e+08  0.94%  20.7  224s
  5765  3823 2.1737e+08   73   59 2.1537e+08 2.1739e+08  0.94%  20.8  225s
  5921  3931 2.1735e+08   92   58 2.1537e+08 2.1739e+08  0.94%  22.4  234s
  5970  3950 2.1735e+08   95   54 2.1537e+08 2.1739e+08  0.94%  22.9  239s
  6008  3967 2.1735e+08   96   48 2.1537e+08 2.1739e+08  0.94%  23.1  244s
  6043  3987 2.1735e+08   97   48 2.1537e+08 2.1739e+08  0.94%  23.5  250s
  6132  4027 2.1717e+08  101   52 2.1537e+08 2.1739e+08  0.94%  24.6  258s
  6173  4051 2.1734e+08  104   59 2.1537e+08 2.1739e+08  0.94%  25.0  262s
  6266  4108 2.1731e+08  111   58 2.1537e+08 2.1739e+08  0.94%  26.1  266s
  6408  4184 2.1733e+08  128   55 2.1537e+08 2.1739e+08  0.94%  27.1  270s
  6550  4247 2.1725e+08  146   43 2.1537e+08 2.1739e+08  0.94%  27.8  275s
  6736  4428 2.1707e+08  170   44 2.1537e+08 2.1739e+08  0.94%  28.7  280s
  6883  4408 2.1729e+08  185   53 2.1537e+08 2.1739e+08  0.94%  28.9  288s
  6915  4503 2.1729e+08  189   50 2.1537e+08 2.1739e+08  0.94%  29.0  295s
  7028  4532 2.1729e+08  193   57 2.1537e+08 2.1739e+08  0.94%  29.3  300s
H 7061  4349                    2.153666e+08 2.1739e+08  0.94%  29.7  300s

Cutting planes:
  Gomory: 5
  Cover: 10
  Implied bound: 6
  MIR: 20
  Flow cover: 18
  GUB cover: 2
  RLT: 1
  Relax-and-lift: 21

Explored 7097 nodes (231469 simplex iterations) in 300.19 seconds (350.73 work units)
Thread count was 8 (of 8 available processors)

Solution count 10: 2.15367e+08 2.15367e+08 2.15296e+08 ... 2.15004e+08

Time limit reached
Best objective 2.153665989801e+08, best bound 2.173944602787e+08, gap 0.9416%

Gurobi 9.5.2 (mac64[x86]) logging started Wed Feb 22 18:17:59 2023

Set parameter LogFile to value "logFiles/A-1L-60D/A-1L-6U-11F-7V-60D-a.log"
Gurobi Optimizer version 9.5.2 build v9.5.2rc0 (mac64[x86])
Thread count: 4 physical cores, 8 logical processors, using up to 8 threads
Optimize a model with 5498 rows, 46067 columns and 377589 nonzeros
Model fingerprint: 0xdccbf99d
Variable types: 744 continuous, 45323 integer (45323 binary)
Coefficient statistics:
  Matrix range     [1e+00, 2e+05]
  Objective range  [4e+01, 2e+07]
  Bounds range     [1e+00, 1e+00]
  RHS range        [1e+00, 5e+05]
Presolve removed 2949 rows and 7496 columns
Presolve time: 1.16s
Presolved: 2549 rows, 38571 columns, 280130 nonzeros
Variable types: 730 continuous, 37841 integer (37837 binary)

Root relaxation: objective 2.191064e+08, 8109 iterations, 0.94 seconds (0.93 work units)

    Nodes    |    Current Node    |     Objective Bounds      |     Work
 Expl Unexpl |  Obj  Depth IntInf | Incumbent    BestBd   Gap | It/Node Time

     0     0 2.1911e+08    0   70          - 2.1911e+08      -     -    2s
H    0     0                    2.027601e+08 2.1911e+08  8.06%     -    4s
H    0     0                    2.034398e+08 2.1911e+08  7.70%     -    6s
H    0     0                    2.044648e+08 2.1911e+08  7.16%     -    7s
H    0     0                    2.123226e+08 2.1835e+08  2.84%     -    7s
     0     0 2.1835e+08    0   65 2.1232e+08 2.1835e+08  2.84%     -    8s
H    0     0                    2.139509e+08 2.1835e+08  2.06%     -   17s
H    0     0                    2.139933e+08 2.1835e+08  2.04%     -   17s
     0     0 2.1779e+08    0   65 2.1399e+08 2.1779e+08  1.78%     -   17s
     0     0 2.1779e+08    0   65 2.1399e+08 2.1779e+08  1.78%     -   18s
     0     0 2.1779e+08    0   69 2.1399e+08 2.1779e+08  1.78%     -   18s
     0     0 2.1779e+08    0   64 2.1399e+08 2.1779e+08  1.78%     -   19s
     0     0 2.1779e+08    0   71 2.1399e+08 2.1779e+08  1.78%     -   22s
     0     0 2.1779e+08    0   63 2.1399e+08 2.1779e+08  1.78%     -   23s
H    0     0                    2.140322e+08 2.1779e+08  1.76%     -   25s
     0     0 2.1779e+08    0   75 2.1403e+08 2.1779e+08  1.76%     -   25s
     0     0 2.1779e+08    0   72 2.1403e+08 2.1779e+08  1.76%     -   25s
     0     0 2.1779e+08    0   66 2.1403e+08 2.1779e+08  1.76%     -   26s
     0     0 2.1779e+08    0   72 2.1403e+08 2.1779e+08  1.76%     -   26s
     0     0 2.1779e+08    0   76 2.1403e+08 2.1779e+08  1.76%     -   26s
     0     0 2.1779e+08    0   75 2.1403e+08 2.1779e+08  1.76%     -   26s
H    0     0                    2.141275e+08 2.1779e+08  1.71%     -   29s
H    0     0                    2.141751e+08 2.1779e+08  1.69%     -   29s
     0     0 2.1779e+08    0   75 2.1418e+08 2.1779e+08  1.69%     -   29s
     0     0 2.1779e+08    0   77 2.1418e+08 2.1779e+08  1.69%     -   30s
     0     0 2.1777e+08    0   70 2.1418e+08 2.1777e+08  1.68%     -   30s
     0     0 2.1777e+08    0   68 2.1418e+08 2.1777e+08  1.68%     -   31s
     0     0 2.1774e+08    0   74 2.1418e+08 2.1774e+08  1.67%     -   35s
     0     0 2.1774e+08    0   71 2.1418e+08 2.1774e+08  1.67%     -   38s
     0     0 2.1774e+08    0   71 2.1418e+08 2.1774e+08  1.67%     -   43s
     0     0 2.1774e+08    0   72 2.1418e+08 2.1774e+08  1.67%     -   44s
     0     0 2.1774e+08    0   73 2.1418e+08 2.1774e+08  1.67%     -   44s
     0     0 2.1774e+08    0   72 2.1418e+08 2.1774e+08  1.67%     -   44s
     0     0 2.1774e+08    0   72 2.1418e+08 2.1774e+08  1.67%     -   44s
     0     0 2.1774e+08    0   69 2.1418e+08 2.1774e+08  1.67%     -   44s
     0     0 2.1774e+08    0   63 2.1418e+08 2.1774e+08  1.67%     -   45s
H    0     0                    2.145941e+08 2.1771e+08  1.45%     -   50s
     0     2 2.1771e+08    0   58 2.1459e+08 2.1771e+08  1.45%     -   51s
    73   112 2.1771e+08   22   57 2.1459e+08 2.1771e+08  1.45%  43.8   55s
H  114   116                    2.151749e+08 2.1771e+08  1.18%  34.8   61s
   386   556 2.1771e+08  114   59 2.1517e+08 2.1771e+08  1.18%  19.4   67s
   839  1087 2.1769e+08  247   54 2.1517e+08 2.1771e+08  1.18%  14.6   72s
H 1183  1169                    2.152638e+08 2.1771e+08  1.14%  12.6   75s
H 1241  1169                    2.152803e+08 2.1771e+08  1.13%  12.3   75s
  1652  1778 2.1760e+08  473   49 2.1528e+08 2.1771e+08  1.13%  11.4   81s
  1969  1800 2.1759e+08  511   47 2.1528e+08 2.1771e+08  1.13%  10.6   88s
  1997  2214 2.1759e+08  518   49 2.1528e+08 2.1771e+08  1.13%  10.5   92s
  2521  2426 2.1743e+08  627   38 2.1528e+08 2.1771e+08  1.13%   9.4   95s
  3236  2881 2.1619e+08  829   40 2.1528e+08 2.1771e+08  1.13%   8.4  100s
  4075  3572 2.1613e+08 1033   36 2.1528e+08 2.1771e+08  1.13%   7.2  106s
  5105  4045 2.1747e+08  864   64 2.1528e+08 2.1771e+08  1.13%   6.7  116s
  5108  4047 2.1694e+08 1248   72 2.1528e+08 2.1771e+08  1.13%   6.7  120s
H 5108  3844                    2.152803e+08 2.1760e+08  1.08%   6.7  121s
  5116  3849 2.1554e+08 1276   85 2.1528e+08 2.1753e+08  1.05%   6.7  125s
  5135  3862 2.1699e+08  988   92 2.1528e+08 2.1751e+08  1.03%   6.7  130s
  5157  3877 2.1730e+08  566   77 2.1528e+08 2.1746e+08  1.01%   6.6  135s
  5170  3885 2.1742e+08  221   65 2.1528e+08 2.1742e+08  1.00%   6.6  142s
  5173  3889 2.1742e+08   12   80 2.1528e+08 2.1742e+08  1.00%   8.7  147s
  5184  3892 2.1742e+08   14   91 2.1528e+08 2.1742e+08  1.00%   9.1  150s
  5197  3894 2.1742e+08   16   89 2.1528e+08 2.1742e+08  1.00%   9.1  162s
  5220  3899 2.1742e+08   18   74 2.1528e+08 2.1742e+08  1.00%   9.3  165s
  5266  3921 2.1733e+08   20   73 2.1528e+08 2.1742e+08  0.99%  10.0  170s
  5425  3991 2.1741e+08   28   69 2.1528e+08 2.1742e+08  0.99%  11.9  175s
  5691  4128 2.1725e+08   41   51 2.1528e+08 2.1742e+08  0.99%  14.6  180s
  5903  4219 2.1740e+08   52   68 2.1528e+08 2.1742e+08  0.99%  16.4  191s
H 5907  4023                    2.152803e+08 2.1742e+08  0.99%  16.4  191s
  6164  4158 2.1726e+08   61   42 2.1528e+08 2.1742e+08  0.99%  17.9  195s
  6734  4296 2.1739e+08   82   65 2.1528e+08 2.1742e+08  0.99%  19.7  200s
  7366  4339 2.1738e+08  109   66 2.1528e+08 2.1742e+08  0.99%  20.5  205s
  7636  4477 2.1738e+08  120   74 2.1528e+08 2.1742e+08  0.99%  20.8  210s
  8108  4677 2.1734e+08  140   67 2.1528e+08 2.1742e+08  0.99%  21.1  215s
  8377  4829 2.1536e+08  154   44 2.1528e+08 2.1742e+08  0.99%  21.4  220s
  8681  4899 2.1697e+08  173   57 2.1528e+08 2.1742e+08  0.99%  22.1  226s
  8801  4984 2.1718e+08  183   58 2.1528e+08 2.1742e+08  0.99%  22.3  230s
  9119  5116 2.1717e+08  213   57 2.1528e+08 2.1742e+08  0.99%  22.4  237s
  9155  5348 2.1717e+08  218   59 2.1528e+08 2.1742e+08  0.99%  22.4  240s
  9909  5847 2.1666e+08  285   39 2.1528e+08 2.1742e+08  0.99%  21.8  247s
 10275  6005 infeasible  337      2.1528e+08 2.1742e+08  0.99%  21.5  262s
 10686  5895 infeasible  408      2.1528e+08 2.1742e+08  0.99%  21.0  274s
 10831  5901     cutoff  451      2.1528e+08 2.1742e+08  0.99%  21.2  278s
 11163  5870     cutoff  586      2.1528e+08 2.1742e+08  0.99%  21.1  284s
 11462  5886 2.1606e+08  696   16 2.1528e+08 2.1742e+08  0.99%  21.0  290s
 11682  6536 2.1740e+08   35   74 2.1528e+08 2.1741e+08  0.99%  20.9  297s
 12444  6648 2.1674e+08  227   25 2.1528e+08 2.1741e+08  0.99%  20.1  300s

Cutting planes:
  Gomory: 2
  Lift-and-project: 1
  Cover: 25
  Implied bound: 5
  Clique: 5
  MIR: 35
  Flow cover: 40
  GUB cover: 1
  Network: 2
  RLT: 4
  Relax-and-lift: 29

Explored 12866 nodes (274722 simplex iterations) in 300.11 seconds (332.55 work units)
Thread count was 8 (of 8 available processors)

Solution count 10: 2.1528e+08 2.1528e+08 2.1528e+08 ... 2.13993e+08

Time limit reached
Best objective 2.152803250146e+08, best bound 2.174145259592e+08, gap 0.9914%
