
Gurobi 10.0.0 (win64) logging started Mon Mar 13 20:27:55 2023

Set parameter LogFile to value "logFiles/N-1L-90D/N-1L-6U-25F-18V-90D-c-basic.log"
Gurobi Optimizer version 10.0.0 build v10.0.0rc2 (win64)

CPU model: Intel(R) Core(TM) i5-10210U CPU @ 1.60GHz, instruction set [SSE2|AVX|AVX2]
Thread count: 4 physical cores, 8 logical processors, using up to 8 threads

Optimize a model with 20500 rows, 155068 columns and 1155262 nonzeros
Model fingerprint: 0xb587f3df
Variable types: 651 continuous, 154417 integer (154417 binary)
Coefficient statistics:
  Matrix range     [1e+00, 2e+05]
  Objective range  [4e+01, 2e+07]
  Bounds range     [1e+00, 1e+00]
  RHS range        [1e+00, 2e+06]
Presolve removed 13764 rows and 34827 columns
Presolve time: 2.75s
Presolved: 6736 rows, 120241 columns, 816081 nonzeros
Variable types: 663 continuous, 119578 integer (119578 binary)
Deterministic concurrent LP optimizer: primal simplex, dual simplex, and barrier
Showing barrier log only...

Root barrier log...

Ordering time: 0.51s

Barrier statistics:
 AA' NZ     : 2.960e+05
 Factor NZ  : 7.071e+05 (roughly 60 MB of memory)
 Factor Ops : 2.094e+08 (less than 1 second per iteration)
 Threads    : 1

                  Objective                Residual
Iter       Primal          Dual         Primal    Dual     Compl     Time
   0  -1.56985501e+15  2.10543534e+13  7.05e+08 6.57e+05  9.60e+10     5s
   1  -3.81278243e+14  1.71764440e+13  1.73e+08 3.17e+05  2.38e+10     5s
   2  -1.46137035e+13  7.66065053e+12  6.75e+06 1.86e-09  9.63e+08     5s
   3  -4.15533702e+11  1.51415376e+12  1.92e+05 1.86e-09  3.24e+07     6s
   4  -3.61575465e+10  3.59737131e+11  1.70e+04 1.63e-09  3.80e+06     6s
   5  -2.53368781e+10  2.80724382e+11  1.20e+04 1.02e-08  2.75e+06     6s
   6  -1.61997731e+10  1.87630529e+11  7.80e+03 9.55e-09  1.74e+06     6s
   7  -1.12721567e+10  1.25641437e+11  5.54e+03 1.75e-08  1.13e+06     6s
   8  -4.33653823e+09  6.51602034e+10  2.36e+03 6.75e-09  4.88e+05     6s
   9   6.13608746e+07  2.25851345e+10  3.56e+02 1.97e-08  1.15e+05     7s
  10   6.82201646e+08  1.31438988e+10  8.29e+01 2.05e-08  5.61e+04     7s
  11   8.01892341e+08  4.86687176e+09  3.02e+01 1.16e-08  1.83e+04     7s
  12   8.20373543e+08  2.64966314e+09  2.29e+01 4.54e-09  8.76e+03     7s
  13   8.38974020e+08  2.57244193e+09  1.60e+01 7.65e-09  8.02e+03     7s
  14   8.59831979e+08  1.78877964e+09  8.52e+00 3.26e-09  4.30e+03     7s
  15   8.67061753e+08  1.52224167e+09  5.70e+00 3.67e-09  2.99e+03     8s
  16   8.69069575e+08  1.35565437e+09  4.98e+00 3.02e-09  2.23e+03     8s
  17   8.72526434e+08  1.10827972e+09  3.76e+00 2.40e-09  1.09e+03     8s
  18   8.77188116e+08  1.04865919e+09  2.24e+00 2.10e-09  7.71e+02     8s
  19   8.82139644e+08  9.62719003e+08  8.92e-01 1.86e-09  3.49e+02     8s
  20   8.85264668e+08  9.18517347e+08  3.64e-01 1.51e-09  1.40e+02     9s
  21   8.86935956e+08  9.15231409e+08  2.35e-01 1.14e-09  1.19e+02     9s
  22   8.88118961e+08  9.07804773e+08  1.79e-01 1.12e-09  8.22e+01     9s
  23   8.88750626e+08  9.06025019e+08  1.51e-01 1.52e-09  7.21e+01     9s
  24   8.89300438e+08  9.03140085e+08  1.30e-01 1.40e-09  5.77e+01     9s
  25   8.90690070e+08  9.00787777e+08  9.00e-02 1.64e-09  4.20e+01     9s
  26   8.91284694e+08  8.99238212e+08  7.67e-02 1.22e-09  3.31e+01     9s
  27   8.92437706e+08  8.98332822e+08  5.02e-02 9.66e-10  2.45e+01    10s
  28   8.92881858e+08  8.97729153e+08  4.18e-02 1.20e-09  2.01e+01    10s
  29   8.93376138e+08  8.97479795e+08  3.26e-02 1.09e-09  1.70e+01    10s
  30   8.93956484e+08  8.96910804e+08  2.27e-02 1.19e-09  1.23e+01    10s
  31   8.94424723e+08  8.96445149e+08  1.54e-02 1.02e-09  8.39e+00    10s
  32   8.94706897e+08  8.96224744e+08  1.10e-02 1.42e-09  6.30e+00    11s
  33   8.94917988e+08  8.95990666e+08  7.76e-03 1.25e-09  4.45e+00    11s
  34   8.95118963e+08  8.95820742e+08  4.86e-03 1.22e-09  2.91e+00    11s
  35   8.95233866e+08  8.95721849e+08  3.30e-03 1.10e-09  2.03e+00    11s
  36   8.95387000e+08  8.95638946e+08  1.26e-03 1.27e-09  1.05e+00    11s
  37   8.95421806e+08  8.95580912e+08  8.22e-04 1.06e-09  6.61e-01    11s
  38   8.95464939e+08  8.95529735e+08  2.98e-04 1.42e-09  2.69e-01    12s
  39   8.95475760e+08  8.95505250e+08  1.76e-04 1.42e-09  1.22e-01    12s
  40   8.95486961e+08  8.95500957e+08  5.30e-05 1.45e-09  5.82e-02    12s
  41   8.95488375e+08  8.95496525e+08  3.84e-05 1.21e-09  3.39e-02    12s
  42   8.95491581e+08  8.95494730e+08  5.82e-06 1.26e-09  1.31e-02    12s
  43   8.95492204e+08  8.95492558e+08  3.59e-07 1.65e-09  1.47e-03    12s
  44   8.95492238e+08  8.95492280e+08  1.26e-07 1.37e-09  1.75e-04    12s
  45   8.95492255e+08  8.95492257e+08  9.87e-09 1.63e-09  5.97e-06    13s
  46   8.95492257e+08  8.95492257e+08  6.13e-08 1.74e-09  5.51e-08    13s
  47   8.95492257e+08  8.95492257e+08  7.17e-10 1.44e-09  1.81e-11    13s

Barrier solved model in 47 iterations and 12.89 seconds (7.67 work units)
Optimal objective 8.95492257e+08


Root crossover log...

    4351 DPushes remaining with DInf 0.0000000e+00                13s
       0 DPushes remaining with DInf 0.0000000e+00                13s

     526 PPushes remaining with PInf 0.0000000e+00                13s
       0 PPushes remaining with PInf 0.0000000e+00                13s

  Push phase complete: Pinf 0.0000000e+00, Dinf 5.0292349e-02     13s


Root simplex log...

Iteration    Objective       Primal Inf.    Dual Inf.      Time
    4851    8.9549226e+08   0.000000e+00   5.029232e-02     13s
    4852    8.9549226e+08   0.000000e+00   0.000000e+00     13s
Concurrent spin time: 0.01s

Solved with barrier
    4852    8.9549226e+08   0.000000e+00   0.000000e+00     13s

Root relaxation: objective 8.954923e+08, 4852 iterations, 9.82 seconds (3.67 work units)

    Nodes    |    Current Node    |     Objective Bounds      |     Work
 Expl Unexpl |  Obj  Depth IntInf | Incumbent    BestBd   Gap | It/Node Time

     0     0 8.9549e+08    0  324          - 8.9549e+08      -     -   14s
     0     0 8.9548e+08    0  319          - 8.9548e+08      -     -   28s
     0     0 8.9548e+08    0  321          - 8.9548e+08      -     -   29s
     0     0 8.9548e+08    0  311          - 8.9548e+08      -     -   33s
     0     0 8.9548e+08    0  310          - 8.9548e+08      -     -   34s
     0     0 8.9547e+08    0  339          - 8.9547e+08      -     -   37s
     0     0 8.9547e+08    0  359          - 8.9547e+08      -     -   40s
     0     0 8.9547e+08    0  368          - 8.9547e+08      -     -   41s
     0     0 8.9547e+08    0  333          - 8.9547e+08      -     -   42s
     0     0 8.9547e+08    0  361          - 8.9547e+08      -     -   43s
     0     0 8.9547e+08    0  361          - 8.9547e+08      -     -   43s
     0     0 8.9547e+08    0  361          - 8.9547e+08      -     -   43s
     0     0 8.9546e+08    0  379          - 8.9546e+08      -     -   45s
     0     0 8.9546e+08    0  386          - 8.9546e+08      -     -   46s
     0     0 8.9546e+08    0  390          - 8.9546e+08      -     -   46s
     0     0 8.9546e+08    0  391          - 8.9546e+08      -     -   46s
     0     0 8.9546e+08    0  379          - 8.9546e+08      -     -   47s
     0     0 8.9546e+08    0  390          - 8.9546e+08      -     -   48s
     0     0 8.9546e+08    0  390          - 8.9546e+08      -     -   48s
     0     0 8.9546e+08    0  392          - 8.9546e+08      -     -   49s
     0     0 8.9546e+08    0  378          - 8.9546e+08      -     -   50s
     0     0 8.9545e+08    0  378          - 8.9545e+08      -     -   51s
     0     0 8.9545e+08    0  378          - 8.9545e+08      -     -   51s
     0     0 8.9545e+08    0  378          - 8.9545e+08      -     -   52s
     0     0 8.9545e+08    0  387          - 8.9545e+08      -     -   54s
     0     0 8.9545e+08    0  390          - 8.9545e+08      -     -   54s
     0     0 8.9545e+08    0  391          - 8.9545e+08      -     -   55s
     0     0 8.9545e+08    0  389          - 8.9545e+08      -     -   56s
     0     0 8.9545e+08    0  389          - 8.9545e+08      -     -   57s
     0     0 8.9545e+08    0  389          - 8.9545e+08      -     -   57s
     0     0 8.9545e+08    0  387          - 8.9545e+08      -     -   58s
     0     0 8.9545e+08    0  384          - 8.9545e+08      -     -   59s
H    0     0                    8.778113e+08 8.9545e+08  2.01%     -   70s

Cutting planes:
  Cover: 5
  Implied bound: 2
  MIR: 3
  Flow cover: 7
  RLT: 2
  Relax-and-lift: 2

Explored 1 nodes (12344 simplex iterations) in 74.01 seconds (53.80 work units)
Thread count was 8 (of 8 available processors)

Solution count 1: 8.77811e+08 

Solve interrupted
Best objective 8.778112691700e+08, best bound 8.954497655178e+08, gap 2.0094%

Gurobi 10.0.1 (win64) logging started Tue Mar 21 12:21:42 2023

Set parameter LogFile to value "logFiles/N-1L-90D/N-1L-6U-25F-18V-90D-c-basic.log"
Gurobi Optimizer version 10.0.1 build v10.0.1rc0 (win64)

CPU model: Intel(R) Core(TM) i7-10700 CPU @ 2.90GHz, instruction set [SSE2|AVX|AVX2]
Thread count: 8 physical cores, 16 logical processors, using up to 16 threads

Optimize a model with 20518 rows, 155068 columns and 952777 nonzeros
Model fingerprint: 0xc9cb3666
Variable types: 651 continuous, 154417 integer (154417 binary)
Coefficient statistics:
  Matrix range     [1e+00, 2e+05]
  Objective range  [4e+01, 2e+07]
  Bounds range     [1e+00, 1e+00]
  RHS range        [1e+00, 2e+06]
Presolve removed 13767 rows and 34827 columns
Presolve time: 1.43s
Presolved: 6751 rows, 120241 columns, 662440 nonzeros
Variable types: 663 continuous, 119578 integer (119578 binary)
Deterministic concurrent LP optimizer: primal simplex, dual simplex, and barrier
Showing barrier log only...

Root barrier log...

Ordering time: 0.17s

Barrier statistics:
 AA' NZ     : 2.782e+05
 Factor NZ  : 7.109e+05 (roughly 60 MB of memory)
 Factor Ops : 2.167e+08 (less than 1 second per iteration)
 Threads    : 5

                  Objective                Residual
Iter       Primal          Dual         Primal    Dual     Compl     Time
   0  -1.58718579e+15  1.90612943e+13  7.13e+08 6.57e+05  9.71e+10     3s
   1  -3.85502606e+14  1.60753588e+13  1.75e+08 3.16e+05  2.41e+10     3s
   2  -1.50044752e+13  7.90943159e+12  6.93e+06 2.10e-09  9.87e+08     3s
   3  -3.98938159e+11  1.54993932e+12  1.84e+05 1.86e-09  3.15e+07     3s
   4  -6.62453081e+10  4.54585877e+11  3.08e+04 1.40e-09  6.05e+06     3s
   5  -4.45878256e+10  3.27268685e+11  2.08e+04 1.40e-09  4.10e+06     3s
   6  -2.46044238e+10  2.73511853e+11  1.16e+04 5.59e-09  2.64e+06     3s
   7  -1.47891669e+10  2.19025750e+11  7.14e+03 1.40e-08  1.79e+06     3s
   8  -7.14563078e+09  1.54388424e+11  3.64e+03 1.05e-08  1.05e+06     3s
   9  -1.47165597e+09  4.70128620e+10  1.05e+03 2.37e-08  2.82e+05     3s
  10   3.04749906e+08  1.26996999e+10  2.49e+02 1.73e-08  6.49e+04     3s
  11   7.29227810e+08  7.28825823e+09  6.22e+01 1.79e-08  3.03e+04     4s
  12   7.82859103e+08  2.37085927e+09  3.97e+01 5.41e-09  8.68e+03     4s
  13   8.03791285e+08  2.33458332e+09  3.11e+01 5.30e-09  7.99e+03     4s
  14   8.27799677e+08  1.97521341e+09  2.13e+01 5.18e-09  5.87e+03     4s
  15   8.44102483e+08  1.58517793e+09  1.45e+01 3.16e-09  3.80e+03     4s
  16   8.48325444e+08  1.34249580e+09  1.27e+01 2.93e-09  2.65e+03     4s
  17   8.58188929e+08  1.17245469e+09  8.57e+00 2.88e-09  1.68e+03     4s
  18   8.74547755e+08  1.01374669e+09  1.68e+00 2.48e-09  6.32e+02     4s
  19   8.80190168e+08  9.52672267e+08  3.81e-01 1.92e-09  3.09e+02     4s
  20   8.81986045e+08  9.14022496e+08  2.39e-01 1.41e-09  1.35e+02     4s
  21   8.83132233e+08  9.12667014e+08  1.91e-01 1.46e-09  1.24e+02     5s
  22   8.83849625e+08  9.06531775e+08  1.64e-01 1.40e-09  9.50e+01     5s
  23   8.85087584e+08  9.04953291e+08  1.36e-01 1.25e-09  8.31e+01     5s
  24   8.86446945e+08  8.99873817e+08  1.04e-01 1.27e-09  5.60e+01     5s
  25   8.87547957e+08  8.97133765e+08  7.87e-02 1.26e-09  3.99e+01     5s
  26   8.88801850e+08  8.96230386e+08  5.26e-02 1.30e-09  3.09e+01     5s
  27   8.89598000e+08  8.95426649e+08  3.91e-02 1.39e-09  2.42e+01     5s
  28   8.90058212e+08  8.94795274e+08  3.20e-02 1.19e-09  1.97e+01     6s
  29   8.90474034e+08  8.94120247e+08  2.60e-02 1.14e-09  1.52e+01     6s
  30   8.90796756e+08  8.93742148e+08  2.19e-02 1.28e-09  1.22e+01     6s
  31   8.91180899e+08  8.93588052e+08  1.69e-02 1.35e-09  1.00e+01     6s
  32   8.91470470e+08  8.93336131e+08  1.37e-02 1.24e-09  7.75e+00     6s
  33   8.91668678e+08  8.93220970e+08  1.14e-02 1.38e-09  6.45e+00     6s
  34   8.91973192e+08  8.93062015e+08  7.91e-03 1.54e-09  4.52e+00     6s
  35   8.92254473e+08  8.92913491e+08  4.79e-03 1.33e-09  2.74e+00     6s
  36   8.92504499e+08  8.92782081e+08  2.06e-03 1.79e-09  1.15e+00     6s
  37   8.92562922e+08  8.92736999e+08  1.42e-03 1.48e-09  7.23e-01     7s
  38   8.92637482e+08  8.92722457e+08  6.36e-04 1.45e-09  3.53e-01     7s
  39   8.92684747e+08  8.92709348e+08  1.62e-04 1.82e-09  1.02e-01     7s
  40   8.92698135e+08  8.92707263e+08  3.35e-05 1.55e-09  3.79e-02     7s
  41   8.92701448e+08  8.92702964e+08  5.18e-06 1.57e-09  6.30e-03     7s
  42   8.92701948e+08  8.92702432e+08  1.25e-06 1.78e-09  2.01e-03     7s
  43   8.92702075e+08  8.92702250e+08  2.17e-07 1.73e-09  7.30e-04     7s
  44   8.92702107e+08  8.92702132e+08  2.39e-08 1.65e-09  1.03e-04     7s
  45   8.92702110e+08  8.92702110e+08  2.28e-09 2.68e-09  1.53e-06     7s
  46   8.92702110e+08  8.92702110e+08  8.04e-10 2.03e-09  1.82e-10     7s

Barrier solved model in 46 iterations and 7.28 seconds (5.86 work units)
Optimal objective 8.92702110e+08


Root crossover log...

    4293 DPushes remaining with DInf 0.0000000e+00                 7s
       0 DPushes remaining with DInf 0.0000000e+00                 7s

     468 PPushes remaining with PInf 0.0000000e+00                 7s
       0 PPushes remaining with PInf 0.0000000e+00                 7s

  Push phase complete: Pinf 0.0000000e+00, Dinf 2.5949321e+01      7s


Root simplex log...

Iteration    Objective       Primal Inf.    Dual Inf.      Time
    4739    8.9270211e+08   0.000000e+00   2.594932e+01      7s
    4740    8.9270211e+08   0.000000e+00   0.000000e+00      8s
Concurrent spin time: 0.00s

Solved with barrier
    4740    8.9270211e+08   0.000000e+00   0.000000e+00      8s

Root relaxation: objective 8.927021e+08, 4740 iterations, 5.77 seconds (2.53 work units)

    Nodes    |    Current Node    |     Objective Bounds      |     Work
 Expl Unexpl |  Obj  Depth IntInf | Incumbent    BestBd   Gap | It/Node Time

     0     0 8.9270e+08    0  274          - 8.9270e+08      -     -    8s
H    0     0                    8.841056e+08 8.9270e+08  0.97%     -   16s
H    0     0                    8.841402e+08 8.9270e+08  0.97%     -   23s
     0     0 8.9268e+08    0  269 8.8414e+08 8.9268e+08  0.97%     -   29s
     0     0 8.9268e+08    0  268 8.8414e+08 8.9268e+08  0.97%     -   68s
     0     0 8.9268e+08    0  268 8.8414e+08 8.9268e+08  0.97%     -   68s
     0     0 8.9267e+08    0  269 8.8414e+08 8.9267e+08  0.97%     -   70s
     0     0 8.9267e+08    0  269 8.8414e+08 8.9267e+08  0.97%     -   70s
     0     0 8.9267e+08    0  279 8.8414e+08 8.9267e+08  0.97%     -   72s
     0     0 8.9267e+08    0  277 8.8414e+08 8.9267e+08  0.97%     -   73s
     0     0 8.9267e+08    0  277 8.8414e+08 8.9267e+08  0.97%     -   73s
     0     0 8.9266e+08    0  281 8.8414e+08 8.9266e+08  0.96%     -   75s
     0     0 8.9266e+08    0  283 8.8414e+08 8.9266e+08  0.96%     -   75s
     0     0 8.9266e+08    0  276 8.8414e+08 8.9266e+08  0.96%     -   76s
     0     0 8.9266e+08    0  275 8.8414e+08 8.9266e+08  0.96%     -   77s
     0     0 8.9266e+08    0  277 8.8414e+08 8.9266e+08  0.96%     -   78s
     0     0 8.9266e+08    0  269 8.8414e+08 8.9266e+08  0.96%     -   79s
     0     0 8.9266e+08    0  261 8.8414e+08 8.9266e+08  0.96%     -   80s
     0     0 8.9266e+08    0  262 8.8414e+08 8.9266e+08  0.96%     -   80s
     0     0 8.9266e+08    0  257 8.8414e+08 8.9266e+08  0.96%     -   81s
     0     0 8.9266e+08    0  257 8.8414e+08 8.9266e+08  0.96%     -   82s
     0     0 8.9266e+08    0  257 8.8414e+08 8.9266e+08  0.96%     -   83s
     0     0 8.9266e+08    0  261 8.8414e+08 8.9266e+08  0.96%     -   84s
     0     0 8.9266e+08    0  261 8.8414e+08 8.9266e+08  0.96%     -   84s
     0     0 8.9266e+08    0  260 8.8414e+08 8.9266e+08  0.96%     -   85s
     0     0 8.9265e+08    0  269 8.8414e+08 8.9265e+08  0.96%     -   86s
     0     0 8.9265e+08    0  273 8.8414e+08 8.9265e+08  0.96%     -   86s
     0     0 8.9265e+08    0  256 8.8414e+08 8.9265e+08  0.96%     -   88s
     0     0 8.9265e+08    0  239 8.8414e+08 8.9265e+08  0.96%     -   88s
     0     0 8.9264e+08    0  244 8.8414e+08 8.9264e+08  0.96%     -   89s
     0     0 8.9264e+08    0  246 8.8414e+08 8.9264e+08  0.96%     -   89s
     0     0 8.9264e+08    0  248 8.8414e+08 8.9264e+08  0.96%     -   90s
     0     0 8.9264e+08    0  248 8.8414e+08 8.9264e+08  0.96%     -   90s
     0     0 8.9264e+08    0  249 8.8414e+08 8.9264e+08  0.96%     -   91s
     0     0 8.9264e+08    0  244 8.8414e+08 8.9264e+08  0.96%     -   91s
     0     2 8.9264e+08    0  237 8.8414e+08 8.9264e+08  0.96%     -   94s
     1     4 8.9264e+08    1  237 8.8414e+08 8.9264e+08  0.96%  1400   95s
     7    16 8.9264e+08    3  263 8.8414e+08 8.9264e+08  0.96%   325  100s
    23    32 8.9264e+08    4  252 8.8414e+08 8.9264e+08  0.96%   255  107s
    39    48 8.9264e+08    5  266 8.8414e+08 8.9264e+08  0.96%   215  113s
    47    56 8.9264e+08    6  264 8.8414e+08 8.9264e+08  0.96%   254  115s
    55    71 8.9264e+08    7  270 8.8414e+08 8.9264e+08  0.96%   220  121s
H   70    79                    8.870313e+08 8.9264e+08  0.63%   224  133s
H   73    79                    8.876288e+08 8.9264e+08  0.56%   219  133s
H   74    79                    8.876300e+08 8.9264e+08  0.56%   226  133s
H   76    79                    8.893549e+08 8.9264e+08  0.37%   227  134s
    78   130 8.9264e+08    9  275 8.8935e+08 8.9264e+08  0.37%   230  152s
H  129   138                    8.913732e+08 8.9264e+08  0.14%   194  221s
   137   289 8.9264e+08   14  265 8.9137e+08 8.9264e+08  0.14%   194  275s
   288   381 8.9261e+08   25  245 8.9137e+08 8.9264e+08  0.14%   177  338s
H  306   381                    8.914184e+08 8.9264e+08  0.14%   175  338s
H  380  1709                    8.914249e+08 8.9264e+08  0.14%   164  506s
H  570  1709                    8.914331e+08 8.9264e+08  0.14%   134  506s
H 1738  2358                    8.914562e+08 8.9264e+08  0.13%  93.5  560s
  2403  3958 8.9236e+08  268   56 8.9146e+08 8.9264e+08  0.13%  77.6  633s
  4057  5104 8.9229e+08  512   29 8.9146e+08 8.9264e+08  0.13%  56.4  686s
  5261  6196 8.9243e+08   11  114 8.9146e+08 8.9264e+08  0.13%  49.7  737s
  6635  6992 8.9262e+08   15  256 8.9146e+08 8.9264e+08  0.13%  44.8  785s
  7477  6993 8.9233e+08  286  244 8.9146e+08 8.9264e+08  0.13%  44.1  835s
  7479  6994 8.9209e+08  375  280 8.9146e+08 8.9264e+08  0.13%  44.1  845s
H 7479  6644                    8.914587e+08 8.9263e+08  0.13%  44.1  861s
H 7480  6312                    8.914646e+08 8.9263e+08  0.13%  44.1  862s
H 7481  5998                    8.914660e+08 8.9262e+08  0.13%  44.1  864s
  7482  5998 8.9206e+08  506  272 8.9147e+08 8.9262e+08  0.13%  44.0  866s
  7485  6000 8.9252e+08  111  274 8.9147e+08 8.9261e+08  0.13%  44.0  870s
  7486  6001 8.9182e+08  343  259 8.9147e+08 8.9259e+08  0.13%  44.0  885s
  7487  6002 8.9177e+08  437  270 8.9147e+08 8.9258e+08  0.12%  44.0  891s
  7490  6004 8.9232e+08  266  257 8.9147e+08 8.9257e+08  0.12%  44.0  895s
  7493  6006 8.9257e+08   14  275 8.9147e+08 8.9257e+08  0.12%  44.0  904s
  7494  6006 8.9231e+08  324  244 8.9147e+08 8.9257e+08  0.12%  44.0  905s
  7497  6008 8.9159e+08  732  263 8.9147e+08 8.9257e+08  0.12%  44.0  913s
  7498  6009 8.9244e+08  188  268 8.9147e+08 8.9257e+08  0.12%  44.0  915s
  7499  6010 8.9248e+08  168  268 8.9147e+08 8.9257e+08  0.12%  43.9  929s
  7500  6010 8.9257e+08    9  283 8.9147e+08 8.9257e+08  0.12%  43.9  931s
  7504  6014 8.9233e+08  339  244 8.9147e+08 8.9257e+08  0.12%  47.6  935s
H 7505  5714                    8.914787e+08 8.9257e+08  0.12%  47.6  947s
  7506  5714 8.9209e+08  843  281 8.9148e+08 8.9257e+08  0.12%  47.6  950s
  7507  5715 8.9216e+08 1039  242 8.9148e+08 8.9257e+08  0.12%  47.6  966s
  7508  5716 8.9170e+08  641  286 8.9148e+08 8.9257e+08  0.12%  47.6  974s
  7509  5716 8.9254e+08   56  263 8.9148e+08 8.9257e+08  0.12%  47.6  976s
  7513  5719 8.9225e+08  323  267 8.9148e+08 8.9257e+08  0.12%  47.5  980s
  7518  5722 8.9230e+08  351  302 8.9148e+08 8.9257e+08  0.12%  47.5  987s
  7519  5723 8.9205e+08  438  293 8.9148e+08 8.9257e+08  0.12%  47.5  998s
  7520  5724 8.9242e+08  266  295 8.9148e+08 8.9257e+08  0.12%  47.5 1001s
  7521  5724 8.9217e+08  665  294 8.9148e+08 8.9257e+08  0.12%  47.5 1005s
  7523  5726 8.9207e+08  487  292 8.9148e+08 8.9257e+08  0.12%  47.5 1012s
  7524  5726 8.9205e+08  465  289 8.9148e+08 8.9257e+08  0.12%  47.5 1016s
  7525  5727 8.9225e+08  537  287 8.9148e+08 8.9257e+08  0.12%  47.5 1021s
  7526  5728 8.9162e+08  697  287 8.9148e+08 8.9257e+08  0.12%  47.4 1026s

Cutting planes:
  Gomory: 1
  Cover: 4
  Implied bound: 1
  MIR: 23
  StrongCG: 2
  Flow cover: 16
  GUB cover: 1
  Zero half: 1
  RLT: 5

Explored 7526 nodes (398821 simplex iterations) in 1051.41 seconds (795.50 work units)
Thread count was 16 (of 16 available processors)

Solution count 10: 8.91479e+08 8.91466e+08 8.91465e+08 ... 8.89355e+08

Solve interrupted
Best objective 8.914787157354e+08, best bound 8.925652351186e+08, gap 0.1219%
