
Gurobi 10.0.0 (win64) logging started Mon Mar 13 20:30:16 2023

Set parameter LogFile to value "logFiles/N-1L-90D/N-1L-6U-25F-18V-90D-c-charterout.log"
Gurobi Optimizer version 10.0.0 build v10.0.0rc2 (win64)

CPU model: Intel(R) Core(TM) i5-10210U CPU @ 1.60GHz, instruction set [SSE2|AVX|AVX2]
Thread count: 4 physical cores, 8 logical processors, using up to 8 threads

Optimize a model with 32528 rows, 168370 columns and 1615008 nonzeros
Model fingerprint: 0x448d956f
Variable types: 651 continuous, 167719 integer (167719 binary)
Coefficient statistics:
  Matrix range     [1e+00, 2e+05]
  Objective range  [4e+01, 2e+07]
  Bounds range     [1e+00, 1e+00]
  RHS range        [1e+00, 2e+06]
Presolve removed 25792 rows and 48112 columns
Presolve time: 3.09s
Presolved: 6736 rows, 120258 columns, 816098 nonzeros
Variable types: 663 continuous, 119595 integer (119595 binary)
Deterministic concurrent LP optimizer: primal simplex, dual simplex, and barrier
Showing barrier log only...

Root barrier log...

Ordering time: 0.25s

Barrier statistics:
 AA' NZ     : 2.960e+05
 Factor NZ  : 7.072e+05 (roughly 60 MB of memory)
 Factor Ops : 2.095e+08 (less than 1 second per iteration)
 Threads    : 1

                  Objective                Residual
Iter       Primal          Dual         Primal    Dual     Compl     Time
   0  -1.56930501e+15  1.95328776e+13  7.05e+08 5.65e+05  8.93e+10     5s
   1  -3.93907310e+14  1.58893445e+13  1.79e+08 2.77e+05  2.29e+10     5s
   2  -1.03769391e+13  7.18610318e+12  4.81e+06 1.86e-09  6.47e+08     5s
   3  -3.80643281e+11  1.09091950e+12  1.76e+05 2.10e-09  2.68e+07     5s
   4  -4.73828154e+10  3.42800508e+11  2.22e+04 1.40e-09  4.26e+06     5s
   5  -2.36731408e+10  2.23463249e+11  1.13e+04 1.42e-08  2.31e+06     5s
   6  -1.32055191e+10  1.80650061e+11  6.44e+03 5.98e-08  1.51e+06     6s
   7  -5.61274885e+09  1.40672700e+11  2.95e+03 3.80e-08  9.05e+05     6s
   8  -1.99873693e+09  4.89465853e+10  1.29e+03 2.15e-08  3.04e+05     6s
   9   7.56209123e+07  1.70663703e+10  3.51e+02 1.22e-08  8.85e+04     6s
  10   5.62220637e+08  8.94293585e+09  1.37e+02 1.50e-08  4.11e+04     6s
  11   7.67558974e+08  5.55013006e+09  4.72e+01 1.38e-08  2.19e+04     6s
  12   8.48949478e+08  2.38775629e+09  1.41e+01 5.54e-09  7.03e+03     7s
  13   8.64354314e+08  2.10669809e+09  7.23e+00 4.76e-09  5.50e+03     7s
  14   8.65745167e+08  1.64271920e+09  6.70e+00 3.52e-09  3.54e+03     7s
  15   8.68682972e+08  1.46209908e+09  5.62e+00 3.31e-09  2.71e+03     7s
  16   8.78203744e+08  1.25136615e+09  2.08e+00 2.34e-09  1.63e+03     7s
  17   8.83043600e+08  1.01698664e+09  4.43e-01 2.08e-09  5.65e+02     7s
  18   8.84932843e+08  9.64255227e+08  1.75e-01 1.32e-09  3.32e+02     7s
  19   8.86072988e+08  9.35920492e+08  1.11e-01 1.23e-09  2.08e+02     8s
  20   8.87296354e+08  9.20126530e+08  7.67e-02 1.43e-09  1.37e+02     8s
  21   8.88987623e+08  9.13181319e+08  4.79e-02 1.32e-09  1.01e+02     8s
  22   8.90053592e+08  9.06616734e+08  3.38e-02 1.20e-09  6.89e+01     8s
  23   8.90723471e+08  9.03729081e+08  2.65e-02 1.24e-09  5.41e+01     8s
  24   8.91300987e+08  9.02548004e+08  2.17e-02 1.21e-09  4.68e+01     8s
  25   8.91970122e+08  9.00800291e+08  1.75e-02 1.25e-09  3.67e+01     8s
  26   8.92935900e+08  8.99626858e+08  1.17e-02 1.43e-09  2.78e+01     9s
  27   8.93218893e+08  8.99457946e+08  1.02e-02 1.50e-09  2.59e+01     9s
  28   8.93557600e+08  8.98116916e+08  8.50e-03 1.55e-09  1.90e+01     9s
  29   8.94129927e+08  8.97365864e+08  5.91e-03 1.33e-09  1.35e+01     9s
  30   8.94643979e+08  8.96829322e+08  3.80e-03 1.49e-09  9.09e+00     9s
  31   8.94989635e+08  8.96427381e+08  2.37e-03 1.92e-09  5.98e+00    10s
  32   8.95074073e+08  8.96225051e+08  2.02e-03 2.11e-09  4.79e+00    10s
  33   8.95258118e+08  8.96058239e+08  1.32e-03 1.65e-09  3.33e+00    10s
  34   8.95378016e+08  8.95940652e+08  8.57e-04 1.68e-09  2.34e+00    10s
  35   8.95475636e+08  8.95808724e+08  4.94e-04 1.79e-09  1.39e+00    11s
  36   8.95561785e+08  8.95691535e+08  1.84e-04 2.32e-09  5.40e-01    11s
  37   8.95590999e+08  8.95656150e+08  8.25e-05 1.97e-09  2.71e-01    11s
  38   8.95603063e+08  8.95635101e+08  4.29e-05 1.80e-09  1.33e-01    11s
  39   8.95610777e+08  8.95623377e+08  1.85e-05 3.10e-09  5.24e-02    11s
  40   8.95616419e+08  8.95619081e+08  1.72e-06 2.58e-09  1.11e-02    12s
  41   8.95616745e+08  8.95617524e+08  8.97e-07 2.85e-09  3.24e-03    12s
  42   8.95616996e+08  8.95617232e+08  3.03e-07 2.59e-09  9.82e-04    12s
  43   8.95617106e+08  8.95617127e+08  5.17e-08 2.46e-09  8.60e-05    12s
  44   8.95617112e+08  8.95617112e+08  2.20e-08 2.84e-09  8.28e-08    12s
  45   8.95617112e+08  8.95617112e+08  2.14e-10 2.95e-09  4.05e-11    12s

Barrier solved model in 45 iterations and 12.24 seconds (8.87 work units)
Optimal objective 8.95617112e+08


Root crossover log...

    4382 DPushes remaining with DInf 0.0000000e+00                12s
       0 DPushes remaining with DInf 0.0000000e+00                12s

     501 PPushes remaining with PInf 0.0000000e+00                12s
       0 PPushes remaining with PInf 0.0000000e+00                12s

  Push phase complete: Pinf 0.0000000e+00, Dinf 8.3459668e-04     12s


Root simplex log...

Iteration    Objective       Primal Inf.    Dual Inf.      Time
    4853    8.9561711e+08   0.000000e+00   8.345779e-04     13s
    4854    8.9561711e+08   0.000000e+00   0.000000e+00     13s
Concurrent spin time: 0.00s

Solved with barrier
    4854    8.9561711e+08   0.000000e+00   0.000000e+00     13s

Root relaxation: objective 8.956171e+08, 4854 iterations, 8.90 seconds (3.58 work units)

    Nodes    |    Current Node    |     Objective Bounds      |     Work
 Expl Unexpl |  Obj  Depth IntInf | Incumbent    BestBd   Gap | It/Node Time

     0     0 8.9562e+08    0  338          - 8.9562e+08      -     -   13s
H    0     0                    8.787477e+08 8.9562e+08  1.92%     -   23s
H    0     0                    8.802663e+08 8.9562e+08  1.74%     -   32s

Explored 1 nodes (6063 simplex iterations) in 33.05 seconds (19.83 work units)
Thread count was 8 (of 8 available processors)

Solution count 2: 8.80266e+08 8.78748e+08 

Solve interrupted
Best objective 8.802662694441e+08, best bound 8.956171118348e+08, gap 1.7439%

Gurobi 10.0.1 (win64) logging started Tue Mar 21 11:11:38 2023

Set parameter LogFile to value "logFiles/N-1L-90D/N-1L-6U-25F-18V-90D-c-charterout.log"
Gurobi Optimizer version 10.0.1 build v10.0.1rc0 (win64)

CPU model: Intel(R) Core(TM) i7-10700 CPU @ 2.90GHz, instruction set [SSE2|AVX|AVX2]
Thread count: 8 physical cores, 16 logical processors, using up to 16 threads

Optimize a model with 32546 rows, 168370 columns and 1412541 nonzeros
Model fingerprint: 0x30e1079e
Variable types: 651 continuous, 167719 integer (167719 binary)
Coefficient statistics:
  Matrix range     [1e+00, 2e+05]
  Objective range  [4e+01, 2e+07]
  Bounds range     [1e+00, 1e+00]
  RHS range        [1e+00, 2e+06]
Presolve removed 25795 rows and 48112 columns
Presolve time: 2.08s
Presolved: 6751 rows, 120258 columns, 662457 nonzeros
Variable types: 663 continuous, 119595 integer (119595 binary)
Deterministic concurrent LP optimizer: primal simplex, dual simplex, and barrier
Showing barrier log only...

Root barrier log...

Ordering time: 0.18s

Barrier statistics:
 AA' NZ     : 2.782e+05
 Factor NZ  : 7.110e+05 (roughly 60 MB of memory)
 Factor Ops : 2.168e+08 (less than 1 second per iteration)
 Threads    : 5

                  Objective                Residual
Iter       Primal          Dual         Primal    Dual     Compl     Time
   0  -1.58663524e+15  1.92040502e+13  7.13e+08 3.72e+05  9.76e+10     3s
   1  -3.22334251e+14  1.60443990e+13  1.46e+08 2.53e+05  2.02e+10     3s
   2  -8.53489188e+12  7.29611606e+12  3.92e+06 1.86e-09  5.73e+08     3s
   3  -3.46664467e+11  9.44289608e+11  1.59e+05 1.63e-09  2.57e+07     4s
   4  -1.18108007e+11  4.21361800e+11  5.45e+04 1.40e-09  9.17e+06     4s
   5  -9.49980272e+10  3.54147192e+11  4.39e+04 3.73e-09  7.41e+06     4s
   6  -4.41976422e+10  2.61751629e+11  2.06e+04 7.92e-09  3.83e+06     4s
   7  -3.46901921e+10  2.10262224e+11  1.62e+04 1.54e-08  2.98e+06     4s
   8  -1.89293006e+10  1.72244709e+11  9.02e+03 1.49e-08  1.84e+06     4s
   9  -7.71059585e+09  1.07892943e+11  3.90e+03 1.72e-08  8.88e+05     4s
  10  -4.62175676e+08  3.81774519e+10  5.94e+02 2.40e-08  2.07e+05     4s
  11   5.83850062e+08  1.28111913e+10  1.26e+02 2.63e-08  5.80e+04     4s
  12   7.63608084e+08  9.04982876e+09  4.85e+01 1.33e-08  3.70e+04     4s
  13   8.00055791e+08  4.00203036e+09  3.32e+01 8.21e-09  1.52e+04     4s
  14   8.29988721e+08  2.65844677e+09  2.10e+01 5.76e-09  8.86e+03     4s
  15   8.39598689e+08  2.51032274e+09  1.71e+01 6.90e-09  7.97e+03     4s
  16   8.51280267e+08  1.93563545e+09  1.20e+01 5.78e-09  5.23e+03     5s
  17   8.53792766e+08  1.84226772e+09  1.09e+01 5.14e-09  4.76e+03     5s
  18   8.56311095e+08  1.58641543e+09  9.79e+00 4.37e-09  3.62e+03     5s
  19   8.67708797e+08  1.32639910e+09  4.67e+00 4.85e-09  2.15e+03     5s
  20   8.74795946e+08  1.04613894e+09  1.48e+00 3.82e-09  7.60e+02     5s
  21   8.78941270e+08  9.55636253e+08  5.14e-01 2.39e-09  3.27e+02     5s
  22   8.81984274e+08  9.31786891e+08  2.73e-01 1.73e-09  2.10e+02     5s
  23   8.82113276e+08  9.28531585e+08  2.65e-01 1.91e-09  1.96e+02     5s
  24   8.82474571e+08  9.25504385e+08  2.46e-01 1.69e-09  1.81e+02     5s
  25   8.82581047e+08  9.19193525e+08  2.40e-01 1.96e-09  1.54e+02     5s
  26   8.84632424e+08  9.10111343e+08  1.45e-01 1.63e-09  1.07e+02     5s
  27   8.86131865e+08  9.02439870e+08  1.07e-01 1.63e-09  6.81e+01     6s
  28   8.87585602e+08  8.99068736e+08  7.42e-02 1.40e-09  4.78e+01     6s
  29   8.88530743e+08  8.97690000e+08  5.62e-02 1.15e-09  3.81e+01     6s
  30   8.89395959e+08  8.96957359e+08  3.98e-02 1.43e-09  3.15e+01     6s
  31   8.89880426e+08  8.95518876e+08  3.23e-02 1.44e-09  2.34e+01     6s
  32   8.90185618e+08  8.95014430e+08  2.76e-02 1.45e-09  2.01e+01     6s
  33   8.90751946e+08  8.94668200e+08  2.05e-02 1.36e-09  1.63e+01     6s
  34   8.90916242e+08  8.94520789e+08  1.81e-02 1.43e-09  1.50e+01     6s
  35   8.91298471e+08  8.94183105e+08  1.37e-02 1.34e-09  1.20e+01     6s
  36   8.91694139e+08  8.93673510e+08  9.69e-03 1.36e-09  8.23e+00     7s
  37   8.92001945e+08  8.93240853e+08  6.86e-03 1.53e-09  5.15e+00     7s
  38   8.92284872e+08  8.93193168e+08  4.42e-03 1.42e-09  3.77e+00     7s
  39   8.92307517e+08  8.93140313e+08  4.21e-03 1.52e-09  3.46e+00     7s
  40   8.92413249e+08  8.92941124e+08  3.25e-03 1.69e-09  2.19e+00     7s
  41   8.92548322e+08  8.92876043e+08  2.00e-03 1.40e-09  1.36e+00     7s
  42   8.92662518e+08  8.92831817e+08  9.72e-04 1.28e-09  7.04e-01     7s
  43   8.92735902e+08  8.92799727e+08  3.24e-04 1.87e-09  2.65e-01     7s
  44   8.92759026e+08  8.92788958e+08  1.33e-04 1.61e-09  1.24e-01     7s
  45   8.92768310e+08  8.92780279e+08  6.06e-05 1.74e-09  4.98e-02     7s
  46   8.92774198e+08  8.92777737e+08  1.84e-05 1.97e-09  1.47e-02     8s
  47   8.92776473e+08  8.92777156e+08  3.26e-06 2.04e-09  2.84e-03     8s
  48   8.92776970e+08  8.92777011e+08  1.34e-07 2.08e-09  1.72e-04     8s
  49   8.92776983e+08  8.92776984e+08  3.13e-09 1.87e-09  4.02e-06     8s
  50   8.92776984e+08  8.92776984e+08  1.14e-08 2.42e-09  5.75e-09     8s

Barrier solved model in 50 iterations and 7.91 seconds (7.46 work units)
Optimal objective 8.92776984e+08


Root crossover log...

    4317 DPushes remaining with DInf 0.0000000e+00                 8s
       0 DPushes remaining with DInf 0.0000000e+00                 8s

     470 PPushes remaining with PInf 3.3160349e-04                 8s
       0 PPushes remaining with PInf 0.0000000e+00                 8s

  Push phase complete: Pinf 0.0000000e+00, Dinf 1.7255957e-08      8s


Root simplex log...

Iteration    Objective       Primal Inf.    Dual Inf.      Time
    4765    8.9277698e+08   0.000000e+00   0.000000e+00      8s
Concurrent spin time: 0.00s

Solved with barrier
    4765    8.9277698e+08   0.000000e+00   0.000000e+00      8s

Root relaxation: objective 8.927770e+08, 4765 iterations, 5.69 seconds (2.67 work units)

    Nodes    |    Current Node    |     Objective Bounds      |     Work
 Expl Unexpl |  Obj  Depth IntInf | Incumbent    BestBd   Gap | It/Node Time

     0     0 8.9278e+08    0  285          - 8.9278e+08      -     -    8s
     0     0 8.9275e+08    0  268          - 8.9275e+08      -     -   19s
     0     0 8.9275e+08    0  253          - 8.9275e+08      -     -   21s
     0     0 8.9275e+08    0  265          - 8.9275e+08      -     -   21s
     0     0 8.9275e+08    0  265          - 8.9275e+08      -     -   22s
     0     0 8.9275e+08    0  265          - 8.9275e+08      -     -   23s
     0     0 8.9275e+08    0  266          - 8.9275e+08      -     -   24s
     0     0 8.9275e+08    0  261          - 8.9275e+08      -     -   25s
     0     0 8.9275e+08    0  234          - 8.9275e+08      -     -   26s
     0     0 8.9275e+08    0  259          - 8.9275e+08      -     -   27s
     0     0 8.9275e+08    0  242          - 8.9275e+08      -     -   28s
     0     0 8.9275e+08    0  254          - 8.9275e+08      -     -   29s
     0     0 8.9275e+08    0  252          - 8.9275e+08      -     -   29s
     0     0 8.9275e+08    0  255          - 8.9275e+08      -     -   29s
     0     0 8.9275e+08    0  254          - 8.9275e+08      -     -   30s
     0     0 8.9275e+08    0  254          - 8.9275e+08      -     -   31s
     0     0 8.9275e+08    0  263          - 8.9275e+08      -     -   32s
     0     0 8.9274e+08    0  249          - 8.9274e+08      -     -   34s
     0     0 8.9274e+08    0  257          - 8.9274e+08      -     -   34s
     0     0 8.9274e+08    0  256          - 8.9274e+08      -     -   35s
     0     0 8.9274e+08    0  256          - 8.9274e+08      -     -   36s
     0     0 8.9274e+08    0  259          - 8.9274e+08      -     -   36s
     0     0 8.9274e+08    0  248          - 8.9274e+08      -     -   37s
     0     0 8.9274e+08    0  247          - 8.9274e+08      -     -   39s
     0     2 8.9274e+08    0  242          - 8.9274e+08      -     -   71s
     7    16 8.9274e+08    3  252          - 8.9274e+08      -   302   75s
    23    32 8.9274e+08    4  255          - 8.9274e+08      -   174   81s
    39    48 8.9274e+08    6  250          - 8.9274e+08      -   196   87s
    47    56 8.9274e+08    6  257          - 8.9274e+08      -   206   90s
    55    72 8.9274e+08    7  250          - 8.9274e+08      -   185   95s
    71    97 8.9274e+08    8  254          - 8.9274e+08      -   176  106s
    96   149 8.9274e+08   10  269          - 8.9274e+08      -   167  126s
   148   259 8.9274e+08   17  278          - 8.9274e+08      -   162  162s
   258   536 8.9274e+08   24  275          - 8.9274e+08      -   152  250s
   535   838 8.9273e+08   49  270          - 8.9274e+08      -   137  300s

Cutting planes:
  Cover: 5
  Implied bound: 4
  MIR: 4
  Flow cover: 18
  GUB cover: 2
  Network: 6
  RLT: 2
  Relax-and-lift: 1

Explored 837 nodes (120015 simplex iterations) in 300.16 seconds (173.74 work units)
Thread count was 16 (of 16 available processors)

Solution count 0

Time limit reached
Best objective -, best bound 8.927403197447e+08, gap -
IIS computation: initial model status unknown, solving to determine model status
Presolve removed 25795 rows and 48129 columns
Presolve time: 2.03s
Presolved: 6751 rows, 120241 columns, 662440 nonzeros
Variable types: 663 continuous, 119578 integer (119578 binary)
Deterministic concurrent LP optimizer: primal simplex, dual simplex, and barrier
Showing barrier log only...

Root barrier log...

Ordering time: 0.20s

Barrier statistics:
 AA' NZ     : 2.782e+05
 Factor NZ  : 7.110e+05 (roughly 60 MB of memory)
 Factor Ops : 2.168e+08 (less than 1 second per iteration)
 Threads    : 5

                  Objective                Residual
Iter       Primal          Dual         Primal    Dual     Compl     Time
   0  -0.00000000e+00  1.22200209e+06  7.12e+08 0.00e+00  6.21e+03     3s
   1  -0.00000000e+00  1.00029793e+06  9.35e+07 9.71e-17  8.21e+02     4s
   2  -0.00000000e+00  4.15320537e+05  7.84e+06 1.11e-16  7.09e+01     4s
   3  -0.00000000e+00  3.18913645e+04  4.11e+05 4.76e-17  1.78e+00     4s
   4  -0.00000000e+00  1.20066210e+04  3.90e+04 3.21e-17  1.81e-01     4s
   5  -0.00000000e+00  9.38289799e+03  2.03e+04 2.81e-17  1.03e-01     4s
   6  -0.00000000e+00  9.09763832e+03  1.75e+04 3.53e-17  9.23e-02     4s
   7  -0.00000000e+00  8.07453605e+03  9.53e+03 6.10e-17  6.23e-02     4s
   8  -0.00000000e+00  4.11218955e+03  4.24e+03 1.72e-08  2.74e-02     4s
   9  -0.00000000e+00  9.31614300e+02  8.16e+02 4.08e-08  4.91e-03     4s
  10  -0.00000000e+00  1.62640433e+02  2.43e+02 2.34e-08  8.70e-04     4s
  11  -0.00000000e+00  4.89623840e+01  9.28e+01 1.37e-08  2.68e-04     4s
  12  -0.00000000e+00  1.81219365e+01  3.53e+01 7.09e-09  9.98e-05     4s
  13  -0.00000000e+00  1.71004502e+01  1.72e+01 6.72e-09  8.30e-05     4s
  14  -0.00000000e+00  1.10189471e+01  1.31e+01 4.99e-09  5.49e-05     4s
  15  -0.00000000e+00  7.64813803e+00  1.14e+01 7.53e-09  3.93e-05     4s
  16  -0.00000000e+00  5.97638535e+00  1.00e+01 1.03e-08  3.11e-05     4s
  17  -0.00000000e+00  3.03730688e+00  5.40e+00 1.48e-08  1.54e-05     5s
  18  -0.00000000e+00  1.12805989e+00  4.55e-01 2.65e-08  4.87e-06     5s
  19  -0.00000000e+00  9.46621794e-02  6.40e-04 1.18e-08  4.20e-07     5s
  20  -0.00000000e+00  8.57049621e-04  4.93e-06 1.09e-10  3.80e-09     5s
  21  -0.00000000e+00  8.58274499e-08  5.00e-10 1.09e-14  3.81e-13     5s
  22  -0.00000000e+00  8.58279998e-13  2.35e-11 1.09e-19  3.81e-18     5s

Barrier solved model in 22 iterations and 4.86 seconds (6.95 work units)
Optimal objective -0.00000000e+00


Root crossover log...

    4260 DPushes remaining with DInf 0.0000000e+00                 8s

      75 PPushes remaining with PInf 1.5154001e-06                 8s
       0 PPushes remaining with PInf 0.0000000e+00                 8s

  Push phase complete: Pinf 0.0000000e+00, Dinf 0.0000000e+00      8s


Root simplex log...

Iteration    Objective       Primal Inf.    Dual Inf.      Time
      78   -0.0000000e+00   0.000000e+00   0.000000e+00      8s
Concurrent spin time: 0.70s (can be avoided by choosing Method=3)

Solved with barrier
      78   -0.0000000e+00   0.000000e+00   0.000000e+00      8s

Root relaxation: objective -0.000000e+00, 78 iterations, 5.20 seconds (4.21 work units)
Total elapsed time = 10.64s

    Nodes    |    Current Node    |     Objective Bounds      |     Work
 Expl Unexpl |  Obj  Depth IntInf | Incumbent    BestBd   Gap | It/Node Time

     0     0   -0.00000    0    3          -   -0.00000      -     -   10s
H    0     0                      -0.0000000   -0.00000  0.00%     -   12s
     0     0   -0.00000    0    3   -0.00000   -0.00000  0.00%     -   12s

Explored 1 nodes (40667 simplex iterations) in 12.09 seconds (15.15 work units)
Thread count was 16 (of 16 available processors)

Solution count 1: -0 
No other solutions better than -0

Optimal solution found (tolerance 1.00e-04)
Best objective -0.000000000000e+00, best bound -0.000000000000e+00, gap 0.0000%
IIS runtime: 12.15 seconds (15.15 work units)

Gurobi 10.0.1 (win64) logging started Tue Mar 21 11:18:57 2023

Set parameter LogFile to value "logFiles/N-1L-90D/N-1L-6U-25F-18V-90D-c-charterout.log"
Gurobi Optimizer version 10.0.1 build v10.0.1rc0 (win64)

CPU model: Intel(R) Core(TM) i7-10700 CPU @ 2.90GHz, instruction set [SSE2|AVX|AVX2]
Thread count: 8 physical cores, 16 logical processors, using up to 16 threads

Optimize a model with 32546 rows, 168370 columns and 1412541 nonzeros
Model fingerprint: 0xad935056
Variable types: 651 continuous, 167719 integer (167719 binary)
Coefficient statistics:
  Matrix range     [1e+00, 2e+05]
  Objective range  [4e+01, 2e+07]
  Bounds range     [1e+00, 1e+00]
  RHS range        [1e+00, 2e+06]
Presolve removed 25795 rows and 48112 columns
Presolve time: 2.24s
Presolved: 6751 rows, 120258 columns, 662457 nonzeros
Variable types: 663 continuous, 119595 integer (119595 binary)
Deterministic concurrent LP optimizer: primal simplex, dual simplex, and barrier
Showing barrier log only...

Root barrier log...

Ordering time: 0.20s

Barrier statistics:
 AA' NZ     : 2.782e+05
 Factor NZ  : 7.110e+05 (roughly 60 MB of memory)
 Factor Ops : 2.168e+08 (less than 1 second per iteration)
 Threads    : 5

                  Objective                Residual
Iter       Primal          Dual         Primal    Dual     Compl     Time
   0  -1.58663524e+15  1.92040502e+13  7.13e+08 3.72e+05  9.76e+10     3s
   1  -3.22334251e+14  1.60443990e+13  1.46e+08 2.53e+05  2.02e+10     4s
   2  -8.53489188e+12  7.29611606e+12  3.92e+06 1.86e-09  5.73e+08     4s
   3  -3.46664467e+11  9.44289608e+11  1.59e+05 1.63e-09  2.57e+07     4s
   4  -1.18108007e+11  4.21361800e+11  5.45e+04 1.40e-09  9.17e+06     4s
   5  -9.49980272e+10  3.54147192e+11  4.39e+04 3.73e-09  7.41e+06     4s
   6  -4.41976422e+10  2.61751629e+11  2.06e+04 7.92e-09  3.83e+06     4s
   7  -3.46901921e+10  2.10262224e+11  1.62e+04 1.54e-08  2.98e+06     4s
   8  -1.89293006e+10  1.72244709e+11  9.02e+03 1.49e-08  1.84e+06     4s
   9  -7.71059585e+09  1.07892943e+11  3.90e+03 1.72e-08  8.88e+05     4s
  10  -4.62175676e+08  3.81774519e+10  5.94e+02 2.40e-08  2.07e+05     4s
  11   5.83850062e+08  1.28111913e+10  1.26e+02 2.63e-08  5.80e+04     4s
  12   7.63608084e+08  9.04982876e+09  4.85e+01 1.33e-08  3.70e+04     5s
  13   8.00055791e+08  4.00203036e+09  3.32e+01 8.21e-09  1.52e+04     5s
  14   8.29988721e+08  2.65844677e+09  2.10e+01 5.76e-09  8.86e+03     5s
  15   8.39598689e+08  2.51032274e+09  1.71e+01 6.90e-09  7.97e+03     5s
  16   8.51280267e+08  1.93563545e+09  1.20e+01 5.78e-09  5.23e+03     5s
  17   8.53792766e+08  1.84226772e+09  1.09e+01 5.14e-09  4.76e+03     5s
  18   8.56311095e+08  1.58641543e+09  9.79e+00 4.37e-09  3.62e+03     5s
  19   8.67708797e+08  1.32639910e+09  4.67e+00 4.85e-09  2.15e+03     5s
  20   8.74795946e+08  1.04613894e+09  1.48e+00 3.82e-09  7.60e+02     5s
  21   8.78941270e+08  9.55636253e+08  5.14e-01 2.39e-09  3.27e+02     5s
  22   8.81984274e+08  9.31786891e+08  2.73e-01 1.73e-09  2.10e+02     6s
  23   8.82113276e+08  9.28531585e+08  2.65e-01 1.91e-09  1.96e+02     6s
  24   8.82474571e+08  9.25504385e+08  2.46e-01 1.69e-09  1.81e+02     6s
  25   8.82581047e+08  9.19193525e+08  2.40e-01 1.96e-09  1.54e+02     6s
  26   8.84632424e+08  9.10111343e+08  1.45e-01 1.63e-09  1.07e+02     6s
  27   8.86131865e+08  9.02439870e+08  1.07e-01 1.63e-09  6.81e+01     6s
  28   8.87585602e+08  8.99068736e+08  7.42e-02 1.40e-09  4.78e+01     6s
  29   8.88530743e+08  8.97690000e+08  5.62e-02 1.15e-09  3.81e+01     6s
  30   8.89395959e+08  8.96957359e+08  3.98e-02 1.43e-09  3.15e+01     6s
  31   8.89880426e+08  8.95518876e+08  3.23e-02 1.44e-09  2.34e+01     6s
  32   8.90185618e+08  8.95014430e+08  2.76e-02 1.45e-09  2.01e+01     7s
  33   8.90751946e+08  8.94668200e+08  2.05e-02 1.36e-09  1.63e+01     7s
  34   8.90916242e+08  8.94520789e+08  1.81e-02 1.43e-09  1.50e+01     7s
  35   8.91298471e+08  8.94183105e+08  1.37e-02 1.34e-09  1.20e+01     7s
  36   8.91694139e+08  8.93673510e+08  9.69e-03 1.36e-09  8.23e+00     7s
  37   8.92001945e+08  8.93240853e+08  6.86e-03 1.53e-09  5.15e+00     7s
  38   8.92284872e+08  8.93193168e+08  4.42e-03 1.42e-09  3.77e+00     7s
  39   8.92307517e+08  8.93140313e+08  4.21e-03 1.52e-09  3.46e+00     7s
  40   8.92413249e+08  8.92941124e+08  3.25e-03 1.69e-09  2.19e+00     8s
  41   8.92548322e+08  8.92876043e+08  2.00e-03 1.40e-09  1.36e+00     8s
  42   8.92662518e+08  8.92831817e+08  9.72e-04 1.28e-09  7.04e-01     8s
  43   8.92735902e+08  8.92799727e+08  3.24e-04 1.87e-09  2.65e-01     8s
  44   8.92759026e+08  8.92788958e+08  1.33e-04 1.61e-09  1.24e-01     8s
  45   8.92768310e+08  8.92780279e+08  6.06e-05 1.74e-09  4.98e-02     8s
  46   8.92774198e+08  8.92777737e+08  1.84e-05 1.97e-09  1.47e-02     8s
  47   8.92776473e+08  8.92777156e+08  3.26e-06 2.04e-09  2.84e-03     8s
  48   8.92776970e+08  8.92777011e+08  1.34e-07 2.08e-09  1.72e-04     8s
  49   8.92776983e+08  8.92776984e+08  3.13e-09 1.87e-09  4.02e-06     8s
  50   8.92776984e+08  8.92776984e+08  1.14e-08 2.42e-09  5.75e-09     9s

Barrier solved model in 50 iterations and 8.60 seconds (7.46 work units)
Optimal objective 8.92776984e+08


Root crossover log...

    4317 DPushes remaining with DInf 0.0000000e+00                 9s
       0 DPushes remaining with DInf 0.0000000e+00                 9s

     470 PPushes remaining with PInf 3.3160349e-04                 9s
       0 PPushes remaining with PInf 0.0000000e+00                 9s

  Push phase complete: Pinf 0.0000000e+00, Dinf 1.7255957e-08      9s


Root simplex log...

Iteration    Objective       Primal Inf.    Dual Inf.      Time
    4765    8.9277698e+08   0.000000e+00   0.000000e+00      9s
Concurrent spin time: 0.00s

Solved with barrier
    4765    8.9277698e+08   0.000000e+00   0.000000e+00      9s

Root relaxation: objective 8.927770e+08, 4765 iterations, 6.25 seconds (2.67 work units)

    Nodes    |    Current Node    |     Objective Bounds      |     Work
 Expl Unexpl |  Obj  Depth IntInf | Incumbent    BestBd   Gap | It/Node Time

     0     0 8.9278e+08    0  285          - 8.9278e+08      -     -    9s
     0     0 8.9275e+08    0  268          - 8.9275e+08      -     -   25s
     0     0 8.9275e+08    0  253          - 8.9275e+08      -     -   27s
     0     0 8.9275e+08    0  265          - 8.9275e+08      -     -   28s
     0     0 8.9275e+08    0  265          - 8.9275e+08      -     -   29s
     0     0 8.9275e+08    0  265          - 8.9275e+08      -     -   30s
     0     0 8.9275e+08    0  266          - 8.9275e+08      -     -   31s
     0     0 8.9275e+08    0  261          - 8.9275e+08      -     -   32s
     0     0 8.9275e+08    0  234          - 8.9275e+08      -     -   34s
     0     0 8.9275e+08    0  259          - 8.9275e+08      -     -   35s
     0     0 8.9275e+08    0  242          - 8.9275e+08      -     -   36s
     0     0 8.9275e+08    0  254          - 8.9275e+08      -     -   36s
     0     0 8.9275e+08    0  252          - 8.9275e+08      -     -   37s
     0     0 8.9275e+08    0  255          - 8.9275e+08      -     -   37s
     0     0 8.9275e+08    0  254          - 8.9275e+08      -     -   38s
     0     0 8.9275e+08    0  254          - 8.9275e+08      -     -   39s
     0     0 8.9275e+08    0  263          - 8.9275e+08      -     -   40s
     0     0 8.9274e+08    0  249          - 8.9274e+08      -     -   41s
     0     0 8.9274e+08    0  257          - 8.9274e+08      -     -   41s
     0     0 8.9274e+08    0  256          - 8.9274e+08      -     -   42s
     0     0 8.9274e+08    0  256          - 8.9274e+08      -     -   43s
     0     0 8.9274e+08    0  259          - 8.9274e+08      -     -   44s
     0     0 8.9274e+08    0  248          - 8.9274e+08      -     -   45s
     0     0 8.9274e+08    0  247          - 8.9274e+08      -     -   45s
     0     2 8.9274e+08    0  242          - 8.9274e+08      -     -   77s
     7    16 8.9274e+08    3  252          - 8.9274e+08      -   302   82s
    23    32 8.9274e+08    4  255          - 8.9274e+08      -   174   88s
    31    40 8.9274e+08    5  251          - 8.9274e+08      -   235   90s
    47    56 8.9274e+08    6  257          - 8.9274e+08      -   206   96s
    55    72 8.9274e+08    7  250          - 8.9274e+08      -   185  100s
    71    97 8.9274e+08    8  254          - 8.9274e+08      -   176  108s
    96   149 8.9274e+08   10  269          - 8.9274e+08      -   167  125s
   148   259 8.9274e+08   17  278          - 8.9274e+08      -   162  159s
   258   536 8.9274e+08   24  275          - 8.9274e+08      -   152  226s
   535  1508 8.9273e+08   49  270          - 8.9274e+08      -   137  341s
  1507  2634 8.9268e+08  108  222          - 8.9274e+08      -   106  410s
  2633  3992 8.9265e+08  152  226          - 8.9274e+08      -  82.9  464s
  4043  5374 8.9262e+08  208  171          - 8.9274e+08      -  63.8  506s
  5517  6857 8.9260e+08  287  151          - 8.9274e+08      -  52.3  549s
  6531  6857 8.9215e+08  599   63          - 8.9274e+08      -  46.8  550s
  7006  8434 8.9255e+08  359  149          - 8.9274e+08      -  44.5  588s
  8636  8435 8.9269e+08   58  247          - 8.9274e+08      -  38.0  600s

Explored 8636 nodes (340361 simplex iterations) in 600.55 seconds (319.18 work units)
Thread count was 16 (of 16 available processors)

Solution count 0

Time limit reached
Best objective -, best bound 8.927403197447e+08, gap -
IIS computation: initial model status unknown, solving to determine model status
Presolve removed 25795 rows and 48129 columns
Presolve time: 2.18s
Presolved: 6751 rows, 120241 columns, 662440 nonzeros
Variable types: 663 continuous, 119578 integer (119578 binary)
Deterministic concurrent LP optimizer: primal simplex, dual simplex, and barrier
Showing barrier log only...

Root barrier log...

Ordering time: 0.17s

Barrier statistics:
 AA' NZ     : 2.782e+05
 Factor NZ  : 7.110e+05 (roughly 60 MB of memory)
 Factor Ops : 2.168e+08 (less than 1 second per iteration)
 Threads    : 5

                  Objective                Residual
Iter       Primal          Dual         Primal    Dual     Compl     Time
   0  -0.00000000e+00  1.22200209e+06  7.12e+08 0.00e+00  6.21e+03     4s
   1  -0.00000000e+00  1.00029793e+06  9.35e+07 9.71e-17  8.21e+02     4s
   2  -0.00000000e+00  4.15320537e+05  7.84e+06 1.11e-16  7.09e+01     4s
   3  -0.00000000e+00  3.18913645e+04  4.11e+05 4.76e-17  1.78e+00     4s
   4  -0.00000000e+00  1.20066210e+04  3.90e+04 3.21e-17  1.81e-01     4s
   5  -0.00000000e+00  9.38289799e+03  2.03e+04 2.81e-17  1.03e-01     4s
   6  -0.00000000e+00  9.09763832e+03  1.75e+04 3.53e-17  9.23e-02     4s
   7  -0.00000000e+00  8.07453605e+03  9.53e+03 6.10e-17  6.23e-02     4s
   8  -0.00000000e+00  4.11218955e+03  4.24e+03 1.72e-08  2.74e-02     4s
   9  -0.00000000e+00  9.31614300e+02  8.16e+02 4.08e-08  4.91e-03     5s
  10  -0.00000000e+00  1.62640433e+02  2.43e+02 2.34e-08  8.70e-04     5s
  11  -0.00000000e+00  4.89623840e+01  9.28e+01 1.37e-08  2.68e-04     5s
  12  -0.00000000e+00  1.81219365e+01  3.53e+01 7.09e-09  9.98e-05     5s
  13  -0.00000000e+00  1.71004502e+01  1.72e+01 6.72e-09  8.30e-05     5s
  14  -0.00000000e+00  1.10189471e+01  1.31e+01 4.99e-09  5.49e-05     5s
  15  -0.00000000e+00  7.64813803e+00  1.14e+01 7.53e-09  3.93e-05     5s
  16  -0.00000000e+00  5.97638535e+00  1.00e+01 1.03e-08  3.11e-05     5s
  17  -0.00000000e+00  3.03730688e+00  5.40e+00 1.48e-08  1.54e-05     5s
  18  -0.00000000e+00  1.12805989e+00  4.55e-01 2.65e-08  4.87e-06     5s
  19  -0.00000000e+00  9.46621794e-02  6.40e-04 1.18e-08  4.20e-07     5s
  20  -0.00000000e+00  8.57049621e-04  4.93e-06 1.09e-10  3.80e-09     5s
  21  -0.00000000e+00  8.58274499e-08  5.00e-10 1.09e-14  3.81e-13     5s
  22  -0.00000000e+00  8.58279998e-13  2.35e-11 1.09e-19  3.81e-18     6s

Barrier solved model in 22 iterations and 5.58 seconds (6.95 work units)
Optimal objective -0.00000000e+00


Root crossover log...

    4260 DPushes remaining with DInf 0.0000000e+00                10s

      75 PPushes remaining with PInf 1.5154001e-06                10s
       0 PPushes remaining with PInf 0.0000000e+00                10s

  Push phase complete: Pinf 0.0000000e+00, Dinf 0.0000000e+00     10s


Root simplex log...

Iteration    Objective       Primal Inf.    Dual Inf.      Time
      78   -0.0000000e+00   0.000000e+00   0.000000e+00     10s
Concurrent spin time: 1.03s (can be avoided by choosing Method=3)

Solved with barrier
      78   -0.0000000e+00   0.000000e+00   0.000000e+00     10s

Root relaxation: objective -0.000000e+00, 78 iterations, 6.72 seconds (4.21 work units)
Total elapsed time = 11.31s

    Nodes    |    Current Node    |     Objective Bounds      |     Work
 Expl Unexpl |  Obj  Depth IntInf | Incumbent    BestBd   Gap | It/Node Time

     0     0   -0.00000    0    3          -   -0.00000      -     -   12s
H    0     0                      -0.0000000   -0.00000  0.00%     -   14s
     0     0   -0.00000    0    3   -0.00000   -0.00000  0.00%     -   14s

Explored 1 nodes (40667 simplex iterations) in 14.19 seconds (15.15 work units)
Thread count was 16 (of 16 available processors)

Solution count 1: -0 
No other solutions better than -0

Optimal solution found (tolerance 1.00e-04)
Best objective -0.000000000000e+00, best bound -0.000000000000e+00, gap 0.0000%
IIS runtime: 14.29 seconds (15.15 work units)

Gurobi 10.0.1 (win64) logging started Tue Mar 21 11:29:57 2023

Set parameter LogFile to value "logFiles/N-1L-90D/N-1L-6U-25F-18V-90D-c-charterout.log"
Gurobi Optimizer version 10.0.1 build v10.0.1rc0 (win64)

CPU model: Intel(R) Core(TM) i7-10700 CPU @ 2.90GHz, instruction set [SSE2|AVX|AVX2]
Thread count: 8 physical cores, 16 logical processors, using up to 16 threads

Optimize a model with 32546 rows, 168370 columns and 1412541 nonzeros
Model fingerprint: 0x3033f97b
Variable types: 651 continuous, 167719 integer (167719 binary)
Coefficient statistics:
  Matrix range     [1e+00, 2e+05]
  Objective range  [4e+01, 2e+07]
  Bounds range     [1e+00, 1e+00]
  RHS range        [1e+00, 2e+06]
Presolve removed 25795 rows and 48112 columns
Presolve time: 2.08s
Presolved: 6751 rows, 120258 columns, 662457 nonzeros
Variable types: 663 continuous, 119595 integer (119595 binary)
Deterministic concurrent LP optimizer: primal simplex, dual simplex, and barrier
Showing barrier log only...

Root barrier log...

Ordering time: 0.18s

Barrier statistics:
 AA' NZ     : 2.782e+05
 Factor NZ  : 7.110e+05 (roughly 60 MB of memory)
 Factor Ops : 2.168e+08 (less than 1 second per iteration)
 Threads    : 5

                  Objective                Residual
Iter       Primal          Dual         Primal    Dual     Compl     Time
   0  -1.58663524e+15  1.92040502e+13  7.13e+08 3.72e+05  9.76e+10     3s
   1  -3.22334251e+14  1.60443990e+13  1.46e+08 2.53e+05  2.02e+10     3s
   2  -8.53489188e+12  7.29611606e+12  3.92e+06 1.86e-09  5.73e+08     3s
   3  -3.46664467e+11  9.44289608e+11  1.59e+05 1.63e-09  2.57e+07     4s
   4  -1.18108007e+11  4.21361800e+11  5.45e+04 1.40e-09  9.17e+06     4s
   5  -9.49980272e+10  3.54147192e+11  4.39e+04 3.73e-09  7.41e+06     4s
   6  -4.41976422e+10  2.61751629e+11  2.06e+04 7.92e-09  3.83e+06     4s
   7  -3.46901921e+10  2.10262224e+11  1.62e+04 1.54e-08  2.98e+06     4s
   8  -1.89293006e+10  1.72244709e+11  9.02e+03 1.49e-08  1.84e+06     4s
   9  -7.71059585e+09  1.07892943e+11  3.90e+03 1.72e-08  8.88e+05     4s
  10  -4.62175676e+08  3.81774519e+10  5.94e+02 2.40e-08  2.07e+05     4s
  11   5.83850062e+08  1.28111913e+10  1.26e+02 2.63e-08  5.80e+04     4s
  12   7.63608084e+08  9.04982876e+09  4.85e+01 1.33e-08  3.70e+04     4s
  13   8.00055791e+08  4.00203036e+09  3.32e+01 8.21e-09  1.52e+04     4s
  14   8.29988721e+08  2.65844677e+09  2.10e+01 5.76e-09  8.86e+03     4s
  15   8.39598689e+08  2.51032274e+09  1.71e+01 6.90e-09  7.97e+03     4s
  16   8.51280267e+08  1.93563545e+09  1.20e+01 5.78e-09  5.23e+03     4s
  17   8.53792766e+08  1.84226772e+09  1.09e+01 5.14e-09  4.76e+03     5s
  18   8.56311095e+08  1.58641543e+09  9.79e+00 4.37e-09  3.62e+03     5s
  19   8.67708797e+08  1.32639910e+09  4.67e+00 4.85e-09  2.15e+03     5s
  20   8.74795946e+08  1.04613894e+09  1.48e+00 3.82e-09  7.60e+02     5s
  21   8.78941270e+08  9.55636253e+08  5.14e-01 2.39e-09  3.27e+02     5s
  22   8.81984274e+08  9.31786891e+08  2.73e-01 1.73e-09  2.10e+02     5s
  23   8.82113276e+08  9.28531585e+08  2.65e-01 1.91e-09  1.96e+02     5s
  24   8.82474571e+08  9.25504385e+08  2.46e-01 1.69e-09  1.81e+02     5s
  25   8.82581047e+08  9.19193525e+08  2.40e-01 1.96e-09  1.54e+02     5s
  26   8.84632424e+08  9.10111343e+08  1.45e-01 1.63e-09  1.07e+02     5s
  27   8.86131865e+08  9.02439870e+08  1.07e-01 1.63e-09  6.81e+01     5s
  28   8.87585602e+08  8.99068736e+08  7.42e-02 1.40e-09  4.78e+01     6s
  29   8.88530743e+08  8.97690000e+08  5.62e-02 1.15e-09  3.81e+01     6s
  30   8.89395959e+08  8.96957359e+08  3.98e-02 1.43e-09  3.15e+01     6s
  31   8.89880426e+08  8.95518876e+08  3.23e-02 1.44e-09  2.34e+01     6s
  32   8.90185618e+08  8.95014430e+08  2.76e-02 1.45e-09  2.01e+01     6s
  33   8.90751946e+08  8.94668200e+08  2.05e-02 1.36e-09  1.63e+01     6s
  34   8.90916242e+08  8.94520789e+08  1.81e-02 1.43e-09  1.50e+01     6s
  35   8.91298471e+08  8.94183105e+08  1.37e-02 1.34e-09  1.20e+01     6s
  36   8.91694139e+08  8.93673510e+08  9.69e-03 1.36e-09  8.23e+00     6s
  37   8.92001945e+08  8.93240853e+08  6.86e-03 1.53e-09  5.15e+00     7s
  38   8.92284872e+08  8.93193168e+08  4.42e-03 1.42e-09  3.77e+00     7s
  39   8.92307517e+08  8.93140313e+08  4.21e-03 1.52e-09  3.46e+00     7s
  40   8.92413249e+08  8.92941124e+08  3.25e-03 1.69e-09  2.19e+00     7s
  41   8.92548322e+08  8.92876043e+08  2.00e-03 1.40e-09  1.36e+00     7s
  42   8.92662518e+08  8.92831817e+08  9.72e-04 1.28e-09  7.04e-01     7s
  43   8.92735902e+08  8.92799727e+08  3.24e-04 1.87e-09  2.65e-01     7s
  44   8.92759026e+08  8.92788958e+08  1.33e-04 1.61e-09  1.24e-01     7s
  45   8.92768310e+08  8.92780279e+08  6.06e-05 1.74e-09  4.98e-02     7s
  46   8.92774198e+08  8.92777737e+08  1.84e-05 1.97e-09  1.47e-02     7s
  47   8.92776473e+08  8.92777156e+08  3.26e-06 2.04e-09  2.84e-03     8s
  48   8.92776970e+08  8.92777011e+08  1.34e-07 2.08e-09  1.72e-04     8s
  49   8.92776983e+08  8.92776984e+08  3.13e-09 1.87e-09  4.02e-06     8s
  50   8.92776984e+08  8.92776984e+08  1.14e-08 2.42e-09  5.75e-09     8s

Barrier solved model in 50 iterations and 7.85 seconds (7.46 work units)
Optimal objective 8.92776984e+08


Root crossover log...

    4317 DPushes remaining with DInf 0.0000000e+00                 8s
       0 DPushes remaining with DInf 0.0000000e+00                 8s

     470 PPushes remaining with PInf 3.3160349e-04                 8s
       0 PPushes remaining with PInf 0.0000000e+00                 8s

  Push phase complete: Pinf 0.0000000e+00, Dinf 1.7255957e-08      8s


Root simplex log...

Iteration    Objective       Primal Inf.    Dual Inf.      Time
    4765    8.9277698e+08   0.000000e+00   0.000000e+00      8s
Concurrent spin time: 0.01s

Solved with barrier
    4765    8.9277698e+08   0.000000e+00   0.000000e+00      8s

Root relaxation: objective 8.927770e+08, 4765 iterations, 5.65 seconds (2.67 work units)

    Nodes    |    Current Node    |     Objective Bounds      |     Work
 Expl Unexpl |  Obj  Depth IntInf | Incumbent    BestBd   Gap | It/Node Time

     0     0 8.9278e+08    0  285          - 8.9278e+08      -     -    8s
     0     0 8.9275e+08    0  268          - 8.9275e+08      -     -   20s
     0     0 8.9275e+08    0  253          - 8.9275e+08      -     -   21s
     0     0 8.9275e+08    0  265          - 8.9275e+08      -     -   22s
     0     0 8.9275e+08    0  265          - 8.9275e+08      -     -   23s
     0     0 8.9275e+08    0  265          - 8.9275e+08      -     -   23s
     0     0 8.9275e+08    0  266          - 8.9275e+08      -     -   25s
     0     0 8.9275e+08    0  261          - 8.9275e+08      -     -   25s
     0     0 8.9275e+08    0  234          - 8.9275e+08      -     -   27s
     0     0 8.9275e+08    0  259          - 8.9275e+08      -     -   27s
     0     0 8.9275e+08    0  242          - 8.9275e+08      -     -   28s
     0     0 8.9275e+08    0  254          - 8.9275e+08      -     -   29s
     0     0 8.9275e+08    0  252          - 8.9275e+08      -     -   30s
     0     0 8.9275e+08    0  255          - 8.9275e+08      -     -   30s
     0     0 8.9275e+08    0  254          - 8.9275e+08      -     -   31s
     0     0 8.9275e+08    0  254          - 8.9275e+08      -     -   32s
     0     0 8.9275e+08    0  263          - 8.9275e+08      -     -   32s
     0     0 8.9274e+08    0  249          - 8.9274e+08      -     -   34s
     0     0 8.9274e+08    0  257          - 8.9274e+08      -     -   34s
     0     0 8.9274e+08    0  256          - 8.9274e+08      -     -   35s
     0     0 8.9274e+08    0  256          - 8.9274e+08      -     -   36s
     0     0 8.9274e+08    0  259          - 8.9274e+08      -     -   37s
     0     0 8.9274e+08    0  248          - 8.9274e+08      -     -   38s
     0     0 8.9274e+08    0  247          - 8.9274e+08      -     -   39s
     0     2 8.9274e+08    0  242          - 8.9274e+08      -     -   71s
     7    16 8.9274e+08    3  252          - 8.9274e+08      -   302   75s
    23    32 8.9274e+08    4  255          - 8.9274e+08      -   174   81s
    39    48 8.9274e+08    6  250          - 8.9274e+08      -   196   87s
    55    72 8.9274e+08    7  250          - 8.9274e+08      -   185   93s
    71    97 8.9274e+08    8  254          - 8.9274e+08      -   176  101s
    96   149 8.9274e+08   10  269          - 8.9274e+08      -   167  121s
   148   259 8.9274e+08   17  278          - 8.9274e+08      -   162  162s
   258   536 8.9274e+08   24  275          - 8.9274e+08      -   152  231s
   535  1508 8.9273e+08   49  270          - 8.9274e+08      -   137  350s
  1507  2634 8.9268e+08  108  222          - 8.9274e+08      -   106  427s
  2633  3992 8.9265e+08  152  226          - 8.9274e+08      -  82.9  487s
  4043  5374 8.9262e+08  208  171          - 8.9274e+08      -  63.8  533s
  5517  6857 8.9260e+08  287  151          - 8.9274e+08      -  52.3  571s
  7006  8434 8.9255e+08  359  149          - 8.9274e+08      -  44.5  613s
  8636  8435 8.9269e+08   58  247          - 8.9274e+08      -  38.0  624s
H 8637  8014                    8.861804e+08 8.9274e+08  0.74%  38.0  646s
  8639  8015 8.9183e+08  852  280 8.8618e+08 8.9271e+08  0.74%  38.0  662s
  8640  8016 8.9267e+08  137  260 8.8618e+08 8.9267e+08  0.73%  38.0  677s
  8644  8018 8.9214e+08  625  256 8.8618e+08 8.9267e+08  0.73%  38.0  682s
  8645  8019 8.9247e+08  338  272 8.8618e+08 8.9267e+08  0.73%  38.0  693s
  8646  8020 8.9245e+08  381  222 8.8618e+08 8.9267e+08  0.73%  38.0  695s
  8652  8024 8.9128e+08 1221  298 8.8618e+08 8.9267e+08  0.73%  38.0  700s
  8656  8026 8.9221e+08  673  273 8.8618e+08 8.9266e+08  0.73%  38.0  708s
  8657  8027 8.9266e+08   64  287 8.8618e+08 8.9266e+08  0.73%  38.0  711s
  8659  8028 8.9266e+08   10  289 8.8618e+08 8.9266e+08  0.73%  37.9  717s
  8660  8029 8.9012e+08  882  285 8.8618e+08 8.9266e+08  0.73%  37.9  723s
  8661  8030 8.8989e+08  961  291 8.8618e+08 8.9266e+08  0.73%  37.9  726s
  8662  8030 8.9255e+08  226  292 8.8618e+08 8.9266e+08  0.73%  37.9  730s
  8665  8032 8.9249e+08  291  252 8.8618e+08 8.9266e+08  0.73%  37.9  735s
  8669  8036 8.8858e+08 1123  247 8.8618e+08 8.9266e+08  0.73%  40.9  740s
H 8670  7635                    8.865156e+08 8.9266e+08  0.69%  40.9  760s
H 8670  7253                    8.865278e+08 8.9266e+08  0.69%  40.9  762s
H 8671  6890                    8.874367e+08 8.9266e+08  0.59%  40.9  783s
  8673  6892 8.9266e+08   62  274 8.8744e+08 8.9266e+08  0.59%  40.8  791s
  8675  6893 8.9106e+08 1148  261 8.8744e+08 8.9266e+08  0.59%  40.8  796s
  8678  6895 8.8978e+08  654  281 8.8744e+08 8.9266e+08  0.59%  40.8  800s
H 8680  6551                    8.885143e+08 8.9266e+08  0.47%  40.8  814s
  8682  6553 8.9175e+08  749  306 8.8851e+08 8.9266e+08  0.47%  40.8  818s
  8683  6553 8.8978e+08  655  309 8.8851e+08 8.9266e+08  0.47%  40.8  822s
  8685  6555 8.9195e+08  700  311 8.8851e+08 8.9266e+08  0.47%  40.8  831s
  8686  6555 8.9185e+08  769  312 8.8851e+08 8.9266e+08  0.47%  40.8  836s
  8687  6556 8.9141e+08  808  303 8.8851e+08 8.9266e+08  0.47%  40.8  842s
  8690  6559 8.9200e+08  744  247 8.8851e+08 8.9266e+08  0.47%  43.1  845s
H 8691  6232                    8.887926e+08 8.9266e+08  0.44%  43.1  868s
H 8691  5920                    8.888850e+08 8.9266e+08  0.42%  43.1  868s
  8693  5921 8.9251e+08  350  266 8.8888e+08 8.9266e+08  0.42%  43.1  885s
  8694  5922 8.9260e+08  247  269 8.8888e+08 8.9266e+08  0.42%  43.1  899s
  8695  5922 8.9266e+08   41  254 8.8888e+08 8.9266e+08  0.42%  43.1  900s
  8700  5926 8.9266e+08   17  292 8.8888e+08 8.9266e+08  0.42%  43.0  906s
  8701  5926 8.9252e+08  372  287 8.8888e+08 8.9266e+08  0.42%  43.0  910s
  8704  5928 8.9249e+08  385  283 8.8888e+08 8.9266e+08  0.42%  43.0  919s
  8705  5929 8.9206e+08  829  290 8.8888e+08 8.9266e+08  0.42%  43.0  922s
  8706  5930 8.9266e+08   16  293 8.8888e+08 8.9266e+08  0.42%  43.0  928s
  8707  5930 8.9204e+08  795  294 8.8888e+08 8.9266e+08  0.42%  43.0  931s
  8708  5931 8.9221e+08  420  294 8.8888e+08 8.9266e+08  0.42%  43.0  935s
  8709  5932 8.9262e+08  143  294 8.8888e+08 8.9266e+08  0.42%  43.0  940s
  8710  5932 8.9262e+08  115  294 8.8888e+08 8.9263e+08  0.42%  43.0  968s
H 8710  5637                    8.892556e+08 8.9263e+08  0.38%  45.4  973s
  8711  5639 8.9263e+08   39  279 8.8926e+08 8.9263e+08  0.38%  45.6  975s
  8717  5649 8.9263e+08   41  267 8.8926e+08 8.9263e+08  0.38%  45.7  986s
  8725  5654 8.9263e+08   42  273 8.8926e+08 8.9263e+08  0.38%  45.9  994s
  8733  5660 8.9263e+08   42  281 8.8926e+08 8.9263e+08  0.38%  46.1 1000s
  8741  5665 8.9263e+08   43  232 8.8926e+08 8.9263e+08  0.38%  46.2 1008s
  8749  5670 8.9263e+08   43  279 8.8926e+08 8.9263e+08  0.38%  46.4 1015s
  8757  5676 8.9263e+08   44  219 8.8926e+08 8.9263e+08  0.38%  46.5 1021s

Cutting planes:
  Gomory: 2
  Cover: 14
  Implied bound: 4
  MIR: 13
  StrongCG: 2
  Flow cover: 12
  GUB cover: 1
  Zero half: 3
  RLT: 3

Explored 8767 nodes (420216 simplex iterations) in 1023.14 seconds (648.61 work units)
Thread count was 16 (of 16 available processors)

Solution count 8: 8.89256e+08 8.88885e+08 8.88793e+08 ... 8.8618e+08

Solve interrupted
Best objective 8.892555955761e+08, best bound 8.926268542150e+08, gap 0.3791%
