
Gurobi 10.0.1 (linux64) logging started Sat May 20 09:34:26 2023

Set parameter LogFile to value "logFiles/A-2L-D/A-2L-6U-22F-15V-365D/basic-05-20-2023, 09-34-H60-P80-O7.log"
Gurobi Optimizer version 10.0.1 build v10.0.1rc0 (linux64)

CPU model: Intel(R) Xeon(R) Gold 5115 CPU @ 2.40GHz, instruction set [SSE2|AVX|AVX2|AVX512]
Thread count: 20 physical cores, 40 logical processors, using up to 20 threads

Optimize a model with 61931 rows, 546707 columns and 2652753 nonzeros
Model fingerprint: 0xa35ae0f8
Variable types: 385438 continuous, 161269 integer (161269 binary)
Coefficient statistics:
  Matrix range     [1e+00, 2e+05]
  Objective range  [4e+01, 3e+07]
  Bounds range     [1e+00, 1e+00]
  RHS range        [1e+00, 3e+06]
Presolve removed 45734 rows and 16132 columns (presolve time = 5s) ...
Presolve removed 45734 rows and 16138 columns (presolve time = 10s) ...
Presolve removed 45709 rows and 16210 columns
Presolve time: 12.65s
Presolved: 16222 rows, 530497 columns, 2384543 nonzeros
Variable types: 373786 continuous, 156711 integer (156699 binary)
Deterministic concurrent LP optimizer: primal simplex, dual simplex, and barrier
Showing barrier log only...

Root barrier log...

Ordering time: 3.37s

Barrier statistics:
 AA' NZ     : 1.199e+06
 Factor NZ  : 6.313e+06 (roughly 270 MB of memory)
 Factor Ops : 6.921e+09 (less than 1 second per iteration)
 Threads    : 17

                  Objective                Residual
Iter       Primal          Dual         Primal    Dual     Compl     Time
   0  -3.47373771e+16  4.91210701e+13  1.16e+09 9.76e+06  3.04e+12    21s
   1  -7.15392074e+15  5.54860276e+13  2.39e+08 8.95e+06  6.32e+11    21s
   2  -1.91383472e+15  5.03143236e+13  6.39e+07 3.35e-08  1.74e+11    21s
   3  -4.07267972e+13  4.21023357e+13  1.36e+06 3.48e-08  3.83e+09    22s
   4  -3.16385154e+12  1.77991986e+13  1.06e+05 3.48e-08  3.16e+08    22s
   5  -5.81173353e+11  9.28595325e+12  1.95e+04 3.48e-08  6.35e+07    22s
   6  -2.92687676e+11  6.44750246e+12  9.84e+03 1.99e-08  3.23e+07    22s
   7  -2.30512819e+11  5.62855162e+12  7.77e+03 1.87e-08  2.54e+07    22s
   8  -1.79465689e+11  3.34897093e+12  6.06e+03 2.53e-07  1.74e+07    23s
   9  -8.31044014e+10  1.89905684e+12  2.85e+03 1.97e-07  7.89e+06    23s
  10  -5.61079141e+10  1.48999311e+12  1.96e+03 1.84e-07  5.42e+06    23s
  11  -1.60047335e+10  6.12925725e+11  6.21e+02 1.34e-07  1.70e+06    23s
  12  -8.29723041e+09  3.48556316e+11  3.65e+02 2.38e-07  9.49e+05    24s
  13  -7.07374606e+08  1.72119300e+11  1.14e+02 1.19e-07  3.43e+05    24s
  14   3.98007554e+08  1.15217851e+11  7.77e+01 8.68e-08  2.30e+05    24s
  15   1.04248801e+09  8.00807895e+10  5.70e+01 8.94e-08  1.63e+05    24s
  16   1.35787715e+09  6.50799714e+10  4.69e+01 1.74e-07  1.33e+05    24s
  17   2.00367026e+09  5.36240795e+10  2.63e+01 2.38e-07  8.93e+04    25s
  18   2.32321967e+09  3.67577428e+10  1.61e+01 1.61e-07  5.75e+04    25s
  19   2.47757272e+09  2.32831555e+10  1.12e+01 1.81e-07  3.71e+04    25s
  20   2.51284989e+09  2.09297208e+10  1.01e+01 1.79e-07  3.31e+04    26s
  21   2.54628025e+09  1.52774223e+10  9.11e+00 2.00e-07  2.63e+04    26s
  22   2.65642027e+09  1.24207917e+10  5.88e+00 1.82e-07  1.85e+04    26s
  23   2.69731992e+09  1.06455998e+10  4.71e+00 1.99e-07  1.48e+04    27s
  24   2.75016295e+09  9.61599068e+09  3.54e+00 2.58e-07  1.19e+04    27s
  25   2.76009391e+09  9.30963668e+09  3.40e+00 2.38e-07  1.13e+04    27s
  26   2.83879970e+09  7.98180072e+09  1.79e+00 2.95e-07  7.44e+03    28s
  27   2.85987738e+09  7.47780456e+09  1.54e+00 2.82e-07  6.49e+03    28s
  28   2.89137616e+09  6.51721574e+09  1.31e+00 3.58e-07  5.07e+03    28s
  29   2.91252558e+09  5.41022290e+09  1.12e+00 2.85e-07  3.59e+03    29s
  30   2.95817620e+09  4.63488698e+09  7.34e-01 2.38e-07  2.27e+03    29s
  31   3.00976319e+09  3.95511622e+09  4.58e-01 2.41e-07  1.23e+03    29s
  32   3.04886590e+09  3.58303696e+09  2.72e-01 1.44e-07  6.60e+02    29s
  33   3.07345237e+09  3.48072490e+09  1.72e-01 2.38e-07  4.72e+02    30s
  34   3.07859109e+09  3.40930375e+09  1.54e-01 2.75e-07  3.84e+02    30s
  35   3.08183947e+09  3.36989257e+09  1.39e-01 2.32e-07  3.33e+02    30s
  36   3.08822266e+09  3.35510899e+09  1.18e-01 2.38e-07  3.02e+02    30s
  37   3.09710463e+09  3.32494801e+09  8.84e-02 2.38e-07  2.51e+02    31s
  38   3.10218694e+09  3.29019235e+09  7.43e-02 2.74e-07  2.05e+02    31s
  39   3.10638231e+09  3.22801718e+09  6.29e-02 1.89e-07  1.34e+02    31s
  40   3.11270188e+09  3.21203547e+09  4.77e-02 1.88e-07  1.08e+02    31s
  41   3.11673566e+09  3.19479809e+09  3.87e-02 2.58e-07  8.45e+01    32s
  42   3.12081627e+09  3.17160363e+09  3.08e-02 1.79e-07  5.56e+01    32s
  43   3.12721399e+09  3.16685736e+09  1.98e-02 2.33e-07  4.22e+01    32s
  44   3.12998003e+09  3.16306055e+09  1.58e-02 2.38e-07  3.49e+01    33s
  45   3.13039015e+09  3.16195384e+09  1.53e-02 2.72e-07  3.34e+01    33s
  46   3.13297860e+09  3.15698121e+09  1.19e-02 2.53e-07  2.54e+01    33s
  47   3.13394164e+09  3.15550808e+09  1.09e-02 2.52e-07  2.28e+01    34s
  48   3.13591038e+09  3.15385355e+09  8.88e-03 2.92e-07  1.89e+01    34s
  49   3.13653579e+09  3.15266868e+09  8.28e-03 2.43e-07  1.70e+01    34s
  50   3.13773475e+09  3.15184953e+09  7.15e-03 3.07e-07  1.48e+01    35s
  51   3.13891080e+09  3.15074583e+09  6.06e-03 2.94e-07  1.24e+01    35s
  52   3.14001449e+09  3.15059662e+09  5.12e-03 2.68e-07  1.10e+01    36s
  53   3.14101710e+09  3.14964630e+09  4.33e-03 2.33e-07  9.02e+00    36s
  54   3.14226136e+09  3.14920153e+09  3.36e-03 2.58e-07  7.22e+00    36s
  55   3.14245168e+09  3.14895469e+09  3.22e-03 2.24e-07  6.78e+00    36s
  56   3.14292416e+09  3.14881687e+09  2.87e-03 2.33e-07  6.13e+00    37s
  57   3.14319139e+09  3.14860531e+09  2.68e-03 1.82e-07  5.63e+00    37s
  58   3.14386608e+09  3.14835987e+09  2.22e-03 1.75e-07  4.67e+00    38s
  59   3.14483391e+09  3.14818701e+09  1.58e-03 1.82e-07  3.46e+00    38s
  60   3.14536052e+09  3.14792627e+09  1.22e-03 2.10e-07  2.65e+00    38s
  61   3.14554875e+09  3.14772524e+09  1.10e-03 2.12e-07  2.25e+00    39s
  62   3.14599896e+09  3.14763991e+09  8.08e-04 1.28e-07  1.69e+00    39s
  63   3.14627588e+09  3.14758928e+09  6.28e-04 1.79e-07  1.35e+00    39s
  64   3.14656975e+09  3.14747077e+09  4.41e-04 1.49e-07  9.30e-01    40s
  65   3.14676532e+09  3.14743486e+09  3.18e-04 1.74e-07  6.89e-01    40s
  66   3.14699564e+09  3.14740352e+09  1.77e-04 2.06e-07  4.17e-01    40s
  67   3.14704126e+09  3.14735300e+09  1.48e-04 1.87e-07  3.21e-01    41s
  68   3.14707941e+09  3.14734934e+09  1.24e-04 1.95e-07  2.77e-01    41s
  69   3.14714525e+09  3.14731519e+09  8.29e-05 1.79e-07  1.76e-01    41s
  70   3.14717793e+09  3.14730338e+09  6.29e-05 1.55e-07  1.30e-01    42s
  71   3.14722338e+09  3.14730009e+09  3.50e-05 1.88e-07  7.89e-02    42s
  72   3.14724336e+09  3.14728636e+09  2.28e-05 1.68e-07  4.49e-02    42s
  73   3.14726467e+09  3.14728367e+09  1.01e-05 1.19e-07  1.99e-02    43s
  74   3.14727317e+09  3.14728338e+09  4.97e-06 1.79e-07  1.07e-02    43s
  75   3.14727574e+09  3.14728270e+09  3.44e-06 1.29e-07  7.37e-03    43s
  76   3.14727781e+09  3.14728223e+09  2.22e-06 1.79e-07  4.68e-03    44s
  77   3.14727927e+09  3.14728209e+09  1.37e-06 1.19e-07  2.97e-03    44s
  78   3.14728159e+09  3.14728186e+09  5.69e-08 1.78e-07  2.68e-04    44s
  79   3.14728171e+09  3.14728173e+09  1.54e-09 1.47e-07  1.91e-05    44s
  80   3.14728171e+09  3.14728172e+09  3.78e-08 1.54e-07  2.94e-06    45s
  81   3.14728171e+09  3.14728171e+09  3.28e-08 1.56e-07  6.66e-08    45s
  82   3.14728171e+09  3.14728171e+09  2.51e-07 1.50e-07  1.17e-10    45s

Barrier solved model in 82 iterations and 45.39 seconds (36.20 work units)
Optimal objective 3.14728171e+09


Root crossover log...

   13116 DPushes remaining with DInf 0.0000000e+00                46s
       0 DPushes remaining with DInf 0.0000000e+00                46s

    1813 PPushes remaining with PInf 0.0000000e+00                46s
       0 PPushes remaining with PInf 0.0000000e+00                46s

  Push phase complete: Pinf 0.0000000e+00, Dinf 1.5941296e+00     46s


Root simplex log...

Iteration    Objective       Primal Inf.    Dual Inf.      Time
   14881    3.1472817e+09   0.000000e+00   1.594130e+00     46s
   14885    3.1472817e+09   0.000000e+00   0.000000e+00     46s
Concurrent spin time: 0.01s

Solved with barrier
   14885    3.1472817e+09   0.000000e+00   0.000000e+00     46s

Root relaxation: objective 3.147282e+09, 14885 iterations, 31.80 seconds (21.93 work units)

    Nodes    |    Current Node    |     Objective Bounds      |     Work
 Expl Unexpl |  Obj  Depth IntInf | Incumbent    BestBd   Gap | It/Node Time

     0     0 3.1473e+09    0  202          - 3.1473e+09      -     -   48s
     0     0 3.1473e+09    0  187          - 3.1473e+09      -     -   70s
     0     0 3.1473e+09    0  187          - 3.1473e+09      -     -   78s
     0     0 3.1473e+09    0  172          - 3.1473e+09      -     -   89s
     0     0 3.1473e+09    0  169          - 3.1473e+09      -     -   96s
     0     0 3.1473e+09    0  167          - 3.1473e+09      -     -  104s
     0     0 3.1473e+09    0  164          - 3.1473e+09      -     -  107s
     0     0 3.1473e+09    0  167          - 3.1473e+09      -     -  114s
     0     0 3.1473e+09    0  166          - 3.1473e+09      -     -  117s
     0     0 3.1473e+09    0  168          - 3.1473e+09      -     -  122s
     0     0 3.1473e+09    0  165          - 3.1473e+09      -     -  128s
     0     0 3.1473e+09    0  160          - 3.1473e+09      -     -  132s
     0     0 3.1473e+09    0  146          - 3.1473e+09      -     -  156s
     0     2 3.1473e+09    0  145          - 3.1473e+09      -     -  279s
     1     4 3.1473e+09    1  148          - 3.1473e+09      -  6206  295s
     3     8 3.1473e+09    2  160          - 3.1473e+09      -  2664  320s
     7    16 3.1473e+09    3  163          - 3.1473e+09      -  1856  350s
    15    32 3.1473e+09    4  157          - 3.1473e+09      -  1499  392s
    31    52 3.1473e+09    5  155          - 3.1473e+09      -  1389  425s
    51    72 3.1473e+09    6  175          - 3.1473e+09      -  1097  459s
    71    92 3.1472e+09    6  131          - 3.1473e+09      -  1127  512s
    91   112 3.1472e+09    7  150          - 3.1473e+09      -  1204  550s
   111   132 3.1473e+09    7  179          - 3.1473e+09      -  1137  584s
   131   153 3.1473e+09    8  154          - 3.1473e+09      -  1042  618s
   152   174 3.1472e+09    9  135          - 3.1473e+09      -   974  659s
   173   194 3.1473e+09    9  157          - 3.1473e+09      -   921  718s
   193   214 3.1473e+09   10  163          - 3.1473e+09      -   889  764s
   213   237 3.1472e+09   10  158          - 3.1473e+09      -   848  803s
H  231   237                    3.136658e+09 3.1473e+09  0.34%   817  805s

Cutting planes:
  Cover: 29
  Implied bound: 31
  Clique: 3
  MIR: 30
  Flow cover: 56
  GUB cover: 2
  RLT: 5
  Relax-and-lift: 16

Explored 236 nodes (230602 simplex iterations) in 805.17 seconds (759.84 work units)
Thread count was 20 (of 40 available processors)

Solution count 2: 3.13666e+09 3.13666e+09 

Optimal solution found (tolerance 5.00e-03)
Best objective 3.136657895564e+09, best bound 3.147260431916e+09, gap 0.3380%
Gurobi Optimizer version 10.0.1 build v10.0.1rc0 (linux64)

CPU model: Intel(R) Xeon(R) Gold 5115 CPU @ 2.40GHz, instruction set [SSE2|AVX|AVX2|AVX512]
Thread count: 20 physical cores, 40 logical processors, using up to 20 threads

Optimize a model with 98534 rows, 871349 columns and 4683049 nonzeros
Model fingerprint: 0xf8ee1910
Variable types: 428677 continuous, 442672 integer (442672 binary)
Coefficient statistics:
  Matrix range     [1e+00, 2e+05]
  Objective range  [4e+01, 3e+07]
  Bounds range     [9e-12, 3e+05]
  RHS range        [1e+00, 4e+06]
Presolve removed 81126 rows and 465327 columns (presolve time = 5s) ...
Presolve removed 81446 rows and 470146 columns (presolve time = 10s) ...
Presolve removed 81993 rows and 488605 columns (presolve time = 15s) ...
Presolve removed 81956 rows and 488568 columns
Presolve time: 15.86s
Presolved: 16578 rows, 382781 columns, 1730023 nonzeros
Variable types: 271175 continuous, 111606 integer (111592 binary)
Deterministic concurrent LP optimizer: primal simplex, dual simplex, and barrier
Showing barrier log only...

Root barrier log...

Ordering time: 1.56s

Barrier statistics:
 AA' NZ     : 9.068e+05
 Factor NZ  : 5.404e+06 (roughly 200 MB of memory)
 Factor Ops : 6.563e+09 (less than 1 second per iteration)
 Threads    : 17

                  Objective                Residual
Iter       Primal          Dual         Primal    Dual     Compl     Time
   0  -1.07310711e+16  1.96899546e+13  3.58e+08 2.15e+06  4.06e+11    21s
   1  -2.23181998e+15  1.90117470e+13  7.46e+07 2.60e+06  8.47e+10    22s
   2  -6.69146456e+14  1.24744067e+13  2.25e+07 1.06e+05  2.61e+10    22s
   3  -2.35235605e+13  8.81443524e+12  7.91e+05 1.13e-08  9.33e+08    22s
   4  -3.19123404e+12  2.53901400e+12  1.07e+05 1.49e-08  1.29e+08    22s
   5  -7.52228180e+11  1.28506498e+12  2.53e+04 1.12e-08  3.13e+07    22s
   6  -2.88629932e+11  8.57921228e+11  9.74e+03 9.55e-09  1.23e+07    23s
   7  -1.74367743e+11  7.23387521e+11  5.90e+03 2.78e-07  7.59e+06    23s
   8  -6.96661993e+10  4.77695366e+11  2.39e+03 4.00e-08  3.13e+06    23s
   9  -2.90406765e+10  3.13601220e+11  1.03e+03 1.73e-07  1.39e+06    23s
  10  -7.05372735e+09  1.19552768e+11  2.98e+02 1.46e-07  3.98e+05    23s
  11  -3.45314205e+07  5.65554043e+10  6.43e+01 2.05e-08  1.19e+05    24s
  12   8.93751628e+08  3.82178184e+10  3.46e+01 3.85e-08  7.29e+04    24s
  13   1.42654290e+09  2.42575611e+10  1.80e+01 2.24e-08  4.22e+04    24s
  14   1.55257727e+09  1.68236820e+10  1.41e+01 2.14e-08  2.95e+04    24s
  15   1.68106186e+09  1.55011500e+10  1.01e+01 3.73e-08  2.50e+04    25s
  16   1.77937044e+09  1.12716081e+10  7.11e+00 2.61e-08  1.73e+04    25s
  17   1.80719580e+09  8.89049417e+09  6.24e+00 2.89e-08  1.36e+04    25s
  18   1.86627787e+09  6.06733645e+09  4.39e+00 5.22e-08  8.83e+03    25s
  19   1.89141619e+09  5.34097310e+09  3.63e+00 8.75e-08  7.34e+03    26s
  20   1.91551767e+09  4.98630603e+09  3.23e+00 8.85e-08  6.53e+03    26s
  21   1.92991095e+09  4.62505581e+09  3.03e+00 1.01e-07  5.82e+03    26s
  22   1.95250392e+09  4.26466195e+09  2.52e+00 1.10e-07  4.88e+03    26s
  23   1.96702978e+09  3.85380094e+09  2.29e+00 1.02e-07  4.07e+03    27s
  24   1.98852692e+09  3.45224344e+09  1.95e+00 1.09e-07  3.17e+03    27s
  25   2.00419960e+09  3.11860605e+09  1.70e+00 8.10e-08  2.43e+03    27s
  26   2.02588921e+09  2.89301734e+09  1.36e+00 6.52e-08  1.83e+03    28s
  27   2.04024793e+09  2.71407641e+09  1.12e+00 6.80e-08  1.39e+03    28s
  28   2.06407928e+09  2.59120199e+09  7.16e-01 6.33e-08  9.72e+02    28s
  29   2.07086805e+09  2.48416708e+09  6.36e-01 6.15e-08  7.55e+02    29s
  30   2.10378755e+09  2.41454436e+09  1.98e-01 3.45e-08  4.63e+02    29s
  31   2.10691574e+09  2.30127674e+09  1.71e-01 2.79e-08  2.83e+02    29s
  32   2.12087309e+09  2.23789545e+09  6.26e-02 1.96e-08  1.59e+02    29s
  33   2.12319786e+09  2.22816125e+09  5.60e-02 2.33e-08  1.42e+02    30s
  34   2.12527947e+09  2.20279941e+09  4.81e-02 1.58e-08  1.04e+02    30s
  35   2.12665678e+09  2.19491992e+09  4.31e-02 1.77e-08  9.14e+01    30s
  36   2.12766383e+09  2.18461078e+09  3.96e-02 1.40e-08  7.59e+01    30s
  37   2.12871927e+09  2.18328549e+09  3.61e-02 1.30e-08  7.26e+01    30s
  38   2.12965471e+09  2.18244235e+09  3.32e-02 1.49e-08  7.02e+01    31s
  39   2.13324220e+09  2.17818537e+09  2.49e-02 1.30e-08  5.95e+01    31s
  40   2.13346362e+09  2.17003739e+09  2.44e-02 1.02e-08  4.83e+01    31s
  41   2.13483774e+09  2.16573355e+09  2.17e-02 8.38e-09  4.06e+01    31s
  42   2.13691442e+09  2.16192845e+09  1.73e-02 7.45e-09  3.28e+01    32s
  43   2.13741780e+09  2.16093316e+09  1.63e-02 1.02e-08  3.08e+01    32s
  44   2.13876365e+09  2.15842985e+09  1.40e-02 1.21e-08  2.57e+01    32s
  45   2.13996523e+09  2.15702083e+09  1.21e-02 1.12e-08  2.23e+01    32s
  46   2.14166554e+09  2.15556046e+09  9.29e-03 8.38e-09  1.81e+01    33s
  47   2.14236319e+09  2.15458955e+09  8.41e-03 8.38e-09  1.59e+01    33s
  48   2.14262685e+09  2.15424831e+09  8.07e-03 7.45e-09  1.51e+01    33s
  49   2.14395089e+09  2.15359438e+09  6.72e-03 7.92e-09  1.26e+01    33s
  50   2.14516516e+09  2.15296938e+09  5.59e-03 7.45e-09  1.02e+01    34s
  51   2.14608855e+09  2.15258326e+09  4.68e-03 7.45e-09  8.44e+00    34s
  52   2.14675384e+09  2.15231498e+09  4.00e-03 7.45e-09  7.23e+00    34s
  53   2.14779718e+09  2.15200685e+09  2.95e-03 7.45e-09  5.47e+00    34s
  54   2.14863322e+09  2.15186057e+09  2.19e-03 7.45e-09  4.19e+00    35s
  55   2.14900814e+09  2.15174432e+09  1.84e-03 7.68e-09  3.56e+00    35s
  56   2.14928000e+09  2.15157361e+09  1.62e-03 8.47e-09  2.98e+00    35s
  57   2.14972962e+09  2.15145476e+09  1.21e-03 1.01e-08  2.24e+00    35s
  58   2.15004427e+09  2.15138985e+09  9.47e-04 7.22e-09  1.75e+00    36s
  59   2.15028051e+09  2.15134686e+09  7.40e-04 7.45e-09  1.38e+00    36s
  60   2.15054108e+09  2.15129751e+09  5.16e-04 7.45e-09  9.82e-01    37s
  61   2.15077572e+09  2.15124848e+09  3.17e-04 7.57e-09  6.14e-01    37s
  62   2.15091297e+09  2.15123436e+09  2.00e-04 7.45e-09  4.18e-01    37s
  63   2.15100322e+09  2.15121507e+09  1.26e-04 9.34e-09  2.75e-01    38s
  64   2.15106759e+09  2.15119201e+09  7.43e-05 7.45e-09  1.62e-01    38s
  65   2.15109799e+09  2.15118340e+09  4.91e-05 7.45e-09  1.11e-01    38s
  66   2.15110358e+09  2.15118173e+09  4.47e-05 7.45e-09  1.02e-01    39s
  67   2.15110890e+09  2.15118131e+09  4.07e-05 7.45e-09  9.41e-02    39s
  68   2.15112218e+09  2.15117963e+09  3.06e-05 7.33e-09  7.47e-02    39s
  69   2.15113491e+09  2.15116641e+09  2.09e-05 7.45e-09  4.09e-02    39s
  70   2.15115131e+09  2.15116415e+09  1.06e-05 5.94e-09  1.67e-02    39s
  71   2.15115451e+09  2.15116349e+09  7.57e-06 7.45e-09  1.17e-02    40s
  72   2.15115828e+09  2.15116298e+09  3.82e-06 7.45e-09  6.11e-03    40s
  73   2.15115955e+09  2.15116268e+09  2.65e-06 7.45e-09  4.07e-03    40s
  74   2.15116171e+09  2.15116267e+09  7.46e-07 7.45e-09  1.24e-03    40s
  75   2.15116179e+09  2.15116263e+09  6.73e-07 7.45e-09  1.08e-03    41s
  76   2.15116239e+09  2.15116262e+09  1.73e-07 7.45e-09  2.98e-04    41s
  77   2.15116253e+09  2.15116262e+09  6.94e-08 7.45e-09  1.27e-04    41s
  78   2.15116261e+09  2.15116262e+09  9.62e-09 7.45e-09  1.65e-05    42s
  79   2.15116262e+09  2.15116262e+09  3.61e-09 5.12e-09  7.99e-07    42s
  80   2.15116262e+09  2.15116262e+09  3.79e-10 6.52e-09  1.06e-08    42s
  81   2.15116262e+09  2.15116262e+09  4.01e-10 5.82e-09  4.51e-09    43s

Barrier solved model in 81 iterations and 42.70 seconds (39.44 work units)
Optimal objective 2.15116262e+09


Root crossover log...

   10001 DPushes remaining with DInf 0.0000000e+00                43s
       0 DPushes remaining with DInf 0.0000000e+00                43s

     513 PPushes remaining with PInf 2.1659897e-05                43s
       0 PPushes remaining with PInf 0.0000000e+00                43s

  Push phase complete: Pinf 0.0000000e+00, Dinf 1.8465178e+02     43s


Root simplex log...

Iteration    Objective       Primal Inf.    Dual Inf.      Time
    9955    2.1511626e+09   0.000000e+00   1.846518e+02     43s
    9958    2.1511626e+09   0.000000e+00   0.000000e+00     43s
Concurrent spin time: 0.00s

Solved with barrier
    9958    2.1511626e+09   0.000000e+00   0.000000e+00     44s

Root relaxation: objective 2.151163e+09, 9958 iterations, 25.66 seconds (15.69 work units)

    Nodes    |    Current Node    |     Objective Bounds      |     Work
 Expl Unexpl |  Obj  Depth IntInf | Incumbent    BestBd   Gap | It/Node Time

     0     0 2.1512e+09    0  191          - 2.1512e+09      -     -   45s
     0     0 2.1511e+09    0  192          - 2.1511e+09      -     -   69s
     0     0 2.1511e+09    0  193          - 2.1511e+09      -     -   78s
     0     0 2.1511e+09    0  197          - 2.1511e+09      -     -   79s
     0     0 2.1511e+09    0  207          - 2.1511e+09      -     -   86s
     0     0 2.1511e+09    0  207          - 2.1511e+09      -     -   93s
     0     0 2.1511e+09    0  207          - 2.1511e+09      -     -   94s
     0     0 2.1511e+09    0  216          - 2.1511e+09      -     -  105s
     0     0 2.1511e+09    0  211          - 2.1511e+09      -     -  113s
     0     0 2.1511e+09    0  211          - 2.1511e+09      -     -  113s
     0     0 2.1511e+09    0  214          - 2.1511e+09      -     -  124s
H    0     0                    1.999412e+09 2.1511e+09  7.59%     -  136s
     0     0 2.1511e+09    0  228 1.9994e+09 2.1511e+09  7.59%     -  138s
     0     0 2.1511e+09    0  218 1.9994e+09 2.1511e+09  7.59%     -  143s
     0     0 2.1511e+09    0  214 1.9994e+09 2.1511e+09  7.59%     -  148s
H    0     0                    2.013128e+09 2.1511e+09  6.85%     -  199s
H    0     2                    2.013320e+09 2.1511e+09  6.84%     -  214s
     0     2 2.1511e+09    0  210 2.0133e+09 2.1511e+09  6.84%     -  214s
     1     4 2.1511e+09    1  195 2.0133e+09 2.1511e+09  6.84%  2184  228s
     3     8 2.1511e+09    2  206 2.0133e+09 2.1511e+09  6.84%  1887  250s
     7    16 2.1511e+09    3  210 2.0133e+09 2.1511e+09  6.84%  1805  276s
    15    32 2.1511e+09    4  224 2.0133e+09 2.1511e+09  6.84%  1677  320s
H   31    52                    2.023408e+09 2.1511e+09  6.31%  1855  371s
H   34    52                    2.031057e+09 2.1511e+09  5.91%  1777  372s
H   36    52                    2.032794e+09 2.1511e+09  5.82%  1730  372s
H   47    52                    2.035483e+09 2.1511e+09  5.68%  1513  373s
    51    72 2.1511e+09    6  224 2.0355e+09 2.1511e+09  5.68%  1558  404s
    71    92 2.1511e+09    7  219 2.0355e+09 2.1511e+09  5.68%  1384  436s
    91   112 2.1511e+09    8  228 2.0355e+09 2.1511e+09  5.68%  1242  583s
H   93   112                    2.039858e+09 2.1511e+09  5.45%  1223  583s
H   96   112                    2.054295e+09 2.1511e+09  4.71%  1210  584s
H  103   112                    2.075079e+09 2.1511e+09  3.66%  1152  585s
   111   134 2.1511e+09    9  213 2.0751e+09 2.1511e+09  3.66%  1107  608s
   133   156 2.1511e+09   10  207 2.0751e+09 2.1511e+09  3.66%   998  632s
   155   176 2.1511e+09   11  209 2.0751e+09 2.1511e+09  3.66%   948  953s
H  157   176                    2.075267e+09 2.1511e+09  3.65%   943  954s
H  157   176                    2.114010e+09 2.1511e+09  1.75%   943  955s
   175   205 2.1511e+09   12  211 2.1140e+09 2.1511e+09  1.75%   909  979s
H  204   225                    2.116305e+09 2.1511e+09  1.64%   862 1698s
H  205   225                    2.116574e+09 2.1511e+09  1.63%   861 1698s
H  206   225                    2.119647e+09 2.1511e+09  1.48%   862 1699s
H  207   225                    2.123448e+09 2.1511e+09  1.30%   858 1700s
H  212   225                    2.131106e+09 2.1511e+09  0.94%   853 1701s
   224   258 2.1511e+09   14  216 2.1311e+09 2.1511e+09  0.94%   833 1734s
   259   295 2.1511e+09   15  213 2.1311e+09 2.1511e+09  0.94%   798 1771s
   298   337 2.1511e+09   17  187 2.1311e+09 2.1511e+09  0.94%   777 1803s
   342   385 2.1511e+09   18  185 2.1311e+09 2.1511e+09  0.94%   749 1836s
   390   441 2.1510e+09   20  180 2.1311e+09 2.1511e+09  0.94%   729 1863s
   446   493 2.1510e+09   22  188 2.1311e+09 2.1511e+09  0.94%   703 1892s
   498   548 2.1510e+09   24  182 2.1311e+09 2.1511e+09  0.94%   692 1921s
   557   596 2.1510e+09   25  175 2.1311e+09 2.1511e+09  0.94%   677 1957s
   612   654 2.1510e+09   26  166 2.1311e+09 2.1511e+09  0.94%   667 1985s
   676   715 2.1510e+09   29  164 2.1311e+09 2.1511e+09  0.94%   646 2019s
   745   781 2.1510e+09   30  153 2.1311e+09 2.1511e+09  0.94%   625 2054s
   815   845 2.1510e+09   31  145 2.1311e+09 2.1511e+09  0.94%   609 2093s
   892   922 2.1510e+09   33  154 2.1311e+09 2.1511e+09  0.94%   594 2138s
   981   996 2.1510e+09   35  154 2.1311e+09 2.1511e+09  0.94%   575 2190s
H 1032   996                    2.133050e+09 2.1511e+09  0.85%   572 2191s
  1067  1116 2.1510e+09   40  150 2.1331e+09 2.1511e+09  0.85%   562 2241s
  1205  1244 2.1510e+09   44  128 2.1331e+09 2.1511e+09  0.85%   541 2290s
  1349  1381 2.1510e+09   45  131 2.1331e+09 2.1511e+09  0.85%   521 2338s
  1491  1520 2.1510e+09   49  140 2.1331e+09 2.1511e+09  0.85%   504 2393s
  1647  1690 2.1510e+09   56  140 2.1331e+09 2.1511e+09  0.85%   489 2456s
  1828  1895 2.1510e+09   68  140 2.1331e+09 2.1511e+09  0.85%   476 2512s
H 2039  1913                    2.134894e+09 2.1511e+09  0.76%   459 2746s
H 2042  1913                    2.134910e+09 2.1511e+09  0.76%   458 2747s
H 2043  1913                    2.135030e+09 2.1511e+09  0.75%   458 2748s
H 2045  1913                    2.135055e+09 2.1511e+09  0.75%   458 2748s
  2059  2161 2.1510e+09   75  136 2.1351e+09 2.1511e+09  0.75%   458 2820s
  2318  2457 2.1510e+09   79  133 2.1351e+09 2.1511e+09  0.75%   443 2893s
  2631  2816 2.1510e+09   91  134 2.1351e+09 2.1511e+09  0.75%   422 2986s
  3001  3133 2.1510e+09  101  136 2.1351e+09 2.1511e+09  0.75%   407 3081s
  3328  3732 2.1510e+09  114  135 2.1351e+09 2.1511e+09  0.75%   389 3193s
  3953  4362 2.1510e+09  143  124 2.1351e+09 2.1511e+09  0.75%   362 3321s
  4614  5083 2.1509e+09  174  122 2.1351e+09 2.1511e+09  0.75%   342 3454s
  5344  5853 2.1509e+09  197  117 2.1351e+09 2.1511e+09  0.75%   325 3607s
  6135  6829 2.1509e+09  237  122 2.1351e+09 2.1511e+09  0.75%   312 3781s
  7142  7837 2.1509e+09  299  117 2.1351e+09 2.1511e+09  0.75%   298 3985s
H 8175  7852                    2.135403e+09 2.1511e+09  0.73%   293 4476s
H 8175  7852                    2.135518e+09 2.1511e+09  0.73%   293 4476s
H 8178  7807                    2.139447e+09 2.1511e+09  0.54%   293 4477s
