
Gurobi 10.0.1 (linux64) logging started Sat May 20 20:44:23 2023

Set parameter LogFile to value "logFiles/A-2L-D/A-2L-6U-22F-15V-365D/basic-05-20-2023, 20-44-H90-P70-O70.log"
Gurobi Optimizer version 10.0.1 build v10.0.1rc0 (linux64)

CPU model: Intel(R) Xeon(R) Gold 5115 CPU @ 2.40GHz, instruction set [SSE2|AVX|AVX2|AVX512]
Thread count: 20 physical cores, 40 logical processors, using up to 20 threads

Optimize a model with 70450 rows, 644552 columns and 3380263 nonzeros
Model fingerprint: 0xbf2636b7
Variable types: 6735 continuous, 637817 integer (637817 binary)
Coefficient statistics:
  Matrix range     [1e+00, 2e+05]
  Objective range  [4e+01, 3e+07]
  Bounds range     [1e+00, 1e+00]
  RHS range        [1e+00, 3e+06]
Presolve removed 50146 rows and 23823 columns (presolve time = 5s) ...
Presolve removed 50106 rows and 23800 columns
Presolve time: 9.81s
Presolved: 20344 rows, 620752 columns, 2926933 nonzeros
Variable types: 1572 continuous, 619180 integer (619082 binary)
Deterministic concurrent LP optimizer: primal simplex, dual simplex, and barrier
Showing barrier log only...

Root barrier log...

Ordering time: 4.25s

Barrier statistics:
 AA' NZ     : 1.450e+06
 Factor NZ  : 7.957e+06 (roughly 300 MB of memory)
 Factor Ops : 9.604e+09 (less than 1 second per iteration)
 Threads    : 17

                  Objective                Residual
Iter       Primal          Dual         Primal    Dual     Compl     Time
   0  -5.34619861e+16  8.57326146e+13  3.87e+09 1.76e+07  5.91e+12    19s
   1  -9.57107141e+15  1.10415806e+14  6.94e+08 1.44e+07  1.06e+12    19s
   2  -7.39842805e+14  1.07672020e+14  5.45e+07 4.48e-08  8.46e+10    20s
   3  -1.38437046e+14  6.73138415e+13  1.02e+07 5.22e-08  1.59e+10    20s
   4  -3.64305880e+13  4.95270130e+13  2.68e+06 3.74e-08  4.23e+09    20s
   5  -7.67360090e+12  4.21260756e+13  5.62e+05 3.73e-08  9.20e+08    20s
   6  -1.89705877e+12  2.26778502e+13  1.39e+05 3.74e-08  2.37e+08    21s
   7  -4.00904041e+11  1.53604212e+13  2.96e+04 3.74e-08  5.75e+07    21s
   8  -2.63339537e+11  1.07065449e+13  1.96e+04 2.01e-07  3.68e+07    21s
   9  -2.04810825e+11  6.36840961e+12  1.56e+04 2.70e-07  2.56e+07    21s
  10  -1.06373328e+11  4.17355280e+12  8.36e+03 1.56e-07  1.35e+07    22s
  11  -6.33970510e+10  2.79255831e+12  5.12e+03 5.22e-08  8.09e+06    22s
  12  -1.76352148e+10  1.01724357e+12  1.58e+03 4.99e-07  2.43e+06    22s
  13  -1.43162144e+09  3.35993548e+11  3.43e+02 5.23e-07  5.88e+05    23s
  14   5.95902856e+08  1.91926006e+11  1.91e+02 2.55e-07  3.26e+05    23s
  15   1.11333760e+09  1.38524778e+11  1.53e+02 2.61e-07  2.48e+05    23s
  16   1.58487166e+09  1.25355002e+11  1.19e+02 2.31e-07  2.06e+05    23s
  17   1.81002858e+09  1.12621978e+11  1.02e+02 2.68e-07  1.80e+05    24s
  18   1.96645854e+09  6.85631845e+10  9.06e+01 2.89e-07  1.33e+05    24s
  19   2.51509864e+09  5.98024675e+10  5.06e+01 2.45e-07  9.07e+04    24s
  20   2.73562370e+09  4.18645064e+10  3.46e+01 3.10e-07  6.17e+04    25s
  21   2.81170687e+09  2.80025438e+10  2.92e+01 2.29e-07  4.53e+04    25s
  22   2.96121172e+09  2.11273839e+10  1.91e+01 2.70e-07  3.09e+04    25s
  23   3.04786141e+09  1.66624468e+10  1.34e+01 3.10e-07  2.25e+04    26s
  24   3.09660368e+09  1.58079786e+10  1.03e+01 3.21e-07  1.91e+04    26s
  25   3.13755242e+09  1.34832221e+10  7.86e+00 3.44e-07  1.49e+04    26s
  26   3.19140268e+09  1.04598244e+10  5.19e+00 2.38e-07  9.93e+03    27s
  27   3.26667338e+09  8.24185915e+09  2.63e+00 2.74e-07  5.86e+03    27s
  28   3.29264413e+09  6.38980672e+09  1.97e+00 2.58e-07  3.63e+03    28s
  29   3.29954792e+09  6.30986206e+09  1.80e+00 3.22e-07  3.45e+03    28s
  30   3.31311417e+09  5.80788891e+09  1.49e+00 3.58e-07  2.77e+03    28s
  31   3.31807361e+09  4.82732735e+09  1.37e+00 3.35e-07  1.74e+03    28s
  32   3.35306536e+09  4.33597166e+09  4.75e-01 2.46e-07  9.40e+02    29s
  33   3.38080890e+09  4.04017474e+09  1.69e-01 2.01e-07  5.75e+02    29s
  34   3.39549980e+09  3.81481929e+09  1.30e-01 2.44e-07  3.66e+02    29s
  35   3.41545559e+09  3.75282649e+09  9.01e-02 3.62e-07  2.90e+02    30s
  36   3.41930127e+09  3.69149089e+09  8.23e-02 3.32e-07  2.35e+02    30s
  37   3.42705159e+09  3.66578203e+09  6.85e-02 3.17e-07  2.05e+02    30s
  38   3.43691398e+09  3.63640346e+09  5.17e-02 3.21e-07  1.70e+02    30s
  39   3.44464894e+09  3.57591913e+09  3.80e-02 3.23e-07  1.12e+02    31s
  40   3.44914481e+09  3.52858160e+09  3.25e-02 3.82e-07  6.90e+01    31s
  41   3.45399167e+09  3.52511236e+09  2.68e-02 2.94e-07  6.15e+01    31s
  42   3.45689771e+09  3.51148025e+09  2.34e-02 3.19e-07  4.75e+01    32s
  43   3.46249518e+09  3.50581953e+09  1.74e-02 4.29e-07  3.75e+01    32s
  44   3.46753554e+09  3.49839564e+09  1.25e-02 4.04e-07  2.67e+01    32s
  45   3.47017586e+09  3.49482384e+09  1.04e-02 4.12e-07  2.14e+01    33s
  46   3.47220274e+09  3.49435392e+09  8.83e-03 4.53e-07  1.92e+01    33s
  47   3.47388559e+09  3.49168056e+09  7.65e-03 4.23e-07  1.55e+01    33s
  48   3.47498663e+09  3.49080156e+09  6.87e-03 4.64e-07  1.38e+01    34s
  49   3.47620660e+09  3.48927325e+09  6.05e-03 5.34e-07  1.14e+01    34s
  50   3.47686503e+09  3.48858291e+09  5.62e-03 5.45e-07  1.02e+01    35s
  51   3.47900510e+09  3.48806175e+09  4.21e-03 4.52e-07  7.90e+00    35s
  52   3.47974078e+09  3.48779550e+09  3.73e-03 5.40e-07  7.02e+00    35s
  53   3.48094641e+09  3.48758632e+09  2.97e-03 4.79e-07  5.77e+00    36s
  54   3.48140732e+09  3.48733353e+09  2.69e-03 5.96e-07  5.16e+00    36s
  55   3.48187270e+09  3.48696056e+09  2.44e-03 4.77e-07  4.44e+00    37s
  56   3.48271132e+09  3.48678588e+09  1.92e-03 3.58e-07  3.55e+00    37s
  57   3.48328832e+09  3.48651364e+09  1.56e-03 3.58e-07  2.82e+00    37s
  58   3.48359001e+09  3.48643094e+09  1.39e-03 4.17e-07  2.49e+00    38s
  59   3.48408409e+09  3.48627663e+09  1.09e-03 2.98e-07  1.92e+00    38s
  60   3.48444056e+09  3.48621294e+09  8.74e-04 2.48e-07  1.55e+00    39s
  61   3.48460914e+09  3.48620257e+09  7.74e-04 3.28e-07  1.39e+00    39s
  62   3.48504361e+09  3.48607372e+09  5.10e-04 2.60e-07  9.03e-01    39s
  63   3.48558658e+09  3.48600839e+09  1.85e-04 2.95e-07  3.66e-01    40s
  64   3.48578604e+09  3.48595615e+09  6.70e-05 3.58e-07  1.47e-01    40s
  65   3.48588184e+09  3.48592576e+09  1.27e-05 3.60e-07  3.72e-02    41s
  66   3.48589973e+09  3.48591053e+09  3.66e-06 2.38e-07  9.24e-03    41s
  67   3.48590583e+09  3.48590782e+09  6.44e-07 3.58e-07  1.69e-03    41s
  68   3.48590660e+09  3.48590735e+09  2.67e-07 3.58e-07  6.48e-04    41s
  69   3.48590702e+09  3.48590716e+09  3.91e-07 2.88e-07  1.27e-04    42s
  70   3.48590715e+09  3.48590715e+09  8.68e-09 2.38e-07  2.78e-06    42s
  71   3.48590715e+09  3.48590715e+09  2.54e-07 4.78e-07  3.12e-08    43s
  72   3.48590715e+09  3.48590715e+09  4.14e-10 2.39e-07  2.91e-11    43s

Barrier solved model in 72 iterations and 42.90 seconds (39.35 work units)
Optimal objective 3.48590715e+09


Root crossover log...

   15719 DPushes remaining with DInf 0.0000000e+00                43s
       0 DPushes remaining with DInf 0.0000000e+00                44s

    1116 PPushes remaining with PInf 0.0000000e+00                44s
       0 PPushes remaining with PInf 0.0000000e+00                44s

  Push phase complete: Pinf 0.0000000e+00, Dinf 1.4451807e+02     44s


Root simplex log...

Iteration    Objective       Primal Inf.    Dual Inf.      Time
   16804    3.4859072e+09   0.000000e+00   1.445181e+02     44s
   16807    3.4859072e+09   0.000000e+00   0.000000e+00     44s
Concurrent spin time: 0.02s

Solved with barrier
   16974    3.4859072e+09   0.000000e+00   0.000000e+00     44s
Extra simplex iterations after uncrush: 167

Root relaxation: objective 3.485907e+09, 16974 iterations, 32.53 seconds (24.37 work units)
Total elapsed time = 45.02s

    Nodes    |    Current Node    |     Objective Bounds      |     Work
 Expl Unexpl |  Obj  Depth IntInf | Incumbent    BestBd   Gap | It/Node Time

     0     0 3.4859e+09    0  548          - 3.4859e+09      -     -   48s
     0     0 3.4845e+09    0  563          - 3.4845e+09      -     -  123s
H    0     0                    3.404758e+09 3.4845e+09  2.34%     -  162s
H    0     0                    3.436043e+09 3.4845e+09  1.41%     -  292s
     0     0 3.4833e+09    0  546 3.4360e+09 3.4833e+09  1.38%     -  461s
     0     0 3.4832e+09    0  535 3.4360e+09 3.4832e+09  1.37%     -  489s
     0     0 3.4831e+09    0  543 3.4360e+09 3.4831e+09  1.37%     -  510s
     0     0 3.4831e+09    0  535 3.4360e+09 3.4831e+09  1.37%     -  523s
     0     0 3.4831e+09    0  526 3.4360e+09 3.4831e+09  1.37%     -  531s
     0     0 3.4831e+09    0  537 3.4360e+09 3.4831e+09  1.37%     -  533s
     0     0 3.4830e+09    0  608 3.4360e+09 3.4830e+09  1.37%     -  613s
H    0     0                    3.444229e+09 3.4830e+09  1.12%     -  829s
     0     0 3.4828e+09    0  618 3.4442e+09 3.4828e+09  1.12%     -  877s
     0     0 3.4828e+09    0  599 3.4442e+09 3.4828e+09  1.12%     -  898s
     0     0 3.4828e+09    0  601 3.4442e+09 3.4828e+09  1.12%     -  912s
     0     0 3.4828e+09    0  605 3.4442e+09 3.4828e+09  1.12%     -  915s
     0     0 3.4826e+09    0  591 3.4442e+09 3.4826e+09  1.11%     -  964s
     0     0 3.4826e+09    0  605 3.4442e+09 3.4826e+09  1.11%     - 1002s
     0     0 3.4826e+09    0  612 3.4442e+09 3.4826e+09  1.11%     - 1011s
     0     0 3.4826e+09    0  615 3.4442e+09 3.4826e+09  1.11%     - 1021s
     0     0 3.4826e+09    0  623 3.4442e+09 3.4826e+09  1.11%     - 1023s
     0     0 3.4825e+09    0  614 3.4442e+09 3.4825e+09  1.11%     - 1046s
     0     0 3.4825e+09    0  611 3.4442e+09 3.4825e+09  1.11%     - 1069s
     0     0 3.4825e+09    0  624 3.4442e+09 3.4825e+09  1.11%     - 1073s
     0     0 3.4825e+09    0  602 3.4442e+09 3.4825e+09  1.11%     - 1098s
     0     0 3.4825e+09    0  575 3.4442e+09 3.4825e+09  1.11%     - 1156s
     0     0 3.4825e+09    0  594 3.4442e+09 3.4825e+09  1.11%     - 1171s
     0     0 3.4825e+09    0  604 3.4442e+09 3.4825e+09  1.11%     - 1195s
     0     0 3.4825e+09    0  611 3.4442e+09 3.4825e+09  1.11%     - 1203s
     0     0 3.4825e+09    0  613 3.4442e+09 3.4825e+09  1.11%     - 1207s
     0     0 3.4825e+09    0  598 3.4442e+09 3.4825e+09  1.11%     - 1217s
H    0     0                    3.452518e+09 3.4825e+09  0.87%     - 2565s
     0     0 3.4825e+09    0  610 3.4525e+09 3.4825e+09  0.87%     - 2587s
     0     0 3.4825e+09    0  598 3.4525e+09 3.4825e+09  0.87%     - 2598s
     0     0 3.4825e+09    0  595 3.4525e+09 3.4825e+09  0.87%     - 2633s
H    0     0                    3.454676e+09 3.4825e+09  0.81%     - 2821s
     0     0 3.4825e+09    0  587 3.4547e+09 3.4825e+09  0.81%     - 2830s
     0     0 3.4825e+09    0  588 3.4547e+09 3.4825e+09  0.81%     - 2849s
     0     0 3.4825e+09    0  599 3.4547e+09 3.4825e+09  0.81%     - 2871s
     0     0 3.4825e+09    0  601 3.4547e+09 3.4825e+09  0.81%     - 2876s
     0     0 3.4825e+09    0  598 3.4547e+09 3.4825e+09  0.81%     - 2897s
     0     2 3.4824e+09    0  592 3.4547e+09 3.4824e+09  0.80%     - 3896s
     1     4 3.4824e+09    1  584 3.4547e+09 3.4824e+09  0.80% 14819 3967s
     3     8 3.4824e+09    2  598 3.4547e+09 3.4824e+09  0.80%  6004 4051s
     7    16 3.4824e+09    3  622 3.4547e+09 3.4824e+09  0.80%  3653 4120s
    15    32 3.4824e+09    4  618 3.4547e+09 3.4824e+09  0.80%  2411 4467s
    31    52 3.4824e+09    5  631 3.4547e+09 3.4824e+09  0.80%  3597 4677s
H   32    52                    3.454808e+09 3.4824e+09  0.80%  3485 4678s
H   34    52                    3.454833e+09 3.4824e+09  0.80%  3319 4680s
H   35    52                    3.455118e+09 3.4824e+09  0.79%  3237 4681s
H   36    52                    3.456683e+09 3.4824e+09  0.74%  3153 4682s
H   45    52                    3.461834e+09 3.4824e+09  0.59%  2705 4683s
    51    72 3.4824e+09    6  643 3.4618e+09 3.4824e+09  0.59%  2643 4860s
    71    92 3.4824e+09    7  622 3.4618e+09 3.4824e+09  0.59%  2587 5169s
    91   112 3.4824e+09    8  613 3.4618e+09 3.4824e+09  0.59%  2744 5428s
   111   138 3.4824e+09    9  616 3.4618e+09 3.4824e+09  0.59%  2815 5608s
   137   218 3.4824e+09   10  621 3.4618e+09 3.4824e+09  0.59%  2464 5822s
H  217   238                    3.462755e+09 3.4824e+09  0.57%  1809 8952s
H  220   238                    3.462758e+09 3.4824e+09  0.57%  1789 8954s
H  222   238                    3.462886e+09 3.4824e+09  0.56%  1776 8955s
H  223   238                    3.463167e+09 3.4824e+09  0.56%  1769 8956s
H  224   238                    3.463251e+09 3.4824e+09  0.55%  1767 8958s
H  227   238                    3.463319e+09 3.4824e+09  0.55%  1751 8959s
H  237   274                    3.463346e+09 3.4824e+09  0.55%  1751 9952s
H  240   274                    3.463349e+09 3.4824e+09  0.55%  1739 9954s
H  245   274                    3.463543e+09 3.4824e+09  0.55%  1751 9956s
H  258   274                    3.463601e+09 3.4824e+09  0.54%  1693 9957s
   273   467 3.4824e+09   16  645 3.4636e+09 3.4824e+09  0.54%  1668 10800s

Cutting planes:
  Cover: 36
  Implied bound: 119
  Clique: 8
  MIR: 86
  StrongCG: 2
  Flow cover: 214
  GUB cover: 6
  Zero half: 4
  Network: 12
  RLT: 29
  Relax-and-lift: 57

Explored 466 nodes (790353 simplex iterations) in 10800.92 seconds (7277.70 work units)
Thread count was 20 (of 40 available processors)

Solution count 10: 3.4636e+09 3.46354e+09 3.46335e+09 ... 3.46276e+09

Time limit reached
Best objective 3.463600645924e+09, best bound 3.482430243971e+09, gap 0.5436%
Gurobi Optimizer version 10.0.1 build v10.0.1rc0 (linux64)

CPU model: Intel(R) Xeon(R) Gold 5115 CPU @ 2.40GHz, instruction set [SSE2|AVX|AVX2|AVX512]
Thread count: 20 physical cores, 40 logical processors, using up to 20 threads

Optimize a model with 121266 rows, 1126388 columns and 6766735 nonzeros
Model fingerprint: 0xefb981cd
Variable types: 372759 continuous, 753629 integer (753629 binary)
Coefficient statistics:
  Matrix range     [1e+00, 2e+05]
  Objective range  [4e+01, 3e+07]
  Bounds range     [4e-14, 3e+05]
  RHS range        [1e+00, 5e+06]
Presolve removed 89596 rows and 548823 columns (presolve time = 6s) ...
Presolve removed 96279 rows and 562382 columns (presolve time = 10s) ...
Presolve removed 96841 rows and 585720 columns (presolve time = 15s) ...
Presolve removed 96880 rows and 585792 columns (presolve time = 20s) ...
Presolve removed 96880 rows and 585792 columns (presolve time = 25s) ...
Presolve removed 96880 rows and 585792 columns (presolve time = 30s) ...
Presolve removed 96881 rows and 585915 columns (presolve time = 35s) ...
Presolve removed 96881 rows and 585915 columns (presolve time = 40s) ...
Presolve removed 96881 rows and 585915 columns (presolve time = 45s) ...
Presolve removed 96881 rows and 585915 columns (presolve time = 50s) ...
Presolve removed 96881 rows and 585915 columns (presolve time = 71s) ...
Presolve removed 96902 rows and 588745 columns
Presolve time: 74.74s
Presolved: 24364 rows, 537643 columns, 2437251 nonzeros
Variable types: 247084 continuous, 290559 integer (290542 binary)
Deterministic concurrent LP optimizer: primal simplex, dual simplex, and barrier
Showing barrier log only...

Root barrier log...

Elapsed ordering time = 6s
Ordering time: 7.87s

Barrier statistics:
 AA' NZ     : 1.290e+06
 Factor NZ  : 7.755e+06 (roughly 300 MB of memory)
 Factor Ops : 9.572e+09 (less than 1 second per iteration)
 Threads    : 17

                  Objective                Residual
Iter       Primal          Dual         Primal    Dual     Compl     Time
   0  -2.81051561e+16  3.39150401e+13  9.85e+08 2.88e+06  9.97e+11    92s
   1  -5.63447252e+15  3.54970299e+13  1.98e+08 2.60e+06  2.01e+11    93s
   2  -6.09803716e+14  2.65442886e+13  2.14e+07 9.02e+04  2.19e+10    93s
   3  -2.17680838e+13  1.70587428e+13  7.65e+05 4.27e+02  7.98e+08    94s
   4  -3.20292421e+12  4.99125991e+12  1.13e+05 3.86e+01  1.21e+08    94s
   5  -5.17398945e+11  2.86323208e+12  1.82e+04 1.84e+00  2.14e+07    95s
   6  -1.91022325e+11  1.85735610e+12  6.77e+03 1.13e-08  8.33e+06    95s
   7  -9.26196532e+10  1.16437248e+12  3.32e+03 1.02e-08  4.03e+06    95s
   8  -2.27636584e+10  6.34784152e+11  8.75e+02 9.78e-09  1.29e+06    96s
   9  -1.41809251e+10  3.49330648e+11  5.74e+02 1.14e-08  7.34e+05    96s
  10  -5.47772902e+09  1.57910116e+11  2.70e+02 1.30e-08  3.21e+05    97s
  11  -9.58296278e+06  9.21620443e+10  7.99e+01 1.72e-08  1.34e+05    97s
  12   1.32519450e+09  5.93622192e+10  3.52e+01 2.43e-08  7.51e+04    98s
  13   1.54278340e+09  4.60646950e+10  2.79e+01 2.31e-08  5.81e+04    98s
  14   1.65674897e+09  3.82543451e+10  2.41e+01 2.50e-08  4.86e+04    99s
  15   1.90594154e+09  2.72753928e+10  1.57e+01 2.69e-08  3.32e+04    99s
  16   2.11245769e+09  2.52425001e+10  8.87e+00 3.12e-08  2.70e+04   100s
  17   2.23049213e+09  1.72182738e+10  5.00e+00 4.39e-08  1.72e+04   100s
  18   2.26727202e+09  1.49645577e+10  3.80e+00 5.57e-08  1.43e+04   101s
  19   2.28831156e+09  1.25307656e+10  3.06e+00 6.21e-08  1.17e+04   101s
  20   2.30466231e+09  1.01495481e+10  2.56e+00 7.23e-08  9.11e+03   102s
  21   2.31727518e+09  8.22783908e+09  2.23e+00 5.13e-08  6.99e+03   102s
  22   2.34116077e+09  7.16513720e+09  1.95e+00 5.07e-08  5.72e+03   103s
  23   2.36414135e+09  5.98314415e+09  1.48e+00 4.37e-08  4.23e+03   104s
  24   2.38930218e+09  5.02979286e+09  9.67e-01 4.20e-08  2.94e+03   104s
  25   2.40999216e+09  4.38116292e+09  7.45e-01 4.15e-08  2.15e+03   105s
  26   2.42745514e+09  4.22479174e+09  6.02e-01 3.55e-08  1.91e+03   105s
  27   2.45407424e+09  4.11121801e+09  3.96e-01 3.41e-08  1.70e+03   106s
  28   2.46860800e+09  3.41564858e+09  3.08e-01 2.64e-08  9.63e+02   106s
  29   2.47737154e+09  3.12526683e+09  2.20e-01 2.07e-08  6.46e+02   107s
  30   2.48889868e+09  2.91949402e+09  1.62e-01 1.64e-08  4.23e+02   107s
  31   2.49479493e+09  2.79889733e+09  1.39e-01 1.33e-08  2.96e+02   108s
  32   2.50125898e+09  2.74245201e+09  1.11e-01 1.14e-08  2.33e+02   109s
  33   2.51205127e+09  2.65183944e+09  6.24e-02 8.06e-09  1.33e+02   109s
  34   2.51742931e+09  2.61781325e+09  4.52e-02 5.28e-09  9.48e+01   110s
  35   2.52268176e+09  2.59495564e+09  2.90e-02 3.82e-09  6.79e+01   110s
  36   2.52616937e+09  2.57787073e+09  2.12e-02 2.97e-09  4.84e+01   111s
  37   2.52797848e+09  2.57017474e+09  1.76e-02 2.68e-09  3.95e+01   111s
  38   2.52944259e+09  2.56785672e+09  1.52e-02 2.96e-09  3.59e+01   111s
  39   2.53063018e+09  2.56692832e+09  1.34e-02 3.17e-09  3.39e+01   112s
  40   2.53118668e+09  2.56615131e+09  1.26e-02 2.91e-09  3.27e+01   112s
  41   2.53217641e+09  2.56252186e+09  1.13e-02 2.68e-09  2.83e+01   113s
  42   2.53306061e+09  2.55897802e+09  1.02e-02 2.68e-09  2.42e+01   113s
  43   2.53400307e+09  2.55755708e+09  9.09e-03 2.79e-09  2.20e+01   114s
  44   2.53607094e+09  2.55571319e+09  7.06e-03 2.44e-09  1.83e+01   114s
  45   2.53733947e+09  2.55440144e+09  6.02e-03 2.68e-09  1.59e+01   115s
  46   2.53871727e+09  2.55250098e+09  5.03e-03 2.27e-09  1.28e+01   116s
  47   2.54035601e+09  2.55121952e+09  3.89e-03 2.21e-09  1.01e+01   116s
  48   2.54073065e+09  2.55039185e+09  3.64e-03 2.21e-09  9.00e+00   117s
  49   2.54218172e+09  2.54992085e+09  2.76e-03 1.98e-09  7.21e+00   117s
  50   2.54260354e+09  2.54955307e+09  2.52e-03 2.33e-09  6.48e+00   118s
  51   2.54372986e+09  2.54894808e+09  1.84e-03 2.15e-09  4.86e+00   119s
  52   2.54446446e+09  2.54867333e+09  1.44e-03 2.33e-09  3.92e+00   119s
  53   2.54520770e+09  2.54815712e+09  1.02e-03 2.33e-09  2.75e+00   120s
  54   2.54561433e+09  2.54787355e+09  7.98e-04 1.87e-09  2.10e+00   120s
  55   2.54596134e+09  2.54778266e+09  6.18e-04 2.44e-09  1.70e+00   121s
  56   2.54631248e+09  2.54751160e+09  4.39e-04 2.10e-09  1.12e+00   121s
  57   2.54671513e+09  2.54734234e+09  2.33e-04 2.10e-09  5.84e-01   122s
  58   2.54692106e+09  2.54730565e+09  1.29e-04 1.86e-09  3.58e-01   123s
  59   2.54705138e+09  2.54724565e+09  6.40e-05 1.75e-09  1.81e-01   123s
  60   2.54713394e+09  2.54721163e+09  2.38e-05 2.68e-09  7.24e-02   124s
  61   2.54717244e+09  2.54719250e+09  6.00e-06 2.36e-09  1.87e-02   124s
  62   2.54718265e+09  2.54718905e+09  1.56e-06 1.98e-09  5.96e-03   124s
  63   2.54718591e+09  2.54718709e+09  1.71e-06 1.86e-09  1.11e-03   125s
  64   2.54718637e+09  2.54718649e+09  9.03e-08 3.73e-09  1.12e-04   125s
  65   2.54718640e+09  2.54718641e+09  1.30e-08 3.73e-09  1.39e-05   126s
  66   2.54718640e+09  2.54718640e+09  1.88e-08 3.73e-09  2.39e-08   126s
  67   2.54718640e+09  2.54718640e+09  7.30e-10 3.96e-09  3.83e-11   127s

Barrier solved model in 67 iterations and 126.59 seconds (65.36 work units)
Optimal objective 2.54718640e+09


Root crossover log...

   14531 DPushes remaining with DInf 0.0000000e+00               127s
       0 DPushes remaining with DInf 0.0000000e+00               129s

     485 PPushes remaining with PInf 0.0000000e+00               129s
       0 PPushes remaining with PInf 0.0000000e+00               129s

  Push phase complete: Pinf 0.0000000e+00, Dinf 1.1466975e-01    129s


Root simplex log...

Iteration    Objective       Primal Inf.    Dual Inf.      Time
   14914    2.5471864e+09   0.000000e+00   1.146697e-01    129s
   14917    2.5471864e+09   0.000000e+00   0.000000e+00    129s
Concurrent spin time: 11.23s (can be avoided by choosing Method=3)

Solved with barrier
   14918    2.5471864e+09   0.000000e+00   0.000000e+00    141s
Extra simplex iterations after uncrush: 1

Root relaxation: objective 2.547186e+09, 14918 iterations, 60.88 seconds (19.83 work units)

    Nodes    |    Current Node    |     Objective Bounds      |     Work
 Expl Unexpl |  Obj  Depth IntInf | Incumbent    BestBd   Gap | It/Node Time

     0     0 2.5472e+09    0  415          - 2.5472e+09      -     -  146s
     0     0 2.5472e+09    0  433          - 2.5472e+09      -     -  176s
     0     0 2.5472e+09    0  441          - 2.5472e+09      -     -  234s
     0     0 2.5471e+09    0  438          - 2.5471e+09      -     -  265s
     0     0 2.5471e+09    0  419          - 2.5471e+09      -     -  281s
     0     0 2.5471e+09    0  415          - 2.5471e+09      -     -  298s
     0     0 2.5471e+09    0  426          - 2.5471e+09      -     -  323s
     0     0 2.5471e+09    0  434          - 2.5471e+09      -     -  340s
     0     0 2.5471e+09    0  411          - 2.5471e+09      -     -  349s
     0     0 2.5466e+09    0  443          - 2.5466e+09      -     -  497s
     0     0 2.5466e+09    0  440          - 2.5466e+09      -     -  546s
     0     0 2.5466e+09    0  445          - 2.5466e+09      -     -  567s
     0     0 2.5466e+09    0  455          - 2.5466e+09      -     -  589s
     0     0 2.5466e+09    0  456          - 2.5466e+09      -     -  602s
     0     0 2.5466e+09    0  453          - 2.5466e+09      -     -  609s
     0     0 2.5466e+09    0  452          - 2.5466e+09      -     -  611s
     0     0 2.5466e+09    0  449          - 2.5466e+09      -     -  617s
     0     0 2.5466e+09    0  450          - 2.5466e+09      -     -  619s
     0     0 2.5466e+09    0  437          - 2.5466e+09      -     -  620s
     0     0 2.5466e+09    0  448          - 2.5466e+09      -     -  620s
     0     0 2.5466e+09    0  457          - 2.5466e+09      -     -  652s
     0     0 2.5466e+09    0  428          - 2.5466e+09      -     -  654s
     0     0 2.5466e+09    0  430          - 2.5466e+09      -     -  654s
     0     0 2.5466e+09    0  444          - 2.5466e+09      -     -  785s
     0     0 2.5466e+09    0  441          - 2.5466e+09      -     -  813s
     0     0 2.5466e+09    0  444          - 2.5466e+09      -     -  829s
     0     0 2.5466e+09    0  444          - 2.5466e+09      -     -  830s
     0     0 2.5466e+09    0  444          - 2.5466e+09      -     -  831s
     0     0 2.5466e+09    0  444          - 2.5466e+09      -     -  831s
     0     0 2.5466e+09    0  444          - 2.5466e+09      -     -  832s
     0     0 2.5466e+09    0  443          - 2.5466e+09      -     -  833s
     0     0 2.5466e+09    0  443          - 2.5466e+09      -     -  833s
     0     0 2.5466e+09    0  443          - 2.5466e+09      -     -  833s
     0     0 2.5466e+09    0  443          - 2.5466e+09      -     -  834s
     0     0 2.5465e+09    0  413          - 2.5465e+09      -     -  899s
     0     0 2.5465e+09    0  413          - 2.5465e+09      -     -  900s
     0     0 2.5465e+09    0  413          - 2.5465e+09      -     -  901s
     0     0 2.5465e+09    0  436          - 2.5465e+09      -     -  914s
     0     0 2.5465e+09    0  417          - 2.5465e+09      -     -  948s
     0     0 2.5465e+09    0  416          - 2.5465e+09      -     -  982s
     0     0 2.5465e+09    0  416          - 2.5465e+09      -     -  982s
     0     0 2.5465e+09    0  403          - 2.5465e+09      -     -  989s
     0     0 2.5465e+09    0  403          - 2.5465e+09      -     -  990s
     0     0 2.5465e+09    0  403          - 2.5465e+09      -     -  990s
     0     0 2.5465e+09    0  403          - 2.5465e+09      -     -  991s
     0     0 2.5465e+09    0  462          - 2.5465e+09      -     - 1013s
     0     0 2.5465e+09    0  462          - 2.5465e+09      -     - 1014s
     0     0 2.5465e+09    0  441          - 2.5465e+09      -     - 1052s
     0     0 2.5465e+09    0  450          - 2.5465e+09      -     - 1066s
     0     0 2.5465e+09    0  450          - 2.5465e+09      -     - 1067s
     0     0 2.5465e+09    0  450          - 2.5465e+09      -     - 1067s
     0     0 2.5465e+09    0  450          - 2.5465e+09      -     - 1068s
     0     0 2.5465e+09    0  450          - 2.5465e+09      -     - 1068s
     0     0 2.5465e+09    0  450          - 2.5465e+09      -     - 1069s
     0     0 2.5465e+09    0  450          - 2.5465e+09      -     - 1069s
     0     0 2.5465e+09    0  450          - 2.5465e+09      -     - 1069s
     0     0 2.5465e+09    0  442          - 2.5465e+09      -     - 1078s
     0     0 2.5465e+09    0  442          - 2.5465e+09      -     - 1079s
     0     0 2.5465e+09    0  442          - 2.5465e+09      -     - 1079s
     0     0 2.5465e+09    0  442          - 2.5465e+09      -     - 1080s
     0     0 2.5465e+09    0  442          - 2.5465e+09      -     - 1080s
     0     0 2.5465e+09    0  442          - 2.5465e+09      -     - 1080s
     0     0 2.5465e+09    0  442          - 2.5465e+09      -     - 1081s
     0     0 2.5465e+09    0  442          - 2.5465e+09      -     - 1081s
     0     0 2.5465e+09    0  442          - 2.5465e+09      -     - 1082s
     0     0 2.5465e+09    0  442          - 2.5465e+09      -     - 1082s
     0     0 2.5465e+09    0  442          - 2.5465e+09      -     - 1083s
     0     0 2.5465e+09    0  471          - 2.5465e+09      -     - 1197s
     0     0 2.5465e+09    0  480          - 2.5465e+09      -     - 1229s
     0     0 2.5465e+09    0  475          - 2.5465e+09      -     - 1256s
     0     0 2.5465e+09    0  485          - 2.5465e+09      -     - 1267s
     0     0 2.5465e+09    0  475          - 2.5465e+09      -     - 1270s
     0     0 2.5465e+09    0  494          - 2.5465e+09      -     - 1340s
     0     0 2.5465e+09    0  488          - 2.5465e+09      -     - 1344s
     0     0 2.5465e+09    0  489          - 2.5465e+09      -     - 1347s
     0     0 2.5465e+09    0  491          - 2.5465e+09      -     - 1486s
     0     0 2.5465e+09    0  482          - 2.5465e+09      -     - 1529s
     0     0 2.5465e+09    0  477          - 2.5465e+09      -     - 1563s
     0     0 2.5465e+09    0  470          - 2.5465e+09      -     - 1564s
     0     0 2.5464e+09    0  475          - 2.5464e+09      -     - 1675s
     0     0 2.5464e+09    0  471          - 2.5464e+09      -     - 1678s
     0     0 2.5464e+09    0  480          - 2.5464e+09      -     - 1750s
     0     0 2.5464e+09    0  484          - 2.5464e+09      -     - 1778s
     0     0 2.5464e+09    0  468          - 2.5464e+09      -     - 1864s
     0     0 2.5464e+09    0  475          - 2.5464e+09      -     - 1939s
     0     0 2.5464e+09    0  471          - 2.5464e+09      -     - 1960s
     0     0 2.5464e+09    0  472          - 2.5464e+09      -     - 1961s
     0     0 2.5464e+09    0  467          - 2.5464e+09      -     - 2016s
     0     0 2.5464e+09    0  461          - 2.5464e+09      -     - 2021s
     0     0 2.5464e+09    0  493          - 2.5464e+09      -     - 2100s
     0     0 2.5464e+09    0  502          - 2.5464e+09      -     - 2122s
     0     0 2.5464e+09    0  464          - 2.5464e+09      -     - 2214s
     0     0 2.5464e+09    0  494          - 2.5464e+09      -     - 2256s
     0     0 2.5464e+09    0  481          - 2.5464e+09      -     - 2308s
     0     0 2.5464e+09    0  482          - 2.5464e+09      -     - 2346s
     0     0 2.5464e+09    0  487          - 2.5464e+09      -     - 2365s
     0     0 2.5464e+09    0  480          - 2.5464e+09      -     - 2371s
     0     0 2.5464e+09    0  496          - 2.5464e+09      -     - 2395s
     0     0 2.5464e+09    0  511          - 2.5464e+09      -     - 2407s
     0     0 2.5463e+09    0  502          - 2.5463e+09      -     - 2440s
     0     0 2.5463e+09    0  493          - 2.5463e+09      -     - 2476s
     0     0 2.5463e+09    0  496          - 2.5463e+09      -     - 2487s
     0     0 2.5463e+09    0  514          - 2.5463e+09      -     - 2490s
     0     0 2.5463e+09    0  501          - 2.5463e+09      -     - 2510s
     0     0 2.5463e+09    0  523          - 2.5463e+09      -     - 2534s
     0     0 2.5463e+09    0  506          - 2.5463e+09      -     - 2539s
     0     0 2.5463e+09    0  520          - 2.5463e+09      -     - 2545s
     0     0 2.5463e+09    0  509          - 2.5463e+09      -     - 2557s
     0     0 2.5463e+09    0  520          - 2.5463e+09      -     - 2576s
     0     0 2.5463e+09    0  517          - 2.5463e+09      -     - 2579s
     0     0 2.5463e+09    0  454          - 2.5463e+09      -     - 2597s
     0     0 2.5463e+09    0  462          - 2.5463e+09      -     - 2617s
     0     0 2.5463e+09    0  490          - 2.5463e+09      -     - 2627s
     0     0 2.5463e+09    0  517          - 2.5463e+09      -     - 2632s
     0     0 2.5462e+09    0  500          - 2.5462e+09      -     - 2669s
     0     0 2.5462e+09    0  499          - 2.5462e+09      -     - 2672s
     0     0 2.5462e+09    0  528          - 2.5462e+09      -     - 2704s
     0     0 2.5462e+09    0  515          - 2.5462e+09      -     - 2705s
     0     0 2.5462e+09    0  512          - 2.5462e+09      -     - 2717s
     0     0 2.5462e+09    0  523          - 2.5462e+09      -     - 2721s
     0     0 2.5462e+09    0  512          - 2.5462e+09      -     - 2747s
     0     0 2.5462e+09    0  519          - 2.5462e+09      -     - 2786s
     0     0 2.5462e+09    0  526          - 2.5462e+09      -     - 2797s
     0     0 2.5462e+09    0  523          - 2.5462e+09      -     - 2805s
     0     0 2.5462e+09    0  532          - 2.5462e+09      -     - 2809s
     0     0 2.5462e+09    0  485          - 2.5462e+09      -     - 2833s
     0     0 2.5462e+09    0  502          - 2.5462e+09      -     - 2871s
     0     0 2.5461e+09    0  512          - 2.5461e+09      -     - 2891s
     0     0 2.5461e+09    0  519          - 2.5461e+09      -     - 2894s
     0     0 2.5461e+09    0  510          - 2.5461e+09      -     - 2982s
     0     0 2.5461e+09    0  526          - 2.5461e+09      -     - 3057s
     0     0 2.5461e+09    0  514          - 2.5461e+09      -     - 3058s
     0     0 2.5461e+09    0  528          - 2.5461e+09      -     - 3076s
     0     0 2.5461e+09    0  533          - 2.5461e+09      -     - 3079s
     0     0 2.5461e+09    0  525          - 2.5461e+09      -     - 3081s
     0     0 2.5461e+09    0  519          - 2.5461e+09      -     - 3084s
     0     0 2.5461e+09    0  515          - 2.5461e+09      -     - 3134s
     0     0 2.5461e+09    0  515          - 2.5461e+09      -     - 3185s
     0     0 2.5461e+09    0  530          - 2.5461e+09      -     - 3204s
     0     0 2.5461e+09    0  531          - 2.5461e+09      -     - 3206s
     0     0 2.5460e+09    0  495          - 2.5460e+09      -     - 3242s
     0     0 2.5460e+09    0  512          - 2.5460e+09      -     - 3333s
     0     0 2.5460e+09    0  506          - 2.5460e+09      -     - 3345s
     0     0 2.5460e+09    0  517          - 2.5460e+09      -     - 3427s
     0     0 2.5460e+09    0  520          - 2.5460e+09      -     - 3513s
     0     0 2.5460e+09    0  527          - 2.5460e+09      -     - 3542s
     0     0 2.5460e+09    0  538          - 2.5460e+09      -     - 3559s
     0     0 2.5460e+09    0  524          - 2.5460e+09      -     - 3671s
     0     0 2.5460e+09    0  534          - 2.5460e+09      -     - 3704s
     0     0 2.5460e+09    0  515          - 2.5460e+09      -     - 3737s
     0     0 2.5460e+09    0  530          - 2.5460e+09      -     - 3807s
     0     0 2.5460e+09    0  508          - 2.5460e+09      -     - 3853s
     0     0 2.5460e+09    0  509          - 2.5460e+09      -     - 3860s
     0     0 2.5459e+09    0  508          - 2.5459e+09      -     - 3923s
     0     0 2.5459e+09    0  510          - 2.5459e+09      -     - 4006s
     0     0 2.5459e+09    0  513          - 2.5459e+09      -     - 4019s
     0     0 2.5459e+09    0  523          - 2.5459e+09      -     - 4063s
     0     0 2.5459e+09    0  523          - 2.5459e+09      -     - 4086s
     0     0 2.5459e+09    0  534          - 2.5459e+09      -     - 4095s
     0     0 2.5459e+09    0  519          - 2.5459e+09      -     - 4134s
     0     0 2.5459e+09    0  527          - 2.5459e+09      -     - 4137s
     0     0 2.5459e+09    0  517          - 2.5459e+09      -     - 4138s
     0     0 2.5459e+09    0  513          - 2.5459e+09      -     - 4176s
     0     0 2.5459e+09    0  515          - 2.5459e+09      -     - 4186s
     0     0 2.5459e+09    0  520          - 2.5459e+09      -     - 4188s
     0     0 2.5458e+09    0  497          - 2.5458e+09      -     - 4217s
     0     0 2.5458e+09    0  514          - 2.5458e+09      -     - 4242s
     0     0 2.5458e+09    0  523          - 2.5458e+09      -     - 4252s
     0     0 2.5458e+09    0  516          - 2.5458e+09      -     - 4253s
     0     0 2.5458e+09    0  514          - 2.5458e+09      -     - 4256s
     0     0 2.5458e+09    0  490          - 2.5458e+09      -     - 4284s
     0     0 2.5458e+09    0  507          - 2.5458e+09      -     - 4314s
     0     0 2.5458e+09    0  500          - 2.5458e+09      -     - 4324s
     0     0 2.5458e+09    0  470          - 2.5458e+09      -     - 4363s
     0     0 2.5458e+09    0  489          - 2.5458e+09      -     - 4406s
     0     0 2.5458e+09    0  491          - 2.5458e+09      -     - 4424s
     0     0 2.5458e+09    0  512          - 2.5458e+09      -     - 4436s
     0     0 2.5457e+09    0  481          - 2.5457e+09      -     - 4486s
     0     0 2.5457e+09    0  491          - 2.5457e+09      -     - 4534s
     0     0 2.5457e+09    0  492          - 2.5457e+09      -     - 4565s
     0     0 2.5457e+09    0  488          - 2.5457e+09      -     - 4585s
     0     0 2.5457e+09    0  477          - 2.5457e+09      -     - 4602s
     0     0 2.5457e+09    0  477          - 2.5457e+09      -     - 4603s
     0     0 2.5457e+09    0  476          - 2.5457e+09      -     - 4673s
     0     0 2.5457e+09    0  496          - 2.5457e+09      -     - 4722s
     0     0 2.5457e+09    0  513          - 2.5457e+09      -     - 4735s
     0     0 2.5457e+09    0  510          - 2.5457e+09      -     - 4738s
     0     0 2.5457e+09    0  504          - 2.5457e+09      -     - 4748s
     0     0 2.5457e+09    0  470          - 2.5457e+09      -     - 4782s
     0     0 2.5457e+09    0  497          - 2.5457e+09      -     - 4808s
     0     0 2.5457e+09    0  500          - 2.5457e+09      -     - 4812s
     0     0 2.5457e+09    0  491          - 2.5457e+09      -     - 4833s
     0     0 2.5457e+09    0  503          - 2.5457e+09      -     - 4855s
     0     0 2.5457e+09    0  503          - 2.5457e+09      -     - 4857s
     0     0 2.5456e+09    0  468          - 2.5456e+09      -     - 4929s
     0     0 2.5456e+09    0  477          - 2.5456e+09      -     - 4983s
     0     0 2.5456e+09    0  482          - 2.5456e+09      -     - 4992s
     0     0 2.5456e+09    0  483          - 2.5456e+09      -     - 4995s
     0     0 2.5456e+09    0  495          - 2.5456e+09      -     - 5006s
     0     0 2.5456e+09    0  500          - 2.5456e+09      -     - 5024s
     0     0 2.5456e+09    0  501          - 2.5456e+09      -     - 5027s
     0     0 2.5456e+09    0  474          - 2.5456e+09      -     - 5048s
     0     0 2.5456e+09    0  482          - 2.5456e+09      -     - 5066s
     0     0 2.5456e+09    0  487          - 2.5456e+09      -     - 5073s
     0     0 2.5456e+09    0  487          - 2.5456e+09      -     - 5076s
     0     0 2.5456e+09    0  512          - 2.5456e+09      -     - 5111s
     0     0 2.5456e+09    0  509          - 2.5456e+09      -     - 5128s
     0     0 2.5456e+09    0  512          - 2.5456e+09      -     - 5131s
     0     0 2.5456e+09    0  506          - 2.5456e+09      -     - 5156s
     0     0 2.5456e+09    0  507          - 2.5456e+09      -     - 5175s
     0     0 2.5456e+09    0  508          - 2.5456e+09      -     - 5181s
     0     0 2.5456e+09    0  481          - 2.5456e+09      -     - 5202s
     0     0 2.5455e+09    0  492          - 2.5455e+09      -     - 5228s
     0     0 2.5455e+09    0  497          - 2.5455e+09      -     - 5233s
     0     0 2.5455e+09    0  490          - 2.5455e+09      -     - 5254s
     0     0 2.5455e+09    0  504          - 2.5455e+09      -     - 5269s
     0     0 2.5455e+09    0  518          - 2.5455e+09      -     - 5272s
     0     0 2.5455e+09    0  508          - 2.5455e+09      -     - 5303s
     0     0 2.5455e+09    0  513          - 2.5455e+09      -     - 5329s
     0     0 2.5455e+09    0  513          - 2.5455e+09      -     - 5338s
     0     0 2.5455e+09    0  501          - 2.5455e+09      -     - 5371s
     0     0 2.5455e+09    0  505          - 2.5455e+09      -     - 5397s
     0     0 2.5455e+09    0  510          - 2.5455e+09      -     - 5413s
     0     0 2.5455e+09    0  523          - 2.5455e+09      -     - 5421s
     0     0 2.5455e+09    0  513          - 2.5455e+09      -     - 5442s
     0     0 2.5455e+09    0  527          - 2.5455e+09      -     - 5459s
     0     0 2.5455e+09    0  493          - 2.5455e+09      -     - 5485s
     0     0 2.5455e+09    0  505          - 2.5455e+09      -     - 5509s
     0     0 2.5455e+09    0  514          - 2.5455e+09      -     - 5517s
     0     0 2.5455e+09    0  524          - 2.5455e+09      -     - 5549s
     0     0 2.5455e+09    0  510          - 2.5455e+09      -     - 5603s
     0     0 2.5455e+09    0  533          - 2.5455e+09      -     - 5612s
     0     0 2.5455e+09    0  496          - 2.5455e+09      -     - 5655s
     0     0 2.5455e+09    0  508          - 2.5455e+09      -     - 5679s
     0     0 2.5455e+09    0  510          - 2.5455e+09      -     - 5685s
     0     0 2.5455e+09    0  490          - 2.5455e+09      -     - 5729s
     0     0 2.5455e+09    0  496          - 2.5455e+09      -     - 5750s
     0     0 2.5454e+09    0  523          - 2.5454e+09      -     - 5777s
     0     0 2.5454e+09    0  524          - 2.5454e+09      -     - 5789s
     0     0 2.5454e+09    0  531          - 2.5454e+09      -     - 5799s
     0     0 2.5454e+09    0  514          - 2.5454e+09      -     - 5831s
     0     0 2.5454e+09    0  528          - 2.5454e+09      -     - 5842s
     0     0 2.5454e+09    0  533          - 2.5454e+09      -     - 5850s
     0     0 2.5454e+09    0  527          - 2.5454e+09      -     - 5859s
     0     2 2.5454e+09    0  523          - 2.5454e+09      -     - 6295s
     1     4 2.5454e+09    1  515          - 2.5454e+09      -  3020 6347s
     3     8 2.5454e+09    2  514          - 2.5454e+09      -  3084 6440s
     7    16 2.5454e+09    3  505          - 2.5454e+09      -  2902 6512s
    15    32 2.5454e+09    4  512          - 2.5454e+09      -  2755 6651s
    31    52 2.5454e+09    5  522          - 2.5454e+09      -  2920 6792s
    51    72 2.5454e+09    6  496          - 2.5454e+09      -  2749 6912s
    71    92 2.5454e+09    7  493          - 2.5454e+09      -  2501 6986s
    91   112 2.5454e+09    7  501          - 2.5454e+09      -  2297 7040s
   111   134 2.5454e+09    8  498          - 2.5454e+09      -  2112 7129s
   119   134 2.5454e+09    8  459          - 2.5454e+09      -  2070 7130s
   133   155 2.5454e+09    9  516          - 2.5454e+09      -  2065 7204s
   154   176 2.5454e+09   10  495          - 2.5454e+09      -  2029 7326s
   175   197 2.5454e+09   11  491          - 2.5454e+09      -  2065 7438s
   196   219 2.5454e+09   11  466          - 2.5454e+09      -  2042 7560s
   218   246 2.5454e+09   12  463          - 2.5454e+09      -  2012 7721s
   245   269 2.5454e+09   12  462          - 2.5454e+09      -  2095 7919s
   268   297 2.5454e+09   13  479          - 2.5454e+09      -  2300 8061s
   296   328 2.5454e+09   15  459          - 2.5454e+09      -  2307 8191s
   327   361 2.5449e+09   16  467          - 2.5454e+09      -  2260 8386s
   360   395 2.5453e+09   16  452          - 2.5454e+09      -  2200 8570s
   396   429 2.5453e+09   17  451          - 2.5454e+09      -  2155 8751s
   430   468 2.5453e+09   19  452          - 2.5454e+09      -  2142 8943s
   469   500 2.5453e+09   22  420          - 2.5454e+09      -  2092 9449s
   501   528 2.5453e+09   24  410          - 2.5454e+09      -  2123 9620s
   529   594 2.5453e+09   25  436          - 2.5454e+09      -  2175 9826s
   595   684 2.5453e+09   27  426          - 2.5454e+09      -  2120 10090s
   685   801 2.5453e+09   28  434          - 2.5454e+09      -  2046 10421s
   802   902 2.5452e+09   34  411          - 2.5454e+09      -  1931 10704s
   903   941 2.5452e+09   37  396          - 2.5454e+09      -  1856 10800s

Cutting planes:
  Cover: 58
  Implied bound: 4
  Clique: 2
  MIR: 110
  StrongCG: 22
  Flow cover: 38
  GUB cover: 15
  Network: 2
  RLT: 2
  Relax-and-lift: 5

Explored 942 nodes (1976070 simplex iterations) in 10800.09 seconds (7137.58 work units)
Thread count was 20 (of 40 available processors)

Solution count 0

Time limit reached
Best objective -, best bound 2.545420694349e+09, gap -
