
Gurobi 10.0.1 (linux64) logging started Sat May 20 16:47:49 2023

Set parameter LogFile to value "logFiles/A-2L-D/A-2L-6U-22F-15V-365D/basic-05-20-2023, 16-47-H110-P90-O7.log"
Gurobi Optimizer version 10.0.1 build v10.0.1rc0 (linux64)

CPU model: Intel(R) Xeon(R) Gold 5115 CPU @ 2.40GHz, instruction set [SSE2|AVX|AVX2|AVX512]
Thread count: 20 physical cores, 40 logical processors, using up to 20 threads

Optimize a model with 87502 rows, 851794 columns and 4688613 nonzeros
Model fingerprint: 0xcfb91250
Variable types: 434768 continuous, 417026 integer (417026 binary)
Coefficient statistics:
  Matrix range     [1e+00, 2e+05]
  Objective range  [4e+01, 3e+07]
  Bounds range     [1e+00, 1e+00]
  RHS range        [1e+00, 4e+06]
Presolve removed 61275 rows and 15336 columns (presolve time = 5s) ...
Presolve removed 61897 rows and 15539 columns (presolve time = 10s) ...
Presolve removed 61897 rows and 15545 columns (presolve time = 15s) ...
Presolve removed 61853 rows and 15501 columns
Presolve time: 16.17s
Presolved: 25649 rows, 836293 columns, 3925573 nonzeros
Variable types: 424774 continuous, 411519 integer (411500 binary)
Deterministic concurrent LP optimizer: primal simplex, dual simplex, and barrier
Showing barrier log only...

Root barrier log...

Elapsed ordering time = 5s
Ordering time: 6.61s

Barrier statistics:
 AA' NZ     : 1.988e+06
 Factor NZ  : 1.216e+07 (roughly 450 MB of memory)
 Factor Ops : 1.781e+10 (less than 1 second per iteration)
 Threads    : 17

                  Objective                Residual
Iter       Primal          Dual         Primal    Dual     Compl     Time
   0  -6.91644812e+16  1.13357167e+14  3.21e+09 1.82e+07  5.83e+12    30s
   1  -1.78539644e+16  1.40726194e+14  8.30e+08 1.57e+07  1.52e+12    30s
   2  -5.15837321e+15  1.53104202e+14  2.41e+08 2.49e+06  4.55e+11    31s
   3  -9.89783561e+13  1.24118741e+14  4.63e+06 6.45e+04  8.86e+09    31s
   4  -2.38717987e+13  6.67179382e+13  1.12e+06 7.83e+03  2.16e+09    32s
   5  -4.09901121e+12  2.56177979e+13  1.91e+05 1.27e+03  3.83e+08    32s
   6  -1.00658212e+12  2.50041983e+13  4.71e+04 1.30e+03  1.05e+08    32s
   7  -3.13516132e+11  1.84674806e+13  1.47e+04 7.47e+02  3.82e+07    33s
   8  -1.82461594e+11  1.35062678e+13  8.69e+03 4.59e+02  2.30e+07    33s
   9  -1.24603170e+11  1.12816851e+13  6.17e+03 3.61e+02  1.69e+07    34s
  10  -9.23568915e+10  4.81143424e+12  4.65e+03 9.79e+01  9.37e+06    34s
  11  -5.05115264e+10  3.15885642e+12  2.62e+03 5.61e+01  5.31e+06    35s
  12  -1.56844014e+10  1.28944019e+12  9.11e+02 1.80e+01  1.83e+06    35s
  13  -5.19031092e+09  7.47061941e+11  3.97e+02 9.38e+00  8.86e+05    35s
  14  -1.09779725e+09  5.12066976e+11  1.97e+02 6.20e+00  5.19e+05    35s
  15   3.52426349e+08  3.35827677e+11  1.29e+02 4.02e+00  3.36e+05    36s
  16   1.63358739e+09  2.44171989e+11  6.93e+01 2.85e+00  2.18e+05    36s
  17   2.23664580e+09  1.59186899e+11  4.11e+01 1.79e+00  1.37e+05    37s
  18   2.52233697e+09  1.12243760e+11  2.78e+01 1.21e+00  9.52e+04    37s
  19   2.66990041e+09  7.11097738e+10  2.09e+01 7.33e-01  6.34e+04    37s
  20   2.72672830e+09  6.47376483e+10  1.83e+01 6.60e-01  5.68e+04    38s
  21   2.77422152e+09  4.21536309e+10  1.61e+01 4.05e-01  4.10e+04    38s
  22   2.88858867e+09  3.40658874e+10  1.10e+01 3.14e-01  3.06e+04    39s
  23   3.01124108e+09  2.92927491e+10  5.59e+00 2.63e-01  2.18e+04    39s
  24   3.06398744e+09  2.24344364e+10  3.37e+00 2.05e-01  1.52e+04    40s
  25   3.09121689e+09  1.94092299e+10  2.81e+00 1.74e-01  1.26e+04    40s
  26   3.10425381e+09  1.59145994e+10  2.34e+00 1.35e-01  9.89e+03    41s
  27   3.11916745e+09  1.37203168e+10  2.05e+00 1.10e-01  8.15e+03    41s
  28   3.16308247e+09  1.08700720e+10  1.27e+00 7.96e-02  5.62e+03    42s
  29   3.20909416e+09  7.94000672e+09  5.83e-01 4.59e-02  3.19e+03    42s
  30   3.24235837e+09  5.81590316e+09  3.34e-01 2.33e-02  1.69e+03    43s
  31   3.26319942e+09  4.74139020e+09  1.96e-01 1.27e-02  9.52e+02    43s
  32   3.28360178e+09  4.15579051e+09  1.02e-01 7.09e-03  5.51e+02    43s
  33   3.29076060e+09  3.83068135e+09  7.87e-02 4.19e-03  3.43e+02    44s
  34   3.29843304e+09  3.70067378e+09  5.72e-02 3.05e-03  2.54e+02    44s
  35   3.30677710e+09  3.60765861e+09  3.86e-02 2.23e-03  1.89e+02    44s
  36   3.31373061e+09  3.56605466e+09  2.81e-02 1.87e-03  1.57e+02    45s
  37   3.31828713e+09  3.48366005e+09  2.21e-02 1.22e-03  1.04e+02    45s
  38   3.32735217e+09  3.42199820e+09  1.23e-02 6.66e-04  5.93e+01    46s
  39   3.33266075e+09  3.39164008e+09  8.90e-03 3.62e-04  3.72e+01    46s
  40   3.33650407e+09  3.38754857e+09  6.79e-03 3.25e-04  3.20e+01    47s
  41   3.33882390e+09  3.38454083e+09  5.61e-03 2.94e-04  2.86e+01    47s
  42   3.34094129e+09  3.38203173e+09  4.62e-03 2.68e-04  2.56e+01    47s
  43   3.34272298e+09  3.37779102e+09  3.88e-03 2.28e-04  2.18e+01    48s
  44   3.34414984e+09  3.37638825e+09  3.35e-03 2.15e-04  2.00e+01    48s
  45   3.34543977e+09  3.37122590e+09  2.93e-03 1.61e-04  1.61e+01    49s
  46   3.34607040e+09  3.36925970e+09  2.75e-03 1.40e-04  1.45e+01    49s
  47   3.34789668e+09  3.36754373e+09  2.18e-03 1.22e-04  1.22e+01    50s
  48   3.34931587e+09  3.36613007e+09  1.79e-03 1.08e-04  1.04e+01    50s
  49   3.35059324e+09  3.36554598e+09  1.46e-03 1.03e-04  9.26e+00    51s
  50   3.35139409e+09  3.36316154e+09  1.27e-03 7.96e-05  7.31e+00    51s
  51   3.35217208e+09  3.36249096e+09  1.08e-03 7.15e-05  6.41e+00    52s
  52   3.35310978e+09  3.36181741e+09  8.76e-04 6.29e-05  5.40e+00    52s
  53   3.35374459e+09  3.36138295e+09  7.44e-04 5.63e-05  4.73e+00    53s
  54   3.35492934e+09  3.36083384e+09  5.13e-04 4.75e-05  3.65e+00    53s
  55   3.35545209e+09  3.36019284e+09  4.18e-04 3.76e-05  2.93e+00    54s
  56   3.35584751e+09  3.35951192e+09  3.49e-04 2.67e-05  2.27e+00    54s
  57   3.35648847e+09  3.35917576e+09  2.41e-04 2.13e-05  1.66e+00    55s
  58   3.35663540e+09  3.35908382e+09  2.17e-04 1.97e-05  1.51e+00    55s
  59   3.35677681e+09  3.35886512e+09  1.94e-04 1.65e-05  1.29e+00    56s
  60   3.35700857e+09  3.35875018e+09  1.56e-04 1.47e-05  1.08e+00    56s
  61   3.35721800e+09  3.35866627e+09  1.22e-04 1.32e-05  8.94e-01    57s
  62   3.35750872e+09  3.35839219e+09  7.57e-05 7.70e-06  5.46e-01    57s
  63   3.35777940e+09  3.35832919e+09  3.33e-05 6.44e-06  3.37e-01    58s
  64   3.35786688e+09  3.35820547e+09  2.00e-05 4.04e-06  2.07e-01    59s
  65   3.35793327e+09  3.35813322e+09  1.01e-05 2.57e-06  1.22e-01    59s
  66   3.35797676e+09  3.35804615e+09  3.76e-06 7.86e-07  4.24e-02    60s
  67   3.35799226e+09  3.35802375e+09  1.96e-06 5.78e-07  1.93e-02    60s
  68   3.35799858e+09  3.35801339e+09  2.87e-06 4.38e-07  9.10e-03    60s
  69   3.35800279e+09  3.35800965e+09  5.73e-06 5.00e-07  4.20e-03    61s
  70   3.35800342e+09  3.35800866e+09  4.54e-06 4.77e-07  3.21e-03    61s
  71   3.35800521e+09  3.35800748e+09  1.28e-06 4.49e-07  1.38e-03    61s
  72   3.35800566e+09  3.35800674e+09  4.71e-07 6.15e-07  6.58e-04    62s
  73   3.35800581e+09  3.35800634e+09  2.36e-07 5.27e-07  3.20e-04    62s
  74   3.35800588e+09  3.35800603e+09  1.25e-07 4.37e-07  8.83e-05    63s
  75   3.35800595e+09  3.35800599e+09  8.51e-07 6.29e-07  2.17e-05    63s
  76   3.35800597e+09  3.35800598e+09  5.05e-08 8.17e-07  7.52e-07    64s
  77   3.35800597e+09  3.35800597e+09  1.14e-07 9.86e-07  1.20e-08    64s
  78   3.35800597e+09  3.35800597e+09  1.78e-06 5.96e-07  4.63e-11    65s

Barrier solved model in 78 iterations and 64.59 seconds (58.18 work units)
Optimal objective 3.35800597e+09


Root crossover log...

   20960 DPushes remaining with DInf 0.0000000e+00                65s
     293 DPushes remaining with DInf 0.0000000e+00                65s
       0 DPushes remaining with DInf 0.0000000e+00                66s

     911 PPushes remaining with PInf 2.2663408e-04                66s
       0 PPushes remaining with PInf 0.0000000e+00                66s

  Push phase complete: Pinf 0.0000000e+00, Dinf 3.9179576e-02     66s


Root simplex log...

Iteration    Objective       Primal Inf.    Dual Inf.      Time
   21837    3.3580060e+09   0.000000e+00   3.917945e-02     67s
   21840    3.3580060e+09   0.000000e+00   0.000000e+00     67s
Concurrent spin time: 0.06s

Solved with barrier
   21840    3.3580060e+09   0.000000e+00   0.000000e+00     67s

Root relaxation: objective 3.358006e+09, 21840 iterations, 48.12 seconds (35.27 work units)
Total elapsed time = 70.38s

    Nodes    |    Current Node    |     Objective Bounds      |     Work
 Expl Unexpl |  Obj  Depth IntInf | Incumbent    BestBd   Gap | It/Node Time

     0     0 3.3580e+09    0  575          - 3.3580e+09      -     -   72s
     0     0 3.3579e+09    0  536          - 3.3579e+09      -     -  260s
     0     0 3.3579e+09    0  489          - 3.3579e+09      -     -  333s
     0     0 3.3579e+09    0  517          - 3.3579e+09      -     -  351s
     0     0 3.3578e+09    0  531          - 3.3578e+09      -     -  445s
     0     0 3.3578e+09    0  529          - 3.3578e+09      -     -  475s
     0     0 3.3578e+09    0  556          - 3.3578e+09      -     -  551s
     0     0 3.3578e+09    0  546          - 3.3578e+09      -     -  589s
     0     0 3.3578e+09    0  509          - 3.3578e+09      -     -  644s
     0     0 3.3578e+09    0  501          - 3.3578e+09      -     -  668s
     0     0 3.3578e+09    0  527          - 3.3578e+09      -     -  708s
     0     0 3.3578e+09    0  506          - 3.3578e+09      -     -  746s
     0     0 3.3578e+09    0  524          - 3.3578e+09      -     -  752s
     0     0 3.3578e+09    0  527          - 3.3578e+09      -     -  786s
     0     0 3.3578e+09    0  516          - 3.3578e+09      -     -  834s
     0     2 3.3578e+09    0  515          - 3.3578e+09      -     - 1012s
     1     4 3.3578e+09    1  502          - 3.3578e+09      -  8757 1176s
     3     8 3.3578e+09    2  507          - 3.3578e+09      -  6473 1468s
     7    16 3.3578e+09    3  503          - 3.3578e+09      -  6665 1706s
    15    32 3.3578e+09    4  507          - 3.3578e+09      -  5797 2191s
    31    52 3.3578e+09    5  539          - 3.3578e+09      - 19176 4937s
    51    72 3.3578e+09    6  508          - 3.3578e+09      - 99650 5435s
    71    92 3.3571e+09    6  451          - 3.3578e+09      - 72696 5782s
    91   112 3.3578e+09    7  514          - 3.3578e+09      - 57495 6228s
   111   138 3.3576e+09    7  528          - 3.3578e+09      - 47848 6544s
   137   169 3.3578e+09    8  519          - 3.3578e+09      - 39250 6820s
   168   200 3.3578e+09   10  515          - 3.3578e+09      - 32386 7357s
   199   231 3.3578e+09   11  486          - 3.3578e+09      - 27971 7547s
   230   261 3.3578e+09   12  512          - 3.3578e+09      - 24431 7853s
   260   327 3.3578e+09   13  490          - 3.3578e+09      - 21833 8261s
   326   433 3.3578e+09   14  511          - 3.3578e+09      - 17841 9059s
   432   566 3.3578e+09   17  478          - 3.3578e+09      - 13972 9843s
   565   716 3.3570e+09   24  445          - 3.3578e+09      - 11142 10800s

Cutting planes:
  Cover: 23
  Implied bound: 34
  Clique: 1
  MIR: 57
  Flow cover: 70
  GUB cover: 2
  RLT: 16
  Relax-and-lift: 11

Explored 715 nodes (6687646 simplex iterations) in 10800.20 seconds (7560.27 work units)
Thread count was 20 (of 40 available processors)

Solution count 0

Time limit reached
Best objective -, best bound 3.357805477492e+09, gap -
