
Gurobi 10.0.1 (linux64) logging started Fri May 26 07:31:29 2023

Set parameter LogFile to value "logFiles/A-2L-D/A-2L-6U-22F-15V-365D/basic-05-26-2023, 07-31-H70-P50-O15.log"
Gurobi Optimizer version 10.0.1 build v10.0.1rc0 (linux64)

CPU model: Intel(R) Xeon(R) Gold 5115 CPU @ 2.40GHz, instruction set [SSE2|AVX|AVX2|AVX512]
Thread count: 20 physical cores, 40 logical processors, using up to 20 threads

Optimize a model with 53463 rows, 437086 columns and 1784171 nonzeros
Model fingerprint: 0xfc4cd71b
Variable types: 185660 continuous, 251426 integer (251426 binary)
Coefficient statistics:
  Matrix range     [1e+00, 2e+05]
  Objective range  [4e+01, 3e+07]
  Bounds range     [1e+00, 1e+00]
  RHS range        [1e+00, 2e+06]
Presolve removed 40101 rows and 14509 columns (presolve time = 5s) ...
Presolve removed 40082 rows and 14490 columns
Presolve time: 6.49s
Presolved: 13381 rows, 422596 columns, 1658287 nonzeros
Variable types: 176098 continuous, 246498 integer (246491 binary)
Deterministic concurrent LP optimizer: primal simplex, dual simplex, and barrier
Showing barrier log only...

Root barrier log...

Ordering time: 0.62s

Barrier statistics:
 AA' NZ     : 8.878e+05
 Factor NZ  : 6.209e+06 (roughly 230 MB of memory)
 Factor Ops : 9.904e+09 (less than 1 second per iteration)
 Threads    : 17

                  Objective                Residual
Iter       Primal          Dual         Primal    Dual     Compl     Time
   0  -1.91293241e+16  6.65244037e+13  8.71e+08 1.68e+07  3.10e+12    11s
   1  -9.68835640e+15  7.89632167e+13  4.42e+08 6.39e+06  1.60e+12    11s
   2  -1.14070012e+15  7.73978262e+13  5.23e+07 3.16e+04  1.91e+11    11s
   3  -8.89723678e+12  6.03605210e+13  4.08e+05 5.22e-08  1.57e+09    11s
   4  -5.51929887e+11  1.39968594e+13  2.54e+04 4.48e-08  1.10e+08    12s
   5  -3.61701601e+11  1.01232861e+13  1.67e+04 3.73e-08  7.16e+07    12s
   6  -1.74941220e+11  7.52020218e+12  8.25e+03 3.35e-08  3.73e+07    12s
   7  -1.30221921e+11  5.32981982e+12  6.31e+03 2.98e-08  2.67e+07    12s
   8  -6.42853263e+10  3.26827827e+12  3.29e+03 3.35e-08  1.35e+07    13s
   9  -2.81011772e+10  1.50380775e+12  1.55e+03 1.68e-07  5.80e+06    13s
  10  -5.60729815e+09  6.62788862e+11  4.36e+02 2.76e-07  1.80e+06    13s
  11  -1.29443778e+09  3.41512158e+11  2.21e+02 2.16e-07  8.80e+05    13s
  12   1.37670879e+09  2.00689542e+11  8.97e+01 1.49e-07  4.21e+05    14s
  13   1.64880157e+09  1.59233730e+11  7.65e+01 1.12e-07  3.43e+05    14s
  14   1.81622548e+09  1.55331933e+11  6.83e+01 1.24e-07  3.21e+05    14s
  15   2.14101076e+09  1.11767386e+11  5.26e+01 3.58e-07  2.37e+05    14s
  16   2.51643411e+09  7.10420823e+10  3.43e+01 2.38e-07  1.52e+05    15s
  17   2.83998191e+09  5.29493579e+10  1.85e+01 3.95e-07  9.79e+04    15s
  18   2.97480452e+09  3.37940390e+10  1.19e+01 4.02e-07  6.14e+04    15s
  19   2.99874185e+09  3.09611835e+10  1.07e+01 4.77e-07  5.55e+04    16s
  20   3.01647924e+09  2.70824058e+10  9.81e+00 4.13e-07  4.92e+04    16s
  21   3.04005832e+09  2.06381189e+10  8.64e+00 6.27e-07  3.92e+04    16s
  22   3.17162785e+09  1.57421390e+10  1.90e+00 4.77e-07  1.90e+04    16s
  23   3.19152063e+09  1.18114868e+10  1.07e+00 4.30e-07  1.24e+04    17s
  24   3.22678981e+09  7.44733770e+09  6.47e-01 4.71e-07  6.01e+03    17s
  25   3.24896636e+09  6.72033139e+09  5.04e-01 5.05e-07  4.84e+03    17s
  26   3.25952252e+09  5.81144892e+09  4.46e-01 3.58e-07  3.57e+03    17s
  27   3.27712538e+09  5.51280126e+09  3.77e-01 4.77e-07  3.08e+03    17s
  28   3.30212340e+09  5.08042861e+09  3.00e-01 4.37e-07  2.41e+03    18s
  29   3.35183314e+09  4.86194566e+09  1.61e-01 4.31e-07  1.94e+03    18s
  30   3.36430643e+09  4.31122433e+09  1.30e-01 3.58e-07  1.22e+03    18s
  31   3.38352376e+09  3.84259898e+09  1.00e-01 3.70e-07  6.05e+02    18s
  32   3.40153477e+09  3.82182882e+09  8.24e-02 4.36e-07  5.48e+02    19s
  33   3.40602577e+09  3.76663224e+09  7.78e-02 5.57e-07  4.72e+02    19s
  34   3.43139944e+09  3.72793918e+09  5.39e-02 5.29e-07  3.82e+02    19s
  35   3.45807203e+09  3.67100437e+09  3.37e-02 3.97e-07  2.70e+02    19s
  36   3.47171710e+09  3.62720271e+09  2.57e-02 4.73e-07  1.98e+02    20s
  37   3.48380118e+09  3.60451049e+09  1.80e-02 4.31e-07  1.52e+02    20s
  38   3.48824936e+09  3.57067787e+09  1.56e-02 5.14e-07  1.05e+02    20s
  39   3.50376534e+09  3.55602503e+09  6.31e-03 5.03e-07  6.50e+01    21s
  40   3.50702756e+09  3.55395107e+09  4.93e-03 5.17e-07  5.80e+01    21s
  41   3.50954507e+09  3.54468317e+09  3.99e-03 5.05e-07  4.35e+01    21s
  42   3.51262610e+09  3.53738852e+09  2.94e-03 5.76e-07  3.08e+01    21s
  43   3.51488639e+09  3.53498955e+09  2.25e-03 4.77e-07  2.49e+01    22s
  44   3.51661482e+09  3.53309474e+09  1.77e-03 4.77e-07  2.04e+01    22s
  45   3.51919679e+09  3.53060395e+09  1.12e-03 4.77e-07  1.41e+01    22s
  46   3.52037127e+09  3.52894395e+09  8.65e-04 4.77e-07  1.06e+01    22s
  47   3.52117761e+09  3.52802308e+09  7.01e-04 4.77e-07  8.45e+00    23s
  48   3.52188852e+09  3.52742073e+09  5.65e-04 5.91e-07  6.83e+00    23s
  49   3.52263618e+09  3.52685538e+09  4.27e-04 5.08e-07  5.21e+00    23s
  50   3.52352403e+09  3.52637169e+09  2.71e-04 4.77e-07  3.51e+00    24s
  51   3.52395160e+09  3.52586481e+09  1.98e-04 5.02e-07  2.37e+00    24s
  52   3.52426916e+09  3.52561652e+09  1.45e-04 4.81e-07  1.67e+00    24s
  53   3.52433981e+09  3.52558417e+09  1.34e-04 7.15e-07  1.54e+00    24s
  54   3.52446048e+09  3.52537100e+09  1.14e-04 4.78e-07  1.14e+00    25s
  55   3.52466683e+09  3.52536284e+09  8.22e-05 5.65e-07  8.67e-01    25s
  56   3.52481762e+09  3.52529335e+09  5.93e-05 4.77e-07  5.94e-01    25s
  57   3.52495373e+09  3.52522989e+09  3.62e-05 3.33e-07  3.46e-01    25s
  58   3.52507814e+09  3.52520855e+09  1.53e-05 4.77e-07  1.63e-01    26s
  59   3.52514715e+09  3.52519764e+09  4.38e-06 3.73e-07  6.22e-02    26s
  60   3.52516348e+09  3.52518425e+09  1.98e-06 6.62e-07  2.57e-02    26s
  61   3.52517297e+09  3.52518183e+09  7.64e-07 7.15e-07  1.08e-02    26s
  62   3.52517648e+09  3.52517719e+09  5.38e-07 4.95e-07  8.53e-04    26s
  63   3.52517670e+09  3.52517671e+09  2.51e-07 3.84e-07  2.93e-06    27s
  64   3.52517670e+09  3.52517670e+09  9.13e-08 7.15e-07  7.59e-11    27s

Barrier solved model in 64 iterations and 26.82 seconds (21.50 work units)
Optimal objective 3.52517670e+09


Root crossover log...

   10525 DPushes remaining with DInf 0.0000000e+00                27s
       0 DPushes remaining with DInf 0.0000000e+00                27s

     885 PPushes remaining with PInf 0.0000000e+00                27s
       0 PPushes remaining with PInf 0.0000000e+00                27s

  Push phase complete: Pinf 0.0000000e+00, Dinf 5.8780742e-08     27s


Root simplex log...

Iteration    Objective       Primal Inf.    Dual Inf.      Time
   11406    3.5251767e+09   0.000000e+00   0.000000e+00     27s
Concurrent spin time: 0.01s

Solved with barrier
   11429    3.5251767e+09   0.000000e+00   0.000000e+00     27s
Extra simplex iterations after uncrush: 23

Root relaxation: objective 3.525177e+09, 11429 iterations, 19.34 seconds (12.28 work units)

    Nodes    |    Current Node    |     Objective Bounds      |     Work
 Expl Unexpl |  Obj  Depth IntInf | Incumbent    BestBd   Gap | It/Node Time

     0     0 3.5252e+09    0  250          - 3.5252e+09      -     -   29s
H    0     0                    3.480951e+09 3.5252e+09  1.27%     -   41s
     0     0 3.5251e+09    0  269 3.4810e+09 3.5251e+09  1.27%     -   55s
H    0     0                    3.490892e+09 3.5251e+09  0.98%     -   63s

Cutting planes:
  Cover: 8
  Implied bound: 23
  Clique: 2
  MIR: 14
  Flow cover: 17
  RLT: 7
  Relax-and-lift: 11

Explored 1 nodes (21425 simplex iterations) in 63.91 seconds (51.44 work units)
Thread count was 20 (of 40 available processors)

Solution count 2: 3.49089e+09 3.48095e+09 

Optimal solution found (tolerance 1.00e-02)
Best objective 3.490892373556e+09, best bound 3.525055514851e+09, gap 0.9786%
Gurobi Optimizer version 10.0.1 build v10.0.1rc0 (linux64)

CPU model: Intel(R) Xeon(R) Gold 5115 CPU @ 2.40GHz, instruction set [SSE2|AVX|AVX2|AVX512]
Thread count: 20 physical cores, 40 logical processors, using up to 20 threads

Optimize a model with 92820 rows, 819360 columns and 4142020 nonzeros
Model fingerprint: 0x35f2fe7e
Variable types: 266173 continuous, 553187 integer (553187 binary)
Coefficient statistics:
  Matrix range     [1e+00, 2e+05]
  Objective range  [4e+01, 3e+07]
  Bounds range     [2e-10, 3e+05]
  RHS range        [1e+00, 4e+06]
Presolve removed 76705 rows and 503584 columns (presolve time = 5s) ...
Presolve removed 76788 rows and 503689 columns (presolve time = 10s) ...
Presolve removed 77234 rows and 514728 columns (presolve time = 15s) ...
Presolve removed 77195 rows and 514689 columns
Presolve time: 17.62s
Presolved: 15625 rows, 304671 columns, 1264146 nonzeros
Variable types: 131142 continuous, 173529 integer (173513 binary)
Deterministic concurrent LP optimizer: primal simplex, dual simplex, and barrier
Showing barrier log only...

Root barrier log...

Ordering time: 0.41s

Barrier statistics:
 AA' NZ     : 7.076e+05
 Factor NZ  : 4.990e+06 (roughly 170 MB of memory)
 Factor Ops : 7.606e+09 (less than 1 second per iteration)
 Threads    : 17

                  Objective                Residual
Iter       Primal          Dual         Primal    Dual     Compl     Time
   0  -1.19473169e+16  6.18970772e+13  6.39e+08 4.23e+06  1.42e+12    23s
   1  -7.50723599e+15  6.43518313e+13  4.02e+08 5.23e+06  9.04e+11    23s
   2  -5.61010028e+14  6.03521432e+13  3.04e+07 1.18e+06  6.93e+10    23s
   3  -3.36676838e+13  3.31689260e+13  1.82e+06 3.91e+04  4.25e+09    24s
   4  -7.73919731e+12  8.93399001e+12  4.19e+05 2.25e-08  9.87e+08    24s
   5  -3.80882188e+11  5.00268761e+12  2.07e+04 3.60e+02  5.61e+07    24s
   6  -1.26076018e+11  3.48688145e+12  6.89e+03 1.86e-08  2.13e+07    24s
   7  -7.89801806e+10  3.09467302e+12  4.35e+03 1.86e-08  1.48e+07    24s
   8  -3.15242609e+10  1.61131704e+12  1.80e+03 1.68e-08  6.24e+06    25s
   9  -5.11446574e+09  5.85447242e+11  3.75e+02 2.25e-08  1.61e+06    25s
  10  -1.57423492e+09  1.68116349e+11  1.84e+02 2.37e-08  5.43e+05    25s
  11   6.53258034e+08  1.03926668e+11  6.44e+01 2.54e-08  2.60e+05    26s
  12   1.26448357e+09  6.77840082e+10  3.26e+01 2.71e-08  1.55e+05    26s
  13   1.53123800e+09  3.23327491e+10  1.89e+01 4.55e-08  7.67e+04    26s
  14   1.66971769e+09  2.76028785e+10  1.19e+01 3.85e-08  5.93e+04    26s
  15   1.73443964e+09  2.19257087e+10  8.59e+00 5.95e-08  4.55e+04    27s
  16   1.79899561e+09  1.80166850e+10  5.42e+00 5.65e-08  3.47e+04    27s
  17   1.81759687e+09  1.68869622e+10  4.44e+00 6.44e-08  3.15e+04    27s
  18   1.84292356e+09  1.29471523e+10  3.01e+00 6.13e-08  2.31e+04    27s
  19   1.86942312e+09  8.41145441e+09  1.66e+00 8.01e-08  1.34e+04    28s
  20   1.90376788e+09  7.13079922e+09  8.68e-01 1.14e-07  9.90e+03    28s
  21   1.92399746e+09  5.32983065e+09  6.45e-01 7.92e-08  6.39e+03    28s
  22   1.94556179e+09  3.97918988e+09  4.41e-01 4.06e-08  3.73e+03    28s
  23   1.94951895e+09  3.69466794e+09  3.94e-01 3.92e-08  3.18e+03    29s
  24   1.96107978e+09  3.14372283e+09  2.99e-01 2.95e-08  2.13e+03    29s
  25   1.98052028e+09  2.85427774e+09  1.61e-01 3.07e-08  1.52e+03    29s
  26   2.00191175e+09  2.53772390e+09  6.47e-02 2.51e-08  9.06e+02    29s
  27   2.00957333e+09  2.35884948e+09  5.25e-02 2.42e-08  5.88e+02    30s
  28   2.01258178e+09  2.30615180e+09  4.69e-02 1.30e-08  4.94e+02    30s
  29   2.01327701e+09  2.30532948e+09  4.59e-02 9.66e-09  4.91e+02    30s
  30   2.01454668e+09  2.26385940e+09  4.36e-02 9.55e-09  4.19e+02    30s
  31   2.02340151e+09  2.24343105e+09  3.23e-02 8.38e-09  3.68e+02    31s
  32   2.02859083e+09  2.19261877e+09  2.65e-02 5.70e-09  2.74e+02    31s
  33   2.03260063e+09  2.16271448e+09  2.24e-02 7.45e-09  2.17e+02    31s
  34   2.03629803e+09  2.14179865e+09  1.72e-02 7.45e-09  1.76e+02    31s
  35   2.04167011e+09  2.11362776e+09  1.33e-02 5.94e-09  1.20e+02    32s
  36   2.04283230e+09  2.10639602e+09  1.24e-02 6.05e-09  1.06e+02    32s
  37   2.04432789e+09  2.09865091e+09  1.12e-02 7.45e-09  9.02e+01    32s
  38   2.04961863e+09  2.09152086e+09  7.37e-03 6.17e-09  6.95e+01    33s
  39   2.05249850e+09  2.08915244e+09  5.50e-03 1.11e-08  6.07e+01    33s
  40   2.05425665e+09  2.07988613e+09  4.52e-03 6.64e-09  4.24e+01    33s
  41   2.05450268e+09  2.07916037e+09  4.36e-03 8.73e-09  4.08e+01    34s
  42   2.05643437e+09  2.07518406e+09  3.18e-03 8.61e-09  3.10e+01    34s
  43   2.05749451e+09  2.07285806e+09  2.67e-03 3.73e-09  2.54e+01    34s
  44   2.05866647e+09  2.07063263e+09  2.14e-03 4.89e-09  1.98e+01    34s
  45   2.06039267e+09  2.06912554e+09  1.37e-03 4.77e-09  1.44e+01    35s
  46   2.06099262e+09  2.06807562e+09  1.15e-03 6.29e-09  1.17e+01    35s
  47   2.06127688e+09  2.06759076e+09  1.07e-03 6.52e-09  1.04e+01    35s
  48   2.06171255e+09  2.06711599e+09  9.52e-04 4.31e-09  8.93e+00    36s
  49   2.06182129e+09  2.06702981e+09  9.19e-04 7.57e-09  8.61e+00    36s
  50   2.06250066e+09  2.06671191e+09  7.22e-04 4.89e-09  6.96e+00    36s
  51   2.06266723e+09  2.06651378e+09  6.75e-04 7.45e-09  6.36e+00    36s
  52   2.06332344e+09  2.06610443e+09  4.95e-04 4.77e-09  4.60e+00    37s
  53   2.06387954e+09  2.06597834e+09  3.47e-04 3.96e-09  3.47e+00    37s
  54   2.06414107e+09  2.06577971e+09  2.79e-04 7.45e-09  2.71e+00    37s
  55   2.06466940e+09  2.06552204e+09  1.42e-04 5.12e-09  1.41e+00    38s
  56   2.06490726e+09  2.06547088e+09  8.35e-05 6.64e-09  9.32e-01    38s
  57   2.06501947e+09  2.06540441e+09  5.58e-05 7.10e-09  6.36e-01    38s
  58   2.06507739e+09  2.06536357e+09  4.19e-05 5.94e-09  4.73e-01    38s
  59   2.06510870e+09  2.06532163e+09  3.45e-05 5.24e-09  3.52e-01    39s
  60   2.06512715e+09  2.06530883e+09  3.03e-05 5.70e-09  3.00e-01    39s
  61   2.06513973e+09  2.06530071e+09  2.74e-05 7.10e-09  2.66e-01    39s
  62   2.06515578e+09  2.06528947e+09  2.36e-05 4.77e-09  2.21e-01    39s
  63   2.06520862e+09  2.06528026e+09  1.19e-05 3.73e-09  1.18e-01    40s
  64   2.06525267e+09  2.06526906e+09  1.74e-06 6.40e-09  2.71e-02    40s
  65   2.06526050e+09  2.06526324e+09  2.20e-07 5.59e-09  4.52e-03    40s
  66   2.06526124e+09  2.06526151e+09  5.00e-07 8.61e-09  4.41e-04    40s
  67   2.06526150e+09  2.06526150e+09  3.19e-08 7.45e-09  1.75e-06    41s
  68   2.06526150e+09  2.06526150e+09  9.90e-10 6.29e-09  3.43e-10    41s

Barrier solved model in 68 iterations and 40.90 seconds (27.56 work units)
Optimal objective 2.06526150e+09


Root crossover log...

    8330 DPushes remaining with DInf 0.0000000e+00                41s
       0 DPushes remaining with DInf 0.0000000e+00                41s

     599 PPushes remaining with PInf 0.0000000e+00                41s
       0 PPushes remaining with PInf 0.0000000e+00                41s

  Push phase complete: Pinf 0.0000000e+00, Dinf 1.6690076e+02     41s


Root simplex log...

Iteration    Objective       Primal Inf.    Dual Inf.      Time
    8834    2.0652615e+09   0.000000e+00   1.669008e+02     41s
    8835    2.0652615e+09   0.000000e+00   0.000000e+00     41s
Concurrent spin time: 2.15s

Solved with barrier
    8835    2.0652615e+09   0.000000e+00   0.000000e+00     44s

Root relaxation: objective 2.065262e+09, 8835 iterations, 23.37 seconds (9.67 work units)
Total elapsed time = 45.17s

    Nodes    |    Current Node    |     Objective Bounds      |     Work
 Expl Unexpl |  Obj  Depth IntInf | Incumbent    BestBd   Gap | It/Node Time

     0     0 2.0653e+09    0  203          - 2.0653e+09      -     -   46s
     0     0 2.0652e+09    0  212          - 2.0652e+09      -     -   67s
     0     0 2.0652e+09    0  197          - 2.0652e+09      -     -   79s
     0     0 2.0652e+09    0  206          - 2.0652e+09      -     -   82s
     0     0 2.0652e+09    0  206          - 2.0652e+09      -     -   83s
     0     0 2.0652e+09    0  230          - 2.0652e+09      -     -   93s
     0     0 2.0652e+09    0  226          - 2.0652e+09      -     -  102s
     0     0 2.0652e+09    0  227          - 2.0652e+09      -     -  103s
     0     0 2.0652e+09    0  241          - 2.0652e+09      -     -  111s
H    0     0                    1.889211e+09 2.0652e+09  9.32%     -  115s
     0     0 2.0647e+09    0  244 1.8892e+09 2.0647e+09  9.29%     -  117s
     0     0 2.0647e+09    0  246 1.8892e+09 2.0647e+09  9.29%     -  120s
     0     0 2.0647e+09    0  249 1.8892e+09 2.0647e+09  9.29%     -  121s
     0     0 2.0645e+09    0  229 1.8892e+09 2.0645e+09  9.28%     -  127s
H    0     0                    1.952463e+09 2.0645e+09  5.74%     -  132s
     0     0 2.0645e+09    0  231 1.9525e+09 2.0645e+09  5.74%     -  132s
     0     0 2.0645e+09    0  230 1.9525e+09 2.0645e+09  5.74%     -  133s
     0     0 2.0645e+09    0  212 1.9525e+09 2.0645e+09  5.74%     -  138s
H    0     0                    1.958152e+09 2.0645e+09  5.43%     -  147s
     0     0 2.0645e+09    0  221 1.9582e+09 2.0645e+09  5.43%     -  148s
     0     0 2.0644e+09    0  229 1.9582e+09 2.0644e+09  5.43%     -  148s
     0     0 2.0644e+09    0  230 1.9582e+09 2.0644e+09  5.43%     -  149s
     0     0 2.0644e+09    0  234 1.9582e+09 2.0644e+09  5.43%     -  149s
     0     0 2.0644e+09    0  241 1.9582e+09 2.0644e+09  5.43%     -  150s
     0     0 2.0644e+09    0  222 1.9582e+09 2.0644e+09  5.43%     -  156s
     0     0 2.0644e+09    0  224 1.9582e+09 2.0644e+09  5.43%     -  161s
     0     0 2.0643e+09    0  216 1.9582e+09 2.0643e+09  5.42%     -  168s
     0     0 2.0643e+09    0  254 1.9582e+09 2.0643e+09  5.42%     -  176s
     0     0 2.0643e+09    0  251 1.9582e+09 2.0643e+09  5.42%     -  177s
     0     0 2.0643e+09    0  262 1.9582e+09 2.0643e+09  5.42%     -  178s
     0     0 2.0643e+09    0  262 1.9582e+09 2.0643e+09  5.42%     -  178s
     0     0 2.0643e+09    0  233 1.9582e+09 2.0643e+09  5.42%     -  184s
H    0     0                    1.995469e+09 2.0643e+09  3.45%     -  196s
     0     0 2.0643e+09    0  239 1.9955e+09 2.0643e+09  3.45%     -  197s
     0     0 2.0643e+09    0  238 1.9955e+09 2.0643e+09  3.45%     -  203s
H    0     0                    1.997332e+09 2.0643e+09  3.35%     -  214s
     0     0 2.0643e+09    0  251 1.9973e+09 2.0643e+09  3.35%     -  215s
     0     0 2.0643e+09    0  229 1.9973e+09 2.0643e+09  3.35%     -  221s
     0     0 2.0643e+09    0  222 1.9973e+09 2.0643e+09  3.35%     -  228s
H    0     0                    2.019525e+09 2.0643e+09  2.22%     -  287s
H    0     2                    2.022408e+09 2.0643e+09  2.07%     -  297s
     0     2 2.0643e+09    0  222 2.0224e+09 2.0643e+09  2.07%     -  297s
     1     4 2.0637e+09    1  224 2.0224e+09 2.0642e+09  2.07%  1813  303s
     3     8 2.0637e+09    2  226 2.0224e+09 2.0641e+09  2.06%   770  313s
     7    16 2.0637e+09    3  219 2.0224e+09 2.0641e+09  2.06%   793  327s
    15    32 2.0632e+09    4  213 2.0224e+09 2.0641e+09  2.06%   851  354s
H   31    52                    2.026455e+09 2.0641e+09  1.86%  1022  391s
H   37    52                    2.026469e+09 2.0641e+09  1.86%   926  392s
H   37    52                    2.029524e+09 2.0641e+09  1.70%   926  392s
H   38    52                    2.029978e+09 2.0641e+09  1.68%   910  393s
    51    72 2.0632e+09    6  238 2.0300e+09 2.0641e+09  1.68%   900  416s
    71    92 2.0632e+09    7  246 2.0300e+09 2.0641e+09  1.68%   800  436s
    91   112 2.0632e+09    8  233 2.0300e+09 2.0641e+09  1.68%   741  729s
H   92   112                    2.036740e+09 2.0641e+09  1.34%   733  729s
H   93   112                    2.046235e+09 2.0641e+09  0.87%   727  730s
H  102   112                    2.051252e+09 2.0641e+09  0.63%   701  731s

Cutting planes:
  Cover: 70
  Implied bound: 103
  Clique: 4
  MIR: 101
  Flow cover: 96
  GUB cover: 2
  Zero half: 3
  Network: 58
  RLT: 11
  Relax-and-lift: 43

Explored 111 nodes (98141 simplex iterations) in 731.34 seconds (669.42 work units)
Thread count was 20 (of 40 available processors)

Solution count 10: 2.05125e+09 2.04623e+09 2.03674e+09 ... 1.99733e+09

Optimal solution found (tolerance 1.00e-02)
Best objective 2.051251506860e+09, best bound 2.064072901661e+09, gap 0.6251%
Gurobi Optimizer version 10.0.1 build v10.0.1rc0 (linux64)

CPU model: Intel(R) Xeon(R) Gold 5115 CPU @ 2.40GHz, instruction set [SSE2|AVX|AVX2|AVX512]
Thread count: 20 physical cores, 40 logical processors, using up to 20 threads

Optimize a model with 127648 rows, 1197677 columns and 6549196 nonzeros
Model fingerprint: 0x77e0ccfb
Variable types: 284891 continuous, 912786 integer (912786 binary)
Coefficient statistics:
  Matrix range     [1e+00, 2e+05]
  Objective range  [4e+01, 3e+07]
  Bounds range     [2e-10, 3e+05]
  RHS range        [1e+00, 5e+06]
Presolve removed 112166 rows and 912908 columns (presolve time = 5s) ...
Presolve removed 112228 rows and 912914 columns (presolve time = 10s) ...
Presolve removed 112779 rows and 926443 columns
Presolve time: 13.70s
Presolved: 14869 rows, 271234 columns, 1075990 nonzeros
Variable types: 121080 continuous, 150154 integer (150139 binary)
Deterministic concurrent LP optimizer: primal simplex, dual simplex, and barrier
Showing barrier log only...

Root barrier log...

Ordering time: 0.36s

Barrier statistics:
 AA' NZ     : 6.106e+05
 Factor NZ  : 4.209e+06 (roughly 150 MB of memory)
 Factor Ops : 5.832e+09 (less than 1 second per iteration)
 Threads    : 17

                  Objective                Residual
Iter       Primal          Dual         Primal    Dual     Compl     Time
   0  -1.08591385e+16  1.69264065e+13  4.08e+08 3.00e+06  9.36e+11    18s
   1  -3.90700304e+15  2.13896987e+13  1.47e+08 3.41e+06  3.40e+11    18s
   2  -3.35004313e+14  2.12120425e+13  1.27e+07 1.14e+05  3.00e+10    18s
   3  -2.22609044e+13  1.33966447e+13  8.41e+05 7.86e+02  2.02e+09    18s
   4  -2.86550597e+12  4.47983771e+12  1.08e+05 1.50e-08  2.73e+08    19s
   5  -6.75451833e+11  2.94403513e+12  2.56e+04 2.36e-01  6.81e+07    19s
   6  -3.29109906e+11  2.37518877e+12  1.25e+04 2.47e+00  3.47e+07    19s
   7  -1.26978533e+11  1.80310142e+12  4.87e+03 9.43e-09  1.48e+07    19s
   8  -2.91353967e+10  9.38810217e+11  1.19e+03 1.30e-08  4.23e+06    19s
   9  -5.30962810e+09  2.68200027e+11  2.91e+02 1.32e-08  9.74e+05    19s
  10  -1.09693368e+09  1.12492763e+11  1.33e+02 1.68e-08  4.03e+05    20s
  11   6.65096345e+08  7.21948881e+10  6.82e+01 1.71e-08  2.28e+05    20s
  12   1.65386335e+09  4.79569354e+10  3.29e+01 1.99e-08  1.31e+05    20s
  13   2.03664336e+09  2.48156740e+10  1.92e+01 2.53e-08  6.84e+04    20s
  14   2.27684964e+09  1.74503156e+10  1.06e+01 3.12e-08  4.28e+04    20s
  15   2.30996952e+09  1.57682603e+10  9.48e+00 3.42e-08  3.82e+04    20s
  16   2.38452323e+09  1.36536918e+10  6.92e+00 3.33e-08  3.07e+04    21s
  17   2.45483689e+09  9.72653392e+09  4.49e+00 3.83e-08  2.01e+04    21s
  18   2.51191212e+09  7.06845629e+09  2.42e+00 4.01e-08  1.22e+04    21s
  19   2.54641049e+09  5.53816731e+09  1.61e+00 4.10e-08  7.83e+03    21s
  20   2.55853806e+09  5.29145897e+09  1.39e+00 4.66e-08  7.01e+03    21s
  21   2.57379781e+09  4.51879932e+09  1.16e+00 5.96e-08  5.02e+03    22s
  22   2.59873212e+09  4.34219684e+09  8.24e-01 7.17e-08  4.20e+03    22s
  23   2.63621029e+09  3.80351761e+09  4.01e-01 6.71e-08  2.55e+03    22s
  24   2.66276777e+09  3.29487684e+09  1.83e-01 4.47e-08  1.30e+03    22s
  25   2.68144531e+09  3.05541515e+09  1.01e-01 2.89e-08  7.40e+02    22s
  26   2.68982130e+09  2.99119780e+09  8.43e-02 1.77e-08  5.93e+02    23s
  27   2.69417363e+09  2.94069782e+09  7.22e-02 1.40e-08  4.82e+02    23s
  28   2.69741502e+09  2.92443794e+09  6.26e-02 1.49e-08  4.41e+02    23s
  29   2.70300276e+09  2.87265663e+09  4.76e-02 1.30e-08  3.27e+02    23s
  30   2.70841077e+09  2.84874831e+09  3.58e-02 1.12e-08  2.69e+02    23s
  31   2.71582593e+09  2.81631348e+09  2.13e-02 9.31e-09  1.91e+02    23s
  32   2.71913136e+09  2.79169657e+09  1.51e-02 1.30e-08  1.37e+02    24s
  33   2.72302332e+09  2.76917223e+09  1.12e-02 8.38e-09  8.70e+01    24s
  34   2.72669503e+09  2.76178004e+09  8.23e-03 1.21e-08  6.60e+01    24s
  35   2.72842593e+09  2.75953831e+09  6.95e-03 1.49e-08  5.85e+01    24s
  36   2.72896219e+09  2.75613652e+09  6.56e-03 9.31e-09  5.11e+01    25s
  37   2.73142698e+09  2.75352642e+09  4.85e-03 1.02e-08  4.15e+01    25s
  38   2.73333326e+09  2.75053075e+09  3.82e-03 8.38e-09  3.23e+01    25s
  39   2.73505819e+09  2.74859630e+09  2.92e-03 1.12e-08  2.54e+01    25s
  40   2.73678533e+09  2.74671867e+09  2.07e-03 8.38e-09  1.86e+01    25s
  41   2.73804034e+09  2.74553940e+09  1.54e-03 1.30e-08  1.41e+01    26s
  42   2.73888907e+09  2.74464184e+09  1.20e-03 1.49e-08  1.08e+01    26s
  43   2.73955414e+09  2.74404130e+09  9.41e-04 1.30e-08  8.41e+00    26s
  44   2.74053418e+09  2.74381506e+09  5.77e-04 1.86e-08  6.14e+00    26s
  45   2.74084295e+09  2.74359957e+09  4.77e-04 2.05e-08  5.16e+00    26s
  46   2.74114111e+09  2.74309182e+09  3.85e-04 1.58e-08  3.65e+00    27s
  47   2.74155299e+09  2.74286573e+09  2.59e-04 1.12e-08  2.46e+00    27s
  48   2.74181451e+09  2.74278793e+09  1.78e-04 9.31e-09  1.82e+00    27s
  49   2.74194778e+09  2.74274081e+09  1.41e-04 1.21e-08  1.48e+00    27s
  50   2.74200805e+09  2.74269387e+09  1.23e-04 1.21e-08  1.28e+00    28s
  51   2.74222729e+09  2.74259099e+09  6.03e-05 8.38e-09  6.81e-01    28s
  52   2.74240010e+09  2.74251396e+09  1.26e-05 9.31e-09  2.13e-01    28s
  53   2.74244101e+09  2.74248240e+09  2.20e-06 9.31e-09  7.72e-02    28s
  54   2.74244117e+09  2.74247895e+09  2.17e-06 1.02e-08  7.05e-02    28s
  55   2.74244637e+09  2.74246811e+09  9.59e-07 9.31e-09  4.05e-02    29s
  56   2.74244891e+09  2.74245738e+09  4.31e-07 7.45e-09  1.58e-02    29s
  57   2.74244901e+09  2.74245530e+09  4.11e-07 8.38e-09  1.17e-02    29s
  58   2.74245050e+09  2.74245457e+09  1.46e-07 1.12e-08  7.59e-03    29s
  59   2.74245097e+09  2.74245301e+09  5.96e-08 3.73e-09  3.80e-03    29s
  60   2.74245119e+09  2.74245224e+09  2.24e-08 4.66e-09  1.96e-03    30s
  61   2.74245121e+09  2.74245147e+09  1.83e-08 6.52e-09  4.85e-04    30s
  62   2.74245127e+09  2.74245140e+09  5.33e-07 4.66e-09  2.44e-04    30s
  63   2.74245133e+09  2.74245134e+09  2.04e-07 3.75e-09  2.99e-05    30s
  64   2.74245134e+09  2.74245134e+09  2.14e-09 8.38e-09  4.73e-07    31s
  65   2.74245134e+09  2.74245134e+09  7.44e-09 7.45e-09  1.02e-08    31s
  66   2.74245134e+09  2.74245134e+09  1.77e-09 3.73e-09  5.56e-11    31s

Barrier solved model in 66 iterations and 30.89 seconds (25.22 work units)
Optimal objective 2.74245134e+09


Root crossover log...

    7543 DPushes remaining with DInf 0.0000000e+00                31s
       0 DPushes remaining with DInf 0.0000000e+00                31s

     613 PPushes remaining with PInf 0.0000000e+00                31s
       0 PPushes remaining with PInf 0.0000000e+00                31s

  Push phase complete: Pinf 0.0000000e+00, Dinf 5.0472213e-08     31s


Root simplex log...

Iteration    Objective       Primal Inf.    Dual Inf.      Time
    8114    2.7424513e+09   0.000000e+00   0.000000e+00     31s
Concurrent spin time: 0.01s

Solved with barrier
    8114    2.7424513e+09   0.000000e+00   0.000000e+00     31s

Root relaxation: objective 2.742451e+09, 8114 iterations, 15.22 seconds (8.33 work units)

    Nodes    |    Current Node    |     Objective Bounds      |     Work
 Expl Unexpl |  Obj  Depth IntInf | Incumbent    BestBd   Gap | It/Node Time

     0     0 2.7425e+09    0  222          - 2.7425e+09      -     -   32s
     0     0 2.7423e+09    0  239          - 2.7423e+09      -     -   47s
     0     0 2.7422e+09    0  230          - 2.7422e+09      -     -   58s
     0     0 2.7422e+09    0  235          - 2.7422e+09      -     -   58s
     0     0 2.7421e+09    0  251          - 2.7421e+09      -     -   67s
     0     0 2.7415e+09    0  247          - 2.7415e+09      -     -   75s
     0     0 2.7415e+09    0  251          - 2.7415e+09      -     -   78s
     0     0 2.7415e+09    0  252          - 2.7415e+09      -     -   78s
     0     0 2.7411e+09    0  260          - 2.7411e+09      -     -   87s
     0     0 2.7411e+09    0  247          - 2.7411e+09      -     -   91s
     0     0 2.7411e+09    0  248          - 2.7411e+09      -     -   92s
     0     0 2.7411e+09    0  246          - 2.7411e+09      -     -   98s
     0     0 2.7411e+09    0  252          - 2.7411e+09      -     -  102s
     0     0 2.7411e+09    0  252          - 2.7411e+09      -     -  103s
     0     0 2.7411e+09    0  260          - 2.7411e+09      -     -  107s
H    0     0                    2.657777e+09 2.7411e+09  3.13%     -  110s
     0     0 2.7411e+09    0  252 2.6578e+09 2.7411e+09  3.13%     -  112s
     0     0 2.7410e+09    0  241 2.6578e+09 2.7410e+09  3.13%     -  116s
     0     0 2.7410e+09    0  241 2.6578e+09 2.7410e+09  3.13%     -  126s
     0     0 2.7410e+09    0  245 2.6578e+09 2.7410e+09  3.13%     -  129s
     0     0 2.7410e+09    0  245 2.6578e+09 2.7410e+09  3.13%     -  130s
     0     0 2.7410e+09    0  264 2.6578e+09 2.7410e+09  3.13%     -  140s
H    0     0                    2.657861e+09 2.7410e+09  3.13%     -  151s
     0     0 2.7410e+09    0  275 2.6579e+09 2.7410e+09  3.13%     -  154s
     0     0 2.7410e+09    0  281 2.6579e+09 2.7410e+09  3.13%     -  157s
     0     0 2.7410e+09    0  261 2.6579e+09 2.7410e+09  3.13%     -  164s
     0     0 2.7410e+09    0  264 2.6579e+09 2.7410e+09  3.13%     -  172s
     0     0 2.7409e+09    0  278 2.6579e+09 2.7409e+09  3.13%     -  181s
     0     0 2.7409e+09    0  275 2.6579e+09 2.7409e+09  3.13%     -  188s
     0     0 2.7409e+09    0  284 2.6579e+09 2.7409e+09  3.13%     -  189s
     0     0 2.7409e+09    0  260 2.6579e+09 2.7409e+09  3.12%     -  200s
     0     0 2.7409e+09    0  258 2.6579e+09 2.7409e+09  3.12%     -  208s
     0     0 2.7409e+09    0  263 2.6579e+09 2.7409e+09  3.12%     -  209s
     0     0 2.7409e+09    0  260 2.6579e+09 2.7409e+09  3.12%     -  214s
     0     0 2.7409e+09    0  258 2.6579e+09 2.7409e+09  3.12%     -  215s
     0     0 2.7409e+09    0  259 2.6579e+09 2.7409e+09  3.12%     -  222s
H    0     0                    2.657864e+09 2.7409e+09  3.12%     -  234s
     0     0 2.7409e+09    0  264 2.6579e+09 2.7409e+09  3.12%     -  236s
     0     0 2.7409e+09    0  261 2.6579e+09 2.7409e+09  3.12%     -  244s
H    0     0                    2.665397e+09 2.7409e+09  2.83%     -  260s
     0     0 2.7409e+09    0  266 2.6654e+09 2.7409e+09  2.83%     -  260s
     0     0 2.7408e+09    0  258 2.6654e+09 2.7408e+09  2.83%     -  272s
H    0     0                    2.665431e+09 2.7408e+09  2.83%     -  288s
     0     0 2.7408e+09    0  272 2.6654e+09 2.7408e+09  2.83%     -  290s
     0     0 2.7408e+09    0  269 2.6654e+09 2.7408e+09  2.83%     -  291s
     0     0 2.7408e+09    0  264 2.6654e+09 2.7408e+09  2.83%     -  300s
H    0     0                    2.682096e+09 2.7408e+09  2.19%     -  312s
     0     0 2.7408e+09    0  278 2.6821e+09 2.7408e+09  2.19%     -  315s
     0     0 2.7408e+09    0  284 2.6821e+09 2.7408e+09  2.19%     -  316s
     0     0 2.7408e+09    0  277 2.6821e+09 2.7408e+09  2.19%     -  320s
H    0     0                    2.682436e+09 2.7408e+09  2.18%     -  334s
     0     0 2.7408e+09    0  277 2.6824e+09 2.7408e+09  2.18%     -  336s
     0     0 2.7408e+09    0  279 2.6824e+09 2.7408e+09  2.18%     -  340s
     0     0 2.7408e+09    0  274 2.6824e+09 2.7408e+09  2.18%     -  347s
     0     2 2.7408e+09    0  273 2.6824e+09 2.7408e+09  2.18%     -  422s
     1     4 2.7408e+09    1  265 2.6824e+09 2.7408e+09  2.18%  3817  448s
     3     8 2.7408e+09    2  271 2.6824e+09 2.7408e+09  2.18%  2190  470s
     7    16 2.7408e+09    3  274 2.6824e+09 2.7408e+09  2.18%  1458  494s
    15    32 2.7408e+09    4  286 2.6824e+09 2.7408e+09  2.17%  1171  538s
    31    52 2.7405e+09    5  299 2.6824e+09 2.7408e+09  2.17%  1356  585s
H   33    52                    2.682440e+09 2.7408e+09  2.17%  1283  585s
H   33    52                    2.690294e+09 2.7408e+09  1.88%  1283  586s
    51    72 2.7405e+09    6  293 2.6903e+09 2.7407e+09  1.88%  1059  600s
    71    92 2.7405e+09    7  294 2.6903e+09 2.7407e+09  1.88%   894  615s
H   91   112                    2.691493e+09 2.7407e+09  1.83%   776  660s
H   92   112                    2.705026e+09 2.7407e+09  1.32%   770  661s
H   93   112                    2.712278e+09 2.7407e+09  1.05%   762  661s
H   97   112                    2.714475e+09 2.7407e+09  0.97%   768  662s

Cutting planes:
  Cover: 29
  Implied bound: 96
  MIR: 110
  Flow cover: 120
  GUB cover: 3
  Network: 43
  RLT: 16
  Relax-and-lift: 34

Explored 111 nodes (118393 simplex iterations) in 662.36 seconds (450.98 work units)
Thread count was 20 (of 40 available processors)

Solution count 10: 2.71448e+09 2.71228e+09 2.70503e+09 ... 2.6654e+09

Optimal solution found (tolerance 1.00e-02)
Best objective 2.714475422488e+09, best bound 2.740737047498e+09, gap 0.9675%
Gurobi Optimizer version 10.0.1 build v10.0.1rc0 (linux64)

CPU model: Intel(R) Xeon(R) Gold 5115 CPU @ 2.40GHz, instruction set [SSE2|AVX|AVX2|AVX512]
Thread count: 20 physical cores, 40 logical processors, using up to 20 threads

Optimize a model with 179955 rows, 1665905 columns and 10628661 nonzeros
Model fingerprint: 0xa83e156a
Variable types: 374831 continuous, 1291074 integer (1291074 binary)
Coefficient statistics:
  Matrix range     [1e+00, 2e+05]
  Objective range  [4e+01, 3e+07]
  Bounds range     [2e-10, 3e+05]
  RHS range        [1e+00, 7e+06]
Presolve removed 152029 rows and 1196774 columns (presolve time = 5s) ...
Presolve removed 160406 rows and 1226219 columns (presolve time = 10s) ...
Presolve removed 160497 rows and 1228987 columns (presolve time = 15s) ...
Presolve removed 160502 rows and 1228989 columns (presolve time = 20s) ...
Presolve removed 160502 rows and 1229007 columns (presolve time = 25s) ...
Presolve removed 160502 rows and 1229007 columns (presolve time = 41s) ...
Presolve removed 161854 rows and 1267383 columns (presolve time = 45s) ...
Presolve removed 161817 rows and 1267346 columns
Presolve time: 49.66s
Presolved: 18138 rows, 398559 columns, 1658861 nonzeros
Variable types: 229229 continuous, 169330 integer (169313 binary)
Deterministic concurrent LP optimizer: primal simplex, dual simplex, and barrier
Showing barrier log only...

Root barrier log...

Ordering time: 0.68s

Barrier statistics:
 AA' NZ     : 9.460e+05
 Factor NZ  : 6.583e+06 (roughly 200 MB of memory)
 Factor Ops : 1.095e+10 (less than 1 second per iteration)
 Threads    : 17

                  Objective                Residual
Iter       Primal          Dual         Primal    Dual     Compl     Time
   0  -2.48224542e+16  2.79226431e+12  9.58e+08 1.16e+05  9.95e+10    58s
   1  -1.10923437e+16  3.02945495e+12  4.28e+08 2.84e+05  4.51e+10    58s
   2  -9.90497979e+14  2.72623105e+12  3.84e+07 3.56e+04  4.14e+09    58s
   3  -3.07930206e+13  1.53823589e+12  1.19e+06 1.40e-09  1.31e+08    59s
   4  -5.26640008e+12  3.55192228e+11  2.04e+05 1.28e-09  2.27e+07    59s
   5  -1.08560014e+12  1.85541853e+11  4.17e+04 1.05e-09  4.87e+06    59s
   6  -3.53536275e+11  1.36017366e+11  1.37e+04 9.31e-10  1.67e+06    60s
   7  -1.63847305e+11  1.19671930e+11  6.44e+03 8.15e-10  8.38e+05    60s
   8  -6.31587593e+10  8.41309336e+10  2.56e+03 9.31e-10  3.62e+05    60s
   9  -4.72960774e+09  3.79377499e+10  3.09e+02 9.31e-10  7.08e+04    61s
  10  -9.28651568e+08  1.82027260e+10  1.63e+02 1.28e-09  3.15e+04    61s
  11   1.39835905e+09  1.11600704e+10  7.64e+01 2.04e-09  1.55e+04    61s
  12   1.91665080e+09  8.73289598e+09  5.72e+01 2.59e-09  1.10e+04    62s
  13   2.53390863e+09  7.55355991e+09  3.49e+01 3.61e-09  7.77e+03    62s
  14   2.93045042e+09  6.13752640e+09  2.07e+01 2.82e-09  4.90e+03    62s
  15   3.19568404e+09  5.55840209e+09  1.14e+01 4.34e-09  3.47e+03    63s
  16   3.33128337e+09  4.83824230e+09  6.79e+00 4.55e-09  2.24e+03    63s
  17   3.40878631e+09  4.69171377e+09  4.32e+00 6.29e-09  1.85e+03    63s
  18   3.41606248e+09  4.61145749e+09  4.10e+00 5.13e-09  1.74e+03    64s
  19   3.42396186e+09  4.57964760e+09  3.87e+00 7.86e-09  1.68e+03    64s
  20   3.45445988e+09  4.43229375e+09  3.09e+00 5.47e-09  1.42e+03    65s
  21   3.48234509e+09  4.22254558e+09  2.42e+00 7.63e-09  1.10e+03    65s
  22   3.51254983e+09  4.15625446e+09  1.69e+00 5.56e-09  9.22e+02    65s
  23   3.54871605e+09  3.96631352e+09  8.61e-01 5.24e-09  5.79e+02    66s
  24   3.57503569e+09  3.85454611e+09  3.69e-01 4.19e-09  3.72e+02    66s
  25   3.58749112e+09  3.77068145e+09  1.98e-01 3.49e-09  2.38e+02    67s
  26   3.60049873e+09  3.72516291e+09  7.72e-02 4.07e-09  1.59e+02    67s
  27   3.60516022e+09  3.69134649e+09  4.97e-02 2.44e-09  1.09e+02    67s
  28   3.60825382e+09  3.68027564e+09  3.81e-02 2.33e-09  9.09e+01    67s
  29   3.61120953e+09  3.66802014e+09  2.89e-02 2.21e-09  7.15e+01    68s
  30   3.61204122e+09  3.65447997e+09  2.62e-02 1.75e-09  5.33e+01    68s
  31   3.61317418e+09  3.65129452e+09  2.32e-02 2.04e-09  4.78e+01    68s
  32   3.61628780e+09  3.64861503e+09  1.55e-02 1.80e-09  4.06e+01    69s
  33   3.61791669e+09  3.64695007e+09  1.26e-02 1.86e-09  3.64e+01    69s
  34   3.61983581e+09  3.64008494e+09  9.42e-03 1.51e-09  2.54e+01    70s
  35   3.62235202e+09  3.63872700e+09  5.75e-03 1.51e-09  2.06e+01    70s
  36   3.62344981e+09  3.63582702e+09  4.46e-03 1.69e-09  1.55e+01    70s
  37   3.62444793e+09  3.63372964e+09  3.49e-03 1.69e-09  1.16e+01    71s
  38   3.62494698e+09  3.63310452e+09  3.07e-03 2.04e-09  1.02e+01    71s
  39   3.62532044e+09  3.63217662e+09  2.79e-03 1.40e-09  8.60e+00    72s
  40   3.62602261e+09  3.63170483e+09  2.20e-03 1.92e-09  7.13e+00    72s
  41   3.62611599e+09  3.63143323e+09  2.12e-03 1.83e-09  6.67e+00    73s
  42   3.62679112e+09  3.63075183e+09  1.60e-03 1.75e-09  4.97e+00    73s
  43   3.62690280e+09  3.63066597e+09  1.51e-03 1.98e-09  4.72e+00    74s
  44   3.62764768e+09  3.63023508e+09  9.48e-04 1.75e-09  3.25e+00    74s
  45   3.62802018e+09  3.62979545e+09  6.85e-04 1.54e-09  2.23e+00    75s
  46   3.62814922e+09  3.62967542e+09  5.94e-04 1.46e-09  1.92e+00    75s
  47   3.62861570e+09  3.62944832e+09  3.12e-04 1.60e-09  1.05e+00    75s
  48   3.62886403e+09  3.62920517e+09  1.36e-04 1.57e-09  4.28e-01    76s
  49   3.62892908e+09  3.62916467e+09  8.22e-05 1.43e-09  2.96e-01    76s
  50   3.62896971e+09  3.62912681e+09  4.95e-05 1.69e-09  1.97e-01    77s
  51   3.62901754e+09  3.62908238e+09  1.20e-05 1.56e-09  8.15e-02    77s
  52   3.62902894e+09  3.62905991e+09  3.72e-06 1.48e-09  3.90e-02    77s
  53   3.62903380e+09  3.62904546e+09  1.26e-06 1.63e-09  1.47e-02    78s
  54   3.62903519e+09  3.62904091e+09  6.63e-07 1.54e-09  7.19e-03    78s
  55   3.62903577e+09  3.62903731e+09  2.49e-07 2.91e-09  1.94e-03    78s
  56   3.62903605e+09  3.62903614e+09  5.02e-08 3.96e-09  1.21e-04    78s
  57   3.62903611e+09  3.62903613e+09  9.46e-09 3.75e-09  2.47e-05    79s
  58   3.62903612e+09  3.62903612e+09  5.24e-10 5.03e-09  9.63e-07    79s
  59   3.62903612e+09  3.62903612e+09  4.91e-09 3.96e-09  6.95e-11    80s

Barrier solved model in 59 iterations and 79.63 seconds (50.70 work units)
Optimal objective 3.62903612e+09


Root crossover log...

   10575 DPushes remaining with DInf 0.0000000e+00                80s
       0 DPushes remaining with DInf 0.0000000e+00                80s

     760 PPushes remaining with PInf 0.0000000e+00                80s
       0 PPushes remaining with PInf 0.0000000e+00                80s

  Push phase complete: Pinf 0.0000000e+00, Dinf 4.3615920e-08     80s


Root simplex log...

Iteration    Objective       Primal Inf.    Dual Inf.      Time
   10898    3.6290361e+09   0.000000e+00   0.000000e+00     80s
Concurrent spin time: 6.71s (can be avoided by choosing Method=3)

Solved with barrier
   10924    3.6290361e+09   0.000000e+00   0.000000e+00     87s
Extra simplex iterations after uncrush: 26

Root relaxation: objective 3.629036e+09, 10924 iterations, 33.15 seconds (11.79 work units)

    Nodes    |    Current Node    |     Objective Bounds      |     Work
 Expl Unexpl |  Obj  Depth IntInf | Incumbent    BestBd   Gap | It/Node Time

     0     0 3.6290e+09    0  235          - 3.6290e+09      -     -   90s
     0     0 3.6290e+09    0  235          - 3.6290e+09      -     -   90s
     0     0 3.6290e+09    0  235          - 3.6290e+09      -     -   91s
     0     0 3.6288e+09    0  237          - 3.6288e+09      -     -  122s
H    0     0                    3.477307e+09 3.6288e+09  4.36%     -  142s
     0     0 3.6288e+09    0  225 3.4773e+09 3.6288e+09  4.36%     -  152s
     0     0 3.6288e+09    0  226 3.4773e+09 3.6288e+09  4.36%     -  152s
     0     0 3.6287e+09    0  250 3.4773e+09 3.6287e+09  4.35%     -  174s
     0     0 3.6287e+09    0  255 3.4773e+09 3.6287e+09  4.35%     -  194s
     0     0 3.6287e+09    0  260 3.4773e+09 3.6287e+09  4.35%     -  195s
     0     0 3.6287e+09    0  265 3.4773e+09 3.6287e+09  4.35%     -  200s
     0     0 3.6287e+09    0  261 3.4773e+09 3.6287e+09  4.35%     -  218s
     0     0 3.6287e+09    0  253 3.4773e+09 3.6287e+09  4.35%     -  220s
     0     0 3.6287e+09    0  272 3.4773e+09 3.6287e+09  4.35%     -  235s
     0     0 3.6287e+09    0  272 3.4773e+09 3.6287e+09  4.35%     -  235s
     0     0 3.6287e+09    0  269 3.4773e+09 3.6287e+09  4.35%     -  239s
     0     0 3.6287e+09    0  269 3.4773e+09 3.6287e+09  4.35%     -  240s
     0     0 3.6287e+09    0  268 3.4773e+09 3.6287e+09  4.35%     -  262s
     0     0 3.6287e+09    0  282 3.4773e+09 3.6287e+09  4.35%     -  277s
     0     0 3.6287e+09    0  280 3.4773e+09 3.6287e+09  4.35%     -  281s
     0     0 3.6287e+09    0  286 3.4773e+09 3.6287e+09  4.35%     -  283s
     0     0 3.6287e+09    0  287 3.4773e+09 3.6287e+09  4.35%     -  284s
     0     0 3.6286e+09    0  285 3.4773e+09 3.6286e+09  4.35%     -  306s
     0     0 3.6286e+09    0  289 3.4773e+09 3.6286e+09  4.35%     -  319s
     0     0 3.6286e+09    0  285 3.4773e+09 3.6286e+09  4.35%     -  338s
     0     0 3.6286e+09    0  287 3.4773e+09 3.6286e+09  4.35%     -  347s
     0     0 3.6285e+09    0  260 3.4773e+09 3.6285e+09  4.35%     -  363s
H    0     0                    3.478817e+09 3.6285e+09  4.30%     -  373s
     0     0 3.6285e+09    0  285 3.4788e+09 3.6285e+09  4.30%     -  380s
     0     0 3.6285e+09    0  290 3.4788e+09 3.6285e+09  4.30%     -  385s
     0     0 3.6285e+09    0  271 3.4788e+09 3.6285e+09  4.30%     -  401s
     0     0 3.6285e+09    0  264 3.4788e+09 3.6285e+09  4.30%     -  409s
     0     0 3.6285e+09    0  255 3.4788e+09 3.6285e+09  4.30%     -  426s
     0     0 3.6285e+09    0  251 3.4788e+09 3.6285e+09  4.30%     -  430s
H    0     0                    3.479183e+09 3.6285e+09  4.29%     -  438s
     0     0 3.6285e+09    0  284 3.4792e+09 3.6285e+09  4.29%     -  451s
     0     0 3.6285e+09    0  281 3.4792e+09 3.6285e+09  4.29%     -  452s
     0     0 3.6284e+09    0  260 3.4792e+09 3.6284e+09  4.29%     -  469s
     0     0 3.6284e+09    0  273 3.4792e+09 3.6284e+09  4.29%     -  480s
     0     0 3.6284e+09    0  272 3.4792e+09 3.6284e+09  4.29%     -  482s
     0     0 3.6284e+09    0  281 3.4792e+09 3.6284e+09  4.29%     -  490s
H    0     0                    3.500922e+09 3.6284e+09  3.64%     -  501s
     0     0 3.6284e+09    0  281 3.5009e+09 3.6284e+09  3.64%     -  502s
     0     0 3.6284e+09    0  280 3.5009e+09 3.6284e+09  3.64%     -  517s
     0     0 3.6284e+09    0  295 3.5009e+09 3.6284e+09  3.64%     -  529s
     0     0 3.6284e+09    0  296 3.5009e+09 3.6284e+09  3.64%     -  531s
     0     0 3.6283e+09    0  277 3.5009e+09 3.6283e+09  3.64%     -  544s
H    0     0                    3.555571e+09 3.6283e+09  2.05%     -  555s
     0     0 3.6283e+09    0  280 3.5556e+09 3.6283e+09  2.05%     -  564s
     0     0 3.6283e+09    0  295 3.5556e+09 3.6283e+09  2.05%     -  566s
     0     0 3.6283e+09    0  289 3.5556e+09 3.6283e+09  2.05%     -  589s
     0     0 3.6283e+09    0  285 3.5556e+09 3.6283e+09  2.05%     -  599s
     0     0 3.6283e+09    0  285 3.5556e+09 3.6283e+09  2.05%     -  600s
     0     0 3.6283e+09    0  278 3.5556e+09 3.6283e+09  2.05%     -  609s
     0     0 3.6283e+09    0  285 3.5556e+09 3.6283e+09  2.05%     -  621s
     0     0 3.6283e+09    0  268 3.5556e+09 3.6283e+09  2.04%     -  634s
     0     0 3.6283e+09    0  278 3.5556e+09 3.6283e+09  2.04%     -  644s
     0     0 3.6283e+09    0  288 3.5556e+09 3.6283e+09  2.04%     -  654s
     0     0 3.6283e+09    0  292 3.5556e+09 3.6283e+09  2.04%     -  660s
     0     0 3.6283e+09    0  288 3.5556e+09 3.6283e+09  2.04%     -  679s
     0     0 3.6283e+09    0  290 3.5556e+09 3.6283e+09  2.04%     -  687s
     0     0 3.6283e+09    0  287 3.5556e+09 3.6283e+09  2.04%     -  688s
     0     0 3.6283e+09    0  278 3.5556e+09 3.6283e+09  2.04%     -  707s
     0     0 3.6283e+09    0  273 3.5556e+09 3.6283e+09  2.04%     -  717s
H    0     0                    3.572042e+09 3.6283e+09  1.57%     -  837s
     0     2 3.6283e+09    0  272 3.5720e+09 3.6283e+09  1.57%     -  906s
     1     4 3.6283e+09    1  277 3.5720e+09 3.6283e+09  1.57%  2539  919s
     3     8 3.6282e+09    2  277 3.5720e+09 3.6283e+09  1.57%  2039  940s
     7    16 3.6282e+09    3  281 3.5720e+09 3.6282e+09  1.57%  2027  967s
    15    32 3.6282e+09    4  285 3.5720e+09 3.6282e+09  1.57%  2038 1006s
    31    52 3.6282e+09    5  286 3.5720e+09 3.6282e+09  1.57%  2315 1082s
H   32    52                    3.593003e+09 3.6282e+09  0.98%  2243 1082s

Cutting planes:
  Cover: 38
  Implied bound: 113
  Clique: 1
  MIR: 137
  Flow cover: 127
  Network: 22
  RLT: 20
  Relax-and-lift: 39

Explored 51 nodes (141615 simplex iterations) in 1083.15 seconds (729.10 work units)
Thread count was 20 (of 40 available processors)

Solution count 7: 3.593e+09 3.57204e+09 3.55557e+09 ... 3.47731e+09

Optimal solution found (tolerance 1.00e-02)
Best objective 3.593003001441e+09, best bound 3.628210074971e+09, gap 0.9799%
Gurobi Optimizer version 10.0.1 build v10.0.1rc0 (linux64)

CPU model: Intel(R) Xeon(R) Gold 5115 CPU @ 2.40GHz, instruction set [SSE2|AVX|AVX2|AVX512]
Thread count: 20 physical cores, 40 logical processors, using up to 20 threads

Optimize a model with 194005 rows, 1671841 columns and 11408521 nonzeros
Model fingerprint: 0xe986d30c
Variable types: 30229 continuous, 1641612 integer (1641612 binary)
Coefficient statistics:
  Matrix range     [1e+00, 2e+05]
  Objective range  [4e+01, 3e+07]
  Bounds range     [2e-10, 3e+05]
  RHS range        [1e+00, 8e+06]
Presolve removed 183277 rows and 1579939 columns
Presolve time: 4.96s
Presolved: 10728 rows, 91902 columns, 375097 nonzeros
Variable types: 3721 continuous, 88181 integer (88172 binary)
Deterministic concurrent LP optimizer: primal and dual simplex
Showing first log only...


Root simplex log...

Iteration    Objective       Primal Inf.    Dual Inf.      Time
       0    2.7561489e+09   3.546182e+05   6.371378e+13      7s
   18783    3.3378594e+09   0.000000e+00   4.362210e+10      8s
   26917    3.4339301e+09   0.000000e+00   4.179989e+11     10s
   39356    3.4533236e+09   0.000000e+00   6.096697e+09     15s
Concurrent spin time: 2.32s

Solved with dual simplex

Root simplex log...

Iteration    Objective       Primal Inf.    Dual Inf.      Time
   29889    3.4572594e+09   0.000000e+00   0.000000e+00     15s

Root relaxation: objective 3.457259e+09, 29889 iterations, 8.78 seconds (7.09 work units)

    Nodes    |    Current Node    |     Objective Bounds      |     Work
 Expl Unexpl |  Obj  Depth IntInf | Incumbent    BestBd   Gap | It/Node Time

     0     0 3.4573e+09    0  184          - 3.4573e+09      -     -   15s
H    0     0                    3.414322e+09 3.4572e+09  1.25%     -   29s
     0     0 3.4572e+09    0  205 3.4143e+09 3.4572e+09  1.25%     -   29s
H    0     0                    3.429904e+09 3.4572e+09  0.79%     -   48s

Cutting planes:
  Implied bound: 21
  MIR: 19
  Flow cover: 11
  RLT: 11
  Relax-and-lift: 2

Explored 1 nodes (31480 simplex iterations) in 49.08 seconds (33.52 work units)
Thread count was 20 (of 40 available processors)

Solution count 2: 3.4299e+09 3.41432e+09 

Optimal solution found (tolerance 1.00e-02)
Best objective 3.429904133908e+09, best bound 3.457150260870e+09, gap 0.7944%
