
Gurobi 10.0.1 (linux64) logging started Mon May 22 11:22:15 2023

Set parameter LogFile to value "logFiles/A-2L-D/A-2L-6U-22F-15V-365D/basic-05-22-2023, 11-22-H60-P40-O20.log"
Gurobi Optimizer version 10.0.1 build v10.0.1rc0 (linux64)

CPU model: Intel(R) Xeon(R) Gold 5115 CPU @ 2.40GHz, instruction set [SSE2|AVX|AVX2|AVX512]
Thread count: 20 physical cores, 40 logical processors, using up to 20 threads

Optimize a model with 44869 rows, 332532 columns and 1490281 nonzeros
Model fingerprint: 0x39b9f381
Variable types: 105086 continuous, 227446 integer (227446 binary)
Coefficient statistics:
  Matrix range     [1e+00, 2e+05]
  Objective range  [4e+01, 3e+07]
  Bounds range     [1e+00, 1e+00]
  RHS range        [1e+00, 2e+06]
Presolve removed 34386 rows and 17127 columns (presolve time = 5s) ...
Presolve removed 34367 rows and 17108 columns
Presolve time: 5.54s
Presolved: 10502 rows, 315424 columns, 1360281 nonzeros
Variable types: 92853 continuous, 222571 integer (222543 binary)
Deterministic concurrent LP optimizer: primal simplex, dual simplex, and barrier
Showing barrier log only...

Root barrier log...

Ordering time: 0.60s

Barrier statistics:
 AA' NZ     : 6.632e+05
 Factor NZ  : 4.027e+06 (roughly 160 MB of memory)
 Factor Ops : 4.849e+09 (less than 1 second per iteration)
 Threads    : 17

                  Objective                Residual
Iter       Primal          Dual         Primal    Dual     Compl     Time
   0  -1.40475825e+16  4.06325716e+13  8.64e+08 1.70e+07  3.13e+12     9s
   1  -3.74371103e+15  4.67349649e+13  2.30e+08 6.37e+06  8.42e+11     9s
   2  -4.80574046e+14  4.15240128e+13  2.97e+07 4.97e-08  1.11e+11     9s
   3  -8.25869237e+12  3.25385238e+13  5.11e+05 4.71e-08  1.96e+09     9s
   4  -1.78234838e+12  8.73485173e+12  1.10e+05 4.23e-08  4.34e+08     9s
   5  -5.62807396e+11  5.96557082e+12  3.51e+04 3.74e-08  1.40e+08    10s
   6  -2.26517593e+11  5.11844215e+12  1.43e+04 2.99e-08  6.02e+07    10s
   7  -2.20822904e+11  5.02162585e+12  1.40e+04 3.36e-08  5.86e+07    10s
   8  -1.23850720e+11  3.93873618e+12  8.14e+03 4.10e-08  3.41e+07    10s
   9  -8.57157939e+10  2.60889387e+12  5.84e+03 1.05e-06  2.24e+07    10s
  10  -3.69207871e+10  1.69334257e+12  2.66e+03 7.38e-07  1.03e+07    10s
  11  -2.77024937e+10  1.36668338e+12  2.07e+03 6.22e-07  7.84e+06    10s
  12  -7.62646204e+09  7.12961540e+11  7.41e+02 2.08e-07  2.95e+06    11s
  13  -2.69412654e+09  3.26506603e+11  4.16e+02 2.98e-07  1.44e+06    11s
  14   1.53630612e+09  1.54874868e+11  1.42e+02 2.55e-07  5.45e+05    11s
  15   2.43857153e+09  8.92232514e+10  8.46e+01 1.68e-07  3.14e+05    11s
  16   2.78559045e+09  6.54580165e+10  6.25e+01 1.72e-07  2.29e+05    11s
  17   3.33505102e+09  5.93949283e+10  2.74e+01 1.71e-07  1.46e+05    11s
  18   3.49748334e+09  5.04888360e+10  1.71e+01 1.79e-07  1.10e+05    11s
  19   3.54519569e+09  3.20503830e+10  1.39e+01 2.60e-07  7.48e+04    12s
  20   3.58726837e+09  2.22740198e+10  1.12e+01 2.38e-07  5.35e+04    12s
  21   3.61619524e+09  1.85524759e+10  9.30e+00 2.34e-07  4.37e+04    12s
  22   3.63427334e+09  1.64194769e+10  8.10e+00 3.27e-07  3.80e+04    12s
  23   3.68867950e+09  1.31061696e+10  4.62e+00 2.47e-07  2.51e+04    12s
  24   3.71471790e+09  1.02584178e+10  2.81e+00 2.39e-07  1.64e+04    13s
  25   3.75965594e+09  9.67450867e+09  2.03e+00 2.38e-07  1.36e+04    13s
  26   3.78949335e+09  9.03939882e+09  1.58e+00 2.90e-07  1.15e+04    13s
  27   3.82181389e+09  7.48448636e+09  1.18e+00 3.15e-07  7.90e+03    13s
  28   3.85959814e+09  6.58556614e+09  7.21e-01 3.50e-07  5.44e+03    13s
  29   3.87637152e+09  5.57850604e+09  5.42e-01 3.11e-07  3.37e+03    14s
  30   3.89083913e+09  5.05200270e+09  4.24e-01 4.62e-07  2.28e+03    14s
  31   3.91289840e+09  4.70858304e+09  2.81e-01 3.04e-07  1.50e+03    14s
  32   3.91537004e+09  4.50983960e+09  2.65e-01 3.56e-07  1.14e+03    14s
  33   3.92671179e+09  4.48761360e+09  2.12e-01 4.25e-07  1.04e+03    14s
  34   3.95557396e+09  4.35011169e+09  9.80e-02 3.65e-07  6.89e+02    14s
  35   3.96795011e+09  4.27960142e+09  8.20e-02 3.61e-07  5.44e+02    15s
  36   3.97770395e+09  4.22394445e+09  6.97e-02 4.28e-07  4.31e+02    15s
  37   3.99887645e+09  4.21200829e+09  4.47e-02 5.02e-07  3.63e+02    15s
  38   4.01069752e+09  4.16803989e+09  3.33e-02 3.37e-07  2.67e+02    15s
  39   4.01416329e+09  4.15693499e+09  3.03e-02 3.19e-07  2.42e+02    15s
  40   4.02353953e+09  4.12280201e+09  2.25e-02 3.22e-07  1.69e+02    16s
  41   4.02971934e+09  4.10988308e+09  1.78e-02 3.57e-07  1.36e+02    16s
  42   4.03428006e+09  4.09149211e+09  1.48e-02 3.18e-07  9.78e+01    16s
  43   4.03829356e+09  4.08217581e+09  1.22e-02 5.13e-07  7.54e+01    16s
  44   4.04327375e+09  4.07832260e+09  9.08e-03 3.58e-07  5.99e+01    16s
  45   4.04377041e+09  4.07659137e+09  8.77e-03 3.52e-07  5.62e+01    16s
  46   4.04503502e+09  4.07490727e+09  8.01e-03 3.15e-07  5.11e+01    17s
  47   4.04619756e+09  4.07362294e+09  7.35e-03 4.38e-07  4.69e+01    17s
  48   4.04730101e+09  4.07204877e+09  6.74e-03 5.76e-07  4.24e+01    17s
  49   4.04997629e+09  4.06983825e+09  5.33e-03 5.67e-07  3.40e+01    17s
  50   4.05228533e+09  4.06874495e+09  4.11e-03 5.07e-07  2.80e+01    17s
  51   4.05460280e+09  4.06631149e+09  3.01e-03 3.89e-07  2.00e+01    18s
  52   4.05707374e+09  4.06583629e+09  1.91e-03 5.82e-07  1.48e+01    18s
  53   4.05779698e+09  4.06518225e+09  1.62e-03 6.39e-07  1.25e+01    18s
  54   4.05941882e+09  4.06437526e+09  9.72e-04 6.33e-07  8.31e+00    18s
  55   4.06039554e+09  4.06370683e+09  6.16e-04 5.96e-07  5.54e+00    18s
  56   4.06063001e+09  4.06335344e+09  5.35e-04 5.14e-07  4.57e+00    19s
  57   4.06108727e+09  4.06293169e+09  3.80e-04 5.86e-07  3.11e+00    19s
  58   4.06128785e+09  4.06283654e+09  3.13e-04 5.74e-07  2.61e+00    19s
  59   4.06188538e+09  4.06258538e+09  1.09e-04 3.51e-07  1.16e+00    19s
  60   4.06211772e+09  4.06231744e+09  3.84e-05 3.09e-07  3.36e-01    20s
  61   4.06224742e+09  4.06227050e+09  1.09e-06 4.17e-07  3.71e-02    20s
  62   4.06225117e+09  4.06225537e+09  7.07e-08 3.94e-07  6.70e-03    20s
  63   4.06225174e+09  4.06225321e+09  6.66e-07 4.70e-07  2.32e-03    20s
  64   4.06225176e+09  4.06225249e+09  4.40e-07 3.51e-07  1.15e-03    20s
  65   4.06225178e+09  4.06225180e+09  2.05e-07 3.70e-07  2.83e-05    20s
  66   4.06225179e+09  4.06225179e+09  9.31e-08 3.18e-07  2.34e-08    21s
  67   4.06225179e+09  4.06225179e+09  1.06e-07 4.77e-07  5.42e-11    21s

Barrier solved model in 67 iterations and 20.75 seconds (17.32 work units)
Optimal objective 4.06225179e+09


Root crossover log...

    8023 DPushes remaining with DInf 0.0000000e+00                21s
       0 DPushes remaining with DInf 0.0000000e+00                21s

     656 PPushes remaining with PInf 0.0000000e+00                21s
       0 PPushes remaining with PInf 0.0000000e+00                21s

  Push phase complete: Pinf 0.0000000e+00, Dinf 1.2268081e+06     21s


Root simplex log...

Iteration    Objective       Primal Inf.    Dual Inf.      Time
    8633    4.0622518e+09   0.000000e+00   1.226808e+06     21s
    8657    4.0622518e+09   0.000000e+00   0.000000e+00     21s
Concurrent spin time: 0.02s

Solved with barrier
    8721    4.0622518e+09   0.000000e+00   0.000000e+00     21s
Extra simplex iterations after uncrush: 64

Root relaxation: objective 4.062252e+09, 8721 iterations, 14.71 seconds (9.78 work units)

    Nodes    |    Current Node    |     Objective Bounds      |     Work
 Expl Unexpl |  Obj  Depth IntInf | Incumbent    BestBd   Gap | It/Node Time

     0     0 4.0623e+09    0  221          - 4.0623e+09      -     -   23s
     0     0 4.0619e+09    0  214          - 4.0619e+09      -     -   44s
     0     0 4.0618e+09    0  213          - 4.0618e+09      -     -   52s
     0     0 4.0618e+09    0  203          - 4.0618e+09      -     -   54s
     0     0 4.0618e+09    0  211          - 4.0618e+09      -     -   55s
     0     0 4.0617e+09    0  214          - 4.0617e+09      -     -   63s
     0     0 4.0617e+09    0  208          - 4.0617e+09      -     -   68s
     0     0 4.0617e+09    0  215          - 4.0617e+09      -     -   70s
     0     0 4.0617e+09    0  221          - 4.0617e+09      -     -   80s
     0     0 4.0616e+09    0  220          - 4.0616e+09      -     -   83s
     0     0 4.0616e+09    0  210          - 4.0616e+09      -     -   85s
     0     0 4.0616e+09    0  228          - 4.0616e+09      -     -   86s
     0     0 4.0616e+09    0  230          - 4.0616e+09      -     -   87s
     0     0 4.0616e+09    0  225          - 4.0616e+09      -     -   96s
     0     0 4.0616e+09    0  223          - 4.0616e+09      -     -  100s
     0     0 4.0616e+09    0  232          - 4.0616e+09      -     -  102s
     0     0 4.0616e+09    0  233          - 4.0616e+09      -     -  109s
     0     0 4.0616e+09    0  232          - 4.0616e+09      -     -  117s
     0     0 4.0616e+09    0  232          - 4.0616e+09      -     -  120s
     0     0 4.0616e+09    0  225          - 4.0616e+09      -     -  121s
     0     0 4.0616e+09    0  228          - 4.0616e+09      -     -  122s
     0     0 4.0616e+09    0  231          - 4.0616e+09      -     -  123s
H    0     0                    2.712586e+09 4.0616e+09  49.7%     -  123s
     0     0 4.0616e+09    0  229 2.7126e+09 4.0616e+09  49.7%     -  127s
H    0     0                    4.042802e+09 4.0616e+09  0.46%     -  142s

Cutting planes:
  Cover: 8
  Implied bound: 10
  Clique: 1
  MIR: 18
  Flow cover: 36
  RLT: 4
  Relax-and-lift: 4

Explored 1 nodes (33047 simplex iterations) in 142.22 seconds (130.00 work units)
Thread count was 20 (of 40 available processors)

Solution count 2: 4.0428e+09 2.71259e+09 

Optimal solution found (tolerance 1.00e-02)
Best objective 4.042802152291e+09, best bound 4.061583348797e+09, gap 0.4646%
Gurobi Optimizer version 10.0.1 build v10.0.1rc0 (linux64)

CPU model: Intel(R) Xeon(R) Gold 5115 CPU @ 2.40GHz, instruction set [SSE2|AVX|AVX2|AVX512]
Thread count: 20 physical cores, 40 logical processors, using up to 20 threads

Optimize a model with 78554 rows, 661179 columns and 3366827 nonzeros
Model fingerprint: 0x673eb93b
Variable types: 218507 continuous, 442672 integer (442672 binary)
Coefficient statistics:
  Matrix range     [1e+00, 2e+05]
  Objective range  [4e+01, 3e+07]
  Bounds range     [2e-09, 3e+05]
  RHS range        [1e+00, 3e+06]
Presolve removed 66796 rows and 448722 columns (presolve time = 5s) ...
Presolve removed 66780 rows and 448807 columns
Presolve time: 10.00s
Presolved: 11774 rows, 212372 columns, 947187 nonzeros
Variable types: 89947 continuous, 122425 integer (122412 binary)
Deterministic concurrent LP optimizer: primal simplex, dual simplex, and barrier
Showing barrier log only...

Root barrier log...

Ordering time: 0.80s

Barrier statistics:
 AA' NZ     : 4.946e+05
 Factor NZ  : 2.425e+06 (roughly 100 MB of memory)
 Factor Ops : 1.696e+09 (less than 1 second per iteration)
 Threads    : 17

                  Objective                Residual
Iter       Primal          Dual         Primal    Dual     Compl     Time
   0  -5.31826606e+15  2.04821501e+13  3.22e+08 2.65e+06  5.08e+11    13s
   1  -1.25007219e+15  1.97108726e+13  7.59e+07 3.77e+06  1.21e+11    13s
   2  -1.60089126e+14  1.60109746e+13  9.73e+06 4.68e+05  1.60e+10    13s
   3  -7.00571967e+12  1.05677796e+13  4.26e+05 1.30e-08  7.30e+08    14s
   4  -1.46405136e+12  2.77102261e+12  8.91e+04 7.99e+01  1.55e+08    14s
   5  -3.04234468e+11  1.65835580e+12  1.86e+04 1.02e-07  3.47e+07    14s
   6  -1.23603386e+11  1.39520688e+12  7.60e+03 6.98e-08  1.57e+07    14s
   7  -4.35270836e+10  9.66851052e+11  2.74e+03 3.63e-08  6.44e+06    14s
   8  -8.55422613e+09  4.11670290e+11  6.12e+02 1.02e-08  1.74e+06    14s
   9  -1.28242128e+08  1.36619941e+11  1.01e+02 1.12e-08  4.25e+05    14s
  10   6.03731577e+08  7.13755710e+10  5.84e+01 1.36e-08  2.23e+05    14s
  11   9.29402561e+08  3.89188884e+10  3.97e+01 2.44e-08  1.26e+05    14s
  12   1.12829070e+09  3.14361821e+10  2.83e+01 3.13e-08  9.80e+04    14s
  13   1.38699448e+09  1.84401591e+10  1.38e+01 4.33e-08  5.35e+04    15s
  14   1.45868344e+09  1.51895128e+10  9.99e+00 3.15e-08  4.21e+04    15s
  15   1.49066791e+09  1.24928027e+10  8.23e+00 3.54e-08  3.42e+04    15s
  16   1.51751247e+09  1.03484306e+10  6.61e+00 3.80e-08  2.78e+04    15s
  17   1.53112399e+09  8.62920153e+09  5.94e+00 3.91e-08  2.32e+04    15s
  18   1.56847752e+09  7.30654519e+09  4.49e+00 4.87e-08  1.85e+04    15s
  19   1.58841748e+09  6.84423558e+09  4.00e+00 4.34e-08  1.67e+04    15s
  20   1.64972802e+09  5.73032838e+09  2.60e+00 4.17e-08  1.24e+04    15s
  21   1.72403711e+09  4.49629834e+09  1.13e+00 3.00e-08  7.63e+03    15s
  22   1.74834154e+09  3.45081269e+09  7.83e-01 2.51e-08  4.63e+03    16s
  23   1.77000189e+09  2.78716243e+09  4.90e-01 1.94e-08  2.70e+03    16s
  24   1.80121955e+09  2.46443420e+09  2.54e-01 1.84e-08  1.69e+03    16s
  25   1.82360151e+09  2.30830600e+09  1.55e-01 1.31e-08  1.21e+03    16s
  26   1.83162921e+09  2.16239790e+09  1.36e-01 9.02e-09  8.27e+02    16s
  27   1.83530577e+09  2.13045419e+09  1.27e-01 8.64e-09  7.37e+02    16s
  28   1.85384599e+09  2.11033074e+09  8.81e-02 9.20e-09  6.33e+02    16s
  29   1.87539959e+09  2.00598903e+09  5.08e-02 6.78e-09  3.20e+02    16s
  30   1.88390149e+09  1.96877069e+09  3.81e-02 5.44e-09  2.08e+02    16s
  31   1.89393838e+09  1.95181677e+09  2.37e-02 4.31e-09  1.41e+02    17s
  32   1.89662079e+09  1.94952513e+09  2.01e-02 4.51e-09  1.28e+02    17s
  33   1.90092071e+09  1.94113429e+09  1.52e-02 4.19e-09  9.74e+01    17s
  34   1.90389148e+09  1.93723020e+09  1.21e-02 4.69e-09  8.07e+01    17s
  35   1.90644987e+09  1.93060755e+09  9.59e-03 4.37e-09  5.85e+01    17s
  36   1.90970836e+09  1.92860844e+09  6.53e-03 4.66e-09  4.56e+01    17s
  37   1.91107127e+09  1.92615982e+09  5.43e-03 5.01e-09  3.64e+01    17s
  38   1.91178156e+09  1.92518728e+09  4.86e-03 4.66e-09  3.24e+01    18s
  39   1.91253013e+09  1.92439720e+09  4.27e-03 4.54e-09  2.87e+01    18s
  40   1.91337318e+09  1.92387284e+09  3.63e-03 5.24e-09  2.53e+01    18s
  41   1.91418796e+09  1.92305661e+09  3.02e-03 5.24e-09  2.14e+01    18s
  42   1.91440527e+09  1.92230197e+09  2.86e-03 5.59e-09  1.91e+01    18s
  43   1.91577337e+09  1.92193023e+09  1.89e-03 6.29e-09  1.48e+01    18s
  44   1.91649235e+09  1.92172587e+09  1.42e-03 6.98e-09  1.26e+01    18s
  45   1.91694776e+09  1.92078834e+09  1.11e-03 5.24e-09  9.24e+00    19s
  46   1.91734257e+09  1.92025469e+09  8.41e-04 5.12e-09  7.00e+00    19s
  47   1.91765048e+09  1.92003794e+09  6.44e-04 5.12e-09  5.73e+00    19s
  48   1.91797016e+09  1.91986733e+09  4.43e-04 5.46e-09  4.55e+00    19s
  49   1.91805655e+09  1.91956940e+09  3.91e-04 5.01e-09  3.63e+00    19s
  50   1.91836156e+09  1.91925647e+09  2.18e-04 3.94e-09  2.15e+00    20s
  51   1.91861515e+09  1.91897406e+09  7.51e-05 3.75e-09  8.60e-01    20s
  52   1.91869532e+09  1.91882199e+09  3.32e-05 3.93e-09  3.04e-01    20s
  53   1.91872883e+09  1.91878798e+09  1.72e-05 4.05e-09  1.42e-01    20s
  54   1.91875817e+09  1.91877124e+09  3.98e-06 3.87e-09  3.15e-02    20s
  55   1.91876538e+09  1.91876770e+09  9.33e-07 4.48e-09  5.62e-03    20s
  56   1.91876733e+09  1.91876767e+09  1.14e-07 3.86e-09  8.23e-04    20s
  57   1.91876762e+09  1.91876765e+09  6.13e-09 4.11e-09  6.83e-05    21s
  58   1.91876764e+09  1.91876764e+09  6.08e-09 4.05e-09  7.20e-10    21s

Barrier solved model in 58 iterations and 20.66 seconds (19.98 work units)
Optimal objective 1.91876764e+09


Root crossover log...

    6280 DPushes remaining with DInf 0.0000000e+00                21s
       0 DPushes remaining with DInf 0.0000000e+00                21s

     365 PPushes remaining with PInf 0.0000000e+00                21s
       0 PPushes remaining with PInf 0.0000000e+00                21s

  Push phase complete: Pinf 0.0000000e+00, Dinf 5.9568217e+02     21s


Root simplex log...

Iteration    Objective       Primal Inf.    Dual Inf.      Time
    6644    1.9187676e+09   0.000000e+00   5.956822e+02     21s
    6646    1.9187676e+09   0.000000e+00   0.000000e+00     21s
Concurrent spin time: 0.01s

Solved with barrier
    6646    1.9187676e+09   0.000000e+00   0.000000e+00     21s

Root relaxation: objective 1.918768e+09, 6646 iterations, 9.60 seconds (5.73 work units)

    Nodes    |    Current Node    |     Objective Bounds      |     Work
 Expl Unexpl |  Obj  Depth IntInf | Incumbent    BestBd   Gap | It/Node Time

     0     0 1.9188e+09    0  159          - 1.9188e+09      -     -   22s
     0     0 1.9188e+09    0  159          - 1.9188e+09      -     -   22s
H    0     0                    1.826132e+09 1.9188e+09  5.07%     -   30s
H    0     0                    1.839632e+09 1.9188e+09  4.30%     -   32s
     0     0 1.9188e+09    0  159 1.8396e+09 1.9188e+09  4.30%     -   32s
     0     0 1.9187e+09    0  171 1.8396e+09 1.9187e+09  4.30%     -   51s
H    0     0                    1.843617e+09 1.9187e+09  4.07%     -   58s
     0     0 1.9186e+09    0  197 1.8436e+09 1.9186e+09  4.07%     -   63s
H    0     0                    1.896396e+09 1.9186e+09  1.17%     -   70s
     0     0 1.9186e+09    0  201 1.8964e+09 1.9186e+09  1.17%     -   70s
     0     0 1.9186e+09    0  202 1.8964e+09 1.9186e+09  1.17%     -   71s
     0     0 1.9186e+09    0  216 1.8964e+09 1.9186e+09  1.17%     -   76s
     0     0 1.9185e+09    0  203 1.8964e+09 1.9185e+09  1.17%     -   77s
     0     0 1.9185e+09    0  205 1.8964e+09 1.9185e+09  1.17%     -   77s
     0     0 1.9185e+09    0  212 1.8964e+09 1.9185e+09  1.17%     -   80s
     0     0 1.9185e+09    0  195 1.8964e+09 1.9185e+09  1.17%     -   81s
     0     0 1.9185e+09    0  196 1.8964e+09 1.9185e+09  1.17%     -   81s
     0     0 1.9184e+09    0  232 1.8964e+09 1.9184e+09  1.16%     -   85s
     0     0 1.9184e+09    0  242 1.8964e+09 1.9184e+09  1.16%     -   88s
     0     0 1.9184e+09    0  247 1.8964e+09 1.9184e+09  1.16%     -   88s
     0     0 1.9183e+09    0  226 1.8964e+09 1.9183e+09  1.16%     -   92s
     0     0 1.9183e+09    0  228 1.8964e+09 1.9183e+09  1.16%     -   94s
     0     0 1.9183e+09    0  231 1.8964e+09 1.9183e+09  1.16%     -   94s
     0     0 1.9181e+09    0  246 1.8964e+09 1.9181e+09  1.15%     -   99s
H    0     0                    1.896802e+09 1.9181e+09  1.12%     -  102s
     0     0 1.9181e+09    0  238 1.8968e+09 1.9181e+09  1.12%     -  103s
     0     0 1.9181e+09    0  241 1.8968e+09 1.9181e+09  1.12%     -  104s
     0     0 1.9180e+09    0  244 1.8968e+09 1.9180e+09  1.12%     -  108s
     0     0 1.9180e+09    0  240 1.8968e+09 1.9180e+09  1.12%     -  113s
     0     0 1.9180e+09    0  242 1.8968e+09 1.9180e+09  1.12%     -  113s
     0     0 1.9180e+09    0  236 1.8968e+09 1.9180e+09  1.12%     -  117s
H    0     0                    1.896831e+09 1.9180e+09  1.11%     -  122s
     0     0 1.9180e+09    0  256 1.8968e+09 1.9180e+09  1.11%     -  124s
     0     0 1.9180e+09    0  259 1.8968e+09 1.9180e+09  1.11%     -  124s
     0     0 1.9179e+09    0  237 1.8968e+09 1.9179e+09  1.11%     -  129s
     0     0 1.9179e+09    0  231 1.8968e+09 1.9179e+09  1.11%     -  133s
     0     0 1.9179e+09    0  232 1.8968e+09 1.9179e+09  1.11%     -  133s
     0     0 1.9178e+09    0  241 1.8968e+09 1.9178e+09  1.11%     -  136s
     0     0 1.9178e+09    0  243 1.8968e+09 1.9178e+09  1.11%     -  138s
     0     0 1.9178e+09    0  243 1.8968e+09 1.9178e+09  1.11%     -  138s
     0     0 1.9178e+09    0  259 1.8968e+09 1.9178e+09  1.10%     -  141s
     0     0 1.9177e+09    0  253 1.8968e+09 1.9177e+09  1.10%     -  143s
     0     0 1.9177e+09    0  250 1.8968e+09 1.9177e+09  1.10%     -  143s
     0     0 1.9177e+09    0  246 1.8968e+09 1.9177e+09  1.10%     -  144s
     0     0 1.9177e+09    0  219 1.8968e+09 1.9177e+09  1.10%     -  146s
     0     0 1.9177e+09    0  216 1.8968e+09 1.9177e+09  1.10%     -  149s
     0     0 1.9177e+09    0  219 1.8968e+09 1.9177e+09  1.10%     -  150s
     0     0 1.9177e+09    0  217 1.8968e+09 1.9177e+09  1.10%     -  150s
     0     0 1.9177e+09    0  223 1.8968e+09 1.9177e+09  1.10%     -  153s
H    0     0                    1.897253e+09 1.9177e+09  1.08%     -  156s
     0     0 1.9176e+09    0  222 1.8973e+09 1.9176e+09  1.07%     -  157s
     0     0 1.9176e+09    0  224 1.8973e+09 1.9176e+09  1.07%     -  157s
     0     0 1.9176e+09    0  226 1.8973e+09 1.9176e+09  1.07%     -  158s
     0     0 1.9176e+09    0  218 1.8973e+09 1.9176e+09  1.07%     -  160s
     0     0 1.9176e+09    0  223 1.8973e+09 1.9176e+09  1.07%     -  163s
     0     0 1.9176e+09    0  252 1.8973e+09 1.9176e+09  1.07%     -  166s
     0     0 1.9176e+09    0  252 1.8973e+09 1.9176e+09  1.07%     -  166s
     0     0 1.9176e+09    0  253 1.8973e+09 1.9176e+09  1.07%     -  168s
     0     0 1.9176e+09    0  258 1.8973e+09 1.9176e+09  1.07%     -  169s
     0     0 1.9176e+09    0  239 1.8973e+09 1.9176e+09  1.07%     -  171s
     0     0 1.9176e+09    0  239 1.8973e+09 1.9176e+09  1.07%     -  172s
     0     0 1.9176e+09    0  248 1.8973e+09 1.9176e+09  1.07%     -  172s
     0     0 1.9176e+09    0  244 1.8973e+09 1.9176e+09  1.07%     -  175s
     0     0 1.9176e+09    0  249 1.8973e+09 1.9176e+09  1.07%     -  176s
     0     0 1.9175e+09    0  241 1.8973e+09 1.9175e+09  1.07%     -  180s
     0     0 1.9175e+09    0  258 1.8973e+09 1.9175e+09  1.07%     -  183s
     0     0 1.9175e+09    0  254 1.8973e+09 1.9175e+09  1.07%     -  184s
     0     0 1.9175e+09    0  256 1.8973e+09 1.9175e+09  1.07%     -  184s
     0     0 1.9175e+09    0  241 1.8973e+09 1.9175e+09  1.07%     -  187s
     0     0 1.9175e+09    0  245 1.8973e+09 1.9175e+09  1.07%     -  188s
H    0     0                    1.898924e+09 1.9175e+09  0.98%     -  191s

Cutting planes:
  Cover: 39
  Implied bound: 38
  MIR: 101
  Flow cover: 15
  GUB cover: 6
  Network: 4
  RLT: 5
  Relax-and-lift: 148

Explored 1 nodes (38165 simplex iterations) in 191.90 seconds (178.78 work units)
Thread count was 20 (of 40 available processors)

Solution count 8: 1.89892e+09 1.89725e+09 1.89683e+09 ... 1.82613e+09

Optimal solution found (tolerance 1.00e-02)
Best objective 1.898923526237e+09, best bound 1.917500958815e+09, gap 0.9783%
Gurobi Optimizer version 10.0.1 build v10.0.1rc0 (linux64)

CPU model: Intel(R) Xeon(R) Gold 5115 CPU @ 2.40GHz, instruction set [SSE2|AVX|AVX2|AVX512]
Thread count: 20 physical cores, 40 logical processors, using up to 20 threads

Optimize a model with 108409 rows, 980377 columns and 5478383 nonzeros
Model fingerprint: 0x5ad192f5
Variable types: 221079 continuous, 759298 integer (759298 binary)
Coefficient statistics:
  Matrix range     [1e+00, 2e+05]
  Objective range  [4e+01, 3e+07]
  Bounds range     [2e-09, 3e+05]
  RHS range        [1e+00, 5e+06]
Presolve removed 88846 rows and 664367 columns
Presolve time: 1.29s

Explored 0 nodes (0 simplex iterations) in 2.20 seconds (1.12 work units)
Thread count was 1 (of 40 available processors)

Solution count 0

Model is infeasible or unbounded
Best objective -, best bound -, gap -
IIS computation: initial model status unknown, solving to determine model status
Presolve removed 88904 rows and 672192 columns
Presolve time: 1.10s

Explored 0 nodes (0 simplex iterations) in 2.57 seconds (1.13 work units)
Thread count was 1 (of 40 available processors)

Solution count 0
No other solutions better than -1e+100

Model is infeasible
Best objective -, best bound -, gap -

Computing Irreducible Inconsistent Subsystem (IIS)...

           Constraints          |            Bounds           |  Runtime
      Min       Max     Guess   |   Min       Max     Guess   |
--------------------------------------------------------------------------
        0     41804         -         0    657863         -           3s
        0     41804         -         0    657863         -          14s
        0     35300         -         0    657863         -          25s
        0     35300         -         0    657863         -          35s
        0     35300         -         0    657863         -          44s
        0     35300         -         0    657863         -          54s
        0     35300         -         0    657863         -          64s
        0     35300         -         0    657863         -          74s
        0     35300         -         0    657863         -          84s
        0     35300         -         0    657863         -          95s
        0     35300         -         0    657863         -         108s
        0     35300         -         0    657863         -         117s
        0     35300         -         0    657863         -         127s
        0     35300         -         0    657863         -         136s
        0     35300         -         0    657863         -         146s
        0     35300         -         0    657863         -         156s
        0     35300         -         0    657863         -         165s
        0     35300         -         0    657863         -         175s
        0     35300         -         0    657863         -         185s
        0     35300         -         0    657863         -         195s
        0     35300         -         0    657863         -         205s
        0     35300         -         0    657863         -         215s
        0     35300         -         0    657863         -         224s
        0     35300         -         0    657863         -         235s
        0     33535         -         0    644333         -         236s
        0     33535         -         0    644333         -         246s
        0     33535         -         0    644333         -         256s
        0     33535         -         0    644333         -         266s
        0     33535         -         0    644333         -         276s
        0     33535         -         0    644333         -         285s
        0     33535         -         0    644333         -         294s
        0     33535         -         0    644333         -         304s
        0     33535         -         0    644333         -         315s
        0     33535         -         0    644333         -         325s
        0     33535         -         0    644333         -         334s
        0     33535         -         0    644333         -         343s
        0     33535         -         0    644333         -         354s
        0     32653         -         0    643110         -         356s
        0     32653         -         0    643110         -         365s
        0     32653         -         0    643110         -         375s
        0     32653         -         0    643110         -         385s
        0     32653         -         0    643110         -         394s
        0     32653         -         0    643110         -         404s
        0     31771         -         0    641601         -         406s
        0     31771        50         0    641601         -         416s
        0     31771        50         0    641601         -         426s
        0     30889        56         0    639829         -         437s
        0     30889        57         0    639829         -         446s
        0     30889        58         0    639829         -         456s
        0     30889        59         0    639829         -         466s
        0     30889        60         0    639829         -         475s
        0     30889        61         0    639829         -         485s
        0     30889        62         0    639829         -         496s
        0     30889        63         0    639829         -         505s
        0     30007        59         0    637791         -         506s
        0     28243        52         0    632231         -         519s
        0     28243        53         0    632231         -         527s
        0     28243        54         0    632231         -         537s
        0     28243        56         0    632231         -         548s
        0     28243        57         0    632231         -         558s
        0     27361        55         0    629048         -         561s
        0     27361        55         0    629048         -         570s
        0     27361        56         0    629048         -         579s
        0     27361        56         0    629048         -         580s
        0     27361        57         0    629048         -         589s
        0     27361        57         0    629048         -         600s
        0     26479        56         0    625662         -         611s
        0     25597        54         0    620792         -         622s
        0     25597        54         0    620792         -         631s
        0     25597        55         0    620792         -         640s
        0     25597        56         0    620792         -         650s
        0     25597        57         0    620792         -         651s
        0     25597        58         0    620792         -         660s
        0     25597        58         0    620792         -         669s
        0     25156        57         0    618567         -         670s
        0     24274        57         0    612796         -         683s
        0     23392        54         0    607434         -         686s
        0     22510        53         0    600623         -         690s
        0     22069        55         0    595550         -         695s
        0     22069        56         0    595550         -         703s
        0     21628        55         0    591875         -         705s
        0     21187        56         0    587990         -         716s
        0     21187        56         0    587990         -         722s
        0     21187        57         0    587990         -         729s
        0     21187        57         0    587990         -         736s
        0     19864        54         0    576515         -         741s
        0     19423        55         0    572004         -         750s
        0     18541        54         0    557401         -         755s
        0     18541        54         0    557401         -         762s
        0     17659        53         0    546868         -         766s
        0     17659        53         0    546868         -         771s
        0     17218        53         0    541151         -         779s
        0     17218        53         0    541151         -         780s
        0     17218        55         0    541151         -         786s
        0     17218        55         0    541151         -         791s
        0     17218        56         0    541151         -         797s
        0     16998        56         0    535315         -         801s
        0     16558        56         0    529067         -         805s
        0     16118        56         0    521972         -         810s
        0     15678        57         0    508726         -         816s
        0     15238        57         0    501553         -         820s
        0     14578        56         0    490705         -         825s
        0     14578        57         0    490705         -         832s
        0     14578        58         0    490705         -         837s
        0     14358        58         0    486607         -         844s
        0     14358        59         0    486607         -         848s
        0     14358        59         0    486607         -         852s
        0     14358        59         0    486607         -         856s
        0     13918        59         0    477329         -         862s
        0     13918        59         0    477329         -         866s
        0     13918        60         0    477329         -         874s
        0     13698        59         0    473252         -         876s
        0     13698        60         0    473252         -         883s
        0     13698        60         0    473252         -         887s
        0     13698        61         0    473252         -         891s
        0     13698        61         0    473252         -         895s
        0     13258        61         0    464655         -         901s
        0     13258        61         0    464655         -         908s
        0     13258        61         0    464655         -         912s
        0     12598        60         0    451342         -         916s
        0     12158        59         0    442993         -         921s
        0     12158        60         0    442993         -         926s
        0     12158        61         0    442993         -         932s
        0     12158        61         0    442993         -         936s
        0     12158        62         0    442993         -         942s
        0     11938        61         0    437149         -         946s
        0     11278        60         0    423194         -         950s
        0     11058        60         0    414890         -         956s
        0     11058        60         0    414890         -         960s
        0     11058        61         0    414890         -         966s
        0     11058        61         0    414890         -         971s
        0     10838        61         0    408554         -         976s
        0     10618        61         0    404332         -         980s
        0     10398        61         0    400175         -         987s
        0     10398        61         0    400175         -         992s
        0     10398        62         0    400175         -         998s
        0     10398        62         0    400175         -        1002s
        0     10178        62         0    395708         -        1006s
        0     10178        62         0    395708         -        1010s
        0     10178        63         0    395708         -        1015s
        0      9738        62         0    385639         -        1021s
        0      9298        61         0    375838         -        1026s
        0      9078        61         0    368947         -        1031s
        0      8638        60         0    358988         -        1037s
        0      8638        61         0    358988         -        1040s
        0      8638        61         0    358988         -        1046s
        0      8418        61         0    342929         -        1051s
        0      7978        60         0    329471         -        1055s
        0      7978        60         0    329471         -        1061s
        0      7978        61         0    329471         -        1067s
        0      7978        61         0    329471         -        1071s
        0      7758        61         0    324290         -        1076s
        0      7758        62         0    324290         -        1082s
        0      7758        62         0    324290         -        1085s
        0      7648        62         0    321247         -        1091s
        0      7648        63         0    321247         -        1097s
        0      7648        64         0    321247         -        1101s
        0      7538        64         0    318554         -        1105s
        0      7098        63         0    301160         -        1110s
        0      6878        63         0    295602         -        1116s
        0      6768        64         0    292795         -        1120s
        0      6438        63         0    284997         -        1125s
        0      6328        64         0    282091         -        1130s
        0      6218        64         0    279526         -        1135s
        0      5998        64         0    274033         -        1140s
        0      5888        64         0    271489         -        1145s
        0      5778        65         0    266581         -        1151s
        0      5558        65         0    260031         -        1156s
        0      5338        64         0    250183         -        1161s
        0      5118        64         0    239803         -        1166s
        0      5008        64         0    236536         -        1171s
        0      4678        63         0    214058         -        1176s
        0      4458        63         0    208788         -        1181s
        0      4348        63         0    203241         -        1185s
        0      4348        64         0    203241         -        1190s
        0      4346        64         0    203213         -        1195s
        1      4343        65         0    203213         -        1200s
        1      4123        64         0    196330         -        1206s
        1      3958        64         0    190263         -        1210s
        1      3958        65         0    190263         -        1216s
        1      3793        64         0    184443         -        1220s
        1      3628        64         0    179745         -        1225s
        1      3408        63         0    169499         -        1230s
        1      3353        64         0    167855         -        1236s
        1      3188        63         0    161073         -        1241s
        1      3133        64         0    160115         -        1245s
        1      3078        64         0    158688         -        1250s
        1      2968        64         0    152798         -        1255s
        1      2968        65         0    152798         -        1260s
        1      2968        66         0    152798         -        1265s
        1      2911        66         0    150976         -        1271s
        2      2883        66         0    150071         -        1275s
        2      2775        66         0    146818         -        1280s
        2      2694        66         0    143935         -        1285s
        2      2613        66         0    141302         -        1291s
        2      2478        65         0    137024         -        1296s
        2      2370        65         0    117013         -        1301s
        2      2316        65         0    114550         -        1305s
        2      2316        66         0    114550         -        1310s
        2      2262        66         0    111662         -        1315s
        2      2235        67         0    110975         -        1321s
        2      2154        67         0    108606         -        1325s
        2      2100        67         0    107431         -        1330s
        2      2073        67         0    106391         -        1335s
        2      2067        67         0    106162         -        1340s
        3      2037        67         0    104943         -        1345s
        3      1956        67         0    102731         -        1350s
        3      1924        67         0    100781         -        1356s
        4      1921        67         0    100681         -        1361s
        4      1894        68         0     99762         -        1365s
        4      1840        68         0     95942         -        1371s
        4      1813        68         0     95367         -        1375s
        4      1705        68         0     90042         -        1381s
        4      1701        68         0     89837         -        1386s
        5      1646        68         0     87719         -        1391s
        5      1538        67         0     80954         -        1396s
        5      1511        67         0     80522         -        1400s
        5      1457        67         0     78017         -        1405s
        5      1376        67         0     75094         -        1411s
        5      1349        67         0     74287         -        1415s
        5      1322        68         0     73681         -        1420s
        5      1295        68         0     73054         -        1425s
        5      1241        68         0     71294         -        1431s
        5      1214        68         0     70375         -        1435s
        5      1214        68         0     70375         -        1441s
        5      1133        68         0     65608         -        1445s
        5      1079        68         0     60922         -        1451s
        5      1076        68         0     60859         -        1455s
        6      1072        68         0     60772         -        1460s
        6       991        67         0     57771         -        1465s
        6       991        68         0     57771         -        1470s
        6       989        68         0     57649         -        1475s
        7       959        68         0     56951         -        1480s
        8       955        68         0     56708         -        1485s
        8       913        68         0     55251         -        1491s
        9       897        67         0     54808         -        1495s
       10       892        68         0     54655         -        1501s
       11       888        68         0     54497         -        1505s
       11       882        68         0     54404         -        1510s
       12       877        68         0     54341         -        1516s
       13       861        68         0     53789         -        1520s
       14       857        68         0     53701         -        1525s
       15       827        68         0     52866         -        1531s
       15       798        67         0     51893         -        1535s
       16       796        68         0     51846         -        1541s
       16       744        67         0     50146         -        1545s
       16       744        68         0     50146         -        1550s
       16       738        68         0     50070         -        1555s
       17       722        68         0     49699         -        1560s
       17       716        68         0     49463         -        1565s
       18       712        68         0     49450         -        1570s
       19       708        68         0     49416         -        1575s
       20       704        68         0     49281         -        1580s
       21       698        68         0     49158         -        1586s
       21       693        68         0     48781         -        1590s
       22       676        68         0     47812         -        1596s
       23       672        68         0     47547         -        1600s
       24       667        68         0     47344         -        1606s
       25       651        68         0     46804         -        1611s
       26       647        68         0     46750         -        1615s
       27       642        68         0     46642         -        1620s
       28       614        68         0     45406         -        1625s
       29       573        68         0     44119         -        1631s
       30       557        68         0     43836         -        1635s
       31       552        68         0     43796         -        1640s
       32       536        68         0     43159         -        1645s
       33       531        68         0     42952         -        1650s
       34       526        68         0     42881         -        1656s
       35       521        68         0     42770         -        1660s
       36       505        68         0     42010         -        1666s
       37       501        68         0     41308         -        1670s
       38       484        68         0     40944         -        1676s
       40       482        69         0     40910         -        1680s
       41       477        69         0     40506         -        1686s
       42       461        69         0     40093         -        1690s
       44       457        69         0     40083         -        1696s
       45       442        69         0     39736         -        1700s
       46       437        69         0     39652         -        1705s
       47       396        68         0     38295         -        1710s
       48       392        69         0     35367         -        1716s
       49       388        69         0     35351         -        1720s
       50       383        69         0     35062         -        1725s
       52       367        69         0     34632         -        1730s
       52       362        70         0     34477         -        1735s
       53       358        70         0     34322         -        1740s
       54       342        70         0     33420         -        1745s
       55       313        70         0     32886         -        1751s
       56       285        69         0     32112         -        1755s
       57       280        69         0     32028         -        1761s
       58       264        69         0     31492         -        1765s
       59       247        69         0     30904         -        1771s
       60       243        70         0     30785         -        1775s
       62       203        69         0     29547         -        1780s
       64       188        70         0     29088         -        1786s
       66       174        70         0     28388         -        1790s
       67       145        70         0     27210         -        1796s
       68       131        71         0     26822         -        1800s
       69       112        70         0     25982         -        1805s
       69       105        70         0     25780         -        1811s
       69        99        70         0     25716         -        1815s
       69        92        69         0     25304         -        1820s
       69        86        69         0     25105         -        1825s
       71        81        71         0     24964         -        1830s
       72        75        72         0     24782         -        1835s
       72        72        72         0     24741         -        1841s
       72        72        72         0     24741         -        1846s
       72        72        72         0     24741         -        1851s
       72        72        72         0     24741         -        1855s
       72        72        72         0     24741         -        1860s
       72        72        72         0     24741         -        1865s
       72        72        72         0     24741         -        1871s
       72        72        72         0     24587       337        1876s
       72        72        72         0     24433       325        1881s
       72        72        72         0     24433       379        1885s
       72        72        72         0     24356       424        1890s
       72        72        72         0     24279       455        1895s
       72        72        72         0     24125       443        1900s
       72        72        72         0     24048       462        1906s
       72        72        72         0     23894       451        1911s
       72        72        72         0     23663       417        1915s
       72        72        72         0     23509       413        1920s
       72        72        72         0     23278       394        1926s
       72        72        72         0     23278       417        1930s
       72        72        72         0     23201       427        1935s
       72        72        72         0     23124       436        1940s
       72        72        72         0     22893       419        1946s
       72        72        72         0     22893       436        1950s
       72        72        72         0     22816       443        1955s
       72        72        72         0     22662       438        1960s
       72        72        72         0     22585       443        1965s
       72        72        72         0     22508       449        1971s
       72        72        72         0     22277       432        1975s
       72        72        72         0     22200       437        1980s
       72        72        72         0     22123       441        1985s
       72        72        72         0     21969       437        1991s
       72        72        72         0     21892       439        1995s
       72        72        72         0     21854       446        2000s
       72        72        72         0     21702       441        2006s
       72        72        72         0     21550       437        2011s
       72        72        72         0     21398       431        2015s
       72        72        72         0     21170       421        2021s
       72        72        72         0     21094       423        2025s
       72        72        72         0     21094       432        2030s
       72        72        72         0     20904       422        2036s
       72        72        72         0     20790       423        2041s
       72        72        72         0     20714       426        2045s
       72        72        72         0     20410       412        2051s
       72        72        72         0     20334       414        2056s
       72        72        72         0     20258       416        2060s
       72        72        72         0     20182       418        2065s
       72        72        72         0     20106       420        2070s
       72        72        72         0     19954       417        2075s
       72        72        72         0     19802       414        2081s
       72        72        72         0     19726       416        2086s
       72        72        72         0     19650       417        2090s
       72        72        72         0     19574       418        2095s
       72        72        72         0     19346       411        2100s
       72        72        72         0     19118       404        2106s
       72        72        72         0     18966       401        2110s
       72        72        72         0     18814       399        2115s
       72        72        72         0     18738       400        2120s
       72        72        72         0     18662       401        2126s
       72        72        72         0     18358       391        2130s
       72        72        72         0     18206       388        2135s
       72        72        72         0     17978       383        2140s
       72        72        72         0     17826       381        2146s
       72        72        72         0     17674       378        2150s
       72        72        72         0     17446       373        2155s
       72        72        72         0     17370       374        2160s
       72        72        72         0     17218       372        2166s
       72        72        72         0     17142       372        2170s
       72        72        72         0     17066       373        2176s
       72        72        72         0     16914       371        2181s
       72        72        72         0     16762       368        2185s
       72        72        72         0     16686       369        2190s
       72        72        72         0     16458       364        2195s
       72        72        72         0     16230       360        2200s
       72        72        72         0     16078       358        2206s
       72        72        72         0     15926       356        2211s
       72        72        72         0     15926       359        2216s
       72        72        72         0     15850       359        2220s
       72        72        72         0     15812       362        2225s
       72        72        72         0     15793       366        2230s
       72        72        72         0     15698       365        2235s
       72        72        72         0     15584       363        2241s
       72        72        72         0     15489       363        2246s
       72        72        72         0     15451       366        2251s
       72        72        72         0     15337       365        2255s
       72        72        72         0     15337       370        2260s
       72        72        72         0     15318       374        2265s
       72        72        72         0     15204       372        2271s
       72        72        72         0     15109       370        2275s
       72        72        72         0     14995       370        2280s
       72        72        72         0     14957       373        2285s
       72        72        72         0     14843       372        2291s
       72        72        72         0     14729       371        2295s
       72        72        72         0     14615       370        2300s
       72        72        72         0     14577       373        2305s
       72        72        72         0     14463       372        2311s
       72        72        72         0     14311       369        2315s
       72        72        72         0     14235       370        2320s
       72        72        72         0     14083       368        2325s
       72        72        72         0     14007       369        2331s
       72        72        72         0     13931       369        2335s
       72        72        72         0     13855       370        2340s
       72        72        72         0     13741       369        2346s
       72        72        72         0     13627       368        2350s
       72        72        72         0     13513       367        2355s
       72        72        72         0     13437       368        2361s
       72        72        72         0     13323       366        2365s
       72        72        72         0     13247       367        2370s
       72        72        72         0     13095       365        2376s
       72        72        72         0     13019       365        2380s
       72        72        72         0     12943       365        2385s
       72        72        72         0     12829       364        2391s
       72        72        72         0     12791       366        2396s
       72        72        72         0     12715       366        2400s
       72        72        72         0     12601       365        2405s
       72        72        72         0     12601       368        2410s
       72        72        72         0     12487       367        2415s
       72        72        72         0     12411       367        2420s
       72        72        72         0     12335       367        2425s
       72        72        72         0     12221       366        2431s
       72        72        72         0     12107       365        2435s
       72        72        72         0     12031       365        2440s
       72        72        72         0     11955       365        2445s
       72        72        72         0     11841       364        2451s
       72        72        72         0     11765       364        2455s
       72        72        72         0     11689       364        2460s
       72        72        72         0     11613       364        2466s
       72        72        72         0     11575       365        2470s
       72        72        72         0     11499       365        2475s
       72        72        72         0     11423       365        2480s
       72        72        72         0     11385       367        2486s
       72        72        72         0     11385       369        2490s
       72        72        72         0     11328       370        2495s
       72        72        72         0     11252       369        2500s
       72        72        72         0     11138       367        2505s
       72        72        72         0     11138       369        2510s
       72        72        72         0     11062       369        2516s
       72        72        72         0     10986       369        2520s
       72        72        72         0     10948       370        2525s
       72        72        72         0     10910       371        2530s
       72        72        72         0     10872       372        2536s
       72        72        72         0     10834       373        2540s
       72        72        72         0     10758       373        2545s
       72        72        72         0     10720       374        2551s
       72        72        72         0     10644       373        2555s
       72        72        72         0     10606       374        2560s
       72        72        72         0     10606       376        2565s
       72        72        72         0     10587       378        2571s
       72        72        72         0     10511       377        2575s
       72        72        72         0     10454       377        2580s
       72        72        72         0     10416       379        2585s
       72        72        72         0     10359       379        2590s
       72        72        72         0     10283       378        2595s
       72        72        72         0     10264       380        2600s
       72        72        72         0     10207       380        2605s
       72        72        72         0     10093       378        2610s
       72        72        72         0     10017       378        2616s
       72        72        72         0      9941       378        2620s
       72        72        72         0      9884       377        2625s
       72        72        72         0      9865       379        2631s
       72        72        72         0      9827       377        2635s
       72        72        72         0      9770       378        2640s
       72        72        72         0      9675       375        2646s
       72        72        72         0      9637       375        2650s
       72        72        72         0      9580       376        2655s
       72        72        72         0      9561       380        2661s
       72        72        72         0      9504       378        2665s
       72        72        72         0      9447       379        2671s
       72        72        72         0      9390       377        2675s
       72        72        72         0      9390       380        2680s
       72        72        72         0      9354       379        2686s
       72        72        72         0      9318       380        2690s
       72        72        72         0      9255       376        2696s
       72        72        72         0      9237       378        2700s
       72        72        72         0      9165       376        2706s
       72        72        72         0      9111       375        2710s
       72        72        72         0      9039       374        2715s
       72        72        72         0      8985       375        2720s
       72        72        72         0      8949       375        2725s
       72        72        72         0      8895       374        2730s
       72        72        72         0      8841       375        2735s
       72        72        72         0      8787       374        2740s
       72        72        72         0      8733       373        2746s
       72        72        72         0      8661       372        2750s
       72        72        72         0      8625       373        2755s
       72        72        72         0      8571       373        2760s
       72        72        72         0      8499       373        2765s
       72        72        72         0      8391       371        2771s
       72        72        72         0      8391       372        2775s
       72        72        72         0      8319       372        2780s
       72        72        72         0      8265       372        2786s
       72        72        72         0      8229       372        2790s
       72        72        72         0      8175       373        2795s
       72        72        72         0      8121       374        2801s
       72        72        72         0      8067       373        2805s
       72        72        72         0      7977       370        2810s
       72        72        72         0      7941       370        2816s
       72        72        72         0      7851       367        2820s
       72        72        72         0      7797       367        2825s
       72        72        72         0      7707       365        2830s
       72        72        72         0      7653       365        2835s
       72        72        72         0      7545       360        2841s
       72        72        72         0      7491       360        2845s
       72        72        72         0      7329       358        2850s
       72        72        72         0      7329       360        2856s
       72        72        72         0      7293       359        2860s
       72        72        72         0      7257       360        2865s
       72        72        72         0      7185       358        2870s
       72        72        72         0      7185       362        2875s
       72        72        72         0      7167       366        2881s
       72        72        72         0      7149       368        2886s
       72        72        72         0      7113       369        2890s
       72        72        72         0      7113       373        2895s
       72        72        72         0      7041       375        2901s
       72        72        72         0      6969       371        2905s
       72        72        72         0      6915       373        2910s
       72        72        72         0      6879       373        2916s
       72        72        72         0      6843       373        2920s
       72        72        72         0      6789       374        2926s
       72        72        72         0      6771       375        2931s
       72        72        72         0      6735       375        2935s
       72        72        72         0      6681       378        2940s
       72        72        72         0      6609       376        2946s
       72        72        72         0      6555       378        2950s
       72        72        72         0      6501       377        2955s
       72        72        72         0      6483       380        2961s
       72        72        72         0      6465       380        2965s
       72        72        72         0      6447       382        2970s
       72        72        72         0      6411       380        2975s
       72        72        72         0      6393       381        2981s
       72        72        72         0      6357       381        2985s
       72        72        72         0      6339       383        2990s
       72        72        72         0      6303       383        2995s
       72        72        72         0      6249       381        3001s
       72        72        72         0      6231       382        3005s
       72        72        72         0      6213       381        3010s
       72        72        72         0      6177       380        3016s
       72        72        72         0      6141       381        3020s
       72        72        72         0      6123       383        3025s
       72        72        72         0      6015       379        3031s
       72        72        72         0      5943       375        3035s
       72        72        72         0      5889       375        3040s
       72        72        72         0      5853       376        3046s
       72        72        72         0      5799       374        3050s
       72        72        72         0      5745       372        3055s
       72        72        72         0      5637       369        3061s
       72        72        72         0      5583       369        3065s
       72        72        72         0      5529       366        3070s
       72        72        72         0      5493       368        3075s
       72        72        72         0      5439       366        3080s
       72        72        72         0      5403       365        3085s
       72        72        72         0      5385       367        3090s
       72        72        72         0      5313       364        3096s
       72        72        72         0      5295       366        3100s
       72        72        72         0      5241       365        3105s
       72        72        72         0      5169       363        3111s
       72        72        72         0      5133       363        3115s
       72        72        72         0      5079       361        3121s
       72        72        72         0      5061       364        3125s
       72        72        72         0      5007       362        3130s
       72        72        72         0      4971       362        3136s
       72        72        72         0      4935       362        3140s
       72        72        72         0      4899       360        3145s
       72        72        72         0      4863       360        3151s
       72        72        72         0      4863       362        3155s
       72        72        72         0      4827       359        3160s
       72        72        72         0      4809       362        3166s
       72        72        72         0      4773       360        3170s
       72        72        72         0      4737       360        3175s
       72        72        72         0      4701       360        3181s
       72        72        72         0      4665       360        3186s
       72        72        72         0      4665       362        3190s
       72        72        72         0      4629       362        3196s
       72        72        72         0      4602       363        3200s
       72        72        72         0      4575       363        3205s
       72        72        72         0      4548       363        3211s
       72        72        72         0      4494       360        3215s
       72        72        72         0      4476       360        3220s
       72        72        72         0      4458       361        3226s
       72        72        72         0      4431       361        3230s
       72        72        72         0      4386       358        3235s
       72        72        72         0      4359       356        3241s
       72        72        72         0      4359       356        3245s
       72        72        72         0      4305       355        3250s
       72        72        72         0      4305       359        3255s
       72        72        72         0      4269       356        3261s
       72        72        72         0      4233       355        3265s
       72        72        72         0      4233       357        3270s
       72        72        72         0      4206       356        3276s
       72        72        72         0      4161       353        3280s
       72        72        72         0      4134       352        3285s
       72        72        72         0      4098       350        3291s
       72        72        72         0      4062       349        3295s
       72        72        72         0      4026       348        3300s
       72        72        72         0      3990       347        3305s
       72        72        72         0      3972       346        3311s
       72        72        72         0      3918       342        3315s
       72        72        72         0      3882       340        3320s
       72        72        72         0      3864       340        3325s
       72        72        72         0      3864       342        3331s
       72        72        72         0      3855       342        3335s
       72        72        72         0      3837       342        3340s
       72        72        72         0      3792       341        3346s
       72        72        72         0      3765       339        3350s
       72        72        72         0      3738       339        3355s
       72        72        72         0      3702       340        3361s
       72        72        72         0      3675       339        3365s
       72        72        72         0      3657       341        3370s
       72        72        72         0      3639       341        3375s
       72        72        72         0      3594       337        3381s
       72        72        72         0      3558       335        3385s
       72        72        72         0      3549       336        3391s
       72        72        72         0      3522       337        3395s
       72        72        72         0      3495       336        3400s
       72        72        72         0      3477       336        3406s
       72        72        72         0      3450       334        3410s
       72        72        72         0      3423       333        3415s
       72        72        72         0      3405       334        3421s
       72        72        72         0      3369       332        3425s
       72        72        72         0      3342       329        3430s
       72        72        72         0      3315       329        3436s
       72        72        72         0      3315       331        3440s
       72        72        72         0      3297       332        3445s
       72        72        72         0      3288       332        3450s
       72        72        72         0      3270       333        3455s
       72        72        72         0      3225       331        3460s
       72        72        72         0      3198       330        3465s
       72        72        72         0      3162       328        3471s
       72        72        72         0      3162       330        3476s
       72        72        72         0      3144       330        3480s
       72        72        72         0      3126       331        3485s
       72        72        72         0      3126       333        3491s
       72        72        72         0      3108       333        3496s
       72        72        72         0      3090       334        3500s
       72        72        72         0      3063       334        3505s
       72        72        72         0      3036       333        3511s
       72        72        72         0      3009       333        3515s
       72        72        72         0      2991       333        3520s
       72        72        72         0      2955       330        3526s
       72        72        72         0      2937       331        3530s
       72        72        72         0      2919       331        3535s
       72        72        72         0      2910       331        3541s
       72        72        72         0      2901       333        3545s
       72        72        72         0      2874       331        3550s
       72        72        72         0      2847       331        3555s
       72        72        72         0      2820       331        3560s
       72        72        72         0      2802       332        3565s
       72        72        72         0      2793       334        3570s
       72        72        72         0      2766       333        3576s
       72        72        72         0      2748       335        3580s
       72        72        72         0      2739       336        3585s
       72        72        72         0      2721       338        3590s
       72        72        72         0      2712       341        3596s
       72        72        72         0      2694       342        3600s
       72        72        72         0      2685       342        3605s
       72        72        72         0      2667       341        3610s
       72        72        72         0      2658       344        3616s
       72        72        72         0      2649       344        3620s
       72        72        72         0      2649       344        3625s
       72        72        72         0      2631       342        3631s
       72        72        72         0      2613       342        3635s
       72        72        72         0      2604       341        3640s
       72        72        72         0      2586       341        3646s
       72        72        72         0      2577       342        3650s
       72        72        72         0      2550       342        3656s
       72        72        72         0      2532       341        3660s
       72        72        72         0      2514       341        3665s
       72        72        72         0      2496       340        3670s
       72        72        72         0      2469       338        3676s
       72        72        72         0      2460       338        3681s
       72        72        72         0      2451       338        3685s
       72        72        72         0      2442       341        3690s
       72        72        72         0      2424       340        3695s
       72        72        72         0      2406       341        3701s
       72        72        72         0      2397       342        3706s
       72        72        72         0      2397       341        3710s
       72        72        72         0      2392       341        3715s
       72        72        72         0      2377       341        3721s
       72        72        72         0      2362       341        3725s
       72        72        72         0      2342       340        3730s
       72        72        72         0      2317       337        3736s
       72        72        72         0      2317       337        3740s
       72        72        72         0      2287       336        3746s
       72        72        72         0      2257       333        3750s
       72        72        72         0      2247       332        3755s
       72        72        72         0      2237       332        3760s
       72        72        72         0      2217       331        3766s
       72        72        72         0      2187       328        3771s
       72        72        72         0      2167       328        3775s
       72        72        72         0      2167       332        3780s
       72        72        72         0      2152       333        3786s
       72        72        72         0      2132       331        3791s
       72        72        72         0      2127       334        3795s
       72        72        72         0      2112       333        3801s
       72        72        72         0      2112       336        3805s
       72        72        72         0      2107       339        3810s
       72        72        72         0      2092       341        3816s
       72        72        72         0      2082       341        3820s
       72        72        72         0      2062       340        3826s
       72        72        72         0      2052       341        3830s
       72        72        72         0      2037       341        3835s
       72        72        72         0      2032       342        3840s
       72        72        72         0      2022       343        3846s
       72        72        72         0      2012       343        3850s
       72        72        72         0      1997       344        3855s
       72        72        72         0      1972       344        3861s
       72        72        72         0      1952       343        3865s
       72        72        72         0      1937       342        3870s
       72        72        72         0      1927       343        3876s
       72        72        72         0      1917       343        3880s
       72        72        72         0      1912       346        3885s
       72        72        72         0      1907       348        3891s
       72        72        72         0      1897       348        3896s
       72        72        72         0      1882       347        3900s
       72        72        72         0      1867       344        3905s
       72        72        72         0      1852       344        3910s
       72        72        72         0      1832       344        3916s
       72        72        72         0      1822       343        3920s
       72        72        72         0      1807       343        3926s
       72        72        72         0      1797       345        3930s
       72        72        72         0      1777       341        3936s
       72        72        72         0      1757       340        3940s
       72        72        72         0      1742       339        3945s
       72        72        72         0      1732       339        3951s
       72        72        72         0      1717       338        3955s
       72        72        72         0      1702       337        3960s
       72        72        72         0      1697       340        3965s
       72        72        72         0      1692       339        3970s
       72        72        72         0      1682       340        3975s
       72        72        72         0      1682       343        3981s
       72        72        72         0      1677       343        3985s
       72        72        72         0      1657       341        3990s
       72        72        72         0      1647       342        3996s
       72        72        72         0      1642       343        4000s
       72        72        72         0      1617       339        4005s
       72        72        72         0      1607       340        4011s
       72        72        72         0      1602       340        4015s
       72        72        72         0      1592       339        4020s
       72        72        72         0      1582       341        4026s
       72        72        72         0      1577       342        4030s
       72        72        72         0      1572       343        4035s
       72        72        72         0      1567       344        4040s
       72        72        72         0      1552       344        4045s
       72        72        72         0      1547       346        4050s
       72        72        72         0      1532       345        4055s
       72        72        72         0      1517       345        4061s
       72        72        72         0      1507       346        4065s
       72        72        72         0      1497       346        4070s
       72        72        72         0      1492       346        4075s
       72        72        72         0      1482       345        4080s
       72        72        72         0      1467       341        4086s
       72        72        72         0      1467       343        4090s
       72        72        72         0      1457       344        4095s
       72        72        72         0      1457       346        4101s
       72        72        72         0      1437       344        4105s
       72        72        72         0      1427       345        4111s
       72        72        72         0      1427       346        4115s
       72        72        72         0      1402       342        4120s
       72        72        72         0      1387       341        4126s
       72        72        72         0      1382       343        4130s
       72        72        72         0      1377       344        4135s
       72        72        72         0      1372       343        4140s
       72        72        72         0      1362       343        4145s
       72        72        72         0      1357       344        4151s
       72        72        72         0      1347       343        4155s
       72        72        72         0      1332       343        4160s
       72        72        72         0      1327       343        4165s
       72        72        72         0      1317       342        4170s
       72        72        72         0      1317       345        4176s
       72        72        72         0      1312       346        4181s
       72        72        72         0      1312       347        4185s
       72        72        72         0      1307       346        4190s
       72        72        72         0      1302       346        4195s
       72        72        72         0      1297       346        4200s
       72        72        72         0      1292       347        4205s
       72        72        72         0      1282       347        4211s
       72        72        72         0      1267       346        4215s
       72        72        72         0      1252       345        4221s
       72        72        72         0      1247       345        4226s
       72        72        72         0      1242       343        4230s
       72        72        72         0      1237       343        4235s
       72        72        72         0      1232       343        4240s
       72        72        72         0      1227       343        4245s
       72        72        72         0      1217       342        4250s
       72        72        72         0      1197       339        4255s
       72        72        72         0      1197       341        4260s
       72        72        72         0      1197       344        4266s
       72        72        72         0      1192       343        4271s
       72        72        72         0      1187       344        4275s
       72        72        72         0      1177       343        4280s
       72        72        72         0      1172       344        4286s
       72        72        72         0      1162       341        4290s
       72        72        72         0      1162       342        4295s
       72        72        72         0      1157       343        4300s
       72        72        72         0      1142       343        4305s
       72        72        72         0      1137       343        4311s
       72        72        72         0      1132       342        4315s
       72        72        72         0      1117       341        4320s
       72        72        72         0      1107       339        4326s
       72        72        72         0      1107       341        4331s
       72        72        72         0      1102       340        4335s
       72        72        72         0      1097       339        4341s
       72        72        72         0      1082       336        4345s
       72        72        72         0      1077       336        4350s
       72        72        72         0      1072       336        4356s
       72        72        72         0      1072       337        4360s
       72        72        72         0      1072       337        4365s
       72        72        72         0      1072       337        4370s
       72        72        72         0      1072       338        4376s
       72        72        72         0      1067       338        4380s
       72        72        72         0      1057       336        4385s
       72        72        72         0      1052       335        4391s
       72        72        72         0      1052       337        4396s
       72        72        72         0      1052       338        4401s
       72        72        72         0      1051       339        4406s
       72        72        72         0      1046       338        4410s
       72        72        72         4      1043       340        4415s
       72        72        72         8      1040       342        4421s
       72        72        72        10      1036       341        4425s
       72        72        72        12      1031       341        4430s
       72        72        72        14      1026       341        4436s
       72        72        72        18      1024       342        4440s
       72        72        72        20      1019       341        4445s
       72        72        72        22      1015       341        4450s
       72        72        72        22      1008       339        4456s
       72        72        72        22      1002       336        4460s
       72        72        72        28      1001       338        4465s
       72        72        72        30       996       338        4471s
       72        72        72        32       992       338        4475s
       72        72        72        32       985       336        4481s
       72        72        72        34       981       338        4485s
       72        72        72        34       974       335        4490s
       72        72        72        34       968       335        4495s
       72        72        72        37       964       337        4500s
       72        72        72        38       958       336        4506s
       72        72        72        38       952       334        4510s
       72        72        72        38       946       334        4515s
       72        72        72        42       943       337        4520s
       72        72        72        46       940       339        4525s
       72        72        72        46       934       336        4530s
       72        72        72        52       933       339        4535s
       72        72        72        56       930       341        4540s
       72        72        72        57       925       340        4545s
       72        72        72        60       921       341        4550s
       72        72        72        61       915       338        4556s
       72        72        72        65       912       339        4561s
       72        72        72        68       909       340        4565s
       72        72        72        71       905       340        4570s
       72        72        72        75       902       342        4576s
       72        72        72        77       898       342        4580s
       72        72        72        81       895       343        4586s
       72        72        72        81       889       341        4590s
       72        72        72        84       885       341        4596s
       72        72        72        89       884       342        4600s
       72        72        72        92       880       343        4605s
       72        72        72        95       876       346        4611s
       72        72        72        95       870       346        4615s
       72        72        72        97       865       346        4621s
       72        72        72       100       862       346        4625s
       72        72        72       103       858       347        4631s
       72        72        72       103       852       344        4635s
       72        72        72       105       847       343        4640s
       72        72        72       105       840       340        4646s
       72        72        72       107       836       341        4650s
       72        72        72       109       831       340        4655s
       72        72        72       109       825       339        4660s
       72        72        72       113       822       340        4665s
       72        72        72       117       819       343        4671s
       72        72        72       121       817       345        4675s
       72        72        72       123       812       345        4680s
       72        72        72       125       808       346        4685s
       72        72        72       126       802       346        4691s
       72        72        72       128       798       347        4695s
       72        72        72       130       793       348        4701s
       72        72        72       132       789       348        4705s
       72        72        72       134       784       347        4711s
       72        72        72       134       778       346        4715s
       72        72        72       136       773       344        4720s
       72        72        72       137       767       343        4726s
       72        72        72       140       764       343        4730s
       72        72        72       142       759       341        4736s
       72        72        72       142       753       339        4740s
       72        72        72       144       748       340        4746s
       72        72        72       144       742       338        4750s
       72        72        72       146       737       338        4756s
       72        72        72       146       731       337        4761s
       72        72        72       149       727       337        4766s
       72        72        72       154       726       340        4770s
       72        72        72       157       722       341        4775s
       72        72        72       161       719       342        4781s
       72        72        72       164       716       343        4785s
       72        72        72       164       709       340        4791s
       72        72        72       166       705       339        4795s
       72        72        72       172       704       345        4800s
       72        72        72       176       701       347        4806s
       72        72        72       178       697       346        4810s
       72        72        72       180       692       347        4815s
       72        72        72       180       686       345        4820s
       72        72        72       181       680       343        4826s
       72        72        72       181       674       341        4830s
       72        72        72       181       667       339        4836s
       72        72        72       183       663       339        4840s
       72        72        72       189       662       342        4845s
       72        72        72       191       657       342        4851s
       72        72        72       193       653       341        4855s
       72        72        72       195       648       342        4861s
       72        72        72       199       646       345        4865s
       72        72        72       201       641       344        4870s
       72        72        72       205       638       348        4876s
       72        72        72       205       632       346        4880s
       72        72        72       208       628       347        4886s
       72        72        72       210       624       346        4890s
       72        72        72       212       619       346        4896s
       72        72        72       216       617       348        4900s
       72        72        72       220       614       350        4905s
       72        72        72       222       609       350        4911s
       72        72        72       228       609       356        4915s
       72        72        72       228       602       353        4921s
       72        72        72       228       596       351        4925s
       72        72        72       228       589       347        4930s
       72        72        72       232       586       348        4935s
       72        72        72       236       583       350        4941s
       72        72        72       238       579       350        4945s
       72        72        72       244       578       354        4950s
       72        72        72       250       577       358        4956s
       72        72        72       251       572       357        4960s
       72        72        72       253       567       357        4966s
       72        72        72       258       566       361        4970s
       72        72        72       262       563       364        4975s
       72        72        72       263       557       362        4981s
       72        72        72       270       557       368        4986s
       72        72        72       272       553       368        4990s
       72        72        72       276       550       370        4995s
       72        72        72       278       545       369        5001s
       72        72        72       280       541       369        5005s
       72        72        72       280       534       368        5010s
       72        72        72       280       528       365        5015s
       72        72        72       285       526       368        5020s
       72        72        72       288       522       368        5025s
       72        72        72       288       516       366        5030s
       72        72        72       292       513       368        5035s
       72        72        72       296       510       370        5041s
       72        72        72       296       504       368        5045s
       72        72        72       298       499       367        5050s
       72        72        72       304       498       371        5055s
       72        72        72       307       494       372        5061s
       72        72        72       311       492       375        5065s
       72        72        72       314       488       376        5071s
       72        72        72       316       484       376        5075s
       72        72        72       318       479       376        5080s
       72        72        72       320       474       375        5086s
       72        72        72       322       470       375        5090s
       72        72        72       324       465       374        5096s
       72        72        72       328       463       377        5100s
       72        72        72       330       458       376        5106s
       72        72        72       330       452       374        5110s
       72        72        72       330       445       371        5116s
       72        72        72       331       440       370        5120s
       72        72        72       332       434       368        5125s
       72        72        72       334       429       367        5131s
       72        72        72       337       426       368        5135s
       72        72        72       340       422       369        5141s
       72        72        72       340       416       367        5145s
       72        72        72       340       409       364        5151s
       72        72        72       342       404       363        5156s
       72        72        72       344       400       363        5160s
       72        72        72       346       395       363        5166s
       72        72        72       346       389       361        5170s
       72        72        72       350       386       362        5175s
       72        72        72       350       380       360        5180s
       72        72        72       352       375       360        5185s
       72        72        72       354       370       359        5191s
       72        72        72       356       366       359        5195s
       72        72        72       360       363       361        5200s
       72        72        72       362       362       362        5202s

IIS computed: 72 constraints, 362 bounds
IIS runtime: 5202.49 seconds (1186.93 work units)
