
Gurobi 10.0.1 (linux64) logging started Sat May 27 11:05:25 2023

Set parameter LogFile to value "logFiles/N-1L-D/N-1L-14U-27F-23V-240D/basic-05-27-2023, 11-05-H70-P50-O15.log"
Gurobi Optimizer version 10.0.1 build v10.0.1rc0 (linux64)

CPU model: Intel(R) Xeon(R) Gold 5115 CPU @ 2.40GHz, instruction set [SSE2|AVX|AVX2|AVX512]
Thread count: 20 physical cores, 40 logical processors, using up to 20 threads

Optimize a model with 91807 rows, 1195488 columns and 6189362 nonzeros
Model fingerprint: 0x725fb9fd
Variable types: 433085 continuous, 762403 integer (762403 binary)
Coefficient statistics:
  Matrix range     [1e+00, 2e+05]
  Objective range  [4e+01, 3e+07]
  Bounds range     [1e+00, 1e+00]
  RHS range        [1e+00, 3e+06]

Loaded user MIP start with objective 1.18942e+09

Presolve removed 53840 rows and 40629 columns (presolve time = 5s) ...
Presolve removed 54349 rows and 45217 columns (presolve time = 10s) ...
Presolve removed 54363 rows and 45231 columns (presolve time = 15s) ...
Presolve removed 54363 rows and 45243 columns (presolve time = 20s) ...
Presolve removed 54363 rows and 45243 columns (presolve time = 25s) ...
Presolve removed 54370 rows and 45435 columns (presolve time = 30s) ...
Presolve removed 54299 rows and 45364 columns
Presolve time: 34.27s
Presolved: 37508 rows, 1150124 columns, 4870977 nonzeros
Variable types: 407665 continuous, 742459 integer (742459 binary)
Deterministic concurrent LP optimizer: primal simplex, dual simplex, and barrier
Showing barrier log only...

Root barrier log...

Ordering time: 1.90s

Barrier statistics:
 AA' NZ     : 2.568e+06
 Factor NZ  : 8.061e+06 (roughly 500 MB of memory)
 Factor Ops : 1.182e+10 (less than 1 second per iteration)
 Threads    : 18

                  Objective                Residual
Iter       Primal          Dual         Primal    Dual     Compl     Time
   0  -2.29024197e+16  7.93728702e+13  1.03e+09 2.38e+06  7.05e+11    46s
   1  -5.52620974e+15  7.25019453e+13  2.48e+08 3.31e+06  1.74e+11    46s
   2  -1.09935589e+15  4.95564757e+13  4.94e+07 2.89e+05  3.54e+10    47s
   3  -5.07791432e+13  3.00029031e+13  2.28e+06 4.25e+03  1.65e+09    48s
   4  -2.30192744e+13  1.48099482e+13  1.04e+06 6.41e+02  7.56e+08    48s
   5  -1.43235076e+13  1.20003440e+13  6.44e+05 2.66e+02  4.78e+08    49s
   6  -1.01979374e+13  1.06189318e+13  4.59e+05 9.99e+01  3.44e+08    49s
   7  -2.02575168e+12  9.76338857e+12  9.14e+04 1.02e+02  7.18e+07    50s
   8  -1.00965729e+12  8.76046642e+12  4.58e+04 5.95e+01  3.71e+07    51s
   9  -8.66566801e+11  7.39542326e+12  3.93e+04 3.58e+01  3.09e+07    51s
  10  -5.12513671e+11  6.83793216e+12  2.34e+04 8.25e+01  1.92e+07    52s
  11  -1.86079536e+11  4.47333795e+12  8.79e+03 1.97e+01  7.40e+06    53s
  12  -6.02276950e+10  2.05595875e+12  3.13e+03 1.68e-08  2.56e+06    53s
  13  -3.55165009e+10  1.06076441e+12  2.02e+03 1.69e-08  1.41e+06    54s
  14  -2.96886852e+09  4.72078370e+11  5.60e+02 1.66e-08  4.29e+05    55s
  15   3.85965796e+09  1.65050229e+11  2.54e+02 2.04e-08  1.55e+05    55s
  16   7.12938343e+09  6.74304600e+10  1.08e+02 7.02e-07  6.00e+04    56s
  17   8.55886314e+09  4.13932227e+10  4.36e+01 4.21e-07  2.76e+04    56s
  18   8.82653022e+09  3.48252449e+10  3.17e+01 3.24e-07  2.09e+04    57s
  19   8.87633008e+09  3.12713383e+10  2.95e+01 1.90e-07  1.87e+04    57s
  20   8.93241990e+09  2.88940943e+10  2.71e+01 1.28e-07  1.70e+04    58s
  21   9.00974047e+09  2.59245818e+10  2.38e+01 1.45e-07  1.47e+04    59s
  22   9.13164475e+09  2.40411200e+10  1.86e+01 1.60e-07  1.22e+04    59s
  23   9.25597500e+09  1.94488228e+10  1.35e+01 5.34e-08  8.67e+03    60s
  24   9.33278898e+09  1.66164100e+10  1.05e+01 1.22e-07  6.39e+03    61s
  25   9.45210459e+09  1.58342774e+10  5.85e+00 1.90e-07  4.59e+03    62s
  26   9.49656959e+09  1.47994025e+10  4.35e+00 1.70e-07  3.63e+03    63s
  27   9.53788206e+09  1.42550861e+10  3.43e+00 2.29e-07  3.06e+03    64s
  28   9.57689821e+09  1.39633137e+10  2.93e+00 2.64e-07  2.75e+03    65s
  29   9.58187743e+09  1.29826891e+10  2.85e+00 2.39e-07  2.24e+03    66s
  30   9.59811577e+09  1.23890434e+10  2.49e+00 3.50e-07  1.84e+03    67s
  31   9.61092214e+09  1.21772822e+10  2.33e+00 2.51e-07  1.67e+03    68s
  32   9.64459650e+09  1.18035148e+10  1.90e+00 2.76e-07  1.36e+03    69s
  33   9.66200601e+09  1.14520398e+10  1.66e+00 2.60e-07  1.12e+03    70s
  34   9.73319819e+09  1.11402707e+10  8.37e-01 2.40e-07  7.68e+02    71s
  35   9.73607378e+09  1.10066657e+10  8.12e-01 2.54e-07  6.95e+02    72s
  36   9.76102777e+09  1.08081946e+10  6.37e-01 3.77e-07  5.56e+02    73s
  37   9.79451340e+09  1.04692309e+10  4.32e-01 2.45e-07  3.47e+02    74s
  38   9.82617303e+09  1.03629608e+10  2.93e-01 2.28e-07  2.66e+02    75s
  39   9.84482620e+09  1.02295044e+10  2.19e-01 1.75e-07  1.88e+02    77s
  40   9.86134926e+09  1.01459377e+10  1.71e-01 2.35e-07  1.38e+02    78s
  41   9.87811997e+09  1.00724548e+10  1.34e-01 2.59e-07  9.41e+01    79s
  42   9.89326256e+09  1.00302868e+10  9.89e-02 2.27e-07  6.61e+01    80s
  43   9.89652577e+09  1.00234715e+10  9.37e-02 2.53e-07  6.13e+01    80s
  44   9.90423490e+09  1.00085097e+10  8.14e-02 2.14e-07  5.04e+01    81s
  45   9.91355062e+09  1.00008788e+10  6.53e-02 2.92e-07  4.19e+01    82s
  46   9.91507170e+09  9.99119237e+09  6.27e-02 3.26e-07  3.68e+01    83s
  47   9.91923327e+09  9.98592980e+09  5.61e-02 3.08e-07  3.23e+01    84s
  48   9.92195048e+09  9.98332585e+09  5.15e-02 3.71e-07  2.97e+01    85s
  49   9.92562518e+09  9.97860115e+09  4.53e-02 3.07e-07  2.56e+01    86s
  50   9.93018946e+09  9.97293936e+09  3.79e-02 3.44e-07  2.07e+01    87s
  51   9.93342709e+09  9.97208887e+09  3.32e-02 3.03e-07  1.86e+01    88s
  52   9.93708791e+09  9.96818537e+09  2.77e-02 2.06e-07  1.50e+01    89s
  53   9.94452069e+09  9.96567155e+09  1.70e-02 2.20e-07  1.01e+01    90s
  54   9.94664817e+09  9.96507249e+09  1.38e-02 3.24e-07  8.72e+00    91s
  55   9.94817094e+09  9.96440875e+09  1.15e-02 3.46e-07  7.65e+00    92s
  56   9.94941180e+09  9.96233204e+09  9.85e-03 1.79e-07  6.12e+00    93s
  57   9.95096832e+09  9.96137817e+09  7.86e-03 1.58e-07  4.93e+00    95s
  58   9.95244939e+09  9.96082246e+09  6.10e-03 2.50e-07  3.95e+00    96s
  59   9.95384084e+09  9.96018623e+09  4.50e-03 1.65e-07  2.99e+00    96s
  60   9.95469215e+09  9.95972459e+09  3.56e-03 8.43e-08  2.37e+00    97s
  61   9.95549328e+09  9.95952555e+09  2.71e-03 9.55e-08  1.89e+00    98s
  62   9.95674090e+09  9.95889459e+09  1.42e-03 1.87e-07  1.01e+00    99s
  63   9.95748660e+09  9.95866024e+09  6.64e-04 2.75e-07  5.45e-01   100s
  64   9.95766360e+09  9.95856304e+09  4.94e-04 3.58e-07  4.17e-01   101s
  65   9.95784790e+09  9.95851515e+09  3.20e-04 4.38e-07  3.07e-01   101s
  66   9.95796604e+09  9.95839671e+09  2.06e-04 3.62e-07  1.98e-01   102s
  67   9.95797792e+09  9.95838467e+09  1.95e-04 3.77e-07  1.87e-01   102s
  68   9.95807143e+09  9.95835951e+09  1.06e-04 3.71e-07  1.31e-01   103s
  69   9.95813923e+09  9.95826607e+09  4.47e-05 4.14e-07  5.75e-02   103s
  70   9.95815682e+09  9.95824450e+09  2.99e-05 4.71e-07  3.97e-02   104s
  71   9.95818003e+09  9.95820909e+09  1.02e-05 5.27e-07  1.32e-02   104s
  72   9.95818430e+09  9.95819880e+09  6.69e-06 3.11e-07  6.68e-03   105s
  73   9.95818792e+09  9.95819567e+09  3.65e-06 4.23e-07  3.57e-03   105s
  74   9.95819118e+09  9.95819321e+09  9.94e-07 4.22e-07  9.37e-04   106s
  75   9.95819197e+09  9.95819279e+09  3.78e-07 4.43e-07  3.76e-04   106s
  76   9.95819230e+09  9.95819253e+09  1.26e-07 4.73e-07  1.03e-04   107s
  77   9.95819242e+09  9.95819247e+09  3.27e-08 4.97e-07  2.46e-05   107s
  78   9.95819246e+09  9.95819246e+09  1.14e-08 3.07e-07  8.51e-07   108s
  79   9.95819246e+09  9.95819246e+09  1.51e-07 7.16e-07  1.43e-09   108s

Barrier solved model in 79 iterations and 108.46 seconds (68.34 work units)
Optimal objective 9.95819246e+09


Root crossover log...

   32650 DPushes remaining with DInf 0.0000000e+00               109s
       0 DPushes remaining with DInf 0.0000000e+00               110s

     999 PPushes remaining with PInf 2.2386115e-04               110s
       0 PPushes remaining with PInf 0.0000000e+00               110s

  Push phase complete: Pinf 0.0000000e+00, Dinf 7.7757406e+07    110s


Root simplex log...

Iteration    Objective       Primal Inf.    Dual Inf.      Time
   33637    9.9581925e+09   0.000000e+00   7.775741e+07    110s
   33767    9.9581925e+09   0.000000e+00   0.000000e+00    110s
Concurrent spin time: 0.02s

Solved with barrier
   33767    9.9581925e+09   0.000000e+00   0.000000e+00    111s

Root relaxation: objective 9.958192e+09, 33767 iterations, 74.23 seconds (40.49 work units)
Total elapsed time = 116.35s

    Nodes    |    Current Node    |     Objective Bounds      |     Work
 Expl Unexpl |  Obj  Depth IntInf | Incumbent    BestBd   Gap | It/Node Time

     0     0 9.9582e+09    0  366 1.1894e+09 9.9582e+09   737%     -  119s
H    0     0                    9.903210e+09 9.9582e+09  0.56%     -  131s

Explored 1 nodes (47608 simplex iterations) in 131.29 seconds (81.61 work units)
Thread count was 20 (of 40 available processors)

Solution count 3: 9.90321e+09 9.90321e+09 1.18942e+09 

Optimal solution found (tolerance 1.00e-02)
Best objective 9.903210059482e+09, best bound 9.958192460626e+09, gap 0.5552%
Gurobi Optimizer version 10.0.1 build v10.0.1rc0 (linux64)

CPU model: Intel(R) Xeon(R) Gold 5115 CPU @ 2.40GHz, instruction set [SSE2|AVX|AVX2|AVX512]
Thread count: 20 physical cores, 40 logical processors, using up to 20 threads

Optimize a model with 155312 rows, 2024318 columns and 11994969 nonzeros
Model fingerprint: 0xa5ba34cb
Variable types: 573202 continuous, 1451116 integer (1451116 binary)
Coefficient statistics:
  Matrix range     [1e+00, 2e+05]
  Objective range  [4e+01, 3e+07]
  Bounds range     [1e+00, 3e+05]
  RHS range        [1e+00, 4e+06]

User MIP start did not produce a new incumbent solution
User MIP start violates constraint flow[RIV,NGBON,124] by 1.000000000
Processed MIP start in 1.50 seconds (0.56 work units)

Presolve removed 127075 rows and 1445406 columns (presolve time = 5s) ...
Presolve removed 130692 rows and 1489583 columns (presolve time = 10s) ...
Presolve removed 130743 rows and 1490336 columns (presolve time = 15s) ...
Presolve removed 130698 rows and 1490291 columns
Presolve time: 19.48s
Presolved: 24614 rows, 534027 columns, 2414414 nonzeros
Variable types: 208485 continuous, 325542 integer (325535 binary)
Deterministic concurrent LP optimizer: primal simplex, dual simplex, and barrier
Showing barrier log only...

Root barrier log...

Ordering time: 0.72s

Barrier statistics:
 AA' NZ     : 1.301e+06
 Factor NZ  : 3.294e+06 (roughly 250 MB of memory)
 Factor Ops : 2.413e+09 (less than 1 second per iteration)
 Threads    : 17

                  Objective                Residual
Iter       Primal          Dual         Primal    Dual     Compl     Time
   0  -2.88759287e+15  6.67627436e+13  2.16e+08 4.42e+06  2.46e+11    29s
   1  -1.64232778e+15  4.58044970e+13  1.23e+08 4.73e+06  1.43e+11    30s
   2  -2.17675308e+14  3.74093284e+13  1.61e+07 2.17e+06  1.92e+10    30s
   3  -2.11894087e+13  2.07581990e+13  1.56e+06 3.07e-08  1.91e+09    30s
   4  -2.99452686e+12  1.14158575e+13  2.19e+05 6.47e+02  2.80e+08    30s
   5  -1.00398554e+12  7.62474473e+12  7.08e+04 4.07e+02  9.68e+07    30s
   6  -4.38449355e+11  6.36329328e+12  3.01e+04 2.43e+02  4.46e+07    31s
   7  -3.86908694e+11  5.37956669e+12  2.63e+04 1.63e+02  3.81e+07    31s
   8  -2.14936610e+11  4.31595118e+12  1.41e+04 8.29e+01  2.18e+07    31s
   9  -1.47297621e+11  3.82660224e+12  9.69e+03 6.12e+01  1.54e+07    31s
  10  -6.79138910e+10  2.36699919e+12  4.56e+03 1.93e+01  7.15e+06    31s
  11  -1.06115106e+10  1.37155192e+12  8.57e+02 4.44e+00  2.10e+06    32s
  12  -4.63848410e+08  5.07710988e+11  2.00e+02 3.65e-01  6.28e+05    32s
  13   1.01845906e+09  2.69564988e+11  1.05e+02 1.36e-01  3.23e+05    32s
  14   1.54896159e+09  1.89181227e+11  7.08e+01 3.03e-02  2.22e+05    32s
  15   1.99561626e+09  1.42547760e+11  4.26e+01 4.47e-08  1.59e+05    32s
  16   2.30780823e+09  1.17688779e+11  2.32e+01 3.59e-08  1.23e+05    33s
  17   2.44119197e+09  8.01419703e+10  1.51e+01 6.98e-08  8.35e+04    33s
  18   2.55142567e+09  5.66296195e+10  8.31e+00 8.38e-08  5.70e+04    33s
  19   2.58132918e+09  4.52066785e+10  6.22e+00 1.32e-07  4.51e+04    33s
  20   2.59827392e+09  3.90963940e+10  4.76e+00 6.02e-03  3.87e+04    33s
  21   2.61364777e+09  3.67034315e+10  3.80e+00 1.03e-02  3.57e+04    34s
  22   2.62634411e+09  2.57952032e+10  3.12e+00 2.59e-07  2.58e+04    34s
  23   2.65237207e+09  2.06637196e+10  2.14e+00 3.64e-07  1.98e+04    34s
  24   2.67627092e+09  1.68230647e+10  1.46e+00 4.17e-07  1.51e+04    34s
  25   2.69762187e+09  1.22888498e+10  1.18e+00 3.30e-07  1.02e+04    35s
  26   2.71689162e+09  1.13322810e+10  8.97e-01 3.46e-07  8.92e+03    35s
  27   2.74084829e+09  7.84061825e+09  5.45e-01 1.79e-07  5.14e+03    35s
  28   2.75282556e+09  7.00605025e+09  4.27e-01 1.87e-07  4.23e+03    36s
  29   2.75642063e+09  6.66184616e+09  3.97e-01 1.71e-07  3.88e+03    36s
  30   2.76480569e+09  5.70765619e+09  3.28e-01 1.86e-07  2.90e+03    36s
  31   2.77916075e+09  4.98111014e+09  2.29e-01 1.47e-07  2.14e+03    36s
  32   2.79233178e+09  4.05843943e+09  1.33e-01 7.92e-08  1.22e+03    37s
  33   2.79751379e+09  3.62887611e+09  1.13e-01 7.17e-08  7.96e+02    37s
  34   2.80850505e+09  3.47408951e+09  7.71e-02 6.47e-08  6.33e+02    37s
  35   2.81439136e+09  3.24622666e+09  6.12e-02 5.26e-08  4.09e+02    37s
  36   2.82086863e+09  3.15342169e+09  4.86e-02 4.89e-08  3.15e+02    38s
  37   2.82557442e+09  3.08176047e+09  4.27e-02 3.45e-08  2.42e+02    38s
  38   2.83713096e+09  3.01995685e+09  2.73e-02 2.42e-08  1.72e+02    38s
  39   2.84282072e+09  2.98718740e+09  2.20e-02 2.14e-08  1.36e+02    38s
  40   2.84774327e+09  2.95736105e+09  1.79e-02 1.82e-08  1.03e+02    39s
  41   2.85382124e+09  2.93677674e+09  1.31e-02 1.44e-08  7.80e+01    39s
  42   2.85672449e+09  2.92522673e+09  1.06e-02 1.49e-08  6.44e+01    39s
  43   2.86016065e+09  2.91736467e+09  8.78e-03 1.21e-08  5.37e+01    39s
  44   2.86437380e+09  2.90948466e+09  6.60e-03 1.07e-08  4.24e+01    40s
  45   2.86623631e+09  2.90353619e+09  5.77e-03 1.12e-08  3.50e+01    40s
  46   2.86865679e+09  2.90095577e+09  4.69e-03 1.63e-08  3.03e+01    40s
  47   2.86912253e+09  2.89866011e+09  4.50e-03 1.58e-08  2.77e+01    40s
  48   2.87146612e+09  2.89615764e+09  3.53e-03 1.49e-08  2.32e+01    41s
  49   2.87239427e+09  2.89460449e+09  3.17e-03 1.49e-08  2.09e+01    41s
  50   2.87255170e+09  2.89418651e+09  3.11e-03 1.77e-08  2.03e+01    41s
  51   2.87417330e+09  2.89235395e+09  2.50e-03 1.77e-08  1.71e+01    42s
  52   2.87515141e+09  2.89205001e+09  2.14e-03 1.72e-08  1.59e+01    42s
  53   2.87555578e+09  2.89019751e+09  2.00e-03 1.54e-08  1.37e+01    42s
  54   2.87657195e+09  2.88908347e+09  1.63e-03 1.77e-08  1.17e+01    42s
  55   2.87742424e+09  2.88788398e+09  1.35e-03 1.63e-08  9.82e+00    43s
  56   2.87791715e+09  2.88690073e+09  1.20e-03 1.40e-08  8.43e+00    43s
  57   2.87885084e+09  2.88609482e+09  9.16e-04 1.68e-08  6.80e+00    43s
  58   2.87930196e+09  2.88533739e+09  7.87e-04 1.40e-08  5.66e+00    43s
  59   2.87980388e+09  2.88520665e+09  6.48e-04 1.77e-08  5.07e+00    44s
  60   2.87985147e+09  2.88492929e+09  6.35e-04 1.86e-08  4.76e+00    44s
  61   2.88048063e+09  2.88451200e+09  4.64e-04 1.68e-08  3.78e+00    44s
  62   2.88091848e+09  2.88420118e+09  3.49e-04 1.68e-08  3.08e+00    44s
  63   2.88122870e+09  2.88353230e+09  2.69e-04 1.49e-08  2.16e+00    45s
  64   2.88154174e+09  2.88325265e+09  1.89e-04 1.21e-08  1.61e+00    45s
  65   2.88159179e+09  2.88298833e+09  1.77e-04 1.16e-08  1.31e+00    45s
  66   2.88193533e+09  2.88275124e+09  9.12e-05 1.16e-08  7.66e-01    46s
  67   2.88212970e+09  2.88266499e+09  4.42e-05 1.49e-08  5.02e-01    46s
  68   2.88221996e+09  2.88251494e+09  2.31e-05 1.12e-08  2.77e-01    46s
  69   2.88222967e+09  2.88245024e+09  2.09e-05 1.40e-08  2.07e-01    46s
  70   2.88224188e+09  2.88243448e+09  1.83e-05 1.58e-08  1.81e-01    47s
  71   2.88227195e+09  2.88241063e+09  1.18e-05 1.49e-08  1.30e-01    47s
  72   2.88227473e+09  2.88239968e+09  1.12e-05 1.49e-08  1.17e-01    47s
  73   2.88229695e+09  2.88238282e+09  6.70e-06 1.21e-08  8.05e-02    47s
  74   2.88231551e+09  2.88235084e+09  6.42e-06 1.30e-08  3.31e-02    47s
  75   2.88232383e+09  2.88233698e+09  4.87e-06 1.12e-08  1.23e-02    47s
  76   2.88232612e+09  2.88233086e+09  2.04e-06 9.78e-09  4.44e-03    48s
  77   2.88232690e+09  2.88232834e+09  1.04e-06 1.02e-08  1.35e-03    48s
  78   2.88232727e+09  2.88232741e+09  3.67e-07 1.12e-08  1.35e-04    48s
  79   2.88232733e+09  2.88232733e+09  4.21e-08 2.14e-08  1.58e-06    48s
  80   2.88232733e+09  2.88232733e+09  2.22e-09 1.49e-08  8.05e-11    48s

Barrier solved model in 80 iterations and 48.43 seconds (44.01 work units)
Optimal objective 2.88232733e+09


Root crossover log...

   18227 DPushes remaining with DInf 0.0000000e+00                49s
       0 DPushes remaining with DInf 0.0000000e+00                49s

    1178 PPushes remaining with PInf 0.0000000e+00                49s
       0 PPushes remaining with PInf 0.0000000e+00                49s

  Push phase complete: Pinf 0.0000000e+00, Dinf 3.1020010e+04     49s


Root simplex log...

Iteration    Objective       Primal Inf.    Dual Inf.      Time
   19360    2.8823273e+09   0.000000e+00   3.102001e+04     49s
   19382    2.8823273e+09   0.000000e+00   0.000000e+00     49s
Concurrent spin time: 0.01s

Solved with barrier
   19382    2.8823273e+09   0.000000e+00   0.000000e+00     50s

Root relaxation: objective 2.882327e+09, 19382 iterations, 23.40 seconds (16.40 work units)
Total elapsed time = 50.08s
Another try with MIP start

    Nodes    |    Current Node    |     Objective Bounds      |     Work
 Expl Unexpl |  Obj  Depth IntInf | Incumbent    BestBd   Gap | It/Node Time

H    0     0                    2.849878e+09 2.8823e+09  1.14%     -  101s
     0     0 2.8823e+09    0  222 2.8499e+09 2.8823e+09  1.14%     -  101s
     0     0 2.8819e+09    0  227 2.8499e+09 2.8819e+09  1.12%     -  149s
     0     0 2.8819e+09    0  219 2.8499e+09 2.8819e+09  1.12%     -  191s
     0     0 2.8819e+09    0  219 2.8499e+09 2.8819e+09  1.12%     -  192s
     0     0 2.8819e+09    0  242 2.8499e+09 2.8819e+09  1.12%     -  212s
     0     0 2.8819e+09    0  229 2.8499e+09 2.8819e+09  1.12%     -  247s
     0     0 2.8819e+09    0  231 2.8499e+09 2.8819e+09  1.12%     -  248s
     0     0 2.8819e+09    0  221 2.8499e+09 2.8819e+09  1.12%     -  261s
     0     0 2.8819e+09    0  223 2.8499e+09 2.8819e+09  1.12%     -  283s
     0     0 2.8818e+09    0  237 2.8499e+09 2.8818e+09  1.12%     -  302s
     0     0 2.8818e+09    0  240 2.8499e+09 2.8818e+09  1.12%     -  318s
     0     0 2.8818e+09    0  236 2.8499e+09 2.8818e+09  1.12%     -  323s
     0     0 2.8818e+09    0  247 2.8499e+09 2.8818e+09  1.12%     -  342s
H    0     0                    2.850449e+09 2.8818e+09  1.10%     -  355s
     0     0 2.8818e+09    0  248 2.8504e+09 2.8818e+09  1.10%     -  357s
     0     0 2.8813e+09    0  227 2.8504e+09 2.8813e+09  1.08%     -  386s
     0     0 2.8813e+09    0  222 2.8504e+09 2.8813e+09  1.08%     -  401s
     0     0 2.8812e+09    0  227 2.8504e+09 2.8812e+09  1.08%     -  426s
     0     0 2.8812e+09    0  223 2.8504e+09 2.8812e+09  1.08%     -  446s
     0     0 2.8812e+09    0  223 2.8504e+09 2.8812e+09  1.08%     -  462s
     0     0 2.8812e+09    0  230 2.8504e+09 2.8812e+09  1.08%     -  477s
     0     0 2.8810e+09    0  231 2.8504e+09 2.8810e+09  1.07%     -  507s
     0     0 2.8810e+09    0  235 2.8504e+09 2.8810e+09  1.07%     -  524s
     0     0 2.8810e+09    0  243 2.8504e+09 2.8810e+09  1.07%     -  531s
     0     0 2.8810e+09    0  251 2.8504e+09 2.8810e+09  1.07%     -  553s
     0     0 2.8810e+09    0  253 2.8504e+09 2.8810e+09  1.07%     -  561s
     0     0 2.8810e+09    0  240 2.8504e+09 2.8810e+09  1.07%     -  588s
     0     0 2.8810e+09    0  241 2.8504e+09 2.8810e+09  1.07%     -  605s
     0     0 2.8808e+09    0  239 2.8504e+09 2.8808e+09  1.06%     -  627s
H    0     0                    2.859003e+09 2.8808e+09  0.76%     -  652s

Cutting planes:
  Cover: 20
  Implied bound: 4
  MIR: 35
  Flow cover: 12
  Relax-and-lift: 5

Explored 1 nodes (72274 simplex iterations) in 652.30 seconds (691.80 work units)
Thread count was 20 (of 40 available processors)

Solution count 3: 2.859e+09 2.85045e+09 2.84988e+09 

Optimal solution found (tolerance 1.00e-02)
Best objective 2.859002600277e+09, best bound 2.880794929656e+09, gap 0.7622%
Gurobi Optimizer version 10.0.1 build v10.0.1rc0 (linux64)

CPU model: Intel(R) Xeon(R) Gold 5115 CPU @ 2.40GHz, instruction set [SSE2|AVX|AVX2|AVX512]
Thread count: 20 physical cores, 40 logical processors, using up to 20 threads

Optimize a model with 196751 rows, 2394354 columns and 14700103 nonzeros
Model fingerprint: 0x7123fa4e
Variable types: 185740 continuous, 2208614 integer (2208614 binary)
Coefficient statistics:
  Matrix range     [1e+00, 2e+05]
  Objective range  [4e+01, 3e+07]
  Bounds range     [3e-16, 3e+05]
  RHS range        [1e+00, 5e+06]

Processing user MIP start: 0 nodes explored in subMIP, total elapsed time 5s
Processing user MIP start: 0 nodes explored in subMIP, total elapsed time 10s
Processing user MIP start: 0 nodes explored in subMIP, total elapsed time 15s
Processing user MIP start: 0 nodes explored in subMIP, total elapsed time 20s
Processing user MIP start: 0 nodes explored in subMIP, total elapsed time 25s
Processing user MIP start: 0 nodes explored in subMIP, total elapsed time 30s
Processing user MIP start: 0 nodes explored in subMIP, total elapsed time 35s
Processing user MIP start: 0 nodes explored in subMIP, total elapsed time 40s
Processing user MIP start: 0 nodes explored in subMIP, total elapsed time 45s
Processing user MIP start: 0 nodes explored in subMIP, total elapsed time 50s
Processing user MIP start: 0 nodes explored in subMIP, total elapsed time 55s
Processing user MIP start: 0 nodes explored in subMIP, total elapsed time 60s
Processing user MIP start: 0 nodes explored in subMIP, total elapsed time 65s
Processing user MIP start: 0 nodes explored in subMIP, total elapsed time 71s
Processing user MIP start: 0 nodes explored in subMIP, total elapsed time 76s
Processing user MIP start: 0 nodes explored in subMIP, total elapsed time 81s
Processing user MIP start: 0 nodes explored in subMIP, total elapsed time 85s
Processing user MIP start: 0 nodes explored in subMIP, total elapsed time 90s
Processing user MIP start: 0 nodes explored in subMIP, total elapsed time 95s
Processing user MIP start: 0 nodes explored in subMIP, total elapsed time 100s
Processing user MIP start: 0 nodes explored in subMIP, total elapsed time 105s
Processing user MIP start: 0 nodes explored in subMIP, total elapsed time 111s
Processing user MIP start: 0 nodes explored in subMIP, total elapsed time 116s
Processing user MIP start: 0 nodes explored in subMIP, total elapsed time 120s
Processing user MIP start: 0 nodes explored in subMIP, total elapsed time 125s
Processing user MIP start: 0 nodes explored in subMIP, total elapsed time 131s
Processing user MIP start: 0 nodes explored in subMIP, total elapsed time 136s
Processing user MIP start: 0 nodes explored in subMIP, total elapsed time 141s
Processing user MIP start: 0 nodes explored in subMIP, total elapsed time 146s
Processing user MIP start: 0 nodes explored in subMIP, total elapsed time 151s
Processing user MIP start: 0 nodes explored in subMIP, total elapsed time 155s
Processing user MIP start: 0 nodes explored in subMIP, total elapsed time 161s
Processing user MIP start: 0 nodes explored in subMIP, total elapsed time 167s
Processing user MIP start: 0 nodes explored in subMIP, total elapsed time 171s
Processing user MIP start: 0 nodes explored in subMIP, total elapsed time 177s
Processing user MIP start: 0 nodes explored in subMIP, total elapsed time 180s
User MIP start produced solution with objective 3.05854e+09 (183.44s)
User MIP start produced solution with objective 3.06081e+09 (185.24s)
Processing user MIP start: 0 nodes explored in subMIP, total elapsed time 185s
Processing user MIP start: 0 nodes explored in subMIP, total elapsed time 190s
Processing user MIP start: 0 nodes explored in subMIP, total elapsed time 195s
Processing user MIP start: 0 nodes explored in subMIP, total elapsed time 200s
User MIP start produced solution with objective 3.41292e+09 (201.94s)
Processing user MIP start: 0 nodes explored in subMIP, total elapsed time 206s
Processing user MIP start: 0 nodes explored in subMIP, total elapsed time 211s
Processing user MIP start: 0 nodes explored in subMIP, total elapsed time 215s
User MIP start produced solution with objective 3.44545e+09 (219.04s)
Processing user MIP start: 0 nodes explored in subMIP, total elapsed time 220s
Processing user MIP start: 0 nodes explored in subMIP, total elapsed time 225s
User MIP start produced solution with objective 3.48428e+09 (229.16s)
User MIP start produced solution with objective 3.48466e+09 (230.38s)
Processing user MIP start: 0 nodes explored in subMIP, total elapsed time 230s
Processing user MIP start: 0 nodes explored in subMIP, total elapsed time 235s
User MIP start produced solution with objective 3.53077e+09 (236.03s)
Processing user MIP start: 0 nodes explored in subMIP, total elapsed time 240s
Processing user MIP start: 0 nodes explored in subMIP, total elapsed time 245s
User MIP start produced solution with objective 3.53575e+09 (248.54s)
Processing user MIP start: 0 nodes explored in subMIP, total elapsed time 250s
User MIP start produced solution with objective 3.53589e+09 (254.14s)
Processing user MIP start: 0 nodes explored in subMIP, total elapsed time 255s
Processing user MIP start: 0 nodes explored in subMIP, total elapsed time 260s
User MIP start produced solution with objective 3.53876e+09 (261.23s)
Processing user MIP start: 0 nodes explored in subMIP, total elapsed time 265s
User MIP start produced solution with objective 3.53882e+09 (266.12s)
Processing user MIP start: 0 nodes explored in subMIP, total elapsed time 270s
Processing user MIP start: 0 nodes explored in subMIP, total elapsed time 275s
Processing user MIP start: 0 nodes explored in subMIP, total elapsed time 280s
Processing user MIP start: 0 nodes explored in subMIP, total elapsed time 285s
Processing user MIP start: 0 nodes explored in subMIP, total elapsed time 290s
Processing user MIP start: 0 nodes explored in subMIP, total elapsed time 295s
Processing user MIP start: 0 nodes explored in subMIP, total elapsed time 300s
Processing user MIP start: 0 nodes explored in subMIP, total elapsed time 306s
Processing user MIP start: 0 nodes explored in subMIP, total elapsed time 311s
Processing user MIP start: 1 nodes explored in subMIP, total elapsed time 316s
Processing user MIP start: 1 nodes explored in subMIP, total elapsed time 321s
Processing user MIP start: 2 nodes explored in subMIP, total elapsed time 326s
Processing user MIP start: 3 nodes explored in subMIP, total elapsed time 331s
Processing user MIP start: 3 nodes explored in subMIP, total elapsed time 335s
Processing user MIP start: 5 nodes explored in subMIP, total elapsed time 341s
Processing user MIP start: 6 nodes explored in subMIP, total elapsed time 346s
Processing user MIP start: 6 nodes explored in subMIP, total elapsed time 350s
Processing user MIP start: 7 nodes explored in subMIP, total elapsed time 356s
Processing user MIP start: 7 nodes explored in subMIP, total elapsed time 360s
Processing user MIP start: 8 nodes explored in subMIP, total elapsed time 365s
Processing user MIP start: 9 nodes explored in subMIP, total elapsed time 370s
Processing user MIP start: 10 nodes explored in subMIP, total elapsed time 375s
Processing user MIP start: 11 nodes explored in subMIP, total elapsed time 380s
Processing user MIP start: 12 nodes explored in subMIP, total elapsed time 385s
Processing user MIP start: 13 nodes explored in subMIP, total elapsed time 391s
Processing user MIP start: 14 nodes explored in subMIP, total elapsed time 395s
Processing user MIP start: 15 nodes explored in subMIP, total elapsed time 400s
Processing user MIP start: 16 nodes explored in subMIP, total elapsed time 405s
Processing user MIP start: 17 nodes explored in subMIP, total elapsed time 410s
Processing user MIP start: 19 nodes explored in subMIP, total elapsed time 415s
Processing user MIP start: 22 nodes explored in subMIP, total elapsed time 420s
Processing user MIP start: 23 nodes explored in subMIP, total elapsed time 425s
Processing user MIP start: 25 nodes explored in subMIP, total elapsed time 430s
Processing user MIP start: 26 nodes explored in subMIP, total elapsed time 435s
User MIP start produced solution with objective 3.54044e+09 (436.00s)
Processing user MIP start: 27 nodes explored in subMIP, total elapsed time 440s
Processing user MIP start: 29 nodes explored in subMIP, total elapsed time 445s
Processing user MIP start: 30 nodes explored in subMIP, total elapsed time 450s
Processing user MIP start: 33 nodes explored in subMIP, total elapsed time 455s
Processing user MIP start: 35 nodes explored in subMIP, total elapsed time 460s
Processing user MIP start: 37 nodes explored in subMIP, total elapsed time 465s
Processing user MIP start: 40 nodes explored in subMIP, total elapsed time 470s
Processing user MIP start: 42 nodes explored in subMIP, total elapsed time 475s
Processing user MIP start: 45 nodes explored in subMIP, total elapsed time 480s
Processing user MIP start: 47 nodes explored in subMIP, total elapsed time 485s
Processing user MIP start: 50 nodes explored in subMIP, total elapsed time 490s
Processing user MIP start: 51 nodes explored in subMIP, total elapsed time 495s
User MIP start produced solution with objective 3.54047e+09 (499.48s)
Processing user MIP start: 51 nodes explored in subMIP, total elapsed time 500s
Processing user MIP start: 53 nodes explored in subMIP, total elapsed time 505s
Processing user MIP start: 55 nodes explored in subMIP, total elapsed time 510s
Processing user MIP start: 57 nodes explored in subMIP, total elapsed time 515s
Processing user MIP start: 59 nodes explored in subMIP, total elapsed time 520s
Processing user MIP start: 60 nodes explored in subMIP, total elapsed time 525s
Processing user MIP start: 62 nodes explored in subMIP, total elapsed time 530s
Processing user MIP start: 63 nodes explored in subMIP, total elapsed time 536s
Processing user MIP start: 64 nodes explored in subMIP, total elapsed time 540s
Processing user MIP start: 66 nodes explored in subMIP, total elapsed time 545s
Processing user MIP start: 68 nodes explored in subMIP, total elapsed time 550s
Processing user MIP start: 70 nodes explored in subMIP, total elapsed time 555s
Processing user MIP start: 71 nodes explored in subMIP, total elapsed time 560s
Processing user MIP start: 74 nodes explored in subMIP, total elapsed time 565s
Processing user MIP start: 76 nodes explored in subMIP, total elapsed time 571s
Processing user MIP start: 78 nodes explored in subMIP, total elapsed time 575s
Processing user MIP start: 80 nodes explored in subMIP, total elapsed time 580s
User MIP start produced solution with objective 3.54078e+09 (580.79s)
Processing user MIP start: 82 nodes explored in subMIP, total elapsed time 585s
Processing user MIP start: 85 nodes explored in subMIP, total elapsed time 590s
Processing user MIP start: 88 nodes explored in subMIP, total elapsed time 595s
Processing user MIP start: 91 nodes explored in subMIP, total elapsed time 600s
Processing user MIP start: 94 nodes explored in subMIP, total elapsed time 605s
Processing user MIP start: 95 nodes explored in subMIP, total elapsed time 610s
Processing user MIP start: 97 nodes explored in subMIP, total elapsed time 615s
Processing user MIP start: 99 nodes explored in subMIP, total elapsed time 620s
Processing user MIP start: 100 nodes explored in subMIP, total elapsed time 625s
Processing user MIP start: 102 nodes explored in subMIP, total elapsed time 630s
Processing user MIP start: 103 nodes explored in subMIP, total elapsed time 635s
User MIP start produced solution with objective 3.54109e+09 (639.09s)
Processing user MIP start: 103 nodes explored in subMIP, total elapsed time 640s
Processing user MIP start: 106 nodes explored in subMIP, total elapsed time 645s
Processing user MIP start: 108 nodes explored in subMIP, total elapsed time 650s
Processing user MIP start: 110 nodes explored in subMIP, total elapsed time 655s
Processing user MIP start: 112 nodes explored in subMIP, total elapsed time 660s
Processing user MIP start: 114 nodes explored in subMIP, total elapsed time 665s
Processing user MIP start: 116 nodes explored in subMIP, total elapsed time 671s
Processing user MIP start: 118 nodes explored in subMIP, total elapsed time 675s
Processing user MIP start: 119 nodes explored in subMIP, total elapsed time 680s
Processing user MIP start: 121 nodes explored in subMIP, total elapsed time 685s
Processing user MIP start: 123 nodes explored in subMIP, total elapsed time 690s
Processing user MIP start: 125 nodes explored in subMIP, total elapsed time 695s
Processing user MIP start: 127 nodes explored in subMIP, total elapsed time 700s
Processing user MIP start: 129 nodes explored in subMIP, total elapsed time 705s
Processing user MIP start: 129 nodes explored in subMIP, total elapsed time 710s
User MIP start produced solution with objective 3.54144e+09 (711.46s)
Processing user MIP start: 131 nodes explored in subMIP, total elapsed time 715s
Processing user MIP start: 132 nodes explored in subMIP, total elapsed time 720s
Processing user MIP start: 134 nodes explored in subMIP, total elapsed time 725s
Processing user MIP start: 134 nodes explored in subMIP, total elapsed time 730s
Processing user MIP start: 136 nodes explored in subMIP, total elapsed time 735s
Processing user MIP start: 139 nodes explored in subMIP, total elapsed time 740s
Processing user MIP start: 142 nodes explored in subMIP, total elapsed time 745s
Processing user MIP start: 144 nodes explored in subMIP, total elapsed time 750s
Processing user MIP start: 146 nodes explored in subMIP, total elapsed time 755s
Processing user MIP start: 149 nodes explored in subMIP, total elapsed time 760s
Processing user MIP start: 152 nodes explored in subMIP, total elapsed time 765s
Processing user MIP start: 155 nodes explored in subMIP, total elapsed time 770s
Processing user MIP start: 156 nodes explored in subMIP, total elapsed time 775s
Processing user MIP start: 160 nodes explored in subMIP, total elapsed time 780s
Processing user MIP start: 162 nodes explored in subMIP, total elapsed time 785s
Processing user MIP start: 168 nodes explored in subMIP, total elapsed time 790s
Processing user MIP start: 171 nodes explored in subMIP, total elapsed time 795s
Processing user MIP start: 177 nodes explored in subMIP, total elapsed time 800s
Processing user MIP start: 181 nodes explored in subMIP, total elapsed time 805s
User MIP start produced solution with objective 3.54152e+09 (810.01s)
Processing user MIP start: 181 nodes explored in subMIP, total elapsed time 810s
Processing user MIP start: 186 nodes explored in subMIP, total elapsed time 815s
Processing user MIP start: 187 nodes explored in subMIP, total elapsed time 820s
User MIP start produced solution with objective 3.54153e+09 (821.62s)
Processing user MIP start: 188 nodes explored in subMIP, total elapsed time 825s
Processing user MIP start: 190 nodes explored in subMIP, total elapsed time 830s
Processing user MIP start: 194 nodes explored in subMIP, total elapsed time 835s
Processing user MIP start: 198 nodes explored in subMIP, total elapsed time 840s
Processing user MIP start: 202 nodes explored in subMIP, total elapsed time 845s
Processing user MIP start: 207 nodes explored in subMIP, total elapsed time 850s
Processing user MIP start: 207 nodes explored in subMIP, total elapsed time 855s
User MIP start produced solution with objective 3.5416e+09 (858.68s)
Processing user MIP start: 208 nodes explored in subMIP, total elapsed time 860s
Processing user MIP start: 211 nodes explored in subMIP, total elapsed time 865s
Processing user MIP start: 214 nodes explored in subMIP, total elapsed time 870s
Processing user MIP start: 216 nodes explored in subMIP, total elapsed time 875s
Processing user MIP start: 220 nodes explored in subMIP, total elapsed time 880s
Processing user MIP start: 224 nodes explored in subMIP, total elapsed time 885s
Processing user MIP start: 228 nodes explored in subMIP, total elapsed time 890s
Processing user MIP start: 232 nodes explored in subMIP, total elapsed time 895s
Processing user MIP start: 234 nodes explored in subMIP, total elapsed time 900s
Processing user MIP start: 236 nodes explored in subMIP, total elapsed time 905s
Processing user MIP start: 239 nodes explored in subMIP, total elapsed time 910s
Processing user MIP start: 242 nodes explored in subMIP, total elapsed time 915s
Processing user MIP start: 245 nodes explored in subMIP, total elapsed time 920s
Processing user MIP start: 250 nodes explored in subMIP, total elapsed time 925s
Processing user MIP start: 255 nodes explored in subMIP, total elapsed time 930s
Processing user MIP start: 259 nodes explored in subMIP, total elapsed time 935s
User MIP start produced solution with objective 3.5416e+09 (940.53s)
Processing user MIP start: 259 nodes explored in subMIP, total elapsed time 940s
Processing user MIP start: 265 nodes explored in subMIP, total elapsed time 945s
Processing user MIP start: 270 nodes explored in subMIP, total elapsed time 950s
Processing user MIP start: 273 nodes explored in subMIP, total elapsed time 955s
Processing user MIP start: 277 nodes explored in subMIP, total elapsed time 960s
Processing user MIP start: 280 nodes explored in subMIP, total elapsed time 965s
Processing user MIP start: 283 nodes explored in subMIP, total elapsed time 970s
Processing user MIP start: 285 nodes explored in subMIP, total elapsed time 975s
Processing user MIP start: 285 nodes explored in subMIP, total elapsed time 980s
Processing user MIP start: 285 nodes explored in subMIP, total elapsed time 985s
Processing user MIP start: 285 nodes explored in subMIP, total elapsed time 990s
User MIP start produced solution with objective 3.54167e+09 (991.03s)
Processing user MIP start: 289 nodes explored in subMIP, total elapsed time 995s
Processing user MIP start: 296 nodes explored in subMIP, total elapsed time 1000s
Processing user MIP start: 296 nodes explored in subMIP, total elapsed time 1005s
User MIP start produced solution with objective 3.5418e+09 (1006.79s)
Processing user MIP start: 300 nodes explored in subMIP, total elapsed time 1010s
Processing user MIP start: 304 nodes explored in subMIP, total elapsed time 1015s
Processing user MIP start: 309 nodes explored in subMIP, total elapsed time 1020s
Processing user MIP start: 313 nodes explored in subMIP, total elapsed time 1025s
Processing user MIP start: 316 nodes explored in subMIP, total elapsed time 1030s
Processing user MIP start: 322 nodes explored in subMIP, total elapsed time 1035s
User MIP start produced solution with objective 3.54231e+09 (1040.69s)
Processing user MIP start: 323 nodes explored in subMIP, total elapsed time 1041s
Processing user MIP start: 326 nodes explored in subMIP, total elapsed time 1045s
Processing user MIP start: 334 nodes explored in subMIP, total elapsed time 1050s
Processing user MIP start: 338 nodes explored in subMIP, total elapsed time 1055s
Processing user MIP start: 342 nodes explored in subMIP, total elapsed time 1060s
Processing user MIP start: 349 nodes explored in subMIP, total elapsed time 1065s
Processing user MIP start: 352 nodes explored in subMIP, total elapsed time 1070s
Processing user MIP start: 359 nodes explored in subMIP, total elapsed time 1075s
Processing user MIP start: 365 nodes explored in subMIP, total elapsed time 1080s
Processing user MIP start: 370 nodes explored in subMIP, total elapsed time 1085s
Processing user MIP start: 375 nodes explored in subMIP, total elapsed time 1090s
Processing user MIP start: 378 nodes explored in subMIP, total elapsed time 1095s
Processing user MIP start: 383 nodes explored in subMIP, total elapsed time 1100s
Processing user MIP start: 389 nodes explored in subMIP, total elapsed time 1105s
Processing user MIP start: 396 nodes explored in subMIP, total elapsed time 1110s
Processing user MIP start: 401 nodes explored in subMIP, total elapsed time 1115s
Processing user MIP start: 406 nodes explored in subMIP, total elapsed time 1120s
Processing user MIP start: 411 nodes explored in subMIP, total elapsed time 1125s
Processing user MIP start: 418 nodes explored in subMIP, total elapsed time 1130s
Processing user MIP start: 426 nodes explored in subMIP, total elapsed time 1135s
Processing user MIP start: 427 nodes explored in subMIP, total elapsed time 1140s
User MIP start produced solution with objective 3.54232e+09 (1141.81s)
Processing user MIP start: 428 nodes explored in subMIP, total elapsed time 1145s
Processing user MIP start: 431 nodes explored in subMIP, total elapsed time 1150s
User MIP start produced solution with objective 3.54261e+09 (1153.55s)
Processing user MIP start: 432 nodes explored in subMIP, total elapsed time 1155s
Processing user MIP start: 434 nodes explored in subMIP, total elapsed time 1160s
Processing user MIP start: 436 nodes explored in subMIP, total elapsed time 1166s
Processing user MIP start: 438 nodes explored in subMIP, total elapsed time 1170s
Processing user MIP start: 441 nodes explored in subMIP, total elapsed time 1175s
Processing user MIP start: 443 nodes explored in subMIP, total elapsed time 1180s
Processing user MIP start: 446 nodes explored in subMIP, total elapsed time 1185s
Processing user MIP start: 449 nodes explored in subMIP, total elapsed time 1190s
Processing user MIP start: 452 nodes explored in subMIP, total elapsed time 1195s
Processing user MIP start: 455 nodes explored in subMIP, total elapsed time 1200s
Processing user MIP start: 458 nodes explored in subMIP, total elapsed time 1205s
Processing user MIP start: 460 nodes explored in subMIP, total elapsed time 1210s
Processing user MIP start: 465 nodes explored in subMIP, total elapsed time 1215s
Processing user MIP start: 468 nodes explored in subMIP, total elapsed time 1220s
Processing user MIP start: 470 nodes explored in subMIP, total elapsed time 1225s
Processing user MIP start: 475 nodes explored in subMIP, total elapsed time 1230s
Processing user MIP start: 479 nodes explored in subMIP, total elapsed time 1235s
Processing user MIP start: 479 nodes explored in subMIP, total elapsed time 1240s
Processing user MIP start: 479 nodes explored in subMIP, total elapsed time 1245s
User MIP start produced solution with objective 3.54265e+09 (1246.96s)
Processing user MIP start: 481 nodes explored in subMIP, total elapsed time 1250s
Processing user MIP start: 485 nodes explored in subMIP, total elapsed time 1255s
Processing user MIP start: 485 nodes explored in subMIP, total elapsed time 1260s
Processing user MIP start: 488 nodes explored in subMIP, total elapsed time 1265s
Processing user MIP start: 492 nodes explored in subMIP, total elapsed time 1270s
Processing user MIP start: 496 nodes explored in subMIP, total elapsed time 1275s
Processing user MIP start: 498 nodes explored in subMIP, total elapsed time 1280s
User MIP start produced solution with objective 3.54265e+09 (1281.23s)
Loaded user MIP start with objective 3.54265e+09
Processed MIP start in 1281.09 seconds (1573.00 work units)

Presolve removed 177204 rows and 2000339 columns (presolve time = 5s) ...
Presolve removed 178691 rows and 2009019 columns (presolve time = 10s) ...
Presolve removed 178683 rows and 2009011 columns
Presolve time: 11.94s
Presolved: 18068 rows, 385343 columns, 1588220 nonzeros
Variable types: 101151 continuous, 284192 integer (284172 binary)
Deterministic concurrent LP optimizer: primal simplex, dual simplex, and barrier
Showing barrier log only...

Root barrier log...

Ordering time: 0.41s

Barrier statistics:
 AA' NZ     : 8.780e+05
 Factor NZ  : 2.189e+06 (roughly 180 MB of memory)
 Factor Ops : 1.232e+09 (less than 1 second per iteration)
 Threads    : 18

                  Objective                Residual
Iter       Primal          Dual         Primal    Dual     Compl     Time
   0  -8.65413454e+14  1.98363727e+13  7.20e+07 1.02e+07  1.70e+11  1300s
   1  -4.45584347e+14  2.32026538e+13  3.71e+07 7.65e+06  8.91e+10  1300s
   2  -6.05968549e+13  2.43193798e+13  5.06e+06 1.08e+06  1.25e+10  1300s
   3  -7.84128197e+12  1.65969676e+13  6.55e+05 4.35e+04  1.65e+09  1300s
   4  -1.23045626e+12  7.27158206e+12  1.03e+05 7.42e+02  2.69e+08  1300s
   5  -5.94069713e+11  6.26728965e+12  5.00e+04 3.77e+02  1.33e+08  1301s
   6  -3.62592071e+11  5.07721599e+12  3.06e+04 2.24e-08  8.09e+07  1301s
   7  -2.34068405e+11  4.55977178e+12  1.99e+04 4.37e+02  5.30e+07  1301s
   8  -1.20583178e+11  3.95292514e+12  1.04e+04 2.43e+02  2.89e+07  1301s
   9  -1.00470461e+11  3.64771608e+12  8.72e+03 6.63e+02  2.42e+07  1301s
  10  -2.64782410e+10  2.69913247e+12  2.51e+03 8.69e+01  8.58e+06  1301s
  11  -1.35594667e+10  1.68467633e+12  1.42e+03 4.29e+01  4.65e+06  1301s
  12  -1.16574475e+09  6.94817009e+11  3.81e+02 8.28e+00  1.43e+06  1302s
  13   9.92821788e+08  2.86910865e+11  1.99e+02 2.11e+00  6.04e+05  1302s
  14   2.78888765e+09  1.58593348e+11  4.86e+01 9.23e-01  2.55e+05  1302s
  15   2.97093195e+09  1.08088625e+11  3.36e+01 5.97e-01  1.73e+05  1302s
  16   3.11511453e+09  8.93337619e+10  2.21e+01 4.92e-01  1.36e+05  1302s
  17   3.20707197e+09  6.44845826e+10  1.49e+01 4.14e-01  9.65e+04  1302s
  18   3.26346165e+09  4.52241008e+10  1.05e+01 3.35e-01  6.76e+04  1302s
  19   3.29111391e+09  3.39765627e+10  8.21e+00 2.95e-01  5.10e+04  1303s
  20   3.32949521e+09  2.78343158e+10  4.92e+00 2.44e-01  3.97e+04  1303s
  21   3.35030119e+09  2.47665042e+10  3.28e+00 2.23e-01  3.36e+04  1303s
  22   3.36297685e+09  2.03001144e+10  3.03e+00 1.83e-01  2.72e+04  1303s
  23   3.36940235e+09  1.58959490e+10  2.61e+00 1.40e-01  2.09e+04  1303s
  24   3.40663344e+09  1.07406967e+10  1.08e+00 5.95e-02  1.11e+04  1303s
  25   3.42138801e+09  8.78869017e+09  8.58e-01 4.02e-02  7.97e+03  1304s
  26   3.43693544e+09  6.19359227e+09  4.91e-01 1.58e-02  3.95e+03  1304s
  27   3.45393416e+09  5.03115283e+09  2.28e-01 7.35e-03  2.16e+03  1304s
  28   3.47026102e+09  4.65574794e+09  8.95e-02 5.18e-03  1.58e+03  1304s
  29   3.47470692e+09  4.47222198e+09  6.57e-02 2.95e-02  1.32e+03  1304s
  30   3.48059760e+09  3.96274259e+09  4.78e-02 1.75e-03  6.35e+02  1304s
  31   3.49042125e+09  3.77649605e+09  3.39e-02 7.67e-04  3.75e+02  1304s
  32   3.49513423e+09  3.75224926e+09  2.25e-02 6.47e-04  3.36e+02  1305s
  33   3.50075920e+09  3.68254253e+09  1.86e-02 2.33e-04  2.37e+02  1305s
  34   3.50932846e+09  3.63898660e+09  1.27e-02 1.84e-05  1.69e+02  1305s
  35   3.50965142e+09  3.62875466e+09  1.25e-02 1.13e-08  1.55e+02  1305s
  36   3.51963353e+09  3.61608408e+09  8.87e-03 1.21e-08  1.25e+02  1305s
  37   3.52043962e+09  3.60669795e+09  8.56e-03 9.69e-09  1.12e+02  1305s
  38   3.52783495e+09  3.59181027e+09  6.14e-03 1.04e-08  8.30e+01  1306s
  39   3.53021939e+09  3.58501036e+09  8.37e-03 8.15e-09  7.11e+01  1306s
  40   3.53263022e+09  3.58010039e+09  4.86e-03 9.49e-09  6.16e+01  1306s
  41   3.53869774e+09  3.57548925e+09  4.03e-03 8.00e-09  4.77e+01  1306s
  42   3.54046718e+09  3.57077285e+09  3.43e-03 8.47e-09  3.93e+01  1306s
  43   3.54153648e+09  3.56908472e+09  3.22e-03 9.95e-09  3.57e+01  1307s
  44   3.54291074e+09  3.56644089e+09  2.88e-03 7.80e-09  3.05e+01  1307s
  45   3.54394092e+09  3.56469554e+09  2.63e-03 7.51e-09  2.69e+01  1307s
  46   3.54493240e+09  3.56425164e+09  2.39e-03 7.31e-09  2.50e+01  1307s
  47   3.54641449e+09  3.56330832e+09  2.03e-03 6.81e-09  2.19e+01  1307s
  48   3.54888808e+09  3.56156313e+09  1.43e-03 9.26e-09  1.64e+01  1308s
  49   3.54943935e+09  3.56123402e+09  1.30e-03 8.59e-09  1.53e+01  1308s
  50   3.55085056e+09  3.56024092e+09  9.64e-04 8.82e-09  1.22e+01  1308s
  51   3.55200922e+09  3.55925250e+09  6.99e-04 9.78e-09  9.39e+00  1308s
  52   3.55288671e+09  3.55875079e+09  5.10e-04 9.90e-09  7.60e+00  1308s
  53   3.55358793e+09  3.55780080e+09  3.70e-04 7.04e-09  5.46e+00  1309s
  54   3.55417941e+09  3.55719369e+09  2.60e-04 7.22e-09  3.91e+00  1309s
  55   3.55446492e+09  3.55671050e+09  2.02e-04 7.39e-09  2.91e+00  1309s
  56   3.55506320e+09  3.55638784e+09  9.51e-05 9.52e-09  1.72e+00  1309s
  57   3.55529703e+09  3.55616506e+09  6.18e-05 7.80e-09  1.12e+00  1309s
  58   3.55538552e+09  3.55595685e+09  4.92e-05 8.09e-09  7.41e-01  1309s
  59   3.55554151e+09  3.55589606e+09  2.74e-05 7.39e-09  4.60e-01  1310s
  60   3.55559898e+09  3.55584534e+09  1.95e-05 1.04e-08  3.19e-01  1310s
  61   3.55564668e+09  3.55581883e+09  1.30e-05 6.40e-09  2.23e-01  1310s
  62   3.55568203e+09  3.55579940e+09  8.36e-06 6.43e-09  1.52e-01  1310s
  63   3.55570725e+09  3.55579494e+09  4.89e-06 6.93e-09  1.14e-01  1310s
  64   3.55572775e+09  3.55577330e+09  2.12e-06 7.42e-09  5.90e-02  1310s
  65   3.55574336e+09  3.55575575e+09  2.78e-07 9.81e-09  1.60e-02  1310s
  66   3.55574558e+09  3.55575239e+09  5.66e-08 7.28e-09  8.81e-03  1310s
  67   3.55574617e+09  3.55574928e+09  1.43e-08 8.27e-09  4.02e-03  1311s
  68   3.55574630e+09  3.55574894e+09  4.79e-09 8.18e-09  3.42e-03  1311s
  69   3.55574634e+09  3.55574868e+09  5.02e-09 8.64e-09  3.02e-03  1311s
  70   3.55574639e+09  3.55574687e+09  1.47e-09 7.83e-09  6.26e-04  1311s
  71   3.55574641e+09  3.55574642e+09  6.67e-09 1.21e-08  1.07e-05  1311s
  72   3.55574641e+09  3.55574642e+09  1.40e-09 8.53e-09  7.05e-07  1311s
  73   3.55574642e+09  3.55574642e+09  2.35e-10 1.19e-08  6.27e-10  1312s

Barrier solved model in 73 iterations and 1311.59 seconds (1599.58 work units)
Optimal objective 3.55574642e+09


Root crossover log...

   13015 DPushes remaining with DInf 0.0000000e+00              1312s
       0 DPushes remaining with DInf 0.0000000e+00              1312s

     352 PPushes remaining with PInf 0.0000000e+00              1312s
       0 PPushes remaining with PInf 0.0000000e+00              1312s

  Push phase complete: Pinf 0.0000000e+00, Dinf 1.3862342e-07   1312s


Root simplex log...

Iteration    Objective       Primal Inf.    Dual Inf.      Time
   12589    3.5557464e+09   0.000000e+00   0.000000e+00   1312s
Concurrent spin time: 0.01s

Solved with barrier
   12616    3.5557464e+09   0.000000e+00   0.000000e+00   1312s
Extra simplex iterations after uncrush: 27

Root relaxation: objective 3.555746e+09, 12616 iterations, 14.42 seconds (9.81 work units)

    Nodes    |    Current Node    |     Objective Bounds      |     Work
 Expl Unexpl |  Obj  Depth IntInf | Incumbent    BestBd   Gap | It/Node Time

     0     0 3.5557e+09    0  218 3.5427e+09 3.5557e+09  0.37%     - 1312s

Explored 1 nodes (14933 simplex iterations) in 1313.05 seconds (1600.13 work units)
Thread count was 20 (of 40 available processors)

Solution count 10: 3.54265e+09 3.54265e+09 3.54261e+09 ... 3.54153e+09

Optimal solution found (tolerance 1.00e-02)
Best objective 3.542650358322e+09, best bound 3.555746415191e+09, gap 0.3697%
Gurobi Optimizer version 10.0.1 build v10.0.1rc0 (linux64)

CPU model: Intel(R) Xeon(R) Gold 5115 CPU @ 2.40GHz, instruction set [SSE2|AVX|AVX2|AVX512]
Thread count: 20 physical cores, 40 logical processors, using up to 20 threads

Optimize a model with 196681 rows, 2402892 columns and 14359474 nonzeros
Model fingerprint: 0x7940388d
Variable types: 26101 continuous, 2376791 integer (2376791 binary)
Coefficient statistics:
  Matrix range     [1e+00, 2e+05]
  Objective range  [4e+01, 3e+07]
  Bounds range     [1e+00, 3e+05]
  RHS range        [1e+00, 5e+06]

User MIP start produced solution with objective 3.53216e+09 (4.85s)
Processing user MIP start: 0 nodes explored in subMIP, total elapsed time 5s
User MIP start produced solution with objective 3.59395e+09 (5.25s)
User MIP start produced solution with objective 3.59499e+09 (5.50s)
User MIP start produced solution with objective 3.59539e+09 (6.54s)
Loaded user MIP start with objective 3.59539e+09
Processed MIP start in 7.72 seconds (4.70 work units)

Presolve removed 194296 rows and 2392184 columns (presolve time = 5s) ...
Presolve removed 194293 rows and 2392181 columns
Presolve time: 5.15s
Presolved: 2388 rows, 10711 columns, 35829 nonzeros
Variable types: 785 continuous, 9926 integer (9926 binary)

Root simplex log...

Iteration    Objective       Primal Inf.    Dual Inf.      Time
       0    9.7209402e+09   3.953377e+05   0.000000e+00     13s
    4513    3.5966179e+09   0.000000e+00   0.000000e+00     13s

Root relaxation: objective 3.596618e+09, 4513 iterations, 0.09 seconds (0.09 work units)

    Nodes    |    Current Node    |     Objective Bounds      |     Work
 Expl Unexpl |  Obj  Depth IntInf | Incumbent    BestBd   Gap | It/Node Time

     0     0 3.5966e+09    0   12 3.5954e+09 3.5966e+09  0.03%     -   13s

Explored 1 nodes (4639 simplex iterations) in 13.50 seconds (8.41 work units)
Thread count was 20 (of 40 available processors)

Solution count 4: 3.59539e+09 3.59499e+09 3.59395e+09 3.53216e+09 

Optimal solution found (tolerance 1.00e-02)
Best objective 3.595388728941e+09, best bound 3.596617921046e+09, gap 0.0342%
