
Gurobi 10.0.1 (linux64) logging started Wed May 24 23:16:25 2023

Set parameter LogFile to value "logFiles/N-1L-D/N-1L-14U-27F-23V-240D/basic-05-24-2023, 23-16-H70-P50-O15.log"
Gurobi Optimizer version 10.0.1 build v10.0.1rc0 (linux64)

CPU model: Intel(R) Xeon(R) Gold 5115 CPU @ 2.40GHz, instruction set [SSE2|AVX|AVX2|AVX512]
Thread count: 20 physical cores, 40 logical processors, using up to 20 threads

Optimize a model with 94584 rows, 1210004 columns and 5847864 nonzeros
Model fingerprint: 0xfe195cc2
Variable types: 609773 continuous, 600231 integer (600231 binary)
Coefficient statistics:
  Matrix range     [1e+00, 2e+05]
  Objective range  [4e+01, 3e+07]
  Bounds range     [1e+00, 1e+00]
  RHS range        [1e+00, 2e+06]
Presolve removed 52365 rows and 20944 columns
Presolve time: 0.39s

Explored 0 nodes (0 simplex iterations) in 1.40 seconds (0.82 work units)
Thread count was 1 (of 40 available processors)

Solution count 0

Model is infeasible or unbounded
Best objective -, best bound -, gap -
IIS computation: initial model status unknown, solving to determine model status
Presolve removed 59538 rows and 384708 columns (presolve time = 5s) ...
Presolve removed 61192 rows and 385234 columns (presolve time = 10s) ...
Presolve removed 61192 rows and 385234 columns (presolve time = 15s) ...
Presolve removed 61158 rows and 385200 columns
Presolve time: 17.97s
Presolved: 33426 rows, 824804 columns, 4000291 nonzeros
Variable types: 255978 continuous, 568826 integer (568826 binary)
Deterministic concurrent LP optimizer: primal simplex, dual simplex, and barrier
Showing barrier log only...

Root barrier log...

Ordering time: 1.64s

Barrier statistics:
 AA' NZ     : 2.027e+06
 Factor NZ  : 7.337e+06 (roughly 400 MB of memory)
 Factor Ops : 1.056e+10 (less than 1 second per iteration)
 Threads    : 17

                  Objective                Residual
Iter       Primal          Dual         Primal    Dual     Compl     Time
   0  -0.00000000e+00  2.13264254e+05  7.21e+08 0.00e+00  3.75e+03    29s
   1  -0.00000000e+00  2.27358550e+05  3.83e+08 2.29e-02  2.00e+03    29s
   2  -0.00000000e+00  2.02344607e+05  6.15e+07 1.34e-02  3.25e+02    29s
   3  -0.00000000e+00  1.19058599e+05  4.17e+06 1.25e-16  2.22e+01    30s
   4  -0.00000000e+00  2.20345992e+04  6.79e+05 3.65e-17  1.17e+00    30s
   5  -0.00000000e+00  1.31577032e+04  1.47e+05 3.78e-17  1.94e-01    31s
   6  -0.00000000e+00  5.57610012e+03  2.79e+04 2.83e-17  2.12e-02    31s
   7  -0.00000000e+00  1.54919119e+03  1.39e+04 1.41e-17  4.80e-03    31s
   8  -0.00000000e+00  4.02665929e+02  2.73e+03 3.04e-17  6.25e-04    32s
   9  -0.00000000e+00  8.09542699e+01  5.97e+02 7.24e-18  9.46e-05    32s
  10  -0.00000000e+00  2.43616372e+01  1.85e+02 9.66e-09  2.47e-05    33s
  11  -0.00000000e+00  1.19067655e+01  1.49e+02 9.99e-09  1.43e-05    33s
  12  -0.00000000e+00  8.56193417e+00  5.49e+01 9.59e-09  7.64e-06    33s
  13  -0.00000000e+00  6.66671225e+00  3.62e+01 8.22e-09  5.63e-06    34s
  14  -0.00000000e+00  5.05430381e+00  1.92e+01 6.58e-09  3.91e-06    34s
  15  -0.00000000e+00  4.68746716e+00  1.54e+01 5.86e-09  3.53e-06    35s
  16  -0.00000000e+00  4.05839582e+00  1.22e+01 4.17e-09  3.03e-06    35s
  17  -0.00000000e+00  3.72629940e+00  1.14e+01 3.19e-09  2.81e-06    36s
  18  -0.00000000e+00  3.12016643e+00  9.63e+00 2.14e-09  2.38e-06    36s
  19  -0.00000000e+00  2.42744485e+00  7.69e+00 1.31e-08  1.88e-06    37s
  20  -0.00000000e+00  1.90022876e+00  5.12e+00 1.25e-08  1.44e-06    37s
  21  -0.00000000e+00  1.56349467e+00  3.36e+00 3.43e-08  1.14e-06    38s
  22  -0.00000000e+00  1.23792152e+00  1.43e+00 3.46e-08  8.40e-07    38s
  23  -0.00000000e+00  6.91184756e-01  7.52e-01 2.49e-08  4.58e-07    39s
  24  -0.00000000e+00  3.22742312e-01  1.47e-01 1.71e-08  2.03e-07    39s
  25  -0.00000000e+00  1.39232964e-01  3.81e-02 9.17e-09  8.70e-08    40s
  26  -0.00000000e+00  5.51511143e-02  4.64e-03 4.59e-09  3.48e-08    40s
  27  -0.00000000e+00  1.70383503e-03  3.93e-04 2.75e-10  1.16e-09    40s
  28  -0.00000000e+00  6.96045605e-07  4.55e-08 2.15e-13  5.35e-13    41s
  29  -0.00000000e+00  1.14790044e-12  3.11e-11 1.50e-16  8.82e-19    41s

Barrier solved model in 29 iterations and 41.01 seconds (46.08 work units)
Optimal objective -0.00000000e+00

  Building initial crossover basis                                45s
  Building initial crossover basis                                50s
  Building initial crossover basis                                55s
  Building initial crossover basis                                60s
  Building initial crossover basis                                65s
  Building initial crossover basis                                70s
  Building initial crossover basis                                75s

Root crossover log...

   16437 DPushes remaining with DInf 0.0000000e+00                75s
       0 DPushes remaining with DInf 0.0000000e+00                75s

     170 PPushes remaining with PInf 2.6048152e-04                75s
       0 PPushes remaining with PInf 0.0000000e+00                75s

  Push phase complete: Pinf 0.0000000e+00, Dinf 0.0000000e+00     75s


Root simplex log...

Iteration    Objective       Primal Inf.    Dual Inf.      Time
    1417   -0.0000000e+00   0.000000e+00   0.000000e+00     75s
Concurrent spin time: 0.01s

Solved with barrier
    1417   -0.0000000e+00   0.000000e+00   0.000000e+00     76s

Root relaxation: objective -0.000000e+00, 1417 iterations, 53.91 seconds (43.91 work units)

    Nodes    |    Current Node    |     Objective Bounds      |     Work
 Expl Unexpl |  Obj  Depth IntInf | Incumbent    BestBd   Gap | It/Node Time

     0     0   -0.00000    0  308          -   -0.00000      -     -   76s
H    0     0                      -0.0000000   -0.00000  0.00%     -   76s

Explored 1 nodes (19668 simplex iterations) in 76.53 seconds (74.29 work units)
Thread count was 20 (of 40 available processors)

Solution count 1: -0 
No other solutions better than -0

Optimal solution found (tolerance 1.00e-02)
Best objective -0.000000000000e+00, best bound -0.000000000000e+00, gap 0.0000%
IIS runtime: 76.60 seconds (74.29 work units)
