
Gurobi 10.0.1 (linux64) logging started Tue May 23 23:37:30 2023

Set parameter LogFile to value "logFiles/N-1L-D/N-1L-14U-27F-23V-240D/basic-05-23-2023, 23-37-H70-P50-O15.log"
Gurobi Optimizer version 10.0.1 build v10.0.1rc0 (linux64)

CPU model: Intel(R) Xeon(R) Gold 5115 CPU @ 2.40GHz, instruction set [SSE2|AVX|AVX2|AVX512]
Thread count: 20 physical cores, 40 logical processors, using up to 20 threads

Optimize a model with 91781 rows, 1195488 columns and 6806760 nonzeros
Model fingerprint: 0xca1bd83f
Variable types: 433085 continuous, 762403 integer (762403 binary)
Coefficient statistics:
  Matrix range     [1e+00, 2e+05]
  Objective range  [4e+01, 3e+07]
  Bounds range     [1e+00, 1e+00]
  RHS range        [1e+00, 3e+06]
Presolve removed 53749 rows and 42010 columns (presolve time = 5s) ...
Presolve removed 54304 rows and 46558 columns (presolve time = 10s) ...
Presolve removed 54306 rows and 46757 columns (presolve time = 15s) ...
Presolve removed 54306 rows and 46783 columns (presolve time = 20s) ...
Presolve removed 54235 rows and 46712 columns
Presolve time: 24.81s
Presolved: 37546 rows, 1148776 columns, 5770658 nonzeros
Variable types: 406125 continuous, 742651 integer (742651 binary)
Deterministic concurrent LP optimizer: primal simplex, dual simplex, and barrier
Showing barrier log only...

Root barrier log...

Ordering time: 1.99s

Barrier statistics:
 AA' NZ     : 2.681e+06
 Factor NZ  : 8.604e+06 (roughly 600 MB of memory)
 Factor Ops : 1.271e+10 (less than 1 second per iteration)
 Threads    : 17

                  Objective                Residual
Iter       Primal          Dual         Primal    Dual     Compl     Time
   0  -4.67226804e+15  1.02048340e+14  3.24e+08 8.21e+06  2.67e+11    38s
   1  -2.07528239e+15  7.34153378e+13  1.44e+08 5.79e+06  1.20e+11    39s
   2  -4.73081211e+14  5.30067415e+13  3.28e+07 8.76e+05  2.78e+10    39s
   3  -3.19776991e+13  3.45203730e+13  2.22e+06 4.43e+04  1.91e+09    40s
   4  -1.04328303e+13  2.53813601e+13  7.25e+05 5.27e+03  6.36e+08    40s
   5  -3.05454739e+12  1.94211233e+13  2.12e+05 1.96e+03  1.96e+08    41s
   6  -1.22751148e+12  1.53691661e+13  8.55e+04 1.62e+03  8.05e+07    41s
   7  -6.76066804e+11  1.31138973e+13  4.72e+04 1.08e+03  4.50e+07    42s
   8  -6.15246505e+11  1.16991811e+13  4.30e+04 7.46e+02  3.98e+07    42s
   9  -2.50452261e+11  7.83693908e+12  1.77e+04 6.75e+01  1.65e+07    43s
  10  -8.49930123e+10  4.73152633e+12  6.28e+03 2.30e+01  6.19e+06    43s
  11  -2.40981747e+10  2.27483797e+12  2.07e+03 3.40e+00  2.18e+06    44s
  12  -2.51370763e+07  5.18173860e+11  4.23e+02 3.45e-08  4.11e+05    44s
  13   2.37216031e+09  2.12443094e+11  2.62e+02 9.58e-08  1.92e+05    45s
  14   5.07336090e+09  1.53764764e+11  7.91e+01 1.80e-07  9.44e+04    45s
  15   5.28227472e+09  1.28546179e+11  6.50e+01 2.03e-07  7.79e+04    46s
  16   5.32498410e+09  1.26872613e+11  6.21e+01 3.14e-07  7.61e+04    46s
  17   5.36480829e+09  1.13738348e+11  5.94e+01 3.19e-07  6.94e+04    46s
  18   5.56917626e+09  1.04952390e+11  4.58e+01 3.61e-07  6.04e+04    47s
  19   5.64614135e+09  9.51549132e+10  4.06e+01 3.60e-07  5.42e+04    47s
  20   5.89136519e+09  7.34790059e+10  2.44e+01 2.73e-07  3.87e+04    48s
  21   5.97438958e+09  6.05430701e+10  1.91e+01 4.84e-07  3.12e+04    49s
  22   5.99151729e+09  5.68129734e+10  1.81e+01 3.58e-07  2.92e+04    50s
  23   6.05954821e+09  4.62201893e+10  1.38e+01 3.54e-07  2.31e+04    50s
  24   6.10533770e+09  3.97593021e+10  1.08e+01 4.89e-07  1.92e+04    51s
  25   6.11320148e+09  3.85517113e+10  1.03e+01 4.77e-07  1.85e+04    52s
  26   6.13547541e+09  2.95512551e+10  8.91e+00 3.11e-07  1.43e+04    53s
  27   6.15913742e+09  2.61949110e+10  7.29e+00 3.87e-07  1.21e+04    53s
  28   6.19613302e+09  2.17091033e+10  5.04e+00 5.77e-07  9.14e+03    54s
  29   6.22554646e+09  1.84353788e+10  3.72e+00 5.24e-07  7.03e+03    55s
  30   6.25430489e+09  1.56947392e+10  2.64e+00 3.95e-07  5.22e+03    56s
  31   6.27919963e+09  1.54754799e+10  2.47e+00 5.26e-07  5.02e+03    57s
  32   6.29639294e+09  1.19735089e+10  2.25e+00 3.86e-07  3.22e+03    57s
  33   6.31585648e+09  1.11474318e+10  1.69e+00 4.50e-07  2.63e+03    58s
  34   6.32801464e+09  1.10589218e+10  1.51e+00 3.71e-07  2.52e+03    59s
  35   6.36181887e+09  9.74507859e+09  1.10e+00 4.74e-07  1.75e+03    60s
  36   6.39434233e+09  8.81075709e+09  8.02e-01 4.72e-07  1.22e+03    60s
  37   6.42519487e+09  8.07813136e+09  5.71e-01 5.60e-07  8.17e+02    61s
  38   6.47676342e+09  7.67849519e+09  3.60e-01 4.68e-07  5.75e+02    62s
  39   6.50460683e+09  7.49408756e+09  2.55e-01 4.77e-07  4.64e+02    63s
  40   6.53047475e+09  7.17607771e+09  2.00e-01 5.78e-07  3.03e+02    64s
  41   6.55229727e+09  6.95610309e+09  1.54e-01 4.80e-07  1.90e+02    64s
  42   6.57896879e+09  6.83002780e+09  1.12e-01 3.30e-07  1.18e+02    65s
  43   6.59447850e+09  6.79455881e+09  9.26e-02 4.12e-07  9.45e+01    66s
  44   6.60687916e+09  6.76938278e+09  7.83e-02 4.33e-07  7.68e+01    66s
  45   6.61699652e+09  6.74912185e+09  6.65e-02 4.28e-07  6.26e+01    67s
  46   6.62492163e+09  6.73475852e+09  5.68e-02 3.99e-07  5.20e+01    68s
  47   6.63497508e+09  6.72607946e+09  4.56e-02 2.94e-07  4.30e+01    68s
  48   6.64172358e+09  6.71719088e+09  3.84e-02 4.17e-07  3.56e+01    69s
  49   6.64666567e+09  6.71109341e+09  3.33e-02 6.08e-07  3.03e+01    69s
  50   6.65496919e+09  6.70780898e+09  2.46e-02 5.43e-07  2.47e+01    70s
  51   6.65850466e+09  6.70331580e+09  2.12e-02 4.77e-07  2.09e+01    71s
  52   6.66262565e+09  6.70015145e+09  1.71e-02 6.72e-07  1.75e+01    72s
  53   6.66725257e+09  6.69601610e+09  1.29e-02 4.01e-07  1.34e+01    72s
  54   6.67055448e+09  6.69365258e+09  9.99e-03 4.83e-07  1.07e+01    73s
  55   6.67313348e+09  6.69263174e+09  7.91e-03 3.24e-07  9.01e+00    74s
  56   6.67511822e+09  6.69049081e+09  6.34e-03 3.62e-07  7.11e+00    75s
  57   6.67741529e+09  6.68977040e+09  4.67e-03 3.58e-07  5.68e+00    75s
  58   6.67888704e+09  6.68861260e+09  3.68e-03 2.88e-07  4.47e+00    76s
  59   6.67951347e+09  6.68774319e+09  3.30e-03 2.86e-07  3.80e+00    77s
  60   6.68061778e+09  6.68743132e+09  2.60e-03 3.15e-07  3.14e+00    78s
  61   6.68185521e+09  6.68678270e+09  1.83e-03 4.37e-07  2.26e+00    78s
  62   6.68275467e+09  6.68636233e+09  1.29e-03 3.77e-07  1.65e+00    79s
  63   6.68383468e+09  6.68580765e+09  6.47e-04 3.87e-07  9.01e-01    80s
  64   6.68434424e+09  6.68542449e+09  3.51e-04 3.93e-07  4.94e-01    81s
  65   6.68443016e+09  6.68525755e+09  3.03e-04 3.37e-07  3.81e-01    81s
  66   6.68457287e+09  6.68516336e+09  2.24e-04 4.78e-07  2.72e-01    82s
  67   6.68470631e+09  6.68511439e+09  1.50e-04 4.58e-07  1.88e-01    82s
  68   6.68480384e+09  6.68507320e+09  9.79e-05 6.09e-07  1.24e-01    83s
  69   6.68486389e+09  6.68504939e+09  6.68e-05 6.55e-07  8.53e-02    83s
  70   6.68488556e+09  6.68503972e+09  5.51e-05 7.50e-07  7.09e-02    84s
  71   6.68494096e+09  6.68500692e+09  2.62e-05 7.45e-07  3.05e-02    84s
  72   6.68497009e+09  6.68499946e+09  1.14e-05 5.90e-07  1.36e-02    84s
  73   6.68498232e+09  6.68499541e+09  5.18e-06 5.09e-07  6.06e-03    85s
  74   6.68498828e+09  6.68499389e+09  2.20e-06 4.32e-07  2.60e-03    85s
  75   6.68499156e+09  6.68499315e+09  6.05e-07 6.02e-07  7.33e-04    86s
  76   6.68499265e+09  6.68499290e+09  2.10e-07 7.34e-07  1.14e-04    87s
  77   6.68499281e+09  6.68499285e+09  1.15e-07 8.47e-07  1.87e-05    87s
  78   6.68499285e+09  6.68499285e+09  1.65e-08 7.79e-07  2.32e-07    88s
  79   6.68499285e+09  6.68499285e+09  9.42e-09 7.16e-07  6.45e-10    88s

Barrier solved model in 79 iterations and 88.20 seconds (79.25 work units)
Optimal objective 6.68499285e+09


Root crossover log...

   32615 DPushes remaining with DInf 0.0000000e+00                88s
       0 DPushes remaining with DInf 0.0000000e+00                89s

     989 PPushes remaining with PInf 2.9963264e-05                89s
       0 PPushes remaining with PInf 0.0000000e+00                89s

  Push phase complete: Pinf 0.0000000e+00, Dinf 3.1349350e+05     89s


Root simplex log...

Iteration    Objective       Primal Inf.    Dual Inf.      Time
   33521    6.6849928e+09   0.000000e+00   3.134935e+05     90s
   33558    6.6849928e+09   0.000000e+00   0.000000e+00     90s
Concurrent spin time: 0.04s

Solved with barrier
   33558    6.6849928e+09   0.000000e+00   0.000000e+00     91s

Root relaxation: objective 6.684993e+09, 33558 iterations, 61.22 seconds (42.77 work units)

    Nodes    |    Current Node    |     Objective Bounds      |     Work
 Expl Unexpl |  Obj  Depth IntInf | Incumbent    BestBd   Gap | It/Node Time

     0     0 6.6850e+09    0  385          - 6.6850e+09      -     -   96s
     0     0 6.6849e+09    0  330          - 6.6849e+09      -     -  148s
     0     0 6.6849e+09    0  323          - 6.6849e+09      -     -  167s
     0     0 6.6849e+09    0  360          - 6.6849e+09      -     -  218s
     0     0 6.6849e+09    0  358          - 6.6849e+09      -     -  229s
     0     0 6.6849e+09    0  348          - 6.6849e+09      -     -  278s
     0     0 6.6849e+09    0  350          - 6.6849e+09      -     -  291s
     0     0 6.6849e+09    0  324          - 6.6849e+09      -     -  331s
     0     0 6.6849e+09    0  317          - 6.6849e+09      -     -  342s
     0     0 6.6849e+09    0  327          - 6.6849e+09      -     -  371s
     0     0 6.6849e+09    0  339          - 6.6849e+09      -     -  383s
     0     0 6.6849e+09    0  374          - 6.6849e+09      -     -  420s
     0     0 6.6849e+09    0  346          - 6.6849e+09      -     -  436s
H    0     0                    6.652662e+09 6.6849e+09  0.48%     -  589s

Cutting planes:
  Cover: 2
  Implied bound: 4
  Clique: 1
  MIR: 24
  Flow cover: 5
  GUB cover: 1
  Network: 2
  RLT: 13
  Relax-and-lift: 6

Explored 1 nodes (71510 simplex iterations) in 589.11 seconds (547.59 work units)
Thread count was 20 (of 40 available processors)

Solution count 1: 6.65266e+09 

Optimal solution found (tolerance 1.00e-02)
Best objective 6.652662039271e+09, best bound 6.684864526239e+09, gap 0.4841%
Gurobi Optimizer version 10.0.1 build v10.0.1rc0 (linux64)

CPU model: Intel(R) Xeon(R) Gold 5115 CPU @ 2.40GHz, instruction set [SSE2|AVX|AVX2|AVX512]
Thread count: 20 physical cores, 40 logical processors, using up to 20 threads

Optimize a model with 155286 rows, 2024318 columns and 12968849 nonzeros
Model fingerprint: 0xdacf66f7
Variable types: 573202 continuous, 1451116 integer (1451116 binary)
Coefficient statistics:
  Matrix range     [1e+00, 2e+05]
  Objective range  [4e+01, 3e+07]
  Bounds range     [1e+00, 3e+05]
  RHS range        [1e+00, 4e+06]
Presolve removed 123611 rows and 1394454 columns (presolve time = 5s) ...
Presolve removed 128063 rows and 1425462 columns (presolve time = 10s) ...
Presolve removed 128078 rows and 1425543 columns (presolve time = 15s) ...
Presolve removed 128078 rows and 1425543 columns (presolve time = 21s) ...
Presolve removed 128038 rows and 1425503 columns
Presolve time: 21.29s
Presolved: 27248 rows, 598815 columns, 3006083 nonzeros
Variable types: 229329 continuous, 369486 integer (369486 binary)
Deterministic concurrent LP optimizer: primal simplex, dual simplex, and barrier
Showing barrier log only...

Root barrier log...

Ordering time: 1.13s

Barrier statistics:
 AA' NZ     : 1.506e+06
 Factor NZ  : 4.796e+06 (roughly 300 MB of memory)
 Factor Ops : 5.062e+09 (less than 1 second per iteration)
 Threads    : 17

                  Objective                Residual
Iter       Primal          Dual         Primal    Dual     Compl     Time
   0  -9.84988871e+15  8.15152941e+13  6.03e+08 4.98e+06  7.67e+11    29s
   1  -5.49538772e+15  6.43222904e+13  3.37e+08 5.26e+06  4.33e+11    29s
   2  -8.06715543e+14  4.59120529e+13  4.95e+07 1.16e+06  6.53e+10    29s
   3  -1.89167987e+13  2.94211068e+13  1.16e+06 9.02e+00  1.57e+09    30s
   4  -4.27937778e+12  1.33830064e+13  2.63e+05 3.17e+02  3.64e+08    30s
   5  -1.42806867e+12  9.88471292e+12  8.77e+04 1.36e+02  1.26e+08    30s
   6  -3.71976432e+11  7.47733294e+12  2.29e+04 4.23e+01  3.63e+07    30s
   7  -3.28855521e+11  6.14046071e+12  2.03e+04 1.39e+01  3.06e+07    31s
   8  -2.27712326e+11  5.86664684e+12  1.41e+04 9.58e+00  2.24e+07    31s
   9  -1.63214436e+11  5.45660097e+12  1.01e+04 4.61e+00  1.70e+07    31s
  10  -6.60656526e+10  3.47927084e+12  4.20e+03 2.56e-08  7.46e+06    31s
  11  -1.90658175e+10  2.57852851e+12  1.33e+03 2.47e-08  3.48e+06    32s
  12  -3.91631032e+09  8.85095626e+11  4.01e+02 1.96e-08  1.05e+06    32s
  13   5.92685280e+08  4.82895892e+11  1.25e+02 2.33e-08  4.86e+05    32s
  14   1.47119629e+09  3.03741524e+11  7.19e+01 3.03e-08  2.97e+05    32s
  15   1.93528642e+09  1.94741628e+11  4.39e+01 3.96e-08  1.87e+05    33s
  16   2.19204501e+09  1.63099632e+11  2.87e+01 6.92e-08  1.51e+05    33s
  17   2.25891263e+09  1.35025096e+11  2.48e+01 5.42e-08  1.26e+05    33s
  18   2.38093609e+09  1.10722013e+11  1.79e+01 8.70e-08  1.01e+05    33s
  19   2.49461387e+09  8.51463436e+10  1.15e+01 5.62e-08  7.62e+04    34s
  20   2.55662137e+09  5.93575469e+10  8.07e+00 1.15e-07  5.31e+04    34s
  21   2.59983931e+09  3.91305738e+10  5.31e+00 1.89e-07  3.50e+04    34s
  22   2.63407656e+09  3.09970584e+10  3.21e+00 2.24e-07  2.68e+04    35s
  23   2.64946938e+09  2.59054143e+10  2.54e+00 2.81e-07  2.20e+04    35s
  24   2.68763959e+09  1.81795334e+10  1.45e+00 2.21e-07  1.43e+04    35s
  25   2.70216432e+09  1.30591170e+10  1.02e+00 2.32e-07  9.36e+03    36s
  26   2.73567373e+09  8.94923597e+09  4.95e-01 1.85e-07  5.43e+03    36s
  27   2.74844170e+09  7.96639596e+09  3.40e-01 1.67e-07  4.50e+03    36s
  28   2.76449308e+09  6.17166481e+09  2.49e-01 1.14e-07  2.92e+03    36s
  29   2.77832315e+09  4.97695239e+09  1.92e-01 1.10e-07  1.87e+03    37s
  30   2.78604263e+09  4.74879990e+09  1.62e-01 8.66e-08  1.67e+03    37s
  31   2.79171556e+09  4.03109594e+09  1.44e-01 6.75e-08  1.05e+03    37s
  32   2.80870223e+09  3.75290886e+09  7.48e-02 4.89e-08  7.94e+02    37s
  33   2.81469560e+09  3.42267501e+09  6.21e-02 3.91e-08  5.10e+02    38s
  34   2.82734052e+09  3.19340497e+09  4.31e-02 3.31e-08  3.06e+02    38s
  35   2.83851075e+09  3.10782750e+09  3.07e-02 2.47e-08  2.25e+02    39s
  36   2.84974308e+09  3.04839870e+09  2.03e-02 2.10e-08  1.66e+02    39s
  37   2.85878802e+09  2.98364436e+09  1.37e-02 1.54e-08  1.04e+02    39s
  38   2.86143349e+09  2.96426185e+09  1.22e-02 1.49e-08  8.58e+01    39s
  39   2.86671010e+09  2.95573106e+09  9.33e-03 1.91e-08  7.42e+01    40s
  40   2.86958275e+09  2.95018229e+09  8.04e-03 1.82e-08  6.72e+01    40s
  41   2.87247113e+09  2.93771343e+09  6.88e-03 2.24e-08  5.44e+01    40s
  42   2.87508072e+09  2.92871696e+09  5.94e-03 2.51e-08  4.47e+01    41s
  43   2.87773713e+09  2.92536422e+09  4.95e-03 2.89e-08  3.97e+01    41s
  44   2.87964080e+09  2.91915078e+09  4.29e-03 2.14e-08  3.29e+01    41s
  45   2.88302866e+09  2.91640622e+09  3.12e-03 1.96e-08  2.78e+01    42s
  46   2.88335975e+09  2.91522671e+09  3.02e-03 1.77e-08  2.65e+01    42s
  47   2.88582132e+09  2.90945617e+09  2.21e-03 1.44e-08  1.97e+01    42s
  48   2.88641247e+09  2.90751276e+09  2.03e-03 1.86e-08  1.76e+01    43s
  49   2.88814535e+09  2.90558016e+09  1.51e-03 1.72e-08  1.45e+01    43s
  50   2.88928088e+09  2.90480091e+09  1.22e-03 1.72e-08  1.29e+01    44s
  51   2.89032485e+09  2.90206660e+09  9.70e-04 1.63e-08  9.78e+00    44s
  52   2.89087816e+09  2.90007948e+09  8.48e-04 1.49e-08  7.66e+00    44s
  53   2.89198060e+09  2.89902947e+09  6.09e-04 1.86e-08  5.87e+00    45s
  54   2.89265852e+09  2.89814512e+09  4.76e-04 1.68e-08  4.57e+00    45s
  55   2.89357583e+09  2.89745739e+09  2.99e-04 1.77e-08  3.23e+00    45s
  56   2.89417217e+09  2.89684953e+09  1.90e-04 1.49e-08  2.23e+00    46s
  57   2.89442807e+09  2.89646932e+09  1.43e-04 1.30e-08  1.70e+00    46s
  58   2.89465049e+09  2.89604591e+09  1.02e-04 1.35e-08  1.16e+00    46s
  59   2.89484302e+09  2.89589694e+09  6.84e-05 1.44e-08  8.78e-01    47s
  60   2.89497290e+09  2.89573280e+09  4.60e-05 1.35e-08  6.33e-01    47s
  61   2.89508221e+09  2.89561513e+09  2.81e-05 1.44e-08  4.44e-01    47s
  62   2.89516910e+09  2.89558050e+09  1.41e-05 1.49e-08  3.42e-01    48s
  63   2.89523471e+09  2.89539751e+09  3.32e-06 1.21e-08  1.36e-01    48s
  64   2.89524964e+09  2.89528564e+09  1.07e-06 7.92e-09  3.00e-02    48s
  65   2.89525491e+09  2.89527834e+09  8.38e-07 1.26e-08  1.95e-02    49s
  66   2.89525621e+09  2.89526689e+09  3.01e-07 1.30e-08  8.89e-03    49s
  67   2.89525794e+09  2.89526192e+09  1.31e-06 8.85e-09  3.31e-03    49s
  68   2.89525831e+09  2.89526007e+09  1.43e-06 8.38e-09  1.46e-03    49s
  69   2.89525855e+09  2.89525908e+09  6.03e-07 8.38e-09  4.41e-04    50s
  70   2.89525866e+09  2.89525876e+09  1.74e-07 8.96e-09  8.15e-05    50s
  71   2.89525870e+09  2.89525872e+09  4.57e-08 9.31e-09  1.84e-05    50s
  72   2.89525871e+09  2.89525871e+09  1.47e-08 8.38e-09  3.31e-07    51s
  73   2.89525871e+09  2.89525871e+09  1.30e-08 8.38e-09  4.91e-10    51s

Barrier solved model in 73 iterations and 50.86 seconds (51.34 work units)
Optimal objective 2.89525871e+09


Root crossover log...

   21303 DPushes remaining with DInf 0.0000000e+00                51s
       0 DPushes remaining with DInf 0.0000000e+00                52s

     597 PPushes remaining with PInf 0.0000000e+00                52s
       0 PPushes remaining with PInf 0.0000000e+00                52s

  Push phase complete: Pinf 0.0000000e+00, Dinf 3.3612070e-01     52s


Root simplex log...

Iteration    Objective       Primal Inf.    Dual Inf.      Time
   21847    2.8952587e+09   0.000000e+00   3.361199e-01     52s
   21848    2.8952587e+09   0.000000e+00   0.000000e+00     52s
Concurrent spin time: 0.02s

Solved with barrier
   21848    2.8952587e+09   0.000000e+00   0.000000e+00     52s

Root relaxation: objective 2.895259e+09, 21848 iterations, 27.88 seconds (19.19 work units)

    Nodes    |    Current Node    |     Objective Bounds      |     Work
 Expl Unexpl |  Obj  Depth IntInf | Incumbent    BestBd   Gap | It/Node Time

     0     0 2.8953e+09    0  216          - 2.8953e+09      -     -   55s
H    0     0                    2.832075e+09 2.8953e+09  2.23%     -   67s
     0     0 2.8951e+09    0  229 2.8321e+09 2.8951e+09  2.23%     -  110s
     0     0 2.8951e+09    0  233 2.8321e+09 2.8951e+09  2.23%     -  134s
     0     0 2.8951e+09    0  230 2.8321e+09 2.8951e+09  2.23%     -  135s
     0     0 2.8951e+09    0  247 2.8321e+09 2.8951e+09  2.23%     -  152s
     0     0 2.8951e+09    0  244 2.8321e+09 2.8951e+09  2.23%     -  170s
     0     0 2.8951e+09    0  264 2.8321e+09 2.8951e+09  2.23%     -  186s
H    0     0                    2.854783e+09 2.8951e+09  1.41%     -  201s
     0     0 2.8951e+09    0  260 2.8548e+09 2.8951e+09  1.41%     -  202s
     0     0 2.8951e+09    0  200 2.8548e+09 2.8951e+09  1.41%     -  210s
     0     0 2.8951e+09    0  198 2.8548e+09 2.8951e+09  1.41%     -  219s
     0     0 2.8951e+09    0  213 2.8548e+09 2.8951e+09  1.41%     -  235s
H    0     0                    2.854986e+09 2.8951e+09  1.40%     -  243s
     0     0 2.8951e+09    0  215 2.8550e+09 2.8951e+09  1.40%     -  243s
     0     0 2.8946e+09    0  246 2.8550e+09 2.8946e+09  1.39%     -  284s
     0     0 2.8946e+09    0  241 2.8550e+09 2.8946e+09  1.39%     -  296s
     0     0 2.8946e+09    0  265 2.8550e+09 2.8946e+09  1.39%     -  318s
H    0     0                    2.855334e+09 2.8946e+09  1.37%     -  357s
     0     0 2.8946e+09    0  270 2.8553e+09 2.8946e+09  1.37%     -  366s
     0     0 2.8943e+09    0  264 2.8553e+09 2.8943e+09  1.36%     -  574s
     0     0 2.8943e+09    0  262 2.8553e+09 2.8943e+09  1.36%     -  589s
     0     0 2.8941e+09    0  243 2.8553e+09 2.8941e+09  1.36%     -  619s
     0     0 2.8941e+09    0  240 2.8553e+09 2.8941e+09  1.36%     -  639s
     0     0 2.8941e+09    0  243 2.8553e+09 2.8941e+09  1.36%     -  645s
     0     0 2.8941e+09    0  245 2.8553e+09 2.8941e+09  1.36%     -  656s
     0     0 2.8941e+09    0  252 2.8553e+09 2.8941e+09  1.36%     -  678s
     0     0 2.8941e+09    0  250 2.8553e+09 2.8941e+09  1.36%     -  706s
     0     0 2.8941e+09    0  247 2.8553e+09 2.8941e+09  1.36%     -  740s
H    0     0                    2.882147e+09 2.8941e+09  0.41%     -  795s

Cutting planes:
  Cover: 25
  Implied bound: 6
  MIR: 31
  Flow cover: 6
  RLT: 3
  Relax-and-lift: 2

Explored 1 nodes (73048 simplex iterations) in 795.67 seconds (900.40 work units)
Thread count was 20 (of 40 available processors)

Solution count 5: 2.88215e+09 2.85533e+09 2.85499e+09 ... 2.83208e+09

Optimal solution found (tolerance 1.00e-02)
Best objective 2.882147190277e+09, best bound 2.894087651698e+09, gap 0.4143%
Gurobi Optimizer version 10.0.1 build v10.0.1rc0 (linux64)

CPU model: Intel(R) Xeon(R) Gold 5115 CPU @ 2.40GHz, instruction set [SSE2|AVX|AVX2|AVX512]
Thread count: 20 physical cores, 40 logical processors, using up to 20 threads

Optimize a model with 196725 rows, 2394354 columns and 15853441 nonzeros
Model fingerprint: 0x544af33f
Variable types: 185740 continuous, 2208614 integer (2208614 binary)
Coefficient statistics:
  Matrix range     [1e+00, 2e+05]
  Objective range  [4e+01, 3e+07]
  Bounds range     [1e+00, 3e+05]
  RHS range        [1e+00, 5e+06]
Presolve removed 176009 rows and 1985782 columns (presolve time = 5s) ...
Presolve removed 177490 rows and 1991501 columns (presolve time = 10s) ...
Presolve removed 177479 rows and 1991491 columns
Presolve time: 13.91s
Presolved: 19246 rows, 402863 columns, 1834794 nonzeros
Variable types: 112058 continuous, 290805 integer (290795 binary)
Found heuristic solution: objective 3.150801e+09
Deterministic concurrent LP optimizer: primal simplex, dual simplex, and barrier
Showing barrier log only...

Root barrier log...

Ordering time: 0.60s

Barrier statistics:
 AA' NZ     : 9.361e+05
 Factor NZ  : 2.831e+06 (roughly 200 MB of memory)
 Factor Ops : 2.119e+09 (less than 1 second per iteration)
 Threads    : 18

                  Objective                Residual
Iter       Primal          Dual         Primal    Dual     Compl     Time
   0  -1.45184030e+15  2.35199554e+13  1.21e+08 9.04e+06  2.45e+11    20s
   1  -6.13198673e+14  2.22351025e+13  5.10e+07 4.35e+06  1.05e+11    20s
   2  -5.27045969e+13  1.94637683e+13  4.41e+06 2.98e-08  9.37e+09    20s
   3  -9.06356567e+12  1.26874528e+13  7.58e+05 2.63e-08  1.67e+09    21s
   4  -4.07628943e+12  7.77091058e+12  3.41e+05 2.73e-08  7.76e+08    21s
   5  -1.15728454e+12  6.17213367e+12  9.71e+04 2.61e-08  2.25e+08    21s
   6  -7.66896865e+11  4.88618194e+12  6.44e+04 4.10e-08  1.48e+08    21s
   7  -5.68069679e+11  4.59263230e+12  4.78e+04 2.94e-07  1.10e+08    21s
   8  -2.35054276e+11  4.15307161e+12  1.99e+04 1.75e-07  4.79e+07    21s
   9  -1.32630645e+11  3.52720148e+12  1.14e+04 2.35e-07  2.77e+07    22s
  10  -6.21832917e+10  2.75090002e+12  5.50e+03 2.98e-07  1.38e+07    22s
  11  -2.96409504e+10  1.75355038e+12  2.77e+03 1.75e-07  6.81e+06    22s
  12  -2.81997055e+09  1.01885273e+12  5.21e+02 7.26e-08  2.01e+06    22s
  13  -7.39200943e+07  5.46865073e+11  2.91e+02 7.45e-08  1.03e+06    22s
  14   2.01284071e+09  3.55471342e+11  1.17e+02 7.45e-08  5.69e+05    22s
  15   2.87991442e+09  2.56513458e+11  4.42e+01 4.10e-08  3.61e+05    23s
  16   3.05974188e+09  1.99278354e+11  2.93e+01 4.10e-08  2.74e+05    23s
  17   3.22638793e+09  1.62749640e+11  1.56e+01 4.17e-08  2.14e+05    23s
  18   3.27975407e+09  1.27212511e+11  1.17e+01 7.54e-08  1.67e+05    23s
  19   3.32082054e+09  9.59110163e+10  8.59e+00 1.22e-07  1.26e+05    23s
  20   3.34543430e+09  6.88902895e+10  6.58e+00 2.51e-07  9.17e+04    24s
  21   3.35712874e+09  6.34985333e+10  5.26e+00 1.69e-07  8.43e+04    24s
  22   3.37391218e+09  5.35025727e+10  4.00e+00 2.14e-07  7.04e+04    24s
  23   3.38666191e+09  4.46148133e+10  2.97e+00 3.16e-07  5.80e+04    24s
  24   3.39813136e+09  3.23113236e+10  2.00e+00 3.53e-07  4.15e+04    24s
  25   3.40156746e+09  3.08099438e+10  1.72e+00 3.85e-07  3.90e+04    25s
  26   3.41165231e+09  2.55184567e+10  9.54e-01 3.68e-07  3.07e+04    25s
  27   3.42767766e+09  1.57915817e+10  5.56e-01 2.35e-07  1.69e+04    25s
  28   3.45226836e+09  9.17829826e+09  1.50e-01 1.75e-07  7.33e+03    25s
  29   3.46628738e+09  6.98672731e+09  8.48e-02 1.20e-07  4.45e+03    26s
  30   3.48611816e+09  5.12657192e+09  1.43e-02 8.20e-08  2.04e+03    26s
  31   3.50149978e+09  4.46648710e+09  3.82e-03 4.47e-08  1.19e+03    26s
  32   3.50546136e+09  4.30302397e+09  3.04e-03 4.00e-08  9.87e+02    26s
  33   3.51242666e+09  4.01216953e+09  2.15e-03 2.84e-08  6.18e+02    26s
  34   3.52265246e+09  3.86042203e+09  1.14e-03 1.96e-08  4.18e+02    26s
  35   3.52633351e+09  3.81019982e+09  8.67e-04 1.77e-08  3.51e+02    26s
  36   3.53176991e+09  3.71050835e+09  6.62e-04 1.12e-08  2.21e+02    27s
  37   3.53592025e+09  3.67948166e+09  5.39e-04 8.61e-09  1.77e+02    27s
  38   3.54049580e+09  3.65030989e+09  4.30e-04 1.11e-08  1.36e+02    27s
  39   3.54597393e+09  3.63182537e+09  3.29e-04 7.36e-09  1.06e+02    27s
  40   3.55321499e+09  3.61994879e+09  2.31e-04 1.27e-08  8.25e+01    27s
  41   3.55861112e+09  3.60715500e+09  1.66e-04 1.25e-08  6.00e+01    28s
  42   3.56187423e+09  3.60101038e+09  1.33e-04 8.67e-09  4.84e+01    28s
  43   3.56443806e+09  3.59616771e+09  1.09e-04 8.73e-09  3.92e+01    28s
  44   3.56670355e+09  3.59138427e+09  8.99e-05 8.67e-09  3.05e+01    28s
  45   3.56906080e+09  3.58924632e+09  7.09e-05 1.21e-08  2.50e+01    28s
  46   3.57011220e+09  3.58839783e+09  6.27e-05 8.73e-09  2.26e+01    29s
  47   3.57070519e+09  3.58684865e+09  5.81e-05 8.67e-09  2.00e+01    29s
  48   3.57241509e+09  3.58560864e+09  4.50e-05 1.34e-08  1.63e+01    29s
  49   3.57362835e+09  3.58439686e+09  3.61e-05 1.12e-08  1.33e+01    29s
  50   3.57432786e+09  3.58378426e+09  3.12e-05 1.10e-08  1.17e+01    29s
  51   3.57483312e+09  3.58266896e+09  2.78e-05 8.73e-09  9.69e+00    30s
  52   3.57585118e+09  3.58195514e+09  2.13e-05 9.37e-09  7.55e+00    30s
  53   3.57672183e+09  3.58134508e+09  1.56e-05 9.95e-09  5.71e+00    30s
  54   3.57750482e+09  3.58101668e+09  1.06e-05 9.95e-09  4.34e+00    30s
  55   3.57791958e+09  3.58042391e+09  7.94e-06 8.70e-09  3.10e+00    31s
  56   3.57833594e+09  3.57999429e+09  5.33e-06 1.09e-08  2.05e+00    31s
  57   3.57875567e+09  3.57966745e+09  2.77e-06 8.18e-09  1.13e+00    31s
  58   3.57892446e+09  3.57952434e+09  1.79e-06 9.66e-09  7.42e-01    31s
  59   3.57912010e+09  3.57936556e+09  6.12e-07 7.54e-09  3.03e-01    31s
  60   3.57915561e+09  3.57928547e+09  4.12e-07 7.60e-09  1.61e-01    32s
  61   3.57922106e+09  3.57925175e+09  5.95e-08 1.12e-08  3.79e-02    32s
  62   3.57922905e+09  3.57924342e+09  2.31e-08 1.08e-08  1.78e-02    32s
  63   3.57923320e+09  3.57923721e+09  1.35e-08 8.50e-09  4.95e-03    32s
  64   3.57923363e+09  3.57923440e+09  8.15e-09 8.67e-09  9.49e-04    32s
  65   3.57923386e+09  3.57923396e+09  8.78e-09 8.64e-09  1.22e-04    32s
  66   3.57923387e+09  3.57923389e+09  1.00e-09 7.48e-09  1.88e-05    33s
  67   3.57923388e+09  3.57923388e+09  2.03e-08 9.20e-09  1.10e-07    33s
  68   3.57923388e+09  3.57923388e+09  3.97e-09 8.61e-09  5.82e-11    33s

Barrier solved model in 68 iterations and 33.05 seconds (32.99 work units)
Optimal objective 3.57923388e+09


Root crossover log...

   14274 DPushes remaining with DInf 0.0000000e+00                33s
       0 DPushes remaining with DInf 0.0000000e+00                33s

     383 PPushes remaining with PInf 0.0000000e+00                33s
       0 PPushes remaining with PInf 0.0000000e+00                33s

  Push phase complete: Pinf 0.0000000e+00, Dinf 1.3045279e+02     33s


Root simplex log...

Iteration    Objective       Primal Inf.    Dual Inf.      Time
   13852    3.5792339e+09   0.000000e+00   1.304528e+02     33s
   13854    3.5792339e+09   0.000000e+00   0.000000e+00     33s
Concurrent spin time: 0.01s

Solved with barrier
   13911    3.5792339e+09   0.000000e+00   0.000000e+00     34s
Extra simplex iterations after uncrush: 57

Root relaxation: objective 3.579234e+09, 13911 iterations, 16.08 seconds (10.88 work units)

    Nodes    |    Current Node    |     Objective Bounds      |     Work
 Expl Unexpl |  Obj  Depth IntInf | Incumbent    BestBd   Gap | It/Node Time

     0     0 3.5792e+09    0  262 3.1508e+09 3.5792e+09  13.6%     -   35s
H    0     0                    3.153368e+09 3.5792e+09  13.5%     -   37s
     0     0 3.5790e+09    0  231 3.1534e+09 3.5790e+09  13.5%     -   53s
H    0     0                    3.564299e+09 3.5790e+09  0.41%     -   71s

Cutting planes:
  Learned: 1
  Cover: 4
  Implied bound: 4
  Clique: 1
  MIR: 7
  Flow cover: 4
  GUB cover: 2
  RLT: 1
  Relax-and-lift: 1

Explored 1 nodes (18931 simplex iterations) in 71.34 seconds (71.82 work units)
Thread count was 20 (of 40 available processors)

Solution count 3: 3.5643e+09 3.15337e+09 3.1508e+09 

Optimal solution found (tolerance 1.00e-02)
Best objective 3.564299037813e+09, best bound 3.578996749772e+09, gap 0.4124%
Gurobi Optimizer version 10.0.1 build v10.0.1rc0 (linux64)

CPU model: Intel(R) Xeon(R) Gold 5115 CPU @ 2.40GHz, instruction set [SSE2|AVX|AVX2|AVX512]
Thread count: 20 physical cores, 40 logical processors, using up to 20 threads

Optimize a model with 196655 rows, 2402892 columns and 15512812 nonzeros
Model fingerprint: 0xb26c562a
Variable types: 26101 continuous, 2376791 integer (2376791 binary)
Coefficient statistics:
  Matrix range     [1e+00, 2e+05]
  Objective range  [4e+01, 3e+07]
  Bounds range     [1e+00, 3e+05]
  RHS range        [1e+00, 5e+06]
Presolve removed 193867 rows and 2387134 columns
Presolve time: 4.96s
Presolved: 2788 rows, 15758 columns, 65284 nonzeros
Variable types: 866 continuous, 14892 integer (14892 binary)
Found heuristic solution: objective 3.250458e+09

Root simplex log...

Iteration    Objective       Primal Inf.    Dual Inf.      Time
       0    1.1692678e+10   3.461470e+05   0.000000e+00      6s
    6566    3.6098450e+09   0.000000e+00   0.000000e+00      6s

Root relaxation: objective 3.609845e+09, 6566 iterations, 0.22 seconds (0.25 work units)

    Nodes    |    Current Node    |     Objective Bounds      |     Work
 Expl Unexpl |  Obj  Depth IntInf | Incumbent    BestBd   Gap | It/Node Time

     0     0 3.6098e+09    0    4 3.2505e+09 3.6098e+09  11.1%     -    6s
H    0     0                    3.607801e+09 3.6098e+09  0.06%     -    6s

Explored 1 nodes (6653 simplex iterations) in 6.37 seconds (4.82 work units)
Thread count was 20 (of 40 available processors)

Solution count 2: 3.6078e+09 3.25046e+09 

Optimal solution found (tolerance 1.00e-02)
Best objective 3.607800728517e+09, best bound 3.609844997975e+09, gap 0.0567%
