
Gurobi 10.0.1 (linux64) logging started Tue May 23 01:47:05 2023

Set parameter LogFile to value "logFiles/N-1L-D/N-1L-14U-27F-23V-240D/basic-05-23-2023, 01-46-H80-P60-O10.log"
Gurobi Optimizer version 10.0.1 build v10.0.1rc0 (linux64)

CPU model: Intel(R) Xeon(R) Gold 5115 CPU @ 2.40GHz, instruction set [SSE2|AVX|AVX2|AVX512]
Thread count: 20 physical cores, 40 logical processors, using up to 20 threads

Optimize a model with 106703 rows, 1440797 columns and 7892840 nonzeros
Model fingerprint: 0x59e8cb05
Variable types: 620023 continuous, 820774 integer (820774 binary)
Coefficient statistics:
  Matrix range     [1e+00, 2e+05]
  Objective range  [4e+01, 3e+07]
  Bounds range     [1e+00, 1e+00]
  RHS range        [1e+00, 3e+06]
Presolve removed 60331 rows and 41187 columns (presolve time = 5s) ...
Presolve removed 61101 rows and 43925 columns (presolve time = 10s) ...
Presolve removed 61115 rows and 44050 columns (presolve time = 15s) ...
Presolve removed 61115 rows and 44084 columns (presolve time = 20s) ...
Presolve removed 61115 rows and 44084 columns (presolve time = 25s) ...
Presolve removed 61044 rows and 44013 columns
Presolve time: 28.47s
Presolved: 45659 rows, 1396784 columns, 6855698 nonzeros
Variable types: 595888 continuous, 800896 integer (800896 binary)
Deterministic concurrent LP optimizer: primal simplex, dual simplex, and barrier
Showing barrier log only...

Root barrier log...

Ordering time: 2.76s

Barrier statistics:
 AA' NZ     : 3.314e+06
 Factor NZ  : 1.095e+07 (roughly 700 MB of memory)
 Factor Ops : 1.748e+10 (less than 1 second per iteration)
 Threads    : 17

                  Objective                Residual
Iter       Primal          Dual         Primal    Dual     Compl     Time
   0  -6.31719937e+15  8.38267099e+13  3.66e+08 6.97e+06  2.28e+11    45s
   1  -2.70803809e+15  6.05072565e+13  1.57e+08 3.55e+06  9.94e+10    45s
   2  -6.44972339e+14  4.46352078e+13  3.74e+07 3.39e+05  2.40e+10    46s
   3  -6.39425917e+13  3.20560700e+13  3.71e+06 2.20e+04  2.40e+09    47s
   4  -1.58715258e+13  2.26808240e+13  9.21e+05 8.31e+03  6.11e+08    47s
   5  -7.01978322e+12  1.93347084e+13  4.07e+05 4.05e+03  2.76e+08    48s
   6  -2.28909550e+12  1.75540347e+13  1.33e+05 1.65e+03  9.45e+07    48s
   7  -7.76889443e+11  1.37984738e+13  4.53e+04 4.94e+02  3.40e+07    49s
   8  -6.02911671e+11  1.08128345e+13  3.52e+04 3.71e+02  2.52e+07    49s
   9  -1.32936187e+11  7.63771472e+12  8.00e+03 8.32e+01  7.22e+06    50s
  10  -4.81245495e+10  3.12702721e+12  3.08e+03 2.34e+01  2.56e+06    51s
  11  -1.10680689e+10  1.47170091e+12  9.48e+02 6.70e+00  9.10e+05    51s
  12   4.60155321e+08  5.15073599e+11  2.86e+02 4.34e-01  2.78e+05    52s
  13   1.66139406e+09  3.21444641e+11  2.17e+02 1.55e-01  1.82e+05    52s
  14   3.82797705e+09  2.39829940e+11  9.27e+01 8.35e-02  1.13e+05    53s
  15   4.44068765e+09  1.83185826e+11  5.77e+01 2.16e-02  8.14e+04    53s
  16   4.82137356e+09  1.20088640e+11  3.60e+01 5.91e-07  5.23e+04    54s
  17   4.93612963e+09  1.06178501e+11  2.96e+01 7.37e-07  4.54e+04    54s
  18   5.00650130e+09  9.55893516e+10  2.58e+01 6.10e-07  4.05e+04    55s
  19   5.07469337e+09  8.15874225e+10  2.21e+01 6.38e-07  3.44e+04    56s
  20   5.14256657e+09  6.89712433e+10  1.86e+01 4.59e-07  2.89e+04    57s
  21   5.24740579e+09  4.92269314e+10  1.29e+01 9.19e-07  2.02e+04    58s
  22   5.29239922e+09  3.56182374e+10  1.06e+01 1.90e-02  1.47e+04    59s
  23   5.37143273e+09  3.28611508e+10  6.19e+00 5.85e-02  1.21e+04    60s
  24   5.39965704e+09  2.58908717e+10  4.69e+00 6.46e-02  9.12e+03    61s
  25   5.42514264e+09  2.03072652e+10  3.59e+00 5.49e-02  6.68e+03    62s
  26   5.46765763e+09  1.81172369e+10  2.79e+00 4.44e-02  5.51e+03    62s
  27   5.49613304e+09  1.32121058e+10  2.15e+00 2.62e-02  3.37e+03    63s
  28   5.52074292e+09  1.16071441e+10  1.80e+00 2.06e-02  2.63e+03    64s
  29   5.55936120e+09  1.11240547e+10  1.44e+00 1.72e-02  2.34e+03    65s
  30   5.57558084e+09  1.04224737e+10  1.26e+00 1.46e-02  2.02e+03    66s
  31   5.58218535e+09  9.73725830e+09  1.19e+00 1.20e-02  1.73e+03    67s
  32   5.61630025e+09  9.22848830e+09  8.37e-01 1.03e-02  1.45e+03    68s
  33   5.62267142e+09  8.83110297e+09  7.76e-01 9.07e-03  1.29e+03    69s
  34   5.63165822e+09  8.28489876e+09  6.86e-01 7.19e-03  1.06e+03    70s
  35   5.65088706e+09  7.55796371e+09  5.35e-01 4.76e-03  7.53e+02    71s
  36   5.65976922e+09  7.13352197e+09  4.80e-01 3.23e-03  5.82e+02    72s
  37   5.66791499e+09  7.01468139e+09  4.47e-01 2.86e-03  5.30e+02    72s
  38   5.69510484e+09  6.69367040e+09  3.56e-01 1.90e-03  3.90e+02    73s
  39   5.75912368e+09  6.39142692e+09  1.75e-01 1.01e-03  2.40e+02    74s
  40   5.78171075e+09  6.21908244e+09  1.44e-01 5.55e-04  1.67e+02    75s
  41   5.81105740e+09  6.11486570e+09  1.04e-01 3.16e-04  1.16e+02    76s
  42   5.83213195e+09  6.07531985e+09  7.79e-02 6.84e-04  9.20e+01    77s
  43   5.84482917e+09  6.04326974e+09  6.31e-02 6.60e-04  7.49e+01    78s
  44   5.84933554e+09  5.99455928e+09  5.89e-02 3.86e-04  5.54e+01    78s
  45   5.86633495e+09  5.98149097e+09  4.20e-02 3.22e-04  4.36e+01    79s
  46   5.87141457e+09  5.97594814e+09  3.68e-02 3.02e-04  3.95e+01    79s
  47   5.87558697e+09  5.97308214e+09  3.27e-02 2.90e-04  3.68e+01    80s
  48   5.87842603e+09  5.96744963e+09  3.01e-02 2.60e-04  3.36e+01    81s
  49   5.88479044e+09  5.96132348e+09  2.42e-02 2.27e-04  2.88e+01    81s
  50   5.89118341e+09  5.94871607e+09  1.90e-02 1.47e-04  2.17e+01    82s
  51   5.89291988e+09  5.94602514e+09  1.76e-02 1.37e-04  2.00e+01    83s
  52   5.89394162e+09  5.94388695e+09  1.68e-02 1.27e-04  1.88e+01    83s
  53   5.89869384e+09  5.94020284e+09  1.31e-02 1.13e-04  1.56e+01    84s
  54   5.90210263e+09  5.93667162e+09  1.07e-02 1.03e-04  1.30e+01    84s
  55   5.90475646e+09  5.93530840e+09  8.83e-03 9.97e-05  1.14e+01    85s
  56   5.90648801e+09  5.93287678e+09  7.68e-03 8.98e-05  9.88e+00    86s
  57   5.90728729e+09  5.93224213e+09  7.16e-03 8.72e-05  9.33e+00    86s
  58   5.90885429e+09  5.93074496e+09  6.16e-03 8.20e-05  8.18e+00    87s
  59   5.91094133e+09  5.92960149e+09  4.93e-03 7.42e-05  6.96e+00    87s
  60   5.91255361e+09  5.92719355e+09  4.01e-03 5.48e-05  5.47e+00    88s
  61   5.91455954e+09  5.92540197e+09  2.93e-03 3.91e-05  4.05e+00    89s
  62   5.91555942e+09  5.92475984e+09  2.41e-03 3.40e-05  3.43e+00    89s
  63   5.91660975e+09  5.92382534e+09  1.87e-03 2.51e-05  2.69e+00    90s
  64   5.91750014e+09  5.92359004e+09  1.43e-03 2.36e-05  2.26e+00    91s
  65   5.91853886e+09  5.92273286e+09  9.22e-04 1.71e-05  1.55e+00    91s
  66   5.91909869e+09  5.92190539e+09  6.57e-04 1.04e-05  1.04e+00    92s
  67   5.91954623e+09  5.92106042e+09  4.44e-04 3.57e-06  5.69e-01    93s
  68   5.92003074e+09  5.92090613e+09  2.29e-04 2.32e-06  3.27e-01    93s
  69   5.92016724e+09  5.92086735e+09  1.71e-04 2.06e-06  2.61e-01    94s
  70   5.92038284e+09  5.92074462e+09  7.84e-05 1.12e-06  1.34e-01    94s
  71   5.92047347e+09  5.92065106e+09  4.11e-05 9.33e-07  6.61e-02    95s
  72   5.92051303e+09  5.92062262e+09  2.51e-05 9.84e-07  4.08e-02    96s
  73   5.92054641e+09  5.92060325e+09  1.18e-05 1.13e-06  2.11e-02    96s
  74   5.92056338e+09  5.92059814e+09  5.25e-06 8.53e-07  1.28e-02    97s
  75   5.92057557e+09  5.92058547e+09  8.51e-07 1.15e-06  3.59e-03    97s
  76   5.92057676e+09  5.92057965e+09  4.97e-07 1.22e-06  1.06e-03    98s
  77   5.92057737e+09  5.92057881e+09  6.91e-07 8.83e-07  5.24e-04    98s
  78   5.92057763e+09  5.92057814e+09  3.36e-07 1.31e-06  1.87e-04    99s
  79   5.92057780e+09  5.92057795e+09  1.14e-07 9.81e-07  5.31e-05   100s
  80   5.92057788e+09  5.92057791e+09  6.09e-08 6.47e-07  8.73e-06   100s
  81   5.92057789e+09  5.92057790e+09  1.27e-07 1.36e-06  8.00e-07   101s
  82   5.92057790e+09  5.92057790e+09  4.20e-08 8.01e-07  6.84e-09   102s

Barrier solved model in 82 iterations and 101.61 seconds (92.62 work units)
Optimal objective 5.92057790e+09


Root crossover log...

   40153 DPushes remaining with DInf 0.0000000e+00               102s
       0 DPushes remaining with DInf 0.0000000e+00               103s

    1555 PPushes remaining with PInf 9.6278433e-03               103s
       0 PPushes remaining with PInf 0.0000000e+00               103s

  Push phase complete: Pinf 0.0000000e+00, Dinf 1.7305229e+00    103s


Root simplex log...

Iteration    Objective       Primal Inf.    Dual Inf.      Time
   41659    5.9205779e+09   0.000000e+00   1.730522e+00    103s
   41680    5.9205779e+09   0.000000e+00   0.000000e+00    103s
Concurrent spin time: 0.09s

Solved with barrier
   41680    5.9205779e+09   0.000000e+00   0.000000e+00    104s

Root relaxation: objective 5.920578e+09, 41680 iterations, 70.38 seconds (51.12 work units)
Total elapsed time = 105.97s

    Nodes    |    Current Node    |     Objective Bounds      |     Work
 Expl Unexpl |  Obj  Depth IntInf | Incumbent    BestBd   Gap | It/Node Time

     0     0 5.9206e+09    0  407          - 5.9206e+09      -     -  110s
H    0     0                    5.850333e+09 5.9206e+09  1.20%     -  127s
     0     0 5.9205e+09    0  386 5.8503e+09 5.9205e+09  1.20%     -  235s
     0     0 5.9205e+09    0  366 5.8503e+09 5.9205e+09  1.20%     -  284s
     0     0 5.9205e+09    0  385 5.8503e+09 5.9205e+09  1.20%     -  319s
     0     0 5.9205e+09    0  370 5.8503e+09 5.9205e+09  1.20%     -  354s
     0     0 5.9205e+09    0  388 5.8503e+09 5.9205e+09  1.20%     -  385s
H    0     0                    5.861029e+09 5.9205e+09  1.01%     -  410s
     0     0 5.9205e+09    0  385 5.8610e+09 5.9205e+09  1.01%     -  411s
     0     0 5.9205e+09    0  383 5.8610e+09 5.9205e+09  1.01%     -  448s
     0     0 5.9205e+09    0  387 5.8610e+09 5.9205e+09  1.01%     -  477s
     0     0 5.9205e+09    0  384 5.8610e+09 5.9205e+09  1.01%     -  523s
     0     0 5.9205e+09    0  372 5.8610e+09 5.9205e+09  1.01%     -  548s
     0     0 5.9205e+09    0  373 5.8610e+09 5.9205e+09  1.01%     -  577s
     0     0 5.9205e+09    0  356 5.8610e+09 5.9205e+09  1.01%     -  603s
H    0     0                    5.889585e+09 5.9205e+09  0.52%     -  805s

Cutting planes:
  Cover: 3
  Implied bound: 5
  Clique: 1
  MIR: 18
  Flow cover: 6
  GUB cover: 1
  Network: 2
  RLT: 4
  Relax-and-lift: 2

Explored 1 nodes (81302 simplex iterations) in 805.32 seconds (821.90 work units)
Thread count was 20 (of 40 available processors)

Solution count 3: 5.88958e+09 5.86103e+09 5.85033e+09 

Optimal solution found (tolerance 1.00e-02)
Best objective 5.889584686571e+09, best bound 5.920466847249e+09, gap 0.5244%
Gurobi Optimizer version 10.0.1 build v10.0.1rc0 (linux64)

CPU model: Intel(R) Xeon(R) Gold 5115 CPU @ 2.40GHz, instruction set [SSE2|AVX|AVX2|AVX512]
Thread count: 20 physical cores, 40 logical processors, using up to 20 threads

Optimize a model with 196568 rows, 2370377 columns and 18162936 nonzeros
Model fingerprint: 0x5091952a
Variable types: 684014 continuous, 1686363 integer (1686363 binary)
Coefficient statistics:
  Matrix range     [1e+00, 2e+05]
  Objective range  [4e+01, 3e+07]
  Bounds range     [1e+00, 3e+05]
  RHS range        [1e+00, 5e+06]
Presolve removed 151401 rows and 1354647 columns (presolve time = 5s) ...
Presolve removed 153631 rows and 1366723 columns (presolve time = 10s) ...
Presolve removed 153641 rows and 1366723 columns (presolve time = 15s) ...
Presolve removed 159196 rows and 1464326 columns (presolve time = 20s) ...
Presolve removed 159824 rows and 1469933 columns (presolve time = 25s) ...
Presolve removed 159824 rows and 1469933 columns (presolve time = 30s) ...
Presolve removed 159824 rows and 1469933 columns (presolve time = 36s) ...
Presolve removed 159738 rows and 1469847 columns
Presolve time: 36.78s
Presolved: 36830 rows, 900530 columns, 4793416 nonzeros
Variable types: 456026 continuous, 444504 integer (444488 binary)
Deterministic concurrent LP optimizer: primal simplex, dual simplex, and barrier
Showing barrier log only...

Root barrier log...

Ordering time: 1.97s

Barrier statistics:
 AA' NZ     : 2.341e+06
 Factor NZ  : 7.491e+06 (roughly 400 MB of memory)
 Factor Ops : 8.992e+09 (less than 1 second per iteration)
 Threads    : 17

                  Objective                Residual
Iter       Primal          Dual         Primal    Dual     Compl     Time
   0  -1.98469307e+16  1.01932143e+14  9.72e+08 4.72e+06  8.59e+11    48s
   1  -9.89329660e+15  8.34576505e+13  4.85e+08 5.59e+06  4.37e+11    48s
   2  -2.15717315e+15  4.94326387e+13  1.06e+08 9.73e+04  9.79e+10    48s
   3  -7.70657621e+13  3.21550225e+13  3.78e+06 2.01e+03  3.52e+09    49s
   4  -2.86557939e+13  1.71257221e+13  1.41e+06 1.99e+02  1.34e+09    49s
   5  -5.62499136e+12  1.27159704e+13  2.76e+05 8.49e+01  2.69e+08    49s
   6  -1.29590726e+12  1.04161908e+13  6.37e+04 4.49e+01  6.60e+07    50s
   7  -6.34997465e+11  9.58840273e+12  3.13e+04 2.92e+01  3.46e+07    50s
   8  -3.71712015e+11  7.37019122e+12  1.84e+04 3.99e+00  2.05e+07    50s
   9  -2.54036993e+11  5.35184428e+12  1.26e+04 1.87e+01  1.34e+07    51s
  10  -7.73224421e+10  3.22278562e+12  3.94e+03 2.51e-08  4.66e+06    51s
  11  -1.31016251e+10  1.35658016e+12  8.00e+02 2.47e-08  1.24e+06    51s
  12  -2.10755580e+09  3.33834011e+11  2.62e+02 2.19e-08  3.05e+05    52s
  13  -8.33286776e+08  2.75508053e+11  2.00e+02 3.56e-08  2.42e+05    52s
  14   1.58842001e+09  2.18515747e+11  8.22e+01 7.50e-08  1.56e+05    53s
  15   2.44575461e+09  1.70961116e+11  4.05e+01 5.75e-08  1.10e+05    53s
  16   2.65410778e+09  1.42529762e+11  3.03e+01 4.71e-08  9.04e+04    53s
  17   2.80991841e+09  1.20803367e+11  2.28e+01 5.22e-08  7.51e+04    54s
  18   2.92296555e+09  1.05253646e+11  1.76e+01 6.80e-08  6.44e+04    54s
  19   2.96864989e+09  8.61627611e+10  1.56e+01 7.32e-08  5.29e+04    54s
  20   3.11718405e+09  6.29484821e+10  8.88e+00 1.02e-07  3.74e+04    55s
  21   3.19122728e+09  4.46313842e+10  5.55e+00 2.26e-07  2.62e+04    55s
  22   3.23973845e+09  3.22476672e+10  3.50e+00 3.16e-07  1.87e+04    56s
  23   3.25698138e+09  2.78699609e+10  2.90e+00 3.82e-07  1.59e+04    56s
  24   3.26558532e+09  2.60786129e+10  2.61e+00 3.64e-07  1.47e+04    56s
  25   3.28189061e+09  2.00069313e+10  2.15e+00 3.75e-07  1.10e+04    57s
  26   3.30771240e+09  1.78113710e+10  1.72e+00 4.20e-07  9.31e+03    57s
  27   3.32054764e+09  1.45887302e+10  1.47e+00 4.76e-07  7.17e+03    58s
  28   3.34476079e+09  1.19793343e+10  1.20e+00 3.89e-07  5.44e+03    58s
  29   3.36825862e+09  9.87849226e+09  7.71e-01 3.73e-07  3.95e+03    59s
  30   3.38282612e+09  7.56360371e+09  6.37e-01 3.92e-07  2.52e+03    59s
  31   3.39625125e+09  6.47460966e+09  4.12e-01 2.64e-07  1.81e+03    60s
  32   3.40076970e+09  6.25558156e+09  3.71e-01 2.55e-07  1.67e+03    60s
  33   3.40588567e+09  5.62186267e+09  3.11e-01 2.17e-07  1.29e+03    61s
  34   3.41374225e+09  5.00897266e+09  2.39e-01 1.47e-07  9.16e+02    61s
  35   3.41907078e+09  4.69300083e+09  1.87e-01 1.29e-07  7.27e+02    62s
  36   3.42237212e+09  4.47033937e+09  1.58e-01 8.94e-08  5.95e+02    62s
  37   3.42963141e+09  4.33583338e+09  1.19e-01 8.57e-08  5.12e+02    63s
  38   3.43105645e+09  4.17600990e+09  9.80e-02 6.71e-08  4.19e+02    63s
  39   3.43847937e+09  3.91801696e+09  5.98e-02 4.10e-08  2.68e+02    64s
  40   3.44246425e+09  3.86697364e+09  4.67e-02 4.56e-08  2.37e+02    64s
  41   3.44488916e+09  3.79140995e+09  3.90e-02 4.10e-08  1.93e+02    65s
  42   3.44710235e+09  3.70027148e+09  3.28e-02 3.26e-08  1.41e+02    65s
  43   3.44957328e+09  3.63899428e+09  2.86e-02 3.17e-08  1.05e+02    65s
  44   3.45269467e+09  3.59098023e+09  2.31e-02 2.51e-08  7.68e+01    66s
  45   3.45590173e+09  3.56634720e+09  1.80e-02 2.05e-08  6.13e+01    66s
  46   3.45877543e+09  3.55608571e+09  1.37e-02 2.19e-08  5.40e+01    67s
  47   3.46018304e+09  3.53924585e+09  1.23e-02 2.05e-08  4.38e+01    67s
  48   3.46060166e+09  3.53703497e+09  1.18e-02 2.47e-08  4.24e+01    68s
  49   3.46248256e+09  3.52690693e+09  1.01e-02 2.28e-08  3.57e+01    68s
  50   3.46306906e+09  3.52465894e+09  9.60e-03 2.24e-08  3.41e+01    69s
  51   3.46525183e+09  3.52261474e+09  8.03e-03 2.19e-08  3.18e+01    69s
  52   3.46837354e+09  3.51670377e+09  5.99e-03 2.10e-08  2.68e+01    70s
  53   3.47007311e+09  3.51136271e+09  5.15e-03 1.82e-08  2.29e+01    70s
  54   3.47080851e+09  3.50840260e+09  4.81e-03 1.72e-08  2.08e+01    71s
  55   3.47195220e+09  3.50610728e+09  4.34e-03 1.72e-08  1.89e+01    71s
  56   3.47447043e+09  3.50389406e+09  3.36e-03 1.58e-08  1.63e+01    71s
  57   3.47522918e+09  3.49966898e+09  3.10e-03 1.21e-08  1.35e+01    72s
  58   3.47723154e+09  3.49790420e+09  2.43e-03 1.26e-08  1.15e+01    72s
  59   3.47854954e+09  3.49592653e+09  2.06e-03 1.21e-08  9.63e+00    73s
  60   3.47965224e+09  3.49477879e+09  1.76e-03 1.21e-08  8.38e+00    73s
  61   3.48002964e+09  3.49318418e+09  1.67e-03 9.78e-09  7.29e+00    74s
  62   3.48131515e+09  3.49251882e+09  1.35e-03 9.78e-09  6.21e+00    74s
  63   3.48189801e+09  3.49181647e+09  1.22e-03 8.38e-09  5.49e+00    75s
  64   3.48250756e+09  3.49141584e+09  1.08e-03 9.31e-09  4.93e+00    75s
  65   3.48315783e+09  3.49064538e+09  9.25e-04 9.31e-09  4.15e+00    76s
  66   3.48410521e+09  3.48992319e+09  7.10e-04 7.92e-09  3.22e+00    76s
  67   3.48455589e+09  3.48922428e+09  6.08e-04 8.85e-09  2.59e+00    77s
  68   3.48550374e+09  3.48890388e+09  3.96e-04 7.45e-09  1.88e+00    77s
  69   3.48613778e+09  3.48826396e+09  2.59e-04 6.52e-09  1.18e+00    78s
  70   3.48671020e+09  3.48787538e+09  1.38e-04 5.59e-09  6.45e-01    78s
  71   3.48673105e+09  3.48781112e+09  1.33e-04 6.05e-09  5.98e-01    78s
  72   3.48690403e+09  3.48772903e+09  9.76e-05 5.59e-09  4.57e-01    79s
  73   3.48701262e+09  3.48758754e+09  7.51e-05 5.59e-09  3.18e-01    79s
  74   3.48710394e+09  3.48752795e+09  5.66e-05 4.66e-09  2.35e-01    79s
  75   3.48722143e+09  3.48749667e+09  3.29e-05 6.52e-09  1.52e-01    80s
  76   3.48730288e+09  3.48745453e+09  1.70e-05 5.12e-09  8.40e-02    80s
  77   3.48732950e+09  3.48742955e+09  1.17e-05 4.19e-09  5.54e-02    80s
  78   3.48735418e+09  3.48741642e+09  7.06e-06 4.19e-09  3.45e-02    81s
  79   3.48738689e+09  3.48740012e+09  9.20e-07 4.66e-09  7.33e-03    81s
  80   3.48739142e+09  3.48739524e+09  3.06e-07 6.05e-09  2.11e-03    81s
  81   3.48739284e+09  3.48739380e+09  1.30e-07 5.59e-09  5.35e-04    82s
  82   3.48739324e+09  3.48739339e+09  2.47e-08 5.59e-09  8.01e-05    82s
  83   3.48739327e+09  3.48739335e+09  1.40e-08 4.66e-09  4.53e-05    82s
  84   3.48739329e+09  3.48739330e+09  2.24e-09 4.66e-09  4.20e-06    83s
  85   3.48739330e+09  3.48739330e+09  2.54e-09 4.66e-09  1.11e-08    83s
  86   3.48739330e+09  3.48739330e+09  2.74e-09 5.59e-09  4.90e-11    84s

Barrier solved model in 86 iterations and 83.85 seconds (103.50 work units)
Optimal objective 3.48739330e+09


Root crossover log...

   29334 DPushes remaining with DInf 0.0000000e+00                84s
      12 DPushes remaining with DInf 0.0000000e+00                85s
       0 DPushes remaining with DInf 0.0000000e+00                86s

     987 PPushes remaining with PInf 0.0000000e+00                86s
       0 PPushes remaining with PInf 0.0000000e+00                86s

  Push phase complete: Pinf 0.0000000e+00, Dinf 1.9116237e+03     86s


Root simplex log...

Iteration    Objective       Primal Inf.    Dual Inf.      Time
   29252    3.4873933e+09   0.000000e+00   1.911624e+03     86s
   29256    3.4873933e+09   0.000000e+00   0.000000e+00     86s
Concurrent spin time: 0.02s

Solved with barrier
   29256    3.4873933e+09   0.000000e+00   0.000000e+00     86s

Root relaxation: objective 3.487393e+09, 29256 iterations, 45.24 seconds (35.52 work units)

    Nodes    |    Current Node    |     Objective Bounds      |     Work
 Expl Unexpl |  Obj  Depth IntInf | Incumbent    BestBd   Gap | It/Node Time

     0     0 3.4874e+09    0  317          - 3.4874e+09      -     -   90s
     0     0 3.4872e+09    0  314          - 3.4872e+09      -     -  221s
     0     0 3.4872e+09    0  297          - 3.4872e+09      -     -  276s
     0     0 3.4870e+09    0  314          - 3.4870e+09      -     -  324s
     0     0 3.4870e+09    0  304          - 3.4870e+09      -     -  328s
     0     0 3.4870e+09    0  295          - 3.4870e+09      -     -  383s
     0     0 3.4870e+09    0  307          - 3.4870e+09      -     -  410s
     0     0 3.4870e+09    0  311          - 3.4870e+09      -     -  426s
     0     0 3.4870e+09    0  304          - 3.4870e+09      -     -  429s
     0     0 3.4870e+09    0  303          - 3.4870e+09      -     -  458s
H    0     0                    3.415634e+09 3.4870e+09  2.09%     -  500s
     0     0 3.4870e+09    0  318 3.4156e+09 3.4870e+09  2.09%     -  532s
     0     0 3.4870e+09    0  307 3.4156e+09 3.4870e+09  2.09%     -  546s
H    0     0                    3.437705e+09 3.4870e+09  1.43%     -  616s
     0     0 3.4870e+09    0  307 3.4377e+09 3.4870e+09  1.43%     -  618s
     0     0 3.4870e+09    0  329 3.4377e+09 3.4870e+09  1.43%     -  636s
     0     0 3.4870e+09    0  337 3.4377e+09 3.4870e+09  1.43%     -  679s
     0     0 3.4864e+09    0  346 3.4377e+09 3.4864e+09  1.42%     -  804s
     0     0 3.4864e+09    0  344 3.4377e+09 3.4864e+09  1.42%     -  835s
     0     0 3.4864e+09    0  351 3.4377e+09 3.4864e+09  1.42%     -  865s
     0     0 3.4864e+09    0  353 3.4377e+09 3.4864e+09  1.42%     -  960s
     0     0 3.4863e+09    0  338 3.4377e+09 3.4863e+09  1.41%     - 1227s
     0     0 3.4863e+09    0  343 3.4377e+09 3.4863e+09  1.41%     - 1259s
     0     0 3.4862e+09    0  328 3.4377e+09 3.4862e+09  1.41%     - 1369s
H    0     0                    3.454450e+09 3.4862e+09  0.92%     - 1425s

Cutting planes:
  Learned: 2
  Cover: 26
  Implied bound: 8
  MIR: 28
  Flow cover: 8
  RLT: 3
  Relax-and-lift: 5

Explored 1 nodes (81513 simplex iterations) in 1425.71 seconds (1576.78 work units)
Thread count was 20 (of 40 available processors)

Solution count 4: 3.45445e+09 3.45445e+09 3.43771e+09 3.41563e+09 

Optimal solution found (tolerance 1.00e-02)
Best objective 3.454450499008e+09, best bound 3.486158779528e+09, gap 0.9179%
Gurobi Optimizer version 10.0.1 build v10.0.1rc0 (linux64)

CPU model: Intel(R) Xeon(R) Gold 5115 CPU @ 2.40GHz, instruction set [SSE2|AVX|AVX2|AVX512]
Thread count: 20 physical cores, 40 logical processors, using up to 20 threads

Optimize a model with 199341 rows, 2388388 columns and 17712894 nonzeros
Model fingerprint: 0x068a1054
Variable types: 23697 continuous, 2364691 integer (2364691 binary)
Coefficient statistics:
  Matrix range     [1e+00, 2e+05]
  Objective range  [4e+01, 3e+07]
  Bounds range     [2e-16, 3e+05]
  RHS range        [1e+00, 5e+06]
Presolve removed 181851 rows and 2111934 columns (presolve time = 6s) ...
Presolve removed 184241 rows and 2114116 columns (presolve time = 10s) ...
Presolve removed 184223 rows and 2114098 columns
Presolve time: 12.61s
Presolved: 15118 rows, 274290 columns, 1361126 nonzeros
Variable types: 4162 continuous, 270128 integer (269995 binary)
Deterministic concurrent LP optimizer: primal simplex, dual simplex, and barrier
Showing barrier log only...

Root barrier log...

Ordering time: 0.33s

Barrier statistics:
 AA' NZ     : 6.196e+05
 Factor NZ  : 1.813e+06 (roughly 130 MB of memory)
 Factor Ops : 1.148e+09 (less than 1 second per iteration)
 Threads    : 17

                  Objective                Residual
Iter       Primal          Dual         Primal    Dual     Compl     Time
   0  -1.23367042e+15  3.87561677e+13  1.82e+08 4.41e+06  3.39e+11    16s
   1  -2.21124016e+14  2.55931029e+13  3.28e+07 6.73e+06  6.17e+10    16s
   2  -1.64330444e+13  1.16134851e+13  2.54e+06 2.63e-08  4.82e+09    16s
   3  -1.88638378e+12  7.06141744e+12  2.91e+05 2.26e-08  5.70e+08    17s
   4  -5.44867179e+11  4.16793616e+12  8.43e+04 2.24e-08  1.69e+08    17s
   5  -1.12342568e+11  3.64131823e+12  1.77e+04 1.98e-08  4.00e+07    17s
   6  -6.58610914e+10  2.41830422e+12  1.05e+04 2.42e-08  2.23e+07    17s
   7  -3.04479073e+10  2.04681767e+12  5.09e+03 8.01e-08  1.20e+07    17s
   8  -1.00331897e+10  1.27963415e+12  1.98e+03 9.88e-08  5.11e+06    17s
   9  -5.87148039e+09  5.23526841e+11  1.37e+03 1.45e-07  2.46e+06    17s
  10  -2.15770689e+09  2.33360894e+11  8.17e+02 2.68e-07  1.18e+06    17s
  11   2.87286936e+09  5.86519945e+10  7.19e+01 8.22e-08  1.57e+05    17s
  12   3.16534274e+09  4.12291528e+10  3.07e+01 1.18e-07  9.30e+04    18s
  13   3.23774545e+09  2.89306032e+10  2.09e+01 1.27e-07  6.31e+04    18s
  14   3.26633980e+09  2.67075687e+10  1.69e+01 1.20e-07  5.60e+04    18s
  15   3.30893657e+09  2.22758991e+10  1.11e+01 8.11e-08  4.35e+04    18s
  16   3.32495306e+09  1.64858946e+10  8.92e+00 9.02e-08  3.21e+04    18s
  17   3.34531995e+09  1.45093845e+10  5.99e+00 9.68e-08  2.61e+04    18s
  18   3.36258676e+09  1.18517910e+10  3.69e+00 1.01e-07  1.94e+04    18s
  19   3.36629618e+09  9.79980974e+09  3.25e+00 7.35e-08  1.50e+04    18s
  20   3.37348943e+09  8.63292111e+09  2.43e+00 6.70e-08  1.19e+04    18s
  21   3.38910578e+09  7.44858404e+09  1.06e+00 6.70e-08  8.30e+03    19s
  22   3.40418530e+09  5.93088432e+09  5.09e-01 5.01e-08  4.92e+03    19s
  23   3.41428020e+09  4.64978726e+09  2.82e-01 3.15e-08  2.36e+03    19s
  24   3.41884400e+09  4.37981836e+09  2.02e-01 2.82e-08  1.81e+03    19s
  25   3.42198290e+09  4.16484040e+09  1.72e-01 2.19e-08  1.40e+03    19s
  26   3.42743905e+09  3.82520246e+09  1.14e-01 1.49e-08  7.42e+02    19s
  27   3.43157501e+09  3.68316802e+09  9.07e-02 9.08e-09  4.67e+02    19s
  28   3.43753875e+09  3.59662116e+09  5.00e-02 5.41e-09  2.94e+02    19s
  29   3.44525713e+09  3.55045486e+09  2.57e-02 4.42e-09  1.94e+02    20s
  30   3.44724933e+09  3.54336425e+09  2.21e-02 4.13e-09  1.77e+02    20s
  31   3.44769420e+09  3.53822435e+09  2.12e-02 5.59e-09  1.66e+02    20s
  32   3.44868801e+09  3.53062593e+09  1.96e-02 3.96e-09  1.51e+02    20s
  33   3.45032640e+09  3.52630290e+09  1.73e-02 4.07e-09  1.40e+02    20s
  34   3.45180054e+09  3.51752429e+09  1.54e-02 3.58e-09  1.21e+02    20s
  35   3.45286228e+09  3.51547914e+09  1.40e-02 3.73e-09  1.15e+02    20s
  36   3.45486464e+09  3.50411752e+09  1.17e-02 3.73e-09  9.04e+01    21s
  37   3.45540968e+09  3.50030932e+09  1.11e-02 3.73e-09  8.25e+01    21s
  38   3.45838236e+09  3.49213897e+09  8.12e-03 2.21e-09  6.20e+01    21s
  39   3.46110157e+09  3.48743147e+09  5.70e-03 2.07e-09  4.83e+01    21s
  40   3.46155180e+09  3.48556853e+09  5.36e-03 1.92e-09  4.41e+01    21s
  41   3.46365475e+09  3.48399931e+09  3.89e-03 2.76e-09  3.73e+01    21s
  42   3.46396287e+09  3.48126081e+09  3.40e-03 2.30e-09  3.17e+01    22s
  43   3.46494825e+09  3.47969563e+09  2.92e-03 2.24e-09  2.71e+01    22s
  44   3.46639726e+09  3.47893149e+09  2.23e-03 3.73e-09  2.30e+01    22s
  45   3.46786249e+09  3.47765550e+09  1.62e-03 2.33e-09  1.80e+01    22s
  46   3.46852154e+09  3.47636363e+09  1.39e-03 2.21e-09  1.44e+01    22s
  47   3.46923874e+09  3.47561697e+09  1.13e-03 2.07e-09  1.17e+01    22s
  48   3.46999071e+09  3.47513679e+09  8.73e-04 2.04e-09  9.44e+00    23s
  49   3.47050164e+09  3.47473530e+09  7.09e-04 2.15e-09  7.76e+00    23s
  50   3.47113489e+09  3.47396178e+09  5.17e-04 3.73e-09  5.18e+00    23s
  51   3.47176854e+09  3.47372219e+09  3.32e-04 2.44e-09  3.58e+00    23s
  52   3.47189593e+09  3.47367039e+09  2.96e-04 2.85e-09  3.25e+00    23s
  53   3.47246184e+09  3.47341812e+09  1.36e-04 1.95e-09  1.75e+00    23s
  54   3.47258961e+09  3.47330344e+09  1.01e-04 2.44e-09  1.31e+00    24s
  55   3.47275073e+09  3.47314763e+09  5.78e-05 1.46e-09  7.28e-01    24s
  56   3.47286884e+09  3.47309783e+09  2.67e-05 1.57e-09  4.20e-01    24s
  57   3.47288911e+09  3.47305551e+09  2.15e-05 1.72e-09  3.05e-01    24s
  58   3.47292169e+09  3.47303978e+09  1.36e-05 2.01e-09  2.17e-01    24s
  59   3.47295336e+09  3.47299980e+09  5.81e-06 1.89e-09  8.52e-02    24s
  60   3.47297259e+09  3.47298763e+09  1.25e-06 1.63e-09  2.76e-02    24s
  61   3.47297716e+09  3.47298027e+09  1.45e-06 1.86e-09  5.71e-03    24s
  62   3.47297824e+09  3.47297849e+09  2.93e-07 3.73e-09  4.62e-04    24s
  63   3.47297830e+09  3.47297830e+09  9.49e-09 1.86e-09  1.10e-05    24s
  64   3.47297830e+09  3.47297830e+09  4.86e-09 2.01e-09  8.39e-09    25s

Barrier solved model in 64 iterations and 24.61 seconds (21.49 work units)
Optimal objective 3.47297830e+09


Root crossover log...

    9855 DPushes remaining with DInf 0.0000000e+00                25s
       0 DPushes remaining with DInf 0.0000000e+00                25s

     491 PPushes remaining with PInf 1.3324673e-06                25s
       0 PPushes remaining with PInf 0.0000000e+00                25s

  Push phase complete: Pinf 0.0000000e+00, Dinf 3.2571580e-08     25s


Root simplex log...

Iteration    Objective       Primal Inf.    Dual Inf.      Time
   10260    3.4729783e+09   0.000000e+00   0.000000e+00     25s
Concurrent spin time: 0.01s

Solved with barrier
   10260    3.4729783e+09   0.000000e+00   3.461413e+04     25s
   10297    3.4729783e+09   0.000000e+00   0.000000e+00     25s
Extra simplex iterations after uncrush: 37

Root relaxation: objective 3.472978e+09, 10297 iterations, 10.54 seconds (6.96 work units)

    Nodes    |    Current Node    |     Objective Bounds      |     Work
 Expl Unexpl |  Obj  Depth IntInf | Incumbent    BestBd   Gap | It/Node Time

     0     0 3.4730e+09    0  204          - 3.4730e+09      -     -   26s
H    0     0                    3.458915e+09 3.4730e+09  0.41%     -   41s

Explored 1 nodes (12330 simplex iterations) in 45.92 seconds (35.04 work units)
Thread count was 20 (of 40 available processors)

Solution count 2: 3.45892e+09 3.45892e+09 

Optimal solution found (tolerance 1.00e-02)
Best objective 3.458915426706e+09, best bound 3.472978298917e+09, gap 0.4066%
