
Gurobi 10.0.1 (linux64) logging started Mon May 29 08:02:08 2023

Set parameter LogFile to value "logFiles/N-1L-D/N-1L-14U-27F-23V-240D/basic-05-29-2023, 08-01-H70-P50-O15.log"
Gurobi Optimizer version 10.0.1 build v10.0.1rc0 (linux64)

CPU model: Intel(R) Xeon(R) Gold 5115 CPU @ 2.40GHz, instruction set [SSE2|AVX|AVX2|AVX512]
Thread count: 20 physical cores, 40 logical processors, using up to 20 threads

Optimize a model with 92489 rows, 1195488 columns and 5251441 nonzeros
Model fingerprint: 0x6125631b
Variable types: 433085 continuous, 762403 integer (762403 binary)
Coefficient statistics:
  Matrix range     [1e+00, 2e+05]
  Objective range  [4e+01, 3e+07]
  Bounds range     [1e+00, 1e+00]
  RHS range        [1e+00, 2e+06]
Presolve removed 54751 rows and 33417 columns (presolve time = 5s) ...
Presolve removed 54765 rows and 33417 columns (presolve time = 10s) ...
Presolve removed 54765 rows and 33429 columns (presolve time = 15s) ...
Presolve removed 54772 rows and 33621 columns (presolve time = 20s) ...
Presolve removed 54734 rows and 33583 columns
Presolve time: 21.61s
Presolved: 37755 rows, 1161905 columns, 4743596 nonzeros
Variable types: 419446 continuous, 742459 integer (742459 binary)
Deterministic concurrent LP optimizer: primal simplex, dual simplex, and barrier
Showing barrier log only...

Root barrier log...

Ordering time: 1.29s

Barrier statistics:
 AA' NZ     : 2.092e+06
 Factor NZ  : 5.822e+06 (roughly 400 MB of memory)
 Factor Ops : 6.411e+09 (less than 1 second per iteration)
 Threads    : 17

                  Objective                Residual
Iter       Primal          Dual         Primal    Dual     Compl     Time
   0  -1.12791396e+16  2.68593297e+13  4.99e+08 4.74e+06  2.80e+11    35s
   1  -3.08705928e+15  2.28509011e+13  1.37e+08 3.51e+06  7.76e+10    35s
   2  -5.22434441e+14  1.46112716e+13  2.32e+07 2.13e+05  1.33e+10    35s
   3  -7.43946549e+13  9.76172118e+12  3.30e+06 1.52e+03  1.90e+09    36s
   4  -7.59979544e+12  7.07091126e+12  3.37e+05 2.89e+02  1.98e+08    36s
   5  -1.49359239e+12  5.47124973e+12  6.62e+04 1.10e+02  4.09e+07    37s
   6  -4.39675068e+11  4.33184999e+12  1.95e+04 4.88e+01  1.31e+07    37s
   7  -2.45592837e+11  3.06902582e+12  1.10e+04 2.01e+01  7.26e+06    37s
   8  -2.10920088e+11  2.65474627e+12  9.42e+03 1.28e+01  6.12e+06    37s
   9  -1.19110249e+11  1.88683663e+12  5.36e+03 4.28e+00  3.52e+06    38s
  10  -5.42765369e+10  1.32606018e+12  2.49e+03 1.78e+00  1.81e+06    38s
  11  -3.45441478e+10  9.28977616e+11  1.61e+03 8.15e-02  1.17e+06    39s
  12  -1.67559388e+10  6.82616389e+11  8.21e+02 1.14e-08  6.93e+05    39s
  13  -7.30530466e+09  4.21085436e+11  4.00e+02 1.14e-08  3.71e+05    39s
  14  -3.77952127e+09  2.46747214e+11  2.42e+02 2.06e-08  2.12e+05    40s
  15  -6.74982513e+08  1.06977199e+11  1.02e+02 2.10e-07  8.66e+04    40s
  16   3.98051420e+08  8.52040478e+10  5.43e+01 2.40e-07  6.03e+04    41s
  17   8.88637633e+08  6.95778484e+10  3.23e+01 2.67e-07  4.55e+04    41s
  18   1.07786486e+09  6.47542769e+10  2.38e+01 1.76e-07  4.05e+04    41s
  19   1.24573784e+09  5.28958969e+10  1.64e+01 2.57e-07  3.21e+04    42s
  20   1.35491198e+09  4.68696075e+10  1.16e+01 1.93e-07  2.76e+04    42s
  21   1.42526487e+09  3.42812109e+10  8.75e+00 1.91e-07  2.03e+04    43s
  22   1.43499253e+09  2.86997490e+10  8.35e+00 1.44e-07  1.72e+04    43s
  23   1.49795565e+09  2.07801605e+10  5.79e+00 1.21e-07  1.24e+04    44s
  24   1.54763737e+09  1.33399050e+10  3.88e+00 2.43e-07  7.80e+03    44s
  25   1.56004837e+09  1.12435478e+10  3.44e+00 1.39e-07  6.51e+03    45s
  26   1.60490947e+09  9.89295521e+09  1.84e+00 1.42e-07  5.14e+03    45s
  27   1.61683774e+09  9.55095630e+09  1.67e+00 1.48e-07  4.88e+03    46s
  28   1.63138335e+09  8.49548123e+09  1.40e+00 1.63e-07  4.19e+03    46s
  29   1.66530023e+09  7.73429976e+09  7.40e-01 2.07e-07  3.51e+03    47s
  30   1.69943989e+09  6.24916530e+09  3.37e-01 2.27e-07  2.54e+03    47s
  31   1.71667466e+09  4.04389505e+09  1.89e-01 3.57e-07  1.28e+03    47s
  32   1.75539743e+09  3.14698604e+09  8.83e-02 3.70e-07  7.59e+02    48s
  33   1.77724072e+09  2.80349398e+09  6.90e-02 3.75e-07  5.59e+02    48s
  34   1.79253284e+09  2.57753242e+09  5.54e-02 4.40e-07  4.28e+02    49s
  35   1.80591185e+09  2.41720819e+09  4.54e-02 5.09e-07  3.33e+02    49s
  36   1.82764815e+09  2.36901091e+09  3.60e-02 5.27e-07  2.94e+02    49s
  37   1.85665785e+09  2.25290281e+09  2.41e-02 4.24e-07  2.15e+02    50s
  38   1.87366607e+09  2.17028464e+09  1.78e-02 3.76e-07  1.61e+02    50s
  39   1.88789503e+09  2.09148577e+09  1.35e-02 2.18e-07  1.11e+02    51s
  40   1.89943450e+09  2.06093674e+09  1.05e-02 3.79e-07  8.77e+01    51s
  41   1.90434208e+09  2.04633682e+09  9.25e-03 2.72e-07  7.71e+01    52s
  42   1.91005310e+09  2.02462450e+09  7.64e-03 3.76e-07  6.22e+01    52s
  43   1.92099100e+09  2.01785473e+09  5.12e-03 5.82e-07  5.25e+01    53s
  44   1.92700730e+09  1.99927079e+09  3.83e-03 4.12e-07  3.91e+01    53s
  45   1.93093080e+09  1.98675220e+09  3.07e-03 5.84e-07  3.02e+01    53s
  46   1.93352780e+09  1.98409496e+09  2.61e-03 5.02e-07  2.74e+01    54s
  47   1.93520904e+09  1.97549258e+09  2.28e-03 4.38e-07  2.18e+01    54s
  48   1.93622361e+09  1.97252449e+09  2.11e-03 4.15e-07  1.97e+01    55s
  49   1.93805869e+09  1.96929273e+09  1.83e-03 8.82e-07  1.69e+01    55s
  50   1.94032089e+09  1.96790121e+09  1.51e-03 6.82e-07  1.49e+01    56s
  51   1.94211661e+09  1.96583136e+09  1.27e-03 4.82e-07  1.28e+01    56s
  52   1.94290448e+09  1.96398659e+09  1.18e-03 7.07e-07  1.14e+01    57s
  53   1.94352430e+09  1.96216487e+09  1.10e-03 3.96e-07  1.01e+01    57s
  54   1.94438286e+09  1.96040633e+09  9.87e-04 3.14e-07  8.70e+00    58s
  55   1.94714251e+09  1.95903068e+09  6.48e-04 3.53e-07  6.44e+00    58s
  56   1.94889559e+09  1.95745374e+09  4.39e-04 3.32e-07  4.64e+00    59s
  57   1.95104052e+09  1.95626156e+09  1.94e-04 2.81e-07  2.82e+00    59s
  58   1.95191499e+09  1.95525122e+09  1.02e-04 5.23e-07  1.80e+00    60s
  59   1.95245907e+09  1.95416494e+09  4.75e-05 9.52e-07  9.20e-01    60s
  60   1.95267936e+09  1.95364957e+09  2.68e-05 9.31e-07  5.23e-01    61s
  61   1.95275080e+09  1.95356040e+09  1.98e-05 7.39e-07  4.36e-01    61s
  62   1.95281495e+09  1.95339302e+09  1.38e-05 7.96e-07  3.12e-01    61s
  63   1.95289325e+09  1.95328130e+09  6.59e-06 6.13e-07  2.09e-01    62s
  64   1.95294001e+09  1.95307803e+09  2.75e-06 5.62e-07  7.44e-02    62s
  65   1.95296401e+09  1.95302144e+09  6.52e-07 7.32e-07  3.09e-02    62s
  66   1.95297109e+09  1.95298468e+09  1.82e-07 1.24e-06  7.32e-03    63s
  67   1.95297388e+09  1.95297628e+09  3.22e-08 7.38e-07  1.29e-03    63s
  68   1.95297440e+09  1.95297497e+09  1.43e-08 1.20e-06  3.07e-04    63s
  69   1.95297453e+09  1.95297462e+09  6.80e-09 6.64e-07  5.22e-05    64s
  70   1.95297457e+09  1.95297459e+09  4.55e-09 7.49e-07  1.01e-05    64s
  71   1.95297457e+09  1.95297457e+09  1.20e-09 7.01e-07  2.27e-06    64s
  72   1.95297457e+09  1.95297457e+09  9.96e-10 8.76e-07  5.19e-08    65s
  73   1.95297457e+09  1.95297457e+09  6.44e-11 7.16e-07  4.19e-11    65s

Barrier solved model in 73 iterations and 65.11 seconds (50.61 work units)
Optimal objective 1.95297457e+09


Root crossover log...

   26123 DPushes remaining with DInf 0.0000000e+00                65s
       0 DPushes remaining with DInf 0.0000000e+00                66s

     385 PPushes remaining with PInf 0.0000000e+00                66s
       0 PPushes remaining with PInf 0.0000000e+00                66s

  Push phase complete: Pinf 0.0000000e+00, Dinf 4.6525438e+05     66s


Root simplex log...

Iteration    Objective       Primal Inf.    Dual Inf.      Time
   26511    1.9529746e+09   0.000000e+00   4.652544e+05     66s
   26776    1.9529746e+09   0.000000e+00   0.000000e+00     68s
Concurrent spin time: 0.02s

Solved with barrier
   26776    1.9529746e+09   0.000000e+00   0.000000e+00     68s

Use crossover to convert LP symmetric solution to basic solution...

Root crossover log...

    6216 DPushes remaining with DInf 0.0000000e+00                69s
       0 DPushes remaining with DInf 0.0000000e+00                70s

      76 PPushes remaining with PInf 0.0000000e+00                70s
       3 PPushes remaining with PInf 0.0000000e+00                70s

  Push phase complete: Pinf 0.0000000e+00, Dinf 8.2942079e+05     70s


Root simplex log...

Iteration    Objective       Primal Inf.    Dual Inf.      Time
   32152    1.9529746e+09   0.000000e+00   8.294294e+05     70s
   32317    1.9529746e+09   0.000000e+00   0.000000e+00     71s
   32385    1.9529746e+09   0.000000e+00   0.000000e+00     72s
Extra simplex iterations after uncrush: 68

Root relaxation: objective 1.952975e+09, 32385 iterations, 46.14 seconds (31.41 work units)
Total elapsed time = 75.67s

    Nodes    |    Current Node    |     Objective Bounds      |     Work
 Expl Unexpl |  Obj  Depth IntInf | Incumbent    BestBd   Gap | It/Node Time

     0     0 1.9530e+09    0  376          - 1.9530e+09      -     -   78s
H    0     0                    1.917138e+09 1.9530e+09  1.87%     -  108s
     0     0 1.9529e+09    0  352 1.9171e+09 1.9529e+09  1.86%     -  267s
H    0     0                    1.919950e+09 1.9529e+09  1.72%     -  373s
     0     0 1.9528e+09    0  333 1.9199e+09 1.9528e+09  1.71%     -  487s
     0     0 1.9528e+09    0  340 1.9199e+09 1.9528e+09  1.71%     -  495s
     0     0 1.9528e+09    0  377 1.9199e+09 1.9528e+09  1.71%     -  533s
     0     0 1.9528e+09    0  351 1.9199e+09 1.9528e+09  1.71%     -  648s
     0     0 1.9528e+09    0  351 1.9199e+09 1.9528e+09  1.71%     -  650s
     0     0 1.9528e+09    0  359 1.9199e+09 1.9528e+09  1.71%     -  716s
     0     0 1.9528e+09    0  340 1.9199e+09 1.9528e+09  1.71%     -  758s
     0     0 1.9528e+09    0  366 1.9199e+09 1.9528e+09  1.71%     -  767s
     0     0 1.9528e+09    0  339 1.9199e+09 1.9528e+09  1.71%     -  806s
H    0     0                    1.925083e+09 1.9528e+09  1.44%     -  859s
     0     0 1.9528e+09    0  346 1.9251e+09 1.9528e+09  1.44%     -  861s
     0     0 1.9528e+09    0  367 1.9251e+09 1.9528e+09  1.44%     -  929s
H    0     0                    1.925240e+09 1.9528e+09  1.43%     - 1007s
     0     0 1.9528e+09    0  366 1.9252e+09 1.9528e+09  1.43%     - 1010s
     0     0 1.9528e+09    0  372 1.9252e+09 1.9528e+09  1.43%     - 1029s
     0     0 1.9528e+09    0  386 1.9252e+09 1.9528e+09  1.43%     - 1065s
     0     0 1.9527e+09    0  387 1.9252e+09 1.9527e+09  1.43%     - 1141s
     0     0 1.9527e+09    0  390 1.9252e+09 1.9527e+09  1.43%     - 1158s
     0     0 1.9527e+09    0  383 1.9252e+09 1.9527e+09  1.43%     - 1181s
     0     0 1.9527e+09    0  390 1.9252e+09 1.9527e+09  1.43%     - 1247s
     0     0 1.9527e+09    0  396 1.9252e+09 1.9527e+09  1.43%     - 1258s
     0     0 1.9527e+09    0  395 1.9252e+09 1.9527e+09  1.43%     - 1273s
     0     0 1.9527e+09    0  395 1.9252e+09 1.9527e+09  1.43%     - 1279s
     0     0 1.9527e+09    0  394 1.9252e+09 1.9527e+09  1.43%     - 1317s
H    0     2                    1.925379e+09 1.9527e+09  1.42%     - 1688s
     0     2 1.9527e+09    0  389 1.9254e+09 1.9527e+09  1.42%     - 1688s
     1     4 1.9527e+09    1  390 1.9254e+09 1.9527e+09  1.42%  9095 1794s
     3     8 1.9527e+09    2  378 1.9254e+09 1.9527e+09  1.42%  4389 1911s
     7    16 1.9527e+09    3  382 1.9254e+09 1.9527e+09  1.42%  2794 2101s
    15    32 1.9527e+09    4  387 1.9254e+09 1.9527e+09  1.42%  2281 2304s
H   31    52                    1.925614e+09 1.9527e+09  1.41%  2166 2787s
H   32    52                    1.925834e+09 1.9527e+09  1.40%  2132 2789s
H   34    52                    1.926012e+09 1.9527e+09  1.39%  2033 2791s
H   35    52                    1.930770e+09 1.9527e+09  1.14%  1983 2793s
    51    72 1.9527e+09    6  391 1.9308e+09 1.9527e+09  1.14%  2149 3034s
    71    92 1.9527e+09    6  376 1.9308e+09 1.9527e+09  1.14%  2469 3300s
H   91   112                    1.930771e+09 1.9527e+09  1.14%  2384 5045s
H   92   112                    1.931098e+09 1.9527e+09  1.12%  2372 5047s
H   93   112                    1.931202e+09 1.9527e+09  1.11%  2349 5050s
H   96   112                    1.931274e+09 1.9527e+09  1.11%  2358 5052s
H   98   112                    1.933454e+09 1.9527e+09  1.00%  2345 5054s
H   99   112                    1.934130e+09 1.9527e+09  0.96%  2322 5056s

Cutting planes:
  Cover: 17
  Implied bound: 43
  Clique: 3
  MIR: 50
  Flow cover: 9
  GUB cover: 3
  Network: 2
  RLT: 50
  Relax-and-lift: 13

Explored 111 nodes (323727 simplex iterations) in 5057.02 seconds (3149.43 work units)
Thread count was 20 (of 40 available processors)

Solution count 10: 1.93413e+09 1.93345e+09 1.93127e+09 ... 1.92561e+09

Optimal solution found (tolerance 1.00e-02)
Best objective 1.934129527374e+09, best bound 1.952716060649e+09, gap 0.9610%
Gurobi Optimizer version 10.0.1 build v10.0.1rc0 (linux64)

CPU model: Intel(R) Xeon(R) Gold 5115 CPU @ 2.40GHz, instruction set [SSE2|AVX|AVX2|AVX512]
Thread count: 20 physical cores, 40 logical processors, using up to 20 threads

Optimize a model with 144562 rows, 2021386 columns and 11866746 nonzeros
Model fingerprint: 0xd1fe98ce
Variable types: 571086 continuous, 1450300 integer (1450300 binary)
Coefficient statistics:
  Matrix range     [1e+00, 2e+05]
  Objective range  [4e+01, 3e+07]
  Bounds range     [1e+00, 3e+05]
  RHS range        [1e+00, 4e+06]
Presolve removed 99797 rows and 780173 columns
Presolve time: 1.20s

Explored 0 nodes (0 simplex iterations) in 2.56 seconds (1.45 work units)
Thread count was 1 (of 40 available processors)

Solution count 0

Model is infeasible or unbounded
Best objective -, best bound -, gap -
IIS computation: initial model status unknown, solving to determine model status
Presolve removed 99809 rows and 787122 columns
Presolve time: 1.13s

Explored 0 nodes (0 simplex iterations) in 3.27 seconds (1.46 work units)
Thread count was 1 (of 40 available processors)

Solution count 0
No other solutions better than -1e+100

Model is infeasible
Best objective -, best bound -, gap -

IIS computed: 1 constraints, 105 bounds
IIS runtime: 3.33 seconds (1.46 work units)
