
Gurobi 10.0.1 (linux64) logging started Mon May 29 04:17:27 2023

Set parameter LogFile to value "logFiles/A-2L-B/A-2L-6U-38F-15V-240D/basic-05-29-2023, 04-17-H70-P50-O15.log"
Gurobi Optimizer version 10.0.1 build v10.0.1rc0 (linux64)

CPU model: Intel(R) Xeon(R) Gold 5115 CPU @ 2.40GHz, instruction set [SSE2|AVX|AVX2|AVX512]
Thread count: 20 physical cores, 40 logical processors, using up to 20 threads

Optimize a model with 40330 rows, 425746 columns and 1760488 nonzeros
Model fingerprint: 0x386f704d
Variable types: 178062 continuous, 247684 integer (247684 binary)
Coefficient statistics:
  Matrix range     [1e+00, 2e+05]
  Objective range  [4e+01, 3e+07]
  Bounds range     [1e+00, 1e+00]
  RHS range        [1e+00, 2e+06]
Presolve removed 27143 rows and 15136 columns (presolve time = 5s) ...
Presolve removed 27128 rows and 15121 columns
Presolve time: 5.13s
Presolved: 13202 rows, 410625 columns, 1635270 nonzeros
Variable types: 173254 continuous, 237371 integer (237366 binary)
Deterministic concurrent LP optimizer: primal simplex, dual simplex, and barrier
Showing barrier log only...

Root barrier log...

Ordering time: 0.58s

Barrier statistics:
 AA' NZ     : 8.791e+05
 Factor NZ  : 6.772e+06 (roughly 230 MB of memory)
 Factor Ops : 1.225e+10 (less than 1 second per iteration)
 Threads    : 17

                  Objective                Residual
Iter       Primal          Dual         Primal    Dual     Compl     Time
   0  -1.82246263e+16  1.73414984e+13  8.41e+08 4.77e+06  9.84e+11     9s
   1  -4.92272905e+15  2.01303267e+13  2.27e+08 3.90e+06  2.68e+11     9s
   2  -1.85835811e+15  2.16813604e+13  8.59e+07 1.56e+05  1.03e+11    10s
   3  -4.00016360e+13  1.79709806e+13  1.85e+06 1.49e-08  2.25e+09    10s
   4  -6.68960315e+12  6.21319913e+12  3.10e+05 1.49e-08  3.90e+08    10s
   5  -1.06225208e+12  5.10390699e+12  4.92e+04 1.49e-08  6.72e+07    10s
   6  -3.42326598e+11  3.26570221e+12  1.59e+04 9.55e-09  2.32e+07    10s
   7  -1.91704489e+11  3.17021833e+12  8.91e+03 1.14e-08  1.46e+07    11s
   8  -1.78885647e+11  2.09895219e+12  8.32e+03 1.12e-08  1.19e+07    11s
   9  -1.13469901e+11  1.82839172e+12  5.29e+03 4.19e-07  8.00e+06    11s
  10  -7.17838443e+10  1.33361167e+12  3.36e+03 1.50e-07  5.06e+06    11s
  11  -3.15638444e+10  7.40199713e+11  1.51e+03 5.22e-08  2.28e+06    11s
  12  -9.83838998e+09  2.25963498e+11  5.02e+02 4.84e-08  6.70e+05    12s
  13  -2.29969620e+09  9.78283625e+10  1.54e+02 1.19e-07  2.30e+05    12s
  14  -1.39665143e+08  4.58094503e+10  5.54e+01 5.96e-08  9.33e+04    12s
  15   2.49165516e+08  3.78867848e+10  3.77e+01 1.19e-07  7.12e+04    12s
  16   4.25596287e+08  3.69792234e+10  2.97e+01 1.19e-07  6.45e+04    12s
  17   5.63607136e+08  2.59127431e+10  2.35e+01 5.96e-08  4.71e+04    13s
  18   7.28407378e+08  1.16009506e+10  1.62e+01 5.67e-08  2.46e+04    13s
  19   8.72003597e+08  8.23024011e+09  9.94e+00 5.26e-08  1.59e+04    13s
  20   9.27665501e+08  5.11481240e+09  7.59e+00 6.10e-08  1.04e+04    14s
  21   9.46289601e+08  4.34727842e+09  6.92e+00 6.84e-08  8.84e+03    14s
  22   9.93051437e+08  4.21637639e+09  5.23e+00 5.35e-08  7.47e+03    14s
  23   1.03479608e+09  3.65083174e+09  3.99e+00 4.86e-08  5.78e+03    14s
  24   1.05927360e+09  3.36264198e+09  3.55e+00 7.45e-08  5.05e+03    14s
  25   1.08609821e+09  3.16826155e+09  2.93e+00 6.26e-08  4.35e+03    15s
  26   1.11942303e+09  3.07577256e+09  2.30e+00 6.86e-08  3.78e+03    15s
  27   1.14271958e+09  2.50196242e+09  1.92e+00 5.40e-08  2.71e+03    15s
  28   1.17502202e+09  2.29700524e+09  1.49e+00 6.71e-08  2.14e+03    16s
  29   1.20503023e+09  1.88945834e+09  1.14e+00 5.96e-08  1.33e+03    16s
  30   1.24513494e+09  1.69138985e+09  7.76e-01 6.33e-08  8.32e+02    16s
  31   1.27122249e+09  1.58836480e+09  5.72e-01 5.97e-08  5.72e+02    16s
  32   1.31329534e+09  1.52387360e+09  2.70e-01 5.59e-08  3.32e+02    17s
  33   1.32232416e+09  1.48628903e+09  2.22e-01 5.63e-08  2.54e+02    17s
  34   1.34032579e+09  1.46967598e+09  1.21e-01 6.75e-08  1.86e+02    17s
  35   1.34048365e+09  1.46648154e+09  1.21e-01 6.89e-08  1.81e+02    17s
  36   1.34770006e+09  1.45262420e+09  8.75e-02 9.32e-08  1.47e+02    17s
  37   1.35625978e+09  1.42641377e+09  5.64e-02 7.26e-08  9.64e+01    18s
  38   1.35750049e+09  1.42237583e+09  5.26e-02 7.20e-08  8.90e+01    18s
  39   1.35994911e+09  1.42120551e+09  4.37e-02 9.78e-08  8.28e+01    18s
  40   1.36312278e+09  1.40574508e+09  3.41e-02 7.74e-08  5.78e+01    18s
  41   1.36649540e+09  1.39954119e+09  2.49e-02 7.22e-08  4.44e+01    19s
  42   1.36698746e+09  1.39748894e+09  2.37e-02 6.59e-08  4.11e+01    19s
  43   1.36767793e+09  1.39682327e+09  2.21e-02 8.51e-08  3.92e+01    19s
  44   1.36793535e+09  1.39544140e+09  2.15e-02 7.51e-08  3.70e+01    19s
  45   1.36966652e+09  1.39285959e+09  1.78e-02 8.24e-08  3.11e+01    19s
  46   1.37155629e+09  1.39042657e+09  1.42e-02 8.20e-08  2.53e+01    20s
  47   1.37321812e+09  1.38858061e+09  1.12e-02 7.42e-08  2.05e+01    20s
  48   1.37363593e+09  1.38794988e+09  1.05e-02 7.81e-08  1.91e+01    20s
  49   1.37485430e+09  1.38656732e+09  8.63e-03 8.43e-08  1.56e+01    20s
  50   1.37596334e+09  1.38573502e+09  6.98e-03 9.07e-08  1.30e+01    21s
  51   1.37679019e+09  1.38503802e+09  5.88e-03 8.16e-08  1.10e+01    21s
  52   1.37754122e+09  1.38427531e+09  4.95e-03 5.96e-08  8.97e+00    21s
  53   1.37791903e+09  1.38385381e+09  4.49e-03 7.40e-08  7.93e+00    21s
  54   1.37909347e+09  1.38348128e+09  3.04e-03 6.72e-08  5.82e+00    22s
  55   1.37991917e+09  1.38305892e+09  2.09e-03 6.69e-08  4.15e+00    22s
  56   1.38015454e+09  1.38284522e+09  1.83e-03 7.63e-08  3.56e+00    22s
  57   1.38048948e+09  1.38266293e+09  1.49e-03 7.44e-08  2.88e+00    23s
  58   1.38098106e+09  1.38236117e+09  9.75e-04 7.45e-08  1.83e+00    23s
  59   1.38140485e+09  1.38229030e+09  5.35e-04 9.85e-08  1.16e+00    23s
  60   1.38151952e+09  1.38222741e+09  4.23e-04 8.54e-08  9.29e-01    23s
  61   1.38166363e+09  1.38217126e+09  2.81e-04 8.13e-08  6.63e-01    24s
  62   1.38173751e+09  1.38206862e+09  2.09e-04 6.87e-08  4.37e-01    24s
  63   1.38184016e+09  1.38201447e+09  1.10e-04 6.36e-08  2.30e-01    24s
  64   1.38190847e+09  1.38198923e+09  4.45e-05 6.33e-08  1.06e-01    24s
  65   1.38194697e+09  1.38196691e+09  8.47e-06 5.09e-08  2.57e-02    25s
  66   1.38195366e+09  1.38196000e+09  2.72e-06 6.35e-08  8.18e-03    25s
  67   1.38195644e+09  1.38195714e+09  3.46e-07 6.33e-08  9.13e-04    25s
  68   1.38195698e+09  1.38195698e+09  1.40e-08 7.70e-08  3.45e-06    25s
  69   1.38195698e+09  1.38195698e+09  4.76e-10 5.98e-08  1.32e-10    25s

Barrier solved model in 69 iterations and 25.36 seconds (20.93 work units)
Optimal objective 1.38195698e+09


Root crossover log...

   10342 DPushes remaining with DInf 0.0000000e+00                25s
       0 DPushes remaining with DInf 0.0000000e+00                26s

    1264 PPushes remaining with PInf 0.0000000e+00                26s
      77 PPushes remaining with PInf 0.0000000e+00                26s

  Push phase complete: Pinf 0.0000000e+00, Dinf 5.6128150e-08     26s


Root simplex log...

Iteration    Objective       Primal Inf.    Dual Inf.      Time
   11532    1.3819570e+09   2.110055e+02   0.000000e+00     26s
   11582    1.3819570e+09   0.000000e+00   0.000000e+00     26s
Concurrent spin time: 0.01s

Solved with barrier
   11609    1.3819570e+09   0.000000e+00   0.000000e+00     26s
Extra simplex iterations after uncrush: 27

Root relaxation: objective 1.381957e+09, 11609 iterations, 19.68 seconds (13.81 work units)

    Nodes    |    Current Node    |     Objective Bounds      |     Work
 Expl Unexpl |  Obj  Depth IntInf | Incumbent    BestBd   Gap | It/Node Time

     0     0 1.3820e+09    0  245          - 1.3820e+09      -     -   28s
     0     0 1.3819e+09    0  253          - 1.3819e+09      -     -   38s
H    0     0                    1.333137e+09 1.3819e+09  3.66%     -   49s
H    0     0                    1.346865e+09 1.3819e+09  2.60%     -   51s
     0     0 1.3819e+09    0  257 1.3469e+09 1.3819e+09  2.60%     -   53s
     0     0 1.3819e+09    0  257 1.3469e+09 1.3819e+09  2.60%     -   54s
     0     0 1.3818e+09    0  256 1.3469e+09 1.3818e+09  2.59%     -   65s
     0     0 1.3818e+09    0  250 1.3469e+09 1.3818e+09  2.59%     -   82s
     0     0 1.3818e+09    0  246 1.3469e+09 1.3818e+09  2.59%     -   87s
     0     0 1.3818e+09    0  233 1.3469e+09 1.3818e+09  2.59%     -   90s
     0     0 1.3818e+09    0  233 1.3469e+09 1.3818e+09  2.59%     -   91s
     0     0 1.3818e+09    0  239 1.3469e+09 1.3818e+09  2.59%     -   92s
     0     0 1.3818e+09    0  251 1.3469e+09 1.3818e+09  2.59%     -  103s
     0     0 1.3818e+09    0  246 1.3469e+09 1.3818e+09  2.59%     -  106s
     0     0 1.3818e+09    0  247 1.3469e+09 1.3818e+09  2.59%     -  107s
     0     0 1.3818e+09    0  274 1.3469e+09 1.3818e+09  2.59%     -  112s
     0     0 1.3818e+09    0  248 1.3469e+09 1.3818e+09  2.59%     -  116s
     0     0 1.3818e+09    0  247 1.3469e+09 1.3818e+09  2.59%     -  116s
     0     0 1.3817e+09    0  256 1.3469e+09 1.3817e+09  2.59%     -  120s
H    0     0                    1.348546e+09 1.3817e+09  2.46%     -  122s
     0     0 1.3817e+09    0  256 1.3485e+09 1.3817e+09  2.46%     -  122s
     0     0 1.3817e+09    0  275 1.3485e+09 1.3817e+09  2.46%     -  126s
H    0     0                    1.350663e+09 1.3817e+09  2.30%     -  132s
     0     0 1.3817e+09    0  269 1.3507e+09 1.3817e+09  2.30%     -  133s
     0     0 1.3817e+09    0  306 1.3507e+09 1.3817e+09  2.30%     -  137s
H    0     0                    1.351417e+09 1.3817e+09  2.24%     -  142s
     0     0 1.3817e+09    0  300 1.3514e+09 1.3817e+09  2.24%     -  143s
     0     0 1.3817e+09    0  300 1.3514e+09 1.3817e+09  2.24%     -  144s
     0     0 1.3817e+09    0  301 1.3514e+09 1.3817e+09  2.24%     -  149s
H    0     0                    1.352631e+09 1.3817e+09  2.15%     -  155s
     0     0 1.3817e+09    0  307 1.3526e+09 1.3817e+09  2.15%     -  157s
     0     0 1.3817e+09    0  287 1.3526e+09 1.3817e+09  2.15%     -  172s
     0     0 1.3817e+09    0  269 1.3526e+09 1.3817e+09  2.15%     -  177s
     0     2 1.3817e+09    0  265 1.3526e+09 1.3817e+09  2.15%     -  230s
     1     4 1.3817e+09    1  259 1.3526e+09 1.3817e+09  2.15%  6743  235s
     3     8 1.3817e+09    2  269 1.3526e+09 1.3817e+09  2.15%  2544  242s
     7    16 1.3817e+09    3  251 1.3526e+09 1.3817e+09  2.15%  1559  256s
    15    32 1.3817e+09    4  273 1.3526e+09 1.3817e+09  2.15%  1343  281s
H   31    52                    1.352632e+09 1.3817e+09  2.15%  1620  319s
H   31    52                    1.358679e+09 1.3817e+09  1.70%  1620  320s
    51    72 1.3817e+09    6  291 1.3587e+09 1.3817e+09  1.70%  1329  344s
    71    92 1.3817e+09    7  297 1.3587e+09 1.3817e+09  1.70%  1151  362s
H   91   112                    1.358683e+09 1.3817e+09  1.70%  1011  393s
H   97   112                    1.358685e+09 1.3817e+09  1.70%   973  394s
   111   132 1.3817e+09    9  300 1.3587e+09 1.3817e+09  1.70%   935  425s
   131   155 1.3817e+09   10  300 1.3587e+09 1.3817e+09  1.70%   881  450s
H  154   175                    1.358893e+09 1.3817e+09  1.68%   852  707s
H  157   175                    1.361697e+09 1.3817e+09  1.47%   849  708s
H  158   175                    1.362966e+09 1.3817e+09  1.38%   844  708s
H  166   175                    1.365098e+09 1.3817e+09  1.22%   810  709s
   174   202 1.3817e+09   11  303 1.3651e+09 1.3817e+09  1.22%   786  729s
   189   202 1.3778e+09    9  199 1.3651e+09 1.3817e+09  1.22%   759  730s
   201   222 1.3817e+09   12  296 1.3651e+09 1.3817e+09  1.22%   755  804s
   221   287 1.3817e+09   13  307 1.3651e+09 1.3817e+09  1.22%   722  836s
   286   433 1.3817e+09   15  281 1.3651e+09 1.3817e+09  1.22%   635  939s
   440   635 1.3817e+09   20  272 1.3651e+09 1.3817e+09  1.22%   495 1024s
H  557   635                    1.365173e+09 1.3817e+09  1.21%   456 1025s
   656   912 1.3817e+09   28  280 1.3652e+09 1.3817e+09  1.21%   433 1222s
   940  1471 1.3817e+09   34  267 1.3652e+09 1.3817e+09  1.21%   390 1337s
H 1100  1471                    1.365415e+09 1.3817e+09  1.19%   378 1338s
  1527  2070 1.3817e+09   54  279 1.3654e+09 1.3817e+09  1.19%   331 1454s
H 2229  2114                    1.365567e+09 1.3817e+09  1.18%   303 1639s
H 2231  2114                    1.365581e+09 1.3817e+09  1.18%   303 1640s
H 2232  2114                    1.365629e+09 1.3817e+09  1.18%   304 1640s
H 2238  2114                    1.365726e+09 1.3817e+09  1.17%   303 1641s
H 2239  2113                    1.365951e+09 1.3817e+09  1.16%   303 1642s
  2361  2914 1.3816e+09   61  268 1.3660e+09 1.3817e+09  1.16%   292 1772s
  3167  3933 1.3816e+09   77  269 1.3660e+09 1.3817e+09  1.16%   279 1907s
  4187  4884 1.3816e+09   88  249 1.3660e+09 1.3817e+09  1.16%   255 2045s
H 4201  4880                    1.366060e+09 1.3817e+09  1.15%   257 2046s
H 4278  4842                    1.368614e+09 1.3817e+09  0.96%   265 2046s
H 4372  4840                    1.368798e+09 1.3817e+09  0.94%   264 2047s

Cutting planes:
  Cover: 53
  Implied bound: 117
  Clique: 4
  MIR: 76
  Flow cover: 70
  GUB cover: 4
  RLT: 53
  Relax-and-lift: 99

Explored 5147 nodes (1311463 simplex iterations) in 2047.67 seconds (2295.53 work units)
Thread count was 20 (of 40 available processors)

Solution count 10: 1.3688e+09 1.3688e+09 1.36861e+09 ... 1.36541e+09

Optimal solution found (tolerance 1.00e-02)
Best objective 1.368797781565e+09, best bound 1.381728660396e+09, gap 0.9447%
Gurobi Optimizer version 10.0.1 build v10.0.1rc0 (linux64)

CPU model: Intel(R) Xeon(R) Gold 5115 CPU @ 2.40GHz, instruction set [SSE2|AVX|AVX2|AVX512]
Thread count: 20 physical cores, 40 logical processors, using up to 20 threads

Optimize a model with 62713 rows, 789209 columns and 3998696 nonzeros
Model fingerprint: 0x861b3f44
Variable types: 257529 continuous, 531680 integer (531680 binary)
Coefficient statistics:
  Matrix range     [1e+00, 2e+05]
  Objective range  [4e+01, 3e+07]
  Bounds range     [1e+00, 3e+05]
  RHS range        [1e+00, 4e+06]
Presolve removed 52663 rows and 528823 columns (presolve time = 5s) ...
Presolve removed 52663 rows and 528823 columns (presolve time = 11s) ...
Presolve removed 53196 rows and 544145 columns
Presolve time: 13.73s
Presolved: 9517 rows, 245064 columns, 1038755 nonzeros
Variable types: 126290 continuous, 118774 integer (118764 binary)
Deterministic concurrent LP optimizer: primal simplex, dual simplex, and barrier
Showing barrier log only...

Root barrier log...

Ordering time: 0.28s

Barrier statistics:
 AA' NZ     : 5.733e+05
 Factor NZ  : 4.117e+06 (roughly 140 MB of memory)
 Factor Ops : 5.815e+09 (less than 1 second per iteration)
 Threads    : 17

                  Objective                Residual
Iter       Primal          Dual         Primal    Dual     Compl     Time
   0  -9.40971428e+15  2.05384881e+13  6.95e+08 3.05e+06  5.34e+11    16s
   1  -2.61284432e+15  1.96719393e+13  1.93e+08 2.68e+06  1.50e+11    17s
   2  -3.90487416e+14  1.54663352e+13  2.89e+07 6.92e+04  2.27e+10    17s
   3  -1.97218982e+13  9.24149328e+12  1.46e+06 1.86e+02  1.17e+09    17s
   4  -4.02424972e+12  2.90282918e+12  2.97e+05 1.21e-08  2.41e+08    17s
   5  -3.87260532e+11  1.54306349e+12  2.85e+04 9.43e-09  2.58e+07    17s
   6  -1.88032872e+11  1.04167990e+12  1.40e+04 9.31e-09  1.29e+07    17s
   7  -1.48645266e+11  6.86282017e+11  1.11e+04 7.68e-09  9.57e+06    17s
   8  -6.07290204e+10  4.28086557e+11  4.61e+03 6.52e-09  4.10e+06    18s
   9  -8.45850678e+09  2.17363678e+11  7.39e+02 7.57e-09  9.12e+05    18s
  10  -1.39513645e+09  6.94666539e+10  2.25e+02 7.68e-09  2.55e+05    18s
  11   4.59314109e+08  3.67831185e+10  9.01e+01 1.02e-08  1.16e+05    18s
  12   8.25657903e+08  2.66681190e+10  6.37e+01 1.68e-08  8.28e+04    18s
  13   1.08266319e+09  2.15369653e+10  4.53e+01 2.69e-08  6.33e+04    18s
  14   1.30662611e+09  1.33490993e+10  2.93e+01 3.52e-08  3.90e+04    18s
  15   1.37892716e+09  8.65868530e+09  2.43e+01 3.27e-08  2.72e+04    18s
  16   1.50800134e+09  5.79691762e+09  1.60e+01 3.61e-08  1.73e+04    19s
  17   1.58488540e+09  5.04012389e+09  1.11e+01 2.40e-08  1.33e+04    19s
  18   1.62332895e+09  4.61439694e+09  8.51e+00 3.42e-08  1.13e+04    19s
  19   1.64431344e+09  4.00824361e+09  7.19e+00 4.01e-08  9.31e+03    19s
  20   1.72637241e+09  3.72109427e+09  3.47e+00 3.20e-08  6.55e+03    19s
  21   1.76932131e+09  3.23858855e+09  2.72e+00 3.36e-08  4.82e+03    19s
  22   1.81371027e+09  2.88427592e+09  2.02e+00 2.08e-08  3.43e+03    19s
  23   1.85713323e+09  2.65962876e+09  1.38e+00 2.05e-08  2.42e+03    20s
  24   1.89634618e+09  2.49929401e+09  8.71e-01 1.96e-08  1.68e+03    20s
  25   1.92643389e+09  2.28363678e+09  5.82e-01 1.77e-08  9.65e+02    20s
  26   1.93652753e+09  2.17951155e+09  5.08e-01 1.12e-08  6.57e+02    20s
  27   1.97337943e+09  2.13758708e+09  2.21e-01 9.31e-09  3.94e+02    20s
  28   1.98095929e+09  2.12697689e+09  1.83e-01 8.38e-09  3.43e+02    20s
  29   1.98638795e+09  2.10923988e+09  1.56e-01 1.05e-08  2.84e+02    21s
  30   1.99199299e+09  2.08327160e+09  1.28e-01 7.45e-09  2.08e+02    21s
  31   2.00319505e+09  2.05998925e+09  8.10e-02 5.59e-09  1.26e+02    21s
  32   2.00494141e+09  2.04813341e+09  7.47e-02 4.66e-09  9.49e+01    21s
  33   2.01223309e+09  2.04284184e+09  4.62e-02 4.66e-09  6.60e+01    21s
  34   2.01316848e+09  2.04072181e+09  4.29e-02 4.66e-09  5.93e+01    21s
  35   2.01381187e+09  2.03844032e+09  4.07e-02 3.73e-09  5.28e+01    21s
  36   2.01658233e+09  2.03675439e+09  3.15e-02 3.73e-09  4.30e+01    22s
  37   2.01882283e+09  2.03411423e+09  2.48e-02 3.73e-09  3.25e+01    22s
  38   2.02084961e+09  2.03343613e+09  1.89e-02 3.73e-09  2.66e+01    22s
  39   2.02231687e+09  2.03226684e+09  1.51e-02 3.73e-09  2.10e+01    22s
  40   2.02360453e+09  2.03164998e+09  1.17e-02 4.66e-09  1.69e+01    22s
  41   2.02463462e+09  2.03097768e+09  9.28e-03 3.73e-09  1.33e+01    22s
  42   2.02580655e+09  2.03036298e+09  6.60e-03 4.66e-09  9.54e+00    22s
  43   2.02632920e+09  2.03009027e+09  5.47e-03 3.73e-09  7.87e+00    23s
  44   2.02731401e+09  2.02989369e+09  3.38e-03 3.73e-09  5.38e+00    23s
  45   2.02786799e+09  2.02967442e+09  2.31e-03 4.66e-09  3.76e+00    23s
  46   2.02814594e+09  2.02956654e+09  1.80e-03 3.73e-09  2.96e+00    23s
  47   2.02840315e+09  2.02948673e+09  1.34e-03 3.73e-09  2.25e+00    23s
  48   2.02855114e+09  2.02939189e+09  1.09e-03 3.73e-09  1.75e+00    23s
  49   2.02883158e+09  2.02933417e+09  6.12e-04 3.73e-09  1.04e+00    24s
  50   2.02903483e+09  2.02927441e+09  2.74e-04 3.73e-09  4.97e-01    24s
  51   2.02916240e+09  2.02924682e+09  7.14e-05 3.73e-09  1.74e-01    24s
  52   2.02919155e+09  2.02922862e+09  2.55e-05 3.73e-09  7.62e-02    24s
  53   2.02920134e+09  2.02921982e+09  1.13e-05 3.73e-09  3.79e-02    24s
  54   2.02920653e+09  2.02921105e+09  3.92e-06 4.66e-09  9.34e-03    24s
  55   2.02920786e+09  2.02920979e+09  4.50e-06 4.66e-09  4.01e-03    24s
  56   2.02920794e+09  2.02920966e+09  4.82e-06 4.66e-09  3.56e-03    24s
  57   2.02920888e+09  2.02920959e+09  7.80e-06 3.73e-09  1.47e-03    24s
  58   2.02920925e+09  2.02920935e+09  1.44e-06 4.66e-09  2.22e-04    24s
  59   2.02920931e+09  2.02920932e+09  1.14e-08 6.52e-09  3.50e-06    25s
  60   2.02920932e+09  2.02920932e+09  1.38e-08 5.59e-09  5.42e-11    25s

Barrier solved model in 60 iterations and 24.75 seconds (25.99 work units)
Optimal objective 2.02920932e+09


Root crossover log...

    7076 DPushes remaining with DInf 0.0000000e+00                25s
       0 DPushes remaining with DInf 0.0000000e+00                25s

     453 PPushes remaining with PInf 0.0000000e+00                25s
       0 PPushes remaining with PInf 0.0000000e+00                25s

  Push phase complete: Pinf 0.0000000e+00, Dinf 1.5027966e+07     25s


Root simplex log...

Iteration    Objective       Primal Inf.    Dual Inf.      Time
    7307    2.0292093e+09   0.000000e+00   1.502797e+07     25s
    7337    2.0292093e+09   0.000000e+00   0.000000e+00     25s
Concurrent spin time: 0.00s

Solved with barrier
    7337    2.0292093e+09   0.000000e+00   0.000000e+00     25s

Root relaxation: objective 2.029209e+09, 7337 iterations, 10.18 seconds (7.13 work units)

    Nodes    |    Current Node    |     Objective Bounds      |     Work
 Expl Unexpl |  Obj  Depth IntInf | Incumbent    BestBd   Gap | It/Node Time

     0     0 2.0292e+09    0  216          - 2.0292e+09      -     -   26s
     0     0 2.0292e+09    0  223          - 2.0292e+09      -     -   29s
     0     0 2.0292e+09    0  227          - 2.0292e+09      -     -   50s
     0     0 2.0268e+09    0  228          - 2.0268e+09      -     -   56s
H    0     0                    1.968849e+09 2.0268e+09  2.94%     -   62s
H    0     0                    1.971321e+09 2.0268e+09  2.82%     -   63s
     0     0 2.0268e+09    0  235 1.9713e+09 2.0268e+09  2.82%     -   64s
     0     0 2.0268e+09    0  235 1.9713e+09 2.0268e+09  2.82%     -   64s
     0     0 2.0259e+09    0  240 1.9713e+09 2.0259e+09  2.77%     -   68s
H    0     0                    1.989850e+09 2.0259e+09  1.81%     -   70s
     0     0 2.0257e+09    0  234 1.9898e+09 2.0257e+09  1.80%     -   73s
     0     0 2.0257e+09    0  246 1.9898e+09 2.0257e+09  1.80%     -   74s
     0     0 2.0257e+09    0  240 1.9898e+09 2.0257e+09  1.80%     -   77s
     0     0 2.0257e+09    0  246 1.9898e+09 2.0257e+09  1.80%     -   77s
     0     0 2.0253e+09    0  229 1.9898e+09 2.0253e+09  1.78%     -   85s
     0     0 2.0253e+09    0  221 1.9898e+09 2.0253e+09  1.78%     -   85s
     0     0 2.0253e+09    0  218 1.9898e+09 2.0253e+09  1.78%     -   90s
     0     0 2.0253e+09    0  204 1.9898e+09 2.0253e+09  1.78%     -   91s
     0     0 2.0253e+09    0  212 1.9898e+09 2.0253e+09  1.78%     -   92s
     0     0 2.0243e+09    0  215 1.9898e+09 2.0243e+09  1.73%     -   97s
H    0     0                    1.989960e+09 2.0243e+09  1.73%     -   99s
     0     0 2.0243e+09    0  223 1.9900e+09 2.0243e+09  1.73%     -  100s
     0     0 2.0243e+09    0  228 1.9900e+09 2.0243e+09  1.73%     -  100s
     0     0 2.0239e+09    0  212 1.9900e+09 2.0239e+09  1.71%     -  106s
     0     0 2.0238e+09    0  231 1.9900e+09 2.0238e+09  1.70%     -  110s
     0     0 2.0238e+09    0  231 1.9900e+09 2.0238e+09  1.70%     -  113s
     0     0 2.0238e+09    0  233 1.9900e+09 2.0238e+09  1.70%     -  114s
     0     0 2.0235e+09    0  220 1.9900e+09 2.0235e+09  1.69%     -  119s
H    0     0                    1.990807e+09 2.0235e+09  1.64%     -  122s
     0     0 2.0226e+09    0  229 1.9908e+09 2.0226e+09  1.59%     -  129s
     0     0 2.0225e+09    0  213 1.9908e+09 2.0225e+09  1.59%     -  131s
     0     0 2.0225e+09    0  222 1.9908e+09 2.0225e+09  1.59%     -  132s
     0     0 2.0225e+09    0  230 1.9908e+09 2.0225e+09  1.59%     -  133s
     0     0 2.0225e+09    0  251 1.9908e+09 2.0225e+09  1.59%     -  138s
     0     0 2.0225e+09    0  244 1.9908e+09 2.0225e+09  1.59%     -  140s
     0     0 2.0225e+09    0  248 1.9908e+09 2.0225e+09  1.59%     -  144s
     0     0 2.0225e+09    0  250 1.9908e+09 2.0225e+09  1.59%     -  144s
     0     0 2.0224e+09    0  223 1.9908e+09 2.0224e+09  1.59%     -  150s
     0     0 2.0224e+09    0  235 1.9908e+09 2.0224e+09  1.59%     -  154s
     0     0 2.0224e+09    0  234 1.9908e+09 2.0224e+09  1.59%     -  155s
     0     0 2.0224e+09    0  253 1.9908e+09 2.0224e+09  1.59%     -  161s
     0     0 2.0224e+09    0  261 1.9908e+09 2.0224e+09  1.59%     -  166s
     0     0 2.0224e+09    0  273 1.9908e+09 2.0224e+09  1.59%     -  170s
     0     0 2.0224e+09    0  283 1.9908e+09 2.0224e+09  1.59%     -  178s
     0     0 2.0224e+09    0  259 1.9908e+09 2.0224e+09  1.58%     -  184s
H    0     0                    1.993360e+09 2.0224e+09  1.45%     -  188s
     0     0 2.0224e+09    0  260 1.9934e+09 2.0224e+09  1.45%     -  190s
     0     0 2.0223e+09    0  252 1.9934e+09 2.0223e+09  1.45%     -  194s
     0     0 2.0223e+09    0  276 1.9934e+09 2.0223e+09  1.45%     -  198s
     0     0 2.0223e+09    0  264 1.9934e+09 2.0223e+09  1.45%     -  201s
     0     0 2.0223e+09    0  269 1.9934e+09 2.0223e+09  1.45%     -  201s
     0     0 2.0222e+09    0  235 1.9934e+09 2.0222e+09  1.45%     -  207s
     0     0 2.0222e+09    0  250 1.9934e+09 2.0222e+09  1.45%     -  211s
     0     0 2.0222e+09    0  237 1.9934e+09 2.0222e+09  1.45%     -  215s
     0     0 2.0222e+09    0  240 1.9934e+09 2.0222e+09  1.45%     -  217s
     0     0 2.0222e+09    0  260 1.9934e+09 2.0222e+09  1.45%     -  220s
H    0     0                    1.998635e+09 2.0222e+09  1.18%     -  224s
     0     0 2.0222e+09    0  257 1.9986e+09 2.0222e+09  1.18%     -  226s
     0     0 2.0222e+09    0  272 1.9986e+09 2.0222e+09  1.18%     -  226s
     0     0 2.0222e+09    0  280 1.9986e+09 2.0222e+09  1.18%     -  228s
     0     0 2.0222e+09    0  274 1.9986e+09 2.0222e+09  1.18%     -  230s
     0     0 2.0222e+09    0  265 1.9986e+09 2.0222e+09  1.18%     -  233s
     0     0 2.0222e+09    0  270 1.9986e+09 2.0222e+09  1.18%     -  238s
     0     0 2.0222e+09    0  275 1.9986e+09 2.0222e+09  1.18%     -  239s
     0     0 2.0221e+09    0  267 1.9986e+09 2.0221e+09  1.18%     -  243s
     0     0 2.0221e+09    0  252 1.9986e+09 2.0221e+09  1.18%     -  247s
     0     0 2.0221e+09    0  259 1.9986e+09 2.0221e+09  1.18%     -  248s
     0     0 2.0221e+09    0  277 1.9986e+09 2.0221e+09  1.17%     -  251s
H    0     0                    1.998669e+09 2.0221e+09  1.17%     -  255s
     0     0 2.0221e+09    0  279 1.9987e+09 2.0221e+09  1.17%     -  256s
     0     0 2.0221e+09    0  257 1.9987e+09 2.0221e+09  1.17%     -  259s
     0     0 2.0221e+09    0  248 1.9987e+09 2.0221e+09  1.17%     -  261s
H    0     0                    1.998675e+09 2.0221e+09  1.17%     -  338s
     0     2 2.0221e+09    0  248 1.9987e+09 2.0221e+09  1.17%     -  341s
     1     4 2.0221e+09    1  236 1.9987e+09 2.0221e+09  1.17%  1254  349s
     3     8 2.0221e+09    2  239 1.9987e+09 2.0221e+09  1.17%  1259  357s
     7    16 2.0221e+09    3  267 1.9987e+09 2.0221e+09  1.17%  1236  366s
    15    32 2.0221e+09    4  272 1.9987e+09 2.0221e+09  1.17%  1040  379s
H   31    52                    1.999484e+09 2.0221e+09  1.13%  1203  402s
H   32    52                    2.000869e+09 2.0221e+09  1.06%  1182  402s
H   33    52                    2.001562e+09 2.0221e+09  1.02%  1177  402s
    51    71 2.0220e+09    6  264 2.0016e+09 2.0221e+09  1.02%  1192  413s
    71    89 2.0221e+09    6  284 2.0016e+09 2.0221e+09  1.02%  1112  423s
H   91   108                    2.001920e+09 2.0221e+09  1.01%  1004  433s
H   92   108                    2.003351e+09 2.0221e+09  0.93%   993  433s
H  101   108                    2.003387e+09 2.0221e+09  0.93%   938  434s

Cutting planes:
  Cover: 104
  Implied bound: 68
  MIR: 192
  StrongCG: 1
  Flow cover: 108
  GUB cover: 2
  RLT: 97
  Relax-and-lift: 50

Explored 111 nodes (166305 simplex iterations) in 434.29 seconds (474.30 work units)
Thread count was 20 (of 40 available processors)

Solution count 10: 2.00339e+09 2.00335e+09 2.00192e+09 ... 1.99336e+09

Optimal solution found (tolerance 1.00e-02)
Best objective 2.003386563848e+09, best bound 2.022056173807e+09, gap 0.9319%
Gurobi Optimizer version 10.0.1 build v10.0.1rc0 (linux64)

CPU model: Intel(R) Xeon(R) Gold 5115 CPU @ 2.40GHz, instruction set [SSE2|AVX|AVX2|AVX512]
Thread count: 20 physical cores, 40 logical processors, using up to 20 threads

Optimize a model with 83095 rows, 983035 columns and 5799723 nonzeros
Model fingerprint: 0xaf63b5aa
Variable types: 97457 continuous, 885578 integer (885578 binary)
Coefficient statistics:
  Matrix range     [1e+00, 2e+05]
  Objective range  [4e+01, 3e+07]
  Bounds range     [1e+00, 3e+05]
  RHS range        [1e+00, 5e+06]
Presolve removed 75884 rows and 825750 columns (presolve time = 5s) ...
Presolve removed 75878 rows and 825823 columns
Presolve time: 9.93s
Presolved: 7217 rows, 157212 columns, 678439 nonzeros
Variable types: 48035 continuous, 109177 integer (109156 binary)
Deterministic concurrent LP optimizer: primal simplex, dual simplex, and barrier
Showing barrier log only...

Root barrier log...

Ordering time: 0.18s

Barrier statistics:
 AA' NZ     : 3.824e+05
 Factor NZ  : 2.195e+06 (roughly 80 MB of memory)
 Factor Ops : 2.072e+09 (less than 1 second per iteration)
 Threads    : 17

                  Objective                Residual
Iter       Primal          Dual         Primal    Dual     Compl     Time
   0  -6.25789561e+15  4.38395599e+12  3.93e+08 7.34e+05  2.13e+11    12s
   1  -2.13492316e+15  4.85943693e+12  1.35e+08 9.05e+05  7.39e+10    12s
   2  -5.18181085e+14  4.29220612e+12  3.30e+07 5.50e+04  1.83e+10    12s
   3  -1.35934087e+13  2.31935556e+12  8.65e+05 4.31e-09  4.89e+08    13s
   4  -3.86486588e+12  8.30442880e+11  2.46e+05 6.58e-09  1.41e+08    13s
   5  -8.36993270e+11  3.89045638e+11  5.33e+04 3.26e-09  3.21e+07    13s
   6  -3.67610767e+11  3.33814104e+11  2.35e+04 3.73e-09  1.46e+07    13s
   7  -1.36138434e+11  2.73880200e+11  8.76e+03 2.79e-09  5.88e+06    13s
   8  -2.98583188e+10  1.86152750e+11  2.02e+03 2.79e-09  1.68e+06    13s
   9  -1.59722327e+10  1.64138233e+11  1.14e+03 1.17e-07  1.11e+06    13s
  10  -4.39456512e+09  9.05218245e+10  4.08e+02 6.15e-08  4.63e+05    13s
  11   3.24686799e+08  3.47549232e+10  1.12e+02 5.91e-08  1.45e+05    13s
  12   8.91545517e+08  1.38137805e+10  7.67e+01 2.37e-08  6.30e+04    13s
  13   1.61418454e+09  7.89750857e+09  3.38e+01 2.48e-08  2.94e+04    13s
  14   1.81665599e+09  5.31449486e+09  2.23e+01 1.50e-08  1.74e+04    13s
  15   1.90544045e+09  4.62202224e+09  1.75e+01 1.32e-08  1.36e+04    13s
  16   1.98747541e+09  3.81688969e+09  1.31e+01 1.27e-08  9.58e+03    14s
  17   2.02194942e+09  3.30120695e+09  1.11e+01 9.31e-09  7.31e+03    14s
  18   2.13776955e+09  2.93490951e+09  4.35e+00 9.31e-09  3.80e+03    14s
  19   2.15565947e+09  2.68675502e+09  3.30e+00 1.02e-08  2.63e+03    14s
  20   2.18885471e+09  2.64544325e+09  1.26e+00 8.85e-09  1.80e+03    14s
  21   2.19761567e+09  2.42126070e+09  7.26e-01 1.12e-08  8.65e+02    14s
  22   2.20606720e+09  2.32343490e+09  2.22e-01 7.45e-09  4.04e+02    14s
  23   2.20922781e+09  2.25950562e+09  6.47e-02 5.59e-09  1.63e+02    14s
  24   2.21098798e+09  2.23146345e+09  1.28e-02 3.73e-09  6.50e+01    14s
  25   2.21156227e+09  2.22526691e+09  8.09e-03 3.73e-09  4.35e+01    14s
  26   2.21203561e+09  2.22203529e+09  5.68e-03 4.66e-09  3.17e+01    14s
  27   2.21230015e+09  2.22115439e+09  4.97e-03 5.59e-09  2.80e+01    14s
  28   2.21249117e+09  2.21982951e+09  4.40e-03 4.66e-09  2.32e+01    14s
  29   2.21330555e+09  2.21834722e+09  2.15e-03 3.73e-09  1.60e+01    15s
  30   2.21366378e+09  2.21722670e+09  1.59e-03 5.59e-09  1.13e+01    15s
  31   2.21395048e+09  2.21700206e+09  1.22e-03 5.59e-09  9.66e+00    15s
  32   2.21413447e+09  2.21671877e+09  1.00e-03 5.59e-09  8.18e+00    15s
  33   2.21436959e+09  2.21631543e+09  7.88e-04 7.45e-09  6.16e+00    15s
  34   2.21449789e+09  2.21622181e+09  6.71e-04 8.38e-09  5.46e+00    15s
  35   2.21471861e+09  2.21604130e+09  4.84e-04 1.02e-08  4.19e+00    15s
  36   2.21492431e+09  2.21596716e+09  3.41e-04 9.31e-09  3.30e+00    15s
  37   2.21497410e+09  2.21578891e+09  3.07e-04 7.45e-09  2.58e+00    15s
  38   2.21508903e+09  2.21571389e+09  2.33e-04 9.31e-09  1.98e+00    15s
  39   2.21516893e+09  2.21568164e+09  1.81e-04 5.59e-09  1.62e+00    16s
  40   2.21526694e+09  2.21560615e+09  1.20e-04 5.59e-09  1.07e+00    16s
  41   2.21534609e+09  2.21557567e+09  7.32e-05 4.66e-09  7.27e-01    16s
  42   2.21543392e+09  2.21550713e+09  1.99e-05 6.52e-09  2.32e-01    16s
  43   2.21545713e+09  2.21547876e+09  6.02e-06 8.38e-09  6.85e-02    16s
  44   2.21546793e+09  2.21547303e+09  5.56e-07 5.59e-09  1.61e-02    16s
  45   2.21546864e+09  2.21547139e+09  2.25e-07 4.66e-09  8.70e-03    16s
  46   2.21546891e+09  2.21547032e+09  1.79e-07 4.66e-09  4.45e-03    16s
  47   2.21546906e+09  2.21546937e+09  3.21e-08 6.52e-09  9.74e-04    16s
  48   2.21546911e+09  2.21546926e+09  6.89e-08 8.38e-09  4.61e-04    16s
  49   2.21546914e+09  2.21546914e+09  1.24e-07 6.52e-09  2.33e-05    16s
  50   2.21546914e+09  2.21546914e+09  1.11e-07 5.70e-09  1.57e-05    17s

Barrier solved model in 50 iterations and 16.53 seconds (17.31 work units)
Optimal objective 2.21546914e+09


Root crossover log...

    4998 DPushes remaining with DInf 0.0000000e+00                17s
       0 DPushes remaining with DInf 0.0000000e+00                17s

     517 PPushes remaining with PInf 1.6534714e-01                17s
       3 PPushes remaining with PInf 0.0000000e+00                17s

  Push phase complete: Pinf 0.0000000e+00, Dinf 7.5438515e+02     17s


Root simplex log...

Iteration    Objective       Primal Inf.    Dual Inf.      Time
    5022    2.2154691e+09   0.000000e+00   7.546389e+02     17s
    5038    2.2154691e+09   0.000000e+00   0.000000e+00     17s
Concurrent spin time: 0.00s

Solved with barrier
    5038    2.2154691e+09   0.000000e+00   0.000000e+00     17s

Root relaxation: objective 2.215469e+09, 5038 iterations, 5.48 seconds (3.47 work units)

    Nodes    |    Current Node    |     Objective Bounds      |     Work
 Expl Unexpl |  Obj  Depth IntInf | Incumbent    BestBd   Gap | It/Node Time

     0     0 2.2155e+09    0  200          - 2.2155e+09      -     -   17s
     0     0 2.2155e+09    0  199          - 2.2155e+09      -     -   17s
     0     0 2.2154e+09    0  199          - 2.2154e+09      -     -   25s
H    0     0                    2.185562e+09 2.2154e+09  1.37%     -   28s
     0     0 2.2154e+09    0  213 2.1856e+09 2.2154e+09  1.37%     -   28s
     0     0 2.2154e+09    0  208 2.1856e+09 2.2154e+09  1.37%     -   29s
     0     0 2.2154e+09    0  205 2.1856e+09 2.2154e+09  1.37%     -   33s
H    0     0                    2.185580e+09 2.2154e+09  1.36%     -   34s
H    0     0                    2.186279e+09 2.2154e+09  1.33%     -   42s
H    0     0                    2.209510e+09 2.2154e+09  0.27%     -   43s
     0     0 2.2154e+09    0  205 2.2095e+09 2.2154e+09  0.27%     -   43s

Cutting planes:
  Cover: 15
  Implied bound: 14
  Clique: 4
  MIR: 17
  StrongCG: 1
  Flow cover: 10
  GUB cover: 4
  Zero half: 1
  Network: 1
  RLT: 15
  Relax-and-lift: 4

Explored 1 nodes (8379 simplex iterations) in 43.37 seconds (42.05 work units)
Thread count was 20 (of 40 available processors)

Solution count 4: 2.20951e+09 2.18628e+09 2.18558e+09 2.18556e+09 

Optimal solution found (tolerance 1.00e-02)
Best objective 2.209510229200e+09, best bound 2.215398544579e+09, gap 0.2665%
Gurobi Optimizer version 10.0.1 build v10.0.1rc0 (linux64)

CPU model: Intel(R) Xeon(R) Gold 5115 CPU @ 2.40GHz, instruction set [SSE2|AVX|AVX2|AVX512]
Thread count: 20 physical cores, 40 logical processors, using up to 20 threads

Optimize a model with 82955 rows, 987781 columns and 5679935 nonzeros
Model fingerprint: 0x30703cf0
Variable types: 11489 continuous, 976292 integer (976292 binary)
Coefficient statistics:
  Matrix range     [1e+00, 2e+05]
  Objective range  [4e+01, 3e+07]
  Bounds range     [1e+00, 3e+05]
  RHS range        [1e+00, 5e+06]
Presolve removed 82261 rows and 985405 columns
Presolve time: 2.36s
Presolved: 694 rows, 2376 columns, 11050 nonzeros
Variable types: 220 continuous, 2156 integer (2156 binary)
Found heuristic solution: objective 2.091599e+09

Root relaxation: objective 2.204280e+09, 1069 iterations, 0.01 seconds (0.01 work units)

    Nodes    |    Current Node    |     Objective Bounds      |     Work
 Expl Unexpl |  Obj  Depth IntInf | Incumbent    BestBd   Gap | It/Node Time

     0     0 2.2043e+09    0   61 2.0916e+09 2.2043e+09  5.39%     -    2s
H    0     0                    2.115792e+09 2.2043e+09  4.18%     -    2s
H    0     0                    2.138446e+09 2.2043e+09  3.08%     -    2s
H    0     0                    2.173132e+09 2.2032e+09  1.38%     -    3s
     0     0 2.2032e+09    0   56 2.1731e+09 2.2032e+09  1.38%     -    3s
H    0     0                    2.188142e+09 2.2032e+09  0.69%     -    3s

Cutting planes:
  Gomory: 6
  Cover: 4
  Implied bound: 6
  Clique: 3
  MIR: 17
  StrongCG: 1
  Flow cover: 16
  GUB cover: 2
  Network: 5
  RLT: 8
  Relax-and-lift: 6

Explored 1 nodes (1298 simplex iterations) in 3.32 seconds (2.19 work units)
Thread count was 20 (of 40 available processors)

Solution count 5: 2.18814e+09 2.17313e+09 2.13845e+09 ... 2.0916e+09

Optimal solution found (tolerance 1.00e-02)
Best objective 2.188142157583e+09, best bound 2.203192368925e+09, gap 0.6878%
