
Gurobi 10.0.1 (linux64) logging started Mon May 22 23:52:50 2023

Set parameter LogFile to value "logFiles/A-2L-B/A-2L-6U-38F-15V-240D/basic-05-22-2023, 23-52-H80-P60-O10.log"
Gurobi Optimizer version 10.0.1 build v10.0.1rc0 (linux64)

CPU model: Intel(R) Xeon(R) Gold 5115 CPU @ 2.40GHz, instruction set [SSE2|AVX|AVX2|AVX512]
Thread count: 20 physical cores, 40 logical processors, using up to 20 threads

Optimize a model with 46432 rows, 528002 columns and 2572939 nonzeros
Model fingerprint: 0x09823091
Variable types: 256627 continuous, 271375 integer (271375 binary)
Coefficient statistics:
  Matrix range     [1e+00, 2e+05]
  Objective range  [4e+01, 3e+07]
  Bounds range     [1e+00, 1e+00]
  RHS range        [1e+00, 3e+06]
Presolve removed 30237 rows and 21819 columns (presolve time = 5s) ...
Presolve removed 30210 rows and 21798 columns
Presolve time: 9.26s
Presolved: 16222 rows, 506204 columns, 2303065 nonzeros
Variable types: 245924 continuous, 260280 integer (260269 binary)
Deterministic concurrent LP optimizer: primal simplex, dual simplex, and barrier
Showing barrier log only...

Root barrier log...

Ordering time: 3.30s

Barrier statistics:
 AA' NZ     : 1.158e+06
 Factor NZ  : 6.307e+06 (roughly 260 MB of memory)
 Factor Ops : 6.945e+09 (less than 1 second per iteration)
 Threads    : 17

                  Objective                Residual
Iter       Primal          Dual         Primal    Dual     Compl     Time
   0  -3.17343744e+16  3.58341998e+13  1.77e+09 1.32e+07  3.45e+12    17s
   1  -7.56870267e+15  4.48387380e+13  4.22e+08 1.29e+07  8.26e+11    17s
   2  -2.57088970e+15  4.75211445e+13  1.45e+08 7.06e+06  2.88e+11    17s
   3  -2.63978447e+14  3.99635203e+13  1.54e+07 5.96e-08  3.17e+10    17s
   4  -1.67616345e+13  2.56229709e+13  9.79e+05 3.97e-08  2.04e+09    18s
   5  -1.22425623e+13  1.94963931e+13  7.15e+05 4.47e-08  1.50e+09    18s
   6  -4.72266469e+12  1.49268854e+13  2.76e+05 4.47e-08  5.86e+08    18s
   7  -1.48068300e+12  1.19204732e+13  8.67e+04 2.98e-08  1.91e+08    18s
   8  -5.21612557e+11  9.36747574e+12  3.07e+04 2.24e-08  7.19e+07    18s
   9  -2.95014342e+11  6.93539595e+12  1.75e+04 2.73e-08  4.07e+07    19s
  10  -2.23047618e+11  4.31252547e+12  1.33e+04 4.66e-07  2.80e+07    19s
  11  -1.23058217e+11  3.65595405e+12  7.46e+03 4.28e-07  1.65e+07    19s
  12  -6.70871428e+10  2.54831747e+12  4.25e+03 9.89e-07  9.40e+06    19s
  13  -2.72623175e+10  1.30400157e+12  1.87e+03 6.89e-07  4.00e+06    20s
  14  -9.06404313e+09  4.22997202e+11  7.40e+02 5.06e-07  1.36e+06    20s
  15   4.57080321e+08  1.93429478e+11  1.55e+02 4.77e-07  3.77e+05    20s
  16   1.91853565e+09  1.73997736e+11  6.73e+01 4.77e-07  2.50e+05    20s
  17   2.14332935e+09  1.05894571e+11  5.38e+01 3.58e-07  1.66e+05    21s
  18   2.34767582e+09  8.99130994e+10  4.16e+01 3.58e-07  1.35e+05    21s
  19   2.43965385e+09  8.56166541e+10  3.61e+01 3.58e-07  1.24e+05    21s
  20   2.60320745e+09  5.80640058e+10  2.63e+01 2.98e-07  8.57e+04    21s
  21   2.72946407e+09  3.53251249e+10  1.86e+01 1.79e-07  5.45e+04    22s
  22   2.88538878e+09  2.95880928e+10  9.35e+00 1.79e-07  3.77e+04    22s
  23   2.90296483e+09  2.30792531e+10  8.34e+00 1.34e-07  3.00e+04    22s
  24   2.92267755e+09  1.62131048e+10  7.23e+00 2.43e-07  2.17e+04    23s
  25   2.96732615e+09  1.38572421e+10  4.82e+00 1.59e-07  1.64e+04    23s
  26   3.04820144e+09  1.24202238e+10  2.23e+00 1.91e-07  1.19e+04    23s
  27   3.07427845e+09  8.82988187e+09  1.53e+00 2.41e-07  7.18e+03    24s
  28   3.12357905e+09  6.45400100e+09  9.82e-01 2.53e-07  4.08e+03    24s
  29   3.14590879e+09  5.48550512e+09  4.69e-01 2.50e-07  2.63e+03    24s
  30   3.16305539e+09  4.86860486e+09  3.56e-01 2.76e-07  1.89e+03    24s
  31   3.17928979e+09  4.41059665e+09  2.90e-01 3.31e-07  1.36e+03    25s
  32   3.18942661e+09  4.04535987e+09  2.50e-01 2.83e-07  9.52e+02    25s
  33   3.19867290e+09  3.97185578e+09  2.19e-01 2.91e-07  8.53e+02    25s
  34   3.20818315e+09  3.84447044e+09  1.87e-01 3.73e-07  7.00e+02    25s
  35   3.22946931e+09  3.65919170e+09  1.27e-01 2.70e-07  4.68e+02    26s
  36   3.23357772e+09  3.61942038e+09  1.11e-01 3.43e-07  4.18e+02    26s
  37   3.25531721e+09  3.50049807e+09  6.07e-02 3.12e-07  2.61e+02    26s
  38   3.26688116e+09  3.42946092e+09  3.79e-02 2.91e-07  1.72e+02    27s
  39   3.27078406e+09  3.36842609e+09  3.11e-02 2.77e-07  1.05e+02    27s
  40   3.27362667e+09  3.34849291e+09  2.69e-02 2.38e-07  8.13e+01    27s
  41   3.28019050e+09  3.33302292e+09  1.72e-02 2.68e-07  5.68e+01    27s
  42   3.28481046e+09  3.33071435e+09  1.18e-02 2.98e-07  4.85e+01    27s
  43   3.28651111e+09  3.32383309e+09  1.02e-02 3.27e-07  3.96e+01    28s
  44   3.28828502e+09  3.32104740e+09  8.64e-03 3.20e-07  3.46e+01    28s
  45   3.29188528e+09  3.31790736e+09  5.80e-03 3.43e-07  2.72e+01    28s
  46   3.29244342e+09  3.31506445e+09  5.41e-03 4.02e-07  2.38e+01    29s
  47   3.29441910e+09  3.31355630e+09  4.11e-03 3.50e-07  2.00e+01    29s
  48   3.29547112e+09  3.31152807e+09  3.52e-03 3.74e-07  1.68e+01    29s
  49   3.29679368e+09  3.30979418e+09  2.79e-03 3.61e-07  1.36e+01    30s
  50   3.29806294e+09  3.30890536e+09  2.14e-03 3.47e-07  1.13e+01    30s
  51   3.29907438e+09  3.30777747e+09  1.64e-03 3.43e-07  9.03e+00    30s
  52   3.29973095e+09  3.30726527e+09  1.34e-03 3.42e-07  7.80e+00    30s
  53   3.30048177e+09  3.30607888e+09  1.03e-03 4.01e-07  5.81e+00    31s
  54   3.30075360e+09  3.30569480e+09  9.25e-04 2.80e-07  5.13e+00    31s
  55   3.30113803e+09  3.30542967e+09  7.83e-04 3.82e-07  4.45e+00    31s
  56   3.30130354e+09  3.30518566e+09  7.25e-04 4.17e-07  4.03e+00    32s
  57   3.30206653e+09  3.30475207e+09  4.68e-04 3.87e-07  2.78e+00    32s
  58   3.30239120e+09  3.30469382e+09  3.63e-04 3.87e-07  2.37e+00    32s
  59   3.30271717e+09  3.30435563e+09  2.61e-04 3.72e-07  1.69e+00    33s
  60   3.30301027e+09  3.30406633e+09  1.74e-04 2.90e-07  1.09e+00    33s
  61   3.30308341e+09  3.30387700e+09  1.52e-04 2.57e-07  8.26e-01    33s
  62   3.30338232e+09  3.30382642e+09  6.40e-05 2.88e-07  4.57e-01    34s
  63   3.30349698e+09  3.30378567e+09  3.06e-05 3.09e-07  2.94e-01    34s
  64   3.30353737e+09  3.30368973e+09  1.92e-05 2.24e-07  1.56e-01    34s
  65   3.30355556e+09  3.30366404e+09  1.42e-05 2.37e-07  1.11e-01    35s
  66   3.30356790e+09  3.30365330e+09  1.09e-05 2.98e-07  8.76e-02    35s
  67   3.30357922e+09  3.30364492e+09  7.83e-06 3.02e-07  6.72e-02    35s
  68   3.30358806e+09  3.30362369e+09  5.55e-06 2.95e-07  3.69e-02    35s
  69   3.30360511e+09  3.30361784e+09  3.16e-06 2.75e-07  1.30e-02    36s
  70   3.30360827e+09  3.30361330e+09  6.23e-07 2.55e-07  5.10e-03    36s
  71   3.30360904e+09  3.30361204e+09  2.48e-07 3.38e-07  3.02e-03    36s
  72   3.30360936e+09  3.30361145e+09  6.40e-07 2.68e-07  2.09e-03    37s
  73   3.30360952e+09  3.30361098e+09  4.02e-07 2.73e-07  1.46e-03    37s
  74   3.30360970e+09  3.30360998e+09  1.03e-07 3.07e-07  2.82e-04    37s
  75   3.30360974e+09  3.30360979e+09  4.61e-08 2.98e-07  5.25e-05    37s
  76   3.30360978e+09  3.30360978e+09  6.08e-07 2.86e-07  4.45e-07    38s
  77   3.30360978e+09  3.30360978e+09  9.91e-08 2.39e-07  2.48e-10    38s

Barrier solved model in 77 iterations and 37.89 seconds (32.04 work units)
Optimal objective 3.30360978e+09


Root crossover log...

   13033 DPushes remaining with DInf 0.0000000e+00                38s
       0 DPushes remaining with DInf 0.0000000e+00                38s

    1369 PPushes remaining with PInf 0.0000000e+00                38s
       0 PPushes remaining with PInf 0.0000000e+00                38s

  Push phase complete: Pinf 0.0000000e+00, Dinf 4.9468470e-08     38s


Root simplex log...

Iteration    Objective       Primal Inf.    Dual Inf.      Time
   14363    3.3036098e+09   0.000000e+00   0.000000e+00     38s
Concurrent spin time: 0.07s

Solved with barrier
   14363    3.3036098e+09   0.000000e+00   0.000000e+00     39s

Root relaxation: objective 3.303610e+09, 14363 iterations, 27.64 seconds (19.09 work units)

    Nodes    |    Current Node    |     Objective Bounds      |     Work
 Expl Unexpl |  Obj  Depth IntInf | Incumbent    BestBd   Gap | It/Node Time

     0     0 3.3036e+09    0  205          - 3.3036e+09      -     -   40s
     0     0 3.3036e+09    0  210          - 3.3036e+09      -     -   58s
     0     0 3.3036e+09    0  219          - 3.3036e+09      -     -   66s
     0     0 3.3036e+09    0  208          - 3.3036e+09      -     -   79s
     0     0 3.3036e+09    0  205          - 3.3036e+09      -     -   85s
     0     0 3.3035e+09    0  219          - 3.3035e+09      -     -  105s
     0     0 3.3035e+09    0  215          - 3.3035e+09      -     -  108s
     0     0 3.3035e+09    0  229          - 3.3035e+09      -     -  119s
     0     0 3.3035e+09    0  228          - 3.3035e+09      -     -  125s
     0     0 3.3035e+09    0  224          - 3.3035e+09      -     -  138s
     0     0 3.3035e+09    0  222          - 3.3035e+09      -     -  143s
     0     0 3.3035e+09    0  230          - 3.3035e+09      -     -  161s
     0     0 3.3035e+09    0  236          - 3.3035e+09      -     -  166s
     0     0 3.3035e+09    0  242          - 3.3035e+09      -     -  179s
     0     0 3.3035e+09    0  240          - 3.3035e+09      -     -  184s
     0     0 3.3035e+09    0  238          - 3.3035e+09      -     -  190s
     0     0 3.3035e+09    0  249          - 3.3035e+09      -     -  195s
     0     0 3.3035e+09    0  223          - 3.3035e+09      -     -  205s
     0     0 3.3035e+09    0  221          - 3.3035e+09      -     -  210s
     0     0 3.3035e+09    0  211          - 3.3035e+09      -     -  219s
     0     0 3.3035e+09    0  209          - 3.3035e+09      -     -  227s
     0     2 3.3035e+09    0  205          - 3.3035e+09      -     -  313s
     1     4 3.3035e+09    1  230          - 3.3035e+09      -  8670  331s
     3     8 3.3035e+09    2  230          - 3.3035e+09      -  3450  349s
     7    16 3.3035e+09    3  229          - 3.3035e+09      -  2076  373s
    15    32 3.3035e+09    4  230          - 3.3035e+09      -  1775  423s
    31    52 3.3035e+09    5  223          - 3.3035e+09      -  1712  457s
    51    72 3.3035e+09    6  222          - 3.3035e+09      -  1551  483s
    71    92 3.3035e+09    7  217          - 3.3035e+09      -  1399  509s
    91   112 3.3035e+09    7  214          - 3.3035e+09      -  1332  533s
   111   135 3.3035e+09    8  210          - 3.3035e+09      -  1206  548s
   134   158 3.3035e+09    9  228          - 3.3035e+09      -  1076  571s
   157   179 3.3035e+09    9  208          - 3.3035e+09      -  1003  599s
   178   200 3.3035e+09   10  206          - 3.3035e+09      -   941  623s
   199   248 3.3035e+09   10  228          - 3.3035e+09      -   893  670s
   247   310 3.3035e+09   13  183          - 3.3035e+09      -   853  730s
H  302   310                    3.253693e+09 3.3035e+09  1.53%   817  731s
H  309   419                    3.271495e+09 3.3035e+09  0.98%   820  823s
H  335   419                    3.273181e+09 3.3035e+09  0.93%   800  824s

Cutting planes:
  Cover: 10
  Implied bound: 34
  Clique: 6
  MIR: 48
  Flow cover: 54
  RLT: 14
  Relax-and-lift: 9

Explored 418 nodes (346411 simplex iterations) in 824.35 seconds (840.92 work units)
Thread count was 20 (of 40 available processors)

Solution count 3: 3.27318e+09 3.27149e+09 3.25369e+09 

Optimal solution found (tolerance 1.00e-02)
Best objective 3.273180644298e+09, best bound 3.303507966101e+09, gap 0.9265%
Gurobi Optimizer version 10.0.1 build v10.0.1rc0 (linux64)

CPU model: Intel(R) Xeon(R) Gold 5115 CPU @ 2.40GHz, instruction set [SSE2|AVX|AVX2|AVX512]
Thread count: 20 physical cores, 40 logical processors, using up to 20 threads

Optimize a model with 90536 rows, 981085 columns and 6262036 nonzeros
Model fingerprint: 0x688fb143
Variable types: 350757 continuous, 630328 integer (630328 binary)
Coefficient statistics:
  Matrix range     [1e+00, 2e+05]
  Objective range  [4e+01, 3e+07]
  Bounds range     [1e+00, 3e+05]
  RHS range        [1e+00, 5e+06]
Presolve removed 75847 rows and 719702 columns (presolve time = 5s) ...
Presolve removed 76100 rows and 726566 columns (presolve time = 10s) ...
Presolve removed 80131 rows and 842738 columns
Presolve time: 13.91s
Presolved: 10405 rows, 138347 columns, 658222 nonzeros
Variable types: 92360 continuous, 45987 integer (45973 binary)
Deterministic concurrent LP optimizer: primal simplex, dual simplex, and barrier
Showing barrier log only...

Root barrier log...

Ordering time: 0.22s

Barrier statistics:
 AA' NZ     : 3.647e+05
 Factor NZ  : 1.984e+06 (roughly 70 MB of memory)
 Factor Ops : 1.381e+09 (less than 1 second per iteration)
 Threads    : 17

                  Objective                Residual
Iter       Primal          Dual         Primal    Dual     Compl     Time
   0  -6.42176010e+15  1.47292274e+12  2.82e+08 3.66e+05  5.24e+10    16s
   1  -2.28472595e+15  1.43777219e+12  1.01e+08 1.92e+05  1.90e+10    16s
   2  -3.78106911e+14  1.05227176e+12  1.67e+07 2.40e+04  3.27e+09    16s
   3  -3.87652298e+13  5.39830928e+11  1.72e+06 4.95e-09  3.38e+08    16s
   4  -2.57803212e+12  2.83066537e+11  1.14e+05 4.13e-09  2.33e+07    17s
   5  -4.91376073e+11  1.45887679e+11  2.16e+04 1.51e-09  4.76e+06    17s
   6  -1.18961582e+11  6.54858755e+10  5.09e+03 1.05e-09  1.24e+06    17s
   7  -8.97144876e+10  3.42482978e+10  3.81e+03 1.28e-09  8.23e+05    17s
   8  -2.74061128e+10  2.29305480e+10  1.14e+03 1.55e-08  2.89e+05    17s
   9  -1.33239931e+10  1.50903099e+10  5.97e+02 5.01e-09  1.48e+05    17s
  10  -1.68448414e+09  8.90027321e+09  1.47e+02 7.10e-09  4.73e+04    17s
  11  -1.11213747e+09  7.69425676e+09  1.25e+02 6.17e-09  3.90e+04    17s
  12   7.79201407e+07  6.09184806e+09  7.94e+01 5.94e-09  2.59e+04    17s
  13   6.37140328e+08  4.73741939e+09  5.84e+01 7.68e-09  1.77e+04    17s
  14   7.28256893e+08  4.38872181e+09  5.50e+01 4.66e-09  1.59e+04    17s
  15   1.39405274e+09  3.88299551e+09  3.02e+01 5.70e-09  1.04e+04    17s
  16   1.58056924e+09  3.52639420e+09  2.37e+01 4.31e-09  8.14e+03    17s
  17   1.76094893e+09  3.25062586e+09  1.80e+01 3.38e-09  6.23e+03    17s
  18   1.82154841e+09  2.85320911e+09  1.58e+01 3.03e-09  4.45e+03    17s
  19   1.95056760e+09  2.61997253e+09  1.11e+01 3.96e-09  2.95e+03    18s
  20   2.03251836e+09  2.47872572e+09  8.20e+00 3.58e-09  2.07e+03    18s
  21   2.08868513e+09  2.41706032e+09  5.99e+00 5.12e-09  1.54e+03    18s
  22   2.11780668e+09  2.38185530e+09  4.79e+00 3.64e-09  1.24e+03    18s
  23   2.15931734e+09  2.33944701e+09  3.02e+00 3.73e-09  8.36e+02    18s
  24   2.17992705e+09  2.33268374e+09  2.14e+00 4.77e-09  6.83e+02    18s
  25   2.20443380e+09  2.29037191e+09  1.08e+00 3.73e-09  3.70e+02    18s
  26   2.21210822e+09  2.26082044e+09  7.47e-01 2.68e-09  2.00e+02    18s
  27   2.22567411e+09  2.24674018e+09  1.85e-01 2.10e-09  7.78e+01    18s
  28   2.22720625e+09  2.23965407e+09  1.30e-01 2.10e-09  4.22e+01    18s
  29   2.22856253e+09  2.23684645e+09  8.76e-02 1.80e-09  2.67e+01    18s
  30   2.22944358e+09  2.23574215e+09  6.43e-02 2.07e-09  2.00e+01    18s
  31   2.23037305e+09  2.23473255e+09  4.46e-02 2.21e-09  1.36e+01    19s
  32   2.23066834e+09  2.23434050e+09  3.92e-02 1.89e-09  1.13e+01    19s
  33   2.23082565e+09  2.23415212e+09  3.61e-02 2.15e-09  1.01e+01    19s
  34   2.23136755e+09  2.23384299e+09  2.70e-02 2.10e-09  7.48e+00    19s
  35   2.23189071e+09  2.23367387e+09  1.86e-02 2.44e-09  5.41e+00    19s
  36   2.23213846e+09  2.23347782e+09  1.49e-02 2.68e-09  3.99e+00    19s
  37   2.23248001e+09  2.23343003e+09  1.02e-02 2.36e-09  2.85e+00    19s
  38   2.23281563e+09  2.23339778e+09  5.69e-03 2.24e-09  1.78e+00    19s
  39   2.23297909e+09  2.23335479e+09  3.57e-03 2.31e-09  1.15e+00    19s
  40   2.23308863e+09  2.23333064e+09  2.25e-03 2.66e-09  7.46e-01    19s
  41   2.23313267e+09  2.23329997e+09  1.70e-03 1.63e-09  5.07e-01    19s
  42   2.23315493e+09  2.23329550e+09  1.43e-03 1.86e-09  4.26e-01    19s
  43   2.23318057e+09  2.23329279e+09  1.11e-03 1.86e-09  3.42e-01    19s
  44   2.23321735e+09  2.23329235e+09  6.69e-04 2.21e-09  2.33e-01    20s
  45   2.23323910e+09  2.23328712e+09  4.00e-04 1.86e-09  1.51e-01    20s
  46   2.23325877e+09  2.23328488e+09  1.63e-04 2.44e-09  8.53e-02    20s
  47   2.23326149e+09  2.23328094e+09  1.32e-04 1.75e-09  6.29e-02    20s
  48   2.23327102e+09  2.23327476e+09  2.50e-05 1.51e-09  1.21e-02    20s
  49   2.23327321e+09  2.23327357e+09  2.38e-06 1.83e-09  1.16e-03    20s
  50   2.23327348e+09  2.23327349e+09  8.67e-08 1.86e-09  2.86e-05    20s
  51   2.23327348e+09  2.23327348e+09  3.49e-09 1.51e-09  7.04e-10    20s

Barrier solved model in 51 iterations and 20.05 seconds (28.50 work units)
Optimal objective 2.23327348e+09


Root crossover log...

    4179 DPushes remaining with DInf 0.0000000e+00                20s
       0 DPushes remaining with DInf 0.0000000e+00                20s

    1289 PPushes remaining with PInf 2.9063465e-05                20s
       0 PPushes remaining with PInf 0.0000000e+00                20s

  Push phase complete: Pinf 0.0000000e+00, Dinf 8.3245704e+01     20s


Root simplex log...

Iteration    Objective       Primal Inf.    Dual Inf.      Time
    5401    2.2332735e+09   0.000000e+00   8.324570e+01     20s
    5404    2.2332735e+09   0.000000e+00   0.000000e+00     20s
Concurrent spin time: 0.00s

Solved with barrier
    5404    2.2332735e+09   0.000000e+00   0.000000e+00     20s

Root relaxation: objective 2.233273e+09, 5404 iterations, 4.92 seconds (3.28 work units)

    Nodes    |    Current Node    |     Objective Bounds      |     Work
 Expl Unexpl |  Obj  Depth IntInf | Incumbent    BestBd   Gap | It/Node Time

     0     0 2.2333e+09    0   76          - 2.2333e+09      -     -   20s
     0     0 2.2333e+09    0   90          - 2.2333e+09      -     -   24s
     0     0 2.2333e+09    0  108          - 2.2333e+09      -     -   28s
H    0     0                    2.168541e+09 2.2333e+09  2.98%     -   31s
     0     0 2.2333e+09    0  112 2.1685e+09 2.2333e+09  2.98%     -   31s
     0     0 2.2333e+09    0   92 2.1685e+09 2.2333e+09  2.98%     -   32s
H    0     0                    2.211917e+09 2.2333e+09  0.97%     -   34s

Cutting planes:
  Learned: 1
  Cover: 9
  Implied bound: 7
  MIR: 14
  Flow cover: 23
  GUB cover: 1
  Network: 15
  RLT: 6
  Relax-and-lift: 3

Explored 1 nodes (7444 simplex iterations) in 34.41 seconds (39.88 work units)
Thread count was 20 (of 40 available processors)

Solution count 3: 2.21192e+09 2.21192e+09 2.16854e+09 

Optimal solution found (tolerance 1.00e-02)
Best objective 2.211916636150e+09, best bound 2.233264772014e+09, gap 0.9651%
Gurobi Optimizer version 10.0.1 build v10.0.1rc0 (linux64)

CPU model: Intel(R) Xeon(R) Gold 5115 CPU @ 2.40GHz, instruction set [SSE2|AVX|AVX2|AVX512]
Thread count: 20 physical cores, 40 logical processors, using up to 20 threads

Optimize a model with 91878 rows, 988571 columns and 6125547 nonzeros
Model fingerprint: 0xfdaf2a5f
Variable types: 13526 continuous, 975045 integer (975045 binary)
Coefficient statistics:
  Matrix range     [1e+00, 2e+05]
  Objective range  [4e+01, 3e+07]
  Bounds range     [5e-13, 3e+05]
  RHS range        [1e+00, 5e+06]
Presolve removed 84965 rows and 939582 columns
Presolve time: 4.20s
Presolved: 6913 rows, 48989 columns, 227292 nonzeros
Variable types: 2572 continuous, 46417 integer (46407 binary)
Deterministic concurrent LP optimizer: primal and dual simplex
Showing first log only...


Root simplex log...

Iteration    Objective       Primal Inf.    Dual Inf.      Time
       0    1.5737753e+09   1.637057e+05   2.829462e+13      5s
   11287    2.0992581e+09   0.000000e+00   1.097440e+11      6s
   52420    2.2114270e+09   0.000000e+00   0.000000e+00      7s
Concurrent spin time: 0.39s

Solved with primal simplex
   52430    2.2114270e+09   0.000000e+00   0.000000e+00      8s
Extra simplex iterations after uncrush: 10

Root relaxation: objective 2.211427e+09, 52430 iterations, 2.42 seconds (2.48 work units)

    Nodes    |    Current Node    |     Objective Bounds      |     Work
 Expl Unexpl |  Obj  Depth IntInf | Incumbent    BestBd   Gap | It/Node Time

     0     0 2.2114e+09    0  135          - 2.2114e+09      -     -    7s
     0     0 2.2113e+09    0  125          - 2.2113e+09      -     -   13s
     0     0 2.2101e+09    0  124          - 2.2101e+09      -     -   13s
     0     0 2.2101e+09    0  135          - 2.2101e+09      -     -   14s
     0     0 2.2101e+09    0  135          - 2.2101e+09      -     -   14s
     0     0 2.2092e+09    0  151          - 2.2092e+09      -     -   16s
     0     0 2.2092e+09    0  151          - 2.2092e+09      -     -   17s
     0     0 2.2092e+09    0  152          - 2.2092e+09      -     -   18s
     0     0 2.2092e+09    0  148          - 2.2092e+09      -     -   18s
     0     0 2.2092e+09    0  150          - 2.2092e+09      -     -   18s
     0     0 2.2092e+09    0  136          - 2.2092e+09      -     -   19s
     0     0 2.2092e+09    0  139          - 2.2092e+09      -     -   19s
     0     0 2.2092e+09    0  147          - 2.2092e+09      -     -   19s
     0     0 2.2092e+09    0  126          - 2.2092e+09      -     -   20s
     0     0 2.2092e+09    0  140          - 2.2092e+09      -     -   20s
     0     0 2.2092e+09    0  143          - 2.2092e+09      -     -   20s
     0     0 2.2092e+09    0  148          - 2.2092e+09      -     -   21s
     0     0 2.2092e+09    0  137          - 2.2092e+09      -     -   21s
     0     0 2.2092e+09    0  130          - 2.2092e+09      -     -   22s
H    0     0                    2.174033e+09 2.2092e+09  1.62%     -   24s
H    0     0                    2.185315e+09 2.2091e+09  1.09%     -   26s
H    0     0                    2.185713e+09 2.2091e+09  1.07%     -   28s
     0     2 2.2091e+09    0  122 2.1857e+09 2.2091e+09  1.07%     -   29s
     3     8 2.2091e+09    2  122 2.1857e+09 2.2091e+09  1.07%   313   30s
H   31    52                    2.192913e+09 2.2091e+09  0.74%   192   46s
H   36    52                    2.194350e+09 2.2091e+09  0.67%   222   46s
H   50    52                    2.195480e+09 2.2091e+09  0.62%   231   46s

Cutting planes:
  Gomory: 10
  Lift-and-project: 1
  Cover: 48
  Implied bound: 76
  Clique: 4
  MIR: 51
  StrongCG: 2
  Flow cover: 105
  GUB cover: 3
  Zero half: 1
  Network: 78
  RLT: 11
  Relax-and-lift: 6

Explored 51 nodes (71409 simplex iterations) in 46.81 seconds (42.85 work units)
Thread count was 20 (of 40 available processors)

Solution count 6: 2.19548e+09 2.19435e+09 2.19291e+09 ... 2.17403e+09

Optimal solution found (tolerance 1.00e-02)
Best objective 2.195479885000e+09, best bound 2.209144447302e+09, gap 0.6224%
