
Gurobi 10.0.1 (linux64) logging started Tue May 23 22:06:02 2023

Set parameter LogFile to value "logFiles/N-1L-B/N-1L-13U-15F-23V-180D/basic-05-23-2023, 22-05-H70-P50-O15.log"
Gurobi Optimizer version 10.0.1 build v10.0.1rc0 (linux64)

CPU model: Intel(R) Xeon(R) Gold 5115 CPU @ 2.40GHz, instruction set [SSE2|AVX|AVX2|AVX512]
Thread count: 20 physical cores, 40 logical processors, using up to 20 threads

Optimize a model with 79682 rows, 1108500 columns and 6315246 nonzeros
Model fingerprint: 0x47785d2f
Variable types: 401573 continuous, 706927 integer (706927 binary)
Coefficient statistics:
  Matrix range     [1e+00, 2e+05]
  Objective range  [4e+01, 3e+07]
  Bounds range     [1e+00, 1e+00]
  RHS range        [1e+00, 2e+06]
Presolve removed 44434 rows and 43979 columns (presolve time = 5s) ...
Presolve removed 45759 rows and 74915 columns (presolve time = 10s) ...
Presolve removed 45762 rows and 75114 columns (presolve time = 15s) ...
Presolve removed 45762 rows and 75139 columns (presolve time = 20s) ...
Presolve removed 45762 rows and 75165 columns (presolve time = 25s) ...
Presolve removed 45762 rows and 75165 columns (presolve time = 30s) ...
Presolve removed 45762 rows and 75165 columns (presolve time = 35s) ...
Presolve removed 45945 rows and 80295 columns (presolve time = 40s) ...
Presolve removed 45884 rows and 80234 columns
Presolve time: 41.23s
Presolved: 33798 rows, 1028266 columns, 4896829 nonzeros
Variable types: 372505 continuous, 655761 integer (655761 binary)
Deterministic concurrent LP optimizer: primal simplex, dual simplex, and barrier
Showing barrier log only...

Root barrier log...

Ordering time: 2.15s

Barrier statistics:
 AA' NZ     : 2.359e+06
 Factor NZ  : 8.148e+06 (roughly 500 MB of memory)
 Factor Ops : 1.237e+10 (less than 1 second per iteration)
 Threads    : 17

                  Objective                Residual
Iter       Primal          Dual         Primal    Dual     Compl     Time
   0  -2.59260134e+16  6.90392006e+13  1.29e+09 8.21e+06  1.70e+12    53s
   1  -7.55075073e+15  7.29891073e+13  3.76e+08 1.08e+07  5.01e+11    53s
   2  -1.78544456e+15  6.91012902e+13  8.92e+07 1.92e+06  1.22e+11    54s
   3  -1.80589124e+14  5.63172320e+13  9.04e+06 2.81e-08  1.25e+10    54s
   4  -2.35111062e+13  3.60607164e+13  1.18e+06 4.67e-08  1.65e+09    55s
   5  -6.88909919e+12  2.42373584e+13  3.45e+05 2.75e-08  4.91e+08    55s
   6  -2.43556441e+12  1.78629275e+13  1.22e+05 4.47e-08  1.77e+08    56s
   7  -1.65902761e+12  1.53374611e+13  8.31e+04 3.35e-08  1.22e+08    56s
   8  -4.20845521e+11  1.23929589e+13  2.12e+04 5.22e-08  3.43e+07    56s
   9  -3.50900418e+11  8.69638759e+12  1.78e+04 3.35e-08  2.58e+07    57s
  10  -1.26772057e+11  4.78005470e+12  6.58e+03 8.38e-08  9.37e+06    57s
  11  -6.48620063e+10  3.16026218e+12  3.50e+03 5.07e-07  4.98e+06    58s
  12  -2.97468116e+10  1.74477402e+12  1.75e+03 9.54e-07  2.40e+06    58s
  13  -9.14413436e+09  7.87533559e+11  7.37e+02 2.68e-07  9.51e+05    59s
  14   3.05136526e+09  3.42154491e+11  1.37e+02 2.98e-07  2.57e+05    59s
  15   3.98943138e+09  2.49583443e+11  9.14e+01 2.98e-07  1.78e+05    60s
  16   4.41490534e+09  1.42985764e+11  7.06e+01 4.36e-07  1.11e+05    60s
  17   4.98430254e+09  1.24369743e+11  4.29e+01 4.79e-07  8.44e+04    61s
  18   5.21376549e+09  1.02356693e+11  3.17e+01 5.55e-07  6.68e+04    61s
  19   5.41190197e+09  8.37932378e+10  2.22e+01 3.24e-07  5.20e+04    62s
  20   5.58795779e+09  6.80695440e+10  1.40e+01 5.42e-07  3.94e+04    62s
  21   5.63846841e+09  5.07230256e+10  1.16e+01 4.77e-07  2.96e+04    63s
  22   5.67761759e+09  4.17648650e+10  9.85e+00 6.89e-07  2.41e+04    64s
  23   5.69701317e+09  3.62145674e+10  8.97e+00 3.54e-07  2.09e+04    64s
  24   5.73499121e+09  3.05746994e+10  7.25e+00 5.30e-07  1.70e+04    65s
  25   5.79013247e+09  2.64968023e+10  4.67e+00 5.97e-07  1.33e+04    66s
  26   5.82459496e+09  2.34398146e+10  2.80e+00 5.86e-07  1.06e+04    67s
  27   5.85192158e+09  1.84932806e+10  1.88e+00 6.15e-07  7.55e+03    67s
  28   5.88816971e+09  1.57173103e+10  1.26e+00 6.61e-07  5.63e+03    68s
  29   5.90223772e+09  1.45418035e+10  1.11e+00 5.87e-07  4.91e+03    68s
  30   5.94351887e+09  1.27906380e+10  8.76e-01 6.11e-07  3.83e+03    69s
  31   5.96630199e+09  9.73189136e+09  7.21e-01 4.36e-07  2.12e+03    70s
  32   5.99714234e+09  9.01866077e+09  5.59e-01 8.04e-07  1.67e+03    70s
  33   6.00433736e+09  8.76862496e+09  4.86e-01 5.08e-07  1.51e+03    71s
  34   6.03574305e+09  7.79167042e+09  3.35e-01 5.96e-07  9.41e+02    72s
  35   6.07050088e+09  7.39700703e+09  2.52e-01 5.95e-07  7.02e+02    73s
  36   6.09810756e+09  7.05657186e+09  1.95e-01 7.29e-07  5.04e+02    73s
  37   6.13548910e+09  6.77630410e+09  1.41e-01 4.94e-07  3.35e+02    74s
  38   6.15986209e+09  6.56561192e+09  1.13e-01 6.25e-07  2.14e+02    75s
  39   6.19858398e+09  6.48298469e+09  7.58e-02 4.66e-07  1.49e+02    75s
  40   6.21192100e+09  6.43376265e+09  6.39e-02 5.36e-07  1.16e+02    76s
  41   6.23252506e+09  6.39558528e+09  4.77e-02 5.50e-07  8.50e+01    77s
  42   6.23874391e+09  6.36656334e+09  4.16e-02 5.02e-07  6.67e+01    77s
  43   6.24868422e+09  6.35238155e+09  3.20e-02 4.44e-07  5.39e+01    78s
  44   6.25592986e+09  6.34206467e+09  2.56e-02 6.06e-07  4.46e+01    78s
  45   6.25826646e+09  6.33505805e+09  2.31e-02 4.15e-07  3.97e+01    79s
  46   6.26221456e+09  6.33062436e+09  1.94e-02 5.05e-07  3.52e+01    80s
  47   6.26623776e+09  6.32091514e+09  1.57e-02 4.41e-07  2.81e+01    81s
  48   6.27044262e+09  6.31552274e+09  1.19e-02 4.83e-07  2.30e+01    81s
  49   6.27273165e+09  6.31433841e+09  1.02e-02 5.41e-07  2.12e+01    82s
  50   6.27558354e+09  6.31012066e+09  8.65e-03 4.59e-07  1.76e+01    83s
  51   6.27945933e+09  6.30710134e+09  6.63e-03 5.34e-07  1.40e+01    83s
  52   6.28066976e+09  6.30456568e+09  6.09e-03 3.44e-07  1.22e+01    84s
  53   6.28272693e+09  6.30309215e+09  5.11e-03 5.69e-07  1.04e+01    85s
  54   6.28543922e+09  6.30183578e+09  3.81e-03 5.58e-07  8.31e+00    86s
  55   6.28726226e+09  6.30042672e+09  3.01e-03 4.06e-07  6.67e+00    86s
  56   6.28911127e+09  6.29958705e+09  2.23e-03 3.82e-07  5.29e+00    87s
  57   6.29038886e+09  6.29878992e+09  1.71e-03 4.54e-07  4.24e+00    88s
  58   6.29174269e+09  6.29746747e+09  1.19e-03 3.92e-07  2.89e+00    89s
  59   6.29245373e+09  6.29704868e+09  9.25e-04 4.65e-07  2.32e+00    89s
  60   6.29324000e+09  6.29629957e+09  6.36e-04 6.31e-07  1.55e+00    90s
  61   6.29421302e+09  6.29557556e+09  2.84e-04 4.28e-07  6.89e-01    91s
  62   6.29454154e+09  6.29526311e+09  1.73e-04 4.53e-07  3.67e-01    92s
  63   6.29481973e+09  6.29514973e+09  8.02e-05 6.25e-07  1.68e-01    92s
  64   6.29498467e+09  6.29509196e+09  2.64e-05 4.73e-07  5.47e-02    93s
  65   6.29505060e+09  6.29508088e+09  6.11e-06 3.95e-07  1.53e-02    93s
  66   6.29506118e+09  6.29507379e+09  2.80e-06 4.97e-07  6.40e-03    93s
  67   6.29506637e+09  6.29507179e+09  1.30e-06 4.64e-07  2.76e-03    94s
  68   6.29506914e+09  6.29507124e+09  6.12e-07 5.16e-07  1.06e-03    94s
  69   6.29506984e+09  6.29507089e+09  3.89e-07 4.73e-07  5.32e-04    95s
  70   6.29507019e+09  6.29507075e+09  2.48e-07 5.85e-07  2.84e-04    95s
  71   6.29507033e+09  6.29507061e+09  2.32e-07 4.96e-07  1.43e-04    96s
  72   6.29507039e+09  6.29507059e+09  2.09e-07 6.54e-07  9.85e-05    96s
  73   6.29507051e+09  6.29507057e+09  1.36e-07 3.45e-07  3.13e-05    97s
  74   6.29507056e+09  6.29507057e+09  7.51e-08 5.01e-07  1.35e-06    97s
  75   6.29507056e+09  6.29507056e+09  6.68e-08 5.77e-07  1.99e-08    97s
  76   6.29507056e+09  6.29507056e+09  7.59e-09 4.77e-07  8.62e-11    98s

Barrier solved model in 76 iterations and 97.96 seconds (95.32 work units)
Optimal objective 6.29507056e+09


Root crossover log...

   29317 DPushes remaining with DInf 1.5962255e-04                98s
       0 DPushes remaining with DInf 0.0000000e+00                99s

    1143 PPushes remaining with PInf 0.0000000e+00                99s
       0 PPushes remaining with PInf 0.0000000e+00                99s

  Push phase complete: Pinf 0.0000000e+00, Dinf 2.9185489e-02     99s


Root simplex log...

Iteration    Objective       Primal Inf.    Dual Inf.      Time
   30396    6.2950706e+09   0.000000e+00   2.918505e-02     99s
   30397    6.2950706e+09   0.000000e+00   0.000000e+00     99s
Concurrent spin time: 0.03s

Solved with barrier
   30397    6.2950706e+09   0.000000e+00   0.000000e+00    100s

Root relaxation: objective 6.295071e+09, 30397 iterations, 54.19 seconds (40.05 work units)
Total elapsed time = 101.20s

    Nodes    |    Current Node    |     Objective Bounds      |     Work
 Expl Unexpl |  Obj  Depth IntInf | Incumbent    BestBd   Gap | It/Node Time

     0     0 6.2951e+09    0  405          - 6.2951e+09      -     -  104s
     0     0 6.2951e+09    0  393          - 6.2951e+09      -     -  125s
     0     0 6.2951e+09    0  390          - 6.2951e+09      -     -  129s
     0     0 6.2951e+09    0  382          - 6.2951e+09      -     -  134s
     0     0 6.2951e+09    0  381          - 6.2951e+09      -     -  136s
     0     0 6.2951e+09    0  380          - 6.2951e+09      -     -  139s
     0     0 6.2951e+09    0  380          - 6.2951e+09      -     -  143s
     0     0 6.2950e+09    0  440          - 6.2950e+09      -     -  257s
     0     0 6.2950e+09    0  421          - 6.2950e+09      -     -  261s
     0     0 6.2950e+09    0  417          - 6.2950e+09      -     -  264s
     0     0 6.2950e+09    0  411          - 6.2950e+09      -     -  265s
     0     0 6.2950e+09    0  411          - 6.2950e+09      -     -  291s
     0     0 6.2950e+09    0  425          - 6.2950e+09      -     -  316s
     0     0 6.2950e+09    0  419          - 6.2950e+09      -     -  318s
     0     0 6.2950e+09    0  420          - 6.2950e+09      -     -  320s
     0     0 6.2950e+09    0  435          - 6.2950e+09      -     -  344s
     0     0 6.2950e+09    0  435          - 6.2950e+09      -     -  353s
     0     0 6.2950e+09    0  424          - 6.2950e+09      -     -  363s
     0     0 6.2950e+09    0  433          - 6.2950e+09      -     -  369s
     0     0 6.2950e+09    0  431          - 6.2950e+09      -     -  378s
     0     0 6.2950e+09    0  414          - 6.2950e+09      -     -  388s
     0     0 6.2950e+09    0  414          - 6.2950e+09      -     -  478s
     0     0 6.2950e+09    0  410          - 6.2950e+09      -     -  482s
     0     0 6.2950e+09    0  409          - 6.2950e+09      -     -  483s
     0     0 6.2950e+09    0  394          - 6.2950e+09      -     -  497s
     0     0 6.2950e+09    0  396          - 6.2950e+09      -     -  513s
     0     0 6.2950e+09    0  374          - 6.2950e+09      -     -  589s
     0     0 6.2950e+09    0  374          - 6.2950e+09      -     -  590s
     0     0 6.2950e+09    0  408          - 6.2950e+09      -     -  627s
     0     0 6.2950e+09    0  397          - 6.2950e+09      -     -  631s
     0     0 6.2950e+09    0  385          - 6.2950e+09      -     -  640s
     0     0 6.2950e+09    0  374          - 6.2950e+09      -     -  659s
     0     0 6.2950e+09    0  375          - 6.2950e+09      -     -  670s
     0     0 6.2949e+09    0  411          - 6.2949e+09      -     -  713s
     0     0 6.2949e+09    0  411          - 6.2949e+09      -     -  714s
     0     0 6.2949e+09    0  426          - 6.2949e+09      -     -  733s
     0     0 6.2949e+09    0  420          - 6.2949e+09      -     -  744s
     0     0 6.2949e+09    0  415          - 6.2949e+09      -     -  757s
     0     0 6.2948e+09    0  449          - 6.2948e+09      -     -  852s
     0     0 6.2948e+09    0  452          - 6.2948e+09      -     -  867s
     0     0 6.2948e+09    0  433          - 6.2948e+09      -     -  888s
     0     0 6.2948e+09    0  433          - 6.2948e+09      -     -  904s
     0     0 6.2948e+09    0  454          - 6.2948e+09      -     -  966s
     0     0 6.2948e+09    0  443          - 6.2948e+09      -     -  984s
     0     2 6.2948e+09    0  443          - 6.2948e+09      -     - 1239s
     1     4 6.2948e+09    1  440          - 6.2948e+09      -  6208 1314s
     3     8 6.2948e+09    2  432          - 6.2948e+09      -  4037 1418s
     7    16 6.2948e+09    3  417          - 6.2948e+09      -  3609 1559s
    15    32 6.2948e+09    4  466          - 6.2948e+09      -  3426 1805s
    31    52 6.2948e+09    5  466          - 6.2948e+09      -  3895 1938s
    51    72 6.2948e+09    6  472          - 6.2948e+09      -  2976 2054s
    71    92 6.2948e+09    7  429          - 6.2948e+09      -  2560 2228s
    91   112 6.2948e+09    8  449          - 6.2948e+09      -  2551 2390s
H   97   112                    6.255843e+09 6.2948e+09  0.62%  2451 2392s
H   98   112                    6.261206e+09 6.2948e+09  0.54%  2435 2394s

Cutting planes:
  Cover: 8
  Implied bound: 35
  Clique: 4
  MIR: 51
  StrongCG: 1
  Flow cover: 15
  GUB cover: 5
  Network: 3
  RLT: 18
  Relax-and-lift: 7

Explored 111 nodes (371234 simplex iterations) in 2394.83 seconds (2280.94 work units)
Thread count was 20 (of 40 available processors)

Solution count 2: 6.26121e+09 6.25584e+09 

Optimal solution found (tolerance 1.00e-02)
Best objective 6.261205898673e+09, best bound 6.294843670929e+09, gap 0.5372%
Gurobi Optimizer version 10.0.1 build v10.0.1rc0 (linux64)

CPU model: Intel(R) Xeon(R) Gold 5115 CPU @ 2.40GHz, instruction set [SSE2|AVX|AVX2|AVX512]
Thread count: 20 physical cores, 40 logical processors, using up to 20 threads

Optimize a model with 128832 rows, 1623245 columns and 9677061 nonzeros
Model fingerprint: 0xbe686897
Variable types: 278370 continuous, 1344875 integer (1344875 binary)
Coefficient statistics:
  Matrix range     [1e+00, 2e+05]
  Objective range  [4e+01, 3e+07]
  Bounds range     [2e-13, 3e+05]
  RHS range        [1e+00, 2e+06]
Presolve removed 106291 rows and 1130735 columns (presolve time = 5s) ...
Presolve removed 109414 rows and 1164834 columns (presolve time = 10s) ...
Presolve removed 109414 rows and 1164834 columns (presolve time = 15s) ...
Presolve removed 109489 rows and 1165798 columns (presolve time = 20s) ...
Presolve removed 109489 rows and 1165798 columns (presolve time = 25s) ...
Presolve removed 109489 rows and 1165798 columns (presolve time = 30s) ...
Presolve removed 109489 rows and 1165798 columns (presolve time = 35s) ...
Presolve removed 109489 rows and 1165798 columns (presolve time = 41s) ...
Presolve removed 109474 rows and 1191638 columns
Presolve time: 41.30s

Explored 0 nodes (0 simplex iterations) in 42.96 seconds (52.00 work units)
Thread count was 1 (of 40 available processors)

Solution count 0

Model is infeasible or unbounded
Best objective -, best bound -, gap -
