
Gurobi 10.0.1 (linux64) logging started Tue May  9 22:21:20 2023

Set parameter LogFile to value "logFiles/N-1L-B/N-1L-13U-20F-23V-240D-basic.log"
Gurobi Optimizer version 10.0.1 build v10.0.1rc0 (linux64)

CPU model: Intel(R) Xeon(R) Gold 5115 CPU @ 2.40GHz, instruction set [SSE2|AVX|AVX2|AVX512]
Thread count: 20 physical cores, 40 logical processors, using up to 20 threads

Optimize a model with 184936 rows, 2216478 columns and 18115188 nonzeros
Model fingerprint: 0xc53f5a36
Variable types: 3413 continuous, 2213065 integer (2213065 binary)
Coefficient statistics:
  Matrix range     [1e+00, 2e+05]
  Objective range  [4e+01, 3e+07]
  Bounds range     [1e+00, 1e+00]
  RHS range        [1e+00, 3e+06]
Presolve removed 101627 rows and 82764 columns (presolve time = 6s) ...
Presolve removed 101636 rows and 82772 columns (presolve time = 10s) ...
Presolve removed 108336 rows and 82772 columns (presolve time = 15s) ...
Presolve removed 108336 rows and 82772 columns (presolve time = 20s) ...
Presolve removed 110956 rows and 154233 columns (presolve time = 25s) ...
Presolve removed 110960 rows and 154233 columns (presolve time = 30s) ...
Presolve removed 110960 rows and 154233 columns (presolve time = 35s) ...
Presolve removed 110960 rows and 154234 columns (presolve time = 40s) ...
Presolve removed 110960 rows and 154234 columns (presolve time = 45s) ...
Presolve removed 110960 rows and 154234 columns (presolve time = 50s) ...
Presolve removed 110960 rows and 154234 columns (presolve time = 55s) ...
Presolve removed 110960 rows and 154234 columns (presolve time = 60s) ...
Presolve removed 110960 rows and 154234 columns (presolve time = 65s) ...
Presolve removed 110960 rows and 154260 columns (presolve time = 70s) ...
Presolve removed 110604 rows and 153903 columns
Presolve time: 71.79s
Presolved: 74332 rows, 2062575 columns, 13383211 nonzeros
Variable types: 3464 continuous, 2059111 integer (2058907 binary)
Deterministic concurrent LP optimizer: primal simplex, dual simplex, and barrier
Showing barrier log only...

Root barrier log...

Elapsed ordering time = 5s
Ordering time: 5.14s

Barrier statistics:
 AA' NZ     : 5.764e+06
 Factor NZ  : 2.764e+07 (roughly 1.0 GB of memory)
 Factor Ops : 7.956e+10 (roughly 1 second per iteration)
 Threads    : 17

                  Objective                Residual
Iter       Primal          Dual         Primal    Dual     Compl     Time
   0  -1.32218795e+17  6.69957842e+12  1.37e+10 5.92e+05  2.53e+11   103s
   1  -3.25005158e+16  1.09972789e+13  3.37e+09 5.48e+05  6.26e+10   104s
   2  -6.33048423e+15  1.20349618e+13  6.65e+08 1.03e+05  1.25e+10   106s
   3  -1.83202196e+14  8.32737968e+12  1.92e+07 3.46e+03  3.64e+08   107s
   4  -1.09973823e+14  5.00319214e+12  1.15e+07 1.03e+03  2.19e+08   108s
   5  -7.84748695e+13  4.81614720e+12  8.24e+06 9.51e+02  1.57e+08   109s
   6  -2.09629524e+13  4.23507746e+12  2.20e+06 7.22e+02  4.25e+07   110s
   7  -1.17878783e+13  3.57614498e+12  1.24e+06 5.33e+02  2.41e+07   112s
   8  -4.83948336e+12  2.25810880e+12  5.07e+05 1.75e+02  1.04e+07   113s
   9  -7.75503296e+11  1.98468372e+12  8.13e+04 1.22e+02  2.04e+06   114s
  10  -6.08512451e+11  1.50567361e+12  6.38e+04 7.18e+01  1.51e+06   115s
  11  -2.86242552e+11  1.24586333e+12  3.01e+04 6.08e+01  8.18e+05   116s
  12  -1.23014795e+11  1.05802154e+12  1.32e+04 4.83e+01  4.71e+05   117s
  13  -2.09437191e+10  4.32248222e+11  2.52e+03 1.58e+01  1.38e+05   118s
  14  -8.90169477e+08  9.37689043e+10  4.22e+02 2.73e+00  2.62e+04   120s
  15  -2.64219787e+07  5.49051008e+10  3.32e+02 1.50e+00  1.57e+04   121s
  16   1.40526692e+09  3.80756071e+10  1.84e+02 9.93e-01  1.02e+04   122s
  17   1.76854082e+09  3.18285824e+10  1.47e+02 8.08e-01  8.31e+03   123s
  18   2.02127139e+09  2.81725822e+10  1.21e+02 7.13e-01  7.18e+03   124s
  19   2.39472847e+09  2.43782076e+10  8.38e+01 6.03e-01  5.90e+03   125s
  20   2.56027022e+09  1.96591484e+10  6.73e+01 4.76e-01  4.60e+03   126s
  21   2.58748546e+09  1.82697242e+10  6.47e+01 4.39e-01  4.24e+03   127s
  22   2.77898592e+09  1.35763811e+10  4.65e+01 2.99e-01  2.94e+03   129s
  23   2.92690201e+09  1.09709827e+10  3.29e+01 2.24e-01  2.18e+03   130s
  24   3.06198199e+09  9.02064703e+09  2.08e+01 1.66e-01  1.60e+03   132s
  25   3.10764349e+09  8.28381295e+09  1.67e+01 1.46e-01  1.38e+03   134s
  26   3.12899231e+09  7.53913830e+09  1.48e+01 1.25e-01  1.18e+03   135s
  27   3.17319403e+09  7.08699485e+09  1.17e+01 1.14e-01  1.04e+03   137s
  28   3.22157540e+09  6.46271531e+09  7.87e+00 9.58e-02  8.49e+02   138s
  29   3.24930419e+09  5.70304342e+09  5.60e+00 7.33e-02  6.39e+02   140s
  30   3.27262034e+09  4.83922223e+09  3.73e+00 4.49e-02  4.04e+02   142s
  31   3.29196854e+09  4.77065134e+09  2.30e+00 4.26e-02  3.73e+02   143s
  32   3.30564338e+09  4.09636011e+09  1.48e+00 2.27e-02  1.98e+02   145s
  33   3.31429485e+09  3.91020031e+09  1.08e+00 1.68e-02  1.48e+02   146s
  34   3.31683333e+09  3.78630181e+09  9.10e-01 1.33e-02  1.16e+02   147s
  35   3.32274996e+09  3.62365890e+09  7.21e-01 8.18e-03  7.44e+01   149s
  36   3.33041911e+09  3.57333044e+09  5.37e-01 6.57e-03  5.98e+01   150s
  37   3.33324616e+09  3.53546954e+09  4.82e-01 5.40e-03  4.97e+01   151s
  38   3.33838961e+09  3.48933795e+09  3.87e-01 3.95e-03  3.71e+01   153s
  39   3.33917280e+09  3.47919269e+09  3.74e-01 3.61e-03  3.44e+01   154s
  40   3.34417833e+09  3.47082926e+09  2.96e-01 3.36e-03  3.10e+01   155s
  41   3.34980544e+09  3.45053508e+09  2.27e-01 2.72e-03  2.47e+01   156s
  42   3.35377426e+09  3.44496709e+09  1.83e-01 2.54e-03  2.23e+01   158s
  43   3.35827291e+09  3.42758935e+09  1.43e-01 1.88e-03  1.69e+01   159s
  44   3.35882787e+09  3.42108082e+09  1.39e-01 1.64e-03  1.52e+01   161s
  45   3.36066771e+09  3.41351582e+09  1.23e-01 1.36e-03  1.29e+01   162s
  46   3.36417774e+09  3.40586951e+09  9.46e-02 1.07e-03  1.02e+01   163s
  47   3.36584598e+09  3.40282996e+09  8.31e-02 9.50e-04  9.04e+00   165s
  48   3.36789792e+09  3.39936724e+09  6.95e-02 8.06e-04  7.69e+00   166s
  49   3.36870969e+09  3.39902918e+09  6.44e-02 7.94e-04  7.41e+00   167s
  50   3.37145054e+09  3.39436727e+09  4.79e-02 6.07e-04  5.60e+00   169s
  51   3.37223325e+09  3.39356968e+09  4.34e-02 5.76e-04  5.21e+00   170s
  52   3.37501054e+09  3.38993567e+09  2.87e-02 4.13e-04  3.64e+00   171s
  53   3.37618680e+09  3.38805633e+09  2.25e-02 3.25e-04  2.90e+00   173s
  54   3.37674061e+09  3.38643509e+09  1.95e-02 2.57e-04  2.37e+00   174s
  55   3.37771420e+09  3.38525405e+09  1.47e-02 1.99e-04  1.84e+00   175s
  56   3.37868335e+09  3.38446876e+09  1.01e-02 1.66e-04  1.41e+00   177s
  57   3.37924831e+09  3.38368241e+09  7.41e-03 1.31e-04  1.08e+00   178s
  58   3.37943743e+09  3.38298736e+09  6.52e-03 9.73e-05  8.67e-01   180s
  59   3.37996199e+09  3.38250483e+09  4.23e-03 7.41e-05  6.20e-01   181s
  60   3.38019245e+09  3.38223925e+09  3.25e-03 6.24e-05  4.99e-01   182s
  61   3.38032780e+09  3.38163622e+09  2.65e-03 3.26e-05  3.20e-01   184s
  62   3.38066538e+09  3.38140644e+09  1.21e-03 2.13e-05  1.81e-01   185s
  63   3.38078855e+09  3.38128909e+09  6.86e-04 1.56e-05  1.22e-01   187s
  64   3.38087798e+09  3.38116287e+09  3.32e-04 9.47e-06  6.94e-02   188s
  65   3.38089637e+09  3.38111893e+09  2.65e-04 7.28e-06  5.43e-02   189s
  66   3.38091292e+09  3.38107089e+09  2.01e-04 4.91e-06  3.85e-02   190s
  67   3.38091999e+09  3.38102790e+09  1.74e-04 2.80e-06  2.64e-02   191s
  68   3.38093834e+09  3.38100638e+09  1.07e-04 1.75e-06  1.66e-02   192s
  69   3.38094972e+09  3.38099383e+09  6.60e-05 1.14e-06  1.08e-02   193s
  70   3.38095442e+09  3.38098714e+09  5.00e-05 8.27e-07  8.01e-03   194s
  71   3.38096058e+09  3.38097740e+09  2.83e-05 3.70e-07  4.12e-03   195s
  72   3.38096301e+09  3.38097432e+09  2.04e-05 2.29e-07  2.77e-03   196s
  73   3.38096464e+09  3.38097415e+09  1.48e-05 2.21e-07  2.33e-03   197s
  74   3.38096685e+09  3.38097120e+09  7.94e-06 8.71e-08  1.07e-03   198s
  75   3.38096856e+09  3.38097021e+09  2.97e-06 5.93e-08  4.04e-04   199s
  76   3.38096894e+09  3.38096944e+09  3.97e-06 6.86e-08  1.23e-04   200s
  77   3.38096913e+09  3.38096924e+09  9.37e-07 6.78e-08  2.74e-05   201s
  78   3.38096916e+09  3.38096920e+09  3.05e-07 9.45e-08  9.95e-06   203s
  79   3.38096918e+09  3.38096919e+09  6.77e-08 8.46e-08  1.34e-06   204s
  80   3.38096918e+09  3.38096918e+09  5.27e-08 1.04e-07  8.12e-08   205s
  81   3.38096918e+09  3.38096918e+09  2.25e-08 8.11e-08  3.85e-09   206s

Barrier solved model in 81 iterations and 206.51 seconds (192.70 work units)
Optimal objective 3.38096918e+09


Root crossover log...

   62212 DPushes remaining with DInf 0.0000000e+00               207s
     164 DPushes remaining with DInf 0.0000000e+00               211s
      14 DPushes remaining with DInf 0.0000000e+00               217s
       0 DPushes remaining with DInf 0.0000000e+00               218s

    1951 PPushes remaining with PInf 8.4838907e-04               218s
       0 PPushes remaining with PInf 0.0000000e+00               218s

  Push phase complete: Pinf 0.0000000e+00, Dinf 2.9208525e+00    218s


Root simplex log...

Iteration    Objective       Primal Inf.    Dual Inf.      Time
   64160    3.3809692e+09   0.000000e+00   2.920852e+00    218s
   64162    3.3809692e+09   0.000000e+00   0.000000e+00    219s
Concurrent spin time: 0.08s

Solved with barrier
   64162    3.3809692e+09   0.000000e+00   1.828619e+04    220s
   64165    3.3809692e+09   0.000000e+00   0.000000e+00    220s
Extra simplex iterations after uncrush: 3

Root relaxation: objective 3.380969e+09, 64165 iterations, 137.21 seconds (106.08 work units)
Total elapsed time = 225.88s

    Nodes    |    Current Node    |     Objective Bounds      |     Work
 Expl Unexpl |  Obj  Depth IntInf | Incumbent    BestBd   Gap | It/Node Time

     0     0 3.3810e+09    0 1562          - 3.3810e+09      -     -  233s
     0     0 3.3810e+09    0 1500          - 3.3810e+09      -     -  472s
     0     0 3.3810e+09    0 1547          - 3.3810e+09      -     -  677s
     0     0 3.3810e+09    0 1498          - 3.3810e+09      -     - 1122s
     0     0 3.3810e+09    0 1493          - 3.3810e+09      -     - 1228s
     0     0 3.3810e+09    0 1498          - 3.3810e+09      -     - 1438s
     0     0 3.3810e+09    0 1482          - 3.3810e+09      -     - 1804s
     0     0 3.3810e+09    0 1532          - 3.3810e+09      -     - 2127s
     0     0 3.3810e+09    0 1514          - 3.3810e+09      -     - 2324s
     0     0 3.3810e+09    0 1464          - 3.3810e+09      -     - 2473s
     0     0 3.3810e+09    0 1535          - 3.3810e+09      -     - 2672s
     0     0 3.3809e+09    0 1645          - 3.3809e+09      -     - 4420s
     0     0 3.3809e+09    0 1615          - 3.3809e+09      -     - 4528s
     0     0 3.3809e+09    0 1595          - 3.3809e+09      -     - 4567s
     0     0 3.3809e+09    0 1622          - 3.3809e+09      -     - 4594s
     0     0 3.3809e+09    0 1577          - 3.3809e+09      -     - 4676s
     0     0 3.3809e+09    0 1600          - 3.3809e+09      -     - 4729s
     0     0 3.3809e+09    0 1585          - 3.3809e+09      -     - 4754s
     0     0 3.3807e+09    0 1505          - 3.3807e+09      -     - 7533s
     0     0 3.3807e+09    0 1473          - 3.3807e+09      -     - 7595s
     0     0 3.3807e+09    0 1471          - 3.3807e+09      -     - 7731s
     0     0 3.3806e+09    0 1610          - 3.3806e+09      -     - 9262s
     0     0 3.3806e+09    0 1586          - 3.3806e+09      -     - 9467s

Cutting planes:
  Cover: 27
  Implied bound: 35
  Clique: 3
  MIR: 91
  Flow cover: 23
  GUB cover: 2
  RLT: 46
  Relax-and-lift: 15

Explored 1 nodes (292023 simplex iterations) in 10800.07 seconds (11196.79 work units)
Thread count was 20 (of 40 available processors)

Solution count 0

Time limit reached
Best objective -, best bound 3.380603281759e+09, gap -
IIS computation: initial model status unknown, solving to determine model status
Presolve removed 101627 rows and 82765 columns (presolve time = 6s) ...
Presolve removed 101636 rows and 82773 columns (presolve time = 10s) ...
Presolve removed 108336 rows and 82773 columns (presolve time = 16s) ...
Presolve removed 108336 rows and 88995 columns (presolve time = 20s) ...
Presolve removed 110956 rows and 154234 columns (presolve time = 25s) ...
Presolve removed 110960 rows and 154234 columns (presolve time = 30s) ...
Presolve removed 110960 rows and 154234 columns (presolve time = 35s) ...
Presolve removed 110960 rows and 154234 columns (presolve time = 41s) ...
Presolve removed 110960 rows and 154234 columns (presolve time = 46s) ...
Presolve removed 110960 rows and 154234 columns (presolve time = 50s) ...
Presolve removed 110960 rows and 154234 columns (presolve time = 56s) ...
Presolve removed 110960 rows and 154234 columns (presolve time = 60s) ...
Presolve removed 110960 rows and 154234 columns (presolve time = 65s) ...
Presolve removed 110961 rows and 154260 columns (presolve time = 70s) ...
Presolve removed 110604 rows and 153903 columns
Presolve time: 71.37s
Presolved: 74332 rows, 2062575 columns, 13383211 nonzeros
Variable types: 3464 continuous, 2059111 integer (2058907 binary)
Deterministic concurrent LP optimizer: primal simplex, dual simplex, and barrier
Showing barrier log only...

Root barrier log...

Ordering time: 4.99s

Barrier statistics:
 AA' NZ     : 5.764e+06
 Factor NZ  : 2.764e+07 (roughly 1.0 GB of memory)
 Factor Ops : 7.956e+10 (roughly 1 second per iteration)
 Threads    : 17

                  Objective                Residual
Iter       Primal          Dual         Primal    Dual     Compl     Time
   0  -0.00000000e+00  4.55002593e+05  1.37e+10 0.00e+00  1.70e+04   113s
   1  -0.00000000e+00  7.43248728e+05  3.13e+09 3.69e-02  3.91e+03   114s
   2  -0.00000000e+00  8.16797119e+05  1.82e+08 1.25e-16  2.31e+02   115s
   3  -0.00000000e+00  4.39875646e+05  1.18e+07 1.67e-16  1.52e+01   116s
   4  -0.00000000e+00  4.14194181e+05  1.14e+07 1.59e-16  1.43e+01   117s
   5  -0.00000000e+00  2.34400494e+05  6.90e+06 9.31e-17  6.81e+00   119s
   6  -0.00000000e+00  2.13774024e+05  5.10e+06 9.08e-17  4.82e+00   120s
   7  -0.00000000e+00  8.73638707e+04  1.91e+06 9.85e-17  1.15e+00   121s
   8  -0.00000000e+00  7.37605587e+04  9.13e+05 8.72e-17  5.12e-01   122s
   9  -0.00000000e+00  3.16856487e+04  1.43e+05 2.49e-16  4.95e-02   124s
  10  -0.00000000e+00  1.02036315e+04  3.04e+04 1.59e-09  6.73e-03   126s
  11  -0.00000000e+00  4.48634321e+03  5.85e+03 6.75e-08  1.66e-03   128s
  12  -0.00000000e+00  1.32981030e+03  5.54e+02 6.95e-08  3.58e-04   129s
  13  -0.00000000e+00  9.47543944e+02  4.09e+02 5.21e-08  2.53e-04   130s
  14  -0.00000000e+00  5.99160980e+02  3.08e+02 3.87e-08  1.62e-04   131s
  15  -0.00000000e+00  3.15524650e+02  2.03e+02 2.68e-08  8.66e-05   132s
  16  -0.00000000e+00  2.77928104e+02  1.46e+02 2.51e-08  7.46e-05   133s
  17  -0.00000000e+00  1.95580808e+02  9.32e+01 2.01e-08  5.20e-05   135s
  18  -0.00000000e+00  1.41821868e+02  6.85e+01 8.59e-09  3.79e-05   136s
  19  -0.00000000e+00  1.26250462e+02  5.82e+01 7.32e-09  3.37e-05   137s
  20  -0.00000000e+00  9.54623516e+01  3.48e+01 9.75e-09  2.51e-05   139s
  21  -0.00000000e+00  8.11451191e+01  3.16e+01 1.42e-08  2.15e-05   141s
  22  -0.00000000e+00  5.68725286e+01  2.08e+01 2.53e-08  1.51e-05   143s
  23  -0.00000000e+00  3.71420031e+01  1.29e+01 3.43e-08  9.95e-06   144s
  24  -0.00000000e+00  2.58845615e+01  8.84e+00 6.60e-08  7.00e-06   146s
  25  -0.00000000e+00  1.52243138e+01  3.82e+00 7.91e-08  3.96e-06   148s
  26  -0.00000000e+00  4.89963185e+00  1.09e+00 5.81e-08  1.25e-06   150s
  27  -0.00000000e+00  1.47869191e+00  3.45e-02 2.89e-08  3.70e-07   151s
  28  -0.00000000e+00  1.33933125e-01  4.90e-03 3.98e-09  3.48e-08   152s
  29  -0.00000000e+00  3.08902666e-04  1.60e-05 2.02e-11  9.04e-11   153s
  30  -0.00000000e+00  2.15468192e-09  1.69e-10 7.21e-16  6.29e-16   154s

Barrier solved model in 30 iterations and 153.89 seconds (156.42 work units)
Optimal objective -0.00000000e+00

  Building initial crossover basis                               167s
  Building initial crossover basis                               170s
  Building initial crossover basis                               175s
  Building initial crossover basis                               182s
  Building initial crossover basis                               185s
  Building initial crossover basis                               190s
  Building initial crossover basis                               196s
  Building initial crossover basis                               200s
  Building initial crossover basis                               206s
  Building initial crossover basis                               211s
  Building initial crossover basis                               216s
  Building initial crossover basis                               220s
  Building initial crossover basis                               225s
  Building initial crossover basis                               230s
  Building initial crossover basis                               235s
  Building initial crossover basis                               240s
  Building initial crossover basis                               245s
  Building initial crossover basis                               250s
  Building initial crossover basis                               256s
  Building initial crossover basis                               261s
  Building initial crossover basis                               265s
  Building initial crossover basis                               271s
  Building initial crossover basis                               276s
  Building initial crossover basis                               280s
  Building initial crossover basis                               286s
  Building initial crossover basis                               290s
  Building initial crossover basis                               296s
  Building initial crossover basis                               300s
  Building initial crossover basis                               305s

Root crossover log...

   62971 DPushes remaining with DInf 1.7021575e+02               307s
       0 DPushes remaining with DInf 0.0000000e+00               309s

     440 PPushes remaining with PInf 5.2634064e-04               309s
       0 PPushes remaining with PInf 0.0000000e+00               309s

  Push phase complete: Pinf 0.0000000e+00, Dinf 0.0000000e+00    309s


Root simplex log...

Iteration    Objective       Primal Inf.    Dual Inf.      Time
    3216   -0.0000000e+00   0.000000e+00   0.000000e+00    309s
Concurrent spin time: 0.01s

Solved with barrier
    3216   -0.0000000e+00   0.000000e+00   0.000000e+00    310s

Root relaxation: objective -0.000000e+00, 3216 iterations, 217.49 seconds (190.06 work units)
Total elapsed time = 310.57s

    Nodes    |    Current Node    |     Objective Bounds      |     Work
 Expl Unexpl |  Obj  Depth IntInf | Incumbent    BestBd   Gap | It/Node Time

     0     0   -0.00000    0 1146          -   -0.00000      -     - 1125s
     0     0   -0.00000    0 1012          -   -0.00000      -     - 9062s

Explored 1 nodes (410636 simplex iterations) in 10800.02 seconds (12273.59 work units)
Thread count was 20 (of 40 available processors)

Solution count 0

Time limit reached
Best objective -, best bound -0.000000000000e+00, gap -
IIS runtime: 10800.05 seconds (12273.59 work units)

Gurobi 9.5.1 (win64) logging started Sun May 14 18:34:07 2023

Set parameter LogFile to value "logFiles/N-1L-B/N-1L-13U-20F-23V-240D-basic.log"
Gurobi Optimizer version 9.5.1 build v9.5.1rc2 (win64)
Thread count: 8 physical cores, 16 logical processors, using up to 16 threads
Optimize a model with 191379 rows, 2277322 columns and 17349777 nonzeros
Model fingerprint: 0x163f9b9d
Variable types: 2144225 continuous, 133097 integer (133097 binary)
Coefficient statistics:
  Matrix range     [1e+00, 2e+05]
  Objective range  [4e+01, 3e+07]
  Bounds range     [1e+00, 1e+00]
  RHS range        [1e+00, 3e+06]
Presolve removed 105007 rows and 35677 columns (presolve time = 5s) ...
Presolve removed 105007 rows and 35677 columns (presolve time = 10s) ...
Presolve removed 105063 rows and 35733 columns (presolve time = 15s) ...
Presolve removed 105063 rows and 35733 columns (presolve time = 34s) ...
Presolve removed 105063 rows and 52877 columns (presolve time = 35s) ...
Presolve removed 105495 rows and 52890 columns (presolve time = 40s) ...
Presolve removed 105509 rows and 52904 columns (presolve time = 45s) ...
Presolve removed 105509 rows and 52904 columns (presolve time = 56s) ...
Presolve removed 105385 rows and 52817 columns
Presolve time: 57.26s
Presolved: 85994 rows, 2224505 columns, 9771190 nonzeros
Variable types: 2119312 continuous, 105193 integer (105193 binary)

Deterministic concurrent LP optimizer: primal simplex, dual simplex, and barrier
Showing barrier log only...

Root barrier log...

Ordering time: 4.12s

Barrier statistics:
 AA' NZ     : 5.802e+06
 Factor NZ  : 2.408e+07 (roughly 1.1 GB of memory)
 Factor Ops : 6.902e+10 (roughly 1 second per iteration)
 Threads    : 5

                  Objective                Residual
Iter       Primal          Dual         Primal    Dual     Compl     Time
   0  -5.85814506e+16  2.46931285e+13  1.19e+09 5.96e+05  1.07e+11    91s
   1  -1.59653111e+16  2.62126996e+13  3.24e+08 7.03e+05  2.92e+10    93s
   2  -3.45827006e+15  2.58514777e+13  7.06e+07 7.31e+04  6.55e+09    96s
   3  -2.72385209e+14  2.09429532e+13  5.56e+06 2.33e-09  5.21e+08    99s
   4  -5.04993819e+13  8.28717621e+12  1.03e+06 1.86e-09  1.02e+08   103s
   5  -8.51937736e+12  3.52757998e+12  1.74e+05 1.49e-08  1.81e+07   106s
   6  -2.67695943e+12  2.30476234e+12  5.46e+04 1.02e-08  5.90e+06   109s
   7  -1.37758266e+12  1.80416956e+12  2.81e+04 1.00e-08  3.05e+06   112s
   8  -7.46938781e+11  1.28566418e+12  1.53e+04 7.92e-09  1.62e+06   114s
   9  -2.29991126e+11  7.85431868e+11  4.76e+03 7.68e-09  5.47e+05   117s
  10  -1.84472051e+11  7.36718084e+11  3.83e+03 1.12e-08  4.59e+05   121s
  11  -1.20159038e+11  4.02561747e+11  2.52e+03 3.03e-09  2.61e+05   125s
  12  -6.94977339e+10  2.21175207e+11  1.48e+03 7.68e-09  1.41e+05   128s
  13  -1.58935408e+10  1.38043456e+11  3.89e+02 3.84e-09  5.25e+04   132s
  14  -1.05108867e+10  6.61126875e+10  2.79e+02 6.38e-09  2.82e+04   136s
  15   4.53681360e+08  3.08824428e+10  5.55e+01 3.64e-08  8.79e+03   141s
  16   1.12552499e+09  2.54806139e+10  4.20e+01 3.37e-08  6.91e+03   145s
  17   1.94480373e+09  2.26237882e+10  2.54e+01 2.82e-08  5.50e+03   149s
  18   2.17832356e+09  2.00248811e+10  2.08e+01 2.64e-08  4.70e+03   152s
  19   2.32886374e+09  1.62356246e+10  1.78e+01 3.71e-08  3.71e+03   155s
  20   2.37589311e+09  1.46778261e+10  1.69e+01 4.00e-08  3.31e+03   159s
  21   2.46064444e+09  1.23738430e+10  1.52e+01 5.10e-08  2.72e+03   163s
  22   2.73717647e+09  1.11091128e+10  9.82e+00 5.59e-08  2.20e+03   168s
  23   2.89852051e+09  9.97071803e+09  6.71e+00 4.76e-08  1.81e+03   173s
  24   2.95137093e+09  8.67238380e+09  5.73e+00 4.00e-08  1.48e+03   178s
  25   3.03524787e+09  7.23028683e+09  4.22e+00 2.55e-08  1.09e+03   183s
  26   3.05980389e+09  7.09288064e+09  3.77e+00 5.17e-08  1.04e+03   188s
  27   3.07875630e+09  6.62578494e+09  3.47e+00 6.10e-08  9.27e+02   193s
  28   3.10850661e+09  6.26675693e+09  2.99e+00 7.07e-08  8.24e+02   199s
  29   3.12722035e+09  5.97809477e+09  2.78e+00 5.12e-08  7.48e+02   204s
  30   3.17330687e+09  5.56338202e+09  2.03e+00 6.93e-08  6.17e+02   209s
  31   3.18658199e+09  5.26113342e+09  1.82e+00 6.90e-08  5.40e+02   214s
  32   3.19774704e+09  5.18716660e+09  1.66e+00 9.56e-08  5.14e+02   219s
  33   3.20435103e+09  4.96305187e+09  1.57e+00 6.88e-08  4.57e+02   224s
  34   3.21405364e+09  4.78201300e+09  1.42e+00 6.43e-08  4.05e+02   230s
  35   3.23303821e+09  4.58929336e+09  1.11e+00 7.86e-08  3.43e+02   235s
  36   3.23625380e+09  4.47598934e+09  1.07e+00 7.08e-08  3.14e+02   240s
  37   3.24822066e+09  4.17499160e+09  9.27e-01 8.13e-08  2.34e+02   245s
  38   3.25884278e+09  4.09507194e+09  7.94e-01 9.35e-08  2.08e+02   250s
  39   3.26880684e+09  4.01103665e+09  6.83e-01 7.60e-08  1.83e+02   255s
  40   3.27387424e+09  3.86417302e+09  6.34e-01 6.96e-08  1.45e+02   260s
  41   3.28363214e+09  3.71487187e+09  5.32e-01 6.66e-08  1.05e+02   265s
  42   3.29340053e+09  3.63612822e+09  4.18e-01 5.98e-08  8.19e+01   270s
  43   3.30159215e+09  3.57847512e+09  3.29e-01 7.24e-08  6.53e+01   275s
  44   3.30356109e+09  3.55008105e+09  3.06e-01 5.47e-08  5.79e+01   280s
  45   3.31259960e+09  3.49030823e+09  2.28e-01 5.56e-08  4.12e+01   285s
  46   3.31604257e+09  3.48505124e+09  2.04e-01 4.42e-08  3.91e+01   290s
  47   3.31948107e+09  3.46068134e+09  1.79e-01 6.45e-08  3.25e+01   296s
  48   3.32730079e+09  3.45325383e+09  1.27e-01 6.77e-08  2.88e+01   301s
  49   3.33144559e+09  3.42886986e+09  1.06e-01 5.11e-08  2.22e+01   306s
  50   3.33490385e+09  3.42225597e+09  9.12e-02 9.35e-08  1.98e+01   311s
  51   3.33624977e+09  3.41363372e+09  8.60e-02 9.43e-08  1.75e+01   316s
  52   3.33906097e+09  3.40611998e+09  7.61e-02 1.23e-07  1.52e+01   322s
  53   3.34229127e+09  3.40115983e+09  6.67e-02 1.23e-07  1.33e+01   327s
  54   3.34436869e+09  3.39613731e+09  6.08e-02 1.52e-07  1.17e+01   332s
  55   3.34656745e+09  3.39234152e+09  5.48e-02 1.42e-07  1.03e+01   337s
  56   3.34688083e+09  3.39056286e+09  5.39e-02 1.11e-07  9.85e+00   342s
  57   3.34859045e+09  3.38873646e+09  4.91e-02 1.24e-07  9.05e+00   347s
  58   3.35088367e+09  3.38665424e+09  4.29e-02 8.98e-08  8.05e+00   352s
  59   3.35238710e+09  3.38553466e+09  3.90e-02 8.46e-08  7.46e+00   358s
  60   3.35495079e+09  3.38309992e+09  3.20e-02 7.74e-08  6.32e+00   363s
  61   3.35563723e+09  3.38160388e+09  3.03e-02 9.25e-08  5.83e+00   368s
  62   3.35683547e+09  3.38030649e+09  2.74e-02 1.04e-07  5.27e+00   373s
  63   3.35739618e+09  3.37945992e+09  2.61e-02 9.17e-08  4.95e+00   378s
  64   3.35853873e+09  3.37932905e+09  2.35e-02 8.76e-08  4.66e+00   384s
  65   3.35942201e+09  3.37696323e+09  2.16e-02 9.32e-08  3.93e+00   389s
  66   3.36085561e+09  3.37565858e+09  1.85e-02 8.04e-08  3.31e+00   393s
  67   3.36288135e+09  3.37513213e+09  1.41e-02 9.77e-08  2.74e+00   399s
  68   3.36409610e+09  3.37380882e+09  1.16e-02 9.68e-08  2.17e+00   404s
  69   3.36502627e+09  3.37296347e+09  9.82e-03 1.26e-07  1.78e+00   409s
  70   3.36563731e+09  3.37210469e+09  8.61e-03 7.59e-08  1.45e+00   414s
  71   3.36636054e+09  3.37173917e+09  7.19e-03 7.71e-08  1.20e+00   419s
  72   3.36694487e+09  3.37137041e+09  6.01e-03 9.40e-08  9.89e-01   424s
  73   3.36740486e+09  3.37111327e+09  5.09e-03 6.66e-08  8.28e-01   429s
  74   3.36794621e+09  3.37093493e+09  4.02e-03 5.63e-08  6.67e-01   435s
  75   3.36827656e+09  3.37077577e+09  3.36e-03 6.34e-08  5.58e-01   440s
  76   3.36858269e+09  3.37063175e+09  2.77e-03 9.66e-08  4.57e-01   445s
  77   3.36906345e+09  3.37046222e+09  1.83e-03 7.84e-08  3.12e-01   451s
  78   3.36913115e+09  3.37026908e+09  1.70e-03 9.11e-08  2.53e-01   456s
  79   3.36923896e+09  3.37023317e+09  1.49e-03 9.11e-08  2.21e-01   461s
  80   3.36954308e+09  3.37016261e+09  8.95e-04 1.09e-07  1.38e-01   466s
  81   3.36970595e+09  3.37012434e+09  5.75e-04 9.11e-08  9.32e-02   471s
  82   3.36981909e+09  3.37008425e+09  3.57e-04 8.33e-08  5.91e-02   476s
  83   3.36989865e+09  3.37005855e+09  2.06e-04 9.60e-08  3.57e-02   482s
  84   3.36995493e+09  3.37003852e+09  1.00e-04 1.23e-07  1.87e-02   487s
  85   3.36999048e+09  3.37002495e+09  6.83e-05 6.04e-08  7.70e-03   490s
  86   3.37000392e+09  3.37002119e+09  1.00e-05 6.96e-08  3.87e-03   494s
  87   3.37000748e+09  3.37001553e+09  5.09e-06 1.14e-07  1.80e-03   498s
  88   3.37000862e+09  3.37001374e+09  2.78e-06 1.16e-07  1.15e-03   502s
  89   3.37000953e+09  3.37001317e+09  9.68e-07 1.52e-07  8.16e-04   506s
  90   3.37000988e+09  3.37001108e+09  3.06e-07 8.07e-08  2.69e-04   510s
  91   3.37000997e+09  3.37001026e+09  1.78e-07 7.85e-08  6.50e-05   514s
  92   3.37001003e+09  3.37001017e+09  1.02e-07 8.79e-08  3.13e-05   518s
  93   3.37001010e+09  3.37001011e+09  9.42e-09 1.41e-07  3.58e-06   523s
  94   3.37001011e+09  3.37001011e+09  1.90e-08 6.55e-08  4.24e-07   528s
  95   3.37001011e+09  3.37001011e+09  6.07e-09 1.04e-07  7.90e-09   532s

Barrier solved model in 95 iterations and 532.46 seconds (260.81 work units)
Optimal objective 3.37001011e+09


Root crossover log...

   66954 DPushes remaining with DInf 0.0000000e+00               533s
     135 DPushes remaining with DInf 0.0000000e+00               542s
      75 DPushes remaining with DInf 0.0000000e+00               549s
      25 DPushes remaining with DInf 0.0000000e+00               556s
       0 DPushes remaining with DInf 0.0000000e+00               559s

    1897 PPushes remaining with PInf 8.0919517e-03               559s
       0 PPushes remaining with PInf 0.0000000e+00               559s

  Push phase complete: Pinf 0.0000000e+00, Dinf 3.5628838e-02    559s


Root simplex log...

Iteration    Objective       Primal Inf.    Dual Inf.      Time
   68854    3.3700101e+09   0.000000e+00   3.562789e-02    560s
   68906    3.3700101e+09   2.321756e+07   0.000000e+00    572s
   69026    3.3700101e+09   1.273401e+07   0.000000e+00    598s
   69096    3.3700101e+09   4.227233e+06   0.000000e+00    608s
   69196    3.3700101e+09   6.485354e+07   0.000000e+00    613s
   69236    3.3700101e+09   1.562863e+07   0.000000e+00    619s
   69296    3.3700101e+09   2.810109e+06   0.000000e+00    625s
   69406    3.3700101e+09   8.990205e+05   0.000000e+00    641s
   69496    3.3700101e+09   2.624079e+06   0.000000e+00    659s
   69566    3.3700101e+09   3.000399e+05   0.000000e+00    669s
   69656    3.3700101e+09   9.174126e+04   0.000000e+00    683s
   69726    3.3700101e+09   6.998019e+04   0.000000e+00    693s
   69766    3.3700101e+09   5.708813e+04   0.000000e+00    698s
   69806    3.3700101e+09   1.249609e+04   0.000000e+00    704s
   69886    3.3700101e+09   5.191548e+03   0.000000e+00    709s
   70186    3.3700101e+09   3.041557e+02   0.000000e+00    724s
   70296    3.3700101e+09   1.864654e+01   0.000000e+00    740s
   70416    3.3700101e+09   1.939227e+03   0.000000e+00    762s
   70536    3.3700101e+09   3.661032e+02   0.000000e+00    785s
   70656    3.3700101e+09   1.194853e+03   0.000000e+00    807s
   70776    3.3700101e+09   2.004884e+03   0.000000e+00    830s
   70896    3.3700101e+09   2.998623e+02   0.000000e+00    854s
   71016    3.3700101e+09   1.221228e+01   0.000000e+00    875s
   71055    3.3700101e+09   0.000000e+00   0.000000e+00    883s
   71055    3.3700101e+09   0.000000e+00   0.000000e+00    885s
Concurrent spin time: 20.64s

Solved with barrier

Root relaxation: objective 3.370010e+09, 71055 iterations, 838.79 seconds (262.50 work units)
Total elapsed time = 911.99s

    Nodes    |    Current Node    |     Objective Bounds      |     Work
 Expl Unexpl |  Obj  Depth IntInf | Incumbent    BestBd   Gap | It/Node Time

     0     0 3.3700e+09    0  185          - 3.3700e+09      -     - 1150s
     0     0          -    0               - 3.3700e+09      -     - 3000s

Cutting planes:
  Cover: 3
  Implied bound: 7
  MIR: 16
  StrongCG: 1
  Flow cover: 40
  Network: 1
  RLT: 2

Explored 1 nodes (75860 simplex iterations) in 3000.31 seconds (1574.79 work units)
Thread count was 16 (of 16 available processors)

Solution count 0

Time limit reached
Best objective -, best bound 3.370010105245e+09, gap -

Gurobi 9.5.1 (win64) logging started Sun May 14 20:49:30 2023

Set parameter LogFile to value "logFiles/N-1L-B/N-1L-13U-20F-23V-240D-basic.log"
Gurobi Optimizer version 9.5.1 build v9.5.1rc2 (win64)
Thread count: 8 physical cores, 16 logical processors, using up to 16 threads
Optimize a model with 191379 rows, 2277322 columns and 17349777 nonzeros
Model fingerprint: 0x858ebc07
Variable types: 2144225 continuous, 133097 integer (133097 binary)
Coefficient statistics:
  Matrix range     [1e+00, 2e+05]
  Objective range  [4e+01, 3e+07]
  Bounds range     [1e+00, 1e+00]
  RHS range        [1e+00, 3e+06]
Presolve removed 105007 rows and 35677 columns (presolve time = 5s) ...
Presolve removed 105007 rows and 35677 columns (presolve time = 10s) ...
Presolve removed 105063 rows and 35733 columns (presolve time = 15s) ...
Presolve removed 105063 rows and 35733 columns (presolve time = 34s) ...
Presolve removed 105063 rows and 52877 columns (presolve time = 35s) ...
Presolve removed 105495 rows and 52890 columns (presolve time = 40s) ...
Presolve removed 105509 rows and 52904 columns (presolve time = 45s) ...
Presolve removed 105509 rows and 52904 columns (presolve time = 55s) ...
Presolve removed 105385 rows and 52817 columns
Presolve time: 56.65s
Presolved: 85994 rows, 2224505 columns, 9771190 nonzeros
Variable types: 2119312 continuous, 105193 integer (105193 binary)

Deterministic concurrent LP optimizer: primal simplex, dual simplex, and barrier
Showing barrier log only...

Root barrier log...

Ordering time: 3.81s

Barrier statistics:
 AA' NZ     : 5.802e+06
 Factor NZ  : 2.408e+07 (roughly 1.1 GB of memory)
 Factor Ops : 6.902e+10 (roughly 1 second per iteration)
 Threads    : 5

                  Objective                Residual
Iter       Primal          Dual         Primal    Dual     Compl     Time
   0  -5.85814506e+16  2.46931285e+13  1.19e+09 5.96e+05  1.07e+11    91s
   1  -1.59653111e+16  2.62126996e+13  3.24e+08 7.03e+05  2.92e+10    93s
   2  -3.45827006e+15  2.58514777e+13  7.06e+07 7.31e+04  6.55e+09    96s
   3  -2.72385311e+14  2.09429530e+13  5.56e+06 2.10e-09  5.21e+08    99s
   4  -5.04991465e+13  8.28718580e+12  1.03e+06 1.86e-09  1.02e+08   103s
   5  -8.51776222e+12  3.54442873e+12  1.74e+05 1.00e-08  1.81e+07   106s
   6  -2.68902976e+12  2.30791653e+12  5.49e+04 7.68e-09  5.93e+06   109s
   7  -1.38104692e+12  1.80701167e+12  2.82e+04 2.79e-09  3.06e+06   112s
   8  -7.47722032e+11  1.28900563e+12  1.53e+04 1.07e-08  1.62e+06   114s
   9  -2.25391337e+11  7.81713643e+11  4.66e+03 9.31e-09  5.39e+05   117s
  10  -1.82381552e+11  7.34980155e+11  3.79e+03 3.03e-09  4.55e+05   122s
  11  -1.23087133e+11  3.82940017e+11  2.58e+03 4.66e-09  2.59e+05   126s
  12  -7.20566935e+10  2.14399662e+11  1.54e+03 3.38e-09  1.42e+05   129s
  13  -2.37244767e+10  1.34718361e+11  5.49e+02 4.31e-09  6.07e+04   133s
  14  -1.10814485e+10  6.72768195e+10  2.91e+02 4.42e-09  2.90e+04   137s
  15  -3.14730160e+09  3.96637629e+10  1.29e+02 2.19e-08  1.42e+04   142s
  16   6.45420263e+08  2.90551905e+10  5.17e+01 4.19e-08  8.16e+03   147s
  17   1.15110006e+09  2.26593752e+10  4.16e+01 5.21e-08  6.22e+03   150s
  18   1.57111225e+09  2.12339901e+10  3.30e+01 5.45e-08  5.51e+03   154s
  19   1.99876496e+09  1.64388341e+10  2.45e+01 4.17e-08  4.04e+03   157s
  20   2.10718744e+09  1.46190401e+10  2.23e+01 6.91e-08  3.53e+03   161s
  21   2.31050183e+09  1.24002563e+10  1.84e+01 5.58e-08  2.86e+03   165s
  22   2.61672541e+09  1.08600162e+10  1.22e+01 5.00e-08  2.25e+03   170s
  23   2.74494035e+09  8.20373712e+09  9.74e+00 5.78e-08  1.54e+03   175s
  24   2.85939688e+09  7.15984035e+09  7.60e+00 5.96e-08  1.21e+03   180s
  25   2.98324357e+09  6.63190980e+09  5.43e+00 5.80e-08  9.96e+02   185s
  26   3.04009224e+09  6.12510407e+09  4.44e+00 5.14e-08  8.41e+02   190s
  27   3.06342805e+09  6.02215072e+09  4.06e+00 6.55e-08  8.01e+02   196s
  28   3.09840238e+09  5.70330349e+09  3.54e+00 6.92e-08  7.05e+02   200s
  29   3.10004289e+09  5.57459330e+09  3.46e+00 8.73e-08  6.75e+02   205s
  30   3.12774361e+09  5.45109000e+09  3.00e+00 7.20e-08  6.26e+02   210s
  31   3.15080069e+09  5.16253304e+09  2.63e+00 1.01e-07  5.44e+02   215s
  32   3.15588430e+09  4.98055105e+09  2.54e+00 1.40e-07  5.00e+02   220s
  33   3.16585943e+09  4.93106862e+09  2.38e+00 1.41e-07  4.81e+02   224s
  34   3.18202040e+09  4.79599018e+09  2.11e+00 1.96e-07  4.37e+02   228s
  35   3.19497913e+09  4.60810856e+09  1.90e+00 1.20e-07  3.83e+02   234s
  36   3.20582612e+09  4.44282980e+09  1.72e+00 1.38e-07  3.35e+02   239s
  37   3.22053306e+09  4.26533378e+09  1.51e+00 1.70e-07  2.81e+02   244s
  38   3.23448933e+09  4.18211092e+09  1.30e+00 1.42e-07  2.51e+02   249s
  39   3.24079018e+09  4.06737422e+09  1.21e+00 9.54e-08  2.18e+02   255s
  40   3.25615052e+09  3.93948483e+09  1.01e+00 1.16e-07  1.77e+02   260s
  41   3.26538004e+09  3.82359429e+09  8.75e-01 6.51e-08  1.43e+02   265s
  42   3.27127433e+09  3.73666042e+09  7.96e-01 4.19e-08  1.19e+02   271s
  43   3.28383291e+09  3.70813307e+09  6.23e-01 7.46e-08  1.06e+02   276s
  44   3.28507164e+09  3.62378246e+09  6.06e-01 6.94e-08  8.42e+01   281s
  45   3.29706072e+09  3.59203872e+09  4.49e-01 8.87e-08  7.17e+01   286s
  46   3.30475698e+09  3.51144307e+09  3.69e-01 9.06e-08  4.94e+01   291s
  47   3.30937033e+09  3.48358540e+09  3.24e-01 1.43e-07  4.12e+01   297s
  48   3.31461538e+09  3.45764060e+09  2.75e-01 1.36e-07  3.34e+01   302s
  49   3.31833354e+09  3.44070678e+09  2.44e-01 1.27e-07  2.84e+01   307s
  50   3.32361625e+09  3.42415378e+09  2.07e-01 9.68e-08  2.31e+01   312s
  51   3.32822799e+09  3.41237796e+09  1.81e-01 1.25e-07  1.92e+01   318s
  52   3.33083663e+09  3.40697726e+09  1.67e-01 1.39e-07  1.73e+01   323s
  53   3.33276081e+09  3.40085643e+09  1.57e-01 9.96e-08  1.55e+01   328s
  54   3.33722413e+09  3.39568072e+09  1.34e-01 9.76e-08  1.32e+01   334s
  55   3.33947950e+09  3.39232994e+09  1.23e-01 1.00e-07  1.19e+01   340s
  56   3.34156162e+09  3.38839583e+09  1.14e-01 1.06e-07  1.05e+01   346s
  57   3.34365543e+09  3.38749562e+09  1.04e-01 9.10e-08  9.83e+00   350s
  58   3.34528761e+09  3.38553689e+09  9.70e-02 1.04e-07  9.01e+00   355s
  59   3.34691989e+09  3.38384906e+09  9.00e-02 9.45e-08  8.25e+00   360s
  60   3.34837799e+09  3.38224544e+09  8.39e-02 7.90e-08  7.55e+00   365s
  61   3.34952508e+09  3.38028073e+09  7.91e-02 7.55e-08  6.83e+00   371s
  62   3.35267197e+09  3.37894237e+09  6.53e-02 1.00e-07  5.82e+00   376s
  63   3.35385194e+09  3.37785579e+09  6.03e-02 7.99e-08  5.31e+00   381s
  64   3.35420738e+09  3.37766542e+09  5.87e-02 8.51e-08  5.19e+00   385s
  65   3.35522775e+09  3.37730394e+09  5.45e-02 9.78e-08  4.88e+00   389s
  66   3.35608629e+09  3.37636403e+09  5.11e-02 7.80e-08  4.47e+00   395s
  67   3.35683828e+09  3.37580085e+09  4.80e-02 6.45e-08  4.18e+00   399s
  68   3.35737017e+09  3.37572371e+09  4.60e-02 7.66e-08  4.04e+00   403s
  69   3.35864453e+09  3.37457918e+09  4.12e-02 8.36e-08  3.50e+00   408s
  70   3.35942882e+09  3.37410855e+09  3.82e-02 8.69e-08  3.22e+00   412s
  71   3.36016802e+09  3.37404115e+09  3.54e-02 1.13e-07  3.05e+00   416s
  72   3.36172380e+09  3.37307876e+09  2.96e-02 7.60e-08  2.49e+00   421s
  73   3.36331965e+09  3.37273138e+09  2.38e-02 7.71e-08  2.06e+00   426s
  74   3.36421357e+09  3.37206662e+09  2.07e-02 6.68e-08  1.72e+00   431s
  75   3.36497644e+09  3.37170541e+09  1.80e-02 5.60e-08  1.47e+00   437s
  76   3.36515879e+09  3.37159574e+09  1.73e-02 7.43e-08  1.41e+00   442s
  77   3.36530316e+09  3.37147593e+09  1.68e-02 4.69e-08  1.35e+00   447s
  78   3.36589733e+09  3.37132059e+09  1.47e-02 6.37e-08  1.18e+00   452s
  79   3.36639594e+09  3.37108368e+09  1.30e-02 5.25e-08  1.02e+00   457s
  80   3.36693280e+09  3.37098648e+09  1.10e-02 6.95e-08  8.83e-01   462s
  81   3.36731745e+09  3.37079377e+09  9.66e-03 4.02e-08  7.56e-01   467s
  82   3.36773197e+09  3.37068543e+09  8.21e-03 4.40e-08  6.42e-01   472s
  83   3.36792976e+09  3.37062284e+09  7.48e-03 7.50e-08  5.85e-01   477s
  84   3.36823510e+09  3.37056392e+09  6.38e-03 6.43e-08  5.06e-01   482s
  85   3.36859536e+09  3.37041352e+09  5.06e-03 6.10e-08  3.95e-01   487s
  86   3.36882438e+09  3.37035373e+09  4.26e-03 6.69e-08  3.32e-01   492s
  87   3.36892142e+09  3.37023093e+09  3.92e-03 7.65e-08  2.83e-01   498s
  88   3.36925665e+09  3.37018233e+09  2.73e-03 5.25e-08  2.00e-01   503s
  89   3.36938022e+09  3.37013461e+09  2.27e-03 5.67e-08  1.63e-01   508s
  90   3.36955828e+09  3.37010971e+09  1.62e-03 5.69e-08  1.19e-01   514s
  91   3.36964703e+09  3.37010341e+09  1.31e-03 5.78e-08  9.86e-02   519s
  92   3.36975019e+09  3.37008196e+09  9.32e-04 5.66e-08  7.18e-02   525s
  93   3.36983008e+09  3.37006390e+09  6.45e-04 6.49e-08  5.06e-02   531s
  94   3.36988164e+09  3.37004414e+09  4.58e-04 4.64e-08  3.51e-02   536s
  95   3.36992881e+09  3.37003108e+09  2.88e-04 4.81e-08  2.21e-02   542s
  96   3.36996116e+09  3.37001914e+09  1.72e-04 3.41e-08  1.25e-02   548s
  97   3.37000114e+09  3.37001400e+09  9.20e-05 3.21e-08  2.80e-03   552s
  98   3.37000728e+09  3.37001160e+09  4.06e-05 3.75e-08  9.44e-04   557s
  99   3.37000848e+09  3.37001052e+09  2.26e-05 4.74e-08  4.45e-04   561s
 100   3.37000942e+09  3.37001040e+09  9.06e-06 4.80e-08  2.13e-04   565s
 101   3.37000978e+09  3.37001029e+09  4.21e-06 6.20e-08  1.13e-04   569s
 102   3.37001004e+09  3.37001015e+09  7.75e-07 5.98e-08  2.40e-05   574s
 103   3.37001010e+09  3.37001012e+09  2.01e-08 4.71e-08  2.89e-06   578s
 104   3.37001011e+09  3.37001011e+09  4.37e-09 4.64e-08  1.33e-07   582s
 105   3.37001011e+09  3.37001011e+09  4.11e-10 5.99e-08  1.51e-10   586s

Barrier solved model in 105 iterations and 586.53 seconds (275.36 work units)
Optimal objective 3.37001011e+09


Root crossover log...

   66975 DPushes remaining with DInf 0.0000000e+00               587s
     120 DPushes remaining with DInf 0.0000000e+00               597s
      50 DPushes remaining with DInf 0.0000000e+00               605s
       0 DPushes remaining with DInf 0.0000000e+00               612s

    1885 PPushes remaining with PInf 3.1908259e-04               612s
       0 PPushes remaining with PInf 0.0000000e+00               612s

  Push phase complete: Pinf 0.0000000e+00, Dinf 1.4391968e+01    612s


Root simplex log...

Iteration    Objective       Primal Inf.    Dual Inf.      Time
   68863    3.3700101e+09   0.000000e+00   1.439196e+01    613s
   68865    3.3700101e+09   0.000000e+00   0.000000e+00    614s
   68865    3.3700101e+09   0.000000e+00   0.000000e+00    616s
Concurrent spin time: 21.82s

Solved with barrier

Root relaxation: objective 3.370010e+09, 68865 iterations, 571.76 seconds (175.86 work units)
Total elapsed time = 644.83s
Total elapsed time = 657.50s

    Nodes    |    Current Node    |     Objective Bounds      |     Work
 Expl Unexpl |  Obj  Depth IntInf | Incumbent    BestBd   Gap | It/Node Time

     0     0 3.3700e+09    0  195          - 3.3700e+09      -     -  663s
     0     0 3.3700e+09    0  179          - 3.3700e+09      -     - 2894s
     0     0 3.3700e+09    0  176          - 3.3700e+09      -     - 3201s
     0     0 3.3700e+09    0  188          - 3.3700e+09      -     - 3724s
     0     0 3.3700e+09    0  188          - 3.3700e+09      -     - 3749s
     0     0 3.3700e+09    0  196          - 3.3700e+09      -     - 4021s
     0     0 3.3700e+09    0  182          - 3.3700e+09      -     - 4168s
     0     0 3.3700e+09    0  181          - 3.3700e+09      -     - 4213s
     0     0 3.3700e+09    0  181          - 3.3700e+09      -     - 4221s
     0     0 3.3700e+09    0  179          - 3.3700e+09      -     - 4286s
     0     0 3.3700e+09    0  180          - 3.3700e+09      -     - 4857s
     0     0 3.3700e+09    0  187          - 3.3700e+09      -     - 5097s

Gurobi 9.5.1 (win64) logging started Mon May 15 00:06:17 2023

Set parameter LogFile to value "logFiles/N-1L-B/N-1L-13U-20F-23V-240D-basic.log"
Gurobi Optimizer version 9.5.1 build v9.5.1rc2 (win64)
Thread count: 8 physical cores, 16 logical processors, using up to 16 threads
Optimize a model with 191379 rows, 2277322 columns and 17349777 nonzeros
Model fingerprint: 0x27c67c8d
Variable types: 2144225 continuous, 133097 integer (133097 binary)
Coefficient statistics:
  Matrix range     [1e+00, 2e+05]
  Objective range  [4e+01, 3e+07]
  Bounds range     [1e+00, 1e+00]
  RHS range        [1e+00, 3e+06]
Presolve removed 105007 rows and 35677 columns (presolve time = 5s) ...
Presolve removed 105007 rows and 35677 columns (presolve time = 10s) ...
Presolve removed 105063 rows and 35733 columns (presolve time = 15s) ...
Presolve removed 105063 rows and 35733 columns (presolve time = 34s) ...
Presolve removed 105063 rows and 52877 columns (presolve time = 35s) ...
Presolve removed 105495 rows and 52890 columns (presolve time = 40s) ...
Presolve removed 105509 rows and 52904 columns (presolve time = 45s) ...
Presolve removed 105509 rows and 52904 columns (presolve time = 55s) ...
Presolve removed 105385 rows and 52817 columns
Presolve time: 56.66s
Presolved: 85994 rows, 2224505 columns, 9771190 nonzeros
Variable types: 2119312 continuous, 105193 integer (105193 binary)

Deterministic concurrent LP optimizer: primal simplex, dual simplex, and barrier
Showing barrier log only...

Root barrier log...

Ordering time: 3.94s

Barrier statistics:
 AA' NZ     : 5.802e+06
 Factor NZ  : 2.408e+07 (roughly 1.1 GB of memory)
 Factor Ops : 6.902e+10 (roughly 1 second per iteration)
 Threads    : 5

                  Objective                Residual
Iter       Primal          Dual         Primal    Dual     Compl     Time
   0  -5.85814506e+16  2.46931285e+13  1.19e+09 5.96e+05  1.07e+11    91s
   1  -1.59653111e+16  2.62126996e+13  3.24e+08 7.03e+05  2.92e+10    94s
   2  -3.45827006e+15  2.58514777e+13  7.06e+07 7.31e+04  6.55e+09    96s
   3  -2.72385311e+14  2.09429530e+13  5.56e+06 2.10e-09  5.21e+08    99s
   4  -5.04991465e+13  8.28718580e+12  1.03e+06 1.86e-09  1.02e+08   103s
   5  -8.51776222e+12  3.54442873e+12  1.74e+05 1.00e-08  1.81e+07   107s
   6  -2.68902976e+12  2.30791653e+12  5.49e+04 7.68e-09  5.93e+06   109s
   7  -1.38104692e+12  1.80701167e+12  2.82e+04 3.96e-09  3.06e+06   112s
   8  -7.47722032e+11  1.28900563e+12  1.53e+04 1.40e-09  1.62e+06   114s
   9  -2.25391338e+11  7.81713643e+11  4.66e+03 9.08e-09  5.39e+05   118s
  10  -1.82380162e+11  7.34963888e+11  3.79e+03 2.33e-09  4.55e+05   122s
  11  -1.23088286e+11  3.82937533e+11  2.58e+03 2.79e-09  2.59e+05   126s
  12  -7.20580925e+10  2.14403870e+11  1.54e+03 4.19e-09  1.42e+05   129s
  13  -2.37361237e+10  1.34722566e+11  5.49e+02 2.44e-09  6.07e+04   133s
  14  -1.10826867e+10  6.72758446e+10  2.91e+02 3.17e-09  2.90e+04   137s
  15  -3.15106149e+09  3.96715543e+10  1.29e+02 2.40e-08  1.42e+04   143s
  16   6.45385219e+08  2.90572796e+10  5.17e+01 3.23e-08  8.16e+03   147s
  17   1.15043665e+09  2.26587752e+10  4.16e+01 4.47e-08  6.22e+03   151s
  18   1.57171943e+09  2.12356067e+10  3.30e+01 5.66e-08  5.51e+03   154s
  19   1.99908276e+09  1.64381870e+10  2.45e+01 5.65e-08  4.04e+03   157s
  20   2.10746301e+09  1.46184812e+10  2.23e+01 6.01e-08  3.53e+03   161s
  21   2.31055213e+09  1.24084381e+10  1.84e+01 5.69e-08  2.86e+03   165s
  22   2.52793716e+09  1.13000128e+10  1.40e+01 5.76e-08  2.43e+03   170s
  23   2.73145995e+09  8.98062134e+09  1.00e+01 3.82e-08  1.73e+03   175s
  24   2.88412977e+09  7.85719595e+09  7.12e+00 6.09e-08  1.35e+03   180s
  25   3.02871369e+09  6.81330339e+09  4.47e+00 7.21e-08  1.00e+03   185s
  26   3.04392730e+09  6.58629431e+09  4.21e+00 7.11e-08  9.42e+02   189s
  27   3.10869812e+09  6.31451699e+09  3.12e+00 6.77e-08  8.30e+02   194s
  28   3.13620306e+09  5.82046321e+09  2.77e+00 5.54e-08  7.05e+02   199s
  29   3.13584165e+09  5.67180895e+09  2.76e+00 7.85e-08  6.72e+02   205s
  30   3.17758149e+09  5.40986002e+09  2.05e+00 9.57e-08  5.81e+02   210s
  31   3.18795306e+09  5.12386122e+09  1.89e+00 5.57e-08  5.10e+02   215s
  32   3.19576900e+09  4.98300528e+09  1.76e+00 2.76e-08  4.71e+02   221s
  33   3.20924408e+09  4.81362987e+09  1.55e+00 4.02e-08  4.20e+02   226s
  34   3.22387123e+09  4.75058047e+09  1.30e+00 1.00e-07  3.93e+02   231s
  35   3.23048359e+09  4.50498220e+09  1.20e+00 1.13e-07  3.28e+02   236s
  36   3.24049376e+09  4.42944788e+09  1.07e+00 1.03e-07  3.03e+02   241s
  37   3.25454654e+09  4.21130425e+09  8.82e-01 8.83e-08  2.41e+02   247s
  38   3.26467094e+09  4.09175667e+09  7.49e-01 9.71e-08  2.06e+02   252s
  39   3.26708119e+09  4.03827862e+09  7.19e-01 1.10e-07  1.92e+02   256s
  40   3.28018217e+09  3.96204092e+09  5.77e-01 1.20e-07  1.67e+02   262s
  41   3.28500261e+09  3.82459993e+09  5.23e-01 1.79e-07  1.31e+02   267s
  42   3.28946359e+09  3.72825504e+09  4.67e-01 9.99e-08  1.06e+02   272s
  43   3.29467092e+09  3.66724831e+09  4.06e-01 1.43e-07  8.91e+01   278s
  44   3.30224435e+09  3.62777401e+09  3.12e-01 1.31e-07  7.68e+01   282s
  45   3.30358616e+09  3.58600093e+09  3.00e-01 1.48e-07  6.65e+01   287s
  46   3.31282959e+09  3.52679229e+09  2.11e-01 1.82e-07  4.97e+01   292s
  47   3.31713704e+09  3.50879955e+09  1.78e-01 1.36e-07  4.42e+01   297s
  48   3.31991733e+09  3.48852431e+09  1.57e-01 1.51e-07  3.88e+01   302s
  49   3.32340647e+09  3.45816993e+09  1.36e-01 1.40e-07  3.08e+01   307s
  50   3.32688696e+09  3.43578479e+09  1.20e-01 1.66e-07  2.48e+01   312s
  51   3.32905724e+09  3.42771884e+09  1.10e-01 1.12e-07  2.25e+01   317s
  52   3.33275537e+09  3.42060402e+09  9.44e-02 1.40e-07  2.00e+01   323s
  53   3.33737597e+09  3.41221137e+09  7.72e-02 1.18e-07  1.70e+01   328s
  54   3.34037265e+09  3.40654058e+09  6.73e-02 9.33e-08  1.50e+01   332s
  55   3.34335443e+09  3.39936673e+09  5.90e-02 6.57e-08  1.27e+01   337s
  56   3.34562227e+09  3.39557288e+09  5.29e-02 1.09e-07  1.13e+01   343s
  57   3.34746336e+09  3.39056437e+09  4.86e-02 7.07e-08  9.72e+00   348s
  58   3.34991135e+09  3.38766156e+09  4.23e-02 9.02e-08  8.51e+00   353s
  59   3.35031901e+09  3.38607272e+09  4.12e-02 1.05e-07  8.05e+00   359s
  60   3.35297614e+09  3.38418288e+09  3.47e-02 8.21e-08  7.02e+00   364s
  61   3.35448169e+09  3.38039606e+09  3.14e-02 1.22e-07  5.82e+00   369s
  62   3.35583605e+09  3.37966739e+09  2.85e-02 1.17e-07  5.35e+00   375s
  63   3.35748794e+09  3.37792117e+09  2.49e-02 1.52e-07  4.58e+00   380s
  64   3.35869442e+09  3.37786012e+09  2.25e-02 1.55e-07  4.30e+00   385s
  65   3.36015449e+09  3.37579718e+09  1.96e-02 1.38e-07  3.51e+00   390s
  66   3.36231239e+09  3.37473641e+09  1.51e-02 1.18e-07  2.78e+00   395s
  67   3.36361077e+09  3.37353355e+09  1.26e-02 1.15e-07  2.22e+00   400s
  68   3.36537559e+09  3.37259095e+09  9.02e-03 5.17e-08  1.62e+00   405s
  69   3.36596524e+09  3.37190976e+09  7.84e-03 7.95e-08  1.33e+00   411s
  70   3.36661749e+09  3.37147070e+09  6.55e-03 8.16e-08  1.09e+00   416s
  71   3.36716770e+09  3.37129410e+09  5.46e-03 1.36e-07  9.23e-01   420s
  72   3.36760809e+09  3.37109804e+09  4.64e-03 1.43e-07  7.80e-01   425s
  73   3.36807649e+09  3.37085517e+09  3.72e-03 1.10e-07  6.21e-01   431s
  74   3.36826915e+09  3.37069650e+09  3.34e-03 1.12e-07  5.42e-01   436s
  75   3.36856499e+09  3.37054508e+09  2.80e-03 1.36e-07  4.42e-01   441s
  76   3.36897517e+09  3.37041856e+09  2.03e-03 6.37e-08  3.22e-01   446s
  77   3.36913618e+09  3.37031487e+09  1.72e-03 9.82e-08  2.63e-01   451s
  78   3.36948856e+09  3.37022927e+09  1.01e-03 5.41e-08  1.65e-01   456s
  79   3.36960378e+09  3.37017051e+09  7.82e-04 8.28e-08  1.27e-01   462s
  80   3.36975788e+09  3.37013582e+09  4.81e-04 1.07e-07  8.44e-02   466s
  81   3.36983156e+09  3.37008448e+09  3.32e-04 7.12e-08  5.65e-02   471s
  82   3.36990064e+09  3.37004867e+09  2.02e-04 7.13e-08  3.31e-02   476s
  83   3.36998498e+09  3.37001821e+09  4.35e-05 1.08e-07  7.43e-03   482s
  84   3.37000547e+09  3.37001156e+09  1.09e-05 9.17e-08  1.36e-03   487s
  85   3.37000868e+09  3.37001085e+09  3.17e-06 1.15e-07  4.86e-04   492s
  86   3.37000892e+09  3.37001075e+09  2.63e-06 7.97e-08  4.11e-04   496s
  87   3.37000949e+09  3.37001024e+09  1.34e-06 1.07e-07  1.68e-04   500s
  88   3.37000984e+09  3.37001023e+09  5.70e-07 1.29e-07  8.77e-05   504s
  89   3.37001007e+09  3.37001014e+09  7.36e-08 7.72e-08  1.68e-05   509s
  90   3.37001010e+09  3.37001011e+09  2.14e-09 7.63e-08  2.50e-06   514s
  91   3.37001011e+09  3.37001011e+09  3.33e-09 8.17e-08  1.72e-07   520s
  92   3.37001011e+09  3.37001011e+09  3.56e-08 7.02e-08  1.21e-09   524s

Barrier solved model in 92 iterations and 523.97 seconds (256.60 work units)
Optimal objective 3.37001011e+09


Root crossover log...

   67027 DPushes remaining with DInf 0.0000000e+00               525s
    4371 DPushes remaining with DInf 0.0000000e+00               525s
     147 DPushes remaining with DInf 3.4524128e-06               534s
      67 DPushes remaining with DInf 8.9754350e-04               542s
       7 DPushes remaining with DInf 0.0000000e+00               551s
       0 DPushes remaining with DInf 0.0000000e+00               552s

    1901 PPushes remaining with PInf 3.8728488e-04               552s
       0 PPushes remaining with PInf 0.0000000e+00               552s

  Push phase complete: Pinf 0.0000000e+00, Dinf 9.6375858e-03    552s


Root simplex log...

Iteration    Objective       Primal Inf.    Dual Inf.      Time
   68931    3.3700101e+09   0.000000e+00   1.168955e-02    552s
   69118    3.3700101e+09   0.000000e+00   0.000000e+00    554s
   69118    3.3700101e+09   0.000000e+00   0.000000e+00    556s
Concurrent spin time: 11.11s

Solved with barrier

Root relaxation: objective 3.370010e+09, 69118 iterations, 501.68 seconds (157.73 work units)
Total elapsed time = 574.42s
Total elapsed time = 577.02s

    Nodes    |    Current Node    |     Objective Bounds      |     Work
 Expl Unexpl |  Obj  Depth IntInf | Incumbent    BestBd   Gap | It/Node Time

     0     0 3.3700e+09    0  183          - 3.3700e+09      -     -  732s
     0     0 3.3700e+09    0  179          - 3.3700e+09      -     - 2963s
     0     0 3.3700e+09    0  178          - 3.3700e+09      -     - 3283s
     0     0 3.3700e+09    0  180          - 3.3700e+09      -     - 4002s
     0     0 3.3700e+09    0  179          - 3.3700e+09      -     - 4047s
     0     0 3.3700e+09    0  180          - 3.3700e+09      -     - 4094s
     0     0 3.3700e+09    0  181          - 3.3700e+09      -     - 4103s
     0     0 3.3700e+09    0  166          - 3.3700e+09      -     - 4164s
     0     0 3.3700e+09    0  166          - 3.3700e+09      -     - 4193s
     0     0 3.3700e+09    0  167          - 3.3700e+09      -     - 4229s
     0     0 3.3700e+09    0  172          - 3.3700e+09      -     - 4251s
     0     0 3.3700e+09    0  169          - 3.3700e+09      -     - 4321s
     0     0 3.3700e+09    0  164          - 3.3700e+09      -     - 6835s
     0     2 3.3700e+09    0  163          - 3.3700e+09      -     - 7843s
     1     4 3.3700e+09    1  163          - 3.3700e+09      -  1254 9067s
     3     8 3.3700e+09    2  172          - 3.3700e+09      -  5983 10782s

Cutting planes:
  Cover: 1
  Implied bound: 8
  MIR: 8
  Flow cover: 36
  GUB cover: 1
  Zero half: 2

Explored 7 nodes (163076 simplex iterations) in 10800.88 seconds (6444.45 work units)
Thread count was 16 (of 16 available processors)

Solution count 0

Time limit reached
Best objective -, best bound 3.369968235475e+09, gap -
