
Gurobi 10.0.1 (linux64) logging started Tue May 23 03:38:20 2023

Set parameter LogFile to value "logFiles/N-1L-B/N-1L-13U-20F-23V-240D/basic-05-23-2023, 03-38-H80-P60-O10.log"
Gurobi Optimizer version 10.0.1 build v10.0.1rc0 (linux64)

CPU model: Intel(R) Xeon(R) Gold 5115 CPU @ 2.40GHz, instruction set [SSE2|AVX|AVX2|AVX512]
Thread count: 20 physical cores, 40 logical processors, using up to 20 threads

Optimize a model with 106298 rows, 1337322 columns and 7325533 nonzeros
Model fingerprint: 0x415f028c
Variable types: 576384 continuous, 760938 integer (760938 binary)
Coefficient statistics:
  Matrix range     [1e+00, 2e+05]
  Objective range  [4e+01, 3e+07]
  Bounds range     [1e+00, 1e+00]
  RHS range        [1e+00, 2e+06]
Presolve removed 63193 rows and 43509 columns (presolve time = 5s) ...
Presolve removed 64732 rows and 73108 columns (presolve time = 10s) ...
Presolve removed 64735 rows and 73110 columns (presolve time = 15s) ...
Presolve removed 64735 rows and 73136 columns (presolve time = 20s) ...
Presolve removed 64735 rows and 73162 columns (presolve time = 25s) ...
Presolve removed 64735 rows and 73162 columns (presolve time = 30s) ...
Presolve removed 64735 rows and 73162 columns (presolve time = 35s) ...
Presolve removed 64735 rows and 73162 columns (presolve time = 40s) ...
Presolve removed 64913 rows and 78183 columns (presolve time = 45s) ...
Presolve removed 64852 rows and 78122 columns
Presolve time: 45.62s
Presolved: 41446 rows, 1259200 columns, 5904008 nonzeros
Variable types: 551900 continuous, 707300 integer (707300 binary)
Deterministic concurrent LP optimizer: primal simplex, dual simplex, and barrier
Showing barrier log only...

Root barrier log...

Ordering time: 2.63s

Barrier statistics:
 AA' NZ     : 2.946e+06
 Factor NZ  : 1.032e+07 (roughly 600 MB of memory)
 Factor Ops : 1.671e+10 (less than 1 second per iteration)
 Threads    : 17

                  Objective                Residual
Iter       Primal          Dual         Primal    Dual     Compl     Time
   0  -3.24594546e+16  6.12106551e+13  1.29e+09 7.27e+06  1.47e+12    59s
   1  -9.35760672e+15  6.50850837e+13  3.73e+08 9.28e+06  4.29e+11    60s
   2  -2.15367388e+15  6.19337660e+13  8.60e+07 1.59e+06  1.02e+11    61s
   3  -2.13573276e+14  5.08973032e+13  8.54e+06 2.75e-08  1.02e+10    61s
   4  -4.85934160e+13  3.25900179e+13  1.94e+06 3.24e-08  2.36e+09    62s
   5  -9.50406513e+12  2.39285647e+13  3.80e+05 2.62e-08  4.69e+08    63s
   6  -3.39691061e+12  1.88684664e+13  1.36e+05 4.21e-08  1.71e+08    63s
   7  -2.80044159e+12  1.65316143e+13  1.12e+05 7.64e-08  1.41e+08    64s
   8  -6.74438448e+11  1.39908815e+13  2.70e+04 8.01e-08  3.74e+07    64s
   9  -4.17733640e+11  8.90929168e+12  1.68e+04 3.66e-08  2.12e+07    65s
  10  -1.70042635e+11  5.32682023e+12  6.96e+03 1.40e-07  8.65e+06    66s
  11  -6.74458762e+10  3.14736634e+12  2.88e+03 5.03e-08  3.69e+06    66s
  12  -3.51106064e+10  1.53679731e+12  1.60e+03 3.58e-07  1.80e+06    67s
  13  -1.62953132e+10  4.78604760e+11  8.53e+02 3.58e-07  7.24e+05    67s
  14   1.78524853e+09  2.43533489e+11  1.39e+02 3.28e-07  1.75e+05    68s
  15   2.65686019e+09  1.88190481e+11  1.05e+02 4.77e-07  1.31e+05    68s
  16   3.52709956e+09  1.48299581e+11  7.05e+01 2.38e-07  9.56e+04    69s
  17   3.89335295e+09  1.33696879e+11  5.61e+01 1.29e-07  8.16e+04    69s
  18   4.02947160e+09  1.11764604e+11  5.07e+01 1.17e-07  6.95e+04    70s
  19   4.45510878e+09  9.40841349e+10  3.39e+01 1.22e-07  5.34e+04    70s
  20   4.70314957e+09  7.64496864e+10  2.42e+01 2.00e-07  4.12e+04    71s
  21   4.83752183e+09  6.34490998e+10  1.90e+01 2.47e-07  3.33e+04    72s
  22   4.95962526e+09  4.68656670e+10  1.45e+01 2.72e-07  2.44e+04    73s
  23   5.05922324e+09  3.69434112e+10  1.08e+01 2.33e-07  1.86e+04    74s
  24   5.18099740e+09  2.97529115e+10  6.36e+00 2.52e-07  1.33e+04    75s
  25   5.24090334e+09  2.37379897e+10  4.32e+00 2.48e-07  9.92e+03    76s
  26   5.29043016e+09  1.81225087e+10  2.67e+00 3.05e-07  6.81e+03    77s
  27   5.30662960e+09  1.50984238e+10  2.24e+00 3.74e-07  5.31e+03    78s
  28   5.32398517e+09  1.48303448e+10  2.18e+00 4.18e-07  5.13e+03    78s
  29   5.33780208e+09  1.35776186e+10  2.02e+00 4.42e-07  4.46e+03    79s
  30   5.35957555e+09  1.33623237e+10  1.84e+00 6.43e-07  4.24e+03    80s
  31   5.37794239e+09  1.31031445e+10  1.70e+00 6.25e-07  4.04e+03    81s
  32   5.39470166e+09  1.24258760e+10  1.52e+00 6.52e-07  3.62e+03    82s
  33   5.42853331e+09  1.07391391e+10  1.28e+00 5.86e-07  2.68e+03    83s
  34   5.47369491e+09  9.40704931e+09  9.59e-01 4.89e-07  1.92e+03    84s
  35   5.49467253e+09  8.87794769e+09  8.25e-01 4.86e-07  1.62e+03    85s
  36   5.52194808e+09  7.59845834e+09  6.84e-01 4.49e-07  9.98e+02    86s
  37   5.54784317e+09  7.19386960e+09  5.41e-01 2.52e-07  7.74e+02    86s
  38   5.56359337e+09  7.02611318e+09  4.73e-01 3.15e-07  6.79e+02    87s
  39   5.58409991e+09  6.68114539e+09  3.81e-01 3.49e-07  5.03e+02    88s
  40   5.60527159e+09  6.52828550e+09  3.20e-01 3.51e-07  4.18e+02    89s
  41   5.62255200e+09  6.40701184e+09  2.78e-01 4.39e-07  3.52e+02    90s
  42   5.65141274e+09  6.32567020e+09  2.26e-01 3.34e-07  2.99e+02    91s
  43   5.67445877e+09  6.21664197e+09  1.97e-01 4.10e-07  2.40e+02    92s
  44   5.71852354e+09  6.11028745e+09  1.40e-01 4.19e-07  1.71e+02    93s
  45   5.73608088e+09  6.04880158e+09  1.22e-01 4.15e-07  1.37e+02    93s
  46   5.75275354e+09  6.01141609e+09  1.05e-01 3.09e-07  1.13e+02    94s
  47   5.77245810e+09  5.97201308e+09  8.63e-02 3.12e-07  8.71e+01    95s
  48   5.77952527e+09  5.94104639e+09  7.82e-02 3.14e-07  7.08e+01    96s
  49   5.79629983e+09  5.91691758e+09  5.85e-02 3.35e-07  5.27e+01    97s
  50   5.81059798e+09  5.90762744e+09  4.31e-02 3.24e-07  4.20e+01    98s
  51   5.82159635e+09  5.89832921e+09  3.21e-02 2.46e-07  3.30e+01    99s
  52   5.82663036e+09  5.89463108e+09  2.78e-02 2.49e-07  2.91e+01    99s
  53   5.83190492e+09  5.88724516e+09  2.32e-02 2.89e-07  2.37e+01   100s
  54   5.83514568e+09  5.88305356e+09  2.08e-02 2.64e-07  2.06e+01   101s
  55   5.83976698e+09  5.87962473e+09  1.71e-02 2.91e-07  1.71e+01   102s
  56   5.84160176e+09  5.87777693e+09  1.57e-02 2.93e-07  1.55e+01   103s
  57   5.84290856e+09  5.87650692e+09  1.48e-02 3.30e-07  1.44e+01   104s
  58   5.84579738e+09  5.87473713e+09  1.27e-02 2.95e-07  1.24e+01   105s
  59   5.84911267e+09  5.87306879e+09  1.03e-02 2.69e-07  1.03e+01   105s
  60   5.85133810e+09  5.87148546e+09  8.76e-03 3.05e-07  8.63e+00   106s
  61   5.85470290e+09  5.87032806e+09  6.55e-03 2.75e-07  6.67e+00   107s
  62   5.85644575e+09  5.86955874e+09  5.48e-03 2.64e-07  5.59e+00   108s
  63   5.85795363e+09  5.86868268e+09  4.52e-03 2.53e-07  4.58e+00   109s
  64   5.85928411e+09  5.86827310e+09  3.71e-03 3.14e-07  3.83e+00   110s
  65   5.86045112e+09  5.86756496e+09  2.99e-03 2.53e-07  3.03e+00   111s
  66   5.86181333e+09  5.86705100e+09  2.14e-03 3.06e-07  2.23e+00   112s
  67   5.86288669e+09  5.86682684e+09  1.48e-03 2.92e-07  1.67e+00   113s
  68   5.86358159e+09  5.86668362e+09  1.06e-03 2.93e-07  1.30e+00   114s
  69   5.86384256e+09  5.86649037e+09  9.12e-04 2.73e-07  1.11e+00   115s
  70   5.86410932e+09  5.86621886e+09  7.53e-04 2.88e-07  8.89e-01   115s
  71   5.86449389e+09  5.86612057e+09  5.27e-04 2.70e-07  6.82e-01   116s
  72   5.86486761e+09  5.86570241e+09  3.12e-04 2.51e-07  3.53e-01   117s
  73   5.86517599e+09  5.86560479e+09  1.49e-04 2.95e-07  1.80e-01   118s
  74   5.86527384e+09  5.86557113e+09  9.51e-05 2.18e-07  1.24e-01   119s
  75   5.86533860e+09  5.86551875e+09  5.62e-05 2.33e-07  7.51e-02   120s
  76   5.86538410e+09  5.86548647e+09  3.02e-05 2.56e-07  4.26e-02   120s
  77   5.86541236e+09  5.86547082e+09  1.39e-05 2.12e-07  2.41e-02   121s
  78   5.86543165e+09  5.86545172e+09  3.14e-06 2.73e-07  8.19e-03   121s
  79   5.86543418e+09  5.86544488e+09  1.88e-06 2.40e-07  4.38e-03   122s
  80   5.86543667e+09  5.86544165e+09  6.36e-07 2.80e-07  2.03e-03   122s
  81   5.86543702e+09  5.86544089e+09  4.83e-07 2.83e-07  1.57e-03   123s
  82   5.86543781e+09  5.86543963e+09  1.26e-07 2.56e-07  7.35e-04   124s
  83   5.86543792e+09  5.86543905e+09  8.19e-08 2.17e-07  4.54e-04   125s
  84   5.86543807e+09  5.86543862e+09  1.72e-08 2.25e-07  2.19e-04   126s
  85   5.86543810e+09  5.86543834e+09  2.83e-08 2.21e-07  9.50e-05   127s
  86   5.86543812e+09  5.86543828e+09  1.46e-07 2.37e-07  6.37e-05   127s
  87   5.86543813e+09  5.86543815e+09  7.77e-08 2.91e-07  5.79e-06   128s
  88   5.86543814e+09  5.86543814e+09  6.64e-08 2.95e-07  2.89e-08   128s
  89   5.86543814e+09  5.86543814e+09  3.12e-07 2.39e-07  8.37e-11   129s

Barrier solved model in 89 iterations and 128.82 seconds (120.50 work units)
Optimal objective 5.86543814e+09


Root crossover log...

   36481 DPushes remaining with DInf 0.0000000e+00               129s
       0 DPushes remaining with DInf 0.0000000e+00               130s

    1364 PPushes remaining with PInf 1.6215187e-05               130s
       0 PPushes remaining with PInf 0.0000000e+00               130s

  Push phase complete: Pinf 0.0000000e+00, Dinf 7.1915472e-07    130s


Root simplex log...

Iteration    Objective       Primal Inf.    Dual Inf.      Time
   37804    5.8654381e+09   0.000000e+00   0.000000e+00    130s
Concurrent spin time: 0.02s

Solved with barrier
   37804    5.8654381e+09   0.000000e+00   0.000000e+00    131s

Root relaxation: objective 5.865438e+09, 37804 iterations, 80.55 seconds (58.19 work units)

    Nodes    |    Current Node    |     Objective Bounds      |     Work
 Expl Unexpl |  Obj  Depth IntInf | Incumbent    BestBd   Gap | It/Node Time

     0     0 5.8654e+09    0  439          - 5.8654e+09      -     -  135s
     0     0 5.8654e+09    0  420          - 5.8654e+09      -     -  170s
     0     0 5.8654e+09    0  409          - 5.8654e+09      -     -  182s
     0     0 5.8654e+09    0  409          - 5.8654e+09      -     -  183s
     0     0 5.8654e+09    0  409          - 5.8654e+09      -     -  184s
     0     0 5.8654e+09    0  411          - 5.8654e+09      -     -  192s
     0     0 5.8654e+09    0  374          - 5.8654e+09      -     -  300s
     0     0 5.8654e+09    0  374          - 5.8654e+09      -     -  306s
     0     0 5.8654e+09    0  339          - 5.8654e+09      -     -  362s
     0     0 5.8654e+09    0  335          - 5.8654e+09      -     -  368s
     0     0 5.8654e+09    0  367          - 5.8654e+09      -     -  437s
     0     0 5.8654e+09    0  371          - 5.8654e+09      -     -  462s
     0     0 5.8654e+09    0  382          - 5.8654e+09      -     -  492s
     0     0 5.8654e+09    0  382          - 5.8654e+09      -     -  493s
     0     0 5.8654e+09    0  409          - 5.8654e+09      -     -  520s
     0     0 5.8654e+09    0  399          - 5.8654e+09      -     -  532s
     0     0 5.8654e+09    0  384          - 5.8654e+09      -     -  554s
     0     0 5.8654e+09    0  378          - 5.8654e+09      -     -  563s
     0     0 5.8654e+09    0  378          - 5.8654e+09      -     -  565s
     0     0 5.8654e+09    0  378          - 5.8654e+09      -     -  566s
     0     0 5.8654e+09    0  376          - 5.8654e+09      -     -  575s
     0     0 5.8653e+09    0  375          - 5.8653e+09      -     -  599s
     0     0 5.8653e+09    0  375          - 5.8653e+09      -     -  612s
     0     0 5.8653e+09    0  380          - 5.8653e+09      -     -  655s
     0     0 5.8653e+09    0  378          - 5.8653e+09      -     -  674s
     0     0 5.8653e+09    0  376          - 5.8653e+09      -     -  675s
     0     0 5.8653e+09    0  384          - 5.8653e+09      -     -  686s
     0     0 5.8653e+09    0  373          - 5.8653e+09      -     -  699s
     0     0 5.8653e+09    0  394          - 5.8653e+09      -     -  715s
     0     0 5.8653e+09    0  389          - 5.8653e+09      -     -  722s
     0     0 5.8653e+09    0  403          - 5.8653e+09      -     -  739s
     0     0 5.8652e+09    0  410          - 5.8652e+09      -     -  812s
     0     0 5.8652e+09    0  399          - 5.8652e+09      -     -  822s
     0     0 5.8652e+09    0  397          - 5.8652e+09      -     -  834s
     0     0 5.8652e+09    0  398          - 5.8652e+09      -     -  854s
     0     0 5.8652e+09    0  393          - 5.8652e+09      -     -  864s
     0     0 5.8652e+09    0  392          - 5.8652e+09      -     -  869s
     0     0 5.8652e+09    0  403          - 5.8652e+09      -     -  914s
     0     0 5.8652e+09    0  386          - 5.8652e+09      -     -  938s
     0     0 5.8652e+09    0  415          - 5.8652e+09      -     -  959s
     0     0 5.8652e+09    0  407          - 5.8652e+09      -     -  988s
     0     2 5.8652e+09    0  405          - 5.8652e+09      -     - 1307s
     1     4 5.8652e+09    1  407          - 5.8652e+09      -  9811 1407s
     3     8 5.8652e+09    2  417          - 5.8652e+09      -  5040 1576s
     7    16 5.8652e+09    3  416          - 5.8652e+09      -  4130 1729s
    15    32 5.8652e+09    4  405          - 5.8652e+09      -  3224 1949s
    31    52 5.8652e+09    5  401          - 5.8652e+09      -  3092 2127s
    51    72 5.8652e+09    6  427          - 5.8652e+09      -  2622 2324s
    71    92 5.8652e+09    6  436          - 5.8652e+09      -  2439 2498s
    91   112 5.8652e+09    7  388          - 5.8652e+09      -  2301 2771s
   111   136 5.8652e+09    8  394          - 5.8652e+09      -  2602 2938s
   135   161 5.8652e+09    8  379          - 5.8652e+09      -  2486 3098s
   160   217 5.8652e+09    9  406          - 5.8652e+09      -  2393 3430s
   216   342 5.8652e+09   11  395          - 5.8652e+09      -  2178 4046s
   341   609 5.8652e+09   14  428          - 5.8652e+09      -  1941 5257s
H  614   609                    5.795294e+09 5.8652e+09  1.21%  1785 5259s
   616  1057 5.8652e+09   19  361 5.7953e+09 5.8652e+09  1.21%  1794 6894s
H  706  1057                    5.828102e+09 5.8652e+09  0.64%  1839 6897s

Cutting planes:
  Cover: 4
  Implied bound: 23
  MIR: 27
  Flow cover: 16
  Zero half: 2
  Network: 2
  RLT: 6
  Relax-and-lift: 1

Explored 1070 nodes (1660279 simplex iterations) in 6897.54 seconds (7843.46 work units)
Thread count was 20 (of 40 available processors)

Solution count 3: 5.8281e+09 5.8281e+09 5.79529e+09 

Optimal solution found (tolerance 1.00e-02)
Best objective 5.828101822570e+09, best bound 5.865234136321e+09, gap 0.6371%
Gurobi Optimizer version 10.0.1 build v10.0.1rc0 (linux64)

CPU model: Intel(R) Xeon(R) Gold 5115 CPU @ 2.40GHz, instruction set [SSE2|AVX|AVX2|AVX512]
Thread count: 20 physical cores, 40 logical processors, using up to 20 threads

Optimize a model with 194862 rows, 2300960 columns and 18128709 nonzeros
Model fingerprint: 0x7a440e4d
Variable types: 724916 continuous, 1576044 integer (1576044 binary)
Coefficient statistics:
  Matrix range     [1e+00, 2e+05]
  Objective range  [4e+01, 3e+07]
  Bounds range     [1e+00, 3e+05]
  RHS range        [1e+00, 3e+06]
Presolve removed 139427 rows and 1152715 columns
Presolve time: 3.57s

Explored 0 nodes (0 simplex iterations) in 7.94 seconds (4.69 work units)
Thread count was 1 (of 40 available processors)

Solution count 0

Model is infeasible or unbounded
Best objective -, best bound -, gap -
IIS computation: initial model status unknown, solving to determine model status
Presolve removed 139427 rows and 1154104 columns
Presolve time: 3.68s

Explored 0 nodes (0 simplex iterations) in 8.74 seconds (4.70 work units)
Thread count was 1 (of 40 available processors)

Solution count 0
No other solutions better than -1e+100

Model is infeasible
Best objective -, best bound -, gap -

Computing Irreducible Inconsistent Subsystem (IIS)...

           Constraints          |            Bounds           |  Runtime
      Min       Max     Guess   |   Min       Max     Guess   |
--------------------------------------------------------------------------
        0     91031         -         0   1379092         -           9s
        0     91031         -         0   1379092         -          51s
        0     88819         -         0   1379092         -         111s
        0     88819         -         0   1379092         -         154s
        0     88819         -         0   1379092         -         223s
        0     88819         -         0   1379092         -         266s
        0     88819         -         0   1379092         -         313s
        0     88819         -         0   1379092         -         370s
        0     88819         -         0   1379092         -         437s
        0     88819         -         0   1379092         -         514s
        0     88819         -         0   1379092         -         562s
        0     88819         -         0   1379092         -         624s
        0     88819         -         0   1379092         -         679s
        0     88819         -         0   1379092         -         737s
        0     88819         -         0   1379092         -         782s
        0     88819         -         0   1379092         -         853s
        0     88819         -         0   1379092         -         914s
        0     88819         -         0   1379092         -         999s
        0     88819         -         0   1379092         -        1049s
        0     88819         -         0   1379092         -        1099s
