
Gurobi 9.5.1 (win64) logging started Tue May 30 19:21:28 2023

Set parameter LogFile to value "logFiles/N-1L-C/N-1L-13U-10F-23V-120D/basic-05-30-2023, 19-21-H70-P50-O15.log"
Gurobi Optimizer version 9.5.1 build v9.5.1rc2 (win64)
Thread count: 8 physical cores, 16 logical processors, using up to 16 threads
Optimize a model with 85471 rows, 921564 columns and 5408890 nonzeros
Model fingerprint: 0xdbfbca09
Variable types: 216042 continuous, 705522 integer (705522 binary)
Coefficient statistics:
  Matrix range     [1e+00, 2e+05]
  Objective range  [4e+01, 3e+07]
  Bounds range     [1e+00, 1e+00]
  RHS range        [1e+00, 2e+06]

Loaded user MIP start with objective 1.28342e+09

Presolve removed 54528 rows and 107389 columns (presolve time = 5s) ...
Presolve removed 54538 rows and 107608 columns (presolve time = 10s) ...
Presolve removed 54472 rows and 107542 columns
Presolve time: 12.22s
Presolved: 30999 rows, 814022 columns, 3708816 nonzeros
Found heuristic solution: objective 1.372661e+09
Variable types: 131467 continuous, 682555 integer (682555 binary)

Deterministic concurrent LP optimizer: primal simplex, dual simplex, and barrier
Showing barrier log only...

Root barrier log...

Ordering time: 0.65s

Barrier statistics:
 AA' NZ     : 1.958e+06
 Factor NZ  : 6.841e+06 (roughly 400 MB of memory)
 Factor Ops : 1.000e+10 (less than 1 second per iteration)
 Threads    : 6

                  Objective                Residual
Iter       Primal          Dual         Primal    Dual     Compl     Time
   0  -1.90794625e+16  9.19879311e+13  1.33e+09 1.60e+06  1.13e+12    20s
   1  -4.60626247e+15  9.90752567e+13  3.21e+08 2.37e+06  2.80e+11    21s
   2  -4.50213462e+14  7.63461078e+13  3.15e+07 3.37e+04  2.78e+10    22s
   3  -3.38396332e+13  4.89543032e+13  2.37e+06 1.73e+03  2.12e+09    22s
   4  -1.40634826e+13  1.88743481e+13  9.84e+05 4.97e+01  8.94e+08    23s
   5  -8.92627533e+12  1.17444900e+13  6.24e+05 1.86e-08  5.75e+08    24s
   6  -4.71836402e+12  1.10008160e+13  3.30e+05 1.49e-08  3.08e+08    24s
   7  -8.87124910e+11  1.00368845e+13  6.20e+04 7.24e+01  6.26e+07    25s
   8  -3.02533675e+11  6.89072690e+12  2.12e+04 2.01e+01  2.26e+07    26s
   9  -1.38381682e+11  4.96386706e+12  9.75e+03 8.63e+00  1.08e+07    26s
  10  -9.25557783e+10  3.25379404e+12  6.56e+03 1.98e+00  6.71e+06    27s
  11  -3.13012340e+10  2.04421240e+12  2.29e+03 1.68e-08  2.75e+06    27s
  12  -9.20184830e+09  8.76124951e+11  7.55e+02 2.00e-08  9.50e+05    28s
  13  -2.72902368e+08  3.81143104e+11  1.33e+02 2.11e-08  2.96e+05    29s
  14  -1.47124295e+07  1.87212930e+11  1.15e+02 1.58e-07  1.62e+05    30s
  15   7.64383565e+08  1.27585511e+11  6.13e+01 1.47e-07  1.02e+05    30s
  16   1.11407636e+09  1.02761593e+11  3.72e+01 1.42e-07  7.69e+04    31s
  17   1.32746322e+09  8.67817226e+10  2.27e+01 2.62e-07  6.14e+04    31s
  18   1.42322623e+09  7.10012816e+10  1.64e+01 3.74e-07  4.92e+04    32s
  19   1.46678474e+09  5.15353420e+10  1.36e+01 3.09e-07  3.65e+04    33s
  20   1.52774856e+09  4.33461175e+10  9.84e+00 2.72e-07  3.01e+04    33s
  21   1.59523712e+09  3.57561658e+10  5.62e+00 3.37e-07  2.36e+04    34s
  22   1.62469259e+09  2.39936907e+10  3.87e+00 3.74e-07  1.57e+04    35s
  23   1.64510694e+09  1.85283720e+10  2.74e+00 3.47e-07  1.19e+04    36s
  24   1.66662286e+09  1.43945718e+10  1.61e+00 4.03e-07  8.75e+03    37s
  25   1.68383882e+09  1.27929719e+10  8.35e-01 2.99e-07  7.30e+03    37s
  26   1.69427914e+09  6.73613618e+09  5.35e-01 5.29e-07  3.29e+03    38s
  27   1.70438878e+09  3.71896490e+09  2.81e-01 5.13e-07  1.30e+03    39s
  28   1.71512183e+09  3.57186321e+09  2.57e-01 5.66e-07  1.19e+03    40s
  29   1.71658677e+09  3.45898414e+09  2.47e-01 6.17e-07  1.12e+03    40s
  30   1.71805483e+09  3.14298330e+09  2.18e-01 5.43e-07  9.15e+02    41s
  31   1.72133340e+09  3.00315950e+09  1.86e-01 5.98e-07  8.20e+02    41s
  32   1.72444140e+09  2.75373384e+09  1.48e-01 4.31e-07  6.56e+02    42s
  33   1.72563546e+09  2.46812761e+09  1.37e-01 5.87e-07  4.75e+02    43s
  34   1.73528546e+09  2.25874349e+09  6.52e-02 7.27e-07  3.30e+02    43s
  35   1.73871593e+09  2.20935407e+09  5.61e-02 6.63e-07  2.96e+02    44s
  36   1.74123020e+09  2.15078007e+09  4.84e-02 7.77e-07  2.57e+02    45s
  37   1.74372826e+09  2.02935602e+09  3.46e-02 7.93e-07  1.79e+02    46s
  38   1.74590192e+09  1.96980499e+09  2.94e-02 5.62e-07  1.41e+02    46s
  39   1.74845514e+09  1.88963855e+09  2.18e-02 4.99e-07  8.90e+01    47s
  40   1.75119986e+09  1.86072769e+09  1.25e-02 8.31e-07  6.86e+01    48s
  41   1.75240661e+09  1.85539206e+09  1.03e-02 9.50e-07  6.43e+01    49s
  42   1.75301666e+09  1.84436633e+09  9.34e-03 9.19e-07  5.71e+01    50s
  43   1.75387042e+09  1.82875711e+09  8.18e-03 9.65e-07  4.68e+01    50s
  44   1.75569051e+09  1.82284718e+09  5.99e-03 9.39e-07  4.19e+01    51s
  45   1.75628965e+09  1.81841349e+09  5.44e-03 1.21e-06  3.87e+01    52s
  46   1.75662775e+09  1.81760511e+09  5.30e-03 1.14e-06  3.80e+01    53s
  47   1.75810788e+09  1.80598540e+09  4.34e-03 1.18e-06  2.99e+01    53s
  48   1.75971421e+09  1.79842770e+09  3.56e-03 9.58e-07  2.42e+01    54s
  49   1.76118703e+09  1.79608474e+09  2.87e-03 1.12e-06  2.17e+01    55s
  50   1.76163812e+09  1.79039360e+09  2.72e-03 1.11e-06  1.79e+01    56s
  51   1.76262406e+09  1.78884678e+09  2.44e-03 9.29e-07  1.64e+01    57s
  52   1.76348748e+09  1.78571811e+09  2.17e-03 1.03e-06  1.39e+01    58s
  53   1.76545932e+09  1.78278500e+09  1.59e-03 5.97e-07  1.08e+01    58s
  54   1.76706046e+09  1.78104015e+09  1.20e-03 6.25e-07  8.72e+00    59s
  55   1.76882247e+09  1.77952891e+09  8.27e-04 5.72e-07  6.67e+00    60s
  56   1.77046245e+09  1.77830667e+09  5.34e-04 4.60e-07  4.88e+00    61s
  57   1.77121693e+09  1.77728823e+09  4.13e-04 6.12e-07  3.78e+00    62s
  58   1.77159956e+09  1.77617538e+09  3.52e-04 8.52e-07  2.85e+00    63s
  59   1.77196818e+09  1.77564262e+09  2.94e-04 8.60e-07  2.29e+00    63s
  60   1.77243156e+09  1.77517875e+09  2.24e-04 9.01e-07  1.71e+00    64s
  61   1.77320482e+09  1.77445768e+09  1.09e-04 6.73e-07  7.82e-01    65s
  62   1.77375129e+09  1.77424676e+09  2.95e-05 5.67e-07  3.08e-01    66s
  63   1.77386587e+09  1.77408755e+09  1.36e-05 6.67e-07  1.38e-01    67s
  64   1.77388824e+09  1.77408411e+09  1.07e-05 7.36e-07  1.22e-01    67s
  65   1.77392172e+09  1.77403285e+09  6.19e-06 7.44e-07  6.91e-02    68s
  66   1.77395521e+09  1.77398712e+09  1.79e-06 1.02e-06  1.99e-02    68s
  67   1.77396977e+09  1.77397315e+09  7.15e-07 1.42e-06  2.09e-03    69s
  68   1.77397059e+09  1.77397106e+09  3.54e-07 9.95e-07  2.90e-04    70s
  69   1.77397063e+09  1.77397069e+09  1.47e-07 9.92e-07  3.43e-05    70s
  70   1.77397067e+09  1.77397067e+09  5.46e-09 1.25e-06  3.66e-07    71s
  71   1.77397067e+09  1.77397067e+09  1.27e-09 7.16e-07  6.27e-11    72s

Barrier solved model in 71 iterations and 71.57 seconds (54.27 work units)
Optimal objective 1.77397067e+09


Root crossover log...

   25556 DPushes remaining with DInf 0.0000000e+00                72s
       0 DPushes remaining with DInf 0.0000000e+00                72s

    1932 PPushes remaining with PInf 0.0000000e+00                72s
       0 PPushes remaining with PInf 0.0000000e+00                73s

  Push phase complete: Pinf 0.0000000e+00, Dinf 3.0237760e+08     73s


Root simplex log...

Iteration    Objective       Primal Inf.    Dual Inf.      Time
   27432    1.7739707e+09   0.000000e+00   3.023776e+08     73s
   27436    1.7739707e+09   0.000000e+00   0.000000e+00     73s
   27436    1.7739707e+09   0.000000e+00   0.000000e+00     74s
Concurrent spin time: 0.01s

Solved with barrier

Root relaxation: objective 1.773971e+09, 27436 iterations, 58.62 seconds (28.15 work units)

    Nodes    |    Current Node    |     Objective Bounds      |     Work
 Expl Unexpl |  Obj  Depth IntInf | Incumbent    BestBd   Gap | It/Node Time

     0     0 1.7740e+09    0  217 1.3727e+09 1.7740e+09  29.2%     -   75s
H    0     0                    1.592109e+09 1.7740e+09  11.4%     -  117s
     0     0 1.7739e+09    0  215 1.5921e+09 1.7739e+09  11.4%     -  129s
H    0     0                    1.762188e+09 1.7739e+09  0.67%     -  142s

Cutting planes:
  Cover: 2
  Implied bound: 7
  MIR: 10
  Flow cover: 21
  RLT: 2
  Relax-and-lift: 2

Explored 1 nodes (36541 simplex iterations) in 142.47 seconds (152.02 work units)
Thread count was 16 (of 16 available processors)

Solution count 4: 1.76219e+09 1.59211e+09 1.37266e+09 1.28342e+09 

Optimal solution found (tolerance 1.50e-02)
Best objective 1.762188214122e+09, best bound 1.773947304658e+09, gap 0.6673%
Gurobi Optimizer version 9.5.1 build v9.5.1rc2 (win64)
Thread count: 8 physical cores, 16 logical processors, using up to 16 threads
Optimize a model with 66546 rows, 934802 columns and 5110464 nonzeros
Model fingerprint: 0xf2447deb
Variable types: 1664 continuous, 933138 integer (933138 binary)
Coefficient statistics:
  Matrix range     [1e+00, 2e+05]
  Objective range  [4e+01, 3e+07]
  Bounds range     [1e+00, 3e+05]
  RHS range        [1e+00, 2e+06]

User MIP start did not produce a new incumbent solution
User MIP start violates constraint inventory_control[NGBON,70] by 1484317.800000000

Presolve removed 63970 rows and 913063 columns
Presolve time: 1.10s
Presolved: 2576 rows, 21739 columns, 99543 nonzeros
Variable types: 684 continuous, 21055 integer (21055 binary)

Root relaxation: objective 1.705961e+09, 7972 iterations, 0.27 seconds (0.48 work units)
Another try with MIP start

    Nodes    |    Current Node    |     Objective Bounds      |     Work
 Expl Unexpl |  Obj  Depth IntInf | Incumbent    BestBd   Gap | It/Node Time

H    0     0                    1.699177e+09 1.7060e+09  0.40%     -    3s
     0     0 1.7060e+09    0   38 1.6992e+09 1.7060e+09  0.40%     -    3s

Explored 1 nodes (8055 simplex iterations) in 3.15 seconds (3.25 work units)
Thread count was 16 (of 16 available processors)

Solution count 1: 1.69918e+09 

Optimal solution found (tolerance 1.50e-02)
Best objective 1.699176526759e+09, best bound 1.705961494236e+09, gap 0.3993%
