
Gurobi 10.0.1 (win64) logging started Tue May  2 18:29:02 2023

Set parameter LogFile to value "logFiles/N-1L-A/N-1L-16U-33F-23V-365D-combined.log"
Gurobi Optimizer version 10.0.1 build v10.0.1rc0 (win64)

CPU model: Intel(R) Core(TM) i7-10700 CPU @ 2.90GHz, instruction set [SSE2|AVX|AVX2]
Thread count: 8 physical cores, 16 logical processors, using up to 16 threads

Optimize a model with 460907 rows, 4065039 columns and 51125367 nonzeros
Model fingerprint: 0xeaf86575
Variable types: 10980 continuous, 4054059 integer (4054059 binary)
Coefficient statistics:
  Matrix range     [1e+00, 2e+05]
  Objective range  [4e+01, 3e+07]
  Bounds range     [1e+00, 1e+00]
  RHS range        [1e+00, 5e+06]
Presolve removed 147313 rows and 59876 columns (presolve time = 5s) ...
Presolve removed 149383 rows and 61624 columns (presolve time = 10s) ...
Presolve removed 149797 rows and 62475 columns (presolve time = 15s) ...
Presolve removed 149798 rows and 62475 columns (presolve time = 20s) ...
Presolve removed 149798 rows and 62475 columns (presolve time = 25s) ...
Presolve removed 149798 rows and 62475 columns (presolve time = 30s) ...
Presolve removed 156807 rows and 188022 columns (presolve time = 35s) ...
Presolve removed 164344 rows and 188022 columns (presolve time = 40s) ...
Presolve removed 269692 rows and 188022 columns (presolve time = 45s) ...
Presolve removed 273867 rows and 192330 columns (presolve time = 50s) ...
Presolve removed 273989 rows and 192503 columns (presolve time = 55s) ...
Presolve removed 274015 rows and 192503 columns (presolve time = 60s) ...
Presolve removed 274015 rows and 192503 columns (presolve time = 65s) ...
Presolve removed 274893 rows and 193410 columns (presolve time = 70s) ...
Presolve removed 275013 rows and 193581 columns (presolve time = 75s) ...
Presolve removed 275904 rows and 194488 columns (presolve time = 80s) ...
Presolve removed 276024 rows and 194646 columns (presolve time = 85s) ...
Presolve removed 276902 rows and 195540 columns (presolve time = 90s) ...
Presolve removed 277035 rows and 195687 columns (presolve time = 95s) ...
Presolve removed 277913 rows and 196631 columns (presolve time = 100s) ...
Presolve removed 278924 rows and 197670 columns (presolve time = 105s) ...
Presolve removed 279490 rows and 198272 columns (presolve time = 110s) ...
Presolve removed 279922 rows and 198748 columns (presolve time = 115s) ...
Presolve removed 280933 rows and 199787 columns (presolve time = 120s) ...
Presolve removed 307357 rows and 226211 columns (presolve time = 125s) ...
Presolve removed 307357 rows and 229149 columns (presolve time = 130s) ...
Presolve removed 307357 rows and 229589 columns (presolve time = 135s) ...
Presolve removed 307357 rows and 229589 columns (presolve time = 140s) ...
Presolve removed 307357 rows and 231324 columns (presolve time = 145s) ...
Presolve removed 312369 rows and 234945 columns (presolve time = 150s) ...
Presolve removed 312427 rows and 234990 columns (presolve time = 155s) ...
Presolve removed 312427 rows and 234990 columns (presolve time = 160s) ...
Presolve removed 314964 rows and 237468 columns (presolve time = 166s) ...
Presolve removed 313436 rows and 235940 columns
Presolve time: 166.86s
Presolved: 147471 rows, 3829099 columns, 22222643 nonzeros
Variable types: 6258 continuous, 3822841 integer (3822841 binary)
Deterministic concurrent LP optimizer: primal simplex, dual simplex, and barrier
Showing barrier log only...

Root barrier log...

Elapsed ordering time = 5s
Elapsed ordering time = 10s
Elapsed ordering time = 15s
Elapsed ordering time = 20s
Ordering time: 21.25s

Barrier statistics:
 AA' NZ     : 1.041e+07
 Factor NZ  : 4.416e+07 (roughly 2.0 GB of memory)
 Factor Ops : 1.044e+11 (roughly 1 second per iteration)
 Threads    : 5

                  Objective                Residual
Iter       Primal          Dual         Primal    Dual     Compl     Time
   0  -2.77766239e+17  8.52142757e+12  2.63e+10 1.36e+06  7.27e+11   240s
   1  -4.26410034e+16  1.42130326e+13  4.05e+09 1.70e+05  1.12e+11   246s
   2  -4.15191712e+14  1.00913699e+13  3.98e+07 3.73e-09  1.11e+09   253s
   3  -5.07607652e+13  8.26411417e+12  4.87e+06 3.73e-09  1.36e+08   261s
   4  -8.28832387e+12  6.78080396e+12  7.95e+05 3.26e-09  2.32e+07   268s
   5  -1.89908321e+12  5.82544364e+12  1.83e+05 1.54e-07  5.97e+06   277s
   6  -7.94584556e+11  3.67153263e+12  7.74e+04 6.98e-08  2.48e+06   284s
   7  -5.49462682e+11  2.95694011e+12  5.41e+04 9.55e-08  1.71e+06   290s
   8  -3.65687451e+11  2.31303636e+12  3.66e+04 3.49e-08  1.15e+06   296s
   9  -2.82248438e+11  1.81053123e+12  2.87e+04 7.59e-08  8.71e+05   301s

Barrier performed 9 iterations in 301.02 seconds (424.61 work units)
Time limit reached



Root relaxation: time limit, 0 iterations, 111.53 seconds (50.24 work units)

Explored 1 nodes (0 simplex iterations) in 301.75 seconds (403.93 work units)
Thread count was 16 (of 16 available processors)

Solution count 0

Time limit reached
Best objective -, best bound 2.853991346440e+13, gap -
IIS computation: initial model status unknown, solving to determine model status
Presolve removed 147313 rows and 59876 columns (presolve time = 5s) ...
Presolve removed 149383 rows and 61624 columns (presolve time = 10s) ...
Presolve removed 149797 rows and 62475 columns (presolve time = 15s) ...
Presolve removed 149798 rows and 62475 columns (presolve time = 20s) ...
Presolve removed 149798 rows and 62475 columns (presolve time = 25s) ...
Presolve removed 149798 rows and 62475 columns (presolve time = 30s) ...
Presolve removed 156869 rows and 190812 columns (presolve time = 35s) ...
Presolve removed 164426 rows and 190812 columns (presolve time = 40s) ...
Presolve removed 164426 rows and 190812 columns (presolve time = 45s) ...
Presolve removed 276716 rows and 195137 columns (presolve time = 50s) ...
Presolve removed 276838 rows and 195271 columns (presolve time = 55s) ...
Presolve removed 276838 rows and 195271 columns (presolve time = 60s) ...
Presolve removed 276838 rows and 195271 columns (presolve time = 65s) ...
Presolve removed 277690 rows and 196165 columns (presolve time = 71s) ...
Presolve removed 277810 rows and 196285 columns (presolve time = 75s) ...
Presolve removed 278554 rows and 197083 columns (presolve time = 80s) ...
Presolve removed 278782 rows and 197311 columns (presolve time = 85s) ...
Presolve removed 279634 rows and 198217 columns (presolve time = 90s) ...
Presolve removed 279754 rows and 198337 columns (presolve time = 95s) ...
Presolve removed 280606 rows and 199243 columns (presolve time = 100s) ...
Presolve removed 281578 rows and 200269 columns (presolve time = 105s) ...
Presolve removed 282118 rows and 200845 columns (presolve time = 110s) ...
Presolve removed 282550 rows and 201295 columns (presolve time = 115s) ...
Presolve removed 283522 rows and 202321 columns (presolve time = 120s) ...
Presolve removed 309946 rows and 231497 columns (presolve time = 125s) ...
Presolve removed 309946 rows and 231675 columns (presolve time = 130s) ...
Presolve removed 309946 rows and 232120 columns (presolve time = 135s) ...
Presolve removed 309946 rows and 232120 columns (presolve time = 140s) ...
Presolve removed 309946 rows and 232120 columns (presolve time = 145s) ...
Presolve removed 314958 rows and 237485 columns (presolve time = 150s) ...
Presolve removed 314964 rows and 237491 columns (presolve time = 155s) ...
Presolve removed 314964 rows and 237491 columns (presolve time = 160s) ...
Presolve removed 314964 rows and 237491 columns (presolve time = 165s) ...
Presolve removed 313436 rows and 235963 columns
Presolve time: 167.95s
Presolved: 147471 rows, 3829076 columns, 22222620 nonzeros
Variable types: 6258 continuous, 3822818 integer (3822818 binary)
Deterministic concurrent LP optimizer: primal simplex, dual simplex, and barrier
Showing barrier log only...

Root barrier log...

Elapsed ordering time = 5s
Elapsed ordering time = 10s
Elapsed ordering time = 15s
Ordering time: 18.20s

Barrier statistics:
 AA' NZ     : 1.041e+07
 Factor NZ  : 4.416e+07 (roughly 2.0 GB of memory)
 Factor Ops : 1.044e+11 (roughly 1 second per iteration)
 Threads    : 5

                  Objective                Residual
Iter       Primal          Dual         Primal    Dual     Compl     Time
   0  -0.00000000e+00  2.94905763e+05  2.63e+10 0.00e+00  2.38e+04   240s
   1  -0.00000000e+00  4.74795105e+05  4.07e+09 5.06e-03  3.71e+03   246s
   2  -0.00000000e+00  3.47201400e+05  2.17e+07 1.25e-16  1.98e+01   252s
   3  -0.00000000e+00  2.71869300e+05  1.39e+07 1.25e-16  1.28e+01   259s
   4  -0.00000000e+00  4.07235543e+04  1.33e+06 1.84e-17  2.14e-01   269s
   5  -0.00000000e+00  6.87211459e+03  1.33e+05 4.36e-18  5.35e-03   277s
   6  -0.00000000e+00  1.24490406e+03  6.49e+04 7.33e-08  9.30e-04   284s
   7  -0.00000000e+00  1.19205906e+03  5.80e+04 7.22e-08  8.23e-04   290s
   8  -0.00000000e+00  3.31208234e+02  2.67e+04 1.09e-07  2.08e-04   297s
   9  -0.00000000e+00  1.27222269e+02  3.73e+03 1.53e-07  3.16e-05   302s

Barrier performed 9 iterations in 301.95 seconds (428.76 work units)
Time limit reached



Root relaxation: time limit, 0 iterations, 108.82 seconds (50.56 work units)

Explored 1 nodes (0 simplex iterations) in 302.60 seconds (404.24 work units)
Thread count was 16 (of 16 available processors)

Solution count 0

Time limit reached
Best objective -, best bound -0.000000000000e+00, gap -
IIS runtime: 303.00 seconds (404.24 work units)
