
Gurobi 9.5.2 (mac64[x86]) logging started Tue Mar 21 17:51:22 2023

Set parameter LogFile to value "logFiles/N-1L-30D/N-1L-2U-2F-18V-30D-a-charterout.log"
Gurobi Optimizer version 9.5.2 build v9.5.2rc0 (mac64[x86])
Thread count: 4 physical cores, 8 logical processors, using up to 8 threads
Optimize a model with 5223 rows, 3314 columns and 29485 nonzeros
Model fingerprint: 0x462edcce
Variable types: 96 continuous, 3218 integer (3218 binary)
Coefficient statistics:
  Matrix range     [1e+00, 2e+05]
  Objective range  [4e+01, 1e+07]
  Bounds range     [1e+00, 1e+00]
  RHS range        [1e+00, 4e+05]
Presolve removed 4999 rows and 2696 columns
Presolve time: 0.04s
Presolved: 224 rows, 618 columns, 3971 nonzeros
Variable types: 82 continuous, 536 integer (536 binary)
Found heuristic solution: objective 6.489111e+07

Root relaxation: objective 7.657745e+07, 223 iterations, 0.00 seconds (0.00 work units)

    Nodes    |    Current Node    |     Objective Bounds      |     Work
 Expl Unexpl |  Obj  Depth IntInf | Incumbent    BestBd   Gap | It/Node Time

     0     0 7.6577e+07    0    9 6.4891e+07 7.6577e+07  18.0%     -    0s
H    0     0                    7.333835e+07 7.6577e+07  4.42%     -    0s
H    0     0                    7.392557e+07 7.6577e+07  3.59%     -    0s
     0     0 7.6533e+07    0   15 7.3926e+07 7.6533e+07  3.53%     -    0s
H    0     0                    7.429756e+07 7.6533e+07  3.01%     -    0s
     0     0 7.5430e+07    0   19 7.4298e+07 7.5430e+07  1.52%     -    0s
     0     0 7.5430e+07    0   19 7.4298e+07 7.5430e+07  1.52%     -    0s
     0     0 7.5427e+07    0   13 7.4298e+07 7.5427e+07  1.52%     -    0s
     0     0 7.5427e+07    0   17 7.4298e+07 7.5427e+07  1.52%     -    0s
     0     0 7.5426e+07    0   16 7.4298e+07 7.5426e+07  1.52%     -    0s
     0     0 7.5426e+07    0   17 7.4298e+07 7.5426e+07  1.52%     -    0s
     0     0 7.5426e+07    0   17 7.4298e+07 7.5426e+07  1.52%     -    0s
     0     0 7.5426e+07    0   16 7.4298e+07 7.5426e+07  1.52%     -    0s
     0     0 7.5426e+07    0   16 7.4298e+07 7.5426e+07  1.52%     -    0s
     0     0 7.5425e+07    0    8 7.4298e+07 7.5425e+07  1.52%     -    0s
     0     0 7.5359e+07    0   11 7.4298e+07 7.5359e+07  1.43%     -    0s
     0     0 7.5359e+07    0   19 7.4298e+07 7.5359e+07  1.43%     -    0s
     0     0 7.5352e+07    0   21 7.4298e+07 7.5352e+07  1.42%     -    0s
     0     0 7.5349e+07    0   21 7.4298e+07 7.5349e+07  1.42%     -    0s
     0     0 7.5331e+07    0   23 7.4298e+07 7.5331e+07  1.39%     -    0s
     0     0 7.5331e+07    0   25 7.4298e+07 7.5331e+07  1.39%     -    0s
     0     0 7.5331e+07    0   23 7.4298e+07 7.5331e+07  1.39%     -    0s
     0     0 7.5327e+07    0   21 7.4298e+07 7.5327e+07  1.39%     -    0s
     0     2 7.5327e+07    0   21 7.4298e+07 7.5327e+07  1.39%     -    0s
H   70    41                    7.432949e+07 7.5325e+07  1.34%   6.3    0s
* 1406    38              23    7.433254e+07 7.5263e+07  1.25%   3.9    0s
* 1545    41              26    7.433547e+07 7.4463e+07  0.17%   4.1    0s
* 1582    41              23    7.434095e+07 7.4410e+07  0.09%   4.1    0s
* 1594    41              20    7.434490e+07 7.4410e+07  0.09%   4.1    0s
* 1692    36              21    7.437476e+07 7.4378e+07  0.00%   4.2    0s

Cutting planes:
  Gomory: 2
  Cover: 7
  Implied bound: 7
  Clique: 2
  MIR: 8
  StrongCG: 3
  Flow cover: 5
  GUB cover: 1
  Inf proof: 4

Explored 1846 nodes (8491 simplex iterations) in 0.72 seconds (0.44 work units)
Thread count was 8 (of 8 available processors)

Solution count 10: 7.43748e+07 7.43449e+07 7.43409e+07 ... 6.48911e+07

Optimal solution found (tolerance 1.00e-04)
Best objective 7.437476303663e+07, best bound 7.437758969057e+07, gap 0.0038%
IIS runtime: 0.03 seconds (0.02 work units)
