
Gurobi 9.5.1 (win64) logging started Tue May 30 20:05:08 2023

Set parameter LogFile to value "logFiles/N-1L-D/N-1L-14U-21F-23V-180D/basic-05-30-2023, 20-05-H70-P50-O15.log"
Gurobi Optimizer version 9.5.1 build v9.5.1rc2 (win64)
Thread count: 8 physical cores, 16 logical processors, using up to 16 threads
Optimize a model with 83467 rows, 1195488 columns and 5251461 nonzeros
Model fingerprint: 0xa46ef7db
Variable types: 433085 continuous, 762403 integer (762403 binary)
Coefficient statistics:
  Matrix range     [1e+00, 2e+05]
  Objective range  [4e+01, 3e+07]
  Bounds range     [1e+00, 1e+00]
  RHS range        [1e+00, 2e+06]

Loaded user MIP start with objective 1.18851e+09

Presolve removed 45742 rows and 33414 columns (presolve time = 5s) ...
Presolve removed 45749 rows and 33618 columns (presolve time = 10s) ...
Presolve removed 45711 rows and 33580 columns
Presolve time: 14.39s
Presolved: 37756 rows, 1161908 columns, 4743955 nonzeros
Found heuristic solution: objective 1.252267e+09
Variable types: 419447 continuous, 742461 integer (742461 binary)

Deterministic concurrent LP optimizer: primal simplex, dual simplex, and barrier
Showing barrier log only...

Root barrier log...

Ordering time: 1.00s

Barrier statistics:
 AA' NZ     : 2.569e+06
 Factor NZ  : 7.699e+06 (roughly 500 MB of memory)
 Factor Ops : 1.035e+10 (less than 1 second per iteration)
 Threads    : 6

                  Objective                Residual
Iter       Primal          Dual         Primal    Dual     Compl     Time
   0  -2.00518522e+16  8.80451098e+12  8.69e+08 6.90e+05  7.50e+10    25s
   1  -6.00175593e+15  8.61696397e+12  2.60e+08 6.42e+05  2.28e+10    26s
   2  -1.59931102e+15  8.06612594e+12  7.02e+07 4.37e+05  6.18e+09    26s
   3  -1.38083708e+14  5.09407574e+12  6.12e+06 1.20e+04  5.59e+08    28s
   4  -3.50956677e+13  2.21593901e+12  1.55e+06 6.14e+02  1.43e+08    28s
   5  -2.01971026e+13  1.68988077e+12  8.95e+05 2.86e+02  8.35e+07    29s
   6  -1.64424561e+13  1.56011721e+12  7.28e+05 2.27e+02  6.82e+07    29s
   7  -3.34226740e+12  1.43256308e+12  1.48e+05 1.69e+02  1.44e+07    30s
   8  -8.51502519e+11  1.10135371e+12  3.77e+04 5.05e+01  3.99e+06    31s
   9  -3.63993357e+11  7.62965258e+11  1.62e+04 1.49e+01  1.72e+06    32s
  10  -1.65299569e+11  4.41946354e+11  7.39e+03 3.63e+00  7.47e+05    33s
  11  -6.60750034e+10  2.69130823e+11  3.00e+03 1.78e+00  3.21e+05    33s
  12  -2.76763984e+10  1.23703430e+11  1.30e+03 3.49e-01  1.30e+05    34s
  13  -4.73826258e+09  4.33009510e+10  2.79e+02 2.30e-02  3.21e+04    35s
  14  -1.69915230e+09  1.48529602e+10  1.44e+02 6.76e-08  1.21e+04    36s
  15   7.06632462e+08  7.68995286e+09  3.78e+01 6.69e-08  4.23e+03    37s
  16   8.91168360e+08  5.74106555e+09  2.98e+01 1.26e-07  3.05e+03    37s
  17   1.02788609e+09  5.16500942e+09  2.40e+01 1.17e-07  2.57e+03    38s
  18   1.08607192e+09  4.72886461e+09  2.15e+01 1.02e-07  2.28e+03    39s
  19   1.29486111e+09  4.15599004e+09  1.28e+01 1.27e-07  1.66e+03    40s
  20   1.38913149e+09  3.35496678e+09  9.08e+00 1.32e-07  1.16e+03    40s
  21   1.41287912e+09  3.12312941e+09  8.27e+00 1.76e-07  1.03e+03    41s
  22   1.44725144e+09  3.07358084e+09  7.42e+00 1.34e-07  9.59e+02    43s
  23   1.46588266e+09  2.97964419e+09  6.57e+00 1.19e-07  8.80e+02    44s
  24   1.49506668e+09  2.96482233e+09  5.99e+00 1.67e-07  8.37e+02    45s
  25   1.50059828e+09  2.88970137e+09  5.85e+00 1.74e-07  7.99e+02    46s
  26   1.56265702e+09  2.67172483e+09  4.31e+00 1.63e-07  6.27e+02    48s
  27   1.56462141e+09  2.62120100e+09  4.28e+00 1.50e-07  6.03e+02    49s
  28   1.59437325e+09  2.55156791e+09  3.90e+00 1.32e-07  5.48e+02    50s
  29   1.63006043e+09  2.46260300e+09  3.23e+00 1.41e-07  4.72e+02    51s
  30   1.70051473e+09  2.32505233e+09  2.09e+00 1.31e-07  3.42e+02    52s
  31   1.71997598e+09  2.25075947e+09  1.83e+00 1.11e-07  2.90e+02    54s
  32   1.75701844e+09  2.13061685e+09  1.35e+00 6.14e-08  2.03e+02    55s
  33   1.77484170e+09  2.04623881e+09  1.13e+00 9.64e-08  1.49e+02    56s
  34   1.80358767e+09  1.99033261e+09  7.98e-01 1.74e-08  1.02e+02    57s
  35   1.81215549e+09  1.96987200e+09  7.07e-01 5.53e-08  8.66e+01    58s
  36   1.83362332e+09  1.94969706e+09  5.08e-01 1.02e-07  6.30e+01    59s
  37   1.83751823e+09  1.94200043e+09  4.67e-01 9.26e-08  5.67e+01    60s
  38   1.84251585e+09  1.93729012e+09  4.19e-01 5.76e-08  5.12e+01    61s
  39   1.85474657e+09  1.92394744e+09  2.98e-01 9.21e-08  3.69e+01    62s
  40   1.85893612e+09  1.91933257e+09  2.60e-01 8.29e-08  3.21e+01    64s
  41   1.86338154e+09  1.91343004e+09  2.23e-01 1.45e-07  2.67e+01    65s
  42   1.86694457e+09  1.90959444e+09  1.93e-01 1.11e-07  2.28e+01    66s
  43   1.87258005e+09  1.90725351e+09  1.46e-01 1.06e-07  1.82e+01    67s
  44   1.87632186e+09  1.90550416e+09  1.18e-01 1.04e-07  1.52e+01    68s
  45   1.87809028e+09  1.90261254e+09  1.07e-01 8.12e-08  1.29e+01    69s
  46   1.88126548e+09  1.90139256e+09  8.35e-02 7.86e-08  1.05e+01    71s
  47   1.88274812e+09  1.90058313e+09  7.28e-02 1.03e-07  9.28e+00    72s
  48   1.88431795e+09  1.89960889e+09  6.30e-02 8.32e-08  7.96e+00    73s
  49   1.88675994e+09  1.89838844e+09  4.67e-02 6.28e-08  6.02e+00    74s
  50   1.88806383e+09  1.89706595e+09  3.78e-02 6.27e-08  4.70e+00    75s
  51   1.88884551e+09  1.89669483e+09  3.26e-02 7.59e-08  4.09e+00    76s
  52   1.89054873e+09  1.89605127e+09  2.12e-02 2.71e-08  2.83e+00    77s
  53   1.89191130e+09  1.89574425e+09  1.28e-02 1.25e-07  1.93e+00    79s
  54   1.89256671e+09  1.89522291e+09  8.76e-03 7.44e-08  1.33e+00    80s
  55   1.89297631e+09  1.89495517e+09  6.35e-03 1.17e-07  9.88e-01    81s
  56   1.89326655e+09  1.89479627e+09  4.67e-03 8.42e-08  7.59e-01    82s
  57   1.89352438e+09  1.89469126e+09  3.19e-03 1.21e-07  5.71e-01    84s
  58   1.89371620e+09  1.89456310e+09  2.10e-03 9.79e-08  4.10e-01    85s
  59   1.89389348e+09  1.89439788e+09  1.15e-03 9.47e-08  2.42e-01    86s
  60   1.89400444e+09  1.89428691e+09  5.58e-04 6.40e-08  1.34e-01    88s
  61   1.89408242e+09  1.89421563e+09  1.72e-04 1.09e-07  6.11e-02    89s
  62   1.89411515e+09  1.89414842e+09  1.70e-05 1.30e-07  1.47e-02    90s
  63   1.89411950e+09  1.89412758e+09  1.92e-06 1.27e-07  3.52e-03    91s
  64   1.89411972e+09  1.89412372e+09  1.18e-06 1.03e-07  1.75e-03    92s
  65   1.89411993e+09  1.89412296e+09  1.13e-06 7.07e-08  1.32e-03    92s
  66   1.89412006e+09  1.89412224e+09  4.26e-07 1.07e-07  9.42e-04    93s
  67   1.89412015e+09  1.89412102e+09  1.24e-07 1.11e-07  3.76e-04    94s
  68   1.89412017e+09  1.89412038e+09  6.14e-08 1.09e-07  9.08e-05    95s
  69   1.89412019e+09  1.89412023e+09  2.90e-08 9.48e-08  1.77e-05    97s
  70   1.89412019e+09  1.89412020e+09  3.29e-09 7.73e-08  3.85e-06    98s
  71   1.89412020e+09  1.89412020e+09  7.50e-10 9.57e-08  2.84e-06    99s

Barrier solved model in 71 iterations and 99.34 seconds (72.37 work units)
Optimal objective 1.89412020e+09


Root crossover log...

   33071 DPushes remaining with DInf 1.9032538e-02               100s
      98 DPushes remaining with DInf 0.0000000e+00               100s
       0 DPushes remaining with DInf 0.0000000e+00               101s

     833 PPushes remaining with PInf 0.0000000e+00               101s
       2 PPushes remaining with PInf 2.2434685e+06               102s

  Push phase complete: Pinf 2.2434685e+06, Dinf 2.3791378e+10    102s


Root simplex log...

Iteration    Objective       Primal Inf.    Dual Inf.      Time
   33905    1.8947995e+09   0.000000e+00   2.379138e+10    102s
   43257    1.8949138e+09   0.000000e+00   3.006476e+09    105s
Warning: 1 variables dropped from basis
Warning: switch to quad precision
   47865    1.8762576e+09   0.000000e+00   3.075131e+10    114s
   48501    1.8770750e+09   0.000000e+00   2.783588e+09    119s
   48781    1.8773913e+09   0.000000e+00   1.031993e+10    131s
   49071    1.8777907e+09   0.000000e+00   2.229921e+09    142s
   49422    1.8781023e+09   0.000000e+00   7.244419e+09    152s
   49793    1.8783312e+09   0.000000e+00   5.076452e+09    164s
   50205    1.8785177e+09   0.000000e+00   5.454233e+08    175s
   50545    1.8786638e+09   0.000000e+00   2.636066e+09    186s
   50845    1.8787447e+09   0.000000e+00   1.101660e+08    197s
   51471    1.8788565e+09   0.000000e+00   2.086552e+07    204s
   51802    1.8788862e+09   0.000000e+00   1.234410e+09    214s
   52052    1.8789920e+09   0.000000e+00   9.313763e+09    225s
   52464    1.8791973e+09   0.000000e+00   4.955998e+09    235s
   52714    1.8795514e+09   0.000000e+00   2.868526e+10    246s
   52944    1.8799363e+09   0.000000e+00   1.801516e+10    258s
   53154    1.8803077e+09   0.000000e+00   7.300138e+10    270s
   53394    1.8806823e+09   0.000000e+00   2.872670e+11    281s
   53634    1.8809926e+09   0.000000e+00   4.492294e+11    294s
   53844    1.8815110e+09   0.000000e+00   3.108375e+10    307s
   54104    1.8819159e+09   0.000000e+00   5.313771e+10    318s
   54384    1.8825149e+09   0.000000e+00   4.320149e+11    330s
   54584    1.8835041e+09   0.000000e+00   1.821954e+11    342s
   54804    1.8842672e+09   0.000000e+00   1.888747e+11    354s
   55014    1.8844439e+09   0.000000e+00   1.658437e+11    367s
   55214    1.8846238e+09   0.000000e+00   2.321799e+10    380s
   55424    1.8848405e+09   0.000000e+00   9.095061e+10    393s
   55674    1.8849913e+09   0.000000e+00   6.159688e+10    406s
   55894    1.8850930e+09   0.000000e+00   5.164288e+10    417s
   56084    1.8851922e+09   0.000000e+00   3.644751e+10    429s
   56304    1.8853106e+09   0.000000e+00   9.579378e+10    442s
   56494    1.8854111e+09   0.000000e+00   9.454724e+11    455s
   56694    1.8855215e+09   0.000000e+00   2.432698e+10    468s
   56914    1.8856849e+09   0.000000e+00   3.368541e+10    480s
   57124    1.8858089e+09   0.000000e+00   1.527181e+10    494s
   57284    1.8858860e+09   0.000000e+00   8.745344e+10    507s
   57444    1.8859553e+09   0.000000e+00   2.925053e+10    518s
   57634    1.8860228e+09   0.000000e+00   2.787377e+10    531s
   57804    1.8861213e+09   0.000000e+00   1.050471e+10    546s
   57944    1.8862332e+09   0.000000e+00   1.037957e+10    560s
   58124    1.8863485e+09   0.000000e+00   2.076697e+10    572s
   58304    1.8864185e+09   0.000000e+00   2.277731e+10    584s
   58474    1.8864870e+09   0.000000e+00   9.217542e+09    597s
   58634    1.8865507e+09   0.000000e+00   9.384161e+09    608s
   58804    1.8866181e+09   0.000000e+00   1.803202e+10    620s
   59004    1.8866921e+09   0.000000e+00   6.872758e+09    634s
   59174    1.8867446e+09   0.000000e+00   2.858196e+09    645s
   59364    1.8867829e+09   0.000000e+00   1.959527e+09    657s
   59544    1.8868112e+09   0.000000e+00   1.012983e+10    669s
   59804    1.8868600e+09   0.000000e+00   6.178199e+08    682s
   60014    1.8868778e+09   0.000000e+00   2.208534e+09    695s
   60244    1.8868991e+09   0.000000e+00   1.479616e+08    709s
   60474    1.8869161e+09   0.000000e+00   2.176797e+07    723s
   60834    1.8869380e+09   0.000000e+00   1.151355e+08    735s
   61144    1.8869524e+09   0.000000e+00   2.029737e+09    748s
   61404    1.8870193e+09   0.000000e+00   3.496872e+09    762s
   61614    1.8871049e+09   0.000000e+00   4.117488e+10    774s
   61824    1.8872069e+09   0.000000e+00   2.514509e+10    788s
   61994    1.8872896e+09   0.000000e+00   1.759567e+11    801s
   62174    1.8873827e+09   0.000000e+00   1.624550e+10    813s
   62374    1.8874930e+09   0.000000e+00   2.200547e+10    826s
   62564    1.8875968e+09   0.000000e+00   2.411207e+12    839s
   62764    1.8876920e+09   0.000000e+00   2.630735e+12    853s
   62924    1.8877653e+09   0.000000e+00   3.876089e+12    865s
   63094    1.8878455e+09   0.000000e+00   1.803557e+10    877s
   63294    1.8879222e+09   0.000000e+00   1.198626e+10    891s
   63464    1.8879971e+09   0.000000e+00   2.425733e+10    905s
   63634    1.8880603e+09   0.000000e+00   6.584748e+11    919s
   63794    1.8881131e+09   0.000000e+00   1.383247e+11    931s
   63984    1.8881660e+09   0.000000e+00   1.731409e+10    944s
   64174    1.8882198e+09   0.000000e+00   7.456087e+09    956s
   64414    1.8882786e+09   0.000000e+00   5.484859e+09    970s
   64664    1.8883304e+09   0.000000e+00   1.945022e+10    982s
   64874    1.8883786e+09   0.000000e+00   7.997212e+09    994s
   65084    1.8884210e+09   0.000000e+00   8.312572e+09   1007s
   65274    1.8884685e+09   0.000000e+00   1.785822e+10   1020s
   65494    1.8885113e+09   0.000000e+00   7.584956e+09   1032s
   65704    1.8885580e+09   0.000000e+00   7.514280e+10   1044s
   65884    1.8885952e+09   0.000000e+00   7.265831e+09   1055s
   66094    1.8886254e+09   0.000000e+00   8.972694e+08   1068s
   66304    1.8886632e+09   0.000000e+00   3.053552e+09   1079s
   66504    1.8886946e+09   0.000000e+00   1.976402e+09   1091s
   66684    1.8887182e+09   0.000000e+00   3.673121e+09   1102s
   66894    1.8887464e+09   0.000000e+00   1.005067e+09   1115s
   67084    1.8887723e+09   0.000000e+00   6.589270e+08   1127s
   67274    1.8887888e+09   0.000000e+00   1.756774e+08   1139s
   67434    1.8888055e+09   0.000000e+00   3.112523e+08   1151s
   67614    1.8888190e+09   0.000000e+00   3.740316e+08   1162s
   67834    1.8888727e+09   0.000000e+00   2.180919e+10   1174s
   68024    1.8889183e+09   0.000000e+00   1.784042e+09   1186s
   68224    1.8889468e+09   0.000000e+00   6.861896e+10   1200s
   68434    1.8889742e+09   0.000000e+00   1.825676e+10   1214s
   68664    1.8889936e+09   0.000000e+00   1.144101e+09   1225s
   68854    1.8890365e+09   0.000000e+00   1.041816e+10   1237s
   69064    1.8890810e+09   0.000000e+00   2.048380e+09   1250s
   69264    1.8891200e+09   0.000000e+00   5.927464e+08   1263s
   69464    1.8891407e+09   0.000000e+00   1.213862e+08   1277s
   69654    1.8891537e+09   0.000000e+00   1.234766e+08   1290s
   69864    1.8891606e+09   0.000000e+00   3.291065e+08   1302s
   70064    1.8891654e+09   0.000000e+00   1.059888e+07   1313s
   70284    1.8891686e+09   0.000000e+00   1.427957e+08   1324s
   70504    1.8891789e+09   0.000000e+00   1.046502e+09   1335s
   70714    1.8892000e+09   0.000000e+00   1.468302e+09   1348s
   70904    1.8892160e+09   0.000000e+00   3.237232e+08   1361s
   71094    1.8892274e+09   0.000000e+00   4.699819e+08   1374s
   71274    1.8892369e+09   0.000000e+00   1.083290e+08   1385s
   71454    1.8892457e+09   0.000000e+00   6.307545e+08   1396s
   71674    1.8892610e+09   0.000000e+00   1.455068e+09   1409s
   71884    1.8892698e+09   0.000000e+00   5.645081e+08   1421s
   72094    1.8892827e+09   0.000000e+00   1.842344e+08   1433s
   72294    1.8892939e+09   0.000000e+00   5.592232e+09   1445s
   72504    1.8893035e+09   0.000000e+00   4.286505e+08   1458s
   72704    1.8893108e+09   0.000000e+00   4.438095e+08   1469s
   72914    1.8893162e+09   0.000000e+00   1.342796e+08   1481s
   73104    1.8893218e+09   0.000000e+00   1.099637e+08   1493s
   73294    1.8893253e+09   0.000000e+00   2.728442e+08   1506s
   73484    1.8893320e+09   0.000000e+00   6.850753e+07   1519s
   73674    1.8893466e+09   0.000000e+00   1.837095e+09   1531s
   73874    1.8893693e+09   0.000000e+00   9.157284e+08   1543s
   74074    1.8893898e+09   0.000000e+00   4.397553e+08   1557s
   74284    1.8894070e+09   0.000000e+00   3.980960e+08   1571s
   74484    1.8894253e+09   0.000000e+00   1.241334e+09   1584s
   74684    1.8894329e+09   0.000000e+00   8.150296e+07   1596s
   74864    1.8894377e+09   0.000000e+00   9.616277e+07   1607s
   75064    1.8894473e+09   0.000000e+00   1.217085e+09   1619s
   75234    1.8894519e+09   0.000000e+00   1.632056e+08   1630s
   75444    1.8894552e+09   0.000000e+00   2.431863e+06   1644s
   75634    1.8894565e+09   0.000000e+00   2.241872e+06   1655s
   75824    1.8894582e+09   0.000000e+00   1.453871e+07   1668s
   76014    1.8894594e+09   0.000000e+00   8.037650e+06   1682s
   76204    1.8894600e+09   0.000000e+00   4.186746e+05   1694s
   76329    1.8977379e+09   1.896016e+06   0.000000e+00   1701s
   76692    1.8968149e+09   3.575311e+06   0.000000e+00   1706s
   76923    1.8967563e+09   3.900147e+05   0.000000e+00   1710s
   77143    1.8967088e+09   8.979643e+04   0.000000e+00   1715s
   77383    1.8966551e+09   4.838166e+03   0.000000e+00   1722s
   77726    1.8959542e+09   2.133721e+05   0.000000e+00   1725s
   78818    1.8955760e+09   5.584061e+05   0.000000e+00   1730s
   79637    1.8953923e+09   9.374296e+05   0.000000e+00   1735s
   80233    1.8953161e+09   1.598499e+05   0.000000e+00   1742s
   80565    1.8952920e+09   4.777749e+05   0.000000e+00   1746s
   80806    1.8952669e+09   5.229641e+05   0.000000e+00   1750s
   81493    1.8950909e+09   4.792380e+05   0.000000e+00   1757s
   81745    1.8950577e+09   2.632204e+05   0.000000e+00   1761s
   82462    1.8949166e+09   5.056836e+05   0.000000e+00   1766s
   83008    1.8948824e+09   2.297012e+05   0.000000e+00   1770s
   83431    1.8948155e+09   2.773755e+05   0.000000e+00   1775s
   83865    1.8947950e+09   2.335807e+05   0.000000e+00   1781s
   84217    1.8947731e+09   1.159690e+06   0.000000e+00   1787s
   84368    1.8947570e+09   7.557107e+05   0.000000e+00   1790s
   85096    1.8943562e+09   2.285791e+05   0.000000e+00   1795s
   85621    1.8943100e+09   1.372839e+05   0.000000e+00   1802s
   85883    1.8942825e+09   1.220340e+05   0.000000e+00   1805s
   86276    1.8942601e+09   9.050378e+05   0.000000e+00   1813s
   86527    1.8942471e+09   1.222443e+05   0.000000e+00   1818s
   86819    1.8942445e+09   1.632062e+05   0.000000e+00   1824s
   86919    1.8942425e+09   4.315189e+05   0.000000e+00   1828s
   87009    1.8942406e+09   5.826655e+05   0.000000e+00   1832s
   87139    1.8942356e+09   1.282375e+05   0.000000e+00   1836s
   87349    1.8942301e+09   2.401347e+05   0.000000e+00   1842s
   87783    1.8942253e+09   7.082786e+05   0.000000e+00   1845s
   88024    1.8942213e+09   6.594611e+04   0.000000e+00   1851s
   88164    1.8942198e+09   3.500749e+05   0.000000e+00   1855s
   88435    1.8942155e+09   1.176268e+05   0.000000e+00   1865s
   88555    1.8942141e+09   1.399105e+05   0.000000e+00   1869s
   88737    1.8942139e+09   6.417613e+04   0.000000e+00   1871s
   88958    1.8942089e+09   1.058015e+05   0.000000e+00   1878s
   89028    1.8941770e+09   6.970415e+04   0.000000e+00   1881s
   89390    1.8941730e+09   1.564311e+05   0.000000e+00   1890s
   89511    1.8941728e+09   4.915972e+04   0.000000e+00   1893s
   89631    1.8941726e+09   1.427235e+05   0.000000e+00   1897s
   89731    1.8941703e+09   1.171522e+05   0.000000e+00   1901s
   89952    1.8941661e+09   5.906588e+05   0.000000e+00   1906s
   90082    1.8941623e+09   4.883701e+05   0.000000e+00   1911s
   90272    1.8941546e+09   4.103209e+05   0.000000e+00   1917s
   90382    1.8941502e+09   2.100640e+07   0.000000e+00   1921s
   90482    1.8941487e+09   1.589399e+05   0.000000e+00   1925s
   90722    1.8941442e+09   2.875979e+05   0.000000e+00   1931s
   90912    1.8941420e+09   7.006519e+04   0.000000e+00   1938s
   91113    1.8941412e+09   1.269435e+05   0.000000e+00   1941s
   91273    1.8941392e+09   9.341787e+04   0.000000e+00   1946s
   91463    1.8941369e+09   2.387930e+05   0.000000e+00   1952s
   91573    1.8941365e+09   1.515970e+05   0.000000e+00   1956s
   91753    1.8941356e+09   2.808117e+05   0.000000e+00   1961s
   91963    1.8941344e+09   8.929724e+04   0.000000e+00   1968s
   92053    1.8941343e+09   2.812826e+05   0.000000e+00   1971s
   92173    1.8941340e+09   3.366158e+05   0.000000e+00   1975s
   92293    1.8941339e+09   6.334061e+04   0.000000e+00   1981s
   92423    1.8941336e+09   7.454284e+05   0.000000e+00   1987s
   92603    1.8941324e+09   1.073005e+06   0.000000e+00   1993s
   92723    1.8941322e+09   4.176879e+06   0.000000e+00   1996s
   93105    1.8941316e+09   1.233579e+04   0.000000e+00   2001s
   93305    1.8941304e+09   1.483575e+05   0.000000e+00   2008s
   93395    1.8941297e+09   1.483955e+05   0.000000e+00   2011s
   93515    1.8941294e+09   1.689556e+05   0.000000e+00   2017s
   93615    1.8941287e+09   1.637290e+04   0.000000e+00   2020s
   93895    1.8941274e+09   1.865966e+04   0.000000e+00   2029s
   94015    1.8941272e+09   7.315465e+03   0.000000e+00   2032s
   94125    1.8941264e+09   8.147250e+03   0.000000e+00   2036s
   94225    1.8941258e+09   9.227713e+04   0.000000e+00   2040s
   94445    1.8941250e+09   7.375395e+04   0.000000e+00   2048s
   94535    1.8941244e+09   6.154652e+03   0.000000e+00   2052s
   94625    1.8941238e+09   6.301316e+04   0.000000e+00   2056s
   94725    1.8941236e+09   3.313789e+04   0.000000e+00   2061s
   94815    1.8941234e+09   1.353119e+04   0.000000e+00   2065s
   95025    1.8941229e+09   1.152172e+05   0.000000e+00   2072s
   95255    1.8941225e+09   5.376680e+03   0.000000e+00   2077s
   95546    1.8941220e+09   8.305188e+04   0.000000e+00   2082s
   95666    1.8941218e+09   4.050399e+03   0.000000e+00   2085s
   95876    1.8941215e+09   5.053150e+05   0.000000e+00   2091s
   96086    1.8941212e+09   1.462905e+05   0.000000e+00   2096s
   96337    1.8941209e+09   6.854036e+02   0.000000e+00   2100s
   96647    1.8941202e+09   1.824965e+03   0.000000e+00   2108s
   96750    1.8941202e+09   0.000000e+00   0.000000e+00   2110s
   96818    1.8941202e+09   0.000000e+00   0.000000e+00   2111s
Extra simplex iterations after uncrush: 68
Concurrent spin time: 182.40s

Solved with barrier

Root relaxation: objective 1.894120e+09, 96818 iterations, 2092.80 seconds (798.29 work units)

    Nodes    |    Current Node    |     Objective Bounds      |     Work
 Expl Unexpl |  Obj  Depth IntInf | Incumbent    BestBd   Gap | It/Node Time

     0     0 1.8941e+09    0  359 1.2523e+09 1.8941e+09  51.3%     - 2112s
H    0     0                    1.855680e+09 1.8941e+09  2.07%     - 2138s
H    0     0                    1.856547e+09 1.8941e+09  2.02%     - 2143s
     0     0 1.8941e+09    0  365 1.8565e+09 1.8941e+09  2.02%     - 2190s
     0     0 1.8941e+09    0  375 1.8565e+09 1.8941e+09  2.02%     - 2280s
     0     0 1.8941e+09    0  383 1.8565e+09 1.8941e+09  2.02%     - 2293s
     0     0 1.8941e+09    0  385 1.8565e+09 1.8941e+09  2.02%     - 2294s
     0     0 1.8941e+09    0  372 1.8565e+09 1.8941e+09  2.02%     - 2325s
H    0     0                    1.857366e+09 1.8941e+09  1.98%     - 2333s
     0     0 1.8941e+09    0  368 1.8574e+09 1.8941e+09  1.98%     - 2334s
     0     0 1.8941e+09    0  371 1.8574e+09 1.8941e+09  1.98%     - 2363s
H    0     0                    1.859750e+09 1.8941e+09  1.84%     - 2398s
H    0     0                    1.860262e+09 1.8941e+09  1.82%     - 2416s
     0     0 1.8941e+09    0  370 1.8603e+09 1.8941e+09  1.82%     - 2423s
     0     0 1.8941e+09    0  401 1.8603e+09 1.8941e+09  1.82%     - 2468s
H    0     0                    1.863935e+09 1.8941e+09  1.62%     - 2492s
     0     0 1.8941e+09    0  402 1.8639e+09 1.8941e+09  1.62%     - 2493s
     0     0 1.8941e+09    0  411 1.8639e+09 1.8941e+09  1.62%     - 2498s
H    0     0                    1.864041e+09 1.8941e+09  1.61%     - 2508s
     0     0 1.8941e+09    0  412 1.8640e+09 1.8941e+09  1.61%     - 2508s
     0     0 1.8940e+09    0  360 1.8640e+09 1.8940e+09  1.61%     - 2543s
H    0     0                    1.867209e+09 1.8940e+09  1.44%     - 2600s
     0     0 1.8940e+09    0  363 1.8672e+09 1.8940e+09  1.44%     - 2601s
     0     0 1.8940e+09    0  365 1.8672e+09 1.8940e+09  1.44%     - 2610s
H    0     0                    1.867645e+09 1.8940e+09  1.41%     - 2635s
     0     0 1.8940e+09    0  364 1.8676e+09 1.8940e+09  1.41%     - 2636s
     0     0 1.8940e+09    0  380 1.8676e+09 1.8940e+09  1.41%     - 2668s
     0     0 1.8940e+09    0  380 1.8676e+09 1.8940e+09  1.41%     - 2690s
     0     0 1.8940e+09    0  380 1.8676e+09 1.8940e+09  1.41%     - 2705s
H    0     0                    1.867959e+09 1.8940e+09  1.40%     - 2728s
     0     0 1.8940e+09    0  393 1.8680e+09 1.8940e+09  1.40%     - 2730s
     0     0 1.8940e+09    0  410 1.8680e+09 1.8940e+09  1.40%     - 2745s
     0     0 1.8940e+09    0  411 1.8680e+09 1.8940e+09  1.40%     - 2751s
     0     0 1.8940e+09    0  380 1.8680e+09 1.8940e+09  1.40%     - 2768s
     0     0 1.8940e+09    0  360 1.8680e+09 1.8940e+09  1.40%     - 3811s
H    0     0                    1.868026e+09 1.8940e+09  1.39%     - 3982s
     0     2 1.8940e+09    0  360 1.8680e+09 1.8940e+09  1.39%     - 3992s
     1     4 1.8940e+09    1  353 1.8680e+09 1.8940e+09  1.39% 11495 4242s
     3     8 1.8940e+09    2  363 1.8680e+09 1.8940e+09  1.39%  5540 4605s
     7    16 1.8940e+09    3  373 1.8680e+09 1.8940e+09  1.39%  3803 5691s
    15    24 1.8940e+09    4  341 1.8680e+09 1.8940e+09  1.39%  3437 6373s
    23    32 1.8940e+09    5  347 1.8680e+09 1.8940e+09  1.39%  3181 6805s
H   31    40                    1.868239e+09 1.8940e+09  1.38%  2751 7157s
H   33    40                    1.868304e+09 1.8940e+09  1.38%  2731 7158s
H   33    40                    1.868503e+09 1.8940e+09  1.37%  2731 7159s
H   35    40                    1.868678e+09 1.8940e+09  1.36%  2644 7161s
    39    48 1.8940e+09    7  362 1.8687e+09 1.8940e+09  1.36%  2464 7489s
    47    60 1.8940e+09    8  366 1.8687e+09 1.8940e+09  1.36%  2246 7828s
    59    71 1.8940e+09    9  370 1.8687e+09 1.8940e+09  1.36%  1896 8345s
H   70    79                    1.868770e+09 1.8940e+09  1.35%  1904 9203s
H   72    79                    1.868960e+09 1.8940e+09  1.34%  1950 9204s
H   75    79                    1.869723e+09 1.8940e+09  1.30%  1879 9206s
H   76    79                    1.870040e+09 1.8940e+09  1.28%  1888 9207s
    78    91 1.8940e+09   10  370 1.8700e+09 1.8940e+09  1.28%  1854 9711s
    90   102 1.8940e+09   12  381 1.8700e+09 1.8940e+09  1.28%  1832 10137s
   101   115 1.8940e+09   13  391 1.8700e+09 1.8940e+09  1.28%  1756 10499s
   114   123 1.8940e+09   14  391 1.8700e+09 1.8940e+09  1.28%  1667 10803s
H  115   123                    1.870088e+09 1.8940e+09  1.28%  1652 10804s
H  121   123                    1.870148e+09 1.8940e+09  1.28%  1615 10805s

Cutting planes:
  Cover: 5
  Implied bound: 25
  Clique: 2
  MIR: 37
  Flow cover: 10
  GUB cover: 1
  RLT: 61
  Relax-and-lift: 12

Explored 122 nodes (348815 simplex iterations) in 10806.35 seconds (6381.38 work units)
Thread count was 16 (of 16 available processors)

Solution count 10: 1.87015e+09 1.87009e+09 1.87004e+09 ... 1.86824e+09

Time limit reached
Best objective 1.870147857963e+09, best bound 1.894019807570e+09, gap 1.2765%
Gurobi Optimizer version 9.5.1 build v9.5.1rc2 (win64)
Thread count: 8 physical cores, 16 logical processors, using up to 16 threads
Optimize a model with 133612 rows, 1736286 columns and 11112378 nonzeros
Model fingerprint: 0x98c8f41a
Variable types: 131781 continuous, 1604505 integer (1604505 binary)
Coefficient statistics:
  Matrix range     [1e+00, 2e+05]
  Objective range  [4e+01, 3e+07]
  Bounds range     [1e+00, 3e+05]
  RHS range        [1e+00, 4e+06]

User MIP start did not produce a new incumbent solution
User MIP start violates constraint flow[RIV,NGBON,90] by 1.000000000

Presolve removed 110561 rows and 1191378 columns (presolve time = 5s) ...
Presolve removed 110575 rows and 1191380 columns (presolve time = 10s) ...
Presolve removed 110526 rows and 1191331 columns
Presolve time: 10.35s
Presolved: 23086 rows, 544955 columns, 2530504 nonzeros
Variable types: 84759 continuous, 460196 integer (460132 binary)

Deterministic concurrent LP optimizer: primal simplex, dual simplex, and barrier
Showing barrier log only...

Root barrier log...

Ordering time: 0.43s

Barrier statistics:
 AA' NZ     : 1.290e+06
 Factor NZ  : 3.428e+06 (roughly 260 MB of memory)
 Factor Ops : 2.786e+09 (less than 1 second per iteration)
 Threads    : 5

                  Objective                Residual
Iter       Primal          Dual         Primal    Dual     Compl     Time
   0  -3.89841079e+15  1.58000995e+13  3.63e+08 7.06e+05  7.03e+10    18s
   1  -1.63763539e+15  1.09377077e+13  1.53e+08 8.04e+05  2.99e+10    19s
   2  -3.76204290e+14  9.16106732e+12  3.55e+07 4.57e+05  7.00e+09    19s
   3  -3.20663236e+13  5.57219975e+12  3.03e+06 4.58e+03  6.11e+08    20s
   4  -6.73324315e+12  2.74554963e+12  6.35e+05 7.60e+02  1.35e+08    20s
   5  -9.51472820e+11  1.59027365e+12  8.96e+04 1.78e+02  2.01e+07    21s
   6  -5.61474881e+11  1.28681886e+12  5.29e+04 1.56e+01  1.20e+07    21s
   7  -2.74380008e+11  1.10771920e+12  2.59e+04 3.73e-09  6.22e+06    21s
   8  -1.33814939e+11  9.40424161e+11  1.27e+04 2.18e+01  3.33e+06    22s
   9  -6.01501491e+10  4.83310285e+11  5.85e+03 3.26e-09  1.42e+06    22s
  10  -5.02156208e+09  2.56912627e+11  6.94e+02 3.73e-09  3.35e+05    23s
  11   4.09151001e+08  9.20099894e+10  1.86e+02 3.84e-09  1.03e+05    23s
  12   9.78616415e+08  7.79308613e+10  1.33e+02 5.27e-09  8.37e+04    23s
  13   1.29298246e+09  6.14161953e+10  1.03e+02 8.21e-09  6.48e+04    23s
  14   1.60750381e+09  4.69606727e+10  7.41e+01 7.44e-09  4.82e+04    24s
  15   1.93324595e+09  3.83467274e+10  4.41e+01 1.42e-08  3.72e+04    24s
  16   2.13603878e+09  2.33897959e+10  2.54e+01 3.09e-08  2.17e+04    25s
  17   2.21756961e+09  1.66033299e+10  1.82e+01 2.00e-08  1.48e+04    25s
  18   2.29875931e+09  1.42331440e+10  1.10e+01 1.95e-08  1.19e+04    26s
  19   2.31476974e+09  1.21118758e+10  9.57e+00 1.90e-08  9.93e+03    26s
  20   2.32852961e+09  1.01509079e+10  8.41e+00 1.98e-08  8.04e+03    26s
  21   2.34103917e+09  8.27509306e+09  7.34e+00 3.31e-08  6.35e+03    27s
  22   2.38347529e+09  6.77809431e+09  4.05e+00 3.96e-08  4.64e+03    27s
  23   2.40925701e+09  5.75854464e+09  2.85e+00 4.27e-08  3.47e+03    28s
  24   2.41417458e+09  5.53748847e+09  2.74e+00 5.73e-08  3.23e+03    28s
  25   2.42795805e+09  5.42680954e+09  2.48e+00 5.92e-08  3.08e+03    29s
  26   2.42893275e+09  5.32248776e+09  2.44e+00 7.10e-08  2.97e+03    29s
  27   2.43559687e+09  5.04500091e+09  2.16e+00 5.36e-08  2.67e+03    30s
  28   2.44197497e+09  4.97514665e+09  2.04e+00 6.59e-08  2.58e+03    30s
  29   2.44793615e+09  4.66098565e+09  1.79e+00 5.73e-08  2.25e+03    31s
  30   2.46965199e+09  4.33347941e+09  1.21e+00 5.74e-08  1.84e+03    32s
  31   2.47608850e+09  3.74692971e+09  9.67e-01 3.70e-08  1.25e+03    32s
  32   2.48470835e+09  3.57913455e+09  8.00e-01 4.16e-08  1.06e+03    33s
  33   2.49195296e+09  3.32618911e+09  6.14e-01 3.24e-08  8.02e+02    33s
  34   2.49564420e+09  3.21320256e+09  5.53e-01 3.49e-08  6.87e+02    34s
  35   2.50394484e+09  3.07691897e+09  3.93e-01 3.25e-08  5.42e+02    34s
  36   2.50977379e+09  2.84564761e+09  2.86e-01 1.61e-08  3.15e+02    35s
  37   2.51628156e+09  2.76852635e+09  1.96e-01 1.20e-08  2.35e+02    35s
  38   2.52079873e+09  2.69998777e+09  1.47e-01 9.32e-09  1.66e+02    36s
  39   2.52520086e+09  2.66844721e+09  1.15e-01 8.27e-09  1.32e+02    36s
  40   2.52694107e+09  2.64727889e+09  1.03e-01 7.93e-09  1.11e+02    37s
  41   2.52980465e+09  2.64366330e+09  9.04e-02 9.49e-09  1.05e+02    37s
  42   2.53111415e+09  2.63098976e+09  7.92e-02 9.92e-09  9.20e+01    38s
  43   2.53252688e+09  2.61822458e+09  7.00e-02 8.37e-09  7.88e+01    38s
  44   2.53567614e+09  2.60578362e+09  5.04e-02 9.38e-09  6.44e+01    39s
  45   2.53727743e+09  2.60157826e+09  4.28e-02 9.18e-09  5.90e+01    39s
  46   2.53838677e+09  2.59156360e+09  3.89e-02 7.32e-09  4.88e+01    40s
  47   2.53950134e+09  2.58407137e+09  3.54e-02 6.94e-09  4.09e+01    41s
  48   2.54021443e+09  2.58104338e+09  3.29e-02 6.93e-09  3.74e+01    41s
  49   2.54171883e+09  2.57888801e+09  2.85e-02 8.83e-09  3.41e+01    42s
  50   2.54246853e+09  2.57496744e+09  2.68e-02 8.79e-09  2.98e+01    42s
  51   2.54334133e+09  2.57198971e+09  2.45e-02 5.30e-09  2.62e+01    43s
  52   2.54401538e+09  2.56993116e+09  2.25e-02 5.40e-09  2.37e+01    43s
  53   2.54474363e+09  2.56835288e+09  2.06e-02 6.08e-09  2.16e+01    44s
  54   2.54592479e+09  2.56668745e+09  1.74e-02 7.23e-09  1.90e+01    45s
  55   2.54623770e+09  2.56633619e+09  1.65e-02 6.86e-09  1.84e+01    45s
  56   2.54641379e+09  2.56603076e+09  1.63e-02 7.28e-09  1.80e+01    46s
  57   2.54686185e+09  2.56533125e+09  1.53e-02 1.03e-08  1.69e+01    46s
  58   2.54783081e+09  2.56374129e+09  1.32e-02 7.14e-09  1.46e+01    47s
  59   2.54930132e+09  2.56269248e+09  1.04e-02 6.11e-09  1.23e+01    48s
  60   2.54956477e+09  2.56214211e+09  9.91e-03 4.90e-09  1.15e+01    48s
  61   2.55065197e+09  2.56143255e+09  7.91e-03 5.27e-09  9.87e+00    49s
  62   2.55141012e+09  2.56042752e+09  6.58e-03 5.76e-09  8.25e+00    49s
  63   2.55206018e+09  2.55988666e+09  5.50e-03 7.09e-09  7.16e+00    50s
  64   2.55271564e+09  2.55958191e+09  4.44e-03 7.77e-06  6.28e+00    50s
  65   2.55320335e+09  2.55859744e+09  3.68e-03 3.96e-05  4.94e+00    51s
  66   2.55368753e+09  2.55814298e+09  2.94e-03 4.64e-05  4.08e+00    52s
  67   2.55386420e+09  2.55765388e+09  2.68e-03 4.46e-05  3.47e+00    52s
  68   2.55413324e+09  2.55732718e+09  2.28e-03 4.40e-05  2.92e+00    53s
  69   2.55441032e+09  2.55712059e+09  1.88e-03 4.06e-05  2.48e+00    53s
  70   2.55470878e+09  2.55691287e+09  1.50e-03 4.02e-05  2.02e+00    54s
  71   2.55505434e+09  2.55655460e+09  1.02e-03 2.79e-05  1.37e+00    55s
  72   2.55537258e+09  2.55644559e+09  6.01e-04 2.61e-05  9.82e-01    55s
  73   2.55556589e+09  2.55628720e+09  3.64e-04 2.57e-05  6.60e-01    56s
  74   2.55562015e+09  2.55611573e+09  2.97e-04 1.48e-05  4.54e-01    57s
  75   2.55569894e+09  2.55607320e+09  2.02e-04 1.22e-05  3.43e-01    57s
  76   2.55579566e+09  2.55596655e+09  8.83e-05 5.52e-06  1.56e-01    58s
  77   2.55583748e+09  2.55592577e+09  4.07e-05 3.08e-06  8.08e-02    59s
  78   2.55586139e+09  2.55591367e+09  1.47e-05 2.29e-06  4.79e-02    59s
  79   2.55586524e+09  2.55588660e+09  1.07e-05 6.14e-07  1.96e-02    59s
  80   2.55587238e+09  2.55588104e+09  3.64e-06 2.75e-07  7.93e-03    60s
  81   2.55587451e+09  2.55587721e+09  4.49e-06 4.34e-08  2.47e-03    60s
  82   2.55587632e+09  2.55587637e+09  3.48e-06 4.79e-09  5.28e-05    60s
  83   2.55587635e+09  2.55587635e+09  1.20e-08 3.81e-09  2.11e-09    61s

Barrier solved model in 83 iterations and 60.97 seconds (40.13 work units)
Optimal objective 2.55587635e+09


Root crossover log...

   18433 DPushes remaining with DInf 0.0000000e+00                61s
       0 DPushes remaining with DInf 0.0000000e+00                62s

     876 PPushes remaining with PInf 0.0000000e+00                62s
      15 PPushes remaining with PInf 3.5517355e+03                62s

  Push phase complete: Pinf 3.5517355e+03, Dinf 2.4776662e+06     62s


Root simplex log...

Iteration    Objective       Primal Inf.    Dual Inf.      Time
   17894    2.5558765e+09   3.551808e+03   0.000000e+00     62s
   18044    2.5558765e+09   9.868992e+03   0.000000e+00     65s
   18254    2.5558763e+09   0.000000e+00   0.000000e+00     70s
   18254    2.5558763e+09   0.000000e+00   0.000000e+00     70s
Concurrent spin time: 0.02s

Solved with barrier

Root relaxation: objective 2.555876e+09, 18254 iterations, 55.73 seconds (23.08 work units)
Another try with MIP start

    Nodes    |    Current Node    |     Objective Bounds      |     Work
 Expl Unexpl |  Obj  Depth IntInf | Incumbent    BestBd   Gap | It/Node Time

     0     0 2.5559e+09    0  230          - 2.5559e+09      -     -   74s
H    0     0                    2.545038e+09 2.5559e+09  0.43%     -   88s

Explored 1 nodes (27764 simplex iterations) in 88.43 seconds (66.80 work units)
Thread count was 16 (of 16 available processors)

Solution count 1: 2.54504e+09 

Optimal solution found (tolerance 1.00e-02)
Best objective 2.545038370370e+09, best bound 2.555876345963e+09, gap 0.4258%
Gurobi Optimizer version 9.5.1 build v9.5.1rc2 (win64)
Thread count: 8 physical cores, 16 logical processors, using up to 16 threads
Optimize a model with 133542 rows, 1748292 columns and 10709882 nonzeros
Model fingerprint: 0x7292be0c
Variable types: 2742 continuous, 1745550 integer (1745550 binary)
Coefficient statistics:
  Matrix range     [1e+00, 2e+05]
  Objective range  [4e+01, 3e+07]
  Bounds range     [1e+00, 3e+05]
  RHS range        [1e+00, 4e+06]

User MIP start produced solution with objective 2.44942e+09 (3.53s)
User MIP start produced solution with objective 2.51052e+09 (3.69s)
Processing user MIP start: 0 nodes explored in subMIP, total elapsed time 5s
User MIP start produced solution with objective 2.52785e+09 (5.18s)
User MIP start produced solution with objective 2.52946e+09 (6.52s)
Processing user MIP start: 0 nodes explored in subMIP, total elapsed time 10s
User MIP start produced solution with objective 2.53193e+09 (10.97s)
Processing user MIP start: 0 nodes explored in subMIP, total elapsed time 15s
User MIP start produced solution with objective 2.53212e+09 (15.39s)
Processing user MIP start: 0 nodes explored in subMIP, total elapsed time 20s
User MIP start produced solution with objective 2.53213e+09 (22.28s)
Processing user MIP start: 0 nodes explored in subMIP, total elapsed time 25s
Processing user MIP start: 69 nodes explored in subMIP, total elapsed time 30s
Processing user MIP start: 325 nodes explored in subMIP, total elapsed time 35s
Loaded user MIP start with objective 2.53213e+09
Processed MIP start in 37.36 seconds (58.82 work units)

Presolve removed 129611 rows and 1694113 columns
Presolve time: 2.19s
Presolved: 3931 rows, 54179 columns, 235680 nonzeros
Variable types: 511 continuous, 53668 integer (53666 binary)

Root simplex log...

Iteration    Objective       Primal Inf.    Dual Inf.      Time
       0    8.7180738e+09   4.041171e+05   0.000000e+00     40s
    2238    4.4980497e+09   2.970661e+05   0.000000e+00     40s
   18677    2.5451655e+09   0.000000e+00   0.000000e+00     41s

Root relaxation: objective 2.545165e+09, 18677 iterations, 1.06 seconds (2.21 work units)

    Nodes    |    Current Node    |     Objective Bounds      |     Work
 Expl Unexpl |  Obj  Depth IntInf | Incumbent    BestBd   Gap | It/Node Time

     0     0 2.5452e+09    0   56 2.5321e+09 2.5452e+09  0.51%     -   41s

Explored 1 nodes (19416 simplex iterations) in 41.15 seconds (64.45 work units)
Thread count was 16 (of 16 available processors)

Solution count 7: 2.53213e+09 2.53212e+09 2.53193e+09 ... 2.44942e+09

Optimal solution found (tolerance 1.00e-02)
Best objective 2.532132936274e+09, best bound 2.545165470963e+09, gap 0.5147%
