
Gurobi 10.0.1 (linux64) logging started Tue May 23 22:10:35 2023

Set parameter LogFile to value "logFiles/N-1L-D/N-1L-14U-21F-23V-180D/basic-05-23-2023, 22-10-H70-P50-O15.log"
Gurobi Optimizer version 10.0.1 build v10.0.1rc0 (linux64)

CPU model: Intel(R) Xeon(R) Gold 5115 CPU @ 2.40GHz, instruction set [SSE2|AVX|AVX2|AVX512]
Thread count: 20 physical cores, 40 logical processors, using up to 20 threads

Optimize a model with 82830 rows, 1195488 columns and 6806760 nonzeros
Model fingerprint: 0xb855d5b8
Variable types: 433085 continuous, 762403 integer (762403 binary)
Coefficient statistics:
  Matrix range     [1e+00, 2e+05]
  Objective range  [4e+01, 3e+07]
  Bounds range     [1e+00, 1e+00]
  RHS range        [1e+00, 3e+06]
Presolve removed 44798 rows and 42010 columns (presolve time = 5s) ...
Presolve removed 45353 rows and 46558 columns (presolve time = 10s) ...
Presolve removed 45355 rows and 46757 columns (presolve time = 15s) ...
Presolve removed 45355 rows and 46783 columns (presolve time = 20s) ...
Presolve removed 45284 rows and 46712 columns
Presolve time: 24.90s
Presolved: 37546 rows, 1148776 columns, 5770658 nonzeros
Variable types: 406125 continuous, 742651 integer (742651 binary)
Deterministic concurrent LP optimizer: primal simplex, dual simplex, and barrier
Showing barrier log only...

Root barrier log...

Ordering time: 2.19s

Barrier statistics:
 AA' NZ     : 2.681e+06
 Factor NZ  : 8.604e+06 (roughly 600 MB of memory)
 Factor Ops : 1.271e+10 (less than 1 second per iteration)
 Threads    : 17

                  Objective                Residual
Iter       Primal          Dual         Primal    Dual     Compl     Time
   0  -4.67226804e+15  1.02048340e+14  3.24e+08 8.21e+06  2.67e+11    39s
   1  -2.07528239e+15  7.34153378e+13  1.44e+08 5.79e+06  1.20e+11    40s
   2  -4.73081211e+14  5.30067415e+13  3.28e+07 8.76e+05  2.78e+10    40s
   3  -3.19776991e+13  3.45203730e+13  2.22e+06 4.43e+04  1.91e+09    41s
   4  -1.04328303e+13  2.53813601e+13  7.25e+05 5.27e+03  6.36e+08    42s
   5  -3.05454739e+12  1.94211233e+13  2.12e+05 1.96e+03  1.96e+08    42s
   6  -1.22751148e+12  1.53691661e+13  8.55e+04 1.62e+03  8.05e+07    43s
   7  -6.76066804e+11  1.31138973e+13  4.72e+04 1.08e+03  4.50e+07    43s
   8  -6.15246505e+11  1.16991811e+13  4.30e+04 7.46e+02  3.98e+07    44s
   9  -2.50452261e+11  7.83693908e+12  1.77e+04 6.75e+01  1.65e+07    44s
  10  -8.49930123e+10  4.73152633e+12  6.28e+03 2.30e+01  6.19e+06    45s
  11  -2.40981747e+10  2.27483797e+12  2.07e+03 3.40e+00  2.18e+06    45s
  12  -2.51370797e+07  5.18173860e+11  4.23e+02 3.56e-08  4.11e+05    46s
  13   2.37216031e+09  2.12443094e+11  2.62e+02 7.92e-08  1.92e+05    47s
  14   5.07336090e+09  1.53764764e+11  7.91e+01 1.95e-07  9.44e+04    47s
  15   5.28227472e+09  1.28546179e+11  6.50e+01 2.74e-07  7.79e+04    47s
  16   5.32498410e+09  1.26872613e+11  6.21e+01 2.75e-07  7.61e+04    48s
  17   5.36480829e+09  1.13738348e+11  5.94e+01 1.55e-07  6.94e+04    48s
  18   5.56917626e+09  1.04952390e+11  4.58e+01 2.69e-07  6.04e+04    49s
  19   5.64614135e+09  9.51549131e+10  4.06e+01 2.00e-07  5.42e+04    49s
  20   5.89136519e+09  7.34790058e+10  2.44e+01 2.87e-07  3.87e+04    50s
  21   5.97438958e+09  6.05430702e+10  1.91e+01 4.18e-07  3.12e+04    51s
  22   5.99151730e+09  5.68129719e+10  1.81e+01 3.84e-07  2.92e+04    52s
  23   6.05954819e+09  4.62201946e+10  1.38e+01 4.17e-07  2.31e+04    52s
  24   6.10533769e+09  3.97593082e+10  1.08e+01 4.69e-07  1.92e+04    53s
  25   6.11320149e+09  3.85517264e+10  1.03e+01 5.92e-07  1.85e+04    54s
  26   6.13547616e+09  2.95502162e+10  8.91e+00 5.71e-07  1.43e+04    55s
  27   6.15914877e+09  2.62025128e+10  7.29e+00 5.44e-07  1.21e+04    56s
  28   6.19610356e+09  2.16596762e+10  5.04e+00 5.65e-07  9.12e+03    56s
  29   6.21996374e+09  1.83657800e+10  3.96e+00 6.04e-07  7.11e+03    57s
  30   6.24415399e+09  1.55436157e+10  3.21e+00 4.66e-07  5.39e+03    58s
  31   6.26885778e+09  1.54549084e+10  3.08e+00 5.35e-07  5.28e+03    59s
  32   6.28546104e+09  1.45569166e+10  2.86e+00 3.84e-07  4.74e+03    59s
  33   6.28000780e+09  1.42450090e+10  2.76e+00 4.42e-07  4.56e+03    60s
  34   6.32723364e+09  1.15549875e+10  1.78e+00 4.41e-07  2.86e+03    61s
  35   6.34829660e+09  1.09398948e+10  1.45e+00 2.68e-07  2.45e+03    62s
  36   6.36400603e+09  9.87806905e+09  1.21e+00 4.41e-07  1.85e+03    63s
  37   6.38115006e+09  9.68301443e+09  1.01e+00 3.80e-07  1.70e+03    63s
  38   6.40800406e+09  9.01667362e+09  7.45e-01 3.47e-07  1.30e+03    64s
  39   6.42474365e+09  8.56081240e+09  5.89e-01 6.13e-07  1.05e+03    65s
  40   6.42919714e+09  8.53317542e+09  5.56e-01 4.48e-07  1.03e+03    66s
  41   6.45660648e+09  8.11918092e+09  3.82e-01 5.03e-07  7.89e+02    66s
  42   6.47537570e+09  7.63716456e+09  2.88e-01 3.64e-07  5.46e+02    67s
  43   6.50399338e+09  7.26307268e+09  2.11e-01 7.14e-07  3.55e+02    68s
  44   6.53324000e+09  7.06678353e+09  1.55e-01 7.66e-07  2.48e+02    69s
  45   6.54858021e+09  6.92761787e+09  1.27e-01 7.61e-07  1.77e+02    70s
  46   6.58914066e+09  6.83598247e+09  7.56e-02 5.52e-07  1.14e+02    70s
  47   6.60265658e+09  6.78396167e+09  6.35e-02 5.04e-07  8.40e+01    71s
  48   6.61300947e+09  6.75579765e+09  5.40e-02 5.10e-07  6.63e+01    72s
  49   6.62418372e+09  6.74531834e+09  4.49e-02 4.93e-07  5.61e+01    73s
  50   6.62960663e+09  6.73435515e+09  4.02e-02 4.73e-07  4.86e+01    74s
  51   6.63859358e+09  6.72084838e+09  3.27e-02 4.99e-07  3.82e+01    75s
  52   6.64472845e+09  6.71611040e+09  2.76e-02 4.83e-07  3.31e+01    75s
  53   6.64917445e+09  6.71465563e+09  2.38e-02 8.04e-07  3.02e+01    76s
  54   6.65747780e+09  6.70771933e+09  1.73e-02 5.11e-07  2.31e+01    77s
  55   6.66030222e+09  6.70366453e+09  1.51e-02 5.71e-07  2.00e+01    78s
  56   6.66224438e+09  6.70228359e+09  1.38e-02 6.01e-07  1.84e+01    78s
  57   6.66479932e+09  6.69677577e+09  1.20e-02 6.84e-07  1.48e+01    79s
  58   6.66934988e+09  6.69506525e+09  8.92e-03 5.34e-07  1.18e+01    80s
  59   6.67222199e+09  6.69245545e+09  7.09e-03 7.88e-07  9.30e+00    81s
  60   6.67464588e+09  6.69081361e+09  5.57e-03 7.39e-07  7.43e+00    82s
  61   6.67685832e+09  6.68984412e+09  4.25e-03 5.24e-07  5.95e+00    83s
  62   6.67879159e+09  6.68889668e+09  3.15e-03 4.67e-07  4.62e+00    84s
  63   6.68012516e+09  6.68803215e+09  2.42e-03 6.94e-07  3.61e+00    85s
  64   6.68108824e+09  6.68736776e+09  1.91e-03 6.33e-07  2.87e+00    86s
  65   6.68122166e+09  6.68720098e+09  1.84e-03 6.06e-07  2.73e+00    86s
  66   6.68182741e+09  6.68688797e+09  1.53e-03 5.82e-07  2.31e+00    87s
  67   6.68297868e+09  6.68645980e+09  9.56e-04 4.55e-07  1.58e+00    88s
  68   6.68362814e+09  6.68593557e+09  6.36e-04 3.33e-07  1.05e+00    89s
  69   6.68406422e+09  6.68553312e+09  4.28e-04 6.02e-07  6.70e-01    90s
  70   6.68444533e+09  6.68539559e+09  2.49e-04 2.35e-07  4.31e-01    91s
  71   6.68460111e+09  6.68519598e+09  1.76e-04 4.64e-07  2.71e-01    92s
  72   6.68473833e+09  6.68515015e+09  1.14e-04 5.26e-07  1.87e-01    92s
  73   6.68477962e+09  6.68511476e+09  9.56e-05 5.39e-07  1.53e-01    93s
  74   6.68483803e+09  6.68507929e+09  6.86e-05 6.13e-07  1.10e-01    93s
  75   6.68489521e+09  6.68502718e+09  4.31e-05 4.10e-07  6.05e-02    94s
  76   6.68492600e+09  6.68501739e+09  2.92e-05 4.53e-07  4.19e-02    94s
  77   6.68495948e+09  6.68500613e+09  1.43e-05 7.68e-07  2.14e-02    95s
  78   6.68497628e+09  6.68499854e+09  6.90e-06 4.54e-07  1.02e-02    95s
  79   6.68498678e+09  6.68499489e+09  2.48e-06 2.51e-07  3.72e-03    96s
  80   6.68499180e+09  6.68499344e+09  4.23e-07 5.70e-07  7.46e-04    96s
  81   6.68499262e+09  6.68499296e+09  2.35e-07 5.09e-07  1.53e-04    97s
  82   6.68499279e+09  6.68499286e+09  1.34e-07 5.47e-07  2.88e-05    97s
  83   6.68499284e+09  6.68499285e+09  1.32e-08 6.52e-07  7.88e-07    98s
  84   6.68499285e+09  6.68499285e+09  6.57e-09 7.15e-07  1.08e-10    98s

Barrier solved model in 84 iterations and 98.24 seconds (85.05 work units)
Optimal objective 6.68499285e+09


Root crossover log...

   32600 DPushes remaining with DInf 0.0000000e+00                98s
       0 DPushes remaining with DInf 0.0000000e+00                99s

     981 PPushes remaining with PInf 3.0847346e-05                99s
       0 PPushes remaining with PInf 0.0000000e+00               100s

  Push phase complete: Pinf 0.0000000e+00, Dinf 2.4713352e+05    100s


Root simplex log...

Iteration    Objective       Primal Inf.    Dual Inf.      Time
   33498    6.6849928e+09   0.000000e+00   2.471335e+05    100s
   33509    6.6849928e+09   0.000000e+00   0.000000e+00    100s
Concurrent spin time: 0.02s

Solved with barrier
   33509    6.6849928e+09   0.000000e+00   0.000000e+00    100s

Root relaxation: objective 6.684993e+09, 33509 iterations, 70.95 seconds (48.41 work units)

    Nodes    |    Current Node    |     Objective Bounds      |     Work
 Expl Unexpl |  Obj  Depth IntInf | Incumbent    BestBd   Gap | It/Node Time

     0     0 6.6850e+09    0  377          - 6.6850e+09      -     -  106s
     0     0 6.6849e+09    0  331          - 6.6849e+09      -     -  169s
     0     0 6.6849e+09    0  339          - 6.6849e+09      -     -  213s
     0     0 6.6849e+09    0  325          - 6.6849e+09      -     -  218s
     0     0 6.6849e+09    0  336          - 6.6849e+09      -     -  284s
     0     0 6.6849e+09    0  337          - 6.6849e+09      -     -  304s
     0     0 6.6849e+09    0  349          - 6.6849e+09      -     -  346s
     0     0 6.6849e+09    0  353          - 6.6849e+09      -     -  362s
     0     0 6.6849e+09    0  382          - 6.6849e+09      -     -  417s
     0     0 6.6849e+09    0  375          - 6.6849e+09      -     -  424s
     0     0 6.6849e+09    0  363          - 6.6849e+09      -     -  456s
     0     0 6.6849e+09    0  362          - 6.6849e+09      -     -  471s
     0     0 6.6849e+09    0  361          - 6.6849e+09      -     -  496s
     0     0 6.6849e+09    0  335          - 6.6849e+09      -     -  520s
     0     2 6.6849e+09    0  330          - 6.6849e+09      -     -  690s
     1     4 6.6849e+09    1  313          - 6.6849e+09      -  7483  736s
     3     8 6.6849e+09    2  317          - 6.6849e+09      -  3177  786s
     7    16 6.6849e+09    3  334          - 6.6849e+09      -  2133  851s
    15    32 6.6849e+09    4  335          - 6.6849e+09      -  1644  964s
    25    32 6.6849e+09    4  320          - 6.6849e+09      -  1815  965s
    31    52 6.6849e+09    5  369          - 6.6849e+09      -  1928 1074s
    51    72 6.6849e+09    6  357          - 6.6849e+09      -  1467 1161s
    71    92 6.6849e+09    7  347          - 6.6849e+09      -  1419 1222s
H   91   112                    6.649283e+09 6.6849e+09  0.54%  1249 1320s

Cutting planes:
  Cover: 12
  Implied bound: 35
  Clique: 2
  MIR: 26
  StrongCG: 1
  Flow cover: 11
  GUB cover: 2
  Network: 1
  RLT: 11
  Relax-and-lift: 6

Explored 111 nodes (205312 simplex iterations) in 1320.49 seconds (1429.11 work units)
Thread count was 20 (of 40 available processors)

Solution count 2: 6.64928e+09 6.64928e+09 

Optimal solution found (tolerance 1.00e-02)
Best objective 6.649283040095e+09, best bound 6.684858936509e+09, gap 0.5350%
Gurobi Optimizer version 10.0.1 build v10.0.1rc0 (linux64)

CPU model: Intel(R) Xeon(R) Gold 5115 CPU @ 2.40GHz, instruction set [SSE2|AVX|AVX2|AVX512]
Thread count: 20 physical cores, 40 logical processors, using up to 20 threads

Optimize a model with 135077 rows, 1740635 columns and 10560274 nonzeros
Model fingerprint: 0xb5753f25
Variable types: 291763 continuous, 1448872 integer (1448872 binary)
Coefficient statistics:
  Matrix range     [1e+00, 2e+05]
  Objective range  [4e+01, 3e+07]
  Bounds range     [3e-13, 3e+05]
  RHS range        [1e+00, 4e+06]
Presolve removed 108741 rows and 1148730 columns (presolve time = 5s) ...
Presolve removed 110758 rows and 1162517 columns (presolve time = 10s) ...
Presolve removed 110764 rows and 1162523 columns (presolve time = 15s) ...
Presolve removed 110744 rows and 1162503 columns
Presolve time: 17.76s
Presolved: 24333 rows, 578132 columns, 2758246 nonzeros
Variable types: 195315 continuous, 382817 integer (382814 binary)
Deterministic concurrent LP optimizer: primal simplex, dual simplex, and barrier
Showing barrier log only...

Root barrier log...

Ordering time: 0.97s

Barrier statistics:
 AA' NZ     : 1.397e+06
 Factor NZ  : 4.074e+06 (roughly 300 MB of memory)
 Factor Ops : 3.559e+09 (less than 1 second per iteration)
 Threads    : 17

                  Objective                Residual
Iter       Primal          Dual         Primal    Dual     Compl     Time
   0  -5.70063188e+15  7.84726653e+12  4.14e+08 7.88e+05  9.63e+10    24s
   1  -3.15449124e+15  5.89777123e+12  2.29e+08 6.84e+05  5.47e+10    24s
   2  -2.84874778e+14  4.64467508e+12  2.08e+07 8.28e+04  5.06e+09    25s
   3  -1.31579713e+13  3.59660754e+12  9.61e+05 4.42e-09  2.38e+08    25s
   4  -3.77565950e+12  1.94730451e+12  2.76e+05 3.73e-09  7.08e+07    25s
   5  -8.72583046e+11  1.34800780e+12  6.38e+04 4.66e-09  1.70e+07    25s
   6  -2.87830734e+11  1.05782351e+12  2.12e+04 3.73e-09  5.95e+06    26s
   7  -1.99833803e+11  9.48460330e+11  1.48e+04 4.66e-09  4.23e+06    26s
   8  -1.63482665e+11  7.69465576e+11  1.21e+04 3.73e-09  3.31e+06    26s
   9  -6.29986654e+10  6.20459425e+11  4.77e+03 3.73e-09  1.52e+06    26s
  10  -3.01347640e+10  3.00262166e+11  2.37e+03 3.96e-09  6.69e+05    27s
  11  -1.20400218e+10  1.48355230e+11  1.06e+03 3.32e-09  2.84e+05    27s
  12  -2.61248597e+09  8.41523126e+10  3.68e+02 3.96e-09  1.19e+05    27s
  13   1.18805562e+09  4.86223049e+10  9.10e+01 3.70e-09  5.07e+04    27s
  14   1.59250081e+09  3.61237059e+10  6.16e+01 4.77e-09  3.61e+04    28s
  15   1.91435503e+09  3.04670031e+10  3.88e+01 6.46e-09  2.86e+04    28s
  16   2.06816401e+09  2.73207965e+10  2.79e+01 8.73e-09  2.46e+04    28s
  17   2.23088313e+09  1.97890126e+10  1.65e+01 7.92e-09  1.68e+04    28s
  18   2.32487826e+09  1.45877877e+10  9.92e+00 1.21e-08  1.16e+04    29s
  19   2.37402734e+09  1.04288677e+10  6.48e+00 3.40e-08  7.78e+03    29s
  20   2.38945792e+09  8.42281722e+09  5.49e+00 6.61e-08  6.05e+03    29s
  21   2.40856538e+09  7.40640036e+09  4.37e+00 5.12e-08  5.03e+03    29s
  22   2.42587697e+09  6.42460275e+09  3.48e+00 5.73e-08  4.08e+03    30s
  23   2.43774247e+09  6.27856335e+09  3.34e+00 5.91e-08  3.91e+03    30s
  24   2.46495010e+09  5.90529878e+09  2.42e+00 5.96e-08  3.40e+03    30s
  25   2.46551005e+09  5.66342522e+09  2.30e+00 6.75e-08  3.16e+03    31s
  26   2.47628210e+09  5.23225684e+09  2.16e+00 6.61e-08  2.73e+03    31s
  27   2.47750791e+09  5.15995066e+09  2.12e+00 6.05e-08  2.66e+03    31s
  28   2.49409437e+09  4.95981656e+09  1.75e+00 7.87e-08  2.40e+03    32s
  29   2.50198905e+09  4.65303116e+09  1.62e+00 6.19e-08  2.09e+03    32s
  30   2.50874501e+09  4.40898541e+09  1.49e+00 6.52e-08  1.84e+03    32s
  31   2.51482152e+09  4.19199947e+09  1.35e+00 6.43e-08  1.62e+03    33s
  32   2.51700433e+09  4.00600992e+09  1.31e+00 6.61e-08  1.43e+03    33s
  33   2.52408039e+09  3.89932453e+09  1.13e+00 5.54e-08  1.31e+03    33s
  34   2.53436997e+09  3.72467402e+09  9.29e-01 5.49e-08  1.11e+03    34s
  35   2.54261832e+09  3.56759440e+09  7.46e-01 4.28e-08  9.47e+02    34s
  36   2.54430905e+09  3.41552461e+09  7.08e-01 3.73e-08  8.04e+02    34s
  37   2.54880046e+09  3.31921070e+09  6.54e-01 4.19e-08  7.07e+02    35s
  38   2.55039215e+09  3.21357358e+09  6.24e-01 4.00e-08  6.08e+02    35s
  39   2.55794838e+09  3.14218320e+09  4.85e-01 3.35e-08  5.29e+02    35s
  40   2.56876278e+09  2.98285464e+09  3.13e-01 2.98e-08  3.68e+02    36s
  41   2.58198942e+09  2.90402537e+09  1.72e-01 2.79e-08  2.82e+02    36s
  42   2.58607358e+09  2.80945594e+09  1.43e-01 1.72e-08  1.95e+02    36s
  43   2.58966297e+09  2.76830950e+09  1.24e-01 1.21e-08  1.55e+02    37s
  44   2.59294205e+09  2.74962668e+09  1.09e-01 1.30e-08  1.36e+02    37s
  45   2.59917437e+09  2.71652100e+09  8.06e-02 8.85e-09  1.01e+02    37s
  46   2.60393090e+09  2.69531185e+09  6.38e-02 8.85e-09  7.88e+01    38s
  47   2.60798786e+09  2.68591068e+09  5.22e-02 7.92e-09  6.71e+01    38s
  48   2.61312509e+09  2.67513082e+09  4.17e-02 6.98e-09  5.34e+01    38s
  49   2.61731239e+09  2.66982992e+09  3.35e-02 6.98e-09  4.52e+01    39s
  50   2.62127930e+09  2.66606572e+09  2.64e-02 5.59e-09  3.85e+01    39s
  51   2.62446397e+09  2.66118500e+09  2.12e-02 4.66e-09  3.16e+01    39s
  52   2.62704714e+09  2.65803235e+09  1.72e-02 5.12e-09  2.66e+01    40s
  53   2.62867438e+09  2.65574083e+09  1.49e-02 5.12e-09  2.33e+01    40s
  54   2.62981269e+09  2.65346120e+09  1.35e-02 6.52e-09  2.03e+01    40s
  55   2.63135329e+09  2.65180384e+09  1.15e-02 5.59e-09  1.76e+01    41s
  56   2.63285301e+09  2.65018371e+09  9.65e-03 6.52e-09  1.49e+01    41s
  57   2.63341425e+09  2.64870871e+09  8.95e-03 6.05e-09  1.31e+01    41s
  58   2.63377020e+09  2.64755189e+09  8.51e-03 5.59e-09  1.18e+01    41s
  59   2.63578287e+09  2.64663447e+09  6.06e-03 4.19e-09  9.32e+00    42s
  60   2.63692338e+09  2.64583762e+09  4.74e-03 6.05e-09  7.66e+00    42s
  61   2.63746289e+09  2.64563388e+09  4.14e-03 5.59e-09  7.02e+00    42s
  62   2.63818097e+09  2.64479465e+09  3.36e-03 6.52e-09  5.68e+00    43s
  63   2.63853302e+09  2.64433950e+09  2.99e-03 6.52e-09  4.99e+00    43s
  64   2.63911041e+09  2.64365217e+09  2.38e-03 6.52e-09  3.90e+00    43s
  65   2.63939342e+09  2.64308010e+09  2.09e-03 7.45e-09  3.17e+00    44s
  66   2.63973909e+09  2.64284267e+09  1.75e-03 4.66e-09  2.67e+00    44s
  67   2.64026228e+09  2.64254347e+09  1.22e-03 5.12e-09  1.96e+00    44s
  68   2.64047963e+09  2.64211027e+09  9.99e-04 4.66e-09  1.40e+00    45s
  69   2.64092528e+09  2.64196364e+09  5.60e-04 3.73e-09  8.92e-01    45s
  70   2.64119429e+09  2.64180908e+09  2.95e-04 5.12e-09  5.28e-01    45s
  71   2.64136351e+09  2.64167003e+09  1.32e-04 5.59e-09  2.63e-01    46s
  72   2.64146623e+09  2.64153758e+09  3.76e-05 5.59e-09  6.13e-02    46s
  73   2.64149271e+09  2.64151815e+09  1.33e-05 2.79e-09  2.19e-02    46s
  74   2.64150641e+09  2.64151031e+09  1.86e-06 4.66e-09  3.36e-03    46s
  75   2.64150871e+09  2.64150889e+09  5.49e-08 4.31e-09  1.55e-04    47s
  76   2.64150877e+09  2.64150877e+09  2.88e-09 9.31e-09  1.26e-06    47s
  77   2.64150877e+09  2.64150877e+09  8.01e-09 5.65e-09  3.04e-07    47s
  78   2.64150877e+09  2.64150877e+09  1.61e-08 2.79e-09  2.04e-07    47s

Barrier solved model in 78 iterations and 47.38 seconds (48.28 work units)
Optimal objective 2.64150877e+09


Root crossover log...

   19199 DPushes remaining with DInf 0.0000000e+00                47s
       0 DPushes remaining with DInf 0.0000000e+00                48s

    1150 PPushes remaining with PInf 8.8613112e-04                48s
       0 PPushes remaining with PInf 0.0000000e+00                48s

  Push phase complete: Pinf 0.0000000e+00, Dinf 1.5558208e+03     48s


Root simplex log...

Iteration    Objective       Primal Inf.    Dual Inf.      Time
   18750    2.6415088e+09   0.000000e+00   1.555821e+03     48s
   18756    2.6415088e+09   0.000000e+00   0.000000e+00     48s
Concurrent spin time: 0.01s

Solved with barrier
   18781    2.6415088e+09   0.000000e+00   0.000000e+00     48s
Extra simplex iterations after uncrush: 25

Root relaxation: objective 2.641509e+09, 18781 iterations, 28.06 seconds (19.57 work units)
Total elapsed time = 50.54s

    Nodes    |    Current Node    |     Objective Bounds      |     Work
 Expl Unexpl |  Obj  Depth IntInf | Incumbent    BestBd   Gap | It/Node Time

     0     0 2.6415e+09    0  252          - 2.6415e+09      -     -   52s
     0     0 2.6413e+09    0  253          - 2.6413e+09      -     -  103s
H    0     0                    2.618152e+09 2.6413e+09  0.88%     -  113s

Cutting planes:
  Cover: 4
  Implied bound: 6
  Clique: 2
  MIR: 10
  Flow cover: 1
  RLT: 4
  Relax-and-lift: 1

Explored 1 nodes (36886 simplex iterations) in 113.87 seconds (115.98 work units)
Thread count was 20 (of 40 available processors)

Solution count 2: 2.61815e+09 2.61815e+09 

Optimal solution found (tolerance 1.00e-02)
Best objective 2.618152498160e+09, best bound 2.641293822510e+09, gap 0.8839%
Gurobi Optimizer version 10.0.1 build v10.0.1rc0 (linux64)

CPU model: Intel(R) Xeon(R) Gold 5115 CPU @ 2.40GHz, instruction set [SSE2|AVX|AVX2|AVX512]
Thread count: 20 physical cores, 40 logical processors, using up to 20 threads

Optimize a model with 135007 rows, 1752659 columns and 10157193 nonzeros
Model fingerprint: 0x8c0decf4
Variable types: 15124 continuous, 1737535 integer (1737535 binary)
Coefficient statistics:
  Matrix range     [1e+00, 2e+05]
  Objective range  [4e+01, 3e+07]
  Bounds range     [3e-13, 3e+05]
  RHS range        [1e+00, 4e+06]
Presolve removed 130895 rows and 1716077 columns
Presolve time: 3.88s
Presolved: 4112 rows, 36582 columns, 146311 nonzeros
Variable types: 1015 continuous, 35567 integer (35567 binary)
Found heuristic solution: objective 2.162438e+09
Deterministic concurrent LP optimizer: primal and dual simplex
Showing first log only...


Root simplex log...

Iteration    Objective       Primal Inf.    Dual Inf.      Time
   14513    2.6600742e+09   0.000000e+00   3.744248e+07      5s
   15269    2.6600197e+09   0.000000e+00   0.000000e+00      5s
Concurrent spin time: 0.14s

Solved with primal simplex
   15443    2.6600197e+09   0.000000e+00   0.000000e+00      5s
Extra simplex iterations after uncrush: 174

Root relaxation: objective 2.660020e+09, 15443 iterations, 0.53 seconds (0.42 work units)

    Nodes    |    Current Node    |     Objective Bounds      |     Work
 Expl Unexpl |  Obj  Depth IntInf | Incumbent    BestBd   Gap | It/Node Time

     0     0 2.6600e+09    0   30 2.1624e+09 2.6600e+09  23.0%     -    5s
H    0     0                    2.656894e+09 2.6600e+09  0.12%     -    6s

Explored 1 nodes (15995 simplex iterations) in 6.83 seconds (5.35 work units)
Thread count was 20 (of 40 available processors)

Solution count 2: 2.65689e+09 2.16244e+09 

Optimal solution found (tolerance 1.00e-02)
Best objective 2.656893508503e+09, best bound 2.660019652857e+09, gap 0.1177%
