
Gurobi 10.0.1 (linux64) logging started Mon May 29 04:18:03 2023

Set parameter LogFile to value "logFiles/A-2L-C/A-2L-6U-11F-15V-180D/basic-05-29-2023, 04-18-H70-P50-O15.log"
Gurobi Optimizer version 10.0.1 build v10.0.1rc0 (linux64)

CPU model: Intel(R) Xeon(R) Gold 5115 CPU @ 2.40GHz, instruction set [SSE2|AVX|AVX2|AVX512]
Thread count: 20 physical cores, 40 logical processors, using up to 20 threads

Optimize a model with 34464 rows, 415210 columns and 1715757 nonzeros
Model fingerprint: 0x4050978c
Variable types: 175508 continuous, 239702 integer (239702 binary)
Coefficient statistics:
  Matrix range     [1e+00, 2e+05]
  Objective range  [4e+01, 3e+07]
  Bounds range     [1e+00, 1e+00]
  RHS range        [1e+00, 2e+06]
Presolve removed 21033 rows and 16361 columns (presolve time = 5s) ...
Presolve removed 21013 rows and 16341 columns
Presolve time: 5.38s
Presolved: 13451 rows, 398869 columns, 1568524 nonzeros
Variable types: 168977 continuous, 229892 integer (229884 binary)
Deterministic concurrent LP optimizer: primal simplex, dual simplex, and barrier
Showing barrier log only...

Root barrier log...

Ordering time: 0.59s

Barrier statistics:
 AA' NZ     : 8.466e+05
 Factor NZ  : 6.347e+06 (roughly 200 MB of memory)
 Factor Ops : 1.050e+10 (less than 1 second per iteration)
 Threads    : 17

                  Objective                Residual
Iter       Primal          Dual         Primal    Dual     Compl     Time
   0  -1.67312649e+16  2.64208030e+13  8.73e+08 6.07e+06  1.31e+12     9s
   1  -5.15267623e+15  3.46112440e+13  2.69e+08 2.16e+06  4.09e+11     9s
   2  -8.03091559e+14  3.30655257e+13  4.21e+07 1.68e-08  6.52e+10     9s
   3  -2.72711565e+13  2.50921617e+13  1.43e+06 1.86e-08  2.25e+09     9s
   4  -3.85975910e+12  6.70785488e+12  2.02e+05 1.86e-08  3.24e+08    10s
   5  -2.42311864e+12  5.77721319e+12  1.27e+05 1.50e-08  2.06e+08    10s
   6  -4.45744369e+11  3.88857029e+12  2.33e+04 1.29e-08  4.10e+07    10s
   7  -2.25205872e+11  3.07259556e+12  1.18e+04 9.90e-09  2.16e+07    10s
   8  -1.42370514e+11  2.16792407e+12  7.50e+03 1.12e-08  1.32e+07    10s
   9  -1.05539027e+11  1.71932238e+12  5.57e+03 4.91e-08  9.51e+06    11s
  10  -8.44487687e+10  1.66792590e+12  4.47e+03 8.94e-08  7.94e+06    11s
  11  -6.00617535e+10  8.97402034e+11  3.19e+03 1.66e-07  4.76e+06    11s
  12  -4.06502812e+10  4.67898368e+11  2.18e+03 1.88e-07  2.81e+06    11s
  13  -1.45705221e+10  2.23235943e+11  8.18e+02 9.69e-08  1.04e+06    11s
  14  -8.96518304e+09  1.44817901e+11  5.25e+02 6.89e-08  6.45e+05    12s
  15  -4.04622339e+09  8.26915088e+10  2.68e+02 1.41e-07  3.30e+05    12s
  16  -4.46526117e+08  4.74152133e+10  8.10e+01 9.13e-08  1.25e+05    12s
  17   4.23989625e+08  2.70271957e+10  3.68e+01 4.10e-08  6.25e+04    12s
  18   5.88806843e+08  2.05746202e+10  2.85e+01 5.32e-08  4.78e+04    12s
  19   9.74635503e+08  1.53631827e+10  9.29e+00 6.73e-08  2.55e+04    13s
  20   1.01779968e+09  9.14606850e+09  7.23e+00 1.06e-07  1.62e+04    13s
  21   1.04551241e+09  7.35224722e+09  5.98e+00 8.94e-08  1.29e+04    13s
  22   1.05085500e+09  6.56212826e+09  5.78e+00 1.19e-07  1.17e+04    13s
  23   1.05890172e+09  5.20068080e+09  5.45e+00 1.04e-07  9.73e+03    13s
  24   1.10489067e+09  4.69411346e+09  3.74e+00 1.43e-07  7.60e+03    14s
  25   1.13067178e+09  4.13082006e+09  3.04e+00 9.69e-08  6.17e+03    14s
  26   1.13399275e+09  4.03252206e+09  2.95e+00 9.90e-08  5.94e+03    14s
  27   1.16739357e+09  3.57613308e+09  2.15e+00 1.12e-07  4.63e+03    14s
  28   1.18004383e+09  3.13279507e+09  1.91e+00 1.27e-07  3.79e+03    15s
  29   1.20310355e+09  3.03669451e+09  1.54e+00 1.14e-07  3.36e+03    15s
  30   1.20579491e+09  2.83633772e+09  1.47e+00 1.20e-07  3.01e+03    15s
  31   1.22152548e+09  2.69949867e+09  1.25e+00 1.23e-07  2.63e+03    15s
  32   1.24740396e+09  2.26255637e+09  8.92e-01 1.46e-07  1.75e+03    15s
  33   1.27134333e+09  1.93864704e+09  6.94e-01 9.31e-08  1.13e+03    16s
  34   1.30772492e+09  1.74555926e+09  4.31e-01 9.95e-08  7.02e+02    16s
  35   1.32424982e+09  1.66286382e+09  3.66e-01 1.02e-07  5.40e+02    16s
  36   1.33974912e+09  1.60813814e+09  2.97e-01 9.94e-08  4.22e+02    16s
  37   1.34793110e+09  1.59740730e+09  2.63e-01 9.62e-08  3.87e+02    17s
  38   1.35733484e+09  1.56259245e+09  2.21e-01 1.24e-07  3.15e+02    17s
  39   1.37404002e+09  1.54319739e+09  1.59e-01 1.14e-07  2.51e+02    17s
  40   1.38749950e+09  1.50140089e+09  1.14e-01 1.31e-07  1.68e+02    17s
  41   1.40031270e+09  1.47925509e+09  7.25e-02 9.97e-08  1.14e+02    17s
  42   1.40597015e+09  1.46135076e+09  5.61e-02 1.42e-07  7.99e+01    18s
  43   1.40795861e+09  1.45498493e+09  5.07e-02 1.31e-07  6.79e+01    18s
  44   1.41425571e+09  1.44938487e+09  3.45e-02 1.42e-07  5.00e+01    18s
  45   1.41699667e+09  1.44519247e+09  2.83e-02 1.14e-07  4.00e+01    18s
  46   1.42050086e+09  1.44202725e+09  2.05e-02 1.69e-07  3.03e+01    19s
  47   1.42278647e+09  1.44063075e+09  1.60e-02 1.66e-07  2.49e+01    19s
  48   1.42651680e+09  1.43856205e+09  9.32e-03 1.34e-07  1.66e+01    19s
  49   1.42743725e+09  1.43718164e+09  7.92e-03 1.35e-07  1.35e+01    19s
  50   1.42883775e+09  1.43639789e+09  5.96e-03 1.58e-07  1.04e+01    20s
  51   1.42913560e+09  1.43608764e+09  5.57e-03 1.66e-07  9.59e+00    20s
  52   1.43045509e+09  1.43562100e+09  3.85e-03 1.34e-07  7.08e+00    20s
  53   1.43144549e+09  1.43514498e+09  2.66e-03 1.37e-07  5.06e+00    20s
  54   1.43215366e+09  1.43473648e+09  1.84e-03 1.13e-07  3.53e+00    20s
  55   1.43254495e+09  1.43453933e+09  1.40e-03 8.32e-08  2.72e+00    21s
  56   1.43309953e+09  1.43441090e+09  7.74e-04 9.01e-08  1.77e+00    21s
  57   1.43354646e+09  1.43414699e+09  3.06e-04 1.04e-07  8.02e-01    21s
  58   1.43362584e+09  1.43400076e+09  2.24e-04 1.02e-07  5.06e-01    21s
  59   1.43375833e+09  1.43393786e+09  9.67e-05 1.04e-07  2.41e-01    22s
  60   1.43379492e+09  1.43392037e+09  6.19e-05 9.77e-08  1.67e-01    22s
  61   1.43382023e+09  1.43388984e+09  3.74e-05 9.87e-08  9.36e-02    22s
  62   1.43384883e+09  1.43387327e+09  1.02e-05 1.02e-07  3.24e-02    22s
  63   1.43385815e+09  1.43386602e+09  1.80e-05 8.99e-08  1.02e-02    22s
  64   1.43386014e+09  1.43386243e+09  7.86e-06 1.17e-07  2.92e-03    22s
  65   1.43386045e+09  1.43386075e+09  2.34e-06 1.25e-07  4.00e-04    23s
  66   1.43386058e+09  1.43386060e+09  3.07e-08 9.51e-08  2.66e-05    23s
  67   1.43386058e+09  1.43386058e+09  7.55e-08 9.56e-08  3.56e-09    23s

Barrier solved model in 67 iterations and 23.15 seconds (19.80 work units)
Optimal objective 1.43386058e+09


Root crossover log...

   10509 DPushes remaining with DInf 4.4003827e-06                23s
       0 DPushes remaining with DInf 0.0000000e+00                23s

     948 PPushes remaining with PInf 0.0000000e+00                23s
       6 PPushes remaining with PInf 4.4097473e+06                23s

  Push phase complete: Pinf 4.4097473e+06, Dinf 4.9202350e+05     23s


Root simplex log...

Iteration    Objective       Primal Inf.    Dual Inf.      Time
   11453    1.4338753e+09   4.433222e+06   0.000000e+00     23s
   12513    1.4338569e+09   1.785951e+03   0.000000e+00     25s
   13203    1.4338606e+09   0.000000e+00   0.000000e+00     27s
Concurrent spin time: 0.01s

Solved with barrier
   13212    1.4338606e+09   0.000000e+00   0.000000e+00     27s
Extra simplex iterations after uncrush: 9

Root relaxation: objective 1.433861e+09, 13212 iterations, 20.62 seconds (16.02 work units)

    Nodes    |    Current Node    |     Objective Bounds      |     Work
 Expl Unexpl |  Obj  Depth IntInf | Incumbent    BestBd   Gap | It/Node Time

     0     0 1.4339e+09    0  226          - 1.4339e+09      -     -   29s
     0     0 1.4338e+09    0  215          - 1.4338e+09      -     -   38s
     0     0 1.4338e+09    0  228          - 1.4338e+09      -     -   45s
     0     0 1.4338e+09    0  231          - 1.4338e+09      -     -   46s
     0     0 1.4338e+09    0  230          - 1.4338e+09      -     -   55s
     0     0 1.4338e+09    0  234          - 1.4338e+09      -     -   59s
     0     0 1.4338e+09    0  232          - 1.4338e+09      -     -   60s
     0     0 1.4338e+09    0  251          - 1.4338e+09      -     -   67s
     0     0 1.4338e+09    0  232          - 1.4338e+09      -     -   77s
     0     0 1.4338e+09    0  245          - 1.4338e+09      -     -   81s
     0     0 1.4338e+09    0  238          - 1.4338e+09      -     -   85s
     0     0 1.4338e+09    0  228          - 1.4338e+09      -     -   97s
     0     0 1.4338e+09    0  237          - 1.4338e+09      -     -   99s
     0     0 1.4338e+09    0  255          - 1.4338e+09      -     -  104s
     0     0 1.4338e+09    0  244          - 1.4338e+09      -     -  107s
     0     0 1.4338e+09    0  260          - 1.4338e+09      -     -  111s
H    0     0                    1.381038e+09 1.4338e+09  3.82%     -  114s
H    0     0                    1.396154e+09 1.4338e+09  2.70%     -  122s
H    0     0                    1.397390e+09 1.4338e+09  2.60%     -  125s
     0     0 1.4338e+09    0  257 1.3974e+09 1.4338e+09  2.60%     -  127s
     0     0 1.4338e+09    0  263 1.3974e+09 1.4338e+09  2.60%     -  130s
     0     0 1.4338e+09    0  242 1.3974e+09 1.4338e+09  2.60%     -  136s
H    0     0                    1.408460e+09 1.4338e+09  1.80%     -  166s
H    0     0                    1.411441e+09 1.4338e+09  1.58%     -  178s
H    0     0                    1.412129e+09 1.4338e+09  1.53%     -  181s
H    0     2                    1.412595e+09 1.4338e+09  1.50%     -  191s
     0     2 1.4338e+09    0  236 1.4126e+09 1.4338e+09  1.50%     -  191s
     1     4 1.4338e+09    1  237 1.4126e+09 1.4338e+09  1.50%  7599  205s
     3     8 1.4338e+09    2  245 1.4126e+09 1.4338e+09  1.50%  3489  225s
     7    16 1.4338e+09    3  250 1.4126e+09 1.4338e+09  1.50%  2523  246s
    15    32 1.4338e+09    4  247 1.4126e+09 1.4338e+09  1.50%  2187  264s
H   31    52                    1.412627e+09 1.4338e+09  1.50%  1497  285s
H   31    52                    1.414608e+09 1.4338e+09  1.35%  1497  286s
H   32    52                    1.414640e+09 1.4338e+09  1.35%  1482  286s
H   46    52                    1.414966e+09 1.4338e+09  1.33%  1257  287s
    51    72 1.4338e+09    6  234 1.4150e+09 1.4338e+09  1.33%  1266  439s
    71    92 1.4338e+09    7  233 1.4150e+09 1.4338e+09  1.33%  2783  454s
H   91   112                    1.415037e+09 1.4338e+09  1.32%  2334  701s
H   96   112                    1.416974e+09 1.4338e+09  1.19%  2232  702s
   111   138 1.4338e+09    8  229 1.4170e+09 1.4338e+09  1.19%  2021  719s
   137   158 1.4338e+09    8  235 1.4170e+09 1.4338e+09  1.19%  1732  791s
   157   187 1.4338e+09    9  252 1.4170e+09 1.4338e+09  1.19%  1564  805s
   186   218 1.4338e+09    9  242 1.4170e+09 1.4338e+09  1.19%  1405  824s
   217   248 1.4338e+09   11  215 1.4170e+09 1.4338e+09  1.19%  1259  841s
   247   286 1.4338e+09   12  213 1.4170e+09 1.4338e+09  1.19%  1159  861s
   285   308 1.4337e+09   13  220 1.4170e+09 1.4338e+09  1.19%  1054  878s
   307   346 1.4338e+09   14  214 1.4170e+09 1.4338e+09  1.19%  1013  895s
   345   377 1.4337e+09   14  224 1.4170e+09 1.4338e+09  1.19%   954  912s
H  378   414                    1.418841e+09 1.4338e+09  1.05%   919  931s
   415   452 1.4338e+09   15  226 1.4188e+09 1.4338e+09  1.05%   874  951s
   455   487 1.4337e+09   16  223 1.4188e+09 1.4338e+09  1.05%   840 1064s
   494   506 1.4337e+09   17  225 1.4188e+09 1.4338e+09  1.05%  1006 1211s
   514   564 1.4337e+09   17  226 1.4188e+09 1.4338e+09  1.05%   988 1295s
   575   583 1.4337e+09   18  231 1.4188e+09 1.4338e+09  1.05%   931 1373s
   596   659 1.4337e+09   18  207 1.4188e+09 1.4338e+09  1.05%   918 1394s
   675   731 1.4337e+09   19  203 1.4188e+09 1.4338e+09  1.05%   849 1416s
   753   798 1.4337e+09   20  221 1.4188e+09 1.4338e+09  1.05%   794 1437s
   829   874 1.4337e+09   21  213 1.4188e+09 1.4338e+09  1.05%   757 1457s
   913   963 1.4337e+09   23  176 1.4188e+09 1.4338e+09  1.05%   720 1480s
H 1012  1036                    1.419684e+09 1.4338e+09  0.99%   677 1509s
H 1020  1036                    1.420265e+09 1.4338e+09  0.95%   674 1509s
H 1021  1036                    1.424528e+09 1.4338e+09  0.65%   674 1510s

Cutting planes:
  Cover: 45
  Implied bound: 170
  Clique: 1
  MIR: 82
  StrongCG: 1
  Flow cover: 98
  GUB cover: 1
  RLT: 36
  Relax-and-lift: 331

Explored 1098 nodes (757177 simplex iterations) in 1510.55 seconds (1683.53 work units)
Thread count was 20 (of 40 available processors)

Solution count 10: 1.42453e+09 1.42027e+09 1.41968e+09 ... 1.41263e+09

Optimal solution found (tolerance 1.00e-02)
Best objective 1.424527899409e+09, best bound 1.433772132633e+09, gap 0.6489%
Gurobi Optimizer version 10.0.1 build v10.0.1rc0 (linux64)

CPU model: Intel(R) Xeon(R) Gold 5115 CPU @ 2.40GHz, instruction set [SSE2|AVX|AVX2|AVX512]
Thread count: 20 physical cores, 40 logical processors, using up to 20 threads

Optimize a model with 53371 rows, 655753 columns and 3178078 nonzeros
Model fingerprint: 0xd50b13c0
Variable types: 132973 continuous, 522780 integer (522780 binary)
Coefficient statistics:
  Matrix range     [1e+00, 2e+05]
  Objective range  [4e+01, 3e+07]
  Bounds range     [1e+00, 3e+05]
  RHS range        [1e+00, 3e+06]
Presolve removed 42895 rows and 395334 columns (presolve time = 5s) ...
Presolve removed 42949 rows and 395390 columns
Presolve time: 8.18s
Presolved: 10422 rows, 260363 columns, 1089153 nonzeros
Variable types: 97267 continuous, 163096 integer (163090 binary)
Deterministic concurrent LP optimizer: primal simplex, dual simplex, and barrier
Showing barrier log only...

Root barrier log...

Ordering time: 0.29s

Barrier statistics:
 AA' NZ     : 6.177e+05
 Factor NZ  : 4.236e+06 (roughly 140 MB of memory)
 Factor Ops : 5.524e+09 (less than 1 second per iteration)
 Threads    : 17

                  Objective                Residual
Iter       Primal          Dual         Primal    Dual     Compl     Time
   0  -6.67934294e+15  1.11106305e+13  4.08e+08 3.56e+06  4.71e+11    11s
   1  -1.96505587e+15  1.18672203e+13  1.20e+08 9.27e+05  1.41e+11    11s
   2  -1.92170559e+14  9.98408703e+12  1.18e+07 1.32e-08  1.38e+10    11s
   3  -3.98523864e+13  6.54651449e+12  2.44e+06 1.30e-08  2.89e+09    12s
   4  -4.68958640e+12  3.63804809e+12  2.88e+05 1.30e-08  3.52e+08    12s
   5  -1.19989749e+12  2.07587411e+12  7.36e+04 9.31e-09  9.31e+07    12s
   6  -2.70131178e+11  1.46238634e+12  1.66e+04 9.43e-09  2.29e+07    12s
   7  -1.46752946e+11  1.35549587e+12  9.07e+03 9.31e-09  1.34e+07    12s
   8  -1.07295059e+11  7.30994600e+11  6.66e+03 7.82e-08  8.65e+06    12s
   9  -1.79876214e+10  3.63488261e+11  1.20e+03 1.72e-07  1.84e+06    12s
  10  -2.50085016e+09  1.34571141e+11  2.57e+02 2.44e-07  4.60e+05    12s
  11   3.25469116e+08  8.46820239e+10  8.61e+01 1.25e-07  2.23e+05    13s
  12   1.00517450e+09  5.60277512e+10  4.60e+01 1.17e-07  1.37e+05    13s
  13   1.41457790e+09  2.99873697e+10  2.20e+01 8.84e-08  6.99e+04    13s
  14   1.58547109e+09  1.93968394e+10  1.19e+01 4.84e-08  4.26e+04    13s
  15   1.61342372e+09  1.63968130e+10  1.03e+01 6.70e-08  3.59e+04    13s
  16   1.63427501e+09  1.01021425e+10  9.14e+00 5.15e-08  2.35e+04    13s
  17   1.70297895e+09  6.97916539e+09  5.31e+00 6.66e-08  1.49e+04    13s
  18   1.73201046e+09  6.16911479e+09  4.05e+00 7.82e-08  1.21e+04    14s
  19   1.75511548e+09  5.57019052e+09  3.24e+00 1.01e-07  1.02e+04    14s
  20   1.76599127e+09  4.70129805e+09  2.92e+00 9.64e-08  8.00e+03    14s
  21   1.78238646e+09  4.43434757e+09  2.54e+00 1.03e-07  7.05e+03    14s
  22   1.79502106e+09  3.80744887e+09  2.06e+00 7.64e-08  5.32e+03    14s
  23   1.80226226e+09  3.75344318e+09  1.84e+00 8.71e-08  5.04e+03    15s
  24   1.81941957e+09  3.15448816e+09  1.32e+00 7.36e-08  3.33e+03    15s
  25   1.84403380e+09  2.66984061e+09  5.79e-01 4.10e-08  1.83e+03    15s
  26   1.84998262e+09  2.37376816e+09  4.55e-01 3.45e-08  1.14e+03    15s
  27   1.85858198e+09  2.20475886e+09  3.19e-01 2.79e-08  7.32e+02    15s
  28   1.86652747e+09  2.10788358e+09  2.16e-01 1.96e-08  4.95e+02    15s
  29   1.87145058e+09  2.08829551e+09  1.61e-01 2.00e-08  4.37e+02    15s
  30   1.87083559e+09  2.02263903e+09  1.56e-01 1.12e-08  3.05e+02    16s
  31   1.87754648e+09  1.98648530e+09  9.91e-02 8.38e-09  2.15e+02    16s
  32   1.88486134e+09  1.95568205e+09  5.41e-02 7.45e-09  1.38e+02    16s
  33   1.88728050e+09  1.94541196e+09  4.44e-02 5.59e-09  1.13e+02    16s
  34   1.88920879e+09  1.93717355e+09  3.74e-02 6.52e-09  9.27e+01    16s
  35   1.88928413e+09  1.93610322e+09  3.72e-02 8.38e-09  9.04e+01    16s
  36   1.89090362e+09  1.93268192e+09  3.25e-02 8.38e-09  8.06e+01    16s
  37   1.89300338e+09  1.92307370e+09  2.72e-02 4.66e-09  5.78e+01    17s
  38   1.89465991e+09  1.91637466e+09  2.28e-02 4.66e-09  4.17e+01    17s
  39   1.89679239e+09  1.91438689e+09  1.74e-02 3.73e-09  3.37e+01    17s
  40   1.89774947e+09  1.91231371e+09  1.52e-02 3.73e-09  2.79e+01    17s
  41   1.89910944e+09  1.91081796e+09  1.26e-02 3.73e-09  2.24e+01    17s
  42   1.90082907e+09  1.91001610e+09  9.29e-03 4.66e-09  1.76e+01    17s
  43   1.90212665e+09  1.90946799e+09  6.95e-03 3.73e-09  1.40e+01    18s
  44   1.90278378e+09  1.90919682e+09  5.89e-03 3.73e-09  1.23e+01    18s
  45   1.90385736e+09  1.90875587e+09  4.21e-03 3.73e-09  9.37e+00    18s
  46   1.90461772e+09  1.90842089e+09  3.09e-03 3.73e-09  7.27e+00    18s
  47   1.90474063e+09  1.90830737e+09  2.93e-03 3.73e-09  6.82e+00    18s
  48   1.90538208e+09  1.90806647e+09  2.03e-03 4.66e-09  5.13e+00    18s
  49   1.90549982e+09  1.90774858e+09  1.87e-03 3.73e-09  4.30e+00    19s
  50   1.90584965e+09  1.90757393e+09  1.42e-03 3.73e-09  3.30e+00    19s
  51   1.90613957e+09  1.90750017e+09  1.07e-03 4.66e-09  2.60e+00    19s
  52   1.90629467e+09  1.90739624e+09  8.77e-04 4.66e-09  2.11e+00    19s
  53   1.90647104e+09  1.90734737e+09  6.71e-04 3.73e-09  1.67e+00    19s
  54   1.90658407e+09  1.90728284e+09  5.38e-04 3.73e-09  1.34e+00    19s
  55   1.90672551e+09  1.90716296e+09  3.69e-04 3.73e-09  8.36e-01    20s
  56   1.90696569e+09  1.90710318e+09  8.73e-05 3.73e-09  2.63e-01    20s
  57   1.90703515e+09  1.90707810e+09  1.08e-05 3.73e-09  8.21e-02    20s
  58   1.90704267e+09  1.90705478e+09  3.33e-06 3.73e-09  2.31e-02    20s
  59   1.90704392e+09  1.90704863e+09  2.02e-06 3.73e-09  8.99e-03    20s
  60   1.90704543e+09  1.90704686e+09  7.19e-07 6.52e-09  2.73e-03    20s
  61   1.90704602e+09  1.90704628e+09  1.94e-07 7.45e-09  4.98e-04    21s
  62   1.90704625e+09  1.90704625e+09  1.38e-08 4.66e-09  9.27e-06    21s
  63   1.90704625e+09  1.90704625e+09  5.89e-10 3.73e-09  9.62e-07    21s
  64   1.90704625e+09  1.90704625e+09  3.21e-09 4.66e-09  1.65e-08    21s
  65   1.90704625e+09  1.90704625e+09  1.13e-08 5.59e-09  2.50e-11    21s

Barrier solved model in 65 iterations and 21.19 seconds (20.17 work units)
Optimal objective 1.90704625e+09


Root crossover log...

    8114 DPushes remaining with DInf 0.0000000e+00                21s
       0 DPushes remaining with DInf 0.0000000e+00                21s

     360 PPushes remaining with PInf 0.0000000e+00                21s
       0 PPushes remaining with PInf 2.0350372e+04                21s

  Push phase complete: Pinf 2.0350372e+04, Dinf 1.7888815e+03     21s


Root simplex log...

Iteration    Objective       Primal Inf.    Dual Inf.      Time
    8132    1.9070464e+09   0.000000e+00   1.788882e+03     21s
    8275    1.9070463e+09   0.000000e+00   0.000000e+00     22s
Concurrent spin time: 0.02s

Solved with barrier
    8277    1.9070463e+09   0.000000e+00   0.000000e+00     22s
Extra simplex iterations after uncrush: 2

Root relaxation: objective 1.907046e+09, 8277 iterations, 12.63 seconds (8.52 work units)

    Nodes    |    Current Node    |     Objective Bounds      |     Work
 Expl Unexpl |  Obj  Depth IntInf | Incumbent    BestBd   Gap | It/Node Time

     0     0 1.9070e+09    0  205          - 1.9070e+09      -     -   23s
H    0     0                    1.872216e+09 1.9070e+09  1.86%     -   31s
H    0     0                    1.874017e+09 1.9070e+09  1.76%     -   32s
     0     0 1.9069e+09    0  245 1.8740e+09 1.9069e+09  1.75%     -   39s
H    0     0                    1.890807e+09 1.9069e+09  0.85%     -   50s

Cutting planes:
  Cover: 7
  Implied bound: 14
  Clique: 3
  MIR: 13
  StrongCG: 1
  Flow cover: 3
  GUB cover: 1
  RLT: 7
  Relax-and-lift: 4

Explored 1 nodes (12111 simplex iterations) in 50.06 seconds (45.36 work units)
Thread count was 20 (of 40 available processors)

Solution count 4: 1.89081e+09 1.89081e+09 1.87402e+09 1.87222e+09 

Optimal solution found (tolerance 1.00e-02)
Best objective 1.890806714518e+09, best bound 1.906879653669e+09, gap 0.8501%
Gurobi Optimizer version 10.0.1 build v10.0.1rc0 (linux64)

CPU model: Intel(R) Xeon(R) Gold 5115 CPU @ 2.40GHz, instruction set [SSE2|AVX|AVX2|AVX512]
Thread count: 20 physical cores, 40 logical processors, using up to 20 threads

Optimize a model with 54263 rows, 660582 columns and 3458540 nonzeros
Model fingerprint: 0xbe5d6cb7
Variable types: 6277 continuous, 654305 integer (654305 binary)
Coefficient statistics:
  Matrix range     [1e+00, 2e+05]
  Objective range  [4e+01, 3e+07]
  Bounds range     [1e+00, 3e+05]
  RHS range        [1e+00, 4e+06]
Presolve removed 53046 rows and 653416 columns
Presolve time: 0.99s
Presolved: 1217 rows, 7166 columns, 32762 nonzeros
Variable types: 318 continuous, 6848 integer (6848 binary)

Root relaxation: objective 1.812285e+09, 2208 iterations, 0.06 seconds (0.07 work units)

    Nodes    |    Current Node    |     Objective Bounds      |     Work
 Expl Unexpl |  Obj  Depth IntInf | Incumbent    BestBd   Gap | It/Node Time

     0     0 1.8123e+09    0   86          - 1.8123e+09      -     -    1s
H    0     0                    1.802073e+09 1.8123e+09  0.57%     -    1s

Explored 1 nodes (2334 simplex iterations) in 1.87 seconds (1.28 work units)
Thread count was 20 (of 40 available processors)

Solution count 1: 1.80207e+09 

Optimal solution found (tolerance 1.00e-02)
Best objective 1.802073437941e+09, best bound 1.812284839715e+09, gap 0.5666%
