
Gurobi 9.5.1 (win64) logging started Mon May 29 12:39:44 2023

Set parameter LogFile to value "logFiles/A-2L-C/A-2L-6U-11F-15V-180D/basic-05-29-2023, 12-39-H70-P50-O15.log"
Gurobi Optimizer version 9.5.1 build v9.5.1rc2 (win64)
Thread count: 8 physical cores, 16 logical processors, using up to 16 threads
Optimize a model with 34464 rows, 415210 columns and 1715757 nonzeros
Model fingerprint: 0x0953460c
Variable types: 175508 continuous, 239702 integer (239702 binary)
Coefficient statistics:
  Matrix range     [1e+00, 2e+05]
  Objective range  [4e+01, 3e+07]
  Bounds range     [1e+00, 1e+00]
  RHS range        [1e+00, 2e+06]
Presolve removed 21013 rows and 16341 columns
Presolve time: 3.38s
Presolved: 13451 rows, 398869 columns, 1568493 nonzeros
Variable types: 168977 continuous, 229892 integer (229884 binary)

Deterministic concurrent LP optimizer: primal and dual simplex
Showing first log only...


Root simplex log...

Iteration    Objective       Primal Inf.    Dual Inf.      Time
       0    7.9508000e+07   3.971414e+05   1.128404e+15      6s
   59651    7.9685567e+07   1.055930e+02   9.547745e+10     10s
  108494    7.9685674e+07   3.433633e+01   8.808967e+10     15s
  142133    7.9350000e+07   1.343754e+04   0.000000e+00     20s
  149014    7.9350000e+07   6.338492e+03   0.000000e+00     25s
  154034    7.9350000e+07   2.109822e+04   0.000000e+00     30s
  155641    7.9350000e+07   1.872228e+04   0.000000e+00     35s
  156937    7.9350000e+07   2.737781e+03   0.000000e+00     40s
  157758    7.9350000e+07   2.139287e+03   0.000000e+00     46s
  158459    7.9350000e+07   7.344275e+03   0.000000e+00     51s
  159029    7.9350000e+07   1.451587e+02   0.000000e+00     56s
  159599    7.9350000e+07   1.212153e+02   0.000000e+00     60s
  160159    7.9350000e+07   3.948399e-01   0.000000e+00     65s
  160448    1.0597829e+09   0.000000e+00   5.301088e+11     67s
  161283    1.0833414e+09   0.000000e+00   4.232489e+11     70s
  163193    1.1019975e+09   0.000000e+00   9.410067e+11     76s
  164413    1.1446882e+09   0.000000e+00   6.803812e+12     82s
  165073    1.1835483e+09   0.000000e+00   8.357603e+12     88s
  165533    1.2247782e+09   0.000000e+00   2.990781e+12     91s
  166113    1.2569510e+09   0.000000e+00   1.021473e+13     97s
  166453    1.2808558e+09   0.000000e+00   2.655967e+12    100s
  167493    1.3287840e+09   0.000000e+00   8.355806e+12    108s
  168273    1.3367164e+09   0.000000e+00   4.472758e+13    111s
  169203    1.3507627e+09   0.000000e+00   1.406987e+13    118s
  169693    1.3560342e+09   0.000000e+00   5.001871e+12    120s
  170253    1.3724663e+09   0.000000e+00   1.640778e+13    126s
  170823    1.3820419e+09   0.000000e+00   2.408841e+12    131s
  171513    1.3855765e+09   0.000000e+00   1.019677e+13    136s
  172143    1.3933903e+09   0.000000e+00   1.649827e+12    140s
  172853    1.4096381e+09   0.000000e+00   2.913785e+11    146s
  173333    1.4118780e+09   0.000000e+00   6.890046e+10    150s
  174113    1.4142184e+09   0.000000e+00   2.985864e+10    155s
  175163    1.4159001e+09   0.000000e+00   3.858887e+10    161s
  176233    1.4169665e+09   0.000000e+00   2.299204e+10    166s
Concurrent spin time: 1.34s

Solved with dual simplex

Root relaxation: objective 1.433861e+09, 179763 iterations, 163.50 seconds (109.42 work units)

    Nodes    |    Current Node    |     Objective Bounds      |     Work
 Expl Unexpl |  Obj  Depth IntInf | Incumbent    BestBd   Gap | It/Node Time

     0     0 1.4339e+09    0  250          - 1.4339e+09      -     -  168s
H    0     0                    1.409299e+09 1.4339e+09  1.74%     -  173s
H    0     0                    1.410248e+09 1.4339e+09  1.67%     -  176s
     0     0 1.4338e+09    0  222 1.4102e+09 1.4338e+09  1.67%     -  186s
H    0     0                    1.410328e+09 1.4338e+09  1.67%     -  192s
     0     0 1.4338e+09    0  207 1.4103e+09 1.4338e+09  1.67%     -  193s
     0     0 1.4338e+09    0  211 1.4103e+09 1.4338e+09  1.67%     -  193s
     0     0 1.4338e+09    0  226 1.4103e+09 1.4338e+09  1.67%     -  204s
     0     0 1.4338e+09    0  244 1.4103e+09 1.4338e+09  1.67%     -  206s
     0     0 1.4338e+09    0  237 1.4103e+09 1.4338e+09  1.67%     -  207s
     0     0 1.4338e+09    0  262 1.4103e+09 1.4338e+09  1.67%     -  216s
     0     0 1.4338e+09    0  243 1.4103e+09 1.4338e+09  1.67%     -  218s
     0     0 1.4338e+09    0  265 1.4103e+09 1.4338e+09  1.66%     -  228s
H    0     0                    1.412813e+09 1.4338e+09  1.49%     -  229s
     0     0 1.4338e+09    0  257 1.4128e+09 1.4338e+09  1.49%     -  230s
     0     0 1.4338e+09    0  256 1.4128e+09 1.4338e+09  1.48%     -  234s
     0     0 1.4338e+09    0  247 1.4128e+09 1.4338e+09  1.48%     -  237s
     0     0 1.4338e+09    0  251 1.4128e+09 1.4338e+09  1.48%     -  240s
H    0     0                    1.412826e+09 1.4338e+09  1.48%     -  242s
     0     0 1.4338e+09    0  254 1.4128e+09 1.4338e+09  1.48%     -  243s
     0     0 1.4338e+09    0  257 1.4128e+09 1.4338e+09  1.48%     -  254s
H    0     0                    1.413236e+09 1.4338e+09  1.45%     -  256s
     0     0 1.4338e+09    0  260 1.4132e+09 1.4338e+09  1.45%     -  257s
     0     0 1.4338e+09    0  260 1.4132e+09 1.4338e+09  1.45%     -  262s
     0     0 1.4338e+09    0  244 1.4132e+09 1.4338e+09  1.45%     -  401s
H    0     0                    1.413970e+09 1.4338e+09  1.40%     -  425s
H    0     0                    1.418103e+09 1.4338e+09  1.11%     -  434s
H    0     0                    1.418127e+09 1.4338e+09  1.10%     -  435s
H    0     2                    1.419823e+09 1.4338e+09  0.98%     -  440s
     0     2 1.4338e+09    0  244 1.4198e+09 1.4338e+09  0.98%     -  440s

Cutting planes:
  Cover: 25
  Implied bound: 71
  Clique: 2
  MIR: 49
  Flow cover: 15
  GUB cover: 1
  Network: 4
  RLT: 28
  Relax-and-lift: 360

Explored 1 nodes (207774 simplex iterations) in 441.12 seconds (362.75 work units)
Thread count was 16 (of 16 available processors)

Solution count 10: 1.41982e+09 1.41813e+09 1.4181e+09 ... 1.4093e+09

Optimal solution found (tolerance 1.00e-02)
Best objective 1.419823208723e+09, best bound 1.433782419125e+09, gap 0.9832%
Gurobi Optimizer version 9.5.1 build v9.5.1rc2 (win64)
Thread count: 8 physical cores, 16 logical processors, using up to 16 threads
Optimize a model with 54403 rows, 655753 columns and 3576247 nonzeros
Model fingerprint: 0x1574375c
Variable types: 132973 continuous, 522780 integer (522780 binary)
Coefficient statistics:
  Matrix range     [1e+00, 2e+05]
  Objective range  [4e+01, 3e+07]
  Bounds range     [1e+00, 3e+05]
  RHS range        [1e+00, 4e+06]
Presolve removed 43865 rows and 397744 columns (presolve time = 7s) ...
Presolve removed 44247 rows and 406479 columns
Presolve time: 8.07s
Presolved: 10156 rows, 249274 columns, 1073290 nonzeros
Variable types: 92661 continuous, 156613 integer (156601 binary)

Deterministic concurrent LP optimizer: primal and dual simplex
Showing first log only...


Root simplex log...

Iteration    Objective       Primal Inf.    Dual Inf.      Time
       0    7.7055865e+08   2.641012e+05   8.675962e+13     10s
   78836    7.7055539e+08   2.076795e+01   6.392785e+10     15s
  119447    7.7027856e+08   2.061852e+03   0.000000e+00     20s
  121899    7.7027856e+08   3.239392e+03   0.000000e+00     25s
  123695    7.7027856e+08   4.197762e+03   0.000000e+00     30s
  124891    7.7027856e+08   7.407579e+03   0.000000e+00     36s
  125757    7.7027856e+08   3.002470e+03   0.000000e+00     40s
  126973    7.7027856e+08   2.544623e+02   0.000000e+00     45s
  128219    7.7027856e+08   1.030454e-01   0.000000e+00     50s
  128250    1.6088022e+09   0.000000e+00   4.930772e+11     50s
  130279    1.6432190e+09   0.000000e+00   5.110749e+12     55s
  132029    1.7332995e+09   0.000000e+00   4.181707e+12     60s
  134099    1.7922164e+09   0.000000e+00   3.856207e+11     66s
  134989    1.7947062e+09   0.000000e+00   3.613010e+10     70s
  136119    1.7964495e+09   0.000000e+00   1.123712e+10     76s
  137459    1.7980566e+09   0.000000e+00   1.892326e+09     81s
  138619    1.8072835e+09   0.000000e+00   7.809993e+11     85s
  140649    1.8306696e+09   0.000000e+00   3.910625e+10     90s
  141799    1.8348632e+09   0.000000e+00   5.756462e+11     95s
  142729    1.8427867e+09   0.000000e+00   1.396754e+13    101s
  143659    1.8529115e+09   0.000000e+00   3.701255e+10    106s
  144569    1.8539874e+09   0.000000e+00   3.055305e+09    111s
  145639    1.8552668e+09   0.000000e+00   4.552778e+10    115s
  146819    1.8583566e+09   0.000000e+00   5.698091e+10    120s
  148329    1.8628835e+09   0.000000e+00   2.967346e+10    125s
  149389    1.8642353e+09   0.000000e+00   4.705600e+10    130s
  150589    1.8650102e+09   0.000000e+00   9.012234e+10    136s
  151649    1.8656924e+09   0.000000e+00   4.966049e+09    141s
  152899    1.8661352e+09   0.000000e+00   1.116808e+09    146s
  154279    1.8671063e+09   0.000000e+00   2.338697e+10    151s
  155459    1.8674679e+09   0.000000e+00   9.859453e+09    155s
  156789    1.8676713e+09   0.000000e+00   1.023584e+10    160s
  158129    1.8681695e+09   0.000000e+00   1.327916e+08    166s
  159289    1.8682944e+09   0.000000e+00   5.477846e+06    170s
  161790    1.8546907e+09   3.511845e+05   0.000000e+00    175s
  168306    1.8525862e+09   2.882376e+05   0.000000e+00    180s
  174070    1.8516699e+09   3.459597e+05   0.000000e+00    185s
  178780    1.8511813e+09   1.896293e+06   0.000000e+00    190s
  182049    1.8507969e+09   5.672552e+05   0.000000e+00    195s
  184377    1.8506954e+09   8.933960e+05   0.000000e+00    200s
  186667    1.8506448e+09   2.416520e+04   0.000000e+00    205s
  188327    1.8506275e+09   1.039989e+05   0.000000e+00    210s
  189351    1.8506218e+09   0.000000e+00   0.000000e+00    214s
  189351    1.8506218e+09   0.000000e+00   0.000000e+00    215s
Concurrent spin time: 5.54s

Solved with primal simplex

Root relaxation: objective 1.850622e+09, 189351 iterations, 210.99 seconds (187.34 work units)

    Nodes    |    Current Node    |     Objective Bounds      |     Work
 Expl Unexpl |  Obj  Depth IntInf | Incumbent    BestBd   Gap | It/Node Time

     0     0 1.8506e+09    0  230          - 1.8506e+09      -     -  220s
H    0     0                    1.839164e+09 1.8506e+09  0.62%     -  225s

Explored 1 nodes (190585 simplex iterations) in 225.71 seconds (211.06 work units)
Thread count was 16 (of 16 available processors)

Solution count 1: 1.83916e+09 

Optimal solution found (tolerance 1.00e-02)
Best objective 1.839163626399e+09, best bound 1.850621818384e+09, gap 0.6230%
Gurobi Optimizer version 9.5.1 build v9.5.1rc2 (win64)
Thread count: 8 physical cores, 16 logical processors, using up to 16 threads
Optimize a model with 54263 rows, 660582 columns and 3458540 nonzeros
Model fingerprint: 0x7959ea52
Variable types: 6277 continuous, 654305 integer (654305 binary)
Coefficient statistics:
  Matrix range     [1e+00, 2e+05]
  Objective range  [4e+01, 3e+07]
  Bounds range     [1e+00, 3e+05]
  RHS range        [1e+00, 4e+06]
Presolve removed 52650 rows and 646145 columns
Presolve time: 0.74s
Presolved: 1613 rows, 14437 columns, 67843 nonzeros
Variable types: 332 continuous, 14105 integer (14105 binary)

Root relaxation: objective 1.855830e+09, 3675 iterations, 0.12 seconds (0.22 work units)

    Nodes    |    Current Node    |     Objective Bounds      |     Work
 Expl Unexpl |  Obj  Depth IntInf | Incumbent    BestBd   Gap | It/Node Time

     0     0 1.8558e+09    0  103          - 1.8558e+09      -     -    1s
     0     0 1.8555e+09    0   99          - 1.8555e+09      -     -    1s
     0     0 1.8555e+09    0  105          - 1.8555e+09      -     -    1s
     0     0 1.8555e+09    0  113          - 1.8555e+09      -     -    1s
H    0     0                    1.837300e+09 1.8554e+09  0.99%     -    1s
     0     0 1.8554e+09    0  105 1.8373e+09 1.8554e+09  0.99%     -    1s

Cutting planes:
  Gomory: 9
  Lift-and-project: 3
  Cover: 4
  Implied bound: 26
  Clique: 2
  MIR: 72
  StrongCG: 1
  Flow cover: 63
  GUB cover: 2
  RLT: 20
  Relax-and-lift: 25

Explored 1 nodes (4583 simplex iterations) in 1.84 seconds (2.03 work units)
Thread count was 16 (of 16 available processors)

Solution count 1: 1.8373e+09 

Optimal solution found (tolerance 1.00e-02)
Best objective 1.837299585125e+09, best bound 1.855417840214e+09, gap 0.9861%
