
Gurobi 9.5.1 (win64) logging started Wed May 31 14:24:34 2023

Set parameter LogFile to value "logFiles/A-2L-C/A-2L-6U-11F-15V-180D/basic-05-31-2023, 14-24-H50-P80-O15.log"
Gurobi Optimizer version 9.5.1 build v9.5.1rc2 (win64)
Thread count: 8 physical cores, 16 logical processors, using up to 16 threads
Optimize a model with 37212 rows, 466992 columns and 2125827 nonzeros
Model fingerprint: 0x7114e15b
Variable types: 322023 continuous, 144969 integer (144969 binary)
Coefficient statistics:
  Matrix range     [1e+00, 2e+05]
  Objective range  [4e+01, 3e+07]
  Bounds range     [1e+00, 1e+00]
  RHS range        [1e+00, 3e+06]

Loaded user MIP start with objective 8.80111e+08

Presolve removed 22443 rows and 13225 columns (presolve time = 7s) ...
Presolve removed 22429 rows and 13703 columns
Presolve time: 7.84s
Presolved: 14783 rows, 453289 columns, 1827443 nonzeros
Found heuristic solution: objective 9.435746e+08
Variable types: 314133 continuous, 139156 integer (139145 binary)

Deterministic concurrent LP optimizer: primal and dual simplex
Showing first log only...


Root simplex log...

Iteration    Objective       Primal Inf.    Dual Inf.      Time
       0    1.0617916e+08   2.009893e+05   4.369986e+14     11s
   57425    1.0634021e+08   4.525235e+01   2.287076e+13     15s
   87745    1.0633963e+08   1.714105e+01   4.417725e+11     20s
  122007    1.0631064e+08   7.056949e+02   2.910236e+11     25s
  149712    1.0631601e+08   9.938058e+01   4.778495e+11     30s
  173288    1.0631851e+08   8.235285e+01   2.904808e+11     35s
  198998    1.0631243e+08   6.953553e+01   2.397226e+14     40s
  219394    1.0600000e+08   9.270794e+03   0.000000e+00     45s
  228302    1.0600000e+08   7.668073e+03   0.000000e+00     50s
  234306    1.0600000e+08   1.276492e+04   0.000000e+00     55s
  236556    1.0600000e+08   2.531450e+04   0.000000e+00     61s
  238056    1.0600000e+08   2.908256e+03   0.000000e+00     65s
  240326    1.0600000e+08   1.357816e+04   0.000000e+00     70s
  242066    1.0600000e+08   3.630506e+04   0.000000e+00     75s
  243006    1.0600000e+08   3.720282e+03   0.000000e+00     80s
  243986    1.0600000e+08   4.150465e+03   0.000000e+00     85s
  244946    1.0600000e+08   1.389357e+03   0.000000e+00     90s
  245776    1.0600000e+08   3.491922e+03   0.000000e+00     96s
  246366    1.0600000e+08   7.970729e+02   0.000000e+00    100s
  246966    1.0600000e+08   1.294955e+02   0.000000e+00    105s
  247405    1.1937582e+09   0.000000e+00   7.587796e+11    109s
  248378    1.2057254e+09   0.000000e+00   2.040385e+12    111s
  250718    1.2355194e+09   0.000000e+00   7.484853e+11    116s
  252738    1.2463718e+09   0.000000e+00   1.123495e+12    120s
  258978    1.3268035e+09   0.000000e+00   2.217955e+12    127s
  259858    1.3339393e+09   0.000000e+00   1.266965e+11    131s
  262088    1.3375805e+09   0.000000e+00   1.445972e+10    136s
  263827    1.3420022e+09   0.000000e+00   3.781653e+10    142s
  265887    1.3465401e+09   0.000000e+00   7.178457e+11    145s
  268077    1.3527549e+09   0.000000e+00   7.652335e+09    151s
  270667    1.3567293e+09   0.000000e+00   8.216594e+09    156s
  273033    1.3598954e+09   0.000000e+00   3.010487e+10    162s
  274095    1.3611910e+09   0.000000e+00   6.097227e+09    165s
  276159    1.3631847e+09   0.000000e+00   3.595743e+12    170s
  278083    1.3651672e+09   0.000000e+00   7.375983e+10    176s
  279777    1.3682460e+09   0.000000e+00   1.376093e+10    181s
  281682    1.3705339e+09   0.000000e+00   3.467263e+10    186s
  283682    1.3720394e+09   0.000000e+00   5.947069e+10    191s
  285402    1.3738878e+09   0.000000e+00   5.595047e+09    196s
  287583    1.3756261e+09   0.000000e+00   2.774556e+10    201s
  289620    1.3773245e+09   0.000000e+00   2.075658e+09    207s
Concurrent spin time: 0.00s

Solved with dual simplex

Root relaxation: objective 1.375913e+09, 205226 iterations, 198.79 seconds (207.49 work units)

    Nodes    |    Current Node    |     Objective Bounds      |     Work
 Expl Unexpl |  Obj  Depth IntInf | Incumbent    BestBd   Gap | It/Node Time

     0     0 1.3759e+09    0  102 9.4357e+08 1.3759e+09  45.8%     -  209s
H    0     0                    1.330798e+09 1.3759e+09  3.39%     -  231s
     0     0 1.3759e+09    0  109 1.3308e+09 1.3759e+09  3.39%     -  236s
H    0     0                    1.364963e+09 1.3759e+09  0.80%     -  239s

Cutting planes:
  Cover: 4
  Implied bound: 9
  Clique: 1
  MIR: 3
  Flow cover: 7
  GUB cover: 1
  Network: 2
  RLT: 2
  Relax-and-lift: 8

Explored 1 nodes (215295 simplex iterations) in 239.99 seconds (281.53 work units)
Thread count was 16 (of 16 available processors)

Solution count 4: 1.36496e+09 1.3308e+09 9.43575e+08 8.80111e+08 

Optimal solution found (tolerance 1.50e-02)
Best objective 1.364962836883e+09, best bound 1.375912922423e+09, gap 0.8022%
Gurobi Optimizer version 9.5.1 build v9.5.1rc2 (win64)
Thread count: 8 physical cores, 16 logical processors, using up to 16 threads
Optimize a model with 55722 rows, 907879 columns and 3611802 nonzeros
Model fingerprint: 0x88354efe
Variable types: 259374 continuous, 648505 integer (648505 binary)
Coefficient statistics:
  Matrix range     [1e+00, 2e+05]
  Objective range  [4e+01, 3e+07]
  Bounds range     [1e+00, 3e+05]
  RHS range        [1e+00, 4e+06]

User MIP start did not produce a new incumbent solution
User MIP start violates constraint flow[AD-2,AD-2-M,91] by 1.000000000

Presolve removed 45742 rows and 698469 columns
Presolve time: 4.16s
Presolved: 9980 rows, 209410 columns, 906903 nonzeros
Variable types: 185972 continuous, 23438 integer (23426 binary)

Root simplex log...

Iteration    Objective       Primal Inf.    Dual Inf.      Time
       0    1.2846413e+10   1.522832e+06   0.000000e+00      7s
   32779    1.7157408e+09   0.000000e+00   0.000000e+00      9s

Root relaxation: objective 1.715741e+09, 32779 iterations, 2.03 seconds (3.31 work units)
Total elapsed time = 8.73s

    Nodes    |    Current Node    |     Objective Bounds      |     Work
 Expl Unexpl |  Obj  Depth IntInf | Incumbent    BestBd   Gap | It/Node Time

     0     0 1.7157e+09    0   68          - 1.7157e+09      -     -    8s
     0     0 1.7156e+09    0   68          - 1.7156e+09      -     -    9s
H    0     0                    1.711042e+09 1.7156e+09  0.26%     -   10s

Cutting planes:
  Cover: 1
  Implied bound: 7
  Clique: 1
  MIR: 17
  Flow cover: 26
  RLT: 7
  Relax-and-lift: 4

Explored 1 nodes (33521 simplex iterations) in 10.74 seconds (16.79 work units)
Thread count was 16 (of 16 available processors)

Solution count 1: 1.71104e+09 

Optimal solution found (tolerance 1.50e-02)
Best objective 1.711042223434e+09, best bound 1.715555442883e+09, gap 0.2638%
Gurobi Optimizer version 9.5.1 build v9.5.1rc2 (win64)
Thread count: 8 physical cores, 16 logical processors, using up to 16 threads
Optimize a model with 54347 rows, 927742 columns and 3531672 nonzeros
Model fingerprint: 0xa1040e74
Variable types: 26986 continuous, 900756 integer (900756 binary)
Coefficient statistics:
  Matrix range     [1e+00, 2e+05]
  Objective range  [4e+01, 3e+07]
  Bounds range     [1e+00, 3e+05]
  RHS range        [1e+00, 4e+06]

User MIP start produced solution with objective 1.69039e+09 (1.78s)
User MIP start produced solution with objective 1.69068e+09 (2.30s)
User MIP start produced solution with objective 1.69089e+09 (2.84s)
User MIP start produced solution with objective 1.691e+09 (3.04s)
User MIP start produced solution with objective 1.69163e+09 (4.49s)
Loaded user MIP start with objective 1.69163e+09
Processed MIP start in 4.79 seconds (5.69 work units)

Presolve removed 52278 rows and 916013 columns
Presolve time: 1.81s
Presolved: 2069 rows, 11729 columns, 46788 nonzeros
Variable types: 2215 continuous, 9514 integer (9484 binary)

Root simplex log...

Iteration    Objective       Primal Inf.    Dual Inf.      Time
       0    9.0424087e+09   1.506957e+06   0.000000e+00      7s
    8255    1.6926550e+09   0.000000e+00   0.000000e+00      7s

Root relaxation: objective 1.692655e+09, 8255 iterations, 0.15 seconds (0.23 work units)

    Nodes    |    Current Node    |     Objective Bounds      |     Work
 Expl Unexpl |  Obj  Depth IntInf | Incumbent    BestBd   Gap | It/Node Time

     0     0 1.6927e+09    0   22 1.6916e+09 1.6927e+09  0.06%     -    6s

Explored 1 nodes (8402 simplex iterations) in 6.98 seconds (8.18 work units)
Thread count was 16 (of 16 available processors)

Solution count 5: 1.69163e+09 1.691e+09 1.69089e+09 ... 1.69039e+09

Optimal solution found (tolerance 1.50e-02)
Best objective 1.691632462283e+09, best bound 1.692654952296e+09, gap 0.0604%
Gurobi Optimizer version 9.5.1 build v9.5.1rc2 (win64)
Thread count: 8 physical cores, 16 logical processors, using up to 16 threads
Optimize a model with 54247 rows, 932082 columns and 3445940 nonzeros
Model fingerprint: 0x418e25fb
Variable types: 2279 continuous, 929803 integer (929803 binary)
Coefficient statistics:
  Matrix range     [1e+00, 2e+05]
  Objective range  [4e+01, 3e+07]
  Bounds range     [1e+00, 3e+05]
  RHS range        [1e+00, 4e+06]

User MIP start produced solution with objective 1.66847e+09 (0.82s)
User MIP start produced solution with objective 1.67414e+09 (0.87s)
User MIP start produced solution with objective 1.67538e+09 (0.96s)
User MIP start produced solution with objective 1.67542e+09 (1.04s)
User MIP start produced solution with objective 1.67554e+09 (1.33s)
User MIP start produced solution with objective 1.67554e+09 (1.38s)
User MIP start produced solution with objective 1.6815e+09 (1.51s)
User MIP start produced solution with objective 1.6815e+09 (1.66s)
Loaded user MIP start with objective 1.6815e+09
Processed MIP start in 2.01 seconds (1.49 work units)

Presolve removed 53603 rows and 930873 columns
Presolve time: 0.86s
Presolved: 644 rows, 1209 columns, 5385 nonzeros
Variable types: 252 continuous, 957 integer (957 binary)

Root relaxation: objective 1.691781e+09, 889 iterations, 0.01 seconds (0.01 work units)

    Nodes    |    Current Node    |     Objective Bounds      |     Work
 Expl Unexpl |  Obj  Depth IntInf | Incumbent    BestBd   Gap | It/Node Time

     0     0 1.6918e+09    0   18 1.6815e+09 1.6918e+09  0.61%     -    3s

Explored 1 nodes (916 simplex iterations) in 3.07 seconds (2.64 work units)
Thread count was 16 (of 16 available processors)

Solution count 8: 1.6815e+09 1.6815e+09 1.67554e+09 ... 1.66847e+09

Optimal solution found (tolerance 1.50e-02)
Best objective 1.681495964715e+09, best bound 1.691781497719e+09, gap 0.6117%
