
Gurobi 9.5.2 (mac64[x86]) logging started Wed Feb 22 18:30:11 2023

Set parameter LogFile to value "logFiles/A-1L-60D/A-1L-6U-11F-7V-60D-a-varprod.log"
Gurobi Optimizer version 9.5.2 build v9.5.2rc0 (mac64[x86])
Thread count: 4 physical cores, 8 logical processors, using up to 8 threads
Optimize a model with 5498 rows, 46067 columns and 377589 nonzeros
Model fingerprint: 0x0719fcf1
Variable types: 744 continuous, 45323 integer (45323 binary)
Coefficient statistics:
  Matrix range     [1e+00, 2e+05]
  Objective range  [4e+01, 2e+07]
  Bounds range     [1e+00, 1e+00]
  RHS range        [1e+00, 5e+05]
Presolve removed 2949 rows and 7496 columns
Presolve time: 1.19s
Presolved: 2549 rows, 38571 columns, 280130 nonzeros
Variable types: 730 continuous, 37841 integer (37837 binary)

Root relaxation: objective 2.191064e+08, 8109 iterations, 0.98 seconds (0.93 work units)

    Nodes    |    Current Node    |     Objective Bounds      |     Work
 Expl Unexpl |  Obj  Depth IntInf | Incumbent    BestBd   Gap | It/Node Time

     0     0 2.1911e+08    0   70          - 2.1911e+08      -     -    2s
H    0     0                    2.027601e+08 2.1911e+08  8.06%     -    4s
H    0     0                    2.034398e+08 2.1911e+08  7.70%     -    7s
H    0     0                    2.044648e+08 2.1911e+08  7.16%     -    7s
H    0     0                    2.123226e+08 2.1835e+08  2.84%     -    8s
     0     0 2.1835e+08    0   65 2.1232e+08 2.1835e+08  2.84%     -    8s
H    0     0                    2.139509e+08 2.1835e+08  2.06%     -   19s
H    0     0                    2.139933e+08 2.1835e+08  2.04%     -   19s
     0     0 2.1779e+08    0   65 2.1399e+08 2.1779e+08  1.78%     -   19s
     0     0 2.1779e+08    0   65 2.1399e+08 2.1779e+08  1.78%     -   20s
     0     0 2.1779e+08    0   69 2.1399e+08 2.1779e+08  1.78%     -   20s
     0     0 2.1779e+08    0   64 2.1399e+08 2.1779e+08  1.78%     -   21s
     0     0 2.1779e+08    0   71 2.1399e+08 2.1779e+08  1.78%     -   24s
     0     0 2.1779e+08    0   63 2.1399e+08 2.1779e+08  1.78%     -   25s
H    0     0                    2.140322e+08 2.1779e+08  1.76%     -   27s
     0     0 2.1779e+08    0   75 2.1403e+08 2.1779e+08  1.76%     -   28s
     0     0 2.1779e+08    0   72 2.1403e+08 2.1779e+08  1.76%     -   28s
     0     0 2.1779e+08    0   66 2.1403e+08 2.1779e+08  1.76%     -   28s
     0     0 2.1779e+08    0   72 2.1403e+08 2.1779e+08  1.76%     -   29s
     0     0 2.1779e+08    0   76 2.1403e+08 2.1779e+08  1.76%     -   29s
     0     0 2.1779e+08    0   75 2.1403e+08 2.1779e+08  1.76%     -   29s
H    0     0                    2.141275e+08 2.1779e+08  1.71%     -   33s
H    0     0                    2.141751e+08 2.1779e+08  1.69%     -   33s
     0     0 2.1779e+08    0   75 2.1418e+08 2.1779e+08  1.69%     -   33s
     0     0 2.1779e+08    0   77 2.1418e+08 2.1779e+08  1.69%     -   34s
     0     0 2.1777e+08    0   70 2.1418e+08 2.1777e+08  1.68%     -   35s
     0     0 2.1777e+08    0   68 2.1418e+08 2.1777e+08  1.68%     -   35s
     0     0 2.1774e+08    0   74 2.1418e+08 2.1774e+08  1.67%     -   39s
     0     0 2.1774e+08    0   71 2.1418e+08 2.1774e+08  1.67%     -   42s
     0     0 2.1774e+08    0   71 2.1418e+08 2.1774e+08  1.67%     -   48s
     0     0 2.1774e+08    0   72 2.1418e+08 2.1774e+08  1.67%     -   48s
     0     0 2.1774e+08    0   73 2.1418e+08 2.1774e+08  1.67%     -   48s
     0     0 2.1774e+08    0   72 2.1418e+08 2.1774e+08  1.67%     -   48s
     0     0 2.1774e+08    0   72 2.1418e+08 2.1774e+08  1.67%     -   48s
     0     0 2.1774e+08    0   69 2.1418e+08 2.1774e+08  1.67%     -   49s
     0     0 2.1774e+08    0   63 2.1418e+08 2.1774e+08  1.67%     -   49s
H    0     0                    2.145941e+08 2.1771e+08  1.45%     -   55s
     0     2 2.1771e+08    0   58 2.1459e+08 2.1771e+08  1.45%     -   55s
H  114   116                    2.151749e+08 2.1771e+08  1.18%  34.8   65s
   386   556 2.1771e+08  114   59 2.1517e+08 2.1771e+08  1.18%  19.4   71s
   839  1087 2.1769e+08  247   54 2.1517e+08 2.1771e+08  1.18%  14.6   76s
H 1183  1169                    2.152638e+08 2.1771e+08  1.14%  12.6   81s
H 1241  1169                    2.152803e+08 2.1771e+08  1.13%  12.3   81s
  1652  1778 2.1760e+08  473   49 2.1528e+08 2.1771e+08  1.13%  11.4   87s
  1969  1800 2.1759e+08  511   47 2.1528e+08 2.1771e+08  1.13%  10.6   94s
  1997  2214 2.1759e+08  518   49 2.1528e+08 2.1771e+08  1.13%  10.5   96s
  2878  2654 2.1623e+08  727   41 2.1528e+08 2.1771e+08  1.13%   9.0  101s
  3636  3132 2.1616e+08  932   37 2.1528e+08 2.1771e+08  1.13%   7.8  106s
  4587  4044 2.1608e+08 1177   28 2.1528e+08 2.1771e+08  1.13%   6.8  111s
  5105  4045 2.1747e+08  864   64 2.1528e+08 2.1771e+08  1.13%   6.7  118s
  5107  4046 2.1771e+08  174   66 2.1528e+08 2.1771e+08  1.13%   6.7  120s
H 5108  3844                    2.152803e+08 2.1760e+08  1.08%   6.7  122s
  5113  3847 2.1744e+08 1233   80 2.1528e+08 2.1756e+08  1.06%   6.7  125s
  5131  3859 2.1715e+08  297   84 2.1528e+08 2.1751e+08  1.04%   6.7  130s
  5160  3879 2.1743e+08  307   78 2.1528e+08 2.1746e+08  1.01%   6.6  135s
  5170  3885 2.1742e+08  221   65 2.1528e+08 2.1742e+08  1.00%   6.6  140s
  5173  3889 2.1742e+08   12   80 2.1528e+08 2.1742e+08  1.00%   8.7  145s
  5197  3894 2.1742e+08   16   89 2.1528e+08 2.1742e+08  1.00%   9.1  158s
  5229  3902 2.1733e+08   18   62 2.1528e+08 2.1742e+08  1.00%   9.4  160s
  5362  3966 2.1741e+08   25   71 2.1528e+08 2.1742e+08  0.99%  11.1  165s
  5610  4091 2.1661e+08   36   54 2.1528e+08 2.1742e+08  0.99%  13.9  170s
  5903  4219 2.1740e+08   52   68 2.1528e+08 2.1742e+08  0.99%  16.4  184s
H 5907  4023                    2.152803e+08 2.1742e+08  0.99%  16.4  184s
  5923  4057 2.1723e+08   54   47 2.1528e+08 2.1742e+08  0.99%  16.6  185s
  6377  4216 2.1727e+08   68   48 2.1528e+08 2.1742e+08  0.99%  18.7  190s
  6868  4320 2.1739e+08   87   66 2.1528e+08 2.1742e+08  0.99%  20.0  195s
  7515  4339 2.1735e+08  114   66 2.1528e+08 2.1742e+08  0.99%  20.5  200s
  7981  4639 2.1734e+08  132   66 2.1528e+08 2.1742e+08  0.99%  20.9  206s
  8189  4812 2.1734e+08  146   61 2.1528e+08 2.1742e+08  0.99%  21.2  211s
  8377  4829 2.1536e+08  154   44 2.1528e+08 2.1742e+08  0.99%  21.4  215s
  8681  4899 2.1697e+08  173   57 2.1528e+08 2.1742e+08  0.99%  22.1  221s
  8801  4984 2.1718e+08  183   58 2.1528e+08 2.1742e+08  0.99%  22.3  225s
  9119  5116 2.1717e+08  213   57 2.1528e+08 2.1742e+08  0.99%  22.4  232s
  9439  5714 2.1707e+08  254   30 2.1528e+08 2.1742e+08  0.99%  22.4  237s
  9909  5847 2.1666e+08  285   39 2.1528e+08 2.1742e+08  0.99%  21.8  240s
 10275  6005 infeasible  337      2.1528e+08 2.1742e+08  0.99%  21.5  252s
 10686  5895 infeasible  408      2.1528e+08 2.1742e+08  0.99%  21.0  261s
 10831  5901     cutoff  451      2.1528e+08 2.1742e+08  0.99%  21.2  265s
 11462  5886 2.1606e+08  696   16 2.1528e+08 2.1742e+08  0.99%  21.0  272s
 11682  6536 2.1740e+08   35   74 2.1528e+08 2.1741e+08  0.99%  20.9  277s
 12444  6895 2.1674e+08  227   25 2.1528e+08 2.1741e+08  0.99%  20.1  282s
 13178  6993 2.1628e+08  478   14 2.1528e+08 2.1741e+08  0.99%  19.2  288s
 13562  7072 2.1626e+08  590   23 2.1528e+08 2.1741e+08  0.99%  18.8  294s
 13954  7154     cutoff  123      2.1528e+08 2.1741e+08  0.99%  18.5  300s

Cutting planes:
  Gomory: 2
  Lift-and-project: 2
  Cover: 25
  Implied bound: 6
  Clique: 5
  MIR: 39
  Flow cover: 42
  GUB cover: 1
  Network: 2
  RLT: 4
  Relax-and-lift: 29

Explored 14274 nodes (283388 simplex iterations) in 300.08 seconds (351.07 work units)
Thread count was 8 (of 8 available processors)

Solution count 10: 2.1528e+08 2.1528e+08 2.1528e+08 ... 2.13993e+08

Time limit reached
Best objective 2.152803250146e+08, best bound 2.174128150699e+08, gap 0.9906%
