
Gurobi 10.0.1 (linux64) logging started Sun May 21 21:15:32 2023

Set parameter LogFile to value "logFiles/N-1L-A/N-1L-16U-33F-23V-365D/basic-05-21-2023, 21-15-H90-P70-O70.log"
Gurobi Optimizer version 10.0.1 build v10.0.1rc0 (linux64)

CPU model: Intel(R) Xeon(R) Gold 5115 CPU @ 2.40GHz, instruction set [SSE2|AVX|AVX2|AVX512]
Thread count: 20 physical cores, 40 logical processors, using up to 20 threads

Optimize a model with 132369 rows, 1741269 columns and 10791671 nonzeros
Model fingerprint: 0x14ebe48b
Variable types: 14835 continuous, 1726434 integer (1726434 binary)
Coefficient statistics:
  Matrix range     [1e+00, 2e+05]
  Objective range  [4e+01, 3e+07]
  Bounds range     [1e+00, 1e+00]
  RHS range        [1e+00, 3e+06]
Presolve removed 68413 rows and 33866 columns (presolve time = 5s) ...
Presolve removed 68438 rows and 33891 columns (presolve time = 10s) ...
Presolve removed 68474 rows and 33907 columns (presolve time = 15s) ...
Presolve removed 68474 rows and 33907 columns (presolve time = 20s) ...
Presolve removed 68474 rows and 33907 columns (presolve time = 25s) ...
Presolve removed 68474 rows and 33907 columns (presolve time = 30s) ...
Presolve removed 68474 rows and 33907 columns (presolve time = 35s) ...
Presolve removed 68474 rows and 33907 columns (presolve time = 40s) ...
Presolve removed 68360 rows and 33793 columns
Presolve time: 40.49s
Presolved: 64009 rows, 1707476 columns, 9041819 nonzeros
Variable types: 3317 continuous, 1704159 integer (1703965 binary)
Deterministic concurrent LP optimizer: primal simplex, dual simplex, and barrier
Showing barrier log only...

Root barrier log...

Ordering time: 4.39s

Barrier statistics:
 AA' NZ     : 4.291e+06
 Factor NZ  : 1.704e+07 (roughly 900 MB of memory)
 Factor Ops : 3.808e+10 (less than 1 second per iteration)
 Threads    : 17

                  Objective                Residual
Iter       Primal          Dual         Primal    Dual     Compl     Time
   0  -2.30129280e+16  1.39872088e+14  1.89e+09 7.98e+06  9.99e+11    61s
   1  -6.04328285e+15  1.35020596e+14  4.98e+08 9.52e+06  2.64e+11    62s
   2  -6.71026798e+14  9.42711775e+13  5.55e+07 4.44e+05  2.97e+10    63s
   3  -7.84568441e+13  5.55782728e+13  6.50e+06 1.35e+04  3.49e+09    64s
   4  -1.42010155e+13  3.74964622e+13  1.17e+06 8.37e+02  6.56e+08    65s
   5  -8.76332387e+12  3.41787309e+13  7.25e+05 5.88e+02  4.09e+08    65s
   6  -2.91997607e+12  3.03812710e+13  2.41e+05 1.46e+02  1.42e+08    66s
   7  -1.60493080e+12  2.31304398e+13  1.33e+05 6.30e+02  7.87e+07    67s
   8  -7.20278277e+11  1.71793174e+13  5.96e+04 6.27e+01  3.56e+07    68s
   9  -6.23917987e+11  1.26886103e+13  5.17e+04 2.00e-08  2.84e+07    69s
  10  -2.49231270e+11  8.72245089e+12  2.09e+04 8.01e-01  1.17e+07    70s
  11  -9.36365210e+10  5.36570727e+12  8.08e+03 2.24e-08  4.84e+06    70s
  12  -4.53200610e+10  2.65832930e+12  4.12e+03 2.65e-08  2.25e+06    71s
  13  -2.09091721e+10  9.17931232e+11  2.12e+03 3.09e-08  9.10e+05    72s
  14   2.88683104e+09  3.23111771e+11  1.80e+02 3.38e-08  1.40e+05    73s
  15   4.12493405e+09  1.58741446e+11  7.99e+01 3.66e-08  6.45e+04    73s
  16   4.32588949e+09  1.26091665e+11  6.37e+01 8.01e-08  5.08e+04    74s
  17   4.43950784e+09  1.13583087e+11  5.46e+01 7.07e-08  4.49e+04    75s
  18   4.73286036e+09  9.14368084e+10  3.10e+01 1.20e-07  3.28e+04    76s
  19   4.83064768e+09  8.27751832e+10  2.32e+01 1.61e-07  2.84e+04    77s
  20   4.85978542e+09  7.16436268e+10  2.10e+01 1.13e-07  2.47e+04    78s
  21   4.92850672e+09  6.69434916e+10  1.59e+01 1.35e-07  2.20e+04    79s
  22   4.98687054e+09  6.43783885e+10  1.18e+01 1.55e-07  2.03e+04    80s
  23   5.00501682e+09  4.74217912e+10  1.05e+01 1.63e-07  1.51e+04    82s
  24   5.03458391e+09  3.87837886e+10  8.52e+00 2.36e-07  1.22e+04    83s
  25   5.05746931e+09  3.13096373e+10  6.95e+00 2.46e-07  9.62e+03    85s
  26   5.08736393e+09  2.53680269e+10  4.55e+00 3.34e-07  7.33e+03    86s
  27   5.11360186e+09  2.25899319e+10  2.67e+00 3.39e-07  5.96e+03    87s
  28   5.12173341e+09  1.48866178e+10  2.13e+00 3.60e-07  3.41e+03    89s
  29   5.17118244e+09  1.37234075e+10  1.72e+00 4.70e-07  2.92e+03    90s
  30   5.17117864e+09  1.35896989e+10  1.71e+00 4.90e-07  2.88e+03    91s
  31   5.21346646e+09  1.21725187e+10  1.10e+00 6.97e-07  2.30e+03    92s
  32   5.24577904e+09  1.14232744e+10  8.68e-01 6.49e-07  2.00e+03    93s
  33   5.28436700e+09  9.38866390e+09  6.12e-01 6.24e-07  1.31e+03    95s
  34   5.31289583e+09  8.13750599e+09  4.57e-01 4.62e-07  8.89e+02    96s
  35   5.32784042e+09  7.76453448e+09  3.93e-01 5.03e-07  7.63e+02    97s
  36   5.36825691e+09  6.91024856e+09  2.93e-01 4.77e-07  4.81e+02    98s
  37   5.39796081e+09  6.42636367e+09  2.27e-01 5.50e-07  3.20e+02    99s
  38   5.41105317e+09  6.20799365e+09  2.02e-01 4.26e-07  2.49e+02   100s
  39   5.43772083e+09  6.02723238e+09  1.45e-01 5.62e-07  1.83e+02   102s
  40   5.44752138e+09  5.88559035e+09  1.28e-01 5.41e-07  1.37e+02   103s
  41   5.46034702e+09  5.80677763e+09  1.12e-01 5.81e-07  1.08e+02   104s
  42   5.47009206e+09  5.74687222e+09  9.54e-02 4.16e-07  8.63e+01   106s
  43   5.47665879e+09  5.71224400e+09  8.45e-02 3.47e-07  7.36e+01   107s
  44   5.48264837e+09  5.67934797e+09  7.46e-02 3.31e-07  6.15e+01   108s
  45   5.48707966e+09  5.66715181e+09  6.75e-02 3.83e-07  5.62e+01   110s
  46   5.49125022e+09  5.64976300e+09  6.08e-02 3.54e-07  4.94e+01   111s
  47   5.49737990e+09  5.63821865e+09  5.14e-02 4.08e-07  4.37e+01   112s
  48   5.50208932e+09  5.62576983e+09  4.43e-02 4.28e-07  3.83e+01   114s
  49   5.50882190e+09  5.61511043e+09  3.52e-02 3.84e-07  3.28e+01   115s
  50   5.51263314e+09  5.60752450e+09  3.10e-02 3.98e-07  2.93e+01   116s
  51   5.51499076e+09  5.59826160e+09  2.86e-02 3.75e-07  2.57e+01   117s
  52   5.51856905e+09  5.59385890e+09  2.49e-02 3.69e-07  2.32e+01   119s
  53   5.51992723e+09  5.58919061e+09  2.36e-02 3.46e-07  2.13e+01   120s
  54   5.52226779e+09  5.58487904e+09  2.14e-02 3.70e-07  1.93e+01   121s
  55   5.52466151e+09  5.57904442e+09  1.90e-02 3.97e-07  1.67e+01   122s
  56   5.52776519e+09  5.57484223e+09  1.63e-02 3.46e-07  1.45e+01   124s
  57   5.52915024e+09  5.57104557e+09  1.51e-02 3.70e-07  1.29e+01   125s
  58   5.53053105e+09  5.57095374e+09  1.40e-02 4.12e-07  1.24e+01   126s
  59   5.53364582e+09  5.56686553e+09  1.17e-02 4.03e-07  1.02e+01   127s
  60   5.53540853e+09  5.56407871e+09  1.04e-02 3.72e-07  8.81e+00   128s
  61   5.53727901e+09  5.56202855e+09  9.11e-03 4.41e-07  7.61e+00   130s
  62   5.53924670e+09  5.56132307e+09  7.82e-03 3.59e-07  6.77e+00   131s
  63   5.54123804e+09  5.55953113e+09  6.54e-03 3.76e-07  5.61e+00   132s
  64   5.54223067e+09  5.55919235e+09  5.94e-03 4.01e-07  5.20e+00   134s
  65   5.54485840e+09  5.55738660e+09  4.30e-03 3.72e-07  3.84e+00   135s
  66   5.54592728e+09  5.55619964e+09  3.72e-03 3.35e-07  3.15e+00   136s
  67   5.54800766e+09  5.55542891e+09  2.52e-03 2.90e-07  2.27e+00   138s
  68   5.54861023e+09  5.55457485e+09  2.16e-03 2.81e-07  1.83e+00   139s
  69   5.54950499e+09  5.55415320e+09  1.70e-03 2.78e-07  1.42e+00   141s
  70   5.54985275e+09  5.55384988e+09  1.51e-03 2.82e-07  1.23e+00   142s
  71   5.55011343e+09  5.55365761e+09  1.37e-03 3.60e-07  1.09e+00   143s
  72   5.55059693e+09  5.55354374e+09  1.11e-03 2.95e-07  9.03e-01   145s
  73   5.55147092e+09  5.55320604e+09  6.15e-04 3.15e-07  5.31e-01   146s
  74   5.55206866e+09  5.55305183e+09  2.85e-04 2.95e-07  2.98e-01   148s
  75   5.55236154e+09  5.55267351e+09  1.30e-04 2.85e-07  9.62e-02   149s
  76   5.55246471e+09  5.55262614e+09  7.70e-05 2.94e-07  5.02e-02   151s
  77   5.55256531e+09  5.55262236e+09  2.61e-05 2.45e-07  1.77e-02   152s
  78   5.55257829e+09  5.55262074e+09  2.69e-05 2.52e-07  1.32e-02   152s
  79   5.55259000e+09  5.55261863e+09  1.88e-05 2.65e-07  8.89e-03   153s
  80   5.55259750e+09  5.55261740e+09  1.27e-05 2.45e-07  6.19e-03   154s
  81   5.55260290e+09  5.55261714e+09  9.02e-06 2.50e-07  4.43e-03   155s
  82   5.55260745e+09  5.55261660e+09  5.93e-06 2.98e-07  2.85e-03   156s
  83   5.55261025e+09  5.55261647e+09  4.01e-06 2.89e-07  1.94e-03   156s
  84   5.55261549e+09  5.55261635e+09  8.32e-07 2.60e-07  2.67e-04   158s
  85   5.55261599e+09  5.55261626e+09  1.98e-07 2.74e-07  8.56e-05   158s
  86   5.55261625e+09  5.55261625e+09  1.79e-08 3.12e-07  6.50e-07   159s
  87   5.55261625e+09  5.55261625e+09  1.95e-08 2.39e-07  1.23e-10   160s

Barrier solved model in 87 iterations and 160.11 seconds (140.07 work units)
Optimal objective 5.55261625e+09


Root crossover log...

   54127 DPushes remaining with DInf 0.0000000e+00               160s
       0 DPushes remaining with DInf 0.0000000e+00               163s

    3812 PPushes remaining with PInf 0.0000000e+00               163s
       0 PPushes remaining with PInf 0.0000000e+00               163s

  Push phase complete: Pinf 0.0000000e+00, Dinf 1.4479604e+02    163s


Root simplex log...

Iteration    Objective       Primal Inf.    Dual Inf.      Time
   57838    5.5526162e+09   0.000000e+00   1.447960e+02    163s
   57865    5.5526162e+09   0.000000e+00   0.000000e+00    164s
Concurrent spin time: 0.05s

Solved with barrier
   58143    5.5526162e+09   0.000000e+00   0.000000e+00    165s
Extra simplex iterations after uncrush: 278

Root relaxation: objective 5.552616e+09, 58143 iterations, 119.04 seconds (88.22 work units)
Total elapsed time = 171.87s

    Nodes    |    Current Node    |     Objective Bounds      |     Work
 Expl Unexpl |  Obj  Depth IntInf | Incumbent    BestBd   Gap | It/Node Time

     0     0 5.5526e+09    0  672          - 5.5526e+09      -     -  178s
     0     0 5.5524e+09    0  741          - 5.5524e+09      -     -  768s
     0     0 5.5517e+09    0  662          - 5.5517e+09      -     - 1171s
     0     0 5.5517e+09    0  653          - 5.5517e+09      -     - 1225s
     0     0 5.5516e+09    0  706          - 5.5516e+09      -     - 1851s
     0     0 5.5516e+09    0  669          - 5.5516e+09      -     - 2064s
     0     0 5.5516e+09    0  703          - 5.5516e+09      -     - 2424s
     0     0 5.5516e+09    0  716          - 5.5516e+09      -     - 2498s
     0     0 5.5516e+09    0  684          - 5.5516e+09      -     - 2531s
     0     0 5.5516e+09    0  730          - 5.5516e+09      -     - 2721s
     0     0 5.5516e+09    0  772          - 5.5516e+09      -     - 2839s
     0     0 5.5510e+09    0  700          - 5.5510e+09      -     - 3236s
     0     0 5.5510e+09    0  713          - 5.5510e+09      -     - 3592s
     0     0 5.5510e+09    0  703          - 5.5510e+09      -     - 3656s
     0     0 5.5502e+09    0  763          - 5.5502e+09      -     - 4374s
     0     0 5.5502e+09    0  751          - 5.5502e+09      -     - 4473s
     0     0 5.5502e+09    0  707          - 5.5502e+09      -     - 4621s
     0     0 5.5502e+09    0  710          - 5.5502e+09      -     - 4722s
     0     0 5.5501e+09    0  731          - 5.5501e+09      -     - 4929s
     0     0 5.5501e+09    0  737          - 5.5501e+09      -     - 5033s
     0     0 5.5501e+09    0  667          - 5.5501e+09      -     - 5197s
H    0     0                    5.513528e+09 5.5501e+09  0.66%     - 5830s
     0     0 5.5501e+09    0  697 5.5135e+09 5.5501e+09  0.66%     - 10188s
     0     0 5.5501e+09    0  687 5.5135e+09 5.5501e+09  0.66%     - 10214s
     0     0 5.5501e+09    0  721 5.5135e+09 5.5501e+09  0.66%     - 10384s

Cutting planes:
  Cover: 18
  Implied bound: 59
  Clique: 3
  MIR: 15
  Flow cover: 17
  Network: 3
  RLT: 30
  Relax-and-lift: 58

Explored 1 nodes (273259 simplex iterations) in 10800.16 seconds (10973.80 work units)
Thread count was 20 (of 40 available processors)

Solution count 1: 5.51353e+09 

Time limit reached
Best objective 5.513527821381e+09, best bound 5.550133936487e+09, gap 0.6639%
Gurobi Optimizer version 10.0.1 build v10.0.1rc0 (linux64)

CPU model: Intel(R) Xeon(R) Gold 5115 CPU @ 2.40GHz, instruction set [SSE2|AVX|AVX2|AVX512]
Thread count: 20 physical cores, 40 logical processors, using up to 20 threads

Optimize a model with 222787 rows, 2868092 columns and 21519766 nonzeros
Model fingerprint: 0x3531abce
Variable types: 871139 continuous, 1996953 integer (1996953 binary)
Coefficient statistics:
  Matrix range     [1e+00, 2e+05]
  Objective range  [4e+01, 3e+07]
  Bounds range     [3e-11, 3e+05]
  RHS range        [1e+00, 4e+06]
Presolve removed 157213 rows and 1512853 columns (presolve time = 5s) ...
Presolve removed 176656 rows and 1947529 columns (presolve time = 10s) ...
Presolve removed 178676 rows and 1950197 columns (presolve time = 15s) ...
Presolve removed 181084 rows and 1953490 columns (presolve time = 20s) ...
Presolve removed 185436 rows and 2035912 columns (presolve time = 25s) ...
Presolve removed 185525 rows and 2038704 columns (presolve time = 30s) ...
Presolve removed 185609 rows and 2041286 columns (presolve time = 35s) ...
Presolve removed 185687 rows and 2043318 columns (presolve time = 40s) ...
Presolve removed 185830 rows and 2047196 columns (presolve time = 45s) ...
Presolve removed 186658 rows and 2068572 columns (presolve time = 50s) ...
Presolve removed 189781 rows and 2143857 columns (presolve time = 55s) ...
Presolve removed 189782 rows and 2143858 columns (presolve time = 60s) ...
Presolve removed 189701 rows and 2143777 columns
Presolve time: 62.93s
Presolved: 33086 rows, 724315 columns, 3576070 nonzeros
Variable types: 340295 continuous, 384020 integer (384020 binary)
Deterministic concurrent LP optimizer: primal simplex, dual simplex, and barrier
Showing barrier log only...

Root barrier log...

Ordering time: 1.67s

Barrier statistics:
 AA' NZ     : 1.893e+06
 Factor NZ  : 5.272e+06 (roughly 350 MB of memory)
 Factor Ops : 4.369e+09 (less than 1 second per iteration)
 Threads    : 17

                  Objective                Residual
Iter       Primal          Dual         Primal    Dual     Compl     Time
   0  -2.49236599e+15  1.37946378e+14  1.62e+08 3.99e+06  3.34e+11    73s
   1  -1.45422410e+15  8.30024694e+13  9.47e+07 6.86e+06  1.99e+11    74s
   2  -3.57179031e+14  5.59673052e+13  2.32e+07 2.48e+06  4.94e+10    74s
   3  -4.08949009e+13  3.23926075e+13  2.64e+06 1.39e+03  5.69e+09    74s
   4  -5.70520095e+12  2.06176198e+13  3.68e+05 2.23e+02  8.14e+08    75s
   5  -1.09736504e+12  1.64042456e+13  7.11e+04 9.51e+01  1.66e+08    75s
   6  -3.32404312e+11  1.16882177e+13  2.18e+04 2.14e+01  5.42e+07    75s
   7  -2.59969782e+11  1.00832040e+13  1.71e+04 1.53e+01  4.21e+07    76s
   8  -1.36642215e+11  8.42490207e+12  8.97e+03 9.60e-01  2.35e+07    76s
   9  -3.60132990e+10  5.02166473e+12  2.52e+03 2.98e-08  7.77e+06    76s
  10  -2.04101799e+10  2.32687638e+12  1.53e+03 2.45e-08  3.74e+06    77s
  11  -1.94903600e+09  1.03589889e+12  3.36e+02 2.42e-08  1.11e+06    77s
  12   8.93047163e+08  6.57494831e+11  1.49e+02 2.65e-08  6.12e+05    77s
  13   1.99268211e+09  3.37766306e+11  7.67e+01 1.12e-07  3.06e+05    78s
  14   2.41595687e+09  2.65282330e+11  4.89e+01 7.85e-08  2.27e+05    78s
  15   2.67992290e+09  2.18645328e+11  3.15e+01 6.47e-08  1.78e+05    78s
  16   2.83792945e+09  1.83582397e+11  2.12e+01 5.77e-08  1.44e+05    78s
  17   2.94953231e+09  1.43674455e+11  1.44e+01 8.67e-08  1.10e+05    79s
  18   3.04582085e+09  1.09814269e+11  8.43e+00 9.87e-08  8.17e+04    79s
  19   3.08190936e+09  8.93794801e+10  5.91e+00 1.23e-07  6.57e+04    80s
  20   3.09917871e+09  7.31759736e+10  4.59e+00 2.51e-07  5.42e+04    80s
  21   3.10675266e+09  4.72481077e+10  3.87e+00 6.67e-07  3.85e+04    81s
  22   3.11987049e+09  4.10079108e+10  2.69e+00 7.87e-07  3.24e+04    81s
  23   3.14430062e+09  3.31958954e+10  2.11e+00 9.16e-07  2.55e+04    82s
  24   3.20922996e+09  2.24334120e+10  1.35e+00 7.33e-07  1.58e+04    82s
  25   3.24491185e+09  1.36947631e+10  9.49e-01 5.63e-07  8.31e+03    82s
  26   3.32243387e+09  8.31867282e+09  4.26e-01 3.26e-07  3.74e+03    83s
  27   3.35281076e+09  7.48896484e+09  2.82e-01 2.69e-07  3.01e+03    83s
  28   3.35879516e+09  6.44512333e+09  2.57e-01 2.08e-07  2.24e+03    83s
  29   3.37889905e+09  5.53018826e+09  1.98e-01 1.68e-07  1.55e+03    83s
  30   3.38440934e+09  5.45554715e+09  1.83e-01 1.56e-07  1.48e+03    84s
  31   3.41454234e+09  5.00264163e+09  1.10e-01 1.26e-07  1.12e+03    84s
  32   3.42565637e+09  4.08815230e+09  8.15e-02 8.10e-08  4.64e+02    84s
  33   3.44027536e+09  3.86966406e+09  5.72e-02 4.89e-08  2.99e+02    85s
  34   3.44627389e+09  3.75185619e+09  4.89e-02 4.42e-08  2.12e+02    85s
  35   3.45219789e+09  3.65903599e+09  4.04e-02 2.75e-08  1.43e+02    86s
  36   3.45856083e+09  3.60361027e+09  3.12e-02 1.77e-08  1.00e+02    86s
  37   3.46411246e+09  3.57824179e+09  2.39e-02 1.44e-08  7.87e+01    86s
  38   3.46665994e+09  3.56821011e+09  2.11e-02 1.44e-08  6.99e+01    86s
  39   3.47406612e+09  3.54147440e+09  1.28e-02 9.78e-09  4.63e+01    87s
  40   3.47862616e+09  3.52976715e+09  9.11e-03 8.85e-09  3.51e+01    87s
  41   3.48298979e+09  3.51967113e+09  6.08e-03 6.98e-09  2.52e+01    88s
  42   3.48602189e+09  3.51434665e+09  4.59e-03 7.22e-09  1.94e+01    88s
  43   3.48860985e+09  3.51172853e+09  3.58e-03 6.87e-09  1.59e+01    88s
  44   3.49046532e+09  3.50928297e+09  2.92e-03 7.45e-09  1.29e+01    89s
  45   3.49206273e+09  3.50765313e+09  2.38e-03 6.87e-09  1.07e+01    89s
  46   3.49303318e+09  3.50669532e+09  2.06e-03 8.85e-09  9.37e+00    89s
  47   3.49335572e+09  3.50642672e+09  1.96e-03 9.31e-09  8.97e+00    90s
  48   3.49387268e+09  3.50570903e+09  1.80e-03 1.15e-08  8.12e+00    90s
  49   3.49428817e+09  3.50525157e+09  1.67e-03 1.23e-08  7.52e+00    90s
  50   3.49586550e+09  3.50453554e+09  1.19e-03 8.50e-09  5.95e+00    90s
  51   3.49641387e+09  3.50326480e+09  1.03e-03 7.33e-09  4.70e+00    91s
  52   3.49722254e+09  3.50276398e+09  8.00e-04 5.94e-09  3.80e+00    91s
  53   3.49794289e+09  3.50221351e+09  5.96e-04 6.98e-09  2.93e+00    91s
  54   3.49833725e+09  3.50198969e+09  4.89e-04 7.45e-09  2.50e+00    92s
  55   3.49855110e+09  3.50161845e+09  4.30e-04 7.92e-09  2.10e+00    92s
  56   3.49908857e+09  3.50107415e+09  2.90e-04 6.52e-09  1.36e+00    92s
  57   3.49951244e+09  3.50064462e+09  1.77e-04 4.66e-09  7.77e-01    93s
  58   3.49976138e+09  3.50051613e+09  1.13e-04 5.01e-09  5.18e-01    93s
  59   3.49995198e+09  3.50034295e+09  6.59e-05 4.66e-09  2.68e-01    93s
  60   3.50012323e+09  3.50027626e+09  2.42e-05 4.66e-09  1.05e-01    93s
  61   3.50019633e+09  3.50023439e+09  6.85e-06 4.66e-09  2.61e-02    94s
  62   3.50021848e+09  3.50022852e+09  4.06e-06 7.48e-09  6.89e-03    94s
  63   3.50022613e+09  3.50022652e+09  3.28e-07 7.45e-09  2.63e-04    94s
  64   3.50022641e+09  3.50022644e+09  1.25e-08 7.45e-09  1.80e-05    95s
  65   3.50022642e+09  3.50022642e+09  2.54e-09 7.45e-09  9.48e-08    95s
  66   3.50022642e+09  3.50022642e+09  1.59e-09 7.51e-09  1.49e-10    95s

Barrier solved model in 66 iterations and 95.29 seconds (104.92 work units)
Optimal objective 3.50022642e+09


Root crossover log...

   24250 DPushes remaining with DInf 0.0000000e+00                95s
       0 DPushes remaining with DInf 0.0000000e+00                96s

    2122 PPushes remaining with PInf 1.6165991e-06                96s
       0 PPushes remaining with PInf 0.0000000e+00                96s

  Push phase complete: Pinf 0.0000000e+00, Dinf 1.1098769e+00     96s


Root simplex log...

Iteration    Objective       Primal Inf.    Dual Inf.      Time
   25746    3.5002264e+09   0.000000e+00   1.109877e+00     96s
   25748    3.5002264e+09   0.000000e+00   0.000000e+00     96s
Concurrent spin time: 0.01s

Solved with barrier
   25767    3.5002264e+09   0.000000e+00   0.000000e+00     97s
Extra simplex iterations after uncrush: 19

Root relaxation: objective 3.500226e+09, 25767 iterations, 29.09 seconds (20.74 work units)

    Nodes    |    Current Node    |     Objective Bounds      |     Work
 Expl Unexpl |  Obj  Depth IntInf | Incumbent    BestBd   Gap | It/Node Time

     0     0 3.5002e+09    0  239          - 3.5002e+09      -     -  101s
     0     0 3.5001e+09    0  249          - 3.5001e+09      -     -  144s
     0     0 3.5000e+09    0  234          - 3.5000e+09      -     -  207s
     0     0 3.5000e+09    0  244          - 3.5000e+09      -     -  215s
     0     0 3.5000e+09    0  243          - 3.5000e+09      -     -  217s
     0     0 3.5000e+09    0  267          - 3.5000e+09      -     -  252s
H    0     0                    3.417009e+09 3.5000e+09  2.43%     -  271s
     0     0 3.5000e+09    0  261 3.4170e+09 3.5000e+09  2.43%     -  282s
     0     0 3.5000e+09    0  265 3.4170e+09 3.5000e+09  2.43%     -  284s
     0     0 3.5000e+09    0  296 3.4170e+09 3.5000e+09  2.43%     -  293s
     0     0 3.5000e+09    0  286 3.4170e+09 3.5000e+09  2.43%     -  312s
     0     0 3.5000e+09    0  283 3.4170e+09 3.5000e+09  2.43%     -  313s
     0     0 3.4994e+09    0  242 3.4170e+09 3.4994e+09  2.41%     -  349s
     0     0 3.4994e+09    0  245 3.4170e+09 3.4994e+09  2.41%     -  366s
     0     0 3.4994e+09    0  230 3.4170e+09 3.4994e+09  2.41%     -  373s
     0     0 3.4994e+09    0  230 3.4170e+09 3.4994e+09  2.41%     -  374s
     0     0 3.4994e+09    0  248 3.4170e+09 3.4994e+09  2.41%     -  390s
H    0     0                    3.438380e+09 3.4994e+09  1.77%     -  417s
     0     0 3.4994e+09    0  236 3.4384e+09 3.4994e+09  1.77%     -  420s
     0     0 3.4993e+09    0  245 3.4384e+09 3.4993e+09  1.77%     -  452s
     0     0 3.4993e+09    0  258 3.4384e+09 3.4993e+09  1.77%     -  469s
     0     0 3.4993e+09    0  258 3.4384e+09 3.4993e+09  1.77%     -  471s
     0     0 3.4985e+09    0  260 3.4384e+09 3.4985e+09  1.75%     -  506s
     0     0 3.4985e+09    0  237 3.4384e+09 3.4985e+09  1.75%     -  540s
     0     0 3.4985e+09    0  238 3.4384e+09 3.4985e+09  1.75%     -  542s
     0     0 3.4985e+09    0  229 3.4384e+09 3.4985e+09  1.75%     -  552s
H    0     0                    3.482521e+09 3.4985e+09  0.46%     -  577s
     0     0 3.4985e+09    0  242 3.4825e+09 3.4985e+09  0.46%     -  580s
     0     0 3.4985e+09    0  252 3.4825e+09 3.4985e+09  0.46%     -  588s
H    0     0                    3.488450e+09 3.4985e+09  0.29%     -  612s
     0     0 3.4985e+09    0  248 3.4884e+09 3.4985e+09  0.29%     -  619s
     0     0 3.4985e+09    0  258 3.4884e+09 3.4985e+09  0.29%     -  629s
     0     0 3.4985e+09    0  256 3.4884e+09 3.4985e+09  0.29%     -  638s
     0     0 3.4985e+09    0  255 3.4884e+09 3.4985e+09  0.29%     -  640s
     0     0 3.4985e+09    0  200 3.4884e+09 3.4985e+09  0.29%     -  658s
     0     0 3.4985e+09    0  211 3.4884e+09 3.4985e+09  0.29%     -  687s
     0     0 3.4985e+09    0  213 3.4884e+09 3.4985e+09  0.29%     -  690s
     0     0 3.4984e+09    0  207 3.4884e+09 3.4984e+09  0.29%     -  698s
H    0     0                    3.489621e+09 3.4984e+09  0.25%     -  724s
     0     0 3.4984e+09    0  211 3.4896e+09 3.4984e+09  0.25%     -  725s
     0     0 3.4984e+09    0  209 3.4896e+09 3.4984e+09  0.25%     -  729s
     0     0 3.4984e+09    0  207 3.4896e+09 3.4984e+09  0.25%     -  746s
     0     0 3.4984e+09    0  204 3.4896e+09 3.4984e+09  0.25%     -  753s
     0     0 3.4984e+09    0  195 3.4896e+09 3.4984e+09  0.25%     -  772s
H    0     0                    3.493358e+09 3.4984e+09  0.15%     -  797s
     0     2 3.4984e+09    0  192 3.4934e+09 3.4984e+09  0.15%     -  817s
     1     4 3.4984e+09    1  194 3.4934e+09 3.4984e+09  0.15%  3236  862s
     3     8 3.4984e+09    2  197 3.4934e+09 3.4984e+09  0.15%  2212  911s
     7    16 3.4984e+09    3  198 3.4934e+09 3.4984e+09  0.15%  1427 1031s
    15    32 3.4984e+09    4  210 3.4934e+09 3.4984e+09  0.15%  2260 1149s
    31    52 3.4984e+09    5  230 3.4934e+09 3.4984e+09  0.15%  2031 1350s
    51    72 3.4984e+09    6  218 3.4934e+09 3.4984e+09  0.15%  1661 1515s
    71    92 3.4984e+09    6  209 3.4934e+09 3.4984e+09  0.15%  1537 1590s
H   91   112                    3.493482e+09 3.4984e+09  0.14%  1402 1702s
H  101   112                    3.494899e+09 3.4984e+09  0.10%  1391 1704s
   111   133 3.4984e+09    8  191 3.4949e+09 3.4984e+09  0.10%  1355 1775s
   132   191 3.4984e+09    9  187 3.4949e+09 3.4984e+09  0.10%  1250 1933s
H  190   211                    3.496297e+09 3.4984e+09  0.06%  1027 5533s
H  191   211                    3.496328e+09 3.4984e+09  0.06%  1027 5535s
H  192   211                    3.497090e+09 3.4984e+09  0.04%  1022 5537s
H  195   211                    3.497331e+09 3.4984e+09  0.03%  1036 5538s
H  196   211                    3.497424e+09 3.4984e+09  0.03%  1032 5540s
H  205   211                    3.497427e+09 3.4984e+09  0.03%  1003 5542s

Cutting planes:
  Cover: 34
  Implied bound: 43
  MIR: 72
  Flow cover: 48
  GUB cover: 16
  Zero half: 1
  RLT: 13
  Relax-and-lift: 14

Explored 210 nodes (277742 simplex iterations) in 5543.28 seconds (5102.62 work units)
Thread count was 20 (of 40 available processors)

Solution count 10: 3.49743e+09 3.49742e+09 3.49733e+09 ... 3.48962e+09

Optimal solution found (tolerance 1.00e-03)
Best objective 3.497426537581e+09, best bound 3.498446805478e+09, gap 0.0292%
Gurobi Optimizer version 10.0.1 build v10.0.1rc0 (linux64)

CPU model: Intel(R) Xeon(R) Gold 5115 CPU @ 2.40GHz, instruction set [SSE2|AVX|AVX2|AVX512]
Thread count: 20 physical cores, 40 logical processors, using up to 20 threads

Optimize a model with 317722 rows, 4107410 columns and 39783618 nonzeros
Model fingerprint: 0xc1b0c919
Variable types: 1007747 continuous, 3099663 integer (3099663 binary)
Coefficient statistics:
  Matrix range     [1e+00, 2e+05]
  Objective range  [4e+01, 3e+07]
  Bounds range     [3e-16, 3e+05]
  RHS range        [1e+00, 5e+06]
Presolve removed 227940 rows and 2066739 columns (presolve time = 6s) ...
Presolve removed 258959 rows and 2807463 columns (presolve time = 10s) ...
Presolve removed 259398 rows and 2810000 columns (presolve time = 16s) ...
Presolve removed 261703 rows and 2831197 columns (presolve time = 20s) ...
Presolve removed 261703 rows and 2831197 columns (presolve time = 25s) ...
Presolve removed 274079 rows and 3072335 columns (presolve time = 30s) ...
Presolve removed 277505 rows and 3179602 columns (presolve time = 35s) ...
Presolve removed 279139 rows and 3196680 columns (presolve time = 40s) ...
Presolve removed 279141 rows and 3196682 columns (presolve time = 45s) ...
Presolve removed 279142 rows and 3196683 columns (presolve time = 50s) ...
Presolve removed 279142 rows and 3196683 columns (presolve time = 55s) ...
Presolve removed 279046 rows and 3196587 columns
Presolve time: 55.99s
Presolved: 38676 rows, 910823 columns, 5012779 nonzeros
Variable types: 498567 continuous, 412256 integer (412256 binary)
Deterministic concurrent LP optimizer: primal simplex, dual simplex, and barrier
Showing barrier log only...

Root barrier log...

Ordering time: 2.12s

Barrier statistics:
 AA' NZ     : 2.363e+06
 Factor NZ  : 6.778e+06 (roughly 400 MB of memory)
 Factor Ops : 6.575e+09 (less than 1 second per iteration)
 Threads    : 17

                  Objective                Residual
Iter       Primal          Dual         Primal    Dual     Compl     Time
   0  -2.70143726e+16  6.95178090e+13  1.65e+09 4.67e+06  1.65e+12    71s
   1  -7.09219412e+15  8.19668923e+13  4.33e+08 3.69e+06  4.46e+11    71s
   2  -9.03820291e+14  6.24874696e+13  5.52e+07 4.55e+04  5.70e+10    72s
   3  -4.14699391e+13  2.56230397e+13  2.53e+06 3.89e+02  2.64e+09    72s
   4  -5.04534241e+12  1.35087048e+13  3.09e+05 2.36e-08  3.38e+08    73s
   5  -1.43765100e+12  9.72826743e+12  8.81e+04 1.49e-08  9.93e+07    73s
   6  -3.81576155e+11  8.56517623e+12  2.36e+04 1.68e-08  2.96e+07    73s
   7  -1.90707040e+11  6.97984573e+12  1.19e+04 1.72e-08  1.58e+07    73s
   8  -1.32789530e+11  5.41669788e+12  8.38e+03 1.86e-08  1.08e+07    74s
   9  -4.10146213e+10  3.27169564e+12  2.78e+03 2.33e-08  4.11e+06    74s
  10  -3.31661059e+10  1.66174079e+12  2.30e+03 1.58e-08  2.51e+06    74s
  11  -1.50141948e+10  6.85498090e+11  1.20e+03 1.91e-08  1.09e+06    75s
  12  -1.60626935e+09  4.88087692e+11  3.81e+02 1.82e-08  4.86e+05    75s
  13   1.60519071e+09  2.86711119e+11  1.86e+02 1.96e-08  2.56e+05    75s
  14   3.11577789e+09  2.06024413e+11  9.40e+01 2.09e-08  1.61e+05    76s
  15   3.91806844e+09  1.31042827e+11  4.56e+01 9.41e-08  9.42e+04    76s
  16   4.22234708e+09  1.08788940e+11  2.76e+01 8.34e-08  7.28e+04    77s
  17   4.38697179e+09  9.44764378e+10  1.79e+01 7.58e-08  6.01e+04    77s
  18   4.47922872e+09  9.07844184e+10  1.27e+01 5.94e-08  5.54e+04    77s
  19   4.53495737e+09  7.39497649e+10  9.57e+00 9.73e-08  4.44e+04    78s
  20   4.57481956e+09  5.17424948e+10  7.23e+00 8.80e-08  3.11e+04    78s
  21   4.60690806e+09  3.80000577e+10  5.46e+00 2.64e-07  2.32e+04    78s
  22   4.61191288e+09  3.04459104e+10  4.98e+00 3.53e-07  1.91e+04    79s
  23   4.63926593e+09  2.68412155e+10  3.65e+00 4.86e-07  1.61e+04    79s
  24   4.64936039e+09  2.44492800e+10  3.25e+00 5.91e-07  1.43e+04    80s
  25   4.66240757e+09  2.16083240e+10  2.71e+00 5.30e-07  1.22e+04    80s
  26   4.69757290e+09  1.78056247e+10  1.58e+00 3.32e-07  8.81e+03    81s
  27   4.70954420e+09  1.19065713e+10  1.16e+00 2.77e-07  4.72e+03    81s
  28   4.72325882e+09  9.41092794e+09  8.79e-01 2.43e-07  3.03e+03    82s
  29   4.72768115e+09  8.28486140e+09  8.01e-01 2.14e-07  2.30e+03    82s
  30   4.73610808e+09  8.00361635e+09  7.16e-01 2.70e-07  2.09e+03    82s
  31   4.73711072e+09  7.77509143e+09  6.91e-01 2.84e-07  1.94e+03    83s
  32   4.74975897e+09  7.48923425e+09  4.78e-01 2.73e-07  1.70e+03    83s
  33   4.75561446e+09  7.24879938e+09  3.85e-01 2.43e-07  1.52e+03    83s
  34   4.76186062e+09  5.77806642e+09  2.88e-01 8.43e-08  6.15e+02    84s
  35   4.77043886e+09  5.12301787e+09  1.07e-01 2.93e-08  2.06e+02    84s
  36   4.77817024e+09  4.96993400e+09  1.23e-02 2.14e-08  1.10e+02    85s
  37   4.77835393e+09  4.95147141e+09  1.19e-02 2.28e-08  9.90e+01    85s
  38   4.77881092e+09  4.92665045e+09  1.09e-02 1.72e-08  8.45e+01    86s
  39   4.78017996e+09  4.90811931e+09  8.43e-03 1.96e-08  7.31e+01    86s
  40   4.78134806e+09  4.88644939e+09  7.37e-03 1.54e-08  6.00e+01    86s
  41   4.78264990e+09  4.86175392e+09  6.43e-03 1.26e-08  4.52e+01    87s
  42   4.78505707e+09  4.84793316e+09  4.66e-03 9.31e-09  3.59e+01    87s
  43   4.78617609e+09  4.84028150e+09  4.15e-03 1.16e-08  3.09e+01    87s
  44   4.78882974e+09  4.83217354e+09  3.05e-03 1.21e-08  2.47e+01    88s
  45   4.79068440e+09  4.82594652e+09  2.46e-03 7.92e-09  2.01e+01    88s
  46   4.79454076e+09  4.81881905e+09  1.47e-03 7.92e-09  1.38e+01    89s
  47   4.79532528e+09  4.81673523e+09  1.33e-03 1.21e-08  1.22e+01    89s
  48   4.79703758e+09  4.81542689e+09  1.07e-03 1.54e-08  1.05e+01    90s
  49   4.79753144e+09  4.81409177e+09  1.01e-03 1.72e-08  9.44e+00    90s
  50   4.79954904e+09  4.81357513e+09  7.75e-04 2.19e-08  8.00e+00    91s
  51   4.80060944e+09  4.81193995e+09  6.59e-04 1.58e-08  6.46e+00    91s
  52   4.80110140e+09  4.81006615e+09  6.04e-04 1.21e-08  5.11e+00    92s
  53   4.80219026e+09  4.80946687e+09  4.94e-04 6.52e-09  4.15e+00    92s
  54   4.80380072e+09  4.80869037e+09  3.20e-04 8.38e-09  2.79e+00    93s
  55   4.80468298e+09  4.80802112e+09  2.25e-04 9.31e-09  1.90e+00    93s
  56   4.80567037e+09  4.80752786e+09  1.21e-04 1.02e-08  1.06e+00    93s
  57   4.80644129e+09  4.80698356e+09  4.17e-05 7.45e-09  3.09e-01    94s
  58   4.80673138e+09  4.80690696e+09  1.29e-05 8.38e-09  1.00e-01    94s
  59   4.80680358e+09  4.80688681e+09  5.92e-06 9.78e-09  4.75e-02    95s
  60   4.80683088e+09  4.80687867e+09  3.38e-06 7.45e-09  2.73e-02    95s
  61   4.80684910e+09  4.80687120e+09  1.68e-06 8.38e-09  1.26e-02    95s
  62   4.80686394e+09  4.80686809e+09  2.92e-07 6.05e-09  2.37e-03    96s
  63   4.80686725e+09  4.80686727e+09  5.13e-08 5.12e-09  1.11e-05    96s
  64   4.80686726e+09  4.80686726e+09  3.20e-09 7.45e-09  8.28e-09    96s

Barrier solved model in 64 iterations and 96.35 seconds (128.27 work units)
Optimal objective 4.80686726e+09


Root crossover log...

   28196 DPushes remaining with DInf 0.0000000e+00                97s
       0 DPushes remaining with DInf 0.0000000e+00                97s

    3308 PPushes remaining with PInf 8.6500486e-06                97s
       0 PPushes remaining with PInf 0.0000000e+00                97s

  Push phase complete: Pinf 0.0000000e+00, Dinf 7.6047015e-07     97s


Root simplex log...

Iteration    Objective       Primal Inf.    Dual Inf.      Time
   31160    4.8068673e+09   0.000000e+00   0.000000e+00     97s
Concurrent spin time: 0.03s

Solved with barrier
   31160    4.8068673e+09   0.000000e+00   0.000000e+00     98s

Root relaxation: objective 4.806867e+09, 31160 iterations, 34.26 seconds (26.87 work units)
Total elapsed time = 100.61s

    Nodes    |    Current Node    |     Objective Bounds      |     Work
 Expl Unexpl |  Obj  Depth IntInf | Incumbent    BestBd   Gap | It/Node Time

     0     0 4.8069e+09    0  157          - 4.8069e+09      -     -  103s
     0     0 4.8054e+09    0  147          - 4.8054e+09      -     -  199s
     0     0 4.8054e+09    0  133          - 4.8054e+09      -     -  224s
     0     0 4.8054e+09    0  108          - 4.8054e+09      -     -  235s
     0     0 4.8054e+09    0  102          - 4.8054e+09      -     -  255s
     0     0 4.8054e+09    0   69          - 4.8054e+09      -     -  266s
     0     0 4.8054e+09    0   59          - 4.8054e+09      -     -  274s
     0     0 4.8054e+09    0   60          - 4.8054e+09      -     -  282s
     0     0 4.8054e+09    0   60          - 4.8054e+09      -     -  285s
     0     0 4.8054e+09    0   61          - 4.8054e+09      -     -  291s
     0     0 4.8054e+09    0   62          - 4.8054e+09      -     -  298s
     0     0 4.8054e+09    0   83          - 4.8054e+09      -     -  311s
     0     0 4.8053e+09    0   80          - 4.8053e+09      -     -  320s
     0     0 4.8053e+09    0   81          - 4.8053e+09      -     -  321s
     0     0 4.8053e+09    0   97          - 4.8053e+09      -     -  329s
     0     0 4.8053e+09    0   96          - 4.8053e+09      -     -  331s
     0     0 4.8053e+09    0   88          - 4.8053e+09      -     -  342s
     0     0 4.8053e+09    0   90          - 4.8053e+09      -     -  344s
     0     0 4.8053e+09    0   89          - 4.8053e+09      -     -  351s
     0     0 4.8053e+09    0   84          - 4.8053e+09      -     -  359s
     0     0 4.8053e+09    0  102          - 4.8053e+09      -     -  368s
     0     0 4.8053e+09    0   84          - 4.8053e+09      -     -  388s
H    0     0                    4.801235e+09 4.8053e+09  0.09%     -  433s

Cutting planes:
  Cover: 5
  MIR: 5
  Flow cover: 4
  GUB cover: 3
  Relax-and-lift: 2

Explored 1 nodes (60488 simplex iterations) in 434.09 seconds (410.84 work units)
Thread count was 20 (of 40 available processors)

Solution count 2: 4.80124e+09 4.80124e+09 

Optimal solution found (tolerance 1.00e-03)
Best objective 4.801235148956e+09, best bound 4.805348485052e+09, gap 0.0857%
Gurobi Optimizer version 10.0.1 build v10.0.1rc0 (linux64)

CPU model: Intel(R) Xeon(R) Gold 5115 CPU @ 2.40GHz, instruction set [SSE2|AVX|AVX2|AVX512]
Thread count: 20 physical cores, 40 logical processors, using up to 20 threads

Optimize a model with 322187 rows, 4141301 columns and 39271978 nonzeros
Model fingerprint: 0x1d4a38d1
Variable types: 55697 continuous, 4085604 integer (4085604 binary)
Coefficient statistics:
  Matrix range     [1e+00, 2e+05]
  Objective range  [4e+01, 3e+07]
  Bounds range     [3e-16, 3e+05]
  RHS range        [1e+00, 5e+06]
Presolve removed 278780 rows and 3161856 columns (presolve time = 6s) ...
Presolve removed 302328 rows and 3782885 columns (presolve time = 10s) ...
Presolve removed 303879 rows and 3788396 columns (presolve time = 15s) ...
Presolve removed 303879 rows and 3788396 columns (presolve time = 21s) ...
Presolve removed 303857 rows and 3788931 columns
Presolve time: 23.49s
Presolved: 18330 rows, 352370 columns, 1771370 nonzeros
Variable types: 9934 continuous, 342436 integer (342335 binary)
Deterministic concurrent LP optimizer: primal simplex, dual simplex, and barrier
Showing barrier log only...

Root barrier log...

Ordering time: 0.55s

Barrier statistics:
 AA' NZ     : 8.348e+05
 Factor NZ  : 2.218e+06 (roughly 170 MB of memory)
 Factor Ops : 1.343e+09 (less than 1 second per iteration)
 Threads    : 17

                  Objective                Residual
Iter       Primal          Dual         Primal    Dual     Compl     Time
   0  -5.99612518e+15  1.40939436e+12  9.03e+08 5.18e+05  8.48e+10    30s
   1  -1.47152571e+15  1.74803453e+12  2.23e+08 5.12e+05  2.11e+10    30s
   2  -3.83734775e+14  1.38166824e+12  5.88e+07 3.34e+04  5.67e+09    31s
   3  -1.21362871e+13  8.00544940e+11  1.86e+06 1.86e+02  1.81e+08    31s
   4  -1.74600269e+12  4.91296748e+11  2.68e+05 1.51e-09  2.73e+07    31s
   5  -1.12310665e+12  3.91407144e+11  1.73e+05 1.28e-09  1.76e+07    31s
   6  -1.90521474e+11  2.58013417e+11  2.98e+04 1.28e-09  3.27e+06    31s
   7  -1.42297796e+11  2.30738968e+11  2.24e+04 1.16e-09  2.46e+06    31s
   8  -7.96443445e+10  1.70027462e+11  1.29e+04 1.05e-09  1.35e+06    31s
   9  -2.68622039e+10  1.34436806e+11  4.80e+03 9.90e-10  5.74e+05    32s
  10  -6.12356226e+09  5.67594166e+10  1.65e+03 1.28e-09  1.80e+05    32s
  11  -5.40539684e+08  2.66064063e+10  8.02e+02 1.28e-09  7.30e+04    32s
  12   3.50621546e+09  1.07474483e+10  1.87e+02 1.40e-09  1.67e+04    32s
  13   4.21468987e+09  8.17636662e+09  8.00e+01 1.69e-09  8.23e+03    32s
  14   4.38988292e+09  7.01344038e+09  5.48e+01 3.03e-09  5.48e+03    33s
  15   4.55471700e+09  6.59184843e+09  3.11e+01 2.97e-09  3.90e+03    33s
  16   4.63903089e+09  6.25714487e+09  1.99e+01 3.78e-09  2.96e+03    33s
  17   4.65975514e+09  6.02567991e+09  1.74e+01 3.61e-09  2.55e+03    33s
  18   4.68831225e+09  5.84234300e+09  1.36e+01 3.75e-09  2.14e+03    33s
  19   4.68957471e+09  5.81353227e+09  1.34e+01 3.52e-09  2.09e+03    33s
  20   4.71815901e+09  5.73295905e+09  9.56e+00 3.87e-09  1.80e+03    34s
  21   4.72522902e+09  5.54783869e+09  8.80e+00 5.27e-09  1.53e+03    34s
  22   4.72441176e+09  5.50180641e+09  8.65e+00 5.12e-09  1.48e+03    34s
  23   4.74855225e+09  5.39734211e+09  5.47e+00 5.21e-09  1.18e+03    34s
  24   4.75664637e+09  5.34308246e+09  4.48e+00 5.68e-09  1.05e+03    34s
  25   4.76292934e+09  5.22427149e+09  3.93e+00 5.33e-09  8.31e+02    35s
  26   4.76537457e+09  5.17718335e+09  3.49e+00 6.23e-09  7.39e+02    35s
  27   4.77317103e+09  5.08161723e+09  2.73e+00 5.12e-09  5.48e+02    35s
  28   4.78278213e+09  4.98839087e+09  2.00e+00 4.48e-09  3.58e+02    35s
  29   4.78816899e+09  4.96992059e+09  1.38e+00 4.83e-09  3.01e+02    35s
  30   4.79309366e+09  4.91463267e+09  8.50e-01 3.52e-09  1.92e+02    36s
  31   4.79614470e+09  4.88205617e+09  5.65e-01 3.14e-09  1.31e+02    36s
  32   4.80111827e+09  4.85941981e+09  1.31e-01 2.33e-09  8.46e+01    36s
  33   4.80383386e+09  4.83327313e+09  7.11e-02 1.89e-09  4.23e+01    36s
  34   4.80453692e+09  4.83046497e+09  6.42e-02 1.80e-09  3.72e+01    36s
  35   4.80521751e+09  4.82946678e+09  5.83e-02 2.42e-09  3.48e+01    37s
  36   4.80609886e+09  4.82655898e+09  4.94e-02 2.39e-09  2.93e+01    37s
  37   4.80755720e+09  4.82493362e+09  3.70e-02 2.50e-09  2.49e+01    37s
  38   4.80793182e+09  4.82323245e+09  3.46e-02 2.74e-09  2.19e+01    37s
  39   4.80875142e+09  4.82190959e+09  2.90e-02 2.39e-09  1.88e+01    37s
  40   4.80908513e+09  4.82099425e+09  2.69e-02 2.68e-09  1.70e+01    37s
  41   4.80957952e+09  4.82050983e+09  2.41e-02 2.21e-09  1.56e+01    37s
  42   4.81003481e+09  4.81999340e+09  2.17e-02 2.72e-09  1.42e+01    37s
  43   4.81048812e+09  4.81966510e+09  1.94e-02 2.79e-09  1.31e+01    38s
  44   4.81147583e+09  4.81887755e+09  1.49e-02 2.56e-09  1.06e+01    38s
  45   4.81255643e+09  4.81770293e+09  1.12e-02 1.89e-09  7.36e+00    38s
  46   4.81348524e+09  4.81664821e+09  7.88e-03 1.75e-09  4.52e+00    38s
  47   4.81487694e+09  4.81651647e+09  3.01e-03 1.54e-09  2.34e+00    38s
  48   4.81519550e+09  4.81630731e+09  1.93e-03 1.89e-09  1.59e+00    38s
  49   4.81533353e+09  4.81624882e+09  1.48e-03 2.21e-09  1.31e+00    39s
  50   4.81538492e+09  4.81621152e+09  1.30e-03 2.44e-09  1.18e+00    39s
  51   4.81547326e+09  4.81612277e+09  1.01e-03 2.56e-09  9.27e-01    39s
  52   4.81555567e+09  4.81607320e+09  7.64e-04 2.47e-09  7.39e-01    39s
  53   4.81568167e+09  4.81601394e+09  4.01e-04 2.33e-09  4.74e-01    39s
  54   4.81578931e+09  4.81588632e+09  1.03e-04 1.86e-09  1.38e-01    39s
  55   4.81582852e+09  4.81583661e+09  8.21e-06 2.15e-09  1.15e-02    39s
  56   4.81583242e+09  4.81583295e+09  1.01e-06 1.92e-09  7.57e-04    40s
  57   4.81583270e+09  4.81583271e+09  1.87e-07 1.98e-09  8.60e-06    40s
  58   4.81583271e+09  4.81583271e+09  6.91e-08 2.33e-09  9.00e-09    40s

Barrier solved model in 58 iterations and 39.91 seconds (36.26 work units)
Optimal objective 4.81583271e+09


Root crossover log...

   11381 DPushes remaining with DInf 0.0000000e+00                40s
     664 DPushes remaining with DInf 0.0000000e+00                40s
       0 DPushes remaining with DInf 0.0000000e+00                40s

    1061 PPushes remaining with PInf 1.4461529e-06                40s
       0 PPushes remaining with PInf 0.0000000e+00                40s

  Push phase complete: Pinf 0.0000000e+00, Dinf 2.9039084e+04     40s


Root simplex log...

Iteration    Objective       Primal Inf.    Dual Inf.      Time
   12442    4.8158327e+09   0.000000e+00   2.903908e+04     40s
   12455    4.8158327e+09   0.000000e+00   0.000000e+00     40s
Concurrent spin time: 0.01s

Solved with barrier
   12457    4.8158327e+09   0.000000e+00   0.000000e+00     40s
Extra simplex iterations after uncrush: 2

Root relaxation: objective 4.815833e+09, 12457 iterations, 12.39 seconds (8.48 work units)

    Nodes    |    Current Node    |     Objective Bounds      |     Work
 Expl Unexpl |  Obj  Depth IntInf | Incumbent    BestBd   Gap | It/Node Time

     0     0 4.8158e+09    0  137          - 4.8158e+09      -     -   41s
     0     0 4.8158e+09    0  150          - 4.8158e+09      -     -   64s
     0     0 4.8158e+09    0  150          - 4.8158e+09      -     -   71s
     0     0 4.8158e+09    0  142          - 4.8158e+09      -     -   77s
     0     0 4.8158e+09    0  142          - 4.8158e+09      -     -   78s
     0     0 4.8158e+09    0  175          - 4.8158e+09      -     -   84s
     0     0 4.8158e+09    0  168          - 4.8158e+09      -     -   86s
     0     0 4.8158e+09    0  131          - 4.8158e+09      -     -   98s
     0     0 4.8158e+09    0  129          - 4.8158e+09      -     -   99s
     0     0 4.8158e+09    0  150          - 4.8158e+09      -     -  101s
     0     0 4.8158e+09    0  151          - 4.8158e+09      -     -  108s
     0     0 4.8158e+09    0  150          - 4.8158e+09      -     -  111s
     0     0 4.8158e+09    0  160          - 4.8158e+09      -     -  119s
     0     0 4.8158e+09    0  149          - 4.8158e+09      -     -  122s
     0     0 4.8158e+09    0  146          - 4.8158e+09      -     -  126s
     0     0 4.8158e+09    0  147          - 4.8158e+09      -     -  135s
     0     0 4.8158e+09    0  134          - 4.8158e+09      -     -  138s
     0     0 4.8158e+09    0  136          - 4.8158e+09      -     -  140s
     0     0 4.8158e+09    0  128          - 4.8158e+09      -     -  143s
     0     0 4.8158e+09    0  117          - 4.8158e+09      -     -  152s
     0     2 4.8158e+09    0  117          - 4.8158e+09      -     -  368s
     1     4 4.8158e+09    1  117          - 4.8158e+09      -   963  377s
     3     8 4.8158e+09    2  139          - 4.8158e+09      -   377  389s
     7    16 4.8158e+09    3  155          - 4.8158e+09      -   346  404s
    15    32 4.8158e+09    4  148          - 4.8158e+09      -   469  425s
    31    52 4.8158e+09    5  158          - 4.8158e+09      -   471  446s
    51    70 4.8158e+09    6  154          - 4.8158e+09      -   324  463s
    71    90 4.8158e+09    7  153          - 4.8158e+09      -   329  481s
    91   110 4.8158e+09    8  141          - 4.8158e+09      -   304  496s
   111   130 4.8158e+09    9  136          - 4.8158e+09      -   267  519s
   131   150 4.8158e+09   10  137          - 4.8158e+09      -   251  537s
   151   193 4.8158e+09   11  144          - 4.8158e+09      -   240  567s
   194   265 4.8158e+09   12  126          - 4.8158e+09      -   207  625s
   266   565 4.8158e+09   15  128          - 4.8158e+09      -   220  740s
   566  1233 4.8158e+09   22  132          - 4.8158e+09      -   152  927s
  1236  2603 4.8157e+09   43  117          - 4.8158e+09      -   139 1379s
  1292  2603 4.8157e+09   45  155          - 4.8158e+09      -   143 1380s
  2662  3998 4.8157e+09   85  157          - 4.8158e+09      -   144 1822s
  4115  5586 4.8157e+09  137  146          - 4.8158e+09      -   137 2031s
  5751  7149 4.8156e+09  207  144          - 4.8158e+09      -   125 2169s
  7358  8708 4.8156e+09  265  109          - 4.8158e+09      -   118 2306s
  8957 10379 4.8155e+09  330  129          - 4.8158e+09      -   110 2413s
 10654 12040 4.8155e+09  410  136          - 4.8158e+09      -   103 2513s
 12346 12041 4.8154e+09  377  117          - 4.8158e+09      -  97.4 4091s
 12348 12042 4.8156e+09  448  137          - 4.8158e+09      -  97.4 4145s
 12349 12043 4.8156e+09  289  116          - 4.8158e+09      -  97.4 4161s
 12350 12044 4.8155e+09  459  148          - 4.8158e+09      -  97.4 4183s
 12351 12044 4.8156e+09  310  129          - 4.8158e+09      -  97.3 4186s
 12352 12045 4.8155e+09  317  142          - 4.8158e+09      -  97.3 4190s
 12353 12046 4.8157e+09  137  148          - 4.8158e+09      -  97.3 4201s
 12354 12046 4.8155e+09  214  145          - 4.8157e+09      -  97.3 4219s
 12355 12047 4.8155e+09  464  163          - 4.8157e+09      -  97.3 4238s
 12356 12048 4.8157e+09  132  145          - 4.8157e+09      -  97.3 4250s
 12357 12048 4.8157e+09    8  156          - 4.8157e+09      -  97.3 4262s
 12358 12049 4.8155e+09  577  136          - 4.8157e+09      -  97.3 4269s
 12359 12050 4.8156e+09  226  155          - 4.8157e+09      -  97.3 4275s
 12360 12050 4.8156e+09  216  169          - 4.8157e+09      -  97.3 4284s
 12361 12051 4.8156e+09  179  144          - 4.8157e+09      -  97.3 4305s
 12362 12052 4.8156e+09  308  167          - 4.8157e+09      -  97.3 4311s
 12363 12052 4.8156e+09  324  155          - 4.8157e+09      -  97.3 4320s
 12364 12053 4.8156e+09  242  141          - 4.8157e+09      -  97.2 4336s
 12366 12054 4.8155e+09  544  173          - 4.8157e+09      -  97.2 4348s
 12367 12055 4.8157e+09   89  169          - 4.8157e+09      -  97.2 4351s
 12368 12056 4.8156e+09  173  172          - 4.8157e+09      -  97.2 4361s
 12369 12056 4.8155e+09  501  179          - 4.8157e+09      -  97.2 4390s
 12370 12057 4.8157e+09  173  162          - 4.8157e+09      -  97.2 4396s
 12371 12058 4.8157e+09  126  160          - 4.8157e+09      -  97.2 4406s
 12372 12058 4.8157e+09  171  169          - 4.8157e+09      -  97.2 4421s
 12373 12059 4.8157e+09  157  164          - 4.8157e+09      -  97.2 4431s
 12374 12060 4.8156e+09  276  167          - 4.8157e+09      -  97.2 4443s
 12375 12060 4.8155e+09  441  161          - 4.8157e+09      -  97.2 4453s
 12376 12061 4.8152e+09  142  152          - 4.8157e+09      -  97.1 4465s
 12378 12062 4.8156e+09  359  151          - 4.8157e+09      -  97.1 4476s
 12379 12063 4.8157e+09   30  155          - 4.8157e+09      -  97.1 4523s
 12380 12064 4.8156e+09  166  157          - 4.8157e+09      -  97.1 4533s
 12381 12064 4.8157e+09   13  150          - 4.8157e+09      -  97.1 4544s
 12384 12068 4.8132e+09   95  117          - 4.8157e+09      -   101 4555s
 12386 12069 4.8156e+09  403  158          - 4.8157e+09      -   101 4608s
 12387 12070 4.8157e+09   73  124          - 4.8157e+09      -   101 4625s
 12388 12071 4.8156e+09  185  157          - 4.8157e+09      -   101 4646s
 12389 12071 4.8156e+09  297  167          - 4.8157e+09      -   101 4670s
 12390 12072 4.8155e+09  327  142          - 4.8157e+09      -   101 4683s
 12391 12073 4.8154e+09  559  152          - 4.8157e+09      -   101 4693s
 12392 12073 4.8155e+09  376  152          - 4.8157e+09      -   101 4703s
 12393 12074 4.8155e+09  400  147          - 4.8157e+09      -   101 4742s
 12394 12075 4.8157e+09   36  151          - 4.8157e+09      -   101 4759s
 12395 12075 4.8153e+09  552  157          - 4.8157e+09      -   101 4773s
 12396 12076 4.8155e+09  481  162          - 4.8157e+09      -   101 4788s
 12397 12077 4.8157e+09   80  143          - 4.8157e+09      -   101 4801s
 12398 12077 4.8157e+09   84  145          - 4.8157e+09      -   101 4809s
 12399 12078 4.8156e+09  178  166          - 4.8157e+09      -   101 4814s
 12400 12079 4.8155e+09  531  169          - 4.8157e+09      -   101 4824s
 12401 12079 4.8157e+09  197  155          - 4.8157e+09      -   101 4846s
 12402 12080 4.8157e+09   11  153          - 4.8157e+09      -   101 4855s
 12403 12081 4.8157e+09   17  152          - 4.8157e+09      -   101 4866s
 12404 12081 4.8154e+09  364  168          - 4.8157e+09      -   101 4877s
 12405 12082 4.8157e+09  198  161          - 4.8157e+09      -   101 4889s
 12406 12083 4.8156e+09  228  154          - 4.8157e+09      -   101 4898s
H12406 11478                    4.554032e+09 4.8157e+09  5.74%   101 4908s
 12407 11478 4.8155e+09  409  152 4.5540e+09 4.8157e+09  5.74%   101 4911s
 12408 11479 4.8156e+09  318  142 4.5540e+09 4.8157e+09  5.74%   101 4938s
 12409 11480 4.8156e+09   48  142 4.5540e+09 4.8156e+09  5.74%   101 5077s
 12410 11483 4.8156e+09   26  149 4.5540e+09 4.8156e+09  5.74%   106 5332s
 12412 11487 4.8155e+09   27  146 4.5540e+09 4.8156e+09  5.74%   106 5364s
 12416 11493 4.8155e+09   28  125 4.5540e+09 4.8156e+09  5.74%   106 5394s
 12424 11507 4.8155e+09   29  128 4.5540e+09 4.8156e+09  5.74%   106 5432s
 12440 11521 4.8155e+09   30  153 4.5540e+09 4.8156e+09  5.74%   107 5543s
 12460 11535 4.8155e+09   31  157 4.5540e+09 4.8156e+09  5.74%   107 5951s
 12480 11548 4.8155e+09   31  193 4.5540e+09 4.8156e+09  5.74%   108 6003s
 12500 11561 4.8155e+09   32  159 4.5540e+09 4.8156e+09  5.74%   108 6026s
 12520 11575 4.8155e+09   32  156 4.5540e+09 4.8156e+09  5.74%   108 6092s
 12540 11599 4.8155e+09   33  154 4.5540e+09 4.8156e+09  5.74%   108 6129s
 12571 11659 4.8155e+09   33  136 4.5540e+09 4.8156e+09  5.74%   109 6219s
 12641 11800 4.8155e+09   34  185 4.5540e+09 4.8156e+09  5.74%   110 6403s
 12806 12168 4.8155e+09   37  159 4.5540e+09 4.8156e+09  5.74%   113 6797s
 13249 12274 4.8154e+09   43  180 4.5540e+09 4.8156e+09  5.74%   116 10187s
 13514 13813 4.8155e+09   50  183 4.5540e+09 4.8156e+09  5.74%   119 10800s

Cutting planes:
  Gomory: 5
  Cover: 5
  Implied bound: 1
  MIR: 13
  Flow cover: 26
  GUB cover: 6

Cleanup yields a better solution

Explored 15160 nodes (2003435 simplex iterations) in 10800.65 seconds (11811.77 work units)
Thread count was 20 (of 40 available processors)

Solution count 2: 4.55606e+09 4.55403e+09 

Time limit reached
Best objective 4.556059389386e+09, best bound 4.815551211344e+09, gap 5.6955%
