
Gurobi 10.0.1 (linux64) logging started Mon May 22 10:58:32 2023

Set parameter LogFile to value "logFiles/N-1L-A/N-1L-16U-33F-23V-365D/basic-05-22-2023, 10-58-H80-P60-O10.log"
Gurobi Optimizer version 10.0.1 build v10.0.1rc0 (linux64)

CPU model: Intel(R) Xeon(R) Gold 5115 CPU @ 2.40GHz, instruction set [SSE2|AVX|AVX2|AVX512]
Thread count: 20 physical cores, 40 logical processors, using up to 20 threads

Optimize a model with 116449 rows, 1489874 columns and 9681892 nonzeros
Model fingerprint: 0xf55b9624
Variable types: 633211 continuous, 856663 integer (856663 binary)
Coefficient statistics:
  Matrix range     [1e+00, 2e+05]
  Objective range  [4e+01, 3e+07]
  Bounds range     [1e+00, 1e+00]
  RHS range        [1e+00, 3e+06]
Presolve removed 62779 rows and 34276 columns (presolve time = 5s) ...
Presolve removed 62779 rows and 34276 columns (presolve time = 10s) ...
Presolve removed 63668 rows and 36979 columns (presolve time = 15s) ...
Presolve removed 63669 rows and 36982 columns (presolve time = 20s) ...
Presolve removed 63669 rows and 37011 columns (presolve time = 26s) ...
Presolve removed 63669 rows and 37011 columns (presolve time = 30s) ...
Presolve removed 63669 rows and 37011 columns (presolve time = 35s) ...
Presolve removed 63581 rows and 36923 columns
Presolve time: 35.55s
Presolved: 52868 rows, 1452951 columns, 7705540 nonzeros
Variable types: 609566 continuous, 843385 integer (843385 binary)
Deterministic concurrent LP optimizer: primal simplex, dual simplex, and barrier
Showing barrier log only...

Root barrier log...

Ordering time: 3.80s

Barrier statistics:
 AA' NZ     : 3.619e+06
 Factor NZ  : 1.172e+07 (roughly 700 MB of memory)
 Factor Ops : 1.804e+10 (less than 1 second per iteration)
 Threads    : 17

                  Objective                Residual
Iter       Primal          Dual         Primal    Dual     Compl     Time
   0  -1.84636802e+16  1.30445216e+14  1.31e+09 7.80e+06  9.42e+11    55s
   1  -7.01816139e+15  1.23371268e+14  4.98e+08 9.77e+06  3.61e+11    55s
   2  -4.66062164e+15  1.02107324e+14  3.31e+08 2.66e+06  2.44e+11    56s
   3  -4.72607631e+14  7.98048560e+13  3.37e+07 5.16e+05  2.51e+10    57s
   4  -5.89085850e+13  5.11351333e+13  4.20e+06 3.57e+04  3.15e+09    58s
   5  -2.04920656e+13  3.39436316e+13  1.46e+06 8.28e+03  1.11e+09    58s
   6  -8.53731461e+12  2.68997386e+13  6.09e+05 3.79e+03  4.68e+08    59s
   7  -4.07736148e+12  2.07635598e+13  2.91e+05 1.58e+03  2.28e+08    60s
   8  -1.01132030e+12  1.91397295e+13  7.22e+04 1.02e+03  6.13e+07    60s
   9  -6.88164489e+11  1.56030460e+13  4.92e+04 4.37e+02  4.11e+07    61s
  10  -2.68162209e+11  1.21072567e+13  1.94e+04 1.00e+02  1.74e+07    62s
  11  -9.73078991e+10  6.82698302e+12  7.25e+03 1.18e+02  6.74e+06    62s
  12  -5.36790770e+10  4.07116800e+12  4.16e+03 3.09e+00  3.65e+06    63s
  13  -3.41837680e+10  2.78393109e+12  2.78e+03 3.57e-01  2.36e+06    63s
  14  -1.22796228e+10  1.12296249e+12  1.23e+03 3.02e-08  9.14e+05    64s
  15   2.05214470e+09  3.33434005e+11  2.26e+02 3.07e-08  1.95e+05    65s
  16   4.12611439e+09  1.57316850e+11  8.26e+01 3.17e-08  8.05e+04    65s
  17   4.60330210e+09  1.03365730e+11  5.02e+01 3.31e-08  5.04e+04    66s
  18   4.66229180e+09  9.37935392e+10  4.62e+01 3.33e-08  4.57e+04    67s
  19   4.73311133e+09  7.08344179e+10  4.14e+01 5.98e-08  3.62e+04    68s
  20   4.78180214e+09  6.72180239e+10  3.81e+01 4.85e-08  3.39e+04    68s
  21   4.91426044e+09  5.91792604e+10  2.94e+01 6.62e-08  2.82e+04    69s
  22   5.01835378e+09  4.57765181e+10  2.27e+01 1.02e-07  2.14e+04    70s
  23   5.10779972e+09  3.82701784e+10  1.71e+01 8.15e-08  1.69e+04    71s
  24   5.14440441e+09  2.90612295e+10  1.49e+01 1.12e-07  1.30e+04    72s
  25   5.23048758e+09  2.16174878e+10  9.64e+00 1.35e-07  8.80e+03    73s
  26   5.29035300e+09  1.64499650e+10  6.73e+00 1.17e-07  6.07e+03    74s
  27   5.34118785e+09  1.55044097e+10  3.93e+00 1.46e-07  4.79e+03    76s
  28   5.37308196e+09  1.42531190e+10  2.81e+00 1.67e-07  3.95e+03    77s
  29   5.41592899e+09  1.19429424e+10  1.77e+00 1.62e-03  2.74e+03    78s
  30   5.47596385e+09  1.01880832e+10  1.17e+00 1.75e-03  1.90e+03    79s
  31   5.51215457e+09  9.68317875e+09  9.06e-01 1.65e-03  1.63e+03    80s
  32   5.53375274e+09  8.63785286e+09  7.87e-01 6.39e-04  1.21e+03    82s
  33   5.55909483e+09  7.82191898e+09  6.38e-01 2.37e-04  8.72e+02    83s
  34   5.56989617e+09  7.61956866e+09  5.83e-01 2.89e-04  7.86e+02    84s
  35   5.57105011e+09  7.35375871e+09  5.78e-01 1.81e-04  6.86e+02    85s
  36   5.57919199e+09  7.11682986e+09  5.39e-01 1.84e-07  5.91e+02    85s
  37   5.62020859e+09  6.64077087e+09  3.49e-01 1.53e-07  3.82e+02    87s
  38   5.63429721e+09  6.32301781e+09  3.08e-01 1.36e-07  2.59e+02    88s
  39   5.65028006e+09  6.26471899e+09  2.56e-01 1.60e-07  2.29e+02    89s
  40   5.65343205e+09  6.25669530e+09  2.45e-01 1.73e-07  2.24e+02    90s
  41   5.66323689e+09  6.14533526e+09  2.17e-01 1.64e-07  1.79e+02    91s
  42   5.68402635e+09  5.95138952e+09  1.56e-01 1.34e-07  9.96e+01    92s
  43   5.69481201e+09  5.89891373e+09  1.27e-01 1.43e-07  7.58e+01    93s
  44   5.70339444e+09  5.86990892e+09  1.04e-01 1.48e-07  6.16e+01    94s
  45   5.70538570e+09  5.85372400e+09  9.93e-02 3.23e-06  5.49e+01    95s
  46   5.71553739e+09  5.83361110e+09  7.67e-02 3.90e-07  4.34e+01    96s
  47   5.72192019e+09  5.81510836e+09  6.32e-02 1.48e-07  3.42e+01    97s
  48   5.73146106e+09  5.80485713e+09  4.18e-02 1.49e-07  2.66e+01    98s
  49   5.73645193e+09  5.80029441e+09  3.21e-02 1.82e-07  2.30e+01    99s
  50   5.73934227e+09  5.79192889e+09  2.61e-02 1.74e-07  1.89e+01   100s
  51   5.74187025e+09  5.78531478e+09  2.22e-02 1.61e-07  1.56e+01   101s
  52   5.74662463e+09  5.78128633e+09  1.49e-02 1.74e-07  1.24e+01   102s
  53   5.74937855e+09  5.77769659e+09  1.17e-02 1.96e-07  1.01e+01   103s
  54   5.75040262e+09  5.77620771e+09  1.06e-02 1.60e-07  9.20e+00   104s
  55   5.75274660e+09  5.77326490e+09  8.25e-03 1.41e-07  7.31e+00   105s
  56   5.75379722e+09  5.77163212e+09  7.39e-03 1.15e-06  6.36e+00   105s
  57   5.75480345e+09  5.77000248e+09  6.58e-03 2.89e-06  5.43e+00   107s
  58   5.75634732e+09  5.76835054e+09  5.33e-03 3.65e-06  4.29e+00   108s
  59   5.75723155e+09  5.76751582e+09  4.65e-03 2.97e-06  3.68e+00   109s
  60   5.75853370e+09  5.76703811e+09  3.68e-03 2.88e-06  3.04e+00   110s
  61   5.76009021e+09  5.76627929e+09  2.56e-03 2.91e-06  2.21e+00   111s
  62   5.76084427e+09  5.76584098e+09  2.02e-03 2.51e-06  1.78e+00   112s
  63   5.76145744e+09  5.76552158e+09  1.58e-03 2.17e-06  1.45e+00   113s
  64   5.76171486e+09  5.76524743e+09  1.40e-03 1.94e-06  1.26e+00   114s
  65   5.76223139e+09  5.76496454e+09  1.03e-03 1.59e-06  9.72e-01   115s
  66   5.76230642e+09  5.76477909e+09  9.81e-04 1.35e-06  8.81e-01   116s
  67   5.76236778e+09  5.76467312e+09  9.38e-04 1.21e-06  8.22e-01   117s
  68   5.76271898e+09  5.76452722e+09  6.94e-04 1.01e-06  6.44e-01   118s
  69   5.76309134e+09  5.76434904e+09  4.33e-04 6.86e-07  4.46e-01   119s
  70   5.76322922e+09  5.76416163e+09  3.39e-04 4.60e-07  3.32e-01   120s
  71   5.76333623e+09  5.76399796e+09  2.67e-04 2.25e-07  2.36e-01   121s
  72   5.76360347e+09  5.76395520e+09  9.10e-05 1.90e-07  1.24e-01   122s
  73   5.76372379e+09  5.76380549e+09  2.24e-05 1.39e-07  2.84e-02   123s
  74   5.76374273e+09  5.76376194e+09  4.00e-06 1.27e-07  6.67e-03   124s
  75   5.76374590e+09  5.76375512e+09  7.67e-06 1.42e-07  3.19e-03   125s
  76   5.76374694e+09  5.76374966e+09  1.66e-06 1.45e-07  9.38e-04   126s
  77   5.76374702e+09  5.76374847e+09  9.88e-07 1.29e-07  4.99e-04   126s
  78   5.76374710e+09  5.76374750e+09  4.28e-07 1.40e-07  1.39e-04   127s
  79   5.76374714e+09  5.76374721e+09  3.40e-07 1.30e-07  2.42e-05   128s
  80   5.76374715e+09  5.76374719e+09  5.17e-08 1.27e-07  1.52e-05   128s

Barrier solved model in 80 iterations and 128.47 seconds (117.18 work units)
Optimal objective 5.76374715e+09


Root crossover log...

   47128 DPushes remaining with DInf 0.0000000e+00               129s
       0 DPushes remaining with DInf 0.0000000e+00               130s

    4370 PPushes remaining with PInf 4.4647763e-02               130s
       0 PPushes remaining with PInf 0.0000000e+00               131s

  Push phase complete: Pinf 0.0000000e+00, Dinf 8.5460144e+06    131s


Root simplex log...

Iteration    Objective       Primal Inf.    Dual Inf.      Time
   51385    5.7637471e+09   0.000000e+00   8.546014e+06    131s
   51598    5.7637471e+09   0.000000e+00   0.000000e+00    131s
Concurrent spin time: 0.03s

Solved with barrier
   51598    5.7637471e+09   0.000000e+00   0.000000e+00    132s

Root relaxation: objective 5.763747e+09, 51598 iterations, 90.25 seconds (67.56 work units)
Total elapsed time = 135.17s

    Nodes    |    Current Node    |     Objective Bounds      |     Work
 Expl Unexpl |  Obj  Depth IntInf | Incumbent    BestBd   Gap | It/Node Time

     0     0 5.7637e+09    0  295          - 5.7637e+09      -     -  142s
     0     0 5.7637e+09    0  299          - 5.7637e+09      -     -  311s
     0     0 5.7637e+09    0  294          - 5.7637e+09      -     -  357s
     0     0 5.7637e+09    0  283          - 5.7637e+09      -     -  361s
     0     0 5.7637e+09    0  320          - 5.7637e+09      -     -  385s
     0     0 5.7637e+09    0  319          - 5.7637e+09      -     -  406s
     0     0 5.7637e+09    0  303          - 5.7637e+09      -     -  490s
     0     0 5.7637e+09    0  298          - 5.7637e+09      -     -  532s
     0     0 5.7631e+09    0  257          - 5.7631e+09      -     -  604s
     0     0 5.7631e+09    0  264          - 5.7631e+09      -     -  668s
     0     0 5.7631e+09    0  263          - 5.7631e+09      -     -  670s
     0     0 5.7631e+09    0  293          - 5.7631e+09      -     -  729s
     0     0 5.7631e+09    0  303          - 5.7631e+09      -     -  764s
     0     0 5.7630e+09    0  298          - 5.7630e+09      -     -  855s
     0     0 5.7630e+09    0  296          - 5.7630e+09      -     -  868s
     0     0 5.7630e+09    0  290          - 5.7630e+09      -     -  885s
     0     0 5.7630e+09    0  289          - 5.7630e+09      -     -  904s
     0     0 5.7630e+09    0  260          - 5.7630e+09      -     -  942s
     0     0 5.7630e+09    0  261          - 5.7630e+09      -     -  964s
     0     0 5.7630e+09    0  274          - 5.7630e+09      -     -  983s
     0     0 5.7630e+09    0  249          - 5.7630e+09      -     - 1019s
H    0     0                    5.751310e+09 5.7630e+09  0.20%     - 1346s

Cutting planes:
  Cover: 4
  Implied bound: 1
  MIR: 22
  Flow cover: 15
  Network: 3
  Relax-and-lift: 1

Explored 1 nodes (171856 simplex iterations) in 1346.31 seconds (1270.24 work units)
Thread count was 20 (of 40 available processors)

Solution count 1: 5.75131e+09 

Optimal solution found (tolerance 1.00e-02)
Best objective 5.751309703039e+09, best bound 5.763047484198e+09, gap 0.2041%
Gurobi Optimizer version 10.0.1 build v10.0.1rc0 (linux64)

CPU model: Intel(R) Xeon(R) Gold 5115 CPU @ 2.40GHz, instruction set [SSE2|AVX|AVX2|AVX512]
Thread count: 20 physical cores, 40 logical processors, using up to 20 threads

Optimize a model with 198461 rows, 2501054 columns and 17596434 nonzeros
Model fingerprint: 0x192c8e0b
Variable types: 749766 continuous, 1751288 integer (1751288 binary)
Coefficient statistics:
  Matrix range     [1e+00, 2e+05]
  Objective range  [4e+01, 3e+07]
  Bounds range     [1e+00, 3e+05]
  RHS range        [1e+00, 4e+06]
Presolve removed 156237 rows and 1689248 columns (presolve time = 5s) ...
Presolve removed 161832 rows and 1744237 columns (presolve time = 10s) ...
Presolve removed 171347 rows and 1894613 columns (presolve time = 15s) ...
Presolve removed 171585 rows and 1901182 columns (presolve time = 20s) ...
Presolve removed 171753 rows and 1906096 columns (presolve time = 25s) ...
Presolve removed 172202 rows and 1912523 columns (presolve time = 30s) ...
Presolve removed 172732 rows and 1925726 columns (presolve time = 35s) ...
Presolve removed 173958 rows and 1954591 columns (presolve time = 40s) ...
Presolve removed 173877 rows and 1954510 columns
Presolve time: 43.92s
Presolved: 24584 rows, 546544 columns, 2705794 nonzeros
Variable types: 242735 continuous, 303809 integer (303809 binary)
Deterministic concurrent LP optimizer: primal simplex, dual simplex, and barrier
Showing barrier log only...

Root barrier log...

Ordering time: 1.09s

Barrier statistics:
 AA' NZ     : 1.419e+06
 Factor NZ  : 3.813e+06 (roughly 260 MB of memory)
 Factor Ops : 2.724e+09 (less than 1 second per iteration)
 Threads    : 17

                  Objective                Residual
Iter       Primal          Dual         Primal    Dual     Compl     Time
   0  -1.49047210e+15  1.34667782e+14  1.68e+08 4.41e+06  3.69e+11    52s
   1  -7.02132315e+14  8.18639960e+13  7.92e+07 7.12e+06  1.78e+11    52s
   2  -1.76125403e+14  5.84081715e+13  1.97e+07 4.30e+06  4.45e+10    52s
   3  -3.03231510e+13  2.77625580e+13  3.38e+06 1.70e+04  7.71e+09    52s
   4  -1.79799649e+13  2.30184633e+13  2.00e+06 8.62e+03  4.58e+09    53s
   5  -5.43813088e+12  1.52186551e+13  6.06e+05 1.65e+03  1.42e+09    53s
   6  -6.43613156e+11  1.06739165e+13  7.20e+04 6.21e+02  1.77e+08    53s
   7  -1.35152997e+11  7.61844296e+12  1.54e+04 2.05e+02  4.14e+07    53s
   8  -7.65931104e+10  6.20110869e+12  8.88e+03 1.04e+02  2.45e+07    53s
   9  -2.84912114e+10  3.93793372e+12  3.51e+03 2.01e+01  1.02e+07    54s
  10  -1.42200569e+10  2.57062636e+12  1.92e+03 7.02e+00  5.50e+06    54s
  11  -6.27153394e+09  8.78250307e+11  1.03e+03 2.61e-08  2.12e+06    54s
  12  -2.31257231e+09  6.77139437e+11  5.83e+02 2.49e-08  1.32e+06    54s
  13   8.43693012e+08  3.23916760e+11  2.27e+02 7.64e-08  5.40e+05    55s
  14   1.48440486e+09  2.06496668e+11  1.54e+02 3.30e-08  3.45e+05    55s
  15   2.35236250e+09  1.36034053e+11  5.57e+01 2.82e-08  1.77e+05    55s
  16   2.52423143e+09  1.06991000e+11  3.66e+01 3.47e-08  1.31e+05    55s
  17   2.65382946e+09  7.51773544e+10  2.25e+01 5.27e-08  8.83e+04    55s
  18   2.71123407e+09  5.88747027e+10  1.62e+01 9.03e-08  6.76e+04    56s
  19   2.76202456e+09  4.14016593e+10  1.05e+01 1.43e-07  4.68e+04    56s
  20   2.78268521e+09  3.73703261e+10  7.75e+00 1.31e-07  4.03e+04    56s
  21   2.79012884e+09  3.04054545e+10  6.81e+00 2.64e-07  3.41e+04    56s
  22   2.80489574e+09  2.08854461e+10  4.87e+00 3.67e-07  2.44e+04    57s
  23   2.83598178e+09  1.73995744e+10  3.54e+00 4.70e-07  1.93e+04    57s
  24   2.86574428e+09  1.66022285e+10  2.84e+00 5.48e-07  1.73e+04    57s
  25   2.92361331e+09  1.25975848e+10  1.87e+00 3.97e-07  1.15e+04    58s
  26   2.96014812e+09  1.03975939e+10  1.44e+00 4.61e-07  8.61e+03    58s
  27   3.00612138e+09  7.81744001e+09  1.02e+00 3.26e-07  5.39e+03    58s
  28   3.02583217e+09  6.14918565e+09  8.35e-01 1.56e-07  3.47e+03    58s
  29   3.05723169e+09  5.47207861e+09  5.77e-01 1.14e-07  2.56e+03    59s
  30   3.07844137e+09  4.58131050e+09  4.25e-01 8.61e-08  1.56e+03    59s
  31   3.08947490e+09  3.94549082e+09  3.37e-01 6.05e-08  8.76e+02    59s
  32   3.10187799e+09  3.77778607e+09  2.44e-01 6.01e-08  6.73e+02    60s
  33   3.11226939e+09  3.51017027e+09  1.94e-01 3.59e-08  3.91e+02    60s
  34   3.11671350e+09  3.41971038e+09  1.74e-01 3.07e-08  2.96e+02    60s
  35   3.11997217e+09  3.39637458e+09  1.61e-01 4.24e-08  2.68e+02    61s
  36   3.12877892e+09  3.31972227e+09  1.23e-01 2.33e-08  1.83e+02    61s
  37   3.13694978e+09  3.28827924e+09  9.05e-02 1.72e-08  1.43e+02    61s
  38   3.14126257e+09  3.26075664e+09  7.21e-02 1.72e-08  1.12e+02    61s
  39   3.14525722e+09  3.24739904e+09  5.65e-02 1.82e-08  9.52e+01    62s
  40   3.14922197e+09  3.22110022e+09  4.29e-02 1.44e-08  6.66e+01    62s
  41   3.15178431e+09  3.21013719e+09  3.52e-02 1.40e-08  5.39e+01    63s
  42   3.15562687e+09  3.19703694e+09  2.63e-02 1.07e-08  3.81e+01    63s
  43   3.15980264e+09  3.19015783e+09  1.89e-02 9.31e-09  2.79e+01    63s
  44   3.16406073e+09  3.18756079e+09  1.19e-02 9.72e-09  2.15e+01    63s
  45   3.16638569e+09  3.18461617e+09  9.07e-03 7.13e-09  1.67e+01    64s
  46   3.16686165e+09  3.18285127e+09  8.53e-03 7.04e-09  1.46e+01    64s
  47   3.16907006e+09  3.18094142e+09  6.29e-03 6.58e-09  1.09e+01    64s
  48   3.17031284e+09  3.18019841e+09  5.12e-03 7.92e-09  9.04e+00    65s
  49   3.17127660e+09  3.17922731e+09  4.26e-03 6.98e-09  7.27e+00    65s
  50   3.17186193e+09  3.17887723e+09  3.73e-03 7.45e-09  6.42e+00    65s
  51   3.17254220e+09  3.17851279e+09  3.13e-03 7.92e-09  5.46e+00    65s
  52   3.17343482e+09  3.17790040e+09  2.38e-03 6.98e-09  4.08e+00    66s
  53   3.17428370e+09  3.17764030e+09  1.66e-03 7.45e-09  3.07e+00    66s
  54   3.17493370e+09  3.17726983e+09  1.13e-03 6.05e-09  2.14e+00    66s
  55   3.17521452e+09  3.17711877e+09  9.09e-04 5.59e-09  1.74e+00    67s
  56   3.17561377e+09  3.17685846e+09  5.82e-04 5.59e-09  1.14e+00    67s
  57   3.17586271e+09  3.17676506e+09  3.86e-04 6.05e-09  8.24e-01    67s
  58   3.17601671e+09  3.17666589e+09  2.66e-04 8.15e-09  5.93e-01    67s
  59   3.17607326e+09  3.17665684e+09  2.22e-04 7.16e-09  5.33e-01    68s
  60   3.17624124e+09  3.17654768e+09  9.43e-05 6.98e-09  2.80e-01    68s
  61   3.17632210e+09  3.17647371e+09  3.51e-05 6.87e-09  1.38e-01    68s
  62   3.17635072e+09  3.17641449e+09  1.47e-05 6.05e-09  5.82e-02    69s
  63   3.17636308e+09  3.17640039e+09  6.35e-06 7.57e-09  3.40e-02    69s
  64   3.17637211e+09  3.17638068e+09  2.74e-06 4.19e-09  7.81e-03    69s
  65   3.17637412e+09  3.17637706e+09  2.42e-07 4.66e-09  2.68e-03    69s
  66   3.17637438e+09  3.17637484e+09  1.08e-07 6.98e-09  4.20e-04    69s
  67   3.17637439e+09  3.17637445e+09  9.06e-08 5.59e-09  5.45e-05    70s
  68   3.17637442e+09  3.17637442e+09  1.08e-08 7.45e-09  1.22e-06    70s
  69   3.17637442e+09  3.17637442e+09  2.46e-09 7.51e-09  1.13e-10    70s

Barrier solved model in 69 iterations and 70.19 seconds (81.25 work units)
Optimal objective 3.17637442e+09


Root crossover log...

   16548 DPushes remaining with DInf 0.0000000e+00                70s
       0 DPushes remaining with DInf 0.0000000e+00                71s

    1781 PPushes remaining with PInf 0.0000000e+00                71s
       0 PPushes remaining with PInf 0.0000000e+00                71s

  Push phase complete: Pinf 0.0000000e+00, Dinf 2.4305187e-07     71s


Root simplex log...

Iteration    Objective       Primal Inf.    Dual Inf.      Time
   18059    3.1763744e+09   0.000000e+00   0.000000e+00     71s
Concurrent spin time: 0.00s

Solved with barrier
   18072    3.1763744e+09   0.000000e+00   0.000000e+00     71s
Extra simplex iterations after uncrush: 13

Root relaxation: objective 3.176374e+09, 18072 iterations, 23.71 seconds (17.01 work units)

    Nodes    |    Current Node    |     Objective Bounds      |     Work
 Expl Unexpl |  Obj  Depth IntInf | Incumbent    BestBd   Gap | It/Node Time

     0     0 3.1764e+09    0  253          - 3.1764e+09      -     -   74s
     0     0 3.1759e+09    0  229          - 3.1759e+09      -     -  106s
     0     0 3.1754e+09    0  197          - 3.1754e+09      -     -  135s
     0     0 3.1754e+09    0  196          - 3.1754e+09      -     -  136s
     0     0 3.1754e+09    0  222          - 3.1754e+09      -     -  157s
     0     0 3.1754e+09    0  222          - 3.1754e+09      -     -  166s
     0     0 3.1754e+09    0  222          - 3.1754e+09      -     -  172s
     0     0 3.1754e+09    0  225          - 3.1754e+09      -     -  180s
     0     0 3.1754e+09    0  230          - 3.1754e+09      -     -  182s
     0     0 3.1753e+09    0  220          - 3.1753e+09      -     -  192s
     0     0 3.1753e+09    0  200          - 3.1753e+09      -     -  207s
     0     0 3.1753e+09    0  200          - 3.1753e+09      -     -  210s
     0     0 3.1746e+09    0  227          - 3.1746e+09      -     -  234s
     0     0 3.1746e+09    0  218          - 3.1746e+09      -     -  242s
     0     0 3.1746e+09    0  217          - 3.1746e+09      -     -  243s
     0     0 3.1746e+09    0  230          - 3.1746e+09      -     -  250s
     0     0 3.1746e+09    0  232          - 3.1746e+09      -     -  255s
     0     0 3.1746e+09    0  224          - 3.1746e+09      -     -  258s
     0     0 3.1746e+09    0  229          - 3.1746e+09      -     -  262s
     0     0 3.1746e+09    0  232          - 3.1746e+09      -     -  269s
     0     0 3.1746e+09    0  226          - 3.1746e+09      -     -  279s
     0     0 3.1746e+09    0  225          - 3.1746e+09      -     -  280s
     0     0 3.1746e+09    0  225          - 3.1746e+09      -     -  286s
     0     0 3.1746e+09    0  225          - 3.1746e+09      -     -  290s
     0     0 3.1737e+09    0  213          - 3.1737e+09      -     -  304s
     0     0 3.1737e+09    0  213          - 3.1737e+09      -     -  311s
     0     0 3.1737e+09    0  216          - 3.1737e+09      -     -  313s
     0     0 3.1737e+09    0  218          - 3.1737e+09      -     -  316s
     0     0 3.1737e+09    0  218          - 3.1737e+09      -     -  318s
     0     0 3.1737e+09    0  216          - 3.1737e+09      -     -  321s
     0     0 3.1737e+09    0  219          - 3.1737e+09      -     -  324s
     0     0 3.1737e+09    0  206          - 3.1737e+09      -     -  337s
     0     2 3.1737e+09    0  197          - 3.1737e+09      -     -  397s
     1     4 3.1737e+09    1  203          - 3.1737e+09      -  3134  410s
     3     8 3.1737e+09    2  206          - 3.1737e+09      -  1129  428s
     7    16 3.1737e+09    3  210          - 3.1737e+09      -   878  444s
    15    32 3.1737e+09    4  212          - 3.1737e+09      -   629  470s
    31    52 3.1737e+09    5  213          - 3.1737e+09      -   585  494s
    51    72 3.1737e+09    6  207          - 3.1737e+09      -   470  526s
    71    92 3.1737e+09    7  204          - 3.1737e+09      -   459  548s
H   91   112                    3.129375e+09 3.1737e+09  1.42%   389  578s
H   99   112                    3.142296e+09 3.1737e+09  1.00%   386  579s
H  103   112                    3.142550e+09 3.1737e+09  0.99%   379  580s
H  110   112                    3.152611e+09 3.1737e+09  0.67%   378  581s

Cutting planes:
  Cover: 26
  Implied bound: 5
  Clique: 2
  MIR: 29
  Flow cover: 28
  GUB cover: 7
  Relax-and-lift: 15

Explored 111 nodes (85995 simplex iterations) in 582.37 seconds (578.83 work units)
Thread count was 20 (of 40 available processors)

Solution count 5: 3.15261e+09 3.15261e+09 3.14255e+09 ... 3.12937e+09

Optimal solution found (tolerance 1.00e-02)
Best objective 3.152611262975e+09, best bound 3.173706127700e+09, gap 0.6691%
Gurobi Optimizer version 10.0.1 build v10.0.1rc0 (linux64)

CPU model: Intel(R) Xeon(R) Gold 5115 CPU @ 2.40GHz, instruction set [SSE2|AVX|AVX2|AVX512]
Thread count: 20 physical cores, 40 logical processors, using up to 20 threads

Optimize a model with 263925 rows, 3488120 columns and 29699434 nonzeros
Model fingerprint: 0xb7db2e7d
Variable types: 745191 continuous, 2742929 integer (2742929 binary)
Coefficient statistics:
  Matrix range     [1e+00, 2e+05]
  Objective range  [4e+01, 3e+07]
  Bounds range     [1e-12, 3e+05]
  RHS range        [1e+00, 4e+06]
Presolve removed 208872 rows and 2197707 columns (presolve time = 5s) ...
Presolve removed 226038 rows and 2733795 columns (presolve time = 11s) ...
Presolve removed 227776 rows and 2737845 columns (presolve time = 15s) ...
Presolve removed 237152 rows and 2888357 columns (presolve time = 20s) ...
Presolve removed 237520 rows and 2895273 columns (presolve time = 25s) ...
Presolve removed 237581 rows and 2896941 columns (presolve time = 30s) ...
Presolve removed 237718 rows and 2900043 columns (presolve time = 35s) ...
Presolve removed 238089 rows and 2903155 columns (presolve time = 40s) ...
Presolve removed 238514 rows and 2915261 columns (presolve time = 45s) ...
Presolve removed 239688 rows and 2944780 columns (presolve time = 50s) ...
Presolve removed 239688 rows and 2944780 columns (presolve time = 55s) ...
Presolve removed 239618 rows and 2944710 columns
Presolve time: 55.17s
Presolved: 24307 rows, 543410 columns, 2741030 nonzeros
Variable types: 239287 continuous, 304123 integer (304123 binary)
Deterministic concurrent LP optimizer: primal simplex, dual simplex, and barrier
Showing barrier log only...

Root barrier log...

Ordering time: 1.10s

Barrier statistics:
 AA' NZ     : 1.418e+06
 Factor NZ  : 3.875e+06 (roughly 260 MB of memory)
 Factor Ops : 2.855e+09 (less than 1 second per iteration)
 Threads    : 17

                  Objective                Residual
Iter       Primal          Dual         Primal    Dual     Compl     Time
   0  -1.57162971e+15  9.76735929e+13  1.73e+08 4.28e+06  3.83e+11    64s
   1  -7.48270272e+14  6.86289816e+13  8.25e+07 7.08e+06  1.85e+11    65s
   2  -1.11166954e+14  4.69487662e+13  1.21e+07 2.42e+06  2.75e+10    65s
   3  -6.97697479e+12  2.39453155e+13  7.20e+05 2.25e+04  1.67e+09    65s
   4  -1.44591260e+12  1.41395957e+13  1.50e+05 7.09e+03  3.57e+08    65s
   5  -3.89864674e+11  9.42859677e+12  4.10e+04 2.78e+03  1.02e+08    65s
   6  -2.13012520e+11  7.69442527e+12  2.28e+04 1.49e+03  5.76e+07    66s
   7  -1.74533831e+11  7.17002894e+12  1.88e+04 2.74e+03  4.77e+07    66s
   8  -1.22394698e+11  5.25379357e+12  1.34e+04 4.64e+02  3.20e+07    66s
   9  -5.57501334e+10  3.60051446e+12  6.45e+03 1.60e+02  1.52e+07    66s
  10  -2.81236248e+10  2.52291609e+12  3.54e+03 7.46e+01  8.27e+06    66s
  11  -1.84615638e+10  1.79334219e+12  2.41e+03 3.76e+01  5.37e+06    67s
  12  -7.39722883e+09  1.03503976e+12  1.25e+03 1.41e+01  2.65e+06    67s
  13   1.17175676e+09  4.92708437e+11  3.06e+02 3.87e+00  8.10e+05    67s
  14   2.43431493e+09  2.99331432e+11  1.63e+02 2.06e+00  4.49e+05    67s
  15   3.42996401e+09  1.25821012e+11  4.82e+01 7.37e-01  1.60e+05    67s
  16   3.55256672e+09  1.06238117e+11  3.48e+01 6.01e-01  1.29e+05    68s
  17   3.65290891e+09  7.53132348e+10  2.38e+01 3.93e-01  8.95e+04    68s
  18   3.72003128e+09  5.65260909e+10  1.66e+01 2.74e-01  6.56e+04    68s
  19   3.75776192e+09  4.24826217e+10  1.22e+01 2.02e-01  4.89e+04    68s
  20   3.78302401e+09  3.18508030e+10  9.13e+00 1.56e-01  3.64e+04    69s
  21   3.79659583e+09  2.37674732e+10  6.85e+00 1.13e-01  2.76e+04    69s
  22   3.80799956e+09  2.02955429e+10  5.26e+00 9.36e-02  2.29e+04    69s
  23   3.83335965e+09  1.72115472e+10  3.95e+00 7.68e-02  1.86e+04    69s
  24   3.85610255e+09  1.58481752e+10  3.00e+00 7.05e-02  1.59e+04    70s
  25   3.87800266e+09  1.31905266e+10  2.58e+00 5.72e-02  1.24e+04    70s
  26   3.91397861e+09  1.08413127e+10  1.99e+00 3.86e-02  9.01e+03    70s
  27   3.94847204e+09  9.50983554e+09  1.37e+00 2.91e-02  6.70e+03    70s
  28   3.97680312e+09  7.43690354e+09  1.04e+00 1.56e-02  4.10e+03    71s
  29   3.98867686e+09  7.04427986e+09  8.84e-01 1.35e-02  3.53e+03    71s
  30   3.99314019e+09  6.76136530e+09  8.09e-01 1.22e-02  3.17e+03    71s
  31   4.00421135e+09  6.01992634e+09  6.26e-01 8.33e-03  2.24e+03    72s
  32   4.01288910e+09  5.11598407e+09  5.06e-01 3.77e-03  1.22e+03    72s
  33   4.02730182e+09  4.65741064e+09  3.20e-01 1.72e-03  6.62e+02    72s
  34   4.03222262e+09  4.45496682e+09  2.69e-01 9.91e-04  4.37e+02    72s
  35   4.03727037e+09  4.34140619e+09  2.21e-01 6.41e-04  3.09e+02    73s
  36   4.04098762e+09  4.27193062e+09  1.87e-01 4.47e-04  2.32e+02    73s
  37   4.04298236e+09  4.22532905e+09  1.73e-01 3.22e-04  1.82e+02    73s
  38   4.04750279e+09  4.19721281e+09  1.43e-01 2.51e-04  1.47e+02    73s
  39   4.04916490e+09  4.17722876e+09  1.25e-01 2.13e-04  1.25e+02    73s
  40   4.05235364e+09  4.16318061e+09  1.04e-01 1.86e-04  1.07e+02    74s
  41   4.05307871e+09  4.15908457e+09  9.89e-02 1.78e-04  1.02e+02    74s
  42   4.05347743e+09  4.15164235e+09  9.62e-02 1.64e-04  9.46e+01    74s
  43   4.05639230e+09  4.13531121e+09  7.52e-02 1.27e-04  7.52e+01    74s
  44   4.05849975e+09  4.12206530e+09  6.09e-02 1.05e-04  6.01e+01    74s
  45   4.05938029e+09  4.11703883e+09  5.63e-02 9.65e-05  5.44e+01    75s
  46   4.06119376e+09  4.10882624e+09  4.84e-02 7.89e-05  4.47e+01    75s
  47   4.06342982e+09  4.10164414e+09  3.89e-02 6.63e-05  3.57e+01    75s
  48   4.06436262e+09  4.09861708e+09  3.54e-02 5.86e-05  3.20e+01    76s
  49   4.06589348e+09  4.09472519e+09  3.02e-02 4.88e-05  2.68e+01    76s
  50   4.06691882e+09  4.09250108e+09  2.69e-02 4.36e-05  2.38e+01    76s
  51   4.06828652e+09  4.09087393e+09  2.29e-02 3.89e-05  2.10e+01    76s
  52   4.06911010e+09  4.08882591e+09  2.08e-02 3.25e-05  1.83e+01    77s
  53   4.07031753e+09  4.08758030e+09  1.80e-02 2.82e-05  1.60e+01    77s
  54   4.07229011e+09  4.08608470e+09  1.47e-02 2.20e-05  1.28e+01    77s
  55   4.07531888e+09  4.08525407e+09  9.51e-03 1.79e-05  9.18e+00    77s
  56   4.07684039e+09  4.08412457e+09  7.20e-03 1.19e-05  6.73e+00    78s
  57   4.07838903e+09  4.08371201e+09  4.99e-03 9.49e-06  4.92e+00    78s
  58   4.07892832e+09  4.08305832e+09  4.24e-03 5.61e-06  3.82e+00    78s
  59   4.08038498e+09  4.08265311e+09  2.18e-03 3.12e-06  2.10e+00    79s
  60   4.08109219e+09  4.08243823e+09  1.20e-03 1.99e-06  1.24e+00    79s
  61   4.08144488e+09  4.08228732e+09  7.16e-04 1.21e-06  7.77e-01    79s
  62   4.08158400e+09  4.08225175e+09  5.34e-04 1.04e-06  6.16e-01    79s
  63   4.08160491e+09  4.08211973e+09  5.07e-04 5.07e-07  4.76e-01    79s
  64   4.08182419e+09  4.08208091e+09  2.17e-04 3.33e-07  2.37e-01    80s
  65   4.08186070e+09  4.08206077e+09  1.70e-04 2.42e-07  1.85e-01    80s
  66   4.08187791e+09  4.08204286e+09  1.48e-04 1.67e-07  1.52e-01    80s
  67   4.08188782e+09  4.08203324e+09  1.35e-04 1.27e-07  1.34e-01    80s
  68   4.08189994e+09  4.08202902e+09  1.19e-04 1.13e-07  1.19e-01    80s
  69   4.08191542e+09  4.08202225e+09  9.87e-05 8.66e-08  9.86e-02    80s
  70   4.08195151e+09  4.08201408e+09  5.31e-05 5.74e-08  5.77e-02    81s
  71   4.08195715e+09  4.08199958e+09  4.60e-05 7.92e-09  3.92e-02    81s
  72   4.08197668e+09  4.08199688e+09  2.11e-05 6.34e-09  1.87e-02    81s
  73   4.08198998e+09  4.08199457e+09  2.53e-05 6.05e-09  4.23e-03    81s
  74   4.08199238e+09  4.08199396e+09  7.91e-06 4.66e-09  1.46e-03    81s
  75   4.08199274e+09  4.08199337e+09  4.77e-06 7.45e-09  5.83e-04    82s
  76   4.08199330e+09  4.08199333e+09  9.98e-08 5.59e-09  2.21e-05    82s
  77   4.08199332e+09  4.08199332e+09  4.82e-09 7.45e-09  1.47e-07    82s
  78   4.08199332e+09  4.08199332e+09  5.33e-09 7.45e-09  1.34e-07    82s

Barrier solved model in 78 iterations and 82.35 seconds (102.98 work units)
Optimal objective 4.08199332e+09


Root crossover log...

   16552 DPushes remaining with DInf 0.0000000e+00                82s
       0 DPushes remaining with DInf 0.0000000e+00                83s

    2795 PPushes remaining with PInf 3.8407729e-05                83s
       0 PPushes remaining with PInf 0.0000000e+00                83s

  Push phase complete: Pinf 0.0000000e+00, Dinf 3.9686973e-01     83s


Root simplex log...

Iteration    Objective       Primal Inf.    Dual Inf.      Time
   19242    4.0819933e+09   0.000000e+00   3.968692e-01     83s
   19244    4.0819933e+09   0.000000e+00   0.000000e+00     83s
Concurrent spin time: 0.01s

Solved with barrier
   19244    4.0819933e+09   0.000000e+00   0.000000e+00     83s

Root relaxation: objective 4.081993e+09, 19244 iterations, 22.70 seconds (17.26 work units)

    Nodes    |    Current Node    |     Objective Bounds      |     Work
 Expl Unexpl |  Obj  Depth IntInf | Incumbent    BestBd   Gap | It/Node Time

     0     0 4.0820e+09    0  119          - 4.0820e+09      -     -   85s
H    0     0                    4.069563e+09 4.0820e+09  0.31%     -  106s

Explored 1 nodes (22727 simplex iterations) in 106.59 seconds (131.18 work units)
Thread count was 20 (of 40 available processors)

Solution count 2: 4.06956e+09 4.06956e+09 

Optimal solution found (tolerance 1.00e-02)
Best objective 4.069562787944e+09, best bound 4.081993318725e+09, gap 0.3055%
Gurobi Optimizer version 10.0.1 build v10.0.1rc0 (linux64)

CPU model: Intel(R) Xeon(R) Gold 5115 CPU @ 2.40GHz, instruction set [SSE2|AVX|AVX2|AVX512]
Thread count: 20 physical cores, 40 logical processors, using up to 20 threads

Optimize a model with 317903 rows, 4135362 columns and 39441599 nonzeros
Model fingerprint: 0xb91eaa04
Variable types: 429453 continuous, 3705909 integer (3705909 binary)
Coefficient statistics:
  Matrix range     [1e+00, 2e+05]
  Objective range  [4e+01, 3e+07]
  Bounds range     [5e-12, 3e+05]
  RHS range        [1e+00, 5e+06]
Presolve removed 261214 rows and 2811751 columns (presolve time = 6s) ...
Presolve removed 289056 rows and 3569814 columns (presolve time = 12s) ...
Presolve removed 291879 rows and 3600131 columns (presolve time = 15s) ...
Presolve removed 295903 rows and 3637096 columns (presolve time = 20s) ...
Presolve removed 295903 rows and 3637096 columns (presolve time = 25s) ...
Presolve removed 296267 rows and 3662891 columns (presolve time = 30s) ...
Presolve removed 296199 rows and 3662823 columns
Presolve time: 34.55s
Presolved: 21704 rows, 472539 columns, 2396569 nonzeros
Variable types: 173041 continuous, 299498 integer (299498 binary)
Deterministic concurrent LP optimizer: primal simplex, dual simplex, and barrier
Showing barrier log only...

Root barrier log...

Ordering time: 0.85s

Barrier statistics:
 AA' NZ     : 1.209e+06
 Factor NZ  : 3.227e+06 (roughly 220 MB of memory)
 Factor Ops : 2.213e+09 (less than 1 second per iteration)
 Threads    : 17

                  Objective                Residual
Iter       Primal          Dual         Primal    Dual     Compl     Time
   0  -7.49716193e+15  3.30455921e+13  6.32e+08 4.87e+06  9.89e+11    43s
   1  -4.24093906e+15  3.84771079e+13  3.58e+08 3.82e+06  5.67e+11    43s
   2  -5.35624523e+14  3.11022004e+13  4.53e+07 1.18e+06  7.34e+10    43s
   3  -6.73660628e+13  1.45132112e+13  5.69e+06 2.94e-08  9.43e+09    44s
   4  -3.94658349e+12  9.74069141e+12  3.34e+05 1.75e-08  5.65e+08    44s
   5  -1.12340924e+12  6.85873171e+12  9.53e+04 2.06e-08  1.66e+08    44s
   6  -2.88930304e+11  4.66016634e+12  2.48e+04 2.41e-08  4.54e+07    44s
   7  -1.94918391e+11  4.34117833e+12  1.69e+04 2.61e-08  3.17e+07    44s
   8  -6.56125296e+10  3.50995582e+12  5.93e+03 1.77e-08  1.28e+07    44s
   9  -2.07020178e+10  2.13349334e+12  2.14e+03 1.66e-07  5.08e+06    45s
  10  -1.85024496e+09  1.08076772e+12  5.51e+02 3.13e-07  1.73e+06    45s
  11   9.16208476e+08  2.86170516e+11  3.18e+02 1.66e-07  5.54e+05    45s
  12   2.87929830e+09  2.16254921e+11  1.53e+02 1.65e-07  3.42e+05    45s
  13   3.93628722e+09  1.47822495e+11  6.46e+01 1.19e-07  1.99e+05    45s
  14   4.24774150e+09  1.32042357e+11  3.92e+01 1.01e-07  1.63e+05    45s
  15   4.36776344e+09  8.02784051e+10  2.95e+01 8.95e-08  1.01e+05    46s
  16   4.41959978e+09  6.44992037e+10  2.53e+01 7.37e-08  8.16e+04    46s
  17   4.55908284e+09  5.36291078e+10  1.40e+01 6.12e-08  6.20e+04    46s
  18   4.61193271e+09  4.23663569e+10  9.79e+00 7.08e-08  4.75e+04    46s
  19   4.63977065e+09  3.29977674e+10  7.52e+00 1.50e-07  3.67e+04    46s
  20   4.66619352e+09  2.76406247e+10  5.31e+00 2.07e-07  2.98e+04    47s
  21   4.68874952e+09  2.16263536e+10  3.72e+00 1.65e-07  2.27e+04    47s
  22   4.69615006e+09  1.72408895e+10  3.29e+00 1.72e-07  1.76e+04    47s
  23   4.70765294e+09  1.50919487e+10  2.78e+00 1.91e-07  1.43e+04    47s
  24   4.72991332e+09  1.32383427e+10  1.42e+00 2.31e-07  1.06e+04    48s
  25   4.74131142e+09  8.46157575e+09  9.31e-01 1.32e-07  4.59e+03    48s
  26   4.75572659e+09  7.20002174e+09  3.30e-01 9.69e-08  2.77e+03    48s
  27   4.76308764e+09  6.46749678e+09  1.50e-01 1.02e-07  1.86e+03    48s
  28   4.76622264e+09  6.06220373e+09  9.86e-02 8.38e-08  1.40e+03    48s
  29   4.76862602e+09  5.73513520e+09  7.31e-02 7.64e-08  1.04e+03    49s
  30   4.77138012e+09  5.23378575e+09  5.26e-02 4.00e-08  4.94e+02    49s
  31   4.77276420e+09  5.05515148e+09  4.25e-02 3.31e-08  3.01e+02    49s
  32   4.77548295e+09  4.98236171e+09  2.91e-02 2.61e-08  2.20e+02    49s
  33   4.77777651e+09  4.91500827e+09  2.07e-02 1.49e-08  1.45e+02    49s
  34   4.78037884e+09  4.88148037e+09  1.28e-02 1.07e-08  1.07e+02    49s
  35   4.78339841e+09  4.85005348e+09  5.32e-03 1.26e-08  7.04e+01    50s
  36   4.78464210e+09  4.82611471e+09  4.33e-03 7.92e-09  4.38e+01    50s
  37   4.78662643e+09  4.81918456e+09  3.02e-03 7.92e-09  3.43e+01    50s
  38   4.78739404e+09  4.81686363e+09  2.67e-03 7.45e-09  3.11e+01    50s
  39   4.78793201e+09  4.81445392e+09  2.45e-03 7.45e-09  2.80e+01    50s
  40   4.78981394e+09  4.81009508e+09  1.89e-03 6.05e-09  2.14e+01    50s
  41   4.79238001e+09  4.80621731e+09  1.30e-03 6.52e-09  1.46e+01    51s
  42   4.79369486e+09  4.80390107e+09  9.82e-04 6.05e-09  1.08e+01    51s
  43   4.79472046e+09  4.80304636e+09  7.47e-04 8.38e-09  8.78e+00    51s
  44   4.79558311e+09  4.80196255e+09  5.80e-04 7.92e-09  6.73e+00    51s
  45   4.79616416e+09  4.80111918e+09  4.70e-04 5.59e-09  5.23e+00    52s
  46   4.79724090e+09  4.80032558e+09  2.72e-04 3.26e-09  3.25e+00    52s
  47   4.79841611e+09  4.79947764e+09  6.49e-05 3.73e-09  1.12e+00    52s
  48   4.79869987e+09  4.79898003e+09  1.75e-05 4.66e-09  2.95e-01    52s
  49   4.79881684e+09  4.79886230e+09  2.31e-06 5.12e-09  4.79e-02    53s
  50   4.79882614e+09  4.79883074e+09  2.55e-06 6.52e-09  4.86e-03    53s
  51   4.79882946e+09  4.79882947e+09  1.10e-08 4.19e-09  6.29e-06    53s
  52   4.79882947e+09  4.79882947e+09  2.56e-09 7.45e-09  7.71e-11    53s

Barrier solved model in 52 iterations and 53.06 seconds (55.51 work units)
Optimal objective 4.79882947e+09


Root crossover log...

   14538 DPushes remaining with DInf 0.0000000e+00                53s
       0 DPushes remaining with DInf 0.0000000e+00                53s

    1997 PPushes remaining with PInf 0.0000000e+00                53s
       0 PPushes remaining with PInf 0.0000000e+00                53s

  Push phase complete: Pinf 0.0000000e+00, Dinf 2.9647348e-07     53s


Root simplex log...

Iteration    Objective       Primal Inf.    Dual Inf.      Time
   16345    4.7988295e+09   0.000000e+00   0.000000e+00     53s
Concurrent spin time: 0.01s

Solved with barrier
   16345    4.7988295e+09   0.000000e+00   0.000000e+00     54s

Root relaxation: objective 4.798829e+09, 16345 iterations, 13.73 seconds (10.86 work units)
Total elapsed time = 55.19s

    Nodes    |    Current Node    |     Objective Bounds      |     Work
 Expl Unexpl |  Obj  Depth IntInf | Incumbent    BestBd   Gap | It/Node Time

     0     0 4.7988e+09    0  102          - 4.7988e+09      -     -   55s
H    0     0                    4.739031e+09 4.7988e+09  1.26%     -   65s
     0     0 4.7988e+09    0   95 4.7390e+09 4.7988e+09  1.26%     -   69s
H    0     0                    4.743123e+09 4.7988e+09  1.17%     -   82s
     0     0 4.7988e+09    0   93 4.7431e+09 4.7988e+09  1.17%     -   82s
     0     0 4.7988e+09    0   54 4.7431e+09 4.7988e+09  1.17%     -   86s
H    0     0                    4.779918e+09 4.7988e+09  0.40%     -   93s

Cutting planes:
  Cover: 2
  Implied bound: 1
  Clique: 1
  Flow cover: 14
  GUB cover: 2

Explored 1 nodes (23266 simplex iterations) in 94.25 seconds (98.75 work units)
Thread count was 20 (of 40 available processors)

Solution count 4: 4.77992e+09 4.77992e+09 4.74312e+09 4.73903e+09 

Optimal solution found (tolerance 1.00e-02)
Warning: max constraint violation (4.4433e-06) exceeds tolerance
Best objective 4.779917940306e+09, best bound 4.798829466093e+09, gap 0.3956%
Gurobi Optimizer version 10.0.1 build v10.0.1rc0 (linux64)

CPU model: Intel(R) Xeon(R) Gold 5115 CPU @ 2.40GHz, instruction set [SSE2|AVX|AVX2|AVX512]
Thread count: 20 physical cores, 40 logical processors, using up to 20 threads

Optimize a model with 317823 rows, 4148004 columns and 38989678 nonzeros
Model fingerprint: 0x6c0ef162
Variable types: 45685 continuous, 4102319 integer (4102319 binary)
Coefficient statistics:
  Matrix range     [1e+00, 2e+05]
  Objective range  [4e+01, 3e+07]
  Bounds range     [5e-12, 3e+05]
  RHS range        [1e+00, 5e+06]
Presolve removed 147522 rows and 3764424 columns
Presolve time: 4.23s

Explored 0 nodes (0 simplex iterations) in 6.47 seconds (3.19 work units)
Thread count was 1 (of 40 available processors)

Solution count 0

Model is infeasible or unbounded
Best objective -, best bound -, gap -
IIS computation: initial model status unknown, solving to determine model status
Presolve removed 147522 rows and 3764424 columns
Presolve time: 4.11s

Explored 0 nodes (0 simplex iterations) in 7.56 seconds (3.18 work units)
Thread count was 1 (of 40 available processors)

Solution count 0
No other solutions better than -1e+100

Model is infeasible
Best objective -, best bound -, gap -

IIS computed: 1 constraints, 2 bounds
IIS runtime: 7.93 seconds (3.18 work units)
