
Gurobi 10.0.1 (linux64) logging started Fri May 26 03:34:01 2023

Set parameter LogFile to value "logFiles/N-1L-A/N-1L-16U-33F-23V-365D/basic-05-26-2023, 03-33-H50-P80-O15.log"
Gurobi Optimizer version 10.0.1 build v10.0.1rc0 (linux64)

CPU model: Intel(R) Xeon(R) Gold 5115 CPU @ 2.40GHz, instruction set [SSE2|AVX|AVX2|AVX512]
Thread count: 20 physical cores, 40 logical processors, using up to 20 threads

Optimize a model with 108501 rows, 1366421 columns and 7098402 nonzeros
Model fingerprint: 0x2a92e980
Variable types: 806844 continuous, 559577 integer (559577 binary)
Coefficient statistics:
  Matrix range     [1e+00, 2e+05]
  Objective range  [4e+01, 3e+07]
  Bounds range     [1e+00, 1e+00]
  RHS range        [1e+00, 2e+06]
Presolve removed 60035 rows and 36796 columns (presolve time = 5s) ...
Presolve removed 61115 rows and 41175 columns (presolve time = 10s) ...
Presolve removed 61132 rows and 41192 columns (presolve time = 15s) ...
Presolve removed 61132 rows and 41196 columns (presolve time = 20s) ...
Presolve removed 61083 rows and 41316 columns
Presolve time: 24.41s
Presolved: 47418 rows, 1325105 columns, 5900591 nonzeros
Variable types: 778982 continuous, 546123 integer (546123 binary)
Deterministic concurrent LP optimizer: primal simplex, dual simplex, and barrier
Showing barrier log only...

Root barrier log...

Ordering time: 2.05s

Barrier statistics:
 AA' NZ     : 3.118e+06
 Factor NZ  : 8.452e+06 (roughly 600 MB of memory)
 Factor Ops : 1.080e+10 (less than 1 second per iteration)
 Threads    : 17

                  Objective                Residual
Iter       Primal          Dual         Primal    Dual     Compl     Time
   0  -9.46977876e+15  1.17315240e+14  5.02e+08 9.53e+06  6.48e+11    39s
   1  -4.04882612e+15  1.05263138e+14  2.15e+08 1.20e+07  2.81e+11    40s
   2  -1.13730504e+15  8.09876462e+13  6.03e+07 2.79e+06  8.09e+10    40s
   3  -3.67221871e+13  6.02999541e+13  1.98e+06 1.42e+04  2.72e+09    41s
   4  -1.52411346e+13  3.32240525e+13  8.23e+05 2.39e+03  1.14e+09    42s
   5  -9.03174769e+12  2.38508105e+13  4.87e+05 5.57e+02  6.95e+08    42s
   6  -2.75833199e+12  2.05757448e+13  1.49e+05 7.97e+01  2.15e+08    43s
   7  -1.74446894e+12  2.00719138e+13  9.44e+04 6.44e+01  1.38e+08    43s
   8  -9.56623074e+11  1.89327344e+13  5.19e+04 2.35e-08  7.81e+07    43s
   9  -6.76401646e+11  1.53166330e+13  3.68e+04 2.24e-08  5.35e+07    44s
  10  -2.52345646e+11  1.16961652e+13  1.39e+04 2.06e-08  2.12e+07    44s
  11  -1.54846687e+11  6.70699293e+12  8.68e+03 2.61e-08  1.18e+07    45s
  12  -1.77751071e+10  2.52906732e+12  1.36e+03 3.76e-08  2.23e+06    46s
  13   3.52304417e+09  8.15874225e+11  2.24e+02 3.77e-08  4.77e+05    46s
  14   5.58529218e+09  3.05259308e+11  1.15e+02 3.57e-08  1.88e+05    47s
  15   7.08493163e+09  1.06432964e+11  3.54e+01 3.94e-08  5.89e+04    47s
  16   7.27927668e+09  6.89834393e+10  2.52e+01 4.52e-08  3.82e+04    47s
  17   7.45344516e+09  5.78723905e+10  1.63e+01 7.79e-08  2.87e+04    48s
  18   7.51268772e+09  5.34281824e+10  1.31e+01 7.95e-08  2.51e+04    48s
  19   7.52090974e+09  4.88750984e+10  1.26e+01 8.90e-08  2.31e+04    49s
  20   7.56658003e+09  4.08996721e+10  1.01e+01 1.06e-07  1.86e+04    49s
  21   7.60812856e+09  3.44806278e+10  8.01e+00 1.13e-07  1.49e+04    50s
  22   7.61984170e+09  3.08712270e+10  7.33e+00 1.27e-07  1.32e+04    51s
  23   7.63654452e+09  2.58672599e+10  6.31e+00 1.61e-07  1.07e+04    52s
  24   7.66655010e+09  2.28652437e+10  4.87e+00 1.93e-07  8.67e+03    52s
  25   7.67503983e+09  2.05952423e+10  4.27e+00 1.77e-07  7.44e+03    53s
  26   7.69021763e+09  1.70843771e+10  3.33e+00 1.55e-07  5.51e+03    54s
  27   7.70571772e+09  1.59449885e+10  2.49e+00 1.69e-07  4.52e+03    55s
  28   7.71882417e+09  1.56853974e+10  2.02e+00 2.56e-07  4.14e+03    56s
  29   7.77645412e+09  1.53347878e+10  1.07e+00 2.60e-07  3.44e+03    56s
  30   7.78418901e+09  1.36568558e+10  1.00e+00 2.28e-07  2.70e+03    57s
  31   7.78719167e+09  1.34254291e+10  9.51e-01 2.88e-07  2.58e+03    58s
  32   7.81467916e+09  1.25142048e+10  7.54e-01 2.98e-07  2.09e+03    59s
  33   7.82991265e+09  1.21204337e+10  6.76e-01 2.79e-07  1.89e+03    60s
  34   7.86629101e+09  1.15669410e+10  4.44e-01 2.75e-07  1.56e+03    61s
  35   7.87752687e+09  1.10695249e+10  3.85e-01 2.69e-07  1.33e+03    62s
  36   7.92364211e+09  1.02303232e+10  2.05e-01 2.55e-07  9.25e+02    62s
  37   7.95391794e+09  9.39762305e+09  1.47e-01 2.54e-07  5.74e+02    63s
  38   7.98066796e+09  8.77972224e+09  1.16e-01 2.35e-07  3.18e+02    64s
  39   7.98915502e+09  8.61697133e+09  1.09e-01 2.37e-07  2.51e+02    65s
  40   7.99435898e+09  8.59127878e+09  1.04e-01 3.12e-07  2.38e+02    65s
  41   8.02238500e+09  8.47691349e+09  8.63e-02 2.65e-07  1.82e+02    66s
  42   8.03492837e+09  8.43442610e+09  7.88e-02 2.80e-07  1.60e+02    66s
  43   8.04944785e+09  8.37156470e+09  6.92e-02 2.96e-07  1.29e+02    67s
  44   8.05688051e+09  8.33115540e+09  6.24e-02 2.95e-07  1.10e+02    68s
  45   8.06006618e+09  8.30278867e+09  5.87e-02 3.44e-07  9.74e+01    68s
  46   8.07027367e+09  8.27142416e+09  5.09e-02 2.52e-07  8.06e+01    69s
  47   8.08032107e+09  8.24639359e+09  4.37e-02 2.81e-07  6.66e+01    69s
  48   8.09972121e+09  8.23387594e+09  3.12e-02 3.13e-07  5.34e+01    70s
  49   8.10622364e+09  8.21493801e+09  2.71e-02 2.94e-07  4.34e+01    70s
  50   8.11175889e+09  8.19998782e+09  2.38e-02 3.00e-07  3.53e+01    71s
  51   8.11694841e+09  8.18904277e+09  2.05e-02 2.86e-07  2.89e+01    71s
  52   8.11865135e+09  8.18824192e+09  1.93e-02 3.61e-07  2.78e+01    72s
  53   8.12013912e+09  8.18395465e+09  1.83e-02 3.89e-07  2.55e+01    72s
  54   8.12613729e+09  8.18282558e+09  1.43e-02 3.61e-07  2.25e+01    73s
  55   8.12861406e+09  8.17866881e+09  1.28e-02 3.60e-07  1.99e+01    73s
  56   8.12955286e+09  8.17845177e+09  1.23e-02 4.33e-07  1.94e+01    74s
  57   8.13322687e+09  8.17463968e+09  1.02e-02 3.52e-07  1.64e+01    74s
  58   8.13667796e+09  8.17407795e+09  8.27e-03 3.54e-07  1.47e+01    75s
  59   8.13714152e+09  8.17069691e+09  8.04e-03 4.17e-07  1.33e+01    75s
  60   8.14036235e+09  8.16900318e+09  6.46e-03 4.14e-07  1.13e+01    76s
  61   8.14124053e+09  8.16821330e+09  6.05e-03 4.40e-07  1.06e+01    77s
  62   8.14299183e+09  8.16638868e+09  5.27e-03 4.12e-07  9.23e+00    77s
  63   8.14394073e+09  8.16573575e+09  4.83e-03 5.47e-07  8.59e+00    78s
  64   8.14557495e+09  8.16430654e+09  4.13e-03 4.20e-07  7.38e+00    78s
  65   8.14715251e+09  8.16357850e+09  3.46e-03 4.79e-07  6.46e+00    79s
  66   8.14778574e+09  8.16244703e+09  3.21e-03 3.72e-07  5.77e+00    79s
  67   8.15012365e+09  8.16152578e+09  2.30e-03 3.82e-07  4.47e+00    80s
  68   8.15120804e+09  8.16112042e+09  1.93e-03 4.47e-07  3.89e+00    80s
  69   8.15182070e+09  8.16050183e+09  1.71e-03 3.53e-07  3.40e+00    81s
  70   8.15292641e+09  8.15996951e+09  1.32e-03 3.56e-07  2.76e+00    81s
  71   8.15396999e+09  8.15947540e+09  9.83e-04 4.49e-07  2.15e+00    82s
  72   8.15489631e+09  8.15924085e+09  6.94e-04 4.45e-07  1.69e+00    82s
  73   8.15547533e+09  8.15844844e+09  5.14e-04 2.83e-07  1.16e+00    83s
  74   8.15614520e+09  8.15810295e+09  3.16e-04 2.70e-07  7.63e-01    84s
  75   8.15622095e+09  8.15804733e+09  2.93e-04 2.63e-07  7.12e-01    84s
  76   8.15653825e+09  8.15772931e+09  2.02e-04 2.70e-07  4.65e-01    85s
  77   8.15699364e+09  8.15757574e+09  7.31e-05 2.33e-07  2.25e-01    85s
  78   8.15716605e+09  8.15738608e+09  2.63e-05 2.04e-07  8.51e-02    86s
  79   8.15722722e+09  8.15731639e+09  9.99e-06 2.09e-07  3.45e-02    86s
  80   8.15725393e+09  8.15729684e+09  3.27e-06 1.71e-07  1.65e-02    87s
  81   8.15725886e+09  8.15728184e+09  2.04e-06 1.34e-07  8.88e-03    87s
  82   8.15726275e+09  8.15727420e+09  1.10e-06 1.27e-07  4.44e-03    88s
  83   8.15726672e+09  8.15726915e+09  2.12e-07 1.50e-07  9.38e-04    89s
  84   8.15726760e+09  8.15726798e+09  2.44e-08 1.54e-07  1.45e-04    89s
  85   8.15726769e+09  8.15726777e+09  5.39e-09 1.58e-07  2.95e-05    90s
  86   8.15726772e+09  8.15726773e+09  1.87e-07 1.68e-07  3.68e-06    91s
  87   8.15726772e+09  8.15726772e+09  5.04e-08 1.19e-07  5.60e-07    91s
  88   8.15726772e+09  8.15726772e+09  1.53e-08 1.84e-07  3.36e-09    92s

Barrier solved model in 88 iterations and 91.86 seconds (74.27 work units)
Optimal objective 8.15726772e+09


Root crossover log...

   41427 DPushes remaining with DInf 0.0000000e+00                92s
       0 DPushes remaining with DInf 0.0000000e+00                93s

    4067 PPushes remaining with PInf 0.0000000e+00                93s
       0 PPushes remaining with PInf 0.0000000e+00                93s

  Push phase complete: Pinf 0.0000000e+00, Dinf 3.9872396e-07     93s


Root simplex log...

Iteration    Objective       Primal Inf.    Dual Inf.      Time
   45470    8.1572677e+09   0.000000e+00   0.000000e+00     93s
Concurrent spin time: 0.04s

Solved with barrier
   45470    8.1572677e+09   0.000000e+00   0.000000e+00     94s

Root relaxation: objective 8.157268e+09, 45470 iterations, 64.57 seconds (45.11 work units)
Total elapsed time = 96.30s
Total elapsed time = 101.46s

    Nodes    |    Current Node    |     Objective Bounds      |     Work
 Expl Unexpl |  Obj  Depth IntInf | Incumbent    BestBd   Gap | It/Node Time

     0     0 8.1573e+09    0  249          - 8.1573e+09      -     -  104s
     0     0 8.1572e+09    0  241          - 8.1572e+09      -     -  288s
     0     0 8.1572e+09    0  232          - 8.1572e+09      -     -  334s
     0     0 8.1572e+09    0  234          - 8.1572e+09      -     -  432s
     0     0 8.1572e+09    0  229          - 8.1572e+09      -     -  481s
     0     0 8.1572e+09    0  222          - 8.1572e+09      -     -  566s
     0     0 8.1572e+09    0  216          - 8.1572e+09      -     -  591s
     0     0 8.1572e+09    0  228          - 8.1572e+09      -     -  654s
     0     0 8.1572e+09    0  222          - 8.1572e+09      -     -  698s
     0     0 8.1572e+09    0  227          - 8.1572e+09      -     -  722s
     0     0 8.1572e+09    0  227          - 8.1572e+09      -     -  746s
     0     0 8.1572e+09    0  232          - 8.1572e+09      -     -  782s
     0     0 8.1572e+09    0  210          - 8.1572e+09      -     -  845s
     0     2 8.1572e+09    0  202          - 8.1572e+09      -     - 1123s
     1     4 8.1572e+09    1  218          - 8.1572e+09      - 28843 1422s
     3     8 8.1572e+09    2  218          - 8.1572e+09      - 13902 1667s
     7    16 8.1572e+09    3  224          - 8.1572e+09      -  7903 1962s
    15    32 8.1572e+09    4  214          - 8.1572e+09      -  5017 2268s
    31    52 8.1570e+09    5  264          - 8.1572e+09      - 16486 8558s
    51    72 8.1570e+09    6  258          - 8.1572e+09      - 131208 8973s
    71    92 8.1570e+09    6  254          - 8.1570e+09      - 95480 9400s
    91   112 8.1570e+09    7  251          - 8.1570e+09      - 74953 9697s
   111   133 8.1570e+09    7  252          - 8.1570e+09      - 61886 10101s
   132   156 8.1570e+09    8  246          - 8.1570e+09      - 52346 10589s
   155   182 8.1570e+09    9  242          - 8.1570e+09      - 44968 10800s

Cutting planes:
  Cover: 8
  Implied bound: 19
  Clique: 2
  MIR: 22
  Flow cover: 19
  Zero half: 3
  Network: 3
  RLT: 5
  Relax-and-lift: 5

Explored 181 nodes (7138771 simplex iterations) in 10800.49 seconds (14536.05 work units)
Thread count was 20 (of 40 available processors)

Solution count 0

Time limit reached
Best objective -, best bound 8.156980786468e+09, gap -
