
Gurobi 10.0.1 (linux64) logging started Mon May 22 14:29:36 2023

Set parameter LogFile to value "logFiles/N-1L-A/N-1L-16U-33F-23V-365D/basic-05-22-2023, 14-29-H90-P70-O7.log"
Gurobi Optimizer version 10.0.1 build v10.0.1rc0 (linux64)

CPU model: Intel(R) Xeon(R) Gold 5115 CPU @ 2.40GHz, instruction set [SSE2|AVX|AVX2|AVX512]
Thread count: 20 physical cores, 40 logical processors, using up to 20 threads

Optimize a model with 132369 rows, 1741269 columns and 10791671 nonzeros
Model fingerprint: 0x193a93cc
Variable types: 800641 continuous, 940628 integer (940628 binary)
Coefficient statistics:
  Matrix range     [1e+00, 2e+05]
  Objective range  [4e+01, 3e+07]
  Bounds range     [1e+00, 1e+00]
  RHS range        [1e+00, 3e+06]
Presolve removed 68412 rows and 26079 columns (presolve time = 5s) ...
Presolve removed 68413 rows and 33866 columns (presolve time = 10s) ...
Presolve removed 69498 rows and 34951 columns (presolve time = 15s) ...
Presolve removed 69498 rows and 34951 columns (presolve time = 20s) ...
Presolve removed 69498 rows and 34951 columns (presolve time = 25s) ...
Presolve removed 70594 rows and 34951 columns (presolve time = 30s) ...
Presolve removed 70594 rows and 34967 columns (presolve time = 35s) ...
Presolve removed 70594 rows and 34967 columns (presolve time = 40s) ...
Presolve removed 70594 rows and 34967 columns (presolve time = 45s) ...
Presolve removed 70594 rows and 34967 columns (presolve time = 50s) ...
Presolve removed 70594 rows and 34967 columns (presolve time = 55s) ...
Presolve removed 70594 rows and 34967 columns (presolve time = 60s) ...
Presolve removed 70594 rows and 34971 columns (presolve time = 65s) ...
Presolve removed 70594 rows and 34971 columns (presolve time = 70s) ...
Presolve removed 70594 rows and 34971 columns (presolve time = 75s) ...
Presolve removed 70594 rows and 34971 columns (presolve time = 80s) ...
Presolve removed 70594 rows and 34971 columns (presolve time = 86s) ...
Presolve removed 70594 rows and 34971 columns (presolve time = 91s) ...
Presolve removed 70506 rows and 34883 columns
Presolve time: 90.72s
Presolved: 61863 rows, 1706386 columns, 8794430 nonzeros
Variable types: 779036 continuous, 927350 integer (927350 binary)
Deterministic concurrent LP optimizer: primal simplex, dual simplex, and barrier
Showing barrier log only...

Root barrier log...

Elapsed ordering time = 5s
Ordering time: 5.21s

Barrier statistics:
 AA' NZ     : 4.269e+06
 Factor NZ  : 1.426e+07 (roughly 800 MB of memory)
 Factor Ops : 2.332e+10 (less than 1 second per iteration)
 Threads    : 17

                  Objective                Residual
Iter       Primal          Dual         Primal    Dual     Compl     Time
   0  -2.20305589e+16  1.61846285e+14  1.43e+09 7.98e+06  9.56e+11   125s
   1  -7.93732122e+15  1.51190850e+14  5.15e+08 9.99e+06  3.47e+11   126s
   2  -3.15785028e+15  1.17947021e+14  2.05e+08 1.81e+06  1.41e+11   128s
   3  -2.07560830e+14  8.09218746e+13  1.35e+07 2.82e+04  9.50e+09   130s
   4  -4.94075751e+13  4.57519677e+13  3.22e+06 3.69e+03  2.29e+09   131s
   5  -1.40220629e+13  3.25241627e+13  9.13e+05 1.10e+03  6.56e+08   132s
   6  -8.65228256e+12  2.87754192e+13  5.63e+05 7.27e+02  4.10e+08   134s
   7  -2.28469018e+12  2.61739909e+13  1.49e+05 5.31e+02  1.13e+08   135s
   8  -1.28112439e+12  2.24751082e+13  8.35e+04 3.61e+02  6.49e+07   136s
   9  -7.67663326e+11  1.80732599e+13  5.01e+04 1.58e+02  3.89e+07   138s
  10  -4.30728614e+11  1.47963578e+13  2.83e+04 8.16e+01  2.24e+07   140s
  11  -1.16979218e+11  8.75330722e+12  7.89e+03 1.73e+01  7.01e+06   141s
  12  -9.12313489e+10  4.79219855e+12  6.22e+03 5.39e+00  4.50e+06   143s
  13  -3.72926936e+10  2.11352644e+12  2.73e+03 8.47e-01  1.80e+06   144s
  14  -1.36972434e+10  7.94523907e+11  1.21e+03 3.15e-08  6.81e+05   145s
  15  -4.43455667e+08  3.04393175e+11  3.56e+02 3.00e-08  2.05e+05   146s
  16   3.75539580e+09  9.58950424e+10  8.71e+01 3.32e-08  5.33e+04   148s
  17   4.14703779e+09  7.13146307e+10  6.21e+01 3.66e-08  3.81e+04   149s
  18   4.25046517e+09  6.32881678e+10  5.55e+01 3.84e-08  3.34e+04   150s
  19   4.40566579e+09  5.61653081e+10  4.57e+01 5.26e-08  2.84e+04   151s
  20   4.46636354e+09  5.27523984e+10  4.19e+01 5.19e-08  2.63e+04   152s
  21   4.64270417e+09  4.22475989e+10  3.09e+01 6.67e-08  1.98e+04   153s
  22   4.85624577e+09  3.40993412e+10  1.77e+01 8.78e-08  1.37e+04   154s
  23   4.92434839e+09  2.97792823e+10  1.40e+01 7.35e-08  1.13e+04   156s
  24   4.97467909e+09  2.11337850e+10  1.12e+01 1.30e-07  7.98e+03   158s
  25   5.08087763e+09  1.66330765e+10  5.34e+00 1.40e-07  4.99e+03   160s
  26   5.08707768e+09  1.62679209e+10  5.03e+00 1.51e-07  4.78e+03   162s
  27   5.10263689e+09  1.45351017e+10  4.19e+00 2.07e-07  3.99e+03   163s
  28   5.13072472e+09  1.30914565e+10  2.89e+00 1.68e-07  3.15e+03   165s
  29   5.17434369e+09  1.29772446e+10  2.16e+00 1.82e-07  2.89e+03   166s
  30   5.18707276e+09  1.09171439e+10  1.95e+00 1.70e-07  2.15e+03   168s
  31   5.20186697e+09  1.07361705e+10  1.89e+00 1.86e-07  2.07e+03   170s
  32   5.21640574e+09  1.04498861e+10  1.70e+00 1.94e-07  1.92e+03   172s
  33   5.21664427e+09  1.02338167e+10  1.70e+00 2.26e-07  1.85e+03   173s
  34   5.23508286e+09  1.00528145e+10  1.51e+00 2.42e-07  1.74e+03   175s
  35   5.25977760e+09  8.70904519e+09  1.28e+00 1.85e-07  1.24e+03   176s
  36   5.26338114e+09  8.53929296e+09  1.25e+00 2.26e-07  1.17e+03   177s
  37   5.30361646e+09  8.00881855e+09  8.95e-01 1.83e-07  9.31e+02   179s
  38   5.31672907e+09  7.50360149e+09  8.21e-01 1.85e-07  7.50e+02   181s
  39   5.34244369e+09  6.84159050e+09  6.66e-01 1.65e-07  5.08e+02   183s
  40   5.38422769e+09  6.42529133e+09  4.77e-01 1.53e-07  3.45e+02   185s
  41   5.39216198e+09  6.26817484e+09  4.49e-01 1.47e-07  2.90e+02   187s
  42   5.41353252e+09  6.11408615e+09  3.71e-01 1.53e-07  2.30e+02   189s
  43   5.43969370e+09  5.89336549e+09  2.76e-01 1.46e-07  1.48e+02   191s
  44   5.45321582e+09  5.75269269e+09  2.34e-01 1.39e-07  9.80e+01   192s
  45   5.46528225e+09  5.69881591e+09  2.03e-01 1.47e-07  7.61e+01   194s
  46   5.47771852e+09  5.67001107e+09  1.65e-01 1.40e-07  6.22e+01   196s
  47   5.48263210e+09  5.63820997e+09  1.50e-01 1.52e-07  5.03e+01   197s
  48   5.48647145e+09  5.63104993e+09  1.40e-01 1.56e-07  4.66e+01   199s
  49   5.49363705e+09  5.61039390e+09  1.21e-01 1.61e-07  3.76e+01   201s
  50   5.50486600e+09  5.60377134e+09  8.89e-02 1.89e-07  3.14e+01   203s
  51   5.50957625e+09  5.59511931e+09  7.86e-02 2.00e-07  2.72e+01   204s
  52   5.51359855e+09  5.58914038e+09  6.98e-02 1.69e-07  2.39e+01   206s
  53   5.51439162e+09  5.58287181e+09  6.80e-02 2.02e-07  2.17e+01   207s
  54   5.51648950e+09  5.58226786e+09  6.35e-02 1.70e-07  2.08e+01   209s
  55   5.51945364e+09  5.57656190e+09  5.71e-02 1.56e-07  1.80e+01   210s
  56   5.52266259e+09  5.57203044e+09  5.04e-02 1.54e-07  1.56e+01   212s
  57   5.52591560e+09  5.56977735e+09  4.33e-02 1.65e-07  1.38e+01   213s
  58   5.52879106e+09  5.56728406e+09  3.81e-02 1.94e-07  1.20e+01   215s
  59   5.53139596e+09  5.56652531e+09  3.29e-02 1.90e-07  1.09e+01   216s
  60   5.53369658e+09  5.56255968e+09  2.84e-02 1.56e-07  8.98e+00   218s
  61   5.53513377e+09  5.56103792e+09  2.60e-02 1.63e-07  8.06e+00   219s
  62   5.53831819e+09  5.55948147e+09  2.05e-02 1.63e-07  6.56e+00   221s
  63   5.53945890e+09  5.55821567e+09  1.87e-02 1.15e-07  5.82e+00   222s
  64   5.54298584e+09  5.55735103e+09  1.31e-02 1.06e-07  4.43e+00   224s
  65   5.54423049e+09  5.55698268e+09  1.13e-02 1.31e-07  3.93e+00   226s
  66   5.54598363e+09  5.55632749e+09  8.62e-03 1.18e-07  3.18e+00   228s
  67   5.54813019e+09  5.55541642e+09  5.63e-03 1.22e-07  2.23e+00   229s
  68   5.54856222e+09  5.55502136e+09  5.06e-03 1.10e-07  1.98e+00   230s
  69   5.54941544e+09  5.55471411e+09  3.95e-03 1.17e-07  1.62e+00   232s
  70   5.54983682e+09  5.55450136e+09  3.42e-03 1.08e-07  1.43e+00   234s
  71   5.55062030e+09  5.55382998e+09  2.45e-03 8.31e-08  9.82e-01   235s
  72   5.55116559e+09  5.55333449e+09  1.74e-03 8.05e-08  6.65e-01   237s
  73   5.55160518e+09  5.55303945e+09  1.21e-03 6.58e-08  4.41e-01   239s
  74   5.55190392e+09  5.55285823e+09  8.45e-04 9.17e-08  2.94e-01   241s
  75   5.55208534e+09  5.55273036e+09  6.25e-04 6.62e-08  2.00e-01   243s
  76   5.55213922e+09  5.55269532e+09  5.66e-04 7.58e-08  1.72e-01   245s
  77   5.55222740e+09  5.55268233e+09  4.61e-04 8.27e-08  1.41e-01   247s
  78   5.55235757e+09  5.55266224e+09  2.97e-04 6.02e-08  9.43e-02   249s
  79   5.55239871e+09  5.55265885e+09  2.50e-04 8.22e-08  8.05e-02   250s
  80   5.55254716e+09  5.55263576e+09  7.87e-05 6.27e-08  2.73e-02   252s
  81   5.55258151e+09  5.55262457e+09  3.87e-05 6.32e-08  1.33e-02   253s
  82   5.55259859e+09  5.55262383e+09  1.96e-05 9.26e-08  7.73e-03   255s
  83   5.55260419e+09  5.55262072e+09  1.33e-05 6.68e-08  5.07e-03   256s
  84   5.55261039e+09  5.55261728e+09  6.17e-06 6.94e-08  2.13e-03   258s
  85   5.55261360e+09  5.55261649e+09  2.63e-06 9.76e-08  8.97e-04   260s
  86   5.55261603e+09  5.55261628e+09  1.03e-06 8.44e-08  7.83e-05   261s
  87   5.55261619e+09  5.55261626e+09  2.66e-07 7.11e-08  2.21e-05   263s
  88   5.55261625e+09  5.55261625e+09  2.23e-08 7.31e-08  7.98e-08   265s
  89   5.55261625e+09  5.55261625e+09  3.21e-09 5.98e-08  6.26e-11   266s

Barrier solved model in 89 iterations and 266.01 seconds (136.32 work units)
Optimal objective 5.55261625e+09


Root crossover log...

   54126 DPushes remaining with DInf 8.0540267e-06               267s
       0 DPushes remaining with DInf 0.0000000e+00               271s

    3807 PPushes remaining with PInf 0.0000000e+00               271s
       0 PPushes remaining with PInf 0.0000000e+00               271s

  Push phase complete: Pinf 0.0000000e+00, Dinf 4.4866682e-01    271s


Root simplex log...

Iteration    Objective       Primal Inf.    Dual Inf.      Time
   57828    5.5526162e+09   0.000000e+00   4.486662e-01    271s
   57830    5.5526162e+09   0.000000e+00   0.000000e+00    272s
Concurrent spin time: 0.08s

Solved with barrier
   57830    5.5526162e+09   0.000000e+00   0.000000e+00    274s

Root relaxation: objective 5.552616e+09, 57830 iterations, 170.50 seconds (80.66 work units)
Total elapsed time = 281.73s
Total elapsed time = 287.32s
Total elapsed time = 290.71s

    Nodes    |    Current Node    |     Objective Bounds      |     Work
 Expl Unexpl |  Obj  Depth IntInf | Incumbent    BestBd   Gap | It/Node Time

     0     0 5.5526e+09    0  400          - 5.5526e+09      -     -  300s
     0     0 5.5526e+09    0  417          - 5.5526e+09      -     -  984s
     0     0 5.5526e+09    0  389          - 5.5526e+09      -     - 1221s
     0     0 5.5526e+09    0  379          - 5.5526e+09      -     - 1230s
     0     0 5.5526e+09    0  413          - 5.5526e+09      -     - 1424s
     0     0 5.5526e+09    0  394          - 5.5526e+09      -     - 1504s
     0     0 5.5525e+09    0  399          - 5.5525e+09      -     - 1661s
     0     0 5.5525e+09    0  407          - 5.5525e+09      -     - 1703s
     0     0 5.5519e+09    0  414          - 5.5519e+09      -     - 2023s
     0     0 5.5519e+09    0  432          - 5.5519e+09      -     - 2168s
     0     0 5.5519e+09    0  402          - 5.5519e+09      -     - 2228s
     0     0 5.5519e+09    0  399          - 5.5519e+09      -     - 2292s
     0     0 5.5519e+09    0  432          - 5.5519e+09      -     - 2413s
     0     0 5.5519e+09    0  420          - 5.5519e+09      -     - 2477s
     0     0 5.5519e+09    0  431          - 5.5519e+09      -     - 2663s
     0     0 5.5519e+09    0  421          - 5.5519e+09      -     - 2717s
     0     0 5.5519e+09    0  409          - 5.5519e+09      -     - 2843s
     0     0 5.5519e+09    0  387          - 5.5519e+09      -     - 2897s
     0     0 5.5519e+09    0  403          - 5.5519e+09      -     - 3385s
     0     0 5.5519e+09    0  374          - 5.5519e+09      -     - 3641s
     0     2 5.5519e+09    0  358          - 5.5519e+09      -     - 4459s
     1     4 5.5519e+09    1  383          - 5.5519e+09      - 30934 4696s
     3     8 5.5519e+09    2  389          - 5.5519e+09      - 15278 5473s
     7    16 5.5519e+09    3  354          - 5.5519e+09      - 12648 6116s
    15    32 5.5519e+09    4  397          - 5.5519e+09      - 10111 7730s
    31    48 5.5519e+09    5  425          - 5.5519e+09      - 34385 10800s

Cutting planes:
  Cover: 14
  Implied bound: 44
  Clique: 1
  MIR: 53
  Flow cover: 28
  GUB cover: 1
  Zero half: 1
  Network: 3
  RLT: 16
  Relax-and-lift: 3

Explored 47 nodes (11816151 simplex iterations) in 10800.76 seconds (10633.22 work units)
Thread count was 20 (of 40 available processors)

Solution count 0

Time limit reached
Best objective -, best bound 5.551921656884e+09, gap -
