
Gurobi 10.0.1 (linux64) logging started Mon May 22 21:00:16 2023

Set parameter LogFile to value "logFiles/N-1L-A/N-1L-16U-33F-23V-365D/basic-05-22-2023, 21-00-H90-P70-O7.log"
Gurobi Optimizer version 10.0.1 build v10.0.1rc0 (linux64)

CPU model: Intel(R) Xeon(R) Gold 5115 CPU @ 2.40GHz, instruction set [SSE2|AVX|AVX2|AVX512]
Thread count: 20 physical cores, 40 logical processors, using up to 20 threads

Optimize a model with 132369 rows, 1741269 columns and 10791671 nonzeros
Model fingerprint: 0x0e635d90
Variable types: 800641 continuous, 940628 integer (940628 binary)
Coefficient statistics:
  Matrix range     [1e+00, 2e+05]
  Objective range  [4e+01, 3e+07]
  Bounds range     [1e+00, 1e+00]
  RHS range        [1e+00, 3e+06]
Presolve removed 68413 rows and 33866 columns (presolve time = 5s) ...
Presolve removed 69498 rows and 34951 columns (presolve time = 10s) ...
Presolve removed 70594 rows and 34967 columns (presolve time = 15s) ...
Presolve removed 70594 rows and 34967 columns (presolve time = 20s) ...
Presolve removed 70594 rows and 34967 columns (presolve time = 25s) ...
Presolve removed 70594 rows and 34971 columns (presolve time = 30s) ...
Presolve removed 70594 rows and 34971 columns (presolve time = 35s) ...
Presolve removed 70506 rows and 34883 columns
Presolve time: 38.32s
Presolved: 61863 rows, 1706386 columns, 8794430 nonzeros
Variable types: 779036 continuous, 927350 integer (927350 binary)
Deterministic concurrent LP optimizer: primal simplex, dual simplex, and barrier
Showing barrier log only...

Root barrier log...

Ordering time: 4.07s

Barrier statistics:
 AA' NZ     : 4.269e+06
 Factor NZ  : 1.426e+07 (roughly 800 MB of memory)
 Factor Ops : 2.332e+10 (less than 1 second per iteration)
 Threads    : 17

                  Objective                Residual
Iter       Primal          Dual         Primal    Dual     Compl     Time
   0  -2.20305589e+16  1.61846285e+14  1.43e+09 7.98e+06  9.56e+11    59s
   1  -7.93732122e+15  1.51190850e+14  5.15e+08 9.99e+06  3.47e+11    60s
   2  -3.15785028e+15  1.17947021e+14  2.05e+08 1.81e+06  1.41e+11    61s
   3  -2.07560830e+14  8.09218746e+13  1.35e+07 2.82e+04  9.50e+09    62s
   4  -4.94075751e+13  4.57519677e+13  3.22e+06 3.69e+03  2.29e+09    63s
   5  -1.40220629e+13  3.25241627e+13  9.13e+05 1.10e+03  6.56e+08    63s
   6  -8.65228256e+12  2.87754192e+13  5.63e+05 7.27e+02  4.10e+08    64s
   7  -2.28469018e+12  2.61739909e+13  1.49e+05 5.31e+02  1.13e+08    65s
   8  -1.28112439e+12  2.24751082e+13  8.35e+04 3.61e+02  6.49e+07    65s
   9  -7.67663326e+11  1.80732599e+13  5.01e+04 1.58e+02  3.89e+07    66s
  10  -4.30728614e+11  1.47963578e+13  2.83e+04 8.16e+01  2.24e+07    67s
  11  -1.16979218e+11  8.75330722e+12  7.89e+03 1.73e+01  7.01e+06    68s
  12  -9.12313489e+10  4.79219855e+12  6.22e+03 5.39e+00  4.50e+06    69s
  13  -3.72926936e+10  2.11352644e+12  2.73e+03 8.47e-01  1.80e+06    69s
  14  -1.36972434e+10  7.94523907e+11  1.21e+03 3.28e-08  6.81e+05    70s
  15  -4.43455667e+08  3.04393175e+11  3.56e+02 3.03e-08  2.05e+05    71s
  16   3.75539580e+09  9.58950424e+10  8.71e+01 3.56e-08  5.33e+04    71s
  17   4.14703779e+09  7.13146307e+10  6.21e+01 3.29e-08  3.81e+04    72s
  18   4.25046517e+09  6.32881678e+10  5.55e+01 4.00e-08  3.34e+04    73s
  19   4.40566579e+09  5.61653081e+10  4.57e+01 3.59e-08  2.84e+04    74s
  20   4.46636354e+09  5.27523984e+10  4.19e+01 5.97e-08  2.63e+04    74s
  21   4.64270417e+09  4.22475989e+10  3.09e+01 6.53e-08  1.98e+04    75s
  22   4.85624577e+09  3.40993412e+10  1.77e+01 8.92e-08  1.37e+04    76s
  23   4.92434839e+09  2.97792823e+10  1.40e+01 7.24e-08  1.13e+04    77s
  24   4.97467909e+09  2.11337850e+10  1.12e+01 1.07e-07  7.98e+03    79s
  25   5.08087763e+09  1.66330765e+10  5.34e+00 1.32e-07  4.99e+03    80s
  26   5.08707768e+09  1.62679209e+10  5.03e+00 1.99e-07  4.78e+03    81s
  27   5.10263689e+09  1.45351016e+10  4.19e+00 1.85e-07  3.99e+03    82s
  28   5.13072472e+09  1.30914564e+10  2.89e+00 1.80e-07  3.15e+03    83s
  29   5.17434354e+09  1.29772445e+10  2.16e+00 1.90e-07  2.89e+03    84s
  30   5.18707272e+09  1.09171444e+10  1.95e+00 1.70e-07  2.15e+03    85s
  31   5.20186676e+09  1.07361720e+10  1.89e+00 1.87e-07  2.07e+03    87s
  32   5.21640568e+09  1.04498942e+10  1.70e+00 2.40e-07  1.92e+03    88s
  33   5.21664426e+09  1.02338059e+10  1.70e+00 1.96e-07  1.85e+03    89s
  34   5.23508313e+09  1.00528125e+10  1.51e+00 2.32e-07  1.74e+03    89s
  35   5.25977783e+09  8.70892597e+09  1.28e+00 2.05e-07  1.24e+03    91s
  36   5.26338197e+09  8.53924921e+09  1.25e+00 1.93e-07  1.17e+03    92s
  37   5.30361645e+09  8.00872804e+09  8.95e-01 1.88e-07  9.31e+02    93s
  38   5.31672041e+09  7.50322360e+09  8.21e-01 1.92e-07  7.50e+02    94s
  39   5.34253159e+09  6.83660496e+09  6.65e-01 1.59e-07  5.07e+02    95s
  40   5.38429211e+09  6.41450456e+09  4.77e-01 1.55e-07  3.42e+02    96s
  41   5.39855599e+09  6.18102500e+09  4.28e-01 1.27e-07  2.59e+02    98s
  42   5.43127880e+09  5.99957225e+09  3.06e-01 1.96e-07  1.84e+02    99s
  43   5.44422456e+09  5.85846808e+09  2.65e-01 1.51e-07  1.35e+02   100s
  44   5.46056011e+09  5.75430670e+09  2.12e-01 1.27e-07  9.50e+01   101s
  45   5.47544900e+09  5.68303075e+09  1.71e-01 1.28e-07  6.71e+01   103s
  46   5.48048399e+09  5.66630183e+09  1.55e-01 1.83e-07  5.99e+01   103s
  47   5.48702779e+09  5.64944234e+09  1.37e-01 1.67e-07  5.22e+01   105s
  48   5.48988362e+09  5.62990224e+09  1.28e-01 1.67e-07  4.51e+01   106s
  49   5.49735295e+09  5.61677590e+09  1.06e-01 1.53e-07  3.82e+01   107s
  50   5.50726908e+09  5.60998376e+09  8.10e-02 1.89e-07  3.25e+01   108s
  51   5.51041777e+09  5.60204295e+09  7.42e-02 1.70e-07  2.90e+01   109s
  52   5.51319535e+09  5.59075942e+09  6.80e-02 1.84e-07  2.46e+01   110s
  53   5.51822287e+09  5.58107745e+09  5.70e-02 1.65e-07  1.99e+01   111s
  54   5.52056793e+09  5.57699422e+09  5.17e-02 1.61e-07  1.78e+01   113s
  55   5.52405217e+09  5.57461716e+09  4.36e-02 1.61e-07  1.59e+01   114s
  56   5.52930720e+09  5.56974710e+09  3.23e-02 1.39e-07  1.26e+01   115s
  57   5.53060414e+09  5.56751174e+09  2.98e-02 1.44e-07  1.15e+01   116s
  58   5.53171289e+09  5.56491152e+09  2.78e-02 1.90e-07  1.04e+01   117s
  59   5.53397356e+09  5.56380967e+09  2.41e-02 2.27e-07  9.29e+00   118s
  60   5.53614786e+09  5.56227630e+09  2.05e-02 1.97e-07  8.12e+00   119s
  61   5.53680752e+09  5.56089950e+09  1.95e-02 2.28e-07  7.49e+00   121s
  62   5.53908472e+09  5.55954478e+09  1.62e-02 2.20e-07  6.35e+00   122s
  63   5.53996905e+09  5.55830570e+09  1.49e-02 1.61e-07  5.68e+00   124s
  64   5.54063226e+09  5.55755007e+09  1.40e-02 1.84e-07  5.25e+00   125s
  65   5.54241580e+09  5.55702675e+09  1.16e-02 1.94e-07  4.52e+00   126s
  66   5.54359800e+09  5.55621807e+09  1.02e-02 1.79e-07  3.91e+00   127s
  67   5.54520849e+09  5.55595571e+09  8.23e-03 1.60e-07  3.32e+00   129s
  68   5.54636587e+09  5.55521908e+09  6.89e-03 1.42e-07  2.73e+00   130s
  69   5.54767885e+09  5.55458640e+09  5.45e-03 1.72e-07  2.13e+00   132s
  70   5.54782206e+09  5.55447488e+09  5.28e-03 1.65e-07  2.05e+00   133s
  71   5.54834414e+09  5.55423566e+09  4.70e-03 1.83e-07  1.82e+00   134s
  72   5.54905503e+09  5.55410716e+09  3.92e-03 1.52e-07  1.56e+00   135s
  73   5.54930261e+09  5.55373758e+09  3.65e-03 1.54e-07  1.37e+00   137s
  74   5.54982028e+09  5.55345978e+09  3.08e-03 1.53e-07  1.13e+00   138s
  75   5.55095838e+09  5.55322583e+09  1.80e-03 1.38e-07  6.99e-01   139s
  76   5.55177063e+09  5.55301676e+09  9.08e-04 1.28e-07  3.83e-01   141s
  77   5.55203367e+09  5.55292289e+09  6.24e-04 1.27e-07  2.73e-01   142s
  78   5.55219990e+09  5.55279740e+09  4.45e-04 1.18e-07  1.84e-01   143s
  79   5.55244076e+09  5.55271997e+09  1.76e-04 1.21e-07  8.53e-02   144s
  80   5.55248525e+09  5.55265992e+09  1.31e-04 1.12e-07  5.38e-02   145s
  81   5.55251846e+09  5.55265580e+09  9.65e-05 1.27e-07  4.22e-02   146s
  82   5.55257799e+09  5.55263717e+09  3.84e-05 1.35e-07  1.81e-02   146s
  83   5.55260153e+09  5.55262889e+09  1.21e-05 1.20e-07  8.30e-03   147s
  84   5.55260327e+09  5.55262741e+09  1.06e-05 1.31e-07  7.32e-03   148s
  85   5.55261166e+09  5.55262103e+09  4.25e-06 1.36e-07  2.83e-03   149s
  86   5.55261436e+09  5.55261724e+09  1.76e-06 1.09e-07  8.79e-04   149s
  87   5.55261535e+09  5.55261685e+09  9.98e-07 1.28e-07  4.55e-04   150s
  88   5.55261618e+09  5.55261632e+09  4.35e-07 1.17e-07  4.31e-05   151s
  89   5.55261625e+09  5.55261625e+09  3.51e-08 1.09e-07  1.42e-06   152s
  90   5.55261625e+09  5.55261625e+09  3.04e-08 1.20e-07  1.98e-10   153s

Barrier solved model in 90 iterations and 152.68 seconds (137.55 work units)
Optimal objective 5.55261625e+09


Root crossover log...

   54125 DPushes remaining with DInf 0.0000000e+00               153s
       0 DPushes remaining with DInf 0.0000000e+00               155s

    3808 PPushes remaining with PInf 0.0000000e+00               155s
       0 PPushes remaining with PInf 0.0000000e+00               155s

  Push phase complete: Pinf 0.0000000e+00, Dinf 3.1980728e-01    155s


Root simplex log...

Iteration    Objective       Primal Inf.    Dual Inf.      Time
   57828    5.5526162e+09   0.000000e+00   3.198068e-01    155s
   57830    5.5526162e+09   0.000000e+00   0.000000e+00    156s
Concurrent spin time: 0.04s

Solved with barrier
   57830    5.5526162e+09   0.000000e+00   0.000000e+00    157s

Root relaxation: objective 5.552616e+09, 57830 iterations, 111.29 seconds (81.96 work units)
Total elapsed time = 161.06s

    Nodes    |    Current Node    |     Objective Bounds      |     Work
 Expl Unexpl |  Obj  Depth IntInf | Incumbent    BestBd   Gap | It/Node Time

     0     0 5.5526e+09    0  396          - 5.5526e+09      -     -  166s
     0     0 5.5526e+09    0  399          - 5.5526e+09      -     -  436s
    15    32 5.5519e+09    4  344          - 5.5519e+09      - 10375 6416s
    31    52 5.5519e+09    5  388          - 5.5519e+09      - 34463 9559s
    36    52 5.5519e+09    5  404          - 5.5519e+09      - 146784 9560s
    51    72 5.5519e+09    6  380          - 5.5519e+09      - 273965 10068s
    71    92 5.5519e+09    7  369          - 5.5519e+09      - 197536 10778s
    91    96 5.5519e+09    8  353          - 5.5519e+09      - 154422 10800s

Cutting planes:
  Cover: 7
  Implied bound: 19
  MIR: 45
  Flow cover: 24
  Network: 3
  RLT: 13
  Relax-and-lift: 4

Explored 95 nodes (14264313 simplex iterations) in 10800.72 seconds (11624.15 work units)
Thread count was 20 (of 40 available processors)

Solution count 0

Time limit reached
Best objective -, best bound 5.551931431951e+09, gap -
