
Gurobi 10.0.1 (linux64) logging started Sun May 21 23:39:22 2023

Set parameter LogFile to value "logFiles/N-1L-A/N-1L-16U-33F-23V-365D/basic-05-21-2023, 23-39-H60-P40-O7.log"
Gurobi Optimizer version 10.0.1 build v10.0.1rc0 (linux64)

CPU model: Intel(R) Xeon(R) Gold 5115 CPU @ 2.40GHz, instruction set [SSE2|AVX|AVX2|AVX512]
Thread count: 20 physical cores, 40 logical processors, using up to 20 threads

Optimize a model with 84539 rows, 990737 columns and 5113174 nonzeros
Model fingerprint: 0x847d5010
Variable types: 407407 continuous, 583330 integer (583330 binary)
Coefficient statistics:
  Matrix range     [1e+00, 2e+05]
  Objective range  [4e+01, 3e+07]
  Bounds range     [1e+00, 1e+00]
  RHS range        [1e+00, 2e+06]
Presolve removed 49859 rows and 34516 columns (presolve time = 5s) ...
Presolve removed 49877 rows and 38374 columns (presolve time = 10s) ...
Presolve removed 49878 rows and 38419 columns (presolve time = 15s) ...
Presolve removed 49844 rows and 38385 columns
Presolve time: 18.34s
Presolved: 34695 rows, 952352 columns, 4590199 nonzeros
Variable types: 382300 continuous, 570052 integer (570052 binary)
Deterministic concurrent LP optimizer: primal simplex, dual simplex, and barrier
Showing barrier log only...

Root barrier log...

Ordering time: 1.66s

Barrier statistics:
 AA' NZ     : 2.211e+06
 Factor NZ  : 6.195e+06 (roughly 450 MB of memory)
 Factor Ops : 6.885e+09 (less than 1 second per iteration)
 Threads    : 17

                  Objective                Residual
Iter       Primal          Dual         Primal    Dual     Compl     Time
   0  -8.60364858e+15  4.13415861e+13  5.89e+08 7.80e+06  7.29e+11    30s
   1  -3.11232712e+15  3.83236340e+13  2.13e+08 1.02e+07  2.66e+11    30s
   2  -9.47556985e+14  3.01134387e+13  6.50e+07 1.02e+06  8.38e+10    31s
   3  -1.92871006e+13  2.31414954e+13  1.34e+06 7.57e+03  1.75e+09    31s
   4  -6.47860407e+12  1.49120569e+13  4.50e+05 3.35e-08  6.01e+08    32s
   5  -3.03078172e+12  1.30329380e+13  2.11e+05 2.61e-08  2.91e+08    32s
   6  -1.23056896e+12  1.20118182e+13  8.56e+04 2.24e-08  1.21e+08    32s
   7  -4.65642352e+11  1.06984200e+13  3.25e+04 6.24e+01  4.77e+07    33s
   8  -4.10898488e+11  9.88632400e+12  2.87e+04 6.27e+01  4.14e+07    33s
   9  -1.58389846e+11  6.90882066e+12  1.13e+04 2.05e-08  1.65e+07    34s
  10  -9.21854061e+10  4.30365830e+12  6.69e+03 2.27e-08  9.09e+06    34s
  11  -4.07834637e+10  2.13191612e+12  3.15e+03 2.39e-08  3.98e+06    35s
  12  -1.32444193e+10  6.47672555e+11  1.27e+03 2.83e-08  1.31e+06    35s
  13   3.63814391e+09  2.44838182e+11  1.28e+02 3.04e-08  2.09e+05    36s
  14   4.93135286e+09  1.16706026e+11  4.17e+01 2.95e-08  8.29e+04    36s
  15   5.17117605e+09  7.83764448e+10  2.57e+01 3.04e-08  5.29e+04    36s
  16   5.17998088e+09  7.16494657e+10  2.51e+01 4.21e-08  4.91e+04    37s
  17   5.23985224e+09  5.64679995e+10  2.12e+01 5.03e-08  3.89e+04    37s
  18   5.29135695e+09  5.22397527e+10  1.83e+01 9.56e-08  3.51e+04    38s
  19   5.39803377e+09  4.16484401e+10  1.19e+01 1.06e-07  2.59e+04    38s
  20   5.44870668e+09  3.70230517e+10  8.92e+00 1.25e-07  2.18e+04    39s
  21   5.45398862e+09  3.26178849e+10  8.62e+00 1.38e-07  1.94e+04    39s
  22   5.49288829e+09  2.76825780e+10  6.48e+00 1.52e-07  1.56e+04    40s
  23   5.50420242e+09  2.64658785e+10  5.85e+00 1.36e-07  1.46e+04    40s
  24   5.51583031e+09  2.08741713e+10  5.22e+00 1.55e-07  1.13e+04    41s
  25   5.52568719e+09  1.91533137e+10  4.66e+00 1.36e-07  1.01e+04    41s
  26   5.53941537e+09  1.62558044e+10  3.93e+00 1.57e-07  8.10e+03    42s
  27   5.55165497e+09  1.55290094e+10  3.27e+00 1.44e-07  7.30e+03    42s
  28   5.55771134e+09  1.25669833e+10  2.96e+00 1.31e-07  5.53e+03    43s
  29   5.56136002e+09  1.22134822e+10  2.76e+00 1.79e-07  5.19e+03    43s
  30   5.57157329e+09  1.20151557e+10  2.40e+00 1.81e-07  4.86e+03    44s
  31   5.62251662e+09  1.18388856e+10  1.95e+00 1.94e-07  4.46e+03    44s
  32   5.60986141e+09  1.02810412e+10  1.86e+00 2.00e-07  3.43e+03    45s
  33   5.64521444e+09  1.02378466e+10  1.49e+00 1.77e-07  3.19e+03    45s
  34   5.68410640e+09  9.72111489e+09  1.11e+00 1.99e-07  2.66e+03    46s
  35   5.75344397e+09  8.77086287e+09  3.91e-01 1.92e-07  1.74e+03    46s
  36   5.77905561e+09  7.89753699e+09  2.76e-01 2.19e-07  1.20e+03    47s
  37   5.78505939e+09  7.59570355e+09  2.50e-01 1.94e-07  1.02e+03    47s
  38   5.83557390e+09  7.22291422e+09  1.23e-01 1.55e-07  7.58e+02    47s
  39   5.84689369e+09  6.75363946e+09  1.09e-01 1.46e-07  4.96e+02    48s
  40   5.85580473e+09  6.59309490e+09  9.82e-02 1.28e-07  4.03e+02    48s
  41   5.87568253e+09  6.49089177e+09  7.87e-02 1.56e-07  3.35e+02    49s
  42   5.87964252e+09  6.45756913e+09  7.50e-02 1.89e-07  3.15e+02    49s
  43   5.89167916e+09  6.37798656e+09  6.58e-02 2.00e-07  2.65e+02    50s
  44   5.89488860e+09  6.30147685e+09  6.32e-02 1.97e-07  2.22e+02    50s
  45   5.92275940e+09  6.23435550e+09  4.34e-02 1.79e-07  1.69e+02    50s
  46   5.92793250e+09  6.19744376e+09  3.97e-02 1.58e-07  1.46e+02    51s
  47   5.93139244e+09  6.18197045e+09  3.71e-02 2.37e-07  1.36e+02    51s
  48   5.93967304e+09  6.13535952e+09  3.22e-02 2.13e-07  1.06e+02    52s
  49   5.94534874e+09  6.09770986e+09  2.88e-02 1.85e-07  8.31e+01    52s
  50   5.95183879e+09  6.06769063e+09  2.45e-02 2.11e-07  6.34e+01    52s
  51   5.95312699e+09  6.06028716e+09  2.38e-02 1.76e-07  5.87e+01    53s
  52   5.95736511e+09  6.05634921e+09  2.15e-02 1.85e-07  5.42e+01    53s
  53   5.96424405e+09  6.04618699e+09  1.78e-02 1.84e-07  4.48e+01    54s
  54   5.97283158e+09  6.03528424e+09  1.38e-02 1.88e-07  3.42e+01    54s
  55   5.97708937e+09  6.02719979e+09  1.18e-02 1.72e-07  2.75e+01    54s
  56   5.98000152e+09  6.02602111e+09  1.04e-02 1.78e-07  2.52e+01    55s
  57   5.98248054e+09  6.02203910e+09  9.25e-03 1.53e-07  2.17e+01    55s
  58   5.98583114e+09  6.01990437e+09  7.70e-03 2.06e-07  1.86e+01    56s
  59   5.98781315e+09  6.01974993e+09  6.81e-03 2.19e-07  1.74e+01    56s
  60   5.98870260e+09  6.01697195e+09  6.44e-03 2.19e-07  1.55e+01    57s
  61   5.99118764e+09  6.01577015e+09  5.44e-03 2.02e-07  1.34e+01    57s
  62   5.99452056e+09  6.01477107e+09  4.09e-03 2.16e-07  1.10e+01    57s
  63   5.99592478e+09  6.01377261e+09  3.56e-03 2.35e-07  9.72e+00    58s
  64   5.99727932e+09  6.01286216e+09  3.10e-03 2.06e-07  8.48e+00    58s
  65   5.99828602e+09  6.01221737e+09  2.76e-03 2.01e-07  7.58e+00    59s
  66   6.00099318e+09  6.01133882e+09  1.89e-03 1.98e-07  5.62e+00    59s
  67   6.00309311e+09  6.01107116e+09  1.23e-03 2.02e-07  4.31e+00    59s
  68   6.00355807e+09  6.01012855e+09  1.10e-03 1.82e-07  3.56e+00    60s
  69   6.00372270e+09  6.00944996e+09  1.05e-03 1.76e-07  3.11e+00    60s
  70   6.00493619e+09  6.00886757e+09  7.11e-04 1.64e-07  2.14e+00    61s
  71   6.00581349e+09  6.00861020e+09  4.79e-04 1.89e-07  1.52e+00    61s
  72   6.00623226e+09  6.00826397e+09  3.71e-04 1.42e-07  1.10e+00    62s
  73   6.00665578e+09  6.00796578e+09  2.61e-04 1.60e-07  7.15e-01    62s
  74   6.00691301e+09  6.00783503e+09  1.98e-04 1.61e-07  5.05e-01    63s
  75   6.00715683e+09  6.00778754e+09  1.36e-04 1.84e-07  3.46e-01    63s
  76   6.00729374e+09  6.00777183e+09  1.02e-04 1.56e-07  2.62e-01    63s
  77   6.00758848e+09  6.00775302e+09  3.17e-05 2.76e-07  8.98e-02    64s
  78   6.00765057e+09  6.00774270e+09  1.66e-05 2.86e-07  5.02e-02    64s
  79   6.00767545e+09  6.00773147e+09  1.08e-05 2.55e-07  3.07e-02    65s
  80   6.00771077e+09  6.00772818e+09  6.97e-06 2.87e-07  9.51e-03    65s
  81   6.00771955e+09  6.00772640e+09  2.74e-06 2.52e-07  3.75e-03    65s
  82   6.00772300e+09  6.00772630e+09  1.19e-06 2.45e-07  1.81e-03    66s
  83   6.00772573e+09  6.00772608e+09  1.38e-07 2.26e-07  1.93e-04    66s
  84   6.00772595e+09  6.00772600e+09  7.25e-08 2.83e-07  3.11e-05    67s
  85   6.00772599e+09  6.00772599e+09  1.21e-07 2.36e-07  1.22e-06    67s
  86   6.00772599e+09  6.00772599e+09  3.37e-08 2.59e-07  8.55e-10    68s

Barrier solved model in 86 iterations and 67.53 seconds (57.45 work units)
Optimal objective 6.00772599e+09


Root crossover log...

   29944 DPushes remaining with DInf 0.0000000e+00                68s
       0 DPushes remaining with DInf 0.0000000e+00                68s

    1711 PPushes remaining with PInf 4.2352377e-05                68s
       0 PPushes remaining with PInf 0.0000000e+00                68s

  Push phase complete: Pinf 0.0000000e+00, Dinf 1.1240308e+04     68s


Root simplex log...

Iteration    Objective       Primal Inf.    Dual Inf.      Time
   31504    6.0077260e+09   0.000000e+00   1.124031e+04     68s
   31516    6.0077260e+09   0.000000e+00   0.000000e+00     69s
Concurrent spin time: 0.02s

Solved with barrier
   31516    6.0077260e+09   0.000000e+00   0.000000e+00     69s

Root relaxation: objective 6.007726e+09, 31516 iterations, 46.58 seconds (30.16 work units)
Total elapsed time = 70.16s

    Nodes    |    Current Node    |     Objective Bounds      |     Work
 Expl Unexpl |  Obj  Depth IntInf | Incumbent    BestBd   Gap | It/Node Time

     0     0 6.0077e+09    0  209          - 6.0077e+09      -     -   73s
     0     0 6.0077e+09    0  211          - 6.0077e+09      -     -  114s
     0     0 6.0077e+09    0  202          - 6.0077e+09      -     -  130s
     0     0 6.0077e+09    0  196          - 6.0077e+09      -     -  132s
     0     0 6.0076e+09    0  229          - 6.0076e+09      -     -  157s
     0     0 6.0076e+09    0  217          - 6.0076e+09      -     -  167s
     0     0 6.0076e+09    0  229          - 6.0076e+09      -     -  182s
     0     0 6.0076e+09    0  210          - 6.0076e+09      -     -  191s
     0     0 6.0070e+09    0  229          - 6.0070e+09      -     -  214s
     0     0 6.0070e+09    0  217          - 6.0070e+09      -     -  223s
     0     0 6.0070e+09    0  226          - 6.0070e+09      -     -  238s
     0     0 6.0070e+09    0  215          - 6.0070e+09      -     -  242s
     0     0 6.0070e+09    0  218          - 6.0070e+09      -     -  251s
     0     0 6.0070e+09    0  209          - 6.0070e+09      -     -  258s
     0     0 6.0070e+09    0  223          - 6.0070e+09      -     -  270s
     0     0 6.0070e+09    0  218          - 6.0070e+09      -     -  274s
     0     0 6.0069e+09    0  212          - 6.0069e+09      -     -  291s
     0     0 6.0069e+09    0  209          - 6.0069e+09      -     -  295s
     0     0 6.0069e+09    0  220          - 6.0069e+09      -     -  312s
     0     0 6.0069e+09    0  209          - 6.0069e+09      -     -  327s
     0     2 6.0069e+09    0  202          - 6.0069e+09      -     -  433s
     1     4 6.0069e+09    1  208          - 6.0069e+09      -  8165  448s
     3     8 6.0069e+09    2  218          - 6.0069e+09      -  2996  482s
     7    16 6.0069e+09    3  227          - 6.0069e+09      -  1639  525s
    15    32 6.0069e+09    4  220          - 6.0069e+09      -  1101  568s
    31    52 6.0069e+09    5  221          - 6.0069e+09      -   766  634s
    51    72 6.0069e+09    6  206          - 6.0069e+09      -   661  694s
    71    92 6.0069e+09    6  195          - 6.0069e+09      -   768  753s
    91   112 6.0069e+09    7  203          - 6.0069e+09      -   746  811s
   111   132 6.0069e+09    8  206          - 6.0069e+09      -   733  873s
   131   152 6.0069e+09    9  202          - 6.0069e+09      -   687  928s
   151   172 6.0069e+09   10  189          - 6.0069e+09      -   636  982s
   171   192 6.0069e+09   11  179          - 6.0069e+09      -   626 1036s
   191   212 6.0069e+09   12  178          - 6.0069e+09      -   606 1097s
H  205   212                    5.977679e+09 6.0069e+09  0.49%   594 1099s
H  211   232                    5.983934e+09 6.0069e+09  0.38%   594 1146s
   231   293 6.0069e+09   13  176 5.9839e+09 6.0069e+09  0.38%   561 1240s
H  292   318                    5.995028e+09 6.0069e+09  0.20%   507 1570s
H  296   318                    5.996327e+09 6.0069e+09  0.18%   505 1572s
H  316   318                    5.999050e+09 6.0069e+09  0.13%   512 1574s
   317   428 6.0069e+09   18  201 5.9990e+09 6.0069e+09  0.13%   511 1755s
   427   448 6.0069e+09   24  197 5.9990e+09 6.0069e+09  0.13%   468 2381s
H  432   448                    6.000454e+09 6.0069e+09  0.11%   467 2383s
H  440   448                    6.000695e+09 6.0069e+09  0.10%   469 2385s
   447   638 6.0069e+09   24  195 6.0007e+09 6.0069e+09  0.10%   469 2706s
   645   926 6.0069e+09   31  175 6.0007e+09 6.0069e+09  0.10%   459 3116s
   958  1464 6.0068e+09   38  132 6.0007e+09 6.0069e+09  0.10%   425 3582s
  1547  1483 6.0069e+09   65  145 6.0007e+09 6.0069e+09  0.10%   362 4302s
H 1548  1475                    6.001020e+09 6.0069e+09  0.10%   362 4304s
H 1552  1474                    6.002977e+09 6.0069e+09  0.07%   362 4306s
H 1560  1466                    6.003319e+09 6.0069e+09  0.06%   361 4308s

Cutting planes:
  Cover: 7
  Implied bound: 14
  Clique: 4
  MIR: 52
  Flow cover: 26
  Zero half: 2
  Network: 3
  RLT: 1
  Relax-and-lift: 2

Explored 1567 nodes (645399 simplex iterations) in 4308.62 seconds (4919.41 work units)
Thread count was 20 (of 40 available processors)

Solution count 10: 6.00332e+09 6.00298e+09 6.00102e+09 ... 5.97768e+09

Optimal solution found (tolerance 1.00e-03)
Best objective 6.003318620345e+09, best bound 6.006947047703e+09, gap 0.0604%
Gurobi Optimizer version 10.0.1 build v10.0.1rc0 (linux64)

CPU model: Intel(R) Xeon(R) Gold 5115 CPU @ 2.40GHz, instruction set [SSE2|AVX|AVX2|AVX512]
Thread count: 20 physical cores, 40 logical processors, using up to 20 threads

Optimize a model with 149807 rows, 1767882 columns and 10754141 nonzeros
Model fingerprint: 0xca54b3d0
Variable types: 518484 continuous, 1249398 integer (1249398 binary)
Coefficient statistics:
  Matrix range     [1e+00, 2e+05]
  Objective range  [4e+01, 3e+07]
  Bounds range     [1e+00, 3e+05]
  RHS range        [1e+00, 3e+06]
Presolve removed 128640 rows and 1372368 columns (presolve time = 5s) ...
Presolve removed 132839 rows and 1411648 columns (presolve time = 10s) ...
Presolve removed 132948 rows and 1417848 columns (presolve time = 15s) ...
Presolve removed 132901 rows and 1417801 columns
Presolve time: 16.56s
Presolved: 16906 rows, 350081 columns, 1698796 nonzeros
Variable types: 143902 continuous, 206179 integer (206173 binary)
Deterministic concurrent LP optimizer: primal simplex, dual simplex, and barrier
Showing barrier log only...

Root barrier log...

Ordering time: 0.57s

Barrier statistics:
 AA' NZ     : 8.674e+05
 Factor NZ  : 2.197e+06 (roughly 160 MB of memory)
 Factor Ops : 1.219e+09 (less than 1 second per iteration)
 Threads    : 17

                  Objective                Residual
Iter       Primal          Dual         Primal    Dual     Compl     Time
   0  -8.98471629e+14  6.08668673e+13  1.39e+08 4.10e+06  2.70e+11    22s
   1  -4.56661337e+14  4.16348091e+13  7.06e+07 6.78e+06  1.40e+11    22s
   2  -6.89498048e+13  3.10124429e+13  1.07e+07 2.47e+06  2.14e+10    22s
   3  -5.85303310e+12  1.85826023e+13  8.84e+05 2.86e+04  1.83e+09    22s
   4  -2.61602344e+12  9.25772724e+12  3.95e+05 1.65e+03  8.16e+08    22s
   5  -4.94653157e+11  6.99879164e+12  7.53e+04 7.95e+02  1.63e+08    22s
   6  -1.50074532e+11  5.62778686e+12  2.33e+04 4.24e+02  5.48e+07    23s
   7  -5.38510085e+10  3.68980090e+12  8.79e+03 8.00e+01  2.17e+07    23s
   8  -4.74538369e+10  3.05021148e+12  7.62e+03 1.53e+02  1.78e+07    23s
   9  -3.50844159e+10  2.18963719e+12  5.77e+03 4.36e+00  1.24e+07    23s
  10  -8.50918633e+09  1.15265354e+12  1.63e+03 1.86e-08  3.87e+06    23s
  11  -3.71331515e+09  5.00936271e+11  8.97e+02 1.96e-08  1.72e+06    23s
  12  -4.72286204e+08  2.00950833e+11  3.98e+02 2.12e-08  6.71e+05    23s
  13   5.49550020e+08  1.22756703e+11  2.41e+02 1.86e-08  3.92e+05    24s
  14   1.56526419e+09  6.93051047e+10  8.32e+01 2.29e-08  1.68e+05    24s
  15   1.83385105e+09  5.59052600e+10  4.19e+01 2.61e-08  1.13e+05    24s
  16   1.94063424e+09  4.53312503e+10  2.56e+01 4.34e-08  8.39e+04    24s
  17   1.97641126e+09  3.83288445e+10  2.02e+01 4.38e-08  6.95e+04    24s
  18   2.00484600e+09  3.19487008e+10  1.58e+01 6.11e-08  5.71e+04    24s
  19   2.03465602e+09  3.09639233e+10  1.12e+01 6.48e-08  5.16e+04    25s
  20   2.04883199e+09  2.45446168e+10  8.64e+00 1.61e-07  4.10e+04    25s
  21   2.06346997e+09  2.09059616e+10  6.22e+00 1.93e-07  3.43e+04    25s
  22   2.07195575e+09  1.36396086e+10  5.22e+00 3.99e-07  2.49e+04    25s
  23   2.08696529e+09  1.21067132e+10  4.25e+00 4.33e-07  2.15e+04    25s
  24   2.10829403e+09  9.47431535e+09  3.43e+00 3.20e-07  1.60e+04    26s
  25   2.14811223e+09  8.37572299e+09  2.27e+00 2.84e-07  1.23e+04    26s
  26   2.18695704e+09  6.24105245e+09  1.63e+00 2.18e-07  7.77e+03    26s
  27   2.20014638e+09  5.28994812e+09  1.46e+00 2.60e-07  5.93e+03    26s
  28   2.20955995e+09  4.85373032e+09  1.29e+00 2.64e-07  4.98e+03    27s
  29   2.26119227e+09  3.91952040e+09  4.23e-01 2.36e-07  2.65e+03    27s
  30   2.28286728e+09  3.34208841e+09  1.90e-01 1.99e-07  1.60e+03    27s
  31   2.29347739e+09  2.95626202e+09  1.43e-01 1.36e-07  9.89e+02    27s
  32   2.30313902e+09  2.80655576e+09  1.03e-01 9.45e-08  7.42e+02    27s
  33   2.30810707e+09  2.68637836e+09  8.49e-02 7.17e-08  5.55e+02    27s
  34   2.31113953e+09  2.59249533e+09  7.45e-02 5.31e-08  4.11e+02    28s
  35   2.31546092e+09  2.55463572e+09  6.07e-02 4.28e-08  3.48e+02    28s
  36   2.31927809e+09  2.52421663e+09  4.62e-02 3.63e-08  2.97e+02    28s
  37   2.31949971e+09  2.50564431e+09  4.59e-02 3.82e-08  2.70e+02    28s
  38   2.32402810e+09  2.47114221e+09  3.77e-02 3.03e-08  2.12e+02    28s
  39   2.32977173e+09  2.42538807e+09  2.54e-02 1.91e-08  1.37e+02    28s
  40   2.33387323e+09  2.39742173e+09  1.87e-02 1.30e-08  9.09e+01    28s
  41   2.33642051e+09  2.38379388e+09  1.87e-02 9.78e-09  6.77e+01    29s
  42   2.33927162e+09  2.38255820e+09  1.46e-02 8.96e-09  6.18e+01    29s
  43   2.34225257e+09  2.37459982e+09  1.10e-02 8.27e-09  4.61e+01    29s
  44   2.34528548e+09  2.37040352e+09  7.49e-03 6.64e-09  3.58e+01    29s
  45   2.34567474e+09  2.36699920e+09  7.14e-03 8.61e-09  3.04e+01    29s
  46   2.34874017e+09  2.36570820e+09  4.62e-03 8.96e-09  2.41e+01    30s
  47   2.34972829e+09  2.36445119e+09  3.97e-03 8.73e-09  2.09e+01    30s
  48   2.35016324e+09  2.36391929e+09  3.71e-03 7.10e-09  1.96e+01    30s
  49   2.35076051e+09  2.36327507e+09  3.39e-03 1.10e-08  1.78e+01    30s
  50   2.35194220e+09  2.36274947e+09  2.75e-03 1.06e-08  1.54e+01    30s
  51   2.35269847e+09  2.36181680e+09  2.35e-03 1.11e-08  1.30e+01    30s
  52   2.35330019e+09  2.36114109e+09  2.04e-03 8.50e-09  1.12e+01    31s
  53   2.35398951e+09  2.36080014e+09  1.70e-03 8.73e-09  9.68e+00    31s
  54   2.35421197e+09  2.36043212e+09  1.60e-03 8.85e-09  8.85e+00    31s
  55   2.35450936e+09  2.35986784e+09  1.46e-03 9.78e-09  7.62e+00    31s
  56   2.35538267e+09  2.35948766e+09  1.07e-03 8.50e-09  5.84e+00    31s
  57   2.35587005e+09  2.35914329e+09  8.49e-04 8.73e-09  4.65e+00    32s
  58   2.35607509e+09  2.35906913e+09  7.58e-04 1.13e-08  4.26e+00    32s
  59   2.35611996e+09  2.35898294e+09  7.40e-04 1.09e-08  4.07e+00    32s
  60   2.35641939e+09  2.35867133e+09  6.11e-04 7.92e-09  3.20e+00    32s
  61   2.35706243e+09  2.35841572e+09  3.40e-04 8.15e-09  1.92e+00    32s
  62   2.35729266e+09  2.35823388e+09  2.43e-04 8.96e-09  1.34e+00    32s
  63   2.35751015e+09  2.35817411e+09  1.52e-04 7.22e-09  9.44e-01    33s
  64   2.35767213e+09  2.35800533e+09  8.83e-05 9.31e-09  4.74e-01    33s
  65   2.35782270e+09  2.35795291e+09  2.86e-05 7.28e-09  1.85e-01    33s
  66   2.35786295e+09  2.35791337e+09  1.32e-05 9.78e-09  7.17e-02    33s
  67   2.35788941e+09  2.35790432e+09  3.53e-06 8.91e-09  2.12e-02    33s
  68   2.35789927e+09  2.35790056e+09  1.26e-07 8.61e-09  1.83e-03    33s
  69   2.35789980e+09  2.35789989e+09  4.39e-08 9.60e-09  1.30e-04    33s
  70   2.35789987e+09  2.35789989e+09  5.60e-09 7.10e-09  2.12e-05    34s
  71   2.35789989e+09  2.35789989e+09  1.74e-06 8.96e-09  1.01e-06    34s
  72   2.35789989e+09  2.35789989e+09  7.68e-08 8.61e-09  7.90e-10    34s

Barrier solved model in 72 iterations and 33.98 seconds (31.71 work units)
Optimal objective 2.35789989e+09


Root crossover log...

   11174 DPushes remaining with DInf 0.0000000e+00                34s
       0 DPushes remaining with DInf 0.0000000e+00                34s

     917 PPushes remaining with PInf 0.0000000e+00                34s
       0 PPushes remaining with PInf 0.0000000e+00                34s

  Push phase complete: Pinf 0.0000000e+00, Dinf 2.1721878e+01     34s


Root simplex log...

Iteration    Objective       Primal Inf.    Dual Inf.      Time
   11777    2.3578999e+09   0.000000e+00   2.172188e+01     34s
   11781    2.3578999e+09   0.000000e+00   0.000000e+00     34s
Concurrent spin time: 0.00s

Solved with barrier
   11781    2.3578999e+09   0.000000e+00   0.000000e+00     35s

Root relaxation: objective 2.357900e+09, 11781 iterations, 15.20 seconds (10.37 work units)
Total elapsed time = 35.19s

    Nodes    |    Current Node    |     Objective Bounds      |     Work
 Expl Unexpl |  Obj  Depth IntInf | Incumbent    BestBd   Gap | It/Node Time

     0     0 2.3579e+09    0  130          - 2.3579e+09      -     -   36s
H    0     0                    2.125872e+09 2.3579e+09  10.9%     -   38s
H    0     0                    2.298037e+09 2.3579e+09  2.60%     -   43s
     0     0 2.3579e+09    0  126 2.2980e+09 2.3579e+09  2.60%     -   49s
H    0     0                    2.300395e+09 2.3579e+09  2.50%     -   57s
     0     0 2.3579e+09    0  127 2.3004e+09 2.3579e+09  2.50%     -   57s
     0     0 2.3579e+09    0  123 2.3004e+09 2.3579e+09  2.50%     -   59s
     0     0 2.3579e+09    0  123 2.3004e+09 2.3579e+09  2.50%     -   62s
     0     0 2.3579e+09    0  125 2.3004e+09 2.3579e+09  2.50%     -   67s
H    0     0                    2.322465e+09 2.3579e+09  1.52%     -   72s
     0     0 2.3579e+09    0  122 2.3225e+09 2.3579e+09  1.52%     -   73s
     0     0 2.3579e+09    0  124 2.3225e+09 2.3579e+09  1.52%     -   73s
     0     0 2.3579e+09    0  125 2.3225e+09 2.3579e+09  1.52%     -   75s
     0     0 2.3579e+09    0  127 2.3225e+09 2.3579e+09  1.52%     -   80s
     0     0 2.3579e+09    0  125 2.3225e+09 2.3579e+09  1.52%     -   82s
     0     0 2.3579e+09    0  131 2.3225e+09 2.3579e+09  1.52%     -   84s
     0     0 2.3579e+09    0  124 2.3225e+09 2.3579e+09  1.52%     -   85s
     0     0 2.3579e+09    0  124 2.3225e+09 2.3579e+09  1.52%     -   87s
     0     0 2.3579e+09    0  123 2.3225e+09 2.3579e+09  1.52%     -   89s
     0     0 2.3579e+09    0  116 2.3225e+09 2.3579e+09  1.52%     -   93s
     0     2 2.3579e+09    0  114 2.3225e+09 2.3579e+09  1.52%     -  103s
     1     4 2.3579e+09    1  113 2.3225e+09 2.3579e+09  1.52%  2499  109s
     3     8 2.3579e+09    2  121 2.3225e+09 2.3579e+09  1.52%  1095  123s
     7    16 2.3579e+09    3  121 2.3225e+09 2.3579e+09  1.52%   849  134s
    15    32 2.3579e+09    4  122 2.3225e+09 2.3579e+09  1.52%   632  147s
    31    52 2.3579e+09    5  119 2.3225e+09 2.3579e+09  1.52%   441  161s
H   33    52                    2.331506e+09 2.3579e+09  1.13%   420  161s
H   44    52                    2.335659e+09 2.3579e+09  0.95%   378  162s
H   50    52                    2.336313e+09 2.3579e+09  0.92%   352  163s
    51    72 2.3579e+09    6  116 2.3363e+09 2.3579e+09  0.92%   347  177s
H   52    72                    2.341515e+09 2.3579e+09  0.70%   341  178s
    71    92 2.3579e+09    6  116 2.3415e+09 2.3579e+09  0.70%   336  190s
    91   112 2.3579e+09    7  116 2.3415e+09 2.3579e+09  0.70%   320  210s
H   92   112                    2.341515e+09 2.3579e+09  0.70%   316  211s
H   93   112                    2.346377e+09 2.3579e+09  0.49%   313  212s
H   99   112                    2.350064e+09 2.3579e+09  0.33%   311  212s
H  103   112                    2.350177e+09 2.3579e+09  0.33%   312  213s
   111   133 2.3579e+09    7  117 2.3502e+09 2.3579e+09  0.33%   312  225s
   132   153 2.3579e+09    8  114 2.3502e+09 2.3579e+09  0.33%   301  236s
H  152   173                    2.350177e+09 2.3579e+09  0.33%   293  414s
H  156   173                    2.351043e+09 2.3579e+09  0.29%   291  415s
H  161   173                    2.351967e+09 2.3579e+09  0.25%   293  416s
   172   400 2.3578e+09   10  111 2.3520e+09 2.3579e+09  0.25%   280  471s
   402   951 2.3578e+09   24  115 2.3520e+09 2.3579e+09  0.25%   224  576s
H 1025  1543                    2.355867e+09 2.3579e+09  0.08%   160  717s
H 1081  1543                    2.356383e+09 2.3579e+09  0.06%   159  718s
H 1135  1543                    2.356768e+09 2.3579e+09  0.05%   157  719s

Cutting planes:
  Cover: 2
  Implied bound: 15
  Clique: 4
  MIR: 35
  Flow cover: 65
  GUB cover: 1
  RLT: 5

Explored 1741 nodes (268059 simplex iterations) in 719.74 seconds (843.47 work units)
Thread count was 20 (of 40 available processors)

Solution count 10: 2.35677e+09 2.35638e+09 2.35587e+09 ... 2.33631e+09

Optimal solution found (tolerance 1.00e-03)
Best objective 2.356768402737e+09, best bound 2.357852480834e+09, gap 0.0460%
Gurobi Optimizer version 10.0.1 build v10.0.1rc0 (linux64)

CPU model: Intel(R) Xeon(R) Gold 5115 CPU @ 2.40GHz, instruction set [SSE2|AVX|AVX2|AVX512]
Thread count: 20 physical cores, 40 logical processors, using up to 20 threads

Optimize a model with 198901 rows, 2526419 columns and 17358786 nonzeros
Model fingerprint: 0x74ff672e
Variable types: 516806 continuous, 2009613 integer (2009613 binary)
Coefficient statistics:
  Matrix range     [1e+00, 2e+05]
  Objective range  [4e+01, 3e+07]
  Bounds range     [1e+00, 3e+05]
  RHS range        [1e+00, 4e+06]
Presolve removed 176061 rows and 2099287 columns (presolve time = 5s) ...
Presolve removed 181421 rows and 2144485 columns (presolve time = 10s) ...
Presolve removed 181437 rows and 2145110 columns (presolve time = 15s) ...
Presolve removed 181395 rows and 2145068 columns
Presolve time: 18.27s
Presolved: 17506 rows, 381351 columns, 1909770 nonzeros
Variable types: 139671 continuous, 241680 integer (241679 binary)
Deterministic concurrent LP optimizer: primal simplex, dual simplex, and barrier
Showing barrier log only...

Root barrier log...

Ordering time: 0.59s

Barrier statistics:
 AA' NZ     : 9.603e+05
 Factor NZ  : 2.500e+06 (roughly 180 MB of memory)
 Factor Ops : 1.581e+09 (less than 1 second per iteration)
 Threads    : 17

                  Objective                Residual
Iter       Primal          Dual         Primal    Dual     Compl     Time
   0  -5.66376119e+14  6.94909294e+13  1.38e+08 4.19e+06  3.15e+11    23s
   1  -3.06096401e+14  5.17059530e+13  7.48e+07 8.67e+06  1.74e+11    24s
   2  -8.82000629e+13  4.43321103e+13  2.15e+07 5.55e+06  5.05e+10    24s
   3  -1.50778721e+13  2.38426526e+13  3.66e+06 1.41e+05  8.72e+09    24s
   4  -1.93812436e+12  1.45079712e+13  4.71e+05 1.88e+04  1.14e+09    24s
   5  -5.97347954e+11  9.07637569e+12  1.46e+05 7.37e+03  3.59e+08    24s
   6  -1.69783732e+11  6.83417314e+12  4.20e+04 1.57e+03  1.10e+08    24s
   7  -5.19990163e+10  5.11632215e+12  1.35e+04 5.78e+02  3.83e+07    25s
   8  -4.30587162e+10  4.65292811e+12  1.14e+04 3.87e+02  3.20e+07    25s
   9  -2.53026181e+10  3.17571187e+12  7.06e+03 1.67e+02  1.87e+07    25s
  10  -1.39694600e+10  2.18016255e+12  4.24e+03 7.54e+01  1.08e+07    25s
  11  -1.03603016e+10  1.21581128e+12  3.34e+03 1.41e+01  7.05e+06    25s
  12  -3.70711496e+09  7.83236279e+11  1.68e+03 1.35e+00  3.53e+06    25s
  13   1.08088058e+09  4.23398831e+11  4.94e+02 1.62e+00  1.20e+06    25s
  14   2.13262322e+09  2.52253282e+11  2.19e+02 2.26e-08  5.88e+05    26s
  15   2.58637764e+09  1.66864094e+11  9.28e+01 2.70e-08  3.18e+05    26s
  16   2.75585288e+09  1.12152535e+11  4.67e+01 2.62e-08  1.93e+05    26s
  17   2.82193228e+09  9.61737278e+10  2.97e+01 3.22e-08  1.54e+05    26s
  18   2.87194426e+09  5.96730929e+10  1.68e+01 8.02e-08  9.24e+04    26s
  19   2.88788453e+09  5.50348783e+10  1.24e+01 9.59e-08  8.17e+04    26s
  20   2.89791589e+09  3.63334153e+10  9.57e+00 3.05e-07  5.52e+04    26s
  21   2.90947060e+09  2.26472037e+10  6.91e+00 2.98e-07  3.68e+04    27s
  22   2.91921093e+09  1.96525698e+10  5.19e+00 3.12e-07  3.08e+04    27s
  23   2.94850350e+09  1.69299389e+10  3.04e+00 3.90e-07  2.41e+04    27s
  24   2.97237165e+09  1.29611266e+10  1.99e+00 4.56e-07  1.65e+04    27s
  25   2.99865914e+09  9.62208979e+09  1.24e+00 3.16e-07  1.07e+04    27s
  26   3.04186079e+09  7.08085460e+09  7.66e-01 2.14e-07  6.23e+03    28s
  27   3.05754519e+09  6.08674232e+09  6.59e-01 1.56e-07  4.63e+03    28s
  28   3.08775753e+09  5.18137148e+09  4.96e-01 1.56e-07  3.12e+03    28s
  29   3.11060946e+09  4.55674114e+09  3.75e-01 9.97e-08  2.11e+03    28s
  30   3.13341692e+09  4.14906031e+09  2.83e-01 7.54e-08  1.45e+03    28s
  31   3.14786447e+09  3.87459732e+09  2.21e-01 6.43e-08  1.02e+03    28s
  32   3.15555466e+09  3.81151963e+09  1.85e-01 5.22e-08  9.14e+02    29s
  33   3.16533076e+09  3.61068202e+09  1.63e-01 3.17e-08  6.14e+02    29s
  34   3.17022157e+09  3.46767525e+09  1.32e-01 2.61e-08  4.08e+02    29s
  35   3.18467569e+09  3.40834745e+09  8.15e-02 2.05e-08  3.01e+02    29s
  36   3.18796947e+09  3.34677541e+09  7.24e-02 1.49e-08  2.13e+02    29s
  37   3.19562768e+09  3.32043230e+09  4.91e-02 1.21e-08  1.66e+02    30s
  38   3.19912311e+09  3.28875134e+09  3.98e-02 1.34e-08  1.19e+02    30s
  39   3.20183286e+09  3.27226352e+09  3.35e-02 9.23e-09  9.33e+01    30s
  40   3.20679521e+09  3.25494402e+09  2.28e-02 8.61e-09  6.35e+01    30s
  41   3.20931068e+09  3.24346787e+09  1.79e-02 8.99e-09  4.50e+01    30s
  42   3.21159446e+09  3.24232554e+09  1.41e-02 1.21e-08  4.04e+01    31s
  43   3.21521279e+09  3.23695587e+09  9.33e-03 8.56e-09  2.86e+01    31s
  44   3.21588933e+09  3.23602283e+09  8.56e-03 9.66e-09  2.64e+01    31s
  45   3.21695367e+09  3.23401601e+09  7.55e-03 8.56e-09  2.24e+01    31s
  46   3.21742388e+09  3.23282711e+09  7.10e-03 9.78e-09  2.02e+01    31s
  47   3.21859214e+09  3.23227099e+09  5.98e-03 1.33e-08  1.80e+01    32s
  48   3.21916923e+09  3.23185825e+09  5.48e-03 7.95e-09  1.67e+01    32s
  49   3.21993629e+09  3.23154092e+09  4.82e-03 1.08e-08  1.52e+01    32s
  50   3.22069574e+09  3.23050525e+09  4.21e-03 1.04e-08  1.29e+01    32s
  51   3.22161799e+09  3.23012629e+09  3.51e-03 1.09e-08  1.12e+01    32s
  52   3.22241018e+09  3.22920560e+09  2.93e-03 9.90e-09  8.92e+00    33s
  53   3.22453113e+09  3.22843052e+09  1.43e-03 9.84e-09  5.11e+00    33s
  54   3.22544210e+09  3.22800793e+09  8.60e-04 8.15e-09  3.36e+00    33s
  55   3.22626584e+09  3.22755473e+09  3.58e-04 7.65e-09  1.69e+00    33s
  56   3.22655189e+09  3.22717445e+09  1.89e-04 1.04e-08  8.16e-01    33s
  57   3.22665466e+09  3.22712530e+09  1.34e-04 8.38e-09  6.16e-01    33s
  58   3.22677301e+09  3.22706053e+09  6.96e-05 8.73e-09  3.76e-01    34s
  59   3.22684060e+09  3.22705040e+09  3.34e-05 1.03e-08  2.74e-01    34s
  60   3.22685654e+09  3.22704792e+09  2.50e-05 9.60e-09  2.50e-01    34s
  61   3.22687317e+09  3.22692747e+09  1.57e-05 9.05e-09  7.11e-02    34s
  62   3.22689516e+09  3.22690816e+09  4.24e-06 7.92e-09  1.70e-02    34s
  63   3.22690353e+09  3.22690410e+09  4.06e-07 1.20e-08  7.43e-04    34s
  64   3.22690389e+09  3.22690391e+09  1.72e-08 1.31e-08  2.63e-05    34s
  65   3.22690390e+09  3.22690390e+09  2.06e-09 1.12e-08  3.65e-07    35s
  66   3.22690390e+09  3.22690390e+09  3.32e-10 9.17e-09  1.20e-10    35s

Barrier solved model in 66 iterations and 34.72 seconds (34.38 work units)
Optimal objective 3.22690390e+09


Root crossover log...

   11714 DPushes remaining with DInf 0.0000000e+00                35s
       0 DPushes remaining with DInf 0.0000000e+00                35s

    1647 PPushes remaining with PInf 0.0000000e+00                35s
       0 PPushes remaining with PInf 0.0000000e+00                35s

  Push phase complete: Pinf 0.0000000e+00, Dinf 4.8929052e-07     35s


Root simplex log...

Iteration    Objective       Primal Inf.    Dual Inf.      Time
   13074    3.2269039e+09   0.000000e+00   0.000000e+00     35s
Concurrent spin time: 0.01s

Solved with barrier
   13093    3.2269039e+09   0.000000e+00   0.000000e+00     35s
Extra simplex iterations after uncrush: 19

Root relaxation: objective 3.226904e+09, 13093 iterations, 14.12 seconds (10.37 work units)

    Nodes    |    Current Node    |     Objective Bounds      |     Work
 Expl Unexpl |  Obj  Depth IntInf | Incumbent    BestBd   Gap | It/Node Time

     0     0 3.2269e+09    0  129          - 3.2269e+09      -     -   37s
     0     0 3.2269e+09    0  115          - 3.2269e+09      -     -   42s
     0     0 3.2269e+09    0  125          - 3.2269e+09      -     -   49s
     0     0 3.2269e+09    0  129          - 3.2269e+09      -     -   49s
     0     0 3.2269e+09    0  114          - 3.2269e+09      -     -   52s
     0     0 3.2269e+09    0  117          - 3.2269e+09      -     -   55s
     0     0 3.2268e+09    0  109          - 3.2268e+09      -     -   60s
H    0     0                    3.185199e+09 3.2268e+09  1.31%     -   66s
     0     0 3.2268e+09    0  113 3.1852e+09 3.2268e+09  1.31%     -   71s
     0     0 3.2268e+09    0  113 3.1852e+09 3.2268e+09  1.31%     -   71s
     0     0 3.2268e+09    0  108 3.1852e+09 3.2268e+09  1.31%     -   74s
H    0     0                    3.205473e+09 3.2268e+09  0.67%     -   79s
     0     0 3.2268e+09    0  110 3.2055e+09 3.2268e+09  0.67%     -   80s
     0     0 3.2268e+09    0  119 3.2055e+09 3.2268e+09  0.67%     -   82s
     0     0 3.2268e+09    0  121 3.2055e+09 3.2268e+09  0.67%     -   86s
     0     0 3.2262e+09    0  105 3.2055e+09 3.2262e+09  0.65%     -   88s
     0     0 3.2262e+09    0  106 3.2055e+09 3.2262e+09  0.65%     -   90s
     0     0 3.2262e+09    0  100 3.2055e+09 3.2262e+09  0.65%     -   91s
     0     0 3.2262e+09    0  110 3.2055e+09 3.2262e+09  0.65%     -   93s
     0     0 3.2262e+09    0   93 3.2055e+09 3.2262e+09  0.65%     -   96s
     0     0 3.2262e+09    0   91 3.2055e+09 3.2262e+09  0.65%     -   97s
     0     0 3.2262e+09    0   94 3.2055e+09 3.2262e+09  0.65%     -   99s
     0     0 3.2262e+09    0  115 3.2055e+09 3.2262e+09  0.65%     -  102s
     0     0 3.2262e+09    0  110 3.2055e+09 3.2262e+09  0.65%     -  104s
     0     0 3.2262e+09    0  109 3.2055e+09 3.2262e+09  0.65%     -  110s
H    0     0                    3.209754e+09 3.2262e+09  0.51%     -  125s
H    0     0                    3.221705e+09 3.2262e+09  0.14%     -  145s
     0     2 3.2262e+09    0  104 3.2217e+09 3.2262e+09  0.14%     -  155s
     1     4 3.2262e+09    1   97 3.2217e+09 3.2262e+09  0.14%  1289  168s
     3     8 3.2262e+09    2  107 3.2217e+09 3.2262e+09  0.14%   866  175s
     7    16 3.2262e+09    3  112 3.2217e+09 3.2262e+09  0.14%   486  184s
    15    32 3.2262e+09    4  115 3.2217e+09 3.2262e+09  0.14%   370  199s
    31    52 3.2262e+09    5  106 3.2217e+09 3.2262e+09  0.14%   329  214s
    48    52 3.2262e+09    5  101 3.2217e+09 3.2262e+09  0.14%   248  215s
    51    72 3.2262e+09    6  122 3.2217e+09 3.2262e+09  0.14%   250  226s
    71    92 3.2262e+09    7  116 3.2217e+09 3.2262e+09  0.14%   216  237s
H   91   112                    3.221894e+09 3.2262e+09  0.13%   195  384s
H   94   112                    3.222178e+09 3.2262e+09  0.12%   191  385s
H   95   112                    3.225171e+09 3.2262e+09  0.03%   190  386s
H   96   112                    3.225317e+09 3.2262e+09  0.03%   188  387s
H   97   112                    3.225425e+09 3.2262e+09  0.02%   187  387s
H  103   112                    3.225507e+09 3.2262e+09  0.02%   186  388s
H  105   112                    3.225530e+09 3.2262e+09  0.02%   184  389s

Cutting planes:
  Cover: 18
  Implied bound: 17
  Clique: 3
  MIR: 33
  Flow cover: 30
  GUB cover: 2
  Zero half: 2
  RLT: 2
  Relax-and-lift: 18

Explored 111 nodes (46658 simplex iterations) in 390.23 seconds (468.68 work units)
Thread count was 20 (of 40 available processors)

Solution count 10: 3.22553e+09 3.22551e+09 3.22543e+09 ... 3.20547e+09

Optimal solution found (tolerance 1.00e-03)
Best objective 3.225530358464e+09, best bound 3.226167976866e+09, gap 0.0198%
Gurobi Optimizer version 10.0.1 build v10.0.1rc0 (linux64)

CPU model: Intel(R) Xeon(R) Gold 5115 CPU @ 2.40GHz, instruction set [SSE2|AVX|AVX2|AVX512]
Thread count: 20 physical cores, 40 logical processors, using up to 20 threads

Optimize a model with 247991 rows, 3275208 columns and 25374333 nonzeros
Model fingerprint: 0x767a8f27
Variable types: 519584 continuous, 2755624 integer (2755624 binary)
Coefficient statistics:
  Matrix range     [1e+00, 2e+05]
  Objective range  [4e+01, 3e+07]
  Bounds range     [1e+00, 3e+05]
  RHS range        [1e+00, 4e+06]
Presolve removed 224609 rows and 2859084 columns (presolve time = 5s) ...
Presolve removed 230888 rows and 2907973 columns (presolve time = 10s) ...
Presolve removed 230924 rows and 2909774 columns (presolve time = 15s) ...
Presolve removed 231030 rows and 2915900 columns (presolve time = 20s) ...
Presolve removed 230995 rows and 2915865 columns
Presolve time: 21.53s
Presolved: 16996 rows, 359343 columns, 1789608 nonzeros
Variable types: 139818 continuous, 219525 integer (219519 binary)
Found heuristic solution: objective 3.569661e+09
Deterministic concurrent LP optimizer: primal simplex, dual simplex, and barrier
Showing barrier log only...

Root barrier log...

Ordering time: 0.56s

Barrier statistics:
 AA' NZ     : 8.970e+05
 Factor NZ  : 2.277e+06 (roughly 170 MB of memory)
 Factor Ops : 1.341e+09 (less than 1 second per iteration)
 Threads    : 18

                  Objective                Residual
Iter       Primal          Dual         Primal    Dual     Compl     Time
   0  -6.35460164e+14  4.27571747e+13  1.58e+08 4.08e+06  3.28e+11    29s
   1  -3.19264442e+14  3.38889061e+13  7.96e+07 9.96e+06  1.68e+11    29s
   2  -9.71135562e+13  2.42737272e+13  2.40e+07 4.04e+06  5.26e+10    29s
   3  -1.36802611e+13  1.39152155e+13  3.16e+06 9.27e+03  7.05e+09    29s
   4  -2.74487748e+12  1.08262752e+13  6.37e+05 7.62e+02  1.43e+09    29s
   5  -7.15082895e+11  7.19696956e+12  1.68e+05 8.00e+02  3.84e+08    29s
   6  -2.88944987e+11  5.71217084e+12  6.82e+04 3.69e+02  1.61e+08    29s
   7  -1.24769493e+11  4.54063536e+12  2.98e+04 1.32e+02  7.27e+07    30s
   8  -7.16537949e+10  3.61717934e+12  1.77e+04 4.66e-08  4.29e+07    30s
   9  -2.79944468e+10  3.12186856e+12  7.65e+03 3.82e-08  2.00e+07    30s
  10  -9.50194408e+09  2.17910263e+12  3.18e+03 5.36e-08  8.88e+06    30s
  11  -2.83482600e+07  1.47493043e+12  9.27e+02 4.94e-08  3.56e+06    30s
  12   2.56761868e+09  5.85096680e+11  2.94e+02 3.12e-08  1.19e+06    30s
  13   2.97947238e+09  3.38566661e+11  1.90e+02 2.89e-08  6.87e+05    30s
  14   3.32668819e+09  2.07397822e+11  1.01e+02 3.06e-08  3.93e+05    30s
  15   3.55036091e+09  1.18259125e+11  4.54e+01 4.47e-08  2.07e+05    31s
  16   3.62542033e+09  1.02091406e+11  2.70e+01 5.81e-08  1.65e+05    31s
  17   3.66832240e+09  7.91081445e+10  1.64e+01 9.87e-08  1.22e+05    31s
  18   3.68526619e+09  7.18936304e+10  1.20e+01 9.50e-08  1.08e+05    31s
  19   3.69177777e+09  6.25535930e+10  9.93e+00 1.50e-07  9.38e+04    31s
  20   3.69977828e+09  5.16398425e+10  7.35e+00 1.97e-07  7.63e+04    31s
  21   3.70758943e+09  4.14758674e+10  5.07e+00 3.40e-07  6.11e+04    32s
  22   3.71134938e+09  3.10078125e+10  3.25e+00 4.75e-07  4.52e+04    32s
  23   3.71640324e+09  2.93199490e+10  1.94e+00 6.16e-07  4.00e+04    32s
  24   3.72882362e+09  1.91574470e+10  1.21e+00 5.01e-07  2.40e+04    32s
  25   3.75299767e+09  1.39185846e+10  6.35e-01 4.43e-07  1.52e+04    32s
  26   3.79176049e+09  8.09648302e+09  3.07e-01 3.11e-07  6.27e+03    32s
  27   3.79799230e+09  6.54751819e+09  2.74e-01 2.28e-07  4.01e+03    33s
  28   3.82426390e+09  6.03964413e+09  2.01e-01 1.90e-07  3.20e+03    33s
  29   3.83098513e+09  5.62045126e+09  1.78e-01 1.63e-07  2.57e+03    33s
  30   3.83866255e+09  5.57714333e+09  1.63e-01 1.49e-07  2.49e+03    33s
  31   3.84226330e+09  5.13542364e+09  1.55e-01 1.38e-07  1.85e+03    33s
  32   3.86752158e+09  4.68107467e+09  1.01e-01 8.75e-08  1.15e+03    33s
  33   3.87747980e+09  4.55322428e+09  8.38e-02 8.01e-08  9.55e+02    33s
  34   3.88174106e+09  4.45407149e+09  8.21e-02 6.61e-08  8.08e+02    34s
  35   3.88671361e+09  4.24377476e+09  6.73e-02 4.19e-08  5.03e+02    34s
  36   3.89644947e+09  4.18731245e+09  5.19e-02 3.96e-08  4.08e+02    34s
  37   3.89944641e+09  4.12568827e+09  4.68e-02 3.21e-08  3.17e+02    34s
  38   3.90494369e+09  4.09971929e+09  3.78e-02 2.98e-08  2.72e+02    34s
  39   3.90776014e+09  4.08445804e+09  3.39e-02 2.84e-08  2.47e+02    35s
  40   3.91004158e+09  4.05719382e+09  3.05e-02 2.56e-08  2.06e+02    35s
  41   3.91369361e+09  4.03057268e+09  2.58e-02 2.42e-08  1.63e+02    35s
  42   3.91488502e+09  4.01597136e+09  2.43e-02 2.00e-08  1.41e+02    35s
  43   3.91830318e+09  4.01086517e+09  1.99e-02 1.91e-08  1.29e+02    35s
  44   3.91842880e+09  4.00543547e+09  1.95e-02 1.49e-08  1.21e+02    35s
  45   3.92049098e+09  3.98440613e+09  1.69e-02 1.21e-08  8.90e+01    36s
  46   3.92271777e+09  3.97002648e+09  1.42e-02 9.31e-09  6.59e+01    36s
  47   3.92476560e+09  3.96313163e+09  1.18e-02 9.78e-09  5.34e+01    36s
  48   3.92609153e+09  3.95942690e+09  1.02e-02 1.12e-08  4.64e+01    36s
  49   3.92839468e+09  3.95597538e+09  7.89e-03 1.16e-08  3.83e+01    36s
  50   3.93016606e+09  3.95379469e+09  6.44e-03 1.21e-08  3.28e+01    36s
  51   3.93131065e+09  3.95281781e+09  5.57e-03 1.26e-08  2.99e+01    37s
  52   3.93307202e+09  3.95197785e+09  4.49e-03 1.26e-08  2.62e+01    37s
  53   3.93443039e+09  3.94880787e+09  3.81e-03 1.07e-08  2.00e+01    37s
  54   3.93590881e+09  3.94745468e+09  2.98e-03 8.85e-09  1.60e+01    37s
  55   3.93761212e+09  3.94647061e+09  2.09e-03 8.85e-09  1.23e+01    37s
  56   3.93842196e+09  3.94559416e+09  1.67e-03 8.85e-09  9.95e+00    38s
  57   3.93972383e+09  3.94425077e+09  1.02e-03 7.45e-09  6.28e+00    38s
  58   3.93991811e+09  3.94394185e+09  9.32e-04 6.52e-09  5.58e+00    38s
  59   3.94046565e+09  3.94344916e+09  6.82e-04 6.52e-09  4.14e+00    38s
  60   3.94059446e+09  3.94319299e+09  6.25e-04 6.98e-09  3.61e+00    38s
  61   3.94098886e+09  3.94279341e+09  4.51e-04 6.05e-09  2.50e+00    38s
  62   3.94153570e+09  3.94258672e+09  2.13e-04 6.05e-09  1.46e+00    39s
  63   3.94163285e+09  3.94241400e+09  1.71e-04 6.05e-09  1.08e+00    39s
  64   3.94184639e+09  3.94223597e+09  8.19e-05 3.73e-09  5.40e-01    39s
  65   3.94201468e+09  3.94211784e+09  1.18e-05 6.05e-09  1.43e-01    39s
  66   3.94202747e+09  3.94208034e+09  7.51e-06 5.53e-09  7.33e-02    39s
  67   3.94204513e+09  3.94206489e+09  1.73e-06 3.73e-09  2.74e-02    39s
  68   3.94204657e+09  3.94206375e+09  1.31e-06 5.82e-09  2.38e-02    39s
  69   3.94204970e+09  3.94205605e+09  4.77e-07 5.59e-09  8.79e-03    40s
  70   3.94205063e+09  3.94205113e+09  4.61e-07 6.98e-09  6.95e-04    40s
  71   3.94205098e+09  3.94205104e+09  5.07e-08 7.45e-09  8.32e-05    40s
  72   3.94205104e+09  3.94205104e+09  3.46e-10 7.45e-09  5.78e-07    40s
  73   3.94205104e+09  3.94205104e+09  8.00e-11 7.45e-09  2.53e-10    40s

Barrier solved model in 73 iterations and 40.21 seconds (42.25 work units)
Optimal objective 3.94205104e+09


Root crossover log...

   11266 DPushes remaining with DInf 0.0000000e+00                40s
       0 DPushes remaining with DInf 0.0000000e+00                40s

    1638 PPushes remaining with PInf 0.0000000e+00                40s
       0 PPushes remaining with PInf 0.0000000e+00                40s

  Push phase complete: Pinf 0.0000000e+00, Dinf 7.4041781e+04     40s


Root simplex log...

Iteration    Objective       Primal Inf.    Dual Inf.      Time
   12666    3.9420510e+09   0.000000e+00   7.404178e+04     40s
   12675    3.9420510e+09   0.000000e+00   0.000000e+00     41s
Concurrent spin time: 0.01s

Solved with barrier
   12675    3.9420510e+09   0.000000e+00   0.000000e+00     41s

Root relaxation: objective 3.942051e+09, 12675 iterations, 14.43 seconds (10.75 work units)

    Nodes    |    Current Node    |     Objective Bounds      |     Work
 Expl Unexpl |  Obj  Depth IntInf | Incumbent    BestBd   Gap | It/Node Time

     0     0 3.9421e+09    0  121 3.5697e+09 3.9421e+09  10.4%     -   42s
     0     0 3.9413e+09    0  137 3.5697e+09 3.9413e+09  10.4%     -   48s
H    0     0                    3.915711e+09 3.9413e+09  0.65%     -   58s
H    0     0                    3.916393e+09 3.9413e+09  0.64%     -   62s
     0     0 3.9413e+09    0  116 3.9164e+09 3.9413e+09  0.64%     -   63s
     0     0 3.9413e+09    0   90 3.9164e+09 3.9413e+09  0.64%     -   66s
     0     0 3.9413e+09    0   97 3.9164e+09 3.9413e+09  0.64%     -   70s
     0     0 3.9413e+09    0   92 3.9164e+09 3.9413e+09  0.64%     -   72s
H    0     0                    3.928505e+09 3.9413e+09  0.33%     -   77s
     0     0 3.9413e+09    0   94 3.9285e+09 3.9413e+09  0.33%     -   77s
     0     0 3.9413e+09    0   97 3.9285e+09 3.9413e+09  0.33%     -   79s
H    0     0                    3.935441e+09 3.9413e+09  0.15%     -   84s
     0     0 3.9413e+09    0   96 3.9354e+09 3.9413e+09  0.15%     -   84s
     0     0 3.9413e+09    0  104 3.9354e+09 3.9413e+09  0.15%     -   86s
     0     0 3.9413e+09    0   99 3.9354e+09 3.9413e+09  0.15%     -   88s
     0     0 3.9413e+09    0   80 3.9354e+09 3.9413e+09  0.15%     -   90s
     0     0 3.9413e+09    0   83 3.9354e+09 3.9413e+09  0.15%     -   92s
     0     0 3.9413e+09    0   84 3.9354e+09 3.9413e+09  0.15%     -   94s
     0     0 3.9413e+09    0   84 3.9354e+09 3.9413e+09  0.15%     -   99s
     0     2 3.9413e+09    0   82 3.9354e+09 3.9413e+09  0.15%     -  112s
     1     4 3.9413e+09    1   84 3.9354e+09 3.9413e+09  0.15%  1370  115s
     3     8 3.9413e+09    2   97 3.9354e+09 3.9413e+09  0.15%   511  124s
     7    16 3.9413e+09    3   89 3.9354e+09 3.9413e+09  0.15%   393  133s
    15    32 3.9413e+09    4   83 3.9354e+09 3.9413e+09  0.15%   360  143s
H   31    52                    3.936969e+09 3.9413e+09  0.11%   206  156s
    51    72 3.9413e+09    6   86 3.9370e+09 3.9413e+09  0.11%   165  166s
    71    92 3.9413e+09    6   88 3.9370e+09 3.9413e+09  0.11%   144  176s
    91   112 3.9413e+09    7   84 3.9370e+09 3.9413e+09  0.11%   134  274s
   111   132 3.9413e+09    8   80 3.9370e+09 3.9413e+09  0.11%   138  286s
H  127   132                    3.937171e+09 3.9413e+09  0.10%   147  287s
   131   188 3.9413e+09    9   85 3.9372e+09 3.9413e+09  0.10%   146  307s
   191   309 3.9413e+09   11   84 3.9372e+09 3.9413e+09  0.10%   132  350s
   315   882 3.9413e+09   13   79 3.9372e+09 3.9413e+09  0.10%   131  423s
   922  2108 3.9413e+09   30   86 3.9372e+09 3.9413e+09  0.10%  90.1  554s
H 1158  2108                    3.939407e+09 3.9413e+09  0.05%  81.1  555s

Cutting planes:
  Cover: 30
  Implied bound: 15
  Clique: 4
  MIR: 21
  StrongCG: 1
  Flow cover: 32
  GUB cover: 11
  RLT: 1
  Relax-and-lift: 17

Explored 2181 nodes (158171 simplex iterations) in 556.00 seconds (661.66 work units)
Thread count was 20 (of 40 available processors)

Solution count 8: 3.93941e+09 3.93717e+09 3.93697e+09 ... 3.56966e+09

Optimal solution found (tolerance 1.00e-03)
Best objective 3.939406676185e+09, best bound 3.941288999757e+09, gap 0.0478%
Gurobi Optimizer version 10.0.1 build v10.0.1rc0 (linux64)

CPU model: Intel(R) Xeon(R) Gold 5115 CPU @ 2.40GHz, instruction set [SSE2|AVX|AVX2|AVX512]
Thread count: 20 physical cores, 40 logical processors, using up to 20 threads

Optimize a model with 297080 rows, 4003807 columns and 34809609 nonzeros
Model fingerprint: 0x56865913
Variable types: 522921 continuous, 3480886 integer (3480886 binary)
Coefficient statistics:
  Matrix range     [1e+00, 2e+05]
  Objective range  [4e+01, 3e+07]
  Bounds range     [1e+00, 3e+05]
  RHS range        [1e+00, 5e+06]
Presolve removed 261315 rows and 3201424 columns (presolve time = 5s) ...
Presolve removed 275492 rows and 3589940 columns (presolve time = 10s) ...
Presolve removed 279671 rows and 3633796 columns (presolve time = 15s) ...
Presolve removed 279676 rows and 3633798 columns (presolve time = 20s) ...
Presolve removed 279626 rows and 3633748 columns
Presolve time: 22.79s
Presolved: 17454 rows, 370059 columns, 1933469 nonzeros
Variable types: 138405 continuous, 231654 integer (231640 binary)
Deterministic concurrent LP optimizer: primal simplex, dual simplex, and barrier
Showing barrier log only...

Root barrier log...

Ordering time: 0.60s

Barrier statistics:
 AA' NZ     : 9.468e+05
 Factor NZ  : 2.477e+06 (roughly 180 MB of memory)
 Factor Ops : 1.567e+09 (less than 1 second per iteration)
 Threads    : 17

                  Objective                Residual
Iter       Primal          Dual         Primal    Dual     Compl     Time
   0  -1.75380517e+15  3.36705599e+13  3.79e+08 4.30e+06  7.99e+11    29s
   1  -9.28869913e+14  3.34677571e+13  2.00e+08 1.01e+07  4.28e+11    30s
   2  -1.78226012e+14  3.09131794e+13  3.82e+07 5.55e+06  8.37e+10    30s
   3  -4.30475291e+13  1.67940345e+13  9.18e+06 5.87e-08  2.04e+10    30s
   4  -1.93397035e+12  1.24724792e+13  4.13e+05 3.17e-08  9.37e+08    30s
   5  -4.90185572e+11  8.58722046e+12  1.05e+05 4.10e-08  2.49e+08    30s
   6  -6.69756144e+10  5.38035797e+12  1.52e+04 5.12e-08  4.08e+07    30s
   7  -3.25393874e+10  3.82139090e+12  7.68e+03 4.19e-08  2.10e+07    31s
   8  -1.42345008e+10  2.93053804e+12  3.72e+03 5.49e-08  1.14e+07    31s
   9  -2.27458224e+09  1.68072499e+12  1.36e+03 3.54e-08  4.59e+06    31s
  10   2.83571149e+09  4.80443228e+11  3.55e+02 2.24e-08  1.08e+06    31s
  11   3.96751794e+09  2.00750336e+11  1.07e+02 2.25e-08  3.81e+05    31s
  12   4.23936915e+09  1.34711258e+11  4.88e+01 3.56e-08  2.28e+05    31s
  13   4.32558965e+09  1.08296927e+11  3.20e+01 6.15e-08  1.74e+05    31s
  14   4.38377652e+09  7.32185947e+10  2.09e+01 1.05e-07  1.16e+05    32s
  15   4.42224217e+09  6.10727785e+10  1.34e+01 1.65e-07  9.16e+04    32s
  16   4.43524110e+09  5.14151620e+10  1.07e+01 1.61e-07  7.65e+04    32s
  17   4.44747636e+09  3.75732278e+10  8.06e+00 1.61e-07  5.65e+04    32s
  18   4.45661613e+09  3.33611468e+10  5.83e+00 2.82e-07  4.84e+04    32s
  19   4.45992613e+09  2.51900512e+10  4.06e+00 3.28e-07  3.61e+04    32s
  20   4.46209352e+09  1.94529462e+10  3.36e+00 3.10e-07  2.74e+04    33s
  21   4.47053834e+09  1.57729195e+10  2.28e+00 3.96e-07  1.97e+04    33s
  22   4.49627396e+09  1.32143348e+10  1.23e+00 4.61e-07  1.38e+04    33s
  23   4.54631451e+09  9.24073336e+09  3.10e-01 2.63e-07  6.72e+03    33s
  24   4.55802374e+09  7.71770164e+09  2.28e-01 2.01e-07  4.47e+03    33s
  25   4.56535738e+09  6.57001559e+09  1.85e-01 1.63e-07  2.82e+03    34s
  26   4.58301176e+09  6.06623741e+09  1.08e-01 1.25e-07  2.05e+03    34s
  27   4.58752160e+09  5.74185095e+09  9.67e-02 1.03e-07  1.59e+03    34s
  28   4.59951195e+09  5.38097565e+09  6.18e-02 7.54e-08  1.07e+03    34s
  29   4.60496399e+09  5.04744521e+09  4.82e-02 6.05e-08  6.03e+02    34s
  30   4.61270099e+09  4.90730391e+09  3.19e-02 3.63e-08  4.00e+02    34s
  31   4.61333391e+09  4.88637616e+09  3.11e-02 3.68e-08  3.70e+02    35s
  32   4.61887981e+09  4.84517375e+09  2.29e-02 3.07e-08  3.06e+02    35s
  33   4.62057991e+09  4.81113929e+09  2.06e-02 2.42e-08  2.58e+02    35s
  34   4.62382894e+09  4.76785014e+09  1.65e-02 1.82e-08  1.95e+02    35s
  35   4.62457810e+09  4.76369278e+09  1.57e-02 1.72e-08  1.88e+02    35s
  36   4.62714468e+09  4.75721361e+09  1.27e-02 1.35e-08  1.76e+02    36s
  37   4.62950397e+09  4.72923338e+09  9.84e-03 1.12e-08  1.34e+02    36s
  38   4.63107598e+09  4.70496220e+09  8.59e-03 7.92e-09  9.96e+01    36s
  39   4.63301699e+09  4.69227847e+09  7.17e-03 9.31e-09  7.99e+01    36s
  40   4.63465602e+09  4.67679432e+09  5.49e-03 6.98e-09  5.68e+01    36s
  41   4.63624877e+09  4.66977085e+09  4.52e-03 5.59e-09  4.51e+01    37s
  42   4.63783767e+09  4.66698143e+09  3.70e-03 7.97e-09  3.92e+01    37s
  43   4.63948097e+09  4.66432178e+09  3.11e-03 6.87e-09  3.34e+01    37s
  44   4.64002431e+09  4.66301494e+09  2.92e-03 4.66e-09  3.09e+01    37s
  45   4.64148238e+09  4.66051857e+09  2.41e-03 6.05e-09  2.56e+01    37s
  46   4.64363434e+09  4.65821237e+09  1.78e-03 5.59e-09  1.96e+01    38s
  47   4.64456137e+09  4.65756960e+09  1.51e-03 3.84e-09  1.75e+01    38s
  48   4.64610955e+09  4.65684469e+09  1.07e-03 4.86e-09  1.44e+01    38s
  49   4.64735553e+09  4.65498210e+09  7.70e-04 2.79e-09  1.03e+01    38s
  50   4.64848062e+09  4.65359198e+09  5.19e-04 3.61e-09  6.88e+00    38s
  51   4.64893227e+09  4.65320167e+09  4.20e-04 5.24e-09  5.74e+00    39s
  52   4.64947762e+09  4.65268945e+09  3.09e-04 5.82e-09  4.32e+00    39s
  53   4.65000933e+09  4.65211695e+09  2.06e-04 6.05e-09  2.84e+00    39s
  54   4.65022705e+09  4.65191554e+09  1.65e-04 4.02e-09  2.27e+00    39s
  55   4.65083636e+09  4.65140852e+09  4.94e-05 4.66e-09  7.70e-01    39s
  56   4.65097473e+09  4.65125057e+09  2.55e-05 6.40e-09  3.71e-01    40s
  57   4.65101115e+09  4.65122070e+09  1.90e-05 3.38e-09  2.82e-01    40s
  58   4.65102810e+09  4.65119610e+09  1.60e-05 4.19e-09  2.26e-01    40s
  59   4.65105109e+09  4.65118134e+09  1.20e-05 3.14e-09  1.75e-01    40s
  60   4.65110194e+09  4.65117417e+09  3.64e-06 6.00e-09  9.71e-02    40s
  61   4.65110231e+09  4.65115076e+09  3.58e-06 7.63e-09  6.51e-02    40s
  62   4.65111352e+09  4.65114124e+09  4.46e-06 4.54e-09  3.73e-02    40s
  63   4.65111634e+09  4.65113612e+09  4.74e-06 6.23e-09  2.66e-02    40s
  64   4.65111670e+09  4.65113345e+09  6.53e-06 5.01e-09  2.25e-02    41s
  65   4.65111873e+09  4.65113039e+09  4.35e-06 5.70e-09  1.57e-02    41s
  66   4.65111960e+09  4.65112765e+09  4.68e-06 7.57e-09  1.08e-02    41s
  67   4.65112299e+09  4.65112552e+09  1.47e-05 5.59e-09  3.40e-03    41s
  68   4.65112355e+09  4.65112487e+09  7.21e-06 5.59e-09  1.77e-03    41s
  69   4.65112383e+09  4.65112420e+09  3.59e-06 9.78e-09  4.91e-04    41s
  70   4.65112405e+09  4.65112417e+09  7.80e-07 9.66e-09  1.62e-04    41s
  71   4.65112411e+09  4.65112411e+09  1.92e-08 7.45e-09  4.05e-06    42s
  72   4.65112411e+09  4.65112411e+09  4.47e-10 7.45e-09  4.07e-10    42s

Barrier solved model in 72 iterations and 41.89 seconds (40.73 work units)
Optimal objective 4.65112411e+09


Root crossover log...

   11748 DPushes remaining with DInf 0.0000000e+00                42s
       0 DPushes remaining with DInf 0.0000000e+00                42s

    1789 PPushes remaining with PInf 0.0000000e+00                42s
       0 PPushes remaining with PInf 0.0000000e+00                42s

  Push phase complete: Pinf 0.0000000e+00, Dinf 1.1645802e-07     42s


Root simplex log...

Iteration    Objective       Primal Inf.    Dual Inf.      Time
   13346    4.6511241e+09   0.000000e+00   0.000000e+00     42s
Concurrent spin time: 0.01s

Solved with barrier
   13346    4.6511241e+09   0.000000e+00   0.000000e+00     42s

Root relaxation: objective 4.651124e+09, 13346 iterations, 15.59 seconds (10.85 work units)

    Nodes    |    Current Node    |     Objective Bounds      |     Work
 Expl Unexpl |  Obj  Depth IntInf | Incumbent    BestBd   Gap | It/Node Time

     0     0 4.6511e+09    0  117          - 4.6511e+09      -     -   44s
H    0     0                    4.354234e+09 4.6511e+09  6.82%     -   46s
H    0     0                    4.576075e+09 4.6511e+09  1.64%     -   52s
     0     0 4.6511e+09    0  117 4.5761e+09 4.6511e+09  1.64%     -   56s
H    0     0                    4.600436e+09 4.6511e+09  1.10%     -   61s
     0     0 4.6511e+09    0  110 4.6004e+09 4.6511e+09  1.10%     -   62s
     0     0 4.6511e+09    0  102 4.6004e+09 4.6511e+09  1.10%     -   67s
     0     0 4.6511e+09    0   99 4.6004e+09 4.6511e+09  1.10%     -   73s
     0     0 4.6511e+09    0  117 4.6004e+09 4.6511e+09  1.10%     -   76s
H    0     0                    4.613210e+09 4.6511e+09  0.82%     -   83s
     0     0 4.6511e+09    0  116 4.6132e+09 4.6511e+09  0.82%     -   83s
     0     0 4.6511e+09    0  108 4.6132e+09 4.6511e+09  0.82%     -   86s
     0     0 4.6511e+09    0  105 4.6132e+09 4.6511e+09  0.82%     -   92s
     0     0 4.6511e+09    0  104 4.6132e+09 4.6511e+09  0.82%     -   94s
     0     0 4.6511e+09    0  104 4.6132e+09 4.6511e+09  0.82%     -   95s
     0     0 4.6511e+09    0  101 4.6132e+09 4.6511e+09  0.82%     -   96s
     0     0 4.6511e+09    0  101 4.6132e+09 4.6511e+09  0.82%     -   97s
     0     0 4.6511e+09    0   94 4.6132e+09 4.6511e+09  0.82%     -  100s
     0     0 4.6511e+09    0   94 4.6132e+09 4.6511e+09  0.82%     -  107s
H    0     0                    4.642712e+09 4.6511e+09  0.18%     -  120s
     0     2 4.6511e+09    0   94 4.6427e+09 4.6511e+09  0.18%     -  135s
     1     4 4.6511e+09    1   96 4.6427e+09 4.6511e+09  0.18%  1411  140s
     3     8 4.6511e+09    2   96 4.6427e+09 4.6511e+09  0.18%   510  145s
     7    16 4.6511e+09    3  102 4.6427e+09 4.6511e+09  0.18%   260  154s
    15    32 4.6511e+09    4  103 4.6427e+09 4.6511e+09  0.18%   192  168s
H   31    52                    4.642712e+09 4.6511e+09  0.18%   145  194s
H   40    52                    4.644554e+09 4.6511e+09  0.14%   171  195s
    51    72 4.6511e+09    6  115 4.6446e+09 4.6511e+09  0.14%   150  210s
    71    92 4.6511e+09    7   98 4.6446e+09 4.6511e+09  0.14%   133  225s
    91   112 4.6511e+09    7  107 4.6446e+09 4.6511e+09  0.14%   126  243s
H   98   112                    4.647972e+09 4.6511e+09  0.07%   127  244s

Cutting planes:
  Cover: 14
  Implied bound: 6
  Clique: 2
  MIR: 24
  Flow cover: 22
  GUB cover: 2
  Zero half: 1
  RLT: 1

Explored 111 nodes (40272 simplex iterations) in 244.72 seconds (293.57 work units)
Thread count was 20 (of 40 available processors)

Solution count 8: 4.64797e+09 4.64797e+09 4.64455e+09 ... 4.35423e+09

Optimal solution found (tolerance 1.00e-03)
Best objective 4.647971743811e+09, best bound 4.651119752355e+09, gap 0.0677%
Gurobi Optimizer version 10.0.1 build v10.0.1rc0 (linux64)

CPU model: Intel(R) Xeon(R) Gold 5115 CPU @ 2.40GHz, instruction set [SSE2|AVX|AVX2|AVX512]
Thread count: 20 physical cores, 40 logical processors, using up to 20 threads

Optimize a model with 318323 rows, 4176675 columns and 39104036 nonzeros
Model fingerprint: 0xf9ee5d3b
Variable types: 80260 continuous, 4096415 integer (4096415 binary)
Coefficient statistics:
  Matrix range     [1e+00, 2e+05]
  Objective range  [4e+01, 3e+07]
  Bounds range     [1e+00, 3e+05]
  RHS range        [1e+00, 5e+06]
Presolve removed 154996 rows and 3554774 columns (presolve time = 6s) ...
Presolve removed 308263 rows and 4039841 columns (presolve time = 13s) ...
Presolve removed 309458 rows and 4040189 columns (presolve time = 15s) ...
Presolve removed 309461 rows and 4040224 columns (presolve time = 20s) ...
Presolve removed 309444 rows and 4040237 columns
Presolve time: 24.84s
Presolved: 8879 rows, 136438 columns, 690279 nonzeros
Variable types: 7969 continuous, 128469 integer (128416 binary)
Deterministic concurrent LP optimizer: primal simplex, dual simplex, and barrier
Showing barrier log only...

Root barrier log...

Ordering time: 0.15s

Barrier statistics:
 AA' NZ     : 2.967e+05
 Factor NZ  : 7.134e+05 (roughly 60 MB of memory)
 Factor Ops : 2.336e+08 (less than 1 second per iteration)
 Threads    : 17

                  Objective                Residual
Iter       Primal          Dual         Primal    Dual     Compl     Time
   0  -4.71404305e+14  5.32891180e+11  1.75e+08 5.24e+05  2.82e+10    30s
   1  -1.11007401e+14  6.25096933e+11  4.20e+07 5.75e+05  6.87e+09    31s
   2  -3.08159845e+13  5.21353983e+11  1.19e+07 6.36e+04  1.96e+09    31s
   3  -3.27085531e+12  3.85390649e+11  1.26e+06 1.63e-09  2.12e+08    31s
   4  -6.18451116e+11  2.09418249e+11  2.40e+05 1.69e-09  4.08e+07    31s
   5  -4.07274031e+11  1.31604530e+11  1.59e+05 1.28e-09  2.73e+07    31s
   6  -5.70627879e+10  9.96440517e+10  2.38e+04 1.16e-09  4.33e+06    31s
   7  -2.51209472e+10  8.35009374e+10  1.15e+04 1.22e-09  2.14e+06    31s
   8  -1.74106147e+10  8.25329900e+10  8.51e+03 1.16e-09  1.65e+06    31s
   9  -6.36958550e+09  6.33363366e+10  4.27e+03 1.16e-09  8.36e+05    31s
  10  -2.00460861e+09  4.39938334e+10  2.59e+03 2.10e-09  4.72e+05    31s
  11   1.86007612e+09  2.91572357e+10  1.11e+03 1.28e-09  2.09e+05    31s
  12   3.72002688e+09  1.47842043e+10  4.04e+02 4.89e-09  7.03e+04    31s
  13   3.88169769e+09  9.50359138e+09  3.43e+02 3.47e-08  4.22e+04    31s
  14   4.40648151e+09  7.57097172e+09  1.45e+02 1.98e-08  2.01e+04    32s
  15   4.52650201e+09  7.49281560e+09  1.00e+02 4.97e-08  1.67e+04    32s
  16   4.70332099e+09  6.17300794e+09  3.41e+01 1.49e-08  7.33e+03    32s
  17   4.74006666e+09  5.76499770e+09  2.09e+01 1.18e-08  5.00e+03    32s
  18   4.75881287e+09  5.60426309e+09  1.60e+01 1.15e-08  4.19e+03    32s
  19   4.75872376e+09  5.55667552e+09  1.60e+01 1.49e-08  4.02e+03    32s
  20   4.76614234e+09  5.50021911e+09  1.43e+01 1.13e-08  3.71e+03    32s
  21   4.76891508e+09  5.46599747e+09  1.37e+01 8.85e-09  3.55e+03    32s
  22   4.77748798e+09  5.40223273e+09  1.28e+01 8.67e-09  3.22e+03    32s
  23   4.77809948e+09  5.38164037e+09  1.27e+01 7.45e-09  3.14e+03    32s
  24   4.78125703e+09  5.36972981e+09  1.03e+01 6.29e-09  2.93e+03    32s
  25   4.77874869e+09  5.17278562e+09  9.00e+00 6.00e-09  2.24e+03    32s
  26   4.79246895e+09  5.15323160e+09  6.50e+00 5.59e-09  1.92e+03    32s
  27   4.79935711e+09  5.08972779e+09  5.64e+00 5.12e-09  1.54e+03    33s
  28   4.80695039e+09  5.04063486e+09  3.82e+00 5.21e-09  1.21e+03    33s
  29   4.81652477e+09  4.93827193e+09  1.97e+00 5.36e-09  6.06e+02    33s
  30   4.81755984e+09  4.92132703e+09  1.60e+00 3.67e-09  5.01e+02    33s
  31   4.81976121e+09  4.88908875e+09  1.30e+00 4.07e-09  3.34e+02    33s
  32   4.82045337e+09  4.87444863e+09  1.21e+00 3.03e-09  2.61e+02    33s
  33   4.82251290e+09  4.87221135e+09  9.46e-01 3.49e-09  2.30e+02    33s
  34   4.82603048e+09  4.86256599e+09  5.69e-01 2.85e-09  1.58e+02    33s
  35   4.82760230e+09  4.85764028e+09  4.48e-01 2.21e-09  1.27e+02    33s
  36   4.82949168e+09  4.84956228e+09  3.34e-01 2.04e-09  8.33e+01    33s
  37   4.83079923e+09  4.84650121e+09  2.50e-01 1.51e-09  6.39e+01    34s
  38   4.83266730e+09  4.84387213e+09  1.77e-01 1.75e-09  4.50e+01    34s
  39   4.83430521e+09  4.84362366e+09  1.22e-01 1.63e-09  3.69e+01    34s
  40   4.83487869e+09  4.84225643e+09  1.07e-01 1.98e-09  2.93e+01    34s
  41   4.83612223e+09  4.84193140e+09  7.71e-02 1.75e-09  2.29e+01    34s
  42   4.83678661e+09  4.84140717e+09  6.33e-02 2.21e-09  1.82e+01    34s
  43   4.83705343e+09  4.84115784e+09  5.77e-02 1.75e-09  1.62e+01    34s
  44   4.83801885e+09  4.84063691e+09  3.72e-02 1.75e-09  1.03e+01    34s
  45   4.83891785e+09  4.84047183e+09  1.96e-02 1.86e-09  6.08e+00    34s
  46   4.83939830e+09  4.84028189e+09  1.05e-02 1.40e-09  3.44e+00    35s
  47   4.83980486e+09  4.84013996e+09  3.18e-03 1.98e-09  1.29e+00    35s
  48   4.83993977e+09  4.84006100e+09  9.15e-04 1.86e-09  4.63e-01    35s
  49   4.83998639e+09  4.84004032e+09  1.61e-04 1.75e-09  2.02e-01    35s
  50   4.83999805e+09  4.84000010e+09  1.13e-05 2.44e-09  7.78e-03    35s
  51   4.83999928e+09  4.83999928e+09  2.99e-08 2.33e-09  7.68e-07    35s
  52   4.83999928e+09  4.83999928e+09  2.95e-10 1.86e-09  6.82e-11    35s

Barrier solved model in 52 iterations and 35.02 seconds (19.70 work units)
Optimal objective 4.83999928e+09


Root crossover log...

    4323 DPushes remaining with DInf 0.0000000e+00                35s
       0 DPushes remaining with DInf 0.0000000e+00                35s

     892 PPushes remaining with PInf 0.0000000e+00                35s
       0 PPushes remaining with PInf 0.0000000e+00                35s

  Push phase complete: Pinf 0.0000000e+00, Dinf 2.4365839e+00     35s


Root simplex log...

Iteration    Objective       Primal Inf.    Dual Inf.      Time
    5186    4.8399993e+09   0.000000e+00   2.436584e+00     35s
    5187    4.8399993e+09   0.000000e+00   0.000000e+00     35s
Concurrent spin time: 0.00s

Solved with barrier
    5189    4.8399993e+09   0.000000e+00   0.000000e+00     35s
Extra simplex iterations after uncrush: 2

Root relaxation: objective 4.839999e+09, 5189 iterations, 5.85 seconds (2.84 work units)

    Nodes    |    Current Node    |     Objective Bounds      |     Work
 Expl Unexpl |  Obj  Depth IntInf | Incumbent    BestBd   Gap | It/Node Time

     0     0 4.8400e+09    0  104          - 4.8400e+09      -     -   36s
H    0     0                    4.830418e+09 4.8400e+09  0.20%     -   55s
H    0     0                    4.831096e+09 4.8400e+09  0.18%     -   57s
     0     0 4.8400e+09    0  114 4.8311e+09 4.8400e+09  0.18%     -   62s
H    0     0                    4.835030e+09 4.8400e+09  0.10%     -  108s
     0     0 4.8399e+09    0  116 4.8350e+09 4.8399e+09  0.10%     -  109s
     0     0 4.8399e+09    0  116 4.8350e+09 4.8399e+09  0.10%     -  110s
     0     0 4.8399e+09    0  121 4.8350e+09 4.8399e+09  0.10%     -  115s
H    0     0                    4.835156e+09 4.8399e+09  0.10%     -  122s

Cutting planes:
  Cover: 4
  Clique: 1
  MIR: 10
  Flow cover: 16
  GUB cover: 2

Explored 1 nodes (7790 simplex iterations) in 123.47 seconds (86.93 work units)
Thread count was 20 (of 40 available processors)

Solution count 4: 4.83516e+09 4.83503e+09 4.8311e+09 4.83042e+09 

Optimal solution found (tolerance 1.00e-03)
Best objective 4.835156052547e+09, best bound 4.839919666511e+09, gap 0.0985%
Gurobi Optimizer version 10.0.1 build v10.0.1rc0 (linux64)

CPU model: Intel(R) Xeon(R) Gold 5115 CPU @ 2.40GHz, instruction set [SSE2|AVX|AVX2|AVX512]
Thread count: 20 physical cores, 40 logical processors, using up to 20 threads

Optimize a model with 318263 rows, 4179850 columns and 38795542 nonzeros
Model fingerprint: 0xe4f5c4cf
Variable types: 61666 continuous, 4118184 integer (4118184 binary)
Coefficient statistics:
  Matrix range     [1e+00, 2e+05]
  Objective range  [4e+01, 3e+07]
  Bounds range     [1e+00, 3e+05]
  RHS range        [1e+00, 5e+06]
Presolve removed 152253 rows and 4165374 columns (presolve time = 5s) ...
Presolve removed 317944 rows and 4179526 columns (presolve time = 10s) ...
Presolve removed 318025 rows and 4179622 columns
Presolve time: 12.54s
Presolved: 238 rows, 228 columns, 840 nonzeros
Variable types: 102 continuous, 126 integer (126 binary)
Found heuristic solution: objective 4.810660e+09

Root simplex log...

Iteration    Objective       Primal Inf.    Dual Inf.      Time
       0    5.0012717e+09   1.342939e+04   0.000000e+00     16s
      56    4.8604962e+09   0.000000e+00   0.000000e+00     16s

Root relaxation: objective 4.860496e+09, 56 iterations, 0.00 seconds (0.00 work units)

    Nodes    |    Current Node    |     Objective Bounds      |     Work
 Expl Unexpl |  Obj  Depth IntInf | Incumbent    BestBd   Gap | It/Node Time

     0     0 4.8605e+09    0    7 4.8107e+09 4.8605e+09  1.04%     -   15s
H    0     0                    4.858838e+09 4.8605e+09  0.03%     -   15s

Explored 1 nodes (56 simplex iterations) in 16.42 seconds (11.05 work units)
Thread count was 20 (of 40 available processors)

Solution count 2: 4.85884e+09 4.81066e+09 

Optimal solution found (tolerance 1.00e-03)
Best objective 4.858837763783e+09, best bound 4.860496220578e+09, gap 0.0341%
