
Gurobi 10.0.1 (linux64) logging started Mon May 22 18:36:01 2023

Set parameter LogFile to value "logFiles/N-1L-A/N-1L-16U-33F-23V-365D/basic-05-22-2023, 18-35-H60-P40-O20.log"
Gurobi Optimizer version 10.0.1 build v10.0.1rc0 (linux64)

CPU model: Intel(R) Xeon(R) Gold 5115 CPU @ 2.40GHz, instruction set [SSE2|AVX|AVX2|AVX512]
Thread count: 20 physical cores, 40 logical processors, using up to 20 threads

Optimize a model with 84539 rows, 990737 columns and 5113174 nonzeros
Model fingerprint: 0x8f14093c
Variable types: 253006 continuous, 737731 integer (737731 binary)
Coefficient statistics:
  Matrix range     [1e+00, 2e+05]
  Objective range  [4e+01, 3e+07]
  Bounds range     [1e+00, 1e+00]
  RHS range        [1e+00, 2e+06]
Presolve removed 49443 rows and 34308 columns (presolve time = 5s) ...
Presolve removed 49461 rows and 38166 columns (presolve time = 10s) ...
Presolve removed 49462 rows and 38211 columns (presolve time = 15s) ...
Presolve removed 49423 rows and 38172 columns
Presolve time: 18.52s
Presolved: 35116 rows, 952565 columns, 4591130 nonzeros
Variable types: 228277 continuous, 724288 integer (724246 binary)
Deterministic concurrent LP optimizer: primal simplex, dual simplex, and barrier
Showing barrier log only...

Root barrier log...

Ordering time: 1.66s

Barrier statistics:
 AA' NZ     : 2.210e+06
 Factor NZ  : 6.067e+06 (roughly 450 MB of memory)
 Factor Ops : 6.440e+09 (less than 1 second per iteration)
 Threads    : 17

                  Objective                Residual
Iter       Primal          Dual         Primal    Dual     Compl     Time
   0  -8.60421253e+15  4.13401335e+13  5.98e+08 7.80e+06  7.29e+11    29s
   1  -3.04918756e+15  3.82862269e+13  2.12e+08 1.03e+07  2.60e+11    30s
   2  -8.69833812e+14  2.99493053e+13  6.05e+07 1.02e+06  7.68e+10    30s
   3  -2.52482772e+13  2.29835249e+13  1.77e+06 2.74e-08  2.26e+09    31s
   4  -7.14631359e+12  1.54086047e+13  5.00e+05 2.12e+02  6.48e+08    31s
   5  -2.17627560e+12  1.33632668e+13  1.52e+05 2.23e-08  2.04e+08    31s
   6  -1.50038727e+12  1.18724160e+13  1.05e+05 2.00e-08  1.42e+08    32s
   7  -5.15496947e+11  1.05365268e+13  3.62e+04 1.99e-08  5.09e+07    32s
   8  -4.06935849e+11  8.94263713e+12  2.87e+04 1.98e-08  3.90e+07    32s
   9  -1.60178056e+11  6.34231987e+12  1.15e+04 2.37e-08  1.60e+07    33s
  10  -1.07567088e+11  4.07718163e+12  7.84e+03 2.24e-08  9.93e+06    33s
  11  -4.06567303e+10  1.44723852e+12  3.18e+03 3.07e-08  3.50e+06    33s
  12  -3.96183047e+09  5.97912789e+11  6.48e+02 3.45e-08  8.00e+05    34s
  13   2.82031083e+09  1.65294391e+11  1.86e+02 3.54e-08  1.96e+05    34s
  14   4.80795098e+09  6.79321445e+10  5.11e+01 3.05e-08  6.12e+04    34s
  15   5.16457648e+09  4.71923582e+10  2.71e+01 3.55e-08  3.68e+04    35s
  16   5.20458659e+09  3.70598532e+10  2.47e+01 5.18e-08  3.02e+04    35s
  17   5.31521994e+09  3.33038919e+10  1.77e+01 7.46e-08  2.43e+04    35s
  18   5.34911445e+09  3.24267851e+10  1.56e+01 5.18e-08  2.27e+04    36s
  19   5.37400523e+09  2.78697585e+10  1.41e+01 6.41e-08  1.96e+04    36s
  20   5.45541186e+09  2.19241050e+10  9.42e+00 7.17e-08  1.38e+04    37s
  21   5.46486679e+09  2.14767002e+10  8.88e+00 9.07e-08  1.33e+04    37s
  22   5.47214967e+09  1.78109381e+10  8.47e+00 9.81e-08  1.11e+04    37s
  23   5.50535461e+09  1.59866921e+10  6.66e+00 9.59e-08  9.12e+03    38s
  24   5.51972504e+09  1.40536264e+10  5.88e+00 1.10e-07  7.68e+03    38s
  25   5.53494044e+09  1.31971625e+10  5.08e+00 9.27e-08  6.79e+03    39s
  26   5.55643242e+09  1.13428862e+10  3.97e+00 9.26e-08  5.15e+03    39s
  27   5.59499480e+09  1.09555503e+10  2.08e+00 1.23e-07  3.92e+03    40s
  28   5.65209362e+09  1.04217126e+10  1.61e+00 1.16e-07  3.33e+03    40s
  29   5.66131720e+09  9.41142995e+09  1.52e+00 1.24e-07  2.66e+03    41s
  30   5.74906380e+09  8.58676406e+09  5.72e-01 1.34e-07  1.72e+03    41s
  31   5.76799041e+09  8.36302082e+09  4.82e-01 1.38e-07  1.54e+03    42s
  32   5.77224502e+09  7.58576401e+09  4.54e-01 1.41e-07  1.09e+03    42s
  33   5.79461178e+09  7.37723524e+09  3.60e-01 1.60e-07  9.28e+02    43s
  34   5.80614232e+09  6.99768864e+09  3.22e-01 1.27e-07  6.97e+02    43s
  35   5.82631398e+09  6.77231841e+09  2.73e-01 1.30e-07  5.49e+02    44s
  36   5.84192292e+09  6.49089887e+09  2.42e-01 1.32e-07  3.77e+02    44s
  37   5.86402791e+09  6.38789174e+09  2.02e-01 1.52e-07  3.03e+02    45s
  38   5.87824708e+09  6.29595555e+09  1.82e-01 1.25e-07  2.41e+02    45s
  39   5.89444660e+09  6.28471890e+09  1.53e-01 1.51e-07  2.23e+02    46s
  40   5.90538125e+09  6.25544136e+09  9.30e-02 1.51e-07  1.94e+02    46s
  41   5.91063735e+09  6.15498433e+09  8.74e-02 1.39e-07  1.37e+02    47s
  42   5.91330263e+09  6.14425228e+09  8.45e-02 1.49e-07  1.29e+02    47s
  43   5.92144926e+09  6.13171902e+09  7.64e-02 1.76e-07  1.18e+02    48s
  44   5.92217622e+09  6.11292449e+09  7.56e-02 1.51e-07  1.07e+02    48s
  45   5.93276649e+09  6.10135077e+09  6.33e-02 2.11e-07  9.41e+01    48s
  46   5.94358337e+09  6.08857503e+09  5.19e-02 2.21e-07  8.06e+01    49s
  47   5.94898067e+09  6.06972613e+09  4.64e-02 1.48e-07  6.72e+01    49s
  48   5.96239057e+09  6.04920834e+09  3.32e-02 1.52e-07  4.82e+01    50s
  49   5.97273372e+09  6.03331474e+09  2.38e-02 1.23e-07  3.36e+01    50s
  50   5.97727225e+09  6.02852222e+09  1.99e-02 1.18e-07  2.84e+01    51s
  51   5.98398687e+09  6.02294597e+09  1.46e-02 1.26e-07  2.15e+01    51s
  52   5.98668648e+09  6.02072641e+09  1.25e-02 1.31e-07  1.88e+01    52s
  53   5.98861932e+09  6.01882491e+09  1.10e-02 1.36e-07  1.66e+01    52s
  54   5.99039595e+09  6.01774387e+09  9.75e-03 1.42e-07  1.51e+01    53s
  55   5.99121716e+09  6.01705859e+09  9.18e-03 1.60e-07  1.42e+01    53s
  56   5.99270548e+09  6.01621776e+09  8.14e-03 1.81e-07  1.29e+01    54s
  57   5.99387202e+09  6.01522013e+09  7.38e-03 1.63e-07  1.17e+01    54s
  58   5.99611779e+09  6.01370327e+09  5.92e-03 1.81e-07  9.65e+00    55s
  59   5.99852356e+09  6.01231447e+09  4.48e-03 1.59e-07  7.56e+00    55s
  60   5.99958321e+09  6.01111216e+09  3.92e-03 1.70e-07  6.33e+00    56s
  61   5.99987920e+09  6.01096001e+09  3.76e-03 1.78e-07  6.08e+00    56s
  62   6.00025179e+09  6.01064894e+09  3.58e-03 1.80e-07  5.71e+00    57s
  63   6.00265650e+09  6.01013044e+09  2.31e-03 1.47e-07  4.09e+00    57s
  64   6.00331674e+09  6.00937988e+09  1.99e-03 1.50e-07  3.32e+00    58s
  65   6.00416094e+09  6.00858152e+09  1.60e-03 1.24e-07  2.44e+00    58s
  66   6.00496910e+09  6.00836979e+09  1.22e-03 1.41e-07  1.87e+00    59s
  67   6.00537986e+09  6.00814322e+09  1.04e-03 1.16e-07  1.53e+00    59s
  68   6.00609561e+09  6.00793805e+09  7.21e-04 1.19e-07  1.02e+00    60s
  69   6.00687388e+09  6.00784173e+09  3.71e-04 1.00e-07  5.35e-01    60s
  70   6.00704838e+09  6.00780183e+09  2.97e-04 1.31e-07  4.17e-01    61s
  71   6.00729955e+09  6.00779182e+09  1.87e-04 1.27e-07  2.72e-01    61s
  72   6.00744933e+09  6.00777747e+09  1.20e-04 1.40e-07  1.81e-01    62s
  73   6.00755295e+09  6.00775173e+09  7.34e-05 1.21e-07  1.10e-01    62s
  74   6.00763887e+09  6.00773506e+09  3.63e-05 1.30e-07  5.32e-02    62s
  75   6.00769950e+09  6.00772963e+09  1.06e-05 1.39e-07  1.66e-02    63s
  76   6.00771500e+09  6.00772664e+09  4.37e-06 1.21e-07  6.46e-03    63s
  77   6.00772213e+09  6.00772627e+09  1.66e-06 1.39e-07  2.29e-03    64s
  78   6.00772519e+09  6.00772606e+09  8.29e-07 1.25e-07  4.81e-04    64s
  79   6.00772587e+09  6.00772603e+09  1.23e-07 1.20e-07  8.72e-05    65s
  80   6.00772596e+09  6.00772600e+09  2.50e-08 1.40e-07  2.21e-05    65s
  81   6.00772599e+09  6.00772599e+09  6.81e-08 1.70e-07  4.86e-07    65s
  82   6.00772599e+09  6.00772599e+09  1.44e-08 1.19e-07  9.05e-11    66s

Barrier solved model in 82 iterations and 65.88 seconds (60.22 work units)
Optimal objective 6.00772599e+09


Root crossover log...

   29974 DPushes remaining with DInf 0.0000000e+00                66s
       0 DPushes remaining with DInf 0.0000000e+00                66s

    1709 PPushes remaining with PInf 0.0000000e+00                66s
       0 PPushes remaining with PInf 0.0000000e+00                66s

  Push phase complete: Pinf 0.0000000e+00, Dinf 2.5235011e+00     66s


Root simplex log...

Iteration    Objective       Primal Inf.    Dual Inf.      Time
   31524    6.0077260e+09   0.000000e+00   2.523501e+00     67s
   31526    6.0077260e+09   0.000000e+00   0.000000e+00     67s
Concurrent spin time: 0.02s

Solved with barrier
   31552    6.0077260e+09   0.000000e+00   0.000000e+00     67s
Extra simplex iterations after uncrush: 26

Root relaxation: objective 6.007726e+09, 31552 iterations, 45.07 seconds (33.14 work units)

    Nodes    |    Current Node    |     Objective Bounds      |     Work
 Expl Unexpl |  Obj  Depth IntInf | Incumbent    BestBd   Gap | It/Node Time

     0     0 6.0077e+09    0  261          - 6.0077e+09      -     -   70s
     0     0 6.0076e+09    0  296          - 6.0076e+09      -     -  105s
     0     0 6.0076e+09    0  285          - 6.0076e+09      -     -  121s
     0     0 6.0076e+09    0  262          - 6.0076e+09      -     -  127s
     0     0 6.0076e+09    0  281          - 6.0076e+09      -     -  148s
     0     0 6.0076e+09    0  288          - 6.0076e+09      -     -  161s
     0     0 6.0069e+09    0  255          - 6.0069e+09      -     -  188s
     0     0 6.0069e+09    0  244          - 6.0069e+09      -     -  195s
     0     0 6.0069e+09    0  240          - 6.0069e+09      -     -  211s
     0     0 6.0069e+09    0  240          - 6.0069e+09      -     -  219s
     0     0 6.0069e+09    0  270          - 6.0069e+09      -     -  246s
     0     0 6.0069e+09    0  265          - 6.0069e+09      -     -  259s
     0     0 6.0069e+09    0  262          - 6.0069e+09      -     -  268s
     0     0 6.0069e+09    0  258          - 6.0069e+09      -     -  278s
     0     0 6.0069e+09    0  272          - 6.0069e+09      -     -  290s
     0     0 6.0069e+09    0  255          - 6.0069e+09      -     -  300s
     0     0 6.0069e+09    0  249          - 6.0069e+09      -     -  317s
     0     0 6.0069e+09    0  247          - 6.0069e+09      -     -  321s
     0     0 6.0069e+09    0  251          - 6.0069e+09      -     -  333s
     0     0 6.0069e+09    0  253          - 6.0069e+09      -     -  338s
     0     0 6.0069e+09    0  253          - 6.0069e+09      -     -  342s
     0     0 6.0069e+09    0  247          - 6.0069e+09      -     -  373s
     0     2 6.0069e+09    0  247          - 6.0069e+09      -     -  527s
     1     4 6.0069e+09    1  241          - 6.0069e+09      -  8148  543s
     3     8 6.0069e+09    2  255          - 6.0069e+09      -  3160  592s
     7    16 6.0069e+09    3  264          - 6.0069e+09      -  2190  673s
    15    32 6.0069e+09    4  246          - 6.0069e+09      -  1869  750s
    31    52 6.0069e+09    5  265          - 6.0069e+09      -  1551  820s
    51    72 6.0069e+09    6  250          - 6.0069e+09      -  1231  863s
    71    92 6.0069e+09    7  247          - 6.0069e+09      -  1005  910s
    91   112 6.0069e+09    8  240          - 6.0069e+09      -   843  958s
   111   132 6.0069e+09    9  260          - 6.0069e+09      -   752 1016s
   131   152 6.0069e+09   10  227          - 6.0069e+09      -   729 1096s
   151   172 6.0069e+09   11  227          - 6.0069e+09      -   747 1157s
   171   192 6.0069e+09   12  234          - 6.0069e+09      -   722 1235s
   191   212 6.0069e+09   13  233          - 6.0069e+09      -   715 1308s
   211   232 6.0069e+09   14  236          - 6.0069e+09      -   720 1362s
   231   254 6.0069e+09   15  237          - 6.0069e+09      -   709 1423s
   253   282 6.0068e+09   17  228          - 6.0069e+09      -   695 1537s
   281   317 6.0068e+09   19  228          - 6.0069e+09      -   810 1716s
   316   363 6.0068e+09   21  240          - 6.0069e+09      -   879 1849s
   362   448 6.0068e+09   22  237          - 6.0069e+09      -   898 2013s
   447   577 6.0068e+09   26  251          - 6.0069e+09      -   846 2226s
   576   733 6.0068e+09   33  235          - 6.0069e+09      -   787 2472s
H  647   733                    5.961354e+09 6.0069e+09  0.76%   756 2474s

Cutting planes:
  Cover: 7
  Implied bound: 17
  Clique: 4
  MIR: 31
  StrongCG: 1
  Flow cover: 28
  Network: 3
  RLT: 2
  Relax-and-lift: 8

Explored 732 nodes (599416 simplex iterations) in 2474.55 seconds (2749.57 work units)
Thread count was 20 (of 40 available processors)

Solution count 1: 5.96135e+09 

Optimal solution found (tolerance 1.00e-02)
Warning: max bound violation (1.2368e-06) exceeds tolerance
Best objective 5.961354009643e+09, best bound 6.006863225373e+09, gap 0.7634%
Gurobi Optimizer version 10.0.1 build v10.0.1rc0 (linux64)

CPU model: Intel(R) Xeon(R) Gold 5115 CPU @ 2.40GHz, instruction set [SSE2|AVX|AVX2|AVX512]
Thread count: 20 physical cores, 40 logical processors, using up to 20 threads

Optimize a model with 149807 rows, 1767882 columns and 10754141 nonzeros
Model fingerprint: 0xa7cf2dbb
Variable types: 518484 continuous, 1249398 integer (1249398 binary)
Coefficient statistics:
  Matrix range     [1e+00, 2e+05]
  Objective range  [4e+01, 3e+07]
  Bounds range     [1e+00, 3e+05]
  RHS range        [1e+00, 3e+06]
Presolve removed 132613 rows and 1499739 columns (presolve time = 5s) ...
Presolve removed 138056 rows and 1560046 columns (presolve time = 10s) ...
Presolve removed 138161 rows and 1568347 columns
Presolve time: 11.90s
Presolved: 11646 rows, 199535 columns, 991298 nonzeros
Variable types: 80575 continuous, 118960 integer (118955 binary)
Deterministic concurrent LP optimizer: primal simplex, dual simplex, and barrier
Showing barrier log only...

Root barrier log...

Ordering time: 0.26s

Barrier statistics:
 AA' NZ     : 5.133e+05
 Factor NZ  : 1.276e+06 (roughly 100 MB of memory)
 Factor Ops : 5.039e+08 (less than 1 second per iteration)
 Threads    : 17

                  Objective                Residual
Iter       Primal          Dual         Primal    Dual     Compl     Time
   0  -4.77303267e+14  5.02890794e+13  7.39e+07 4.16e+06  2.60e+11    15s
   1  -2.35036647e+14  3.48841167e+13  3.65e+07 7.10e+06  1.30e+11    15s
   2  -3.65584861e+13  2.57134172e+13  5.66e+06 2.76e+06  2.06e+10    15s
   3  -4.17760389e+12  1.47571820e+13  6.36e+05 2.79e-08  2.38e+09    15s
   4  -5.13794679e+11  5.85829151e+12  7.83e+04 2.07e+02  3.09e+08    15s
   5  -2.47102516e+11  3.47272444e+12  3.79e+04 3.82e-08  1.51e+08    15s
   6  -2.38784787e+11  3.12530115e+12  3.66e+04 4.75e-08  1.44e+08    15s
   7  -8.00324797e+10  2.36143442e+12  1.26e+04 2.98e-08  5.09e+07    15s
   8  -3.90821262e+10  2.04803237e+12  6.42e+03 1.71e-07  2.70e+07    16s
   9  -2.24355113e+10  1.49608841e+12  3.75e+03 2.09e-07  1.52e+07    16s
  10  -6.41660824e+09  9.59253635e+11  1.30e+03 1.96e-08  5.83e+06    16s
  11  -2.41142095e+08  3.99870968e+11  3.60e+02 2.14e-08  1.73e+06    16s
  12   2.30318723e+08  2.74406299e+11  2.87e+02 2.14e-08  1.22e+06    16s
  13   1.38924574e+09  1.61682300e+11  1.06e+02 2.98e-08  5.82e+05    16s
  14   1.72481515e+09  7.90135866e+10  5.34e+01 3.70e-08  2.78e+05    16s
  15   1.82928510e+09  6.94312635e+10  3.73e+01 3.66e-08  2.29e+05    16s
  16   1.91687576e+09  4.93168739e+10  2.36e+01 3.64e-08  1.57e+05    16s
  17   1.94445185e+09  3.78596678e+10  1.93e+01 6.87e-08  1.24e+05    16s
  18   1.98257153e+09  2.89540471e+10  1.29e+01 1.11e-07  9.32e+04    16s
  19   2.00616730e+09  2.26268354e+10  8.81e+00 1.64e-07  7.29e+04    16s
  20   2.03896805e+09  1.76920641e+10  4.44e+00 2.09e-07  5.36e+04    17s
  21   2.05371688e+09  1.50878596e+10  2.76e+00 4.00e-07  4.39e+04    17s
  22   2.07350099e+09  1.05682543e+10  1.57e+00 2.77e-07  2.81e+04    17s
  23   2.12857978e+09  7.32311242e+09  6.79e-01 2.20e-07  1.56e+04    17s
  24   2.14971852e+09  5.69463589e+09  5.14e-01 1.79e-07  1.05e+04    17s
  25   2.15806532e+09  4.54706371e+09  4.55e-01 1.86e-07  7.16e+03    17s
  26   2.17100248e+09  4.47290946e+09  4.17e-01 1.66e-07  6.82e+03    17s
  27   2.17370001e+09  4.33364383e+09  4.10e-01 2.12e-07  6.40e+03    17s
  28   2.18291633e+09  4.13554258e+09  3.73e-01 2.23e-07  5.73e+03    17s
  29   2.19307674e+09  3.85957651e+09  3.30e-01 2.20e-07  4.84e+03    17s
  30   2.22469943e+09  3.11679871e+09  2.24e-01 1.56e-07  2.51e+03    17s
  31   2.24302643e+09  2.79763240e+09  1.69e-01 1.07e-07  1.54e+03    18s
  32   2.25608054e+09  2.62803890e+09  1.39e-01 6.71e-08  1.02e+03    18s
  33   2.26444904e+09  2.59255896e+09  1.19e-01 6.15e-08  8.86e+02    18s
  34   2.27092873e+09  2.57875948e+09  1.02e-01 6.61e-08  8.24e+02    18s
  35   2.27656779e+09  2.50563583e+09  8.65e-02 5.12e-08  6.08e+02    18s
  36   2.28095956e+09  2.45797851e+09  7.53e-02 3.54e-08  4.67e+02    18s
  37   2.28266125e+09  2.42524841e+09  6.94e-02 3.26e-08  3.74e+02    18s
  38   2.28661152e+09  2.41372234e+09  5.87e-02 3.17e-08  3.31e+02    18s
  39   2.29343557e+09  2.38676620e+09  3.94e-02 2.42e-08  2.40e+02    18s
  40   2.29382727e+09  2.38374144e+09  3.84e-02 2.33e-08  2.31e+02    18s
  41   2.29545399e+09  2.38188981e+09  3.43e-02 2.24e-08  2.22e+02    18s
  42   2.29845279e+09  2.35437743e+09  2.72e-02 1.30e-08  1.43e+02    18s
  43   2.30091575e+09  2.34575163e+09  2.23e-02 1.02e-08  1.14e+02    18s
  44   2.30182913e+09  2.34336364e+09  2.05e-02 1.02e-08  1.05e+02    19s
  45   2.30324110e+09  2.33745745e+09  1.80e-02 1.02e-08  8.67e+01    19s
  46   2.30560924e+09  2.33349664e+09  1.47e-02 5.59e-09  7.05e+01    19s
  47   2.30647843e+09  2.33104744e+09  1.33e-02 6.52e-09  6.21e+01    19s
  48   2.30784402e+09  2.32832525e+09  1.12e-02 4.66e-09  5.17e+01    19s
  49   2.30837151e+09  2.32748872e+09  1.05e-02 4.66e-09  4.82e+01    19s
  50   2.30867050e+09  2.32713203e+09  1.01e-02 6.23e-09  4.66e+01    19s
  51   2.30945652e+09  2.32683887e+09  9.29e-03 5.59e-09  4.38e+01    19s
  52   2.30992281e+09  2.32521593e+09  8.72e-03 5.59e-09  3.85e+01    19s
  53   2.31072666e+09  2.32440300e+09  1.07e-02 4.66e-09  3.45e+01    19s
  54   2.31166341e+09  2.32370987e+09  9.18e-03 7.10e-09  3.03e+01    19s
  55   2.31293747e+09  2.32297632e+09  7.14e-03 7.68e-09  2.53e+01    19s
  56   2.31339892e+09  2.32200538e+09  6.54e-03 4.66e-09  2.17e+01    19s
  57   2.31421700e+09  2.32151305e+09  5.47e-03 4.66e-09  1.83e+01    20s
  58   2.31447563e+09  2.32131226e+09  5.12e-03 4.66e-09  1.72e+01    20s
  59   2.31569174e+09  2.32078371e+09  3.52e-03 4.19e-09  1.28e+01    20s
  60   2.31600781e+09  2.32052472e+09  3.14e-03 5.12e-09  1.14e+01    20s
  61   2.31690952e+09  2.31998529e+09  2.08e-03 2.79e-09  7.73e+00    20s
  62   2.31696692e+09  2.31968752e+09  2.01e-03 3.73e-09  6.84e+00    20s
  63   2.31723138e+09  2.31957832e+09  1.71e-03 3.73e-09  5.90e+00    20s
  64   2.31757859e+09  2.31950321e+09  1.32e-03 4.66e-09  4.83e+00    20s
  65   2.31785525e+09  2.31943436e+09  1.01e-03 5.82e-09  3.96e+00    20s
  66   2.31797671e+09  2.31937345e+09  8.73e-04 4.71e-09  3.51e+00    20s
  67   2.31811642e+09  2.31922869e+09  7.25e-04 3.73e-09  2.79e+00    20s
  68   2.31822001e+09  2.31917027e+09  6.12e-04 3.32e-09  2.39e+00    20s
  69   2.31832258e+09  2.31908622e+09  5.00e-04 2.79e-09  1.92e+00    20s
  70   2.31851319e+09  2.31905041e+09  3.00e-04 4.89e-09  1.35e+00    21s
  71   2.31858143e+09  2.31899510e+09  2.25e-04 4.10e-09  1.04e+00    21s
  72   2.31863244e+09  2.31896862e+09  1.72e-04 5.76e-09  8.43e-01    21s
  73   2.31863861e+09  2.31894943e+09  1.66e-04 9.17e-09  7.80e-01    21s
  74   2.31864832e+09  2.31893611e+09  1.56e-04 1.08e-08  7.22e-01    21s
  75   2.31870441e+09  2.31890780e+09  9.81e-05 6.93e-09  5.10e-01    21s
  76   2.31873571e+09  2.31885343e+09  6.46e-05 5.06e-09  2.95e-01    21s
  77   2.31877032e+09  2.31884075e+09  3.01e-05 6.43e-09  1.77e-01    21s
  78   2.31879279e+09  2.31881924e+09  6.93e-06 5.59e-09  6.62e-02    21s
  79   2.31879751e+09  2.31881681e+09  2.66e-06 7.45e-09  4.83e-02    21s
  80   2.31880027e+09  2.31880264e+09  4.51e-07 5.94e-09  5.92e-03    21s
  81   2.31880100e+09  2.31880104e+09  3.09e-08 5.59e-09  1.07e-04    21s
  82   2.31880102e+09  2.31880102e+09  6.23e-09 7.45e-09  1.18e-05    21s
  83   2.31880102e+09  2.31880102e+09  3.42e-09 6.00e-09  6.26e-06    22s

Barrier solved model in 83 iterations and 21.53 seconds (19.85 work units)
Optimal objective 2.31880102e+09


Root crossover log...

    6225 DPushes remaining with DInf 0.0000000e+00                22s
       0 DPushes remaining with DInf 0.0000000e+00                22s

    1279 PPushes remaining with PInf 0.0000000e+00                22s
       0 PPushes remaining with PInf 0.0000000e+00                22s

  Push phase complete: Pinf 0.0000000e+00, Dinf 1.2811332e+06     22s


Root simplex log...

Iteration    Objective       Primal Inf.    Dual Inf.      Time
    7423    2.3188010e+09   0.000000e+00   1.281133e+06     22s
    7511    2.3188010e+09   0.000000e+00   0.000000e+00     22s
Concurrent spin time: 0.00s

Solved with barrier
    7511    2.3188010e+09   0.000000e+00   0.000000e+00     22s

Root relaxation: objective 2.318801e+09, 7511 iterations, 8.25 seconds (5.80 work units)

    Nodes    |    Current Node    |     Objective Bounds      |     Work
 Expl Unexpl |  Obj  Depth IntInf | Incumbent    BestBd   Gap | It/Node Time

     0     0 2.3188e+09    0   61          - 2.3188e+09      -     -   22s
H    0     0                    2.306760e+09 2.3188e+09  0.52%     -   25s

Explored 1 nodes (9977 simplex iterations) in 25.46 seconds (23.68 work units)
Thread count was 20 (of 40 available processors)

Solution count 2: 2.30676e+09 2.30676e+09 

Optimal solution found (tolerance 1.00e-02)
Best objective 2.306759778082e+09, best bound 2.318801018807e+09, gap 0.5220%
Gurobi Optimizer version 10.0.1 build v10.0.1rc0 (linux64)

CPU model: Intel(R) Xeon(R) Gold 5115 CPU @ 2.40GHz, instruction set [SSE2|AVX|AVX2|AVX512]
Thread count: 20 physical cores, 40 logical processors, using up to 20 threads

Optimize a model with 247991 rows, 3275208 columns and 25374333 nonzeros
Model fingerprint: 0x6f504f51
Variable types: 519584 continuous, 2755624 integer (2755624 binary)
Coefficient statistics:
  Matrix range     [1e+00, 2e+05]
  Objective range  [4e+01, 3e+07]
  Bounds range     [1e+00, 3e+05]
  RHS range        [1e+00, 4e+06]
Presolve removed 231381 rows and 3053250 columns (presolve time = 5s) ...
Presolve removed 234652 rows and 3063481 columns (presolve time = 10s) ...
Presolve removed 238443 rows and 3127029 columns (presolve time = 15s) ...
Presolve removed 238411 rows and 3126997 columns
Presolve time: 17.93s
Presolved: 9580 rows, 148211 columns, 743274 nonzeros
Variable types: 61164 continuous, 87047 integer (87042 binary)
Found heuristic solution: objective 3.437470e+09
Deterministic concurrent LP optimizer: primal simplex, dual simplex, and barrier
Showing barrier log only...

Root barrier log...

Ordering time: 0.15s

Barrier statistics:
 AA' NZ     : 3.785e+05
 Factor NZ  : 9.192e+05 (roughly 70 MB of memory)
 Factor Ops : 2.816e+08 (less than 1 second per iteration)
 Threads    : 18

                  Objective                Residual
Iter       Primal          Dual         Primal    Dual     Compl     Time
   0  -2.30081098e+14  3.49317197e+13  6.06e+07 4.06e+06  2.98e+11    22s
   1  -1.07916667e+14  2.73730485e+13  2.82e+07 9.10e+06  1.41e+11    22s
   2  -1.89493453e+13  1.86896447e+13  4.82e+06 2.94e+06  2.53e+10    22s
   3  -4.64018797e+12  1.01307948e+13  1.15e+06 1.25e+04  6.16e+09    22s
   4  -7.07784201e+11  6.31524499e+12  1.77e+05 1.24e+03  9.62e+08    22s
   5  -1.66205503e+11  3.88021922e+12  4.20e+04 2.28e+02  2.39e+08    22s
   6  -5.40047365e+10  2.56044552e+12  1.42e+04 3.91e-08  8.52e+07    22s
   7  -2.56218103e+10  2.13322306e+12  7.44e+03 2.01e-08  4.57e+07    22s
   8  -1.43066346e+10  1.78448158e+12  4.26e+03 2.70e-08  2.67e+07    22s
   9  -2.43427836e+09  1.37497016e+12  1.58e+03 1.68e-08  1.15e+07    22s
  10   4.34218648e+08  8.30628304e+11  8.61e+02 1.96e-08  5.93e+06    22s
  11   2.04579773e+09  6.50733325e+11  4.37e+02 1.76e-08  3.69e+06    22s
  12   2.37365230e+09  1.68513510e+11  3.50e+02 2.79e-08  1.40e+06    22s
  13   3.37631492e+09  5.06846233e+10  7.75e+01 2.61e-08  3.30e+05    22s
  14   3.52317594e+09  4.03942738e+10  3.88e+01 2.79e-08  2.13e+05    22s
  15   3.56608348e+09  3.39897053e+10  2.77e+01 4.38e-08  1.70e+05    22s
  16   3.60571554e+09  2.63244691e+10  1.74e+01 6.15e-08  1.23e+05    22s
  17   3.62979317e+09  2.32776297e+10  1.16e+01 7.82e-08  9.90e+04    22s
  18   3.66963614e+09  1.75007332e+10  6.27e+00 2.54e-07  6.87e+04    23s
  19   3.68018936e+09  1.32699207e+10  5.11e+00 2.58e-07  5.29e+04    23s
  20   3.71218721e+09  1.00694885e+10  4.00e+00 3.34e-07  3.85e+04    23s
  21   3.77253079e+09  8.10818741e+09  2.42e+00 2.62e-07  2.53e+04    23s
  22   3.78303462e+09  7.04075385e+09  2.24e+00 2.20e-07  2.00e+04    23s
  23   3.81221233e+09  6.56245728e+09  1.60e+00 2.30e-07  1.56e+04    23s
  24   3.82314238e+09  5.42721969e+09  1.23e+00 1.57e-07  9.56e+03    23s
  25   3.84682011e+09  4.68707055e+09  5.34e-01 7.82e-08  4.31e+03    23s
  26   3.85677544e+09  4.26770198e+09  3.44e-01 1.02e-07  2.00e+03    23s
  27   3.86915889e+09  4.13082725e+09  1.56e-01 7.08e-08  1.10e+03    23s
  28   3.87784428e+09  4.05300528e+09  4.12e-02 6.05e-08  6.52e+02    23s
  29   3.87988431e+09  3.98034223e+09  2.73e-02 3.45e-08  3.67e+02    23s
  30   3.88060649e+09  3.97382478e+09  2.48e-02 3.26e-08  3.40e+02    23s
  31   3.88302024e+09  3.95514377e+09  1.58e-02 2.42e-08  2.60e+02    23s
  32   3.88415347e+09  3.94961095e+09  1.38e-02 2.61e-08  2.35e+02    23s
  33   3.88405804e+09  3.94049169e+09  1.29e-02 2.70e-08  2.02e+02    23s
  34   3.88496067e+09  3.91428255e+09  1.15e-02 1.40e-08  1.05e+02    23s
  35   3.88659136e+09  3.90746796e+09  9.04e-03 8.38e-09  7.47e+01    24s
  36   3.88889195e+09  3.90348907e+09  5.84e-03 6.00e-09  5.20e+01    24s
  37   3.88973273e+09  3.90182868e+09  5.59e-03 8.32e-09  4.31e+01    24s
  38   3.89070788e+09  3.90116805e+09  4.74e-03 8.38e-09  3.72e+01    24s
  39   3.89088012e+09  3.90064771e+09  4.59e-03 8.38e-09  3.48e+01    24s
  40   3.89187372e+09  3.89929124e+09  3.84e-03 9.08e-09  2.64e+01    24s
  41   3.89251120e+09  3.89893270e+09  3.39e-03 5.59e-09  2.29e+01    24s
  42   3.89351255e+09  3.89838015e+09  2.63e-03 8.38e-09  1.73e+01    24s
  43   3.89429737e+09  3.89816054e+09  2.07e-03 4.37e-09  1.38e+01    24s
  44   3.89587104e+09  3.89795324e+09  9.42e-04 7.45e-09  7.40e+00    24s
  45   3.89611917e+09  3.89753876e+09  7.71e-04 5.59e-09  5.06e+00    24s
  46   3.89633195e+09  3.89751054e+09  6.16e-04 6.87e-09  4.19e+00    24s
  47   3.89649729e+09  3.89747344e+09  4.94e-04 8.32e-09  3.47e+00    24s
  48   3.89706258e+09  3.89734045e+09  1.08e-04 4.66e-09  9.86e-01    24s
  49   3.89724006e+09  3.89725531e+09  1.68e-06 5.59e-09  5.37e-02    25s
  50   3.89724785e+09  3.89724803e+09  1.58e-08 5.59e-09  6.26e-04    25s
  51   3.89724795e+09  3.89724795e+09  4.89e-09 7.45e-09  1.29e-05    25s
  52   3.89724795e+09  3.89724795e+09  4.21e-09 8.91e-09  2.37e-08    25s
  53   3.89724795e+09  3.89724795e+09  1.29e-10 7.45e-09  1.05e-10    25s

Barrier solved model in 53 iterations and 24.78 seconds (26.10 work units)
Optimal objective 3.89724795e+09


Root crossover log...

    4046 DPushes remaining with DInf 0.0000000e+00                25s
       0 DPushes remaining with DInf 0.0000000e+00                25s

    1565 PPushes remaining with PInf 0.0000000e+00                25s
       0 PPushes remaining with PInf 0.0000000e+00                25s

  Push phase complete: Pinf 0.0000000e+00, Dinf 2.1790071e-08     25s


Root simplex log...

Iteration    Objective       Primal Inf.    Dual Inf.      Time
    5580    3.8972479e+09   0.000000e+00   0.000000e+00     25s
Concurrent spin time: 0.00s

Solved with barrier
    5580    3.8972479e+09   0.000000e+00   0.000000e+00     25s

Root relaxation: objective 3.897248e+09, 5580 iterations, 4.14 seconds (3.07 work units)
Total elapsed time = 25.08s

    Nodes    |    Current Node    |     Objective Bounds      |     Work
 Expl Unexpl |  Obj  Depth IntInf | Incumbent    BestBd   Gap | It/Node Time

     0     0 3.8972e+09    0   41 3.4375e+09 3.8972e+09  13.4%     -   25s
H    0     0                    3.842307e+09 3.8972e+09  1.43%     -   26s
H    0     0                    3.842307e+09 3.8972e+09  1.43%     -   28s
H    0     0                    3.876958e+09 3.8972e+09  0.52%     -   28s
H    0     0                    3.887538e+09 3.8963e+09  0.23%     -   29s

Cutting planes:
  Cover: 8
  Implied bound: 8
  Clique: 3
  MIR: 16
  Flow cover: 26
  GUB cover: 2
  RLT: 13
  Relax-and-lift: 5

Explored 1 nodes (6722 simplex iterations) in 29.65 seconds (31.45 work units)
Thread count was 20 (of 40 available processors)

Solution count 5: 3.88754e+09 3.88754e+09 3.87696e+09 ... 3.43747e+09

Optimal solution found (tolerance 1.00e-02)
Best objective 3.887538183129e+09, best bound 3.896336397839e+09, gap 0.2263%
Gurobi Optimizer version 10.0.1 build v10.0.1rc0 (linux64)

CPU model: Intel(R) Xeon(R) Gold 5115 CPU @ 2.40GHz, instruction set [SSE2|AVX|AVX2|AVX512]
Thread count: 20 physical cores, 40 logical processors, using up to 20 threads

Optimize a model with 318382 rows, 4156697 columns and 39437462 nonzeros
Model fingerprint: 0x78613bbb
Variable types: 675811 continuous, 3480886 integer (3480886 binary)
Coefficient statistics:
  Matrix range     [1e+00, 2e+05]
  Objective range  [4e+01, 3e+07]
  Bounds range     [1e+00, 3e+05]
  RHS range        [1e+00, 5e+06]
Presolve removed 257554 rows and 2840607 columns (presolve time = 5s) ...
Presolve removed 293185 rows and 3751930 columns (presolve time = 11s) ...
Presolve removed 305499 rows and 3910531 columns (presolve time = 15s) ...
Presolve removed 305710 rows and 3916550 columns (presolve time = 20s) ...
Presolve removed 307653 rows and 3981334 columns (presolve time = 25s) ...
Presolve removed 307590 rows and 3981271 columns
Presolve time: 29.75s
Presolved: 10792 rows, 175426 columns, 890028 nonzeros
Variable types: 103149 continuous, 72277 integer (72276 binary)
Deterministic concurrent LP optimizer: primal simplex, dual simplex, and barrier
Showing barrier log only...

Root barrier log...

Ordering time: 0.26s

Barrier statistics:
 AA' NZ     : 4.751e+05
 Factor NZ  : 1.278e+06 (roughly 80 MB of memory)
 Factor Ops : 3.856e+08 (less than 1 second per iteration)
 Threads    : 17

                  Objective                Residual
Iter       Primal          Dual         Primal    Dual     Compl     Time
   0  -3.02423619e+15  3.03222955e+13  2.53e+08 4.87e+06  9.52e+11    35s
   1  -1.66546583e+15  3.49146027e+13  1.39e+08 4.02e+06  5.35e+11    35s
   2  -1.80159598e+14  3.15263041e+13  1.52e+07 1.02e+06  5.91e+10    35s
   3  -3.42870752e+13  1.39126016e+13  2.89e+06 2.35e+04  1.15e+10    35s
   4  -2.32289084e+12  8.09854968e+12  1.96e+05 9.64e+02  7.99e+08    35s
   5  -9.79852107e+11  3.91610994e+12  8.28e+04 1.87e+02  3.39e+08    35s
   6  -2.21204994e+11  2.30705526e+12  1.90e+04 1.55e-08  8.13e+07    35s
   7  -5.66716963e+10  1.76267070e+12  5.15e+03 1.68e-08  2.47e+07    35s
   8  -2.92326961e+10  1.43834099e+12  2.85e+03 2.61e-08  1.43e+07    35s
   9  -1.33949719e+10  8.61299107e+11  1.52e+03 1.96e-08  6.94e+06    35s
  10  -9.72981382e+09  4.11577611e+11  1.21e+03 1.34e-08  4.04e+06    35s
  11  -5.99276100e+08  3.27630672e+11  4.44e+02 1.40e-08  1.92e+06    36s
  12   3.12310084e+09  2.07284156e+11  1.33e+02 1.28e-08  8.47e+05    36s
  13   3.98667540e+09  1.46655153e+11  6.12e+01 1.55e-08  5.20e+05    36s
  14   4.15880366e+09  8.24765181e+10  4.70e+01 6.47e-08  3.07e+05    36s
  15   4.35451554e+09  8.02189069e+10  3.11e+01 6.41e-08  2.71e+05    36s
  16   4.49527227e+09  5.53770845e+10  1.96e+01 1.25e-07  1.80e+05    36s
  17   4.54228945e+09  4.89668999e+10  1.59e+01 1.16e-07  1.56e+05    36s
  18   4.60726195e+09  3.54854812e+10  1.10e+01 9.41e-08  1.12e+05    36s
  19   4.63381600e+09  2.56084450e+10  8.59e+00 1.60e-07  8.45e+04    36s
  20   4.65376925e+09  1.89071730e+10  7.09e+00 2.88e-07  6.46e+04    36s
  21   4.67490815e+09  1.71108883e+10  6.03e+00 4.21e-07  5.76e+04    36s
  22   4.70451482e+09  1.40434802e+10  4.48e+00 3.61e-07  4.45e+04    36s
  23   4.71190339e+09  1.26008409e+10  3.74e+00 4.55e-07  3.81e+04    36s
  24   4.73778114e+09  9.20395283e+09  2.10e+00 3.23e-07  2.21e+04    37s
  25   4.75533146e+09  7.99988801e+09  1.31e+00 3.04e-07  1.44e+04    37s
  26   4.77368590e+09  6.57802873e+09  5.49e-01 1.84e-07  6.91e+03    37s
  27   4.78345989e+09  5.89306886e+09  2.52e-01 1.85e-07  3.77e+03    37s
  28   4.78429851e+09  5.64825697e+09  1.96e-01 1.73e-07  2.86e+03    37s
  29   4.78741122e+09  5.28118284e+09  1.24e-01 1.32e-07  1.57e+03    37s
  30   4.78922092e+09  5.06906691e+09  8.04e-02 9.69e-08  8.62e+02    37s
  31   4.79131226e+09  4.95649736e+09  1.87e-02 6.05e-08  4.78e+02    37s
  32   4.79217710e+09  4.86326890e+09  4.44e-03 3.45e-08  2.03e+02    37s
  33   4.79294759e+09  4.84196933e+09  7.78e-04 2.79e-08  1.39e+02    37s
  34   4.79378303e+09  4.82838696e+09  1.54e-04 2.24e-08  9.83e+01    37s
  35   4.79473931e+09  4.81684872e+09  4.39e-05 1.58e-08  6.28e+01    37s
  36   4.79569284e+09  4.80976802e+09  2.39e-05 8.38e-09  4.00e+01    37s
  37   4.79633928e+09  4.80723562e+09  1.55e-05 6.52e-09  3.09e+01    37s
  38   4.79661613e+09  4.80594871e+09  1.37e-05 7.45e-09  2.65e+01    37s
  39   4.79697883e+09  4.80479615e+09  1.16e-05 6.52e-09  2.22e+01    37s
  40   4.79814628e+09  4.80306314e+09  4.89e-06 3.73e-09  1.40e+01    38s
  41   4.79832752e+09  4.80207963e+09  4.29e-06 3.73e-09  1.07e+01    38s
  42   4.79901657e+09  4.80129891e+09  2.40e-06 2.79e-09  6.48e+00    38s
  43   4.79941587e+09  4.80087612e+09  1.51e-06 3.73e-09  4.15e+00    38s
  44   4.79945781e+09  4.80080165e+09  1.42e-06 4.66e-09  3.82e+00    38s
  45   4.79951979e+09  4.80073011e+09  1.29e-06 5.59e-09  3.44e+00    38s
  46   4.79961478e+09  4.80059176e+09  1.09e-06 4.66e-09  2.77e+00    38s
  47   4.79983706e+09  4.80050146e+09  6.65e-07 3.73e-09  1.89e+00    38s
  48   4.80004756e+09  4.80029217e+09  2.85e-07 4.66e-09  6.94e-01    38s
  49   4.80019431e+09  4.80025097e+09  4.43e-08 3.73e-09  1.61e-01    38s
  50   4.80021647e+09  4.80022641e+09  1.39e-07 6.52e-09  2.82e-02    38s
  51   4.80022493e+09  4.80022548e+09  8.67e-09 4.66e-09  1.58e-03    38s
  52   4.80022537e+09  4.80022537e+09  6.05e-09 4.66e-09  7.03e-08    38s
  53   4.80022537e+09  4.80022537e+09  5.85e-11 5.59e-09  7.23e-11    39s

Barrier solved model in 53 iterations and 38.51 seconds (46.88 work units)
Optimal objective 4.80022537e+09


Root crossover log...

    5090 DPushes remaining with DInf 0.0000000e+00                39s
       0 DPushes remaining with DInf 0.0000000e+00                39s

    2182 PPushes remaining with PInf 0.0000000e+00                39s
       0 PPushes remaining with PInf 0.0000000e+00                39s

  Push phase complete: Pinf 0.0000000e+00, Dinf 4.4424263e-08     39s


Root simplex log...

Iteration    Objective       Primal Inf.    Dual Inf.      Time
    7162    4.8002254e+09   0.000000e+00   0.000000e+00     39s
Concurrent spin time: 0.01s

Solved with barrier
    7162    4.8002254e+09   0.000000e+00   0.000000e+00     39s

Root relaxation: objective 4.800225e+09, 7162 iterations, 5.04 seconds (3.76 work units)

    Nodes    |    Current Node    |     Objective Bounds      |     Work
 Expl Unexpl |  Obj  Depth IntInf | Incumbent    BestBd   Gap | It/Node Time

     0     0 4.8002e+09    0   15          - 4.8002e+09      -     -   39s
H    0     0                    4.747537e+09 4.8002e+09  1.11%     -   39s
H    0     0                    4.793930e+09 4.8002e+09  0.13%     -   41s

Explored 1 nodes (8215 simplex iterations) in 42.01 seconds (49.91 work units)
Thread count was 20 (of 40 available processors)

Solution count 2: 4.79393e+09 4.74754e+09 

Optimal solution found (tolerance 1.00e-02)
Best objective 4.793929980339e+09, best bound 4.800225366307e+09, gap 0.1313%
Gurobi Optimizer version 10.0.1 build v10.0.1rc0 (linux64)

CPU model: Intel(R) Xeon(R) Gold 5115 CPU @ 2.40GHz, instruction set [SSE2|AVX|AVX2|AVX512]
Thread count: 20 physical cores, 40 logical processors, using up to 20 threads

Optimize a model with 338057 rows, 4173500 columns and 39104036 nonzeros
Model fingerprint: 0x4c9e4e50
Variable types: 58462 continuous, 4115038 integer (4115038 binary)
Coefficient statistics:
  Matrix range     [1e+00, 2e+05]
  Objective range  [4e+01, 3e+07]
  Bounds range     [1e+00, 3e+05]
  RHS range        [1e+00, 5e+06]
Presolve removed 301400 rows and 3551598 columns (presolve time = 5s) ...
Presolve removed 331687 rows and 4115835 columns (presolve time = 10s) ...
Presolve removed 331671 rows and 4116293 columns
Presolve time: 13.24s
Presolved: 6386 rows, 57207 columns, 290285 nonzeros
Variable types: 1865 continuous, 55342 integer (55342 binary)
Deterministic concurrent LP optimizer: primal and dual simplex
Showing first log only...


Root simplex log...

Iteration    Objective       Primal Inf.    Dual Inf.      Time
       0    4.6593597e+09   8.361978e+05   3.738625e+14     16s
   65868    4.8226251e+09   0.000000e+00   0.000000e+00     18s
Concurrent spin time: 0.35s

Solved with dual simplex

Root simplex log...

Iteration    Objective       Primal Inf.    Dual Inf.      Time
   19898    4.8226251e+09   0.000000e+00   0.000000e+00     18s

Root relaxation: objective 4.822625e+09, 19898 iterations, 2.31 seconds (2.79 work units)

    Nodes    |    Current Node    |     Objective Bounds      |     Work
 Expl Unexpl |  Obj  Depth IntInf | Incumbent    BestBd   Gap | It/Node Time

     0     0 4.8226e+09    0   53          - 4.8226e+09      -     -   18s
H    0     0                    4.799516e+09 4.8226e+09  0.48%     -   20s

Explored 1 nodes (20320 simplex iterations) in 21.04 seconds (17.62 work units)
Thread count was 20 (of 40 available processors)

Solution count 1: 4.79952e+09 

Optimal solution found (tolerance 1.00e-02)
Best objective 4.799516412157e+09, best bound 4.822625057615e+09, gap 0.4815%
