
Gurobi 10.0.1 (linux64) logging started Thu May 25 19:28:30 2023

Set parameter LogFile to value "logFiles/A-2L-C/A-2L-6U-23F-15V-365D/basic-05-25-2023, 19-28-H50-P80-O20.log"
Gurobi Optimizer version 10.0.1 build v10.0.1rc0 (linux64)

CPU model: Intel(R) Xeon(R) Gold 5115 CPU @ 2.40GHz, instruction set [SSE2|AVX|AVX2|AVX512]
Thread count: 20 physical cores, 40 logical processors, using up to 20 threads

Optimize a model with 57709 rows, 466992 columns and 2113442 nonzeros
Model fingerprint: 0x7860da0b
Variable types: 297894 continuous, 169098 integer (169098 binary)
Coefficient statistics:
  Matrix range     [1e+00, 2e+05]
  Objective range  [4e+01, 3e+07]
  Bounds range     [1e+00, 1e+00]
  RHS range        [1e+00, 3e+06]
Presolve removed 43031 rows and 19604 columns (presolve time = 5s) ...
Presolve removed 43005 rows and 19658 columns
Presolve time: 9.04s
Presolved: 14704 rows, 447334 columns, 1796239 nonzeros
Variable types: 284853 continuous, 162481 integer (162469 binary)
Deterministic concurrent LP optimizer: primal simplex, dual simplex, and barrier
Showing barrier log only...

Root barrier log...

Ordering time: 0.66s

Barrier statistics:
 AA' NZ     : 9.766e+05
 Factor NZ  : 7.258e+06 (roughly 250 MB of memory)
 Factor Ops : 1.284e+10 (less than 1 second per iteration)
 Threads    : 17

                  Objective                Residual
Iter       Primal          Dual         Primal    Dual     Compl     Time
   0  -2.61511546e+16  4.93875491e+13  1.16e+09 1.18e+07  3.30e+12    13s
   1  -7.40598682e+15  6.09614603e+13  3.29e+08 3.90e+06  9.48e+11    13s
   2  -8.17867431e+14  5.18841406e+13  3.64e+07 2.99e-08  1.06e+11    14s
   3  -1.07324193e+13  3.82923076e+13  4.78e+05 3.35e-08  1.44e+09    14s
   4  -4.67902717e+11  1.06045479e+13  2.10e+04 3.00e-08  7.32e+07    14s
   5  -3.28736381e+11  5.88020924e+12  1.48e+04 2.25e-08  4.70e+07    14s
   6  -1.87456488e+11  4.70157465e+12  8.52e+03 2.24e-08  2.77e+07    14s
   7  -9.73948550e+10  2.35492291e+12  4.51e+03 2.20e-07  1.31e+07    15s
   8  -5.56196219e+10  1.81399407e+12  2.65e+03 7.45e-08  7.88e+06    15s
   9  -3.80010826e+10  1.27732111e+12  1.87e+03 5.97e-08  5.29e+06    15s
  10  -9.06061762e+09  4.15544276e+11  5.81e+02 2.38e-07  1.50e+06    15s
  11  -1.72474129e+09  2.43940336e+11  2.54e+02 4.77e-07  7.01e+05    16s
  12   2.13394309e+09  1.21014049e+11  8.32e+01 1.19e-07  2.67e+05    16s
  13   3.04988019e+09  7.14060953e+10  4.38e+01 7.82e-08  1.46e+05    16s
  14   3.39560813e+09  5.70534647e+10  2.90e+01 7.70e-08  1.06e+05    16s
  15   3.49493826e+09  5.44619141e+10  2.47e+01 8.40e-08  9.63e+04    17s
  16   3.81999691e+09  3.43275592e+10  1.10e+01 1.36e-07  5.24e+04    17s
  17   3.88772837e+09  2.95027796e+10  8.18e+00 1.21e-07  4.24e+04    17s
  18   3.90914765e+09  2.16123185e+10  7.33e+00 1.49e-07  3.23e+04    17s
  19   3.93339250e+09  1.65319813e+10  6.39e+00 1.94e-07  2.51e+04    17s
  20   3.97939722e+09  1.40670409e+10  4.68e+00 2.53e-07  1.93e+04    18s
  21   4.00800032e+09  1.12409361e+10  3.62e+00 2.63e-07  1.42e+04    18s
  22   4.02340621e+09  1.10217018e+10  3.12e+00 2.54e-07  1.30e+04    18s
  23   4.04465804e+09  1.05869916e+10  2.52e+00 3.03e-07  1.14e+04    19s
  24   4.09420007e+09  8.89844328e+09  1.46e+00 2.66e-07  7.56e+03    19s
  25   4.13317220e+09  7.62300136e+09  7.42e-01 3.03e-07  4.90e+03    19s
  26   4.15853917e+09  6.74382824e+09  6.13e-01 2.30e-07  3.61e+03    19s
  27   4.17924396e+09  6.12135230e+09  5.09e-01 2.37e-07  2.68e+03    20s
  28   4.18381333e+09  5.52683612e+09  4.73e-01 2.39e-07  1.90e+03    20s
  29   4.23046532e+09  5.18712281e+09  2.29e-01 2.54e-07  1.24e+03    20s
  30   4.27065643e+09  4.85471687e+09  1.12e-01 2.35e-07  7.19e+02    20s
  31   4.29534375e+09  4.56259767e+09  5.21e-02 2.50e-07  3.23e+02    21s
  32   4.31599911e+09  4.41248128e+09  2.32e-02 2.29e-07  1.17e+02    21s
  33   4.32198491e+09  4.39762923e+09  1.71e-02 2.61e-07  9.12e+01    21s
  34   4.32732578e+09  4.38931524e+09  1.30e-02 2.57e-07  7.42e+01    21s
  35   4.33009114e+09  4.37961262e+09  1.09e-02 3.15e-07  5.95e+01    21s
  36   4.33271255e+09  4.37053334e+09  9.34e-03 2.43e-07  4.58e+01    22s
  37   4.33714331e+09  4.36828843e+09  6.74e-03 2.91e-07  3.73e+01    22s
  38   4.33865160e+09  4.36794284e+09  5.98e-03 3.16e-07  3.50e+01    22s
  39   4.34256729e+09  4.36526347e+09  4.08e-03 3.42e-07  2.69e+01    22s
  40   4.34596095e+09  4.36188562e+09  2.76e-03 3.23e-07  1.88e+01    23s
  41   4.34834582e+09  4.35997854e+09  1.97e-03 2.57e-07  1.38e+01    23s
  42   4.35022910e+09  4.35828525e+09  1.40e-03 2.39e-07  9.55e+00    23s
  43   4.35134626e+09  4.35773102e+09  1.08e-03 2.38e-07  7.56e+00    24s
  44   4.35305704e+09  4.35698684e+09  6.20e-04 2.64e-07  4.64e+00    24s
  45   4.35369799e+09  4.35652981e+09  4.54e-04 2.62e-07  3.34e+00    24s
  46   4.35462857e+09  4.35605481e+09  2.21e-04 3.31e-07  1.68e+00    24s
  47   4.35530592e+09  4.35583121e+09  6.06e-05 4.17e-07  6.12e-01    25s
  48   4.35551432e+09  4.35567593e+09  1.30e-05 2.99e-07  1.86e-01    25s
  49   4.35556013e+09  4.35559588e+09  3.27e-06 4.49e-07  4.13e-02    25s
  50   4.35557227e+09  4.35558126e+09  1.07e-06 4.20e-07  1.05e-02    25s
  51   4.35557680e+09  4.35557851e+09  2.49e-07 3.21e-07  2.02e-03    26s
  52   4.35557815e+09  4.35557827e+09  6.03e-08 3.23e-07  1.40e-04    26s
  53   4.35557823e+09  4.35557823e+09  3.21e-07 3.20e-07  2.90e-08    26s
  54   4.35557823e+09  4.35557823e+09  3.68e-09 2.79e-07  1.18e-10    26s

Barrier solved model in 54 iterations and 26.34 seconds (24.12 work units)
Optimal objective 4.35557823e+09


Root crossover log...

   11954 DPushes remaining with DInf 0.0000000e+00                26s
       0 DPushes remaining with DInf 0.0000000e+00                27s

    1174 PPushes remaining with PInf 0.0000000e+00                27s
       0 PPushes remaining with PInf 0.0000000e+00                27s

  Push phase complete: Pinf 0.0000000e+00, Dinf 4.7551111e-08     27s


Root simplex log...

Iteration    Objective       Primal Inf.    Dual Inf.      Time
   13120    4.3555782e+09   0.000000e+00   0.000000e+00     27s
Concurrent spin time: 0.01s

Solved with barrier
   13120    4.3555782e+09   0.000000e+00   0.000000e+00     27s

Root relaxation: objective 4.355578e+09, 13120 iterations, 16.42 seconds (11.76 work units)

    Nodes    |    Current Node    |     Objective Bounds      |     Work
 Expl Unexpl |  Obj  Depth IntInf | Incumbent    BestBd   Gap | It/Node Time

     0     0 4.3556e+09    0  127          - 4.3556e+09      -     -   28s
     0     0 4.3556e+09    0  119          - 4.3556e+09      -     -   38s
     0     0 4.3556e+09    0  116          - 4.3556e+09      -     -   45s
     0     0 4.3556e+09    0  106          - 4.3556e+09      -     -   49s
     0     0 4.3556e+09    0  105          - 4.3556e+09      -     -   53s
     0     0 4.3556e+09    0  107          - 4.3556e+09      -     -   56s
     0     0 4.3556e+09    0  110          - 4.3556e+09      -     -   59s
     0     0 4.3556e+09    0  116          - 4.3556e+09      -     -   63s
H    0     0                    4.339174e+09 4.3556e+09  0.38%     -   67s

Cutting planes:
  Cover: 4
  Implied bound: 3
  MIR: 14
  Flow cover: 16
  GUB cover: 2
  RLT: 10
  Relax-and-lift: 1

Explored 1 nodes (26552 simplex iterations) in 67.85 seconds (63.35 work units)
Thread count was 20 (of 40 available processors)

Solution count 1: 4.33917e+09 

Optimal solution found (tolerance 1.00e-02)
Best objective 4.339173654226e+09, best bound 4.355571338542e+09, gap 0.3779%
Gurobi Optimizer version 10.0.1 build v10.0.1rc0 (linux64)

CPU model: Intel(R) Xeon(R) Gold 5115 CPU @ 2.40GHz, instruction set [SSE2|AVX|AVX2|AVX512]
Thread count: 20 physical cores, 40 logical processors, using up to 20 threads

Optimize a model with 89320 rows, 727210 columns and 3401771 nonzeros
Model fingerprint: 0x5e6a7881
Variable types: 406229 continuous, 320981 integer (320981 binary)
Coefficient statistics:
  Matrix range     [1e+00, 2e+05]
  Objective range  [4e+01, 3e+07]
  Bounds range     [1e+00, 3e+05]
  RHS range        [1e+00, 3e+06]
Presolve removed 76106 rows and 482449 columns (presolve time = 5s) ...
Presolve removed 76080 rows and 482423 columns
Presolve time: 6.98s
Presolved: 13240 rows, 244787 columns, 1031379 nonzeros
Variable types: 178819 continuous, 65968 integer (65956 binary)
Deterministic concurrent LP optimizer: primal simplex, dual simplex, and barrier
Showing barrier log only...

Root barrier log...

Ordering time: 0.33s

Barrier statistics:
 AA' NZ     : 5.916e+05
 Factor NZ  : 3.598e+06 (roughly 130 MB of memory)
 Factor Ops : 4.012e+09 (less than 1 second per iteration)
 Threads    : 17

                  Objective                Residual
Iter       Primal          Dual         Primal    Dual     Compl     Time
   0  -5.23524772e+15  3.86979130e+13  2.62e+08 4.47e+06  7.99e+11     9s
   1  -1.24364775e+15  3.49629121e+13  6.25e+07 1.53e+06  1.94e+11    10s
   2  -1.38978597e+14  2.17728324e+13  6.98e+06 2.36e-08  2.18e+10    10s
   3  -6.54437645e+12  1.31551034e+13  3.29e+05 2.61e-08  1.05e+09    10s
   4  -6.13574095e+11  2.40368482e+12  3.09e+04 2.25e-08  1.02e+08    10s
   5  -3.10285410e+11  1.79226462e+12  1.57e+04 3.73e-08  5.23e+07    10s
   6  -9.23362012e+10  1.33105774e+12  4.71e+03 1.62e-07  1.70e+07    10s
   7  -2.95609910e+10  9.12696136e+11  1.56e+03 1.42e-07  6.23e+06    10s
   8  -8.55996703e+09  3.34014246e+11  5.12e+02 3.69e-07  1.88e+06    10s
   9  -5.96931988e+08  2.01004019e+11  1.14e+02 1.99e-07  6.56e+05    11s
  10   5.50330808e+08  1.16110186e+11  5.78e+01 1.38e-07  3.53e+05    11s
  11   1.40197308e+09  6.67197279e+10  1.78e+01 7.64e-08  1.70e+05    11s
  12   1.59014832e+09  4.33307947e+10  9.63e+00 8.29e-08  1.05e+05    11s
  13   1.67269310e+09  2.84244890e+10  6.18e+00 7.62e-08  6.82e+04    11s
  14   1.71252157e+09  2.33469197e+10  4.30e+00 8.75e-08  5.41e+04    11s
  15   1.71981424e+09  1.92362949e+10  4.03e+00 1.23e-07  4.61e+04    11s
  16   1.72873186e+09  1.82361759e+10  3.60e+00 1.86e-07  4.32e+04    11s
  17   1.75255953e+09  1.42436918e+10  2.38e+00 2.09e-07  3.27e+04    12s
  18   1.77010101e+09  9.44209524e+09  1.82e+00 2.64e-07  2.13e+04    12s
  19   1.79573224e+09  8.82678954e+09  1.20e+00 2.94e-07  1.80e+04    12s
  20   1.83930464e+09  6.02823603e+09  6.16e-01 3.68e-07  1.01e+04    12s
  21   1.86002351e+09  3.78780256e+09  4.39e-01 2.28e-07  4.65e+03    12s
  22   1.88493984e+09  3.24162832e+09  2.94e-01 1.94e-07  3.15e+03    12s
  23   1.89804349e+09  2.68555708e+09  2.41e-01 1.20e-07  1.80e+03    12s
  24   1.91461136e+09  2.44473991e+09  1.80e-01 7.73e-08  1.19e+03    12s
  25   1.93033193e+09  2.30077584e+09  1.30e-01 5.22e-08  8.13e+02    13s
  26   1.94749085e+09  2.16566584e+09  8.24e-02 4.38e-08  4.68e+02    13s
  27   1.96531409e+09  2.09254113e+09  4.18e-02 3.17e-08  2.67e+02    13s
  28   1.97288585e+09  2.06911266e+09  2.90e-02 3.26e-08  2.01e+02    13s
  29   1.97764755e+09  2.04405668e+09  2.22e-02 2.05e-08  1.38e+02    13s
  30   1.98054688e+09  2.03392368e+09  1.81e-02 1.96e-08  1.11e+02    13s
  31   1.98410261e+09  2.02806082e+09  1.35e-02 1.77e-08  9.10e+01    13s
  32   1.98769016e+09  2.02182455e+09  9.22e-03 1.49e-08  7.05e+01    13s
  33   1.99107747e+09  2.01548314e+09  5.97e-03 1.30e-08  5.03e+01    14s
  34   1.99450334e+09  2.01175878e+09  3.49e-03 1.40e-08  3.55e+01    14s
  35   1.99635802e+09  2.00869659e+09  2.42e-03 1.12e-08  2.54e+01    14s
  36   1.99723336e+09  2.00707339e+09  1.98e-03 1.40e-08  2.02e+01    14s
  37   1.99854346e+09  2.00596808e+09  1.40e-03 1.02e-08  1.53e+01    14s
  38   1.99912798e+09  2.00506430e+09  1.17e-03 1.02e-08  1.22e+01    14s
  39   2.00003522e+09  2.00456604e+09  8.34e-04 1.21e-08  9.31e+00    14s
  40   2.00063252e+09  2.00420299e+09  6.34e-04 1.21e-08  7.33e+00    15s
  41   2.00121549e+09  2.00385741e+09  4.52e-04 1.49e-08  5.43e+00    15s
  42   2.00166690e+09  2.00372309e+09  3.20e-04 1.58e-08  4.22e+00    15s
  43   2.00189672e+09  2.00353446e+09  2.55e-04 1.49e-08  3.36e+00    15s
  44   2.00217011e+09  2.00334495e+09  1.81e-04 1.30e-08  2.41e+00    15s
  45   2.00243849e+09  2.00318590e+09  1.10e-04 9.31e-09  1.53e+00    15s
  46   2.00253617e+09  2.00311651e+09  8.55e-05 1.02e-08  1.19e+00    15s
  47   2.00266802e+09  2.00307420e+09  5.30e-05 1.02e-08  8.34e-01    16s
  48   2.00277500e+09  2.00302845e+09  2.77e-05 1.12e-08  5.20e-01    16s
  49   2.00286531e+09  2.00294587e+09  5.88e-06 8.38e-09  1.65e-01    16s
  50   2.00289344e+09  2.00290232e+09  2.99e-07 1.02e-08  1.82e-02    16s
  51   2.00289511e+09  2.00289914e+09  3.92e-07 8.38e-09  8.25e-03    16s
  52   2.00289551e+09  2.00289623e+09  4.39e-07 7.57e-09  1.48e-03    16s
  53   2.00289566e+09  2.00289585e+09  1.85e-07 7.45e-09  3.90e-04    16s
  54   2.00289566e+09  2.00289567e+09  1.94e-08 9.31e-09  1.73e-05    17s
  55   2.00289567e+09  2.00289567e+09  6.11e-10 8.38e-09  2.86e-07    17s
  56   2.00289567e+09  2.00289567e+09  2.60e-05 7.92e-09  7.22e-08    17s
  57   2.00289567e+09  2.00289567e+09  5.76e-09 7.45e-09  4.80e-11    17s

Barrier solved model in 57 iterations and 17.04 seconds (17.33 work units)
Optimal objective 2.00289567e+09


Root crossover log...

    7205 DPushes remaining with DInf 0.0000000e+00                17s
       0 DPushes remaining with DInf 0.0000000e+00                17s

     547 PPushes remaining with PInf 0.0000000e+00                17s
       0 PPushes remaining with PInf 0.0000000e+00                17s

  Push phase complete: Pinf 0.0000000e+00, Dinf 1.1728144e+04     17s


Root simplex log...

Iteration    Objective       Primal Inf.    Dual Inf.      Time
    7745    2.0028957e+09   0.000000e+00   1.172814e+04     17s
    7763    2.0028957e+09   0.000000e+00   0.000000e+00     17s
Concurrent spin time: 0.01s

Solved with barrier
    7763    2.0028957e+09   0.000000e+00   0.000000e+00     18s

Root relaxation: objective 2.002896e+09, 7763 iterations, 9.51 seconds (6.53 work units)

    Nodes    |    Current Node    |     Objective Bounds      |     Work
 Expl Unexpl |  Obj  Depth IntInf | Incumbent    BestBd   Gap | It/Node Time

     0     0 2.0029e+09    0  205          - 2.0029e+09      -     -   18s
H    0     0                    1.634519e+09 2.0029e+09  22.5%     -   19s
H    0     0                    1.755771e+09 2.0029e+09  14.1%     -   21s
     0     0 2.0028e+09    0  204 1.7558e+09 2.0028e+09  14.1%     -   32s
H    0     0                    1.839517e+09 2.0028e+09  8.88%     -   38s
     0     0 2.0028e+09    0  206 1.8395e+09 2.0028e+09  8.88%     -   40s
     0     0 2.0028e+09    0  206 1.8395e+09 2.0028e+09  8.88%     -   40s
     0     0 2.0028e+09    0  220 1.8395e+09 2.0028e+09  8.87%     -   50s
H    0     0                    1.856017e+09 2.0028e+09  7.91%     -   55s
     0     0 2.0028e+09    0  218 1.8560e+09 2.0028e+09  7.91%     -   58s
     0     0 2.0028e+09    0  219 1.8560e+09 2.0028e+09  7.91%     -   58s
     0     0 2.0028e+09    0  204 1.8560e+09 2.0028e+09  7.91%     -   64s
     0     0 2.0028e+09    0  215 1.8560e+09 2.0028e+09  7.91%     -   69s
     0     0 2.0028e+09    0  215 1.8560e+09 2.0028e+09  7.91%     -   70s
     0     0 2.0028e+09    0  216 1.8560e+09 2.0028e+09  7.91%     -   72s
     0     0 2.0028e+09    0  212 1.8560e+09 2.0028e+09  7.91%     -   74s
     0     0 2.0028e+09    0  212 1.8560e+09 2.0028e+09  7.91%     -   77s
     0     0 2.0028e+09    0  217 1.8560e+09 2.0028e+09  7.91%     -   80s
     0     0 2.0027e+09    0  217 1.8560e+09 2.0027e+09  7.91%     -   84s
     0     0 2.0027e+09    0  230 1.8560e+09 2.0027e+09  7.91%     -   86s
     0     0 2.0027e+09    0  224 1.8560e+09 2.0027e+09  7.91%     -   89s
     0     0 2.0027e+09    0  222 1.8560e+09 2.0027e+09  7.91%     -   92s
H    0     0                    1.973031e+09 2.0027e+09  1.51%     -  105s
     0     2 2.0027e+09    0  215 1.9730e+09 2.0027e+09  1.51%     -  119s
     1     4 2.0027e+09    1  221 1.9730e+09 2.0027e+09  1.51%   889  133s
     3     8 2.0027e+09    2  225 1.9730e+09 2.0027e+09  1.51%  1307  145s
     7    16 2.0027e+09    3  212 1.9730e+09 2.0027e+09  1.51%  1362  159s
    15    32 2.0027e+09    4  217 1.9730e+09 2.0027e+09  1.51%  1476  183s
    31    52 2.0027e+09    5  211 1.9730e+09 2.0027e+09  1.51%  1765  202s
H   46    52                    1.973038e+09 2.0027e+09  1.51%  1571  203s
    51    72 2.0027e+09    6  201 1.9730e+09 2.0027e+09  1.51%  1604  219s
    71    92 2.0027e+09    7  191 1.9730e+09 2.0027e+09  1.51%  1467  236s
    91   112 2.0027e+09    7  199 1.9730e+09 2.0027e+09  1.51%  1353  323s
H   97   112                    1.973044e+09 2.0027e+09  1.51%  1385  324s
   111   133 2.0027e+09    8  182 1.9730e+09 2.0027e+09  1.51%  1319  337s
   132   153 2.0027e+09    8  197 1.9730e+09 2.0027e+09  1.51%  1226  354s
H  152   172                    1.978759e+09 2.0027e+09  1.21%  1171  658s
H  152   172                    1.982932e+09 2.0027e+09  1.00%  1171  659s
H  155   172                    1.983445e+09 2.0027e+09  0.97%  1173  659s
H  155   172                    1.991936e+09 2.0027e+09  0.54%  1173  660s
H  163   172                    1.994055e+09 2.0027e+09  0.44%  1140  660s

Cutting planes:
  Cover: 51
  Implied bound: 62
  Clique: 1
  MIR: 80
  Flow cover: 60
  GUB cover: 4
  Network: 44
  RLT: 15
  Relax-and-lift: 4

Explored 173 nodes (209115 simplex iterations) in 660.86 seconds (696.14 work units)
Thread count was 20 (of 40 available processors)

Solution count 10: 1.99405e+09 1.99194e+09 1.98344e+09 ... 1.83952e+09

Optimal solution found (tolerance 1.00e-02)
Best objective 1.994054566057e+09, best bound 2.002744264514e+09, gap 0.4358%
Gurobi Optimizer version 10.0.1 build v10.0.1rc0 (linux64)

CPU model: Intel(R) Xeon(R) Gold 5115 CPU @ 2.40GHz, instruction set [SSE2|AVX|AVX2|AVX512]
Thread count: 20 physical cores, 40 logical processors, using up to 20 threads

Optimize a model with 114205 rows, 980575 columns and 5128662 nonzeros
Model fingerprint: 0xfca8b6e6
Variable types: 405247 continuous, 575328 integer (575328 binary)
Coefficient statistics:
  Matrix range     [1e+00, 2e+05]
  Objective range  [4e+01, 3e+07]
  Bounds range     [1e+00, 3e+05]
  RHS range        [1e+00, 5e+06]
Presolve removed 99215 rows and 672504 columns (presolve time = 5s) ...
Presolve removed 102110 rows and 763321 columns (presolve time = 10s) ...
Presolve removed 102111 rows and 764093 columns
Presolve time: 13.77s
Presolved: 12094 rows, 216482 columns, 894431 nonzeros
Variable types: 174333 continuous, 42149 integer (42138 binary)
Deterministic concurrent LP optimizer: primal simplex, dual simplex, and barrier
Showing barrier log only...

Root barrier log...

Ordering time: 0.27s

Barrier statistics:
 AA' NZ     : 4.906e+05
 Factor NZ  : 2.908e+06 (roughly 100 MB of memory)
 Factor Ops : 3.050e+09 (less than 1 second per iteration)
 Threads    : 17

                  Objective                Residual
Iter       Primal          Dual         Primal    Dual     Compl     Time
   0  -5.62737668e+15  1.24157129e+13  2.72e+08 2.90e+06  4.71e+11    16s
   1  -1.49884445e+15  1.42572435e+13  7.25e+07 2.22e+06  1.27e+11    16s
   2  -2.44281564e+14  1.13049124e+13  1.18e+07 7.39e+04  2.10e+10    16s
   3  -1.23652203e+13  7.32230027e+12  5.99e+05 7.58e+02  1.08e+09    17s
   4  -2.60427758e+12  1.40834743e+12  1.26e+05 1.30e-08  2.31e+08    17s
   5  -5.15514802e+11  9.96075487e+11  2.51e+04 1.52e+01  4.73e+07    17s
   6  -9.64866623e+10  8.76244155e+11  4.77e+03 4.02e+00  1.06e+07    17s
   7  -3.55903414e+10  5.72419159e+11  1.82e+03 9.47e-01  4.44e+06    17s
   8  -8.58629147e+09  2.13099333e+11  5.19e+02 1.04e-08  1.26e+06    17s
   9  -4.95243841e+09  1.07685026e+11  3.44e+02 9.31e-09  6.97e+05    17s
  10  -1.60464655e+08  4.23188212e+10  1.13e+02 1.12e-08  2.32e+05    17s
  11   9.88150066e+08  3.11963382e+10  5.87e+01 1.86e-08  1.39e+05    17s
  12   1.85248863e+09  2.12055373e+10  1.94e+01 1.89e-08  6.90e+04    17s
  13   2.07841273e+09  1.36802866e+10  9.66e+00 4.15e-08  3.96e+04    18s
  14   2.16445984e+09  9.88847734e+09  6.11e+00 3.54e-08  2.64e+04    18s
  15   2.18371356e+09  8.98353865e+09  5.34e+00 4.94e-08  2.35e+04    18s
  16   2.19882505e+09  8.81234511e+09  4.75e+00 5.68e-08  2.23e+04    18s
  17   2.23663908e+09  7.66156490e+09  3.52e+00 6.24e-08  1.80e+04    18s
  18   2.25557522e+09  6.43152934e+09  2.91e+00 1.22e-07  1.46e+04    18s
  19   2.27742039e+09  5.24047445e+09  2.03e+00 1.30e-07  1.04e+04    18s
  20   2.30063572e+09  4.75276909e+09  1.71e+00 1.40e-07  8.58e+03    18s
  21   2.31445309e+09  4.27709309e+09  1.46e+00 1.27e-07  6.93e+03    18s
  22   2.33961392e+09  3.59593753e+09  1.02e+00 9.97e-08  4.36e+03    18s
  23   2.36164390e+09  3.28177664e+09  6.60e-01 9.97e-08  2.96e+03    19s
  24   2.36459338e+09  3.22314928e+09  6.13e-01 1.18e-07  2.74e+03    19s
  25   2.38680396e+09  2.93997632e+09  2.89e-01 1.15e-07  1.58e+03    19s
  26   2.40257653e+09  2.70196717e+09  9.33e-02 7.45e-08  7.84e+02    19s
  27   2.40565411e+09  2.59290823e+09  7.14e-02 5.49e-08  4.84e+02    19s
  28   2.40831453e+09  2.54316939e+09  5.84e-02 4.38e-08  3.46e+02    19s
  29   2.41101335e+09  2.52264960e+09  4.79e-02 4.38e-08  2.85e+02    19s
  30   2.41207006e+09  2.51160185e+09  4.26e-02 3.45e-08  2.53e+02    19s
  31   2.41685719e+09  2.49959895e+09  2.64e-02 3.26e-08  2.08e+02    19s
  32   2.42005426e+09  2.48644599e+09  1.77e-02 2.33e-08  1.66e+02    19s
  33   2.42234729e+09  2.47452083e+09  1.29e-02 2.14e-08  1.30e+02    20s
  34   2.42425789e+09  2.46465811e+09  9.98e-03 1.96e-08  1.00e+02    20s
  35   2.42639296e+09  2.44666963e+09  7.12e-03 1.12e-08  5.03e+01    20s
  36   2.42989009e+09  2.44415087e+09  4.21e-03 1.12e-08  3.53e+01    20s
  37   2.43170100e+09  2.44220044e+09  3.09e-03 8.38e-09  2.60e+01    20s
  38   2.43393289e+09  2.44084429e+09  1.74e-03 9.14e-09  1.71e+01    20s
  39   2.43480345e+09  2.43998341e+09  1.33e-03 9.26e-09  1.28e+01    20s
  40   2.43582042e+09  2.43948174e+09  8.97e-04 7.25e-09  9.05e+00    20s
  41   2.43625968e+09  2.43904408e+09  7.14e-04 7.79e-09  6.88e+00    21s
  42   2.43680924e+09  2.43882984e+09  4.87e-04 7.45e-09  4.99e+00    21s
  43   2.43709847e+09  2.43863266e+09  3.77e-04 8.85e-09  3.79e+00    21s
  44   2.43739968e+09  2.43845145e+09  2.69e-04 6.75e-09  2.60e+00    21s
  45   2.43775194e+09  2.43836989e+09  1.44e-04 5.47e-09  1.53e+00    21s
  46   2.43803277e+09  2.43822535e+09  4.74e-05 9.98e-09  4.76e-01    21s
  47   2.43815332e+09  2.43819174e+09  8.66e-06 6.93e-09  9.49e-02    21s
  48   2.43817697e+09  2.43818432e+09  1.32e-06 7.45e-09  1.81e-02    21s
  49   2.43817892e+09  2.43818257e+09  8.54e-07 6.05e-09  9.01e-03    22s
  50   2.43817996e+09  2.43818180e+09  5.16e-07 7.10e-09  4.54e-03    22s
  51   2.43818076e+09  2.43818166e+09  2.57e-07 5.62e-09  2.21e-03    22s
  52   2.43818154e+09  2.43818162e+09  1.42e-08 6.32e-09  1.95e-04    22s
  53   2.43818161e+09  2.43818161e+09  1.22e-08 9.34e-09  5.50e-08    22s
  54   2.43818161e+09  2.43818161e+09  2.84e-09 7.92e-09  4.98e-11    22s

Barrier solved model in 54 iterations and 22.12 seconds (28.37 work units)
Optimal objective 2.43818161e+09


Root crossover log...

    6050 DPushes remaining with DInf 0.0000000e+00                22s
       0 DPushes remaining with DInf 0.0000000e+00                22s

     424 PPushes remaining with PInf 0.0000000e+00                22s
       0 PPushes remaining with PInf 0.0000000e+00                22s

  Push phase complete: Pinf 0.0000000e+00, Dinf 1.3755007e+00     22s


Root simplex log...

Iteration    Objective       Primal Inf.    Dual Inf.      Time
    6287    2.4381816e+09   0.000000e+00   1.375501e+00     22s
    6290    2.4381816e+09   0.000000e+00   0.000000e+00     22s
Concurrent spin time: 0.03s

Solved with barrier
    6290    2.4381816e+09   0.000000e+00   0.000000e+00     22s

Root relaxation: objective 2.438182e+09, 6290 iterations, 7.47 seconds (5.20 work units)

    Nodes    |    Current Node    |     Objective Bounds      |     Work
 Expl Unexpl |  Obj  Depth IntInf | Incumbent    BestBd   Gap | It/Node Time

     0     0 2.4382e+09    0  110          - 2.4382e+09      -     -   23s
H    0     0                    2.275753e+09 2.4382e+09  7.14%     -   25s
     0     0 2.4380e+09    0  128 2.2758e+09 2.4380e+09  7.13%     -   32s
     0     0 2.4380e+09    0  125 2.2758e+09 2.4380e+09  7.13%     -   36s
     0     0 2.4380e+09    0  125 2.2758e+09 2.4380e+09  7.13%     -   36s
     0     0 2.4380e+09    0  137 2.2758e+09 2.4380e+09  7.13%     -   39s
     0     0 2.4380e+09    0  125 2.2758e+09 2.4380e+09  7.13%     -   44s
     0     0 2.4380e+09    0  125 2.2758e+09 2.4380e+09  7.13%     -   44s
     0     0 2.4379e+09    0  125 2.2758e+09 2.4379e+09  7.13%     -   48s
H    0     0                    2.285075e+09 2.4379e+09  6.69%     -   53s
     0     0 2.4379e+09    0  122 2.2851e+09 2.4379e+09  6.69%     -   55s
     0     0 2.4379e+09    0  125 2.2851e+09 2.4379e+09  6.69%     -   56s
     0     0 2.4379e+09    0  140 2.2851e+09 2.4379e+09  6.69%     -   58s
     0     0 2.4379e+09    0  127 2.2851e+09 2.4379e+09  6.69%     -   60s
     0     0 2.4379e+09    0  128 2.2851e+09 2.4379e+09  6.69%     -   61s
     0     0 2.4377e+09    0  130 2.2851e+09 2.4377e+09  6.68%     -   63s
H    0     0                    2.313750e+09 2.4377e+09  5.36%     -   65s
     0     0 2.4377e+09    0  138 2.3138e+09 2.4377e+09  5.36%     -   65s
     0     0 2.4377e+09    0  138 2.3138e+09 2.4377e+09  5.36%     -   66s
     0     0 2.4376e+09    0  124 2.3138e+09 2.4376e+09  5.35%     -   67s
     0     0 2.4376e+09    0  124 2.3138e+09 2.4376e+09  5.35%     -   68s
     0     0 2.4376e+09    0  124 2.3138e+09 2.4376e+09  5.35%     -   69s
     0     0 2.4376e+09    0  113 2.3138e+09 2.4376e+09  5.35%     -   72s
H    0     0                    2.332461e+09 2.4376e+09  4.51%     -   75s
     0     0 2.4376e+09    0  116 2.3325e+09 2.4376e+09  4.51%     -   76s
     0     0 2.4376e+09    0  116 2.3325e+09 2.4376e+09  4.51%     -   76s
     0     0 2.4369e+09    0  127 2.3325e+09 2.4369e+09  4.48%     -   78s
     0     0 2.4369e+09    0  130 2.3325e+09 2.4369e+09  4.48%     -   79s
     0     0 2.4369e+09    0  132 2.3325e+09 2.4369e+09  4.48%     -   79s
     0     0 2.4367e+09    0  136 2.3325e+09 2.4367e+09  4.47%     -   81s
H    0     0                    2.332511e+09 2.4367e+09  4.47%     -   83s
     0     0 2.4364e+09    0  111 2.3325e+09 2.4364e+09  4.46%     -   85s
     0     0 2.4364e+09    0  114 2.3325e+09 2.4364e+09  4.46%     -   87s
     0     0 2.4364e+09    0  113 2.3325e+09 2.4364e+09  4.46%     -   87s
     0     0 2.4364e+09    0  111 2.3325e+09 2.4364e+09  4.46%     -   87s
     0     0 2.4364e+09    0  119 2.3325e+09 2.4364e+09  4.46%     -   89s
     0     0 2.4364e+09    0  121 2.3325e+09 2.4364e+09  4.46%     -   92s
     0     0 2.4364e+09    0  122 2.3325e+09 2.4364e+09  4.46%     -   92s
     0     0 2.4364e+09    0  126 2.3325e+09 2.4364e+09  4.46%     -   94s
H    0     0                    2.350093e+09 2.4364e+09  3.67%     -   98s
     0     0 2.4364e+09    0  124 2.3501e+09 2.4364e+09  3.67%     -   98s
     0     0 2.4364e+09    0  132 2.3501e+09 2.4364e+09  3.67%     -  100s
     0     0 2.4364e+09    0  128 2.3501e+09 2.4364e+09  3.67%     -  101s
     0     0 2.4364e+09    0  129 2.3501e+09 2.4364e+09  3.67%     -  103s
H    0     0                    2.350723e+09 2.4364e+09  3.64%     -  106s
     0     0 2.4364e+09    0  148 2.3507e+09 2.4364e+09  3.64%     -  107s
     0     0 2.4364e+09    0  149 2.3507e+09 2.4364e+09  3.64%     -  107s
     0     0 2.4363e+09    0  138 2.3507e+09 2.4363e+09  3.64%     -  108s
     0     0 2.4363e+09    0  139 2.3507e+09 2.4363e+09  3.64%     -  109s
     0     0 2.4363e+09    0  144 2.3507e+09 2.4363e+09  3.64%     -  110s
     0     0 2.4363e+09    0  143 2.3507e+09 2.4363e+09  3.64%     -  111s
H    0     0                    2.354835e+09 2.4363e+09  3.46%     -  113s
     0     0 2.4363e+09    0  138 2.3548e+09 2.4363e+09  3.46%     -  114s
     0     0 2.4363e+09    0  138 2.3548e+09 2.4363e+09  3.46%     -  114s
     0     0 2.4355e+09    0  140 2.3548e+09 2.4355e+09  3.42%     -  116s
     0     0 2.4355e+09    0  144 2.3548e+09 2.4355e+09  3.42%     -  118s
     0     0 2.4355e+09    0  149 2.3548e+09 2.4355e+09  3.42%     -  119s
     0     0 2.4349e+09    0  146 2.3548e+09 2.4349e+09  3.40%     -  121s
     0     0 2.4348e+09    0  150 2.3548e+09 2.4348e+09  3.40%     -  124s
     0     0 2.4348e+09    0  149 2.3548e+09 2.4348e+09  3.40%     -  124s
     0     0 2.4348e+09    0  149 2.3548e+09 2.4348e+09  3.40%     -  124s
     0     0 2.4344e+09    0  147 2.3548e+09 2.4344e+09  3.38%     -  127s
     0     0 2.4344e+09    0  148 2.3548e+09 2.4344e+09  3.38%     -  128s
     0     0 2.4344e+09    0  151 2.3548e+09 2.4344e+09  3.38%     -  129s
     0     0 2.4336e+09    0  150 2.3548e+09 2.4336e+09  3.34%     -  131s
H    0     0                    2.360970e+09 2.4336e+09  3.08%     -  134s
     0     0 2.4332e+09    0  127 2.3610e+09 2.4332e+09  3.06%     -  136s
     0     0 2.4332e+09    0  130 2.3610e+09 2.4332e+09  3.06%     -  138s
     0     0 2.4332e+09    0  130 2.3610e+09 2.4332e+09  3.06%     -  138s
     0     0 2.4332e+09    0  130 2.3610e+09 2.4332e+09  3.06%     -  138s
     0     0 2.4332e+09    0  130 2.3610e+09 2.4332e+09  3.06%     -  139s
     0     0 2.4332e+09    0  135 2.3610e+09 2.4332e+09  3.06%     -  139s
H    0     0                    2.381666e+09 2.4332e+09  2.16%     -  143s
     0     0 2.4332e+09    0  138 2.3817e+09 2.4332e+09  2.16%     -  143s
     0     0 2.4332e+09    0  157 2.3817e+09 2.4332e+09  2.16%     -  144s
     0     0 2.4331e+09    0  137 2.3817e+09 2.4331e+09  2.16%     -  148s
     0     0 2.4330e+09    0  114 2.3817e+09 2.4330e+09  2.16%     -  150s
     0     0 2.4330e+09    0  116 2.3817e+09 2.4330e+09  2.16%     -  151s
     0     0 2.4330e+09    0  124 2.3817e+09 2.4330e+09  2.16%     -  153s
     0     0 2.4330e+09    0  125 2.3817e+09 2.4330e+09  2.16%     -  155s
     0     0 2.4330e+09    0  130 2.3817e+09 2.4330e+09  2.16%     -  155s
H    0     0                    2.389328e+09 2.4330e+09  1.83%     -  158s
     0     0 2.4330e+09    0  130 2.3893e+09 2.4330e+09  1.83%     -  158s
     0     0 2.4330e+09    0  130 2.3893e+09 2.4330e+09  1.83%     -  160s
     0     0 2.4330e+09    0  123 2.3893e+09 2.4330e+09  1.83%     -  162s
     0     2 2.4330e+09    0  123 2.3893e+09 2.4330e+09  1.83%     -  167s
     1     4 2.4330e+09    1  121 2.3893e+09 2.4330e+09  1.83%   710  171s
     3     8 2.4330e+09    2  115 2.3893e+09 2.4330e+09  1.83%   929  177s
     7    16 2.4330e+09    3  125 2.3893e+09 2.4330e+09  1.83%  1095  183s
    15    32 2.4330e+09    4  118 2.3893e+09 2.4330e+09  1.83%  1099  194s
    31    52 2.4330e+09    5  123 2.3893e+09 2.4330e+09  1.83%  1138  206s
H   40    52                    2.391975e+09 2.4330e+09  1.71%  1005  206s
    51    72 2.4330e+09    6  123 2.3920e+09 2.4330e+09  1.71%   957  214s
    71    92 2.4330e+09    7  120 2.3920e+09 2.4330e+09  1.71%   863  226s
    91   112 2.4329e+09    8  124 2.3920e+09 2.4330e+09  1.71%   822  408s
H   93   112                    2.393179e+09 2.4330e+09  1.66%   808  408s
H   94   112                    2.395065e+09 2.4330e+09  1.58%   804  408s
H   97   112                    2.400240e+09 2.4330e+09  1.36%   803  409s
H   98   112                    2.420679e+09 2.4330e+09  0.51%   803  409s
H  100   112                    2.423895e+09 2.4330e+09  0.37%   792  409s
H  104   112                    2.424680e+09 2.4330e+09  0.34%   789  409s

Cutting planes:
  Cover: 63
  Implied bound: 54
  Clique: 5
  MIR: 104
  StrongCG: 1
  Flow cover: 119
  GUB cover: 4
  RLT: 9
  Relax-and-lift: 98

Explored 111 nodes (111964 simplex iterations) in 410.05 seconds (427.94 work units)
Thread count was 20 (of 40 available processors)

Solution count 10: 2.42468e+09 2.4239e+09 2.42068e+09 ... 2.36097e+09

Optimal solution found (tolerance 1.00e-02)
Best objective 2.424679637342e+09, best bound 2.432981052484e+09, gap 0.3424%
Gurobi Optimizer version 10.0.1 build v10.0.1rc0 (linux64)

CPU model: Intel(R) Xeon(R) Gold 5115 CPU @ 2.40GHz, instruction set [SSE2|AVX|AVX2|AVX512]
Thread count: 20 physical cores, 40 logical processors, using up to 20 threads

Optimize a model with 139086 rows, 1248548 columns and 7210334 nonzeros
Model fingerprint: 0xeffea4ce
Variable types: 424094 continuous, 824454 integer (824454 binary)
Coefficient statistics:
  Matrix range     [1e+00, 2e+05]
  Objective range  [4e+01, 3e+07]
  Bounds range     [2e-10, 3e+05]
  RHS range        [1e+00, 6e+06]
Presolve removed 123532 rows and 918404 columns (presolve time = 5s) ...
Presolve removed 126468 rows and 1009675 columns (presolve time = 10s) ...
Presolve removed 126897 rows and 1023027 columns
Presolve time: 13.26s
Presolved: 12189 rows, 225521 columns, 944581 nonzeros
Variable types: 165921 continuous, 59600 integer (59589 binary)
Deterministic concurrent LP optimizer: primal simplex, dual simplex, and barrier
Showing barrier log only...

Root barrier log...

Ordering time: 0.31s

Barrier statistics:
 AA' NZ     : 5.381e+05
 Factor NZ  : 3.093e+06 (roughly 120 MB of memory)
 Factor Ops : 3.235e+09 (less than 1 second per iteration)
 Threads    : 17

                  Objective                Residual
Iter       Primal          Dual         Primal    Dual     Compl     Time
   0  -6.81436648e+15  2.21956063e+13  2.85e+08 5.06e+06  7.75e+11    16s
   1  -1.89968765e+15  2.49138501e+13  7.96e+07 3.34e+06  2.19e+11    16s
   2  -4.62596530e+14  1.95060295e+13  1.94e+07 2.85e+05  5.40e+10    16s
   3  -9.56788404e+12  1.37339426e+13  4.01e+05 1.56e+03  1.15e+09    17s
   4  -2.64079466e+12  3.42109807e+12  1.11e+05 6.10e+01  3.18e+08    17s
   5  -8.11153901e+11  1.71641647e+12  3.41e+04 4.85e+00  9.88e+07    17s
   6  -3.25127853e+11  1.32645444e+12  1.37e+04 1.49e-08  4.08e+07    17s
   7  -1.60302295e+11  1.08627008e+12  6.82e+03 1.30e-08  2.09e+07    17s
   8  -3.27462732e+10  6.68983745e+11  1.48e+03 1.49e-08  5.23e+06    17s
   9  -3.95206646e+09  2.73127312e+11  2.77e+02 1.77e-08  1.18e+06    17s
  10  -2.15285347e+09  8.76659512e+10  2.02e+02 1.82e-08  5.39e+05    17s
  11   8.15560088e+08  5.63539858e+10  8.05e+01 1.86e-08  2.54e+05    17s
  12   1.75666249e+09  3.06901342e+10  4.31e+01 2.42e-08  1.33e+05    17s
  13   2.48770406e+09  1.41399977e+10  1.42e+01 2.89e-08  4.86e+04    18s
  14   2.60704796e+09  9.50127330e+09  9.56e+00 3.86e-08  3.10e+04    18s
  15   2.66396496e+09  7.78045201e+09  7.32e+00 3.91e-08  2.37e+04    18s
  16   2.70691794e+09  7.32693884e+09  5.61e+00 8.10e-08  2.00e+04    18s
  17   2.73267112e+09  6.67196555e+09  4.47e+00 5.63e-08  1.67e+04    18s
  18   2.77100781e+09  6.00808897e+09  3.09e+00 7.08e-08  1.28e+04    18s
  19   2.79675350e+09  5.41697610e+09  2.61e+00 6.98e-08  1.04e+04    18s
  20   2.84422107e+09  4.66558545e+09  1.62e+00 6.33e-08  6.78e+03    18s
  21   2.87512671e+09  4.04513238e+09  1.07e+00 6.33e-08  4.15e+03    19s
  22   2.90973503e+09  3.84525650e+09  5.67e-01 8.48e-08  2.83e+03    19s
  23   2.94794533e+09  3.50311755e+09  2.17e-01 5.96e-08  1.44e+03    19s
  24   2.97182275e+09  3.32674498e+09  1.15e-01 5.40e-08  8.72e+02    19s
  25   2.99028165e+09  3.25725917e+09  8.55e-02 5.12e-08  6.45e+02    19s
  26   3.00217396e+09  3.21351092e+09  6.88e-02 5.77e-08  5.06e+02    19s
  27   3.01264244e+09  3.15062168e+09  5.41e-02 3.35e-08  3.29e+02    19s
  28   3.02810258e+09  3.12658351e+09  3.65e-02 3.26e-08  2.32e+02    19s
  29   3.03303737e+09  3.11603140e+09  3.21e-02 3.35e-08  1.96e+02    19s
  30   3.04832016e+09  3.09805849e+09  1.95e-02 2.70e-08  1.17e+02    20s
  31   3.05571678e+09  3.09051882e+09  1.41e-02 2.05e-08  8.17e+01    20s
  32   3.06209186e+09  3.08273815e+09  8.93e-03 1.86e-08  4.86e+01    20s
  33   3.06754796e+09  3.08081903e+09  4.90e-03 2.24e-08  3.10e+01    20s
  34   3.06945522e+09  3.07931301e+09  3.69e-03 2.24e-08  2.30e+01    20s
  35   3.07022480e+09  3.07868250e+09  3.18e-03 2.89e-08  1.98e+01    20s
  36   3.07118618e+09  3.07825609e+09  2.61e-03 2.89e-08  1.65e+01    20s
  37   3.07227830e+09  3.07794012e+09  2.01e-03 2.14e-08  1.32e+01    20s
  38   3.07324938e+09  3.07736143e+09  1.50e-03 2.42e-08  9.60e+00    21s
  39   3.07436459e+09  3.07701509e+09  9.07e-04 2.51e-08  6.17e+00    21s
  40   3.07501146e+09  3.07676782e+09  5.85e-04 2.05e-08  4.09e+00    21s
  41   3.07551102e+09  3.07653259e+09  3.47e-04 2.24e-08  2.38e+00    21s
  42   3.07586412e+09  3.07643301e+09  1.91e-04 1.96e-08  1.32e+00    21s
  43   3.07607897e+09  3.07634682e+09  9.63e-05 1.25e-08  6.25e-01    21s
  44   3.07616106e+09  3.07633800e+09  6.10e-05 2.05e-08  4.12e-01    21s
  45   3.07622034e+09  3.07632657e+09  3.55e-05 2.33e-08  2.47e-01    21s
  46   3.07628268e+09  3.07631917e+09  1.04e-05 1.40e-08  8.44e-02    21s
  47   3.07628751e+09  3.07631757e+09  8.47e-06 1.02e-08  6.95e-02    22s
  48   3.07629570e+09  3.07631125e+09  5.21e-06 1.43e-08  3.62e-02    22s
  49   3.07630550e+09  3.07631006e+09  2.11e-05 1.86e-08  1.06e-02    22s
  50   3.07630854e+09  3.07630950e+09  1.45e-05 1.68e-08  2.23e-03    22s
  51   3.07630877e+09  3.07630923e+09  1.00e-05 1.49e-08  1.09e-03    22s
  52   3.07630921e+09  3.07630922e+09  3.16e-07 1.30e-08  2.66e-05    22s
  53   3.07630922e+09  3.07630922e+09  2.94e-08 1.30e-08  2.58e-09    22s

Barrier solved model in 53 iterations and 22.14 seconds (30.08 work units)
Optimal objective 3.07630922e+09


Root crossover log...

    6491 DPushes remaining with DInf 0.0000000e+00                22s
       0 DPushes remaining with DInf 0.0000000e+00                22s

     511 PPushes remaining with PInf 0.0000000e+00                22s
       0 PPushes remaining with PInf 0.0000000e+00                22s

  Push phase complete: Pinf 0.0000000e+00, Dinf 1.0355706e-08     22s


Root simplex log...

Iteration    Objective       Primal Inf.    Dual Inf.      Time
    7001    3.0763092e+09   0.000000e+00   0.000000e+00     22s
Concurrent spin time: 0.00s

Solved with barrier
    7001    3.0763092e+09   0.000000e+00   0.000000e+00     22s

Root relaxation: objective 3.076309e+09, 7001 iterations, 7.54 seconds (5.03 work units)

    Nodes    |    Current Node    |     Objective Bounds      |     Work
 Expl Unexpl |  Obj  Depth IntInf | Incumbent    BestBd   Gap | It/Node Time

     0     0 3.0763e+09    0  118          - 3.0763e+09      -     -   23s
H    0     0                    2.953480e+09 3.0763e+09  4.16%     -   25s
     0     0 3.0760e+09    0  115 2.9535e+09 3.0760e+09  4.15%     -   31s
H    0     0                    2.974559e+09 3.0760e+09  3.41%     -   35s
     0     0 3.0760e+09    0  116 2.9746e+09 3.0760e+09  3.41%     -   35s
     0     0 3.0760e+09    0  118 2.9746e+09 3.0760e+09  3.41%     -   37s
     0     0 3.0759e+09    0  125 2.9746e+09 3.0759e+09  3.41%     -   38s
     0     0 3.0759e+09    0  130 2.9746e+09 3.0759e+09  3.41%     -   39s
     0     0 3.0759e+09    0  131 2.9746e+09 3.0759e+09  3.41%     -   40s
     0     0 3.0759e+09    0  130 2.9746e+09 3.0759e+09  3.41%     -   42s
     0     0 3.0759e+09    0  127 2.9746e+09 3.0759e+09  3.41%     -   46s
     0     0 3.0759e+09    0  130 2.9746e+09 3.0759e+09  3.41%     -   46s
     0     0 3.0759e+09    0  135 2.9746e+09 3.0759e+09  3.41%     -   48s
H    0     0                    2.991073e+09 3.0759e+09  2.83%     -   52s
     0     0 3.0758e+09    0  131 2.9911e+09 3.0758e+09  2.83%     -   52s
     0     0 3.0758e+09    0  133 2.9911e+09 3.0758e+09  2.83%     -   52s
     0     0 3.0758e+09    0  137 2.9911e+09 3.0758e+09  2.83%     -   53s
     0     0 3.0758e+09    0  138 2.9911e+09 3.0758e+09  2.83%     -   55s
     0     0 3.0758e+09    0  137 2.9911e+09 3.0758e+09  2.83%     -   57s
     0     0 3.0758e+09    0  141 2.9911e+09 3.0758e+09  2.83%     -   60s
     0     0 3.0758e+09    0  141 2.9911e+09 3.0758e+09  2.83%     -   60s
     0     0 3.0758e+09    0  134 2.9911e+09 3.0758e+09  2.83%     -   61s
     0     0 3.0758e+09    0  133 2.9911e+09 3.0758e+09  2.83%     -   63s
     0     0 3.0758e+09    0  135 2.9911e+09 3.0758e+09  2.83%     -   63s
     0     0 3.0758e+09    0  137 2.9911e+09 3.0758e+09  2.83%     -   65s
     0     0 3.0758e+09    0  143 2.9911e+09 3.0758e+09  2.83%     -   67s
     0     0 3.0758e+09    0  136 2.9911e+09 3.0758e+09  2.83%     -   68s
     0     0 3.0758e+09    0  142 2.9911e+09 3.0758e+09  2.83%     -   69s
     0     0 3.0757e+09    0  137 2.9911e+09 3.0757e+09  2.83%     -   70s
     0     0 3.0757e+09    0  137 2.9911e+09 3.0757e+09  2.83%     -   71s
     0     0 3.0757e+09    0  138 2.9911e+09 3.0757e+09  2.83%     -   72s
     0     0 3.0757e+09    0  138 2.9911e+09 3.0757e+09  2.83%     -   73s
     0     0 3.0757e+09    0  117 2.9911e+09 3.0757e+09  2.83%     -   74s
     0     0 3.0757e+09    0  122 2.9911e+09 3.0757e+09  2.83%     -   76s
     0     0 3.0757e+09    0  131 2.9911e+09 3.0757e+09  2.83%     -   77s
     0     0 3.0757e+09    0  128 2.9911e+09 3.0757e+09  2.83%     -   79s
     0     2 3.0757e+09    0  124 2.9911e+09 3.0757e+09  2.83%     -   87s
     1     4 3.0757e+09    1  122 2.9911e+09 3.0757e+09  2.83%   587   90s
     3     8 3.0757e+09    2  128 2.9911e+09 3.0757e+09  2.83%   462   96s
     7    16 3.0757e+09    3  130 2.9911e+09 3.0757e+09  2.83%   576  103s
    15    32 3.0757e+09    4  128 2.9911e+09 3.0757e+09  2.83%   637  111s
H   31    52                    2.992392e+09 3.0757e+09  2.78%   612  123s
H   35    52                    3.017731e+09 3.0757e+09  1.92%   573  123s
    51    72 3.0757e+09    6  129 3.0177e+09 3.0757e+09  1.92%   575  134s
    71    92 3.0757e+09    6  111 3.0177e+09 3.0757e+09  1.92%   571  142s
    91   112 3.0757e+09    7  125 3.0177e+09 3.0757e+09  1.92%   545  247s
H   93   112                    3.019369e+09 3.0757e+09  1.87%   537  248s
H   96   112                    3.020832e+09 3.0757e+09  1.82%   532  248s
H  103   112                    3.025475e+09 3.0757e+09  1.66%   522  249s
H  103   112                    3.035375e+09 3.0757e+09  1.33%   522  249s
H  108   112                    3.036902e+09 3.0757e+09  1.28%   508  249s
   111   134 3.0757e+09    8  127 3.0369e+09 3.0757e+09  1.28%   502  259s
   133   206 3.0757e+09    9  133 3.0369e+09 3.0757e+09  1.28%   506  277s
   205   427 3.0757e+09   12  131 3.0369e+09 3.0757e+09  1.28%   463  313s
   446   908 3.0757e+09   22  124 3.0369e+09 3.0757e+09  1.28%   347  366s
H  836   908                    3.036919e+09 3.0757e+09  1.28%   271  366s
   986   967 3.0756e+09   46  120 3.0369e+09 3.0757e+09  1.28%   261  563s
H  991   967                    3.050543e+09 3.0757e+09  0.83%   260  564s
H 1006   967                    3.052319e+09 3.0757e+09  0.77%   260  564s

Cutting planes:
  Cover: 69
  Implied bound: 70
  Clique: 1
  MIR: 56
  Flow cover: 75
  GUB cover: 1
  Network: 1
  RLT: 2
  Relax-and-lift: 53

Explored 1046 nodes (281049 simplex iterations) in 564.97 seconds (715.69 work units)
Thread count was 20 (of 40 available processors)

Solution count 10: 3.05232e+09 3.05054e+09 3.03692e+09 ... 2.99239e+09

Optimal solution found (tolerance 1.00e-02)
Best objective 3.052318556928e+09, best bound 3.075712276979e+09, gap 0.7664%
Gurobi Optimizer version 10.0.1 build v10.0.1rc0 (linux64)

CPU model: Intel(R) Xeon(R) Gold 5115 CPU @ 2.40GHz, instruction set [SSE2|AVX|AVX2|AVX512]
Thread count: 20 physical cores, 40 logical processors, using up to 20 threads

Optimize a model with 181439 rows, 2091809 columns and 10089208 nonzeros
Model fingerprint: 0x71379007
Variable types: 531338 continuous, 1560471 integer (1560471 binary)
Coefficient statistics:
  Matrix range     [1e+00, 2e+05]
  Objective range  [4e+01, 3e+07]
  Bounds range     [1e-12, 3e+05]
  RHS range        [1e+00, 7e+06]
Presolve removed 161571 rows and 1610102 columns (presolve time = 5s) ...
Presolve removed 161789 rows and 1619002 columns (presolve time = 10s) ...
Presolve removed 166966 rows and 1789330 columns (presolve time = 15s) ...
Presolve removed 166963 rows and 1789390 columns
Presolve time: 18.81s
Presolved: 14476 rows, 302419 columns, 1265878 nonzeros
Variable types: 245759 continuous, 56660 integer (56649 binary)
Deterministic concurrent LP optimizer: primal simplex, dual simplex, and barrier
Showing barrier log only...

Root barrier log...

Ordering time: 0.50s

Barrier statistics:
 AA' NZ     : 7.333e+05
 Factor NZ  : 4.342e+06 (roughly 160 MB of memory)
 Factor Ops : 5.143e+09 (less than 1 second per iteration)
 Threads    : 17

                  Objective                Residual
Iter       Primal          Dual         Primal    Dual     Compl     Time
   0  -1.24605966e+16  4.99156918e+12  5.03e+08 7.47e+05  1.76e+11    23s
   1  -3.31988441e+15  5.63556210e+12  1.34e+08 6.30e+05  4.78e+10    23s
   2  -4.25301791e+14  4.06998400e+12  1.72e+07 8.65e+03  6.20e+09    23s
   3  -6.64488678e+12  2.65605707e+12  2.70e+05 5.89e+01  1.01e+08    23s
   4  -5.22947474e+11  3.81262420e+11  2.13e+04 4.19e-09  8.30e+06    23s
   5  -2.26201258e+11  2.63112257e+11  9.28e+03 2.85e-09  3.67e+06    23s
   6  -8.71206347e+10  1.83414764e+11  3.65e+03 2.79e-09  1.50e+06    23s
   7  -2.08914250e+10  1.01537420e+11  9.77e+02 2.79e-09  4.49e+05    24s
   8  -2.57364268e+09  6.50254110e+10  2.39e+02 2.79e-09  1.66e+05    24s
   9   4.44106764e+08  4.91920317e+10  1.18e+02 2.79e-09  1.06e+05    24s
  10   1.30096080e+09  3.53348619e+10  8.48e+01 1.12e-08  7.39e+04    24s
  11   2.36787140e+09  1.64919642e+10  4.44e+01 9.31e-09  3.21e+04    24s
  12   3.05759966e+09  9.02959925e+09  1.90e+01 7.65e-09  1.36e+04    24s
  13   3.26615546e+09  7.05766258e+09  1.17e+01 1.21e-08  8.66e+03    24s
  14   3.36337941e+09  6.79037811e+09  8.56e+00 1.21e-08  7.45e+03    25s
  15   3.39090853e+09  6.64795143e+09  7.68e+00 1.49e-08  7.01e+03    25s
  16   3.44768392e+09  5.69253404e+09  5.95e+00 1.68e-08  5.16e+03    25s
  17   3.49140434e+09  5.38504876e+09  4.72e+00 3.35e-08  4.40e+03    25s
  18   3.50208913e+09  5.33887351e+09  4.48e+00 4.38e-08  4.24e+03    25s
  19   3.53115343e+09  4.96390298e+09  3.94e+00 4.38e-08  3.44e+03    25s
  20   3.55876006e+09  4.64790142e+09  3.39e+00 5.40e-08  2.70e+03    25s
  21   3.58584896e+09  4.42776630e+09  2.87e+00 5.03e-08  2.11e+03    26s
  22   3.61727098e+09  4.31628558e+09  2.20e+00 4.66e-08  1.68e+03    26s
  23   3.63404103e+09  4.26618693e+09  1.86e+00 2.89e-08  1.48e+03    26s
  24   3.65968087e+09  4.12878057e+09  1.33e+00 2.89e-08  1.05e+03    26s
  25   3.69074693e+09  4.00384793e+09  7.26e-01 3.63e-08  6.49e+02    26s
  26   3.71535180e+09  3.89166063e+09  3.30e-01 2.89e-08  3.38e+02    26s
  27   3.72762439e+09  3.84733744e+09  1.98e-01 2.70e-08  2.20e+02    27s
  28   3.73614755e+09  3.80183754e+09  1.22e-01 1.86e-08  1.18e+02    27s
  29   3.73745210e+09  3.79744198e+09  1.12e-01 1.40e-08  1.07e+02    27s
  30   3.73996001e+09  3.78532300e+09  9.30e-02 1.02e-08  8.05e+01    27s
  31   3.74429452e+09  3.78054069e+09  6.40e-02 1.02e-08  6.33e+01    27s
  32   3.74578893e+09  3.77830099e+09  5.60e-02 1.30e-08  5.66e+01    27s
  33   3.74849162e+09  3.77441189e+09  4.52e-02 7.45e-09  4.50e+01    27s
  34   3.75059726e+09  3.77254406e+09  3.78e-02 7.45e-09  3.80e+01    28s
  35   3.75305177e+09  3.77088371e+09  2.89e-02 8.38e-09  3.08e+01    28s
  36   3.75458605e+09  3.77013806e+09  2.38e-02 8.38e-09  2.67e+01    28s
  37   3.75580396e+09  3.76860825e+09  1.98e-02 7.45e-09  2.20e+01    28s
  38   3.75733507e+09  3.76721927e+09  1.51e-02 7.45e-09  1.69e+01    28s
  39   3.75842834e+09  3.76647921e+09  1.17e-02 1.02e-08  1.37e+01    29s
  40   3.75947223e+09  3.76568707e+09  8.75e-03 9.31e-09  1.06e+01    29s
  41   3.76051108e+09  3.76483619e+09  5.85e-03 8.38e-09  7.34e+00    29s
  42   3.76099372e+09  3.76444741e+09  4.66e-03 9.31e-09  5.85e+00    29s
  43   3.76132318e+09  3.76432324e+09  3.89e-03 1.02e-08  5.08e+00    29s
  44   3.76163014e+09  3.76407392e+09  3.24e-03 9.31e-09  4.14e+00    29s
  45   3.76170824e+09  3.76392943e+09  3.07e-03 6.52e-09  3.76e+00    30s
  46   3.76184064e+09  3.76381114e+09  2.79e-03 5.36e-09  3.34e+00    30s
  47   3.76198820e+09  3.76368496e+09  2.51e-03 4.77e-09  2.88e+00    30s
  48   3.76219299e+09  3.76363265e+09  2.10e-03 5.37e-09  2.44e+00    30s
  49   3.76234766e+09  3.76355952e+09  1.79e-03 6.22e-09  2.06e+00    30s
  50   3.76241682e+09  3.76352106e+09  1.63e-03 6.52e-09  1.87e+00    30s
  51   3.76251825e+09  3.76345374e+09  1.43e-03 6.52e-09  1.59e+00    31s
  52   3.76274653e+09  3.76338711e+09  9.68e-04 6.29e-09  1.09e+00    31s
  53   3.76286727e+09  3.76332422e+09  7.22e-04 6.52e-09  7.78e-01    31s
  54   3.76295282e+09  3.76330906e+09  5.40e-04 6.84e-09  6.05e-01    31s
  55   3.76302771e+09  3.76329926e+09  3.93e-04 6.52e-09  4.61e-01    31s
  56   3.76305776e+09  3.76327757e+09  3.31e-04 7.07e-09  3.73e-01    32s
  57   3.76306549e+09  3.76327625e+09  3.16e-04 6.52e-09  3.58e-01    32s
  58   3.76308740e+09  3.76326188e+09  2.74e-04 6.66e-09  2.97e-01    32s
  59   3.76310406e+09  3.76325248e+09  2.41e-04 8.50e-09  2.53e-01    32s
  60   3.76316111e+09  3.76324001e+09  1.29e-04 5.59e-09  1.35e-01    32s
  61   3.76316821e+09  3.76323327e+09  1.17e-04 5.76e-09  1.11e-01    32s
  62   3.76319706e+09  3.76323164e+09  5.97e-05 6.66e-09  5.91e-02    33s
  63   3.76320206e+09  3.76323067e+09  5.02e-05 5.94e-09  4.90e-02    33s
  64   3.76321047e+09  3.76322925e+09  3.39e-05 5.85e-09  3.22e-02    33s
  65   3.76321625e+09  3.76322871e+09  2.29e-05 5.24e-09  2.14e-02    33s
  66   3.76322718e+09  3.76322851e+09  3.98e-06 4.66e-09  2.28e-03    33s
  67   3.76322835e+09  3.76322836e+09  4.49e-07 6.87e-09  2.48e-05    33s
  68   3.76322836e+09  3.76322836e+09  1.21e-08 7.48e-09  1.68e-09    33s

Barrier solved model in 68 iterations and 33.31 seconds (45.00 work units)
Optimal objective 3.76322836e+09


Root crossover log...

    8362 DPushes remaining with DInf 0.0000000e+00                33s
       0 DPushes remaining with DInf 0.0000000e+00                34s

     751 PPushes remaining with PInf 0.0000000e+00                34s
       0 PPushes remaining with PInf 0.0000000e+00                34s

  Push phase complete: Pinf 0.0000000e+00, Dinf 2.2806249e-08     34s


Root simplex log...

Iteration    Objective       Primal Inf.    Dual Inf.      Time
    8731    3.7632284e+09   0.000000e+00   0.000000e+00     34s
Concurrent spin time: 0.00s

Solved with barrier
    8731    3.7632284e+09   0.000000e+00   0.000000e+00     34s

Root relaxation: objective 3.763228e+09, 8731 iterations, 12.96 seconds (9.74 work units)

    Nodes    |    Current Node    |     Objective Bounds      |     Work
 Expl Unexpl |  Obj  Depth IntInf | Incumbent    BestBd   Gap | It/Node Time

     0     0 3.7632e+09    0  166          - 3.7632e+09      -     -   34s
H    0     0                    3.439231e+09 3.7632e+09  9.42%     -   36s
H    0     0                    3.569911e+09 3.7632e+09  5.42%     -   38s
H    0     0                    3.636666e+09 3.7632e+09  3.48%     -   45s
     0     0 3.7625e+09    0  147 3.6367e+09 3.7625e+09  3.46%     -   56s
     0     0 3.7618e+09    0  153 3.6367e+09 3.7618e+09  3.44%     -   63s
     0     0 3.7618e+09    0  153 3.6367e+09 3.7618e+09  3.44%     -   64s
     0     0 3.7617e+09    0  159 3.6367e+09 3.7617e+09  3.44%     -   70s
     0     0 3.7617e+09    0  160 3.6367e+09 3.7617e+09  3.44%     -   73s
     0     0 3.7616e+09    0  156 3.6367e+09 3.7616e+09  3.44%     -   81s
     0     0 3.7616e+09    0  158 3.6367e+09 3.7616e+09  3.44%     -   89s
     0     0 3.7616e+09    0  159 3.6367e+09 3.7616e+09  3.44%     -   89s
     0     0 3.7615e+09    0  177 3.6367e+09 3.7615e+09  3.43%     -   94s
     0     0 3.7615e+09    0  182 3.6367e+09 3.7615e+09  3.43%     -   99s
     0     0 3.7615e+09    0  182 3.6367e+09 3.7615e+09  3.43%     -   99s
     0     0 3.7615e+09    0  186 3.6367e+09 3.7615e+09  3.43%     -  105s
     0     0 3.7615e+09    0  184 3.6367e+09 3.7615e+09  3.43%     -  111s
     0     0 3.7615e+09    0  188 3.6367e+09 3.7615e+09  3.43%     -  111s
     0     0 3.7613e+09    0  183 3.6367e+09 3.7613e+09  3.43%     -  116s
     0     0 3.7613e+09    0  170 3.6367e+09 3.7613e+09  3.43%     -  123s
     0     0 3.7612e+09    0  175 3.6367e+09 3.7612e+09  3.43%     -  127s
     0     0 3.7612e+09    0  179 3.6367e+09 3.7612e+09  3.42%     -  130s
     0     0 3.7612e+09    0  177 3.6367e+09 3.7612e+09  3.42%     -  131s
     0     0 3.7612e+09    0  179 3.6367e+09 3.7612e+09  3.42%     -  134s
     0     0 3.7612e+09    0  181 3.6367e+09 3.7612e+09  3.42%     -  134s
     0     0 3.7611e+09    0  185 3.6367e+09 3.7611e+09  3.42%     -  142s
     0     0 3.7611e+09    0  181 3.6367e+09 3.7611e+09  3.42%     -  150s
     0     0 3.7611e+09    0  179 3.6367e+09 3.7611e+09  3.42%     -  151s
     0     0 3.7608e+09    0  175 3.6367e+09 3.7608e+09  3.41%     -  158s
     0     0 3.7608e+09    0  176 3.6367e+09 3.7608e+09  3.41%     -  170s
     0     0 3.7607e+09    0  178 3.6367e+09 3.7607e+09  3.41%     -  173s
     0     0 3.7607e+09    0  179 3.6367e+09 3.7607e+09  3.41%     -  174s
     0     0 3.7603e+09    0  180 3.6367e+09 3.7603e+09  3.40%     -  179s
     0     0 3.7602e+09    0  181 3.6367e+09 3.7602e+09  3.40%     -  186s
     0     0 3.7601e+09    0  178 3.6367e+09 3.7601e+09  3.39%     -  188s
     0     0 3.7601e+09    0  180 3.6367e+09 3.7601e+09  3.39%     -  191s
     0     0 3.7596e+09    0  165 3.6367e+09 3.7596e+09  3.38%     -  198s
H    0     0                    3.658448e+09 3.7596e+09  2.76%     -  207s
     0     0 3.7595e+09    0  177 3.6584e+09 3.7595e+09  2.76%     -  212s
     0     0 3.7595e+09    0  181 3.6584e+09 3.7595e+09  2.76%     -  216s
     0     0 3.7595e+09    0  185 3.6584e+09 3.7595e+09  2.76%     -  216s
     0     0 3.7590e+09    0  161 3.6584e+09 3.7590e+09  2.75%     -  222s
H    0     0                    3.658460e+09 3.7590e+09  2.75%     -  230s
     0     0 3.7589e+09    0  171 3.6585e+09 3.7589e+09  2.75%     -  232s
     0     0 3.7589e+09    0  182 3.6585e+09 3.7589e+09  2.75%     -  233s
     0     0 3.7589e+09    0  183 3.6585e+09 3.7589e+09  2.75%     -  234s
     0     0 3.7587e+09    0  177 3.6585e+09 3.7587e+09  2.74%     -  238s
     0     0 3.7587e+09    0  187 3.6585e+09 3.7587e+09  2.74%     -  242s
     0     0 3.7586e+09    0  176 3.6585e+09 3.7586e+09  2.74%     -  244s
     0     0 3.7585e+09    0  186 3.6585e+09 3.7585e+09  2.74%     -  245s
     0     0 3.7585e+09    0  189 3.6585e+09 3.7585e+09  2.74%     -  246s
     0     0 3.7583e+09    0  195 3.6585e+09 3.7583e+09  2.73%     -  253s
H    0     0                    3.658962e+09 3.7583e+09  2.72%     -  259s
     0     0 3.7583e+09    0  202 3.6590e+09 3.7583e+09  2.71%     -  262s
     0     0 3.7583e+09    0  194 3.6590e+09 3.7583e+09  2.71%     -  264s
     0     0 3.7583e+09    0  197 3.6590e+09 3.7583e+09  2.71%     -  264s
     0     0 3.7579e+09    0  190 3.6590e+09 3.7579e+09  2.70%     -  272s
     0     0 3.7578e+09    0  197 3.6590e+09 3.7578e+09  2.70%     -  278s
     0     0 3.7578e+09    0  206 3.6590e+09 3.7578e+09  2.70%     -  279s
     0     0 3.7578e+09    0  207 3.6590e+09 3.7578e+09  2.70%     -  280s
     0     0 3.7577e+09    0  179 3.6590e+09 3.7577e+09  2.70%     -  285s
     0     0 3.7577e+09    0  189 3.6590e+09 3.7577e+09  2.70%     -  290s
     0     0 3.7577e+09    0  194 3.6590e+09 3.7577e+09  2.70%     -  294s
     0     0 3.7577e+09    0  189 3.6590e+09 3.7577e+09  2.70%     -  296s
     0     0 3.7577e+09    0  191 3.6590e+09 3.7577e+09  2.70%     -  297s
     0     0 3.7575e+09    0  194 3.6590e+09 3.7575e+09  2.69%     -  302s
     0     0 3.7575e+09    0  203 3.6590e+09 3.7575e+09  2.69%     -  307s
     0     0 3.7575e+09    0  210 3.6590e+09 3.7575e+09  2.69%     -  309s
     0     0 3.7575e+09    0  212 3.6590e+09 3.7575e+09  2.69%     -  309s
     0     0 3.7571e+09    0  219 3.6590e+09 3.7571e+09  2.68%     -  318s
H    0     0                    3.659603e+09 3.7571e+09  2.66%     -  341s
     0     0 3.7571e+09    0  213 3.6596e+09 3.7571e+09  2.66%     -  346s
     0     0 3.7570e+09    0  216 3.6596e+09 3.7570e+09  2.66%     -  350s
     0     0 3.7570e+09    0  212 3.6596e+09 3.7570e+09  2.66%     -  352s
     0     0 3.7569e+09    0  207 3.6596e+09 3.7569e+09  2.66%     -  356s
     0     0 3.7569e+09    0  214 3.6596e+09 3.7569e+09  2.66%     -  361s
     0     0 3.7569e+09    0  217 3.6596e+09 3.7569e+09  2.66%     -  363s
     0     0 3.7569e+09    0  216 3.6596e+09 3.7569e+09  2.66%     -  365s
     0     0 3.7568e+09    0  216 3.6596e+09 3.7568e+09  2.66%     -  366s
     0     0 3.7568e+09    0  218 3.6596e+09 3.7568e+09  2.66%     -  369s
     0     0 3.7568e+09    0  218 3.6596e+09 3.7568e+09  2.66%     -  369s
     0     0 3.7561e+09    0  212 3.6596e+09 3.7561e+09  2.64%     -  382s
     0     0 3.7559e+09    0  210 3.6596e+09 3.7559e+09  2.63%     -  396s
     0     0 3.7559e+09    0  218 3.6596e+09 3.7559e+09  2.63%     -  398s
     0     0 3.7559e+09    0  225 3.6596e+09 3.7559e+09  2.63%     -  399s
     0     0 3.7555e+09    0  198 3.6596e+09 3.7555e+09  2.62%     -  408s
     0     0 3.7555e+09    0  202 3.6596e+09 3.7555e+09  2.62%     -  414s
     0     0 3.7555e+09    0  205 3.6596e+09 3.7555e+09  2.62%     -  414s
     0     0 3.7552e+09    0  204 3.6596e+09 3.7552e+09  2.61%     -  419s
H    0     0                    3.675931e+09 3.7552e+09  2.16%     -  438s
     0     0 3.7552e+09    0  210 3.6759e+09 3.7552e+09  2.16%     -  442s
     0     0 3.7552e+09    0  216 3.6759e+09 3.7552e+09  2.16%     -  445s
     0     0 3.7552e+09    0  222 3.6759e+09 3.7552e+09  2.16%     -  446s
     0     0 3.7549e+09    0  203 3.6759e+09 3.7549e+09  2.15%     -  451s
     0     0 3.7549e+09    0  212 3.6759e+09 3.7549e+09  2.15%     -  454s
     0     0 3.7549e+09    0  210 3.6759e+09 3.7549e+09  2.15%     -  456s
     0     0 3.7549e+09    0  205 3.6759e+09 3.7549e+09  2.15%     -  457s
     0     0 3.7547e+09    0  216 3.6759e+09 3.7547e+09  2.14%     -  461s
     0     0 3.7547e+09    0  218 3.6759e+09 3.7547e+09  2.14%     -  468s
     0     0 3.7547e+09    0  225 3.6759e+09 3.7547e+09  2.14%     -  470s
     0     0 3.7547e+09    0  229 3.6759e+09 3.7547e+09  2.14%     -  471s
     0     0 3.7545e+09    0  212 3.6759e+09 3.7545e+09  2.14%     -  477s
     0     0 3.7545e+09    0  218 3.6759e+09 3.7545e+09  2.14%     -  480s
     0     0 3.7545e+09    0  225 3.6759e+09 3.7545e+09  2.14%     -  483s
     0     0 3.7545e+09    0  225 3.6759e+09 3.7545e+09  2.14%     -  484s
     0     0 3.7543e+09    0  216 3.6759e+09 3.7543e+09  2.13%     -  489s
     0     0 3.7543e+09    0  227 3.6759e+09 3.7543e+09  2.13%     -  499s
     0     0 3.7543e+09    0  232 3.6759e+09 3.7543e+09  2.13%     -  500s
     0     0 3.7543e+09    0  233 3.6759e+09 3.7543e+09  2.13%     -  501s
     0     0 3.7540e+09    0  199 3.6759e+09 3.7540e+09  2.12%     -  505s
     0     0 3.7540e+09    0  214 3.6759e+09 3.7540e+09  2.12%     -  520s
     0     0 3.7540e+09    0  220 3.6759e+09 3.7540e+09  2.12%     -  522s
     0     0 3.7540e+09    0  221 3.6759e+09 3.7540e+09  2.12%     -  523s
     0     0 3.7540e+09    0  226 3.6759e+09 3.7540e+09  2.12%     -  525s
     0     0 3.7538e+09    0  218 3.6759e+09 3.7538e+09  2.12%     -  531s
     0     0 3.7538e+09    0  218 3.6759e+09 3.7538e+09  2.12%     -  534s
     0     0 3.7537e+09    0  224 3.6759e+09 3.7537e+09  2.12%     -  535s
     0     0 3.7537e+09    0  224 3.6759e+09 3.7537e+09  2.12%     -  535s
     0     0 3.7536e+09    0  223 3.6759e+09 3.7536e+09  2.11%     -  539s
     0     0 3.7535e+09    0  225 3.6759e+09 3.7535e+09  2.11%     -  543s
     0     0 3.7535e+09    0  221 3.6759e+09 3.7535e+09  2.11%     -  545s
     0     0 3.7535e+09    0  224 3.6759e+09 3.7535e+09  2.11%     -  546s
     0     0 3.7531e+09    0  212 3.6759e+09 3.7531e+09  2.10%     -  553s
     0     0 3.7531e+09    0  215 3.6759e+09 3.7531e+09  2.10%     -  560s
     0     0 3.7531e+09    0  215 3.6759e+09 3.7531e+09  2.10%     -  561s
     0     0 3.7531e+09    0  222 3.6759e+09 3.7531e+09  2.10%     -  562s
     0     0 3.7529e+09    0  208 3.6759e+09 3.7529e+09  2.09%     -  568s
     0     0 3.7528e+09    0  216 3.6759e+09 3.7528e+09  2.09%     -  575s
     0     0 3.7528e+09    0  221 3.6759e+09 3.7528e+09  2.09%     -  577s
     0     0 3.7528e+09    0  226 3.6759e+09 3.7528e+09  2.09%     -  579s
     0     0 3.7527e+09    0  221 3.6759e+09 3.7527e+09  2.09%     -  584s
     0     0 3.7527e+09    0  205 3.6759e+09 3.7527e+09  2.09%     -  593s
     0     0 3.7527e+09    0  214 3.6759e+09 3.7527e+09  2.09%     -  594s
     0     0 3.7525e+09    0  208 3.6759e+09 3.7525e+09  2.08%     -  598s
     0     0 3.7525e+09    0  224 3.6759e+09 3.7525e+09  2.08%     -  603s
     0     0 3.7525e+09    0  234 3.6759e+09 3.7525e+09  2.08%     -  605s
     0     0 3.7525e+09    0  233 3.6759e+09 3.7525e+09  2.08%     -  607s
     0     0 3.7525e+09    0  242 3.6759e+09 3.7525e+09  2.08%     -  609s
     0     0 3.7525e+09    0  248 3.6759e+09 3.7525e+09  2.08%     -  610s
     0     0 3.7521e+09    0  211 3.6759e+09 3.7521e+09  2.07%     -  616s
     0     0 3.7521e+09    0  229 3.6759e+09 3.7521e+09  2.07%     -  623s
     0     0 3.7521e+09    0  231 3.6759e+09 3.7521e+09  2.07%     -  623s
     0     0 3.7520e+09    0  221 3.6759e+09 3.7520e+09  2.07%     -  628s
     0     0 3.7520e+09    0  230 3.6759e+09 3.7520e+09  2.07%     -  632s
     0     0 3.7520e+09    0  242 3.6759e+09 3.7520e+09  2.07%     -  634s
     0     0 3.7520e+09    0  246 3.6759e+09 3.7520e+09  2.07%     -  636s
     0     0 3.7520e+09    0  249 3.6759e+09 3.7520e+09  2.07%     -  637s
     0     0 3.7518e+09    0  215 3.6759e+09 3.7518e+09  2.06%     -  640s
     0     0 3.7518e+09    0  233 3.6759e+09 3.7518e+09  2.06%     -  648s
     0     0 3.7518e+09    0  234 3.6759e+09 3.7518e+09  2.06%     -  648s
     0     0 3.7518e+09    0  220 3.6759e+09 3.7518e+09  2.06%     -  650s
     0     0 3.7518e+09    0  230 3.6759e+09 3.7518e+09  2.06%     -  653s
     0     0 3.7518e+09    0  241 3.6759e+09 3.7518e+09  2.06%     -  654s
     0     0 3.7517e+09    0  245 3.6759e+09 3.7517e+09  2.06%     -  658s
     0     0 3.7517e+09    0  257 3.6759e+09 3.7517e+09  2.06%     -  665s
     0     0 3.7517e+09    0  260 3.6759e+09 3.7517e+09  2.06%     -  666s
     0     0 3.7516e+09    0  248 3.6759e+09 3.7516e+09  2.06%     -  670s
     0     0 3.7516e+09    0  251 3.6759e+09 3.7516e+09  2.06%     -  675s
     0     0 3.7516e+09    0  258 3.6759e+09 3.7516e+09  2.06%     -  675s
     0     0 3.7515e+09    0  255 3.6759e+09 3.7515e+09  2.06%     -  679s
     0     0 3.7515e+09    0  248 3.6759e+09 3.7515e+09  2.06%     -  687s
     0     0 3.7515e+09    0  253 3.6759e+09 3.7515e+09  2.06%     -  688s
     0     0 3.7515e+09    0  249 3.6759e+09 3.7515e+09  2.05%     -  693s
     0     0 3.7515e+09    0  254 3.6759e+09 3.7515e+09  2.05%     -  696s
     0     0 3.7514e+09    0  252 3.6759e+09 3.7514e+09  2.05%     -  699s
     0     0 3.7514e+09    0  260 3.6759e+09 3.7514e+09  2.05%     -  701s
     0     0 3.7513e+09    0  267 3.6759e+09 3.7513e+09  2.05%     -  705s
     0     0 3.7513e+09    0  267 3.6759e+09 3.7513e+09  2.05%     -  721s
     0     0 3.7513e+09    0  270 3.6759e+09 3.7513e+09  2.05%     -  722s
     0     0 3.7512e+09    0  230 3.6759e+09 3.7512e+09  2.05%     -  726s
     0     0 3.7512e+09    0  256 3.6759e+09 3.7512e+09  2.05%     -  734s
     0     0 3.7512e+09    0  256 3.6759e+09 3.7512e+09  2.05%     -  734s
     0     0 3.7511e+09    0  255 3.6759e+09 3.7511e+09  2.05%     -  739s
     0     0 3.7511e+09    0  267 3.6759e+09 3.7511e+09  2.05%     -  744s
     0     0 3.7511e+09    0  268 3.6759e+09 3.7511e+09  2.05%     -  744s
     0     0 3.7511e+09    0  264 3.6759e+09 3.7511e+09  2.04%     -  748s
     0     0 3.7510e+09    0  263 3.6759e+09 3.7510e+09  2.04%     -  753s
     0     0 3.7510e+09    0  266 3.6759e+09 3.7510e+09  2.04%     -  753s
     0     0 3.7510e+09    0  248 3.6759e+09 3.7510e+09  2.04%     -  759s
     0     0 3.7510e+09    0  254 3.6759e+09 3.7510e+09  2.04%     -  762s
     0     0 3.7510e+09    0  255 3.6759e+09 3.7510e+09  2.04%     -  763s
     0     0 3.7510e+09    0  228 3.6759e+09 3.7510e+09  2.04%     -  767s
     0     0 3.7510e+09    0  265 3.6759e+09 3.7510e+09  2.04%     -  778s
     0     0 3.7510e+09    0  268 3.6759e+09 3.7510e+09  2.04%     -  779s
     0     0 3.7509e+09    0  265 3.6759e+09 3.7509e+09  2.04%     -  782s
     0     0 3.7509e+09    0  275 3.6759e+09 3.7509e+09  2.04%     -  786s
     0     0 3.7509e+09    0  283 3.6759e+09 3.7509e+09  2.04%     -  786s
     0     0 3.7508e+09    0  247 3.6759e+09 3.7508e+09  2.04%     -  790s
     0     0 3.7508e+09    0  257 3.6759e+09 3.7508e+09  2.04%     -  792s
     0     0 3.7507e+09    0  204 3.6759e+09 3.7507e+09  2.04%     -  794s
     0     0 3.7507e+09    0  243 3.6759e+09 3.7507e+09  2.04%     -  797s
     0     0 3.7507e+09    0  246 3.6759e+09 3.7507e+09  2.04%     -  797s
     0     0 3.7507e+09    0  203 3.6759e+09 3.7507e+09  2.03%     -  800s
     0     0 3.7507e+09    0  198 3.6759e+09 3.7507e+09  2.03%     -  803s
H    0     0                    3.682418e+09 3.7507e+09  1.85%     -  819s
     0     2 3.7507e+09    0  193 3.6824e+09 3.7507e+09  1.85%     -  826s
     1     4 3.7507e+09    1  200 3.6824e+09 3.7507e+09  1.85%  1807  834s
     3     8 3.7506e+09    2  221 3.6824e+09 3.7507e+09  1.85%  1428  849s
     7    16 3.7505e+09    3  206 3.6824e+09 3.7506e+09  1.85%  1370  867s
    15    32 3.7504e+09    4  253 3.6824e+09 3.7506e+09  1.85%  1486  901s
    31    52 3.7503e+09    5  246 3.6824e+09 3.7504e+09  1.85%  1904  959s
    32    52 3.7502e+09    5  253 3.6824e+09 3.7504e+09  1.85%  1875  960s
H   40    52                    3.683690e+09 3.7504e+09  1.81%  1721  960s
    51    72 3.7499e+09    6  224 3.6837e+09 3.7504e+09  1.81%  1704  979s
    71    92 3.7500e+09    6  229 3.6837e+09 3.7504e+09  1.81%  1614 1000s
H   91   112                    3.683693e+09 3.7504e+09  1.81%  1469 1100s
H   92   112                    3.686988e+09 3.7504e+09  1.72%  1479 1101s
H   97   112                    3.687011e+09 3.7504e+09  1.72%  1559 1101s
H  105   112                    3.688912e+09 3.7504e+09  1.67%  1500 1102s
H  106   112                    3.699256e+09 3.7504e+09  1.38%  1490 1102s
H  111   132                    3.709235e+09 3.7504e+09  1.11%  1458 2129s
H  114   132                    3.712002e+09 3.7504e+09  1.03%  1432 2129s
H  118   132                    3.712717e+09 3.7504e+09  1.01%  1410 2130s
   131   165 3.7498e+09    8  219 3.7127e+09 3.7504e+09  1.01%  1408 2160s
   164   186 3.7499e+09    8  223 3.7127e+09 3.7504e+09  1.01%  1312 2202s
   185   216 3.7497e+09    9  242 3.7127e+09 3.7504e+09  1.01%  1294 2230s
   217   256 3.7498e+09    9  215 3.7127e+09 3.7504e+09  1.01%  1223 2258s
   260   293 3.7496e+09   10  218 3.7127e+09 3.7504e+09  1.01%  1137 2283s
   300   339 3.7496e+09   11  220 3.7127e+09 3.7504e+09  1.01%  1088 2383s
   350   357 3.7493e+09   15  223 3.7127e+09 3.7504e+09  1.01%  1038 3611s
H  351   357                    3.725069e+09 3.7504e+09  0.68%  1035 3612s
H  356   357                    3.725808e+09 3.7504e+09  0.66%  1042 3612s
H  364   357                    3.726402e+09 3.7504e+09  0.64%  1038 3612s

Cutting planes:
  Cover: 191
  Implied bound: 74
  MIR: 173
  Flow cover: 116
  GUB cover: 9
  Network: 89
  RLT: 8
  Relax-and-lift: 25

Explored 370 nodes (505449 simplex iterations) in 3613.31 seconds (4500.32 work units)
Thread count was 20 (of 40 available processors)

Solution count 10: 3.7264e+09 3.72581e+09 3.72507e+09 ... 3.68699e+09

Optimal solution found (tolerance 1.00e-02)
Best objective 3.726402217878e+09, best bound 3.750376065752e+09, gap 0.6434%
