
Gurobi 10.0.1 (linux64) logging started Tue May 23 22:57:55 2023

Set parameter LogFile to value "logFiles/A-2L-C/A-2L-6U-23F-15V-365D/basic-05-23-2023, 22-57-H70-P50-O15.log"
Gurobi Optimizer version 10.0.1 build v10.0.1rc0 (linux64)

CPU model: Intel(R) Xeon(R) Gold 5115 CPU @ 2.40GHz, instruction set [SSE2|AVX|AVX2|AVX512]
Thread count: 20 physical cores, 40 logical processors, using up to 20 threads

Optimize a model with 53441 rows, 415210 columns and 1857249 nonzeros
Model fingerprint: 0x84ab2dee
Variable types: 175508 continuous, 239702 integer (239702 binary)
Coefficient statistics:
  Matrix range     [1e+00, 2e+05]
  Objective range  [4e+01, 3e+07]
  Bounds range     [1e+00, 1e+00]
  RHS range        [1e+00, 2e+06]
Presolve removed 40118 rows and 21611 columns (presolve time = 5s) ...
Presolve removed 40098 rows and 21591 columns
Presolve time: 6.24s
Presolved: 13343 rows, 393619 columns, 1691729 nonzeros
Variable types: 163727 continuous, 229892 integer (229884 binary)
Deterministic concurrent LP optimizer: primal simplex, dual simplex, and barrier
Showing barrier log only...

Root barrier log...

Ordering time: 1.50s

Barrier statistics:
 AA' NZ     : 8.560e+05
 Factor NZ  : 4.617e+06 (roughly 200 MB of memory)
 Factor Ops : 4.356e+09 (less than 1 second per iteration)
 Threads    : 17

                  Objective                Residual
Iter       Primal          Dual         Primal    Dual     Compl     Time
   0  -1.60620147e+16  4.17631676e+13  8.65e+08 1.39e+07  2.58e+12    11s
   1  -4.20374844e+15  4.65032820e+13  2.27e+08 7.24e+06  6.80e+11    11s
   2  -9.54547154e+14  4.41510882e+13  5.17e+07 3.74e-08  1.60e+11    11s
   3  -1.05328364e+14  3.71601422e+13  5.71e+06 3.73e-08  1.79e+10    11s
   4  -1.87503405e+13  2.33456526e+13  1.01e+06 3.73e-08  3.35e+09    12s
   5  -5.03176180e+12  1.42312452e+13  2.72e+05 3.48e-08  9.09e+08    12s
   6  -1.69624184e+12  8.45788877e+12  9.17e+04 3.36e-08  3.11e+08    12s
   7  -5.74228984e+11  6.54673676e+12  3.11e+04 2.61e-08  1.09e+08    12s
   8  -2.42357712e+11  5.50009504e+12  1.32e+04 2.25e-08  4.84e+07    12s
   9  -1.68569674e+11  4.25064685e+12  9.25e+03 1.19e-07  3.28e+07    12s
  10  -1.01499436e+11  3.52944346e+12  5.96e+03 2.68e-07  2.13e+07    12s
  11  -5.52167026e+10  2.01990975e+12  3.36e+03 1.90e-07  1.10e+07    13s
  12  -3.62721564e+10  1.66019251e+12  2.28e+03 3.06e-07  7.60e+06    13s
  13  -2.07414186e+10  1.01218346e+12  1.35e+03 4.77e-07  4.28e+06    13s
  14  -7.91735969e+09  4.16957517e+11  5.95e+02 2.38e-07  1.70e+06    13s
  15  -3.95152755e+09  2.64500223e+11  3.59e+02 2.38e-07  1.01e+06    13s
  16  -6.12638474e+07  1.47878328e+11  1.29e+02 1.19e-07  4.20e+05    13s
  17   1.33076860e+09  9.76802710e+10  4.83e+01 9.03e-08  2.08e+05    14s
  18   1.60658609e+09  6.46191752e+10  3.24e+01 7.35e-08  1.38e+05    14s
  19   1.88459621e+09  5.89059186e+10  1.66e+01 8.20e-08  1.02e+05    14s
  20   1.94763419e+09  4.61460106e+10  1.30e+01 1.45e-07  7.97e+04    14s
  21   2.01612680e+09  3.05472117e+10  8.91e+00 1.79e-07  5.28e+04    14s
  22   2.04141295e+09  1.93990146e+10  7.45e+00 1.76e-07  3.60e+04    14s
  23   2.05847502e+09  1.54247874e+10  6.49e+00 1.91e-07  2.94e+04    15s
  24   2.08397878e+09  1.34049410e+10  5.22e+00 1.99e-07  2.43e+04    15s
  25   2.09209473e+09  1.04356216e+10  4.66e+00 1.86e-07  1.93e+04    15s
  26   2.14118331e+09  9.30840220e+09  2.78e+00 2.38e-07  1.42e+04    15s
  27   2.16437473e+09  7.94187945e+09  2.23e+00 2.38e-07  1.12e+04    16s
  28   2.18252119e+09  6.27776668e+09  2.03e+00 2.28e-07  8.37e+03    16s
  29   2.23324586e+09  5.08400862e+09  1.36e+00 2.21e-07  5.44e+03    16s
  30   2.26698054e+09  4.78605928e+09  1.00e+00 1.80e-07  4.47e+03    16s
  31   2.27497171e+09  4.13603223e+09  9.11e-01 1.80e-07  3.36e+03    16s
  32   2.28860061e+09  3.61927705e+09  7.46e-01 1.56e-07  2.38e+03    17s
  33   2.30479040e+09  3.37282092e+09  5.50e-01 1.79e-07  1.81e+03    17s
  34   2.34668141e+09  3.23686450e+09  2.34e-01 2.38e-07  1.31e+03    17s
  35   2.35812019e+09  2.87951704e+09  1.89e-01 1.79e-07  7.77e+02    17s
  36   2.40203302e+09  2.72587880e+09  1.17e-01 1.43e-07  4.73e+02    18s
  37   2.41286676e+09  2.66631791e+09  1.04e-01 1.75e-07  3.73e+02    18s
  38   2.42117516e+09  2.65446170e+09  9.26e-02 2.38e-07  3.41e+02    18s
  39   2.43183607e+09  2.63124237e+09  8.17e-02 2.24e-07  2.92e+02    18s
  40   2.43719579e+09  2.60099127e+09  7.50e-02 2.98e-07  2.42e+02    18s
  41   2.44054608e+09  2.59783253e+09  7.12e-02 2.70e-07  2.32e+02    18s
  42   2.45821184e+09  2.57137211e+09  5.11e-02 2.20e-07  1.66e+02    19s
  43   2.46062454e+09  2.56181115e+09  4.84e-02 2.27e-07  1.49e+02    19s
  44   2.47008531e+09  2.55955424e+09  3.85e-02 2.71e-07  1.30e+02    19s
  45   2.47612997e+09  2.54579629e+09  3.19e-02 2.38e-07  1.01e+02    19s
  46   2.48220077e+09  2.54284237e+09  2.60e-02 2.98e-07  8.74e+01    19s
  47   2.48421979e+09  2.53790487e+09  2.37e-02 1.79e-07  7.75e+01    20s
  48   2.48659032e+09  2.53364967e+09  2.14e-02 1.90e-07  6.81e+01    20s
  49   2.49050080e+09  2.52902768e+09  1.79e-02 2.10e-07  5.57e+01    20s
  50   2.49456378e+09  2.52394213e+09  1.41e-02 2.38e-07  4.25e+01    20s
  51   2.49850678e+09  2.52059304e+09  1.06e-02 1.92e-07  3.19e+01    20s
  52   2.50131612e+09  2.51843841e+09  8.14e-03 2.25e-07  2.46e+01    20s
  53   2.50280011e+09  2.51621637e+09  6.96e-03 2.38e-07  1.94e+01    21s
  54   2.50553091e+09  2.51569774e+09  4.82e-03 2.72e-07  1.46e+01    21s
  55   2.50705999e+09  2.51535153e+09  3.68e-03 2.63e-07  1.18e+01    21s
  56   2.50816989e+09  2.51466209e+09  2.87e-03 2.24e-07  9.20e+00    21s
  57   2.50909667e+09  2.51402781e+09  2.14e-03 2.16e-07  6.97e+00    21s
  58   2.50985143e+09  2.51355613e+09  1.59e-03 2.07e-07  5.22e+00    21s
  59   2.51072033e+09  2.51328724e+09  9.59e-04 2.38e-07  3.57e+00    22s
  60   2.51089806e+09  2.51312472e+09  8.34e-04 2.09e-07  3.10e+00    22s
  61   2.51130733e+09  2.51291756e+09  5.52e-04 2.61e-07  2.22e+00    22s
  62   2.51163688e+09  2.51274000e+09  3.41e-04 2.37e-07  1.51e+00    22s
  63   2.51178512e+09  2.51262495e+09  2.51e-04 2.72e-07  1.15e+00    22s
  64   2.51191154e+09  2.51250576e+09  1.78e-04 2.09e-07  8.12e-01    23s
  65   2.51193738e+09  2.51249801e+09  1.65e-04 2.38e-07  7.65e-01    23s
  66   2.51202212e+09  2.51246802e+09  1.22e-04 2.27e-07  6.06e-01    23s
  67   2.51208232e+09  2.51243805e+09  9.16e-05 1.97e-07  4.82e-01    23s
  68   2.51216526e+09  2.51238628e+09  4.87e-05 2.38e-07  2.97e-01    23s
  69   2.51222081e+09  2.51235711e+09  2.21e-05 1.87e-07  1.80e-01    24s
  70   2.51223442e+09  2.51231588e+09  1.55e-05 1.79e-07  1.09e-01    24s
  71   2.51224958e+09  2.51228422e+09  8.40e-06 1.68e-07  4.70e-02    24s
  72   2.51226519e+09  2.51227509e+09  1.52e-06 1.71e-07  1.31e-02    24s
  73   2.51226809e+09  2.51227064e+09  3.06e-07 1.36e-07  3.34e-03    24s
  74   2.51226865e+09  2.51226900e+09  9.65e-08 1.99e-07  4.78e-04    25s
  75   2.51226890e+09  2.51226892e+09  4.54e-09 1.79e-07  1.67e-05    25s
  76   2.51226891e+09  2.51226891e+09  7.72e-08 1.23e-07  5.89e-09    25s

Barrier solved model in 76 iterations and 24.95 seconds (22.41 work units)
Optimal objective 2.51226891e+09


Root crossover log...

   10511 DPushes remaining with DInf 0.0000000e+00                25s
       0 DPushes remaining with DInf 0.0000000e+00                25s

     758 PPushes remaining with PInf 1.2965896e-04                25s
       0 PPushes remaining with PInf 0.0000000e+00                25s

  Push phase complete: Pinf 0.0000000e+00, Dinf 3.5102983e+00     25s


Root simplex log...

Iteration    Objective       Primal Inf.    Dual Inf.      Time
   11252    2.5122689e+09   0.000000e+00   3.510298e+00     25s
   11257    2.5122689e+09   0.000000e+00   0.000000e+00     25s
Concurrent spin time: 0.01s

Solved with barrier
   11290    2.5122689e+09   0.000000e+00   0.000000e+00     26s
Extra simplex iterations after uncrush: 33

Root relaxation: objective 2.512269e+09, 11290 iterations, 18.03 seconds (13.28 work units)

    Nodes    |    Current Node    |     Objective Bounds      |     Work
 Expl Unexpl |  Obj  Depth IntInf | Incumbent    BestBd   Gap | It/Node Time

     0     0 2.5123e+09    0  243          - 2.5123e+09      -     -   27s
H    0     0                    2.465945e+09 2.5123e+09  1.88%     -   39s
H    0     0                    2.471405e+09 2.5123e+09  1.65%     -   50s
     0     0 2.5122e+09    0  281 2.4714e+09 2.5122e+09  1.65%     -   61s
     0     0 2.5122e+09    0  263 2.4714e+09 2.5122e+09  1.65%     -   68s
     0     0 2.5122e+09    0  264 2.4714e+09 2.5122e+09  1.65%     -   69s
     0     0 2.5122e+09    0  254 2.4714e+09 2.5122e+09  1.65%     -   81s
     0     0 2.5122e+09    0  262 2.4714e+09 2.5122e+09  1.65%     -   87s
     0     0 2.5122e+09    0  289 2.4714e+09 2.5122e+09  1.65%     -   95s
H    0     0                    2.476687e+09 2.5122e+09  1.43%     -   99s
     0     0 2.5122e+09    0  285 2.4767e+09 2.5122e+09  1.43%     -  102s
     0     0 2.5122e+09    0  275 2.4767e+09 2.5122e+09  1.43%     -  103s
     0     0 2.5122e+09    0  292 2.4767e+09 2.5122e+09  1.43%     -  119s
     0     0 2.5122e+09    0  287 2.4767e+09 2.5122e+09  1.43%     -  127s
     0     0 2.5122e+09    0  292 2.4767e+09 2.5122e+09  1.43%     -  141s
     0     0 2.5122e+09    0  296 2.4767e+09 2.5122e+09  1.43%     -  147s
     0     0 2.5122e+09    0  288 2.4767e+09 2.5122e+09  1.43%     -  153s
     0     0 2.5122e+09    0  297 2.4767e+09 2.5122e+09  1.43%     -  156s
     0     0 2.5122e+09    0  299 2.4767e+09 2.5122e+09  1.43%     -  173s
     0     0 2.5122e+09    0  282 2.4767e+09 2.5122e+09  1.43%     -  181s
H    0     0                    2.477868e+09 2.5122e+09  1.38%     -  219s
H    0     0                    2.485231e+09 2.5122e+09  1.08%     -  239s
     0     2 2.5122e+09    0  276 2.4852e+09 2.5122e+09  1.08%     -  245s
     1     4 2.5122e+09    1  275 2.4852e+09 2.5122e+09  1.08% 11432  256s
     3     8 2.5122e+09    2  283 2.4852e+09 2.5122e+09  1.08%  4395  266s
     7    16 2.5122e+09    3  283 2.4852e+09 2.5122e+09  1.08%  2198  288s
    15    32 2.5122e+09    4  289 2.4852e+09 2.5122e+09  1.08%  1647  322s
H   31    52                    2.485400e+09 2.5122e+09  1.08%  1555  357s
H   36    52                    2.485959e+09 2.5122e+09  1.05%  1538  358s
H   38    52                    2.486071e+09 2.5122e+09  1.05%  1500  358s
    51    72 2.5122e+09    6  319 2.4861e+09 2.5122e+09  1.05%  1482  388s
    71    92 2.5122e+09    7  308 2.4861e+09 2.5122e+09  1.05%  1452  411s
H   91   112                    2.487019e+09 2.5122e+09  1.01%  1312  707s
H   92   112                    2.491698e+09 2.5122e+09  0.82%  1323  708s
H  105   112                    2.502361e+09 2.5122e+09  0.39%  1284  709s

Cutting planes:
  Cover: 65
  Implied bound: 178
  Clique: 2
  MIR: 77
  StrongCG: 2
  Flow cover: 74
  GUB cover: 3
  RLT: 10
  Relax-and-lift: 166

Explored 111 nodes (190549 simplex iterations) in 709.37 seconds (738.78 work units)
Thread count was 20 (of 40 available processors)

Solution count 10: 2.50236e+09 2.4917e+09 2.48702e+09 ... 2.47141e+09

Optimal solution found (tolerance 1.00e-02)
Best objective 2.502361121104e+09, best bound 2.512168996567e+09, gap 0.3919%
