
Gurobi 10.0.1 (linux64) logging started Wed May 24 12:32:37 2023

Set parameter LogFile to value "logFiles/A-2L-C/A-2L-6U-23F-15V-365D/basic-05-24-2023, 12-32-H70-P50-O15.log"
Gurobi Optimizer version 10.0.1 build v10.0.1rc0 (linux64)

CPU model: Intel(R) Xeon(R) Gold 5115 CPU @ 2.40GHz, instruction set [SSE2|AVX|AVX2|AVX512]
Thread count: 20 physical cores, 40 logical processors, using up to 20 threads

Optimize a model with 53441 rows, 415210 columns and 1857249 nonzeros
Model fingerprint: 0x9daecfba
Variable types: 175508 continuous, 239702 integer (239702 binary)
Coefficient statistics:
  Matrix range     [1e+00, 2e+05]
  Objective range  [4e+01, 3e+07]
  Bounds range     [1e+00, 1e+00]
  RHS range        [1e+00, 2e+06]
Presolve removed 40118 rows and 21610 columns (presolve time = 5s) ...
Presolve removed 40098 rows and 21591 columns
Presolve time: 9.24s
Presolved: 13343 rows, 393619 columns, 1691729 nonzeros
Variable types: 163727 continuous, 229892 integer (229884 binary)
Deterministic concurrent LP optimizer: primal simplex, dual simplex, and barrier
Showing barrier log only...

Root barrier log...

Ordering time: 2.08s

Barrier statistics:
 AA' NZ     : 8.560e+05
 Factor NZ  : 4.617e+06 (roughly 200 MB of memory)
 Factor Ops : 4.356e+09 (less than 1 second per iteration)
 Threads    : 17

                  Objective                Residual
Iter       Primal          Dual         Primal    Dual     Compl     Time
   0  -1.60620147e+16  4.17631676e+13  8.65e+08 1.39e+07  2.58e+12    15s
   1  -4.20374844e+15  4.65032820e+13  2.27e+08 7.24e+06  6.80e+11    16s
   2  -9.54547154e+14  4.41510882e+13  5.17e+07 3.48e-08  1.60e+11    16s
   3  -1.05328364e+14  3.71601422e+13  5.71e+06 4.97e-08  1.79e+10    16s
   4  -1.87503405e+13  2.33456526e+13  1.01e+06 3.74e-08  3.35e+09    17s
   5  -5.03176180e+12  1.42312452e+13  2.72e+05 3.48e-08  9.09e+08    17s
   6  -1.69624184e+12  8.45788877e+12  9.17e+04 2.99e-08  3.11e+08    17s
   7  -5.74228984e+11  6.54673676e+12  3.11e+04 2.60e-08  1.09e+08    17s
   8  -2.42357712e+11  5.50009504e+12  1.32e+04 2.25e-08  4.84e+07    18s
   9  -1.68569674e+11  4.25064685e+12  9.25e+03 6.71e-08  3.28e+07    18s
  10  -1.01499436e+11  3.52944346e+12  5.96e+03 2.79e-07  2.13e+07    18s
  11  -5.52167026e+10  2.01990975e+12  3.36e+03 5.18e-07  1.10e+07    19s
  12  -3.62721564e+10  1.66019251e+12  2.28e+03 7.56e-07  7.60e+06    19s
  13  -2.07414187e+10  1.01218346e+12  1.35e+03 4.77e-07  4.28e+06    19s
  14  -7.91735970e+09  4.16957518e+11  5.95e+02 1.19e-07  1.70e+06    20s
  15  -3.95152756e+09  2.64500224e+11  3.59e+02 1.72e-07  1.01e+06    20s
  16  -6.12638343e+07  1.47878328e+11  1.29e+02 6.70e-08  4.20e+05    20s
  17   1.33076860e+09  9.76802714e+10  4.83e+01 8.16e-08  2.08e+05    20s
  18   1.60658609e+09  6.46191755e+10  3.24e+01 1.49e-07  1.38e+05    21s
  19   1.88459621e+09  5.89059189e+10  1.66e+01 1.42e-07  1.02e+05    21s
  20   1.94763419e+09  4.61460108e+10  1.30e+01 1.19e-07  7.97e+04    21s
  21   2.01612680e+09  3.05472121e+10  8.91e+00 1.49e-07  5.28e+04    21s
  22   2.04141295e+09  1.93990147e+10  7.45e+00 1.71e-07  3.60e+04    22s
  23   2.05847502e+09  1.54247874e+10  6.49e+00 1.35e-07  2.94e+04    22s
  24   2.08397877e+09  1.34049413e+10  5.22e+00 1.98e-07  2.43e+04    22s
  25   2.09209472e+09  1.04356185e+10  4.66e+00 1.93e-07  1.93e+04    23s
  26   2.14118341e+09  9.30839704e+09  2.78e+00 1.79e-07  1.42e+04    23s
  27   2.16437435e+09  7.94185917e+09  2.23e+00 1.79e-07  1.12e+04    23s
  28   2.18252091e+09  6.27776659e+09  2.03e+00 1.79e-07  8.37e+03    24s
  29   2.23325209e+09  5.08400111e+09  1.36e+00 2.38e-07  5.44e+03    24s
  30   2.26698459e+09  4.78607170e+09  1.00e+00 2.38e-07  4.47e+03    24s
  31   2.27497286e+09  4.13604990e+09  9.11e-01 2.38e-07  3.36e+03    25s
  32   2.28859666e+09  3.62589128e+09  7.46e-01 1.79e-07  2.39e+03    25s
  33   2.30395830e+09  3.38404071e+09  5.59e-01 2.35e-07  1.84e+03    25s
  34   2.34583573e+09  3.23949458e+09  2.34e-01 2.29e-07  1.32e+03    26s
  35   2.35743361e+09  2.88686058e+09  1.88e-01 2.38e-07  7.88e+02    26s
  36   2.40290573e+09  2.73141933e+09  1.14e-01 1.79e-07  4.78e+02    26s
  37   2.41383916e+09  2.68203227e+09  1.01e-01 2.18e-07  3.91e+02    27s
  38   2.42483642e+09  2.66426870e+09  8.59e-02 2.98e-07  3.46e+02    27s
  39   2.43717430e+09  2.61992130e+09  7.15e-02 2.45e-07  2.65e+02    27s
  40   2.44692673e+09  2.59591761e+09  6.09e-02 1.89e-07  2.17e+02    27s
  41   2.46012701e+09  2.58974872e+09  4.67e-02 1.85e-07  1.85e+02    28s
  42   2.46766752e+09  2.57131674e+09  3.82e-02 2.16e-07  1.48e+02    28s
  43   2.47330690e+09  2.56560495e+09  3.24e-02 2.40e-07  1.31e+02    28s
  44   2.47994779e+09  2.54503079e+09  2.60e-02 2.09e-07  9.34e+01    29s
  45   2.48087683e+09  2.54312467e+09  2.51e-02 3.15e-07  8.94e+01    29s
  46   2.48796445e+09  2.53447976e+09  1.86e-02 2.56e-07  6.65e+01    29s
  47   2.49111842e+09  2.52736125e+09  1.59e-02 2.77e-07  5.23e+01    29s
  48   2.49330904e+09  2.52554085e+09  1.41e-02 3.35e-07  4.64e+01    30s
  49   2.49629811e+09  2.52301739e+09  1.16e-02 2.59e-07  3.83e+01    30s
  50   2.50034093e+09  2.52003946e+09  8.18e-03 2.72e-07  2.81e+01    30s
  51   2.50229845e+09  2.51690207e+09  6.77e-03 3.11e-07  2.10e+01    30s
  52   2.50386301e+09  2.51594417e+09  5.66e-03 2.19e-07  1.74e+01    31s
  53   2.50535107e+09  2.51542641e+09  4.62e-03 2.38e-07  1.44e+01    31s
  54   2.50713533e+09  2.51498096e+09  3.37e-03 2.44e-07  1.11e+01    31s
  55   2.50791227e+09  2.51451542e+09  2.81e-03 2.98e-07  9.36e+00    31s
  56   2.50816521e+09  2.51422447e+09  2.64e-03 2.38e-07  8.61e+00    32s
  57   2.50948363e+09  2.51369948e+09  1.75e-03 2.16e-07  5.95e+00    32s
  58   2.51026362e+09  2.51337935e+09  1.21e-03 2.09e-07  4.37e+00    32s
  59   2.51068777e+09  2.51299649e+09  9.27e-04 2.09e-07  3.24e+00    33s
  60   2.51113091e+09  2.51285444e+09  6.40e-04 1.93e-07  2.40e+00    33s
  61   2.51139839e+09  2.51275510e+09  4.72e-04 2.38e-07  1.88e+00    33s
  62   2.51171158e+09  2.51260860e+09  2.86e-04 1.80e-07  1.23e+00    34s
  63   2.51193387e+09  2.51251896e+09  1.61e-04 2.17e-07  7.97e-01    34s
  64   2.51196894e+09  2.51247387e+09  1.43e-04 2.42e-07  6.90e-01    34s
  65   2.51209721e+09  2.51239822e+09  7.83e-05 1.59e-07  4.09e-01    34s
  66   2.51217329e+09  2.51236568e+09  4.20e-05 2.01e-07  2.59e-01    35s
  67   2.51220355e+09  2.51230579e+09  2.81e-05 1.66e-07  1.40e-01    35s
  68   2.51224023e+09  2.51228796e+09  1.19e-05 1.79e-07  6.49e-02    35s
  69   2.51226602e+09  2.51227842e+09  9.63e-07 1.87e-07  1.61e-02    35s
  70   2.51226750e+09  2.51227077e+09  7.24e-07 3.74e-07  4.34e-03    36s
  71   2.51226842e+09  2.51226936e+09  2.49e-07 2.82e-07  1.26e-03    36s
  72   2.51226882e+09  2.51226894e+09  5.02e-07 3.75e-07  1.57e-04    36s
  73   2.51226891e+09  2.51226891e+09  7.66e-08 4.77e-07  2.89e-06    37s
  74   2.51226891e+09  2.51226891e+09  1.20e-07 3.58e-07  4.70e-09    37s

Barrier solved model in 74 iterations and 37.11 seconds (22.07 work units)
Optimal objective 2.51226891e+09


Root crossover log...

   10521 DPushes remaining with DInf 0.0000000e+00                37s
       0 DPushes remaining with DInf 0.0000000e+00                38s

     760 PPushes remaining with PInf 4.0189624e-06                38s
       0 PPushes remaining with PInf 0.0000000e+00                38s

  Push phase complete: Pinf 0.0000000e+00, Dinf 8.8689816e-08     38s


Root simplex log...

Iteration    Objective       Primal Inf.    Dual Inf.      Time
   11263    2.5122689e+09   0.000000e+00   0.000000e+00     38s
Concurrent spin time: 4.23s (can be avoided by choosing Method=3)

Solved with barrier
   11296    2.5122689e+09   0.000000e+00   0.000000e+00     42s
Extra simplex iterations after uncrush: 33

Root relaxation: objective 2.512269e+09, 11296 iterations, 31.23 seconds (12.90 work units)

    Nodes    |    Current Node    |     Objective Bounds      |     Work
 Expl Unexpl |  Obj  Depth IntInf | Incumbent    BestBd   Gap | It/Node Time

     0     0 2.5123e+09    0  258          - 2.5123e+09      -     -   45s
     0     0 2.5122e+09    0  254          - 2.5122e+09      -     -   65s
     0     0 2.5122e+09    0  246          - 2.5122e+09      -     -   77s
     0     0 2.5122e+09    0  248          - 2.5122e+09      -     -   82s
     0     0 2.5122e+09    0  245          - 2.5122e+09      -     -   84s
     0     0 2.5122e+09    0  282          - 2.5122e+09      -     -  101s
     0     0 2.5122e+09    0  274          - 2.5122e+09      -     -  113s
     0     0 2.5122e+09    0  279          - 2.5122e+09      -     -  115s
     0     0 2.5122e+09    0  289          - 2.5122e+09      -     -  126s
     0     0 2.5122e+09    0  280          - 2.5122e+09      -     -  133s
     0     0 2.5122e+09    0  280          - 2.5122e+09      -     -  133s
     0     0 2.5122e+09    0  263          - 2.5122e+09      -     -  154s
     0     0 2.5122e+09    0  265          - 2.5122e+09      -     -  164s
     0     0 2.5122e+09    0  263          - 2.5122e+09      -     -  165s
     0     0 2.5122e+09    0  276          - 2.5122e+09      -     -  177s
     0     0 2.5122e+09    0  282          - 2.5122e+09      -     -  184s
     0     0 2.5122e+09    0  280          - 2.5122e+09      -     -  193s
     0     0 2.5122e+09    0  282          - 2.5122e+09      -     -  198s
     0     0 2.5122e+09    0  287          - 2.5122e+09      -     -  207s
     0     0 2.5122e+09    0  282          - 2.5122e+09      -     -  213s
     0     2 2.5122e+09    0  268          - 2.5122e+09      -     -  300s
     1     4 2.5122e+09    1  262          - 2.5122e+09      - 11788  334s
     3     8 2.5122e+09    2  263          - 2.5122e+09      -  5519  366s
     7    16 2.5122e+09    3  272          - 2.5122e+09      -  3086  382s
    15    32 2.5122e+09    4  281          - 2.5122e+09      -  1627  423s
    31    52 2.5122e+09    5  275          - 2.5122e+09      -  1259  452s
    51    72 2.5122e+09    6  275          - 2.5122e+09      -   903  477s
    71    92 2.5122e+09    6  267          - 2.5122e+09      -   753  500s
    91   112 2.5122e+09    7  275          - 2.5122e+09      -   675  523s
   111   132 2.5122e+09    7  268          - 2.5122e+09      -   626  552s
   131   153 2.5122e+09    8  279          - 2.5122e+09      -   626  576s
   152   174 2.5122e+09    8  256          - 2.5122e+09      -   584  600s
   173   195 2.5122e+09    9  267          - 2.5122e+09      -   571  631s
   194   215 2.5122e+09   10  278          - 2.5122e+09      -   574  667s
   214   236 2.5122e+09   11  276          - 2.5122e+09      -   579  692s
   235   257 2.5122e+09   12  276          - 2.5122e+09      -   557  718s
   256   278 2.5122e+09   13  282          - 2.5122e+09      -   536  742s
   277   300 2.5122e+09   14  282          - 2.5122e+09      -   524  761s
   299   320 2.5122e+09   15  278          - 2.5122e+09      -   514  780s
   319   347 2.5122e+09   16  281          - 2.5122e+09      -   522  801s
   346   398 2.5122e+09   17  278          - 2.5122e+09      -   518  833s
H  391   398                    2.432342e+09 2.5122e+09  3.28%   502  834s
H  397   418                    2.496681e+09 2.5122e+09  0.62%   504 1063s

Cutting planes:
  Cover: 21
  Implied bound: 58
  MIR: 46
  Flow cover: 9
  GUB cover: 1
  Zero half: 2
  RLT: 4
  Relax-and-lift: 208

Explored 417 nodes (257880 simplex iterations) in 1063.31 seconds (785.21 work units)
Thread count was 20 (of 40 available processors)

Solution count 2: 2.49668e+09 2.43234e+09 

Optimal solution found (tolerance 1.00e-02)
Best objective 2.496681057134e+09, best bound 2.512162501600e+09, gap 0.6201%
