
Gurobi 9.5.2 (mac64[x86]) logging started Sun May 21 13:07:43 2023

Set parameter LogFile to value "logFiles/A-2L-D/A-2L-6U-8F-15V-120D/basic-05-21-2023, 13-07-H80-P70-O5.log"
Gurobi Optimizer version 9.5.2 build v9.5.2rc0 (mac64[x86])
Thread count: 4 physical cores, 8 logical processors, using up to 8 threads
Optimize a model with 29093 rows, 356575 columns and 1949530 nonzeros
Model fingerprint: 0x2b632df1
Variable types: 105149 continuous, 251426 integer (251426 binary)
Coefficient statistics:
  Matrix range     [1e+00, 2e+05]
  Objective range  [4e+01, 3e+07]
  Bounds range     [1e+00, 1e+00]
  RHS range        [1e+00, 3e+06]
Presolve removed 16459 rows and 13365 columns (presolve time = 5s) ...
Presolve removed 16428 rows and 13334 columns
Presolve time: 9.79s
Presolved: 12665 rows, 343241 columns, 1667728 nonzeros
Variable types: 96737 continuous, 246504 integer (246491 binary)

Deterministic concurrent LP optimizer: primal and dual simplex
Showing first log only...


Root simplex log...

Iteration    Objective       Primal Inf.    Dual Inf.      Time
       0    1.2717066e+08   1.886356e+05   2.884328e+13     16s
   48286    1.2717390e+08   1.665013e+01   8.196612e+10     20s
   66021    1.2717252e+08   1.063961e+01   4.345063e+10     25s
   83848    1.2717149e+08   6.563817e+00   5.020379e+10     30s
  101834    1.2716659e+08   3.961562e+00   3.233579e+10     35s
  117927    1.2716170e+08   1.929628e+00   1.896524e+11     40s
  131509    1.2715379e+08   7.250198e-01   4.771143e+10     45s
  142338    1.2688000e+08   2.546150e+03   0.000000e+00     51s
  143068    1.2688000e+08   2.007374e+03   0.000000e+00     55s
  145257    1.2688000e+08   4.885853e+03   0.000000e+00     60s
  149569    1.2688000e+08   1.302629e+04   0.000000e+00     65s
  151309    1.2688000e+08   1.531794e+03   0.000000e+00     70s
  153019    1.2688000e+08   3.652427e+03   0.000000e+00     75s
  155779    1.2688000e+08   3.287989e+03   0.000000e+00     80s
  157739    1.2688000e+08   3.563182e+03   0.000000e+00     85s
  159339    1.2688000e+08   1.889523e+02   0.000000e+00     90s
  160839    1.2688000e+08   2.057167e+02   0.000000e+00     95s
  162349    1.2688000e+08   2.234491e+02   0.000000e+00    100s
  163549    1.2688000e+08   1.296451e+02   0.000000e+00    105s
  164559    1.2688000e+08   8.127763e+01   0.000000e+00    110s
Warning: Markowitz tolerance tightened to 0.5
  166114    9.7413008e+08   0.000000e+00   3.550350e+11    115s
  169469    9.9519959e+08   0.000000e+00   4.650491e+12    115s
  194108    1.1404347e+09   0.000000e+00   8.155842e+11    120s
  216641    1.1808455e+09   0.000000e+00   7.422798e+11    125s
  234601    1.1903320e+09   0.000000e+00   4.994734e+12    130s
  251738    1.1952992e+09   0.000000e+00   6.733087e+10    135s
  269079    1.1968792e+09   0.000000e+00   3.260843e+10    140s
  284673    1.1976588e+09   0.000000e+00   2.095951e+11    145s
  300353    1.1982924e+09   0.000000e+00   3.525798e+10    150s
  317240    1.1988185e+09   0.000000e+00   1.644833e+11    155s
  332239    1.1993664e+09   0.000000e+00   5.743874e+09    160s
  347209    1.1996860e+09   0.000000e+00   1.249542e+09    165s
Concurrent spin time: 0.00s

Solved with dual simplex

Root relaxation: objective 1.199944e+09, 172072 iterations, 154.18 seconds (108.30 work units)

    Nodes    |    Current Node    |     Objective Bounds      |     Work
 Expl Unexpl |  Obj  Depth IntInf | Incumbent    BestBd   Gap | It/Node Time

     0     0 1.1999e+09    0  195          - 1.1999e+09      -     -  170s
     0     0 1.1999e+09    0  206          - 1.1999e+09      -     -  213s
     0     0 1.1999e+09    0  207          - 1.1999e+09      -     -  222s
     0     0 1.1999e+09    0  205          - 1.1999e+09      -     -  223s
     0     0 1.1999e+09    0  203          - 1.1999e+09      -     -  243s
     0     0 1.1999e+09    0  201          - 1.1999e+09      -     -  247s
     0     0 1.1999e+09    0  206          - 1.1999e+09      -     -  248s
     0     0 1.1999e+09    0  177          - 1.1999e+09      -     -  273s
H    0     0                    1.191204e+09 1.1999e+09  0.73%     -  288s
H    0     0                    1.195286e+09 1.1999e+09  0.39%     -  358s

Cutting planes:
  Cover: 9
  Implied bound: 15
  Clique: 1
  MIR: 16
  Flow cover: 17
  GUB cover: 1
  RLT: 4
  Relax-and-lift: 16

Explored 1 nodes (186911 simplex iterations) in 358.64 seconds (259.44 work units)
Thread count was 8 (of 8 available processors)

Solution count 2: 1.19529e+09 1.1912e+09 

Optimal solution found (tolerance 5.00e-03)
Best objective 1.195286018587e+09, best bound 1.199928966695e+09, gap 0.3884%
Gurobi Optimizer version 9.5.2 build v9.5.2rc0 (mac64[x86])
Thread count: 4 physical cores, 8 logical processors, using up to 8 threads
Optimize a model with 31899 rows, 362517 columns and 1879653 nonzeros
Model fingerprint: 0x3b34a277
Variable types: 1585 continuous, 360932 integer (360932 binary)
Coefficient statistics:
  Matrix range     [1e+00, 2e+05]
  Objective range  [4e+01, 3e+07]
  Bounds range     [6e-14, 3e+05]
  RHS range        [1e+00, 3e+06]
Presolve removed 29385 rows and 349356 columns
Presolve time: 1.47s
Presolved: 2514 rows, 13161 columns, 64238 nonzeros
Variable types: 810 continuous, 12351 integer (12348 binary)

Root relaxation: objective 1.244897e+09, 5466 iterations, 0.33 seconds (0.29 work units)

    Nodes    |    Current Node    |     Objective Bounds      |     Work
 Expl Unexpl |  Obj  Depth IntInf | Incumbent    BestBd   Gap | It/Node Time

     0     0 1.2449e+09    0  103          - 1.2449e+09      -     -    2s
H    0     0                    1.207773e+09 1.2449e+09  3.07%     -    3s
H    0     0                    1.207829e+09 1.2449e+09  3.07%     -    5s
     0     0 1.2448e+09    0  111 1.2078e+09 1.2448e+09  3.06%     -    6s
H    0     0                    1.216307e+09 1.2448e+09  2.34%     -    9s
     0     0 1.2437e+09    0  115 1.2163e+09 1.2437e+09  2.25%     -    9s
     0     0 1.2437e+09    0  115 1.2163e+09 1.2437e+09  2.25%     -    9s
     0     0 1.2421e+09    0  114 1.2163e+09 1.2421e+09  2.12%     -    9s
     0     0 1.2421e+09    0  111 1.2163e+09 1.2421e+09  2.12%     -    9s
     0     0 1.2421e+09    0  114 1.2163e+09 1.2421e+09  2.12%     -    9s
     0     0 1.2418e+09    0  103 1.2163e+09 1.2418e+09  2.10%     -   10s
     0     0 1.2418e+09    0  117 1.2163e+09 1.2418e+09  2.10%     -   10s
     0     0 1.2418e+09    0  118 1.2163e+09 1.2418e+09  2.10%     -   10s
     0     0 1.2418e+09    0  121 1.2163e+09 1.2418e+09  2.10%     -   10s
     0     0 1.2418e+09    0  121 1.2163e+09 1.2418e+09  2.10%     -   10s
     0     0 1.2418e+09    0  123 1.2163e+09 1.2418e+09  2.10%     -   10s
     0     0 1.2417e+09    0  124 1.2163e+09 1.2417e+09  2.09%     -   11s
     0     0 1.2417e+09    0  129 1.2163e+09 1.2417e+09  2.09%     -   11s
     0     0 1.2417e+09    0  137 1.2163e+09 1.2417e+09  2.09%     -   11s
     0     0 1.2414e+09    0  129 1.2163e+09 1.2414e+09  2.07%     -   12s
     0     0 1.2414e+09    0  123 1.2163e+09 1.2414e+09  2.07%     -   12s
     0     0 1.2414e+09    0  125 1.2163e+09 1.2414e+09  2.06%     -   12s
     0     0 1.2414e+09    0  120 1.2163e+09 1.2414e+09  2.06%     -   13s
     0     2 1.2414e+09    0  120 1.2163e+09 1.2414e+09  2.06%     -   13s
     3     8 1.2414e+09    2  120 1.2163e+09 1.2414e+09  2.06%  90.3   15s
H   27    32                    1.227656e+09 1.2414e+09  1.12%   118   23s
H   80   104                    1.228067e+09 1.2414e+09  1.09%  67.8   25s
   243   531 1.2414e+09   57  109 1.2281e+09 1.2414e+09  1.09%  43.9   30s
H 1421  1705                    1.228108e+09 1.2414e+09  1.08%  19.7   37s
H 1729  2052                    1.228296e+09 1.2414e+09  1.07%  18.3   39s
  2087  2786 1.2388e+09  478   58 1.2283e+09 1.2414e+09  1.07%  16.9   42s
  2847  3387 1.2385e+09  675   46 1.2283e+09 1.2414e+09  1.07%  14.2   47s
H 3464  3386                    1.228372e+09 1.2414e+09  1.06%  12.7   47s
  4211  4833 1.2379e+09  938   32 1.2284e+09 1.2414e+09  1.06%  11.5   51s
  5617  5345 1.2409e+09  636  120 1.2284e+09 1.2414e+09  1.06%  10.5   57s
  5620  5347 1.2412e+09  154  109 1.2284e+09 1.2414e+09  1.06%  10.5   61s
  5629  5353 1.2402e+09 1001  120 1.2284e+09 1.2414e+09  1.06%  10.5   65s
  5649  5366 1.2345e+09 1174  133 1.2284e+09 1.2413e+09  1.06%  10.4   70s
H 5671  5111                    1.228379e+09 1.2413e+09  1.05%  10.4   74s
  5672  5112 1.2413e+09   75  150 1.2284e+09 1.2413e+09  1.05%  10.4   75s
  5697  5128 1.2412e+09  323  163 1.2284e+09 1.2412e+09  1.04%  10.3   80s
  5706  5134 1.2412e+09  334  181 1.2284e+09 1.2412e+09  1.04%  10.3   85s
H 5708  4877                    1.228385e+09 1.2412e+09  1.04%  10.3   86s
  5722  4886 1.2378e+09  968  178 1.2284e+09 1.2412e+09  1.04%  10.3   91s
H 5731  4646                    1.228474e+09 1.2411e+09  1.03%  10.3   94s
  5734  4648 1.2389e+09  269  179 1.2285e+09 1.2411e+09  1.03%  10.3   95s
  5749  4659 1.2345e+09 1174  107 1.2285e+09 1.2411e+09  1.03%  13.0  100s
H 5762  4434                    1.228490e+09 1.2411e+09  1.03%  13.0  105s
  5775  4443 1.2407e+09  865  170 1.2285e+09 1.2411e+09  1.03%  13.0  110s
  5785  4449 1.2411e+09   25  167 1.2285e+09 1.2411e+09  1.03%  12.9  115s
  5788  4454 1.2411e+09   25  157 1.2285e+09 1.2411e+09  1.02%  14.6  126s
  5794  4458 1.2411e+09   27  149 1.2285e+09 1.2411e+09  1.02%  14.9  131s
  5816  4470 1.2411e+09   30  149 1.2285e+09 1.2411e+09  1.02%  15.8  136s
H 5819  4246                    1.228518e+09 1.2411e+09  1.02%  15.9  136s
H 5845  4055                    1.228518e+09 1.2411e+09  1.02%  16.6  138s
  5854  4064 1.2409e+09   34  126 1.2285e+09 1.2411e+09  1.02%  17.1  140s
  5952  4174 1.2411e+09   44  134 1.2285e+09 1.2411e+09  1.02%  19.0  145s
  6128  4313 1.2410e+09   54  117 1.2285e+09 1.2411e+09  1.02%  20.8  150s
  6287  4430 1.2410e+09   62  115 1.2285e+09 1.2411e+09  1.02%  22.3  157s
  6372  4543 1.2409e+09   65  104 1.2285e+09 1.2411e+09  1.02%  22.7  160s
  6832  4712 1.2409e+09  105   80 1.2285e+09 1.2411e+09  1.02%  24.5  169s
  6836  4803 1.2408e+09  105   84 1.2285e+09 1.2411e+09  1.02%  24.5  170s
H 7166  4764                    1.228518e+09 1.2411e+09  1.02%  25.6  174s
  7201  4991 1.2408e+09  143   94 1.2285e+09 1.2411e+09  1.02%  25.6  175s
  7647  5066 1.2408e+09  186   74 1.2285e+09 1.2411e+09  1.02%  26.5  182s
  7922  5358 1.2408e+09  204   75 1.2285e+09 1.2411e+09  1.02%  26.9  186s
  8147  5448 1.2406e+09  239   67 1.2285e+09 1.2411e+09  1.02%  28.0  190s
H 8509  5564                    1.228518e+09 1.2411e+09  1.02%  29.8  197s
  8894  5931 1.2405e+09  318   64 1.2285e+09 1.2411e+09  1.02%  30.4  201s
  9176  6350 1.2405e+09  338   65 1.2285e+09 1.2411e+09  1.02%  30.3  205s
 10087  6427 1.2404e+09  418   61 1.2285e+09 1.2411e+09  1.02%  30.8  211s
 10520  7142 1.2404e+09  452   73 1.2285e+09 1.2411e+09  1.02%  31.6  216s
 11037  7542 1.2404e+09  499   59 1.2285e+09 1.2411e+09  1.02%  32.3  222s
 11760  7586 1.2399e+09  571   46 1.2285e+09 1.2411e+09  1.02%  33.8  227s
 11938  7779 1.2355e+09  594   38 1.2285e+09 1.2411e+09  1.02%  34.2  230s
 12491  7870 1.2398e+09  639   75 1.2285e+09 1.2411e+09  1.02%  34.6  238s
 12657  7966 1.2398e+09  662   55 1.2285e+09 1.2411e+09  1.02%  34.9  241s
 12812  8096 1.2396e+09  694   43 1.2285e+09 1.2411e+09  1.02%  35.2  248s
 13005  8461 1.2396e+09  697   37 1.2285e+09 1.2411e+09  1.02%  35.3  252s
 13482  8880 1.2395e+09  757   15 1.2285e+09 1.2411e+09  1.02%  35.4  256s
 14242  9597 1.2345e+09  875   11 1.2285e+09 1.2411e+09  1.02%  34.9  261s
 15736  9520 1.2344e+09   42   88 1.2285e+09 1.2411e+09  1.02%  33.3  268s
 16088  9914 1.2410e+09   48  129 1.2285e+09 1.2411e+09  1.02%  33.2  271s
 16607 10095 1.2314e+09   61   28 1.2285e+09 1.2411e+09  1.02%  32.8  281s
 17011 10372 1.2302e+09  101   25 1.2285e+09 1.2411e+09  1.02%  32.5  285s
 17562 11338 1.2295e+09  257   13 1.2285e+09 1.2411e+09  1.02%  31.8  290s
 19308 12012 1.2409e+09   58  108 1.2285e+09 1.2410e+09  1.02%  30.0  295s
 21072 13733 1.2347e+09  568   40 1.2285e+09 1.2410e+09  1.02%  28.6  302s
 21773 13734 1.2368e+09  855  120 1.2285e+09 1.2410e+09  1.02%  27.8  350s
 21784 13741 1.2322e+09  125   89 1.2285e+09 1.2401e+09  0.94%  27.8  355s
 21793 13747 1.2387e+09  298  129 1.2285e+09 1.2387e+09  0.83%  27.8  360s
 21798 13751 1.2355e+09  618  146 1.2285e+09 1.2387e+09  0.83%  27.8  366s
 21805 13755 1.2304e+09 1072  134 1.2285e+09 1.2386e+09  0.82%  27.8  370s
 21812 13760 1.2374e+09  837  154 1.2285e+09 1.2386e+09  0.82%  27.7  375s
 21819 13765 1.2386e+09  174  163 1.2285e+09 1.2386e+09  0.82%  27.7  380s
 21824 13768 1.2329e+09 1166  163 1.2285e+09 1.2386e+09  0.82%  27.7  386s
 21830 13772 1.2386e+09  249  151 1.2285e+09 1.2386e+09  0.82%  27.7  391s
 21832 13773 1.2385e+09  323  156 1.2285e+09 1.2385e+09  0.82%  27.7  396s
 21836 13776 1.2385e+09  370  163 1.2285e+09 1.2385e+09  0.82%  27.7  400s
 21839 13778 1.2330e+09  576  163 1.2285e+09 1.2385e+09  0.82%  27.7  405s
 21846 13783 1.2385e+09   57  174 1.2285e+09 1.2385e+09  0.81%  27.7  410s
 21851 13786 1.2385e+09  148  155 1.2285e+09 1.2385e+09  0.81%  27.7  420s
 21855 13789 1.2382e+09  692  175 1.2285e+09 1.2385e+09  0.81%  27.7  425s
 21858 13791 1.2348e+09  762  170 1.2285e+09 1.2385e+09  0.81%  27.7  430s
 21862 13793 1.2368e+09  684  183 1.2285e+09 1.2385e+09  0.81%  27.7  435s
 21869 13798 1.2384e+09  455  172 1.2285e+09 1.2384e+09  0.81%  27.7  441s
 21874 13801 1.2343e+09  897  192 1.2285e+09 1.2384e+09  0.81%  27.7  445s
 21879 13805 1.2361e+09  527  186 1.2285e+09 1.2384e+09  0.81%  27.7  450s
 21884 13808 1.2322e+09  125  198 1.2285e+09 1.2384e+09  0.81%  27.7  455s
 21890 13812 1.2297e+09  806  198 1.2285e+09 1.2384e+09  0.81%  27.6  461s
 21896 13816 1.2350e+09  758  199 1.2285e+09 1.2384e+09  0.81%  27.6  466s
 21899 13818 1.2329e+09  630  203 1.2285e+09 1.2384e+09  0.81%  27.6  470s
 21904 13821 1.2384e+09  215  204 1.2285e+09 1.2384e+09  0.81%  27.6  475s
 21908 13824 1.2340e+09  949  203 1.2285e+09 1.2384e+09  0.81%  27.6  480s
 21912 13827 1.2374e+09  837  215 1.2285e+09 1.2384e+09  0.81%  27.6  485s
 21915 13829 1.2377e+09  224  222 1.2285e+09 1.2384e+09  0.81%  27.6  490s
 21918 13831 1.2384e+09  409  224 1.2285e+09 1.2384e+09  0.80%  27.6  496s
 21922 13833 1.2384e+09  370  232 1.2285e+09 1.2384e+09  0.80%  27.6  500s
 21924 13835 1.2329e+09 1166  220 1.2285e+09 1.2384e+09  0.80%  27.6  506s
 21928 13837 1.2307e+09 1193  211 1.2285e+09 1.2384e+09  0.80%  27.6  510s
 21931 13839 1.2384e+09  433  212 1.2285e+09 1.2384e+09  0.80%  27.6  515s
 21936 13843 1.2384e+09  370  223 1.2285e+09 1.2384e+09  0.80%  27.6  523s
 21937 13843 1.2368e+09  611  226 1.2285e+09 1.2384e+09  0.80%  27.6  525s
 21940 13845 1.2384e+09   64  216 1.2285e+09 1.2384e+09  0.80%  27.6  530s
 21945 13849 1.2344e+09  877  220 1.2285e+09 1.2384e+09  0.80%  27.6  536s
 21947 13850 1.2341e+09  260  214 1.2285e+09 1.2384e+09  0.80%  27.6  540s
 21952 13853 1.2384e+09  259  218 1.2285e+09 1.2384e+09  0.80%  27.6  546s
 21954 13855 1.2370e+09  660  222 1.2285e+09 1.2384e+09  0.80%  27.6  550s
 21957 13857 1.2378e+09  112  241 1.2285e+09 1.2384e+09  0.80%  27.6  555s
 21961 13859 1.2384e+09  212  225 1.2285e+09 1.2384e+09  0.80%  27.6  560s
 21965 13862 1.2319e+09  705  204 1.2285e+09 1.2384e+09  0.80%  27.6  565s
 21969 13865 1.2384e+09  455  211 1.2285e+09 1.2384e+09  0.80%  27.5  570s
 21973 13867 1.2368e+09  855  215 1.2285e+09 1.2384e+09  0.80%  27.5  576s
 21978 13871 1.2383e+09  273  219 1.2285e+09 1.2383e+09  0.80%  27.5  580s
 21982 13873 1.2345e+09  837  219 1.2285e+09 1.2383e+09  0.80%  27.5  586s
 21986 13876 1.2339e+09  815  227 1.2285e+09 1.2383e+09  0.80%  27.5  590s
 21987 13877 1.2335e+09 1273  232 1.2285e+09 1.2383e+09  0.80%  27.5  595s
 21990 13879 1.2297e+09  806  221 1.2285e+09 1.2383e+09  0.80%  27.5  600s
 21994 13881 1.2363e+09  244  235 1.2285e+09 1.2383e+09  0.80%  27.5  606s
 21997 13883 1.2375e+09  497  239 1.2285e+09 1.2383e+09  0.80%  27.5  610s
 21999 13885 1.2329e+09  630  238 1.2285e+09 1.2383e+09  0.80%  27.5  616s
 22001 13886 1.2342e+09  829  232 1.2285e+09 1.2383e+09  0.80%  27.5  620s
 22004 13888 1.2383e+09  215  234 1.2285e+09 1.2383e+09  0.80%  27.5  626s
 22008 13891 1.2340e+09  949  246 1.2285e+09 1.2383e+09  0.80%  27.5  632s
 22010 13892 1.2344e+09  892  245 1.2285e+09 1.2383e+09  0.80%  27.5  635s
 22012 13893 1.2374e+09  837  245 1.2285e+09 1.2383e+09  0.80%  27.5  640s
 22015 13895 1.2377e+09  224  252 1.2285e+09 1.2383e+09  0.80%  27.5  645s
 22018 13897 1.2383e+09  409  248 1.2285e+09 1.2383e+09  0.80%  27.5  654s
 22019 13898 1.2383e+09  174  248 1.2285e+09 1.2383e+09  0.80%  27.5  655s
 22022 13900 1.2383e+09  370  235 1.2285e+09 1.2383e+09  0.80%  27.5  661s
 22025 13902 1.2374e+09  529  244 1.2285e+09 1.2383e+09  0.80%  27.5  665s
 22028 13904 1.2307e+09 1193  242 1.2285e+09 1.2383e+09  0.80%  27.5  672s
 22031 13906 1.2383e+09  433  245 1.2285e+09 1.2383e+09  0.80%  27.5  675s
 22034 13908 1.2339e+09 1195  250 1.2285e+09 1.2383e+09  0.80%  27.5  681s
 22036 13909 1.2383e+09  370  242 1.2285e+09 1.2383e+09  0.80%  27.5  685s
 22039 13911 1.2330e+09  576  241 1.2285e+09 1.2383e+09  0.80%  27.5  691s
 22046 13917 1.2383e+09   57  109 1.2285e+09 1.2383e+09  0.80%  28.8  697s
 22047 13918 1.2341e+09  260  110 1.2285e+09 1.2383e+09  0.80%  28.8  700s
 22060 13927 1.2383e+09  385  135 1.2285e+09 1.2383e+09  0.80%  28.8  705s
 22069 13933 1.2383e+09  455  244 1.2285e+09 1.2383e+09  0.80%  28.8  710s
 22072 13935 1.2335e+09  780  247 1.2285e+09 1.2383e+09  0.80%  28.8  716s
 22076 13937 1.2383e+09   46  209 1.2285e+09 1.2383e+09  0.80%  28.8  720s
 22081 13941 1.2318e+09 1068  231 1.2285e+09 1.2383e+09  0.80%  28.8  725s
 22085 13943 1.2375e+09  315  223 1.2285e+09 1.2383e+09  0.80%  28.8  733s
 22087 13945 1.2335e+09 1273  209 1.2285e+09 1.2383e+09  0.80%  28.8  736s
 22090 13947 1.2297e+09  806  196 1.2285e+09 1.2383e+09  0.80%  28.8  740s
 22094 13949 1.2363e+09  244  204 1.2285e+09 1.2383e+09  0.79%  28.8  745s
 22097 13951 1.2375e+09  497  231 1.2285e+09 1.2383e+09  0.79%  28.8  752s
 22099 13953 1.2329e+09  630  235 1.2285e+09 1.2383e+09  0.79%  28.8  756s
 22101 13954 1.2342e+09  829  201 1.2285e+09 1.2383e+09  0.79%  28.8  760s
 22106 13957 1.2368e+09  771  247 1.2285e+09 1.2383e+09  0.79%  28.8  768s
 22108 13959 1.2340e+09  949  242 1.2285e+09 1.2383e+09  0.79%  28.8  771s
 22112 13961 1.2374e+09  837  237 1.2285e+09 1.2383e+09  0.79%  28.8  775s
 22116 13964 1.2378e+09  862  250 1.2285e+09 1.2383e+09  0.79%  28.8  783s
 22118 13965 1.2383e+09  409  251 1.2285e+09 1.2383e+09  0.79%  28.8  787s
 22121 13967 1.2343e+09  782  249 1.2285e+09 1.2383e+09  0.79%  28.7  790s
 22125 13970 1.2374e+09  529  257 1.2285e+09 1.2383e+09  0.79%  28.7  795s
 22126 13971 1.2383e+09  175  260 1.2285e+09 1.2383e+09  0.79%  28.7  800s
 22130 13973 1.2383e+09  249  246 1.2285e+09 1.2383e+09  0.79%  28.7  806s
 22133 13975 1.2365e+09  638  259 1.2285e+09 1.2383e+09  0.79%  28.7  810s
 22136 13977 1.2383e+09  370  260 1.2285e+09 1.2383e+09  0.79%  28.7  818s
 22138 13979 1.2335e+09  628  257 1.2285e+09 1.2383e+09  0.79%  28.7  821s
 22141 13981 1.2383e+09  388  267 1.2285e+09 1.2383e+09  0.79%  28.7  825s
 22144 13983 1.2347e+09  815  268 1.2285e+09 1.2383e+09  0.79%  28.7  830s
 22146 13984 1.2383e+09   57  273 1.2285e+09 1.2383e+09  0.79%  28.7  840s
 22149 13986 1.2343e+09  174  268 1.2285e+09 1.2383e+09  0.79%  28.7  845s
 22153 13989 1.2382e+09  399  264 1.2285e+09 1.2382e+09  0.79%  28.7  851s
 22155 13990 1.2382e+09  692  271 1.2285e+09 1.2382e+09  0.79%  28.7  855s
 22156 13991 1.2347e+09  567  270 1.2285e+09 1.2382e+09  0.79%  28.7  862s
 22158 13992 1.2348e+09  762  270 1.2285e+09 1.2382e+09  0.79%  28.7  865s
 22161 13994 1.2382e+09  212  268 1.2285e+09 1.2382e+09  0.79%  28.7  870s
 22164 13996 1.2377e+09  273  272 1.2285e+09 1.2382e+09  0.79%  28.7  875s
 22166 13997 1.2382e+09  224  282 1.2285e+09 1.2382e+09  0.79%  28.7  880s
 22170 14000 1.2351e+09  811  283 1.2285e+09 1.2382e+09  0.79%  28.7  885s
 22174 14003 1.2343e+09  897  277 1.2285e+09 1.2382e+09  0.79%  28.7  890s
 22176 14004 1.2382e+09   46  273 1.2285e+09 1.2382e+09  0.79%  28.7  897s
 22179 14006 1.2361e+09  527  280 1.2285e+09 1.2382e+09  0.79%  28.7  901s
 22182 14008 1.2345e+09  837  270 1.2285e+09 1.2382e+09  0.79%  28.7  905s
 22186 14011 1.2339e+09  815  270 1.2285e+09 1.2382e+09  0.79%  28.7  914s
 22187 14011 1.2335e+09 1273  271 1.2285e+09 1.2382e+09  0.79%  28.7  915s
 22190 14013 1.2297e+09  806  274 1.2285e+09 1.2382e+09  0.79%  28.7  920s
 22194 14016 1.2363e+09  244  282 1.2285e+09 1.2382e+09  0.79%  28.7  925s
 22196 14017 1.2350e+09  758  285 1.2285e+09 1.2382e+09  0.79%  28.6  931s
 22198 14019 1.2355e+09  618  282 1.2285e+09 1.2382e+09  0.79%  28.6  935s
 22201 14021 1.2342e+09  829  282 1.2285e+09 1.2382e+09  0.79%  28.6  940s
 22204 14023 1.2382e+09  215  276 1.2285e+09 1.2382e+09  0.79%  28.6  945s
 22206 14024 1.2368e+09  771  280 1.2285e+09 1.2382e+09  0.79%  28.6  951s
 22209 14026 1.2343e+09  162  274 1.2285e+09 1.2382e+09  0.79%  28.6  955s
 22212 14028 1.2374e+09  837  274 1.2285e+09 1.2382e+09  0.79%  28.6  961s
 22215 14030 1.2377e+09  224  276 1.2285e+09 1.2382e+09  0.79%  28.6  970s
 22218 14032 1.2382e+09  409  278 1.2285e+09 1.2382e+09  0.79%  28.6  975s
 22222 14035 1.2382e+09  370  288 1.2285e+09 1.2382e+09  0.79%  28.6  980s
 22225 14037 1.2374e+09  529  283 1.2285e+09 1.2382e+09  0.79%  28.6  988s
 22226 14037 1.2382e+09  175  280 1.2285e+09 1.2382e+09  0.79%  28.6  990s
 22230 14040 1.2382e+09  249  290 1.2285e+09 1.2382e+09  0.79%  28.6  995s
 22234 14043 1.2339e+09 1195  285 1.2285e+09 1.2382e+09  0.79%  28.6 1000s
 22236 14044 1.2382e+09  370  284 1.2285e+09 1.2382e+09  0.79%  28.6 1005s
 22239 14046 1.2330e+09  576  281 1.2285e+09 1.2382e+09  0.79%  28.6 1010s
 22243 14049 1.2351e+09  698  284 1.2285e+09 1.2382e+09  0.79%  28.6 1016s
 22245 14050 1.2344e+09  877  288 1.2285e+09 1.2382e+09  0.79%  28.6 1023s
 22247 14051 1.2341e+09  260  289 1.2285e+09 1.2382e+09  0.79%  28.6 1026s
 22251 14054 1.2382e+09  148  295 1.2285e+09 1.2382e+09  0.79%  28.6 1031s
 22254 14056 1.2370e+09  660  303 1.2285e+09 1.2382e+09  0.79%  28.6 1035s
 22255 14057 1.2382e+09  692  298 1.2285e+09 1.2382e+09  0.79%  28.6 1040s
 22259 14059 1.2382e+09  154  298 1.2285e+09 1.2382e+09  0.79%  28.6 1046s
 22263 14062 1.2382e+09  222  291 1.2285e+09 1.2382e+09  0.79%  28.6 1050s
 22266 14064 1.2382e+09  224  299 1.2285e+09 1.2382e+09  0.79%  28.6 1060s
 22268 14065 1.2382e+09  466  290 1.2285e+09 1.2382e+09  0.79%  28.6 1065s
 22269 14066 1.2382e+09  455  290 1.2285e+09 1.2382e+09  0.79%  28.6 1079s
 22270 14070 1.2382e+09   50  288 1.2285e+09 1.2382e+09  0.79%  29.8 1091s
 22272 14073 1.2382e+09   51  264 1.2285e+09 1.2382e+09  0.79%  29.9 1102s
 22276 14076 1.2382e+09   52  270 1.2285e+09 1.2382e+09  0.79%  30.0 1106s
 22288 14084 1.2367e+09   53  139 1.2285e+09 1.2382e+09  0.79%  30.2 1111s
 22303 14096 1.2382e+09   55  270 1.2285e+09 1.2382e+09  0.79%  30.4 1115s
 22334 14118 1.2382e+09   59  264 1.2285e+09 1.2382e+09  0.79%  30.9 1120s
 22380 14153 1.2382e+09   63  227 1.2285e+09 1.2382e+09  0.79%  31.6 1125s
 22439 14198 1.2326e+09   68  162 1.2285e+09 1.2382e+09  0.79%  32.3 1133s
 22462 14218 1.2381e+09   70  199 1.2285e+09 1.2382e+09  0.78%  32.5 1136s
 22514 14255 1.2381e+09   74  175 1.2285e+09 1.2382e+09  0.78%  33.2 1140s
 22572 14289 1.2375e+09   77  147 1.2285e+09 1.2382e+09  0.78%  33.8 1145s
 22646 14350 1.2381e+09   83  156 1.2285e+09 1.2382e+09  0.78%  34.6 1151s
 22744 14412 1.2381e+09   89  148 1.2285e+09 1.2382e+09  0.78%  35.4 1158s
 22787 14446 1.2379e+09   93  167 1.2285e+09 1.2382e+09  0.78%  35.9 1162s
 22874 14488 1.2380e+09  104  147 1.2285e+09 1.2382e+09  0.78%  36.8 1168s
 22909 14530 1.2380e+09  106  145 1.2285e+09 1.2382e+09  0.78%  36.9 1172s
 22964 14565 1.2380e+09  111  151 1.2285e+09 1.2382e+09  0.78%  37.4 1178s
 23018 14626 1.2367e+09  111  131 1.2285e+09 1.2382e+09  0.78%  37.5 1182s
 23102 14693 1.2380e+09  117  141 1.2285e+09 1.2382e+09  0.78%  37.9 1185s
 23298 14800 1.2378e+09  131  126 1.2285e+09 1.2382e+09  0.78%  38.5 1192s
 23394 14835 1.2374e+09  138  120 1.2285e+09 1.2382e+09  0.78%  38.9 1197s
 23465 14891 1.2372e+09  138  105 1.2285e+09 1.2382e+09  0.78%  39.0 1202s
 23565 14920 1.2373e+09  144  108 1.2285e+09 1.2382e+09  0.78%  39.4 1206s
 23627 14969 1.2371e+09  149  116 1.2285e+09 1.2382e+09  0.78%  39.8 1210s
 23701 15003 1.2351e+09  155   55 1.2285e+09 1.2382e+09  0.78%  40.3 1215s
 23760 15056 1.2372e+09  162  114 1.2285e+09 1.2382e+09  0.78%  40.7 1222s
 23833 15117 1.2371e+09  165  105 1.2285e+09 1.2382e+09  0.78%  41.2 1226s
 23918 15190 1.2372e+09  176  119 1.2285e+09 1.2382e+09  0.78%  41.9 1230s
 24023 15294 1.2371e+09  189  110 1.2285e+09 1.2382e+09  0.78%  42.4 1236s
 24162 15439 1.2371e+09  205  110 1.2285e+09 1.2382e+09  0.78%  42.8 1241s
 24355 15557 1.2370e+09  219   80 1.2285e+09 1.2382e+09  0.78%  42.9 1249s
 24538 15707 1.2370e+09  243   75 1.2285e+09 1.2382e+09  0.78%  43.3 1254s
 24749 15803 1.2369e+09  263   95 1.2285e+09 1.2382e+09  0.78%  43.4 1260s
 24920 15911 1.2369e+09  280   81 1.2285e+09 1.2382e+09  0.78%  43.6 1265s
 25108 16128 1.2369e+09  303   93 1.2285e+09 1.2382e+09  0.78%  43.7 1271s
 25387 16239 1.2369e+09  319   87 1.2285e+09 1.2382e+09  0.78%  43.6 1277s
 25653 16265 1.2369e+09  336   85 1.2285e+09 1.2382e+09  0.78%  43.7 1282s
 25770 16453 1.2369e+09  355   93 1.2285e+09 1.2382e+09  0.78%  44.1 1288s
 25997 16624 1.2369e+09  374   92 1.2285e+09 1.2382e+09  0.78%  44.3 1294s
 26245 16864 1.2369e+09  400   94 1.2285e+09 1.2382e+09  0.78%  44.6 1301s
 26580 17143 1.2365e+09  439   86 1.2285e+09 1.2382e+09  0.78%  45.2 1308s
H26863 16341                    1.228518e+09 1.2382e+09  0.78%  45.8 1308s
 26987 16825 1.2351e+09  481   58 1.2285e+09 1.2382e+09  0.78%  45.8 1316s
 27587 16981 1.2362e+09  515   54 1.2285e+09 1.2382e+09  0.78%  46.2 1323s
H27796 16240                    1.228624e+09 1.2382e+09  0.78%  46.8 1324s
 28139 16515 1.2344e+09  614   26 1.2286e+09 1.2382e+09  0.78%  46.8 1331s
 28733 16641 1.2304e+09  810    8 1.2286e+09 1.2382e+09  0.78%  47.0 1339s
H29152 16172                    1.228640e+09 1.2382e+09  0.77%  47.1 1347s
 29525 16550 1.2351e+09  255   75 1.2286e+09 1.2381e+09  0.77%  47.1 1355s
H29766 15863                    1.228664e+09 1.2381e+09  0.77%  47.0 1355s
 30078 16334 1.2380e+09   80  164 1.2287e+09 1.2381e+09  0.77%  47.2 1364s
 30692 16580 1.2378e+09  176  135 1.2287e+09 1.2381e+09  0.77%  47.2 1374s
 31427 16834 1.2377e+09  276  115 1.2287e+09 1.2381e+09  0.77%  47.3 1383s
H31923 16094                    1.228664e+09 1.2381e+09  0.77%  47.7 1383s
H32081 15993                    1.228728e+09 1.2381e+09  0.77%  47.7 1397s
 32893 16283 1.2349e+09  485   54 1.2287e+09 1.2381e+09  0.77%  47.9 1404s
H33480 15567                    1.228734e+09 1.2381e+09  0.77%  47.6 1404s
 33484 15900 1.2319e+09  763   14 1.2287e+09 1.2381e+09  0.77%  47.7 1411s
H33628 15346                    1.228765e+09 1.2381e+09  0.76%  47.8 1411s
 33879 15571 1.2343e+09  146  117 1.2288e+09 1.2381e+09  0.76%  47.9 1419s
H34020 15055                    1.228766e+09 1.2381e+09  0.76%  47.9 1419s
 34203 15347 1.2340e+09  267  107 1.2288e+09 1.2381e+09  0.76%  47.8 1429s
 34610 15805 1.2326e+09  510   64 1.2288e+09 1.2381e+09  0.76%  47.8 1437s
 35261 17049 1.2378e+09   84  135 1.2288e+09 1.2381e+09  0.76%  47.7 1445s
 37841 16547 1.2376e+09   72  146 1.2288e+09 1.2381e+09  0.76%  46.5 1455s
 38096 16926     cutoff   84      1.2288e+09 1.2381e+09  0.76%  46.6 1460s
 39494 17105 1.2376e+09   87  173 1.2288e+09 1.2381e+09  0.76%  46.0 1470s
H39668 16599                    1.228778e+09 1.2381e+09  0.76%  45.9 1470s
 39774 16861 1.2376e+09   99  155 1.2288e+09 1.2381e+09  0.76%  45.8 1475s
 41265 17696 1.2325e+09  501   30 1.2288e+09 1.2381e+09  0.76%  45.0 1483s
 41616 18876 1.2318e+09  595   42 1.2288e+09 1.2381e+09  0.76%  45.0 1487s
 43054 19287 1.2360e+09  168  106 1.2288e+09 1.2381e+09  0.76%  44.1 1498s
 44181 19763 1.2380e+09   83  194 1.2288e+09 1.2381e+09  0.76%  43.7 1504s
 45275 19614 1.2321e+09  187  110 1.2288e+09 1.2381e+09  0.76%  43.4 1507s
 45517 19885 1.2379e+09   77  185 1.2288e+09 1.2381e+09  0.76%  43.4 1511s
H45952 19501                    1.228778e+09 1.2381e+09  0.76%  43.6 1515s
 46154 20251 1.2359e+09  217  100 1.2288e+09 1.2381e+09  0.76%  43.7 1520s
 47554 20993 1.2380e+09   71  172 1.2288e+09 1.2381e+09  0.76%  43.2 1530s
 47839 21227 1.2380e+09   72  176 1.2288e+09 1.2381e+09  0.76%  43.2 1535s
 48073 22236 1.2378e+09   90  195 1.2288e+09 1.2381e+09  0.76%  43.2 1540s
 49117 22670 1.2364e+09  274   96 1.2288e+09 1.2381e+09  0.76%  42.8 1545s
 49600 23432 1.2358e+09  317   89 1.2288e+09 1.2381e+09  0.76%  42.5 1550s
 50516 23545 1.2289e+09  815   18 1.2288e+09 1.2381e+09  0.76%  42.3 1555s
 50720 24416 1.2371e+09   97  135 1.2288e+09 1.2381e+09  0.76%  42.6 1560s
 52004 24755 1.2321e+09  118  137 1.2288e+09 1.2381e+09  0.76%  42.4 1587s
 52112 25025 1.2318e+09  119  106 1.2288e+09 1.2381e+09  0.76%  42.3 1594s
 52441 25333 1.2308e+09  205   71 1.2288e+09 1.2381e+09  0.76%  42.3 1599s
 52779 25699 1.2378e+09   72  144 1.2288e+09 1.2381e+09  0.76%  42.3 1604s
 53147 26146 1.2374e+09   96  142 1.2288e+09 1.2381e+09  0.76%  42.4 1611s
H53565 26119                    1.228811e+09 1.2381e+09  0.75%  42.6 1611s
 53642 26474 1.2348e+09  254   75 1.2288e+09 1.2381e+09  0.75%  42.6 1623s
 54028 27834 1.2338e+09  293   62 1.2288e+09 1.2381e+09  0.75%  43.1 1640s
 55550 28285     cutoff  313      1.2288e+09 1.2381e+09  0.75%  43.2 1650s
 56066 29220 1.2375e+09   95  145 1.2288e+09 1.2381e+09  0.75%  43.2 1658s
 57183 29307 1.2355e+09   79  140 1.2288e+09 1.2381e+09  0.75%  43.4 1660s

Cutting planes:
  Gomory: 11
  Lift-and-project: 6
  Cover: 222
  Implied bound: 3
  Clique: 2
  MIR: 53
  StrongCG: 1
  Flow cover: 75
  GUB cover: 10
  Zero half: 4
  Network: 2
  RLT: 3
  Relax-and-lift: 16

Explored 57310 nodes (2493408 simplex iterations) in 1660.87 seconds (1619.49 work units)
Thread count was 8 (of 8 available processors)

Solution count 10: 1.22881e+09 1.22878e+09 1.22878e+09 ... 1.22864e+09

Solve interrupted
Best objective 1.228810564769e+09, best bound 1.238068490907e+09, gap 0.7534%
