
Gurobi 9.5.2 (mac64[x86]) logging started Sun May 21 17:41:44 2023

Set parameter LogFile to value "logFiles/A-2L-D/A-2L-6U-8F-15V-120D/basic-05-21-2023, 17-41-H60-P40-O20.log"
Gurobi Optimizer version 9.5.2 build v9.5.2rc0 (mac64[x86])
Thread count: 4 physical cores, 8 logical processors, using up to 8 threads
Optimize a model with 23685 rows, 325200 columns and 1483691 nonzeros
Model fingerprint: 0xfc98764c
Variable types: 97754 continuous, 227446 integer (227446 binary)
Coefficient statistics:
  Matrix range     [1e+00, 2e+05]
  Objective range  [4e+01, 3e+07]
  Bounds range     [1e+00, 1e+00]
  RHS range        [1e+00, 2e+06]
Presolve removed 13243 rows and 13361 columns (presolve time = 6s) ...
Presolve removed 13224 rows and 13342 columns
Presolve time: 6.23s
Presolved: 10461 rows, 311858 columns, 1355244 nonzeros
Variable types: 89379 continuous, 222479 integer (222451 binary)

Explored 0 nodes (0 simplex iterations) in 7.56 seconds (7.43 work units)
Thread count was 8 (of 8 available processors)

Solution count 0

Solve interrupted
Best objective -, best bound 1.808882495358e+12, gap -
IIS runtime: 0.84 seconds (0.22 work units)
