
Gurobi 10.0.1 (linux64) logging started Thu May 25 11:03:23 2023

Set parameter LogFile to value "logFiles/A-2L-D/A-2L-6U-8F-15V-120D/basic-05-25-2023, 11-03-H60-P40-O20.log"
Gurobi Optimizer version 10.0.1 build v10.0.1rc0 (linux64)

CPU model: Intel(R) Xeon(R) Gold 5115 CPU @ 2.40GHz, instruction set [SSE2|AVX|AVX2|AVX512]
Thread count: 20 physical cores, 40 logical processors, using up to 20 threads

Optimize a model with 23685 rows, 325200 columns and 1483691 nonzeros
Model fingerprint: 0x9d165fb6
Variable types: 97754 continuous, 227446 integer (227446 binary)
Coefficient statistics:
  Matrix range     [1e+00, 2e+05]
  Objective range  [4e+01, 3e+07]
  Bounds range     [1e+00, 1e+00]
  RHS range        [1e+00, 2e+06]

Loaded user MIP start with objective 6.31006e+08

Presolve removed 13244 rows and 13361 columns (presolve time = 5s) ...
Presolve removed 13225 rows and 13342 columns
Presolve time: 5.55s
Presolved: 10460 rows, 311858 columns, 1355740 nonzeros
Found heuristic solution: objective 7.588613e+08
Variable types: 89379 continuous, 222479 integer (222451 binary)
Deterministic concurrent LP optimizer: primal simplex, dual simplex, and barrier
Showing barrier log only...

Root barrier log...

Ordering time: 0.57s

Barrier statistics:
 AA' NZ     : 6.596e+05
 Factor NZ  : 3.979e+06 (roughly 160 MB of memory)
 Factor Ops : 4.819e+09 (less than 1 second per iteration)
 Threads    : 18

                  Objective                Residual
Iter       Primal          Dual         Primal    Dual     Compl     Time
   0  -1.38748208e+16  3.24958720e+13  8.64e+08 1.72e+07  3.15e+12     9s
   1  -3.58216169e+15  3.71500495e+13  2.23e+08 1.53e+07  8.15e+11     9s
   2  -7.39228579e+14  3.71436131e+13  4.65e+07 7.46e+05  1.77e+11    10s
   3  -1.02413671e+13  2.89863970e+13  6.43e+05 6.77e+03  2.50e+09    10s
   4  -1.81597093e+12  1.22469897e+13  1.14e+05 8.28e+02  4.55e+08    10s
   5  -2.56954127e+11  6.27974565e+12  1.62e+04 5.55e+01  7.11e+07    10s
   6  -2.17956836e+11  4.77195104e+12  1.38e+04 3.28e+00  5.69e+07    10s
   7  -1.88490922e+11  4.69474444e+12  1.20e+04 1.40e+00  5.02e+07    10s
   8  -1.29165905e+11  3.97406068e+12  8.63e+03 5.03e+00  3.59e+07    10s
   9  -9.84587415e+10  2.40955084e+12  6.69e+03 2.86e-08  2.44e+07    11s
  10  -5.51101404e+10  2.13668255e+12  3.90e+03 2.98e-08  1.51e+07    11s
  11  -1.93851309e+10  1.23683714e+12  1.45e+03 3.17e-08  5.89e+06    11s
  12  -7.71042104e+09  5.24619163e+11  6.44e+02 3.64e-08  2.36e+06    11s
  13  -3.40599020e+09  3.32173752e+11  3.48e+02 3.42e-08  1.31e+06    11s
  14   2.00722898e+08  1.30068442e+11  1.03e+02 4.06e-08  4.22e+05    11s
  15   5.79856409e+08  8.98320780e+10  7.83e+01 8.37e-08  3.04e+05    11s
  16   8.61493804e+08  6.86478480e+10  5.96e+01 1.37e-07  2.31e+05    12s
  17   1.09877107e+09  4.94827261e+10  4.39e+01 1.69e-07  1.68e+05    12s
  18   1.36702274e+09  4.18044705e+10  2.62e+01 1.66e-07  1.19e+05    12s
  19   1.51069068e+09  3.04974615e+10  1.66e+01 2.29e-07  8.11e+04    12s
  20   1.59184848e+09  1.94623671e+10  1.11e+01 2.54e-07  5.18e+04    12s
  21   1.61289274e+09  1.57550447e+10  9.66e+00 2.66e-07  4.29e+04    12s
  22   1.62789047e+09  1.24005195e+10  8.65e+00 2.01e-07  3.53e+04    12s
  23   1.68303510e+09  1.15238725e+10  4.95e+00 1.71e-07  2.61e+04    13s
  24   1.69914226e+09  8.25254949e+09  3.85e+00 1.68e-07  1.83e+04    13s
  25   1.73071720e+09  6.84626497e+09  2.37e+00 2.04e-07  1.28e+04    13s
  26   1.75450666e+09  5.37076511e+09  1.82e+00 2.30e-07  9.00e+03    13s
  27   1.79710816e+09  4.85712653e+09  1.01e+00 3.47e-07  6.58e+03    13s
  28   1.80685605e+09  3.93370559e+09  8.44e-01 2.84e-07  4.59e+03    14s
  29   1.83051024e+09  2.99370035e+09  4.62e-01 1.19e-07  2.36e+03    14s
  30   1.85962281e+09  2.41222711e+09  1.56e-01 4.21e-07  1.00e+03    14s
  31   1.88180587e+09  2.10215763e+09  6.61e-02 3.12e-07  3.87e+02    14s
  32   1.88497325e+09  2.03637710e+09  5.66e-02 3.95e-07  2.69e+02    14s
  33   1.89112402e+09  1.99282484e+09  4.27e-02 3.28e-07  1.82e+02    14s
  34   1.89646112e+09  1.97101632e+09  3.25e-02 3.87e-07  1.33e+02    14s
  35   1.90300157e+09  1.95774143e+09  1.96e-02 3.52e-07  9.59e+01    15s
  36   1.90934223e+09  1.93999700e+09  1.12e-02 3.20e-07  5.37e+01    15s
  37   1.91157076e+09  1.93302830e+09  8.85e-03 2.77e-07  3.80e+01    15s
  38   1.91382369e+09  1.93035600e+09  7.01e-03 3.47e-07  2.93e+01    15s
  39   1.91608216e+09  1.92999067e+09  5.06e-03 3.49e-07  2.43e+01    15s
  40   1.91655275e+09  1.92848896e+09  4.69e-03 2.35e-07  2.10e+01    15s
  41   1.91742791e+09  1.92744288e+09  4.08e-03 2.87e-07  1.77e+01    16s
  42   1.91991797e+09  1.92692805e+09  2.38e-03 3.26e-07  1.22e+01    16s
  43   1.92054318e+09  1.92632345e+09  2.00e-03 3.50e-07  1.01e+01    16s
  44   1.92176595e+09  1.92587413e+09  1.33e-03 2.77e-07  7.11e+00    16s
  45   1.92229326e+09  1.92564563e+09  1.06e-03 3.75e-07  5.80e+00    16s
  46   1.92256835e+09  1.92539828e+09  9.30e-04 3.04e-07  4.90e+00    16s
  47   1.92343657e+09  1.92517579e+09  4.95e-04 4.41e-07  2.98e+00    17s
  48   1.92379653e+09  1.92497497e+09  3.27e-04 4.58e-07  2.02e+00    17s
  49   1.92404149e+09  1.92476649e+09  2.05e-04 2.97e-07  1.24e+00    17s
  50   1.92410435e+09  1.92473028e+09  1.74e-04 3.67e-07  1.07e+00    17s
  51   1.92416215e+09  1.92470590e+09  1.46e-04 5.62e-07  9.30e-01    17s
  52   1.92423883e+09  1.92466117e+09  1.08e-04 4.55e-07  7.20e-01    18s
  53   1.92437098e+09  1.92460879e+09  4.47e-05 3.35e-07  3.99e-01    18s
  54   1.92440047e+09  1.92456927e+09  3.13e-05 3.47e-07  2.83e-01    18s
  55   1.92444210e+09  1.92452040e+09  1.24e-05 3.60e-07  1.31e-01    18s
  56   1.92446106e+09  1.92449351e+09  4.46e-06 3.41e-07  5.39e-02    18s
  57   1.92446979e+09  1.92447626e+09  1.20e-06 3.91e-07  1.09e-02    18s
  58   1.92447253e+09  1.92447464e+09  1.78e-07 3.73e-07  3.45e-03    19s
  59   1.92447299e+09  1.92447391e+09  9.90e-08 3.58e-07  1.48e-03    19s
  60   1.92447307e+09  1.92447307e+09  3.52e-08 3.43e-07  1.02e-05    19s
  61   1.92447307e+09  1.92447307e+09  2.00e-08 3.58e-07  1.16e-10    19s

Barrier solved model in 61 iterations and 19.03 seconds (18.47 work units)
Optimal objective 1.92447307e+09


Root crossover log...

    7896 DPushes remaining with DInf 0.0000000e+00                19s
       0 DPushes remaining with DInf 0.0000000e+00                19s

    1048 PPushes remaining with PInf 0.0000000e+00                19s
       0 PPushes remaining with PInf 0.0000000e+00                19s

  Push phase complete: Pinf 0.0000000e+00, Dinf 3.3801371e-08     19s


Root simplex log...

Iteration    Objective       Primal Inf.    Dual Inf.      Time
    8917    1.9244731e+09   0.000000e+00   0.000000e+00     19s
Concurrent spin time: 0.00s

Solved with barrier
    8949    1.9244731e+09   0.000000e+00   0.000000e+00     19s
Extra simplex iterations after uncrush: 32

Root relaxation: objective 1.924473e+09, 8949 iterations, 12.06 seconds (8.46 work units)
Total elapsed time = 20.14s

    Nodes    |    Current Node    |     Objective Bounds      |     Work
 Expl Unexpl |  Obj  Depth IntInf | Incumbent    BestBd   Gap | It/Node Time

     0     0 1.9245e+09    0  222 7.5886e+08 1.9245e+09   154%     -   21s
H    0     0                    1.628542e+09 1.9245e+09  18.2%     -   32s
     0     0 1.9244e+09    0  225 1.6285e+09 1.9244e+09  18.2%     -   37s
H    0     0                    1.892773e+09 1.9244e+09  1.67%     -   43s
H    0     0                    1.892795e+09 1.9244e+09  1.67%     -   44s
H    0     0                    1.910864e+09 1.9244e+09  0.71%     -   61s

Cutting planes:
  Cover: 2
  Implied bound: 16
  Clique: 1
  MIR: 13
  Flow cover: 27
  Zero half: 1
  RLT: 11
  Relax-and-lift: 5

Explored 1 nodes (27192 simplex iterations) in 61.95 seconds (54.61 work units)
Thread count was 20 (of 40 available processors)

Solution count 6: 1.91086e+09 1.8928e+09 1.89277e+09 ... 6.31006e+08

Optimal solution found (tolerance 1.00e-02)
Best objective 1.910863666737e+09, best bound 1.924394588474e+09, gap 0.7081%
Gurobi Optimizer version 10.0.1 build v10.0.1rc0 (linux64)

CPU model: Intel(R) Xeon(R) Gold 5115 CPU @ 2.40GHz, instruction set [SSE2|AVX|AVX2|AVX512]
Thread count: 20 physical cores, 40 logical processors, using up to 20 threads

Optimize a model with 32355 rows, 362773 columns and 1670656 nonzeros
Model fingerprint: 0xed4dfa01
Variable types: 3242 continuous, 359531 integer (359531 binary)
Coefficient statistics:
  Matrix range     [1e+00, 2e+05]
  Objective range  [4e+01, 3e+07]
  Bounds range     [1e+00, 3e+05]
  RHS range        [1e+00, 2e+06]

User MIP start did not produce a new incumbent solution
User MIP start violates constraint flow[AD-1,DI,111] by 1.000000000

Presolve removed 28490 rows and 328603 columns
Presolve time: 1.12s
Presolved: 3865 rows, 34170 columns, 134060 nonzeros
Variable types: 1165 continuous, 33005 integer (32989 binary)
Found heuristic solution: objective 9.256540e+08
Deterministic concurrent LP optimizer: primal and dual simplex
Showing first log only...

Concurrent spin time: 0.01s

Solved with primal simplex
Extra simplex iterations after uncrush: 293

Root relaxation: objective 1.389355e+09, 17897 iterations, 0.46 seconds (0.43 work units)
Another try with MIP start

    Nodes    |    Current Node    |     Objective Bounds      |     Work
 Expl Unexpl |  Obj  Depth IntInf | Incumbent    BestBd   Gap | It/Node Time

     0     0 1.3894e+09    0  115 9.2565e+08 1.3894e+09  50.1%     -    2s
H    0     0                    1.370818e+09 1.3894e+09  1.35%     -    4s
H    0     0                    1.371961e+09 1.3894e+09  1.27%     -    4s
     0     0 1.3874e+09    0  122 1.3720e+09 1.3874e+09  1.13%     -    5s
H    0     0                    1.377660e+09 1.3874e+09  0.71%     -    9s

Cutting planes:
  Gomory: 1
  Cover: 1
  Implied bound: 1
  MIR: 11
  Flow cover: 7
  Network: 15
  RLT: 2
  Relax-and-lift: 1

Explored 1 nodes (18856 simplex iterations) in 9.54 seconds (6.25 work units)
Thread count was 20 (of 40 available processors)

Solution count 4: 1.37766e+09 1.37196e+09 1.37082e+09 9.25654e+08 

Optimal solution found (tolerance 1.00e-02)
Best objective 1.377660448893e+09, best bound 1.387444246096e+09, gap 0.7102%
Gurobi Optimizer version 10.0.1 build v10.0.1rc0 (linux64)

CPU model: Intel(R) Xeon(R) Gold 5115 CPU @ 2.40GHz, instruction set [SSE2|AVX|AVX2|AVX512]
Thread count: 20 physical cores, 40 logical processors, using up to 20 threads

Optimize a model with 32235 rows, 362988 columns and 1592003 nonzeros
Model fingerprint: 0x08fec5bf
Variable types: 2034 continuous, 360954 integer (360954 binary)
Coefficient statistics:
  Matrix range     [1e+00, 2e+05]
  Objective range  [4e+01, 3e+07]
  Bounds range     [2e-10, 3e+05]
  RHS range        [1e+00, 2e+06]

User MIP start produced solution with objective 1.38814e+09 (0.41s)
User MIP start produced solution with objective 1.4037e+09 (0.42s)
User MIP start produced solution with objective 1.40396e+09 (0.44s)
User MIP start produced solution with objective 1.40594e+09 (0.45s)
User MIP start produced solution with objective 1.40594e+09 (0.47s)
Loaded user MIP start with objective 1.40594e+09

Presolve removed 32147 rows and 362895 columns
Presolve time: 0.36s
Presolved: 88 rows, 93 columns, 265 nonzeros
Variable types: 42 continuous, 51 integer (51 binary)

Root relaxation: objective 1.407492e+09, 15 iterations, 0.00 seconds (0.00 work units)

    Nodes    |    Current Node    |     Objective Bounds      |     Work
 Expl Unexpl |  Obj  Depth IntInf | Incumbent    BestBd   Gap | It/Node Time

     0     0 1.4075e+09    0   10 1.4059e+09 1.4075e+09  0.11%     -    0s

Explored 1 nodes (15 simplex iterations) in 0.88 seconds (0.53 work units)
Thread count was 20 (of 40 available processors)

Solution count 5: 1.40594e+09 1.40594e+09 1.40396e+09 ... 1.38814e+09

Optimal solution found (tolerance 1.00e-02)
Best objective 1.405943992893e+09, best bound 1.407491837582e+09, gap 0.1101%
