
Gurobi 9.5.2 (mac64[x86]) logging started Sun May 21 17:26:10 2023

Set parameter LogFile to value "logFiles/A-2L-D/A-2L-6U-8F-15V-120D/basic-05-21-2023, 17-26-H60-P40-O20.log"
Gurobi Optimizer version 9.5.2 build v9.5.2rc0 (mac64[x86])
Thread count: 4 physical cores, 8 logical processors, using up to 8 threads
Optimize a model with 23685 rows, 325200 columns and 1483691 nonzeros
Model fingerprint: 0x7422f476
Variable types: 97754 continuous, 227446 integer (227446 binary)
Coefficient statistics:
  Matrix range     [1e+00, 2e+05]
  Objective range  [4e+01, 3e+07]
  Bounds range     [1e+00, 1e+00]
  RHS range        [1e+00, 2e+06]
Presolve removed 13243 rows and 13361 columns (presolve time = 5s) ...
Presolve removed 13224 rows and 13342 columns
Presolve time: 8.63s
Presolved: 10461 rows, 311858 columns, 1355244 nonzeros
Variable types: 89379 continuous, 222479 integer (222451 binary)

Deterministic concurrent LP optimizer: primal and dual simplex
Showing first log only...


Root simplex log...

Iteration    Objective       Primal Inf.    Dual Inf.      Time
       0    9.4806008e+07   1.644003e+05   5.005973e+14     14s
   20282    9.4914923e+07   7.472423e+02   1.372737e+11     15s
   46872    9.4912520e+07   1.026207e+01   6.127300e+10     20s
   68746    9.4908849e+07   5.741939e+00   2.628635e+10     25s
   90197    9.4903450e+07   2.302155e+00   5.859445e+10     30s
  106974    9.4910209e+07   9.439711e-01   4.206332e+10     35s
  122064    9.4911206e+07   2.532648e-02   2.172885e+10     40s
  127624    9.4660000e+07   5.886091e+01   0.000000e+00     45s
  128368    9.4660000e+07   1.043212e+02   0.000000e+00     51s
  128738    9.4660000e+07   1.356640e+03   0.000000e+00     56s
  129118    9.4660000e+07   4.372567e+01   0.000000e+00     61s
  129448    9.4660000e+07   7.121889e+02   0.000000e+00     67s
Warning: Markowitz tolerance tightened to 0.5
  131370    9.4660000e+07   1.994277e-01   5.468788e+10     71s
  133099    9.4660000e+07   5.174991e-02   8.369266e+10     75s
  134279    9.4660000e+07   3.595388e-02   1.803638e+10     80s
  135845    9.4660000e+07   3.595388e-02   1.803638e+10     85s
  137435    9.4660000e+07   2.976400e+00   0.000000e+00     90s
  138635    9.4660000e+07   2.478670e+00   0.000000e+00     95s
  139545    9.4660000e+07   2.519495e+01   0.000000e+00    100s
  140455    9.4660000e+07   2.403387e+02   0.000000e+00    105s
  141435    9.4660000e+07   1.617140e+03   0.000000e+00    110s
  142795    9.4660000e+07   1.936354e+04   0.000000e+00    115s
  143875    9.4660000e+07   2.406403e+02   0.000000e+00    120s
  144965    9.4660000e+07   5.387235e+00   0.000000e+00    126s
  146005    9.4660000e+07   6.368981e+01   0.000000e+00    130s
  147135    9.4660000e+07   4.203633e-01   0.000000e+00    135s
  147259    9.9430931e+08   0.000000e+00   1.516671e+11    136s
  149208    1.7050111e+09   0.000000e+00   1.448089e+12    140s
  150156    1.7074315e+09   0.000000e+00   6.817492e+12    146s
  152158    1.7102767e+09   0.000000e+00   3.454544e+11    151s
Concurrent spin time: 0.01s

Solved with dual simplex

Root relaxation: objective 1.924473e+09, 93610 iterations, 140.15 seconds (65.90 work units)

    Nodes    |    Current Node    |     Objective Bounds      |     Work
 Expl Unexpl |  Obj  Depth IntInf | Incumbent    BestBd   Gap | It/Node Time

     0     0 1.9245e+09    0  225          - 1.9245e+09      -     -  153s
H    0     0                    1.921038e+09 1.9245e+09  0.18%     -  273s

Explored 1 nodes (106823 simplex iterations) in 273.56 seconds (155.47 work units)
Thread count was 8 (of 8 available processors)

Solution count 1: 1.92104e+09 

Optimal solution found (tolerance 5.00e-02)
Best objective 1.921038272443e+09, best bound 1.924473069494e+09, gap 0.1788%
