
Gurobi 10.0.1 (win64) logging started Fri May 19 16:12:39 2023

Set parameter LogFile to value "logFiles/A-2L-D/A-2L-6U-8F-15V-120D/basic-05-19-2023, 16-12-H60-P40-O5.log"
Gurobi Optimizer version 10.0.1 build v10.0.1rc0 (win64)

CPU model: Intel(R) Core(TM) i7-10700 CPU @ 2.90GHz, instruction set [SSE2|AVX|AVX2]
Thread count: 8 physical cores, 16 logical processors, using up to 16 threads

Optimize a model with 23685 rows, 325200 columns and 1483691 nonzeros
Model fingerprint: 0xf1361118
Variable types: 174147 continuous, 151053 integer (151053 binary)
Coefficient statistics:
  Matrix range     [1e+00, 2e+05]
  Objective range  [4e+01, 3e+07]
  Bounds range     [1e+00, 1e+00]
  RHS range        [1e+00, 2e+06]
Presolve removed 13451 rows and 13239 columns (presolve time = 6s) ...
Presolve removed 13449 rows and 13861 columns
Presolve time: 6.62s
Presolved: 10236 rows, 311339 columns, 1349049 nonzeros
Variable types: 165338 continuous, 146001 integer (145994 binary)
Deterministic concurrent LP optimizer: primal simplex, dual simplex, and barrier
Showing barrier log only...

Root barrier log...

Ordering time: 0.88s

Barrier statistics:
 AA' NZ     : 6.589e+05
 Factor NZ  : 3.105e+06 (roughly 160 MB of memory)
 Factor Ops : 2.382e+09 (less than 1 second per iteration)
 Threads    : 5

                  Objective                Residual
Iter       Primal          Dual         Primal    Dual     Compl     Time
   0  -1.38610195e+16  3.31398998e+13  7.66e+08 1.72e+07  3.15e+12    12s
   1  -3.59386749e+15  3.69013176e+13  1.99e+08 1.38e+07  8.23e+11    12s
   2  -7.17814185e+14  3.53123815e+13  4.00e+07 5.16e+05  1.73e+11    12s
   3  -1.44271194e+13  2.81953919e+13  8.04e+05 2.59e+03  3.53e+09    12s
   4  -3.67894037e+12  1.32130192e+13  2.05e+05 8.81e+01  9.12e+08    13s
   5  -2.90892244e+11  7.86598642e+12  1.63e+04 8.78e+01  8.29e+07    13s
   6  -2.18288775e+11  4.61231469e+12  1.23e+04 1.49e+01  5.64e+07    13s
   7  -1.57953990e+11  4.25451897e+12  9.01e+03 1.20e+01  4.21e+07    13s
   8  -1.17799648e+11  2.97218090e+12  6.90e+03 2.61e-08  2.99e+07    14s
   9  -5.35609536e+10  2.12759172e+12  3.37e+03 3.35e-08  1.48e+07    14s
  10  -3.39337575e+10  1.67524184e+12  2.22e+03 2.79e-08  9.86e+06    14s
  11  -1.48073851e+10  7.66383530e+11  1.05e+03 3.35e-08  4.19e+06    14s
  12  -6.45381007e+09  3.06606530e+11  5.12e+02 3.63e-08  1.79e+06    15s
  13  -2.25149509e+09  1.74997086e+11  2.48e+02 3.41e-08  8.80e+05    15s
  14   5.34772740e+08  7.80602556e+10  7.48e+01 4.95e-08  2.99e+05    15s
  15   9.30121136e+08  6.17867100e+10  5.07e+01 6.13e-08  2.15e+05    16s
  16   1.40139562e+09  4.49871550e+10  2.20e+01 4.94e-08  1.21e+05    16s
  17   1.50851505e+09  3.55134311e+10  1.55e+01 9.92e-08  9.10e+04    16s
  18   1.55317758e+09  3.13659419e+10  1.27e+01 1.01e-07  7.78e+04    16s
  19   1.58541733e+09  1.93223502e+10  1.06e+01 1.51e-07  5.42e+04    17s
  20   1.61188829e+09  1.59222805e+10  8.99e+00 1.79e-07  4.49e+04    17s
  21   1.63751213e+09  1.19816004e+10  7.36e+00 1.70e-07  3.45e+04    17s
  22   1.66994090e+09  8.91452476e+09  5.33e+00 1.95e-07  2.45e+04    18s
  23   1.68156632e+09  7.31180226e+09  4.62e+00 1.83e-07  1.99e+04    18s
  24   1.71150573e+09  6.38896517e+09  3.53e+00 2.30e-07  1.54e+04    18s
  25   1.73794512e+09  5.30270779e+09  2.70e+00 1.48e-07  1.14e+04    19s
  26   1.78221478e+09  4.71948830e+09  1.57e+00 1.34e-07  7.86e+03    19s
  27   1.79954913e+09  3.68690221e+09  1.24e+00 1.72e-07  5.12e+03    19s
  28   1.82005981e+09  3.23154713e+09  8.05e-01 1.26e-07  3.47e+03    20s
  29   1.84275786e+09  2.71121626e+09  4.30e-01 1.34e-07  1.91e+03    20s
  30   1.86293727e+09  2.33796466e+09  2.15e-01 1.41e-07  9.57e+02    20s
  31   1.87008166e+09  2.14525820e+09  1.69e-01 1.86e-07  5.57e+02    21s
  32   1.88853566e+09  2.09692349e+09  7.52e-02 2.06e-07  3.82e+02    21s
  33   1.89412017e+09  1.98794627e+09  5.41e-02 2.00e-07  1.77e+02    21s
  34   1.89952814e+09  1.97820101e+09  2.94e-02 2.35e-07  1.40e+02    21s
  35   1.90472806e+09  1.96601069e+09  2.09e-02 2.23e-07  1.08e+02    22s
  36   1.90805901e+09  1.96119179e+09  1.49e-02 1.91e-07  9.21e+01    22s
  37   1.91298767e+09  1.94142953e+09  8.05e-03 2.09e-07  4.92e+01    22s
  38   1.91784851e+09  1.93208375e+09  3.14e-03 1.29e-07  2.42e+01    22s
  39   1.92017020e+09  1.92894212e+09  1.62e-03 1.44e-07  1.48e+01    23s
  40   1.92122971e+09  1.92742841e+09  1.15e-03 1.21e-07  1.04e+01    23s
  41   1.92159619e+09  1.92728989e+09  1.01e-03 1.56e-07  9.57e+00    23s
  42   1.92192589e+09  1.92678658e+09  8.99e-04 1.80e-07  8.19e+00    23s
  43   1.92259242e+09  1.92662482e+09  6.79e-04 2.17e-07  6.77e+00    24s
  44   1.92302653e+09  1.92628130e+09  5.72e-04 2.30e-07  5.47e+00    24s
  45   1.92340497e+09  1.92612050e+09  4.77e-04 2.00e-07  4.57e+00    25s
  46   1.92370673e+09  1.92599313e+09  4.05e-04 2.14e-07  3.85e+00    25s
  47   1.92416759e+09  1.92567507e+09  2.84e-04 2.96e-07  2.55e+00    26s
  48   1.92447439e+09  1.92556409e+09  2.05e-04 2.20e-07  1.84e+00    26s
  49   1.92473836e+09  1.92545896e+09  1.43e-04 1.80e-07  1.22e+00    27s
  50   1.92491003e+09  1.92540934e+09  9.67e-05 1.82e-07  8.46e-01    27s
  51   1.92493691e+09  1.92540415e+09  9.03e-05 3.47e-07  7.92e-01    27s
  52   1.92499081e+09  1.92537492e+09  7.65e-05 2.76e-07  6.52e-01    28s
  53   1.92507511e+09  1.92535938e+09  5.48e-05 3.29e-07  4.82e-01    28s
  54   1.92515935e+09  1.92534229e+09  3.30e-05 3.91e-07  3.09e-01    28s
  55   1.92518084e+09  1.92533238e+09  2.82e-05 3.58e-07  2.56e-01    29s
  56   1.92522243e+09  1.92531734e+09  1.79e-05 3.32e-07  1.61e-01    29s
  57   1.92526122e+09  1.92530580e+09  8.46e-06 2.38e-07  7.56e-02    30s
  58   1.92527286e+09  1.92530162e+09  5.71e-06 2.64e-07  4.90e-02    30s
  59   1.92529368e+09  1.92529811e+09  1.67e-06 3.04e-07  7.53e-03    30s
  60   1.92529708e+09  1.92529763e+09  5.66e-07 3.58e-07  9.35e-04    31s
  61   1.92529747e+09  1.92529748e+09  2.38e-07 3.58e-07  1.49e-05    31s
  62   1.92529747e+09  1.92529747e+09  1.35e-08 4.78e-07  3.59e-10    31s

Barrier solved model in 62 iterations and 31.35 seconds (22.38 work units)
Optimal objective 1.92529747e+09


Root crossover log...

    7868 DPushes remaining with DInf 0.0000000e+00                32s
       0 DPushes remaining with DInf 0.0000000e+00                32s

    1137 PPushes remaining with PInf 0.0000000e+00                32s
       0 PPushes remaining with PInf 0.0000000e+00                32s

  Push phase complete: Pinf 0.0000000e+00, Dinf 5.0325150e-01     32s


Root simplex log...

Iteration    Objective       Primal Inf.    Dual Inf.      Time
    8978    1.9252975e+09   0.000000e+00   5.032515e-01     33s
    8979    1.9252975e+09   0.000000e+00   0.000000e+00     33s
Concurrent spin time: 0.01s

Solved with barrier
    8999    1.9252975e+09   0.000000e+00   0.000000e+00     34s
Extra simplex iterations after uncrush: 20

Root relaxation: objective 1.925297e+09, 8999 iterations, 25.38 seconds (9.84 work units)

    Nodes    |    Current Node    |     Objective Bounds      |     Work
 Expl Unexpl |  Obj  Depth IntInf | Incumbent    BestBd   Gap | It/Node Time

     0     0 1.9253e+09    0  158          - 1.9253e+09      -     -   35s
     0     0 1.9253e+09    0  159          - 1.9253e+09      -     -   40s
     0     0 1.9253e+09    0  159          - 1.9253e+09      -     -   43s
     0     0 1.9253e+09    0  159          - 1.9253e+09      -     -   47s
H    0     0                    1.910208e+09 1.9253e+09  0.79%     -   49s

Cutting planes:
  Cover: 4
  Implied bound: 19
  Clique: 3
  MIR: 15
  Flow cover: 22
  Zero half: 2
  RLT: 15
  Relax-and-lift: 11

Explored 1 nodes (23931 simplex iterations) in 49.54 seconds (46.66 work units)
Thread count was 16 (of 16 available processors)

Solution count 1: 1.91021e+09 

Optimal solution found (tolerance 5.00e-02)
Best objective 1.910208070706e+09, best bound 1.925277066767e+09, gap 0.7889%
Gurobi Optimizer version 10.0.1 build v10.0.1rc0 (win64)

CPU model: Intel(R) Core(TM) i7-10700 CPU @ 2.90GHz, instruction set [SSE2|AVX|AVX2]
Thread count: 8 physical cores, 16 logical processors, using up to 16 threads

Optimize a model with 32367 rows, 358294 columns and 1916714 nonzeros
Model fingerprint: 0x1e4fee7b
Variable types: 3232 continuous, 355062 integer (355062 binary)
Coefficient statistics:
  Matrix range     [1e+00, 2e+05]
  Objective range  [4e+01, 3e+07]
  Bounds range     [1e+00, 3e+05]
  RHS range        [1e+00, 3e+06]
Presolve removed 28089 rows and 316839 columns
Presolve time: 0.92s
Presolved: 4278 rows, 41455 columns, 188607 nonzeros
Variable types: 1246 continuous, 40209 integer (40184 binary)
Deterministic concurrent LP optimizer: primal and dual simplex
Showing first log only...

Concurrent spin time: 0.02s

Solved with primal simplex
Extra simplex iterations after uncrush: 20

Root relaxation: objective 1.211756e+09, 40123 iterations, 1.16 seconds (1.83 work units)

    Nodes    |    Current Node    |     Objective Bounds      |     Work
 Expl Unexpl |  Obj  Depth IntInf | Incumbent    BestBd   Gap | It/Node Time

     0     0 1.2118e+09    0  140          - 1.2118e+09      -     -    2s
H    0     0                    1.184070e+09 1.2118e+09  2.34%     -    6s

Explored 1 nodes (40494 simplex iterations) in 6.85 seconds (8.26 work units)
Thread count was 16 (of 16 available processors)

Solution count 1: 1.18407e+09 

Optimal solution found (tolerance 5.00e-02)
Best objective 1.184069844795e+09, best bound 1.211756144835e+09, gap 2.3382%
