
Gurobi 9.5.2 (mac64[x86]) logging started Tue Mar 14 13:37:13 2023

Set parameter LogFile to value "logFiles/N-1L-45D/N-1L-6U-16F-18V-45D-c-charterout.log"
Gurobi Optimizer version 9.5.2 build v9.5.2rc0 (mac64[x86])
Thread count: 4 physical cores, 8 logical processors, using up to 8 threads
Optimize a model with 15438 rows, 22212 columns and 197146 nonzeros
Model fingerprint: 0x637fe35e
Variable types: 322 continuous, 21890 integer (21890 binary)
Coefficient statistics:
  Matrix range     [1e+00, 2e+05]
  Objective range  [4e+01, 2e+07]
  Bounds range     [1e+00, 1e+00]
  RHS range        [1e+00, 8e+05]
Presolve removed 14310 rows and 12295 columns
Presolve time: 0.27s
Presolved: 1128 rows, 9917 columns, 62054 nonzeros
Variable types: 322 continuous, 9595 integer (9595 binary)

Root relaxation: objective 4.081018e+08, 3290 iterations, 0.22 seconds (0.23 work units)

    Nodes    |    Current Node    |     Objective Bounds      |     Work
 Expl Unexpl |  Obj  Depth IntInf | Incumbent    BestBd   Gap | It/Node Time

     0     0 4.0810e+08    0   67          - 4.0810e+08      -     -    0s
     0     0 4.0786e+08    0   83          - 4.0786e+08      -     -    1s
     0     0 4.0786e+08    0   91          - 4.0786e+08      -     -    1s
     0     0 4.0770e+08    0   65          - 4.0770e+08      -     -    1s
     0     0 4.0769e+08    0   60          - 4.0769e+08      -     -    1s
     0     0 4.0769e+08    0   60          - 4.0769e+08      -     -    2s
     0     0 4.0769e+08    0   58          - 4.0769e+08      -     -    2s
     0     0 4.0769e+08    0   59          - 4.0769e+08      -     -    2s
     0     0 4.0769e+08    0   57          - 4.0769e+08      -     -    2s
H    0     0                    3.447711e+08 4.0769e+08  18.2%     -    2s
     0     0 4.0769e+08    0   57 3.4477e+08 4.0769e+08  18.2%     -    2s
H    0     0                    3.917266e+08 4.0769e+08  4.08%     -    3s
H    0     0                    3.929559e+08 4.0764e+08  3.74%     -    5s
     0     2 4.0764e+08    0   57 3.9296e+08 4.0764e+08  3.74%     -    5s
H   28    33                    4.050939e+08 4.0764e+08  0.63%  22.1    9s
H   31    33                    4.052760e+08 4.0764e+08  0.58%  24.2    9s
   162   187 4.0764e+08   47   12 4.0528e+08 4.0764e+08  0.58%  13.0   10s
  2370  2236 4.0738e+08  183   25 4.0528e+08 4.0764e+08  0.58%   4.8   15s
H 2597  2126                    4.052824e+08 4.0764e+08  0.58%   4.8   17s
  2603  2130 4.0755e+08  134   39 4.0528e+08 4.0764e+08  0.58%   4.8   20s
  2615  2141 4.0749e+08   14   47 4.0528e+08 4.0749e+08  0.55%   6.1   25s
  3142  2321 4.0742e+08   57   16 4.0528e+08 4.0749e+08  0.55%   9.9   30s
H 3604  2445                    4.052824e+08 4.0749e+08  0.55%  12.2   33s
  3783  2497 4.0709e+08  108   23 4.0528e+08 4.0749e+08  0.55%  12.6   35s
H 3941  2406                    4.052831e+08 4.0749e+08  0.54%  12.6   38s
  4020  2494 4.0732e+08  129   25 4.0528e+08 4.0749e+08  0.54%  12.7   40s
  5551  3235 4.0700e+08  122   14 4.0528e+08 4.0749e+08  0.54%  12.2   45s
  8124  4533 4.0539e+08   85   66 4.0528e+08 4.0746e+08  0.54%  10.4   50s
 10417  5902 4.0662e+08  234   57 4.0528e+08 4.0744e+08  0.53%  10.0   62s
 10428  5909 4.0742e+08   37   27 4.0528e+08 4.0744e+08  0.53%  10.0   65s
H10439  5620                    4.052862e+08 4.0744e+08  0.53%  10.0   68s
 10445  5626 4.0741e+08   24   87 4.0529e+08 4.0741e+08  0.52%  10.4   70s
 10505  5631 4.0741e+08   32   75 4.0529e+08 4.0741e+08  0.52%  10.6   75s
 11118  5698 4.0736e+08   56   66 4.0529e+08 4.0741e+08  0.52%  11.0   80s
 12189  6132     cutoff  195      4.0529e+08 4.0741e+08  0.52%  11.0   85s
 14256  7249 4.0635e+08  221   13 4.0529e+08 4.0741e+08  0.52%  10.5   90s
H14663  6990                    4.052862e+08 4.0741e+08  0.52%  10.4   91s
 15756  7581 4.0714e+08   90   34 4.0529e+08 4.0741e+08  0.52%  10.6   95s
H15896  7540                    4.052862e+08 4.0741e+08  0.52%  10.8   95s
H16405  7403                    4.052862e+08 4.0741e+08  0.52%  10.8   96s
H16513  7125                    4.052862e+08 4.0741e+08  0.52%  10.7   96s
 18135  7935 4.0706e+08  110   15 4.0529e+08 4.0740e+08  0.52%  10.5  100s
 20934  9179 4.0734e+08   58   29 4.0529e+08 4.0737e+08  0.51%  10.5  105s
 24276 10690 4.0556e+08   64   13 4.0529e+08 4.0735e+08  0.51%  10.2  110s
 27156 12792     cutoff  298      4.0529e+08 4.0734e+08  0.51%  10.4  115s

Cutting planes:
  Gomory: 2
  Cover: 105
  Implied bound: 3
  Projected implied bound: 3
  MIR: 16
  Flow cover: 20
  GUB cover: 4
  Zero half: 8
  RLT: 1
  Relax-and-lift: 14

Explored 31253 nodes (314004 simplex iterations) in 120.07 seconds (132.58 work units)
Thread count was 8 (of 8 available processors)

Solution count 10: 4.05286e+08 4.05286e+08 4.05286e+08 ... 4.05094e+08

Time limit reached
Best objective 4.052861564965e+08, best bound 4.073355699144e+08, gap 0.5057%
