
Gurobi 10.0.1 (win64) logging started Tue May 30 01:27:26 2023

Set parameter LogFile to value "logFiles/A-2L-C/A-2L-6U-8F-15V-120D/basic-05-30-2023, 01-27-H70-P50-O15.log"
Gurobi Optimizer version 10.0.1 build v10.0.1rc0 (win64)

CPU model: Intel(R) Core(TM) i7-10700 CPU @ 2.90GHz, instruction set [SSE2|AVX|AVX2]
Thread count: 8 physical cores, 16 logical processors, using up to 16 threads

Optimize a model with 39822 rows, 344322 columns and 1770697 nonzeros
Model fingerprint: 0x1905155c
Variable types: 104049 continuous, 240273 integer (240273 binary)
Coefficient statistics:
  Matrix range     [1e+00, 2e+05]
  Objective range  [4e+01, 3e+07]
  Bounds range     [1e+00, 1e+00]
  RHS range        [1e+00, 3e+06]
Presolve removed 27756 rows and 48409 columns
Presolve time: 3.33s
Presolved: 12066 rows, 295913 columns, 1340276 nonzeros
Variable types: 65820 continuous, 230093 integer (230079 binary)
Deterministic concurrent LP optimizer: primal simplex, dual simplex, and barrier
Showing barrier log only...

Root barrier log...

Ordering time: 0.29s

Barrier statistics:
 AA' NZ     : 7.090e+05
 Factor NZ  : 5.728e+06 (roughly 170 MB of memory)
 Factor Ops : 9.269e+09 (less than 1 second per iteration)
 Threads    : 5

                  Objective                Residual
Iter       Primal          Dual         Primal    Dual     Compl     Time
   0  -1.62792297e+16  1.39901722e+12  1.69e+09 9.29e+04  1.49e+11     6s
   1  -5.06465210e+15  2.24046731e+12  5.27e+08 3.36e+05  4.69e+10     6s
   2  -1.16852720e+15  2.35000420e+12  1.22e+08 1.63e-09  1.12e+10     7s
   3  -1.52295835e+13  1.68186417e+12  1.59e+06 1.86e-09  1.48e+08     7s
   4  -4.65254923e+12  3.88682486e+11  4.85e+05 1.86e-09  4.63e+07     7s
   5  -8.66910920e+11  2.37383565e+11  9.04e+04 1.16e-09  8.94e+06     8s
   6  -5.08174676e+11  2.00263331e+11  5.30e+04 1.05e-09  5.34e+06     8s
   7  -1.74905946e+11  1.73659556e+11  1.83e+04 1.05e-09  1.99e+06     9s
   8  -5.91510466e+10  1.04259382e+11  6.26e+03 1.28e-09  7.08e+05     9s
   9  -3.16523777e+10  6.77138298e+10  3.40e+03 9.31e-09  3.77e+05     9s
  10  -6.39953361e+09  2.17165441e+10  7.70e+02 9.66e-09  8.58e+04     9s
  11  -1.01686402e+09  1.23979515e+10  2.14e+02 1.19e-08  3.23e+04    10s
  12   4.31725794e+08  5.85719949e+09  6.80e+01 4.83e-09  1.21e+04    10s
  13   6.35591378e+08  5.29029196e+09  4.77e+01 4.86e-09  9.91e+03    11s
  14   7.85004427e+08  4.58961641e+09  3.30e+01 7.55e-09  7.87e+03    11s
  15   8.50780825e+08  4.27864899e+09  2.67e+01 9.75e-09  6.96e+03    11s
  16   8.89710371e+08  3.25466392e+09  2.32e+01 1.12e-08  5.05e+03    12s
  17   9.91781419e+08  2.50419609e+09  1.47e+01 1.12e-08  3.24e+03    12s
  18   1.03019678e+09  2.17115251e+09  1.19e+01 9.39e-09  2.48e+03    12s
  19   1.08151842e+09  1.85479871e+09  7.71e+00 1.12e-08  1.67e+03    13s
  20   1.11033938e+09  1.72496507e+09  6.02e+00 1.40e-08  1.32e+03    13s
  21   1.13315994e+09  1.63566550e+09  4.55e+00 1.49e-08  1.05e+03    14s
  22   1.15244905e+09  1.52334550e+09  3.55e+00 1.29e-08  7.76e+02    14s
  23   1.17044759e+09  1.44670995e+09  2.23e+00 1.49e-08  5.54e+02    15s
  24   1.19485818e+09  1.36789208e+09  1.09e+00 2.05e-08  3.29e+02    15s
  25   1.20131928e+09  1.33334732e+09  8.19e-01 2.61e-08  2.47e+02    16s
  26   1.20564671e+09  1.28655528e+09  6.78e-01 2.66e-08  1.52e+02    16s
  27   1.20602312e+09  1.26994010e+09  6.64e-01 2.30e-08  1.21e+02    16s
  28   1.20975549e+09  1.26729352e+09  5.23e-01 2.98e-08  1.07e+02    17s
  29   1.21435918e+09  1.25167388e+09  3.23e-01 2.78e-08  6.82e+01    17s
  30   1.21721102e+09  1.25050261e+09  2.36e-01 3.07e-08  6.00e+01    17s
  31   1.22107112e+09  1.24059794e+09  1.20e-01 2.40e-08  3.46e+01    18s
  32   1.22227022e+09  1.23824875e+09  8.41e-02 2.98e-08  2.81e+01    18s
  33   1.22274086e+09  1.23775017e+09  7.04e-02 2.53e-08  2.62e+01    19s
  34   1.22296828e+09  1.23435230e+09  6.41e-02 3.45e-08  2.00e+01    19s
  35   1.22368185e+09  1.23270230e+09  4.59e-02 2.83e-08  1.57e+01    20s
  36   1.22412823e+09  1.23145534e+09  3.81e-02 2.60e-08  1.28e+01    20s
  37   1.22471786e+09  1.23092655e+09  2.83e-02 2.98e-08  1.08e+01    20s
  38   1.22511826e+09  1.22998649e+09  2.28e-02 2.71e-08  8.45e+00    21s
  39   1.22542476e+09  1.22932802e+09  1.89e-02 2.98e-08  6.78e+00    21s
  40   1.22569900e+09  1.22881140e+09  1.58e-02 2.95e-08  5.41e+00    22s
  41   1.22609550e+09  1.22856742e+09  1.15e-02 3.37e-08  4.29e+00    22s
  42   1.22625819e+09  1.22828280e+09  9.94e-03 3.28e-08  3.52e+00    23s
  43   1.22638703e+09  1.22804794e+09  8.69e-03 2.80e-08  2.89e+00    23s
  44   1.22660458e+09  1.22795205e+09  6.67e-03 3.75e-08  2.34e+00    24s
  45   1.22671294e+09  1.22794076e+09  5.69e-03 2.91e-08  2.13e+00    24s
  46   1.22680244e+09  1.22781773e+09  4.89e-03 2.65e-08  1.76e+00    25s
  47   1.22692898e+09  1.22773227e+09  3.82e-03 3.24e-08  1.39e+00    25s
  48   1.22704513e+09  1.22765914e+09  2.85e-03 3.03e-08  1.07e+00    26s
  49   1.22711763e+09  1.22760589e+09  2.29e-03 3.73e-08  8.47e-01    26s
  50   1.22719705e+09  1.22754987e+09  1.68e-03 3.73e-08  6.13e-01    27s
  51   1.22730569e+09  1.22749712e+09  8.47e-04 1.77e-08  3.32e-01    27s
  52   1.22734700e+09  1.22746240e+09  5.40e-04 2.98e-08  2.01e-01    28s
  53   1.22735796e+09  1.22744745e+09  4.65e-04 2.08e-08  1.56e-01    28s
  54   1.22737245e+09  1.22744361e+09  3.60e-04 2.65e-08  1.24e-01    28s
  55   1.22738687e+09  1.22743779e+09  2.48e-04 3.13e-08  8.86e-02    29s
  56   1.22740327e+09  1.22742869e+09  1.29e-04 2.24e-08  4.44e-02    29s
  57   1.22742161e+09  1.22742195e+09  9.35e-07 2.61e-08  5.80e-04    29s
  58   1.22742183e+09  1.22742183e+09  1.18e-07 2.88e-08  1.51e-06    30s
  59   1.22742183e+09  1.22742183e+09  3.55e-09 2.98e-08  1.32e-09    30s

Barrier solved model in 59 iterations and 30.45 seconds (19.70 work units)
Optimal objective 1.22742183e+09


Root crossover log...

    9084 DPushes remaining with DInf 0.0000000e+00                31s
       0 DPushes remaining with DInf 0.0000000e+00                31s

     633 PPushes remaining with PInf 0.0000000e+00                31s
      21 PPushes remaining with PInf 0.0000000e+00                31s

  Push phase complete: Pinf 0.0000000e+00, Dinf 7.2961571e+03     31s


Root simplex log...

Iteration    Objective       Primal Inf.    Dual Inf.      Time
    9681    1.2274218e+09   5.222151e+02   0.000000e+00     31s
    9743    1.2274218e+09   0.000000e+00   0.000000e+00     32s
Concurrent spin time: 0.14s

Solved with barrier
    9743    1.2274218e+09   0.000000e+00   0.000000e+00     32s

Root relaxation: objective 1.227422e+09, 9743 iterations, 27.85 seconds (12.84 work units)

    Nodes    |    Current Node    |     Objective Bounds      |     Work
 Expl Unexpl |  Obj  Depth IntInf | Incumbent    BestBd   Gap | It/Node Time

     0     0 1.2274e+09    0  213          - 1.2274e+09      -     -   33s
     0     0 1.2274e+09    0  239          - 1.2274e+09      -     -   42s
     0     0 1.2274e+09    0  268          - 1.2274e+09      -     -   49s
     0     0 1.2274e+09    0  262          - 1.2274e+09      -     -   52s
     0     0 1.2274e+09    0  266          - 1.2274e+09      -     -   55s
     0     0 1.2274e+09    0  273          - 1.2274e+09      -     -   56s
     0     0 1.2274e+09    0  265          - 1.2274e+09      -     -   67s
     0     0 1.2274e+09    0  268          - 1.2274e+09      -     -   72s
     0     0 1.2274e+09    0  256          - 1.2274e+09      -     -   79s
     0     0 1.2274e+09    0  276          - 1.2274e+09      -     -   83s
     0     0 1.2274e+09    0  257          - 1.2274e+09      -     -   92s
     0     0 1.2274e+09    0  269          - 1.2274e+09      -     -   95s
     0     0 1.2269e+09    0  257          - 1.2269e+09      -     -  109s
     0     0 1.2269e+09    0  246          - 1.2269e+09      -     -  113s
     0     0 1.2269e+09    0  250          - 1.2269e+09      -     -  114s
     0     0 1.2269e+09    0  257          - 1.2269e+09      -     -  124s
     0     0 1.2269e+09    0  259          - 1.2269e+09      -     -  127s
     0     0 1.2269e+09    0  257          - 1.2269e+09      -     -  131s
     0     0 1.2269e+09    0  266          - 1.2269e+09      -     -  135s
     0     0 1.2269e+09    0  267          - 1.2269e+09      -     -  136s
     0     0 1.2269e+09    0  267          - 1.2269e+09      -     -  138s
     0     2 1.2269e+09    0  256          - 1.2269e+09      -     -  178s
     1     4 1.2268e+09    1  227          - 1.2269e+09      - 10997  187s
     3     8 1.2268e+09    2  256          - 1.2268e+09      -  4563  198s
     7    16 1.2268e+09    3  277          - 1.2268e+09      -  2319  237s
    15    24 1.2268e+09    4  275          - 1.2268e+09      -  1643  274s
    23    32 1.2268e+09    5  278          - 1.2268e+09      -  1332  307s
    31    40 1.2268e+09    6  249          - 1.2268e+09      -  1303  333s
    39    48 1.2268e+09    6  257          - 1.2268e+09      -  1104  357s
    47    56 1.2268e+09    7  232          - 1.2268e+09      -  1021  395s
    55    64 1.2268e+09    8  227          - 1.2268e+09      -  1028  420s
    63    82 1.2268e+09    8  241          - 1.2268e+09      -   971  482s
    81   124 1.2268e+09   10  225          - 1.2268e+09      -   910  646s
   123   230 1.2268e+09   16  227          - 1.2268e+09      -   914  971s
   231   493 1.2268e+09   25  211          - 1.2268e+09      -   716 1632s
   494   943 1.2268e+09   52  219          - 1.2268e+09      -   558 2624s
   946  1592 1.2268e+09  115  212          - 1.2268e+09      -   455 3765s
  1599  2325 1.2267e+09  210  150          - 1.2268e+09      -   407 4719s
  2342  3082 1.2266e+09  293  139          - 1.2268e+09      -   359 5365s
  3101  3872 1.2266e+09  391  126          - 1.2268e+09      -   320 5876s
  3893  4680 1.2265e+09  491  110          - 1.2268e+09      -   287 6297s
  4709  5464 1.2265e+09  592  134          - 1.2268e+09      -   257 6675s
  5509  6221 1.2264e+09  694  118          - 1.2268e+09      -   240 7034s
  6270  7037 1.2263e+09  793  101          - 1.2268e+09      -   228 7405s
  7086  7835 1.2262e+09  894   99          - 1.2268e+09      -   217 7783s
  7889  7836 1.2265e+09  663  267          - 1.2268e+09      -   209 7862s
  7891  7837 1.2266e+09  597  225          - 1.2268e+09      -   209 7931s
  7892  7838 1.2265e+09  735  215          - 1.2268e+09      -   209 8000s
  7893  7839 1.2266e+09  546  281          - 1.2268e+09      -   209 8024s
  7894  7839 1.2266e+09  475  301          - 1.2268e+09      -   209 8048s
  7895  7840 1.2266e+09  522  330          - 1.2268e+09      -   209 8058s
  7896  7841 1.2264e+09  761  307          - 1.2268e+09      -   209 8071s
  7897  7841 1.2264e+09  919  300          - 1.2268e+09      -   209 8097s
  7898  7842 1.2264e+09  868  225          - 1.2268e+09      -   209 8178s
  7899  7843 1.2265e+09  611  284          - 1.2268e+09      -   209 8191s
  7900  7843 1.2266e+09  806  284          - 1.2268e+09      -   209 8224s
  7901  7844 1.2267e+09  329  280          - 1.2268e+09      -   209 8267s
  7902  7845 1.2266e+09  287  266          - 1.2268e+09      -   209 8273s
  7903  7845 1.2265e+09  722  273          - 1.2268e+09      -   209 8278s
  7904  7846 1.2268e+09  230  278          - 1.2268e+09      -   209 8293s
  7905  7847 1.2250e+09  723  292          - 1.2268e+09      -   208 8306s
  7906  7847 1.2263e+09  889  285          - 1.2268e+09      -   208 8313s
  7907  7848 1.2268e+09  238  294          - 1.2268e+09      -   208 8321s
  7908  7849 1.2256e+09  517  307          - 1.2268e+09      -   208 8350s
H 7908  7456                    1.204280e+09 1.2268e+09  1.87%   208 8409s
H 7908  7083                    1.204969e+09 1.2268e+09  1.81%   208 8414s
  7909  7083 1.2265e+09  626  272 1.2050e+09 1.2268e+09  1.81%   208 8415s
  7910  7084 1.2266e+09  489  289 1.2050e+09 1.2268e+09  1.81%   208 8452s
  7911  7085 1.2266e+09  573  283 1.2050e+09 1.2268e+09  1.81%   208 8497s
  7912  7085 1.2268e+09   66  295 1.2050e+09 1.2268e+09  1.81%   208 8505s
  7913  7086 1.2265e+09  876  291 1.2050e+09 1.2268e+09  1.81%   208 8526s
H 7913  6731                    1.205374e+09 1.2268e+09  1.78%   208 8561s
  7915  6732 1.2266e+09  158  310 1.2054e+09 1.2268e+09  1.78%   208 8584s
H 7915  6395                    1.211551e+09 1.2268e+09  1.26%   208 8634s
  7917  6397 1.2265e+09  621  308 1.2116e+09 1.2268e+09  1.26%   208 8660s
H 7917  6077                    1.212005e+09 1.2268e+09  1.22%   208 8698s
  7919  6078 1.2268e+09   32  310 1.2120e+09 1.2268e+09  1.22%   208 8720s
H 7919  5773                    1.212870e+09 1.2268e+09  1.15%   208 8771s
  7921  5774 1.2265e+09  453  295 1.2129e+09 1.2268e+09  1.15%   208 8799s
  7922  5775 1.2257e+09  770  284 1.2129e+09 1.2268e+09  1.15%   208 8821s
H 7926  5490                    1.212922e+09 1.2268e+09  1.14%   226 8857s
  7927  5490 1.2264e+09  933  231 1.2129e+09 1.2268e+09  1.14%   226 8879s
H 7927  5215                    1.213140e+09 1.2268e+09  1.12%   226 8936s
H 7928  4955                    1.213763e+09 1.2268e+09  1.07%   226 8963s
H 7928  4707                    1.213877e+09 1.2268e+09  1.06%   226 8963s
  7930  4708 1.2264e+09  812  266 1.2139e+09 1.2268e+09  1.06%   226 8973s
  7931  4709 1.2268e+09   25  257 1.2139e+09 1.2268e+09  1.06%   226 8978s
  7932  4710 1.2264e+09  930  266 1.2139e+09 1.2268e+09  1.06%   226 8988s
  7933  4710 1.2266e+09  748  263 1.2139e+09 1.2268e+09  1.06%   226 8996s
  7934  4711 1.2266e+09  438  278 1.2139e+09 1.2268e+09  1.06%   226 9003s
  7935  4712 1.2266e+09  465  278 1.2139e+09 1.2268e+09  1.06%   226 9005s
  7936  4712 1.2267e+09  427  274 1.2139e+09 1.2268e+09  1.06%   226 9022s
H 7936  4476                    1.215818e+09 1.2268e+09  0.90%   226 9077s

Cutting planes:
  Cover: 13
  Implied bound: 2
  Projected implied bound: 12
  Clique: 2
  MIR: 32
  Flow cover: 31
  GUB cover: 2
  Zero half: 1
  RLT: 3
  Relax-and-lift: 7

Explored 7936 nodes (1886185 simplex iterations) in 9077.69 seconds (4402.35 work units)
Thread count was 16 (of 16 available processors)

Solution count 10: 1.21582e+09 1.21388e+09 1.21376e+09 ... 1.20497e+09

Optimal solution found (tolerance 1.00e-02)
Best objective 1.215818234990e+09, best bound 1.226770677939e+09, gap 0.9008%
Gurobi Optimizer version 10.0.1 build v10.0.1rc0 (win64)

CPU model: Intel(R) Core(TM) i7-10700 CPU @ 2.90GHz, instruction set [SSE2|AVX|AVX2]
Thread count: 8 physical cores, 16 logical processors, using up to 16 threads

Optimize a model with 31080 rows, 349928 columns and 1702883 nonzeros
Model fingerprint: 0x5789741c
Variable types: 1052 continuous, 348876 integer (348876 binary)
Coefficient statistics:
  Matrix range     [1e+00, 2e+05]
  Objective range  [4e+01, 3e+07]
  Bounds range     [1e+00, 3e+05]
  RHS range        [1e+00, 3e+06]
Presolve removed 28355 rows and 314776 columns
Presolve time: 0.79s
Presolved: 2725 rows, 35152 columns, 155826 nonzeros
Variable types: 401 continuous, 34751 integer (34750 binary)
Deterministic concurrent LP optimizer: primal and dual simplex
Showing first log only...

Concurrent spin time: 0.00s

Solved with primal simplex

Root relaxation: objective 1.152014e+09, 48061 iterations, 0.99 seconds (1.49 work units)

    Nodes    |    Current Node    |     Objective Bounds      |     Work
 Expl Unexpl |  Obj  Depth IntInf | Incumbent    BestBd   Gap | It/Node Time

     0     0 1.1520e+09    0  106          - 1.1520e+09      -     -    2s
     0     0 1.1520e+09    0  106          - 1.1520e+09      -     -    2s
     0     0 1.1513e+09    0  115          - 1.1513e+09      -     -    2s
     0     0 1.1513e+09    0  115          - 1.1513e+09      -     -    2s
     0     0 1.1513e+09    0  115          - 1.1513e+09      -     -    2s
     0     0 1.1512e+09    0  107          - 1.1512e+09      -     -    2s
     0     0 1.1512e+09    0   86          - 1.1512e+09      -     -    3s
     0     0 1.1512e+09    0   85          - 1.1512e+09      -     -    3s
     0     0 1.1512e+09    0  110          - 1.1512e+09      -     -    3s
     0     0 1.1512e+09    0  104          - 1.1512e+09      -     -    3s
     0     0 1.1511e+09    0  111          - 1.1511e+09      -     -    3s
     0     0 1.1511e+09    0  121          - 1.1511e+09      -     -    3s
     0     0 1.1511e+09    0  116          - 1.1511e+09      -     -    3s
     0     0 1.1511e+09    0  131          - 1.1511e+09      -     -    3s
H    0     0                    1.145204e+09 1.1511e+09  0.51%     -    4s
     0     0 1.1511e+09    0  121 1.1452e+09 1.1511e+09  0.51%     -    4s

Cutting planes:
  Cover: 12
  Implied bound: 15
  Clique: 1
  MIR: 26
  StrongCG: 1
  Flow cover: 47
  GUB cover: 5
  Network: 1
  RLT: 22
  Relax-and-lift: 5

Explored 1 nodes (50739 simplex iterations) in 4.28 seconds (5.64 work units)
Thread count was 16 (of 16 available processors)

Solution count 1: 1.1452e+09 

Optimal solution found (tolerance 1.00e-02)
Best objective 1.145203618496e+09, best bound 1.151100922596e+09, gap 0.5150%
