
Gurobi 9.5.1 (win64) logging started Tue May 30 18:33:42 2023

Set parameter LogFile to value "logFiles/A-2L-C/A-2L-6U-8F-15V-120D/basic-05-30-2023, 18-33-H70-P50-O15.log"
Gurobi Optimizer version 9.5.1 build v9.5.1rc2 (win64)
Thread count: 8 physical cores, 16 logical processors, using up to 16 threads
Optimize a model with 39822 rows, 344322 columns and 1770697 nonzeros
Model fingerprint: 0x64c30539
Variable types: 104049 continuous, 240273 integer (240273 binary)
Coefficient statistics:
  Matrix range     [1e+00, 2e+05]
  Objective range  [4e+01, 3e+07]
  Bounds range     [1e+00, 1e+00]
  RHS range        [1e+00, 3e+06]

Loaded user MIP start with objective 8.72343e+08

Presolve removed 27756 rows and 48409 columns
Presolve time: 3.58s
Presolved: 12066 rows, 295913 columns, 1340276 nonzeros
Found heuristic solution: objective 8.739840e+08
Variable types: 65820 continuous, 230093 integer (230079 binary)

Deterministic concurrent LP optimizer: primal and dual simplex
Showing first log only...


Root simplex log...

Iteration    Objective       Primal Inf.    Dual Inf.      Time
       0    6.8895819e+08   2.421591e+06   2.056249e+15      6s
  133578    1.0698412e+09   9.323130e+01   5.272953e+10     10s
  200647    1.8965020e+09   2.593052e+04   0.000000e+00     15s
  226267    1.2320737e+09   4.000140e+05   0.000000e+00     20s
  238237    1.2294428e+09   2.436968e+06   0.000000e+00     25s
  247687    1.2287870e+09   1.825395e+06   0.000000e+00     30s
  254552    1.2283139e+09   5.147610e+05   0.000000e+00     35s
  261167    1.2278502e+09   1.614603e+06   0.000000e+00     40s
  265642    1.2276282e+09   1.811821e+05   0.000000e+00     45s
  268867    1.2275205e+09   1.290492e+05   0.000000e+00     50s
  271857    1.2274620e+09   1.479558e+06   0.000000e+00     55s
  273917    1.2274398e+09   2.652534e+05   0.000000e+00     60s
  275872    1.2274256e+09   5.336527e+03   0.000000e+00     66s
  276822    1.2274223e+09   8.226604e+02   0.000000e+00     70s
  277134    1.2274218e+09   0.000000e+00   0.000000e+00     72s
  277134    1.2274218e+09   0.000000e+00   0.000000e+00     72s
Concurrent spin time: 0.00s

Solved with primal simplex

Root relaxation: objective 1.227422e+09, 277134 iterations, 67.43 seconds (59.79 work units)

    Nodes    |    Current Node    |     Objective Bounds      |     Work
 Expl Unexpl |  Obj  Depth IntInf | Incumbent    BestBd   Gap | It/Node Time

     0     0 1.2274e+09    0  227 8.7398e+08 1.2274e+09  40.4%     -   73s
H    0     0                    1.082181e+09 1.2274e+09  13.4%     -   75s
     0     0 1.2274e+09    0  247 1.0822e+09 1.2274e+09  13.4%     -   87s
     0     0 1.2274e+09    0  249 1.0822e+09 1.2274e+09  13.4%     -  133s
     0     0 1.2274e+09    0  268 1.0822e+09 1.2274e+09  13.4%     -  134s
     0     0 1.2274e+09    0  268 1.0822e+09 1.2274e+09  13.4%     -  134s
     0     0 1.2274e+09    0  265 1.0822e+09 1.2274e+09  13.4%     -  146s
H    0     0                    1.164328e+09 1.2274e+09  5.42%     -  160s
     0     0 1.2274e+09    0  255 1.1643e+09 1.2274e+09  5.42%     -  161s
     0     0 1.2269e+09    0  260 1.1643e+09 1.2269e+09  5.37%     -  178s
     0     0 1.2269e+09    0  212 1.1643e+09 1.2269e+09  5.37%     -  189s
     0     0 1.2269e+09    0  219 1.1643e+09 1.2269e+09  5.37%     -  189s
     0     0 1.2269e+09    0  239 1.1643e+09 1.2269e+09  5.37%     -  201s
     0     0 1.2269e+09    0  261 1.1643e+09 1.2269e+09  5.37%     -  204s
     0     0 1.2269e+09    0  230 1.1643e+09 1.2269e+09  5.37%     -  217s
     0     0 1.2269e+09    0  242 1.1643e+09 1.2269e+09  5.37%     -  246s
     0     0 1.2269e+09    0  246 1.1643e+09 1.2269e+09  5.37%     -  248s
     0     0 1.2269e+09    0  252 1.1643e+09 1.2269e+09  5.37%     -  249s
     0     0 1.2269e+09    0  258 1.1643e+09 1.2269e+09  5.37%     -  261s
     0     0 1.2269e+09    0  254 1.1643e+09 1.2269e+09  5.37%     -  392s
     0     2 1.2268e+09    0  241 1.1643e+09 1.2268e+09  5.37%     -  426s
     1     4 1.2268e+09    1  237 1.1643e+09 1.2268e+09  5.37%  8505  455s
     3     8 1.2268e+09    2  257 1.1643e+09 1.2268e+09  5.37%  3115  512s
     7    16 1.2268e+09    3  268 1.1643e+09 1.2268e+09  5.37%  2002  639s
    15    24 1.2268e+09    4  272 1.1643e+09 1.2268e+09  5.37%  1817  757s
    23    32 1.2259e+09    4  252 1.1643e+09 1.2268e+09  5.37%  1945  830s
H   31    40                    1.208675e+09 1.2268e+09  1.50%  1672  949s
H   32    40                    1.219228e+09 1.2268e+09  0.62%  1620  949s
H   38    40                    1.219573e+09 1.2268e+09  0.60%  1471  950s

Cutting planes:
  Cover: 38
  Implied bound: 52
  Clique: 11
  MIR: 36
  Flow cover: 100
  GUB cover: 1
  Network: 3
  RLT: 54
  Relax-and-lift: 6

Explored 39 nodes (359529 simplex iterations) in 950.50 seconds (838.19 work units)
Thread count was 16 (of 16 available processors)

Solution count 7: 1.21957e+09 1.21923e+09 1.20867e+09 ... 8.72343e+08

Optimal solution found (tolerance 1.50e-02)
Best objective 1.219572502137e+09, best bound 1.226845927802e+09, gap 0.5964%
Gurobi Optimizer version 9.5.1 build v9.5.1rc2 (win64)
Thread count: 8 physical cores, 16 logical processors, using up to 16 threads
Optimize a model with 31080 rows, 349928 columns and 1702883 nonzeros
Model fingerprint: 0x8a37d0eb
Variable types: 1052 continuous, 348876 integer (348876 binary)
Coefficient statistics:
  Matrix range     [1e+00, 2e+05]
  Objective range  [4e+01, 3e+07]
  Bounds range     [1e+00, 3e+05]
  RHS range        [1e+00, 3e+06]

User MIP start did not produce a new incumbent solution
User MIP start violates constraint flow[AD-2,FU,111] by 1.000000000

Presolve removed 29144 rows and 333187 columns
Presolve time: 0.68s
Presolved: 1936 rows, 16741 columns, 73592 nonzeros
Variable types: 414 continuous, 16327 integer (16326 binary)

Root relaxation: objective 1.153373e+09, 7582 iterations, 0.22 seconds (0.38 work units)
Another try with MIP start

    Nodes    |    Current Node    |     Objective Bounds      |     Work
 Expl Unexpl |  Obj  Depth IntInf | Incumbent    BestBd   Gap | It/Node Time

     0     0 1.1534e+09    0   83          - 1.1534e+09      -     -    1s
H    0     0                    1.137491e+09 1.1534e+09  1.40%     -    2s

Explored 1 nodes (7915 simplex iterations) in 2.62 seconds (2.82 work units)
Thread count was 16 (of 16 available processors)

Solution count 1: 1.13749e+09 

Optimal solution found (tolerance 1.50e-02)
Best objective 1.137490591404e+09, best bound 1.153372619566e+09, gap 1.3962%
