
Gurobi 10.0.1 (linux64) logging started Wed May 24 15:07:56 2023

Set parameter LogFile to value "logFiles/A-2L-C/A-2L-6U-8F-15V-120D/basic-05-24-2023, 15-07-H70-P50-O15.log"
Gurobi Optimizer version 10.0.1 build v10.0.1rc0 (linux64)

CPU model: Intel(R) Xeon(R) Gold 5115 CPU @ 2.40GHz, instruction set [SSE2|AVX|AVX2|AVX512]
Thread count: 20 physical cores, 40 logical processors, using up to 20 threads

Optimize a model with 30959 rows, 351361 columns and 1639335 nonzeros
Model fingerprint: 0xcbf255d4
Variable types: 176625 continuous, 174736 integer (174736 binary)
Coefficient statistics:
  Matrix range     [1e+00, 2e+05]
  Objective range  [4e+01, 3e+07]
  Bounds range     [1e+00, 1e+00]
  RHS range        [1e+00, 2e+06]
Presolve removed 17579 rows and 39533 columns (presolve time = 5s) ...
Presolve removed 17555 rows and 39582 columns
Presolve time: 8.09s
Presolved: 13404 rows, 311779 columns, 1392303 nonzeros
Variable types: 148537 continuous, 163242 integer (163230 binary)
Deterministic concurrent LP optimizer: primal simplex, dual simplex, and barrier
Showing barrier log only...

Root barrier log...

Ordering time: 1.25s

Barrier statistics:
 AA' NZ     : 7.444e+05
 Factor NZ  : 4.002e+06 (roughly 160 MB of memory)
 Factor Ops : 3.436e+09 (less than 1 second per iteration)
 Threads    : 17

                  Objective                Residual
Iter       Primal          Dual         Primal    Dual     Compl     Time
   0  -1.22764163e+16  1.30830249e+13  5.48e+08 6.19e+06  1.04e+12    12s
   1  -3.40762986e+15  1.58266660e+13  1.52e+08 3.98e+06  2.91e+11    12s
   2  -4.08033606e+14  1.30806518e+13  1.83e+07 3.17e-08  3.56e+10    12s
   3  -5.75585684e+12  8.84707537e+12  2.58e+05 1.87e-08  5.16e+08    12s
   4  -6.89582406e+11  2.71579087e+12  3.09e+04 1.68e-08  6.56e+07    13s
   5  -2.18540619e+11  1.78666920e+12  9.82e+03 1.30e-08  2.17e+07    13s
   6  -1.89476927e+11  1.66164301e+12  8.51e+03 1.06e-07  1.88e+07    13s
   7  -1.17196396e+11  1.17088863e+12  5.28e+03 1.49e-08  1.14e+07    13s
   8  -8.65463088e+10  7.53792232e+11  3.91e+03 6.15e-08  7.66e+06    13s
   9  -4.87816535e+10  5.35378709e+11  2.23e+03 8.39e-08  4.29e+06    13s
  10  -1.85304093e+10  2.47499049e+11  8.76e+02 7.92e-08  1.58e+06    13s
  11  -6.49036984e+09  9.48499668e+10  3.39e+02 7.36e-08  5.62e+05    14s
  12  -2.66007487e+09  5.68507012e+10  1.69e+02 9.50e-08  2.86e+05    14s
  13  -5.82105472e+07  3.46336571e+10  5.42e+01 4.93e-08  1.15e+05    14s
  14   5.76357180e+08  2.58838204e+10  2.69e+01 6.14e-08  6.98e+04    14s
  15   7.54541108e+08  1.83717178e+10  1.94e+01 4.14e-08  4.94e+04    14s
  16   9.70227515e+08  1.38090002e+10  1.03e+01 4.47e-08  3.19e+04    14s
  17   1.03896966e+09  1.09385387e+10  7.59e+00 5.96e-08  2.43e+04    14s
  18   1.07191063e+09  7.21153777e+09  6.32e+00 7.95e-08  1.70e+04    15s
  19   1.09648702e+09  5.37745247e+09  5.43e+00 8.84e-08  1.30e+04    15s
  20   1.14722872e+09  4.27000880e+09  3.74e+00 8.43e-08  9.16e+03    15s
  21   1.16535961e+09  3.68275384e+09  3.19e+00 8.05e-08  7.54e+03    15s
  22   1.18237014e+09  3.27851269e+09  2.77e+00 1.04e-07  6.27e+03    15s
  23   1.19424590e+09  3.10855401e+09  2.55e+00 1.05e-07  5.71e+03    15s
  24   1.22982310e+09  2.67560900e+09  1.74e+00 1.04e-07  3.96e+03    16s
  25   1.24032365e+09  2.38292770e+09  1.53e+00 1.03e-07  3.15e+03    16s
  26   1.27064692e+09  1.97485577e+09  9.67e-01 7.45e-08  1.81e+03    16s
  27   1.30750511e+09  1.68616863e+09  3.21e-01 5.94e-08  7.73e+02    16s
  28   1.32035682e+09  1.57592169e+09  1.79e-01 5.96e-08  4.85e+02    16s
  29   1.32311571e+09  1.47806127e+09  1.57e-01 7.84e-08  2.98e+02    16s
  30   1.32755991e+09  1.44283696e+09  1.28e-01 6.85e-08  2.20e+02    17s
  31   1.33167625e+09  1.43344974e+09  1.02e-01 9.69e-08  1.90e+02    17s
  32   1.33607450e+09  1.42575760e+09  8.12e-02 1.19e-07  1.65e+02    17s
  33   1.33853378e+09  1.41680320e+09  7.07e-02 1.08e-07  1.43e+02    17s
  34   1.34122794e+09  1.40250778e+09  6.01e-02 1.14e-07  1.12e+02    17s
  35   1.34209682e+09  1.40024044e+09  5.71e-02 1.27e-07  1.06e+02    17s
  36   1.34493300e+09  1.38746404e+09  4.86e-02 7.83e-08  7.79e+01    17s
  37   1.34639948e+09  1.38007771e+09  4.46e-02 8.20e-08  6.20e+01    18s
  38   1.34883865e+09  1.37855952e+09  3.77e-02 1.17e-07  5.43e+01    18s
  39   1.35507865e+09  1.37555545e+09  2.29e-02 1.38e-07  3.67e+01    18s
  40   1.35754444e+09  1.37320383e+09  1.79e-02 9.67e-08  2.80e+01    18s
  41   1.35923457e+09  1.37181590e+09  1.48e-02 1.11e-07  2.25e+01    18s
  42   1.36054349e+09  1.37107336e+09  1.24e-02 1.38e-07  1.88e+01    18s
  43   1.36205073e+09  1.37090022e+09  9.85e-03 1.40e-07  1.57e+01    19s
  44   1.36259776e+09  1.37035667e+09  8.96e-03 1.23e-07  1.38e+01    19s
  45   1.36360781e+09  1.37016179e+09  7.36e-03 1.38e-07  1.16e+01    19s
  46   1.36430685e+09  1.36983282e+09  6.27e-03 1.43e-07  9.77e+00    19s
  47   1.36512498e+09  1.36974707e+09  5.03e-03 1.43e-07  8.14e+00    19s
  48   1.36617231e+09  1.36936102e+09  3.43e-03 1.27e-07  5.61e+00    20s
  49   1.36651667e+09  1.36923886e+09  2.94e-03 1.25e-07  4.79e+00    20s
  50   1.36710391e+09  1.36909734e+09  2.10e-03 1.03e-07  3.50e+00    20s
  51   1.36770397e+09  1.36890238e+09  1.26e-03 8.94e-08  2.10e+00    20s
  52   1.36811103e+09  1.36882275e+09  7.07e-04 8.73e-08  1.24e+00    20s
  53   1.36823738e+09  1.36877156e+09  5.33e-04 9.44e-08  9.33e-01    21s
  54   1.36826739e+09  1.36875635e+09  4.93e-04 9.33e-08  8.56e-01    21s
  55   1.36827942e+09  1.36875343e+09  4.77e-04 1.11e-07  8.29e-01    21s
  56   1.36844336e+09  1.36872211e+09  2.62e-04 1.21e-07  4.85e-01    21s
  57   1.36860217e+09  1.36868703e+09  6.15e-05 7.95e-08  1.45e-01    21s
  58   1.36864721e+09  1.36866199e+09  9.76e-06 9.41e-08  2.49e-02    21s
  59   1.36865444e+09  1.36865508e+09  1.90e-06 1.04e-07  1.09e-03    21s
  60   1.36865479e+09  1.36865479e+09  6.37e-09 7.21e-08  3.17e-06    22s
  61   1.36865479e+09  1.36865479e+09  3.02e-09 6.03e-08  1.04e-10    22s

Barrier solved model in 61 iterations and 21.68 seconds (20.19 work units)
Optimal objective 1.36865479e+09


Root crossover log...

    9296 DPushes remaining with DInf 0.0000000e+00                22s
       0 DPushes remaining with DInf 0.0000000e+00                22s

    1282 PPushes remaining with PInf 2.3186151e-06                22s
       0 PPushes remaining with PInf 0.0000000e+00                22s

  Push phase complete: Pinf 0.0000000e+00, Dinf 1.2171261e+05     22s


Root simplex log...

Iteration    Objective       Primal Inf.    Dual Inf.      Time
    9122    1.3686548e+09   0.000000e+00   1.217126e+05     22s
    9171    1.3686548e+09   0.000000e+00   0.000000e+00     22s
Concurrent spin time: 0.01s

Solved with barrier
    9171    1.3686548e+09   0.000000e+00   0.000000e+00     22s

Root relaxation: objective 1.368655e+09, 9171 iterations, 12.97 seconds (9.53 work units)

    Nodes    |    Current Node    |     Objective Bounds      |     Work
 Expl Unexpl |  Obj  Depth IntInf | Incumbent    BestBd   Gap | It/Node Time

     0     0 1.3687e+09    0  120          - 1.3687e+09      -     -   24s
H    0     0                    1.363880e+09 1.3687e+09  0.35%     -   41s

Explored 1 nodes (20173 simplex iterations) in 41.48 seconds (35.82 work units)
Thread count was 20 (of 40 available processors)

Solution count 1: 1.36388e+09 

Optimal solution found (tolerance 1.00e-02)
Best objective 1.363880369946e+09, best bound 1.368654791065e+09, gap 0.3501%
Gurobi Optimizer version 10.0.1 build v10.0.1rc0 (linux64)

CPU model: Intel(R) Xeon(R) Gold 5115 CPU @ 2.40GHz, instruction set [SSE2|AVX|AVX2|AVX512]
Thread count: 20 physical cores, 40 logical processors, using up to 20 threads

Optimize a model with 33677 rows, 357670 columns and 1606638 nonzeros
Model fingerprint: 0x5d62b1cd
Variable types: 7366 continuous, 350304 integer (350304 binary)
Coefficient statistics:
  Matrix range     [1e+00, 2e+05]
  Objective range  [4e+01, 3e+07]
  Bounds range     [1e+00, 3e+05]
  RHS range        [1e+00, 2e+06]
Presolve removed 30913 rows and 347025 columns
Presolve time: 0.96s
Presolved: 2764 rows, 10645 columns, 41289 nonzeros
Variable types: 999 continuous, 9646 integer (9646 binary)

Root relaxation: objective 1.371575e+09, 3824 iterations, 0.10 seconds (0.09 work units)

    Nodes    |    Current Node    |     Objective Bounds      |     Work
 Expl Unexpl |  Obj  Depth IntInf | Incumbent    BestBd   Gap | It/Node Time

     0     0 1.3716e+09    0   55          - 1.3716e+09      -     -    1s
H    0     0                    1.356562e+09 1.3716e+09  1.11%     -    1s
     0     0 1.3679e+09    0  104 1.3566e+09 1.3679e+09  0.83%     -    2s

Cutting planes:
  Gomory: 13
  Cover: 6
  Implied bound: 28
  Clique: 4
  MIR: 23
  Flow cover: 56
  Network: 12
  RLT: 5
  Relax-and-lift: 3

Explored 1 nodes (4318 simplex iterations) in 2.05 seconds (1.31 work units)
Thread count was 20 (of 40 available processors)

Solution count 1: 1.35656e+09 

Optimal solution found (tolerance 1.00e-02)
Best objective 1.356562134285e+09, best bound 1.367882590210e+09, gap 0.8345%
