
Gurobi 10.0.1 (linux64) logging started Mon May 29 04:58:13 2023

Set parameter LogFile to value "logFiles/A-2L-C/A-2L-6U-8F-15V-120D/basic-05-29-2023, 04-58-H70-P50-O15.log"
Gurobi Optimizer version 10.0.1 build v10.0.1rc0 (linux64)

CPU model: Intel(R) Xeon(R) Gold 5115 CPU @ 2.40GHz, instruction set [SSE2|AVX|AVX2|AVX512]
Thread count: 20 physical cores, 40 logical processors, using up to 20 threads

Optimize a model with 39820 rows, 344322 columns and 1770682 nonzeros
Model fingerprint: 0x865e0147
Variable types: 104049 continuous, 240273 integer (240273 binary)
Coefficient statistics:
  Matrix range     [1e+00, 2e+05]
  Objective range  [4e+01, 3e+07]
  Bounds range     [1e+00, 1e+00]
  RHS range        [1e+00, 3e+06]
Presolve removed 27779 rows and 48430 columns (presolve time = 5s) ...
Presolve removed 27747 rows and 48398 columns
Presolve time: 5.10s
Presolved: 12073 rows, 295924 columns, 1336297 nonzeros
Variable types: 65824 continuous, 230100 integer (230085 binary)
Deterministic concurrent LP optimizer: primal simplex, dual simplex, and barrier
Showing barrier log only...

Root barrier log...

Ordering time: 0.45s

Barrier statistics:
 AA' NZ     : 7.093e+05
 Factor NZ  : 5.781e+06 (roughly 170 MB of memory)
 Factor Ops : 9.607e+09 (less than 1 second per iteration)
 Threads    : 17

                  Objective                Residual
Iter       Primal          Dual         Primal    Dual     Compl     Time
   0  -1.62754793e+16  1.97990248e+13  1.69e+09 6.07e+06  1.79e+12     8s
   1  -5.09467939e+15  2.93930727e+13  5.28e+08 3.81e+06  5.68e+11     8s
   2  -1.18507218e+15  2.97894492e+13  1.23e+08 1.50e-08  1.36e+11     8s
   3  -1.41623052e+13  2.08229289e+13  1.47e+06 2.98e-08  1.67e+09     9s
   4  -8.02700059e+12  4.84905108e+12  8.34e+05 1.56e-08  9.55e+08     9s
   5  -2.21573350e+12  3.33308787e+12  2.30e+05 2.36e-08  2.70e+08     9s
   6  -9.43584152e+11  2.95969611e+12  9.80e+04 1.30e-08  1.18e+08     9s
   7  -1.69323832e+11  2.51563955e+12  1.77e+04 1.30e-08  2.44e+07     9s
   8  -1.06337658e+11  1.51872579e+12  1.11e+04 1.67e-08  1.39e+07    10s
   9  -4.76019702e+10  8.83723355e+11  5.04e+03 5.18e-07  6.07e+06    10s
  10  -1.41082216e+10  5.53098221e+11  1.57e+03 1.53e-07  2.22e+06    10s
  11  -6.97839301e+09  2.52904984e+11  8.28e+02 2.56e-07  1.02e+06    10s
  12  -3.65648993e+09  1.74344698e+11  4.85e+02 1.41e-07  6.29e+05    10s
  13  -2.08035415e+08  1.00646794e+11  1.31e+02 1.14e-07  2.55e+05    10s
  14   4.92479839e+08  5.07596158e+10  6.21e+01 8.85e-08  1.24e+05    11s
  15   6.90587978e+08  3.24905207e+10  4.30e+01 8.61e-08  8.10e+04    11s
  16   9.37897984e+08  1.85566260e+10  1.94e+01 1.18e-07  4.24e+04    11s
  17   9.84584575e+08  1.17846749e+10  1.52e+01 1.19e-07  2.84e+04    11s
  18   9.98006665e+08  1.04198722e+10  1.41e+01 1.24e-07  2.53e+04    11s
  19   1.02099573e+09  7.79185322e+09  1.22e+01 1.44e-07  1.96e+04    11s
  20   1.04236788e+09  6.63779941e+09  1.04e+01 1.23e-07  1.64e+04    11s
  21   1.08349407e+09  5.79391502e+09  7.74e+00 1.18e-07  1.31e+04    12s
  22   1.10145978e+09  4.02199050e+09  6.69e+00 1.39e-07  9.07e+03    12s
  23   1.10712428e+09  3.97814136e+09  6.40e+00 1.70e-07  8.78e+03    12s
  24   1.14893225e+09  3.44254981e+09  4.88e+00 1.27e-07  6.73e+03    12s
  25   1.16604416e+09  3.04438850e+09  4.18e+00 1.24e-07  5.49e+03    12s
  26   1.18866524e+09  2.45833299e+09  3.21e+00 1.08e-07  3.76e+03    13s
  27   1.20798854e+09  1.94602497e+09  2.39e+00 1.20e-07  2.24e+03    13s
  28   1.23093018e+09  1.67943273e+09  1.07e+00 1.42e-07  1.12e+03    13s
  29   1.23770925e+09  1.51626596e+09  3.68e-01 7.69e-08  5.68e+02    13s
  30   1.24327477e+09  1.48715383e+09  2.56e-01 1.22e-07  4.76e+02    13s
  31   1.24382002e+09  1.38993330e+09  2.26e-01 1.09e-07  2.91e+02    14s
  32   1.24480392e+09  1.33388526e+09  1.93e-01 1.11e-07  1.81e+02    14s
  33   1.24667833e+09  1.30980044e+09  1.44e-01 1.25e-07  1.27e+02    14s
  34   1.24871134e+09  1.29382112e+09  9.41e-02 1.19e-07  8.86e+01    14s
  35   1.24882022e+09  1.29138762e+09  9.19e-02 1.70e-07  8.38e+01    14s
  36   1.25013871e+09  1.28198171e+09  6.44e-02 1.50e-07  6.15e+01    15s
  37   1.25077089e+09  1.27265544e+09  5.44e-02 1.49e-07  4.24e+01    15s
  38   1.25185627e+09  1.26760503e+09  3.56e-02 8.99e-08  3.00e+01    15s
  39   1.25237130e+09  1.26384034e+09  2.93e-02 1.02e-07  2.19e+01    15s
  40   1.25304124e+09  1.26248468e+09  2.29e-02 9.34e-08  1.79e+01    15s
  41   1.25383144e+09  1.26121822e+09  1.66e-02 8.94e-08  1.39e+01    16s
  42   1.25425945e+09  1.26068308e+09  1.44e-02 9.13e-08  1.21e+01    16s
  43   1.25452626e+09  1.26015967e+09  1.28e-02 1.36e-07  1.05e+01    16s
  44   1.25475368e+09  1.25941081e+09  1.16e-02 1.23e-07  8.76e+00    16s
  45   1.25517014e+09  1.25927221e+09  9.37e-03 1.19e-07  7.64e+00    16s
  46   1.25534720e+09  1.25894023e+09  8.60e-03 1.39e-07  6.71e+00    17s
  47   1.25579810e+09  1.25872149e+09  6.49e-03 1.22e-07  5.42e+00    17s
  48   1.25605086e+09  1.25864494e+09  5.48e-03 1.31e-07  4.78e+00    17s
  49   1.25616864e+09  1.25843231e+09  5.05e-03 1.14e-07  4.18e+00    17s
  50   1.25640118e+09  1.25839209e+09  4.22e-03 1.19e-07  3.66e+00    17s
  51   1.25648399e+09  1.25833911e+09  3.91e-03 1.12e-07  3.41e+00    18s
  52   1.25662940e+09  1.25830427e+09  3.44e-03 1.06e-07  3.07e+00    18s
  53   1.25679671e+09  1.25821072e+09  2.90e-03 1.13e-07  2.59e+00    18s
  54   1.25686553e+09  1.25814160e+09  2.67e-03 1.09e-07  2.34e+00    18s
  55   1.25697022e+09  1.25809639e+09  2.35e-03 1.16e-07  2.06e+00    18s
  56   1.25703636e+09  1.25808505e+09  2.16e-03 1.49e-07  1.92e+00    19s
  57   1.25715032e+09  1.25800247e+09  1.83e-03 1.19e-07  1.56e+00    19s
  58   1.25719843e+09  1.25796213e+09  1.70e-03 1.19e-07  1.40e+00    19s
  59   1.25724788e+09  1.25793782e+09  1.56e-03 1.19e-07  1.27e+00    19s
  60   1.25735235e+09  1.25792242e+09  1.27e-03 1.23e-07  1.05e+00    19s
  61   1.25743652e+09  1.25788857e+09  1.03e-03 1.15e-07  8.32e-01    20s
  62   1.25747927e+09  1.25787478e+09  9.17e-04 1.44e-07  7.28e-01    20s
  63   1.25753603e+09  1.25785545e+09  7.65e-04 1.16e-07  5.88e-01    20s
  64   1.25764473e+09  1.25784523e+09  4.65e-04 8.94e-08  3.68e-01    20s
  65   1.25766393e+09  1.25783216e+09  4.12e-04 6.85e-08  3.11e-01    20s
  66   1.25768378e+09  1.25782941e+09  3.56e-04 1.19e-07  2.69e-01    21s
  67   1.25772289e+09  1.25781983e+09  2.47e-04 9.44e-08  1.80e-01    21s
  68   1.25772979e+09  1.25781902e+09  2.29e-04 1.12e-07  1.65e-01    21s
  69   1.25776618e+09  1.25781755e+09  1.32e-04 1.23e-07  9.48e-02    21s
  70   1.25778151e+09  1.25781585e+09  8.77e-05 8.89e-08  6.34e-02    21s
  71   1.25778773e+09  1.25781571e+09  7.02e-05 1.04e-07  5.16e-02    22s
  72   1.25779489e+09  1.25781526e+09  5.02e-05 1.10e-07  3.75e-02    22s
  73   1.25780485e+09  1.25781449e+09  2.31e-05 1.06e-07  1.77e-02    22s
  74   1.25780566e+09  1.25781406e+09  2.09e-05 1.01e-07  1.55e-02    22s
  75   1.25780916e+09  1.25781357e+09  1.12e-05 9.15e-08  8.16e-03    22s
  76   1.25781040e+09  1.25781348e+09  7.84e-06 7.69e-08  5.71e-03    22s
  77   1.25781087e+09  1.25781347e+09  6.56e-06 1.28e-07  4.82e-03    22s
  78   1.25781196e+09  1.25781344e+09  3.67e-06 1.04e-07  2.73e-03    23s
  79   1.25781332e+09  1.25781336e+09  7.06e-06 9.64e-08  6.31e-05    23s
  80   1.25781334e+09  1.25781334e+09  3.86e-07 1.19e-07  1.50e-06    23s
  81   1.25781334e+09  1.25781334e+09  1.15e-07 9.07e-08  1.32e-09    23s

Barrier solved model in 81 iterations and 23.08 seconds (19.32 work units)
Optimal objective 1.25781334e+09


Root crossover log...

    9203 DPushes remaining with DInf 0.0000000e+00                23s
       0 DPushes remaining with DInf 0.0000000e+00                23s

     298 PPushes remaining with PInf 0.0000000e+00                23s
       3 PPushes remaining with PInf 0.0000000e+00                23s

  Push phase complete: Pinf 0.0000000e+00, Dinf 3.0847023e+05     23s


Root simplex log...

Iteration    Objective       Primal Inf.    Dual Inf.      Time
    9500    1.2578133e+09   0.000000e+00   3.084707e+05     24s
    9504    1.2578133e+09   0.000000e+00   0.000000e+00     24s
Concurrent spin time: 0.06s

Solved with barrier
    9504    1.2578133e+09   0.000000e+00   0.000000e+00     24s

Root relaxation: objective 1.257813e+09, 9504 iterations, 17.62 seconds (12.29 work units)

    Nodes    |    Current Node    |     Objective Bounds      |     Work
 Expl Unexpl |  Obj  Depth IntInf | Incumbent    BestBd   Gap | It/Node Time

     0     0 1.2578e+09    0  324          - 1.2578e+09      -     -   25s
H    0     0                    1.241407e+09 1.2578e+09  1.32%     -   38s
H    0     0                    1.242636e+09 1.2578e+09  1.22%     -   42s
     0     0 1.2578e+09    0  334 1.2426e+09 1.2578e+09  1.22%     -   51s
     0     0 1.2578e+09    0  311 1.2426e+09 1.2578e+09  1.22%     -   98s
     0     0 1.2578e+09    0  308 1.2426e+09 1.2578e+09  1.22%     -   99s
     0     0 1.2578e+09    0  307 1.2426e+09 1.2578e+09  1.22%     -  109s
H    0     0                    1.242829e+09 1.2578e+09  1.20%     -  142s
     0     0 1.2578e+09    0  304 1.2428e+09 1.2578e+09  1.20%     -  143s
     0     0 1.2578e+09    0  307 1.2428e+09 1.2578e+09  1.20%     -  157s
     0     0 1.2578e+09    0  301 1.2428e+09 1.2578e+09  1.20%     -  161s
     0     0 1.2578e+09    0  311 1.2428e+09 1.2578e+09  1.20%     -  162s
     0     0 1.2578e+09    0  332 1.2428e+09 1.2578e+09  1.20%     -  166s
     0     0 1.2578e+09    0  329 1.2428e+09 1.2578e+09  1.20%     -  171s
     0     0 1.2578e+09    0  339 1.2428e+09 1.2578e+09  1.20%     -  175s
     0     0 1.2578e+09    0  337 1.2428e+09 1.2578e+09  1.20%     -  181s
     0     0 1.2578e+09    0  337 1.2428e+09 1.2578e+09  1.20%     -  196s
     0     0 1.2578e+09    0  332 1.2428e+09 1.2578e+09  1.20%     -  199s
     0     2 1.2578e+09    0  330 1.2428e+09 1.2578e+09  1.20%     -  237s
     1     4 1.2578e+09    1  332 1.2428e+09 1.2578e+09  1.20%  1667  242s
     3     8 1.2578e+09    2  352 1.2428e+09 1.2578e+09  1.20%   971  253s
     7    16 1.2578e+09    3  322 1.2428e+09 1.2578e+09  1.20%   843  261s
    15    32 1.2578e+09    4  340 1.2428e+09 1.2578e+09  1.20%   711  275s
H   31    52                    1.248676e+09 1.2578e+09  0.73%   722  421s
H   34    52                    1.249240e+09 1.2578e+09  0.68%   724  421s
H   35    52                    1.249692e+09 1.2578e+09  0.65%   713  422s
H   38    52                    1.250004e+09 1.2578e+09  0.62%   687  423s
H   41    52                    1.252661e+09 1.2578e+09  0.41%   686  423s

Cutting planes:
  Cover: 34
  Implied bound: 47
  Clique: 5
  MIR: 58
  StrongCG: 1
  Flow cover: 120
  Zero half: 1
  RLT: 17
  Relax-and-lift: 6

Explored 51 nodes (54121 simplex iterations) in 423.94 seconds (517.28 work units)
Thread count was 20 (of 40 available processors)

Solution count 9: 1.25266e+09 1.25266e+09 1.25e+09 ... 1.24141e+09

Optimal solution found (tolerance 1.00e-02)
Best objective 1.252661098247e+09, best bound 1.257764002828e+09, gap 0.4074%
Gurobi Optimizer version 10.0.1 build v10.0.1rc0 (linux64)

CPU model: Intel(R) Xeon(R) Gold 5115 CPU @ 2.40GHz, instruction set [SSE2|AVX|AVX2|AVX512]
Thread count: 20 physical cores, 40 logical processors, using up to 20 threads

Optimize a model with 31076 rows, 349928 columns and 1699618 nonzeros
Model fingerprint: 0x942cc73e
Variable types: 1052 continuous, 348876 integer (348876 binary)
Coefficient statistics:
  Matrix range     [1e+00, 2e+05]
  Objective range  [4e+01, 3e+07]
  Bounds range     [1e+00, 3e+05]
  RHS range        [1e+00, 3e+06]
Presolve removed 28303 rows and 312487 columns
Presolve time: 1.12s
Presolved: 2773 rows, 37441 columns, 169670 nonzeros
Variable types: 407 continuous, 37034 integer (37033 binary)
Deterministic concurrent LP optimizer: primal and dual simplex
Showing first log only...

Concurrent spin time: 0.00s

Solved with primal simplex

Root relaxation: objective 1.260663e+09, 21637 iterations, 0.65 seconds (0.73 work units)

    Nodes    |    Current Node    |     Objective Bounds      |     Work
 Expl Unexpl |  Obj  Depth IntInf | Incumbent    BestBd   Gap | It/Node Time

     0     0 1.2607e+09    0  128          - 1.2607e+09      -     -    2s
     0     0 1.2607e+09    0  128          - 1.2607e+09      -     -    2s
     0     0 1.2605e+09    0  112          - 1.2605e+09      -     -    5s
     0     0 1.2605e+09    0  113          - 1.2605e+09      -     -    5s
     0     0 1.2603e+09    0  119          - 1.2603e+09      -     -    6s
     0     0 1.2602e+09    0  115          - 1.2602e+09      -     -    6s
     0     0 1.2602e+09    0  117          - 1.2602e+09      -     -    6s
     0     0 1.2602e+09    0  124          - 1.2602e+09      -     -    6s
     0     0 1.2602e+09    0  139          - 1.2602e+09      -     -    6s
     0     0 1.2602e+09    0  133          - 1.2602e+09      -     -    7s
     0     0 1.2602e+09    0  135          - 1.2602e+09      -     -    7s
     0     0 1.2602e+09    0  135          - 1.2602e+09      -     -    7s
     0     0 1.2602e+09    0  137          - 1.2602e+09      -     -    7s
     0     0 1.2602e+09    0  142          - 1.2602e+09      -     -    7s
     0     0 1.2601e+09    0  127          - 1.2601e+09      -     -    8s
     0     0 1.2601e+09    0  130          - 1.2601e+09      -     -    8s
     0     0 1.2601e+09    0  139          - 1.2601e+09      -     -    8s
     0     0 1.2601e+09    0  140          - 1.2601e+09      -     -    9s
     0     0 1.2601e+09    0  132          - 1.2601e+09      -     -    9s
H    0     0                    1.082337e+09 1.2601e+09  16.4%     -    9s
     0     0 1.2601e+09    0  122 1.0823e+09 1.2601e+09  16.4%     -    9s
H    0     0                    1.241587e+09 1.2601e+09  1.49%     -   11s
H    0     0                    1.242995e+09 1.2601e+09  1.38%     -   14s
     0     2 1.2601e+09    0  121 1.2430e+09 1.2601e+09  1.38%     -   14s
     1     4 1.2601e+09    1  124 1.2430e+09 1.2601e+09  1.38%   538   15s
H   30    44                    1.254418e+09 1.2601e+09  0.45%   239   25s
H   31    44                    1.254602e+09 1.2601e+09  0.44%   235   25s

Cutting planes:
  Cover: 12
  Implied bound: 28
  Clique: 6
  MIR: 31
  StrongCG: 1
  Flow cover: 52
  GUB cover: 5
  Network: 3
  RLT: 16
  Relax-and-lift: 36

Explored 50 nodes (35052 simplex iterations) in 25.59 seconds (25.97 work units)
Thread count was 20 (of 40 available processors)

Solution count 5: 1.2546e+09 1.25442e+09 1.243e+09 ... 1.08234e+09

Optimal solution found (tolerance 1.00e-02)
Best objective 1.254601868273e+09, best bound 1.260108706961e+09, gap 0.4389%
