
Gurobi 9.5.1 (win64) logging started Wed May 31 14:17:57 2023

Set parameter LogFile to value "logFiles/A-2L-C/A-2L-6U-8F-15V-120D/basic-05-31-2023, 14-17-H50-P80-O15.log"
Gurobi Optimizer version 9.5.1 build v9.5.1rc2 (win64)
Thread count: 8 physical cores, 16 logical processors, using up to 16 threads
Optimize a model with 31008 rows, 344973 columns and 1771648 nonzeros
Model fingerprint: 0x0980956c
Variable types: 200004 continuous, 144969 integer (144969 binary)
Coefficient statistics:
  Matrix range     [1e+00, 2e+05]
  Objective range  [4e+01, 3e+07]
  Bounds range     [1e+00, 1e+00]
  RHS range        [1e+00, 3e+06]

Loaded user MIP start with objective 8.89566e+08

Presolve removed 18514 rows and 12972 columns (presolve time = 6s) ...
Presolve removed 18500 rows and 13450 columns
Presolve time: 6.42s
Presolved: 12508 rows, 331523 columns, 1423919 nonzeros
Found heuristic solution: objective 8.945905e+08
Variable types: 192367 continuous, 139156 integer (139145 binary)

Deterministic concurrent LP optimizer: primal and dual simplex
Showing first log only...


Root simplex log...

Iteration    Objective       Primal Inf.    Dual Inf.      Time
       0    6.3518479e+08   1.929618e+06   3.369331e+15      8s
   67948    1.0770935e+09   1.158839e+03   1.787665e+11     10s
  138495    1.0729182e+09   3.152053e+01   1.090821e+11     15s
  201419    2.8621243e+09   1.354646e+07   0.000000e+00     20s
  230903    1.1634272e+09   2.667679e+05   0.000000e+00     25s
  244611    1.1587897e+09   6.258227e+05   0.000000e+00     30s
  252871    1.1583488e+09   4.848585e+05   0.000000e+00     35s
  258883    1.1578281e+09   3.906667e+05   0.000000e+00     40s
  262829    1.1576466e+09   1.568255e+05   0.000000e+00     45s
  266581    1.1575859e+09   7.772847e+04   0.000000e+00     50s
  270117    1.1575416e+09   2.540480e+05   0.000000e+00     55s
  272971    1.1575085e+09   1.730120e+04   0.000000e+00     60s
  275497    1.1574692e+09   1.278956e+05   0.000000e+00     65s
  277063    1.1574532e+09   5.763148e+03   0.000000e+00     70s
  277773    1.1574513e+09   0.000000e+00   0.000000e+00     74s
  277773    1.1574513e+09   0.000000e+00   0.000000e+00     74s
Concurrent spin time: 0.00s

Solved with primal simplex

Root relaxation: objective 1.157451e+09, 277773 iterations, 66.46 seconds (69.47 work units)

    Nodes    |    Current Node    |     Objective Bounds      |     Work
 Expl Unexpl |  Obj  Depth IntInf | Incumbent    BestBd   Gap | It/Node Time

     0     0 1.1575e+09    0  113 8.9459e+08 1.1575e+09  29.4%     -   75s
H    0     0                    1.148265e+09 1.1575e+09  0.80%     -   81s

Explored 1 nodes (292415 simplex iterations) in 81.19 seconds (94.74 work units)
Thread count was 16 (of 16 available processors)

Solution count 3: 1.14827e+09 8.94591e+08 8.89566e+08 

Optimal solution found (tolerance 1.50e-02)
Best objective 1.148265281126e+09, best bound 1.157451310847e+09, gap 0.8000%
Gurobi Optimizer version 9.5.1 build v9.5.1rc2 (win64)
Thread count: 8 physical cores, 16 logical processors, using up to 16 threads
Optimize a model with 31120 rows, 349543 columns and 1734987 nonzeros
Model fingerprint: 0xd91d1a95
Variable types: 5130 continuous, 344413 integer (344413 binary)
Coefficient statistics:
  Matrix range     [1e+00, 2e+05]
  Objective range  [4e+01, 3e+07]
  Bounds range     [1e+00, 3e+05]
  RHS range        [1e+00, 3e+06]

User MIP start did not produce a new incumbent solution
User MIP start violates constraint inventory_control[DI,50] by 20250294394.000000000

Presolve removed 27129 rows and 281827 columns
Presolve time: 0.86s
Presolved: 3991 rows, 67716 columns, 281137 nonzeros
Variable types: 1699 continuous, 66017 integer (65947 binary)

Root relaxation: objective 1.149932e+09, 28350 iterations, 3.54 seconds (6.87 work units)
Another try with MIP start

    Nodes    |    Current Node    |     Objective Bounds      |     Work
 Expl Unexpl |  Obj  Depth IntInf | Incumbent    BestBd   Gap | It/Node Time

H    0     0                    1.127853e+09 1.1499e+09  1.96%     -    5s
     0     0 1.1499e+09    0  190 1.1279e+09 1.1499e+09  1.96%     -    5s
H    0     0                    1.141628e+09 1.1499e+09  0.73%     -   13s

Explored 1 nodes (28964 simplex iterations) in 13.27 seconds (19.16 work units)
Thread count was 16 (of 16 available processors)

Solution count 2: 1.14163e+09 1.12785e+09 

Optimal solution found (tolerance 1.50e-02)
Best objective 1.141627693337e+09, best bound 1.149932010682e+09, gap 0.7274%
Gurobi Optimizer version 9.5.1 build v9.5.1rc2 (win64)
Thread count: 8 physical cores, 16 logical processors, using up to 16 threads
Optimize a model with 31020 rows, 353370 columns and 1657005 nonzeros
Model fingerprint: 0x87f6e5e4
Variable types: 1068 continuous, 352302 integer (352302 binary)
Coefficient statistics:
  Matrix range     [1e+00, 2e+05]
  Objective range  [4e+01, 3e+07]
  Bounds range     [1e+00, 3e+05]
  RHS range        [1e+00, 3e+06]

User MIP start did not produce a new incumbent solution
User MIP start violates constraint inventory_control[FU,100] by 728436.000000000

Presolve removed 30544 rows and 352182 columns
Presolve time: 0.51s
Presolved: 476 rows, 1188 columns, 5561 nonzeros
Variable types: 149 continuous, 1039 integer (1039 binary)

Root relaxation: objective 1.142857e+09, 487 iterations, 0.00 seconds (0.00 work units)
Another try with MIP start

    Nodes    |    Current Node    |     Objective Bounds      |     Work
 Expl Unexpl |  Obj  Depth IntInf | Incumbent    BestBd   Gap | It/Node Time

H    0     0                    1.137520e+09 1.1429e+09  0.47%     -    0s
     0     0 1.1429e+09    0   28 1.1375e+09 1.1429e+09  0.47%     -    0s

Explored 1 nodes (494 simplex iterations) in 0.96 seconds (0.95 work units)
Thread count was 16 (of 16 available processors)

Solution count 1: 1.13752e+09 

Optimal solution found (tolerance 1.50e-02)
Best objective 1.137519952636e+09, best bound 1.142856731701e+09, gap 0.4692%
