
Gurobi 10.0.1 (linux64) logging started Tue May 23 22:02:47 2023

Set parameter LogFile to value "logFiles/A-2L-B/A-2L-6U-30F-15V-180D/basic-05-23-2023, 22-02-H70-P50-O15.log"
Gurobi Optimizer version 10.0.1 build v10.0.1rc0 (linux64)

CPU model: Intel(R) Xeon(R) Gold 5115 CPU @ 2.40GHz, instruction set [SSE2|AVX|AVX2|AVX512]
Thread count: 20 physical cores, 40 logical processors, using up to 20 threads

Optimize a model with 34191 rows, 425745 columns and 2119709 nonzeros
Model fingerprint: 0xc4bfb31f
Variable types: 178062 continuous, 247683 integer (247683 binary)
Coefficient statistics:
  Matrix range     [1e+00, 2e+05]
  Objective range  [4e+01, 3e+07]
  Bounds range     [1e+00, 1e+00]
  RHS range        [1e+00, 3e+06]
Presolve removed 21101 rows and 20512 columns (presolve time = 5s) ...
Presolve removed 21075 rows and 20486 columns
Presolve time: 8.46s
Presolved: 13116 rows, 405259 columns, 1816397 nonzeros
Variable types: 167883 continuous, 237376 integer (237365 binary)
Deterministic concurrent LP optimizer: primal simplex, dual simplex, and barrier
Showing barrier log only...

Root barrier log...

Ordering time: 0.79s

Barrier statistics:
 AA' NZ     : 9.008e+05
 Factor NZ  : 6.015e+06 (roughly 200 MB of memory)
 Factor Ops : 8.894e+09 (less than 1 second per iteration)
 Threads    : 17

                  Objective                Residual
Iter       Primal          Dual         Primal    Dual     Compl     Time
   0  -2.45853570e+16  3.60607300e+13  1.33e+09 1.20e+07  3.14e+12    13s
   1  -5.79222529e+15  4.06180105e+13  3.13e+08 8.95e+06  7.50e+11    13s
   2  -1.28531699e+15  3.81625337e+13  6.97e+07 1.35e+06  1.71e+11    13s
   3  -5.45484113e+13  3.08290706e+13  2.96e+06 3.36e-08  7.58e+09    13s
   4  -4.30466202e+12  1.58760857e+13  2.34e+05 3.35e-08  6.17e+08    13s
   5  -5.84286109e+11  1.23904937e+13  3.18e+04 2.62e-08  9.62e+07    13s
   6  -2.31579227e+11  7.57450348e+12  1.26e+04 2.11e-08  4.04e+07    14s
   7  -1.87371610e+11  6.70013162e+12  1.02e+04 2.25e-08  3.29e+07    14s
   8  -1.63117615e+11  4.26924185e+12  8.92e+03 2.22e-08  2.52e+07    14s
   9  -4.76576578e+10  2.37877468e+12  2.67e+03 2.25e-08  8.32e+06    14s
  10  -1.56818879e+10  1.29647745e+12  9.46e+02 2.99e-08  3.29e+06    14s
  11  -8.29115406e+09  4.61380020e+11  5.48e+02 2.76e-08  1.41e+06    15s
  12  -2.93499822e+09  2.00234825e+11  2.61e+02 2.92e-08  6.17e+05    15s
  13  -1.53862172e+08  1.80026802e+11  1.13e+02 4.22e-08  3.80e+05    15s
  14   7.85591452e+08  1.23816690e+11  6.36e+01 3.85e-08  2.39e+05    15s
  15   1.21497411e+09  7.87926573e+10  4.12e+01 8.90e-08  1.52e+05    15s
  16   1.34337151e+09  6.73117139e+10  3.45e+01 7.04e-08  1.28e+05    16s
  17   1.46118294e+09  5.68224013e+10  2.84e+01 1.06e-07  1.07e+05    16s
  18   1.55644972e+09  2.63587439e+10  2.35e+01 8.98e-08  6.32e+04    16s
  19   1.65048160e+09  2.03382881e+10  1.88e+01 8.08e-08  4.87e+04    16s
  20   1.74872533e+09  1.35973870e+10  1.39e+01 8.22e-08  3.35e+04    16s
  21   1.80652335e+09  9.28925926e+09  1.12e+01 8.54e-08  2.40e+04    17s
  22   1.87536669e+09  8.02120748e+09  7.97e+00 9.73e-08  1.79e+04    17s
  23   1.94823790e+09  7.69232749e+09  4.81e+00 1.01e-07  1.33e+04    17s
  24   1.99543148e+09  6.76457375e+09  3.21e+00 1.37e-07  9.85e+03    17s
  25   2.04558389e+09  5.11552162e+09  2.13e+00 9.11e-08  6.11e+03    18s
  26   2.07520444e+09  4.10023238e+09  1.59e+00 7.72e-08  4.00e+03    18s
  27   2.09992646e+09  3.50408030e+09  1.14e+00 9.55e-08  2.67e+03    18s
  28   2.12153258e+09  3.15144849e+09  7.74e-01 1.10e-07  1.83e+03    18s
  29   2.13946795e+09  2.89877801e+09  6.15e-01 1.15e-07  1.32e+03    18s
  30   2.16066197e+09  2.73259431e+09  4.74e-01 1.02e-07  9.64e+02    19s
  31   2.18335934e+09  2.61016373e+09  3.22e-01 1.20e-07  6.79e+02    19s
  32   2.20959218e+09  2.53710051e+09  1.55e-01 1.45e-07  4.70e+02    19s
  33   2.22312719e+09  2.45008093e+09  1.06e-01 1.28e-07  3.19e+02    19s
  34   2.23053379e+09  2.38815762e+09  7.35e-02 1.19e-07  2.18e+02    20s
  35   2.23826414e+09  2.38100528e+09  5.57e-02 1.58e-07  1.94e+02    20s
  36   2.24369601e+09  2.35132708e+09  4.28e-02 1.17e-07  1.45e+02    20s
  37   2.24639607e+09  2.34325125e+09  3.75e-02 1.53e-07  1.30e+02    20s
  38   2.24912956e+09  2.33309688e+09  3.25e-02 1.30e-07  1.13e+02    20s
  39   2.25117231e+09  2.32752750e+09  2.92e-02 1.44e-07  1.02e+02    21s
  40   2.25242610e+09  2.32273727e+09  2.73e-02 1.56e-07  9.41e+01    21s
  41   2.25311535e+09  2.31487843e+09  2.63e-02 1.23e-07  8.30e+01    21s
  42   2.25572993e+09  2.30606864e+09  2.24e-02 1.12e-07  6.78e+01    21s
  43   2.25819616e+09  2.29676275e+09  1.88e-02 1.05e-07  5.21e+01    22s
  44   2.26155291e+09  2.29171259e+09  1.41e-02 1.00e-07  4.06e+01    22s
  45   2.26402133e+09  2.28933369e+09  1.08e-02 1.32e-07  3.38e+01    22s
  46   2.26590099e+09  2.28567144e+09  8.58e-03 1.13e-07  2.64e+01    22s
  47   2.26610672e+09  2.28547216e+09  8.37e-03 1.51e-07  2.58e+01    23s
  48   2.26695349e+09  2.28396632e+09  7.45e-03 1.47e-07  2.27e+01    23s
  49   2.26795298e+09  2.28322320e+09  6.41e-03 1.56e-07  2.03e+01    23s
  50   2.26871591e+09  2.28189711e+09  5.66e-03 1.45e-07  1.75e+01    23s
  51   2.26937214e+09  2.28085343e+09  5.07e-03 1.49e-07  1.53e+01    24s
  52   2.27048199e+09  2.27989792e+09  4.03e-03 1.39e-07  1.25e+01    24s
  53   2.27135614e+09  2.27896316e+09  3.29e-03 1.26e-07  1.01e+01    24s
  54   2.27208079e+09  2.27883936e+09  2.71e-03 1.42e-07  8.94e+00    24s
  55   2.27281377e+09  2.27840437e+09  2.18e-03 1.51e-07  7.38e+00    25s
  56   2.27352069e+09  2.27807243e+09  1.66e-03 1.48e-07  5.99e+00    25s
  57   2.27366025e+09  2.27782874e+09  1.57e-03 1.59e-07  5.49e+00    25s
  58   2.27419363e+09  2.27760989e+09  1.24e-03 1.68e-07  4.49e+00    25s
  59   2.27474288e+09  2.27730079e+09  8.89e-04 1.33e-07  3.35e+00    26s
  60   2.27502234e+09  2.27706174e+09  7.26e-04 1.13e-07  2.68e+00    26s
  61   2.27523004e+09  2.27697697e+09  6.07e-04 1.28e-07  2.29e+00    26s
  62   2.27552205e+09  2.27686733e+09  4.41e-04 1.21e-07  1.76e+00    26s
  63   2.27569054e+09  2.27669660e+09  3.48e-04 1.12e-07  1.32e+00    27s
  64   2.27591258e+09  2.27654599e+09  2.27e-04 1.18e-07  8.34e-01    27s
  65   2.27615224e+09  2.27644391e+09  9.33e-05 1.01e-07  3.82e-01    27s
  66   2.27627526e+09  2.27638757e+09  3.27e-05 1.18e-07  1.46e-01    28s
  67   2.27630892e+09  2.27636119e+09  1.65e-05 1.19e-07  6.85e-02    28s
  68   2.27632877e+09  2.27635145e+09  6.66e-06 8.99e-08  2.96e-02    28s
  69   2.27633529e+09  2.27635078e+09  3.66e-06 1.12e-07  2.00e-02    28s
  70   2.27634025e+09  2.27634655e+09  1.34e-06 1.13e-07  8.11e-03    28s
  71   2.27634318e+09  2.27634434e+09  5.53e-07 9.82e-08  1.45e-03    29s
  72   2.27634332e+09  2.27634377e+09  1.38e-07 1.16e-07  5.61e-04    29s
  73   2.27634334e+09  2.27634342e+09  2.27e-07 1.17e-07  1.03e-04    29s
  74   2.27634336e+09  2.27634336e+09  5.07e-08 1.15e-07  7.52e-06    29s
  75   2.27634336e+09  2.27634336e+09  2.36e-08 1.39e-07  4.37e-09    30s

Barrier solved model in 75 iterations and 29.69 seconds (26.99 work units)
Optimal objective 2.27634336e+09


Root crossover log...

   10355 DPushes remaining with DInf 0.0000000e+00                30s
       0 DPushes remaining with DInf 0.0000000e+00                30s

     789 PPushes remaining with PInf 0.0000000e+00                30s
       0 PPushes remaining with PInf 0.0000000e+00                30s

  Push phase complete: Pinf 0.0000000e+00, Dinf 1.1300574e-07     30s


Root simplex log...

Iteration    Objective       Primal Inf.    Dual Inf.      Time
   11115    2.2763434e+09   0.000000e+00   0.000000e+00     30s
Concurrent spin time: 0.01s

Solved with barrier
   11139    2.2763434e+09   0.000000e+00   0.000000e+00     30s
Extra simplex iterations after uncrush: 24

Root relaxation: objective 2.276343e+09, 11139 iterations, 20.49 seconds (14.94 work units)

    Nodes    |    Current Node    |     Objective Bounds      |     Work
 Expl Unexpl |  Obj  Depth IntInf | Incumbent    BestBd   Gap | It/Node Time

     0     0 2.2763e+09    0  275          - 2.2763e+09      -     -   32s
     0     0 2.2762e+09    0  274          - 2.2762e+09      -     -   48s
     0     0 2.2762e+09    0  283          - 2.2762e+09      -     -   68s
     0     0 2.2762e+09    0  282          - 2.2762e+09      -     -   70s
     0     0 2.2762e+09    0  279          - 2.2762e+09      -     -   87s
H    0     0                    2.233488e+09 2.2762e+09  1.91%     -   98s
H    0     0                    2.239934e+09 2.2762e+09  1.62%     -  104s
     0     0 2.2762e+09    0  275 2.2399e+09 2.2762e+09  1.62%     -  107s
     0     0 2.2761e+09    0  286 2.2399e+09 2.2761e+09  1.62%     -  118s
H    0     0                    2.256861e+09 2.2761e+09  0.85%     -  127s

Cutting planes:
  Learned: 1
  Cover: 13
  Implied bound: 33
  Clique: 3
  MIR: 24
  Flow cover: 18
  GUB cover: 1
  RLT: 4
  Relax-and-lift: 39

Explored 1 nodes (29607 simplex iterations) in 128.02 seconds (109.84 work units)
Thread count was 20 (of 40 available processors)

Solution count 3: 2.25686e+09 2.23993e+09 2.23349e+09 

Optimal solution found (tolerance 1.00e-02)
Best objective 2.256861240912e+09, best bound 2.276140800555e+09, gap 0.8543%
Gurobi Optimizer version 10.0.1 build v10.0.1rc0 (linux64)

CPU model: Intel(R) Xeon(R) Gold 5115 CPU @ 2.40GHz, instruction set [SSE2|AVX|AVX2|AVX512]
Thread count: 20 physical cores, 40 logical processors, using up to 20 threads

Optimize a model with 58113 rows, 669710 columns and 3481077 nonzeros
Model fingerprint: 0x98d6561c
Variable types: 136837 continuous, 532873 integer (532873 binary)
Coefficient statistics:
  Matrix range     [1e+00, 2e+05]
  Objective range  [4e+01, 3e+07]
  Bounds range     [1e+00, 3e+05]
  RHS range        [1e+00, 3e+06]
Presolve removed 47632 rows and 475932 columns (presolve time = 5s) ...
Presolve removed 47880 rows and 481171 columns
Presolve time: 6.84s
Presolved: 10233 rows, 188539 columns, 845628 nonzeros
Variable types: 78602 continuous, 109937 integer (109930 binary)
Deterministic concurrent LP optimizer: primal simplex, dual simplex, and barrier
Showing barrier log only...

Root barrier log...

Ordering time: 0.32s

Barrier statistics:
 AA' NZ     : 4.594e+05
 Factor NZ  : 2.977e+06 (roughly 100 MB of memory)
 Factor Ops : 3.255e+09 (less than 1 second per iteration)
 Threads    : 17

                  Objective                Residual
Iter       Primal          Dual         Primal    Dual     Compl     Time
   0  -5.70024046e+15  6.74078318e+12  2.69e+08 3.05e+06  4.74e+11     9s
   1  -1.28416465e+15  7.09578136e+12  6.07e+07 2.33e+06  1.08e+11     9s
   2  -2.01839468e+14  5.24690618e+12  9.56e+06 1.05e+05  1.73e+10     9s
   3  -2.89160825e+12  3.68893509e+12  1.37e+05 1.13e-08  2.59e+08     9s
   4  -6.16582051e+11  1.23370764e+12  2.92e+04 9.55e-09  5.68e+07    10s
   5  -2.29131933e+11  7.63361156e+11  1.09e+04 9.43e-09  2.18e+07    10s
   6  -1.55330268e+11  5.19838389e+11  7.41e+03 1.21e-08  1.41e+07    10s
   7  -9.17191681e+10  4.07788230e+11  4.41e+03 1.42e-07  8.28e+06    10s
   8  -2.08080913e+10  2.77251758e+11  1.05e+03 4.33e-07  2.31e+06    10s
   9  -1.63415753e+10  2.08744045e+11  8.43e+02 3.88e-07  1.72e+06    10s
  10  -9.01449269e+09  1.44139935e+11  4.98e+02 2.39e-07  1.02e+06    10s
  11  -9.23234519e+08  5.79690398e+10  1.16e+02 1.02e-07  2.82e+05    10s
  12   4.54805442e+08  1.99533597e+10  5.30e+01 1.15e-07  1.06e+05    10s
  13   8.32193762e+08  1.74969258e+10  3.57e+01 8.31e-08  8.03e+04    10s
  14   1.21827838e+09  1.21166941e+10  1.83e+01 5.59e-08  4.74e+04    10s
  15   1.39761935e+09  7.87505882e+09  1.02e+01 5.00e-08  2.77e+04    10s
  16   1.49240977e+09  5.43892927e+09  6.13e+00 3.07e-08  1.70e+04    11s
  17   1.56726599e+09  5.17520183e+09  3.57e+00 3.79e-08  1.34e+04    11s
  18   1.56605375e+09  4.54824117e+09  3.49e+00 3.61e-08  1.18e+04    11s
  19   1.60534838e+09  3.85268583e+09  2.09e+00 4.66e-08  8.37e+03    11s
  20   1.62421318e+09  3.45871950e+09  1.75e+00 4.47e-08  6.77e+03    11s
  21   1.65237793e+09  2.96821520e+09  1.29e+00 2.77e-08  4.77e+03    11s
  22   1.66088082e+09  2.74104461e+09  1.18e+00 2.61e-08  3.92e+03    11s
  23   1.67893413e+09  2.45420419e+09  8.78e-01 2.19e-08  2.74e+03    11s
  24   1.70327058e+09  2.22356563e+09  5.36e-01 1.68e-08  1.72e+03    11s
  25   1.70504611e+09  2.07153402e+09  4.95e-01 1.86e-08  1.23e+03    11s
  26   1.73133439e+09  1.94259376e+09  2.33e-01 1.21e-08  6.45e+02    12s
  27   1.73768714e+09  1.87121613e+09  1.93e-01 9.31e-09  4.02e+02    12s
  28   1.74345266e+09  1.85758269e+09  1.62e-01 7.45e-09  3.39e+02    12s
  29   1.74353605e+09  1.85663016e+09  1.59e-01 8.38e-09  3.35e+02    12s
  30   1.74385553e+09  1.85491379e+09  1.57e-01 7.45e-09  3.29e+02    12s
  31   1.74524786e+09  1.85134067e+09  1.51e-01 8.38e-09  3.13e+02    12s
  32   1.75572314e+09  1.83365743e+09  1.06e-01 7.45e-09  2.24e+02    12s
  33   1.76669543e+09  1.82105992e+09  6.43e-02 6.52e-09  1.53e+02    12s
  34   1.76936203e+09  1.81415368e+09  5.60e-02 5.59e-09  1.25e+02    12s
  35   1.77133037e+09  1.80791654e+09  4.85e-02 2.79e-09  1.02e+02    13s
  36   1.77450489e+09  1.80463174e+09  3.90e-02 2.79e-09  8.32e+01    13s
  37   1.77604318e+09  1.80201020e+09  3.54e-02 2.79e-09  7.15e+01    13s
  38   1.77788213e+09  1.80031895e+09  3.06e-02 3.73e-09  6.16e+01    13s
  39   1.77947504e+09  1.79934661e+09  2.65e-02 3.73e-09  5.45e+01    13s
  40   1.78049077e+09  1.79835882e+09  2.41e-02 3.73e-09  4.89e+01    13s
  41   1.78150726e+09  1.79697023e+09  2.14e-02 2.82e-09  4.22e+01    13s
  42   1.78276615e+09  1.79593174e+09  1.80e-02 2.79e-09  3.58e+01    13s
  43   1.78396426e+09  1.79504745e+09  1.49e-02 2.79e-09  3.01e+01    14s
  44   1.78492161e+09  1.79449999e+09  1.25e-02 3.73e-09  2.59e+01    14s
  45   1.78550460e+09  1.79388094e+09  1.10e-02 2.79e-09  2.26e+01    14s
  46   1.78648334e+09  1.79310151e+09  8.88e-03 2.79e-09  1.79e+01    14s
  47   1.78714525e+09  1.79249359e+09  7.52e-03 3.73e-09  1.44e+01    14s
  48   1.78834881e+09  1.79215619e+09  4.88e-03 2.79e-09  1.02e+01    14s
  49   1.78859431e+09  1.79193568e+09  4.40e-03 3.73e-09  8.98e+00    14s
  50   1.78917213e+09  1.79181733e+09  3.29e-03 2.79e-09  7.10e+00    14s
  51   1.78946604e+09  1.79159785e+09  2.72e-03 3.73e-09  5.72e+00    15s
  52   1.78988931e+09  1.79155062e+09  1.97e-03 3.73e-09  4.45e+00    15s
  53   1.79010109e+09  1.79140491e+09  1.59e-03 3.73e-09  3.50e+00    15s
  54   1.79014146e+09  1.79135157e+09  1.52e-03 4.66e-09  3.24e+00    15s
  55   1.79042734e+09  1.79127615e+09  1.02e-03 3.73e-09  2.27e+00    15s
  56   1.79054993e+09  1.79125363e+09  8.16e-04 4.66e-09  1.89e+00    15s
  57   1.79062596e+09  1.79118699e+09  6.88e-04 2.79e-09  1.50e+00    15s
  58   1.79075515e+09  1.79115145e+09  4.73e-04 3.73e-09  1.06e+00    16s
  59   1.79086037e+09  1.79113085e+09  2.96e-04 2.79e-09  7.24e-01    16s
  60   1.79092855e+09  1.79110570e+09  1.88e-04 1.98e-09  4.74e-01    16s
  61   1.79096126e+09  1.79108726e+09  1.34e-04 3.73e-09  3.37e-01    16s
  62   1.79098688e+09  1.79107421e+09  8.98e-05 2.79e-09  2.33e-01    16s
  63   1.79100204e+09  1.79106448e+09  6.45e-05 1.98e-09  1.67e-01    16s
  64   1.79100428e+09  1.79106394e+09  6.09e-05 2.91e-09  1.59e-01    16s
  65   1.79100748e+09  1.79106273e+09  5.59e-05 3.73e-09  1.48e-01    16s
  66   1.79101844e+09  1.79105707e+09  3.95e-05 2.79e-09  1.03e-01    16s
  67   1.79103565e+09  1.79104928e+09  1.77e-05 2.79e-09  3.64e-02    17s
  68   1.79104175e+09  1.79104526e+09  5.94e-06 2.79e-09  9.40e-03    17s
  69   1.79104483e+09  1.79104506e+09  1.94e-06 5.59e-09  6.24e-04    17s
  70   1.79104500e+09  1.79104501e+09  1.84e-09 5.59e-09  4.40e-06    17s
  71   1.79104500e+09  1.79104500e+09  2.56e-09 3.73e-09  1.31e-10    17s

Barrier solved model in 71 iterations and 17.00 seconds (17.28 work units)
Optimal objective 1.79104500e+09


Root crossover log...

    5905 DPushes remaining with DInf 0.0000000e+00                17s
       0 DPushes remaining with DInf 0.0000000e+00                17s

     448 PPushes remaining with PInf 0.0000000e+00                17s
       0 PPushes remaining with PInf 0.0000000e+00                17s

  Push phase complete: Pinf 0.0000000e+00, Dinf 1.2787829e+05     17s


Root simplex log...

Iteration    Objective       Primal Inf.    Dual Inf.      Time
    5120    1.7910450e+09   0.000000e+00   1.278783e+05     17s
    5134    1.7910450e+09   0.000000e+00   0.000000e+00     17s
Concurrent spin time: 0.01s

Solved with barrier
    5145    1.7910450e+09   0.000000e+00   0.000000e+00     17s
Extra simplex iterations after uncrush: 11

Root relaxation: objective 1.791045e+09, 5145 iterations, 9.41 seconds (6.59 work units)

    Nodes    |    Current Node    |     Objective Bounds      |     Work
 Expl Unexpl |  Obj  Depth IntInf | Incumbent    BestBd   Gap | It/Node Time

     0     0 1.7910e+09    0  243          - 1.7910e+09      -     -   18s
     0     0 1.7907e+09    0  241          - 1.7907e+09      -     -   26s
     0     0 1.7906e+09    0  266          - 1.7906e+09      -     -   30s
     0     0 1.7906e+09    0  259          - 1.7906e+09      -     -   31s
     0     0 1.7906e+09    0  269          - 1.7906e+09      -     -   32s
     0     0 1.7906e+09    0  271          - 1.7906e+09      -     -   33s
     0     0 1.7906e+09    0  272          - 1.7906e+09      -     -   38s
     0     0 1.7906e+09    0  277          - 1.7906e+09      -     -   42s
     0     0 1.7906e+09    0  296          - 1.7906e+09      -     -   42s
     0     0 1.7905e+09    0  257          - 1.7905e+09      -     -   49s
     0     0 1.7905e+09    0  291          - 1.7905e+09      -     -   60s
     0     0 1.7905e+09    0  288          - 1.7905e+09      -     -   61s
     0     0 1.7905e+09    0  288          - 1.7905e+09      -     -   62s
     0     0 1.7905e+09    0  283          - 1.7905e+09      -     -   66s
     0     0 1.7905e+09    0  300          - 1.7905e+09      -     -   68s
     0     0 1.7905e+09    0  317          - 1.7905e+09      -     -   69s
     0     0 1.7905e+09    0  319          - 1.7905e+09      -     -   73s
     0     0 1.7905e+09    0  316          - 1.7905e+09      -     -   75s
     0     0 1.7904e+09    0  278          - 1.7904e+09      -     -   79s
     0     0 1.7904e+09    0  316          - 1.7904e+09      -     -   81s
     0     0 1.7904e+09    0  324          - 1.7904e+09      -     -   82s
     0     0 1.7904e+09    0  312          - 1.7904e+09      -     -   86s
     0     0 1.7904e+09    0  322          - 1.7904e+09      -     -   88s
     0     0 1.7862e+09    0  324          - 1.7862e+09      -     -   94s
     0     0 1.7862e+09    0  341          - 1.7862e+09      -     -   97s
     0     0 1.7862e+09    0  341          - 1.7862e+09      -     -   97s
     0     0 1.7860e+09    0  303          - 1.7860e+09      -     -  101s
     0     0 1.7860e+09    0  351          - 1.7860e+09      -     -  113s
     0     0 1.7860e+09    0  353          - 1.7860e+09      -     -  113s
     0     0 1.7860e+09    0  349          - 1.7860e+09      -     -  116s
     0     0 1.7860e+09    0  354          - 1.7860e+09      -     -  117s
     0     0 1.7860e+09    0  328          - 1.7860e+09      -     -  121s
     0     0 1.7860e+09    0  348          - 1.7860e+09      -     -  123s
     0     0 1.7859e+09    0  335          - 1.7859e+09      -     -  126s
     0     0 1.7859e+09    0  335          - 1.7859e+09      -     -  127s
     0     0 1.7859e+09    0  330          - 1.7859e+09      -     -  132s
     0     0 1.7859e+09    0  355          - 1.7859e+09      -     -  133s
     0     0 1.7859e+09    0  358          - 1.7859e+09      -     -  134s
     0     0 1.7859e+09    0  350          - 1.7859e+09      -     -  137s
     0     0 1.7859e+09    0  355          - 1.7859e+09      -     -  139s
     0     0 1.7858e+09    0  338          - 1.7858e+09      -     -  142s
     0     0 1.7858e+09    0  354          - 1.7858e+09      -     -  143s
     0     0 1.7858e+09    0  338          - 1.7858e+09      -     -  147s
     0     0 1.7858e+09    0  344          - 1.7858e+09      -     -  149s
     0     0 1.7854e+09    0  325          - 1.7854e+09      -     -  152s
     0     0 1.7854e+09    0  338          - 1.7854e+09      -     -  154s
     0     0 1.7854e+09    0  311          - 1.7854e+09      -     -  158s
     0     0 1.7854e+09    0  308          - 1.7854e+09      -     -  160s
     0     0 1.7854e+09    0  315          - 1.7854e+09      -     -  164s
     0     0 1.7854e+09    0  301          - 1.7854e+09      -     -  165s
     0     2 1.7854e+09    0  297          - 1.7854e+09      -     -  190s
     3     8 1.7854e+09    2  293          - 1.7854e+09      -  1087  196s
     7    16 1.7853e+09    3  293          - 1.7854e+09      -   832  201s
    15    32 1.7853e+09    4  304          - 1.7853e+09      -   825  210s
    31    52 1.7853e+09    5  335          - 1.7853e+09      -   947  226s
    51    72 1.7853e+09    6  321          - 1.7853e+09      -  1066  235s
    71    92 1.7850e+09    6  290          - 1.7853e+09      -   975  245s
    91   112 1.7853e+09    7  327          - 1.7853e+09      -   975  255s
   133   157 1.7853e+09    9  324          - 1.7853e+09      -   834  263s
   156   180 1.7853e+09    9  319          - 1.7853e+09      -   771  269s
   179   203 1.7853e+09   10  310          - 1.7853e+09      -   721  277s
   202   231 1.7853e+09   10  304          - 1.7853e+09      -   714  285s
   230   253 1.7853e+09   11  302          - 1.7853e+09      -   705  290s
   285   283 1.7853e+09   13  293          - 1.7853e+09      -   626  299s
   313   337 1.7853e+09   14  294          - 1.7853e+09      -   596  307s
   405   400 1.7853e+09   17  257          - 1.7853e+09      -   508  314s
   476   496 1.7853e+09   18  280          - 1.7853e+09      -   476  326s
   575   621 1.7853e+09   24  269          - 1.7853e+09      -   458  339s
   700   745 1.7853e+09   30  276          - 1.7853e+09      -   446  359s
   824   932 1.7853e+09   39  280          - 1.7853e+09      -   483  384s
H  855   932                    1.718284e+09 1.7853e+09  3.90%   482  384s
H 1011   952                    1.720653e+09 1.7853e+09  3.76%   475  427s
H 1011   952                    1.724152e+09 1.7853e+09  3.55%   475  428s
H 1012   952                    1.762723e+09 1.7853e+09  1.28%   475  428s
H 1012   952                    1.764252e+09 1.7853e+09  1.20%   475  429s
  1031  1274 1.7853e+09   41  300 1.7643e+09 1.7853e+09  1.20%   484  510s
H 1143  1274                    1.764701e+09 1.7853e+09  1.17%   471  510s
  1361  1825 1.7853e+09   49  314 1.7647e+09 1.7853e+09  1.17%   444  547s
  1942  2216 1.7852e+09   60  300 1.7647e+09 1.7853e+09  1.17%   381  633s
H 2362  2232                    1.765685e+09 1.7853e+09  1.11%   359  697s
H 2362  2207                    1.766768e+09 1.7853e+09  1.05%   359  697s
H 2373  2203                    1.767563e+09 1.7853e+09  1.01%   359  698s
H 2375  2203                    1.767936e+09 1.7853e+09  0.98%   359  698s

Cutting planes:
  Cover: 45
  Implied bound: 79
  Clique: 4
  MIR: 101
  Flow cover: 84
  GUB cover: 4
  Network: 16
  RLT: 34
  Relax-and-lift: 45

Explored 2383 nodes (890387 simplex iterations) in 698.57 seconds (778.39 work units)
Thread count was 20 (of 40 available processors)

Solution count 10: 1.76794e+09 1.76756e+09 1.76677e+09 ... 1.71828e+09

Optimal solution found (tolerance 1.00e-02)
Best objective 1.767935761806e+09, best bound 1.785345323563e+09, gap 0.9847%
Gurobi Optimizer version 10.0.1 build v10.0.1rc0 (linux64)

CPU model: Intel(R) Xeon(R) Gold 5115 CPU @ 2.40GHz, instruction set [SSE2|AVX|AVX2|AVX512]
Thread count: 20 physical cores, 40 logical processors, using up to 20 threads

Optimize a model with 57973 rows, 674466 columns and 3364757 nonzeros
Model fingerprint: 0xaa09a655
Variable types: 8204 continuous, 666262 integer (666262 binary)
Coefficient statistics:
  Matrix range     [1e+00, 2e+05]
  Objective range  [4e+01, 3e+07]
  Bounds range     [1e+00, 3e+05]
  RHS range        [1e+00, 3e+06]
Presolve removed 55319 rows and 665513 columns
Presolve time: 1.43s
Presolved: 2654 rows, 8953 columns, 34571 nonzeros
Variable types: 993 continuous, 7960 integer (7960 binary)

Root relaxation: objective 1.822697e+09, 4018 iterations, 0.10 seconds (0.09 work units)

    Nodes    |    Current Node    |     Objective Bounds      |     Work
 Expl Unexpl |  Obj  Depth IntInf | Incumbent    BestBd   Gap | It/Node Time

     0     0 1.8227e+09    0   76          - 1.8227e+09      -     -    1s
H    0     0                    1.511706e+09 1.8227e+09  20.6%     -    1s
H    0     0                    1.520627e+09 1.8227e+09  19.9%     -    1s
H    0     0                    1.804058e+09 1.8227e+09  1.03%     -    2s
H    0     0                    1.804123e+09 1.8227e+09  1.03%     -    2s
     0     0 1.8207e+09    0   76 1.8041e+09 1.8207e+09  0.92%     -    2s

Cutting planes:
  Gomory: 4
  Cover: 9
  Implied bound: 29
  Clique: 9
  MIR: 30
  StrongCG: 1
  Flow cover: 43
  GUB cover: 2
  Network: 63
  RLT: 5
  Relax-and-lift: 7

Explored 1 nodes (4389 simplex iterations) in 2.59 seconds (1.72 work units)
Thread count was 20 (of 40 available processors)

Solution count 4: 1.80412e+09 1.80406e+09 1.52063e+09 1.51171e+09 

Optimal solution found (tolerance 1.00e-02)
Best objective 1.804122603538e+09, best bound 1.820672801146e+09, gap 0.9174%
