
Gurobi 9.5.1 (win64) logging started Wed May 31 02:37:58 2023

Set parameter LogFile to value "logFiles/A-2L-B/A-2L-6U-30F-15V-180D/basic-05-31-2023, 02-37-H70-P50-O15.log"
Gurobi Optimizer version 9.5.1 build v9.5.1rc2 (win64)
Thread count: 8 physical cores, 16 logical processors, using up to 16 threads
Optimize a model with 34445 rows, 425746 columns and 1760506 nonzeros
Model fingerprint: 0xd062e9bd
Variable types: 178062 continuous, 247684 integer (247684 binary)
Coefficient statistics:
  Matrix range     [1e+00, 2e+05]
  Objective range  [4e+01, 3e+07]
  Bounds range     [1e+00, 1e+00]
  RHS range        [1e+00, 2e+06]

Loaded user MIP start with objective 7.30908e+08

Presolve removed 21249 rows and 15133 columns
Presolve time: 3.19s
Presolved: 13196 rows, 410613 columns, 1634925 nonzeros
Found heuristic solution: objective 7.547532e+08
Variable types: 173250 continuous, 237363 integer (237358 binary)

Deterministic concurrent LP optimizer: primal and dual simplex
Showing first log only...


Root simplex log...

Iteration    Objective       Primal Inf.    Dual Inf.      Time
       0    1.8856082e+08   4.325708e+05   1.270489e+15      6s
   76913    1.8868657e+08   3.661863e+01   1.448705e+11     10s
  153464    1.8840000e+08   2.754718e+03   0.000000e+00     15s
  161633    1.8840000e+08   2.125836e+04   0.000000e+00     20s
  164118    1.8840000e+08   1.247086e+03   0.000000e+00     25s
  166347    1.8840000e+08   5.229892e+03   0.000000e+00     30s
  167230    9.5977195e+08   0.000000e+00   1.393199e+12     33s
  170307    1.0118197e+09   0.000000e+00   3.499856e+12     36s
  171938    1.1409439e+09   0.000000e+00   9.064994e+12     40s
  174228    1.2284719e+09   0.000000e+00   1.015074e+13     47s
  175388    1.2444760e+09   0.000000e+00   8.203502e+12     52s
  176278    1.2523521e+09   0.000000e+00   4.806806e+13     57s
  177158    1.2554888e+09   0.000000e+00   2.330449e+12     60s
  178488    1.2578839e+09   0.000000e+00   5.784514e+11     67s
Concurrent spin time: 0.33s

Solved with dual simplex

Root relaxation: objective 1.266323e+09, 121916 iterations, 65.12 seconds (75.36 work units)
Total elapsed time = 70.08s

    Nodes    |    Current Node    |     Objective Bounds      |     Work
 Expl Unexpl |  Obj  Depth IntInf | Incumbent    BestBd   Gap | It/Node Time

     0     0 1.2663e+09    0  199 7.5475e+08 1.2663e+09  67.8%     -   70s
H    0     0                    1.078922e+09 1.2663e+09  17.4%     -   73s
     0     0 1.2663e+09    0  194 1.0789e+09 1.2663e+09  17.4%     -   78s
H    0     0                    1.229744e+09 1.2663e+09  2.97%     -   84s
     0     0 1.2663e+09    0  178 1.2297e+09 1.2663e+09  2.97%     -   85s
     0     0 1.2663e+09    0  196 1.2297e+09 1.2663e+09  2.97%     -   94s
H    0     0                    1.240999e+09 1.2663e+09  2.04%     -   99s
     0     0 1.2663e+09    0  197 1.2410e+09 1.2663e+09  2.04%     -   99s
     0     0 1.2663e+09    0  200 1.2410e+09 1.2663e+09  2.03%     -  109s
H    0     0                    1.242786e+09 1.2663e+09  1.89%     -  111s
     0     0 1.2663e+09    0  203 1.2428e+09 1.2663e+09  1.89%     -  111s
     0     0 1.2662e+09    0  202 1.2428e+09 1.2662e+09  1.89%     -  121s
     0     0 1.2662e+09    0  202 1.2428e+09 1.2662e+09  1.89%     -  123s
     0     0 1.2662e+09    0  185 1.2428e+09 1.2662e+09  1.89%     -  125s
     0     0 1.2662e+09    0  195 1.2428e+09 1.2662e+09  1.89%     -  127s
     0     0 1.2662e+09    0  185 1.2428e+09 1.2662e+09  1.88%     -  137s
H    0     0                    1.243614e+09 1.2662e+09  1.82%     -  139s
     0     0 1.2662e+09    0  189 1.2436e+09 1.2662e+09  1.82%     -  141s
     0     0 1.2662e+09    0  189 1.2436e+09 1.2662e+09  1.82%     -  141s
     0     0 1.2662e+09    0  218 1.2436e+09 1.2662e+09  1.81%     -  144s
     0     0 1.2662e+09    0  233 1.2436e+09 1.2662e+09  1.81%     -  148s
     0     0 1.2662e+09    0  230 1.2436e+09 1.2662e+09  1.81%     -  148s
     0     0 1.2662e+09    0  248 1.2436e+09 1.2662e+09  1.81%     -  152s
     0     0 1.2662e+09    0  234 1.2436e+09 1.2662e+09  1.81%     -  154s
     0     0 1.2662e+09    0  240 1.2436e+09 1.2662e+09  1.81%     -  156s
     0     0 1.2662e+09    0  237 1.2436e+09 1.2662e+09  1.81%     -  156s
     0     0 1.2662e+09    0  215 1.2436e+09 1.2662e+09  1.81%     -  160s
     0     0 1.2662e+09    0  197 1.2436e+09 1.2662e+09  1.81%     -  163s
     0     0 1.2662e+09    0  194 1.2436e+09 1.2662e+09  1.81%     -  163s
     0     0 1.2662e+09    0  213 1.2436e+09 1.2662e+09  1.81%     -  166s
H    0     0                    1.243889e+09 1.2662e+09  1.79%     -  171s
     0     0 1.2662e+09    0  220 1.2439e+09 1.2662e+09  1.79%     -  172s
     0     0 1.2662e+09    0  220 1.2439e+09 1.2662e+09  1.79%     -  172s
     0     0 1.2662e+09    0  231 1.2439e+09 1.2662e+09  1.79%     -  182s
H    0     0                    1.243991e+09 1.2662e+09  1.78%     -  185s
     0     0 1.2662e+09    0  244 1.2440e+09 1.2662e+09  1.78%     -  186s
     0     0 1.2662e+09    0  228 1.2440e+09 1.2662e+09  1.78%     -  187s
     0     0 1.2661e+09    0  242 1.2440e+09 1.2661e+09  1.78%     -  192s
     0     0 1.2661e+09    0  235 1.2440e+09 1.2661e+09  1.78%     -  194s
     0     0 1.2661e+09    0  237 1.2440e+09 1.2661e+09  1.78%     -  198s
     0     0 1.2661e+09    0  227 1.2440e+09 1.2661e+09  1.78%     -  200s
     0     0 1.2661e+09    0  229 1.2440e+09 1.2661e+09  1.78%     -  201s
     0     0 1.2661e+09    0  246 1.2440e+09 1.2661e+09  1.78%     -  203s
     0     0 1.2661e+09    0  246 1.2440e+09 1.2661e+09  1.78%     -  333s
H    0     0                    1.244484e+09 1.2661e+09  1.74%     -  354s
H    0     0                    1.245167e+09 1.2661e+09  1.68%     -  365s
     0     2 1.2661e+09    0  235 1.2452e+09 1.2661e+09  1.68%     -  379s
     1     4 1.2661e+09    1  214 1.2452e+09 1.2661e+09  1.68%  5895  417s
     3     8 1.2661e+09    2  212 1.2452e+09 1.2661e+09  1.68%  2513  506s
     7    16 1.2661e+09    3  234 1.2452e+09 1.2661e+09  1.68%  1883  769s
    15    24 1.2661e+09    4  218 1.2452e+09 1.2661e+09  1.68%  1625  874s
    23    32 1.2661e+09    4  245 1.2452e+09 1.2661e+09  1.68%  1299  901s
H   31    40                    1.248900e+09 1.2661e+09  1.38%  1009  940s

Cutting planes:
  Cover: 26
  Implied bound: 110
  Clique: 3
  MIR: 80
  Flow cover: 64
  GUB cover: 2
  RLT: 104
  Relax-and-lift: 257

Explored 39 nodes (189254 simplex iterations) in 940.39 seconds (921.08 work units)
Thread count was 16 (of 16 available processors)

Solution count 10: 1.2489e+09 1.24517e+09 1.24448e+09 ... 1.07892e+09

Optimal solution found (tolerance 1.50e-02)
Best objective 1.248900158238e+09, best bound 1.266133959052e+09, gap 1.3799%
Gurobi Optimizer version 9.5.1 build v9.5.1rc2 (win64)
Thread count: 8 physical cores, 16 logical processors, using up to 16 threads
Optimize a model with 54418 rows, 665984 columns and 3648724 nonzeros
Model fingerprint: 0xd427a1cc
Variable types: 63887 continuous, 602097 integer (602097 binary)
Coefficient statistics:
  Matrix range     [1e+00, 2e+05]
  Objective range  [4e+01, 3e+07]
  Bounds range     [1e+00, 3e+05]
  RHS range        [1e+00, 4e+06]

User MIP start did not produce a new incumbent solution
User MIP start violates constraint flow[AD-1,FU,144] by 1.000000000

Presolve removed 47183 rows and 512926 columns
Presolve time: 4.99s
Presolved: 7235 rows, 153058 columns, 667637 nonzeros
Variable types: 24685 continuous, 128373 integer (128342 binary)

Root simplex log...

Iteration    Objective       Primal Inf.    Dual Inf.      Time
       0    1.0686237e+10   2.697543e+07   0.000000e+00      7s
   30964    1.5388891e+09   5.987624e+04   0.000000e+00     10s
   46400    1.5373422e+09   1.369280e+05   0.000000e+00     15s
   57670    1.5365861e+09   2.060513e+05   0.000000e+00     20s
   66350    1.5361544e+09   2.778039e+04   0.000000e+00     25s
   74790    1.5355546e+09   2.651733e+05   0.000000e+00     30s
   81110    1.5352816e+09   8.064555e+03   0.000000e+00     35s
   83727    1.5352425e+09   0.000000e+00   0.000000e+00     39s

Root relaxation: objective 1.535242e+09, 83727 iterations, 32.20 seconds (52.09 work units)
Another try with MIP start

    Nodes    |    Current Node    |     Objective Bounds      |     Work
 Expl Unexpl |  Obj  Depth IntInf | Incumbent    BestBd   Gap | It/Node Time

     0     0 1.5352e+09    0  221          - 1.5352e+09      -     -   39s
     0     0 1.5352e+09    0  211          - 1.5352e+09      -     -   57s
     0     0 1.5352e+09    0  223          - 1.5352e+09      -     -   59s
     0     0 1.5352e+09    0  227          - 1.5352e+09      -     -   60s
     0     0 1.5351e+09    0  211          - 1.5351e+09      -     -   62s
     0     0 1.5351e+09    0  226          - 1.5351e+09      -     -   65s
     0     0 1.5351e+09    0  234          - 1.5351e+09      -     -   66s
     0     0 1.5351e+09    0  238          - 1.5351e+09      -     -   67s
     0     0 1.5351e+09    0  274          - 1.5351e+09      -     -   69s
     0     0 1.5351e+09    0  286          - 1.5351e+09      -     -   69s
     0     0 1.5351e+09    0  266          - 1.5351e+09      -     -   70s
     0     0 1.5351e+09    0  280          - 1.5351e+09      -     -   71s
     0     0 1.5351e+09    0  268          - 1.5351e+09      -     -   72s
     0     0 1.5351e+09    0  272          - 1.5351e+09      -     -   73s
     0     0 1.5351e+09    0  266          - 1.5351e+09      -     -   74s
     0     0 1.5351e+09    0  266          - 1.5351e+09      -     -  113s
     0     2 1.5351e+09    0  266          - 1.5351e+09      -     -  137s
     1     4 1.5351e+09    1  263          - 1.5351e+09      -   599  140s
     3     8 1.5351e+09    2  270          - 1.5351e+09      -   382  156s
     7    16 1.5351e+09    3  246          - 1.5351e+09      -   507  185s
    15    23 1.5351e+09    4  226          - 1.5351e+09      -   641  206s
    23    31 1.5351e+09    5  250          - 1.5351e+09      -   547  217s
    31    39 1.5351e+09    6  241          - 1.5351e+09      -   536  228s
    39    47 1.5351e+09    7  226          - 1.5351e+09      -   513  237s
    47    59 1.5351e+09    7  238          - 1.5351e+09      -   516  250s
    59    68 1.5351e+09    8  226          - 1.5351e+09      -   469  257s
    68    83 1.5351e+09    9  225          - 1.5351e+09      -   449  287s
    85   147 1.5351e+09   10  216          - 1.5351e+09      -   473  346s
   152   273 1.5351e+09   17  238          - 1.5351e+09      -   396  457s
   279   541 1.5351e+09   27  219          - 1.5351e+09      -   347  629s
   552  1029 1.5350e+09   44  215          - 1.5351e+09      -   293  878s
  1046  1715 1.5350e+09   97  215          - 1.5351e+09      -   248 1153s
  1745  2425 1.5349e+09  176  184          - 1.5351e+09      -   218 1394s
H 2414  2425                    1.505703e+09 1.5351e+09  1.95%   196 1394s
H 2467  2546                    1.526225e+09 1.5351e+09  0.58%   197 1465s
H 2515  2546                    1.527903e+09 1.5351e+09  0.47%   195 1466s

Cutting planes:
  Cover: 23
  Implied bound: 3
  Clique: 2
  MIR: 34
  Flow cover: 30
  GUB cover: 1
  Network: 4
  RLT: 59
  Relax-and-lift: 21

Explored 2594 nodes (586238 simplex iterations) in 1466.31 seconds (887.74 work units)
Thread count was 16 (of 16 available processors)

Solution count 3: 1.5279e+09 1.52623e+09 1.5057e+09 

Optimal solution found (tolerance 1.50e-02)
Best objective 1.527903180600e+09, best bound 1.535089309311e+09, gap 0.4703%
Gurobi Optimizer version 9.5.1 build v9.5.1rc2 (win64)
Thread count: 8 physical cores, 16 logical processors, using up to 16 threads
Optimize a model with 54278 rows, 670704 columns and 3533836 nonzeros
Model fingerprint: 0x13088a19
Variable types: 1635 continuous, 669069 integer (669069 binary)
Coefficient statistics:
  Matrix range     [1e+00, 2e+05]
  Objective range  [4e+01, 3e+07]
  Bounds range     [1e+00, 3e+05]
  RHS range        [1e+00, 4e+06]

User MIP start produced solution with objective 1.51205e+09 (1.27s)
User MIP start produced solution with objective 1.51216e+09 (1.39s)
User MIP start produced solution with objective 1.52257e+09 (1.82s)
User MIP start produced solution with objective 1.5227e+09 (2.94s)
Loaded user MIP start with objective 1.5227e+09
Processed MIP start in 4.19 seconds (4.83 work units)

Presolve removed 52931 rows and 662827 columns
Presolve time: 0.90s
Presolved: 1347 rows, 7877 columns, 34879 nonzeros
Variable types: 345 continuous, 7532 integer (7532 binary)

Root simplex log...

Iteration    Objective       Primal Inf.    Dual Inf.      Time
       0    4.0273394e+09   1.848588e+05   0.000000e+00      5s
    1867    1.5279876e+09   0.000000e+00   0.000000e+00      5s

Root relaxation: objective 1.527988e+09, 1867 iterations, 0.04 seconds (0.06 work units)

    Nodes    |    Current Node    |     Objective Bounds      |     Work
 Expl Unexpl |  Obj  Depth IntInf | Incumbent    BestBd   Gap | It/Node Time

     0     0 1.5280e+09    0   64 1.5227e+09 1.5280e+09  0.35%     -    5s

Explored 1 nodes (1989 simplex iterations) in 5.28 seconds (6.04 work units)
Thread count was 16 (of 16 available processors)

Solution count 4: 1.5227e+09 1.52257e+09 1.51216e+09 1.51205e+09 

Optimal solution found (tolerance 1.50e-02)
Best objective 1.522697815073e+09, best bound 1.527987648653e+09, gap 0.3474%
