
Gurobi 10.0.1 (linux64) logging started Mon May 29 05:38:51 2023

Set parameter LogFile to value "logFiles/A-2L-B/A-2L-6U-30F-15V-180D/basic-05-29-2023, 05-38-H70-P50-O15.log"
Gurobi Optimizer version 10.0.1 build v10.0.1rc0 (linux64)

CPU model: Intel(R) Xeon(R) Gold 5115 CPU @ 2.40GHz, instruction set [SSE2|AVX|AVX2|AVX512]
Thread count: 20 physical cores, 40 logical processors, using up to 20 threads

Optimize a model with 34443 rows, 425746 columns and 1760488 nonzeros
Model fingerprint: 0x834bc649
Variable types: 178062 continuous, 247684 integer (247684 binary)
Coefficient statistics:
  Matrix range     [1e+00, 2e+05]
  Objective range  [4e+01, 3e+07]
  Bounds range     [1e+00, 1e+00]
  RHS range        [1e+00, 2e+06]
Presolve removed 21241 rows and 15121 columns
Presolve time: 4.98s
Presolved: 13202 rows, 410625 columns, 1635270 nonzeros
Variable types: 173254 continuous, 237371 integer (237366 binary)
Deterministic concurrent LP optimizer: primal simplex, dual simplex, and barrier
Showing barrier log only...

Root barrier log...

Ordering time: 0.57s

Barrier statistics:
 AA' NZ     : 8.791e+05
 Factor NZ  : 6.772e+06 (roughly 230 MB of memory)
 Factor Ops : 1.225e+10 (less than 1 second per iteration)
 Threads    : 17

                  Objective                Residual
Iter       Primal          Dual         Primal    Dual     Compl     Time
   0  -1.82440651e+16  1.73415690e+13  8.41e+08 4.77e+06  9.84e+11     9s
   1  -4.92809480e+15  2.01303983e+13  2.27e+08 3.90e+06  2.68e+11     9s
   2  -1.86052126e+15  2.16813741e+13  8.59e+07 1.56e+05  1.03e+11     9s
   3  -4.00479512e+13  1.79711871e+13  1.85e+06 1.37e-08  2.25e+09     9s
   4  -6.69749249e+12  6.21246740e+12  3.10e+05 1.86e-08  3.90e+08    10s
   5  -1.05869677e+12  5.09742078e+12  4.90e+04 1.49e-08  6.70e+07    10s
   6  -3.41556734e+11  3.26733911e+12  1.58e+04 1.12e-08  2.31e+07    10s
   7  -1.91945274e+11  3.17238139e+12  8.91e+03 1.11e-08  1.46e+07    10s
   8  -1.79127216e+11  2.10140651e+12  8.32e+03 3.58e-07  1.19e+07    10s
   9  -1.13451300e+11  1.83083315e+12  5.28e+03 4.77e-07  7.99e+06    11s
  10  -7.17853645e+10  1.33407495e+12  3.36e+03 4.77e-07  5.05e+06    11s
  11  -3.07825306e+10  7.40276139e+11  1.46e+03 1.55e-07  2.24e+06    11s
  12  -9.68687247e+09  2.25242037e+11  4.92e+02 1.20e-07  6.61e+05    11s
  13  -2.36390319e+09  9.77104831e+10  1.54e+02 8.59e-08  2.30e+05    11s
  14  -1.66208578e+08  4.65807434e+10  5.44e+01 5.96e-08  9.37e+04    12s
  15   2.03274794e+08  3.89674208e+10  3.76e+01 2.79e-08  7.26e+04    12s
  16   3.88129263e+08  3.79276280e+10  2.92e+01 5.96e-08  6.55e+04    12s
  17   5.28912729e+08  2.84325989e+10  2.29e+01 5.96e-08  4.98e+04    12s
  18   6.88452971e+08  1.29469697e+10  1.58e+01 6.01e-08  2.61e+04    12s
  19   8.33416734e+08  8.77959905e+09  9.48e+00 5.27e-08  1.64e+04    13s
  20   8.93593227e+08  5.92766761e+09  6.94e+00 5.03e-08  1.10e+04    13s
  21   9.07846012e+08  5.06765492e+09  6.42e+00 6.43e-08  9.55e+03    13s
  22   9.18315234e+08  4.58222467e+09  6.06e+00 6.82e-08  8.69e+03    13s
  23   9.59846585e+08  4.11373588e+09  4.61e+00 6.52e-08  7.02e+03    13s
  24   9.82692482e+08  3.83886724e+09  4.03e+00 6.33e-08  6.17e+03    14s
  25   1.01134795e+09  3.67421451e+09  3.37e+00 7.08e-08  5.46e+03    14s
  26   1.06777861e+09  3.08787882e+09  2.17e+00 6.58e-08  3.80e+03    14s
  27   1.09536607e+09  2.59626035e+09  1.71e+00 5.60e-08  2.79e+03    14s
  28   1.15184767e+09  2.02555746e+09  1.11e+00 6.15e-08  1.59e+03    15s
  29   1.18178293e+09  1.82351483e+09  8.65e-01 6.32e-08  1.15e+03    15s
  30   1.20960686e+09  1.65560291e+09  6.74e-01 6.27e-08  7.89e+02    15s
  31   1.22792143e+09  1.58165437e+09  5.46e-01 6.21e-08  6.09e+02    15s
  32   1.24005727e+09  1.53277817e+09  4.66e-01 6.64e-08  4.96e+02    15s
  33   1.26920476e+09  1.48977342e+09  2.68e-01 6.88e-08  3.42e+02    16s
  34   1.29975421e+09  1.44384165e+09  1.14e-01 6.89e-08  2.03e+02    16s
  35   1.31580917e+09  1.39879883e+09  5.71e-02 8.36e-08  1.13e+02    16s
  36   1.32236496e+09  1.38228331e+09  3.93e-02 6.58e-08  8.08e+01    16s
  37   1.32254066e+09  1.38043218e+09  3.79e-02 6.68e-08  7.80e+01    17s
  38   1.32479278e+09  1.37348601e+09  3.27e-02 8.02e-08  6.55e+01    17s
  39   1.32688699e+09  1.36885160e+09  2.80e-02 6.93e-08  5.64e+01    17s
  40   1.32964795e+09  1.36394038e+09  2.26e-02 6.52e-08  4.59e+01    17s
  41   1.33141942e+09  1.35894909e+09  1.94e-02 7.04e-08  3.70e+01    17s
  42   1.33399754e+09  1.35476279e+09  1.50e-02 6.33e-08  2.80e+01    18s
  43   1.33505317e+09  1.35358722e+09  1.33e-02 7.68e-08  2.49e+01    18s
  44   1.33687192e+09  1.35211989e+09  1.05e-02 7.05e-08  2.04e+01    18s
  45   1.33734583e+09  1.35170425e+09  9.84e-03 9.38e-08  1.92e+01    18s
  46   1.33925885e+09  1.35038338e+09  7.24e-03 8.14e-08  1.48e+01    19s
  47   1.34062860e+09  1.34946448e+09  5.52e-03 7.72e-08  1.17e+01    19s
  48   1.34202345e+09  1.34884612e+09  3.92e-03 8.20e-08  8.99e+00    19s
  49   1.34258979e+09  1.34827542e+09  3.31e-03 9.31e-08  7.50e+00    19s
  50   1.34334998e+09  1.34777409e+09  2.52e-03 9.28e-08  5.83e+00    20s
  51   1.34399020e+09  1.34742796e+09  1.91e-03 8.94e-08  4.52e+00    20s
  52   1.34454333e+09  1.34708932e+09  1.39e-03 7.45e-08  3.34e+00    20s
  53   1.34461364e+09  1.34690833e+09  1.33e-03 8.11e-08  3.03e+00    20s
  54   1.34516965e+09  1.34669187e+09  8.28e-04 9.31e-08  2.00e+00    20s
  55   1.34536254e+09  1.34654138e+09  6.61e-04 7.60e-08  1.55e+00    21s
  56   1.34566351e+09  1.34645144e+09  4.04e-04 7.45e-08  1.03e+00    21s
  57   1.34577530e+09  1.34634909e+09  3.10e-04 6.26e-08  7.54e-01    21s
  58   1.34597724e+09  1.34622751e+09  1.42e-04 6.71e-08  3.31e-01    21s
  59   1.34606818e+09  1.34619017e+09  6.99e-05 5.96e-08  1.61e-01    22s
  60   1.34612658e+09  1.34616874e+09  2.26e-05 5.96e-08  5.56e-02    22s
  61   1.34614740e+09  1.34616003e+09  6.82e-06 5.96e-08  1.67e-02    22s
  62   1.34615471e+09  1.34615760e+09  1.44e-06 6.53e-08  3.81e-03    22s
  63   1.34615604e+09  1.34615703e+09  5.72e-07 6.96e-08  1.31e-03    22s
  64   1.34615698e+09  1.34615698e+09  2.01e-08 7.48e-08  2.23e-06    23s
  65   1.34615698e+09  1.34615698e+09  1.60e-09 5.98e-08  7.42e-11    23s

Barrier solved model in 65 iterations and 22.83 seconds (19.95 work units)
Optimal objective 1.34615698e+09


Root crossover log...

   10339 DPushes remaining with DInf 0.0000000e+00                23s
       0 DPushes remaining with DInf 0.0000000e+00                23s

    1264 PPushes remaining with PInf 0.0000000e+00                23s
      54 PPushes remaining with PInf 2.0833333e-02                23s

  Push phase complete: Pinf 2.0833333e-02, Dinf 1.4980472e+10     23s


Root simplex log...

Iteration    Objective       Primal Inf.    Dual Inf.      Time
   11552    1.3462349e+09   2.391892e+02   0.000000e+00     23s
   12078    1.3461570e+09   0.000000e+00   0.000000e+00     25s
Concurrent spin time: 0.01s

Solved with barrier
   12078    1.3461570e+09   0.000000e+00   3.812277e+05     25s
   12105    1.3461570e+09   0.000000e+00   0.000000e+00     25s
Extra simplex iterations after uncrush: 27

Root relaxation: objective 1.346157e+09, 12105 iterations, 18.70 seconds (14.52 work units)

    Nodes    |    Current Node    |     Objective Bounds      |     Work
 Expl Unexpl |  Obj  Depth IntInf | Incumbent    BestBd   Gap | It/Node Time

     0     0 1.3462e+09    0  234          - 1.3462e+09      -     -   26s
H    0     0                    1.280030e+09 1.3462e+09  5.17%     -   33s
     0     0 1.3461e+09    0  258 1.2800e+09 1.3461e+09  5.16%     -   41s
H    0     0                    1.296802e+09 1.3461e+09  3.80%     -   48s
     0     0 1.3461e+09    0  241 1.2968e+09 1.3461e+09  3.80%     -   49s
     0     0 1.3461e+09    0  241 1.2968e+09 1.3461e+09  3.80%     -   49s
     0     0 1.3460e+09    0  254 1.2968e+09 1.3460e+09  3.79%     -   60s
H    0     0                    1.296869e+09 1.3460e+09  3.79%     -   65s
     0     0 1.3460e+09    0  258 1.2969e+09 1.3460e+09  3.79%     -   66s
     0     0 1.3460e+09    0  257 1.2969e+09 1.3460e+09  3.79%     -   71s
H    0     0                    1.304376e+09 1.3460e+09  3.19%     -   76s
     0     0 1.3460e+09    0  262 1.3044e+09 1.3460e+09  3.19%     -   77s
     0     0 1.3460e+09    0  265 1.3044e+09 1.3460e+09  3.19%     -   78s
     0     0 1.3460e+09    0  255 1.3044e+09 1.3460e+09  3.19%     -   79s
     0     0 1.3460e+09    0  259 1.3044e+09 1.3460e+09  3.19%     -   80s
     0     0 1.3460e+09    0  245 1.3044e+09 1.3460e+09  3.19%     -   90s
H    0     0                    1.306193e+09 1.3460e+09  3.04%     -   97s
     0     0 1.3460e+09    0  260 1.3062e+09 1.3460e+09  3.04%     -   99s
     0     0 1.3460e+09    0  259 1.3062e+09 1.3460e+09  3.04%     -   99s
     0     0 1.3460e+09    0  252 1.3062e+09 1.3460e+09  3.04%     -  103s
H    0     0                    1.307941e+09 1.3460e+09  2.91%     -  107s
     0     0 1.3460e+09    0  255 1.3079e+09 1.3460e+09  2.91%     -  108s
     0     0 1.3459e+09    0  243 1.3079e+09 1.3459e+09  2.91%     -  113s
     0     0 1.3459e+09    0  245 1.3079e+09 1.3459e+09  2.91%     -  118s
     0     0 1.3459e+09    0  285 1.3079e+09 1.3459e+09  2.91%     -  123s
     0     0 1.3459e+09    0  274 1.3079e+09 1.3459e+09  2.91%     -  126s
     0     0 1.3459e+09    0  283 1.3079e+09 1.3459e+09  2.90%     -  132s
     0     0 1.3459e+09    0  284 1.3079e+09 1.3459e+09  2.90%     -  136s
     0     0 1.3459e+09    0  284 1.3079e+09 1.3459e+09  2.90%     -  137s
     0     0 1.3459e+09    0  272 1.3079e+09 1.3459e+09  2.90%     -  143s
     0     0 1.3459e+09    0  301 1.3079e+09 1.3459e+09  2.90%     -  151s
     0     0 1.3459e+09    0  298 1.3079e+09 1.3459e+09  2.90%     -  165s
H    0     0                    1.312002e+09 1.3459e+09  2.58%     -  173s
     0     0 1.3459e+09    0  297 1.3120e+09 1.3459e+09  2.58%     -  175s
     0     0 1.3459e+09    0  304 1.3120e+09 1.3459e+09  2.58%     -  181s
     0     0 1.3459e+09    0  303 1.3120e+09 1.3459e+09  2.58%     -  186s
     0     0 1.3459e+09    0  286 1.3120e+09 1.3459e+09  2.58%     -  191s
     0     0 1.3459e+09    0  283 1.3120e+09 1.3459e+09  2.58%     -  197s
     0     0 1.3459e+09    0  306 1.3120e+09 1.3459e+09  2.58%     -  201s
H    0     0                    1.316168e+09 1.3459e+09  2.26%     -  205s
     0     0 1.3459e+09    0  287 1.3162e+09 1.3459e+09  2.26%     -  207s
     0     0 1.3459e+09    0  289 1.3162e+09 1.3459e+09  2.26%     -  208s
     0     0 1.3459e+09    0  324 1.3162e+09 1.3459e+09  2.26%     -  215s
H    0     0                    1.316327e+09 1.3459e+09  2.25%     -  223s
     0     0 1.3459e+09    0  329 1.3163e+09 1.3459e+09  2.25%     -  225s
     0     0 1.3459e+09    0  316 1.3163e+09 1.3459e+09  2.25%     -  230s
     0     0 1.3459e+09    0  322 1.3163e+09 1.3459e+09  2.25%     -  236s
     0     0 1.3459e+09    0  337 1.3163e+09 1.3459e+09  2.24%     -  243s
     0     0 1.3459e+09    0  326 1.3163e+09 1.3459e+09  2.24%     -  246s
     0     0 1.3459e+09    0  327 1.3163e+09 1.3459e+09  2.24%     -  246s
     0     0 1.3459e+09    0  299 1.3163e+09 1.3459e+09  2.24%     -  252s
     0     0 1.3459e+09    0  307 1.3163e+09 1.3459e+09  2.24%     -  257s
     0     0 1.3459e+09    0  333 1.3163e+09 1.3459e+09  2.24%     -  270s
     0     0 1.3459e+09    0  329 1.3163e+09 1.3459e+09  2.24%     -  274s
     0     0 1.3459e+09    0  329 1.3163e+09 1.3459e+09  2.24%     -  277s
     0     0 1.3459e+09    0  331 1.3163e+09 1.3459e+09  2.24%     -  277s
     0     0 1.3459e+09    0  334 1.3163e+09 1.3459e+09  2.24%     -  287s
     0     0 1.3459e+09    0  325 1.3163e+09 1.3459e+09  2.24%     -  292s
     0     0 1.3459e+09    0  325 1.3163e+09 1.3459e+09  2.24%     -  292s
     0     0 1.3459e+09    0  339 1.3163e+09 1.3459e+09  2.24%     -  298s
H    0     0                    1.320405e+09 1.3459e+09  1.93%     -  304s
     0     0 1.3459e+09    0  337 1.3204e+09 1.3459e+09  1.93%     -  305s
     0     0 1.3459e+09    0  295 1.3204e+09 1.3459e+09  1.93%     -  310s
H    0     0                    1.320940e+09 1.3459e+09  1.89%     -  315s
     0     0 1.3459e+09    0  307 1.3209e+09 1.3459e+09  1.89%     -  316s
     0     0 1.3458e+09    0  318 1.3209e+09 1.3458e+09  1.89%     -  325s
     0     0 1.3458e+09    0  327 1.3209e+09 1.3458e+09  1.89%     -  327s
     0     0 1.3458e+09    0  338 1.3209e+09 1.3458e+09  1.89%     -  332s
     0     0 1.3458e+09    0  351 1.3209e+09 1.3458e+09  1.89%     -  339s
     0     0 1.3458e+09    0  329 1.3209e+09 1.3458e+09  1.89%     -  344s
     0     0 1.3458e+09    0  323 1.3209e+09 1.3458e+09  1.89%     -  355s
     0     2 1.3458e+09    0  310 1.3209e+09 1.3458e+09  1.89%     -  444s
     1     4 1.3458e+09    1  322 1.3209e+09 1.3458e+09  1.89%  7076  455s
     3     8 1.3458e+09    2  319 1.3209e+09 1.3458e+09  1.89%  3170  471s
     7    16 1.3458e+09    3  289 1.3209e+09 1.3458e+09  1.89%  2289  494s
    15    32 1.3458e+09    4  301 1.3209e+09 1.3458e+09  1.88%  1834  514s
    27    32 1.3441e+09    4  311 1.3209e+09 1.3458e+09  1.88%  1906  515s
    31    52 1.3458e+09    5  327 1.3209e+09 1.3458e+09  1.88%  1951  536s
H   32    52                    1.321019e+09 1.3458e+09  1.88%  1890  537s
H   34    52                    1.321547e+09 1.3458e+09  1.84%  1816  538s
H   34    52                    1.322480e+09 1.3458e+09  1.77%  1816  538s
    51    72 1.3458e+09    6  330 1.3225e+09 1.3458e+09  1.76%  1513  553s
    71    92 1.3458e+09    7  319 1.3225e+09 1.3458e+09  1.76%  1243  567s
H   91   112                    1.322756e+09 1.3458e+09  1.74%  1058  675s
H   94   112                    1.323734e+09 1.3458e+09  1.67%  1051  676s
   111   133 1.3458e+09    8  351 1.3237e+09 1.3458e+09  1.67%   953  689s
   132   157 1.3458e+09    9  349 1.3237e+09 1.3458e+09  1.67%   904  704s
   156   182 1.3458e+09   11  353 1.3237e+09 1.3458e+09  1.67%   849  716s
   181   209 1.3458e+09   12  310 1.3237e+09 1.3458e+09  1.67%   781  728s
   208   232 1.3458e+09   13  347 1.3237e+09 1.3458e+09  1.67%   737  745s
H  215   232                    1.323735e+09 1.3458e+09  1.67%   736  746s
   231   256 1.3458e+09   14  373 1.3237e+09 1.3458e+09  1.67%   708  761s
   255   313 1.3458e+09   15  360 1.3237e+09 1.3458e+09  1.67%   687  787s
H  274   313                    1.323861e+09 1.3458e+09  1.66%   666  788s
   312   373 1.3458e+09   17  338 1.3239e+09 1.3458e+09  1.66%   642  811s
   373   423 1.3458e+09   19  360 1.3239e+09 1.3458e+09  1.66%   594  854s
H  380   423                    1.324138e+09 1.3458e+09  1.64%   593  854s
   431   537 1.3441e+09   20  332 1.3241e+09 1.3458e+09  1.64%   566  901s
   545   690 1.3458e+09   23  315 1.3241e+09 1.3458e+09  1.64%   545  959s
   698   925 1.3458e+09   28  319 1.3241e+09 1.3458e+09  1.64%   520 1024s
   943  1181 1.3458e+09   34  328 1.3241e+09 1.3458e+09  1.64%   467 1114s
H 1114  1181                    1.324258e+09 1.3458e+09  1.63%   442 1115s
H 1218  1540                    1.328656e+09 1.3458e+09  1.29%   422 1197s
  1596  1981 1.3458e+09   48  320 1.3287e+09 1.3458e+09  1.29%   374 1294s
H 2042  2521                    1.329727e+09 1.3458e+09  1.21%   352 1449s
H 2626  3116                    1.329892e+09 1.3458e+09  1.20%   347 1561s
H 2639  3015                    1.334478e+09 1.3458e+09  0.85%   349 1562s

Cutting planes:
  Cover: 65
  Implied bound: 152
  Clique: 6
  MIR: 117
  Flow cover: 84
  GUB cover: 1
  RLT: 147
  Relax-and-lift: 285

Explored 3302 nodes (1124051 simplex iterations) in 1562.32 seconds (1750.52 work units)
Thread count was 20 (of 40 available processors)

Solution count 10: 1.33448e+09 1.33448e+09 1.32989e+09 ... 1.32373e+09

Optimal solution found (tolerance 1.00e-02)
Best objective 1.334477575349e+09, best bound 1.345819710941e+09, gap 0.8499%
Gurobi Optimizer version 10.0.1 build v10.0.1rc0 (linux64)

CPU model: Intel(R) Xeon(R) Gold 5115 CPU @ 2.40GHz, instruction set [SSE2|AVX|AVX2|AVX512]
Thread count: 20 physical cores, 40 logical processors, using up to 20 threads

Optimize a model with 53382 rows, 665697 columns and 3230944 nonzeros
Model fingerprint: 0x84945cec
Variable types: 134017 continuous, 531680 integer (531680 binary)
Coefficient statistics:
  Matrix range     [1e+00, 2e+05]
  Objective range  [4e+01, 3e+07]
  Bounds range     [1e+00, 3e+05]
  RHS range        [1e+00, 3e+06]
Presolve removed 43826 rows and 434298 columns (presolve time = 5s) ...
Presolve removed 43839 rows and 434288 columns
Presolve time: 6.34s
Presolved: 9543 rows, 231409 columns, 953113 nonzeros
Variable types: 97492 continuous, 133917 integer (133912 binary)
Deterministic concurrent LP optimizer: primal simplex, dual simplex, and barrier
Showing barrier log only...

Root barrier log...

Ordering time: 0.28s

Barrier statistics:
 AA' NZ     : 5.481e+05
 Factor NZ  : 3.785e+06 (roughly 130 MB of memory)
 Factor Ops : 4.864e+09 (less than 1 second per iteration)
 Threads    : 17

                  Objective                Residual
Iter       Primal          Dual         Primal    Dual     Compl     Time
   0  -7.80455044e+15  1.07146416e+13  4.25e+08 3.05e+06  5.02e+11     9s
   1  -2.13336195e+15  1.17563118e+13  1.16e+08 2.11e+06  1.40e+11     9s
   2  -2.88460565e+14  9.81388461e+12  1.58e+07 1.53e+05  1.92e+10     9s
   3  -4.60457264e+12  5.80695922e+12  2.52e+05 1.30e-08  3.21e+08     9s
   4  -7.91423328e+11  1.17461361e+12  4.33e+04 1.32e-08  5.57e+07    10s
   5  -2.60786440e+11  8.70283156e+11  1.43e+04 7.32e-07  1.92e+07    10s
   6  -1.04783538e+11  6.68928197e+11  5.80e+03 7.08e-07  8.18e+06    10s
   7  -6.50759090e+10  6.21717689e+11  3.63e+03 6.21e-07  5.50e+06    10s
   8  -5.00809083e+10  3.93395404e+11  2.81e+03 2.61e-07  3.77e+06    10s
   9  -9.76323233e+09  2.17039188e+11  6.16e+02 8.24e-08  1.04e+06    10s
  10  -5.80403315e+09  1.24270133e+11  4.01e+02 9.12e-08  6.00e+05    10s
  11  -1.16285377e+08  5.57536429e+10  9.21e+01 2.33e-08  1.85e+05    10s
  12   4.11442245e+08  3.14501496e+10  6.39e+01 1.77e-08  1.09e+05    10s
  13   8.11695351e+08  2.22765160e+10  4.25e+01 2.51e-08  7.41e+04    11s
  14   1.15386117e+09  1.32832041e+10  2.44e+01 4.75e-08  4.21e+04    11s
  15   1.37590727e+09  9.25560113e+09  1.27e+01 3.91e-08  2.52e+04    11s
  16   1.51727417e+09  5.88644130e+09  5.51e+00 3.06e-08  1.31e+04    11s
  17   1.53029549e+09  4.68988378e+09  4.94e+00 3.35e-08  1.01e+04    11s
  18   1.56007938e+09  3.80335585e+09  3.78e+00 4.24e-08  7.46e+03    11s
  19   1.58282863e+09  3.54143216e+09  3.13e+00 4.61e-08  6.38e+03    11s
  20   1.60269842e+09  3.26069759e+09  2.66e+00 4.19e-08  5.33e+03    11s
  21   1.63968853e+09  2.98125714e+09  1.75e+00 3.91e-08  3.99e+03    12s
  22   1.64125694e+09  2.68806089e+09  1.55e+00 3.26e-08  3.16e+03    12s
  23   1.68033674e+09  2.40543517e+09  8.78e-01 2.67e-08  2.00e+03    12s
  24   1.70506682e+09  2.23587854e+09  5.00e-01 2.42e-08  1.36e+03    12s
  25   1.71522091e+09  2.03937212e+09  3.84e-01 1.54e-08  8.23e+02    12s
  26   1.71957515e+09  1.95607882e+09  3.43e-01 1.16e-08  5.98e+02    12s
  27   1.72703484e+09  1.89353128e+09  2.75e-01 8.00e-09  4.15e+02    12s
  28   1.74253447e+09  1.85851631e+09  1.46e-01 7.68e-09  2.74e+02    12s
  29   1.74544718e+09  1.84103246e+09  1.31e-01 7.51e-09  2.24e+02    13s
  30   1.75272390e+09  1.81909148e+09  9.40e-02 5.65e-09  1.53e+02    13s
  31   1.76017626e+09  1.80192190e+09  6.33e-02 4.60e-09  9.42e+01    13s
  32   1.76328634e+09  1.79772996e+09  5.21e-02 3.26e-09  7.73e+01    13s
  33   1.76309676e+09  1.79613833e+09  5.01e-02 3.26e-09  7.38e+01    13s
  34   1.76468452e+09  1.79514573e+09  4.49e-02 3.73e-09  6.79e+01    13s
  35   1.76574748e+09  1.79431158e+09  4.13e-02 3.73e-09  6.35e+01    14s
  36   1.76624307e+09  1.79261426e+09  3.99e-02 3.26e-09  5.86e+01    14s
  37   1.76985897e+09  1.79179367e+09  2.85e-02 4.19e-09  4.85e+01    14s
  38   1.77157650e+09  1.78960027e+09  2.48e-02 4.19e-09  3.98e+01    14s
  39   1.77452265e+09  1.78848315e+09  1.78e-02 3.26e-09  3.07e+01    14s
  40   1.77485083e+09  1.78758846e+09  1.71e-02 3.26e-09  2.80e+01    14s
  41   1.77701494e+09  1.78689180e+09  1.21e-02 2.79e-09  2.16e+01    14s
  42   1.77768524e+09  1.78576198e+09  1.02e-02 2.79e-09  1.77e+01    15s
  43   1.77862315e+09  1.78536559e+09  8.26e-03 2.79e-09  1.47e+01    15s
  44   1.77916251e+09  1.78516255e+09  7.12e-03 3.73e-09  1.31e+01    15s
  45   1.77966539e+09  1.78468893e+09  6.19e-03 3.26e-09  1.09e+01    15s
  46   1.78002763e+09  1.78462698e+09  5.51e-03 3.26e-09  1.00e+01    15s
  47   1.78038812e+09  1.78432028e+09  4.85e-03 3.26e-09  8.56e+00    15s
  48   1.78078927e+09  1.78422394e+09  4.08e-03 3.73e-09  7.47e+00    15s
  49   1.78088554e+09  1.78408668e+09  3.90e-03 3.73e-09  6.97e+00    16s
  50   1.78139187e+09  1.78374953e+09  2.97e-03 3.73e-09  5.13e+00    16s
  51   1.78184883e+09  1.78362285e+09  2.19e-03 3.26e-09  3.86e+00    16s
  52   1.78231722e+09  1.78347491e+09  1.41e-03 1.89e-09  2.52e+00    16s
  53   1.78266560e+09  1.78336201e+09  8.62e-04 2.79e-09  1.51e+00    16s
  54   1.78282976e+09  1.78331744e+09  6.05e-04 2.79e-09  1.06e+00    16s
  55   1.78300164e+09  1.78329237e+09  3.39e-04 2.79e-09  6.31e-01    16s
  56   1.78310137e+09  1.78325825e+09  1.88e-04 2.33e-09  3.41e-01    17s
  57   1.78314707e+09  1.78324644e+09  1.20e-04 2.33e-09  2.16e-01    17s
  58   1.78319131e+09  1.78323571e+09  5.59e-05 2.21e-09  9.65e-02    17s
  59   1.78321555e+09  1.78323185e+09  2.16e-05 2.79e-09  3.54e-02    17s
  60   1.78322965e+09  1.78323115e+09  1.67e-06 3.26e-09  3.25e-03    17s
  61   1.78323091e+09  1.78323095e+09  9.22e-08 3.26e-09  8.27e-05    17s
  62   1.78323095e+09  1.78323095e+09  3.87e-09 4.19e-09  3.71e-06    17s
  63   1.78323095e+09  1.78323095e+09  3.95e-09 3.26e-09  4.71e-10    17s

Barrier solved model in 63 iterations and 17.37 seconds (16.94 work units)
Optimal objective 1.78323095e+09


Root crossover log...

    7216 DPushes remaining with DInf 0.0000000e+00                17s
       0 DPushes remaining with DInf 0.0000000e+00                18s

     570 PPushes remaining with PInf 0.0000000e+00                18s
      12 PPushes remaining with PInf 0.0000000e+00                18s

  Push phase complete: Pinf 0.0000000e+00, Dinf 1.0507612e+02     18s


Root simplex log...

Iteration    Objective       Primal Inf.    Dual Inf.      Time
    7290    1.7832309e+09   7.284793e+02   0.000000e+00     18s
    7321    1.7832309e+09   0.000000e+00   0.000000e+00     18s
Concurrent spin time: 0.03s

Solved with barrier
    7327    1.7832309e+09   0.000000e+00   0.000000e+00     18s
Extra simplex iterations after uncrush: 6

Root relaxation: objective 1.783231e+09, 7327 iterations, 10.35 seconds (6.94 work units)

    Nodes    |    Current Node    |     Objective Bounds      |     Work
 Expl Unexpl |  Obj  Depth IntInf | Incumbent    BestBd   Gap | It/Node Time

     0     0 1.7832e+09    0  202          - 1.7832e+09      -     -   19s
     0     0 1.7832e+09    0  200          - 1.7832e+09      -     -   20s
     0     0 1.7832e+09    0  223          - 1.7832e+09      -     -   38s
     0     0 1.7809e+09    0  212          - 1.7809e+09      -     -   45s
     0     0 1.7807e+09    0  216          - 1.7807e+09      -     -   49s
     0     0 1.7807e+09    0  229          - 1.7807e+09      -     -   49s
     0     0 1.7805e+09    0  226          - 1.7805e+09      -     -   55s
     0     0 1.7805e+09    0  236          - 1.7805e+09      -     -   58s
     0     0 1.7805e+09    0  237          - 1.7805e+09      -     -   59s
     0     0 1.7805e+09    0  237          - 1.7805e+09      -     -   60s
     0     0 1.7801e+09    0  226          - 1.7801e+09      -     -   63s
     0     0 1.7800e+09    0  242          - 1.7800e+09      -     -   67s
     0     0 1.7800e+09    0  250          - 1.7800e+09      -     -   68s
     0     0 1.7800e+09    0  252          - 1.7800e+09      -     -   69s
     0     0 1.7799e+09    0  257          - 1.7799e+09      -     -   73s
     0     0 1.7798e+09    0  266          - 1.7798e+09      -     -   82s
     0     0 1.7798e+09    0  266          - 1.7798e+09      -     -   83s
     0     0 1.7797e+09    0  232          - 1.7797e+09      -     -   86s
     0     0 1.7797e+09    0  251          - 1.7797e+09      -     -   88s
     0     0 1.7797e+09    0  261          - 1.7797e+09      -     -   88s
     0     0 1.7796e+09    0  256          - 1.7796e+09      -     -   92s
     0     0 1.7795e+09    0  246          - 1.7795e+09      -     -   97s
     0     0 1.7795e+09    0  265          - 1.7795e+09      -     -   98s
     0     0 1.7795e+09    0  239          - 1.7795e+09      -     -  101s
     0     0 1.7795e+09    0  259          - 1.7795e+09      -     -  110s
     0     0 1.7795e+09    0  248          - 1.7795e+09      -     -  112s
     0     0 1.7795e+09    0  235          - 1.7795e+09      -     -  114s
H    0     0                    1.714366e+09 1.7795e+09  3.80%     -  121s
H    0     0                    1.732096e+09 1.7795e+09  2.73%     -  123s
     0     0 1.7795e+09    0  236 1.7321e+09 1.7795e+09  2.73%     -  123s
     0     0 1.7794e+09    0  245 1.7321e+09 1.7794e+09  2.73%     -  125s
     0     0 1.7794e+09    0  257 1.7321e+09 1.7794e+09  2.73%     -  127s
     0     0 1.7794e+09    0  227 1.7321e+09 1.7794e+09  2.73%     -  129s
     0     0 1.7794e+09    0  231 1.7321e+09 1.7794e+09  2.73%     -  133s
     0     0 1.7794e+09    0  237 1.7321e+09 1.7794e+09  2.73%     -  134s
     0     0 1.7794e+09    0  244 1.7321e+09 1.7794e+09  2.73%     -  137s
H    0     0                    1.733008e+09 1.7794e+09  2.68%     -  140s
     0     0 1.7794e+09    0  247 1.7330e+09 1.7794e+09  2.68%     -  141s
     0     0 1.7794e+09    0  253 1.7330e+09 1.7794e+09  2.68%     -  142s
     0     0 1.7794e+09    0  258 1.7330e+09 1.7794e+09  2.68%     -  143s
H    0     0                    1.752318e+09 1.7794e+09  1.55%     -  152s
     0     0 1.7794e+09    0  245 1.7523e+09 1.7794e+09  1.55%     -  153s
     0     0 1.7794e+09    0  254 1.7523e+09 1.7794e+09  1.55%     -  154s
     0     0 1.7794e+09    0  240 1.7523e+09 1.7794e+09  1.55%     -  157s
H    0     0                    1.755656e+09 1.7794e+09  1.35%     -  180s
H    0     0                    1.756236e+09 1.7794e+09  1.32%     -  182s
     0     2 1.7794e+09    0  240 1.7562e+09 1.7794e+09  1.32%     -  185s
     1     4 1.7794e+09    1  240 1.7562e+09 1.7794e+09  1.32%  3283  191s
     3     6 1.7794e+09    2  230 1.7562e+09 1.7794e+09  1.32%  2024  198s
     7    11 1.7794e+09    3  245 1.7562e+09 1.7794e+09  1.32%  1437  207s
    13    22 1.7794e+09    4  248 1.7562e+09 1.7794e+09  1.32%  1310  218s
    24    27 1.7794e+09    5  254 1.7562e+09 1.7794e+09  1.32%  1250  227s
H   44    34                    1.756617e+09 1.7794e+09  1.29%  1073  255s
H   45    34                    1.756855e+09 1.7790e+09  1.26%  1111  255s
H   46    34                    1.756954e+09 1.7790e+09  1.26%  1103  255s
H   51    34                    1.757325e+09 1.7790e+09  1.23%  1142  256s
H   54    34                    1.757599e+09 1.7790e+09  1.22%  1150  256s
H   57    34                    1.758374e+09 1.7790e+09  1.17%  1131  257s
    64    45 1.7742e+09    7  241 1.7584e+09 1.7790e+09  1.17%  1145  263s
    84    48 1.7739e+09    7  216 1.7584e+09 1.7773e+09  1.07%   979  269s
   104    66 1.7735e+09    8  228 1.7584e+09 1.7773e+09  1.07%   845  275s
   127    81 1.7735e+09    9  235 1.7584e+09 1.7773e+09  1.07%   736  281s
   147    92 1.7735e+09   10  258 1.7584e+09 1.7773e+09  1.07%   701  287s
   169   110 1.7735e+09   11  259 1.7584e+09 1.7773e+09  1.07%   644  294s
   191   127 1.7735e+09   12  221 1.7584e+09 1.7773e+09  1.07%   623  304s
   212   142 1.7735e+09   13  217 1.7584e+09 1.7773e+09  1.07%   615  311s
   238   153 1.7735e+09   14  224 1.7584e+09 1.7773e+09  1.07%   582  318s
   261   165 1.7735e+09   15  227 1.7584e+09 1.7773e+09  1.07%   552  327s
   289   178 1.7735e+09   16  228 1.7584e+09 1.7773e+09  1.07%   523  333s
   313   197 1.7735e+09   17  219 1.7584e+09 1.7773e+09  1.07%   504  340s
   343   214 1.7734e+09   18  220 1.7584e+09 1.7773e+09  1.07%   479  347s
   373   243 1.7734e+09   19  232 1.7584e+09 1.7773e+09  1.07%   464  355s
   415   256 1.7734e+09   20  218 1.7584e+09 1.7773e+09  1.07%   437  401s
   436   267 1.7734e+09   21  232 1.7584e+09 1.7773e+09  1.07%   434  510s
H  437   267                    1.758590e+09 1.7773e+09  1.06%   433  510s
H  442   267                    1.758884e+09 1.7773e+09  1.04%   431  511s
   458   305 1.7734e+09   22  254 1.7589e+09 1.7773e+09  1.04%   430  519s
   510   352 1.7734e+09   24  230 1.7589e+09 1.7773e+09  1.04%   410  529s
   565   396 1.7734e+09   27  230 1.7589e+09 1.7773e+09  1.04%   400  538s
   614   446 1.7734e+09   29  226 1.7589e+09 1.7773e+09  1.04%   391  549s
   677   495 1.7734e+09   30  228 1.7589e+09 1.7773e+09  1.04%   379  560s
   742   549 1.7734e+09   33  228 1.7589e+09 1.7773e+09  1.04%   369  568s
   805   605 1.7734e+09   36  224 1.7589e+09 1.7773e+09  1.04%   360  578s
   868   680 1.7734e+09   38  217 1.7589e+09 1.7773e+09  1.04%   353  592s
   951   741 1.7734e+09   40  233 1.7589e+09 1.7773e+09  1.04%   346  603s
  1027   811 1.7734e+09   41  234 1.7589e+09 1.7773e+09  1.04%   340  613s
  1108   891 1.7734e+09   42  229 1.7589e+09 1.7773e+09  1.04%   333  626s
  1212   968 1.7733e+09   45  218 1.7589e+09 1.7773e+09  1.04%   326  642s
  1297  1056 1.7733e+09   46  227 1.7589e+09 1.7773e+09  1.04%   327  655s
  1393  1165 1.7722e+09   46  218 1.7589e+09 1.7773e+09  1.04%   323  666s
  1512  1293 1.7733e+09   47  229 1.7589e+09 1.7773e+09  1.04%   312  680s
  1658  1409 1.7733e+09   50  240 1.7589e+09 1.7773e+09  1.04%   299  694s
  1782  1540 1.7733e+09   53  227 1.7589e+09 1.7773e+09  1.04%   294  707s
  1922  1679 1.7732e+09   56  215 1.7589e+09 1.7773e+09  1.04%   288  719s
  2070  1811 1.7732e+09   60  216 1.7589e+09 1.7773e+09  1.04%   281  731s
  2237  1979 1.7732e+09   63  218 1.7589e+09 1.7773e+09  1.04%   271  744s
  2430  2130 1.7732e+09   65  203 1.7589e+09 1.7773e+09  1.04%   261  758s
  2616  2299 1.7732e+09   66  206 1.7589e+09 1.7773e+09  1.04%   255  772s
  2821  2453 1.7732e+09   70  213 1.7589e+09 1.7773e+09  1.04%   248  788s
  3064  2612 1.7732e+09   71  213 1.7589e+09 1.7773e+09  1.04%   240  801s
  3305  2762 1.7732e+09   77  214 1.7589e+09 1.7773e+09  1.04%   232  816s
  3536  2972 1.7732e+09   81  203 1.7589e+09 1.7773e+09  1.04%   226  830s
  3827  3166 1.7732e+09   89  221 1.7589e+09 1.7773e+09  1.04%   217  845s
  4093  3413 1.7732e+09   94  206 1.7589e+09 1.7773e+09  1.04%   212  860s
  4382  3656 1.7720e+09   99  209 1.7589e+09 1.7773e+09  1.04%   207  878s
  4714  3914 1.7732e+09  100  211 1.7589e+09 1.7773e+09  1.04%   200  895s
  5051  4233 1.7732e+09  106  220 1.7589e+09 1.7773e+09  1.04%   195  911s
  5440  4508 1.7731e+09  112  195 1.7589e+09 1.7773e+09  1.04%   189  927s
  5785  4812 1.7731e+09  121  200 1.7589e+09 1.7773e+09  1.04%   185  947s
  6140  5146 1.7731e+09  132  183 1.7589e+09 1.7773e+09  1.04%   182  966s
  6499  5545 1.7731e+09  138  172 1.7589e+09 1.7773e+09  1.04%   179  985s
  6926  5996 1.7731e+09  145  188 1.7589e+09 1.7773e+09  1.04%   175 1007s
  7422  6412 1.7731e+09  155  147 1.7589e+09 1.7773e+09  1.04%   170 1027s
H 7848  6410                    1.758891e+09 1.7773e+09  1.04%   167 1043s
  7849  6411 1.7736e+09   16  200 1.7589e+09 1.7773e+09  1.04%   167 1179s

Explored 7850 nodes (1381868 simplex iterations) in 1204.51 seconds (1413.50 work units)
Thread count was 20 (of 40 available processors)

Solution count 10: 1.75889e+09 1.75888e+09 1.75859e+09 ... 1.75624e+09

Optimal solution found (tolerance 1.00e-02)
Best objective 1.758890971614e+09, best bound 1.776021320659e+09, gap 0.9739%
Gurobi Optimizer version 10.0.1 build v10.0.1rc0 (linux64)

CPU model: Intel(R) Xeon(R) Gold 5115 CPU @ 2.40GHz, instruction set [SSE2|AVX|AVX2|AVX512]
Thread count: 20 physical cores, 40 logical processors, using up to 20 threads

Optimize a model with 54274 rows, 670417 columns and 3530760 nonzeros
Model fingerprint: 0x76e94eb4
Variable types: 6161 continuous, 664256 integer (664256 binary)
Coefficient statistics:
  Matrix range     [1e+00, 2e+05]
  Objective range  [4e+01, 3e+07]
  Bounds range     [1e+00, 3e+05]
  RHS range        [1e+00, 4e+06]
Presolve removed 46639 rows and 540611 columns
Presolve time: 0.35s

Explored 0 nodes (0 simplex iterations) in 0.66 seconds (0.42 work units)
Thread count was 1 (of 40 available processors)

Solution count 0

Model is infeasible or unbounded
Best objective -, best bound -, gap -
IIS computation: initial model status unknown, solving to determine model status
Presolve removed 46639 rows and 540611 columns
Presolve time: 0.30s

Explored 0 nodes (0 simplex iterations) in 0.83 seconds (0.42 work units)
Thread count was 1 (of 40 available processors)

Solution count 0
No other solutions better than -1e+100

Model is infeasible
Best objective -, best bound -, gap -

IIS computed: 1 constraints, 186 bounds
IIS runtime: 0.90 seconds (0.42 work units)
