
Gurobi 10.0.1 (linux64) logging started Wed May 24 15:10:26 2023

Set parameter LogFile to value "logFiles/A-2L-B/A-2L-6U-30F-15V-180D/basic-05-24-2023, 15-10-H70-P50-O15.log"
Gurobi Optimizer version 10.0.1 build v10.0.1rc0 (linux64)

CPU model: Intel(R) Xeon(R) Gold 5115 CPU @ 2.40GHz, instruction set [SSE2|AVX|AVX2|AVX512]
Thread count: 20 physical cores, 40 logical processors, using up to 20 threads

Optimize a model with 38269 rows, 434805 columns and 2136344 nonzeros
Model fingerprint: 0x34ea6bd4
Variable types: 251930 continuous, 182875 integer (182875 binary)
Coefficient statistics:
  Matrix range     [1e+00, 2e+05]
  Objective range  [4e+01, 3e+07]
  Bounds range     [1e+00, 1e+00]
  RHS range        [1e+00, 3e+06]
Presolve removed 24319 rows and 118169 columns (presolve time = 5s) ...
Presolve removed 24319 rows and 118266 columns (presolve time = 10s) ...
Presolve removed 24292 rows and 118239 columns
Presolve time: 10.15s
Presolved: 13977 rows, 316566 columns, 1498063 nonzeros
Variable types: 146978 continuous, 169588 integer (169575 binary)
Deterministic concurrent LP optimizer: primal simplex, dual simplex, and barrier
Showing barrier log only...

Root barrier log...

Ordering time: 0.65s

Barrier statistics:
 AA' NZ     : 7.711e+05
 Factor NZ  : 5.512e+06 (roughly 180 MB of memory)
 Factor Ops : 7.773e+09 (less than 1 second per iteration)
 Threads    : 17

                  Objective                Residual
Iter       Primal          Dual         Primal    Dual     Compl     Time
   0  -1.81930315e+16  3.27143358e+13  1.07e+09 8.45e+06  2.10e+12    14s
   1  -4.84306162e+15  3.68373208e+13  2.85e+08 6.52e+06  5.65e+11    14s
   2  -1.62561044e+15  3.28996908e+13  9.56e+07 4.04e+05  1.94e+11    14s
   3  -2.47589049e+13  2.57501621e+13  1.46e+06 2.56e+03  3.01e+09    14s
   4  -2.59621760e+12  8.68072424e+12  1.53e+05 2.09e+02  3.27e+08    15s
   5  -1.29030564e+12  4.04004986e+12  7.60e+04 3.48e+00  1.61e+08    15s
   6  -3.61486043e+11  2.49607229e+12  2.13e+04 2.24e-08  4.76e+07    15s
   7  -1.36071281e+11  1.95325470e+12  8.09e+03 1.86e-08  1.91e+07    15s
   8  -1.04928731e+11  1.20504795e+12  6.26e+03 1.86e-08  1.31e+07    15s
   9  -5.41382956e+10  8.99337182e+11  3.28e+03 2.33e-08  6.96e+06    16s
  10  -4.23526954e+10  6.22892263e+11  2.59e+03 1.86e-08  5.05e+06    16s
  11  -2.40019146e+10  5.74266090e+11  1.52e+03 1.77e-08  3.25e+06    16s
  12  -1.06087937e+10  2.63584166e+11  7.31e+02 1.96e-08  1.41e+06    16s
  13  -3.68243028e+09  1.43440377e+11  3.27e+02 3.09e-08  6.38e+05    16s
  14  -2.70818344e+08  7.88636574e+10  1.30e+02 3.17e-08  2.78e+05    16s
  15   1.14412003e+09  4.66646108e+10  4.93e+01 3.03e-08  1.28e+05    16s
  16   1.41806745e+09  3.81474883e+10  3.38e+01 3.12e-08  9.65e+04    17s
  17   1.59476674e+09  2.23670569e+10  2.39e+01 6.94e-08  6.01e+04    17s
  18   1.72468700e+09  1.36385722e+10  1.69e+01 6.44e-08  3.84e+04    17s
  19   1.79507530e+09  1.28840133e+10  1.33e+01 6.89e-08  3.30e+04    17s
  20   1.85211341e+09  9.36110405e+09  1.06e+01 7.65e-08  2.42e+04    17s
  21   1.91697418e+09  7.46303258e+09  7.64e+00 1.69e-07  1.75e+04    17s
  22   1.95345841e+09  5.44679866e+09  6.31e+00 1.06e-07  1.24e+04    18s
  23   1.98797546e+09  4.92092923e+09  5.36e+00 1.13e-07  1.02e+04    18s
  24   2.03891929e+09  4.23513117e+09  4.17e+00 1.02e-07  7.51e+03    18s
  25   2.06582498e+09  3.80543243e+09  3.32e+00 6.95e-08  5.80e+03    18s
  26   2.14030559e+09  3.71314057e+09  1.34e+00 7.71e-08  3.69e+03    19s
  27   2.16554564e+09  2.99888065e+09  8.69e-01 7.16e-08  1.92e+03    19s
  28   2.19240753e+09  2.71918834e+09  5.60e-01 6.23e-08  1.15e+03    19s
  29   2.20844578e+09  2.65754493e+09  2.47e-01 5.91e-08  8.40e+02    19s
  30   2.21743829e+09  2.57452051e+09  1.92e-01 6.44e-08  6.53e+02    19s
  31   2.22422480e+09  2.52967671e+09  1.53e-01 6.72e-08  5.48e+02    19s
  32   2.23402150e+09  2.43868837e+09  1.15e-01 6.96e-08  3.63e+02    20s
  33   2.23758453e+09  2.43255224e+09  9.84e-02 6.76e-08  3.42e+02    20s
  34   2.24118668e+09  2.41900629e+09  8.20e-02 7.60e-08  3.08e+02    20s
  35   2.24283913e+09  2.40168593e+09  7.76e-02 9.69e-08  2.75e+02    20s
  36   2.24796096e+09  2.38039838e+09  6.22e-02 8.32e-08  2.27e+02    20s
  37   2.25080083e+09  2.34773133e+09  5.51e-02 8.14e-08  1.67e+02    21s
  38   2.25669464e+09  2.33498582e+09  4.11e-02 7.94e-08  1.34e+02    21s
  39   2.25917475e+09  2.31707204e+09  3.24e-02 7.01e-08  9.86e+01    21s
  40   2.25959223e+09  2.31410987e+09  3.13e-02 7.21e-08  9.29e+01    21s
  41   2.26171796e+09  2.30144048e+09  2.64e-02 6.51e-08  6.80e+01    21s
  42   2.26382821e+09  2.29984160e+09  2.24e-02 7.20e-08  6.13e+01    22s
  43   2.26565639e+09  2.29268973e+09  1.98e-02 7.11e-08  4.64e+01    22s
  44   2.26816000e+09  2.29035781e+09  1.57e-02 7.53e-08  3.79e+01    22s
  45   2.26959764e+09  2.28858771e+09  1.36e-02 8.46e-08  3.25e+01    22s
  46   2.27101807e+09  2.28610344e+09  1.15e-02 7.39e-08  2.59e+01    22s
  47   2.27151468e+09  2.28574734e+09  1.08e-02 6.86e-08  2.44e+01    23s
  48   2.27227923e+09  2.28450052e+09  9.73e-03 7.43e-08  2.10e+01    23s
  49   2.27428825e+09  2.28426641e+09  6.95e-03 7.04e-08  1.70e+01    23s
  50   2.27581917e+09  2.28355148e+09  5.14e-03 7.49e-08  1.31e+01    23s
  51   2.27678032e+09  2.28301630e+09  4.03e-03 7.21e-08  1.05e+01    23s
  52   2.27792056e+09  2.28253808e+09  2.81e-03 7.30e-08  7.77e+00    24s
  53   2.27844343e+09  2.28228775e+09  2.34e-03 6.20e-08  6.47e+00    24s
  54   2.27854698e+09  2.28206416e+09  2.25e-03 7.19e-08  5.94e+00    24s
  55   2.27944541e+09  2.28191781e+09  1.46e-03 6.96e-08  4.15e+00    24s
  56   2.27999190e+09  2.28167281e+09  1.01e-03 7.05e-08  2.83e+00    24s
  57   2.28052454e+09  2.28156321e+09  5.85e-04 6.51e-08  1.74e+00    25s
  58   2.28071562e+09  2.28141567e+09  4.34e-04 6.05e-08  1.18e+00    25s
  59   2.28096622e+09  2.28135232e+09  2.41e-04 6.13e-08  6.52e-01    25s
  60   2.28105648e+09  2.28132058e+09  1.72e-04 6.53e-08  4.48e-01    25s
  61   2.28118833e+09  2.28129958e+09  7.38e-05 6.97e-08  1.89e-01    25s
  62   2.28123969e+09  2.28129823e+09  3.58e-05 7.27e-08  9.89e-02    26s
  63   2.28127352e+09  2.28129460e+09  1.14e-05 6.01e-08  3.53e-02    26s
  64   2.28127765e+09  2.28129299e+09  8.44e-06 5.22e-08  2.58e-02    26s
  65   2.28128472e+09  2.28129061e+09  3.52e-06 1.10e-07  9.95e-03    26s
  66   2.28128564e+09  2.28129019e+09  2.88e-06 1.13e-07  7.71e-03    26s
  67   2.28128927e+09  2.28128996e+09  3.95e-07 8.91e-08  1.17e-03    26s
  68   2.28128990e+09  2.28128991e+09  4.67e-08 9.70e-08  1.90e-05    27s
  69   2.28128990e+09  2.28128991e+09  4.39e-08 1.15e-07  5.58e-06    27s
  70   2.28128990e+09  2.28128990e+09  3.26e-08 1.07e-07  2.14e-07    27s
  71   2.28128990e+09  2.28128990e+09  1.01e-08 1.19e-07  1.36e-10    27s

Barrier solved model in 71 iterations and 27.19 seconds (24.35 work units)
Optimal objective 2.28128990e+09


Root crossover log...

    9182 DPushes remaining with DInf 0.0000000e+00                27s
       0 DPushes remaining with DInf 0.0000000e+00                27s

    1027 PPushes remaining with PInf 0.0000000e+00                27s
       0 PPushes remaining with PInf 0.0000000e+00                27s

  Push phase complete: Pinf 0.0000000e+00, Dinf 3.0494788e+02     28s


Root simplex log...

Iteration    Objective       Primal Inf.    Dual Inf.      Time
   10054    2.2812899e+09   0.000000e+00   3.049479e+02     28s
   10058    2.2812899e+09   0.000000e+00   0.000000e+00     28s
Concurrent spin time: 0.01s

Solved with barrier
   10082    2.2812899e+09   0.000000e+00   0.000000e+00     28s
Extra simplex iterations after uncrush: 24

Root relaxation: objective 2.281290e+09, 10082 iterations, 16.26 seconds (11.67 work units)

    Nodes    |    Current Node    |     Objective Bounds      |     Work
 Expl Unexpl |  Obj  Depth IntInf | Incumbent    BestBd   Gap | It/Node Time

     0     0 2.2813e+09    0  184          - 2.2813e+09      -     -   29s
     0     0 2.2813e+09    0  167          - 2.2813e+09      -     -   41s
     0     0 2.2813e+09    0  165          - 2.2813e+09      -     -   47s
     0     0 2.2813e+09    0  165          - 2.2813e+09      -     -   47s
     0     0 2.2813e+09    0  169          - 2.2813e+09      -     -   55s
     0     0 2.2813e+09    0  171          - 2.2813e+09      -     -   58s
     0     0 2.2813e+09    0  184          - 2.2813e+09      -     -   65s
     0     0 2.2813e+09    0  185          - 2.2813e+09      -     -   68s
     0     0 2.2813e+09    0  169          - 2.2813e+09      -     -   75s
     0     0 2.2813e+09    0  183          - 2.2813e+09      -     -   78s
     0     0 2.2813e+09    0  182          - 2.2813e+09      -     -   85s
     0     0 2.2813e+09    0  174          - 2.2813e+09      -     -  117s
     0     2 2.2813e+09    0  163          - 2.2813e+09      -     -  157s
     1     4 2.2813e+09    1  155          - 2.2813e+09      -  6566  162s
     3     8 2.2813e+09    2  160          - 2.2813e+09      -  2338  172s
     7    16 2.2813e+09    3  161          - 2.2813e+09      -  1227  180s
    15    32 2.2813e+09    4  161          - 2.2813e+09      -   694  189s
    31    52 2.2813e+09    5  158          - 2.2813e+09      -   445  202s
    51    72 2.2813e+09    6  173          - 2.2813e+09      -   358  216s
    71    92 2.2813e+09    6  157          - 2.2813e+09      -   329  230s
    91   112 2.2813e+09    7  171          - 2.2813e+09      -   301  245s
   111   132 2.2813e+09    7  150          - 2.2813e+09      -   293  259s
   131   152 2.2813e+09    8  164          - 2.2813e+09      -   300  272s
   151   172 2.2813e+09    8  150          - 2.2813e+09      -   297  286s
   171   208 2.2813e+09    9  161          - 2.2813e+09      -   297  311s
H  176   208                    2.239405e+09 2.2813e+09  1.87%   292  312s
   207   255 2.2813e+09    9  149 2.2394e+09 2.2813e+09  1.87%   298  359s
H  210   255                    2.239806e+09 2.2813e+09  1.85%   298  359s
H  220   255                    2.240685e+09 2.2813e+09  1.81%   292  360s
H  222   255                    2.242132e+09 2.2813e+09  1.75%   291  361s
H  223   255                    2.243241e+09 2.2813e+09  1.70%   290  361s
H  229   255                    2.263053e+09 2.2813e+09  0.81%   288  362s

Cutting planes:
  Cover: 7
  Implied bound: 48
  Clique: 2
  MIR: 37
  StrongCG: 3
  Flow cover: 39
  GUB cover: 1
  Network: 12
  RLT: 7
  Relax-and-lift: 16

Explored 254 nodes (102078 simplex iterations) in 362.49 seconds (365.08 work units)
Thread count was 20 (of 40 available processors)

Solution count 6: 2.26305e+09 2.24324e+09 2.24213e+09 ... 2.2394e+09

Optimal solution found (tolerance 1.00e-02)
Best objective 2.263053409355e+09, best bound 2.281275236745e+09, gap 0.8052%
Gurobi Optimizer version 10.0.1 build v10.0.1rc0 (linux64)

CPU model: Intel(R) Xeon(R) Gold 5115 CPU @ 2.40GHz, instruction set [SSE2|AVX|AVX2|AVX512]
Thread count: 20 physical cores, 40 logical processors, using up to 20 threads

Optimize a model with 60485 rows, 677100 columns and 3491086 nonzeros
Model fingerprint: 0x7d5f543e
Variable types: 143022 continuous, 534078 integer (534078 binary)
Coefficient statistics:
  Matrix range     [1e+00, 2e+05]
  Objective range  [4e+01, 3e+07]
  Bounds range     [1e+00, 3e+05]
  RHS range        [1e+00, 3e+06]
Presolve removed 49631 rows and 478532 columns (presolve time = 5s) ...
Presolve removed 49719 rows and 478788 columns
Presolve time: 7.34s
Presolved: 10766 rows, 198312 columns, 887128 nonzeros
Variable types: 78574 continuous, 119738 integer (119728 binary)
Deterministic concurrent LP optimizer: primal simplex, dual simplex, and barrier
Showing barrier log only...

Root barrier log...

Ordering time: 0.74s

Barrier statistics:
 AA' NZ     : 4.813e+05
 Factor NZ  : 2.523e+06 (roughly 100 MB of memory)
 Factor Ops : 1.881e+09 (less than 1 second per iteration)
 Threads    : 17

                  Objective                Residual
Iter       Primal          Dual         Primal    Dual     Compl     Time
   0  -4.28247627e+15  8.33133309e+12  2.35e+08 3.05e+06  3.49e+11    10s
   1  -1.08024420e+15  8.19064831e+12  5.93e+07 1.95e+06  8.92e+10    10s
   2  -2.97810886e+14  5.68010637e+12  1.64e+07 1.49e-08  2.50e+10    10s
   3  -5.97353088e+12  4.04411850e+12  3.29e+05 1.13e-08  5.12e+08    10s
   4  -1.47324163e+12  1.38922502e+12  8.11e+04 1.12e-08  1.28e+08    11s
   5  -6.90999134e+11  8.26408186e+11  3.81e+04 9.43e-09  6.03e+07    11s
   6  -1.76412864e+11  6.63882828e+11  9.77e+03 7.92e-09  1.64e+07    11s
   7  -7.59832644e+10  4.85793494e+11  4.25e+03 1.31e-08  7.23e+06    11s
   8  -2.67369511e+10  3.77391712e+11  1.55e+03 6.52e-09  2.99e+06    11s
   9  -8.17689551e+09  3.21850999e+11  5.29e+02 7.57e-09  1.48e+06    11s
  10  -2.70884072e+09  2.03095197e+11  2.30e+02 6.80e-08  7.67e+05    11s
  11  -3.05713103e+08  1.23379360e+11  9.91e+01 1.19e-07  4.08e+05    11s
  12   5.01457929e+08  8.61823304e+10  5.59e+01 5.96e-08  2.68e+05    11s
  13   8.84755464e+08  4.39332543e+10  3.56e+01 2.98e-08  1.39e+05    11s
  14   1.21330214e+09  2.53268591e+10  1.84e+01 2.98e-08  7.65e+04    11s
  15   1.26041186e+09  2.09256563e+10  1.60e+01 2.98e-08  6.31e+04    12s
  16   1.35008861e+09  1.74265112e+10  1.13e+01 2.98e-08  5.02e+04    12s
  17   1.39403410e+09  1.39347260e+10  9.10e+00 2.42e-08  3.98e+04    12s
  18   1.41632384e+09  9.39708151e+09  8.02e+00 3.34e-08  2.79e+04    12s
  19   1.51585957e+09  6.64019628e+09  3.30e+00 4.10e-08  1.66e+04    12s
  20   1.54619479e+09  5.68720823e+09  2.26e+00 4.38e-08  1.30e+04    12s
  21   1.58489199e+09  4.22115603e+09  1.33e+00 5.40e-08  8.01e+03    12s
  22   1.62335429e+09  3.35989694e+09  9.29e-01 4.66e-08  5.17e+03    12s
  23   1.65147178e+09  2.90157523e+09  5.11e-01 4.00e-08  3.53e+03    12s
  24   1.66411248e+09  2.44427592e+09  4.15e-01 4.38e-08  2.19e+03    12s
  25   1.67466024e+09  2.27641861e+09  3.29e-01 2.61e-08  1.66e+03    12s
  26   1.69333363e+09  2.12865825e+09  1.98e-01 2.33e-08  1.17e+03    13s
  27   1.72286861e+09  1.96642294e+09  4.90e-02 1.86e-08  6.26e+02    13s
  28   1.72722624e+09  1.90735578e+09  4.09e-02 1.49e-08  4.62e+02    13s
  29   1.73490636e+09  1.84540250e+09  2.86e-02 1.21e-08  2.82e+02    13s
  30   1.74027600e+09  1.82442541e+09  2.07e-02 1.12e-08  2.14e+02    13s
  31   1.74461838e+09  1.80954175e+09  1.60e-02 8.38e-09  1.65e+02    13s
  32   1.75134584e+09  1.79704712e+09  9.60e-03 5.59e-09  1.16e+02    13s
  33   1.75376726e+09  1.79209439e+09  7.95e-03 5.59e-09  9.72e+01    13s
  34   1.75708466e+09  1.78645328e+09  6.03e-03 3.73e-09  7.44e+01    13s
  35   1.75879953e+09  1.78334243e+09  5.16e-03 2.79e-09  6.22e+01    14s
  36   1.75928920e+09  1.78030841e+09  4.65e-03 2.79e-09  5.32e+01    14s
  37   1.76152809e+09  1.77724247e+09  3.37e-03 2.79e-09  3.98e+01    14s
  38   1.76262855e+09  1.77501083e+09  2.82e-03 3.73e-09  3.13e+01    14s
  39   1.76447989e+09  1.77404160e+09  1.96e-03 3.73e-09  2.42e+01    14s
  40   1.76499013e+09  1.77292773e+09  1.73e-03 2.79e-09  2.01e+01    14s
  41   1.76650048e+09  1.77213433e+09  1.07e-03 3.73e-09  1.42e+01    14s
  42   1.76694200e+09  1.77166345e+09  8.97e-04 3.73e-09  1.19e+01    14s
  43   1.76716337e+09  1.77150093e+09  8.16e-04 2.79e-09  1.10e+01    14s
  44   1.76761516e+09  1.77095728e+09  6.59e-04 3.73e-09  8.45e+00    14s
  45   1.76819454e+09  1.77073496e+09  4.80e-04 2.79e-09  6.42e+00    15s
  46   1.76837982e+09  1.77048704e+09  4.21e-04 3.73e-09  5.33e+00    15s
  47   1.76873097e+09  1.77036190e+09  3.12e-04 2.79e-09  4.12e+00    15s
  48   1.76883335e+09  1.77030709e+09  2.79e-04 3.73e-09  3.73e+00    15s
  49   1.76903610e+09  1.77014854e+09  2.12e-04 2.79e-09  2.81e+00    15s
  50   1.76921378e+09  1.77013099e+09  1.58e-04 2.79e-09  2.32e+00    15s
  51   1.76932099e+09  1.76992961e+09  1.25e-04 2.79e-09  1.54e+00    15s
  52   1.76950204e+09  1.76986686e+09  6.97e-05 3.73e-09  9.22e-01    15s
  53   1.76964539e+09  1.76980532e+09  2.68e-05 3.73e-09  4.04e-01    16s
  54   1.76970674e+09  1.76977670e+09  9.47e-06 2.79e-09  1.77e-01    16s
  55   1.76973375e+09  1.76974831e+09  2.05e-06 4.66e-09  3.68e-02    16s
  56   1.76974143e+09  1.76974329e+09  1.19e-07 3.73e-09  4.71e-03    16s
  57   1.76974176e+09  1.76974277e+09  3.31e-08 3.73e-09  2.55e-03    16s
  58   1.76974187e+09  1.76974200e+09  9.50e-09 6.52e-09  3.21e-04    16s
  59   1.76974192e+09  1.76974195e+09  3.86e-10 3.73e-09  8.03e-05    16s
  60   1.76974193e+09  1.76974193e+09  3.38e-07 2.79e-09  1.55e-06    16s
  61   1.76974193e+09  1.76974193e+09  1.12e-06 6.52e-09  1.88e-07    16s
  62   1.76974193e+09  1.76974193e+09  2.34e-08 3.73e-09  1.88e-11    17s

Barrier solved model in 62 iterations and 16.52 seconds (16.91 work units)
Optimal objective 1.76974193e+09


Root crossover log...

    6184 DPushes remaining with DInf 0.0000000e+00                17s
       0 DPushes remaining with DInf 0.0000000e+00                17s

     488 PPushes remaining with PInf 0.0000000e+00                17s
       0 PPushes remaining with PInf 0.0000000e+00                17s

  Push phase complete: Pinf 0.0000000e+00, Dinf 3.2630112e-08     17s


Root simplex log...

Iteration    Objective       Primal Inf.    Dual Inf.      Time
    5513    1.7697419e+09   0.000000e+00   0.000000e+00     17s
Concurrent spin time: 0.01s

Solved with barrier
    5554    1.7697419e+09   0.000000e+00   0.000000e+00     17s
Extra simplex iterations after uncrush: 41

Root relaxation: objective 1.769742e+09, 5554 iterations, 8.35 seconds (5.99 work units)

    Nodes    |    Current Node    |     Objective Bounds      |     Work
 Expl Unexpl |  Obj  Depth IntInf | Incumbent    BestBd   Gap | It/Node Time

     0     0 1.7697e+09    0  246          - 1.7697e+09      -     -   17s
     0     0 1.7683e+09    0  260          - 1.7683e+09      -     -   31s
     0     0 1.7682e+09    0  265          - 1.7682e+09      -     -   35s
     0     0 1.7682e+09    0  271          - 1.7682e+09      -     -   37s
     0     0 1.7680e+09    0  243          - 1.7680e+09      -     -   39s
     0     0 1.7680e+09    0  247          - 1.7680e+09      -     -   39s
     0     0 1.7674e+09    0  248          - 1.7674e+09      -     -   40s
     0     0 1.7673e+09    0  263          - 1.7673e+09      -     -   45s
     0     0 1.7672e+09    0  285          - 1.7672e+09      -     -   49s
     0     0 1.7672e+09    0  285          - 1.7672e+09      -     -   51s
     0     0 1.7672e+09    0  291          - 1.7672e+09      -     -   51s
     0     0 1.7671e+09    0  269          - 1.7671e+09      -     -   58s
     0     0 1.7671e+09    0  275          - 1.7671e+09      -     -   60s
     0     0 1.7671e+09    0  283          - 1.7671e+09      -     -   61s
     0     0 1.7668e+09    0  246          - 1.7668e+09      -     -   66s
     0     0 1.7668e+09    0  272          - 1.7668e+09      -     -   69s
     0     0 1.7668e+09    0  278          - 1.7668e+09      -     -   70s
     0     0 1.7668e+09    0  278          - 1.7668e+09      -     -   70s
     0     0 1.7663e+09    0  276          - 1.7663e+09      -     -   74s
     0     0 1.7663e+09    0  286          - 1.7663e+09      -     -   76s
     0     0 1.7663e+09    0  285          - 1.7663e+09      -     -   77s
     0     0 1.7661e+09    0  292          - 1.7661e+09      -     -   81s
     0     0 1.7661e+09    0  277          - 1.7661e+09      -     -   83s
     0     0 1.7661e+09    0  283          - 1.7661e+09      -     -   83s
     0     0 1.7661e+09    0  266          - 1.7661e+09      -     -   87s
     0     0 1.7661e+09    0  273          - 1.7661e+09      -     -   90s
     0     0 1.7661e+09    0  272          - 1.7661e+09      -     -   90s
     0     0 1.7661e+09    0  295          - 1.7661e+09      -     -   93s
     0     0 1.7661e+09    0  295          - 1.7661e+09      -     -   95s
     0     0 1.7660e+09    0  255          - 1.7660e+09      -     -   98s
     0     0 1.7660e+09    0  264          - 1.7660e+09      -     -   99s
     0     0 1.7660e+09    0  272          - 1.7660e+09      -     -  103s
     0     0 1.7660e+09    0  275          - 1.7660e+09      -     -  104s
     0     0 1.7660e+09    0  255          - 1.7660e+09      -     -  110s
     0     0 1.7660e+09    0  268          - 1.7660e+09      -     -  112s
     0     0 1.7660e+09    0  267          - 1.7660e+09      -     -  116s
     0     0 1.7660e+09    0  279          - 1.7660e+09      -     -  118s
     0     0 1.7660e+09    0  272          - 1.7660e+09      -     -  120s
     0     0 1.7660e+09    0  270          - 1.7660e+09      -     -  123s
H    0     0                    1.050337e+09 1.7660e+09  68.1%     -  123s
     0     0 1.7660e+09    0  265 1.0503e+09 1.7660e+09  68.1%     -  124s
H    0     0                    1.721996e+09 1.7660e+09  2.55%     -  159s
     0     2 1.7660e+09    0  261 1.7220e+09 1.7660e+09  2.55%     -  161s
     3     8 1.7659e+09    2  277 1.7220e+09 1.7660e+09  2.55%  1142  166s
     7    16 1.7659e+09    3  297 1.7220e+09 1.7659e+09  2.55%   813  170s
    15    32 1.7659e+09    4  274 1.7220e+09 1.7659e+09  2.55%   781  182s
H   31    52                    1.722085e+09 1.7659e+09  2.55%  1117  215s
H   32    52                    1.731781e+09 1.7659e+09  1.97%  1093  215s
H   34    52                    1.739876e+09 1.7659e+09  1.50%  1057  216s
H   37    52                    1.739931e+09 1.7659e+09  1.49%   998  216s
H   39    52                    1.744778e+09 1.7659e+09  1.21%   968  217s
H   42    52                    1.744979e+09 1.7659e+09  1.20%   974  217s
H   49    52                    1.745009e+09 1.7659e+09  1.20%   899  217s
    51    72 1.7659e+09    6  289 1.7450e+09 1.7659e+09  1.20%   902  225s
    71    92 1.7659e+09    7  289 1.7450e+09 1.7659e+09  1.20%   807  231s
H   91   112                    1.747428e+09 1.7659e+09  1.06%   714  335s
H  106   112                    1.747747e+09 1.7659e+09  1.04%   685  336s
H  110   112                    1.750730e+09 1.7659e+09  0.87%   681  336s

Cutting planes:
  Cover: 81
  Implied bound: 73
  Clique: 1
  MIR: 114
  Flow cover: 96
  GUB cover: 2
  Network: 10
  RLT: 27
  Relax-and-lift: 50

Explored 111 nodes (105117 simplex iterations) in 336.87 seconds (348.65 work units)
Thread count was 20 (of 40 available processors)

Solution count 10: 1.75073e+09 1.74775e+09 1.74743e+09 ... 1.72208e+09

Optimal solution found (tolerance 1.00e-02)
Best objective 1.750730411761e+09, best bound 1.765927986204e+09, gap 0.8681%
Gurobi Optimizer version 10.0.1 build v10.0.1rc0 (linux64)

CPU model: Intel(R) Xeon(R) Gold 5115 CPU @ 2.40GHz, instruction set [SSE2|AVX|AVX2|AVX512]
Thread count: 20 physical cores, 40 logical processors, using up to 20 threads

Optimize a model with 60345 rows, 681856 columns and 3374766 nonzeros
Model fingerprint: 0x01b77732
Variable types: 14389 continuous, 667467 integer (667467 binary)
Coefficient statistics:
  Matrix range     [1e+00, 2e+05]
  Objective range  [4e+01, 3e+07]
  Bounds range     [2e-10, 3e+05]
  RHS range        [1e+00, 3e+06]
Presolve removed 57953 rows and 675517 columns
Presolve time: 1.86s
Presolved: 2392 rows, 6339 columns, 24052 nonzeros
Variable types: 916 continuous, 5423 integer (5423 binary)

Root relaxation: objective 1.812274e+09, 3241 iterations, 0.07 seconds (0.06 work units)

    Nodes    |    Current Node    |     Objective Bounds      |     Work
 Expl Unexpl |  Obj  Depth IntInf | Incumbent    BestBd   Gap | It/Node Time

     0     0 1.8123e+09    0   46          - 1.8123e+09      -     -    2s
H    0     0                    1.802267e+09 1.8123e+09  0.56%     -    2s

Explored 1 nodes (3298 simplex iterations) in 2.63 seconds (1.92 work units)
Thread count was 20 (of 40 available processors)

Solution count 1: 1.80227e+09 

Optimal solution found (tolerance 1.00e-02)
Best objective 1.802267116820e+09, best bound 1.812273920586e+09, gap 0.5552%
